[2023-12-14T13:26:45.281+0000] {processor.py:157} INFO - Started process (PID=43) to work on /home/airflow/.local/lib/python3.8/site-packages/airflow/example_dags/example_local_kubernetes_executor.py
[2023-12-14T13:26:45.307+0000] {processor.py:829} INFO - Processing file /home/airflow/.local/lib/python3.8/site-packages/airflow/example_dags/example_local_kubernetes_executor.py for tasks to queue
[2023-12-14T13:26:45.320+0000] {logging_mixin.py:151} INFO - [2023-12-14T13:26:45.316+0000] {dagbag.py:539} INFO - Filling up the DagBag from /home/airflow/.local/lib/python3.8/site-packages/airflow/example_dags/example_local_kubernetes_executor.py
[2023-12-14T13:26:50.238+0000] {processor.py:839} INFO - DAG(s) dict_keys(['example_local_kubernetes_executor']) retrieved from /home/airflow/.local/lib/python3.8/site-packages/airflow/example_dags/example_local_kubernetes_executor.py
[2023-12-14T13:26:50.753+0000] {logging_mixin.py:151} INFO - [2023-12-14T13:26:50.753+0000] {manager.py:499} INFO - Created Permission View: %s
[2023-12-14T13:26:50.796+0000] {logging_mixin.py:151} INFO - [2023-12-14T13:26:50.794+0000] {manager.py:499} INFO - Created Permission View: %s
[2023-12-14T13:26:50.833+0000] {logging_mixin.py:151} INFO - [2023-12-14T13:26:50.832+0000] {manager.py:499} INFO - Created Permission View: %s
[2023-12-14T13:26:50.835+0000] {logging_mixin.py:151} INFO - [2023-12-14T13:26:50.834+0000] {security.py:708} INFO - Not syncing DAG-level permissions for DAG 'DAG:example_local_kubernetes_executor' as access control is unset.
[2023-12-14T13:26:50.837+0000] {logging_mixin.py:151} INFO - [2023-12-14T13:26:50.836+0000] {dag.py:2915} INFO - Sync 1 DAGs
[2023-12-14T13:26:50.858+0000] {logging_mixin.py:151} INFO - [2023-12-14T13:26:50.858+0000] {dag.py:2937} INFO - Creating ORM DAG for example_local_kubernetes_executor
[2023-12-14T13:26:50.860+0000] {logging_mixin.py:151} INFO - [2023-12-14T13:26:50.860+0000] {dag.py:3696} INFO - Setting next_dagrun for example_local_kubernetes_executor to None, run_after=None
[2023-12-14T13:26:50.974+0000] {processor.py:179} INFO - Processing /home/airflow/.local/lib/python3.8/site-packages/airflow/example_dags/example_local_kubernetes_executor.py took 5.740 seconds
[2023-12-14T13:27:22.706+0000] {processor.py:157} INFO - Started process (PID=101) to work on /home/airflow/.local/lib/python3.8/site-packages/airflow/example_dags/example_local_kubernetes_executor.py
[2023-12-14T13:27:22.709+0000] {processor.py:829} INFO - Processing file /home/airflow/.local/lib/python3.8/site-packages/airflow/example_dags/example_local_kubernetes_executor.py for tasks to queue
[2023-12-14T13:27:22.716+0000] {logging_mixin.py:151} INFO - [2023-12-14T13:27:22.713+0000] {dagbag.py:539} INFO - Filling up the DagBag from /home/airflow/.local/lib/python3.8/site-packages/airflow/example_dags/example_local_kubernetes_executor.py
[2023-12-14T13:27:24.001+0000] {processor.py:839} INFO - DAG(s) dict_keys(['example_local_kubernetes_executor']) retrieved from /home/airflow/.local/lib/python3.8/site-packages/airflow/example_dags/example_local_kubernetes_executor.py
[2023-12-14T13:27:24.106+0000] {logging_mixin.py:151} INFO - [2023-12-14T13:27:24.101+0000] {dag.py:2915} INFO - Sync 1 DAGs
[2023-12-14T13:27:24.142+0000] {logging_mixin.py:151} INFO - [2023-12-14T13:27:24.141+0000] {dag.py:3696} INFO - Setting next_dagrun for example_local_kubernetes_executor to None, run_after=None
[2023-12-14T13:27:24.210+0000] {processor.py:179} INFO - Processing /home/airflow/.local/lib/python3.8/site-packages/airflow/example_dags/example_local_kubernetes_executor.py took 1.512 seconds
[2023-12-14T13:27:54.874+0000] {processor.py:157} INFO - Started process (PID=159) to work on /home/airflow/.local/lib/python3.8/site-packages/airflow/example_dags/example_local_kubernetes_executor.py
[2023-12-14T13:27:54.886+0000] {processor.py:829} INFO - Processing file /home/airflow/.local/lib/python3.8/site-packages/airflow/example_dags/example_local_kubernetes_executor.py for tasks to queue
[2023-12-14T13:27:54.888+0000] {logging_mixin.py:151} INFO - [2023-12-14T13:27:54.888+0000] {dagbag.py:539} INFO - Filling up the DagBag from /home/airflow/.local/lib/python3.8/site-packages/airflow/example_dags/example_local_kubernetes_executor.py
[2023-12-14T13:27:55.717+0000] {processor.py:839} INFO - DAG(s) dict_keys(['example_local_kubernetes_executor']) retrieved from /home/airflow/.local/lib/python3.8/site-packages/airflow/example_dags/example_local_kubernetes_executor.py
[2023-12-14T13:27:55.809+0000] {logging_mixin.py:151} INFO - [2023-12-14T13:27:55.805+0000] {dag.py:2915} INFO - Sync 1 DAGs
[2023-12-14T13:27:55.850+0000] {logging_mixin.py:151} INFO - [2023-12-14T13:27:55.849+0000] {dag.py:3696} INFO - Setting next_dagrun for example_local_kubernetes_executor to None, run_after=None
[2023-12-14T13:27:55.912+0000] {processor.py:179} INFO - Processing /home/airflow/.local/lib/python3.8/site-packages/airflow/example_dags/example_local_kubernetes_executor.py took 1.047 seconds
[2023-12-14T13:28:26.086+0000] {processor.py:157} INFO - Started process (PID=213) to work on /home/airflow/.local/lib/python3.8/site-packages/airflow/example_dags/example_local_kubernetes_executor.py
[2023-12-14T13:28:26.096+0000] {processor.py:829} INFO - Processing file /home/airflow/.local/lib/python3.8/site-packages/airflow/example_dags/example_local_kubernetes_executor.py for tasks to queue
[2023-12-14T13:28:26.099+0000] {logging_mixin.py:151} INFO - [2023-12-14T13:28:26.098+0000] {dagbag.py:539} INFO - Filling up the DagBag from /home/airflow/.local/lib/python3.8/site-packages/airflow/example_dags/example_local_kubernetes_executor.py
[2023-12-14T13:28:26.454+0000] {processor.py:839} INFO - DAG(s) dict_keys(['example_local_kubernetes_executor']) retrieved from /home/airflow/.local/lib/python3.8/site-packages/airflow/example_dags/example_local_kubernetes_executor.py
[2023-12-14T13:28:26.509+0000] {logging_mixin.py:151} INFO - [2023-12-14T13:28:26.508+0000] {dag.py:2915} INFO - Sync 1 DAGs
[2023-12-14T13:28:26.529+0000] {logging_mixin.py:151} INFO - [2023-12-14T13:28:26.529+0000] {dag.py:3696} INFO - Setting next_dagrun for example_local_kubernetes_executor to None, run_after=None
[2023-12-14T13:28:26.592+0000] {processor.py:179} INFO - Processing /home/airflow/.local/lib/python3.8/site-packages/airflow/example_dags/example_local_kubernetes_executor.py took 0.513 seconds
[2023-12-14T13:28:57.346+0000] {processor.py:157} INFO - Started process (PID=267) to work on /home/airflow/.local/lib/python3.8/site-packages/airflow/example_dags/example_local_kubernetes_executor.py
[2023-12-14T13:28:57.350+0000] {processor.py:829} INFO - Processing file /home/airflow/.local/lib/python3.8/site-packages/airflow/example_dags/example_local_kubernetes_executor.py for tasks to queue
[2023-12-14T13:28:57.352+0000] {logging_mixin.py:151} INFO - [2023-12-14T13:28:57.351+0000] {dagbag.py:539} INFO - Filling up the DagBag from /home/airflow/.local/lib/python3.8/site-packages/airflow/example_dags/example_local_kubernetes_executor.py
[2023-12-14T13:28:58.649+0000] {processor.py:839} INFO - DAG(s) dict_keys(['example_local_kubernetes_executor']) retrieved from /home/airflow/.local/lib/python3.8/site-packages/airflow/example_dags/example_local_kubernetes_executor.py
[2023-12-14T13:28:58.696+0000] {logging_mixin.py:151} INFO - [2023-12-14T13:28:58.693+0000] {dag.py:2915} INFO - Sync 1 DAGs
[2023-12-14T13:28:58.709+0000] {logging_mixin.py:151} INFO - [2023-12-14T13:28:58.709+0000] {dag.py:3696} INFO - Setting next_dagrun for example_local_kubernetes_executor to None, run_after=None
[2023-12-14T13:28:59.152+0000] {processor.py:179} INFO - Processing /home/airflow/.local/lib/python3.8/site-packages/airflow/example_dags/example_local_kubernetes_executor.py took 1.810 seconds
[2023-12-14T13:29:30.148+0000] {processor.py:157} INFO - Started process (PID=321) to work on /home/airflow/.local/lib/python3.8/site-packages/airflow/example_dags/example_local_kubernetes_executor.py
[2023-12-14T13:29:30.154+0000] {processor.py:829} INFO - Processing file /home/airflow/.local/lib/python3.8/site-packages/airflow/example_dags/example_local_kubernetes_executor.py for tasks to queue
[2023-12-14T13:29:33.327+0000] {logging_mixin.py:151} INFO - [2023-12-14T13:29:30.156+0000] {dagbag.py:539} INFO - Filling up the DagBag from /home/airflow/.local/lib/python3.8/site-packages/airflow/example_dags/example_local_kubernetes_executor.py
[2023-12-14T13:29:34.520+0000] {processor.py:839} INFO - DAG(s) dict_keys(['example_local_kubernetes_executor']) retrieved from /home/airflow/.local/lib/python3.8/site-packages/airflow/example_dags/example_local_kubernetes_executor.py
[2023-12-14T13:29:34.663+0000] {logging_mixin.py:151} INFO - [2023-12-14T13:29:34.661+0000] {dag.py:2915} INFO - Sync 1 DAGs
[2023-12-14T13:29:34.702+0000] {logging_mixin.py:151} INFO - [2023-12-14T13:29:34.701+0000] {dag.py:3696} INFO - Setting next_dagrun for example_local_kubernetes_executor to None, run_after=None
[2023-12-14T13:29:34.792+0000] {processor.py:179} INFO - Processing /home/airflow/.local/lib/python3.8/site-packages/airflow/example_dags/example_local_kubernetes_executor.py took 4.659 seconds
[2023-12-14T13:30:05.126+0000] {processor.py:157} INFO - Started process (PID=378) to work on /home/airflow/.local/lib/python3.8/site-packages/airflow/example_dags/example_local_kubernetes_executor.py
[2023-12-14T13:30:05.138+0000] {processor.py:829} INFO - Processing file /home/airflow/.local/lib/python3.8/site-packages/airflow/example_dags/example_local_kubernetes_executor.py for tasks to queue
[2023-12-14T13:30:05.142+0000] {logging_mixin.py:151} INFO - [2023-12-14T13:30:05.141+0000] {dagbag.py:539} INFO - Filling up the DagBag from /home/airflow/.local/lib/python3.8/site-packages/airflow/example_dags/example_local_kubernetes_executor.py
[2023-12-14T13:30:06.242+0000] {processor.py:839} INFO - DAG(s) dict_keys(['example_local_kubernetes_executor']) retrieved from /home/airflow/.local/lib/python3.8/site-packages/airflow/example_dags/example_local_kubernetes_executor.py
[2023-12-14T13:30:06.378+0000] {logging_mixin.py:151} INFO - [2023-12-14T13:30:06.376+0000] {dag.py:2915} INFO - Sync 1 DAGs
[2023-12-14T13:30:06.425+0000] {logging_mixin.py:151} INFO - [2023-12-14T13:30:06.425+0000] {dag.py:3696} INFO - Setting next_dagrun for example_local_kubernetes_executor to None, run_after=None
[2023-12-14T13:30:06.490+0000] {processor.py:179} INFO - Processing /home/airflow/.local/lib/python3.8/site-packages/airflow/example_dags/example_local_kubernetes_executor.py took 1.370 seconds
[2023-12-14T13:30:36.697+0000] {processor.py:157} INFO - Started process (PID=431) to work on /home/airflow/.local/lib/python3.8/site-packages/airflow/example_dags/example_local_kubernetes_executor.py
[2023-12-14T13:30:36.699+0000] {processor.py:829} INFO - Processing file /home/airflow/.local/lib/python3.8/site-packages/airflow/example_dags/example_local_kubernetes_executor.py for tasks to queue
[2023-12-14T13:30:36.701+0000] {logging_mixin.py:151} INFO - [2023-12-14T13:30:36.700+0000] {dagbag.py:539} INFO - Filling up the DagBag from /home/airflow/.local/lib/python3.8/site-packages/airflow/example_dags/example_local_kubernetes_executor.py
[2023-12-14T13:30:37.261+0000] {processor.py:839} INFO - DAG(s) dict_keys(['example_local_kubernetes_executor']) retrieved from /home/airflow/.local/lib/python3.8/site-packages/airflow/example_dags/example_local_kubernetes_executor.py
[2023-12-14T13:30:37.345+0000] {logging_mixin.py:151} INFO - [2023-12-14T13:30:37.339+0000] {dag.py:2915} INFO - Sync 1 DAGs
[2023-12-14T13:30:37.365+0000] {logging_mixin.py:151} INFO - [2023-12-14T13:30:37.364+0000] {dag.py:3696} INFO - Setting next_dagrun for example_local_kubernetes_executor to None, run_after=None
[2023-12-14T13:30:37.426+0000] {processor.py:179} INFO - Processing /home/airflow/.local/lib/python3.8/site-packages/airflow/example_dags/example_local_kubernetes_executor.py took 0.735 seconds
[2023-12-14T13:31:07.549+0000] {processor.py:157} INFO - Started process (PID=487) to work on /home/airflow/.local/lib/python3.8/site-packages/airflow/example_dags/example_local_kubernetes_executor.py
[2023-12-14T13:31:07.550+0000] {processor.py:829} INFO - Processing file /home/airflow/.local/lib/python3.8/site-packages/airflow/example_dags/example_local_kubernetes_executor.py for tasks to queue
[2023-12-14T13:31:07.552+0000] {logging_mixin.py:151} INFO - [2023-12-14T13:31:07.552+0000] {dagbag.py:539} INFO - Filling up the DagBag from /home/airflow/.local/lib/python3.8/site-packages/airflow/example_dags/example_local_kubernetes_executor.py
[2023-12-14T13:31:07.952+0000] {processor.py:839} INFO - DAG(s) dict_keys(['example_local_kubernetes_executor']) retrieved from /home/airflow/.local/lib/python3.8/site-packages/airflow/example_dags/example_local_kubernetes_executor.py
[2023-12-14T13:31:08.009+0000] {logging_mixin.py:151} INFO - [2023-12-14T13:31:08.008+0000] {dag.py:2915} INFO - Sync 1 DAGs
[2023-12-14T13:31:08.029+0000] {logging_mixin.py:151} INFO - [2023-12-14T13:31:08.029+0000] {dag.py:3696} INFO - Setting next_dagrun for example_local_kubernetes_executor to None, run_after=None
[2023-12-14T13:31:08.131+0000] {processor.py:179} INFO - Processing /home/airflow/.local/lib/python3.8/site-packages/airflow/example_dags/example_local_kubernetes_executor.py took 0.588 seconds
[2023-12-14T13:31:38.217+0000] {processor.py:157} INFO - Started process (PID=542) to work on /home/airflow/.local/lib/python3.8/site-packages/airflow/example_dags/example_local_kubernetes_executor.py
[2023-12-14T13:31:38.219+0000] {processor.py:829} INFO - Processing file /home/airflow/.local/lib/python3.8/site-packages/airflow/example_dags/example_local_kubernetes_executor.py for tasks to queue
[2023-12-14T13:31:38.222+0000] {logging_mixin.py:151} INFO - [2023-12-14T13:31:38.221+0000] {dagbag.py:539} INFO - Filling up the DagBag from /home/airflow/.local/lib/python3.8/site-packages/airflow/example_dags/example_local_kubernetes_executor.py
[2023-12-14T13:31:38.724+0000] {processor.py:839} INFO - DAG(s) dict_keys(['example_local_kubernetes_executor']) retrieved from /home/airflow/.local/lib/python3.8/site-packages/airflow/example_dags/example_local_kubernetes_executor.py
[2023-12-14T13:31:38.793+0000] {logging_mixin.py:151} INFO - [2023-12-14T13:31:38.791+0000] {dag.py:2915} INFO - Sync 1 DAGs
[2023-12-14T13:31:38.814+0000] {logging_mixin.py:151} INFO - [2023-12-14T13:31:38.814+0000] {dag.py:3696} INFO - Setting next_dagrun for example_local_kubernetes_executor to None, run_after=None
[2023-12-14T13:31:38.866+0000] {processor.py:179} INFO - Processing /home/airflow/.local/lib/python3.8/site-packages/airflow/example_dags/example_local_kubernetes_executor.py took 0.656 seconds
[2023-12-14T13:32:09.154+0000] {processor.py:157} INFO - Started process (PID=596) to work on /home/airflow/.local/lib/python3.8/site-packages/airflow/example_dags/example_local_kubernetes_executor.py
[2023-12-14T13:32:09.155+0000] {processor.py:829} INFO - Processing file /home/airflow/.local/lib/python3.8/site-packages/airflow/example_dags/example_local_kubernetes_executor.py for tasks to queue
[2023-12-14T13:32:09.156+0000] {logging_mixin.py:151} INFO - [2023-12-14T13:32:09.156+0000] {dagbag.py:539} INFO - Filling up the DagBag from /home/airflow/.local/lib/python3.8/site-packages/airflow/example_dags/example_local_kubernetes_executor.py
[2023-12-14T13:32:09.801+0000] {processor.py:839} INFO - DAG(s) dict_keys(['example_local_kubernetes_executor']) retrieved from /home/airflow/.local/lib/python3.8/site-packages/airflow/example_dags/example_local_kubernetes_executor.py
[2023-12-14T13:32:09.934+0000] {logging_mixin.py:151} INFO - [2023-12-14T13:32:09.932+0000] {dag.py:2915} INFO - Sync 1 DAGs
[2023-12-14T13:32:09.976+0000] {logging_mixin.py:151} INFO - [2023-12-14T13:32:09.975+0000] {dag.py:3696} INFO - Setting next_dagrun for example_local_kubernetes_executor to None, run_after=None
[2023-12-14T13:32:10.028+0000] {processor.py:179} INFO - Processing /home/airflow/.local/lib/python3.8/site-packages/airflow/example_dags/example_local_kubernetes_executor.py took 0.884 seconds
[2023-12-14T13:32:40.430+0000] {processor.py:157} INFO - Started process (PID=650) to work on /home/airflow/.local/lib/python3.8/site-packages/airflow/example_dags/example_local_kubernetes_executor.py
[2023-12-14T13:32:40.432+0000] {processor.py:829} INFO - Processing file /home/airflow/.local/lib/python3.8/site-packages/airflow/example_dags/example_local_kubernetes_executor.py for tasks to queue
[2023-12-14T13:32:40.435+0000] {logging_mixin.py:151} INFO - [2023-12-14T13:32:40.434+0000] {dagbag.py:539} INFO - Filling up the DagBag from /home/airflow/.local/lib/python3.8/site-packages/airflow/example_dags/example_local_kubernetes_executor.py
[2023-12-14T13:32:40.974+0000] {processor.py:839} INFO - DAG(s) dict_keys(['example_local_kubernetes_executor']) retrieved from /home/airflow/.local/lib/python3.8/site-packages/airflow/example_dags/example_local_kubernetes_executor.py
[2023-12-14T13:32:41.033+0000] {logging_mixin.py:151} INFO - [2023-12-14T13:32:41.032+0000] {dag.py:2915} INFO - Sync 1 DAGs
[2023-12-14T13:32:41.058+0000] {logging_mixin.py:151} INFO - [2023-12-14T13:32:41.057+0000] {dag.py:3696} INFO - Setting next_dagrun for example_local_kubernetes_executor to None, run_after=None
[2023-12-14T13:32:41.152+0000] {processor.py:179} INFO - Processing /home/airflow/.local/lib/python3.8/site-packages/airflow/example_dags/example_local_kubernetes_executor.py took 0.733 seconds
[2023-12-14T13:33:11.789+0000] {processor.py:157} INFO - Started process (PID=703) to work on /home/airflow/.local/lib/python3.8/site-packages/airflow/example_dags/example_local_kubernetes_executor.py
[2023-12-14T13:33:11.790+0000] {processor.py:829} INFO - Processing file /home/airflow/.local/lib/python3.8/site-packages/airflow/example_dags/example_local_kubernetes_executor.py for tasks to queue
[2023-12-14T13:33:11.791+0000] {logging_mixin.py:151} INFO - [2023-12-14T13:33:11.791+0000] {dagbag.py:539} INFO - Filling up the DagBag from /home/airflow/.local/lib/python3.8/site-packages/airflow/example_dags/example_local_kubernetes_executor.py
[2023-12-14T13:33:14.634+0000] {processor.py:839} INFO - DAG(s) dict_keys(['example_local_kubernetes_executor']) retrieved from /home/airflow/.local/lib/python3.8/site-packages/airflow/example_dags/example_local_kubernetes_executor.py
[2023-12-14T13:33:14.674+0000] {logging_mixin.py:151} INFO - [2023-12-14T13:33:14.673+0000] {dag.py:2915} INFO - Sync 1 DAGs
[2023-12-14T13:33:14.687+0000] {logging_mixin.py:151} INFO - [2023-12-14T13:33:14.687+0000] {dag.py:3696} INFO - Setting next_dagrun for example_local_kubernetes_executor to None, run_after=None
[2023-12-14T13:33:14.840+0000] {processor.py:179} INFO - Processing /home/airflow/.local/lib/python3.8/site-packages/airflow/example_dags/example_local_kubernetes_executor.py took 3.054 seconds
[2023-12-14T13:33:45.594+0000] {processor.py:157} INFO - Started process (PID=755) to work on /home/airflow/.local/lib/python3.8/site-packages/airflow/example_dags/example_local_kubernetes_executor.py
[2023-12-14T13:33:45.596+0000] {processor.py:829} INFO - Processing file /home/airflow/.local/lib/python3.8/site-packages/airflow/example_dags/example_local_kubernetes_executor.py for tasks to queue
[2023-12-14T13:33:45.600+0000] {logging_mixin.py:151} INFO - [2023-12-14T13:33:45.599+0000] {dagbag.py:539} INFO - Filling up the DagBag from /home/airflow/.local/lib/python3.8/site-packages/airflow/example_dags/example_local_kubernetes_executor.py
[2023-12-14T13:33:46.530+0000] {processor.py:839} INFO - DAG(s) dict_keys(['example_local_kubernetes_executor']) retrieved from /home/airflow/.local/lib/python3.8/site-packages/airflow/example_dags/example_local_kubernetes_executor.py
[2023-12-14T13:33:46.631+0000] {logging_mixin.py:151} INFO - [2023-12-14T13:33:46.627+0000] {dag.py:2915} INFO - Sync 1 DAGs
[2023-12-14T13:33:46.657+0000] {logging_mixin.py:151} INFO - [2023-12-14T13:33:46.656+0000] {dag.py:3696} INFO - Setting next_dagrun for example_local_kubernetes_executor to None, run_after=None
[2023-12-14T13:33:46.693+0000] {processor.py:179} INFO - Processing /home/airflow/.local/lib/python3.8/site-packages/airflow/example_dags/example_local_kubernetes_executor.py took 1.107 seconds
[2023-12-14T13:34:17.155+0000] {processor.py:157} INFO - Started process (PID=811) to work on /home/airflow/.local/lib/python3.8/site-packages/airflow/example_dags/example_local_kubernetes_executor.py
[2023-12-14T13:34:17.167+0000] {processor.py:829} INFO - Processing file /home/airflow/.local/lib/python3.8/site-packages/airflow/example_dags/example_local_kubernetes_executor.py for tasks to queue
[2023-12-14T13:34:17.169+0000] {logging_mixin.py:151} INFO - [2023-12-14T13:34:17.169+0000] {dagbag.py:539} INFO - Filling up the DagBag from /home/airflow/.local/lib/python3.8/site-packages/airflow/example_dags/example_local_kubernetes_executor.py
[2023-12-14T13:34:17.885+0000] {processor.py:839} INFO - DAG(s) dict_keys(['example_local_kubernetes_executor']) retrieved from /home/airflow/.local/lib/python3.8/site-packages/airflow/example_dags/example_local_kubernetes_executor.py
[2023-12-14T13:34:17.948+0000] {logging_mixin.py:151} INFO - [2023-12-14T13:34:17.947+0000] {dag.py:2915} INFO - Sync 1 DAGs
[2023-12-14T13:34:17.972+0000] {logging_mixin.py:151} INFO - [2023-12-14T13:34:17.971+0000] {dag.py:3696} INFO - Setting next_dagrun for example_local_kubernetes_executor to None, run_after=None
[2023-12-14T13:34:18.016+0000] {processor.py:179} INFO - Processing /home/airflow/.local/lib/python3.8/site-packages/airflow/example_dags/example_local_kubernetes_executor.py took 0.872 seconds
[2023-12-14T13:36:14.958+0000] {processor.py:157} INFO - Started process (PID=42) to work on /home/airflow/.local/lib/python3.8/site-packages/airflow/example_dags/example_local_kubernetes_executor.py
[2023-12-14T13:36:14.960+0000] {processor.py:829} INFO - Processing file /home/airflow/.local/lib/python3.8/site-packages/airflow/example_dags/example_local_kubernetes_executor.py for tasks to queue
[2023-12-14T13:36:14.961+0000] {logging_mixin.py:151} INFO - [2023-12-14T13:36:14.961+0000] {dagbag.py:539} INFO - Filling up the DagBag from /home/airflow/.local/lib/python3.8/site-packages/airflow/example_dags/example_local_kubernetes_executor.py
[2023-12-14T13:36:16.175+0000] {processor.py:839} INFO - DAG(s) dict_keys(['example_local_kubernetes_executor']) retrieved from /home/airflow/.local/lib/python3.8/site-packages/airflow/example_dags/example_local_kubernetes_executor.py
[2023-12-14T13:36:16.305+0000] {logging_mixin.py:151} INFO - [2023-12-14T13:36:16.303+0000] {dag.py:2915} INFO - Sync 1 DAGs
[2023-12-14T13:36:16.333+0000] {logging_mixin.py:151} INFO - [2023-12-14T13:36:16.333+0000] {dag.py:3696} INFO - Setting next_dagrun for example_local_kubernetes_executor to None, run_after=None
[2023-12-14T13:36:16.385+0000] {processor.py:179} INFO - Processing /home/airflow/.local/lib/python3.8/site-packages/airflow/example_dags/example_local_kubernetes_executor.py took 1.430 seconds
[2023-12-14T13:36:46.497+0000] {processor.py:157} INFO - Started process (PID=97) to work on /home/airflow/.local/lib/python3.8/site-packages/airflow/example_dags/example_local_kubernetes_executor.py
[2023-12-14T13:36:46.499+0000] {processor.py:829} INFO - Processing file /home/airflow/.local/lib/python3.8/site-packages/airflow/example_dags/example_local_kubernetes_executor.py for tasks to queue
[2023-12-14T13:36:46.501+0000] {logging_mixin.py:151} INFO - [2023-12-14T13:36:46.500+0000] {dagbag.py:539} INFO - Filling up the DagBag from /home/airflow/.local/lib/python3.8/site-packages/airflow/example_dags/example_local_kubernetes_executor.py
[2023-12-14T13:36:48.008+0000] {processor.py:839} INFO - DAG(s) dict_keys(['example_local_kubernetes_executor']) retrieved from /home/airflow/.local/lib/python3.8/site-packages/airflow/example_dags/example_local_kubernetes_executor.py
[2023-12-14T13:36:48.181+0000] {logging_mixin.py:151} INFO - [2023-12-14T13:36:48.177+0000] {dag.py:2915} INFO - Sync 1 DAGs
[2023-12-14T13:36:48.228+0000] {logging_mixin.py:151} INFO - [2023-12-14T13:36:48.228+0000] {dag.py:3696} INFO - Setting next_dagrun for example_local_kubernetes_executor to None, run_after=None
[2023-12-14T13:36:48.317+0000] {processor.py:179} INFO - Processing /home/airflow/.local/lib/python3.8/site-packages/airflow/example_dags/example_local_kubernetes_executor.py took 1.831 seconds
[2023-12-14T13:37:18.757+0000] {processor.py:157} INFO - Started process (PID=154) to work on /home/airflow/.local/lib/python3.8/site-packages/airflow/example_dags/example_local_kubernetes_executor.py
[2023-12-14T13:37:18.759+0000] {processor.py:829} INFO - Processing file /home/airflow/.local/lib/python3.8/site-packages/airflow/example_dags/example_local_kubernetes_executor.py for tasks to queue
[2023-12-14T13:37:18.760+0000] {logging_mixin.py:151} INFO - [2023-12-14T13:37:18.760+0000] {dagbag.py:539} INFO - Filling up the DagBag from /home/airflow/.local/lib/python3.8/site-packages/airflow/example_dags/example_local_kubernetes_executor.py
[2023-12-14T13:37:19.264+0000] {processor.py:839} INFO - DAG(s) dict_keys(['example_local_kubernetes_executor']) retrieved from /home/airflow/.local/lib/python3.8/site-packages/airflow/example_dags/example_local_kubernetes_executor.py
[2023-12-14T13:37:19.333+0000] {logging_mixin.py:151} INFO - [2023-12-14T13:37:19.331+0000] {dag.py:2915} INFO - Sync 1 DAGs
[2023-12-14T13:37:19.354+0000] {logging_mixin.py:151} INFO - [2023-12-14T13:37:19.353+0000] {dag.py:3696} INFO - Setting next_dagrun for example_local_kubernetes_executor to None, run_after=None
[2023-12-14T13:37:19.399+0000] {processor.py:179} INFO - Processing /home/airflow/.local/lib/python3.8/site-packages/airflow/example_dags/example_local_kubernetes_executor.py took 0.646 seconds
[2023-12-14T13:46:33.798+0000] {processor.py:157} INFO - Started process (PID=36) to work on /home/airflow/.local/lib/python3.8/site-packages/airflow/example_dags/example_local_kubernetes_executor.py
[2023-12-14T13:46:33.800+0000] {processor.py:829} INFO - Processing file /home/airflow/.local/lib/python3.8/site-packages/airflow/example_dags/example_local_kubernetes_executor.py for tasks to queue
[2023-12-14T13:46:33.804+0000] {logging_mixin.py:151} INFO - [2023-12-14T13:46:33.803+0000] {dagbag.py:539} INFO - Filling up the DagBag from /home/airflow/.local/lib/python3.8/site-packages/airflow/example_dags/example_local_kubernetes_executor.py
[2023-12-14T13:46:36.337+0000] {processor.py:839} INFO - DAG(s) dict_keys(['example_local_kubernetes_executor']) retrieved from /home/airflow/.local/lib/python3.8/site-packages/airflow/example_dags/example_local_kubernetes_executor.py
[2023-12-14T13:46:36.472+0000] {logging_mixin.py:151} INFO - [2023-12-14T13:46:36.472+0000] {dag.py:2915} INFO - Sync 1 DAGs
[2023-12-14T13:46:36.509+0000] {logging_mixin.py:151} INFO - [2023-12-14T13:46:36.509+0000] {dag.py:3696} INFO - Setting next_dagrun for example_local_kubernetes_executor to None, run_after=None
[2023-12-14T13:46:36.550+0000] {processor.py:179} INFO - Processing /home/airflow/.local/lib/python3.8/site-packages/airflow/example_dags/example_local_kubernetes_executor.py took 2.758 seconds
[2023-12-14T13:47:06.885+0000] {processor.py:157} INFO - Started process (PID=97) to work on /home/airflow/.local/lib/python3.8/site-packages/airflow/example_dags/example_local_kubernetes_executor.py
[2023-12-14T13:47:06.886+0000] {processor.py:829} INFO - Processing file /home/airflow/.local/lib/python3.8/site-packages/airflow/example_dags/example_local_kubernetes_executor.py for tasks to queue
[2023-12-14T13:47:06.889+0000] {logging_mixin.py:151} INFO - [2023-12-14T13:47:06.888+0000] {dagbag.py:539} INFO - Filling up the DagBag from /home/airflow/.local/lib/python3.8/site-packages/airflow/example_dags/example_local_kubernetes_executor.py
[2023-12-14T13:47:07.245+0000] {processor.py:839} INFO - DAG(s) dict_keys(['example_local_kubernetes_executor']) retrieved from /home/airflow/.local/lib/python3.8/site-packages/airflow/example_dags/example_local_kubernetes_executor.py
[2023-12-14T13:47:07.294+0000] {logging_mixin.py:151} INFO - [2023-12-14T13:47:07.293+0000] {dag.py:2915} INFO - Sync 1 DAGs
[2023-12-14T13:47:07.307+0000] {logging_mixin.py:151} INFO - [2023-12-14T13:47:07.307+0000] {dag.py:3696} INFO - Setting next_dagrun for example_local_kubernetes_executor to None, run_after=None
[2023-12-14T13:47:07.330+0000] {processor.py:179} INFO - Processing /home/airflow/.local/lib/python3.8/site-packages/airflow/example_dags/example_local_kubernetes_executor.py took 0.452 seconds
[2023-12-14T13:47:37.772+0000] {processor.py:157} INFO - Started process (PID=151) to work on /home/airflow/.local/lib/python3.8/site-packages/airflow/example_dags/example_local_kubernetes_executor.py
[2023-12-14T13:47:37.774+0000] {processor.py:829} INFO - Processing file /home/airflow/.local/lib/python3.8/site-packages/airflow/example_dags/example_local_kubernetes_executor.py for tasks to queue
[2023-12-14T13:47:37.775+0000] {logging_mixin.py:151} INFO - [2023-12-14T13:47:37.775+0000] {dagbag.py:539} INFO - Filling up the DagBag from /home/airflow/.local/lib/python3.8/site-packages/airflow/example_dags/example_local_kubernetes_executor.py
[2023-12-14T13:47:38.082+0000] {processor.py:839} INFO - DAG(s) dict_keys(['example_local_kubernetes_executor']) retrieved from /home/airflow/.local/lib/python3.8/site-packages/airflow/example_dags/example_local_kubernetes_executor.py
[2023-12-14T13:47:38.123+0000] {logging_mixin.py:151} INFO - [2023-12-14T13:47:38.122+0000] {dag.py:2915} INFO - Sync 1 DAGs
[2023-12-14T13:47:38.140+0000] {logging_mixin.py:151} INFO - [2023-12-14T13:47:38.140+0000] {dag.py:3696} INFO - Setting next_dagrun for example_local_kubernetes_executor to None, run_after=None
[2023-12-14T13:47:38.164+0000] {processor.py:179} INFO - Processing /home/airflow/.local/lib/python3.8/site-packages/airflow/example_dags/example_local_kubernetes_executor.py took 0.396 seconds
[2023-12-14T13:48:08.355+0000] {processor.py:157} INFO - Started process (PID=204) to work on /home/airflow/.local/lib/python3.8/site-packages/airflow/example_dags/example_local_kubernetes_executor.py
[2023-12-14T13:48:08.356+0000] {processor.py:829} INFO - Processing file /home/airflow/.local/lib/python3.8/site-packages/airflow/example_dags/example_local_kubernetes_executor.py for tasks to queue
[2023-12-14T13:48:08.358+0000] {logging_mixin.py:151} INFO - [2023-12-14T13:48:08.358+0000] {dagbag.py:539} INFO - Filling up the DagBag from /home/airflow/.local/lib/python3.8/site-packages/airflow/example_dags/example_local_kubernetes_executor.py
[2023-12-14T13:48:08.706+0000] {processor.py:839} INFO - DAG(s) dict_keys(['example_local_kubernetes_executor']) retrieved from /home/airflow/.local/lib/python3.8/site-packages/airflow/example_dags/example_local_kubernetes_executor.py
[2023-12-14T13:48:08.745+0000] {logging_mixin.py:151} INFO - [2023-12-14T13:48:08.744+0000] {dag.py:2915} INFO - Sync 1 DAGs
[2023-12-14T13:48:08.760+0000] {logging_mixin.py:151} INFO - [2023-12-14T13:48:08.760+0000] {dag.py:3696} INFO - Setting next_dagrun for example_local_kubernetes_executor to None, run_after=None
[2023-12-14T13:48:08.787+0000] {processor.py:179} INFO - Processing /home/airflow/.local/lib/python3.8/site-packages/airflow/example_dags/example_local_kubernetes_executor.py took 0.436 seconds
[2023-12-14T13:48:39.517+0000] {processor.py:157} INFO - Started process (PID=258) to work on /home/airflow/.local/lib/python3.8/site-packages/airflow/example_dags/example_local_kubernetes_executor.py
[2023-12-14T13:48:39.519+0000] {processor.py:829} INFO - Processing file /home/airflow/.local/lib/python3.8/site-packages/airflow/example_dags/example_local_kubernetes_executor.py for tasks to queue
[2023-12-14T13:48:39.520+0000] {logging_mixin.py:151} INFO - [2023-12-14T13:48:39.520+0000] {dagbag.py:539} INFO - Filling up the DagBag from /home/airflow/.local/lib/python3.8/site-packages/airflow/example_dags/example_local_kubernetes_executor.py
[2023-12-14T13:48:39.781+0000] {processor.py:839} INFO - DAG(s) dict_keys(['example_local_kubernetes_executor']) retrieved from /home/airflow/.local/lib/python3.8/site-packages/airflow/example_dags/example_local_kubernetes_executor.py
[2023-12-14T13:48:39.818+0000] {logging_mixin.py:151} INFO - [2023-12-14T13:48:39.818+0000] {dag.py:2915} INFO - Sync 1 DAGs
[2023-12-14T13:48:39.831+0000] {logging_mixin.py:151} INFO - [2023-12-14T13:48:39.831+0000] {dag.py:3696} INFO - Setting next_dagrun for example_local_kubernetes_executor to None, run_after=None
[2023-12-14T13:48:39.855+0000] {processor.py:179} INFO - Processing /home/airflow/.local/lib/python3.8/site-packages/airflow/example_dags/example_local_kubernetes_executor.py took 0.343 seconds
[2023-12-14T13:49:10.151+0000] {processor.py:157} INFO - Started process (PID=312) to work on /home/airflow/.local/lib/python3.8/site-packages/airflow/example_dags/example_local_kubernetes_executor.py
[2023-12-14T13:49:10.152+0000] {processor.py:829} INFO - Processing file /home/airflow/.local/lib/python3.8/site-packages/airflow/example_dags/example_local_kubernetes_executor.py for tasks to queue
[2023-12-14T13:49:10.154+0000] {logging_mixin.py:151} INFO - [2023-12-14T13:49:10.153+0000] {dagbag.py:539} INFO - Filling up the DagBag from /home/airflow/.local/lib/python3.8/site-packages/airflow/example_dags/example_local_kubernetes_executor.py
[2023-12-14T13:49:10.400+0000] {processor.py:839} INFO - DAG(s) dict_keys(['example_local_kubernetes_executor']) retrieved from /home/airflow/.local/lib/python3.8/site-packages/airflow/example_dags/example_local_kubernetes_executor.py
[2023-12-14T13:49:10.434+0000] {logging_mixin.py:151} INFO - [2023-12-14T13:49:10.433+0000] {dag.py:2915} INFO - Sync 1 DAGs
[2023-12-14T13:49:10.448+0000] {logging_mixin.py:151} INFO - [2023-12-14T13:49:10.448+0000] {dag.py:3696} INFO - Setting next_dagrun for example_local_kubernetes_executor to None, run_after=None
[2023-12-14T13:49:10.480+0000] {processor.py:179} INFO - Processing /home/airflow/.local/lib/python3.8/site-packages/airflow/example_dags/example_local_kubernetes_executor.py took 0.333 seconds
[2023-12-14T13:49:40.533+0000] {processor.py:157} INFO - Started process (PID=365) to work on /home/airflow/.local/lib/python3.8/site-packages/airflow/example_dags/example_local_kubernetes_executor.py
[2023-12-14T13:49:40.534+0000] {processor.py:829} INFO - Processing file /home/airflow/.local/lib/python3.8/site-packages/airflow/example_dags/example_local_kubernetes_executor.py for tasks to queue
[2023-12-14T13:49:40.536+0000] {logging_mixin.py:151} INFO - [2023-12-14T13:49:40.535+0000] {dagbag.py:539} INFO - Filling up the DagBag from /home/airflow/.local/lib/python3.8/site-packages/airflow/example_dags/example_local_kubernetes_executor.py
[2023-12-14T13:49:40.784+0000] {processor.py:839} INFO - DAG(s) dict_keys(['example_local_kubernetes_executor']) retrieved from /home/airflow/.local/lib/python3.8/site-packages/airflow/example_dags/example_local_kubernetes_executor.py
[2023-12-14T13:49:40.833+0000] {logging_mixin.py:151} INFO - [2023-12-14T13:49:40.832+0000] {dag.py:2915} INFO - Sync 1 DAGs
[2023-12-14T13:49:40.848+0000] {logging_mixin.py:151} INFO - [2023-12-14T13:49:40.848+0000] {dag.py:3696} INFO - Setting next_dagrun for example_local_kubernetes_executor to None, run_after=None
[2023-12-14T13:49:40.886+0000] {processor.py:179} INFO - Processing /home/airflow/.local/lib/python3.8/site-packages/airflow/example_dags/example_local_kubernetes_executor.py took 0.356 seconds
[2023-12-14T13:50:11.279+0000] {processor.py:157} INFO - Started process (PID=420) to work on /home/airflow/.local/lib/python3.8/site-packages/airflow/example_dags/example_local_kubernetes_executor.py
[2023-12-14T13:50:11.280+0000] {processor.py:829} INFO - Processing file /home/airflow/.local/lib/python3.8/site-packages/airflow/example_dags/example_local_kubernetes_executor.py for tasks to queue
[2023-12-14T13:50:11.281+0000] {logging_mixin.py:151} INFO - [2023-12-14T13:50:11.281+0000] {dagbag.py:539} INFO - Filling up the DagBag from /home/airflow/.local/lib/python3.8/site-packages/airflow/example_dags/example_local_kubernetes_executor.py
[2023-12-14T13:50:11.522+0000] {processor.py:839} INFO - DAG(s) dict_keys(['example_local_kubernetes_executor']) retrieved from /home/airflow/.local/lib/python3.8/site-packages/airflow/example_dags/example_local_kubernetes_executor.py
[2023-12-14T13:50:11.559+0000] {logging_mixin.py:151} INFO - [2023-12-14T13:50:11.557+0000] {dag.py:2915} INFO - Sync 1 DAGs
[2023-12-14T13:50:11.572+0000] {logging_mixin.py:151} INFO - [2023-12-14T13:50:11.571+0000] {dag.py:3696} INFO - Setting next_dagrun for example_local_kubernetes_executor to None, run_after=None
[2023-12-14T13:50:11.596+0000] {processor.py:179} INFO - Processing /home/airflow/.local/lib/python3.8/site-packages/airflow/example_dags/example_local_kubernetes_executor.py took 0.321 seconds
[2023-12-14T13:50:41.856+0000] {processor.py:157} INFO - Started process (PID=474) to work on /home/airflow/.local/lib/python3.8/site-packages/airflow/example_dags/example_local_kubernetes_executor.py
[2023-12-14T13:50:41.857+0000] {processor.py:829} INFO - Processing file /home/airflow/.local/lib/python3.8/site-packages/airflow/example_dags/example_local_kubernetes_executor.py for tasks to queue
[2023-12-14T13:50:41.859+0000] {logging_mixin.py:151} INFO - [2023-12-14T13:50:41.859+0000] {dagbag.py:539} INFO - Filling up the DagBag from /home/airflow/.local/lib/python3.8/site-packages/airflow/example_dags/example_local_kubernetes_executor.py
[2023-12-14T13:50:42.099+0000] {processor.py:839} INFO - DAG(s) dict_keys(['example_local_kubernetes_executor']) retrieved from /home/airflow/.local/lib/python3.8/site-packages/airflow/example_dags/example_local_kubernetes_executor.py
[2023-12-14T13:50:42.139+0000] {logging_mixin.py:151} INFO - [2023-12-14T13:50:42.138+0000] {dag.py:2915} INFO - Sync 1 DAGs
[2023-12-14T13:50:42.152+0000] {logging_mixin.py:151} INFO - [2023-12-14T13:50:42.152+0000] {dag.py:3696} INFO - Setting next_dagrun for example_local_kubernetes_executor to None, run_after=None
[2023-12-14T13:50:42.179+0000] {processor.py:179} INFO - Processing /home/airflow/.local/lib/python3.8/site-packages/airflow/example_dags/example_local_kubernetes_executor.py took 0.327 seconds
[2023-12-14T13:51:12.269+0000] {processor.py:157} INFO - Started process (PID=528) to work on /home/airflow/.local/lib/python3.8/site-packages/airflow/example_dags/example_local_kubernetes_executor.py
[2023-12-14T13:51:12.271+0000] {processor.py:829} INFO - Processing file /home/airflow/.local/lib/python3.8/site-packages/airflow/example_dags/example_local_kubernetes_executor.py for tasks to queue
[2023-12-14T13:51:12.272+0000] {logging_mixin.py:151} INFO - [2023-12-14T13:51:12.272+0000] {dagbag.py:539} INFO - Filling up the DagBag from /home/airflow/.local/lib/python3.8/site-packages/airflow/example_dags/example_local_kubernetes_executor.py
[2023-12-14T13:51:12.514+0000] {processor.py:839} INFO - DAG(s) dict_keys(['example_local_kubernetes_executor']) retrieved from /home/airflow/.local/lib/python3.8/site-packages/airflow/example_dags/example_local_kubernetes_executor.py
[2023-12-14T13:51:12.555+0000] {logging_mixin.py:151} INFO - [2023-12-14T13:51:12.554+0000] {dag.py:2915} INFO - Sync 1 DAGs
[2023-12-14T13:51:12.568+0000] {logging_mixin.py:151} INFO - [2023-12-14T13:51:12.568+0000] {dag.py:3696} INFO - Setting next_dagrun for example_local_kubernetes_executor to None, run_after=None
[2023-12-14T13:51:12.590+0000] {processor.py:179} INFO - Processing /home/airflow/.local/lib/python3.8/site-packages/airflow/example_dags/example_local_kubernetes_executor.py took 0.325 seconds
[2023-12-14T13:51:42.841+0000] {processor.py:157} INFO - Started process (PID=582) to work on /home/airflow/.local/lib/python3.8/site-packages/airflow/example_dags/example_local_kubernetes_executor.py
[2023-12-14T13:51:42.842+0000] {processor.py:829} INFO - Processing file /home/airflow/.local/lib/python3.8/site-packages/airflow/example_dags/example_local_kubernetes_executor.py for tasks to queue
[2023-12-14T13:51:42.843+0000] {logging_mixin.py:151} INFO - [2023-12-14T13:51:42.843+0000] {dagbag.py:539} INFO - Filling up the DagBag from /home/airflow/.local/lib/python3.8/site-packages/airflow/example_dags/example_local_kubernetes_executor.py
[2023-12-14T13:51:43.078+0000] {processor.py:839} INFO - DAG(s) dict_keys(['example_local_kubernetes_executor']) retrieved from /home/airflow/.local/lib/python3.8/site-packages/airflow/example_dags/example_local_kubernetes_executor.py
[2023-12-14T13:51:43.120+0000] {logging_mixin.py:151} INFO - [2023-12-14T13:51:43.119+0000] {dag.py:2915} INFO - Sync 1 DAGs
[2023-12-14T13:51:43.132+0000] {logging_mixin.py:151} INFO - [2023-12-14T13:51:43.131+0000] {dag.py:3696} INFO - Setting next_dagrun for example_local_kubernetes_executor to None, run_after=None
[2023-12-14T13:51:43.155+0000] {processor.py:179} INFO - Processing /home/airflow/.local/lib/python3.8/site-packages/airflow/example_dags/example_local_kubernetes_executor.py took 0.317 seconds
[2023-12-14T13:52:13.325+0000] {processor.py:157} INFO - Started process (PID=636) to work on /home/airflow/.local/lib/python3.8/site-packages/airflow/example_dags/example_local_kubernetes_executor.py
[2023-12-14T13:52:13.327+0000] {processor.py:829} INFO - Processing file /home/airflow/.local/lib/python3.8/site-packages/airflow/example_dags/example_local_kubernetes_executor.py for tasks to queue
[2023-12-14T13:52:13.328+0000] {logging_mixin.py:151} INFO - [2023-12-14T13:52:13.327+0000] {dagbag.py:539} INFO - Filling up the DagBag from /home/airflow/.local/lib/python3.8/site-packages/airflow/example_dags/example_local_kubernetes_executor.py
[2023-12-14T13:52:13.564+0000] {processor.py:839} INFO - DAG(s) dict_keys(['example_local_kubernetes_executor']) retrieved from /home/airflow/.local/lib/python3.8/site-packages/airflow/example_dags/example_local_kubernetes_executor.py
[2023-12-14T13:52:13.599+0000] {logging_mixin.py:151} INFO - [2023-12-14T13:52:13.599+0000] {dag.py:2915} INFO - Sync 1 DAGs
[2023-12-14T13:52:13.613+0000] {logging_mixin.py:151} INFO - [2023-12-14T13:52:13.612+0000] {dag.py:3696} INFO - Setting next_dagrun for example_local_kubernetes_executor to None, run_after=None
[2023-12-14T13:52:13.639+0000] {processor.py:179} INFO - Processing /home/airflow/.local/lib/python3.8/site-packages/airflow/example_dags/example_local_kubernetes_executor.py took 0.317 seconds
[2023-12-14T13:52:43.858+0000] {processor.py:157} INFO - Started process (PID=690) to work on /home/airflow/.local/lib/python3.8/site-packages/airflow/example_dags/example_local_kubernetes_executor.py
[2023-12-14T13:52:43.859+0000] {processor.py:829} INFO - Processing file /home/airflow/.local/lib/python3.8/site-packages/airflow/example_dags/example_local_kubernetes_executor.py for tasks to queue
[2023-12-14T13:52:43.860+0000] {logging_mixin.py:151} INFO - [2023-12-14T13:52:43.859+0000] {dagbag.py:539} INFO - Filling up the DagBag from /home/airflow/.local/lib/python3.8/site-packages/airflow/example_dags/example_local_kubernetes_executor.py
[2023-12-14T13:52:44.108+0000] {processor.py:839} INFO - DAG(s) dict_keys(['example_local_kubernetes_executor']) retrieved from /home/airflow/.local/lib/python3.8/site-packages/airflow/example_dags/example_local_kubernetes_executor.py
[2023-12-14T13:52:44.148+0000] {logging_mixin.py:151} INFO - [2023-12-14T13:52:44.147+0000] {dag.py:2915} INFO - Sync 1 DAGs
[2023-12-14T13:52:44.165+0000] {logging_mixin.py:151} INFO - [2023-12-14T13:52:44.164+0000] {dag.py:3696} INFO - Setting next_dagrun for example_local_kubernetes_executor to None, run_after=None
[2023-12-14T13:52:44.197+0000] {processor.py:179} INFO - Processing /home/airflow/.local/lib/python3.8/site-packages/airflow/example_dags/example_local_kubernetes_executor.py took 0.342 seconds
[2023-12-14T13:53:14.462+0000] {processor.py:157} INFO - Started process (PID=744) to work on /home/airflow/.local/lib/python3.8/site-packages/airflow/example_dags/example_local_kubernetes_executor.py
[2023-12-14T13:53:14.463+0000] {processor.py:829} INFO - Processing file /home/airflow/.local/lib/python3.8/site-packages/airflow/example_dags/example_local_kubernetes_executor.py for tasks to queue
[2023-12-14T13:53:14.464+0000] {logging_mixin.py:151} INFO - [2023-12-14T13:53:14.464+0000] {dagbag.py:539} INFO - Filling up the DagBag from /home/airflow/.local/lib/python3.8/site-packages/airflow/example_dags/example_local_kubernetes_executor.py
[2023-12-14T13:53:14.729+0000] {processor.py:839} INFO - DAG(s) dict_keys(['example_local_kubernetes_executor']) retrieved from /home/airflow/.local/lib/python3.8/site-packages/airflow/example_dags/example_local_kubernetes_executor.py
[2023-12-14T13:53:14.767+0000] {logging_mixin.py:151} INFO - [2023-12-14T13:53:14.764+0000] {dag.py:2915} INFO - Sync 1 DAGs
[2023-12-14T13:53:14.782+0000] {logging_mixin.py:151} INFO - [2023-12-14T13:53:14.782+0000] {dag.py:3696} INFO - Setting next_dagrun for example_local_kubernetes_executor to None, run_after=None
[2023-12-14T13:53:14.807+0000] {processor.py:179} INFO - Processing /home/airflow/.local/lib/python3.8/site-packages/airflow/example_dags/example_local_kubernetes_executor.py took 0.350 seconds
[2023-12-14T13:53:45.066+0000] {processor.py:157} INFO - Started process (PID=798) to work on /home/airflow/.local/lib/python3.8/site-packages/airflow/example_dags/example_local_kubernetes_executor.py
[2023-12-14T13:53:45.067+0000] {processor.py:829} INFO - Processing file /home/airflow/.local/lib/python3.8/site-packages/airflow/example_dags/example_local_kubernetes_executor.py for tasks to queue
[2023-12-14T13:53:45.069+0000] {logging_mixin.py:151} INFO - [2023-12-14T13:53:45.068+0000] {dagbag.py:539} INFO - Filling up the DagBag from /home/airflow/.local/lib/python3.8/site-packages/airflow/example_dags/example_local_kubernetes_executor.py
[2023-12-14T13:53:45.426+0000] {processor.py:839} INFO - DAG(s) dict_keys(['example_local_kubernetes_executor']) retrieved from /home/airflow/.local/lib/python3.8/site-packages/airflow/example_dags/example_local_kubernetes_executor.py
[2023-12-14T13:53:45.463+0000] {logging_mixin.py:151} INFO - [2023-12-14T13:53:45.462+0000] {dag.py:2915} INFO - Sync 1 DAGs
[2023-12-14T13:53:45.476+0000] {logging_mixin.py:151} INFO - [2023-12-14T13:53:45.475+0000] {dag.py:3696} INFO - Setting next_dagrun for example_local_kubernetes_executor to None, run_after=None
[2023-12-14T13:53:45.500+0000] {processor.py:179} INFO - Processing /home/airflow/.local/lib/python3.8/site-packages/airflow/example_dags/example_local_kubernetes_executor.py took 0.440 seconds
[2023-12-14T13:54:15.904+0000] {processor.py:157} INFO - Started process (PID=852) to work on /home/airflow/.local/lib/python3.8/site-packages/airflow/example_dags/example_local_kubernetes_executor.py
[2023-12-14T13:54:15.906+0000] {processor.py:829} INFO - Processing file /home/airflow/.local/lib/python3.8/site-packages/airflow/example_dags/example_local_kubernetes_executor.py for tasks to queue
[2023-12-14T13:54:15.908+0000] {logging_mixin.py:151} INFO - [2023-12-14T13:54:15.907+0000] {dagbag.py:539} INFO - Filling up the DagBag from /home/airflow/.local/lib/python3.8/site-packages/airflow/example_dags/example_local_kubernetes_executor.py
[2023-12-14T13:54:16.244+0000] {processor.py:839} INFO - DAG(s) dict_keys(['example_local_kubernetes_executor']) retrieved from /home/airflow/.local/lib/python3.8/site-packages/airflow/example_dags/example_local_kubernetes_executor.py
[2023-12-14T13:54:16.303+0000] {logging_mixin.py:151} INFO - [2023-12-14T13:54:16.301+0000] {dag.py:2915} INFO - Sync 1 DAGs
[2023-12-14T13:54:16.325+0000] {logging_mixin.py:151} INFO - [2023-12-14T13:54:16.325+0000] {dag.py:3696} INFO - Setting next_dagrun for example_local_kubernetes_executor to None, run_after=None
[2023-12-14T13:54:16.356+0000] {processor.py:179} INFO - Processing /home/airflow/.local/lib/python3.8/site-packages/airflow/example_dags/example_local_kubernetes_executor.py took 0.458 seconds
[2023-12-14T13:54:46.463+0000] {processor.py:157} INFO - Started process (PID=913) to work on /home/airflow/.local/lib/python3.8/site-packages/airflow/example_dags/example_local_kubernetes_executor.py
[2023-12-14T13:54:46.464+0000] {processor.py:829} INFO - Processing file /home/airflow/.local/lib/python3.8/site-packages/airflow/example_dags/example_local_kubernetes_executor.py for tasks to queue
[2023-12-14T13:54:46.466+0000] {logging_mixin.py:151} INFO - [2023-12-14T13:54:46.466+0000] {dagbag.py:539} INFO - Filling up the DagBag from /home/airflow/.local/lib/python3.8/site-packages/airflow/example_dags/example_local_kubernetes_executor.py
[2023-12-14T13:54:46.753+0000] {processor.py:839} INFO - DAG(s) dict_keys(['example_local_kubernetes_executor']) retrieved from /home/airflow/.local/lib/python3.8/site-packages/airflow/example_dags/example_local_kubernetes_executor.py
[2023-12-14T13:54:46.788+0000] {logging_mixin.py:151} INFO - [2023-12-14T13:54:46.787+0000] {dag.py:2915} INFO - Sync 1 DAGs
[2023-12-14T13:54:46.802+0000] {logging_mixin.py:151} INFO - [2023-12-14T13:54:46.802+0000] {dag.py:3696} INFO - Setting next_dagrun for example_local_kubernetes_executor to None, run_after=None
[2023-12-14T13:54:46.826+0000] {processor.py:179} INFO - Processing /home/airflow/.local/lib/python3.8/site-packages/airflow/example_dags/example_local_kubernetes_executor.py took 0.367 seconds
[2023-12-14T13:55:16.886+0000] {processor.py:157} INFO - Started process (PID=968) to work on /home/airflow/.local/lib/python3.8/site-packages/airflow/example_dags/example_local_kubernetes_executor.py
[2023-12-14T13:55:16.887+0000] {processor.py:829} INFO - Processing file /home/airflow/.local/lib/python3.8/site-packages/airflow/example_dags/example_local_kubernetes_executor.py for tasks to queue
[2023-12-14T13:55:16.888+0000] {logging_mixin.py:151} INFO - [2023-12-14T13:55:16.888+0000] {dagbag.py:539} INFO - Filling up the DagBag from /home/airflow/.local/lib/python3.8/site-packages/airflow/example_dags/example_local_kubernetes_executor.py
[2023-12-14T13:55:17.151+0000] {processor.py:839} INFO - DAG(s) dict_keys(['example_local_kubernetes_executor']) retrieved from /home/airflow/.local/lib/python3.8/site-packages/airflow/example_dags/example_local_kubernetes_executor.py
[2023-12-14T13:55:17.194+0000] {logging_mixin.py:151} INFO - [2023-12-14T13:55:17.194+0000] {dag.py:2915} INFO - Sync 1 DAGs
[2023-12-14T13:55:17.208+0000] {logging_mixin.py:151} INFO - [2023-12-14T13:55:17.207+0000] {dag.py:3696} INFO - Setting next_dagrun for example_local_kubernetes_executor to None, run_after=None
[2023-12-14T13:55:17.230+0000] {processor.py:179} INFO - Processing /home/airflow/.local/lib/python3.8/site-packages/airflow/example_dags/example_local_kubernetes_executor.py took 0.348 seconds
[2023-12-14T13:55:47.409+0000] {processor.py:157} INFO - Started process (PID=1022) to work on /home/airflow/.local/lib/python3.8/site-packages/airflow/example_dags/example_local_kubernetes_executor.py
[2023-12-14T13:55:47.410+0000] {processor.py:829} INFO - Processing file /home/airflow/.local/lib/python3.8/site-packages/airflow/example_dags/example_local_kubernetes_executor.py for tasks to queue
[2023-12-14T13:55:47.412+0000] {logging_mixin.py:151} INFO - [2023-12-14T13:55:47.411+0000] {dagbag.py:539} INFO - Filling up the DagBag from /home/airflow/.local/lib/python3.8/site-packages/airflow/example_dags/example_local_kubernetes_executor.py
[2023-12-14T13:55:47.673+0000] {processor.py:839} INFO - DAG(s) dict_keys(['example_local_kubernetes_executor']) retrieved from /home/airflow/.local/lib/python3.8/site-packages/airflow/example_dags/example_local_kubernetes_executor.py
[2023-12-14T13:55:47.707+0000] {logging_mixin.py:151} INFO - [2023-12-14T13:55:47.706+0000] {dag.py:2915} INFO - Sync 1 DAGs
[2023-12-14T13:55:47.718+0000] {logging_mixin.py:151} INFO - [2023-12-14T13:55:47.718+0000] {dag.py:3696} INFO - Setting next_dagrun for example_local_kubernetes_executor to None, run_after=None
[2023-12-14T13:55:47.743+0000] {processor.py:179} INFO - Processing /home/airflow/.local/lib/python3.8/site-packages/airflow/example_dags/example_local_kubernetes_executor.py took 0.337 seconds
[2023-12-14T13:56:17.821+0000] {processor.py:157} INFO - Started process (PID=1078) to work on /home/airflow/.local/lib/python3.8/site-packages/airflow/example_dags/example_local_kubernetes_executor.py
[2023-12-14T13:56:17.822+0000] {processor.py:829} INFO - Processing file /home/airflow/.local/lib/python3.8/site-packages/airflow/example_dags/example_local_kubernetes_executor.py for tasks to queue
[2023-12-14T13:56:17.823+0000] {logging_mixin.py:151} INFO - [2023-12-14T13:56:17.823+0000] {dagbag.py:539} INFO - Filling up the DagBag from /home/airflow/.local/lib/python3.8/site-packages/airflow/example_dags/example_local_kubernetes_executor.py
[2023-12-14T13:56:18.111+0000] {processor.py:839} INFO - DAG(s) dict_keys(['example_local_kubernetes_executor']) retrieved from /home/airflow/.local/lib/python3.8/site-packages/airflow/example_dags/example_local_kubernetes_executor.py
[2023-12-14T13:56:18.158+0000] {logging_mixin.py:151} INFO - [2023-12-14T13:56:18.157+0000] {dag.py:2915} INFO - Sync 1 DAGs
[2023-12-14T13:56:18.174+0000] {logging_mixin.py:151} INFO - [2023-12-14T13:56:18.174+0000] {dag.py:3696} INFO - Setting next_dagrun for example_local_kubernetes_executor to None, run_after=None
[2023-12-14T13:56:18.198+0000] {processor.py:179} INFO - Processing /home/airflow/.local/lib/python3.8/site-packages/airflow/example_dags/example_local_kubernetes_executor.py took 0.380 seconds
[2023-12-14T13:56:48.620+0000] {processor.py:157} INFO - Started process (PID=1133) to work on /home/airflow/.local/lib/python3.8/site-packages/airflow/example_dags/example_local_kubernetes_executor.py
[2023-12-14T13:56:48.621+0000] {processor.py:829} INFO - Processing file /home/airflow/.local/lib/python3.8/site-packages/airflow/example_dags/example_local_kubernetes_executor.py for tasks to queue
[2023-12-14T13:56:48.622+0000] {logging_mixin.py:151} INFO - [2023-12-14T13:56:48.622+0000] {dagbag.py:539} INFO - Filling up the DagBag from /home/airflow/.local/lib/python3.8/site-packages/airflow/example_dags/example_local_kubernetes_executor.py
[2023-12-14T13:56:48.875+0000] {processor.py:839} INFO - DAG(s) dict_keys(['example_local_kubernetes_executor']) retrieved from /home/airflow/.local/lib/python3.8/site-packages/airflow/example_dags/example_local_kubernetes_executor.py
[2023-12-14T13:56:48.912+0000] {logging_mixin.py:151} INFO - [2023-12-14T13:56:48.910+0000] {dag.py:2915} INFO - Sync 1 DAGs
[2023-12-14T13:56:48.927+0000] {logging_mixin.py:151} INFO - [2023-12-14T13:56:48.926+0000] {dag.py:3696} INFO - Setting next_dagrun for example_local_kubernetes_executor to None, run_after=None
[2023-12-14T13:56:49.021+0000] {processor.py:179} INFO - Processing /home/airflow/.local/lib/python3.8/site-packages/airflow/example_dags/example_local_kubernetes_executor.py took 0.405 seconds
[2023-12-14T13:57:19.962+0000] {processor.py:157} INFO - Started process (PID=1187) to work on /home/airflow/.local/lib/python3.8/site-packages/airflow/example_dags/example_local_kubernetes_executor.py
[2023-12-14T13:57:19.963+0000] {processor.py:829} INFO - Processing file /home/airflow/.local/lib/python3.8/site-packages/airflow/example_dags/example_local_kubernetes_executor.py for tasks to queue
[2023-12-14T13:57:19.965+0000] {logging_mixin.py:151} INFO - [2023-12-14T13:57:19.964+0000] {dagbag.py:539} INFO - Filling up the DagBag from /home/airflow/.local/lib/python3.8/site-packages/airflow/example_dags/example_local_kubernetes_executor.py
[2023-12-14T13:57:20.198+0000] {processor.py:839} INFO - DAG(s) dict_keys(['example_local_kubernetes_executor']) retrieved from /home/airflow/.local/lib/python3.8/site-packages/airflow/example_dags/example_local_kubernetes_executor.py
[2023-12-14T13:57:20.235+0000] {logging_mixin.py:151} INFO - [2023-12-14T13:57:20.235+0000] {dag.py:2915} INFO - Sync 1 DAGs
[2023-12-14T13:57:20.248+0000] {logging_mixin.py:151} INFO - [2023-12-14T13:57:20.247+0000] {dag.py:3696} INFO - Setting next_dagrun for example_local_kubernetes_executor to None, run_after=None
[2023-12-14T13:57:20.273+0000] {processor.py:179} INFO - Processing /home/airflow/.local/lib/python3.8/site-packages/airflow/example_dags/example_local_kubernetes_executor.py took 0.314 seconds
[2023-12-14T13:57:50.421+0000] {processor.py:157} INFO - Started process (PID=1241) to work on /home/airflow/.local/lib/python3.8/site-packages/airflow/example_dags/example_local_kubernetes_executor.py
[2023-12-14T13:57:50.422+0000] {processor.py:829} INFO - Processing file /home/airflow/.local/lib/python3.8/site-packages/airflow/example_dags/example_local_kubernetes_executor.py for tasks to queue
[2023-12-14T13:57:50.423+0000] {logging_mixin.py:151} INFO - [2023-12-14T13:57:50.423+0000] {dagbag.py:539} INFO - Filling up the DagBag from /home/airflow/.local/lib/python3.8/site-packages/airflow/example_dags/example_local_kubernetes_executor.py
[2023-12-14T13:57:50.662+0000] {processor.py:839} INFO - DAG(s) dict_keys(['example_local_kubernetes_executor']) retrieved from /home/airflow/.local/lib/python3.8/site-packages/airflow/example_dags/example_local_kubernetes_executor.py
[2023-12-14T13:57:50.700+0000] {logging_mixin.py:151} INFO - [2023-12-14T13:57:50.699+0000] {dag.py:2915} INFO - Sync 1 DAGs
[2023-12-14T13:57:50.714+0000] {logging_mixin.py:151} INFO - [2023-12-14T13:57:50.714+0000] {dag.py:3696} INFO - Setting next_dagrun for example_local_kubernetes_executor to None, run_after=None
[2023-12-14T13:57:50.739+0000] {processor.py:179} INFO - Processing /home/airflow/.local/lib/python3.8/site-packages/airflow/example_dags/example_local_kubernetes_executor.py took 0.321 seconds
[2023-12-14T13:58:20.819+0000] {processor.py:157} INFO - Started process (PID=1295) to work on /home/airflow/.local/lib/python3.8/site-packages/airflow/example_dags/example_local_kubernetes_executor.py
[2023-12-14T13:58:20.820+0000] {processor.py:829} INFO - Processing file /home/airflow/.local/lib/python3.8/site-packages/airflow/example_dags/example_local_kubernetes_executor.py for tasks to queue
[2023-12-14T13:58:20.821+0000] {logging_mixin.py:151} INFO - [2023-12-14T13:58:20.821+0000] {dagbag.py:539} INFO - Filling up the DagBag from /home/airflow/.local/lib/python3.8/site-packages/airflow/example_dags/example_local_kubernetes_executor.py
[2023-12-14T13:58:21.074+0000] {processor.py:839} INFO - DAG(s) dict_keys(['example_local_kubernetes_executor']) retrieved from /home/airflow/.local/lib/python3.8/site-packages/airflow/example_dags/example_local_kubernetes_executor.py
[2023-12-14T13:58:21.113+0000] {logging_mixin.py:151} INFO - [2023-12-14T13:58:21.113+0000] {dag.py:2915} INFO - Sync 1 DAGs
[2023-12-14T13:58:21.126+0000] {logging_mixin.py:151} INFO - [2023-12-14T13:58:21.126+0000] {dag.py:3696} INFO - Setting next_dagrun for example_local_kubernetes_executor to None, run_after=None
[2023-12-14T13:58:21.148+0000] {processor.py:179} INFO - Processing /home/airflow/.local/lib/python3.8/site-packages/airflow/example_dags/example_local_kubernetes_executor.py took 0.333 seconds
[2023-12-14T13:58:51.584+0000] {processor.py:157} INFO - Started process (PID=1349) to work on /home/airflow/.local/lib/python3.8/site-packages/airflow/example_dags/example_local_kubernetes_executor.py
[2023-12-14T13:58:51.586+0000] {processor.py:829} INFO - Processing file /home/airflow/.local/lib/python3.8/site-packages/airflow/example_dags/example_local_kubernetes_executor.py for tasks to queue
[2023-12-14T13:58:51.587+0000] {logging_mixin.py:151} INFO - [2023-12-14T13:58:51.587+0000] {dagbag.py:539} INFO - Filling up the DagBag from /home/airflow/.local/lib/python3.8/site-packages/airflow/example_dags/example_local_kubernetes_executor.py
[2023-12-14T13:58:51.851+0000] {processor.py:839} INFO - DAG(s) dict_keys(['example_local_kubernetes_executor']) retrieved from /home/airflow/.local/lib/python3.8/site-packages/airflow/example_dags/example_local_kubernetes_executor.py
[2023-12-14T13:58:51.890+0000] {logging_mixin.py:151} INFO - [2023-12-14T13:58:51.888+0000] {dag.py:2915} INFO - Sync 1 DAGs
[2023-12-14T13:58:51.903+0000] {logging_mixin.py:151} INFO - [2023-12-14T13:58:51.903+0000] {dag.py:3696} INFO - Setting next_dagrun for example_local_kubernetes_executor to None, run_after=None
[2023-12-14T13:58:51.927+0000] {processor.py:179} INFO - Processing /home/airflow/.local/lib/python3.8/site-packages/airflow/example_dags/example_local_kubernetes_executor.py took 0.350 seconds
[2023-12-14T13:59:22.112+0000] {processor.py:157} INFO - Started process (PID=1403) to work on /home/airflow/.local/lib/python3.8/site-packages/airflow/example_dags/example_local_kubernetes_executor.py
[2023-12-14T13:59:22.113+0000] {processor.py:829} INFO - Processing file /home/airflow/.local/lib/python3.8/site-packages/airflow/example_dags/example_local_kubernetes_executor.py for tasks to queue
[2023-12-14T13:59:22.115+0000] {logging_mixin.py:151} INFO - [2023-12-14T13:59:22.114+0000] {dagbag.py:539} INFO - Filling up the DagBag from /home/airflow/.local/lib/python3.8/site-packages/airflow/example_dags/example_local_kubernetes_executor.py
[2023-12-14T13:59:22.359+0000] {processor.py:839} INFO - DAG(s) dict_keys(['example_local_kubernetes_executor']) retrieved from /home/airflow/.local/lib/python3.8/site-packages/airflow/example_dags/example_local_kubernetes_executor.py
[2023-12-14T13:59:22.399+0000] {logging_mixin.py:151} INFO - [2023-12-14T13:59:22.398+0000] {dag.py:2915} INFO - Sync 1 DAGs
[2023-12-14T13:59:22.411+0000] {logging_mixin.py:151} INFO - [2023-12-14T13:59:22.410+0000] {dag.py:3696} INFO - Setting next_dagrun for example_local_kubernetes_executor to None, run_after=None
[2023-12-14T13:59:22.437+0000] {processor.py:179} INFO - Processing /home/airflow/.local/lib/python3.8/site-packages/airflow/example_dags/example_local_kubernetes_executor.py took 0.328 seconds
[2023-12-14T13:59:52.528+0000] {processor.py:157} INFO - Started process (PID=1457) to work on /home/airflow/.local/lib/python3.8/site-packages/airflow/example_dags/example_local_kubernetes_executor.py
[2023-12-14T13:59:52.529+0000] {processor.py:829} INFO - Processing file /home/airflow/.local/lib/python3.8/site-packages/airflow/example_dags/example_local_kubernetes_executor.py for tasks to queue
[2023-12-14T13:59:52.531+0000] {logging_mixin.py:151} INFO - [2023-12-14T13:59:52.530+0000] {dagbag.py:539} INFO - Filling up the DagBag from /home/airflow/.local/lib/python3.8/site-packages/airflow/example_dags/example_local_kubernetes_executor.py
[2023-12-14T13:59:52.777+0000] {processor.py:839} INFO - DAG(s) dict_keys(['example_local_kubernetes_executor']) retrieved from /home/airflow/.local/lib/python3.8/site-packages/airflow/example_dags/example_local_kubernetes_executor.py
[2023-12-14T13:59:52.820+0000] {logging_mixin.py:151} INFO - [2023-12-14T13:59:52.819+0000] {dag.py:2915} INFO - Sync 1 DAGs
[2023-12-14T13:59:52.842+0000] {logging_mixin.py:151} INFO - [2023-12-14T13:59:52.842+0000] {dag.py:3696} INFO - Setting next_dagrun for example_local_kubernetes_executor to None, run_after=None
[2023-12-14T13:59:52.874+0000] {processor.py:179} INFO - Processing /home/airflow/.local/lib/python3.8/site-packages/airflow/example_dags/example_local_kubernetes_executor.py took 0.349 seconds
[2023-12-14T14:00:23.142+0000] {processor.py:157} INFO - Started process (PID=1511) to work on /home/airflow/.local/lib/python3.8/site-packages/airflow/example_dags/example_local_kubernetes_executor.py
[2023-12-14T14:00:23.143+0000] {processor.py:829} INFO - Processing file /home/airflow/.local/lib/python3.8/site-packages/airflow/example_dags/example_local_kubernetes_executor.py for tasks to queue
[2023-12-14T14:00:23.145+0000] {logging_mixin.py:151} INFO - [2023-12-14T14:00:23.144+0000] {dagbag.py:539} INFO - Filling up the DagBag from /home/airflow/.local/lib/python3.8/site-packages/airflow/example_dags/example_local_kubernetes_executor.py
[2023-12-14T14:00:23.374+0000] {processor.py:839} INFO - DAG(s) dict_keys(['example_local_kubernetes_executor']) retrieved from /home/airflow/.local/lib/python3.8/site-packages/airflow/example_dags/example_local_kubernetes_executor.py
[2023-12-14T14:00:23.416+0000] {logging_mixin.py:151} INFO - [2023-12-14T14:00:23.415+0000] {dag.py:2915} INFO - Sync 1 DAGs
[2023-12-14T14:00:23.433+0000] {logging_mixin.py:151} INFO - [2023-12-14T14:00:23.433+0000] {dag.py:3696} INFO - Setting next_dagrun for example_local_kubernetes_executor to None, run_after=None
[2023-12-14T14:00:23.464+0000] {processor.py:179} INFO - Processing /home/airflow/.local/lib/python3.8/site-packages/airflow/example_dags/example_local_kubernetes_executor.py took 0.327 seconds
[2023-12-14T14:00:53.587+0000] {processor.py:157} INFO - Started process (PID=1565) to work on /home/airflow/.local/lib/python3.8/site-packages/airflow/example_dags/example_local_kubernetes_executor.py
[2023-12-14T14:00:53.589+0000] {processor.py:829} INFO - Processing file /home/airflow/.local/lib/python3.8/site-packages/airflow/example_dags/example_local_kubernetes_executor.py for tasks to queue
[2023-12-14T14:00:53.590+0000] {logging_mixin.py:151} INFO - [2023-12-14T14:00:53.590+0000] {dagbag.py:539} INFO - Filling up the DagBag from /home/airflow/.local/lib/python3.8/site-packages/airflow/example_dags/example_local_kubernetes_executor.py
[2023-12-14T14:00:53.830+0000] {processor.py:839} INFO - DAG(s) dict_keys(['example_local_kubernetes_executor']) retrieved from /home/airflow/.local/lib/python3.8/site-packages/airflow/example_dags/example_local_kubernetes_executor.py
[2023-12-14T14:00:53.870+0000] {logging_mixin.py:151} INFO - [2023-12-14T14:00:53.869+0000] {dag.py:2915} INFO - Sync 1 DAGs
[2023-12-14T14:00:53.889+0000] {logging_mixin.py:151} INFO - [2023-12-14T14:00:53.888+0000] {dag.py:3696} INFO - Setting next_dagrun for example_local_kubernetes_executor to None, run_after=None
[2023-12-14T14:00:53.915+0000] {processor.py:179} INFO - Processing /home/airflow/.local/lib/python3.8/site-packages/airflow/example_dags/example_local_kubernetes_executor.py took 0.334 seconds
[2023-12-14T14:01:23.988+0000] {processor.py:157} INFO - Started process (PID=1621) to work on /home/airflow/.local/lib/python3.8/site-packages/airflow/example_dags/example_local_kubernetes_executor.py
[2023-12-14T14:01:23.990+0000] {processor.py:829} INFO - Processing file /home/airflow/.local/lib/python3.8/site-packages/airflow/example_dags/example_local_kubernetes_executor.py for tasks to queue
[2023-12-14T14:01:23.991+0000] {logging_mixin.py:151} INFO - [2023-12-14T14:01:23.991+0000] {dagbag.py:539} INFO - Filling up the DagBag from /home/airflow/.local/lib/python3.8/site-packages/airflow/example_dags/example_local_kubernetes_executor.py
[2023-12-14T14:01:24.219+0000] {processor.py:839} INFO - DAG(s) dict_keys(['example_local_kubernetes_executor']) retrieved from /home/airflow/.local/lib/python3.8/site-packages/airflow/example_dags/example_local_kubernetes_executor.py
[2023-12-14T14:01:24.257+0000] {logging_mixin.py:151} INFO - [2023-12-14T14:01:24.256+0000] {dag.py:2915} INFO - Sync 1 DAGs
[2023-12-14T14:01:24.273+0000] {logging_mixin.py:151} INFO - [2023-12-14T14:01:24.272+0000] {dag.py:3696} INFO - Setting next_dagrun for example_local_kubernetes_executor to None, run_after=None
[2023-12-14T14:01:24.300+0000] {processor.py:179} INFO - Processing /home/airflow/.local/lib/python3.8/site-packages/airflow/example_dags/example_local_kubernetes_executor.py took 0.315 seconds
[2023-12-14T14:01:54.560+0000] {processor.py:157} INFO - Started process (PID=1677) to work on /home/airflow/.local/lib/python3.8/site-packages/airflow/example_dags/example_local_kubernetes_executor.py
[2023-12-14T14:01:54.561+0000] {processor.py:829} INFO - Processing file /home/airflow/.local/lib/python3.8/site-packages/airflow/example_dags/example_local_kubernetes_executor.py for tasks to queue
[2023-12-14T14:01:54.563+0000] {logging_mixin.py:151} INFO - [2023-12-14T14:01:54.563+0000] {dagbag.py:539} INFO - Filling up the DagBag from /home/airflow/.local/lib/python3.8/site-packages/airflow/example_dags/example_local_kubernetes_executor.py
[2023-12-14T14:01:54.825+0000] {processor.py:839} INFO - DAG(s) dict_keys(['example_local_kubernetes_executor']) retrieved from /home/airflow/.local/lib/python3.8/site-packages/airflow/example_dags/example_local_kubernetes_executor.py
[2023-12-14T14:01:54.861+0000] {logging_mixin.py:151} INFO - [2023-12-14T14:01:54.860+0000] {dag.py:2915} INFO - Sync 1 DAGs
[2023-12-14T14:01:54.874+0000] {logging_mixin.py:151} INFO - [2023-12-14T14:01:54.874+0000] {dag.py:3696} INFO - Setting next_dagrun for example_local_kubernetes_executor to None, run_after=None
[2023-12-14T14:01:54.896+0000] {processor.py:179} INFO - Processing /home/airflow/.local/lib/python3.8/site-packages/airflow/example_dags/example_local_kubernetes_executor.py took 0.342 seconds
[2023-12-14T14:02:25.010+0000] {processor.py:157} INFO - Started process (PID=1732) to work on /home/airflow/.local/lib/python3.8/site-packages/airflow/example_dags/example_local_kubernetes_executor.py
[2023-12-14T14:02:25.011+0000] {processor.py:829} INFO - Processing file /home/airflow/.local/lib/python3.8/site-packages/airflow/example_dags/example_local_kubernetes_executor.py for tasks to queue
[2023-12-14T14:02:25.013+0000] {logging_mixin.py:151} INFO - [2023-12-14T14:02:25.013+0000] {dagbag.py:539} INFO - Filling up the DagBag from /home/airflow/.local/lib/python3.8/site-packages/airflow/example_dags/example_local_kubernetes_executor.py
[2023-12-14T14:02:25.247+0000] {processor.py:839} INFO - DAG(s) dict_keys(['example_local_kubernetes_executor']) retrieved from /home/airflow/.local/lib/python3.8/site-packages/airflow/example_dags/example_local_kubernetes_executor.py
[2023-12-14T14:02:25.280+0000] {logging_mixin.py:151} INFO - [2023-12-14T14:02:25.280+0000] {dag.py:2915} INFO - Sync 1 DAGs
[2023-12-14T14:02:25.292+0000] {logging_mixin.py:151} INFO - [2023-12-14T14:02:25.292+0000] {dag.py:3696} INFO - Setting next_dagrun for example_local_kubernetes_executor to None, run_after=None
[2023-12-14T14:02:25.317+0000] {processor.py:179} INFO - Processing /home/airflow/.local/lib/python3.8/site-packages/airflow/example_dags/example_local_kubernetes_executor.py took 0.311 seconds
[2023-12-14T14:02:55.605+0000] {processor.py:157} INFO - Started process (PID=1787) to work on /home/airflow/.local/lib/python3.8/site-packages/airflow/example_dags/example_local_kubernetes_executor.py
[2023-12-14T14:02:55.607+0000] {processor.py:829} INFO - Processing file /home/airflow/.local/lib/python3.8/site-packages/airflow/example_dags/example_local_kubernetes_executor.py for tasks to queue
[2023-12-14T14:02:55.608+0000] {logging_mixin.py:151} INFO - [2023-12-14T14:02:55.608+0000] {dagbag.py:539} INFO - Filling up the DagBag from /home/airflow/.local/lib/python3.8/site-packages/airflow/example_dags/example_local_kubernetes_executor.py
[2023-12-14T14:02:55.848+0000] {processor.py:839} INFO - DAG(s) dict_keys(['example_local_kubernetes_executor']) retrieved from /home/airflow/.local/lib/python3.8/site-packages/airflow/example_dags/example_local_kubernetes_executor.py
[2023-12-14T14:02:55.889+0000] {logging_mixin.py:151} INFO - [2023-12-14T14:02:55.888+0000] {dag.py:2915} INFO - Sync 1 DAGs
[2023-12-14T14:02:55.902+0000] {logging_mixin.py:151} INFO - [2023-12-14T14:02:55.901+0000] {dag.py:3696} INFO - Setting next_dagrun for example_local_kubernetes_executor to None, run_after=None
[2023-12-14T14:02:55.926+0000] {processor.py:179} INFO - Processing /home/airflow/.local/lib/python3.8/site-packages/airflow/example_dags/example_local_kubernetes_executor.py took 0.325 seconds
[2023-12-14T14:03:26.036+0000] {processor.py:157} INFO - Started process (PID=1843) to work on /home/airflow/.local/lib/python3.8/site-packages/airflow/example_dags/example_local_kubernetes_executor.py
[2023-12-14T14:03:26.037+0000] {processor.py:829} INFO - Processing file /home/airflow/.local/lib/python3.8/site-packages/airflow/example_dags/example_local_kubernetes_executor.py for tasks to queue
[2023-12-14T14:03:26.038+0000] {logging_mixin.py:151} INFO - [2023-12-14T14:03:26.038+0000] {dagbag.py:539} INFO - Filling up the DagBag from /home/airflow/.local/lib/python3.8/site-packages/airflow/example_dags/example_local_kubernetes_executor.py
[2023-12-14T14:03:26.278+0000] {processor.py:839} INFO - DAG(s) dict_keys(['example_local_kubernetes_executor']) retrieved from /home/airflow/.local/lib/python3.8/site-packages/airflow/example_dags/example_local_kubernetes_executor.py
[2023-12-14T14:03:26.318+0000] {logging_mixin.py:151} INFO - [2023-12-14T14:03:26.316+0000] {dag.py:2915} INFO - Sync 1 DAGs
[2023-12-14T14:03:26.331+0000] {logging_mixin.py:151} INFO - [2023-12-14T14:03:26.331+0000] {dag.py:3696} INFO - Setting next_dagrun for example_local_kubernetes_executor to None, run_after=None
[2023-12-14T14:03:26.354+0000] {processor.py:179} INFO - Processing /home/airflow/.local/lib/python3.8/site-packages/airflow/example_dags/example_local_kubernetes_executor.py took 0.322 seconds
[2023-12-14T14:03:56.662+0000] {processor.py:157} INFO - Started process (PID=1897) to work on /home/airflow/.local/lib/python3.8/site-packages/airflow/example_dags/example_local_kubernetes_executor.py
[2023-12-14T14:03:56.663+0000] {processor.py:829} INFO - Processing file /home/airflow/.local/lib/python3.8/site-packages/airflow/example_dags/example_local_kubernetes_executor.py for tasks to queue
[2023-12-14T14:03:56.664+0000] {logging_mixin.py:151} INFO - [2023-12-14T14:03:56.664+0000] {dagbag.py:539} INFO - Filling up the DagBag from /home/airflow/.local/lib/python3.8/site-packages/airflow/example_dags/example_local_kubernetes_executor.py
[2023-12-14T14:03:56.927+0000] {processor.py:839} INFO - DAG(s) dict_keys(['example_local_kubernetes_executor']) retrieved from /home/airflow/.local/lib/python3.8/site-packages/airflow/example_dags/example_local_kubernetes_executor.py
[2023-12-14T14:03:56.979+0000] {logging_mixin.py:151} INFO - [2023-12-14T14:03:56.978+0000] {dag.py:2915} INFO - Sync 1 DAGs
[2023-12-14T14:03:56.993+0000] {logging_mixin.py:151} INFO - [2023-12-14T14:03:56.993+0000] {dag.py:3696} INFO - Setting next_dagrun for example_local_kubernetes_executor to None, run_after=None
[2023-12-14T14:03:57.023+0000] {processor.py:179} INFO - Processing /home/airflow/.local/lib/python3.8/site-packages/airflow/example_dags/example_local_kubernetes_executor.py took 0.365 seconds
[2023-12-14T14:04:27.338+0000] {processor.py:157} INFO - Started process (PID=1951) to work on /home/airflow/.local/lib/python3.8/site-packages/airflow/example_dags/example_local_kubernetes_executor.py
[2023-12-14T14:04:27.339+0000] {processor.py:829} INFO - Processing file /home/airflow/.local/lib/python3.8/site-packages/airflow/example_dags/example_local_kubernetes_executor.py for tasks to queue
[2023-12-14T14:04:27.340+0000] {logging_mixin.py:151} INFO - [2023-12-14T14:04:27.340+0000] {dagbag.py:539} INFO - Filling up the DagBag from /home/airflow/.local/lib/python3.8/site-packages/airflow/example_dags/example_local_kubernetes_executor.py
[2023-12-14T14:04:27.647+0000] {processor.py:839} INFO - DAG(s) dict_keys(['example_local_kubernetes_executor']) retrieved from /home/airflow/.local/lib/python3.8/site-packages/airflow/example_dags/example_local_kubernetes_executor.py
[2023-12-14T14:04:27.687+0000] {logging_mixin.py:151} INFO - [2023-12-14T14:04:27.686+0000] {dag.py:2915} INFO - Sync 1 DAGs
[2023-12-14T14:04:27.702+0000] {logging_mixin.py:151} INFO - [2023-12-14T14:04:27.702+0000] {dag.py:3696} INFO - Setting next_dagrun for example_local_kubernetes_executor to None, run_after=None
[2023-12-14T14:04:27.730+0000] {processor.py:179} INFO - Processing /home/airflow/.local/lib/python3.8/site-packages/airflow/example_dags/example_local_kubernetes_executor.py took 0.396 seconds
[2023-12-14T14:04:58.144+0000] {processor.py:157} INFO - Started process (PID=2005) to work on /home/airflow/.local/lib/python3.8/site-packages/airflow/example_dags/example_local_kubernetes_executor.py
[2023-12-14T14:04:58.145+0000] {processor.py:829} INFO - Processing file /home/airflow/.local/lib/python3.8/site-packages/airflow/example_dags/example_local_kubernetes_executor.py for tasks to queue
[2023-12-14T14:04:58.147+0000] {logging_mixin.py:151} INFO - [2023-12-14T14:04:58.146+0000] {dagbag.py:539} INFO - Filling up the DagBag from /home/airflow/.local/lib/python3.8/site-packages/airflow/example_dags/example_local_kubernetes_executor.py
[2023-12-14T14:04:58.593+0000] {processor.py:839} INFO - DAG(s) dict_keys(['example_local_kubernetes_executor']) retrieved from /home/airflow/.local/lib/python3.8/site-packages/airflow/example_dags/example_local_kubernetes_executor.py
[2023-12-14T14:04:58.646+0000] {logging_mixin.py:151} INFO - [2023-12-14T14:04:58.643+0000] {dag.py:2915} INFO - Sync 1 DAGs
[2023-12-14T14:04:58.662+0000] {logging_mixin.py:151} INFO - [2023-12-14T14:04:58.662+0000] {dag.py:3696} INFO - Setting next_dagrun for example_local_kubernetes_executor to None, run_after=None
[2023-12-14T14:04:58.689+0000] {processor.py:179} INFO - Processing /home/airflow/.local/lib/python3.8/site-packages/airflow/example_dags/example_local_kubernetes_executor.py took 0.550 seconds
[2023-12-14T14:05:28.837+0000] {processor.py:157} INFO - Started process (PID=2059) to work on /home/airflow/.local/lib/python3.8/site-packages/airflow/example_dags/example_local_kubernetes_executor.py
[2023-12-14T14:05:28.839+0000] {processor.py:829} INFO - Processing file /home/airflow/.local/lib/python3.8/site-packages/airflow/example_dags/example_local_kubernetes_executor.py for tasks to queue
[2023-12-14T14:05:28.841+0000] {logging_mixin.py:151} INFO - [2023-12-14T14:05:28.840+0000] {dagbag.py:539} INFO - Filling up the DagBag from /home/airflow/.local/lib/python3.8/site-packages/airflow/example_dags/example_local_kubernetes_executor.py
[2023-12-14T14:05:29.134+0000] {processor.py:839} INFO - DAG(s) dict_keys(['example_local_kubernetes_executor']) retrieved from /home/airflow/.local/lib/python3.8/site-packages/airflow/example_dags/example_local_kubernetes_executor.py
[2023-12-14T14:05:29.171+0000] {logging_mixin.py:151} INFO - [2023-12-14T14:05:29.170+0000] {dag.py:2915} INFO - Sync 1 DAGs
[2023-12-14T14:05:29.183+0000] {logging_mixin.py:151} INFO - [2023-12-14T14:05:29.182+0000] {dag.py:3696} INFO - Setting next_dagrun for example_local_kubernetes_executor to None, run_after=None
[2023-12-14T14:05:29.208+0000] {processor.py:179} INFO - Processing /home/airflow/.local/lib/python3.8/site-packages/airflow/example_dags/example_local_kubernetes_executor.py took 0.374 seconds
[2023-12-14T14:05:59.303+0000] {processor.py:157} INFO - Started process (PID=2114) to work on /home/airflow/.local/lib/python3.8/site-packages/airflow/example_dags/example_local_kubernetes_executor.py
[2023-12-14T14:05:59.304+0000] {processor.py:829} INFO - Processing file /home/airflow/.local/lib/python3.8/site-packages/airflow/example_dags/example_local_kubernetes_executor.py for tasks to queue
[2023-12-14T14:05:59.306+0000] {logging_mixin.py:151} INFO - [2023-12-14T14:05:59.305+0000] {dagbag.py:539} INFO - Filling up the DagBag from /home/airflow/.local/lib/python3.8/site-packages/airflow/example_dags/example_local_kubernetes_executor.py
[2023-12-14T14:05:59.605+0000] {processor.py:839} INFO - DAG(s) dict_keys(['example_local_kubernetes_executor']) retrieved from /home/airflow/.local/lib/python3.8/site-packages/airflow/example_dags/example_local_kubernetes_executor.py
[2023-12-14T14:05:59.651+0000] {logging_mixin.py:151} INFO - [2023-12-14T14:05:59.650+0000] {dag.py:2915} INFO - Sync 1 DAGs
[2023-12-14T14:05:59.667+0000] {logging_mixin.py:151} INFO - [2023-12-14T14:05:59.667+0000] {dag.py:3696} INFO - Setting next_dagrun for example_local_kubernetes_executor to None, run_after=None
[2023-12-14T14:05:59.700+0000] {processor.py:179} INFO - Processing /home/airflow/.local/lib/python3.8/site-packages/airflow/example_dags/example_local_kubernetes_executor.py took 0.402 seconds
[2023-12-14T14:12:38.043+0000] {processor.py:157} INFO - Started process (PID=36) to work on /home/airflow/.local/lib/python3.8/site-packages/airflow/example_dags/example_local_kubernetes_executor.py
[2023-12-14T14:12:38.056+0000] {processor.py:829} INFO - Processing file /home/airflow/.local/lib/python3.8/site-packages/airflow/example_dags/example_local_kubernetes_executor.py for tasks to queue
[2023-12-14T14:12:38.065+0000] {logging_mixin.py:151} INFO - [2023-12-14T14:12:38.065+0000] {dagbag.py:539} INFO - Filling up the DagBag from /home/airflow/.local/lib/python3.8/site-packages/airflow/example_dags/example_local_kubernetes_executor.py
[2023-12-14T14:12:43.725+0000] {processor.py:839} INFO - DAG(s) dict_keys(['example_local_kubernetes_executor']) retrieved from /home/airflow/.local/lib/python3.8/site-packages/airflow/example_dags/example_local_kubernetes_executor.py
[2023-12-14T14:12:43.925+0000] {logging_mixin.py:151} INFO - [2023-12-14T14:12:43.923+0000] {dag.py:2915} INFO - Sync 1 DAGs
[2023-12-14T14:12:43.964+0000] {logging_mixin.py:151} INFO - [2023-12-14T14:12:43.964+0000] {dag.py:3696} INFO - Setting next_dagrun for example_local_kubernetes_executor to None, run_after=None
[2023-12-14T14:12:44.026+0000] {processor.py:179} INFO - Processing /home/airflow/.local/lib/python3.8/site-packages/airflow/example_dags/example_local_kubernetes_executor.py took 5.998 seconds
[2023-12-14T14:13:22.133+0000] {processor.py:157} INFO - Started process (PID=96) to work on /home/airflow/.local/lib/python3.8/site-packages/airflow/example_dags/example_local_kubernetes_executor.py
[2023-12-14T14:13:22.135+0000] {processor.py:829} INFO - Processing file /home/airflow/.local/lib/python3.8/site-packages/airflow/example_dags/example_local_kubernetes_executor.py for tasks to queue
[2023-12-14T14:13:22.137+0000] {logging_mixin.py:151} INFO - [2023-12-14T14:13:22.136+0000] {dagbag.py:539} INFO - Filling up the DagBag from /home/airflow/.local/lib/python3.8/site-packages/airflow/example_dags/example_local_kubernetes_executor.py
[2023-12-14T14:13:22.758+0000] {processor.py:839} INFO - DAG(s) dict_keys(['example_local_kubernetes_executor']) retrieved from /home/airflow/.local/lib/python3.8/site-packages/airflow/example_dags/example_local_kubernetes_executor.py
[2023-12-14T14:13:22.845+0000] {logging_mixin.py:151} INFO - [2023-12-14T14:13:22.843+0000] {dag.py:2915} INFO - Sync 1 DAGs
[2023-12-14T14:13:22.889+0000] {logging_mixin.py:151} INFO - [2023-12-14T14:13:22.889+0000] {dag.py:3696} INFO - Setting next_dagrun for example_local_kubernetes_executor to None, run_after=None
[2023-12-14T14:13:22.944+0000] {processor.py:179} INFO - Processing /home/airflow/.local/lib/python3.8/site-packages/airflow/example_dags/example_local_kubernetes_executor.py took 0.829 seconds
[2023-12-14T14:13:53.029+0000] {processor.py:157} INFO - Started process (PID=149) to work on /home/airflow/.local/lib/python3.8/site-packages/airflow/example_dags/example_local_kubernetes_executor.py
[2023-12-14T14:13:53.097+0000] {processor.py:829} INFO - Processing file /home/airflow/.local/lib/python3.8/site-packages/airflow/example_dags/example_local_kubernetes_executor.py for tasks to queue
[2023-12-14T14:13:53.110+0000] {logging_mixin.py:151} INFO - [2023-12-14T14:13:53.108+0000] {dagbag.py:539} INFO - Filling up the DagBag from /home/airflow/.local/lib/python3.8/site-packages/airflow/example_dags/example_local_kubernetes_executor.py
[2023-12-14T14:13:53.587+0000] {processor.py:839} INFO - DAG(s) dict_keys(['example_local_kubernetes_executor']) retrieved from /home/airflow/.local/lib/python3.8/site-packages/airflow/example_dags/example_local_kubernetes_executor.py
[2023-12-14T14:13:53.673+0000] {logging_mixin.py:151} INFO - [2023-12-14T14:13:53.667+0000] {dag.py:2915} INFO - Sync 1 DAGs
[2023-12-14T14:13:53.734+0000] {logging_mixin.py:151} INFO - [2023-12-14T14:13:53.731+0000] {dag.py:3696} INFO - Setting next_dagrun for example_local_kubernetes_executor to None, run_after=None
[2023-12-14T14:13:53.825+0000] {processor.py:179} INFO - Processing /home/airflow/.local/lib/python3.8/site-packages/airflow/example_dags/example_local_kubernetes_executor.py took 0.812 seconds
[2023-12-14T14:14:24.390+0000] {processor.py:157} INFO - Started process (PID=203) to work on /home/airflow/.local/lib/python3.8/site-packages/airflow/example_dags/example_local_kubernetes_executor.py
[2023-12-14T14:14:24.392+0000] {processor.py:829} INFO - Processing file /home/airflow/.local/lib/python3.8/site-packages/airflow/example_dags/example_local_kubernetes_executor.py for tasks to queue
[2023-12-14T14:14:24.393+0000] {logging_mixin.py:151} INFO - [2023-12-14T14:14:24.393+0000] {dagbag.py:539} INFO - Filling up the DagBag from /home/airflow/.local/lib/python3.8/site-packages/airflow/example_dags/example_local_kubernetes_executor.py
[2023-12-14T14:14:24.728+0000] {processor.py:839} INFO - DAG(s) dict_keys(['example_local_kubernetes_executor']) retrieved from /home/airflow/.local/lib/python3.8/site-packages/airflow/example_dags/example_local_kubernetes_executor.py
[2023-12-14T14:14:24.764+0000] {logging_mixin.py:151} INFO - [2023-12-14T14:14:24.763+0000] {dag.py:2915} INFO - Sync 1 DAGs
[2023-12-14T14:14:24.776+0000] {logging_mixin.py:151} INFO - [2023-12-14T14:14:24.775+0000] {dag.py:3696} INFO - Setting next_dagrun for example_local_kubernetes_executor to None, run_after=None
[2023-12-14T14:14:24.797+0000] {processor.py:179} INFO - Processing /home/airflow/.local/lib/python3.8/site-packages/airflow/example_dags/example_local_kubernetes_executor.py took 0.410 seconds
