[2023-12-14T13:26:53.315+0000] {processor.py:157} INFO - Started process (PID=54) to work on /home/airflow/.local/lib/python3.8/site-packages/airflow/example_dags/example_setup_teardown_taskflow.py
[2023-12-14T13:26:53.317+0000] {processor.py:829} INFO - Processing file /home/airflow/.local/lib/python3.8/site-packages/airflow/example_dags/example_setup_teardown_taskflow.py for tasks to queue
[2023-12-14T13:26:53.322+0000] {logging_mixin.py:151} INFO - [2023-12-14T13:26:53.321+0000] {dagbag.py:539} INFO - Filling up the DagBag from /home/airflow/.local/lib/python3.8/site-packages/airflow/example_dags/example_setup_teardown_taskflow.py
[2023-12-14T13:26:53.365+0000] {processor.py:839} INFO - DAG(s) dict_keys(['example_setup_teardown_taskflow']) retrieved from /home/airflow/.local/lib/python3.8/site-packages/airflow/example_dags/example_setup_teardown_taskflow.py
[2023-12-14T13:26:53.659+0000] {logging_mixin.py:151} INFO - [2023-12-14T13:26:53.659+0000] {manager.py:499} INFO - Created Permission View: %s
[2023-12-14T13:26:53.680+0000] {logging_mixin.py:151} INFO - [2023-12-14T13:26:53.680+0000] {manager.py:499} INFO - Created Permission View: %s
[2023-12-14T13:26:53.696+0000] {logging_mixin.py:151} INFO - [2023-12-14T13:26:53.696+0000] {manager.py:499} INFO - Created Permission View: %s
[2023-12-14T13:26:53.697+0000] {logging_mixin.py:151} INFO - [2023-12-14T13:26:53.697+0000] {security.py:708} INFO - Not syncing DAG-level permissions for DAG 'DAG:example_setup_teardown_taskflow' as access control is unset.
[2023-12-14T13:26:53.698+0000] {logging_mixin.py:151} INFO - [2023-12-14T13:26:53.698+0000] {dag.py:2915} INFO - Sync 1 DAGs
[2023-12-14T13:26:53.729+0000] {logging_mixin.py:151} INFO - [2023-12-14T13:26:53.728+0000] {dag.py:2937} INFO - Creating ORM DAG for example_setup_teardown_taskflow
[2023-12-14T13:26:53.751+0000] {logging_mixin.py:151} INFO - [2023-12-14T13:26:53.750+0000] {dag.py:3696} INFO - Setting next_dagrun for example_setup_teardown_taskflow to 2023-12-13T13:26:53.750132+00:00, run_after=2023-12-14T13:26:53.750132+00:00
[2023-12-14T13:26:53.794+0000] {processor.py:179} INFO - Processing /home/airflow/.local/lib/python3.8/site-packages/airflow/example_dags/example_setup_teardown_taskflow.py took 0.494 seconds
[2023-12-14T13:27:24.744+0000] {processor.py:157} INFO - Started process (PID=108) to work on /home/airflow/.local/lib/python3.8/site-packages/airflow/example_dags/example_setup_teardown_taskflow.py
[2023-12-14T13:27:24.747+0000] {processor.py:829} INFO - Processing file /home/airflow/.local/lib/python3.8/site-packages/airflow/example_dags/example_setup_teardown_taskflow.py for tasks to queue
[2023-12-14T13:27:24.752+0000] {logging_mixin.py:151} INFO - [2023-12-14T13:27:24.752+0000] {dagbag.py:539} INFO - Filling up the DagBag from /home/airflow/.local/lib/python3.8/site-packages/airflow/example_dags/example_setup_teardown_taskflow.py
[2023-12-14T13:27:24.791+0000] {processor.py:839} INFO - DAG(s) dict_keys(['example_setup_teardown_taskflow']) retrieved from /home/airflow/.local/lib/python3.8/site-packages/airflow/example_dags/example_setup_teardown_taskflow.py
[2023-12-14T13:27:24.874+0000] {logging_mixin.py:151} INFO - [2023-12-14T13:27:24.874+0000] {dag.py:2915} INFO - Sync 1 DAGs
[2023-12-14T13:27:25.020+0000] {logging_mixin.py:151} INFO - [2023-12-14T13:27:25.020+0000] {dag.py:3696} INFO - Setting next_dagrun for example_setup_teardown_taskflow to 2023-12-13T13:27:25.019794+00:00, run_after=2023-12-14T13:27:25.019794+00:00
[2023-12-14T13:27:25.129+0000] {processor.py:179} INFO - Processing /home/airflow/.local/lib/python3.8/site-packages/airflow/example_dags/example_setup_teardown_taskflow.py took 0.392 seconds
[2023-12-14T13:27:56.178+0000] {processor.py:157} INFO - Started process (PID=163) to work on /home/airflow/.local/lib/python3.8/site-packages/airflow/example_dags/example_setup_teardown_taskflow.py
[2023-12-14T13:27:56.180+0000] {processor.py:829} INFO - Processing file /home/airflow/.local/lib/python3.8/site-packages/airflow/example_dags/example_setup_teardown_taskflow.py for tasks to queue
[2023-12-14T13:27:56.184+0000] {logging_mixin.py:151} INFO - [2023-12-14T13:27:56.182+0000] {dagbag.py:539} INFO - Filling up the DagBag from /home/airflow/.local/lib/python3.8/site-packages/airflow/example_dags/example_setup_teardown_taskflow.py
[2023-12-14T13:27:56.231+0000] {processor.py:839} INFO - DAG(s) dict_keys(['example_setup_teardown_taskflow']) retrieved from /home/airflow/.local/lib/python3.8/site-packages/airflow/example_dags/example_setup_teardown_taskflow.py
[2023-12-14T13:27:56.294+0000] {logging_mixin.py:151} INFO - [2023-12-14T13:27:56.293+0000] {dag.py:2915} INFO - Sync 1 DAGs
[2023-12-14T13:27:56.387+0000] {logging_mixin.py:151} INFO - [2023-12-14T13:27:56.386+0000] {dag.py:3696} INFO - Setting next_dagrun for example_setup_teardown_taskflow to 2023-12-13T13:27:56.385244+00:00, run_after=2023-12-14T13:27:56.385244+00:00
[2023-12-14T13:27:56.468+0000] {processor.py:179} INFO - Processing /home/airflow/.local/lib/python3.8/site-packages/airflow/example_dags/example_setup_teardown_taskflow.py took 0.301 seconds
[2023-12-14T13:28:27.091+0000] {processor.py:157} INFO - Started process (PID=217) to work on /home/airflow/.local/lib/python3.8/site-packages/airflow/example_dags/example_setup_teardown_taskflow.py
[2023-12-14T13:28:27.098+0000] {processor.py:829} INFO - Processing file /home/airflow/.local/lib/python3.8/site-packages/airflow/example_dags/example_setup_teardown_taskflow.py for tasks to queue
[2023-12-14T13:28:27.100+0000] {logging_mixin.py:151} INFO - [2023-12-14T13:28:27.099+0000] {dagbag.py:539} INFO - Filling up the DagBag from /home/airflow/.local/lib/python3.8/site-packages/airflow/example_dags/example_setup_teardown_taskflow.py
[2023-12-14T13:28:27.117+0000] {processor.py:839} INFO - DAG(s) dict_keys(['example_setup_teardown_taskflow']) retrieved from /home/airflow/.local/lib/python3.8/site-packages/airflow/example_dags/example_setup_teardown_taskflow.py
[2023-12-14T13:28:27.159+0000] {logging_mixin.py:151} INFO - [2023-12-14T13:28:27.159+0000] {dag.py:2915} INFO - Sync 1 DAGs
[2023-12-14T13:28:27.191+0000] {logging_mixin.py:151} INFO - [2023-12-14T13:28:27.190+0000] {dag.py:3696} INFO - Setting next_dagrun for example_setup_teardown_taskflow to 2023-12-13T13:28:27.190466+00:00, run_after=2023-12-14T13:28:27.190466+00:00
[2023-12-14T13:28:27.233+0000] {processor.py:179} INFO - Processing /home/airflow/.local/lib/python3.8/site-packages/airflow/example_dags/example_setup_teardown_taskflow.py took 0.148 seconds
[2023-12-14T13:28:59.477+0000] {processor.py:157} INFO - Started process (PID=271) to work on /home/airflow/.local/lib/python3.8/site-packages/airflow/example_dags/example_setup_teardown_taskflow.py
[2023-12-14T13:28:59.485+0000] {processor.py:829} INFO - Processing file /home/airflow/.local/lib/python3.8/site-packages/airflow/example_dags/example_setup_teardown_taskflow.py for tasks to queue
[2023-12-14T13:28:59.487+0000] {logging_mixin.py:151} INFO - [2023-12-14T13:28:59.486+0000] {dagbag.py:539} INFO - Filling up the DagBag from /home/airflow/.local/lib/python3.8/site-packages/airflow/example_dags/example_setup_teardown_taskflow.py
[2023-12-14T13:28:59.518+0000] {processor.py:839} INFO - DAG(s) dict_keys(['example_setup_teardown_taskflow']) retrieved from /home/airflow/.local/lib/python3.8/site-packages/airflow/example_dags/example_setup_teardown_taskflow.py
[2023-12-14T13:28:59.563+0000] {logging_mixin.py:151} INFO - [2023-12-14T13:28:59.563+0000] {dag.py:2915} INFO - Sync 1 DAGs
[2023-12-14T13:28:59.598+0000] {logging_mixin.py:151} INFO - [2023-12-14T13:28:59.598+0000] {dag.py:3696} INFO - Setting next_dagrun for example_setup_teardown_taskflow to 2023-12-13T13:28:59.598314+00:00, run_after=2023-12-14T13:28:59.598314+00:00
[2023-12-14T13:28:59.885+0000] {processor.py:179} INFO - Processing /home/airflow/.local/lib/python3.8/site-packages/airflow/example_dags/example_setup_teardown_taskflow.py took 0.413 seconds
[2023-12-14T13:29:34.918+0000] {processor.py:157} INFO - Started process (PID=325) to work on /home/airflow/.local/lib/python3.8/site-packages/airflow/example_dags/example_setup_teardown_taskflow.py
[2023-12-14T13:29:34.920+0000] {processor.py:829} INFO - Processing file /home/airflow/.local/lib/python3.8/site-packages/airflow/example_dags/example_setup_teardown_taskflow.py for tasks to queue
[2023-12-14T13:29:34.931+0000] {logging_mixin.py:151} INFO - [2023-12-14T13:29:34.930+0000] {dagbag.py:539} INFO - Filling up the DagBag from /home/airflow/.local/lib/python3.8/site-packages/airflow/example_dags/example_setup_teardown_taskflow.py
[2023-12-14T13:29:34.982+0000] {processor.py:839} INFO - DAG(s) dict_keys(['example_setup_teardown_taskflow']) retrieved from /home/airflow/.local/lib/python3.8/site-packages/airflow/example_dags/example_setup_teardown_taskflow.py
[2023-12-14T13:29:35.082+0000] {logging_mixin.py:151} INFO - [2023-12-14T13:29:35.082+0000] {dag.py:2915} INFO - Sync 1 DAGs
[2023-12-14T13:29:35.168+0000] {logging_mixin.py:151} INFO - [2023-12-14T13:29:35.168+0000] {dag.py:3696} INFO - Setting next_dagrun for example_setup_teardown_taskflow to 2023-12-13T13:29:35.167639+00:00, run_after=2023-12-14T13:29:35.167639+00:00
[2023-12-14T13:29:35.245+0000] {processor.py:179} INFO - Processing /home/airflow/.local/lib/python3.8/site-packages/airflow/example_dags/example_setup_teardown_taskflow.py took 0.341 seconds
[2023-12-14T13:30:06.614+0000] {processor.py:157} INFO - Started process (PID=380) to work on /home/airflow/.local/lib/python3.8/site-packages/airflow/example_dags/example_setup_teardown_taskflow.py
[2023-12-14T13:30:06.619+0000] {processor.py:829} INFO - Processing file /home/airflow/.local/lib/python3.8/site-packages/airflow/example_dags/example_setup_teardown_taskflow.py for tasks to queue
[2023-12-14T13:30:06.625+0000] {logging_mixin.py:151} INFO - [2023-12-14T13:30:06.624+0000] {dagbag.py:539} INFO - Filling up the DagBag from /home/airflow/.local/lib/python3.8/site-packages/airflow/example_dags/example_setup_teardown_taskflow.py
[2023-12-14T13:30:06.693+0000] {processor.py:839} INFO - DAG(s) dict_keys(['example_setup_teardown_taskflow']) retrieved from /home/airflow/.local/lib/python3.8/site-packages/airflow/example_dags/example_setup_teardown_taskflow.py
[2023-12-14T13:30:06.852+0000] {logging_mixin.py:151} INFO - [2023-12-14T13:30:06.851+0000] {dag.py:2915} INFO - Sync 1 DAGs
[2023-12-14T13:30:07.001+0000] {logging_mixin.py:151} INFO - [2023-12-14T13:30:07.001+0000] {dag.py:3696} INFO - Setting next_dagrun for example_setup_teardown_taskflow to 2023-12-13T13:30:07.000748+00:00, run_after=2023-12-14T13:30:07.000748+00:00
[2023-12-14T13:30:07.110+0000] {processor.py:179} INFO - Processing /home/airflow/.local/lib/python3.8/site-packages/airflow/example_dags/example_setup_teardown_taskflow.py took 0.512 seconds
[2023-12-14T13:30:37.472+0000] {processor.py:157} INFO - Started process (PID=434) to work on /home/airflow/.local/lib/python3.8/site-packages/airflow/example_dags/example_setup_teardown_taskflow.py
[2023-12-14T13:30:37.483+0000] {processor.py:829} INFO - Processing file /home/airflow/.local/lib/python3.8/site-packages/airflow/example_dags/example_setup_teardown_taskflow.py for tasks to queue
[2023-12-14T13:30:37.486+0000] {logging_mixin.py:151} INFO - [2023-12-14T13:30:37.485+0000] {dagbag.py:539} INFO - Filling up the DagBag from /home/airflow/.local/lib/python3.8/site-packages/airflow/example_dags/example_setup_teardown_taskflow.py
[2023-12-14T13:30:37.509+0000] {processor.py:839} INFO - DAG(s) dict_keys(['example_setup_teardown_taskflow']) retrieved from /home/airflow/.local/lib/python3.8/site-packages/airflow/example_dags/example_setup_teardown_taskflow.py
[2023-12-14T13:30:37.582+0000] {logging_mixin.py:151} INFO - [2023-12-14T13:30:37.581+0000] {dag.py:2915} INFO - Sync 1 DAGs
[2023-12-14T13:30:37.626+0000] {logging_mixin.py:151} INFO - [2023-12-14T13:30:37.625+0000] {dag.py:3696} INFO - Setting next_dagrun for example_setup_teardown_taskflow to 2023-12-13T13:30:37.625255+00:00, run_after=2023-12-14T13:30:37.625255+00:00
[2023-12-14T13:30:37.692+0000] {processor.py:179} INFO - Processing /home/airflow/.local/lib/python3.8/site-packages/airflow/example_dags/example_setup_teardown_taskflow.py took 0.231 seconds
[2023-12-14T13:31:07.947+0000] {processor.py:157} INFO - Started process (PID=489) to work on /home/airflow/.local/lib/python3.8/site-packages/airflow/example_dags/example_setup_teardown_taskflow.py
[2023-12-14T13:31:07.949+0000] {processor.py:829} INFO - Processing file /home/airflow/.local/lib/python3.8/site-packages/airflow/example_dags/example_setup_teardown_taskflow.py for tasks to queue
[2023-12-14T13:31:07.950+0000] {logging_mixin.py:151} INFO - [2023-12-14T13:31:07.950+0000] {dagbag.py:539} INFO - Filling up the DagBag from /home/airflow/.local/lib/python3.8/site-packages/airflow/example_dags/example_setup_teardown_taskflow.py
[2023-12-14T13:31:07.969+0000] {processor.py:839} INFO - DAG(s) dict_keys(['example_setup_teardown_taskflow']) retrieved from /home/airflow/.local/lib/python3.8/site-packages/airflow/example_dags/example_setup_teardown_taskflow.py
[2023-12-14T13:31:08.007+0000] {logging_mixin.py:151} INFO - [2023-12-14T13:31:08.007+0000] {dag.py:2915} INFO - Sync 1 DAGs
[2023-12-14T13:31:08.044+0000] {logging_mixin.py:151} INFO - [2023-12-14T13:31:08.044+0000] {dag.py:3696} INFO - Setting next_dagrun for example_setup_teardown_taskflow to 2023-12-13T13:31:08.043643+00:00, run_after=2023-12-14T13:31:08.043643+00:00
[2023-12-14T13:31:08.137+0000] {processor.py:179} INFO - Processing /home/airflow/.local/lib/python3.8/site-packages/airflow/example_dags/example_setup_teardown_taskflow.py took 0.196 seconds
[2023-12-14T13:31:38.546+0000] {processor.py:157} INFO - Started process (PID=543) to work on /home/airflow/.local/lib/python3.8/site-packages/airflow/example_dags/example_setup_teardown_taskflow.py
[2023-12-14T13:31:38.547+0000] {processor.py:829} INFO - Processing file /home/airflow/.local/lib/python3.8/site-packages/airflow/example_dags/example_setup_teardown_taskflow.py for tasks to queue
[2023-12-14T13:31:38.549+0000] {logging_mixin.py:151} INFO - [2023-12-14T13:31:38.548+0000] {dagbag.py:539} INFO - Filling up the DagBag from /home/airflow/.local/lib/python3.8/site-packages/airflow/example_dags/example_setup_teardown_taskflow.py
[2023-12-14T13:31:38.569+0000] {processor.py:839} INFO - DAG(s) dict_keys(['example_setup_teardown_taskflow']) retrieved from /home/airflow/.local/lib/python3.8/site-packages/airflow/example_dags/example_setup_teardown_taskflow.py
[2023-12-14T13:31:38.614+0000] {logging_mixin.py:151} INFO - [2023-12-14T13:31:38.613+0000] {dag.py:2915} INFO - Sync 1 DAGs
[2023-12-14T13:31:38.652+0000] {logging_mixin.py:151} INFO - [2023-12-14T13:31:38.652+0000] {dag.py:3696} INFO - Setting next_dagrun for example_setup_teardown_taskflow to 2023-12-13T13:31:38.651843+00:00, run_after=2023-12-14T13:31:38.651843+00:00
[2023-12-14T13:31:38.688+0000] {processor.py:179} INFO - Processing /home/airflow/.local/lib/python3.8/site-packages/airflow/example_dags/example_setup_teardown_taskflow.py took 0.148 seconds
[2023-12-14T13:32:09.314+0000] {processor.py:157} INFO - Started process (PID=597) to work on /home/airflow/.local/lib/python3.8/site-packages/airflow/example_dags/example_setup_teardown_taskflow.py
[2023-12-14T13:32:09.316+0000] {processor.py:829} INFO - Processing file /home/airflow/.local/lib/python3.8/site-packages/airflow/example_dags/example_setup_teardown_taskflow.py for tasks to queue
[2023-12-14T13:32:09.318+0000] {logging_mixin.py:151} INFO - [2023-12-14T13:32:09.317+0000] {dagbag.py:539} INFO - Filling up the DagBag from /home/airflow/.local/lib/python3.8/site-packages/airflow/example_dags/example_setup_teardown_taskflow.py
[2023-12-14T13:32:09.340+0000] {processor.py:839} INFO - DAG(s) dict_keys(['example_setup_teardown_taskflow']) retrieved from /home/airflow/.local/lib/python3.8/site-packages/airflow/example_dags/example_setup_teardown_taskflow.py
[2023-12-14T13:32:09.395+0000] {logging_mixin.py:151} INFO - [2023-12-14T13:32:09.394+0000] {dag.py:2915} INFO - Sync 1 DAGs
[2023-12-14T13:32:09.441+0000] {logging_mixin.py:151} INFO - [2023-12-14T13:32:09.440+0000] {dag.py:3696} INFO - Setting next_dagrun for example_setup_teardown_taskflow to 2023-12-13T13:32:09.440212+00:00, run_after=2023-12-14T13:32:09.440212+00:00
[2023-12-14T13:32:09.480+0000] {processor.py:179} INFO - Processing /home/airflow/.local/lib/python3.8/site-packages/airflow/example_dags/example_setup_teardown_taskflow.py took 0.172 seconds
[2023-12-14T13:32:39.833+0000] {processor.py:157} INFO - Started process (PID=648) to work on /home/airflow/.local/lib/python3.8/site-packages/airflow/example_dags/example_setup_teardown_taskflow.py
[2023-12-14T13:32:39.835+0000] {processor.py:829} INFO - Processing file /home/airflow/.local/lib/python3.8/site-packages/airflow/example_dags/example_setup_teardown_taskflow.py for tasks to queue
[2023-12-14T13:32:39.837+0000] {logging_mixin.py:151} INFO - [2023-12-14T13:32:39.836+0000] {dagbag.py:539} INFO - Filling up the DagBag from /home/airflow/.local/lib/python3.8/site-packages/airflow/example_dags/example_setup_teardown_taskflow.py
[2023-12-14T13:32:39.896+0000] {processor.py:839} INFO - DAG(s) dict_keys(['example_setup_teardown_taskflow']) retrieved from /home/airflow/.local/lib/python3.8/site-packages/airflow/example_dags/example_setup_teardown_taskflow.py
[2023-12-14T13:32:39.950+0000] {logging_mixin.py:151} INFO - [2023-12-14T13:32:39.950+0000] {dag.py:2915} INFO - Sync 1 DAGs
[2023-12-14T13:32:40.002+0000] {logging_mixin.py:151} INFO - [2023-12-14T13:32:40.002+0000] {dag.py:3696} INFO - Setting next_dagrun for example_setup_teardown_taskflow to 2023-12-13T13:32:40.001640+00:00, run_after=2023-12-14T13:32:40.001640+00:00
[2023-12-14T13:32:40.053+0000] {processor.py:179} INFO - Processing /home/airflow/.local/lib/python3.8/site-packages/airflow/example_dags/example_setup_teardown_taskflow.py took 0.229 seconds
[2023-12-14T13:33:10.588+0000] {processor.py:157} INFO - Started process (PID=702) to work on /home/airflow/.local/lib/python3.8/site-packages/airflow/example_dags/example_setup_teardown_taskflow.py
[2023-12-14T13:33:10.589+0000] {processor.py:829} INFO - Processing file /home/airflow/.local/lib/python3.8/site-packages/airflow/example_dags/example_setup_teardown_taskflow.py for tasks to queue
[2023-12-14T13:33:10.591+0000] {logging_mixin.py:151} INFO - [2023-12-14T13:33:10.591+0000] {dagbag.py:539} INFO - Filling up the DagBag from /home/airflow/.local/lib/python3.8/site-packages/airflow/example_dags/example_setup_teardown_taskflow.py
[2023-12-14T13:33:10.608+0000] {processor.py:839} INFO - DAG(s) dict_keys(['example_setup_teardown_taskflow']) retrieved from /home/airflow/.local/lib/python3.8/site-packages/airflow/example_dags/example_setup_teardown_taskflow.py
[2023-12-14T13:33:10.642+0000] {logging_mixin.py:151} INFO - [2023-12-14T13:33:10.642+0000] {dag.py:2915} INFO - Sync 1 DAGs
[2023-12-14T13:33:10.671+0000] {logging_mixin.py:151} INFO - [2023-12-14T13:33:10.671+0000] {dag.py:3696} INFO - Setting next_dagrun for example_setup_teardown_taskflow to 2023-12-13T13:33:10.670919+00:00, run_after=2023-12-14T13:33:10.670919+00:00
[2023-12-14T13:33:11.756+0000] {processor.py:179} INFO - Processing /home/airflow/.local/lib/python3.8/site-packages/airflow/example_dags/example_setup_teardown_taskflow.py took 1.172 seconds
[2023-12-14T13:33:42.263+0000] {processor.py:157} INFO - Started process (PID=754) to work on /home/airflow/.local/lib/python3.8/site-packages/airflow/example_dags/example_setup_teardown_taskflow.py
[2023-12-14T13:33:42.266+0000] {processor.py:829} INFO - Processing file /home/airflow/.local/lib/python3.8/site-packages/airflow/example_dags/example_setup_teardown_taskflow.py for tasks to queue
[2023-12-14T13:33:42.269+0000] {logging_mixin.py:151} INFO - [2023-12-14T13:33:42.268+0000] {dagbag.py:539} INFO - Filling up the DagBag from /home/airflow/.local/lib/python3.8/site-packages/airflow/example_dags/example_setup_teardown_taskflow.py
[2023-12-14T13:33:42.310+0000] {processor.py:839} INFO - DAG(s) dict_keys(['example_setup_teardown_taskflow']) retrieved from /home/airflow/.local/lib/python3.8/site-packages/airflow/example_dags/example_setup_teardown_taskflow.py
[2023-12-14T13:33:42.395+0000] {logging_mixin.py:151} INFO - [2023-12-14T13:33:42.394+0000] {dag.py:2915} INFO - Sync 1 DAGs
[2023-12-14T13:33:42.479+0000] {logging_mixin.py:151} INFO - [2023-12-14T13:33:42.478+0000] {dag.py:3696} INFO - Setting next_dagrun for example_setup_teardown_taskflow to 2023-12-13T13:33:42.477703+00:00, run_after=2023-12-14T13:33:42.477703+00:00
[2023-12-14T13:33:42.550+0000] {processor.py:179} INFO - Processing /home/airflow/.local/lib/python3.8/site-packages/airflow/example_dags/example_setup_teardown_taskflow.py took 0.295 seconds
[2023-12-14T13:34:12.700+0000] {processor.py:157} INFO - Started process (PID=809) to work on /home/airflow/.local/lib/python3.8/site-packages/airflow/example_dags/example_setup_teardown_taskflow.py
[2023-12-14T13:34:12.708+0000] {processor.py:829} INFO - Processing file /home/airflow/.local/lib/python3.8/site-packages/airflow/example_dags/example_setup_teardown_taskflow.py for tasks to queue
[2023-12-14T13:34:12.711+0000] {logging_mixin.py:151} INFO - [2023-12-14T13:34:12.710+0000] {dagbag.py:539} INFO - Filling up the DagBag from /home/airflow/.local/lib/python3.8/site-packages/airflow/example_dags/example_setup_teardown_taskflow.py
[2023-12-14T13:34:12.728+0000] {processor.py:839} INFO - DAG(s) dict_keys(['example_setup_teardown_taskflow']) retrieved from /home/airflow/.local/lib/python3.8/site-packages/airflow/example_dags/example_setup_teardown_taskflow.py
[2023-12-14T13:34:12.768+0000] {logging_mixin.py:151} INFO - [2023-12-14T13:34:12.767+0000] {dag.py:2915} INFO - Sync 1 DAGs
[2023-12-14T13:34:12.805+0000] {logging_mixin.py:151} INFO - [2023-12-14T13:34:12.805+0000] {dag.py:3696} INFO - Setting next_dagrun for example_setup_teardown_taskflow to 2023-12-13T13:34:12.805246+00:00, run_after=2023-12-14T13:34:12.805246+00:00
[2023-12-14T13:34:13.001+0000] {processor.py:179} INFO - Processing /home/airflow/.local/lib/python3.8/site-packages/airflow/example_dags/example_setup_teardown_taskflow.py took 0.305 seconds
[2023-12-14T13:36:17.973+0000] {processor.py:157} INFO - Started process (PID=53) to work on /home/airflow/.local/lib/python3.8/site-packages/airflow/example_dags/example_setup_teardown_taskflow.py
[2023-12-14T13:36:17.979+0000] {processor.py:829} INFO - Processing file /home/airflow/.local/lib/python3.8/site-packages/airflow/example_dags/example_setup_teardown_taskflow.py for tasks to queue
[2023-12-14T13:36:17.983+0000] {logging_mixin.py:151} INFO - [2023-12-14T13:36:17.983+0000] {dagbag.py:539} INFO - Filling up the DagBag from /home/airflow/.local/lib/python3.8/site-packages/airflow/example_dags/example_setup_teardown_taskflow.py
[2023-12-14T13:36:18.066+0000] {processor.py:839} INFO - DAG(s) dict_keys(['example_setup_teardown_taskflow']) retrieved from /home/airflow/.local/lib/python3.8/site-packages/airflow/example_dags/example_setup_teardown_taskflow.py
[2023-12-14T13:36:18.886+0000] {logging_mixin.py:151} INFO - [2023-12-14T13:36:18.886+0000] {dag.py:2915} INFO - Sync 1 DAGs
[2023-12-14T13:36:18.982+0000] {logging_mixin.py:151} INFO - [2023-12-14T13:36:18.982+0000] {dag.py:3696} INFO - Setting next_dagrun for example_setup_teardown_taskflow to 2023-12-13T13:36:18.982127+00:00, run_after=2023-12-14T13:36:18.982127+00:00
[2023-12-14T13:36:19.046+0000] {processor.py:179} INFO - Processing /home/airflow/.local/lib/python3.8/site-packages/airflow/example_dags/example_setup_teardown_taskflow.py took 1.078 seconds
[2023-12-14T13:36:49.365+0000] {processor.py:157} INFO - Started process (PID=107) to work on /home/airflow/.local/lib/python3.8/site-packages/airflow/example_dags/example_setup_teardown_taskflow.py
[2023-12-14T13:36:49.372+0000] {processor.py:829} INFO - Processing file /home/airflow/.local/lib/python3.8/site-packages/airflow/example_dags/example_setup_teardown_taskflow.py for tasks to queue
[2023-12-14T13:36:49.377+0000] {logging_mixin.py:151} INFO - [2023-12-14T13:36:49.376+0000] {dagbag.py:539} INFO - Filling up the DagBag from /home/airflow/.local/lib/python3.8/site-packages/airflow/example_dags/example_setup_teardown_taskflow.py
[2023-12-14T13:36:49.419+0000] {processor.py:839} INFO - DAG(s) dict_keys(['example_setup_teardown_taskflow']) retrieved from /home/airflow/.local/lib/python3.8/site-packages/airflow/example_dags/example_setup_teardown_taskflow.py
[2023-12-14T13:36:49.504+0000] {logging_mixin.py:151} INFO - [2023-12-14T13:36:49.503+0000] {dag.py:2915} INFO - Sync 1 DAGs
[2023-12-14T13:36:49.589+0000] {logging_mixin.py:151} INFO - [2023-12-14T13:36:49.588+0000] {dag.py:3696} INFO - Setting next_dagrun for example_setup_teardown_taskflow to 2023-12-13T13:36:49.586364+00:00, run_after=2023-12-14T13:36:49.586364+00:00
[2023-12-14T13:36:49.665+0000] {processor.py:179} INFO - Processing /home/airflow/.local/lib/python3.8/site-packages/airflow/example_dags/example_setup_teardown_taskflow.py took 0.309 seconds
[2023-12-14T13:37:19.794+0000] {processor.py:157} INFO - Started process (PID=161) to work on /home/airflow/.local/lib/python3.8/site-packages/airflow/example_dags/example_setup_teardown_taskflow.py
[2023-12-14T13:37:19.796+0000] {processor.py:829} INFO - Processing file /home/airflow/.local/lib/python3.8/site-packages/airflow/example_dags/example_setup_teardown_taskflow.py for tasks to queue
[2023-12-14T13:37:19.797+0000] {logging_mixin.py:151} INFO - [2023-12-14T13:37:19.796+0000] {dagbag.py:539} INFO - Filling up the DagBag from /home/airflow/.local/lib/python3.8/site-packages/airflow/example_dags/example_setup_teardown_taskflow.py
[2023-12-14T13:37:19.812+0000] {processor.py:839} INFO - DAG(s) dict_keys(['example_setup_teardown_taskflow']) retrieved from /home/airflow/.local/lib/python3.8/site-packages/airflow/example_dags/example_setup_teardown_taskflow.py
[2023-12-14T13:37:19.845+0000] {logging_mixin.py:151} INFO - [2023-12-14T13:37:19.845+0000] {dag.py:2915} INFO - Sync 1 DAGs
[2023-12-14T13:37:19.879+0000] {logging_mixin.py:151} INFO - [2023-12-14T13:37:19.878+0000] {dag.py:3696} INFO - Setting next_dagrun for example_setup_teardown_taskflow to 2023-12-13T13:37:19.878475+00:00, run_after=2023-12-14T13:37:19.878475+00:00
[2023-12-14T13:37:19.909+0000] {processor.py:179} INFO - Processing /home/airflow/.local/lib/python3.8/site-packages/airflow/example_dags/example_setup_teardown_taskflow.py took 0.118 seconds
[2023-12-14T13:46:37.038+0000] {processor.py:157} INFO - Started process (PID=47) to work on /home/airflow/.local/lib/python3.8/site-packages/airflow/example_dags/example_setup_teardown_taskflow.py
[2023-12-14T13:46:37.042+0000] {processor.py:829} INFO - Processing file /home/airflow/.local/lib/python3.8/site-packages/airflow/example_dags/example_setup_teardown_taskflow.py for tasks to queue
[2023-12-14T13:46:37.051+0000] {logging_mixin.py:151} INFO - [2023-12-14T13:46:37.049+0000] {dagbag.py:539} INFO - Filling up the DagBag from /home/airflow/.local/lib/python3.8/site-packages/airflow/example_dags/example_setup_teardown_taskflow.py
[2023-12-14T13:46:37.137+0000] {processor.py:839} INFO - DAG(s) dict_keys(['example_setup_teardown_taskflow']) retrieved from /home/airflow/.local/lib/python3.8/site-packages/airflow/example_dags/example_setup_teardown_taskflow.py
[2023-12-14T13:46:37.195+0000] {logging_mixin.py:151} INFO - [2023-12-14T13:46:37.195+0000] {dag.py:2915} INFO - Sync 1 DAGs
[2023-12-14T13:46:37.256+0000] {logging_mixin.py:151} INFO - [2023-12-14T13:46:37.256+0000] {dag.py:3696} INFO - Setting next_dagrun for example_setup_teardown_taskflow to 2023-12-13T13:46:37.255403+00:00, run_after=2023-12-14T13:46:37.255403+00:00
[2023-12-14T13:46:37.301+0000] {processor.py:179} INFO - Processing /home/airflow/.local/lib/python3.8/site-packages/airflow/example_dags/example_setup_teardown_taskflow.py took 0.304 seconds
[2023-12-14T13:47:07.511+0000] {processor.py:157} INFO - Started process (PID=102) to work on /home/airflow/.local/lib/python3.8/site-packages/airflow/example_dags/example_setup_teardown_taskflow.py
[2023-12-14T13:47:07.520+0000] {processor.py:829} INFO - Processing file /home/airflow/.local/lib/python3.8/site-packages/airflow/example_dags/example_setup_teardown_taskflow.py for tasks to queue
[2023-12-14T13:47:07.522+0000] {logging_mixin.py:151} INFO - [2023-12-14T13:47:07.521+0000] {dagbag.py:539} INFO - Filling up the DagBag from /home/airflow/.local/lib/python3.8/site-packages/airflow/example_dags/example_setup_teardown_taskflow.py
[2023-12-14T13:47:07.540+0000] {processor.py:839} INFO - DAG(s) dict_keys(['example_setup_teardown_taskflow']) retrieved from /home/airflow/.local/lib/python3.8/site-packages/airflow/example_dags/example_setup_teardown_taskflow.py
[2023-12-14T13:47:07.577+0000] {logging_mixin.py:151} INFO - [2023-12-14T13:47:07.577+0000] {dag.py:2915} INFO - Sync 1 DAGs
[2023-12-14T13:47:07.605+0000] {logging_mixin.py:151} INFO - [2023-12-14T13:47:07.605+0000] {dag.py:3696} INFO - Setting next_dagrun for example_setup_teardown_taskflow to 2023-12-13T13:47:07.605395+00:00, run_after=2023-12-14T13:47:07.605395+00:00
[2023-12-14T13:47:07.631+0000] {processor.py:179} INFO - Processing /home/airflow/.local/lib/python3.8/site-packages/airflow/example_dags/example_setup_teardown_taskflow.py took 0.124 seconds
[2023-12-14T13:47:38.350+0000] {processor.py:157} INFO - Started process (PID=156) to work on /home/airflow/.local/lib/python3.8/site-packages/airflow/example_dags/example_setup_teardown_taskflow.py
[2023-12-14T13:47:38.352+0000] {processor.py:829} INFO - Processing file /home/airflow/.local/lib/python3.8/site-packages/airflow/example_dags/example_setup_teardown_taskflow.py for tasks to queue
[2023-12-14T13:47:38.353+0000] {logging_mixin.py:151} INFO - [2023-12-14T13:47:38.353+0000] {dagbag.py:539} INFO - Filling up the DagBag from /home/airflow/.local/lib/python3.8/site-packages/airflow/example_dags/example_setup_teardown_taskflow.py
[2023-12-14T13:47:38.365+0000] {processor.py:839} INFO - DAG(s) dict_keys(['example_setup_teardown_taskflow']) retrieved from /home/airflow/.local/lib/python3.8/site-packages/airflow/example_dags/example_setup_teardown_taskflow.py
[2023-12-14T13:47:38.394+0000] {logging_mixin.py:151} INFO - [2023-12-14T13:47:38.394+0000] {dag.py:2915} INFO - Sync 1 DAGs
[2023-12-14T13:47:38.421+0000] {logging_mixin.py:151} INFO - [2023-12-14T13:47:38.421+0000] {dag.py:3696} INFO - Setting next_dagrun for example_setup_teardown_taskflow to 2023-12-13T13:47:38.421102+00:00, run_after=2023-12-14T13:47:38.421102+00:00
[2023-12-14T13:47:38.448+0000] {processor.py:179} INFO - Processing /home/airflow/.local/lib/python3.8/site-packages/airflow/example_dags/example_setup_teardown_taskflow.py took 0.101 seconds
[2023-12-14T13:48:08.988+0000] {processor.py:157} INFO - Started process (PID=209) to work on /home/airflow/.local/lib/python3.8/site-packages/airflow/example_dags/example_setup_teardown_taskflow.py
[2023-12-14T13:48:08.989+0000] {processor.py:829} INFO - Processing file /home/airflow/.local/lib/python3.8/site-packages/airflow/example_dags/example_setup_teardown_taskflow.py for tasks to queue
[2023-12-14T13:48:08.991+0000] {logging_mixin.py:151} INFO - [2023-12-14T13:48:08.990+0000] {dagbag.py:539} INFO - Filling up the DagBag from /home/airflow/.local/lib/python3.8/site-packages/airflow/example_dags/example_setup_teardown_taskflow.py
[2023-12-14T13:48:09.008+0000] {processor.py:839} INFO - DAG(s) dict_keys(['example_setup_teardown_taskflow']) retrieved from /home/airflow/.local/lib/python3.8/site-packages/airflow/example_dags/example_setup_teardown_taskflow.py
[2023-12-14T13:48:09.041+0000] {logging_mixin.py:151} INFO - [2023-12-14T13:48:09.040+0000] {dag.py:2915} INFO - Sync 1 DAGs
[2023-12-14T13:48:09.073+0000] {logging_mixin.py:151} INFO - [2023-12-14T13:48:09.073+0000] {dag.py:3696} INFO - Setting next_dagrun for example_setup_teardown_taskflow to 2023-12-13T13:48:09.072849+00:00, run_after=2023-12-14T13:48:09.072849+00:00
[2023-12-14T13:48:09.109+0000] {processor.py:179} INFO - Processing /home/airflow/.local/lib/python3.8/site-packages/airflow/example_dags/example_setup_teardown_taskflow.py took 0.127 seconds
[2023-12-14T13:48:40.020+0000] {processor.py:157} INFO - Started process (PID=263) to work on /home/airflow/.local/lib/python3.8/site-packages/airflow/example_dags/example_setup_teardown_taskflow.py
[2023-12-14T13:48:40.022+0000] {processor.py:829} INFO - Processing file /home/airflow/.local/lib/python3.8/site-packages/airflow/example_dags/example_setup_teardown_taskflow.py for tasks to queue
[2023-12-14T13:48:40.023+0000] {logging_mixin.py:151} INFO - [2023-12-14T13:48:40.023+0000] {dagbag.py:539} INFO - Filling up the DagBag from /home/airflow/.local/lib/python3.8/site-packages/airflow/example_dags/example_setup_teardown_taskflow.py
[2023-12-14T13:48:40.039+0000] {processor.py:839} INFO - DAG(s) dict_keys(['example_setup_teardown_taskflow']) retrieved from /home/airflow/.local/lib/python3.8/site-packages/airflow/example_dags/example_setup_teardown_taskflow.py
[2023-12-14T13:48:40.064+0000] {logging_mixin.py:151} INFO - [2023-12-14T13:48:40.064+0000] {dag.py:2915} INFO - Sync 1 DAGs
[2023-12-14T13:48:40.089+0000] {logging_mixin.py:151} INFO - [2023-12-14T13:48:40.089+0000] {dag.py:3696} INFO - Setting next_dagrun for example_setup_teardown_taskflow to 2023-12-13T13:48:40.088840+00:00, run_after=2023-12-14T13:48:40.088840+00:00
[2023-12-14T13:48:40.112+0000] {processor.py:179} INFO - Processing /home/airflow/.local/lib/python3.8/site-packages/airflow/example_dags/example_setup_teardown_taskflow.py took 0.095 seconds
[2023-12-14T13:49:10.600+0000] {processor.py:157} INFO - Started process (PID=317) to work on /home/airflow/.local/lib/python3.8/site-packages/airflow/example_dags/example_setup_teardown_taskflow.py
[2023-12-14T13:49:10.603+0000] {processor.py:829} INFO - Processing file /home/airflow/.local/lib/python3.8/site-packages/airflow/example_dags/example_setup_teardown_taskflow.py for tasks to queue
[2023-12-14T13:49:10.605+0000] {logging_mixin.py:151} INFO - [2023-12-14T13:49:10.604+0000] {dagbag.py:539} INFO - Filling up the DagBag from /home/airflow/.local/lib/python3.8/site-packages/airflow/example_dags/example_setup_teardown_taskflow.py
[2023-12-14T13:49:10.616+0000] {processor.py:839} INFO - DAG(s) dict_keys(['example_setup_teardown_taskflow']) retrieved from /home/airflow/.local/lib/python3.8/site-packages/airflow/example_dags/example_setup_teardown_taskflow.py
[2023-12-14T13:49:10.642+0000] {logging_mixin.py:151} INFO - [2023-12-14T13:49:10.642+0000] {dag.py:2915} INFO - Sync 1 DAGs
[2023-12-14T13:49:10.664+0000] {logging_mixin.py:151} INFO - [2023-12-14T13:49:10.664+0000] {dag.py:3696} INFO - Setting next_dagrun for example_setup_teardown_taskflow to 2023-12-13T13:49:10.664213+00:00, run_after=2023-12-14T13:49:10.664213+00:00
[2023-12-14T13:49:10.696+0000] {processor.py:179} INFO - Processing /home/airflow/.local/lib/python3.8/site-packages/airflow/example_dags/example_setup_teardown_taskflow.py took 0.100 seconds
[2023-12-14T13:49:41.054+0000] {processor.py:157} INFO - Started process (PID=370) to work on /home/airflow/.local/lib/python3.8/site-packages/airflow/example_dags/example_setup_teardown_taskflow.py
[2023-12-14T13:49:41.055+0000] {processor.py:829} INFO - Processing file /home/airflow/.local/lib/python3.8/site-packages/airflow/example_dags/example_setup_teardown_taskflow.py for tasks to queue
[2023-12-14T13:49:41.056+0000] {logging_mixin.py:151} INFO - [2023-12-14T13:49:41.056+0000] {dagbag.py:539} INFO - Filling up the DagBag from /home/airflow/.local/lib/python3.8/site-packages/airflow/example_dags/example_setup_teardown_taskflow.py
[2023-12-14T13:49:41.068+0000] {processor.py:839} INFO - DAG(s) dict_keys(['example_setup_teardown_taskflow']) retrieved from /home/airflow/.local/lib/python3.8/site-packages/airflow/example_dags/example_setup_teardown_taskflow.py
[2023-12-14T13:49:41.094+0000] {logging_mixin.py:151} INFO - [2023-12-14T13:49:41.094+0000] {dag.py:2915} INFO - Sync 1 DAGs
[2023-12-14T13:49:41.124+0000] {logging_mixin.py:151} INFO - [2023-12-14T13:49:41.124+0000] {dag.py:3696} INFO - Setting next_dagrun for example_setup_teardown_taskflow to 2023-12-13T13:49:41.124053+00:00, run_after=2023-12-14T13:49:41.124053+00:00
[2023-12-14T13:49:41.158+0000] {processor.py:179} INFO - Processing /home/airflow/.local/lib/python3.8/site-packages/airflow/example_dags/example_setup_teardown_taskflow.py took 0.108 seconds
[2023-12-14T13:50:11.777+0000] {processor.py:157} INFO - Started process (PID=425) to work on /home/airflow/.local/lib/python3.8/site-packages/airflow/example_dags/example_setup_teardown_taskflow.py
[2023-12-14T13:50:11.777+0000] {processor.py:829} INFO - Processing file /home/airflow/.local/lib/python3.8/site-packages/airflow/example_dags/example_setup_teardown_taskflow.py for tasks to queue
[2023-12-14T13:50:11.778+0000] {logging_mixin.py:151} INFO - [2023-12-14T13:50:11.778+0000] {dagbag.py:539} INFO - Filling up the DagBag from /home/airflow/.local/lib/python3.8/site-packages/airflow/example_dags/example_setup_teardown_taskflow.py
[2023-12-14T13:50:11.789+0000] {processor.py:839} INFO - DAG(s) dict_keys(['example_setup_teardown_taskflow']) retrieved from /home/airflow/.local/lib/python3.8/site-packages/airflow/example_dags/example_setup_teardown_taskflow.py
[2023-12-14T13:50:11.809+0000] {logging_mixin.py:151} INFO - [2023-12-14T13:50:11.809+0000] {dag.py:2915} INFO - Sync 1 DAGs
[2023-12-14T13:50:11.831+0000] {logging_mixin.py:151} INFO - [2023-12-14T13:50:11.830+0000] {dag.py:3696} INFO - Setting next_dagrun for example_setup_teardown_taskflow to 2023-12-13T13:50:11.830650+00:00, run_after=2023-12-14T13:50:11.830650+00:00
[2023-12-14T13:50:11.853+0000] {processor.py:179} INFO - Processing /home/airflow/.local/lib/python3.8/site-packages/airflow/example_dags/example_setup_teardown_taskflow.py took 0.080 seconds
[2023-12-14T13:50:42.356+0000] {processor.py:157} INFO - Started process (PID=479) to work on /home/airflow/.local/lib/python3.8/site-packages/airflow/example_dags/example_setup_teardown_taskflow.py
[2023-12-14T13:50:42.357+0000] {processor.py:829} INFO - Processing file /home/airflow/.local/lib/python3.8/site-packages/airflow/example_dags/example_setup_teardown_taskflow.py for tasks to queue
[2023-12-14T13:50:42.358+0000] {logging_mixin.py:151} INFO - [2023-12-14T13:50:42.358+0000] {dagbag.py:539} INFO - Filling up the DagBag from /home/airflow/.local/lib/python3.8/site-packages/airflow/example_dags/example_setup_teardown_taskflow.py
[2023-12-14T13:50:42.372+0000] {processor.py:839} INFO - DAG(s) dict_keys(['example_setup_teardown_taskflow']) retrieved from /home/airflow/.local/lib/python3.8/site-packages/airflow/example_dags/example_setup_teardown_taskflow.py
[2023-12-14T13:50:42.394+0000] {logging_mixin.py:151} INFO - [2023-12-14T13:50:42.393+0000] {dag.py:2915} INFO - Sync 1 DAGs
[2023-12-14T13:50:42.414+0000] {logging_mixin.py:151} INFO - [2023-12-14T13:50:42.414+0000] {dag.py:3696} INFO - Setting next_dagrun for example_setup_teardown_taskflow to 2023-12-13T13:50:42.413979+00:00, run_after=2023-12-14T13:50:42.413979+00:00
[2023-12-14T13:50:42.437+0000] {processor.py:179} INFO - Processing /home/airflow/.local/lib/python3.8/site-packages/airflow/example_dags/example_setup_teardown_taskflow.py took 0.085 seconds
[2023-12-14T13:51:12.754+0000] {processor.py:157} INFO - Started process (PID=533) to work on /home/airflow/.local/lib/python3.8/site-packages/airflow/example_dags/example_setup_teardown_taskflow.py
[2023-12-14T13:51:12.755+0000] {processor.py:829} INFO - Processing file /home/airflow/.local/lib/python3.8/site-packages/airflow/example_dags/example_setup_teardown_taskflow.py for tasks to queue
[2023-12-14T13:51:12.756+0000] {logging_mixin.py:151} INFO - [2023-12-14T13:51:12.755+0000] {dagbag.py:539} INFO - Filling up the DagBag from /home/airflow/.local/lib/python3.8/site-packages/airflow/example_dags/example_setup_teardown_taskflow.py
[2023-12-14T13:51:12.767+0000] {processor.py:839} INFO - DAG(s) dict_keys(['example_setup_teardown_taskflow']) retrieved from /home/airflow/.local/lib/python3.8/site-packages/airflow/example_dags/example_setup_teardown_taskflow.py
[2023-12-14T13:51:12.792+0000] {logging_mixin.py:151} INFO - [2023-12-14T13:51:12.792+0000] {dag.py:2915} INFO - Sync 1 DAGs
[2023-12-14T13:51:12.818+0000] {logging_mixin.py:151} INFO - [2023-12-14T13:51:12.817+0000] {dag.py:3696} INFO - Setting next_dagrun for example_setup_teardown_taskflow to 2023-12-13T13:51:12.817414+00:00, run_after=2023-12-14T13:51:12.817414+00:00
[2023-12-14T13:51:12.841+0000] {processor.py:179} INFO - Processing /home/airflow/.local/lib/python3.8/site-packages/airflow/example_dags/example_setup_teardown_taskflow.py took 0.090 seconds
[2023-12-14T13:51:43.342+0000] {processor.py:157} INFO - Started process (PID=587) to work on /home/airflow/.local/lib/python3.8/site-packages/airflow/example_dags/example_setup_teardown_taskflow.py
[2023-12-14T13:51:43.343+0000] {processor.py:829} INFO - Processing file /home/airflow/.local/lib/python3.8/site-packages/airflow/example_dags/example_setup_teardown_taskflow.py for tasks to queue
[2023-12-14T13:51:43.344+0000] {logging_mixin.py:151} INFO - [2023-12-14T13:51:43.344+0000] {dagbag.py:539} INFO - Filling up the DagBag from /home/airflow/.local/lib/python3.8/site-packages/airflow/example_dags/example_setup_teardown_taskflow.py
[2023-12-14T13:51:43.356+0000] {processor.py:839} INFO - DAG(s) dict_keys(['example_setup_teardown_taskflow']) retrieved from /home/airflow/.local/lib/python3.8/site-packages/airflow/example_dags/example_setup_teardown_taskflow.py
[2023-12-14T13:51:43.382+0000] {logging_mixin.py:151} INFO - [2023-12-14T13:51:43.381+0000] {dag.py:2915} INFO - Sync 1 DAGs
[2023-12-14T13:51:43.407+0000] {logging_mixin.py:151} INFO - [2023-12-14T13:51:43.407+0000] {dag.py:3696} INFO - Setting next_dagrun for example_setup_teardown_taskflow to 2023-12-13T13:51:43.406720+00:00, run_after=2023-12-14T13:51:43.406720+00:00
[2023-12-14T13:51:43.428+0000] {processor.py:179} INFO - Processing /home/airflow/.local/lib/python3.8/site-packages/airflow/example_dags/example_setup_teardown_taskflow.py took 0.090 seconds
[2023-12-14T13:52:13.812+0000] {processor.py:157} INFO - Started process (PID=641) to work on /home/airflow/.local/lib/python3.8/site-packages/airflow/example_dags/example_setup_teardown_taskflow.py
[2023-12-14T13:52:13.812+0000] {processor.py:829} INFO - Processing file /home/airflow/.local/lib/python3.8/site-packages/airflow/example_dags/example_setup_teardown_taskflow.py for tasks to queue
[2023-12-14T13:52:13.813+0000] {logging_mixin.py:151} INFO - [2023-12-14T13:52:13.813+0000] {dagbag.py:539} INFO - Filling up the DagBag from /home/airflow/.local/lib/python3.8/site-packages/airflow/example_dags/example_setup_teardown_taskflow.py
[2023-12-14T13:52:13.823+0000] {processor.py:839} INFO - DAG(s) dict_keys(['example_setup_teardown_taskflow']) retrieved from /home/airflow/.local/lib/python3.8/site-packages/airflow/example_dags/example_setup_teardown_taskflow.py
[2023-12-14T13:52:13.846+0000] {logging_mixin.py:151} INFO - [2023-12-14T13:52:13.846+0000] {dag.py:2915} INFO - Sync 1 DAGs
[2023-12-14T13:52:13.866+0000] {logging_mixin.py:151} INFO - [2023-12-14T13:52:13.866+0000] {dag.py:3696} INFO - Setting next_dagrun for example_setup_teardown_taskflow to 2023-12-13T13:52:13.865765+00:00, run_after=2023-12-14T13:52:13.865765+00:00
[2023-12-14T13:52:13.890+0000] {processor.py:179} INFO - Processing /home/airflow/.local/lib/python3.8/site-packages/airflow/example_dags/example_setup_teardown_taskflow.py took 0.081 seconds
[2023-12-14T13:52:44.382+0000] {processor.py:157} INFO - Started process (PID=695) to work on /home/airflow/.local/lib/python3.8/site-packages/airflow/example_dags/example_setup_teardown_taskflow.py
[2023-12-14T13:52:44.383+0000] {processor.py:829} INFO - Processing file /home/airflow/.local/lib/python3.8/site-packages/airflow/example_dags/example_setup_teardown_taskflow.py for tasks to queue
[2023-12-14T13:52:44.384+0000] {logging_mixin.py:151} INFO - [2023-12-14T13:52:44.384+0000] {dagbag.py:539} INFO - Filling up the DagBag from /home/airflow/.local/lib/python3.8/site-packages/airflow/example_dags/example_setup_teardown_taskflow.py
[2023-12-14T13:52:44.397+0000] {processor.py:839} INFO - DAG(s) dict_keys(['example_setup_teardown_taskflow']) retrieved from /home/airflow/.local/lib/python3.8/site-packages/airflow/example_dags/example_setup_teardown_taskflow.py
[2023-12-14T13:52:44.423+0000] {logging_mixin.py:151} INFO - [2023-12-14T13:52:44.422+0000] {dag.py:2915} INFO - Sync 1 DAGs
[2023-12-14T13:52:44.449+0000] {logging_mixin.py:151} INFO - [2023-12-14T13:52:44.449+0000] {dag.py:3696} INFO - Setting next_dagrun for example_setup_teardown_taskflow to 2023-12-13T13:52:44.448645+00:00, run_after=2023-12-14T13:52:44.448645+00:00
[2023-12-14T13:52:44.472+0000] {processor.py:179} INFO - Processing /home/airflow/.local/lib/python3.8/site-packages/airflow/example_dags/example_setup_teardown_taskflow.py took 0.094 seconds
[2023-12-14T13:53:14.963+0000] {processor.py:157} INFO - Started process (PID=749) to work on /home/airflow/.local/lib/python3.8/site-packages/airflow/example_dags/example_setup_teardown_taskflow.py
[2023-12-14T13:53:14.964+0000] {processor.py:829} INFO - Processing file /home/airflow/.local/lib/python3.8/site-packages/airflow/example_dags/example_setup_teardown_taskflow.py for tasks to queue
[2023-12-14T13:53:14.965+0000] {logging_mixin.py:151} INFO - [2023-12-14T13:53:14.965+0000] {dagbag.py:539} INFO - Filling up the DagBag from /home/airflow/.local/lib/python3.8/site-packages/airflow/example_dags/example_setup_teardown_taskflow.py
[2023-12-14T13:53:14.980+0000] {processor.py:839} INFO - DAG(s) dict_keys(['example_setup_teardown_taskflow']) retrieved from /home/airflow/.local/lib/python3.8/site-packages/airflow/example_dags/example_setup_teardown_taskflow.py
[2023-12-14T13:53:15.005+0000] {logging_mixin.py:151} INFO - [2023-12-14T13:53:15.005+0000] {dag.py:2915} INFO - Sync 1 DAGs
[2023-12-14T13:53:15.030+0000] {logging_mixin.py:151} INFO - [2023-12-14T13:53:15.030+0000] {dag.py:3696} INFO - Setting next_dagrun for example_setup_teardown_taskflow to 2023-12-13T13:53:15.029815+00:00, run_after=2023-12-14T13:53:15.029815+00:00
[2023-12-14T13:53:15.055+0000] {processor.py:179} INFO - Processing /home/airflow/.local/lib/python3.8/site-packages/airflow/example_dags/example_setup_teardown_taskflow.py took 0.096 seconds
[2023-12-14T13:53:45.788+0000] {processor.py:157} INFO - Started process (PID=803) to work on /home/airflow/.local/lib/python3.8/site-packages/airflow/example_dags/example_setup_teardown_taskflow.py
[2023-12-14T13:53:45.789+0000] {processor.py:829} INFO - Processing file /home/airflow/.local/lib/python3.8/site-packages/airflow/example_dags/example_setup_teardown_taskflow.py for tasks to queue
[2023-12-14T13:53:45.790+0000] {logging_mixin.py:151} INFO - [2023-12-14T13:53:45.789+0000] {dagbag.py:539} INFO - Filling up the DagBag from /home/airflow/.local/lib/python3.8/site-packages/airflow/example_dags/example_setup_teardown_taskflow.py
[2023-12-14T13:53:45.801+0000] {processor.py:839} INFO - DAG(s) dict_keys(['example_setup_teardown_taskflow']) retrieved from /home/airflow/.local/lib/python3.8/site-packages/airflow/example_dags/example_setup_teardown_taskflow.py
[2023-12-14T13:53:45.826+0000] {logging_mixin.py:151} INFO - [2023-12-14T13:53:45.826+0000] {dag.py:2915} INFO - Sync 1 DAGs
[2023-12-14T13:53:45.851+0000] {logging_mixin.py:151} INFO - [2023-12-14T13:53:45.851+0000] {dag.py:3696} INFO - Setting next_dagrun for example_setup_teardown_taskflow to 2023-12-13T13:53:45.851032+00:00, run_after=2023-12-14T13:53:45.851032+00:00
[2023-12-14T13:53:45.879+0000] {processor.py:179} INFO - Processing /home/airflow/.local/lib/python3.8/site-packages/airflow/example_dags/example_setup_teardown_taskflow.py took 0.096 seconds
[2023-12-14T13:54:16.581+0000] {processor.py:157} INFO - Started process (PID=864) to work on /home/airflow/.local/lib/python3.8/site-packages/airflow/example_dags/example_setup_teardown_taskflow.py
[2023-12-14T13:54:16.583+0000] {processor.py:829} INFO - Processing file /home/airflow/.local/lib/python3.8/site-packages/airflow/example_dags/example_setup_teardown_taskflow.py for tasks to queue
[2023-12-14T13:54:16.584+0000] {logging_mixin.py:151} INFO - [2023-12-14T13:54:16.584+0000] {dagbag.py:539} INFO - Filling up the DagBag from /home/airflow/.local/lib/python3.8/site-packages/airflow/example_dags/example_setup_teardown_taskflow.py
[2023-12-14T13:54:16.599+0000] {processor.py:839} INFO - DAG(s) dict_keys(['example_setup_teardown_taskflow']) retrieved from /home/airflow/.local/lib/python3.8/site-packages/airflow/example_dags/example_setup_teardown_taskflow.py
[2023-12-14T13:54:16.629+0000] {logging_mixin.py:151} INFO - [2023-12-14T13:54:16.628+0000] {dag.py:2915} INFO - Sync 1 DAGs
[2023-12-14T13:54:16.655+0000] {logging_mixin.py:151} INFO - [2023-12-14T13:54:16.654+0000] {dag.py:3696} INFO - Setting next_dagrun for example_setup_teardown_taskflow to 2023-12-13T13:54:16.654430+00:00, run_after=2023-12-14T13:54:16.654430+00:00
[2023-12-14T13:54:16.681+0000] {processor.py:179} INFO - Processing /home/airflow/.local/lib/python3.8/site-packages/airflow/example_dags/example_setup_teardown_taskflow.py took 0.104 seconds
[2023-12-14T13:54:47.004+0000] {processor.py:157} INFO - Started process (PID=918) to work on /home/airflow/.local/lib/python3.8/site-packages/airflow/example_dags/example_setup_teardown_taskflow.py
[2023-12-14T13:54:47.005+0000] {processor.py:829} INFO - Processing file /home/airflow/.local/lib/python3.8/site-packages/airflow/example_dags/example_setup_teardown_taskflow.py for tasks to queue
[2023-12-14T13:54:47.007+0000] {logging_mixin.py:151} INFO - [2023-12-14T13:54:47.006+0000] {dagbag.py:539} INFO - Filling up the DagBag from /home/airflow/.local/lib/python3.8/site-packages/airflow/example_dags/example_setup_teardown_taskflow.py
[2023-12-14T13:54:47.018+0000] {processor.py:839} INFO - DAG(s) dict_keys(['example_setup_teardown_taskflow']) retrieved from /home/airflow/.local/lib/python3.8/site-packages/airflow/example_dags/example_setup_teardown_taskflow.py
[2023-12-14T13:54:47.043+0000] {logging_mixin.py:151} INFO - [2023-12-14T13:54:47.043+0000] {dag.py:2915} INFO - Sync 1 DAGs
[2023-12-14T13:54:47.066+0000] {logging_mixin.py:151} INFO - [2023-12-14T13:54:47.066+0000] {dag.py:3696} INFO - Setting next_dagrun for example_setup_teardown_taskflow to 2023-12-13T13:54:47.066407+00:00, run_after=2023-12-14T13:54:47.066407+00:00
[2023-12-14T13:54:47.092+0000] {processor.py:179} INFO - Processing /home/airflow/.local/lib/python3.8/site-packages/airflow/example_dags/example_setup_teardown_taskflow.py took 0.093 seconds
[2023-12-14T13:55:17.301+0000] {processor.py:157} INFO - Started process (PID=972) to work on /home/airflow/.local/lib/python3.8/site-packages/airflow/example_dags/example_setup_teardown_taskflow.py
[2023-12-14T13:55:17.302+0000] {processor.py:829} INFO - Processing file /home/airflow/.local/lib/python3.8/site-packages/airflow/example_dags/example_setup_teardown_taskflow.py for tasks to queue
[2023-12-14T13:55:17.303+0000] {logging_mixin.py:151} INFO - [2023-12-14T13:55:17.303+0000] {dagbag.py:539} INFO - Filling up the DagBag from /home/airflow/.local/lib/python3.8/site-packages/airflow/example_dags/example_setup_teardown_taskflow.py
[2023-12-14T13:55:17.314+0000] {processor.py:839} INFO - DAG(s) dict_keys(['example_setup_teardown_taskflow']) retrieved from /home/airflow/.local/lib/python3.8/site-packages/airflow/example_dags/example_setup_teardown_taskflow.py
[2023-12-14T13:55:17.337+0000] {logging_mixin.py:151} INFO - [2023-12-14T13:55:17.336+0000] {dag.py:2915} INFO - Sync 1 DAGs
[2023-12-14T13:55:17.361+0000] {logging_mixin.py:151} INFO - [2023-12-14T13:55:17.360+0000] {dag.py:3696} INFO - Setting next_dagrun for example_setup_teardown_taskflow to 2023-12-13T13:55:17.360541+00:00, run_after=2023-12-14T13:55:17.360541+00:00
[2023-12-14T13:55:17.384+0000] {processor.py:179} INFO - Processing /home/airflow/.local/lib/python3.8/site-packages/airflow/example_dags/example_setup_teardown_taskflow.py took 0.087 seconds
[2023-12-14T13:55:47.758+0000] {processor.py:157} INFO - Started process (PID=1026) to work on /home/airflow/.local/lib/python3.8/site-packages/airflow/example_dags/example_setup_teardown_taskflow.py
[2023-12-14T13:55:47.760+0000] {processor.py:829} INFO - Processing file /home/airflow/.local/lib/python3.8/site-packages/airflow/example_dags/example_setup_teardown_taskflow.py for tasks to queue
[2023-12-14T13:55:47.761+0000] {logging_mixin.py:151} INFO - [2023-12-14T13:55:47.760+0000] {dagbag.py:539} INFO - Filling up the DagBag from /home/airflow/.local/lib/python3.8/site-packages/airflow/example_dags/example_setup_teardown_taskflow.py
[2023-12-14T13:55:47.773+0000] {processor.py:839} INFO - DAG(s) dict_keys(['example_setup_teardown_taskflow']) retrieved from /home/airflow/.local/lib/python3.8/site-packages/airflow/example_dags/example_setup_teardown_taskflow.py
[2023-12-14T13:55:47.797+0000] {logging_mixin.py:151} INFO - [2023-12-14T13:55:47.796+0000] {dag.py:2915} INFO - Sync 1 DAGs
[2023-12-14T13:55:47.818+0000] {logging_mixin.py:151} INFO - [2023-12-14T13:55:47.818+0000] {dag.py:3696} INFO - Setting next_dagrun for example_setup_teardown_taskflow to 2023-12-13T13:55:47.817886+00:00, run_after=2023-12-14T13:55:47.817886+00:00
[2023-12-14T13:55:47.841+0000] {processor.py:179} INFO - Processing /home/airflow/.local/lib/python3.8/site-packages/airflow/example_dags/example_setup_teardown_taskflow.py took 0.086 seconds
[2023-12-14T13:56:17.951+0000] {processor.py:157} INFO - Started process (PID=1080) to work on /home/airflow/.local/lib/python3.8/site-packages/airflow/example_dags/example_setup_teardown_taskflow.py
[2023-12-14T13:56:17.952+0000] {processor.py:829} INFO - Processing file /home/airflow/.local/lib/python3.8/site-packages/airflow/example_dags/example_setup_teardown_taskflow.py for tasks to queue
[2023-12-14T13:56:17.954+0000] {logging_mixin.py:151} INFO - [2023-12-14T13:56:17.953+0000] {dagbag.py:539} INFO - Filling up the DagBag from /home/airflow/.local/lib/python3.8/site-packages/airflow/example_dags/example_setup_teardown_taskflow.py
[2023-12-14T13:56:17.968+0000] {processor.py:839} INFO - DAG(s) dict_keys(['example_setup_teardown_taskflow']) retrieved from /home/airflow/.local/lib/python3.8/site-packages/airflow/example_dags/example_setup_teardown_taskflow.py
[2023-12-14T13:56:17.993+0000] {logging_mixin.py:151} INFO - [2023-12-14T13:56:17.992+0000] {dag.py:2915} INFO - Sync 1 DAGs
[2023-12-14T13:56:18.018+0000] {logging_mixin.py:151} INFO - [2023-12-14T13:56:18.018+0000] {dag.py:3696} INFO - Setting next_dagrun for example_setup_teardown_taskflow to 2023-12-13T13:56:18.017745+00:00, run_after=2023-12-14T13:56:18.017745+00:00
[2023-12-14T13:56:18.042+0000] {processor.py:179} INFO - Processing /home/airflow/.local/lib/python3.8/site-packages/airflow/example_dags/example_setup_teardown_taskflow.py took 0.096 seconds
[2023-12-14T13:56:48.572+0000] {processor.py:157} INFO - Started process (PID=1132) to work on /home/airflow/.local/lib/python3.8/site-packages/airflow/example_dags/example_setup_teardown_taskflow.py
[2023-12-14T13:56:48.573+0000] {processor.py:829} INFO - Processing file /home/airflow/.local/lib/python3.8/site-packages/airflow/example_dags/example_setup_teardown_taskflow.py for tasks to queue
[2023-12-14T13:56:48.574+0000] {logging_mixin.py:151} INFO - [2023-12-14T13:56:48.574+0000] {dagbag.py:539} INFO - Filling up the DagBag from /home/airflow/.local/lib/python3.8/site-packages/airflow/example_dags/example_setup_teardown_taskflow.py
[2023-12-14T13:56:48.586+0000] {processor.py:839} INFO - DAG(s) dict_keys(['example_setup_teardown_taskflow']) retrieved from /home/airflow/.local/lib/python3.8/site-packages/airflow/example_dags/example_setup_teardown_taskflow.py
[2023-12-14T13:56:48.613+0000] {logging_mixin.py:151} INFO - [2023-12-14T13:56:48.612+0000] {dag.py:2915} INFO - Sync 1 DAGs
[2023-12-14T13:56:48.643+0000] {logging_mixin.py:151} INFO - [2023-12-14T13:56:48.643+0000] {dag.py:3696} INFO - Setting next_dagrun for example_setup_teardown_taskflow to 2023-12-13T13:56:48.643300+00:00, run_after=2023-12-14T13:56:48.643300+00:00
[2023-12-14T13:56:48.765+0000] {processor.py:179} INFO - Processing /home/airflow/.local/lib/python3.8/site-packages/airflow/example_dags/example_setup_teardown_taskflow.py took 0.197 seconds
[2023-12-14T13:57:18.868+0000] {processor.py:157} INFO - Started process (PID=1186) to work on /home/airflow/.local/lib/python3.8/site-packages/airflow/example_dags/example_setup_teardown_taskflow.py
[2023-12-14T13:57:18.870+0000] {processor.py:829} INFO - Processing file /home/airflow/.local/lib/python3.8/site-packages/airflow/example_dags/example_setup_teardown_taskflow.py for tasks to queue
[2023-12-14T13:57:18.871+0000] {logging_mixin.py:151} INFO - [2023-12-14T13:57:18.871+0000] {dagbag.py:539} INFO - Filling up the DagBag from /home/airflow/.local/lib/python3.8/site-packages/airflow/example_dags/example_setup_teardown_taskflow.py
[2023-12-14T13:57:18.882+0000] {processor.py:839} INFO - DAG(s) dict_keys(['example_setup_teardown_taskflow']) retrieved from /home/airflow/.local/lib/python3.8/site-packages/airflow/example_dags/example_setup_teardown_taskflow.py
[2023-12-14T13:57:18.913+0000] {logging_mixin.py:151} INFO - [2023-12-14T13:57:18.913+0000] {dag.py:2915} INFO - Sync 1 DAGs
[2023-12-14T13:57:18.940+0000] {logging_mixin.py:151} INFO - [2023-12-14T13:57:18.940+0000] {dag.py:3696} INFO - Setting next_dagrun for example_setup_teardown_taskflow to 2023-12-13T13:57:18.940011+00:00, run_after=2023-12-14T13:57:18.940011+00:00
[2023-12-14T13:57:18.961+0000] {processor.py:179} INFO - Processing /home/airflow/.local/lib/python3.8/site-packages/airflow/example_dags/example_setup_teardown_taskflow.py took 0.098 seconds
[2023-12-14T13:57:49.312+0000] {processor.py:157} INFO - Started process (PID=1240) to work on /home/airflow/.local/lib/python3.8/site-packages/airflow/example_dags/example_setup_teardown_taskflow.py
[2023-12-14T13:57:49.314+0000] {processor.py:829} INFO - Processing file /home/airflow/.local/lib/python3.8/site-packages/airflow/example_dags/example_setup_teardown_taskflow.py for tasks to queue
[2023-12-14T13:57:49.315+0000] {logging_mixin.py:151} INFO - [2023-12-14T13:57:49.315+0000] {dagbag.py:539} INFO - Filling up the DagBag from /home/airflow/.local/lib/python3.8/site-packages/airflow/example_dags/example_setup_teardown_taskflow.py
[2023-12-14T13:57:49.329+0000] {processor.py:839} INFO - DAG(s) dict_keys(['example_setup_teardown_taskflow']) retrieved from /home/airflow/.local/lib/python3.8/site-packages/airflow/example_dags/example_setup_teardown_taskflow.py
[2023-12-14T13:57:49.361+0000] {logging_mixin.py:151} INFO - [2023-12-14T13:57:49.360+0000] {dag.py:2915} INFO - Sync 1 DAGs
[2023-12-14T13:57:49.392+0000] {logging_mixin.py:151} INFO - [2023-12-14T13:57:49.392+0000] {dag.py:3696} INFO - Setting next_dagrun for example_setup_teardown_taskflow to 2023-12-13T13:57:49.392150+00:00, run_after=2023-12-14T13:57:49.392150+00:00
[2023-12-14T13:57:49.420+0000] {processor.py:179} INFO - Processing /home/airflow/.local/lib/python3.8/site-packages/airflow/example_dags/example_setup_teardown_taskflow.py took 0.116 seconds
[2023-12-14T13:58:19.739+0000] {processor.py:157} INFO - Started process (PID=1294) to work on /home/airflow/.local/lib/python3.8/site-packages/airflow/example_dags/example_setup_teardown_taskflow.py
[2023-12-14T13:58:19.740+0000] {processor.py:829} INFO - Processing file /home/airflow/.local/lib/python3.8/site-packages/airflow/example_dags/example_setup_teardown_taskflow.py for tasks to queue
[2023-12-14T13:58:19.742+0000] {logging_mixin.py:151} INFO - [2023-12-14T13:58:19.741+0000] {dagbag.py:539} INFO - Filling up the DagBag from /home/airflow/.local/lib/python3.8/site-packages/airflow/example_dags/example_setup_teardown_taskflow.py
[2023-12-14T13:58:19.752+0000] {processor.py:839} INFO - DAG(s) dict_keys(['example_setup_teardown_taskflow']) retrieved from /home/airflow/.local/lib/python3.8/site-packages/airflow/example_dags/example_setup_teardown_taskflow.py
[2023-12-14T13:58:19.776+0000] {logging_mixin.py:151} INFO - [2023-12-14T13:58:19.776+0000] {dag.py:2915} INFO - Sync 1 DAGs
[2023-12-14T13:58:19.800+0000] {logging_mixin.py:151} INFO - [2023-12-14T13:58:19.800+0000] {dag.py:3696} INFO - Setting next_dagrun for example_setup_teardown_taskflow to 2023-12-13T13:58:19.799675+00:00, run_after=2023-12-14T13:58:19.799675+00:00
[2023-12-14T13:58:19.823+0000] {processor.py:179} INFO - Processing /home/airflow/.local/lib/python3.8/site-packages/airflow/example_dags/example_setup_teardown_taskflow.py took 0.088 seconds
[2023-12-14T13:58:50.463+0000] {processor.py:157} INFO - Started process (PID=1348) to work on /home/airflow/.local/lib/python3.8/site-packages/airflow/example_dags/example_setup_teardown_taskflow.py
[2023-12-14T13:58:50.466+0000] {processor.py:829} INFO - Processing file /home/airflow/.local/lib/python3.8/site-packages/airflow/example_dags/example_setup_teardown_taskflow.py for tasks to queue
[2023-12-14T13:58:50.468+0000] {logging_mixin.py:151} INFO - [2023-12-14T13:58:50.467+0000] {dagbag.py:539} INFO - Filling up the DagBag from /home/airflow/.local/lib/python3.8/site-packages/airflow/example_dags/example_setup_teardown_taskflow.py
[2023-12-14T13:58:50.483+0000] {processor.py:839} INFO - DAG(s) dict_keys(['example_setup_teardown_taskflow']) retrieved from /home/airflow/.local/lib/python3.8/site-packages/airflow/example_dags/example_setup_teardown_taskflow.py
[2023-12-14T13:58:50.516+0000] {logging_mixin.py:151} INFO - [2023-12-14T13:58:50.516+0000] {dag.py:2915} INFO - Sync 1 DAGs
[2023-12-14T13:58:50.556+0000] {logging_mixin.py:151} INFO - [2023-12-14T13:58:50.556+0000] {dag.py:3696} INFO - Setting next_dagrun for example_setup_teardown_taskflow to 2023-12-13T13:58:50.556125+00:00, run_after=2023-12-14T13:58:50.556125+00:00
[2023-12-14T13:58:50.584+0000] {processor.py:179} INFO - Processing /home/airflow/.local/lib/python3.8/site-packages/airflow/example_dags/example_setup_teardown_taskflow.py took 0.126 seconds
[2023-12-14T13:59:21.010+0000] {processor.py:157} INFO - Started process (PID=1402) to work on /home/airflow/.local/lib/python3.8/site-packages/airflow/example_dags/example_setup_teardown_taskflow.py
[2023-12-14T13:59:21.012+0000] {processor.py:829} INFO - Processing file /home/airflow/.local/lib/python3.8/site-packages/airflow/example_dags/example_setup_teardown_taskflow.py for tasks to queue
[2023-12-14T13:59:21.014+0000] {logging_mixin.py:151} INFO - [2023-12-14T13:59:21.013+0000] {dagbag.py:539} INFO - Filling up the DagBag from /home/airflow/.local/lib/python3.8/site-packages/airflow/example_dags/example_setup_teardown_taskflow.py
[2023-12-14T13:59:21.028+0000] {processor.py:839} INFO - DAG(s) dict_keys(['example_setup_teardown_taskflow']) retrieved from /home/airflow/.local/lib/python3.8/site-packages/airflow/example_dags/example_setup_teardown_taskflow.py
[2023-12-14T13:59:21.054+0000] {logging_mixin.py:151} INFO - [2023-12-14T13:59:21.054+0000] {dag.py:2915} INFO - Sync 1 DAGs
[2023-12-14T13:59:21.080+0000] {logging_mixin.py:151} INFO - [2023-12-14T13:59:21.080+0000] {dag.py:3696} INFO - Setting next_dagrun for example_setup_teardown_taskflow to 2023-12-13T13:59:21.080365+00:00, run_after=2023-12-14T13:59:21.080365+00:00
[2023-12-14T13:59:21.104+0000] {processor.py:179} INFO - Processing /home/airflow/.local/lib/python3.8/site-packages/airflow/example_dags/example_setup_teardown_taskflow.py took 0.098 seconds
[2023-12-14T13:59:51.428+0000] {processor.py:157} INFO - Started process (PID=1456) to work on /home/airflow/.local/lib/python3.8/site-packages/airflow/example_dags/example_setup_teardown_taskflow.py
[2023-12-14T13:59:51.429+0000] {processor.py:829} INFO - Processing file /home/airflow/.local/lib/python3.8/site-packages/airflow/example_dags/example_setup_teardown_taskflow.py for tasks to queue
[2023-12-14T13:59:51.430+0000] {logging_mixin.py:151} INFO - [2023-12-14T13:59:51.430+0000] {dagbag.py:539} INFO - Filling up the DagBag from /home/airflow/.local/lib/python3.8/site-packages/airflow/example_dags/example_setup_teardown_taskflow.py
[2023-12-14T13:59:51.440+0000] {processor.py:839} INFO - DAG(s) dict_keys(['example_setup_teardown_taskflow']) retrieved from /home/airflow/.local/lib/python3.8/site-packages/airflow/example_dags/example_setup_teardown_taskflow.py
[2023-12-14T13:59:51.469+0000] {logging_mixin.py:151} INFO - [2023-12-14T13:59:51.469+0000] {dag.py:2915} INFO - Sync 1 DAGs
[2023-12-14T13:59:51.493+0000] {logging_mixin.py:151} INFO - [2023-12-14T13:59:51.493+0000] {dag.py:3696} INFO - Setting next_dagrun for example_setup_teardown_taskflow to 2023-12-13T13:59:51.493268+00:00, run_after=2023-12-14T13:59:51.493268+00:00
[2023-12-14T13:59:51.517+0000] {processor.py:179} INFO - Processing /home/airflow/.local/lib/python3.8/site-packages/airflow/example_dags/example_setup_teardown_taskflow.py took 0.093 seconds
[2023-12-14T14:00:22.043+0000] {processor.py:157} INFO - Started process (PID=1510) to work on /home/airflow/.local/lib/python3.8/site-packages/airflow/example_dags/example_setup_teardown_taskflow.py
[2023-12-14T14:00:22.044+0000] {processor.py:829} INFO - Processing file /home/airflow/.local/lib/python3.8/site-packages/airflow/example_dags/example_setup_teardown_taskflow.py for tasks to queue
[2023-12-14T14:00:22.045+0000] {logging_mixin.py:151} INFO - [2023-12-14T14:00:22.045+0000] {dagbag.py:539} INFO - Filling up the DagBag from /home/airflow/.local/lib/python3.8/site-packages/airflow/example_dags/example_setup_teardown_taskflow.py
[2023-12-14T14:00:22.057+0000] {processor.py:839} INFO - DAG(s) dict_keys(['example_setup_teardown_taskflow']) retrieved from /home/airflow/.local/lib/python3.8/site-packages/airflow/example_dags/example_setup_teardown_taskflow.py
[2023-12-14T14:00:22.081+0000] {logging_mixin.py:151} INFO - [2023-12-14T14:00:22.081+0000] {dag.py:2915} INFO - Sync 1 DAGs
[2023-12-14T14:00:22.107+0000] {logging_mixin.py:151} INFO - [2023-12-14T14:00:22.107+0000] {dag.py:3696} INFO - Setting next_dagrun for example_setup_teardown_taskflow to 2023-12-13T14:00:22.107442+00:00, run_after=2023-12-14T14:00:22.107442+00:00
[2023-12-14T14:00:22.130+0000] {processor.py:179} INFO - Processing /home/airflow/.local/lib/python3.8/site-packages/airflow/example_dags/example_setup_teardown_taskflow.py took 0.091 seconds
[2023-12-14T14:00:52.509+0000] {processor.py:157} INFO - Started process (PID=1564) to work on /home/airflow/.local/lib/python3.8/site-packages/airflow/example_dags/example_setup_teardown_taskflow.py
[2023-12-14T14:00:52.510+0000] {processor.py:829} INFO - Processing file /home/airflow/.local/lib/python3.8/site-packages/airflow/example_dags/example_setup_teardown_taskflow.py for tasks to queue
[2023-12-14T14:00:52.511+0000] {logging_mixin.py:151} INFO - [2023-12-14T14:00:52.511+0000] {dagbag.py:539} INFO - Filling up the DagBag from /home/airflow/.local/lib/python3.8/site-packages/airflow/example_dags/example_setup_teardown_taskflow.py
[2023-12-14T14:00:52.523+0000] {processor.py:839} INFO - DAG(s) dict_keys(['example_setup_teardown_taskflow']) retrieved from /home/airflow/.local/lib/python3.8/site-packages/airflow/example_dags/example_setup_teardown_taskflow.py
[2023-12-14T14:00:52.549+0000] {logging_mixin.py:151} INFO - [2023-12-14T14:00:52.549+0000] {dag.py:2915} INFO - Sync 1 DAGs
[2023-12-14T14:00:52.572+0000] {logging_mixin.py:151} INFO - [2023-12-14T14:00:52.572+0000] {dag.py:3696} INFO - Setting next_dagrun for example_setup_teardown_taskflow to 2023-12-13T14:00:52.572094+00:00, run_after=2023-12-14T14:00:52.572094+00:00
[2023-12-14T14:00:52.593+0000] {processor.py:179} INFO - Processing /home/airflow/.local/lib/python3.8/site-packages/airflow/example_dags/example_setup_teardown_taskflow.py took 0.088 seconds
[2023-12-14T14:01:22.773+0000] {processor.py:157} INFO - Started process (PID=1618) to work on /home/airflow/.local/lib/python3.8/site-packages/airflow/example_dags/example_setup_teardown_taskflow.py
[2023-12-14T14:01:22.775+0000] {processor.py:829} INFO - Processing file /home/airflow/.local/lib/python3.8/site-packages/airflow/example_dags/example_setup_teardown_taskflow.py for tasks to queue
[2023-12-14T14:01:22.776+0000] {logging_mixin.py:151} INFO - [2023-12-14T14:01:22.776+0000] {dagbag.py:539} INFO - Filling up the DagBag from /home/airflow/.local/lib/python3.8/site-packages/airflow/example_dags/example_setup_teardown_taskflow.py
[2023-12-14T14:01:22.787+0000] {processor.py:839} INFO - DAG(s) dict_keys(['example_setup_teardown_taskflow']) retrieved from /home/airflow/.local/lib/python3.8/site-packages/airflow/example_dags/example_setup_teardown_taskflow.py
[2023-12-14T14:01:22.810+0000] {logging_mixin.py:151} INFO - [2023-12-14T14:01:22.810+0000] {dag.py:2915} INFO - Sync 1 DAGs
[2023-12-14T14:01:22.837+0000] {logging_mixin.py:151} INFO - [2023-12-14T14:01:22.837+0000] {dag.py:3696} INFO - Setting next_dagrun for example_setup_teardown_taskflow to 2023-12-13T14:01:22.836887+00:00, run_after=2023-12-14T14:01:22.836887+00:00
[2023-12-14T14:01:22.862+0000] {processor.py:179} INFO - Processing /home/airflow/.local/lib/python3.8/site-packages/airflow/example_dags/example_setup_teardown_taskflow.py took 0.092 seconds
[2023-12-14T14:01:53.254+0000] {processor.py:157} INFO - Started process (PID=1672) to work on /home/airflow/.local/lib/python3.8/site-packages/airflow/example_dags/example_setup_teardown_taskflow.py
[2023-12-14T14:01:53.255+0000] {processor.py:829} INFO - Processing file /home/airflow/.local/lib/python3.8/site-packages/airflow/example_dags/example_setup_teardown_taskflow.py for tasks to queue
[2023-12-14T14:01:53.256+0000] {logging_mixin.py:151} INFO - [2023-12-14T14:01:53.256+0000] {dagbag.py:539} INFO - Filling up the DagBag from /home/airflow/.local/lib/python3.8/site-packages/airflow/example_dags/example_setup_teardown_taskflow.py
[2023-12-14T14:01:53.267+0000] {processor.py:839} INFO - DAG(s) dict_keys(['example_setup_teardown_taskflow']) retrieved from /home/airflow/.local/lib/python3.8/site-packages/airflow/example_dags/example_setup_teardown_taskflow.py
[2023-12-14T14:01:53.291+0000] {logging_mixin.py:151} INFO - [2023-12-14T14:01:53.290+0000] {dag.py:2915} INFO - Sync 1 DAGs
[2023-12-14T14:01:53.314+0000] {logging_mixin.py:151} INFO - [2023-12-14T14:01:53.314+0000] {dag.py:3696} INFO - Setting next_dagrun for example_setup_teardown_taskflow to 2023-12-13T14:01:53.313999+00:00, run_after=2023-12-14T14:01:53.313999+00:00
[2023-12-14T14:01:53.339+0000] {processor.py:179} INFO - Processing /home/airflow/.local/lib/python3.8/site-packages/airflow/example_dags/example_setup_teardown_taskflow.py took 0.089 seconds
[2023-12-14T14:02:23.641+0000] {processor.py:157} INFO - Started process (PID=1726) to work on /home/airflow/.local/lib/python3.8/site-packages/airflow/example_dags/example_setup_teardown_taskflow.py
[2023-12-14T14:02:23.642+0000] {processor.py:829} INFO - Processing file /home/airflow/.local/lib/python3.8/site-packages/airflow/example_dags/example_setup_teardown_taskflow.py for tasks to queue
[2023-12-14T14:02:23.644+0000] {logging_mixin.py:151} INFO - [2023-12-14T14:02:23.643+0000] {dagbag.py:539} INFO - Filling up the DagBag from /home/airflow/.local/lib/python3.8/site-packages/airflow/example_dags/example_setup_teardown_taskflow.py
[2023-12-14T14:02:23.656+0000] {processor.py:839} INFO - DAG(s) dict_keys(['example_setup_teardown_taskflow']) retrieved from /home/airflow/.local/lib/python3.8/site-packages/airflow/example_dags/example_setup_teardown_taskflow.py
[2023-12-14T14:02:23.682+0000] {logging_mixin.py:151} INFO - [2023-12-14T14:02:23.682+0000] {dag.py:2915} INFO - Sync 1 DAGs
[2023-12-14T14:02:23.709+0000] {logging_mixin.py:151} INFO - [2023-12-14T14:02:23.709+0000] {dag.py:3696} INFO - Setting next_dagrun for example_setup_teardown_taskflow to 2023-12-13T14:02:23.708977+00:00, run_after=2023-12-14T14:02:23.708977+00:00
[2023-12-14T14:02:23.728+0000] {processor.py:179} INFO - Processing /home/airflow/.local/lib/python3.8/site-packages/airflow/example_dags/example_setup_teardown_taskflow.py took 0.090 seconds
[2023-12-14T14:02:54.203+0000] {processor.py:157} INFO - Started process (PID=1780) to work on /home/airflow/.local/lib/python3.8/site-packages/airflow/example_dags/example_setup_teardown_taskflow.py
[2023-12-14T14:02:54.204+0000] {processor.py:829} INFO - Processing file /home/airflow/.local/lib/python3.8/site-packages/airflow/example_dags/example_setup_teardown_taskflow.py for tasks to queue
[2023-12-14T14:02:54.205+0000] {logging_mixin.py:151} INFO - [2023-12-14T14:02:54.205+0000] {dagbag.py:539} INFO - Filling up the DagBag from /home/airflow/.local/lib/python3.8/site-packages/airflow/example_dags/example_setup_teardown_taskflow.py
[2023-12-14T14:02:54.219+0000] {processor.py:839} INFO - DAG(s) dict_keys(['example_setup_teardown_taskflow']) retrieved from /home/airflow/.local/lib/python3.8/site-packages/airflow/example_dags/example_setup_teardown_taskflow.py
[2023-12-14T14:02:54.241+0000] {logging_mixin.py:151} INFO - [2023-12-14T14:02:54.240+0000] {dag.py:2915} INFO - Sync 1 DAGs
[2023-12-14T14:02:54.261+0000] {logging_mixin.py:151} INFO - [2023-12-14T14:02:54.260+0000] {dag.py:3696} INFO - Setting next_dagrun for example_setup_teardown_taskflow to 2023-12-13T14:02:54.260638+00:00, run_after=2023-12-14T14:02:54.260638+00:00
[2023-12-14T14:02:54.281+0000] {processor.py:179} INFO - Processing /home/airflow/.local/lib/python3.8/site-packages/airflow/example_dags/example_setup_teardown_taskflow.py took 0.084 seconds
[2023-12-14T14:03:24.515+0000] {processor.py:157} INFO - Started process (PID=1834) to work on /home/airflow/.local/lib/python3.8/site-packages/airflow/example_dags/example_setup_teardown_taskflow.py
[2023-12-14T14:03:24.517+0000] {processor.py:829} INFO - Processing file /home/airflow/.local/lib/python3.8/site-packages/airflow/example_dags/example_setup_teardown_taskflow.py for tasks to queue
[2023-12-14T14:03:24.518+0000] {logging_mixin.py:151} INFO - [2023-12-14T14:03:24.518+0000] {dagbag.py:539} INFO - Filling up the DagBag from /home/airflow/.local/lib/python3.8/site-packages/airflow/example_dags/example_setup_teardown_taskflow.py
[2023-12-14T14:03:24.528+0000] {processor.py:839} INFO - DAG(s) dict_keys(['example_setup_teardown_taskflow']) retrieved from /home/airflow/.local/lib/python3.8/site-packages/airflow/example_dags/example_setup_teardown_taskflow.py
[2023-12-14T14:03:24.550+0000] {logging_mixin.py:151} INFO - [2023-12-14T14:03:24.550+0000] {dag.py:2915} INFO - Sync 1 DAGs
[2023-12-14T14:03:24.569+0000] {logging_mixin.py:151} INFO - [2023-12-14T14:03:24.568+0000] {dag.py:3696} INFO - Setting next_dagrun for example_setup_teardown_taskflow to 2023-12-13T14:03:24.568657+00:00, run_after=2023-12-14T14:03:24.568657+00:00
[2023-12-14T14:03:24.598+0000] {processor.py:179} INFO - Processing /home/airflow/.local/lib/python3.8/site-packages/airflow/example_dags/example_setup_teardown_taskflow.py took 0.087 seconds
[2023-12-14T14:03:55.054+0000] {processor.py:157} INFO - Started process (PID=1888) to work on /home/airflow/.local/lib/python3.8/site-packages/airflow/example_dags/example_setup_teardown_taskflow.py
[2023-12-14T14:03:55.055+0000] {processor.py:829} INFO - Processing file /home/airflow/.local/lib/python3.8/site-packages/airflow/example_dags/example_setup_teardown_taskflow.py for tasks to queue
[2023-12-14T14:03:55.057+0000] {logging_mixin.py:151} INFO - [2023-12-14T14:03:55.056+0000] {dagbag.py:539} INFO - Filling up the DagBag from /home/airflow/.local/lib/python3.8/site-packages/airflow/example_dags/example_setup_teardown_taskflow.py
[2023-12-14T14:03:55.072+0000] {processor.py:839} INFO - DAG(s) dict_keys(['example_setup_teardown_taskflow']) retrieved from /home/airflow/.local/lib/python3.8/site-packages/airflow/example_dags/example_setup_teardown_taskflow.py
[2023-12-14T14:03:55.102+0000] {logging_mixin.py:151} INFO - [2023-12-14T14:03:55.102+0000] {dag.py:2915} INFO - Sync 1 DAGs
[2023-12-14T14:03:55.129+0000] {logging_mixin.py:151} INFO - [2023-12-14T14:03:55.129+0000] {dag.py:3696} INFO - Setting next_dagrun for example_setup_teardown_taskflow to 2023-12-13T14:03:55.129026+00:00, run_after=2023-12-14T14:03:55.129026+00:00
[2023-12-14T14:03:55.163+0000] {processor.py:179} INFO - Processing /home/airflow/.local/lib/python3.8/site-packages/airflow/example_dags/example_setup_teardown_taskflow.py took 0.114 seconds
[2023-12-14T14:04:25.714+0000] {processor.py:157} INFO - Started process (PID=1942) to work on /home/airflow/.local/lib/python3.8/site-packages/airflow/example_dags/example_setup_teardown_taskflow.py
[2023-12-14T14:04:25.715+0000] {processor.py:829} INFO - Processing file /home/airflow/.local/lib/python3.8/site-packages/airflow/example_dags/example_setup_teardown_taskflow.py for tasks to queue
[2023-12-14T14:04:25.717+0000] {logging_mixin.py:151} INFO - [2023-12-14T14:04:25.716+0000] {dagbag.py:539} INFO - Filling up the DagBag from /home/airflow/.local/lib/python3.8/site-packages/airflow/example_dags/example_setup_teardown_taskflow.py
[2023-12-14T14:04:25.732+0000] {processor.py:839} INFO - DAG(s) dict_keys(['example_setup_teardown_taskflow']) retrieved from /home/airflow/.local/lib/python3.8/site-packages/airflow/example_dags/example_setup_teardown_taskflow.py
[2023-12-14T14:04:25.755+0000] {logging_mixin.py:151} INFO - [2023-12-14T14:04:25.754+0000] {dag.py:2915} INFO - Sync 1 DAGs
[2023-12-14T14:04:25.780+0000] {logging_mixin.py:151} INFO - [2023-12-14T14:04:25.780+0000] {dag.py:3696} INFO - Setting next_dagrun for example_setup_teardown_taskflow to 2023-12-13T14:04:25.780381+00:00, run_after=2023-12-14T14:04:25.780381+00:00
[2023-12-14T14:04:25.801+0000] {processor.py:179} INFO - Processing /home/airflow/.local/lib/python3.8/site-packages/airflow/example_dags/example_setup_teardown_taskflow.py took 0.090 seconds
[2023-12-14T14:04:56.438+0000] {processor.py:157} INFO - Started process (PID=1996) to work on /home/airflow/.local/lib/python3.8/site-packages/airflow/example_dags/example_setup_teardown_taskflow.py
[2023-12-14T14:04:56.439+0000] {processor.py:829} INFO - Processing file /home/airflow/.local/lib/python3.8/site-packages/airflow/example_dags/example_setup_teardown_taskflow.py for tasks to queue
[2023-12-14T14:04:56.440+0000] {logging_mixin.py:151} INFO - [2023-12-14T14:04:56.440+0000] {dagbag.py:539} INFO - Filling up the DagBag from /home/airflow/.local/lib/python3.8/site-packages/airflow/example_dags/example_setup_teardown_taskflow.py
[2023-12-14T14:04:56.462+0000] {processor.py:839} INFO - DAG(s) dict_keys(['example_setup_teardown_taskflow']) retrieved from /home/airflow/.local/lib/python3.8/site-packages/airflow/example_dags/example_setup_teardown_taskflow.py
[2023-12-14T14:04:56.497+0000] {logging_mixin.py:151} INFO - [2023-12-14T14:04:56.494+0000] {dag.py:2915} INFO - Sync 1 DAGs
[2023-12-14T14:04:56.528+0000] {logging_mixin.py:151} INFO - [2023-12-14T14:04:56.526+0000] {dag.py:3696} INFO - Setting next_dagrun for example_setup_teardown_taskflow to 2023-12-13T14:04:56.526495+00:00, run_after=2023-12-14T14:04:56.526495+00:00
[2023-12-14T14:04:56.571+0000] {processor.py:179} INFO - Processing /home/airflow/.local/lib/python3.8/site-packages/airflow/example_dags/example_setup_teardown_taskflow.py took 0.137 seconds
[2023-12-14T14:05:27.207+0000] {processor.py:157} INFO - Started process (PID=2050) to work on /home/airflow/.local/lib/python3.8/site-packages/airflow/example_dags/example_setup_teardown_taskflow.py
[2023-12-14T14:05:27.208+0000] {processor.py:829} INFO - Processing file /home/airflow/.local/lib/python3.8/site-packages/airflow/example_dags/example_setup_teardown_taskflow.py for tasks to queue
[2023-12-14T14:05:27.209+0000] {logging_mixin.py:151} INFO - [2023-12-14T14:05:27.209+0000] {dagbag.py:539} INFO - Filling up the DagBag from /home/airflow/.local/lib/python3.8/site-packages/airflow/example_dags/example_setup_teardown_taskflow.py
[2023-12-14T14:05:27.221+0000] {processor.py:839} INFO - DAG(s) dict_keys(['example_setup_teardown_taskflow']) retrieved from /home/airflow/.local/lib/python3.8/site-packages/airflow/example_dags/example_setup_teardown_taskflow.py
[2023-12-14T14:05:27.245+0000] {logging_mixin.py:151} INFO - [2023-12-14T14:05:27.244+0000] {dag.py:2915} INFO - Sync 1 DAGs
[2023-12-14T14:05:27.269+0000] {logging_mixin.py:151} INFO - [2023-12-14T14:05:27.269+0000] {dag.py:3696} INFO - Setting next_dagrun for example_setup_teardown_taskflow to 2023-12-13T14:05:27.269042+00:00, run_after=2023-12-14T14:05:27.269042+00:00
[2023-12-14T14:05:27.293+0000] {processor.py:179} INFO - Processing /home/airflow/.local/lib/python3.8/site-packages/airflow/example_dags/example_setup_teardown_taskflow.py took 0.089 seconds
[2023-12-14T14:05:57.619+0000] {processor.py:157} INFO - Started process (PID=2104) to work on /home/airflow/.local/lib/python3.8/site-packages/airflow/example_dags/example_setup_teardown_taskflow.py
[2023-12-14T14:05:57.620+0000] {processor.py:829} INFO - Processing file /home/airflow/.local/lib/python3.8/site-packages/airflow/example_dags/example_setup_teardown_taskflow.py for tasks to queue
[2023-12-14T14:05:57.621+0000] {logging_mixin.py:151} INFO - [2023-12-14T14:05:57.621+0000] {dagbag.py:539} INFO - Filling up the DagBag from /home/airflow/.local/lib/python3.8/site-packages/airflow/example_dags/example_setup_teardown_taskflow.py
[2023-12-14T14:05:57.633+0000] {processor.py:839} INFO - DAG(s) dict_keys(['example_setup_teardown_taskflow']) retrieved from /home/airflow/.local/lib/python3.8/site-packages/airflow/example_dags/example_setup_teardown_taskflow.py
[2023-12-14T14:05:57.657+0000] {logging_mixin.py:151} INFO - [2023-12-14T14:05:57.657+0000] {dag.py:2915} INFO - Sync 1 DAGs
[2023-12-14T14:05:57.683+0000] {logging_mixin.py:151} INFO - [2023-12-14T14:05:57.683+0000] {dag.py:3696} INFO - Setting next_dagrun for example_setup_teardown_taskflow to 2023-12-13T14:05:57.682906+00:00, run_after=2023-12-14T14:05:57.682906+00:00
[2023-12-14T14:05:57.711+0000] {processor.py:179} INFO - Processing /home/airflow/.local/lib/python3.8/site-packages/airflow/example_dags/example_setup_teardown_taskflow.py took 0.097 seconds
[2023-12-14T14:06:28.419+0000] {processor.py:157} INFO - Started process (PID=2158) to work on /home/airflow/.local/lib/python3.8/site-packages/airflow/example_dags/example_setup_teardown_taskflow.py
[2023-12-14T14:06:28.423+0000] {processor.py:829} INFO - Processing file /home/airflow/.local/lib/python3.8/site-packages/airflow/example_dags/example_setup_teardown_taskflow.py for tasks to queue
[2023-12-14T14:06:29.137+0000] {logging_mixin.py:151} INFO - [2023-12-14T14:06:29.135+0000] {process_utils.py:259} INFO - Waiting up to 5 seconds for processes to exit...
[2023-12-14T14:12:43.272+0000] {processor.py:157} INFO - Started process (PID=47) to work on /home/airflow/.local/lib/python3.8/site-packages/airflow/example_dags/example_setup_teardown_taskflow.py
[2023-12-14T14:12:43.283+0000] {processor.py:829} INFO - Processing file /home/airflow/.local/lib/python3.8/site-packages/airflow/example_dags/example_setup_teardown_taskflow.py for tasks to queue
[2023-12-14T14:12:43.286+0000] {logging_mixin.py:151} INFO - [2023-12-14T14:12:43.285+0000] {dagbag.py:539} INFO - Filling up the DagBag from /home/airflow/.local/lib/python3.8/site-packages/airflow/example_dags/example_setup_teardown_taskflow.py
[2023-12-14T14:12:43.329+0000] {processor.py:839} INFO - DAG(s) dict_keys(['example_setup_teardown_taskflow']) retrieved from /home/airflow/.local/lib/python3.8/site-packages/airflow/example_dags/example_setup_teardown_taskflow.py
[2023-12-14T14:12:43.429+0000] {logging_mixin.py:151} INFO - [2023-12-14T14:12:43.429+0000] {dag.py:2915} INFO - Sync 1 DAGs
[2023-12-14T14:12:43.534+0000] {logging_mixin.py:151} INFO - [2023-12-14T14:12:43.533+0000] {dag.py:3696} INFO - Setting next_dagrun for example_setup_teardown_taskflow to 2023-12-13T14:12:43.532920+00:00, run_after=2023-12-14T14:12:43.532920+00:00
[2023-12-14T14:12:43.635+0000] {processor.py:179} INFO - Processing /home/airflow/.local/lib/python3.8/site-packages/airflow/example_dags/example_setup_teardown_taskflow.py took 0.369 seconds
[2023-12-14T14:13:26.838+0000] {processor.py:157} INFO - Started process (PID=108) to work on /home/airflow/.local/lib/python3.8/site-packages/airflow/example_dags/example_setup_teardown_taskflow.py
[2023-12-14T14:13:26.840+0000] {processor.py:829} INFO - Processing file /home/airflow/.local/lib/python3.8/site-packages/airflow/example_dags/example_setup_teardown_taskflow.py for tasks to queue
[2023-12-14T14:13:26.842+0000] {logging_mixin.py:151} INFO - [2023-12-14T14:13:26.841+0000] {dagbag.py:539} INFO - Filling up the DagBag from /home/airflow/.local/lib/python3.8/site-packages/airflow/example_dags/example_setup_teardown_taskflow.py
[2023-12-14T14:13:26.890+0000] {processor.py:839} INFO - DAG(s) dict_keys(['example_setup_teardown_taskflow']) retrieved from /home/airflow/.local/lib/python3.8/site-packages/airflow/example_dags/example_setup_teardown_taskflow.py
[2023-12-14T14:13:26.960+0000] {logging_mixin.py:151} INFO - [2023-12-14T14:13:26.959+0000] {dag.py:2915} INFO - Sync 1 DAGs
[2023-12-14T14:13:27.065+0000] {logging_mixin.py:151} INFO - [2023-12-14T14:13:27.065+0000] {dag.py:3696} INFO - Setting next_dagrun for example_setup_teardown_taskflow to 2023-12-13T14:13:27.064726+00:00, run_after=2023-12-14T14:13:27.064726+00:00
[2023-12-14T14:13:27.151+0000] {processor.py:179} INFO - Processing /home/airflow/.local/lib/python3.8/site-packages/airflow/example_dags/example_setup_teardown_taskflow.py took 0.323 seconds
[2023-12-14T14:13:57.630+0000] {processor.py:157} INFO - Started process (PID=161) to work on /home/airflow/.local/lib/python3.8/site-packages/airflow/example_dags/example_setup_teardown_taskflow.py
[2023-12-14T14:13:57.634+0000] {processor.py:829} INFO - Processing file /home/airflow/.local/lib/python3.8/site-packages/airflow/example_dags/example_setup_teardown_taskflow.py for tasks to queue
[2023-12-14T14:13:57.641+0000] {logging_mixin.py:151} INFO - [2023-12-14T14:13:57.637+0000] {dagbag.py:539} INFO - Filling up the DagBag from /home/airflow/.local/lib/python3.8/site-packages/airflow/example_dags/example_setup_teardown_taskflow.py
[2023-12-14T14:13:57.681+0000] {processor.py:839} INFO - DAG(s) dict_keys(['example_setup_teardown_taskflow']) retrieved from /home/airflow/.local/lib/python3.8/site-packages/airflow/example_dags/example_setup_teardown_taskflow.py
[2023-12-14T14:13:57.755+0000] {logging_mixin.py:151} INFO - [2023-12-14T14:13:57.755+0000] {dag.py:2915} INFO - Sync 1 DAGs
[2023-12-14T14:13:57.821+0000] {logging_mixin.py:151} INFO - [2023-12-14T14:13:57.821+0000] {dag.py:3696} INFO - Setting next_dagrun for example_setup_teardown_taskflow to 2023-12-13T14:13:57.820682+00:00, run_after=2023-12-14T14:13:57.820682+00:00
[2023-12-14T14:13:57.873+0000] {processor.py:179} INFO - Processing /home/airflow/.local/lib/python3.8/site-packages/airflow/example_dags/example_setup_teardown_taskflow.py took 0.249 seconds
[2023-12-14T14:14:28.742+0000] {processor.py:157} INFO - Started process (PID=214) to work on /home/airflow/.local/lib/python3.8/site-packages/airflow/example_dags/example_setup_teardown_taskflow.py
[2023-12-14T14:14:28.743+0000] {processor.py:829} INFO - Processing file /home/airflow/.local/lib/python3.8/site-packages/airflow/example_dags/example_setup_teardown_taskflow.py for tasks to queue
[2023-12-14T14:14:28.744+0000] {logging_mixin.py:151} INFO - [2023-12-14T14:14:28.744+0000] {dagbag.py:539} INFO - Filling up the DagBag from /home/airflow/.local/lib/python3.8/site-packages/airflow/example_dags/example_setup_teardown_taskflow.py
[2023-12-14T14:14:28.757+0000] {processor.py:839} INFO - DAG(s) dict_keys(['example_setup_teardown_taskflow']) retrieved from /home/airflow/.local/lib/python3.8/site-packages/airflow/example_dags/example_setup_teardown_taskflow.py
[2023-12-14T14:14:28.816+0000] {logging_mixin.py:151} INFO - [2023-12-14T14:14:28.816+0000] {dag.py:2915} INFO - Sync 1 DAGs
[2023-12-14T14:14:28.867+0000] {logging_mixin.py:151} INFO - [2023-12-14T14:14:28.865+0000] {dag.py:3696} INFO - Setting next_dagrun for example_setup_teardown_taskflow to 2023-12-13T14:14:28.864977+00:00, run_after=2023-12-14T14:14:28.864977+00:00
[2023-12-14T14:14:28.910+0000] {processor.py:179} INFO - Processing /home/airflow/.local/lib/python3.8/site-packages/airflow/example_dags/example_setup_teardown_taskflow.py took 0.171 seconds
