[2023-12-14T13:26:49.548+0000] {processor.py:157} INFO - Started process (PID=47) to work on /home/airflow/.local/lib/python3.8/site-packages/airflow/example_dags/example_branch_labels.py
[2023-12-14T13:26:49.551+0000] {processor.py:829} INFO - Processing file /home/airflow/.local/lib/python3.8/site-packages/airflow/example_dags/example_branch_labels.py for tasks to queue
[2023-12-14T13:26:49.555+0000] {logging_mixin.py:151} INFO - [2023-12-14T13:26:49.554+0000] {dagbag.py:539} INFO - Filling up the DagBag from /home/airflow/.local/lib/python3.8/site-packages/airflow/example_dags/example_branch_labels.py
[2023-12-14T13:26:49.584+0000] {processor.py:839} INFO - DAG(s) dict_keys(['example_branch_labels']) retrieved from /home/airflow/.local/lib/python3.8/site-packages/airflow/example_dags/example_branch_labels.py
[2023-12-14T13:26:49.922+0000] {logging_mixin.py:151} INFO - [2023-12-14T13:26:49.921+0000] {manager.py:499} INFO - Created Permission View: %s
[2023-12-14T13:26:49.992+0000] {logging_mixin.py:151} INFO - [2023-12-14T13:26:49.992+0000] {manager.py:499} INFO - Created Permission View: %s
[2023-12-14T13:26:50.021+0000] {logging_mixin.py:151} INFO - [2023-12-14T13:26:50.021+0000] {manager.py:499} INFO - Created Permission View: %s
[2023-12-14T13:26:50.023+0000] {logging_mixin.py:151} INFO - [2023-12-14T13:26:50.022+0000] {security.py:708} INFO - Not syncing DAG-level permissions for DAG 'DAG:example_branch_labels' as access control is unset.
[2023-12-14T13:26:50.024+0000] {logging_mixin.py:151} INFO - [2023-12-14T13:26:50.024+0000] {dag.py:2915} INFO - Sync 1 DAGs
[2023-12-14T13:26:50.060+0000] {logging_mixin.py:151} INFO - [2023-12-14T13:26:50.060+0000] {dag.py:2937} INFO - Creating ORM DAG for example_branch_labels
[2023-12-14T13:26:50.107+0000] {logging_mixin.py:151} INFO - [2023-12-14T13:26:50.106+0000] {dag.py:3696} INFO - Setting next_dagrun for example_branch_labels to 2023-12-13T00:00:00+00:00, run_after=2023-12-14T00:00:00+00:00
[2023-12-14T13:26:50.171+0000] {processor.py:179} INFO - Processing /home/airflow/.local/lib/python3.8/site-packages/airflow/example_dags/example_branch_labels.py took 0.639 seconds
[2023-12-14T13:27:22.337+0000] {processor.py:157} INFO - Started process (PID=100) to work on /home/airflow/.local/lib/python3.8/site-packages/airflow/example_dags/example_branch_labels.py
[2023-12-14T13:27:22.338+0000] {processor.py:829} INFO - Processing file /home/airflow/.local/lib/python3.8/site-packages/airflow/example_dags/example_branch_labels.py for tasks to queue
[2023-12-14T13:27:22.341+0000] {logging_mixin.py:151} INFO - [2023-12-14T13:27:22.340+0000] {dagbag.py:539} INFO - Filling up the DagBag from /home/airflow/.local/lib/python3.8/site-packages/airflow/example_dags/example_branch_labels.py
[2023-12-14T13:27:22.407+0000] {processor.py:839} INFO - DAG(s) dict_keys(['example_branch_labels']) retrieved from /home/airflow/.local/lib/python3.8/site-packages/airflow/example_dags/example_branch_labels.py
[2023-12-14T13:27:22.513+0000] {logging_mixin.py:151} INFO - [2023-12-14T13:27:22.513+0000] {dag.py:2915} INFO - Sync 1 DAGs
[2023-12-14T13:27:22.581+0000] {logging_mixin.py:151} INFO - [2023-12-14T13:27:22.580+0000] {dag.py:3696} INFO - Setting next_dagrun for example_branch_labels to 2023-12-13T00:00:00+00:00, run_after=2023-12-14T00:00:00+00:00
[2023-12-14T13:27:22.631+0000] {processor.py:179} INFO - Processing /home/airflow/.local/lib/python3.8/site-packages/airflow/example_dags/example_branch_labels.py took 0.307 seconds
[2023-12-14T13:27:52.666+0000] {processor.py:157} INFO - Started process (PID=155) to work on /home/airflow/.local/lib/python3.8/site-packages/airflow/example_dags/example_branch_labels.py
[2023-12-14T13:27:52.691+0000] {processor.py:829} INFO - Processing file /home/airflow/.local/lib/python3.8/site-packages/airflow/example_dags/example_branch_labels.py for tasks to queue
[2023-12-14T13:27:52.693+0000] {logging_mixin.py:151} INFO - [2023-12-14T13:27:52.693+0000] {dagbag.py:539} INFO - Filling up the DagBag from /home/airflow/.local/lib/python3.8/site-packages/airflow/example_dags/example_branch_labels.py
[2023-12-14T13:27:52.714+0000] {processor.py:839} INFO - DAG(s) dict_keys(['example_branch_labels']) retrieved from /home/airflow/.local/lib/python3.8/site-packages/airflow/example_dags/example_branch_labels.py
[2023-12-14T13:27:52.744+0000] {logging_mixin.py:151} INFO - [2023-12-14T13:27:52.744+0000] {dag.py:2915} INFO - Sync 1 DAGs
[2023-12-14T13:27:52.770+0000] {logging_mixin.py:151} INFO - [2023-12-14T13:27:52.770+0000] {dag.py:3696} INFO - Setting next_dagrun for example_branch_labels to 2023-12-13T00:00:00+00:00, run_after=2023-12-14T00:00:00+00:00
[2023-12-14T13:27:53.397+0000] {processor.py:179} INFO - Processing /home/airflow/.local/lib/python3.8/site-packages/airflow/example_dags/example_branch_labels.py took 0.735 seconds
[2023-12-14T13:28:24.338+0000] {processor.py:157} INFO - Started process (PID=209) to work on /home/airflow/.local/lib/python3.8/site-packages/airflow/example_dags/example_branch_labels.py
[2023-12-14T13:28:24.342+0000] {processor.py:829} INFO - Processing file /home/airflow/.local/lib/python3.8/site-packages/airflow/example_dags/example_branch_labels.py for tasks to queue
[2023-12-14T13:28:24.346+0000] {logging_mixin.py:151} INFO - [2023-12-14T13:28:24.345+0000] {dagbag.py:539} INFO - Filling up the DagBag from /home/airflow/.local/lib/python3.8/site-packages/airflow/example_dags/example_branch_labels.py
[2023-12-14T13:28:24.396+0000] {processor.py:839} INFO - DAG(s) dict_keys(['example_branch_labels']) retrieved from /home/airflow/.local/lib/python3.8/site-packages/airflow/example_dags/example_branch_labels.py
[2023-12-14T13:28:24.468+0000] {logging_mixin.py:151} INFO - [2023-12-14T13:28:24.468+0000] {dag.py:2915} INFO - Sync 1 DAGs
[2023-12-14T13:28:24.567+0000] {logging_mixin.py:151} INFO - [2023-12-14T13:28:24.567+0000] {dag.py:3696} INFO - Setting next_dagrun for example_branch_labels to 2023-12-13T00:00:00+00:00, run_after=2023-12-14T00:00:00+00:00
[2023-12-14T13:28:24.666+0000] {processor.py:179} INFO - Processing /home/airflow/.local/lib/python3.8/site-packages/airflow/example_dags/example_branch_labels.py took 0.334 seconds
[2023-12-14T13:28:54.892+0000] {processor.py:157} INFO - Started process (PID=263) to work on /home/airflow/.local/lib/python3.8/site-packages/airflow/example_dags/example_branch_labels.py
[2023-12-14T13:28:54.894+0000] {processor.py:829} INFO - Processing file /home/airflow/.local/lib/python3.8/site-packages/airflow/example_dags/example_branch_labels.py for tasks to queue
[2023-12-14T13:28:54.902+0000] {logging_mixin.py:151} INFO - [2023-12-14T13:28:54.900+0000] {dagbag.py:539} INFO - Filling up the DagBag from /home/airflow/.local/lib/python3.8/site-packages/airflow/example_dags/example_branch_labels.py
[2023-12-14T13:28:54.924+0000] {processor.py:839} INFO - DAG(s) dict_keys(['example_branch_labels']) retrieved from /home/airflow/.local/lib/python3.8/site-packages/airflow/example_dags/example_branch_labels.py
[2023-12-14T13:28:54.986+0000] {logging_mixin.py:151} INFO - [2023-12-14T13:28:54.986+0000] {dag.py:2915} INFO - Sync 1 DAGs
[2023-12-14T13:28:55.040+0000] {logging_mixin.py:151} INFO - [2023-12-14T13:28:55.040+0000] {dag.py:3696} INFO - Setting next_dagrun for example_branch_labels to 2023-12-13T00:00:00+00:00, run_after=2023-12-14T00:00:00+00:00
[2023-12-14T13:28:55.094+0000] {processor.py:179} INFO - Processing /home/airflow/.local/lib/python3.8/site-packages/airflow/example_dags/example_branch_labels.py took 0.208 seconds
[2023-12-14T13:29:25.404+0000] {processor.py:157} INFO - Started process (PID=317) to work on /home/airflow/.local/lib/python3.8/site-packages/airflow/example_dags/example_branch_labels.py
[2023-12-14T13:29:25.407+0000] {processor.py:829} INFO - Processing file /home/airflow/.local/lib/python3.8/site-packages/airflow/example_dags/example_branch_labels.py for tasks to queue
[2023-12-14T13:29:25.416+0000] {logging_mixin.py:151} INFO - [2023-12-14T13:29:25.415+0000] {dagbag.py:539} INFO - Filling up the DagBag from /home/airflow/.local/lib/python3.8/site-packages/airflow/example_dags/example_branch_labels.py
[2023-12-14T13:29:25.440+0000] {processor.py:839} INFO - DAG(s) dict_keys(['example_branch_labels']) retrieved from /home/airflow/.local/lib/python3.8/site-packages/airflow/example_dags/example_branch_labels.py
[2023-12-14T13:29:25.534+0000] {logging_mixin.py:151} INFO - [2023-12-14T13:29:25.531+0000] {dag.py:2915} INFO - Sync 1 DAGs
[2023-12-14T13:29:25.625+0000] {logging_mixin.py:151} INFO - [2023-12-14T13:29:25.625+0000] {dag.py:3696} INFO - Setting next_dagrun for example_branch_labels to 2023-12-13T00:00:00+00:00, run_after=2023-12-14T00:00:00+00:00
[2023-12-14T13:29:25.682+0000] {processor.py:179} INFO - Processing /home/airflow/.local/lib/python3.8/site-packages/airflow/example_dags/example_branch_labels.py took 0.285 seconds
[2023-12-14T13:29:57.104+0000] {processor.py:157} INFO - Started process (PID=371) to work on /home/airflow/.local/lib/python3.8/site-packages/airflow/example_dags/example_branch_labels.py
[2023-12-14T13:29:57.117+0000] {processor.py:829} INFO - Processing file /home/airflow/.local/lib/python3.8/site-packages/airflow/example_dags/example_branch_labels.py for tasks to queue
[2023-12-14T13:29:57.123+0000] {logging_mixin.py:151} INFO - [2023-12-14T13:29:57.122+0000] {dagbag.py:539} INFO - Filling up the DagBag from /home/airflow/.local/lib/python3.8/site-packages/airflow/example_dags/example_branch_labels.py
[2023-12-14T13:29:57.161+0000] {processor.py:839} INFO - DAG(s) dict_keys(['example_branch_labels']) retrieved from /home/airflow/.local/lib/python3.8/site-packages/airflow/example_dags/example_branch_labels.py
[2023-12-14T13:29:57.248+0000] {logging_mixin.py:151} INFO - [2023-12-14T13:29:57.246+0000] {dag.py:2915} INFO - Sync 1 DAGs
[2023-12-14T13:29:57.338+0000] {logging_mixin.py:151} INFO - [2023-12-14T13:29:57.338+0000] {dag.py:3696} INFO - Setting next_dagrun for example_branch_labels to 2023-12-13T00:00:00+00:00, run_after=2023-12-14T00:00:00+00:00
[2023-12-14T13:29:57.434+0000] {processor.py:179} INFO - Processing /home/airflow/.local/lib/python3.8/site-packages/airflow/example_dags/example_branch_labels.py took 0.338 seconds
[2023-12-14T13:30:27.818+0000] {processor.py:157} INFO - Started process (PID=424) to work on /home/airflow/.local/lib/python3.8/site-packages/airflow/example_dags/example_branch_labels.py
[2023-12-14T13:30:27.825+0000] {processor.py:829} INFO - Processing file /home/airflow/.local/lib/python3.8/site-packages/airflow/example_dags/example_branch_labels.py for tasks to queue
[2023-12-14T13:30:27.827+0000] {logging_mixin.py:151} INFO - [2023-12-14T13:30:27.826+0000] {dagbag.py:539} INFO - Filling up the DagBag from /home/airflow/.local/lib/python3.8/site-packages/airflow/example_dags/example_branch_labels.py
[2023-12-14T13:30:27.837+0000] {processor.py:839} INFO - DAG(s) dict_keys(['example_branch_labels']) retrieved from /home/airflow/.local/lib/python3.8/site-packages/airflow/example_dags/example_branch_labels.py
[2023-12-14T13:30:27.868+0000] {logging_mixin.py:151} INFO - [2023-12-14T13:30:27.868+0000] {dag.py:2915} INFO - Sync 1 DAGs
[2023-12-14T13:30:27.896+0000] {logging_mixin.py:151} INFO - [2023-12-14T13:30:27.896+0000] {dag.py:3696} INFO - Setting next_dagrun for example_branch_labels to 2023-12-13T00:00:00+00:00, run_after=2023-12-14T00:00:00+00:00
[2023-12-14T13:30:28.935+0000] {processor.py:179} INFO - Processing /home/airflow/.local/lib/python3.8/site-packages/airflow/example_dags/example_branch_labels.py took 1.121 seconds
[2023-12-14T13:30:59.794+0000] {processor.py:157} INFO - Started process (PID=479) to work on /home/airflow/.local/lib/python3.8/site-packages/airflow/example_dags/example_branch_labels.py
[2023-12-14T13:30:59.797+0000] {processor.py:829} INFO - Processing file /home/airflow/.local/lib/python3.8/site-packages/airflow/example_dags/example_branch_labels.py for tasks to queue
[2023-12-14T13:30:59.799+0000] {logging_mixin.py:151} INFO - [2023-12-14T13:30:59.798+0000] {dagbag.py:539} INFO - Filling up the DagBag from /home/airflow/.local/lib/python3.8/site-packages/airflow/example_dags/example_branch_labels.py
[2023-12-14T13:30:59.816+0000] {processor.py:839} INFO - DAG(s) dict_keys(['example_branch_labels']) retrieved from /home/airflow/.local/lib/python3.8/site-packages/airflow/example_dags/example_branch_labels.py
[2023-12-14T13:30:59.857+0000] {logging_mixin.py:151} INFO - [2023-12-14T13:30:59.856+0000] {dag.py:2915} INFO - Sync 1 DAGs
[2023-12-14T13:30:59.901+0000] {logging_mixin.py:151} INFO - [2023-12-14T13:30:59.900+0000] {dag.py:3696} INFO - Setting next_dagrun for example_branch_labels to 2023-12-13T00:00:00+00:00, run_after=2023-12-14T00:00:00+00:00
[2023-12-14T13:30:59.941+0000] {processor.py:179} INFO - Processing /home/airflow/.local/lib/python3.8/site-packages/airflow/example_dags/example_branch_labels.py took 0.154 seconds
[2023-12-14T13:31:30.058+0000] {processor.py:157} INFO - Started process (PID=533) to work on /home/airflow/.local/lib/python3.8/site-packages/airflow/example_dags/example_branch_labels.py
[2023-12-14T13:31:30.059+0000] {processor.py:829} INFO - Processing file /home/airflow/.local/lib/python3.8/site-packages/airflow/example_dags/example_branch_labels.py for tasks to queue
[2023-12-14T13:31:30.060+0000] {logging_mixin.py:151} INFO - [2023-12-14T13:31:30.059+0000] {dagbag.py:539} INFO - Filling up the DagBag from /home/airflow/.local/lib/python3.8/site-packages/airflow/example_dags/example_branch_labels.py
[2023-12-14T13:31:30.074+0000] {processor.py:839} INFO - DAG(s) dict_keys(['example_branch_labels']) retrieved from /home/airflow/.local/lib/python3.8/site-packages/airflow/example_dags/example_branch_labels.py
[2023-12-14T13:31:30.109+0000] {logging_mixin.py:151} INFO - [2023-12-14T13:31:30.109+0000] {dag.py:2915} INFO - Sync 1 DAGs
[2023-12-14T13:31:30.156+0000] {logging_mixin.py:151} INFO - [2023-12-14T13:31:30.156+0000] {dag.py:3696} INFO - Setting next_dagrun for example_branch_labels to 2023-12-13T00:00:00+00:00, run_after=2023-12-14T00:00:00+00:00
[2023-12-14T13:31:30.188+0000] {processor.py:179} INFO - Processing /home/airflow/.local/lib/python3.8/site-packages/airflow/example_dags/example_branch_labels.py took 0.135 seconds
[2023-12-14T13:32:00.346+0000] {processor.py:157} INFO - Started process (PID=587) to work on /home/airflow/.local/lib/python3.8/site-packages/airflow/example_dags/example_branch_labels.py
[2023-12-14T13:32:00.347+0000] {processor.py:829} INFO - Processing file /home/airflow/.local/lib/python3.8/site-packages/airflow/example_dags/example_branch_labels.py for tasks to queue
[2023-12-14T13:32:00.348+0000] {logging_mixin.py:151} INFO - [2023-12-14T13:32:00.347+0000] {dagbag.py:539} INFO - Filling up the DagBag from /home/airflow/.local/lib/python3.8/site-packages/airflow/example_dags/example_branch_labels.py
[2023-12-14T13:32:00.361+0000] {processor.py:839} INFO - DAG(s) dict_keys(['example_branch_labels']) retrieved from /home/airflow/.local/lib/python3.8/site-packages/airflow/example_dags/example_branch_labels.py
[2023-12-14T13:32:00.442+0000] {logging_mixin.py:151} INFO - [2023-12-14T13:32:00.442+0000] {dag.py:2915} INFO - Sync 1 DAGs
[2023-12-14T13:32:00.573+0000] {logging_mixin.py:151} INFO - [2023-12-14T13:32:00.573+0000] {dag.py:3696} INFO - Setting next_dagrun for example_branch_labels to 2023-12-13T00:00:00+00:00, run_after=2023-12-14T00:00:00+00:00
[2023-12-14T13:32:01.885+0000] {processor.py:179} INFO - Processing /home/airflow/.local/lib/python3.8/site-packages/airflow/example_dags/example_branch_labels.py took 1.545 seconds
[2023-12-14T13:32:31.962+0000] {processor.py:157} INFO - Started process (PID=640) to work on /home/airflow/.local/lib/python3.8/site-packages/airflow/example_dags/example_branch_labels.py
[2023-12-14T13:32:31.964+0000] {processor.py:829} INFO - Processing file /home/airflow/.local/lib/python3.8/site-packages/airflow/example_dags/example_branch_labels.py for tasks to queue
[2023-12-14T13:32:31.965+0000] {logging_mixin.py:151} INFO - [2023-12-14T13:32:31.965+0000] {dagbag.py:539} INFO - Filling up the DagBag from /home/airflow/.local/lib/python3.8/site-packages/airflow/example_dags/example_branch_labels.py
[2023-12-14T13:32:31.982+0000] {processor.py:839} INFO - DAG(s) dict_keys(['example_branch_labels']) retrieved from /home/airflow/.local/lib/python3.8/site-packages/airflow/example_dags/example_branch_labels.py
[2023-12-14T13:32:32.023+0000] {logging_mixin.py:151} INFO - [2023-12-14T13:32:32.023+0000] {dag.py:2915} INFO - Sync 1 DAGs
[2023-12-14T13:32:32.054+0000] {logging_mixin.py:151} INFO - [2023-12-14T13:32:32.053+0000] {dag.py:3696} INFO - Setting next_dagrun for example_branch_labels to 2023-12-13T00:00:00+00:00, run_after=2023-12-14T00:00:00+00:00
[2023-12-14T13:32:32.080+0000] {processor.py:179} INFO - Processing /home/airflow/.local/lib/python3.8/site-packages/airflow/example_dags/example_branch_labels.py took 0.122 seconds
[2023-12-14T13:33:02.997+0000] {processor.py:157} INFO - Started process (PID=695) to work on /home/airflow/.local/lib/python3.8/site-packages/airflow/example_dags/example_branch_labels.py
[2023-12-14T13:33:02.999+0000] {processor.py:829} INFO - Processing file /home/airflow/.local/lib/python3.8/site-packages/airflow/example_dags/example_branch_labels.py for tasks to queue
[2023-12-14T13:33:03.001+0000] {logging_mixin.py:151} INFO - [2023-12-14T13:33:03.001+0000] {dagbag.py:539} INFO - Filling up the DagBag from /home/airflow/.local/lib/python3.8/site-packages/airflow/example_dags/example_branch_labels.py
[2023-12-14T13:33:03.035+0000] {processor.py:839} INFO - DAG(s) dict_keys(['example_branch_labels']) retrieved from /home/airflow/.local/lib/python3.8/site-packages/airflow/example_dags/example_branch_labels.py
[2023-12-14T13:33:03.123+0000] {logging_mixin.py:151} INFO - [2023-12-14T13:33:03.121+0000] {dag.py:2915} INFO - Sync 1 DAGs
[2023-12-14T13:33:03.215+0000] {logging_mixin.py:151} INFO - [2023-12-14T13:33:03.213+0000] {dag.py:3696} INFO - Setting next_dagrun for example_branch_labels to 2023-12-13T00:00:00+00:00, run_after=2023-12-14T00:00:00+00:00
[2023-12-14T13:33:03.248+0000] {processor.py:179} INFO - Processing /home/airflow/.local/lib/python3.8/site-packages/airflow/example_dags/example_branch_labels.py took 0.265 seconds
[2023-12-14T13:33:33.719+0000] {processor.py:157} INFO - Started process (PID=748) to work on /home/airflow/.local/lib/python3.8/site-packages/airflow/example_dags/example_branch_labels.py
[2023-12-14T13:33:33.766+0000] {processor.py:829} INFO - Processing file /home/airflow/.local/lib/python3.8/site-packages/airflow/example_dags/example_branch_labels.py for tasks to queue
[2023-12-14T13:33:33.768+0000] {logging_mixin.py:151} INFO - [2023-12-14T13:33:33.768+0000] {dagbag.py:539} INFO - Filling up the DagBag from /home/airflow/.local/lib/python3.8/site-packages/airflow/example_dags/example_branch_labels.py
[2023-12-14T13:33:33.790+0000] {processor.py:839} INFO - DAG(s) dict_keys(['example_branch_labels']) retrieved from /home/airflow/.local/lib/python3.8/site-packages/airflow/example_dags/example_branch_labels.py
[2023-12-14T13:33:33.880+0000] {logging_mixin.py:151} INFO - [2023-12-14T13:33:33.879+0000] {dag.py:2915} INFO - Sync 1 DAGs
[2023-12-14T13:33:33.951+0000] {logging_mixin.py:151} INFO - [2023-12-14T13:33:33.949+0000] {dag.py:3696} INFO - Setting next_dagrun for example_branch_labels to 2023-12-13T00:00:00+00:00, run_after=2023-12-14T00:00:00+00:00
[2023-12-14T13:33:34.185+0000] {processor.py:179} INFO - Processing /home/airflow/.local/lib/python3.8/site-packages/airflow/example_dags/example_branch_labels.py took 0.482 seconds
[2023-12-14T13:34:04.976+0000] {processor.py:157} INFO - Started process (PID=803) to work on /home/airflow/.local/lib/python3.8/site-packages/airflow/example_dags/example_branch_labels.py
[2023-12-14T13:34:04.984+0000] {processor.py:829} INFO - Processing file /home/airflow/.local/lib/python3.8/site-packages/airflow/example_dags/example_branch_labels.py for tasks to queue
[2023-12-14T13:34:04.989+0000] {logging_mixin.py:151} INFO - [2023-12-14T13:34:04.986+0000] {dagbag.py:539} INFO - Filling up the DagBag from /home/airflow/.local/lib/python3.8/site-packages/airflow/example_dags/example_branch_labels.py
[2023-12-14T13:34:04.998+0000] {processor.py:839} INFO - DAG(s) dict_keys(['example_branch_labels']) retrieved from /home/airflow/.local/lib/python3.8/site-packages/airflow/example_dags/example_branch_labels.py
[2023-12-14T13:34:05.040+0000] {logging_mixin.py:151} INFO - [2023-12-14T13:34:05.040+0000] {dag.py:2915} INFO - Sync 1 DAGs
[2023-12-14T13:34:05.074+0000] {logging_mixin.py:151} INFO - [2023-12-14T13:34:05.074+0000] {dag.py:3696} INFO - Setting next_dagrun for example_branch_labels to 2023-12-13T00:00:00+00:00, run_after=2023-12-14T00:00:00+00:00
[2023-12-14T13:34:05.323+0000] {processor.py:179} INFO - Processing /home/airflow/.local/lib/python3.8/site-packages/airflow/example_dags/example_branch_labels.py took 0.355 seconds
[2023-12-14T13:36:16.445+0000] {processor.py:157} INFO - Started process (PID=46) to work on /home/airflow/.local/lib/python3.8/site-packages/airflow/example_dags/example_branch_labels.py
[2023-12-14T13:36:16.446+0000] {processor.py:829} INFO - Processing file /home/airflow/.local/lib/python3.8/site-packages/airflow/example_dags/example_branch_labels.py for tasks to queue
[2023-12-14T13:36:16.448+0000] {logging_mixin.py:151} INFO - [2023-12-14T13:36:16.448+0000] {dagbag.py:539} INFO - Filling up the DagBag from /home/airflow/.local/lib/python3.8/site-packages/airflow/example_dags/example_branch_labels.py
[2023-12-14T13:36:16.482+0000] {processor.py:839} INFO - DAG(s) dict_keys(['example_branch_labels']) retrieved from /home/airflow/.local/lib/python3.8/site-packages/airflow/example_dags/example_branch_labels.py
[2023-12-14T13:36:16.548+0000] {logging_mixin.py:151} INFO - [2023-12-14T13:36:16.547+0000] {dag.py:2915} INFO - Sync 1 DAGs
[2023-12-14T13:36:16.612+0000] {logging_mixin.py:151} INFO - [2023-12-14T13:36:16.612+0000] {dag.py:3696} INFO - Setting next_dagrun for example_branch_labels to 2023-12-13T00:00:00+00:00, run_after=2023-12-14T00:00:00+00:00
[2023-12-14T13:36:16.670+0000] {processor.py:179} INFO - Processing /home/airflow/.local/lib/python3.8/site-packages/airflow/example_dags/example_branch_labels.py took 0.230 seconds
[2023-12-14T13:36:47.236+0000] {processor.py:157} INFO - Started process (PID=100) to work on /home/airflow/.local/lib/python3.8/site-packages/airflow/example_dags/example_branch_labels.py
[2023-12-14T13:36:47.238+0000] {processor.py:829} INFO - Processing file /home/airflow/.local/lib/python3.8/site-packages/airflow/example_dags/example_branch_labels.py for tasks to queue
[2023-12-14T13:36:47.241+0000] {logging_mixin.py:151} INFO - [2023-12-14T13:36:47.240+0000] {dagbag.py:539} INFO - Filling up the DagBag from /home/airflow/.local/lib/python3.8/site-packages/airflow/example_dags/example_branch_labels.py
[2023-12-14T13:36:47.270+0000] {processor.py:839} INFO - DAG(s) dict_keys(['example_branch_labels']) retrieved from /home/airflow/.local/lib/python3.8/site-packages/airflow/example_dags/example_branch_labels.py
[2023-12-14T13:36:47.352+0000] {logging_mixin.py:151} INFO - [2023-12-14T13:36:47.351+0000] {dag.py:2915} INFO - Sync 1 DAGs
[2023-12-14T13:36:47.434+0000] {logging_mixin.py:151} INFO - [2023-12-14T13:36:47.433+0000] {dag.py:3696} INFO - Setting next_dagrun for example_branch_labels to 2023-12-13T00:00:00+00:00, run_after=2023-12-14T00:00:00+00:00
[2023-12-14T13:36:47.495+0000] {processor.py:179} INFO - Processing /home/airflow/.local/lib/python3.8/site-packages/airflow/example_dags/example_branch_labels.py took 0.266 seconds
[2023-12-14T13:37:17.634+0000] {processor.py:157} INFO - Started process (PID=153) to work on /home/airflow/.local/lib/python3.8/site-packages/airflow/example_dags/example_branch_labels.py
[2023-12-14T13:37:17.635+0000] {processor.py:829} INFO - Processing file /home/airflow/.local/lib/python3.8/site-packages/airflow/example_dags/example_branch_labels.py for tasks to queue
[2023-12-14T13:37:17.636+0000] {logging_mixin.py:151} INFO - [2023-12-14T13:37:17.636+0000] {dagbag.py:539} INFO - Filling up the DagBag from /home/airflow/.local/lib/python3.8/site-packages/airflow/example_dags/example_branch_labels.py
[2023-12-14T13:37:17.651+0000] {processor.py:839} INFO - DAG(s) dict_keys(['example_branch_labels']) retrieved from /home/airflow/.local/lib/python3.8/site-packages/airflow/example_dags/example_branch_labels.py
[2023-12-14T13:37:17.684+0000] {logging_mixin.py:151} INFO - [2023-12-14T13:37:17.683+0000] {dag.py:2915} INFO - Sync 1 DAGs
[2023-12-14T13:37:17.725+0000] {logging_mixin.py:151} INFO - [2023-12-14T13:37:17.725+0000] {dag.py:3696} INFO - Setting next_dagrun for example_branch_labels to 2023-12-13T00:00:00+00:00, run_after=2023-12-14T00:00:00+00:00
[2023-12-14T13:37:17.754+0000] {processor.py:179} INFO - Processing /home/airflow/.local/lib/python3.8/site-packages/airflow/example_dags/example_branch_labels.py took 0.126 seconds
[2023-12-14T13:46:34.897+0000] {processor.py:157} INFO - Started process (PID=40) to work on /home/airflow/.local/lib/python3.8/site-packages/airflow/example_dags/example_branch_labels.py
[2023-12-14T13:46:34.899+0000] {processor.py:829} INFO - Processing file /home/airflow/.local/lib/python3.8/site-packages/airflow/example_dags/example_branch_labels.py for tasks to queue
[2023-12-14T13:46:34.903+0000] {logging_mixin.py:151} INFO - [2023-12-14T13:46:34.903+0000] {dagbag.py:539} INFO - Filling up the DagBag from /home/airflow/.local/lib/python3.8/site-packages/airflow/example_dags/example_branch_labels.py
[2023-12-14T13:46:34.956+0000] {processor.py:839} INFO - DAG(s) dict_keys(['example_branch_labels']) retrieved from /home/airflow/.local/lib/python3.8/site-packages/airflow/example_dags/example_branch_labels.py
[2023-12-14T13:46:35.048+0000] {logging_mixin.py:151} INFO - [2023-12-14T13:46:35.046+0000] {dag.py:2915} INFO - Sync 1 DAGs
[2023-12-14T13:46:35.120+0000] {logging_mixin.py:151} INFO - [2023-12-14T13:46:35.120+0000] {dag.py:3696} INFO - Setting next_dagrun for example_branch_labels to 2023-12-13T00:00:00+00:00, run_after=2023-12-14T00:00:00+00:00
[2023-12-14T13:46:35.175+0000] {processor.py:179} INFO - Processing /home/airflow/.local/lib/python3.8/site-packages/airflow/example_dags/example_branch_labels.py took 0.283 seconds
[2023-12-14T13:47:05.712+0000] {processor.py:157} INFO - Started process (PID=94) to work on /home/airflow/.local/lib/python3.8/site-packages/airflow/example_dags/example_branch_labels.py
[2023-12-14T13:47:05.713+0000] {processor.py:829} INFO - Processing file /home/airflow/.local/lib/python3.8/site-packages/airflow/example_dags/example_branch_labels.py for tasks to queue
[2023-12-14T13:47:05.715+0000] {logging_mixin.py:151} INFO - [2023-12-14T13:47:05.714+0000] {dagbag.py:539} INFO - Filling up the DagBag from /home/airflow/.local/lib/python3.8/site-packages/airflow/example_dags/example_branch_labels.py
[2023-12-14T13:47:05.725+0000] {processor.py:839} INFO - DAG(s) dict_keys(['example_branch_labels']) retrieved from /home/airflow/.local/lib/python3.8/site-packages/airflow/example_dags/example_branch_labels.py
[2023-12-14T13:47:05.757+0000] {logging_mixin.py:151} INFO - [2023-12-14T13:47:05.757+0000] {dag.py:2915} INFO - Sync 1 DAGs
[2023-12-14T13:47:05.784+0000] {logging_mixin.py:151} INFO - [2023-12-14T13:47:05.784+0000] {dag.py:3696} INFO - Setting next_dagrun for example_branch_labels to 2023-12-13T00:00:00+00:00, run_after=2023-12-14T00:00:00+00:00
[2023-12-14T13:47:05.810+0000] {processor.py:179} INFO - Processing /home/airflow/.local/lib/python3.8/site-packages/airflow/example_dags/example_branch_labels.py took 0.102 seconds
[2023-12-14T13:47:36.444+0000] {processor.py:157} INFO - Started process (PID=148) to work on /home/airflow/.local/lib/python3.8/site-packages/airflow/example_dags/example_branch_labels.py
[2023-12-14T13:47:36.445+0000] {processor.py:829} INFO - Processing file /home/airflow/.local/lib/python3.8/site-packages/airflow/example_dags/example_branch_labels.py for tasks to queue
[2023-12-14T13:47:36.447+0000] {logging_mixin.py:151} INFO - [2023-12-14T13:47:36.446+0000] {dagbag.py:539} INFO - Filling up the DagBag from /home/airflow/.local/lib/python3.8/site-packages/airflow/example_dags/example_branch_labels.py
[2023-12-14T13:47:36.457+0000] {processor.py:839} INFO - DAG(s) dict_keys(['example_branch_labels']) retrieved from /home/airflow/.local/lib/python3.8/site-packages/airflow/example_dags/example_branch_labels.py
[2023-12-14T13:47:36.484+0000] {logging_mixin.py:151} INFO - [2023-12-14T13:47:36.484+0000] {dag.py:2915} INFO - Sync 1 DAGs
[2023-12-14T13:47:36.512+0000] {logging_mixin.py:151} INFO - [2023-12-14T13:47:36.511+0000] {dag.py:3696} INFO - Setting next_dagrun for example_branch_labels to 2023-12-13T00:00:00+00:00, run_after=2023-12-14T00:00:00+00:00
[2023-12-14T13:47:36.538+0000] {processor.py:179} INFO - Processing /home/airflow/.local/lib/python3.8/site-packages/airflow/example_dags/example_branch_labels.py took 0.098 seconds
[2023-12-14T13:48:07.069+0000] {processor.py:157} INFO - Started process (PID=201) to work on /home/airflow/.local/lib/python3.8/site-packages/airflow/example_dags/example_branch_labels.py
[2023-12-14T13:48:07.070+0000] {processor.py:829} INFO - Processing file /home/airflow/.local/lib/python3.8/site-packages/airflow/example_dags/example_branch_labels.py for tasks to queue
[2023-12-14T13:48:07.071+0000] {logging_mixin.py:151} INFO - [2023-12-14T13:48:07.071+0000] {dagbag.py:539} INFO - Filling up the DagBag from /home/airflow/.local/lib/python3.8/site-packages/airflow/example_dags/example_branch_labels.py
[2023-12-14T13:48:07.085+0000] {processor.py:839} INFO - DAG(s) dict_keys(['example_branch_labels']) retrieved from /home/airflow/.local/lib/python3.8/site-packages/airflow/example_dags/example_branch_labels.py
[2023-12-14T13:48:07.122+0000] {logging_mixin.py:151} INFO - [2023-12-14T13:48:07.122+0000] {dag.py:2915} INFO - Sync 1 DAGs
[2023-12-14T13:48:07.150+0000] {logging_mixin.py:151} INFO - [2023-12-14T13:48:07.150+0000] {dag.py:3696} INFO - Setting next_dagrun for example_branch_labels to 2023-12-13T00:00:00+00:00, run_after=2023-12-14T00:00:00+00:00
[2023-12-14T13:48:07.175+0000] {processor.py:179} INFO - Processing /home/airflow/.local/lib/python3.8/site-packages/airflow/example_dags/example_branch_labels.py took 0.111 seconds
[2023-12-14T13:48:37.242+0000] {processor.py:157} INFO - Started process (PID=255) to work on /home/airflow/.local/lib/python3.8/site-packages/airflow/example_dags/example_branch_labels.py
[2023-12-14T13:48:37.243+0000] {processor.py:829} INFO - Processing file /home/airflow/.local/lib/python3.8/site-packages/airflow/example_dags/example_branch_labels.py for tasks to queue
[2023-12-14T13:48:37.244+0000] {logging_mixin.py:151} INFO - [2023-12-14T13:48:37.244+0000] {dagbag.py:539} INFO - Filling up the DagBag from /home/airflow/.local/lib/python3.8/site-packages/airflow/example_dags/example_branch_labels.py
[2023-12-14T13:48:37.252+0000] {processor.py:839} INFO - DAG(s) dict_keys(['example_branch_labels']) retrieved from /home/airflow/.local/lib/python3.8/site-packages/airflow/example_dags/example_branch_labels.py
[2023-12-14T13:48:37.278+0000] {logging_mixin.py:151} INFO - [2023-12-14T13:48:37.278+0000] {dag.py:2915} INFO - Sync 1 DAGs
[2023-12-14T13:48:37.304+0000] {logging_mixin.py:151} INFO - [2023-12-14T13:48:37.304+0000] {dag.py:3696} INFO - Setting next_dagrun for example_branch_labels to 2023-12-13T00:00:00+00:00, run_after=2023-12-14T00:00:00+00:00
[2023-12-14T13:48:37.330+0000] {processor.py:179} INFO - Processing /home/airflow/.local/lib/python3.8/site-packages/airflow/example_dags/example_branch_labels.py took 0.093 seconds
[2023-12-14T13:49:07.883+0000] {processor.py:157} INFO - Started process (PID=309) to work on /home/airflow/.local/lib/python3.8/site-packages/airflow/example_dags/example_branch_labels.py
[2023-12-14T13:49:07.884+0000] {processor.py:829} INFO - Processing file /home/airflow/.local/lib/python3.8/site-packages/airflow/example_dags/example_branch_labels.py for tasks to queue
[2023-12-14T13:49:07.886+0000] {logging_mixin.py:151} INFO - [2023-12-14T13:49:07.885+0000] {dagbag.py:539} INFO - Filling up the DagBag from /home/airflow/.local/lib/python3.8/site-packages/airflow/example_dags/example_branch_labels.py
[2023-12-14T13:49:07.896+0000] {processor.py:839} INFO - DAG(s) dict_keys(['example_branch_labels']) retrieved from /home/airflow/.local/lib/python3.8/site-packages/airflow/example_dags/example_branch_labels.py
[2023-12-14T13:49:07.920+0000] {logging_mixin.py:151} INFO - [2023-12-14T13:49:07.920+0000] {dag.py:2915} INFO - Sync 1 DAGs
[2023-12-14T13:49:07.949+0000] {logging_mixin.py:151} INFO - [2023-12-14T13:49:07.948+0000] {dag.py:3696} INFO - Setting next_dagrun for example_branch_labels to 2023-12-13T00:00:00+00:00, run_after=2023-12-14T00:00:00+00:00
[2023-12-14T13:49:07.973+0000] {processor.py:179} INFO - Processing /home/airflow/.local/lib/python3.8/site-packages/airflow/example_dags/example_branch_labels.py took 0.093 seconds
[2023-12-14T13:49:38.250+0000] {processor.py:157} INFO - Started process (PID=362) to work on /home/airflow/.local/lib/python3.8/site-packages/airflow/example_dags/example_branch_labels.py
[2023-12-14T13:49:38.251+0000] {processor.py:829} INFO - Processing file /home/airflow/.local/lib/python3.8/site-packages/airflow/example_dags/example_branch_labels.py for tasks to queue
[2023-12-14T13:49:38.252+0000] {logging_mixin.py:151} INFO - [2023-12-14T13:49:38.251+0000] {dagbag.py:539} INFO - Filling up the DagBag from /home/airflow/.local/lib/python3.8/site-packages/airflow/example_dags/example_branch_labels.py
[2023-12-14T13:49:38.259+0000] {processor.py:839} INFO - DAG(s) dict_keys(['example_branch_labels']) retrieved from /home/airflow/.local/lib/python3.8/site-packages/airflow/example_dags/example_branch_labels.py
[2023-12-14T13:49:38.283+0000] {logging_mixin.py:151} INFO - [2023-12-14T13:49:38.282+0000] {dag.py:2915} INFO - Sync 1 DAGs
[2023-12-14T13:49:38.306+0000] {logging_mixin.py:151} INFO - [2023-12-14T13:49:38.306+0000] {dag.py:3696} INFO - Setting next_dagrun for example_branch_labels to 2023-12-13T00:00:00+00:00, run_after=2023-12-14T00:00:00+00:00
[2023-12-14T13:49:38.342+0000] {processor.py:179} INFO - Processing /home/airflow/.local/lib/python3.8/site-packages/airflow/example_dags/example_branch_labels.py took 0.096 seconds
[2023-12-14T13:50:09.005+0000] {processor.py:157} INFO - Started process (PID=417) to work on /home/airflow/.local/lib/python3.8/site-packages/airflow/example_dags/example_branch_labels.py
[2023-12-14T13:50:09.005+0000] {processor.py:829} INFO - Processing file /home/airflow/.local/lib/python3.8/site-packages/airflow/example_dags/example_branch_labels.py for tasks to queue
[2023-12-14T13:50:09.007+0000] {logging_mixin.py:151} INFO - [2023-12-14T13:50:09.007+0000] {dagbag.py:539} INFO - Filling up the DagBag from /home/airflow/.local/lib/python3.8/site-packages/airflow/example_dags/example_branch_labels.py
[2023-12-14T13:50:09.016+0000] {processor.py:839} INFO - DAG(s) dict_keys(['example_branch_labels']) retrieved from /home/airflow/.local/lib/python3.8/site-packages/airflow/example_dags/example_branch_labels.py
[2023-12-14T13:50:09.042+0000] {logging_mixin.py:151} INFO - [2023-12-14T13:50:09.042+0000] {dag.py:2915} INFO - Sync 1 DAGs
[2023-12-14T13:50:09.073+0000] {logging_mixin.py:151} INFO - [2023-12-14T13:50:09.072+0000] {dag.py:3696} INFO - Setting next_dagrun for example_branch_labels to 2023-12-13T00:00:00+00:00, run_after=2023-12-14T00:00:00+00:00
[2023-12-14T13:50:09.100+0000] {processor.py:179} INFO - Processing /home/airflow/.local/lib/python3.8/site-packages/airflow/example_dags/example_branch_labels.py took 0.099 seconds
[2023-12-14T13:50:39.569+0000] {processor.py:157} INFO - Started process (PID=471) to work on /home/airflow/.local/lib/python3.8/site-packages/airflow/example_dags/example_branch_labels.py
[2023-12-14T13:50:39.570+0000] {processor.py:829} INFO - Processing file /home/airflow/.local/lib/python3.8/site-packages/airflow/example_dags/example_branch_labels.py for tasks to queue
[2023-12-14T13:50:39.571+0000] {logging_mixin.py:151} INFO - [2023-12-14T13:50:39.571+0000] {dagbag.py:539} INFO - Filling up the DagBag from /home/airflow/.local/lib/python3.8/site-packages/airflow/example_dags/example_branch_labels.py
[2023-12-14T13:50:39.580+0000] {processor.py:839} INFO - DAG(s) dict_keys(['example_branch_labels']) retrieved from /home/airflow/.local/lib/python3.8/site-packages/airflow/example_dags/example_branch_labels.py
[2023-12-14T13:50:39.613+0000] {logging_mixin.py:151} INFO - [2023-12-14T13:50:39.612+0000] {dag.py:2915} INFO - Sync 1 DAGs
[2023-12-14T13:50:39.640+0000] {logging_mixin.py:151} INFO - [2023-12-14T13:50:39.640+0000] {dag.py:3696} INFO - Setting next_dagrun for example_branch_labels to 2023-12-13T00:00:00+00:00, run_after=2023-12-14T00:00:00+00:00
[2023-12-14T13:50:39.670+0000] {processor.py:179} INFO - Processing /home/airflow/.local/lib/python3.8/site-packages/airflow/example_dags/example_branch_labels.py took 0.105 seconds
[2023-12-14T13:51:10.000+0000] {processor.py:157} INFO - Started process (PID=525) to work on /home/airflow/.local/lib/python3.8/site-packages/airflow/example_dags/example_branch_labels.py
[2023-12-14T13:51:10.001+0000] {processor.py:829} INFO - Processing file /home/airflow/.local/lib/python3.8/site-packages/airflow/example_dags/example_branch_labels.py for tasks to queue
[2023-12-14T13:51:10.002+0000] {logging_mixin.py:151} INFO - [2023-12-14T13:51:10.002+0000] {dagbag.py:539} INFO - Filling up the DagBag from /home/airflow/.local/lib/python3.8/site-packages/airflow/example_dags/example_branch_labels.py
[2023-12-14T13:51:10.011+0000] {processor.py:839} INFO - DAG(s) dict_keys(['example_branch_labels']) retrieved from /home/airflow/.local/lib/python3.8/site-packages/airflow/example_dags/example_branch_labels.py
[2023-12-14T13:51:10.037+0000] {logging_mixin.py:151} INFO - [2023-12-14T13:51:10.037+0000] {dag.py:2915} INFO - Sync 1 DAGs
[2023-12-14T13:51:10.062+0000] {logging_mixin.py:151} INFO - [2023-12-14T13:51:10.062+0000] {dag.py:3696} INFO - Setting next_dagrun for example_branch_labels to 2023-12-13T00:00:00+00:00, run_after=2023-12-14T00:00:00+00:00
[2023-12-14T13:51:10.087+0000] {processor.py:179} INFO - Processing /home/airflow/.local/lib/python3.8/site-packages/airflow/example_dags/example_branch_labels.py took 0.090 seconds
[2023-12-14T13:51:40.574+0000] {processor.py:157} INFO - Started process (PID=579) to work on /home/airflow/.local/lib/python3.8/site-packages/airflow/example_dags/example_branch_labels.py
[2023-12-14T13:51:40.575+0000] {processor.py:829} INFO - Processing file /home/airflow/.local/lib/python3.8/site-packages/airflow/example_dags/example_branch_labels.py for tasks to queue
[2023-12-14T13:51:40.577+0000] {logging_mixin.py:151} INFO - [2023-12-14T13:51:40.576+0000] {dagbag.py:539} INFO - Filling up the DagBag from /home/airflow/.local/lib/python3.8/site-packages/airflow/example_dags/example_branch_labels.py
[2023-12-14T13:51:40.585+0000] {processor.py:839} INFO - DAG(s) dict_keys(['example_branch_labels']) retrieved from /home/airflow/.local/lib/python3.8/site-packages/airflow/example_dags/example_branch_labels.py
[2023-12-14T13:51:40.610+0000] {logging_mixin.py:151} INFO - [2023-12-14T13:51:40.610+0000] {dag.py:2915} INFO - Sync 1 DAGs
[2023-12-14T13:51:40.636+0000] {logging_mixin.py:151} INFO - [2023-12-14T13:51:40.636+0000] {dag.py:3696} INFO - Setting next_dagrun for example_branch_labels to 2023-12-13T00:00:00+00:00, run_after=2023-12-14T00:00:00+00:00
[2023-12-14T13:51:40.659+0000] {processor.py:179} INFO - Processing /home/airflow/.local/lib/python3.8/site-packages/airflow/example_dags/example_branch_labels.py took 0.088 seconds
[2023-12-14T13:52:11.063+0000] {processor.py:157} INFO - Started process (PID=633) to work on /home/airflow/.local/lib/python3.8/site-packages/airflow/example_dags/example_branch_labels.py
[2023-12-14T13:52:11.064+0000] {processor.py:829} INFO - Processing file /home/airflow/.local/lib/python3.8/site-packages/airflow/example_dags/example_branch_labels.py for tasks to queue
[2023-12-14T13:52:11.066+0000] {logging_mixin.py:151} INFO - [2023-12-14T13:52:11.065+0000] {dagbag.py:539} INFO - Filling up the DagBag from /home/airflow/.local/lib/python3.8/site-packages/airflow/example_dags/example_branch_labels.py
[2023-12-14T13:52:11.075+0000] {processor.py:839} INFO - DAG(s) dict_keys(['example_branch_labels']) retrieved from /home/airflow/.local/lib/python3.8/site-packages/airflow/example_dags/example_branch_labels.py
[2023-12-14T13:52:11.100+0000] {logging_mixin.py:151} INFO - [2023-12-14T13:52:11.100+0000] {dag.py:2915} INFO - Sync 1 DAGs
[2023-12-14T13:52:11.123+0000] {logging_mixin.py:151} INFO - [2023-12-14T13:52:11.122+0000] {dag.py:3696} INFO - Setting next_dagrun for example_branch_labels to 2023-12-13T00:00:00+00:00, run_after=2023-12-14T00:00:00+00:00
[2023-12-14T13:52:11.146+0000] {processor.py:179} INFO - Processing /home/airflow/.local/lib/python3.8/site-packages/airflow/example_dags/example_branch_labels.py took 0.086 seconds
[2023-12-14T13:52:41.582+0000] {processor.py:157} INFO - Started process (PID=687) to work on /home/airflow/.local/lib/python3.8/site-packages/airflow/example_dags/example_branch_labels.py
[2023-12-14T13:52:41.583+0000] {processor.py:829} INFO - Processing file /home/airflow/.local/lib/python3.8/site-packages/airflow/example_dags/example_branch_labels.py for tasks to queue
[2023-12-14T13:52:41.584+0000] {logging_mixin.py:151} INFO - [2023-12-14T13:52:41.584+0000] {dagbag.py:539} INFO - Filling up the DagBag from /home/airflow/.local/lib/python3.8/site-packages/airflow/example_dags/example_branch_labels.py
[2023-12-14T13:52:41.594+0000] {processor.py:839} INFO - DAG(s) dict_keys(['example_branch_labels']) retrieved from /home/airflow/.local/lib/python3.8/site-packages/airflow/example_dags/example_branch_labels.py
[2023-12-14T13:52:41.620+0000] {logging_mixin.py:151} INFO - [2023-12-14T13:52:41.619+0000] {dag.py:2915} INFO - Sync 1 DAGs
[2023-12-14T13:52:41.648+0000] {logging_mixin.py:151} INFO - [2023-12-14T13:52:41.647+0000] {dag.py:3696} INFO - Setting next_dagrun for example_branch_labels to 2023-12-13T00:00:00+00:00, run_after=2023-12-14T00:00:00+00:00
[2023-12-14T13:52:41.676+0000] {processor.py:179} INFO - Processing /home/airflow/.local/lib/python3.8/site-packages/airflow/example_dags/example_branch_labels.py took 0.098 seconds
[2023-12-14T13:53:12.131+0000] {processor.py:157} INFO - Started process (PID=741) to work on /home/airflow/.local/lib/python3.8/site-packages/airflow/example_dags/example_branch_labels.py
[2023-12-14T13:53:12.132+0000] {processor.py:829} INFO - Processing file /home/airflow/.local/lib/python3.8/site-packages/airflow/example_dags/example_branch_labels.py for tasks to queue
[2023-12-14T13:53:12.134+0000] {logging_mixin.py:151} INFO - [2023-12-14T13:53:12.133+0000] {dagbag.py:539} INFO - Filling up the DagBag from /home/airflow/.local/lib/python3.8/site-packages/airflow/example_dags/example_branch_labels.py
[2023-12-14T13:53:12.147+0000] {processor.py:839} INFO - DAG(s) dict_keys(['example_branch_labels']) retrieved from /home/airflow/.local/lib/python3.8/site-packages/airflow/example_dags/example_branch_labels.py
[2023-12-14T13:53:12.178+0000] {logging_mixin.py:151} INFO - [2023-12-14T13:53:12.177+0000] {dag.py:2915} INFO - Sync 1 DAGs
[2023-12-14T13:53:12.215+0000] {logging_mixin.py:151} INFO - [2023-12-14T13:53:12.215+0000] {dag.py:3696} INFO - Setting next_dagrun for example_branch_labels to 2023-12-13T00:00:00+00:00, run_after=2023-12-14T00:00:00+00:00
[2023-12-14T13:53:12.248+0000] {processor.py:179} INFO - Processing /home/airflow/.local/lib/python3.8/site-packages/airflow/example_dags/example_branch_labels.py took 0.123 seconds
[2023-12-14T13:53:42.799+0000] {processor.py:157} INFO - Started process (PID=795) to work on /home/airflow/.local/lib/python3.8/site-packages/airflow/example_dags/example_branch_labels.py
[2023-12-14T13:53:42.800+0000] {processor.py:829} INFO - Processing file /home/airflow/.local/lib/python3.8/site-packages/airflow/example_dags/example_branch_labels.py for tasks to queue
[2023-12-14T13:53:42.801+0000] {logging_mixin.py:151} INFO - [2023-12-14T13:53:42.801+0000] {dagbag.py:539} INFO - Filling up the DagBag from /home/airflow/.local/lib/python3.8/site-packages/airflow/example_dags/example_branch_labels.py
[2023-12-14T13:53:42.811+0000] {processor.py:839} INFO - DAG(s) dict_keys(['example_branch_labels']) retrieved from /home/airflow/.local/lib/python3.8/site-packages/airflow/example_dags/example_branch_labels.py
[2023-12-14T13:53:42.834+0000] {logging_mixin.py:151} INFO - [2023-12-14T13:53:42.834+0000] {dag.py:2915} INFO - Sync 1 DAGs
[2023-12-14T13:53:42.856+0000] {logging_mixin.py:151} INFO - [2023-12-14T13:53:42.856+0000] {dag.py:3696} INFO - Setting next_dagrun for example_branch_labels to 2023-12-13T00:00:00+00:00, run_after=2023-12-14T00:00:00+00:00
[2023-12-14T13:53:42.881+0000] {processor.py:179} INFO - Processing /home/airflow/.local/lib/python3.8/site-packages/airflow/example_dags/example_branch_labels.py took 0.085 seconds
[2023-12-14T13:54:13.579+0000] {processor.py:157} INFO - Started process (PID=849) to work on /home/airflow/.local/lib/python3.8/site-packages/airflow/example_dags/example_branch_labels.py
[2023-12-14T13:54:13.580+0000] {processor.py:829} INFO - Processing file /home/airflow/.local/lib/python3.8/site-packages/airflow/example_dags/example_branch_labels.py for tasks to queue
[2023-12-14T13:54:13.581+0000] {logging_mixin.py:151} INFO - [2023-12-14T13:54:13.581+0000] {dagbag.py:539} INFO - Filling up the DagBag from /home/airflow/.local/lib/python3.8/site-packages/airflow/example_dags/example_branch_labels.py
[2023-12-14T13:54:13.591+0000] {processor.py:839} INFO - DAG(s) dict_keys(['example_branch_labels']) retrieved from /home/airflow/.local/lib/python3.8/site-packages/airflow/example_dags/example_branch_labels.py
[2023-12-14T13:54:13.626+0000] {logging_mixin.py:151} INFO - [2023-12-14T13:54:13.624+0000] {dag.py:2915} INFO - Sync 1 DAGs
[2023-12-14T13:54:13.656+0000] {logging_mixin.py:151} INFO - [2023-12-14T13:54:13.656+0000] {dag.py:3696} INFO - Setting next_dagrun for example_branch_labels to 2023-12-13T00:00:00+00:00, run_after=2023-12-14T00:00:00+00:00
[2023-12-14T13:54:13.681+0000] {processor.py:179} INFO - Processing /home/airflow/.local/lib/python3.8/site-packages/airflow/example_dags/example_branch_labels.py took 0.106 seconds
[2023-12-14T13:54:44.163+0000] {processor.py:157} INFO - Started process (PID=903) to work on /home/airflow/.local/lib/python3.8/site-packages/airflow/example_dags/example_branch_labels.py
[2023-12-14T13:54:44.163+0000] {processor.py:829} INFO - Processing file /home/airflow/.local/lib/python3.8/site-packages/airflow/example_dags/example_branch_labels.py for tasks to queue
[2023-12-14T13:54:44.165+0000] {logging_mixin.py:151} INFO - [2023-12-14T13:54:44.164+0000] {dagbag.py:539} INFO - Filling up the DagBag from /home/airflow/.local/lib/python3.8/site-packages/airflow/example_dags/example_branch_labels.py
[2023-12-14T13:54:44.173+0000] {processor.py:839} INFO - DAG(s) dict_keys(['example_branch_labels']) retrieved from /home/airflow/.local/lib/python3.8/site-packages/airflow/example_dags/example_branch_labels.py
[2023-12-14T13:54:44.199+0000] {logging_mixin.py:151} INFO - [2023-12-14T13:54:44.199+0000] {dag.py:2915} INFO - Sync 1 DAGs
[2023-12-14T13:54:44.223+0000] {logging_mixin.py:151} INFO - [2023-12-14T13:54:44.223+0000] {dag.py:3696} INFO - Setting next_dagrun for example_branch_labels to 2023-12-13T00:00:00+00:00, run_after=2023-12-14T00:00:00+00:00
[2023-12-14T13:54:44.250+0000] {processor.py:179} INFO - Processing /home/airflow/.local/lib/python3.8/site-packages/airflow/example_dags/example_branch_labels.py took 0.092 seconds
[2023-12-14T13:55:14.520+0000] {processor.py:157} INFO - Started process (PID=957) to work on /home/airflow/.local/lib/python3.8/site-packages/airflow/example_dags/example_branch_labels.py
[2023-12-14T13:55:14.520+0000] {processor.py:829} INFO - Processing file /home/airflow/.local/lib/python3.8/site-packages/airflow/example_dags/example_branch_labels.py for tasks to queue
[2023-12-14T13:55:14.521+0000] {logging_mixin.py:151} INFO - [2023-12-14T13:55:14.521+0000] {dagbag.py:539} INFO - Filling up the DagBag from /home/airflow/.local/lib/python3.8/site-packages/airflow/example_dags/example_branch_labels.py
[2023-12-14T13:55:14.530+0000] {processor.py:839} INFO - DAG(s) dict_keys(['example_branch_labels']) retrieved from /home/airflow/.local/lib/python3.8/site-packages/airflow/example_dags/example_branch_labels.py
[2023-12-14T13:55:14.558+0000] {logging_mixin.py:151} INFO - [2023-12-14T13:55:14.558+0000] {dag.py:2915} INFO - Sync 1 DAGs
[2023-12-14T13:55:14.586+0000] {logging_mixin.py:151} INFO - [2023-12-14T13:55:14.585+0000] {dag.py:3696} INFO - Setting next_dagrun for example_branch_labels to 2023-12-13T00:00:00+00:00, run_after=2023-12-14T00:00:00+00:00
[2023-12-14T13:55:14.612+0000] {processor.py:179} INFO - Processing /home/airflow/.local/lib/python3.8/site-packages/airflow/example_dags/example_branch_labels.py took 0.096 seconds
[2023-12-14T13:55:44.740+0000] {processor.py:157} INFO - Started process (PID=1011) to work on /home/airflow/.local/lib/python3.8/site-packages/airflow/example_dags/example_branch_labels.py
[2023-12-14T13:55:44.741+0000] {processor.py:829} INFO - Processing file /home/airflow/.local/lib/python3.8/site-packages/airflow/example_dags/example_branch_labels.py for tasks to queue
[2023-12-14T13:55:44.743+0000] {logging_mixin.py:151} INFO - [2023-12-14T13:55:44.742+0000] {dagbag.py:539} INFO - Filling up the DagBag from /home/airflow/.local/lib/python3.8/site-packages/airflow/example_dags/example_branch_labels.py
[2023-12-14T13:55:44.750+0000] {processor.py:839} INFO - DAG(s) dict_keys(['example_branch_labels']) retrieved from /home/airflow/.local/lib/python3.8/site-packages/airflow/example_dags/example_branch_labels.py
[2023-12-14T13:55:44.775+0000] {logging_mixin.py:151} INFO - [2023-12-14T13:55:44.775+0000] {dag.py:2915} INFO - Sync 1 DAGs
[2023-12-14T13:55:44.797+0000] {logging_mixin.py:151} INFO - [2023-12-14T13:55:44.797+0000] {dag.py:3696} INFO - Setting next_dagrun for example_branch_labels to 2023-12-13T00:00:00+00:00, run_after=2023-12-14T00:00:00+00:00
[2023-12-14T13:55:44.823+0000] {processor.py:179} INFO - Processing /home/airflow/.local/lib/python3.8/site-packages/airflow/example_dags/example_branch_labels.py took 0.086 seconds
[2023-12-14T13:56:15.145+0000] {processor.py:157} INFO - Started process (PID=1065) to work on /home/airflow/.local/lib/python3.8/site-packages/airflow/example_dags/example_branch_labels.py
[2023-12-14T13:56:15.146+0000] {processor.py:829} INFO - Processing file /home/airflow/.local/lib/python3.8/site-packages/airflow/example_dags/example_branch_labels.py for tasks to queue
[2023-12-14T13:56:15.147+0000] {logging_mixin.py:151} INFO - [2023-12-14T13:56:15.147+0000] {dagbag.py:539} INFO - Filling up the DagBag from /home/airflow/.local/lib/python3.8/site-packages/airflow/example_dags/example_branch_labels.py
[2023-12-14T13:56:15.156+0000] {processor.py:839} INFO - DAG(s) dict_keys(['example_branch_labels']) retrieved from /home/airflow/.local/lib/python3.8/site-packages/airflow/example_dags/example_branch_labels.py
[2023-12-14T13:56:15.181+0000] {logging_mixin.py:151} INFO - [2023-12-14T13:56:15.181+0000] {dag.py:2915} INFO - Sync 1 DAGs
[2023-12-14T13:56:15.207+0000] {logging_mixin.py:151} INFO - [2023-12-14T13:56:15.206+0000] {dag.py:3696} INFO - Setting next_dagrun for example_branch_labels to 2023-12-13T00:00:00+00:00, run_after=2023-12-14T00:00:00+00:00
[2023-12-14T13:56:15.232+0000] {processor.py:179} INFO - Processing /home/airflow/.local/lib/python3.8/site-packages/airflow/example_dags/example_branch_labels.py took 0.091 seconds
[2023-12-14T13:56:45.814+0000] {processor.py:157} INFO - Started process (PID=1119) to work on /home/airflow/.local/lib/python3.8/site-packages/airflow/example_dags/example_branch_labels.py
[2023-12-14T13:56:45.815+0000] {processor.py:829} INFO - Processing file /home/airflow/.local/lib/python3.8/site-packages/airflow/example_dags/example_branch_labels.py for tasks to queue
[2023-12-14T13:56:45.816+0000] {logging_mixin.py:151} INFO - [2023-12-14T13:56:45.816+0000] {dagbag.py:539} INFO - Filling up the DagBag from /home/airflow/.local/lib/python3.8/site-packages/airflow/example_dags/example_branch_labels.py
[2023-12-14T13:56:45.825+0000] {processor.py:839} INFO - DAG(s) dict_keys(['example_branch_labels']) retrieved from /home/airflow/.local/lib/python3.8/site-packages/airflow/example_dags/example_branch_labels.py
[2023-12-14T13:56:45.854+0000] {logging_mixin.py:151} INFO - [2023-12-14T13:56:45.853+0000] {dag.py:2915} INFO - Sync 1 DAGs
[2023-12-14T13:56:45.882+0000] {logging_mixin.py:151} INFO - [2023-12-14T13:56:45.882+0000] {dag.py:3696} INFO - Setting next_dagrun for example_branch_labels to 2023-12-13T00:00:00+00:00, run_after=2023-12-14T00:00:00+00:00
[2023-12-14T13:56:45.913+0000] {processor.py:179} INFO - Processing /home/airflow/.local/lib/python3.8/site-packages/airflow/example_dags/example_branch_labels.py took 0.105 seconds
[2023-12-14T13:57:16.310+0000] {processor.py:157} INFO - Started process (PID=1172) to work on /home/airflow/.local/lib/python3.8/site-packages/airflow/example_dags/example_branch_labels.py
[2023-12-14T13:57:16.312+0000] {processor.py:829} INFO - Processing file /home/airflow/.local/lib/python3.8/site-packages/airflow/example_dags/example_branch_labels.py for tasks to queue
[2023-12-14T13:57:16.313+0000] {logging_mixin.py:151} INFO - [2023-12-14T13:57:16.313+0000] {dagbag.py:539} INFO - Filling up the DagBag from /home/airflow/.local/lib/python3.8/site-packages/airflow/example_dags/example_branch_labels.py
[2023-12-14T13:57:16.324+0000] {processor.py:839} INFO - DAG(s) dict_keys(['example_branch_labels']) retrieved from /home/airflow/.local/lib/python3.8/site-packages/airflow/example_dags/example_branch_labels.py
[2023-12-14T13:57:16.353+0000] {logging_mixin.py:151} INFO - [2023-12-14T13:57:16.353+0000] {dag.py:2915} INFO - Sync 1 DAGs
[2023-12-14T13:57:16.380+0000] {logging_mixin.py:151} INFO - [2023-12-14T13:57:16.380+0000] {dag.py:3696} INFO - Setting next_dagrun for example_branch_labels to 2023-12-13T00:00:00+00:00, run_after=2023-12-14T00:00:00+00:00
[2023-12-14T13:57:16.407+0000] {processor.py:179} INFO - Processing /home/airflow/.local/lib/python3.8/site-packages/airflow/example_dags/example_branch_labels.py took 0.101 seconds
[2023-12-14T13:57:46.735+0000] {processor.py:157} INFO - Started process (PID=1226) to work on /home/airflow/.local/lib/python3.8/site-packages/airflow/example_dags/example_branch_labels.py
[2023-12-14T13:57:46.736+0000] {processor.py:829} INFO - Processing file /home/airflow/.local/lib/python3.8/site-packages/airflow/example_dags/example_branch_labels.py for tasks to queue
[2023-12-14T13:57:46.737+0000] {logging_mixin.py:151} INFO - [2023-12-14T13:57:46.736+0000] {dagbag.py:539} INFO - Filling up the DagBag from /home/airflow/.local/lib/python3.8/site-packages/airflow/example_dags/example_branch_labels.py
[2023-12-14T13:57:46.745+0000] {processor.py:839} INFO - DAG(s) dict_keys(['example_branch_labels']) retrieved from /home/airflow/.local/lib/python3.8/site-packages/airflow/example_dags/example_branch_labels.py
[2023-12-14T13:57:46.779+0000] {logging_mixin.py:151} INFO - [2023-12-14T13:57:46.779+0000] {dag.py:2915} INFO - Sync 1 DAGs
[2023-12-14T13:57:46.808+0000] {logging_mixin.py:151} INFO - [2023-12-14T13:57:46.808+0000] {dag.py:3696} INFO - Setting next_dagrun for example_branch_labels to 2023-12-13T00:00:00+00:00, run_after=2023-12-14T00:00:00+00:00
[2023-12-14T13:57:46.831+0000] {processor.py:179} INFO - Processing /home/airflow/.local/lib/python3.8/site-packages/airflow/example_dags/example_branch_labels.py took 0.099 seconds
[2023-12-14T13:58:17.195+0000] {processor.py:157} INFO - Started process (PID=1287) to work on /home/airflow/.local/lib/python3.8/site-packages/airflow/example_dags/example_branch_labels.py
[2023-12-14T13:58:17.196+0000] {processor.py:829} INFO - Processing file /home/airflow/.local/lib/python3.8/site-packages/airflow/example_dags/example_branch_labels.py for tasks to queue
[2023-12-14T13:58:17.198+0000] {logging_mixin.py:151} INFO - [2023-12-14T13:58:17.197+0000] {dagbag.py:539} INFO - Filling up the DagBag from /home/airflow/.local/lib/python3.8/site-packages/airflow/example_dags/example_branch_labels.py
[2023-12-14T13:58:17.207+0000] {processor.py:839} INFO - DAG(s) dict_keys(['example_branch_labels']) retrieved from /home/airflow/.local/lib/python3.8/site-packages/airflow/example_dags/example_branch_labels.py
[2023-12-14T13:58:17.239+0000] {logging_mixin.py:151} INFO - [2023-12-14T13:58:17.238+0000] {dag.py:2915} INFO - Sync 1 DAGs
[2023-12-14T13:58:17.275+0000] {logging_mixin.py:151} INFO - [2023-12-14T13:58:17.275+0000] {dag.py:3696} INFO - Setting next_dagrun for example_branch_labels to 2023-12-13T00:00:00+00:00, run_after=2023-12-14T00:00:00+00:00
[2023-12-14T13:58:17.298+0000] {processor.py:179} INFO - Processing /home/airflow/.local/lib/python3.8/site-packages/airflow/example_dags/example_branch_labels.py took 0.106 seconds
[2023-12-14T13:58:47.856+0000] {processor.py:157} INFO - Started process (PID=1341) to work on /home/airflow/.local/lib/python3.8/site-packages/airflow/example_dags/example_branch_labels.py
[2023-12-14T13:58:47.857+0000] {processor.py:829} INFO - Processing file /home/airflow/.local/lib/python3.8/site-packages/airflow/example_dags/example_branch_labels.py for tasks to queue
[2023-12-14T13:58:47.858+0000] {logging_mixin.py:151} INFO - [2023-12-14T13:58:47.858+0000] {dagbag.py:539} INFO - Filling up the DagBag from /home/airflow/.local/lib/python3.8/site-packages/airflow/example_dags/example_branch_labels.py
[2023-12-14T13:58:47.868+0000] {processor.py:839} INFO - DAG(s) dict_keys(['example_branch_labels']) retrieved from /home/airflow/.local/lib/python3.8/site-packages/airflow/example_dags/example_branch_labels.py
[2023-12-14T13:58:47.892+0000] {logging_mixin.py:151} INFO - [2023-12-14T13:58:47.891+0000] {dag.py:2915} INFO - Sync 1 DAGs
[2023-12-14T13:58:47.914+0000] {logging_mixin.py:151} INFO - [2023-12-14T13:58:47.914+0000] {dag.py:3696} INFO - Setting next_dagrun for example_branch_labels to 2023-12-13T00:00:00+00:00, run_after=2023-12-14T00:00:00+00:00
[2023-12-14T13:58:47.940+0000] {processor.py:179} INFO - Processing /home/airflow/.local/lib/python3.8/site-packages/airflow/example_dags/example_branch_labels.py took 0.088 seconds
[2023-12-14T13:59:18.507+0000] {processor.py:157} INFO - Started process (PID=1395) to work on /home/airflow/.local/lib/python3.8/site-packages/airflow/example_dags/example_branch_labels.py
[2023-12-14T13:59:18.508+0000] {processor.py:829} INFO - Processing file /home/airflow/.local/lib/python3.8/site-packages/airflow/example_dags/example_branch_labels.py for tasks to queue
[2023-12-14T13:59:18.509+0000] {logging_mixin.py:151} INFO - [2023-12-14T13:59:18.509+0000] {dagbag.py:539} INFO - Filling up the DagBag from /home/airflow/.local/lib/python3.8/site-packages/airflow/example_dags/example_branch_labels.py
[2023-12-14T13:59:18.519+0000] {processor.py:839} INFO - DAG(s) dict_keys(['example_branch_labels']) retrieved from /home/airflow/.local/lib/python3.8/site-packages/airflow/example_dags/example_branch_labels.py
[2023-12-14T13:59:18.542+0000] {logging_mixin.py:151} INFO - [2023-12-14T13:59:18.542+0000] {dag.py:2915} INFO - Sync 1 DAGs
[2023-12-14T13:59:18.564+0000] {logging_mixin.py:151} INFO - [2023-12-14T13:59:18.564+0000] {dag.py:3696} INFO - Setting next_dagrun for example_branch_labels to 2023-12-13T00:00:00+00:00, run_after=2023-12-14T00:00:00+00:00
[2023-12-14T13:59:18.588+0000] {processor.py:179} INFO - Processing /home/airflow/.local/lib/python3.8/site-packages/airflow/example_dags/example_branch_labels.py took 0.085 seconds
[2023-12-14T13:59:48.835+0000] {processor.py:157} INFO - Started process (PID=1449) to work on /home/airflow/.local/lib/python3.8/site-packages/airflow/example_dags/example_branch_labels.py
[2023-12-14T13:59:48.836+0000] {processor.py:829} INFO - Processing file /home/airflow/.local/lib/python3.8/site-packages/airflow/example_dags/example_branch_labels.py for tasks to queue
[2023-12-14T13:59:48.838+0000] {logging_mixin.py:151} INFO - [2023-12-14T13:59:48.837+0000] {dagbag.py:539} INFO - Filling up the DagBag from /home/airflow/.local/lib/python3.8/site-packages/airflow/example_dags/example_branch_labels.py
[2023-12-14T13:59:48.852+0000] {processor.py:839} INFO - DAG(s) dict_keys(['example_branch_labels']) retrieved from /home/airflow/.local/lib/python3.8/site-packages/airflow/example_dags/example_branch_labels.py
[2023-12-14T13:59:48.877+0000] {logging_mixin.py:151} INFO - [2023-12-14T13:59:48.877+0000] {dag.py:2915} INFO - Sync 1 DAGs
[2023-12-14T13:59:48.901+0000] {logging_mixin.py:151} INFO - [2023-12-14T13:59:48.901+0000] {dag.py:3696} INFO - Setting next_dagrun for example_branch_labels to 2023-12-13T00:00:00+00:00, run_after=2023-12-14T00:00:00+00:00
[2023-12-14T13:59:48.930+0000] {processor.py:179} INFO - Processing /home/airflow/.local/lib/python3.8/site-packages/airflow/example_dags/example_branch_labels.py took 0.100 seconds
[2023-12-14T14:00:19.530+0000] {processor.py:157} INFO - Started process (PID=1503) to work on /home/airflow/.local/lib/python3.8/site-packages/airflow/example_dags/example_branch_labels.py
[2023-12-14T14:00:19.531+0000] {processor.py:829} INFO - Processing file /home/airflow/.local/lib/python3.8/site-packages/airflow/example_dags/example_branch_labels.py for tasks to queue
[2023-12-14T14:00:19.532+0000] {logging_mixin.py:151} INFO - [2023-12-14T14:00:19.532+0000] {dagbag.py:539} INFO - Filling up the DagBag from /home/airflow/.local/lib/python3.8/site-packages/airflow/example_dags/example_branch_labels.py
[2023-12-14T14:00:19.540+0000] {processor.py:839} INFO - DAG(s) dict_keys(['example_branch_labels']) retrieved from /home/airflow/.local/lib/python3.8/site-packages/airflow/example_dags/example_branch_labels.py
[2023-12-14T14:00:19.567+0000] {logging_mixin.py:151} INFO - [2023-12-14T14:00:19.567+0000] {dag.py:2915} INFO - Sync 1 DAGs
[2023-12-14T14:00:19.596+0000] {logging_mixin.py:151} INFO - [2023-12-14T14:00:19.596+0000] {dag.py:3696} INFO - Setting next_dagrun for example_branch_labels to 2023-12-13T00:00:00+00:00, run_after=2023-12-14T00:00:00+00:00
[2023-12-14T14:00:19.617+0000] {processor.py:179} INFO - Processing /home/airflow/.local/lib/python3.8/site-packages/airflow/example_dags/example_branch_labels.py took 0.090 seconds
[2023-12-14T14:00:50.011+0000] {processor.py:157} INFO - Started process (PID=1557) to work on /home/airflow/.local/lib/python3.8/site-packages/airflow/example_dags/example_branch_labels.py
[2023-12-14T14:00:50.012+0000] {processor.py:829} INFO - Processing file /home/airflow/.local/lib/python3.8/site-packages/airflow/example_dags/example_branch_labels.py for tasks to queue
[2023-12-14T14:00:50.013+0000] {logging_mixin.py:151} INFO - [2023-12-14T14:00:50.013+0000] {dagbag.py:539} INFO - Filling up the DagBag from /home/airflow/.local/lib/python3.8/site-packages/airflow/example_dags/example_branch_labels.py
[2023-12-14T14:00:50.022+0000] {processor.py:839} INFO - DAG(s) dict_keys(['example_branch_labels']) retrieved from /home/airflow/.local/lib/python3.8/site-packages/airflow/example_dags/example_branch_labels.py
[2023-12-14T14:00:50.046+0000] {logging_mixin.py:151} INFO - [2023-12-14T14:00:50.045+0000] {dag.py:2915} INFO - Sync 1 DAGs
[2023-12-14T14:00:50.069+0000] {logging_mixin.py:151} INFO - [2023-12-14T14:00:50.069+0000] {dag.py:3696} INFO - Setting next_dagrun for example_branch_labels to 2023-12-13T00:00:00+00:00, run_after=2023-12-14T00:00:00+00:00
[2023-12-14T14:00:50.096+0000] {processor.py:179} INFO - Processing /home/airflow/.local/lib/python3.8/site-packages/airflow/example_dags/example_branch_labels.py took 0.088 seconds
[2023-12-14T14:01:20.277+0000] {processor.py:157} INFO - Started process (PID=1611) to work on /home/airflow/.local/lib/python3.8/site-packages/airflow/example_dags/example_branch_labels.py
[2023-12-14T14:01:20.278+0000] {processor.py:829} INFO - Processing file /home/airflow/.local/lib/python3.8/site-packages/airflow/example_dags/example_branch_labels.py for tasks to queue
[2023-12-14T14:01:20.279+0000] {logging_mixin.py:151} INFO - [2023-12-14T14:01:20.279+0000] {dagbag.py:539} INFO - Filling up the DagBag from /home/airflow/.local/lib/python3.8/site-packages/airflow/example_dags/example_branch_labels.py
[2023-12-14T14:01:20.288+0000] {processor.py:839} INFO - DAG(s) dict_keys(['example_branch_labels']) retrieved from /home/airflow/.local/lib/python3.8/site-packages/airflow/example_dags/example_branch_labels.py
[2023-12-14T14:01:20.312+0000] {logging_mixin.py:151} INFO - [2023-12-14T14:01:20.312+0000] {dag.py:2915} INFO - Sync 1 DAGs
[2023-12-14T14:01:20.334+0000] {logging_mixin.py:151} INFO - [2023-12-14T14:01:20.334+0000] {dag.py:3696} INFO - Setting next_dagrun for example_branch_labels to 2023-12-13T00:00:00+00:00, run_after=2023-12-14T00:00:00+00:00
[2023-12-14T14:01:20.357+0000] {processor.py:179} INFO - Processing /home/airflow/.local/lib/python3.8/site-packages/airflow/example_dags/example_branch_labels.py took 0.083 seconds
[2023-12-14T14:01:50.755+0000] {processor.py:157} INFO - Started process (PID=1665) to work on /home/airflow/.local/lib/python3.8/site-packages/airflow/example_dags/example_branch_labels.py
[2023-12-14T14:01:50.756+0000] {processor.py:829} INFO - Processing file /home/airflow/.local/lib/python3.8/site-packages/airflow/example_dags/example_branch_labels.py for tasks to queue
[2023-12-14T14:01:50.757+0000] {logging_mixin.py:151} INFO - [2023-12-14T14:01:50.757+0000] {dagbag.py:539} INFO - Filling up the DagBag from /home/airflow/.local/lib/python3.8/site-packages/airflow/example_dags/example_branch_labels.py
[2023-12-14T14:01:50.767+0000] {processor.py:839} INFO - DAG(s) dict_keys(['example_branch_labels']) retrieved from /home/airflow/.local/lib/python3.8/site-packages/airflow/example_dags/example_branch_labels.py
[2023-12-14T14:01:50.792+0000] {logging_mixin.py:151} INFO - [2023-12-14T14:01:50.791+0000] {dag.py:2915} INFO - Sync 1 DAGs
[2023-12-14T14:01:50.815+0000] {logging_mixin.py:151} INFO - [2023-12-14T14:01:50.815+0000] {dag.py:3696} INFO - Setting next_dagrun for example_branch_labels to 2023-12-13T00:00:00+00:00, run_after=2023-12-14T00:00:00+00:00
[2023-12-14T14:01:50.838+0000] {processor.py:179} INFO - Processing /home/airflow/.local/lib/python3.8/site-packages/airflow/example_dags/example_branch_labels.py took 0.087 seconds
[2023-12-14T14:02:21.125+0000] {processor.py:157} INFO - Started process (PID=1719) to work on /home/airflow/.local/lib/python3.8/site-packages/airflow/example_dags/example_branch_labels.py
[2023-12-14T14:02:21.126+0000] {processor.py:829} INFO - Processing file /home/airflow/.local/lib/python3.8/site-packages/airflow/example_dags/example_branch_labels.py for tasks to queue
[2023-12-14T14:02:21.127+0000] {logging_mixin.py:151} INFO - [2023-12-14T14:02:21.127+0000] {dagbag.py:539} INFO - Filling up the DagBag from /home/airflow/.local/lib/python3.8/site-packages/airflow/example_dags/example_branch_labels.py
[2023-12-14T14:02:21.135+0000] {processor.py:839} INFO - DAG(s) dict_keys(['example_branch_labels']) retrieved from /home/airflow/.local/lib/python3.8/site-packages/airflow/example_dags/example_branch_labels.py
[2023-12-14T14:02:21.159+0000] {logging_mixin.py:151} INFO - [2023-12-14T14:02:21.159+0000] {dag.py:2915} INFO - Sync 1 DAGs
[2023-12-14T14:02:21.181+0000] {logging_mixin.py:151} INFO - [2023-12-14T14:02:21.181+0000] {dag.py:3696} INFO - Setting next_dagrun for example_branch_labels to 2023-12-13T00:00:00+00:00, run_after=2023-12-14T00:00:00+00:00
[2023-12-14T14:02:21.205+0000] {processor.py:179} INFO - Processing /home/airflow/.local/lib/python3.8/site-packages/airflow/example_dags/example_branch_labels.py took 0.083 seconds
[2023-12-14T14:02:51.679+0000] {processor.py:157} INFO - Started process (PID=1773) to work on /home/airflow/.local/lib/python3.8/site-packages/airflow/example_dags/example_branch_labels.py
[2023-12-14T14:02:51.679+0000] {processor.py:829} INFO - Processing file /home/airflow/.local/lib/python3.8/site-packages/airflow/example_dags/example_branch_labels.py for tasks to queue
[2023-12-14T14:02:51.681+0000] {logging_mixin.py:151} INFO - [2023-12-14T14:02:51.680+0000] {dagbag.py:539} INFO - Filling up the DagBag from /home/airflow/.local/lib/python3.8/site-packages/airflow/example_dags/example_branch_labels.py
[2023-12-14T14:02:51.694+0000] {processor.py:839} INFO - DAG(s) dict_keys(['example_branch_labels']) retrieved from /home/airflow/.local/lib/python3.8/site-packages/airflow/example_dags/example_branch_labels.py
[2023-12-14T14:02:51.717+0000] {logging_mixin.py:151} INFO - [2023-12-14T14:02:51.717+0000] {dag.py:2915} INFO - Sync 1 DAGs
[2023-12-14T14:02:51.742+0000] {logging_mixin.py:151} INFO - [2023-12-14T14:02:51.741+0000] {dag.py:3696} INFO - Setting next_dagrun for example_branch_labels to 2023-12-13T00:00:00+00:00, run_after=2023-12-14T00:00:00+00:00
[2023-12-14T14:02:51.768+0000] {processor.py:179} INFO - Processing /home/airflow/.local/lib/python3.8/site-packages/airflow/example_dags/example_branch_labels.py took 0.092 seconds
[2023-12-14T14:03:21.897+0000] {processor.py:157} INFO - Started process (PID=1827) to work on /home/airflow/.local/lib/python3.8/site-packages/airflow/example_dags/example_branch_labels.py
[2023-12-14T14:03:21.898+0000] {processor.py:829} INFO - Processing file /home/airflow/.local/lib/python3.8/site-packages/airflow/example_dags/example_branch_labels.py for tasks to queue
[2023-12-14T14:03:21.900+0000] {logging_mixin.py:151} INFO - [2023-12-14T14:03:21.900+0000] {dagbag.py:539} INFO - Filling up the DagBag from /home/airflow/.local/lib/python3.8/site-packages/airflow/example_dags/example_branch_labels.py
[2023-12-14T14:03:21.908+0000] {processor.py:839} INFO - DAG(s) dict_keys(['example_branch_labels']) retrieved from /home/airflow/.local/lib/python3.8/site-packages/airflow/example_dags/example_branch_labels.py
[2023-12-14T14:03:21.939+0000] {logging_mixin.py:151} INFO - [2023-12-14T14:03:21.939+0000] {dag.py:2915} INFO - Sync 1 DAGs
[2023-12-14T14:03:21.965+0000] {logging_mixin.py:151} INFO - [2023-12-14T14:03:21.965+0000] {dag.py:3696} INFO - Setting next_dagrun for example_branch_labels to 2023-12-13T00:00:00+00:00, run_after=2023-12-14T00:00:00+00:00
[2023-12-14T14:03:21.991+0000] {processor.py:179} INFO - Processing /home/airflow/.local/lib/python3.8/site-packages/airflow/example_dags/example_branch_labels.py took 0.097 seconds
[2023-12-14T14:03:52.310+0000] {processor.py:157} INFO - Started process (PID=1881) to work on /home/airflow/.local/lib/python3.8/site-packages/airflow/example_dags/example_branch_labels.py
[2023-12-14T14:03:52.311+0000] {processor.py:829} INFO - Processing file /home/airflow/.local/lib/python3.8/site-packages/airflow/example_dags/example_branch_labels.py for tasks to queue
[2023-12-14T14:03:52.313+0000] {logging_mixin.py:151} INFO - [2023-12-14T14:03:52.313+0000] {dagbag.py:539} INFO - Filling up the DagBag from /home/airflow/.local/lib/python3.8/site-packages/airflow/example_dags/example_branch_labels.py
[2023-12-14T14:03:52.326+0000] {processor.py:839} INFO - DAG(s) dict_keys(['example_branch_labels']) retrieved from /home/airflow/.local/lib/python3.8/site-packages/airflow/example_dags/example_branch_labels.py
[2023-12-14T14:03:52.356+0000] {logging_mixin.py:151} INFO - [2023-12-14T14:03:52.356+0000] {dag.py:2915} INFO - Sync 1 DAGs
[2023-12-14T14:03:52.386+0000] {logging_mixin.py:151} INFO - [2023-12-14T14:03:52.386+0000] {dag.py:3696} INFO - Setting next_dagrun for example_branch_labels to 2023-12-13T00:00:00+00:00, run_after=2023-12-14T00:00:00+00:00
[2023-12-14T14:03:52.411+0000] {processor.py:179} INFO - Processing /home/airflow/.local/lib/python3.8/site-packages/airflow/example_dags/example_branch_labels.py took 0.105 seconds
[2023-12-14T14:04:23.175+0000] {processor.py:157} INFO - Started process (PID=1935) to work on /home/airflow/.local/lib/python3.8/site-packages/airflow/example_dags/example_branch_labels.py
[2023-12-14T14:04:23.176+0000] {processor.py:829} INFO - Processing file /home/airflow/.local/lib/python3.8/site-packages/airflow/example_dags/example_branch_labels.py for tasks to queue
[2023-12-14T14:04:23.178+0000] {logging_mixin.py:151} INFO - [2023-12-14T14:04:23.177+0000] {dagbag.py:539} INFO - Filling up the DagBag from /home/airflow/.local/lib/python3.8/site-packages/airflow/example_dags/example_branch_labels.py
[2023-12-14T14:04:23.187+0000] {processor.py:839} INFO - DAG(s) dict_keys(['example_branch_labels']) retrieved from /home/airflow/.local/lib/python3.8/site-packages/airflow/example_dags/example_branch_labels.py
[2023-12-14T14:04:23.213+0000] {logging_mixin.py:151} INFO - [2023-12-14T14:04:23.213+0000] {dag.py:2915} INFO - Sync 1 DAGs
[2023-12-14T14:04:23.237+0000] {logging_mixin.py:151} INFO - [2023-12-14T14:04:23.237+0000] {dag.py:3696} INFO - Setting next_dagrun for example_branch_labels to 2023-12-13T00:00:00+00:00, run_after=2023-12-14T00:00:00+00:00
[2023-12-14T14:04:23.263+0000] {processor.py:179} INFO - Processing /home/airflow/.local/lib/python3.8/site-packages/airflow/example_dags/example_branch_labels.py took 0.092 seconds
[2023-12-14T14:04:53.808+0000] {processor.py:157} INFO - Started process (PID=1989) to work on /home/airflow/.local/lib/python3.8/site-packages/airflow/example_dags/example_branch_labels.py
[2023-12-14T14:04:53.810+0000] {processor.py:829} INFO - Processing file /home/airflow/.local/lib/python3.8/site-packages/airflow/example_dags/example_branch_labels.py for tasks to queue
[2023-12-14T14:04:53.812+0000] {logging_mixin.py:151} INFO - [2023-12-14T14:04:53.812+0000] {dagbag.py:539} INFO - Filling up the DagBag from /home/airflow/.local/lib/python3.8/site-packages/airflow/example_dags/example_branch_labels.py
[2023-12-14T14:04:53.830+0000] {processor.py:839} INFO - DAG(s) dict_keys(['example_branch_labels']) retrieved from /home/airflow/.local/lib/python3.8/site-packages/airflow/example_dags/example_branch_labels.py
[2023-12-14T14:04:53.872+0000] {logging_mixin.py:151} INFO - [2023-12-14T14:04:53.871+0000] {dag.py:2915} INFO - Sync 1 DAGs
[2023-12-14T14:04:53.906+0000] {logging_mixin.py:151} INFO - [2023-12-14T14:04:53.906+0000] {dag.py:3696} INFO - Setting next_dagrun for example_branch_labels to 2023-12-13T00:00:00+00:00, run_after=2023-12-14T00:00:00+00:00
[2023-12-14T14:04:53.945+0000] {processor.py:179} INFO - Processing /home/airflow/.local/lib/python3.8/site-packages/airflow/example_dags/example_branch_labels.py took 0.144 seconds
[2023-12-14T14:05:24.608+0000] {processor.py:157} INFO - Started process (PID=2043) to work on /home/airflow/.local/lib/python3.8/site-packages/airflow/example_dags/example_branch_labels.py
[2023-12-14T14:05:24.609+0000] {processor.py:829} INFO - Processing file /home/airflow/.local/lib/python3.8/site-packages/airflow/example_dags/example_branch_labels.py for tasks to queue
[2023-12-14T14:05:24.610+0000] {logging_mixin.py:151} INFO - [2023-12-14T14:05:24.610+0000] {dagbag.py:539} INFO - Filling up the DagBag from /home/airflow/.local/lib/python3.8/site-packages/airflow/example_dags/example_branch_labels.py
[2023-12-14T14:05:24.618+0000] {processor.py:839} INFO - DAG(s) dict_keys(['example_branch_labels']) retrieved from /home/airflow/.local/lib/python3.8/site-packages/airflow/example_dags/example_branch_labels.py
[2023-12-14T14:05:24.661+0000] {logging_mixin.py:151} INFO - [2023-12-14T14:05:24.661+0000] {dag.py:2915} INFO - Sync 1 DAGs
[2023-12-14T14:05:24.702+0000] {logging_mixin.py:151} INFO - [2023-12-14T14:05:24.702+0000] {dag.py:3696} INFO - Setting next_dagrun for example_branch_labels to 2023-12-13T00:00:00+00:00, run_after=2023-12-14T00:00:00+00:00
[2023-12-14T14:05:24.746+0000] {processor.py:179} INFO - Processing /home/airflow/.local/lib/python3.8/site-packages/airflow/example_dags/example_branch_labels.py took 0.141 seconds
[2023-12-14T14:05:54.851+0000] {processor.py:157} INFO - Started process (PID=2097) to work on /home/airflow/.local/lib/python3.8/site-packages/airflow/example_dags/example_branch_labels.py
[2023-12-14T14:05:54.852+0000] {processor.py:829} INFO - Processing file /home/airflow/.local/lib/python3.8/site-packages/airflow/example_dags/example_branch_labels.py for tasks to queue
[2023-12-14T14:05:54.853+0000] {logging_mixin.py:151} INFO - [2023-12-14T14:05:54.853+0000] {dagbag.py:539} INFO - Filling up the DagBag from /home/airflow/.local/lib/python3.8/site-packages/airflow/example_dags/example_branch_labels.py
[2023-12-14T14:05:54.866+0000] {processor.py:839} INFO - DAG(s) dict_keys(['example_branch_labels']) retrieved from /home/airflow/.local/lib/python3.8/site-packages/airflow/example_dags/example_branch_labels.py
[2023-12-14T14:05:54.895+0000] {logging_mixin.py:151} INFO - [2023-12-14T14:05:54.895+0000] {dag.py:2915} INFO - Sync 1 DAGs
[2023-12-14T14:05:54.924+0000] {logging_mixin.py:151} INFO - [2023-12-14T14:05:54.923+0000] {dag.py:3696} INFO - Setting next_dagrun for example_branch_labels to 2023-12-13T00:00:00+00:00, run_after=2023-12-14T00:00:00+00:00
[2023-12-14T14:05:54.966+0000] {processor.py:179} INFO - Processing /home/airflow/.local/lib/python3.8/site-packages/airflow/example_dags/example_branch_labels.py took 0.119 seconds
[2023-12-14T14:06:25.858+0000] {processor.py:157} INFO - Started process (PID=2151) to work on /home/airflow/.local/lib/python3.8/site-packages/airflow/example_dags/example_branch_labels.py
[2023-12-14T14:06:25.859+0000] {processor.py:829} INFO - Processing file /home/airflow/.local/lib/python3.8/site-packages/airflow/example_dags/example_branch_labels.py for tasks to queue
[2023-12-14T14:06:25.860+0000] {logging_mixin.py:151} INFO - [2023-12-14T14:06:25.860+0000] {dagbag.py:539} INFO - Filling up the DagBag from /home/airflow/.local/lib/python3.8/site-packages/airflow/example_dags/example_branch_labels.py
[2023-12-14T14:06:25.874+0000] {processor.py:839} INFO - DAG(s) dict_keys(['example_branch_labels']) retrieved from /home/airflow/.local/lib/python3.8/site-packages/airflow/example_dags/example_branch_labels.py
[2023-12-14T14:06:25.908+0000] {logging_mixin.py:151} INFO - [2023-12-14T14:06:25.908+0000] {dag.py:2915} INFO - Sync 1 DAGs
[2023-12-14T14:06:25.957+0000] {logging_mixin.py:151} INFO - [2023-12-14T14:06:25.957+0000] {dag.py:3696} INFO - Setting next_dagrun for example_branch_labels to 2023-12-13T00:00:00+00:00, run_after=2023-12-14T00:00:00+00:00
[2023-12-14T14:06:26.022+0000] {processor.py:179} INFO - Processing /home/airflow/.local/lib/python3.8/site-packages/airflow/example_dags/example_branch_labels.py took 0.170 seconds
[2023-12-14T14:12:40.293+0000] {processor.py:157} INFO - Started process (PID=40) to work on /home/airflow/.local/lib/python3.8/site-packages/airflow/example_dags/example_branch_labels.py
[2023-12-14T14:12:40.296+0000] {processor.py:829} INFO - Processing file /home/airflow/.local/lib/python3.8/site-packages/airflow/example_dags/example_branch_labels.py for tasks to queue
[2023-12-14T14:12:40.307+0000] {logging_mixin.py:151} INFO - [2023-12-14T14:12:40.305+0000] {dagbag.py:539} INFO - Filling up the DagBag from /home/airflow/.local/lib/python3.8/site-packages/airflow/example_dags/example_branch_labels.py
[2023-12-14T14:12:40.344+0000] {processor.py:839} INFO - DAG(s) dict_keys(['example_branch_labels']) retrieved from /home/airflow/.local/lib/python3.8/site-packages/airflow/example_dags/example_branch_labels.py
[2023-12-14T14:12:40.442+0000] {logging_mixin.py:151} INFO - [2023-12-14T14:12:40.442+0000] {dag.py:2915} INFO - Sync 1 DAGs
[2023-12-14T14:12:40.508+0000] {logging_mixin.py:151} INFO - [2023-12-14T14:12:40.508+0000] {dag.py:3696} INFO - Setting next_dagrun for example_branch_labels to 2023-12-13T00:00:00+00:00, run_after=2023-12-14T00:00:00+00:00
[2023-12-14T14:12:40.574+0000] {processor.py:179} INFO - Processing /home/airflow/.local/lib/python3.8/site-packages/airflow/example_dags/example_branch_labels.py took 0.294 seconds
[2023-12-14T14:13:24.246+0000] {processor.py:157} INFO - Started process (PID=101) to work on /home/airflow/.local/lib/python3.8/site-packages/airflow/example_dags/example_branch_labels.py
[2023-12-14T14:13:24.254+0000] {processor.py:829} INFO - Processing file /home/airflow/.local/lib/python3.8/site-packages/airflow/example_dags/example_branch_labels.py for tasks to queue
[2023-12-14T14:13:24.259+0000] {logging_mixin.py:151} INFO - [2023-12-14T14:13:24.258+0000] {dagbag.py:539} INFO - Filling up the DagBag from /home/airflow/.local/lib/python3.8/site-packages/airflow/example_dags/example_branch_labels.py
[2023-12-14T14:13:24.275+0000] {processor.py:839} INFO - DAG(s) dict_keys(['example_branch_labels']) retrieved from /home/airflow/.local/lib/python3.8/site-packages/airflow/example_dags/example_branch_labels.py
[2023-12-14T14:13:24.353+0000] {logging_mixin.py:151} INFO - [2023-12-14T14:13:24.352+0000] {dag.py:2915} INFO - Sync 1 DAGs
[2023-12-14T14:13:24.438+0000] {logging_mixin.py:151} INFO - [2023-12-14T14:13:24.437+0000] {dag.py:3696} INFO - Setting next_dagrun for example_branch_labels to 2023-12-13T00:00:00+00:00, run_after=2023-12-14T00:00:00+00:00
[2023-12-14T14:13:24.495+0000] {processor.py:179} INFO - Processing /home/airflow/.local/lib/python3.8/site-packages/airflow/example_dags/example_branch_labels.py took 0.252 seconds
[2023-12-14T14:13:54.594+0000] {processor.py:157} INFO - Started process (PID=153) to work on /home/airflow/.local/lib/python3.8/site-packages/airflow/example_dags/example_branch_labels.py
[2023-12-14T14:13:54.617+0000] {processor.py:829} INFO - Processing file /home/airflow/.local/lib/python3.8/site-packages/airflow/example_dags/example_branch_labels.py for tasks to queue
[2023-12-14T14:13:54.620+0000] {logging_mixin.py:151} INFO - [2023-12-14T14:13:54.619+0000] {dagbag.py:539} INFO - Filling up the DagBag from /home/airflow/.local/lib/python3.8/site-packages/airflow/example_dags/example_branch_labels.py
[2023-12-14T14:13:54.638+0000] {processor.py:839} INFO - DAG(s) dict_keys(['example_branch_labels']) retrieved from /home/airflow/.local/lib/python3.8/site-packages/airflow/example_dags/example_branch_labels.py
[2023-12-14T14:13:54.688+0000] {logging_mixin.py:151} INFO - [2023-12-14T14:13:54.682+0000] {dag.py:2915} INFO - Sync 1 DAGs
[2023-12-14T14:13:54.778+0000] {logging_mixin.py:151} INFO - [2023-12-14T14:13:54.777+0000] {dag.py:3696} INFO - Setting next_dagrun for example_branch_labels to 2023-12-13T00:00:00+00:00, run_after=2023-12-14T00:00:00+00:00
[2023-12-14T14:13:54.840+0000] {processor.py:179} INFO - Processing /home/airflow/.local/lib/python3.8/site-packages/airflow/example_dags/example_branch_labels.py took 0.253 seconds
[2023-12-14T14:14:24.980+0000] {processor.py:157} INFO - Started process (PID=207) to work on /home/airflow/.local/lib/python3.8/site-packages/airflow/example_dags/example_branch_labels.py
[2023-12-14T14:14:24.981+0000] {processor.py:829} INFO - Processing file /home/airflow/.local/lib/python3.8/site-packages/airflow/example_dags/example_branch_labels.py for tasks to queue
[2023-12-14T14:14:24.982+0000] {logging_mixin.py:151} INFO - [2023-12-14T14:14:24.982+0000] {dagbag.py:539} INFO - Filling up the DagBag from /home/airflow/.local/lib/python3.8/site-packages/airflow/example_dags/example_branch_labels.py
[2023-12-14T14:14:24.995+0000] {processor.py:839} INFO - DAG(s) dict_keys(['example_branch_labels']) retrieved from /home/airflow/.local/lib/python3.8/site-packages/airflow/example_dags/example_branch_labels.py
[2023-12-14T14:14:25.026+0000] {logging_mixin.py:151} INFO - [2023-12-14T14:14:25.026+0000] {dag.py:2915} INFO - Sync 1 DAGs
[2023-12-14T14:14:25.054+0000] {logging_mixin.py:151} INFO - [2023-12-14T14:14:25.054+0000] {dag.py:3696} INFO - Setting next_dagrun for example_branch_labels to 2023-12-13T00:00:00+00:00, run_after=2023-12-14T00:00:00+00:00
[2023-12-14T14:14:25.081+0000] {processor.py:179} INFO - Processing /home/airflow/.local/lib/python3.8/site-packages/airflow/example_dags/example_branch_labels.py took 0.105 seconds
