[2023-12-14T13:26:53.516+0000] {processor.py:157} INFO - Started process (PID=55) to work on /home/airflow/.local/lib/python3.8/site-packages/airflow/example_dags/example_params_trigger_ui.py
[2023-12-14T13:26:53.519+0000] {processor.py:829} INFO - Processing file /home/airflow/.local/lib/python3.8/site-packages/airflow/example_dags/example_params_trigger_ui.py for tasks to queue
[2023-12-14T13:26:53.521+0000] {logging_mixin.py:151} INFO - [2023-12-14T13:26:53.520+0000] {dagbag.py:539} INFO - Filling up the DagBag from /home/airflow/.local/lib/python3.8/site-packages/airflow/example_dags/example_params_trigger_ui.py
[2023-12-14T13:26:53.597+0000] {processor.py:839} INFO - DAG(s) dict_keys(['example_params_trigger_ui']) retrieved from /home/airflow/.local/lib/python3.8/site-packages/airflow/example_dags/example_params_trigger_ui.py
[2023-12-14T13:26:54.000+0000] {logging_mixin.py:151} INFO - [2023-12-14T13:26:54.000+0000] {manager.py:499} INFO - Created Permission View: %s
[2023-12-14T13:26:54.047+0000] {logging_mixin.py:151} INFO - [2023-12-14T13:26:54.047+0000] {manager.py:499} INFO - Created Permission View: %s
[2023-12-14T13:26:54.075+0000] {logging_mixin.py:151} INFO - [2023-12-14T13:26:54.074+0000] {manager.py:499} INFO - Created Permission View: %s
[2023-12-14T13:26:54.076+0000] {logging_mixin.py:151} INFO - [2023-12-14T13:26:54.076+0000] {security.py:708} INFO - Not syncing DAG-level permissions for DAG 'DAG:example_params_trigger_ui' as access control is unset.
[2023-12-14T13:26:54.078+0000] {logging_mixin.py:151} INFO - [2023-12-14T13:26:54.077+0000] {dag.py:2915} INFO - Sync 1 DAGs
[2023-12-14T13:26:54.110+0000] {logging_mixin.py:151} INFO - [2023-12-14T13:26:54.110+0000] {dag.py:2937} INFO - Creating ORM DAG for example_params_trigger_ui
[2023-12-14T13:26:54.112+0000] {logging_mixin.py:151} INFO - [2023-12-14T13:26:54.112+0000] {dag.py:3696} INFO - Setting next_dagrun for example_params_trigger_ui to None, run_after=None
[2023-12-14T13:26:54.170+0000] {processor.py:179} INFO - Processing /home/airflow/.local/lib/python3.8/site-packages/airflow/example_dags/example_params_trigger_ui.py took 0.664 seconds
[2023-12-14T13:27:25.078+0000] {processor.py:157} INFO - Started process (PID=109) to work on /home/airflow/.local/lib/python3.8/site-packages/airflow/example_dags/example_params_trigger_ui.py
[2023-12-14T13:27:25.080+0000] {processor.py:829} INFO - Processing file /home/airflow/.local/lib/python3.8/site-packages/airflow/example_dags/example_params_trigger_ui.py for tasks to queue
[2023-12-14T13:27:25.086+0000] {logging_mixin.py:151} INFO - [2023-12-14T13:27:25.085+0000] {dagbag.py:539} INFO - Filling up the DagBag from /home/airflow/.local/lib/python3.8/site-packages/airflow/example_dags/example_params_trigger_ui.py
[2023-12-14T13:27:25.178+0000] {processor.py:839} INFO - DAG(s) dict_keys(['example_params_trigger_ui']) retrieved from /home/airflow/.local/lib/python3.8/site-packages/airflow/example_dags/example_params_trigger_ui.py
[2023-12-14T13:27:25.350+0000] {logging_mixin.py:151} INFO - [2023-12-14T13:27:25.349+0000] {dag.py:2915} INFO - Sync 1 DAGs
[2023-12-14T13:27:25.381+0000] {logging_mixin.py:151} INFO - [2023-12-14T13:27:25.381+0000] {dag.py:3696} INFO - Setting next_dagrun for example_params_trigger_ui to None, run_after=None
[2023-12-14T13:27:25.436+0000] {processor.py:179} INFO - Processing /home/airflow/.local/lib/python3.8/site-packages/airflow/example_dags/example_params_trigger_ui.py took 0.367 seconds
[2023-12-14T13:27:56.415+0000] {processor.py:157} INFO - Started process (PID=164) to work on /home/airflow/.local/lib/python3.8/site-packages/airflow/example_dags/example_params_trigger_ui.py
[2023-12-14T13:27:56.417+0000] {processor.py:829} INFO - Processing file /home/airflow/.local/lib/python3.8/site-packages/airflow/example_dags/example_params_trigger_ui.py for tasks to queue
[2023-12-14T13:27:56.420+0000] {logging_mixin.py:151} INFO - [2023-12-14T13:27:56.419+0000] {dagbag.py:539} INFO - Filling up the DagBag from /home/airflow/.local/lib/python3.8/site-packages/airflow/example_dags/example_params_trigger_ui.py
[2023-12-14T13:27:56.504+0000] {processor.py:839} INFO - DAG(s) dict_keys(['example_params_trigger_ui']) retrieved from /home/airflow/.local/lib/python3.8/site-packages/airflow/example_dags/example_params_trigger_ui.py
[2023-12-14T13:27:56.676+0000] {logging_mixin.py:151} INFO - [2023-12-14T13:27:56.676+0000] {dag.py:2915} INFO - Sync 1 DAGs
[2023-12-14T13:27:56.708+0000] {logging_mixin.py:151} INFO - [2023-12-14T13:27:56.708+0000] {dag.py:3696} INFO - Setting next_dagrun for example_params_trigger_ui to None, run_after=None
[2023-12-14T13:27:56.770+0000] {processor.py:179} INFO - Processing /home/airflow/.local/lib/python3.8/site-packages/airflow/example_dags/example_params_trigger_ui.py took 0.370 seconds
[2023-12-14T13:28:27.092+0000] {processor.py:157} INFO - Started process (PID=218) to work on /home/airflow/.local/lib/python3.8/site-packages/airflow/example_dags/example_params_trigger_ui.py
[2023-12-14T13:28:27.098+0000] {processor.py:829} INFO - Processing file /home/airflow/.local/lib/python3.8/site-packages/airflow/example_dags/example_params_trigger_ui.py for tasks to queue
[2023-12-14T13:28:27.100+0000] {logging_mixin.py:151} INFO - [2023-12-14T13:28:27.099+0000] {dagbag.py:539} INFO - Filling up the DagBag from /home/airflow/.local/lib/python3.8/site-packages/airflow/example_dags/example_params_trigger_ui.py
[2023-12-14T13:28:27.129+0000] {processor.py:839} INFO - DAG(s) dict_keys(['example_params_trigger_ui']) retrieved from /home/airflow/.local/lib/python3.8/site-packages/airflow/example_dags/example_params_trigger_ui.py
[2023-12-14T13:28:27.216+0000] {logging_mixin.py:151} INFO - [2023-12-14T13:28:27.216+0000] {dag.py:2915} INFO - Sync 1 DAGs
[2023-12-14T13:28:27.244+0000] {logging_mixin.py:151} INFO - [2023-12-14T13:28:27.242+0000] {dag.py:3696} INFO - Setting next_dagrun for example_params_trigger_ui to None, run_after=None
[2023-12-14T13:28:27.302+0000] {processor.py:179} INFO - Processing /home/airflow/.local/lib/python3.8/site-packages/airflow/example_dags/example_params_trigger_ui.py took 0.214 seconds
[2023-12-14T13:28:59.939+0000] {processor.py:157} INFO - Started process (PID=272) to work on /home/airflow/.local/lib/python3.8/site-packages/airflow/example_dags/example_params_trigger_ui.py
[2023-12-14T13:28:59.950+0000] {processor.py:829} INFO - Processing file /home/airflow/.local/lib/python3.8/site-packages/airflow/example_dags/example_params_trigger_ui.py for tasks to queue
[2023-12-14T13:28:59.952+0000] {logging_mixin.py:151} INFO - [2023-12-14T13:28:59.951+0000] {dagbag.py:539} INFO - Filling up the DagBag from /home/airflow/.local/lib/python3.8/site-packages/airflow/example_dags/example_params_trigger_ui.py
[2023-12-14T13:28:59.990+0000] {processor.py:839} INFO - DAG(s) dict_keys(['example_params_trigger_ui']) retrieved from /home/airflow/.local/lib/python3.8/site-packages/airflow/example_dags/example_params_trigger_ui.py
[2023-12-14T13:29:00.076+0000] {logging_mixin.py:151} INFO - [2023-12-14T13:29:00.076+0000] {dag.py:2915} INFO - Sync 1 DAGs
[2023-12-14T13:29:00.092+0000] {logging_mixin.py:151} INFO - [2023-12-14T13:29:00.092+0000] {dag.py:3696} INFO - Setting next_dagrun for example_params_trigger_ui to None, run_after=None
[2023-12-14T13:29:00.376+0000] {processor.py:179} INFO - Processing /home/airflow/.local/lib/python3.8/site-packages/airflow/example_dags/example_params_trigger_ui.py took 0.444 seconds
[2023-12-14T13:29:34.982+0000] {processor.py:157} INFO - Started process (PID=326) to work on /home/airflow/.local/lib/python3.8/site-packages/airflow/example_dags/example_params_trigger_ui.py
[2023-12-14T13:29:34.983+0000] {processor.py:829} INFO - Processing file /home/airflow/.local/lib/python3.8/site-packages/airflow/example_dags/example_params_trigger_ui.py for tasks to queue
[2023-12-14T13:29:34.986+0000] {logging_mixin.py:151} INFO - [2023-12-14T13:29:34.985+0000] {dagbag.py:539} INFO - Filling up the DagBag from /home/airflow/.local/lib/python3.8/site-packages/airflow/example_dags/example_params_trigger_ui.py
[2023-12-14T13:29:35.104+0000] {processor.py:839} INFO - DAG(s) dict_keys(['example_params_trigger_ui']) retrieved from /home/airflow/.local/lib/python3.8/site-packages/airflow/example_dags/example_params_trigger_ui.py
[2023-12-14T13:29:35.303+0000] {logging_mixin.py:151} INFO - [2023-12-14T13:29:35.303+0000] {dag.py:2915} INFO - Sync 1 DAGs
[2023-12-14T13:29:35.355+0000] {logging_mixin.py:151} INFO - [2023-12-14T13:29:35.355+0000] {dag.py:3696} INFO - Setting next_dagrun for example_params_trigger_ui to None, run_after=None
[2023-12-14T13:29:35.426+0000] {processor.py:179} INFO - Processing /home/airflow/.local/lib/python3.8/site-packages/airflow/example_dags/example_params_trigger_ui.py took 0.452 seconds
[2023-12-14T13:30:06.909+0000] {processor.py:157} INFO - Started process (PID=381) to work on /home/airflow/.local/lib/python3.8/site-packages/airflow/example_dags/example_params_trigger_ui.py
[2023-12-14T13:30:06.912+0000] {processor.py:829} INFO - Processing file /home/airflow/.local/lib/python3.8/site-packages/airflow/example_dags/example_params_trigger_ui.py for tasks to queue
[2023-12-14T13:30:06.917+0000] {logging_mixin.py:151} INFO - [2023-12-14T13:30:06.916+0000] {dagbag.py:539} INFO - Filling up the DagBag from /home/airflow/.local/lib/python3.8/site-packages/airflow/example_dags/example_params_trigger_ui.py
[2023-12-14T13:30:07.012+0000] {processor.py:839} INFO - DAG(s) dict_keys(['example_params_trigger_ui']) retrieved from /home/airflow/.local/lib/python3.8/site-packages/airflow/example_dags/example_params_trigger_ui.py
[2023-12-14T13:30:07.276+0000] {logging_mixin.py:151} INFO - [2023-12-14T13:30:07.275+0000] {dag.py:2915} INFO - Sync 1 DAGs
[2023-12-14T13:30:07.356+0000] {logging_mixin.py:151} INFO - [2023-12-14T13:30:07.355+0000] {dag.py:3696} INFO - Setting next_dagrun for example_params_trigger_ui to None, run_after=None
[2023-12-14T13:30:07.489+0000] {processor.py:179} INFO - Processing /home/airflow/.local/lib/python3.8/site-packages/airflow/example_dags/example_params_trigger_ui.py took 0.631 seconds
[2023-12-14T13:30:37.570+0000] {processor.py:157} INFO - Started process (PID=435) to work on /home/airflow/.local/lib/python3.8/site-packages/airflow/example_dags/example_params_trigger_ui.py
[2023-12-14T13:30:37.578+0000] {processor.py:829} INFO - Processing file /home/airflow/.local/lib/python3.8/site-packages/airflow/example_dags/example_params_trigger_ui.py for tasks to queue
[2023-12-14T13:30:37.581+0000] {logging_mixin.py:151} INFO - [2023-12-14T13:30:37.580+0000] {dagbag.py:539} INFO - Filling up the DagBag from /home/airflow/.local/lib/python3.8/site-packages/airflow/example_dags/example_params_trigger_ui.py
[2023-12-14T13:30:37.616+0000] {processor.py:839} INFO - DAG(s) dict_keys(['example_params_trigger_ui']) retrieved from /home/airflow/.local/lib/python3.8/site-packages/airflow/example_dags/example_params_trigger_ui.py
[2023-12-14T13:30:37.713+0000] {logging_mixin.py:151} INFO - [2023-12-14T13:30:37.713+0000] {dag.py:2915} INFO - Sync 1 DAGs
[2023-12-14T13:30:37.744+0000] {logging_mixin.py:151} INFO - [2023-12-14T13:30:37.744+0000] {dag.py:3696} INFO - Setting next_dagrun for example_params_trigger_ui to None, run_after=None
[2023-12-14T13:30:37.856+0000] {processor.py:179} INFO - Processing /home/airflow/.local/lib/python3.8/site-packages/airflow/example_dags/example_params_trigger_ui.py took 0.292 seconds
[2023-12-14T13:31:08.207+0000] {processor.py:157} INFO - Started process (PID=490) to work on /home/airflow/.local/lib/python3.8/site-packages/airflow/example_dags/example_params_trigger_ui.py
[2023-12-14T13:31:08.209+0000] {processor.py:829} INFO - Processing file /home/airflow/.local/lib/python3.8/site-packages/airflow/example_dags/example_params_trigger_ui.py for tasks to queue
[2023-12-14T13:31:08.210+0000] {logging_mixin.py:151} INFO - [2023-12-14T13:31:08.210+0000] {dagbag.py:539} INFO - Filling up the DagBag from /home/airflow/.local/lib/python3.8/site-packages/airflow/example_dags/example_params_trigger_ui.py
[2023-12-14T13:31:08.239+0000] {processor.py:839} INFO - DAG(s) dict_keys(['example_params_trigger_ui']) retrieved from /home/airflow/.local/lib/python3.8/site-packages/airflow/example_dags/example_params_trigger_ui.py
[2023-12-14T13:31:08.340+0000] {logging_mixin.py:151} INFO - [2023-12-14T13:31:08.340+0000] {dag.py:2915} INFO - Sync 1 DAGs
[2023-12-14T13:31:08.360+0000] {logging_mixin.py:151} INFO - [2023-12-14T13:31:08.360+0000] {dag.py:3696} INFO - Setting next_dagrun for example_params_trigger_ui to None, run_after=None
[2023-12-14T13:31:08.398+0000] {processor.py:179} INFO - Processing /home/airflow/.local/lib/python3.8/site-packages/airflow/example_dags/example_params_trigger_ui.py took 0.197 seconds
[2023-12-14T13:31:38.739+0000] {processor.py:157} INFO - Started process (PID=544) to work on /home/airflow/.local/lib/python3.8/site-packages/airflow/example_dags/example_params_trigger_ui.py
[2023-12-14T13:31:38.740+0000] {processor.py:829} INFO - Processing file /home/airflow/.local/lib/python3.8/site-packages/airflow/example_dags/example_params_trigger_ui.py for tasks to queue
[2023-12-14T13:31:38.743+0000] {logging_mixin.py:151} INFO - [2023-12-14T13:31:38.742+0000] {dagbag.py:539} INFO - Filling up the DagBag from /home/airflow/.local/lib/python3.8/site-packages/airflow/example_dags/example_params_trigger_ui.py
[2023-12-14T13:31:38.778+0000] {processor.py:839} INFO - DAG(s) dict_keys(['example_params_trigger_ui']) retrieved from /home/airflow/.local/lib/python3.8/site-packages/airflow/example_dags/example_params_trigger_ui.py
[2023-12-14T13:31:38.883+0000] {logging_mixin.py:151} INFO - [2023-12-14T13:31:38.883+0000] {dag.py:2915} INFO - Sync 1 DAGs
[2023-12-14T13:31:38.911+0000] {logging_mixin.py:151} INFO - [2023-12-14T13:31:38.910+0000] {dag.py:3696} INFO - Setting next_dagrun for example_params_trigger_ui to None, run_after=None
[2023-12-14T13:31:38.956+0000] {processor.py:179} INFO - Processing /home/airflow/.local/lib/python3.8/site-packages/airflow/example_dags/example_params_trigger_ui.py took 0.224 seconds
[2023-12-14T13:32:09.547+0000] {processor.py:157} INFO - Started process (PID=598) to work on /home/airflow/.local/lib/python3.8/site-packages/airflow/example_dags/example_params_trigger_ui.py
[2023-12-14T13:32:09.548+0000] {processor.py:829} INFO - Processing file /home/airflow/.local/lib/python3.8/site-packages/airflow/example_dags/example_params_trigger_ui.py for tasks to queue
[2023-12-14T13:32:09.551+0000] {logging_mixin.py:151} INFO - [2023-12-14T13:32:09.550+0000] {dagbag.py:539} INFO - Filling up the DagBag from /home/airflow/.local/lib/python3.8/site-packages/airflow/example_dags/example_params_trigger_ui.py
[2023-12-14T13:32:09.605+0000] {processor.py:839} INFO - DAG(s) dict_keys(['example_params_trigger_ui']) retrieved from /home/airflow/.local/lib/python3.8/site-packages/airflow/example_dags/example_params_trigger_ui.py
[2023-12-14T13:32:09.717+0000] {logging_mixin.py:151} INFO - [2023-12-14T13:32:09.717+0000] {dag.py:2915} INFO - Sync 1 DAGs
[2023-12-14T13:32:09.752+0000] {logging_mixin.py:151} INFO - [2023-12-14T13:32:09.751+0000] {dag.py:3696} INFO - Setting next_dagrun for example_params_trigger_ui to None, run_after=None
[2023-12-14T13:32:09.805+0000] {processor.py:179} INFO - Processing /home/airflow/.local/lib/python3.8/site-packages/airflow/example_dags/example_params_trigger_ui.py took 0.273 seconds
[2023-12-14T13:32:41.235+0000] {processor.py:157} INFO - Started process (PID=652) to work on /home/airflow/.local/lib/python3.8/site-packages/airflow/example_dags/example_params_trigger_ui.py
[2023-12-14T13:32:41.236+0000] {processor.py:829} INFO - Processing file /home/airflow/.local/lib/python3.8/site-packages/airflow/example_dags/example_params_trigger_ui.py for tasks to queue
[2023-12-14T13:32:41.238+0000] {logging_mixin.py:151} INFO - [2023-12-14T13:32:41.237+0000] {dagbag.py:539} INFO - Filling up the DagBag from /home/airflow/.local/lib/python3.8/site-packages/airflow/example_dags/example_params_trigger_ui.py
[2023-12-14T13:32:41.278+0000] {processor.py:839} INFO - DAG(s) dict_keys(['example_params_trigger_ui']) retrieved from /home/airflow/.local/lib/python3.8/site-packages/airflow/example_dags/example_params_trigger_ui.py
[2023-12-14T13:32:41.353+0000] {logging_mixin.py:151} INFO - [2023-12-14T13:32:41.353+0000] {dag.py:2915} INFO - Sync 1 DAGs
[2023-12-14T13:32:41.373+0000] {logging_mixin.py:151} INFO - [2023-12-14T13:32:41.373+0000] {dag.py:3696} INFO - Setting next_dagrun for example_params_trigger_ui to None, run_after=None
[2023-12-14T13:32:41.549+0000] {processor.py:179} INFO - Processing /home/airflow/.local/lib/python3.8/site-packages/airflow/example_dags/example_params_trigger_ui.py took 0.319 seconds
[2023-12-14T13:33:14.877+0000] {processor.py:157} INFO - Started process (PID=704) to work on /home/airflow/.local/lib/python3.8/site-packages/airflow/example_dags/example_params_trigger_ui.py
[2023-12-14T13:33:14.879+0000] {processor.py:829} INFO - Processing file /home/airflow/.local/lib/python3.8/site-packages/airflow/example_dags/example_params_trigger_ui.py for tasks to queue
[2023-12-14T13:33:14.880+0000] {logging_mixin.py:151} INFO - [2023-12-14T13:33:14.880+0000] {dagbag.py:539} INFO - Filling up the DagBag from /home/airflow/.local/lib/python3.8/site-packages/airflow/example_dags/example_params_trigger_ui.py
[2023-12-14T13:33:14.921+0000] {processor.py:839} INFO - DAG(s) dict_keys(['example_params_trigger_ui']) retrieved from /home/airflow/.local/lib/python3.8/site-packages/airflow/example_dags/example_params_trigger_ui.py
[2023-12-14T13:33:15.126+0000] {logging_mixin.py:151} INFO - [2023-12-14T13:33:15.126+0000] {dag.py:2915} INFO - Sync 1 DAGs
[2023-12-14T13:33:15.169+0000] {logging_mixin.py:151} INFO - [2023-12-14T13:33:15.168+0000] {dag.py:3696} INFO - Setting next_dagrun for example_params_trigger_ui to None, run_after=None
[2023-12-14T13:33:15.236+0000] {processor.py:179} INFO - Processing /home/airflow/.local/lib/python3.8/site-packages/airflow/example_dags/example_params_trigger_ui.py took 0.363 seconds
[2023-12-14T13:33:46.639+0000] {processor.py:157} INFO - Started process (PID=757) to work on /home/airflow/.local/lib/python3.8/site-packages/airflow/example_dags/example_params_trigger_ui.py
[2023-12-14T13:33:46.644+0000] {processor.py:829} INFO - Processing file /home/airflow/.local/lib/python3.8/site-packages/airflow/example_dags/example_params_trigger_ui.py for tasks to queue
[2023-12-14T13:33:46.649+0000] {logging_mixin.py:151} INFO - [2023-12-14T13:33:46.648+0000] {dagbag.py:539} INFO - Filling up the DagBag from /home/airflow/.local/lib/python3.8/site-packages/airflow/example_dags/example_params_trigger_ui.py
[2023-12-14T13:33:46.679+0000] {processor.py:839} INFO - DAG(s) dict_keys(['example_params_trigger_ui']) retrieved from /home/airflow/.local/lib/python3.8/site-packages/airflow/example_dags/example_params_trigger_ui.py
[2023-12-14T13:33:46.773+0000] {logging_mixin.py:151} INFO - [2023-12-14T13:33:46.771+0000] {dag.py:2915} INFO - Sync 1 DAGs
[2023-12-14T13:33:46.793+0000] {logging_mixin.py:151} INFO - [2023-12-14T13:33:46.792+0000] {dag.py:3696} INFO - Setting next_dagrun for example_params_trigger_ui to None, run_after=None
[2023-12-14T13:33:46.840+0000] {processor.py:179} INFO - Processing /home/airflow/.local/lib/python3.8/site-packages/airflow/example_dags/example_params_trigger_ui.py took 0.207 seconds
[2023-12-14T13:34:17.310+0000] {processor.py:157} INFO - Started process (PID=812) to work on /home/airflow/.local/lib/python3.8/site-packages/airflow/example_dags/example_params_trigger_ui.py
[2023-12-14T13:34:17.316+0000] {processor.py:829} INFO - Processing file /home/airflow/.local/lib/python3.8/site-packages/airflow/example_dags/example_params_trigger_ui.py for tasks to queue
[2023-12-14T13:34:17.323+0000] {logging_mixin.py:151} INFO - [2023-12-14T13:34:17.322+0000] {dagbag.py:539} INFO - Filling up the DagBag from /home/airflow/.local/lib/python3.8/site-packages/airflow/example_dags/example_params_trigger_ui.py
[2023-12-14T13:34:17.388+0000] {processor.py:839} INFO - DAG(s) dict_keys(['example_params_trigger_ui']) retrieved from /home/airflow/.local/lib/python3.8/site-packages/airflow/example_dags/example_params_trigger_ui.py
[2023-12-14T13:34:17.557+0000] {logging_mixin.py:151} INFO - [2023-12-14T13:34:17.557+0000] {dag.py:2915} INFO - Sync 1 DAGs
[2023-12-14T13:34:17.591+0000] {logging_mixin.py:151} INFO - [2023-12-14T13:34:17.590+0000] {dag.py:3696} INFO - Setting next_dagrun for example_params_trigger_ui to None, run_after=None
[2023-12-14T13:34:17.643+0000] {processor.py:179} INFO - Processing /home/airflow/.local/lib/python3.8/site-packages/airflow/example_dags/example_params_trigger_ui.py took 0.339 seconds
[2023-12-14T13:36:17.988+0000] {processor.py:157} INFO - Started process (PID=54) to work on /home/airflow/.local/lib/python3.8/site-packages/airflow/example_dags/example_params_trigger_ui.py
[2023-12-14T13:36:17.990+0000] {processor.py:829} INFO - Processing file /home/airflow/.local/lib/python3.8/site-packages/airflow/example_dags/example_params_trigger_ui.py for tasks to queue
[2023-12-14T13:36:17.992+0000] {logging_mixin.py:151} INFO - [2023-12-14T13:36:17.992+0000] {dagbag.py:539} INFO - Filling up the DagBag from /home/airflow/.local/lib/python3.8/site-packages/airflow/example_dags/example_params_trigger_ui.py
[2023-12-14T13:36:18.096+0000] {processor.py:839} INFO - DAG(s) dict_keys(['example_params_trigger_ui']) retrieved from /home/airflow/.local/lib/python3.8/site-packages/airflow/example_dags/example_params_trigger_ui.py
[2023-12-14T13:36:18.893+0000] {logging_mixin.py:151} INFO - [2023-12-14T13:36:18.892+0000] {dag.py:2915} INFO - Sync 1 DAGs
[2023-12-14T13:36:18.948+0000] {logging_mixin.py:151} INFO - [2023-12-14T13:36:18.947+0000] {dag.py:3696} INFO - Setting next_dagrun for example_params_trigger_ui to None, run_after=None
[2023-12-14T13:36:19.059+0000] {processor.py:179} INFO - Processing /home/airflow/.local/lib/python3.8/site-packages/airflow/example_dags/example_params_trigger_ui.py took 1.078 seconds
[2023-12-14T13:36:49.509+0000] {processor.py:157} INFO - Started process (PID=108) to work on /home/airflow/.local/lib/python3.8/site-packages/airflow/example_dags/example_params_trigger_ui.py
[2023-12-14T13:36:49.518+0000] {processor.py:829} INFO - Processing file /home/airflow/.local/lib/python3.8/site-packages/airflow/example_dags/example_params_trigger_ui.py for tasks to queue
[2023-12-14T13:36:49.521+0000] {logging_mixin.py:151} INFO - [2023-12-14T13:36:49.521+0000] {dagbag.py:539} INFO - Filling up the DagBag from /home/airflow/.local/lib/python3.8/site-packages/airflow/example_dags/example_params_trigger_ui.py
[2023-12-14T13:36:49.584+0000] {processor.py:839} INFO - DAG(s) dict_keys(['example_params_trigger_ui']) retrieved from /home/airflow/.local/lib/python3.8/site-packages/airflow/example_dags/example_params_trigger_ui.py
[2023-12-14T13:36:49.781+0000] {logging_mixin.py:151} INFO - [2023-12-14T13:36:49.780+0000] {dag.py:2915} INFO - Sync 1 DAGs
[2023-12-14T13:36:49.815+0000] {logging_mixin.py:151} INFO - [2023-12-14T13:36:49.815+0000] {dag.py:3696} INFO - Setting next_dagrun for example_params_trigger_ui to None, run_after=None
[2023-12-14T13:36:49.870+0000] {processor.py:179} INFO - Processing /home/airflow/.local/lib/python3.8/site-packages/airflow/example_dags/example_params_trigger_ui.py took 0.371 seconds
[2023-12-14T13:37:19.928+0000] {processor.py:157} INFO - Started process (PID=162) to work on /home/airflow/.local/lib/python3.8/site-packages/airflow/example_dags/example_params_trigger_ui.py
[2023-12-14T13:37:19.929+0000] {processor.py:829} INFO - Processing file /home/airflow/.local/lib/python3.8/site-packages/airflow/example_dags/example_params_trigger_ui.py for tasks to queue
[2023-12-14T13:37:19.931+0000] {logging_mixin.py:151} INFO - [2023-12-14T13:37:19.930+0000] {dagbag.py:539} INFO - Filling up the DagBag from /home/airflow/.local/lib/python3.8/site-packages/airflow/example_dags/example_params_trigger_ui.py
[2023-12-14T13:37:19.958+0000] {processor.py:839} INFO - DAG(s) dict_keys(['example_params_trigger_ui']) retrieved from /home/airflow/.local/lib/python3.8/site-packages/airflow/example_dags/example_params_trigger_ui.py
[2023-12-14T13:37:20.031+0000] {logging_mixin.py:151} INFO - [2023-12-14T13:37:20.030+0000] {dag.py:2915} INFO - Sync 1 DAGs
[2023-12-14T13:37:20.049+0000] {logging_mixin.py:151} INFO - [2023-12-14T13:37:20.049+0000] {dag.py:3696} INFO - Setting next_dagrun for example_params_trigger_ui to None, run_after=None
[2023-12-14T13:37:20.076+0000] {processor.py:179} INFO - Processing /home/airflow/.local/lib/python3.8/site-packages/airflow/example_dags/example_params_trigger_ui.py took 0.153 seconds
[2023-12-14T13:46:37.172+0000] {processor.py:157} INFO - Started process (PID=48) to work on /home/airflow/.local/lib/python3.8/site-packages/airflow/example_dags/example_params_trigger_ui.py
[2023-12-14T13:46:37.173+0000] {processor.py:829} INFO - Processing file /home/airflow/.local/lib/python3.8/site-packages/airflow/example_dags/example_params_trigger_ui.py for tasks to queue
[2023-12-14T13:46:37.175+0000] {logging_mixin.py:151} INFO - [2023-12-14T13:46:37.174+0000] {dagbag.py:539} INFO - Filling up the DagBag from /home/airflow/.local/lib/python3.8/site-packages/airflow/example_dags/example_params_trigger_ui.py
[2023-12-14T13:46:37.229+0000] {processor.py:839} INFO - DAG(s) dict_keys(['example_params_trigger_ui']) retrieved from /home/airflow/.local/lib/python3.8/site-packages/airflow/example_dags/example_params_trigger_ui.py
[2023-12-14T13:46:37.374+0000] {logging_mixin.py:151} INFO - [2023-12-14T13:46:37.374+0000] {dag.py:2915} INFO - Sync 1 DAGs
[2023-12-14T13:46:37.414+0000] {logging_mixin.py:151} INFO - [2023-12-14T13:46:37.414+0000] {dag.py:3696} INFO - Setting next_dagrun for example_params_trigger_ui to None, run_after=None
[2023-12-14T13:46:37.452+0000] {processor.py:179} INFO - Processing /home/airflow/.local/lib/python3.8/site-packages/airflow/example_dags/example_params_trigger_ui.py took 0.288 seconds
[2023-12-14T13:47:07.656+0000] {processor.py:157} INFO - Started process (PID=103) to work on /home/airflow/.local/lib/python3.8/site-packages/airflow/example_dags/example_params_trigger_ui.py
[2023-12-14T13:47:07.658+0000] {processor.py:829} INFO - Processing file /home/airflow/.local/lib/python3.8/site-packages/airflow/example_dags/example_params_trigger_ui.py for tasks to queue
[2023-12-14T13:47:07.659+0000] {logging_mixin.py:151} INFO - [2023-12-14T13:47:07.659+0000] {dagbag.py:539} INFO - Filling up the DagBag from /home/airflow/.local/lib/python3.8/site-packages/airflow/example_dags/example_params_trigger_ui.py
[2023-12-14T13:47:07.684+0000] {processor.py:839} INFO - DAG(s) dict_keys(['example_params_trigger_ui']) retrieved from /home/airflow/.local/lib/python3.8/site-packages/airflow/example_dags/example_params_trigger_ui.py
[2023-12-14T13:47:07.756+0000] {logging_mixin.py:151} INFO - [2023-12-14T13:47:07.756+0000] {dag.py:2915} INFO - Sync 1 DAGs
[2023-12-14T13:47:07.772+0000] {logging_mixin.py:151} INFO - [2023-12-14T13:47:07.772+0000] {dag.py:3696} INFO - Setting next_dagrun for example_params_trigger_ui to None, run_after=None
[2023-12-14T13:47:07.800+0000] {processor.py:179} INFO - Processing /home/airflow/.local/lib/python3.8/site-packages/airflow/example_dags/example_params_trigger_ui.py took 0.148 seconds
[2023-12-14T13:47:38.467+0000] {processor.py:157} INFO - Started process (PID=157) to work on /home/airflow/.local/lib/python3.8/site-packages/airflow/example_dags/example_params_trigger_ui.py
[2023-12-14T13:47:38.469+0000] {processor.py:829} INFO - Processing file /home/airflow/.local/lib/python3.8/site-packages/airflow/example_dags/example_params_trigger_ui.py for tasks to queue
[2023-12-14T13:47:38.471+0000] {logging_mixin.py:151} INFO - [2023-12-14T13:47:38.470+0000] {dagbag.py:539} INFO - Filling up the DagBag from /home/airflow/.local/lib/python3.8/site-packages/airflow/example_dags/example_params_trigger_ui.py
[2023-12-14T13:47:38.494+0000] {processor.py:839} INFO - DAG(s) dict_keys(['example_params_trigger_ui']) retrieved from /home/airflow/.local/lib/python3.8/site-packages/airflow/example_dags/example_params_trigger_ui.py
[2023-12-14T13:47:38.556+0000] {logging_mixin.py:151} INFO - [2023-12-14T13:47:38.556+0000] {dag.py:2915} INFO - Sync 1 DAGs
[2023-12-14T13:47:38.570+0000] {logging_mixin.py:151} INFO - [2023-12-14T13:47:38.570+0000] {dag.py:3696} INFO - Setting next_dagrun for example_params_trigger_ui to None, run_after=None
[2023-12-14T13:47:38.597+0000] {processor.py:179} INFO - Processing /home/airflow/.local/lib/python3.8/site-packages/airflow/example_dags/example_params_trigger_ui.py took 0.134 seconds
[2023-12-14T13:48:09.012+0000] {processor.py:157} INFO - Started process (PID=210) to work on /home/airflow/.local/lib/python3.8/site-packages/airflow/example_dags/example_params_trigger_ui.py
[2023-12-14T13:48:09.013+0000] {processor.py:829} INFO - Processing file /home/airflow/.local/lib/python3.8/site-packages/airflow/example_dags/example_params_trigger_ui.py for tasks to queue
[2023-12-14T13:48:09.015+0000] {logging_mixin.py:151} INFO - [2023-12-14T13:48:09.014+0000] {dagbag.py:539} INFO - Filling up the DagBag from /home/airflow/.local/lib/python3.8/site-packages/airflow/example_dags/example_params_trigger_ui.py
[2023-12-14T13:48:09.041+0000] {processor.py:839} INFO - DAG(s) dict_keys(['example_params_trigger_ui']) retrieved from /home/airflow/.local/lib/python3.8/site-packages/airflow/example_dags/example_params_trigger_ui.py
[2023-12-14T13:48:09.129+0000] {logging_mixin.py:151} INFO - [2023-12-14T13:48:09.129+0000] {dag.py:2915} INFO - Sync 1 DAGs
[2023-12-14T13:48:09.155+0000] {logging_mixin.py:151} INFO - [2023-12-14T13:48:09.155+0000] {dag.py:3696} INFO - Setting next_dagrun for example_params_trigger_ui to None, run_after=None
[2023-12-14T13:48:09.185+0000] {processor.py:179} INFO - Processing /home/airflow/.local/lib/python3.8/site-packages/airflow/example_dags/example_params_trigger_ui.py took 0.179 seconds
[2023-12-14T13:48:40.044+0000] {processor.py:157} INFO - Started process (PID=264) to work on /home/airflow/.local/lib/python3.8/site-packages/airflow/example_dags/example_params_trigger_ui.py
[2023-12-14T13:48:40.045+0000] {processor.py:829} INFO - Processing file /home/airflow/.local/lib/python3.8/site-packages/airflow/example_dags/example_params_trigger_ui.py for tasks to queue
[2023-12-14T13:48:40.048+0000] {logging_mixin.py:151} INFO - [2023-12-14T13:48:40.047+0000] {dagbag.py:539} INFO - Filling up the DagBag from /home/airflow/.local/lib/python3.8/site-packages/airflow/example_dags/example_params_trigger_ui.py
[2023-12-14T13:48:40.067+0000] {processor.py:839} INFO - DAG(s) dict_keys(['example_params_trigger_ui']) retrieved from /home/airflow/.local/lib/python3.8/site-packages/airflow/example_dags/example_params_trigger_ui.py
[2023-12-14T13:48:40.125+0000] {logging_mixin.py:151} INFO - [2023-12-14T13:48:40.125+0000] {dag.py:2915} INFO - Sync 1 DAGs
[2023-12-14T13:48:40.154+0000] {logging_mixin.py:151} INFO - [2023-12-14T13:48:40.154+0000] {dag.py:3696} INFO - Setting next_dagrun for example_params_trigger_ui to None, run_after=None
[2023-12-14T13:48:40.194+0000] {processor.py:179} INFO - Processing /home/airflow/.local/lib/python3.8/site-packages/airflow/example_dags/example_params_trigger_ui.py took 0.155 seconds
[2023-12-14T13:49:10.634+0000] {processor.py:157} INFO - Started process (PID=318) to work on /home/airflow/.local/lib/python3.8/site-packages/airflow/example_dags/example_params_trigger_ui.py
[2023-12-14T13:49:10.638+0000] {processor.py:829} INFO - Processing file /home/airflow/.local/lib/python3.8/site-packages/airflow/example_dags/example_params_trigger_ui.py for tasks to queue
[2023-12-14T13:49:10.639+0000] {logging_mixin.py:151} INFO - [2023-12-14T13:49:10.639+0000] {dagbag.py:539} INFO - Filling up the DagBag from /home/airflow/.local/lib/python3.8/site-packages/airflow/example_dags/example_params_trigger_ui.py
[2023-12-14T13:49:10.657+0000] {processor.py:839} INFO - DAG(s) dict_keys(['example_params_trigger_ui']) retrieved from /home/airflow/.local/lib/python3.8/site-packages/airflow/example_dags/example_params_trigger_ui.py
[2023-12-14T13:49:10.712+0000] {logging_mixin.py:151} INFO - [2023-12-14T13:49:10.712+0000] {dag.py:2915} INFO - Sync 1 DAGs
[2023-12-14T13:49:10.728+0000] {logging_mixin.py:151} INFO - [2023-12-14T13:49:10.727+0000] {dag.py:3696} INFO - Setting next_dagrun for example_params_trigger_ui to None, run_after=None
[2023-12-14T13:49:10.760+0000] {processor.py:179} INFO - Processing /home/airflow/.local/lib/python3.8/site-packages/airflow/example_dags/example_params_trigger_ui.py took 0.130 seconds
[2023-12-14T13:49:41.068+0000] {processor.py:157} INFO - Started process (PID=371) to work on /home/airflow/.local/lib/python3.8/site-packages/airflow/example_dags/example_params_trigger_ui.py
[2023-12-14T13:49:41.069+0000] {processor.py:829} INFO - Processing file /home/airflow/.local/lib/python3.8/site-packages/airflow/example_dags/example_params_trigger_ui.py for tasks to queue
[2023-12-14T13:49:41.071+0000] {logging_mixin.py:151} INFO - [2023-12-14T13:49:41.070+0000] {dagbag.py:539} INFO - Filling up the DagBag from /home/airflow/.local/lib/python3.8/site-packages/airflow/example_dags/example_params_trigger_ui.py
[2023-12-14T13:49:41.089+0000] {processor.py:839} INFO - DAG(s) dict_keys(['example_params_trigger_ui']) retrieved from /home/airflow/.local/lib/python3.8/site-packages/airflow/example_dags/example_params_trigger_ui.py
[2023-12-14T13:49:41.153+0000] {logging_mixin.py:151} INFO - [2023-12-14T13:49:41.153+0000] {dag.py:2915} INFO - Sync 1 DAGs
[2023-12-14T13:49:41.170+0000] {logging_mixin.py:151} INFO - [2023-12-14T13:49:41.170+0000] {dag.py:3696} INFO - Setting next_dagrun for example_params_trigger_ui to None, run_after=None
[2023-12-14T13:49:41.210+0000] {processor.py:179} INFO - Processing /home/airflow/.local/lib/python3.8/site-packages/airflow/example_dags/example_params_trigger_ui.py took 0.146 seconds
[2023-12-14T13:50:11.899+0000] {processor.py:157} INFO - Started process (PID=426) to work on /home/airflow/.local/lib/python3.8/site-packages/airflow/example_dags/example_params_trigger_ui.py
[2023-12-14T13:50:11.899+0000] {processor.py:829} INFO - Processing file /home/airflow/.local/lib/python3.8/site-packages/airflow/example_dags/example_params_trigger_ui.py for tasks to queue
[2023-12-14T13:50:11.900+0000] {logging_mixin.py:151} INFO - [2023-12-14T13:50:11.900+0000] {dagbag.py:539} INFO - Filling up the DagBag from /home/airflow/.local/lib/python3.8/site-packages/airflow/example_dags/example_params_trigger_ui.py
[2023-12-14T13:50:11.917+0000] {processor.py:839} INFO - DAG(s) dict_keys(['example_params_trigger_ui']) retrieved from /home/airflow/.local/lib/python3.8/site-packages/airflow/example_dags/example_params_trigger_ui.py
[2023-12-14T13:50:11.967+0000] {logging_mixin.py:151} INFO - [2023-12-14T13:50:11.967+0000] {dag.py:2915} INFO - Sync 1 DAGs
[2023-12-14T13:50:11.980+0000] {logging_mixin.py:151} INFO - [2023-12-14T13:50:11.979+0000] {dag.py:3696} INFO - Setting next_dagrun for example_params_trigger_ui to None, run_after=None
[2023-12-14T13:50:12.005+0000] {processor.py:179} INFO - Processing /home/airflow/.local/lib/python3.8/site-packages/airflow/example_dags/example_params_trigger_ui.py took 0.110 seconds
[2023-12-14T13:50:42.477+0000] {processor.py:157} INFO - Started process (PID=480) to work on /home/airflow/.local/lib/python3.8/site-packages/airflow/example_dags/example_params_trigger_ui.py
[2023-12-14T13:50:42.478+0000] {processor.py:829} INFO - Processing file /home/airflow/.local/lib/python3.8/site-packages/airflow/example_dags/example_params_trigger_ui.py for tasks to queue
[2023-12-14T13:50:42.479+0000] {logging_mixin.py:151} INFO - [2023-12-14T13:50:42.479+0000] {dagbag.py:539} INFO - Filling up the DagBag from /home/airflow/.local/lib/python3.8/site-packages/airflow/example_dags/example_params_trigger_ui.py
[2023-12-14T13:50:42.497+0000] {processor.py:839} INFO - DAG(s) dict_keys(['example_params_trigger_ui']) retrieved from /home/airflow/.local/lib/python3.8/site-packages/airflow/example_dags/example_params_trigger_ui.py
[2023-12-14T13:50:42.550+0000] {logging_mixin.py:151} INFO - [2023-12-14T13:50:42.549+0000] {dag.py:2915} INFO - Sync 1 DAGs
[2023-12-14T13:50:42.562+0000] {logging_mixin.py:151} INFO - [2023-12-14T13:50:42.562+0000] {dag.py:3696} INFO - Setting next_dagrun for example_params_trigger_ui to None, run_after=None
[2023-12-14T13:50:42.590+0000] {processor.py:179} INFO - Processing /home/airflow/.local/lib/python3.8/site-packages/airflow/example_dags/example_params_trigger_ui.py took 0.117 seconds
[2023-12-14T13:51:12.777+0000] {processor.py:157} INFO - Started process (PID=534) to work on /home/airflow/.local/lib/python3.8/site-packages/airflow/example_dags/example_params_trigger_ui.py
[2023-12-14T13:51:12.778+0000] {processor.py:829} INFO - Processing file /home/airflow/.local/lib/python3.8/site-packages/airflow/example_dags/example_params_trigger_ui.py for tasks to queue
[2023-12-14T13:51:12.779+0000] {logging_mixin.py:151} INFO - [2023-12-14T13:51:12.779+0000] {dagbag.py:539} INFO - Filling up the DagBag from /home/airflow/.local/lib/python3.8/site-packages/airflow/example_dags/example_params_trigger_ui.py
[2023-12-14T13:51:12.797+0000] {processor.py:839} INFO - DAG(s) dict_keys(['example_params_trigger_ui']) retrieved from /home/airflow/.local/lib/python3.8/site-packages/airflow/example_dags/example_params_trigger_ui.py
[2023-12-14T13:51:12.856+0000] {logging_mixin.py:151} INFO - [2023-12-14T13:51:12.855+0000] {dag.py:2915} INFO - Sync 1 DAGs
[2023-12-14T13:51:12.870+0000] {logging_mixin.py:151} INFO - [2023-12-14T13:51:12.870+0000] {dag.py:3696} INFO - Setting next_dagrun for example_params_trigger_ui to None, run_after=None
[2023-12-14T13:51:12.903+0000] {processor.py:179} INFO - Processing /home/airflow/.local/lib/python3.8/site-packages/airflow/example_dags/example_params_trigger_ui.py took 0.130 seconds
[2023-12-14T13:51:43.475+0000] {processor.py:157} INFO - Started process (PID=588) to work on /home/airflow/.local/lib/python3.8/site-packages/airflow/example_dags/example_params_trigger_ui.py
[2023-12-14T13:51:43.476+0000] {processor.py:829} INFO - Processing file /home/airflow/.local/lib/python3.8/site-packages/airflow/example_dags/example_params_trigger_ui.py for tasks to queue
[2023-12-14T13:51:43.477+0000] {logging_mixin.py:151} INFO - [2023-12-14T13:51:43.477+0000] {dagbag.py:539} INFO - Filling up the DagBag from /home/airflow/.local/lib/python3.8/site-packages/airflow/example_dags/example_params_trigger_ui.py
[2023-12-14T13:51:43.496+0000] {processor.py:839} INFO - DAG(s) dict_keys(['example_params_trigger_ui']) retrieved from /home/airflow/.local/lib/python3.8/site-packages/airflow/example_dags/example_params_trigger_ui.py
[2023-12-14T13:51:43.552+0000] {logging_mixin.py:151} INFO - [2023-12-14T13:51:43.551+0000] {dag.py:2915} INFO - Sync 1 DAGs
[2023-12-14T13:51:43.564+0000] {logging_mixin.py:151} INFO - [2023-12-14T13:51:43.564+0000] {dag.py:3696} INFO - Setting next_dagrun for example_params_trigger_ui to None, run_after=None
[2023-12-14T13:51:43.596+0000] {processor.py:179} INFO - Processing /home/airflow/.local/lib/python3.8/site-packages/airflow/example_dags/example_params_trigger_ui.py took 0.124 seconds
[2023-12-14T13:52:13.928+0000] {processor.py:157} INFO - Started process (PID=642) to work on /home/airflow/.local/lib/python3.8/site-packages/airflow/example_dags/example_params_trigger_ui.py
[2023-12-14T13:52:13.929+0000] {processor.py:829} INFO - Processing file /home/airflow/.local/lib/python3.8/site-packages/airflow/example_dags/example_params_trigger_ui.py for tasks to queue
[2023-12-14T13:52:13.930+0000] {logging_mixin.py:151} INFO - [2023-12-14T13:52:13.930+0000] {dagbag.py:539} INFO - Filling up the DagBag from /home/airflow/.local/lib/python3.8/site-packages/airflow/example_dags/example_params_trigger_ui.py
[2023-12-14T13:52:13.951+0000] {processor.py:839} INFO - DAG(s) dict_keys(['example_params_trigger_ui']) retrieved from /home/airflow/.local/lib/python3.8/site-packages/airflow/example_dags/example_params_trigger_ui.py
[2023-12-14T13:52:14.006+0000] {logging_mixin.py:151} INFO - [2023-12-14T13:52:14.006+0000] {dag.py:2915} INFO - Sync 1 DAGs
[2023-12-14T13:52:14.020+0000] {logging_mixin.py:151} INFO - [2023-12-14T13:52:14.020+0000] {dag.py:3696} INFO - Setting next_dagrun for example_params_trigger_ui to None, run_after=None
[2023-12-14T13:52:14.054+0000] {processor.py:179} INFO - Processing /home/airflow/.local/lib/python3.8/site-packages/airflow/example_dags/example_params_trigger_ui.py took 0.130 seconds
[2023-12-14T13:52:44.404+0000] {processor.py:157} INFO - Started process (PID=696) to work on /home/airflow/.local/lib/python3.8/site-packages/airflow/example_dags/example_params_trigger_ui.py
[2023-12-14T13:52:44.405+0000] {processor.py:829} INFO - Processing file /home/airflow/.local/lib/python3.8/site-packages/airflow/example_dags/example_params_trigger_ui.py for tasks to queue
[2023-12-14T13:52:44.407+0000] {logging_mixin.py:151} INFO - [2023-12-14T13:52:44.406+0000] {dagbag.py:539} INFO - Filling up the DagBag from /home/airflow/.local/lib/python3.8/site-packages/airflow/example_dags/example_params_trigger_ui.py
[2023-12-14T13:52:44.426+0000] {processor.py:839} INFO - DAG(s) dict_keys(['example_params_trigger_ui']) retrieved from /home/airflow/.local/lib/python3.8/site-packages/airflow/example_dags/example_params_trigger_ui.py
[2023-12-14T13:52:44.490+0000] {logging_mixin.py:151} INFO - [2023-12-14T13:52:44.490+0000] {dag.py:2915} INFO - Sync 1 DAGs
[2023-12-14T13:52:44.505+0000] {logging_mixin.py:151} INFO - [2023-12-14T13:52:44.505+0000] {dag.py:3696} INFO - Setting next_dagrun for example_params_trigger_ui to None, run_after=None
[2023-12-14T13:52:44.528+0000] {processor.py:179} INFO - Processing /home/airflow/.local/lib/python3.8/site-packages/airflow/example_dags/example_params_trigger_ui.py took 0.128 seconds
[2023-12-14T13:53:14.984+0000] {processor.py:157} INFO - Started process (PID=750) to work on /home/airflow/.local/lib/python3.8/site-packages/airflow/example_dags/example_params_trigger_ui.py
[2023-12-14T13:53:14.985+0000] {processor.py:829} INFO - Processing file /home/airflow/.local/lib/python3.8/site-packages/airflow/example_dags/example_params_trigger_ui.py for tasks to queue
[2023-12-14T13:53:14.986+0000] {logging_mixin.py:151} INFO - [2023-12-14T13:53:14.986+0000] {dagbag.py:539} INFO - Filling up the DagBag from /home/airflow/.local/lib/python3.8/site-packages/airflow/example_dags/example_params_trigger_ui.py
[2023-12-14T13:53:15.005+0000] {processor.py:839} INFO - DAG(s) dict_keys(['example_params_trigger_ui']) retrieved from /home/airflow/.local/lib/python3.8/site-packages/airflow/example_dags/example_params_trigger_ui.py
[2023-12-14T13:53:15.065+0000] {logging_mixin.py:151} INFO - [2023-12-14T13:53:15.065+0000] {dag.py:2915} INFO - Sync 1 DAGs
[2023-12-14T13:53:15.080+0000] {logging_mixin.py:151} INFO - [2023-12-14T13:53:15.080+0000] {dag.py:3696} INFO - Setting next_dagrun for example_params_trigger_ui to None, run_after=None
[2023-12-14T13:53:15.107+0000] {processor.py:179} INFO - Processing /home/airflow/.local/lib/python3.8/site-packages/airflow/example_dags/example_params_trigger_ui.py took 0.127 seconds
[2023-12-14T13:53:45.788+0000] {processor.py:157} INFO - Started process (PID=804) to work on /home/airflow/.local/lib/python3.8/site-packages/airflow/example_dags/example_params_trigger_ui.py
[2023-12-14T13:53:45.789+0000] {processor.py:829} INFO - Processing file /home/airflow/.local/lib/python3.8/site-packages/airflow/example_dags/example_params_trigger_ui.py for tasks to queue
[2023-12-14T13:53:45.791+0000] {logging_mixin.py:151} INFO - [2023-12-14T13:53:45.790+0000] {dagbag.py:539} INFO - Filling up the DagBag from /home/airflow/.local/lib/python3.8/site-packages/airflow/example_dags/example_params_trigger_ui.py
[2023-12-14T13:53:45.809+0000] {processor.py:839} INFO - DAG(s) dict_keys(['example_params_trigger_ui']) retrieved from /home/airflow/.local/lib/python3.8/site-packages/airflow/example_dags/example_params_trigger_ui.py
[2023-12-14T13:53:45.865+0000] {logging_mixin.py:151} INFO - [2023-12-14T13:53:45.864+0000] {dag.py:2915} INFO - Sync 1 DAGs
[2023-12-14T13:53:45.878+0000] {logging_mixin.py:151} INFO - [2023-12-14T13:53:45.878+0000] {dag.py:3696} INFO - Setting next_dagrun for example_params_trigger_ui to None, run_after=None
[2023-12-14T13:53:45.906+0000] {processor.py:179} INFO - Processing /home/airflow/.local/lib/python3.8/site-packages/airflow/example_dags/example_params_trigger_ui.py took 0.122 seconds
[2023-12-14T13:54:16.727+0000] {processor.py:157} INFO - Started process (PID=865) to work on /home/airflow/.local/lib/python3.8/site-packages/airflow/example_dags/example_params_trigger_ui.py
[2023-12-14T13:54:16.728+0000] {processor.py:829} INFO - Processing file /home/airflow/.local/lib/python3.8/site-packages/airflow/example_dags/example_params_trigger_ui.py for tasks to queue
[2023-12-14T13:54:16.730+0000] {logging_mixin.py:151} INFO - [2023-12-14T13:54:16.729+0000] {dagbag.py:539} INFO - Filling up the DagBag from /home/airflow/.local/lib/python3.8/site-packages/airflow/example_dags/example_params_trigger_ui.py
[2023-12-14T13:54:16.751+0000] {processor.py:839} INFO - DAG(s) dict_keys(['example_params_trigger_ui']) retrieved from /home/airflow/.local/lib/python3.8/site-packages/airflow/example_dags/example_params_trigger_ui.py
[2023-12-14T13:54:16.820+0000] {logging_mixin.py:151} INFO - [2023-12-14T13:54:16.819+0000] {dag.py:2915} INFO - Sync 1 DAGs
[2023-12-14T13:54:16.847+0000] {logging_mixin.py:151} INFO - [2023-12-14T13:54:16.846+0000] {dag.py:3696} INFO - Setting next_dagrun for example_params_trigger_ui to None, run_after=None
[2023-12-14T13:54:16.897+0000] {processor.py:179} INFO - Processing /home/airflow/.local/lib/python3.8/site-packages/airflow/example_dags/example_params_trigger_ui.py took 0.175 seconds
[2023-12-14T13:54:47.275+0000] {processor.py:157} INFO - Started process (PID=920) to work on /home/airflow/.local/lib/python3.8/site-packages/airflow/example_dags/example_params_trigger_ui.py
[2023-12-14T13:54:47.276+0000] {processor.py:829} INFO - Processing file /home/airflow/.local/lib/python3.8/site-packages/airflow/example_dags/example_params_trigger_ui.py for tasks to queue
[2023-12-14T13:54:47.277+0000] {logging_mixin.py:151} INFO - [2023-12-14T13:54:47.277+0000] {dagbag.py:539} INFO - Filling up the DagBag from /home/airflow/.local/lib/python3.8/site-packages/airflow/example_dags/example_params_trigger_ui.py
[2023-12-14T13:54:47.294+0000] {processor.py:839} INFO - DAG(s) dict_keys(['example_params_trigger_ui']) retrieved from /home/airflow/.local/lib/python3.8/site-packages/airflow/example_dags/example_params_trigger_ui.py
[2023-12-14T13:54:47.349+0000] {logging_mixin.py:151} INFO - [2023-12-14T13:54:47.349+0000] {dag.py:2915} INFO - Sync 1 DAGs
[2023-12-14T13:54:47.362+0000] {logging_mixin.py:151} INFO - [2023-12-14T13:54:47.362+0000] {dag.py:3696} INFO - Setting next_dagrun for example_params_trigger_ui to None, run_after=None
[2023-12-14T13:54:47.393+0000] {processor.py:179} INFO - Processing /home/airflow/.local/lib/python3.8/site-packages/airflow/example_dags/example_params_trigger_ui.py took 0.122 seconds
[2023-12-14T13:55:17.493+0000] {processor.py:157} INFO - Started process (PID=975) to work on /home/airflow/.local/lib/python3.8/site-packages/airflow/example_dags/example_params_trigger_ui.py
[2023-12-14T13:55:17.495+0000] {processor.py:829} INFO - Processing file /home/airflow/.local/lib/python3.8/site-packages/airflow/example_dags/example_params_trigger_ui.py for tasks to queue
[2023-12-14T13:55:17.496+0000] {logging_mixin.py:151} INFO - [2023-12-14T13:55:17.495+0000] {dagbag.py:539} INFO - Filling up the DagBag from /home/airflow/.local/lib/python3.8/site-packages/airflow/example_dags/example_params_trigger_ui.py
[2023-12-14T13:55:17.515+0000] {processor.py:839} INFO - DAG(s) dict_keys(['example_params_trigger_ui']) retrieved from /home/airflow/.local/lib/python3.8/site-packages/airflow/example_dags/example_params_trigger_ui.py
[2023-12-14T13:55:17.575+0000] {logging_mixin.py:151} INFO - [2023-12-14T13:55:17.575+0000] {dag.py:2915} INFO - Sync 1 DAGs
[2023-12-14T13:55:17.588+0000] {logging_mixin.py:151} INFO - [2023-12-14T13:55:17.588+0000] {dag.py:3696} INFO - Setting next_dagrun for example_params_trigger_ui to None, run_after=None
[2023-12-14T13:55:17.610+0000] {processor.py:179} INFO - Processing /home/airflow/.local/lib/python3.8/site-packages/airflow/example_dags/example_params_trigger_ui.py took 0.122 seconds
[2023-12-14T13:55:47.780+0000] {processor.py:157} INFO - Started process (PID=1027) to work on /home/airflow/.local/lib/python3.8/site-packages/airflow/example_dags/example_params_trigger_ui.py
[2023-12-14T13:55:47.781+0000] {processor.py:829} INFO - Processing file /home/airflow/.local/lib/python3.8/site-packages/airflow/example_dags/example_params_trigger_ui.py for tasks to queue
[2023-12-14T13:55:47.783+0000] {logging_mixin.py:151} INFO - [2023-12-14T13:55:47.782+0000] {dagbag.py:539} INFO - Filling up the DagBag from /home/airflow/.local/lib/python3.8/site-packages/airflow/example_dags/example_params_trigger_ui.py
[2023-12-14T13:55:47.800+0000] {processor.py:839} INFO - DAG(s) dict_keys(['example_params_trigger_ui']) retrieved from /home/airflow/.local/lib/python3.8/site-packages/airflow/example_dags/example_params_trigger_ui.py
[2023-12-14T13:55:47.852+0000] {logging_mixin.py:151} INFO - [2023-12-14T13:55:47.852+0000] {dag.py:2915} INFO - Sync 1 DAGs
[2023-12-14T13:55:47.867+0000] {logging_mixin.py:151} INFO - [2023-12-14T13:55:47.867+0000] {dag.py:3696} INFO - Setting next_dagrun for example_params_trigger_ui to None, run_after=None
[2023-12-14T13:55:47.891+0000] {processor.py:179} INFO - Processing /home/airflow/.local/lib/python3.8/site-packages/airflow/example_dags/example_params_trigger_ui.py took 0.115 seconds
[2023-12-14T13:56:18.078+0000] {processor.py:157} INFO - Started process (PID=1081) to work on /home/airflow/.local/lib/python3.8/site-packages/airflow/example_dags/example_params_trigger_ui.py
[2023-12-14T13:56:18.079+0000] {processor.py:829} INFO - Processing file /home/airflow/.local/lib/python3.8/site-packages/airflow/example_dags/example_params_trigger_ui.py for tasks to queue
[2023-12-14T13:56:18.080+0000] {logging_mixin.py:151} INFO - [2023-12-14T13:56:18.080+0000] {dagbag.py:539} INFO - Filling up the DagBag from /home/airflow/.local/lib/python3.8/site-packages/airflow/example_dags/example_params_trigger_ui.py
[2023-12-14T13:56:18.105+0000] {processor.py:839} INFO - DAG(s) dict_keys(['example_params_trigger_ui']) retrieved from /home/airflow/.local/lib/python3.8/site-packages/airflow/example_dags/example_params_trigger_ui.py
[2023-12-14T13:56:18.178+0000] {logging_mixin.py:151} INFO - [2023-12-14T13:56:18.178+0000] {dag.py:2915} INFO - Sync 1 DAGs
[2023-12-14T13:56:18.190+0000] {logging_mixin.py:151} INFO - [2023-12-14T13:56:18.190+0000] {dag.py:3696} INFO - Setting next_dagrun for example_params_trigger_ui to None, run_after=None
[2023-12-14T13:56:18.217+0000] {processor.py:179} INFO - Processing /home/airflow/.local/lib/python3.8/site-packages/airflow/example_dags/example_params_trigger_ui.py took 0.142 seconds
[2023-12-14T13:56:48.806+0000] {processor.py:157} INFO - Started process (PID=1134) to work on /home/airflow/.local/lib/python3.8/site-packages/airflow/example_dags/example_params_trigger_ui.py
[2023-12-14T13:56:48.807+0000] {processor.py:829} INFO - Processing file /home/airflow/.local/lib/python3.8/site-packages/airflow/example_dags/example_params_trigger_ui.py for tasks to queue
[2023-12-14T13:56:48.808+0000] {logging_mixin.py:151} INFO - [2023-12-14T13:56:48.808+0000] {dagbag.py:539} INFO - Filling up the DagBag from /home/airflow/.local/lib/python3.8/site-packages/airflow/example_dags/example_params_trigger_ui.py
[2023-12-14T13:56:48.830+0000] {processor.py:839} INFO - DAG(s) dict_keys(['example_params_trigger_ui']) retrieved from /home/airflow/.local/lib/python3.8/site-packages/airflow/example_dags/example_params_trigger_ui.py
[2023-12-14T13:56:48.889+0000] {logging_mixin.py:151} INFO - [2023-12-14T13:56:48.889+0000] {dag.py:2915} INFO - Sync 1 DAGs
[2023-12-14T13:56:48.903+0000] {logging_mixin.py:151} INFO - [2023-12-14T13:56:48.902+0000] {dag.py:3696} INFO - Setting next_dagrun for example_params_trigger_ui to None, run_after=None
[2023-12-14T13:56:48.980+0000] {processor.py:179} INFO - Processing /home/airflow/.local/lib/python3.8/site-packages/airflow/example_dags/example_params_trigger_ui.py took 0.177 seconds
[2023-12-14T13:57:19.963+0000] {processor.py:157} INFO - Started process (PID=1188) to work on /home/airflow/.local/lib/python3.8/site-packages/airflow/example_dags/example_params_trigger_ui.py
[2023-12-14T13:57:19.963+0000] {processor.py:829} INFO - Processing file /home/airflow/.local/lib/python3.8/site-packages/airflow/example_dags/example_params_trigger_ui.py for tasks to queue
[2023-12-14T13:57:19.965+0000] {logging_mixin.py:151} INFO - [2023-12-14T13:57:19.964+0000] {dagbag.py:539} INFO - Filling up the DagBag from /home/airflow/.local/lib/python3.8/site-packages/airflow/example_dags/example_params_trigger_ui.py
[2023-12-14T13:57:19.982+0000] {processor.py:839} INFO - DAG(s) dict_keys(['example_params_trigger_ui']) retrieved from /home/airflow/.local/lib/python3.8/site-packages/airflow/example_dags/example_params_trigger_ui.py
[2023-12-14T13:57:20.035+0000] {logging_mixin.py:151} INFO - [2023-12-14T13:57:20.035+0000] {dag.py:2915} INFO - Sync 1 DAGs
[2023-12-14T13:57:20.048+0000] {logging_mixin.py:151} INFO - [2023-12-14T13:57:20.048+0000] {dag.py:3696} INFO - Setting next_dagrun for example_params_trigger_ui to None, run_after=None
[2023-12-14T13:57:20.073+0000] {processor.py:179} INFO - Processing /home/airflow/.local/lib/python3.8/site-packages/airflow/example_dags/example_params_trigger_ui.py took 0.113 seconds
[2023-12-14T13:57:50.421+0000] {processor.py:157} INFO - Started process (PID=1242) to work on /home/airflow/.local/lib/python3.8/site-packages/airflow/example_dags/example_params_trigger_ui.py
[2023-12-14T13:57:50.422+0000] {processor.py:829} INFO - Processing file /home/airflow/.local/lib/python3.8/site-packages/airflow/example_dags/example_params_trigger_ui.py for tasks to queue
[2023-12-14T13:57:50.423+0000] {logging_mixin.py:151} INFO - [2023-12-14T13:57:50.423+0000] {dagbag.py:539} INFO - Filling up the DagBag from /home/airflow/.local/lib/python3.8/site-packages/airflow/example_dags/example_params_trigger_ui.py
[2023-12-14T13:57:50.441+0000] {processor.py:839} INFO - DAG(s) dict_keys(['example_params_trigger_ui']) retrieved from /home/airflow/.local/lib/python3.8/site-packages/airflow/example_dags/example_params_trigger_ui.py
[2023-12-14T13:57:50.499+0000] {logging_mixin.py:151} INFO - [2023-12-14T13:57:50.499+0000] {dag.py:2915} INFO - Sync 1 DAGs
[2023-12-14T13:57:50.514+0000] {logging_mixin.py:151} INFO - [2023-12-14T13:57:50.514+0000] {dag.py:3696} INFO - Setting next_dagrun for example_params_trigger_ui to None, run_after=None
[2023-12-14T13:57:50.540+0000] {processor.py:179} INFO - Processing /home/airflow/.local/lib/python3.8/site-packages/airflow/example_dags/example_params_trigger_ui.py took 0.122 seconds
[2023-12-14T13:58:20.820+0000] {processor.py:157} INFO - Started process (PID=1296) to work on /home/airflow/.local/lib/python3.8/site-packages/airflow/example_dags/example_params_trigger_ui.py
[2023-12-14T13:58:20.821+0000] {processor.py:829} INFO - Processing file /home/airflow/.local/lib/python3.8/site-packages/airflow/example_dags/example_params_trigger_ui.py for tasks to queue
[2023-12-14T13:58:20.822+0000] {logging_mixin.py:151} INFO - [2023-12-14T13:58:20.822+0000] {dagbag.py:539} INFO - Filling up the DagBag from /home/airflow/.local/lib/python3.8/site-packages/airflow/example_dags/example_params_trigger_ui.py
[2023-12-14T13:58:20.842+0000] {processor.py:839} INFO - DAG(s) dict_keys(['example_params_trigger_ui']) retrieved from /home/airflow/.local/lib/python3.8/site-packages/airflow/example_dags/example_params_trigger_ui.py
[2023-12-14T13:58:20.895+0000] {logging_mixin.py:151} INFO - [2023-12-14T13:58:20.895+0000] {dag.py:2915} INFO - Sync 1 DAGs
[2023-12-14T13:58:20.907+0000] {logging_mixin.py:151} INFO - [2023-12-14T13:58:20.907+0000] {dag.py:3696} INFO - Setting next_dagrun for example_params_trigger_ui to None, run_after=None
[2023-12-14T13:58:20.935+0000] {processor.py:179} INFO - Processing /home/airflow/.local/lib/python3.8/site-packages/airflow/example_dags/example_params_trigger_ui.py took 0.119 seconds
[2023-12-14T13:58:51.585+0000] {processor.py:157} INFO - Started process (PID=1350) to work on /home/airflow/.local/lib/python3.8/site-packages/airflow/example_dags/example_params_trigger_ui.py
[2023-12-14T13:58:51.586+0000] {processor.py:829} INFO - Processing file /home/airflow/.local/lib/python3.8/site-packages/airflow/example_dags/example_params_trigger_ui.py for tasks to queue
[2023-12-14T13:58:51.587+0000] {logging_mixin.py:151} INFO - [2023-12-14T13:58:51.587+0000] {dagbag.py:539} INFO - Filling up the DagBag from /home/airflow/.local/lib/python3.8/site-packages/airflow/example_dags/example_params_trigger_ui.py
[2023-12-14T13:58:51.614+0000] {processor.py:839} INFO - DAG(s) dict_keys(['example_params_trigger_ui']) retrieved from /home/airflow/.local/lib/python3.8/site-packages/airflow/example_dags/example_params_trigger_ui.py
[2023-12-14T13:58:51.676+0000] {logging_mixin.py:151} INFO - [2023-12-14T13:58:51.675+0000] {dag.py:2915} INFO - Sync 1 DAGs
[2023-12-14T13:58:51.690+0000] {logging_mixin.py:151} INFO - [2023-12-14T13:58:51.690+0000] {dag.py:3696} INFO - Setting next_dagrun for example_params_trigger_ui to None, run_after=None
[2023-12-14T13:58:51.716+0000] {processor.py:179} INFO - Processing /home/airflow/.local/lib/python3.8/site-packages/airflow/example_dags/example_params_trigger_ui.py took 0.138 seconds
[2023-12-14T13:59:22.113+0000] {processor.py:157} INFO - Started process (PID=1404) to work on /home/airflow/.local/lib/python3.8/site-packages/airflow/example_dags/example_params_trigger_ui.py
[2023-12-14T13:59:22.113+0000] {processor.py:829} INFO - Processing file /home/airflow/.local/lib/python3.8/site-packages/airflow/example_dags/example_params_trigger_ui.py for tasks to queue
[2023-12-14T13:59:22.115+0000] {logging_mixin.py:151} INFO - [2023-12-14T13:59:22.114+0000] {dagbag.py:539} INFO - Filling up the DagBag from /home/airflow/.local/lib/python3.8/site-packages/airflow/example_dags/example_params_trigger_ui.py
[2023-12-14T13:59:22.135+0000] {processor.py:839} INFO - DAG(s) dict_keys(['example_params_trigger_ui']) retrieved from /home/airflow/.local/lib/python3.8/site-packages/airflow/example_dags/example_params_trigger_ui.py
[2023-12-14T13:59:22.190+0000] {logging_mixin.py:151} INFO - [2023-12-14T13:59:22.189+0000] {dag.py:2915} INFO - Sync 1 DAGs
[2023-12-14T13:59:22.204+0000] {logging_mixin.py:151} INFO - [2023-12-14T13:59:22.204+0000] {dag.py:3696} INFO - Setting next_dagrun for example_params_trigger_ui to None, run_after=None
[2023-12-14T13:59:22.228+0000] {processor.py:179} INFO - Processing /home/airflow/.local/lib/python3.8/site-packages/airflow/example_dags/example_params_trigger_ui.py took 0.120 seconds
[2023-12-14T13:59:52.528+0000] {processor.py:157} INFO - Started process (PID=1458) to work on /home/airflow/.local/lib/python3.8/site-packages/airflow/example_dags/example_params_trigger_ui.py
[2023-12-14T13:59:52.529+0000] {processor.py:829} INFO - Processing file /home/airflow/.local/lib/python3.8/site-packages/airflow/example_dags/example_params_trigger_ui.py for tasks to queue
[2023-12-14T13:59:52.531+0000] {logging_mixin.py:151} INFO - [2023-12-14T13:59:52.531+0000] {dagbag.py:539} INFO - Filling up the DagBag from /home/airflow/.local/lib/python3.8/site-packages/airflow/example_dags/example_params_trigger_ui.py
[2023-12-14T13:59:52.551+0000] {processor.py:839} INFO - DAG(s) dict_keys(['example_params_trigger_ui']) retrieved from /home/airflow/.local/lib/python3.8/site-packages/airflow/example_dags/example_params_trigger_ui.py
[2023-12-14T13:59:52.610+0000] {logging_mixin.py:151} INFO - [2023-12-14T13:59:52.610+0000] {dag.py:2915} INFO - Sync 1 DAGs
[2023-12-14T13:59:52.626+0000] {logging_mixin.py:151} INFO - [2023-12-14T13:59:52.626+0000] {dag.py:3696} INFO - Setting next_dagrun for example_params_trigger_ui to None, run_after=None
[2023-12-14T13:59:52.655+0000] {processor.py:179} INFO - Processing /home/airflow/.local/lib/python3.8/site-packages/airflow/example_dags/example_params_trigger_ui.py took 0.131 seconds
[2023-12-14T14:00:23.143+0000] {processor.py:157} INFO - Started process (PID=1512) to work on /home/airflow/.local/lib/python3.8/site-packages/airflow/example_dags/example_params_trigger_ui.py
[2023-12-14T14:00:23.144+0000] {processor.py:829} INFO - Processing file /home/airflow/.local/lib/python3.8/site-packages/airflow/example_dags/example_params_trigger_ui.py for tasks to queue
[2023-12-14T14:00:23.146+0000] {logging_mixin.py:151} INFO - [2023-12-14T14:00:23.145+0000] {dagbag.py:539} INFO - Filling up the DagBag from /home/airflow/.local/lib/python3.8/site-packages/airflow/example_dags/example_params_trigger_ui.py
[2023-12-14T14:00:23.164+0000] {processor.py:839} INFO - DAG(s) dict_keys(['example_params_trigger_ui']) retrieved from /home/airflow/.local/lib/python3.8/site-packages/airflow/example_dags/example_params_trigger_ui.py
[2023-12-14T14:00:23.214+0000] {logging_mixin.py:151} INFO - [2023-12-14T14:00:23.213+0000] {dag.py:2915} INFO - Sync 1 DAGs
[2023-12-14T14:00:23.225+0000] {logging_mixin.py:151} INFO - [2023-12-14T14:00:23.225+0000] {dag.py:3696} INFO - Setting next_dagrun for example_params_trigger_ui to None, run_after=None
[2023-12-14T14:00:23.250+0000] {processor.py:179} INFO - Processing /home/airflow/.local/lib/python3.8/site-packages/airflow/example_dags/example_params_trigger_ui.py took 0.111 seconds
[2023-12-14T14:00:53.589+0000] {processor.py:157} INFO - Started process (PID=1566) to work on /home/airflow/.local/lib/python3.8/site-packages/airflow/example_dags/example_params_trigger_ui.py
[2023-12-14T14:00:53.590+0000] {processor.py:829} INFO - Processing file /home/airflow/.local/lib/python3.8/site-packages/airflow/example_dags/example_params_trigger_ui.py for tasks to queue
[2023-12-14T14:00:53.592+0000] {logging_mixin.py:151} INFO - [2023-12-14T14:00:53.591+0000] {dagbag.py:539} INFO - Filling up the DagBag from /home/airflow/.local/lib/python3.8/site-packages/airflow/example_dags/example_params_trigger_ui.py
[2023-12-14T14:00:53.615+0000] {processor.py:839} INFO - DAG(s) dict_keys(['example_params_trigger_ui']) retrieved from /home/airflow/.local/lib/python3.8/site-packages/airflow/example_dags/example_params_trigger_ui.py
[2023-12-14T14:00:53.664+0000] {logging_mixin.py:151} INFO - [2023-12-14T14:00:53.664+0000] {dag.py:2915} INFO - Sync 1 DAGs
[2023-12-14T14:00:53.676+0000] {logging_mixin.py:151} INFO - [2023-12-14T14:00:53.676+0000] {dag.py:3696} INFO - Setting next_dagrun for example_params_trigger_ui to None, run_after=None
[2023-12-14T14:00:53.697+0000] {processor.py:179} INFO - Processing /home/airflow/.local/lib/python3.8/site-packages/airflow/example_dags/example_params_trigger_ui.py took 0.113 seconds
[2023-12-14T14:01:23.872+0000] {processor.py:157} INFO - Started process (PID=1619) to work on /home/airflow/.local/lib/python3.8/site-packages/airflow/example_dags/example_params_trigger_ui.py
[2023-12-14T14:01:23.872+0000] {processor.py:829} INFO - Processing file /home/airflow/.local/lib/python3.8/site-packages/airflow/example_dags/example_params_trigger_ui.py for tasks to queue
[2023-12-14T14:01:23.873+0000] {logging_mixin.py:151} INFO - [2023-12-14T14:01:23.873+0000] {dagbag.py:539} INFO - Filling up the DagBag from /home/airflow/.local/lib/python3.8/site-packages/airflow/example_dags/example_params_trigger_ui.py
[2023-12-14T14:01:23.891+0000] {processor.py:839} INFO - DAG(s) dict_keys(['example_params_trigger_ui']) retrieved from /home/airflow/.local/lib/python3.8/site-packages/airflow/example_dags/example_params_trigger_ui.py
[2023-12-14T14:01:23.948+0000] {logging_mixin.py:151} INFO - [2023-12-14T14:01:23.947+0000] {dag.py:2915} INFO - Sync 1 DAGs
[2023-12-14T14:01:23.961+0000] {logging_mixin.py:151} INFO - [2023-12-14T14:01:23.961+0000] {dag.py:3696} INFO - Setting next_dagrun for example_params_trigger_ui to None, run_after=None
[2023-12-14T14:01:23.991+0000] {processor.py:179} INFO - Processing /home/airflow/.local/lib/python3.8/site-packages/airflow/example_dags/example_params_trigger_ui.py took 0.123 seconds
[2023-12-14T14:01:54.313+0000] {processor.py:157} INFO - Started process (PID=1673) to work on /home/airflow/.local/lib/python3.8/site-packages/airflow/example_dags/example_params_trigger_ui.py
[2023-12-14T14:01:54.314+0000] {processor.py:829} INFO - Processing file /home/airflow/.local/lib/python3.8/site-packages/airflow/example_dags/example_params_trigger_ui.py for tasks to queue
[2023-12-14T14:01:54.316+0000] {logging_mixin.py:151} INFO - [2023-12-14T14:01:54.315+0000] {dagbag.py:539} INFO - Filling up the DagBag from /home/airflow/.local/lib/python3.8/site-packages/airflow/example_dags/example_params_trigger_ui.py
[2023-12-14T14:01:54.336+0000] {processor.py:839} INFO - DAG(s) dict_keys(['example_params_trigger_ui']) retrieved from /home/airflow/.local/lib/python3.8/site-packages/airflow/example_dags/example_params_trigger_ui.py
[2023-12-14T14:01:54.386+0000] {logging_mixin.py:151} INFO - [2023-12-14T14:01:54.385+0000] {dag.py:2915} INFO - Sync 1 DAGs
[2023-12-14T14:01:54.399+0000] {logging_mixin.py:151} INFO - [2023-12-14T14:01:54.398+0000] {dag.py:3696} INFO - Setting next_dagrun for example_params_trigger_ui to None, run_after=None
[2023-12-14T14:01:54.429+0000] {processor.py:179} INFO - Processing /home/airflow/.local/lib/python3.8/site-packages/airflow/example_dags/example_params_trigger_ui.py took 0.120 seconds
[2023-12-14T14:02:24.739+0000] {processor.py:157} INFO - Started process (PID=1727) to work on /home/airflow/.local/lib/python3.8/site-packages/airflow/example_dags/example_params_trigger_ui.py
[2023-12-14T14:02:24.740+0000] {processor.py:829} INFO - Processing file /home/airflow/.local/lib/python3.8/site-packages/airflow/example_dags/example_params_trigger_ui.py for tasks to queue
[2023-12-14T14:02:24.742+0000] {logging_mixin.py:151} INFO - [2023-12-14T14:02:24.741+0000] {dagbag.py:539} INFO - Filling up the DagBag from /home/airflow/.local/lib/python3.8/site-packages/airflow/example_dags/example_params_trigger_ui.py
[2023-12-14T14:02:24.760+0000] {processor.py:839} INFO - DAG(s) dict_keys(['example_params_trigger_ui']) retrieved from /home/airflow/.local/lib/python3.8/site-packages/airflow/example_dags/example_params_trigger_ui.py
[2023-12-14T14:02:24.815+0000] {logging_mixin.py:151} INFO - [2023-12-14T14:02:24.815+0000] {dag.py:2915} INFO - Sync 1 DAGs
[2023-12-14T14:02:24.829+0000] {logging_mixin.py:151} INFO - [2023-12-14T14:02:24.828+0000] {dag.py:3696} INFO - Setting next_dagrun for example_params_trigger_ui to None, run_after=None
[2023-12-14T14:02:24.856+0000] {processor.py:179} INFO - Processing /home/airflow/.local/lib/python3.8/site-packages/airflow/example_dags/example_params_trigger_ui.py took 0.121 seconds
[2023-12-14T14:02:55.254+0000] {processor.py:157} INFO - Started process (PID=1781) to work on /home/airflow/.local/lib/python3.8/site-packages/airflow/example_dags/example_params_trigger_ui.py
[2023-12-14T14:02:55.255+0000] {processor.py:829} INFO - Processing file /home/airflow/.local/lib/python3.8/site-packages/airflow/example_dags/example_params_trigger_ui.py for tasks to queue
[2023-12-14T14:02:55.256+0000] {logging_mixin.py:151} INFO - [2023-12-14T14:02:55.256+0000] {dagbag.py:539} INFO - Filling up the DagBag from /home/airflow/.local/lib/python3.8/site-packages/airflow/example_dags/example_params_trigger_ui.py
[2023-12-14T14:02:55.273+0000] {processor.py:839} INFO - DAG(s) dict_keys(['example_params_trigger_ui']) retrieved from /home/airflow/.local/lib/python3.8/site-packages/airflow/example_dags/example_params_trigger_ui.py
[2023-12-14T14:02:55.324+0000] {logging_mixin.py:151} INFO - [2023-12-14T14:02:55.324+0000] {dag.py:2915} INFO - Sync 1 DAGs
[2023-12-14T14:02:55.336+0000] {logging_mixin.py:151} INFO - [2023-12-14T14:02:55.335+0000] {dag.py:3696} INFO - Setting next_dagrun for example_params_trigger_ui to None, run_after=None
[2023-12-14T14:02:55.363+0000] {processor.py:179} INFO - Processing /home/airflow/.local/lib/python3.8/site-packages/airflow/example_dags/example_params_trigger_ui.py took 0.114 seconds
[2023-12-14T14:03:25.550+0000] {processor.py:157} INFO - Started process (PID=1835) to work on /home/airflow/.local/lib/python3.8/site-packages/airflow/example_dags/example_params_trigger_ui.py
[2023-12-14T14:03:25.551+0000] {processor.py:829} INFO - Processing file /home/airflow/.local/lib/python3.8/site-packages/airflow/example_dags/example_params_trigger_ui.py for tasks to queue
[2023-12-14T14:03:25.553+0000] {logging_mixin.py:151} INFO - [2023-12-14T14:03:25.552+0000] {dagbag.py:539} INFO - Filling up the DagBag from /home/airflow/.local/lib/python3.8/site-packages/airflow/example_dags/example_params_trigger_ui.py
[2023-12-14T14:03:25.572+0000] {processor.py:839} INFO - DAG(s) dict_keys(['example_params_trigger_ui']) retrieved from /home/airflow/.local/lib/python3.8/site-packages/airflow/example_dags/example_params_trigger_ui.py
[2023-12-14T14:03:25.629+0000] {logging_mixin.py:151} INFO - [2023-12-14T14:03:25.629+0000] {dag.py:2915} INFO - Sync 1 DAGs
[2023-12-14T14:03:25.642+0000] {logging_mixin.py:151} INFO - [2023-12-14T14:03:25.641+0000] {dag.py:3696} INFO - Setting next_dagrun for example_params_trigger_ui to None, run_after=None
[2023-12-14T14:03:25.674+0000] {processor.py:179} INFO - Processing /home/airflow/.local/lib/python3.8/site-packages/airflow/example_dags/example_params_trigger_ui.py took 0.128 seconds
[2023-12-14T14:03:56.151+0000] {processor.py:157} INFO - Started process (PID=1889) to work on /home/airflow/.local/lib/python3.8/site-packages/airflow/example_dags/example_params_trigger_ui.py
[2023-12-14T14:03:56.152+0000] {processor.py:829} INFO - Processing file /home/airflow/.local/lib/python3.8/site-packages/airflow/example_dags/example_params_trigger_ui.py for tasks to queue
[2023-12-14T14:03:56.154+0000] {logging_mixin.py:151} INFO - [2023-12-14T14:03:56.154+0000] {dagbag.py:539} INFO - Filling up the DagBag from /home/airflow/.local/lib/python3.8/site-packages/airflow/example_dags/example_params_trigger_ui.py
[2023-12-14T14:03:56.177+0000] {processor.py:839} INFO - DAG(s) dict_keys(['example_params_trigger_ui']) retrieved from /home/airflow/.local/lib/python3.8/site-packages/airflow/example_dags/example_params_trigger_ui.py
[2023-12-14T14:03:56.237+0000] {logging_mixin.py:151} INFO - [2023-12-14T14:03:56.236+0000] {dag.py:2915} INFO - Sync 1 DAGs
[2023-12-14T14:03:56.255+0000] {logging_mixin.py:151} INFO - [2023-12-14T14:03:56.254+0000] {dag.py:3696} INFO - Setting next_dagrun for example_params_trigger_ui to None, run_after=None
[2023-12-14T14:03:56.287+0000] {processor.py:179} INFO - Processing /home/airflow/.local/lib/python3.8/site-packages/airflow/example_dags/example_params_trigger_ui.py took 0.139 seconds
[2023-12-14T14:04:26.811+0000] {processor.py:157} INFO - Started process (PID=1943) to work on /home/airflow/.local/lib/python3.8/site-packages/airflow/example_dags/example_params_trigger_ui.py
[2023-12-14T14:04:26.812+0000] {processor.py:829} INFO - Processing file /home/airflow/.local/lib/python3.8/site-packages/airflow/example_dags/example_params_trigger_ui.py for tasks to queue
[2023-12-14T14:04:26.813+0000] {logging_mixin.py:151} INFO - [2023-12-14T14:04:26.813+0000] {dagbag.py:539} INFO - Filling up the DagBag from /home/airflow/.local/lib/python3.8/site-packages/airflow/example_dags/example_params_trigger_ui.py
[2023-12-14T14:04:26.842+0000] {processor.py:839} INFO - DAG(s) dict_keys(['example_params_trigger_ui']) retrieved from /home/airflow/.local/lib/python3.8/site-packages/airflow/example_dags/example_params_trigger_ui.py
[2023-12-14T14:04:26.896+0000] {logging_mixin.py:151} INFO - [2023-12-14T14:04:26.896+0000] {dag.py:2915} INFO - Sync 1 DAGs
[2023-12-14T14:04:26.910+0000] {logging_mixin.py:151} INFO - [2023-12-14T14:04:26.910+0000] {dag.py:3696} INFO - Setting next_dagrun for example_params_trigger_ui to None, run_after=None
[2023-12-14T14:04:26.944+0000] {processor.py:179} INFO - Processing /home/airflow/.local/lib/python3.8/site-packages/airflow/example_dags/example_params_trigger_ui.py took 0.137 seconds
[2023-12-14T14:04:57.503+0000] {processor.py:157} INFO - Started process (PID=1997) to work on /home/airflow/.local/lib/python3.8/site-packages/airflow/example_dags/example_params_trigger_ui.py
[2023-12-14T14:04:57.504+0000] {processor.py:829} INFO - Processing file /home/airflow/.local/lib/python3.8/site-packages/airflow/example_dags/example_params_trigger_ui.py for tasks to queue
[2023-12-14T14:04:57.506+0000] {logging_mixin.py:151} INFO - [2023-12-14T14:04:57.505+0000] {dagbag.py:539} INFO - Filling up the DagBag from /home/airflow/.local/lib/python3.8/site-packages/airflow/example_dags/example_params_trigger_ui.py
[2023-12-14T14:04:57.533+0000] {processor.py:839} INFO - DAG(s) dict_keys(['example_params_trigger_ui']) retrieved from /home/airflow/.local/lib/python3.8/site-packages/airflow/example_dags/example_params_trigger_ui.py
[2023-12-14T14:04:57.640+0000] {logging_mixin.py:151} INFO - [2023-12-14T14:04:57.639+0000] {dag.py:2915} INFO - Sync 1 DAGs
[2023-12-14T14:04:57.658+0000] {logging_mixin.py:151} INFO - [2023-12-14T14:04:57.658+0000] {dag.py:3696} INFO - Setting next_dagrun for example_params_trigger_ui to None, run_after=None
[2023-12-14T14:04:57.697+0000] {processor.py:179} INFO - Processing /home/airflow/.local/lib/python3.8/site-packages/airflow/example_dags/example_params_trigger_ui.py took 0.199 seconds
[2023-12-14T14:05:28.300+0000] {processor.py:157} INFO - Started process (PID=2051) to work on /home/airflow/.local/lib/python3.8/site-packages/airflow/example_dags/example_params_trigger_ui.py
[2023-12-14T14:05:28.301+0000] {processor.py:829} INFO - Processing file /home/airflow/.local/lib/python3.8/site-packages/airflow/example_dags/example_params_trigger_ui.py for tasks to queue
[2023-12-14T14:05:28.302+0000] {logging_mixin.py:151} INFO - [2023-12-14T14:05:28.302+0000] {dagbag.py:539} INFO - Filling up the DagBag from /home/airflow/.local/lib/python3.8/site-packages/airflow/example_dags/example_params_trigger_ui.py
[2023-12-14T14:05:28.322+0000] {processor.py:839} INFO - DAG(s) dict_keys(['example_params_trigger_ui']) retrieved from /home/airflow/.local/lib/python3.8/site-packages/airflow/example_dags/example_params_trigger_ui.py
[2023-12-14T14:05:28.385+0000] {logging_mixin.py:151} INFO - [2023-12-14T14:05:28.384+0000] {dag.py:2915} INFO - Sync 1 DAGs
[2023-12-14T14:05:28.399+0000] {logging_mixin.py:151} INFO - [2023-12-14T14:05:28.398+0000] {dag.py:3696} INFO - Setting next_dagrun for example_params_trigger_ui to None, run_after=None
[2023-12-14T14:05:28.428+0000] {processor.py:179} INFO - Processing /home/airflow/.local/lib/python3.8/site-packages/airflow/example_dags/example_params_trigger_ui.py took 0.132 seconds
[2023-12-14T14:05:58.734+0000] {processor.py:157} INFO - Started process (PID=2105) to work on /home/airflow/.local/lib/python3.8/site-packages/airflow/example_dags/example_params_trigger_ui.py
[2023-12-14T14:05:58.735+0000] {processor.py:829} INFO - Processing file /home/airflow/.local/lib/python3.8/site-packages/airflow/example_dags/example_params_trigger_ui.py for tasks to queue
[2023-12-14T14:05:58.736+0000] {logging_mixin.py:151} INFO - [2023-12-14T14:05:58.736+0000] {dagbag.py:539} INFO - Filling up the DagBag from /home/airflow/.local/lib/python3.8/site-packages/airflow/example_dags/example_params_trigger_ui.py
[2023-12-14T14:05:58.754+0000] {processor.py:839} INFO - DAG(s) dict_keys(['example_params_trigger_ui']) retrieved from /home/airflow/.local/lib/python3.8/site-packages/airflow/example_dags/example_params_trigger_ui.py
[2023-12-14T14:05:58.805+0000] {logging_mixin.py:151} INFO - [2023-12-14T14:05:58.805+0000] {dag.py:2915} INFO - Sync 1 DAGs
[2023-12-14T14:05:58.818+0000] {logging_mixin.py:151} INFO - [2023-12-14T14:05:58.818+0000] {dag.py:3696} INFO - Setting next_dagrun for example_params_trigger_ui to None, run_after=None
[2023-12-14T14:05:58.849+0000] {processor.py:179} INFO - Processing /home/airflow/.local/lib/python3.8/site-packages/airflow/example_dags/example_params_trigger_ui.py took 0.119 seconds
[2023-12-14T14:12:43.741+0000] {processor.py:157} INFO - Started process (PID=48) to work on /home/airflow/.local/lib/python3.8/site-packages/airflow/example_dags/example_params_trigger_ui.py
[2023-12-14T14:12:43.744+0000] {processor.py:829} INFO - Processing file /home/airflow/.local/lib/python3.8/site-packages/airflow/example_dags/example_params_trigger_ui.py for tasks to queue
[2023-12-14T14:12:43.749+0000] {logging_mixin.py:151} INFO - [2023-12-14T14:12:43.748+0000] {dagbag.py:539} INFO - Filling up the DagBag from /home/airflow/.local/lib/python3.8/site-packages/airflow/example_dags/example_params_trigger_ui.py
[2023-12-14T14:12:43.817+0000] {processor.py:839} INFO - DAG(s) dict_keys(['example_params_trigger_ui']) retrieved from /home/airflow/.local/lib/python3.8/site-packages/airflow/example_dags/example_params_trigger_ui.py
[2023-12-14T14:12:44.014+0000] {logging_mixin.py:151} INFO - [2023-12-14T14:12:44.014+0000] {dag.py:2915} INFO - Sync 1 DAGs
[2023-12-14T14:12:44.066+0000] {logging_mixin.py:151} INFO - [2023-12-14T14:12:44.066+0000] {dag.py:3696} INFO - Setting next_dagrun for example_params_trigger_ui to None, run_after=None
[2023-12-14T14:12:44.162+0000] {processor.py:179} INFO - Processing /home/airflow/.local/lib/python3.8/site-packages/airflow/example_dags/example_params_trigger_ui.py took 0.428 seconds
[2023-12-14T14:13:26.932+0000] {processor.py:157} INFO - Started process (PID=109) to work on /home/airflow/.local/lib/python3.8/site-packages/airflow/example_dags/example_params_trigger_ui.py
[2023-12-14T14:13:26.934+0000] {processor.py:829} INFO - Processing file /home/airflow/.local/lib/python3.8/site-packages/airflow/example_dags/example_params_trigger_ui.py for tasks to queue
[2023-12-14T14:13:26.938+0000] {logging_mixin.py:151} INFO - [2023-12-14T14:13:26.936+0000] {dagbag.py:539} INFO - Filling up the DagBag from /home/airflow/.local/lib/python3.8/site-packages/airflow/example_dags/example_params_trigger_ui.py
[2023-12-14T14:13:27.007+0000] {processor.py:839} INFO - DAG(s) dict_keys(['example_params_trigger_ui']) retrieved from /home/airflow/.local/lib/python3.8/site-packages/airflow/example_dags/example_params_trigger_ui.py
[2023-12-14T14:13:27.226+0000] {logging_mixin.py:151} INFO - [2023-12-14T14:13:27.225+0000] {dag.py:2915} INFO - Sync 1 DAGs
[2023-12-14T14:13:27.272+0000] {logging_mixin.py:151} INFO - [2023-12-14T14:13:27.272+0000] {dag.py:3696} INFO - Setting next_dagrun for example_params_trigger_ui to None, run_after=None
[2023-12-14T14:13:27.353+0000] {processor.py:179} INFO - Processing /home/airflow/.local/lib/python3.8/site-packages/airflow/example_dags/example_params_trigger_ui.py took 0.427 seconds
[2023-12-14T14:13:57.924+0000] {processor.py:157} INFO - Started process (PID=163) to work on /home/airflow/.local/lib/python3.8/site-packages/airflow/example_dags/example_params_trigger_ui.py
[2023-12-14T14:13:57.925+0000] {processor.py:829} INFO - Processing file /home/airflow/.local/lib/python3.8/site-packages/airflow/example_dags/example_params_trigger_ui.py for tasks to queue
[2023-12-14T14:13:57.927+0000] {logging_mixin.py:151} INFO - [2023-12-14T14:13:57.926+0000] {dagbag.py:539} INFO - Filling up the DagBag from /home/airflow/.local/lib/python3.8/site-packages/airflow/example_dags/example_params_trigger_ui.py
[2023-12-14T14:13:57.963+0000] {processor.py:839} INFO - DAG(s) dict_keys(['example_params_trigger_ui']) retrieved from /home/airflow/.local/lib/python3.8/site-packages/airflow/example_dags/example_params_trigger_ui.py
[2023-12-14T14:13:58.079+0000] {logging_mixin.py:151} INFO - [2023-12-14T14:13:58.079+0000] {dag.py:2915} INFO - Sync 1 DAGs
[2023-12-14T14:13:58.128+0000] {logging_mixin.py:151} INFO - [2023-12-14T14:13:58.127+0000] {dag.py:3696} INFO - Setting next_dagrun for example_params_trigger_ui to None, run_after=None
[2023-12-14T14:13:58.176+0000] {processor.py:179} INFO - Processing /home/airflow/.local/lib/python3.8/site-packages/airflow/example_dags/example_params_trigger_ui.py took 0.258 seconds
[2023-12-14T14:14:28.840+0000] {processor.py:157} INFO - Started process (PID=215) to work on /home/airflow/.local/lib/python3.8/site-packages/airflow/example_dags/example_params_trigger_ui.py
[2023-12-14T14:14:28.842+0000] {processor.py:829} INFO - Processing file /home/airflow/.local/lib/python3.8/site-packages/airflow/example_dags/example_params_trigger_ui.py for tasks to queue
[2023-12-14T14:14:28.845+0000] {logging_mixin.py:151} INFO - [2023-12-14T14:14:28.845+0000] {dagbag.py:539} INFO - Filling up the DagBag from /home/airflow/.local/lib/python3.8/site-packages/airflow/example_dags/example_params_trigger_ui.py
[2023-12-14T14:14:28.889+0000] {processor.py:839} INFO - DAG(s) dict_keys(['example_params_trigger_ui']) retrieved from /home/airflow/.local/lib/python3.8/site-packages/airflow/example_dags/example_params_trigger_ui.py
[2023-12-14T14:14:28.984+0000] {logging_mixin.py:151} INFO - [2023-12-14T14:14:28.983+0000] {dag.py:2915} INFO - Sync 1 DAGs
[2023-12-14T14:14:29.007+0000] {logging_mixin.py:151} INFO - [2023-12-14T14:14:29.007+0000] {dag.py:3696} INFO - Setting next_dagrun for example_params_trigger_ui to None, run_after=None
[2023-12-14T14:14:29.038+0000] {processor.py:179} INFO - Processing /home/airflow/.local/lib/python3.8/site-packages/airflow/example_dags/example_params_trigger_ui.py took 0.203 seconds
