[2023-12-14T13:27:00.044+0000] {processor.py:157} INFO - Started process (PID=72) to work on /home/airflow/.local/lib/python3.8/site-packages/airflow/example_dags/example_time_delta_sensor_async.py
[2023-12-14T13:27:00.046+0000] {processor.py:829} INFO - Processing file /home/airflow/.local/lib/python3.8/site-packages/airflow/example_dags/example_time_delta_sensor_async.py for tasks to queue
[2023-12-14T13:27:00.048+0000] {logging_mixin.py:151} INFO - [2023-12-14T13:27:00.047+0000] {dagbag.py:539} INFO - Filling up the DagBag from /home/airflow/.local/lib/python3.8/site-packages/airflow/example_dags/example_time_delta_sensor_async.py
[2023-12-14T13:27:00.061+0000] {processor.py:839} INFO - DAG(s) dict_keys(['example_time_delta_sensor_async']) retrieved from /home/airflow/.local/lib/python3.8/site-packages/airflow/example_dags/example_time_delta_sensor_async.py
[2023-12-14T13:27:00.413+0000] {logging_mixin.py:151} INFO - [2023-12-14T13:27:00.413+0000] {manager.py:499} INFO - Created Permission View: %s
[2023-12-14T13:27:00.446+0000] {logging_mixin.py:151} INFO - [2023-12-14T13:27:00.445+0000] {manager.py:499} INFO - Created Permission View: %s
[2023-12-14T13:27:00.518+0000] {logging_mixin.py:151} INFO - [2023-12-14T13:27:00.518+0000] {manager.py:499} INFO - Created Permission View: %s
[2023-12-14T13:27:00.519+0000] {logging_mixin.py:151} INFO - [2023-12-14T13:27:00.519+0000] {security.py:708} INFO - Not syncing DAG-level permissions for DAG 'DAG:example_time_delta_sensor_async' as access control is unset.
[2023-12-14T13:27:00.520+0000] {logging_mixin.py:151} INFO - [2023-12-14T13:27:00.520+0000] {dag.py:2915} INFO - Sync 1 DAGs
[2023-12-14T13:27:00.543+0000] {logging_mixin.py:151} INFO - [2023-12-14T13:27:00.542+0000] {dag.py:2937} INFO - Creating ORM DAG for example_time_delta_sensor_async
[2023-12-14T13:27:00.545+0000] {logging_mixin.py:151} INFO - [2023-12-14T13:27:00.544+0000] {dag.py:3696} INFO - Setting next_dagrun for example_time_delta_sensor_async to None, run_after=None
[2023-12-14T13:27:00.586+0000] {processor.py:179} INFO - Processing /home/airflow/.local/lib/python3.8/site-packages/airflow/example_dags/example_time_delta_sensor_async.py took 0.548 seconds
[2023-12-14T13:27:30.871+0000] {processor.py:157} INFO - Started process (PID=126) to work on /home/airflow/.local/lib/python3.8/site-packages/airflow/example_dags/example_time_delta_sensor_async.py
[2023-12-14T13:27:30.875+0000] {processor.py:829} INFO - Processing file /home/airflow/.local/lib/python3.8/site-packages/airflow/example_dags/example_time_delta_sensor_async.py for tasks to queue
[2023-12-14T13:27:30.880+0000] {logging_mixin.py:151} INFO - [2023-12-14T13:27:30.879+0000] {dagbag.py:539} INFO - Filling up the DagBag from /home/airflow/.local/lib/python3.8/site-packages/airflow/example_dags/example_time_delta_sensor_async.py
[2023-12-14T13:27:30.944+0000] {processor.py:839} INFO - DAG(s) dict_keys(['example_time_delta_sensor_async']) retrieved from /home/airflow/.local/lib/python3.8/site-packages/airflow/example_dags/example_time_delta_sensor_async.py
[2023-12-14T13:27:31.006+0000] {logging_mixin.py:151} INFO - [2023-12-14T13:27:31.005+0000] {dag.py:2915} INFO - Sync 1 DAGs
[2023-12-14T13:27:31.046+0000] {logging_mixin.py:151} INFO - [2023-12-14T13:27:31.045+0000] {dag.py:3696} INFO - Setting next_dagrun for example_time_delta_sensor_async to None, run_after=None
[2023-12-14T13:27:31.126+0000] {processor.py:179} INFO - Processing /home/airflow/.local/lib/python3.8/site-packages/airflow/example_dags/example_time_delta_sensor_async.py took 0.262 seconds
[2023-12-14T13:28:03.357+0000] {processor.py:157} INFO - Started process (PID=181) to work on /home/airflow/.local/lib/python3.8/site-packages/airflow/example_dags/example_time_delta_sensor_async.py
[2023-12-14T13:28:03.369+0000] {processor.py:829} INFO - Processing file /home/airflow/.local/lib/python3.8/site-packages/airflow/example_dags/example_time_delta_sensor_async.py for tasks to queue
[2023-12-14T13:28:03.382+0000] {logging_mixin.py:151} INFO - [2023-12-14T13:28:03.380+0000] {dagbag.py:539} INFO - Filling up the DagBag from /home/airflow/.local/lib/python3.8/site-packages/airflow/example_dags/example_time_delta_sensor_async.py
[2023-12-14T13:28:03.401+0000] {processor.py:839} INFO - DAG(s) dict_keys(['example_time_delta_sensor_async']) retrieved from /home/airflow/.local/lib/python3.8/site-packages/airflow/example_dags/example_time_delta_sensor_async.py
[2023-12-14T13:28:03.499+0000] {logging_mixin.py:151} INFO - [2023-12-14T13:28:03.498+0000] {dag.py:2915} INFO - Sync 1 DAGs
[2023-12-14T13:28:03.635+0000] {logging_mixin.py:151} INFO - [2023-12-14T13:28:03.634+0000] {dag.py:3696} INFO - Setting next_dagrun for example_time_delta_sensor_async to None, run_after=None
[2023-12-14T13:28:03.692+0000] {processor.py:179} INFO - Processing /home/airflow/.local/lib/python3.8/site-packages/airflow/example_dags/example_time_delta_sensor_async.py took 0.348 seconds
[2023-12-14T13:28:33.922+0000] {processor.py:157} INFO - Started process (PID=235) to work on /home/airflow/.local/lib/python3.8/site-packages/airflow/example_dags/example_time_delta_sensor_async.py
[2023-12-14T13:28:33.924+0000] {processor.py:829} INFO - Processing file /home/airflow/.local/lib/python3.8/site-packages/airflow/example_dags/example_time_delta_sensor_async.py for tasks to queue
[2023-12-14T13:28:33.926+0000] {logging_mixin.py:151} INFO - [2023-12-14T13:28:33.925+0000] {dagbag.py:539} INFO - Filling up the DagBag from /home/airflow/.local/lib/python3.8/site-packages/airflow/example_dags/example_time_delta_sensor_async.py
[2023-12-14T13:28:33.942+0000] {processor.py:839} INFO - DAG(s) dict_keys(['example_time_delta_sensor_async']) retrieved from /home/airflow/.local/lib/python3.8/site-packages/airflow/example_dags/example_time_delta_sensor_async.py
[2023-12-14T13:28:34.004+0000] {logging_mixin.py:151} INFO - [2023-12-14T13:28:34.003+0000] {dag.py:2915} INFO - Sync 1 DAGs
[2023-12-14T13:28:34.055+0000] {logging_mixin.py:151} INFO - [2023-12-14T13:28:34.055+0000] {dag.py:3696} INFO - Setting next_dagrun for example_time_delta_sensor_async to None, run_after=None
[2023-12-14T13:28:34.113+0000] {processor.py:179} INFO - Processing /home/airflow/.local/lib/python3.8/site-packages/airflow/example_dags/example_time_delta_sensor_async.py took 0.198 seconds
[2023-12-14T13:29:04.502+0000] {processor.py:157} INFO - Started process (PID=289) to work on /home/airflow/.local/lib/python3.8/site-packages/airflow/example_dags/example_time_delta_sensor_async.py
[2023-12-14T13:29:04.503+0000] {processor.py:829} INFO - Processing file /home/airflow/.local/lib/python3.8/site-packages/airflow/example_dags/example_time_delta_sensor_async.py for tasks to queue
[2023-12-14T13:29:04.506+0000] {logging_mixin.py:151} INFO - [2023-12-14T13:29:04.505+0000] {dagbag.py:539} INFO - Filling up the DagBag from /home/airflow/.local/lib/python3.8/site-packages/airflow/example_dags/example_time_delta_sensor_async.py
[2023-12-14T13:29:04.516+0000] {processor.py:839} INFO - DAG(s) dict_keys(['example_time_delta_sensor_async']) retrieved from /home/airflow/.local/lib/python3.8/site-packages/airflow/example_dags/example_time_delta_sensor_async.py
[2023-12-14T13:29:04.566+0000] {logging_mixin.py:151} INFO - [2023-12-14T13:29:04.565+0000] {dag.py:2915} INFO - Sync 1 DAGs
[2023-12-14T13:29:04.591+0000] {logging_mixin.py:151} INFO - [2023-12-14T13:29:04.591+0000] {dag.py:3696} INFO - Setting next_dagrun for example_time_delta_sensor_async to None, run_after=None
[2023-12-14T13:29:04.623+0000] {processor.py:179} INFO - Processing /home/airflow/.local/lib/python3.8/site-packages/airflow/example_dags/example_time_delta_sensor_async.py took 0.127 seconds
[2023-12-14T13:29:39.032+0000] {processor.py:157} INFO - Started process (PID=343) to work on /home/airflow/.local/lib/python3.8/site-packages/airflow/example_dags/example_time_delta_sensor_async.py
[2023-12-14T13:29:39.044+0000] {processor.py:829} INFO - Processing file /home/airflow/.local/lib/python3.8/site-packages/airflow/example_dags/example_time_delta_sensor_async.py for tasks to queue
[2023-12-14T13:29:39.050+0000] {logging_mixin.py:151} INFO - [2023-12-14T13:29:39.047+0000] {dagbag.py:539} INFO - Filling up the DagBag from /home/airflow/.local/lib/python3.8/site-packages/airflow/example_dags/example_time_delta_sensor_async.py
[2023-12-14T13:29:39.187+0000] {processor.py:839} INFO - DAG(s) dict_keys(['example_time_delta_sensor_async']) retrieved from /home/airflow/.local/lib/python3.8/site-packages/airflow/example_dags/example_time_delta_sensor_async.py
[2023-12-14T13:29:39.312+0000] {logging_mixin.py:151} INFO - [2023-12-14T13:29:39.311+0000] {dag.py:2915} INFO - Sync 1 DAGs
[2023-12-14T13:29:39.384+0000] {logging_mixin.py:151} INFO - [2023-12-14T13:29:39.384+0000] {dag.py:3696} INFO - Setting next_dagrun for example_time_delta_sensor_async to None, run_after=None
[2023-12-14T13:29:39.734+0000] {processor.py:179} INFO - Processing /home/airflow/.local/lib/python3.8/site-packages/airflow/example_dags/example_time_delta_sensor_async.py took 0.716 seconds
[2023-12-14T13:30:10.443+0000] {processor.py:157} INFO - Started process (PID=398) to work on /home/airflow/.local/lib/python3.8/site-packages/airflow/example_dags/example_time_delta_sensor_async.py
[2023-12-14T13:30:10.445+0000] {processor.py:829} INFO - Processing file /home/airflow/.local/lib/python3.8/site-packages/airflow/example_dags/example_time_delta_sensor_async.py for tasks to queue
[2023-12-14T13:30:10.448+0000] {logging_mixin.py:151} INFO - [2023-12-14T13:30:10.447+0000] {dagbag.py:539} INFO - Filling up the DagBag from /home/airflow/.local/lib/python3.8/site-packages/airflow/example_dags/example_time_delta_sensor_async.py
[2023-12-14T13:30:10.467+0000] {processor.py:839} INFO - DAG(s) dict_keys(['example_time_delta_sensor_async']) retrieved from /home/airflow/.local/lib/python3.8/site-packages/airflow/example_dags/example_time_delta_sensor_async.py
[2023-12-14T13:30:10.554+0000] {logging_mixin.py:151} INFO - [2023-12-14T13:30:10.552+0000] {dag.py:2915} INFO - Sync 1 DAGs
[2023-12-14T13:30:10.603+0000] {logging_mixin.py:151} INFO - [2023-12-14T13:30:10.602+0000] {dag.py:3696} INFO - Setting next_dagrun for example_time_delta_sensor_async to None, run_after=None
[2023-12-14T13:30:10.676+0000] {processor.py:179} INFO - Processing /home/airflow/.local/lib/python3.8/site-packages/airflow/example_dags/example_time_delta_sensor_async.py took 0.250 seconds
[2023-12-14T13:30:41.015+0000] {processor.py:157} INFO - Started process (PID=451) to work on /home/airflow/.local/lib/python3.8/site-packages/airflow/example_dags/example_time_delta_sensor_async.py
[2023-12-14T13:30:41.017+0000] {processor.py:829} INFO - Processing file /home/airflow/.local/lib/python3.8/site-packages/airflow/example_dags/example_time_delta_sensor_async.py for tasks to queue
[2023-12-14T13:30:41.020+0000] {logging_mixin.py:151} INFO - [2023-12-14T13:30:41.019+0000] {dagbag.py:539} INFO - Filling up the DagBag from /home/airflow/.local/lib/python3.8/site-packages/airflow/example_dags/example_time_delta_sensor_async.py
[2023-12-14T13:30:41.029+0000] {processor.py:839} INFO - DAG(s) dict_keys(['example_time_delta_sensor_async']) retrieved from /home/airflow/.local/lib/python3.8/site-packages/airflow/example_dags/example_time_delta_sensor_async.py
[2023-12-14T13:30:41.074+0000] {logging_mixin.py:151} INFO - [2023-12-14T13:30:41.074+0000] {dag.py:2915} INFO - Sync 1 DAGs
[2023-12-14T13:30:41.098+0000] {logging_mixin.py:151} INFO - [2023-12-14T13:30:41.098+0000] {dag.py:3696} INFO - Setting next_dagrun for example_time_delta_sensor_async to None, run_after=None
[2023-12-14T13:30:41.150+0000] {processor.py:179} INFO - Processing /home/airflow/.local/lib/python3.8/site-packages/airflow/example_dags/example_time_delta_sensor_async.py took 0.142 seconds
[2023-12-14T13:31:11.725+0000] {processor.py:157} INFO - Started process (PID=507) to work on /home/airflow/.local/lib/python3.8/site-packages/airflow/example_dags/example_time_delta_sensor_async.py
[2023-12-14T13:31:11.727+0000] {processor.py:829} INFO - Processing file /home/airflow/.local/lib/python3.8/site-packages/airflow/example_dags/example_time_delta_sensor_async.py for tasks to queue
[2023-12-14T13:31:11.729+0000] {logging_mixin.py:151} INFO - [2023-12-14T13:31:11.729+0000] {dagbag.py:539} INFO - Filling up the DagBag from /home/airflow/.local/lib/python3.8/site-packages/airflow/example_dags/example_time_delta_sensor_async.py
[2023-12-14T13:31:11.739+0000] {processor.py:839} INFO - DAG(s) dict_keys(['example_time_delta_sensor_async']) retrieved from /home/airflow/.local/lib/python3.8/site-packages/airflow/example_dags/example_time_delta_sensor_async.py
[2023-12-14T13:31:11.790+0000] {logging_mixin.py:151} INFO - [2023-12-14T13:31:11.790+0000] {dag.py:2915} INFO - Sync 1 DAGs
[2023-12-14T13:31:11.816+0000] {logging_mixin.py:151} INFO - [2023-12-14T13:31:11.816+0000] {dag.py:3696} INFO - Setting next_dagrun for example_time_delta_sensor_async to None, run_after=None
[2023-12-14T13:31:11.851+0000] {processor.py:179} INFO - Processing /home/airflow/.local/lib/python3.8/site-packages/airflow/example_dags/example_time_delta_sensor_async.py took 0.131 seconds
[2023-12-14T13:31:43.189+0000] {processor.py:157} INFO - Started process (PID=561) to work on /home/airflow/.local/lib/python3.8/site-packages/airflow/example_dags/example_time_delta_sensor_async.py
[2023-12-14T13:31:43.190+0000] {processor.py:829} INFO - Processing file /home/airflow/.local/lib/python3.8/site-packages/airflow/example_dags/example_time_delta_sensor_async.py for tasks to queue
[2023-12-14T13:31:43.192+0000] {logging_mixin.py:151} INFO - [2023-12-14T13:31:43.191+0000] {dagbag.py:539} INFO - Filling up the DagBag from /home/airflow/.local/lib/python3.8/site-packages/airflow/example_dags/example_time_delta_sensor_async.py
[2023-12-14T13:31:43.201+0000] {processor.py:839} INFO - DAG(s) dict_keys(['example_time_delta_sensor_async']) retrieved from /home/airflow/.local/lib/python3.8/site-packages/airflow/example_dags/example_time_delta_sensor_async.py
[2023-12-14T13:31:43.246+0000] {logging_mixin.py:151} INFO - [2023-12-14T13:31:43.246+0000] {dag.py:2915} INFO - Sync 1 DAGs
[2023-12-14T13:31:43.271+0000] {logging_mixin.py:151} INFO - [2023-12-14T13:31:43.271+0000] {dag.py:3696} INFO - Setting next_dagrun for example_time_delta_sensor_async to None, run_after=None
[2023-12-14T13:31:43.315+0000] {processor.py:179} INFO - Processing /home/airflow/.local/lib/python3.8/site-packages/airflow/example_dags/example_time_delta_sensor_async.py took 0.131 seconds
[2023-12-14T13:32:14.913+0000] {processor.py:157} INFO - Started process (PID=615) to work on /home/airflow/.local/lib/python3.8/site-packages/airflow/example_dags/example_time_delta_sensor_async.py
[2023-12-14T13:32:14.914+0000] {processor.py:829} INFO - Processing file /home/airflow/.local/lib/python3.8/site-packages/airflow/example_dags/example_time_delta_sensor_async.py for tasks to queue
[2023-12-14T13:32:14.918+0000] {logging_mixin.py:151} INFO - [2023-12-14T13:32:14.917+0000] {dagbag.py:539} INFO - Filling up the DagBag from /home/airflow/.local/lib/python3.8/site-packages/airflow/example_dags/example_time_delta_sensor_async.py
[2023-12-14T13:32:14.928+0000] {processor.py:839} INFO - DAG(s) dict_keys(['example_time_delta_sensor_async']) retrieved from /home/airflow/.local/lib/python3.8/site-packages/airflow/example_dags/example_time_delta_sensor_async.py
[2023-12-14T13:32:14.977+0000] {logging_mixin.py:151} INFO - [2023-12-14T13:32:14.977+0000] {dag.py:2915} INFO - Sync 1 DAGs
[2023-12-14T13:32:15.015+0000] {logging_mixin.py:151} INFO - [2023-12-14T13:32:15.014+0000] {dag.py:3696} INFO - Setting next_dagrun for example_time_delta_sensor_async to None, run_after=None
[2023-12-14T13:32:15.056+0000] {processor.py:179} INFO - Processing /home/airflow/.local/lib/python3.8/site-packages/airflow/example_dags/example_time_delta_sensor_async.py took 0.150 seconds
[2023-12-14T13:32:47.063+0000] {processor.py:157} INFO - Started process (PID=669) to work on /home/airflow/.local/lib/python3.8/site-packages/airflow/example_dags/example_time_delta_sensor_async.py
[2023-12-14T13:32:47.064+0000] {processor.py:829} INFO - Processing file /home/airflow/.local/lib/python3.8/site-packages/airflow/example_dags/example_time_delta_sensor_async.py for tasks to queue
[2023-12-14T13:32:47.074+0000] {logging_mixin.py:151} INFO - [2023-12-14T13:32:47.073+0000] {dagbag.py:539} INFO - Filling up the DagBag from /home/airflow/.local/lib/python3.8/site-packages/airflow/example_dags/example_time_delta_sensor_async.py
[2023-12-14T13:32:47.086+0000] {processor.py:839} INFO - DAG(s) dict_keys(['example_time_delta_sensor_async']) retrieved from /home/airflow/.local/lib/python3.8/site-packages/airflow/example_dags/example_time_delta_sensor_async.py
[2023-12-14T13:32:47.123+0000] {logging_mixin.py:151} INFO - [2023-12-14T13:32:47.123+0000] {dag.py:2915} INFO - Sync 1 DAGs
[2023-12-14T13:32:47.142+0000] {logging_mixin.py:151} INFO - [2023-12-14T13:32:47.142+0000] {dag.py:3696} INFO - Setting next_dagrun for example_time_delta_sensor_async to None, run_after=None
[2023-12-14T13:32:47.214+0000] {processor.py:179} INFO - Processing /home/airflow/.local/lib/python3.8/site-packages/airflow/example_dags/example_time_delta_sensor_async.py took 0.157 seconds
[2023-12-14T13:33:19.744+0000] {processor.py:157} INFO - Started process (PID=723) to work on /home/airflow/.local/lib/python3.8/site-packages/airflow/example_dags/example_time_delta_sensor_async.py
[2023-12-14T13:33:19.745+0000] {processor.py:829} INFO - Processing file /home/airflow/.local/lib/python3.8/site-packages/airflow/example_dags/example_time_delta_sensor_async.py for tasks to queue
[2023-12-14T13:33:19.747+0000] {logging_mixin.py:151} INFO - [2023-12-14T13:33:19.747+0000] {dagbag.py:539} INFO - Filling up the DagBag from /home/airflow/.local/lib/python3.8/site-packages/airflow/example_dags/example_time_delta_sensor_async.py
[2023-12-14T13:33:19.765+0000] {processor.py:839} INFO - DAG(s) dict_keys(['example_time_delta_sensor_async']) retrieved from /home/airflow/.local/lib/python3.8/site-packages/airflow/example_dags/example_time_delta_sensor_async.py
[2023-12-14T13:33:19.836+0000] {logging_mixin.py:151} INFO - [2023-12-14T13:33:19.835+0000] {dag.py:2915} INFO - Sync 1 DAGs
[2023-12-14T13:33:19.897+0000] {logging_mixin.py:151} INFO - [2023-12-14T13:33:19.897+0000] {dag.py:3696} INFO - Setting next_dagrun for example_time_delta_sensor_async to None, run_after=None
[2023-12-14T13:33:19.972+0000] {processor.py:179} INFO - Processing /home/airflow/.local/lib/python3.8/site-packages/airflow/example_dags/example_time_delta_sensor_async.py took 0.242 seconds
[2023-12-14T13:33:50.991+0000] {processor.py:157} INFO - Started process (PID=776) to work on /home/airflow/.local/lib/python3.8/site-packages/airflow/example_dags/example_time_delta_sensor_async.py
[2023-12-14T13:33:51.002+0000] {processor.py:829} INFO - Processing file /home/airflow/.local/lib/python3.8/site-packages/airflow/example_dags/example_time_delta_sensor_async.py for tasks to queue
[2023-12-14T13:33:51.004+0000] {logging_mixin.py:151} INFO - [2023-12-14T13:33:51.003+0000] {dagbag.py:539} INFO - Filling up the DagBag from /home/airflow/.local/lib/python3.8/site-packages/airflow/example_dags/example_time_delta_sensor_async.py
[2023-12-14T13:33:51.013+0000] {processor.py:839} INFO - DAG(s) dict_keys(['example_time_delta_sensor_async']) retrieved from /home/airflow/.local/lib/python3.8/site-packages/airflow/example_dags/example_time_delta_sensor_async.py
[2023-12-14T13:33:51.046+0000] {logging_mixin.py:151} INFO - [2023-12-14T13:33:51.046+0000] {dag.py:2915} INFO - Sync 1 DAGs
[2023-12-14T13:33:51.062+0000] {logging_mixin.py:151} INFO - [2023-12-14T13:33:51.062+0000] {dag.py:3696} INFO - Setting next_dagrun for example_time_delta_sensor_async to None, run_after=None
[2023-12-14T13:33:51.291+0000] {processor.py:179} INFO - Processing /home/airflow/.local/lib/python3.8/site-packages/airflow/example_dags/example_time_delta_sensor_async.py took 0.307 seconds
[2023-12-14T13:36:23.372+0000] {processor.py:157} INFO - Started process (PID=71) to work on /home/airflow/.local/lib/python3.8/site-packages/airflow/example_dags/example_time_delta_sensor_async.py
[2023-12-14T13:36:23.378+0000] {processor.py:829} INFO - Processing file /home/airflow/.local/lib/python3.8/site-packages/airflow/example_dags/example_time_delta_sensor_async.py for tasks to queue
[2023-12-14T13:36:23.380+0000] {logging_mixin.py:151} INFO - [2023-12-14T13:36:23.379+0000] {dagbag.py:539} INFO - Filling up the DagBag from /home/airflow/.local/lib/python3.8/site-packages/airflow/example_dags/example_time_delta_sensor_async.py
[2023-12-14T13:36:23.416+0000] {processor.py:839} INFO - DAG(s) dict_keys(['example_time_delta_sensor_async']) retrieved from /home/airflow/.local/lib/python3.8/site-packages/airflow/example_dags/example_time_delta_sensor_async.py
[2023-12-14T13:36:23.515+0000] {logging_mixin.py:151} INFO - [2023-12-14T13:36:23.514+0000] {dag.py:2915} INFO - Sync 1 DAGs
[2023-12-14T13:36:23.547+0000] {logging_mixin.py:151} INFO - [2023-12-14T13:36:23.546+0000] {dag.py:3696} INFO - Setting next_dagrun for example_time_delta_sensor_async to None, run_after=None
[2023-12-14T13:36:23.601+0000] {processor.py:179} INFO - Processing /home/airflow/.local/lib/python3.8/site-packages/airflow/example_dags/example_time_delta_sensor_async.py took 0.255 seconds
[2023-12-14T13:36:54.617+0000] {processor.py:157} INFO - Started process (PID=125) to work on /home/airflow/.local/lib/python3.8/site-packages/airflow/example_dags/example_time_delta_sensor_async.py
[2023-12-14T13:36:54.620+0000] {processor.py:829} INFO - Processing file /home/airflow/.local/lib/python3.8/site-packages/airflow/example_dags/example_time_delta_sensor_async.py for tasks to queue
[2023-12-14T13:36:54.623+0000] {logging_mixin.py:151} INFO - [2023-12-14T13:36:54.623+0000] {dagbag.py:539} INFO - Filling up the DagBag from /home/airflow/.local/lib/python3.8/site-packages/airflow/example_dags/example_time_delta_sensor_async.py
[2023-12-14T13:36:54.647+0000] {processor.py:839} INFO - DAG(s) dict_keys(['example_time_delta_sensor_async']) retrieved from /home/airflow/.local/lib/python3.8/site-packages/airflow/example_dags/example_time_delta_sensor_async.py
[2023-12-14T13:36:54.727+0000] {logging_mixin.py:151} INFO - [2023-12-14T13:36:54.726+0000] {dag.py:2915} INFO - Sync 1 DAGs
[2023-12-14T13:36:54.768+0000] {logging_mixin.py:151} INFO - [2023-12-14T13:36:54.767+0000] {dag.py:3696} INFO - Setting next_dagrun for example_time_delta_sensor_async to None, run_after=None
[2023-12-14T13:36:54.830+0000] {processor.py:179} INFO - Processing /home/airflow/.local/lib/python3.8/site-packages/airflow/example_dags/example_time_delta_sensor_async.py took 0.224 seconds
[2023-12-14T13:37:25.499+0000] {processor.py:157} INFO - Started process (PID=179) to work on /home/airflow/.local/lib/python3.8/site-packages/airflow/example_dags/example_time_delta_sensor_async.py
[2023-12-14T13:37:25.500+0000] {processor.py:829} INFO - Processing file /home/airflow/.local/lib/python3.8/site-packages/airflow/example_dags/example_time_delta_sensor_async.py for tasks to queue
[2023-12-14T13:37:25.501+0000] {logging_mixin.py:151} INFO - [2023-12-14T13:37:25.501+0000] {dagbag.py:539} INFO - Filling up the DagBag from /home/airflow/.local/lib/python3.8/site-packages/airflow/example_dags/example_time_delta_sensor_async.py
[2023-12-14T13:37:25.510+0000] {processor.py:839} INFO - DAG(s) dict_keys(['example_time_delta_sensor_async']) retrieved from /home/airflow/.local/lib/python3.8/site-packages/airflow/example_dags/example_time_delta_sensor_async.py
[2023-12-14T13:37:25.550+0000] {logging_mixin.py:151} INFO - [2023-12-14T13:37:25.550+0000] {dag.py:2915} INFO - Sync 1 DAGs
[2023-12-14T13:37:25.568+0000] {logging_mixin.py:151} INFO - [2023-12-14T13:37:25.568+0000] {dag.py:3696} INFO - Setting next_dagrun for example_time_delta_sensor_async to None, run_after=None
[2023-12-14T13:37:25.596+0000] {processor.py:179} INFO - Processing /home/airflow/.local/lib/python3.8/site-packages/airflow/example_dags/example_time_delta_sensor_async.py took 0.105 seconds
[2023-12-14T13:46:39.303+0000] {processor.py:157} INFO - Started process (PID=65) to work on /home/airflow/.local/lib/python3.8/site-packages/airflow/example_dags/example_time_delta_sensor_async.py
[2023-12-14T13:46:39.305+0000] {processor.py:829} INFO - Processing file /home/airflow/.local/lib/python3.8/site-packages/airflow/example_dags/example_time_delta_sensor_async.py for tasks to queue
[2023-12-14T13:46:39.308+0000] {logging_mixin.py:151} INFO - [2023-12-14T13:46:39.307+0000] {dagbag.py:539} INFO - Filling up the DagBag from /home/airflow/.local/lib/python3.8/site-packages/airflow/example_dags/example_time_delta_sensor_async.py
[2023-12-14T13:46:39.317+0000] {processor.py:839} INFO - DAG(s) dict_keys(['example_time_delta_sensor_async']) retrieved from /home/airflow/.local/lib/python3.8/site-packages/airflow/example_dags/example_time_delta_sensor_async.py
[2023-12-14T13:46:39.375+0000] {logging_mixin.py:151} INFO - [2023-12-14T13:46:39.374+0000] {dag.py:2915} INFO - Sync 1 DAGs
[2023-12-14T13:46:39.405+0000] {logging_mixin.py:151} INFO - [2023-12-14T13:46:39.404+0000] {dag.py:3696} INFO - Setting next_dagrun for example_time_delta_sensor_async to None, run_after=None
[2023-12-14T13:46:39.447+0000] {processor.py:179} INFO - Processing /home/airflow/.local/lib/python3.8/site-packages/airflow/example_dags/example_time_delta_sensor_async.py took 0.149 seconds
[2023-12-14T13:47:09.511+0000] {processor.py:157} INFO - Started process (PID=120) to work on /home/airflow/.local/lib/python3.8/site-packages/airflow/example_dags/example_time_delta_sensor_async.py
[2023-12-14T13:47:09.512+0000] {processor.py:829} INFO - Processing file /home/airflow/.local/lib/python3.8/site-packages/airflow/example_dags/example_time_delta_sensor_async.py for tasks to queue
[2023-12-14T13:47:09.514+0000] {logging_mixin.py:151} INFO - [2023-12-14T13:47:09.513+0000] {dagbag.py:539} INFO - Filling up the DagBag from /home/airflow/.local/lib/python3.8/site-packages/airflow/example_dags/example_time_delta_sensor_async.py
[2023-12-14T13:47:09.519+0000] {processor.py:839} INFO - DAG(s) dict_keys(['example_time_delta_sensor_async']) retrieved from /home/airflow/.local/lib/python3.8/site-packages/airflow/example_dags/example_time_delta_sensor_async.py
[2023-12-14T13:47:09.548+0000] {logging_mixin.py:151} INFO - [2023-12-14T13:47:09.547+0000] {dag.py:2915} INFO - Sync 1 DAGs
[2023-12-14T13:47:09.562+0000] {logging_mixin.py:151} INFO - [2023-12-14T13:47:09.562+0000] {dag.py:3696} INFO - Setting next_dagrun for example_time_delta_sensor_async to None, run_after=None
[2023-12-14T13:47:09.596+0000] {processor.py:179} INFO - Processing /home/airflow/.local/lib/python3.8/site-packages/airflow/example_dags/example_time_delta_sensor_async.py took 0.088 seconds
[2023-12-14T13:47:39.733+0000] {processor.py:157} INFO - Started process (PID=174) to work on /home/airflow/.local/lib/python3.8/site-packages/airflow/example_dags/example_time_delta_sensor_async.py
[2023-12-14T13:47:39.734+0000] {processor.py:829} INFO - Processing file /home/airflow/.local/lib/python3.8/site-packages/airflow/example_dags/example_time_delta_sensor_async.py for tasks to queue
[2023-12-14T13:47:39.735+0000] {logging_mixin.py:151} INFO - [2023-12-14T13:47:39.735+0000] {dagbag.py:539} INFO - Filling up the DagBag from /home/airflow/.local/lib/python3.8/site-packages/airflow/example_dags/example_time_delta_sensor_async.py
[2023-12-14T13:47:39.742+0000] {processor.py:839} INFO - DAG(s) dict_keys(['example_time_delta_sensor_async']) retrieved from /home/airflow/.local/lib/python3.8/site-packages/airflow/example_dags/example_time_delta_sensor_async.py
[2023-12-14T13:47:39.778+0000] {logging_mixin.py:151} INFO - [2023-12-14T13:47:39.778+0000] {dag.py:2915} INFO - Sync 1 DAGs
[2023-12-14T13:47:39.794+0000] {logging_mixin.py:151} INFO - [2023-12-14T13:47:39.794+0000] {dag.py:3696} INFO - Setting next_dagrun for example_time_delta_sensor_async to None, run_after=None
[2023-12-14T13:47:39.818+0000] {processor.py:179} INFO - Processing /home/airflow/.local/lib/python3.8/site-packages/airflow/example_dags/example_time_delta_sensor_async.py took 0.088 seconds
[2023-12-14T13:48:10.350+0000] {processor.py:157} INFO - Started process (PID=227) to work on /home/airflow/.local/lib/python3.8/site-packages/airflow/example_dags/example_time_delta_sensor_async.py
[2023-12-14T13:48:10.351+0000] {processor.py:829} INFO - Processing file /home/airflow/.local/lib/python3.8/site-packages/airflow/example_dags/example_time_delta_sensor_async.py for tasks to queue
[2023-12-14T13:48:10.353+0000] {logging_mixin.py:151} INFO - [2023-12-14T13:48:10.352+0000] {dagbag.py:539} INFO - Filling up the DagBag from /home/airflow/.local/lib/python3.8/site-packages/airflow/example_dags/example_time_delta_sensor_async.py
[2023-12-14T13:48:10.360+0000] {processor.py:839} INFO - DAG(s) dict_keys(['example_time_delta_sensor_async']) retrieved from /home/airflow/.local/lib/python3.8/site-packages/airflow/example_dags/example_time_delta_sensor_async.py
[2023-12-14T13:48:10.386+0000] {logging_mixin.py:151} INFO - [2023-12-14T13:48:10.386+0000] {dag.py:2915} INFO - Sync 1 DAGs
[2023-12-14T13:48:10.403+0000] {logging_mixin.py:151} INFO - [2023-12-14T13:48:10.403+0000] {dag.py:3696} INFO - Setting next_dagrun for example_time_delta_sensor_async to None, run_after=None
[2023-12-14T13:48:10.429+0000] {processor.py:179} INFO - Processing /home/airflow/.local/lib/python3.8/site-packages/airflow/example_dags/example_time_delta_sensor_async.py took 0.087 seconds
[2023-12-14T13:48:41.246+0000] {processor.py:157} INFO - Started process (PID=281) to work on /home/airflow/.local/lib/python3.8/site-packages/airflow/example_dags/example_time_delta_sensor_async.py
[2023-12-14T13:48:41.249+0000] {processor.py:829} INFO - Processing file /home/airflow/.local/lib/python3.8/site-packages/airflow/example_dags/example_time_delta_sensor_async.py for tasks to queue
[2023-12-14T13:48:41.250+0000] {logging_mixin.py:151} INFO - [2023-12-14T13:48:41.250+0000] {dagbag.py:539} INFO - Filling up the DagBag from /home/airflow/.local/lib/python3.8/site-packages/airflow/example_dags/example_time_delta_sensor_async.py
[2023-12-14T13:48:41.256+0000] {processor.py:839} INFO - DAG(s) dict_keys(['example_time_delta_sensor_async']) retrieved from /home/airflow/.local/lib/python3.8/site-packages/airflow/example_dags/example_time_delta_sensor_async.py
[2023-12-14T13:48:41.280+0000] {logging_mixin.py:151} INFO - [2023-12-14T13:48:41.280+0000] {dag.py:2915} INFO - Sync 1 DAGs
[2023-12-14T13:48:41.294+0000] {logging_mixin.py:151} INFO - [2023-12-14T13:48:41.293+0000] {dag.py:3696} INFO - Setting next_dagrun for example_time_delta_sensor_async to None, run_after=None
[2023-12-14T13:48:41.317+0000] {processor.py:179} INFO - Processing /home/airflow/.local/lib/python3.8/site-packages/airflow/example_dags/example_time_delta_sensor_async.py took 0.075 seconds
[2023-12-14T13:49:11.806+0000] {processor.py:157} INFO - Started process (PID=335) to work on /home/airflow/.local/lib/python3.8/site-packages/airflow/example_dags/example_time_delta_sensor_async.py
[2023-12-14T13:49:11.808+0000] {processor.py:829} INFO - Processing file /home/airflow/.local/lib/python3.8/site-packages/airflow/example_dags/example_time_delta_sensor_async.py for tasks to queue
[2023-12-14T13:49:11.809+0000] {logging_mixin.py:151} INFO - [2023-12-14T13:49:11.809+0000] {dagbag.py:539} INFO - Filling up the DagBag from /home/airflow/.local/lib/python3.8/site-packages/airflow/example_dags/example_time_delta_sensor_async.py
[2023-12-14T13:49:11.814+0000] {processor.py:839} INFO - DAG(s) dict_keys(['example_time_delta_sensor_async']) retrieved from /home/airflow/.local/lib/python3.8/site-packages/airflow/example_dags/example_time_delta_sensor_async.py
[2023-12-14T13:49:11.838+0000] {logging_mixin.py:151} INFO - [2023-12-14T13:49:11.838+0000] {dag.py:2915} INFO - Sync 1 DAGs
[2023-12-14T13:49:11.851+0000] {logging_mixin.py:151} INFO - [2023-12-14T13:49:11.850+0000] {dag.py:3696} INFO - Setting next_dagrun for example_time_delta_sensor_async to None, run_after=None
[2023-12-14T13:49:11.880+0000] {processor.py:179} INFO - Processing /home/airflow/.local/lib/python3.8/site-packages/airflow/example_dags/example_time_delta_sensor_async.py took 0.077 seconds
[2023-12-14T13:49:42.270+0000] {processor.py:157} INFO - Started process (PID=388) to work on /home/airflow/.local/lib/python3.8/site-packages/airflow/example_dags/example_time_delta_sensor_async.py
[2023-12-14T13:49:42.271+0000] {processor.py:829} INFO - Processing file /home/airflow/.local/lib/python3.8/site-packages/airflow/example_dags/example_time_delta_sensor_async.py for tasks to queue
[2023-12-14T13:49:42.273+0000] {logging_mixin.py:151} INFO - [2023-12-14T13:49:42.272+0000] {dagbag.py:539} INFO - Filling up the DagBag from /home/airflow/.local/lib/python3.8/site-packages/airflow/example_dags/example_time_delta_sensor_async.py
[2023-12-14T13:49:42.278+0000] {processor.py:839} INFO - DAG(s) dict_keys(['example_time_delta_sensor_async']) retrieved from /home/airflow/.local/lib/python3.8/site-packages/airflow/example_dags/example_time_delta_sensor_async.py
[2023-12-14T13:49:42.302+0000] {logging_mixin.py:151} INFO - [2023-12-14T13:49:42.302+0000] {dag.py:2915} INFO - Sync 1 DAGs
[2023-12-14T13:49:42.319+0000] {logging_mixin.py:151} INFO - [2023-12-14T13:49:42.319+0000] {dag.py:3696} INFO - Setting next_dagrun for example_time_delta_sensor_async to None, run_after=None
[2023-12-14T13:49:42.350+0000] {processor.py:179} INFO - Processing /home/airflow/.local/lib/python3.8/site-packages/airflow/example_dags/example_time_delta_sensor_async.py took 0.083 seconds
[2023-12-14T13:50:13.198+0000] {processor.py:157} INFO - Started process (PID=443) to work on /home/airflow/.local/lib/python3.8/site-packages/airflow/example_dags/example_time_delta_sensor_async.py
[2023-12-14T13:50:13.200+0000] {processor.py:829} INFO - Processing file /home/airflow/.local/lib/python3.8/site-packages/airflow/example_dags/example_time_delta_sensor_async.py for tasks to queue
[2023-12-14T13:50:13.201+0000] {logging_mixin.py:151} INFO - [2023-12-14T13:50:13.201+0000] {dagbag.py:539} INFO - Filling up the DagBag from /home/airflow/.local/lib/python3.8/site-packages/airflow/example_dags/example_time_delta_sensor_async.py
[2023-12-14T13:50:13.206+0000] {processor.py:839} INFO - DAG(s) dict_keys(['example_time_delta_sensor_async']) retrieved from /home/airflow/.local/lib/python3.8/site-packages/airflow/example_dags/example_time_delta_sensor_async.py
[2023-12-14T13:50:13.229+0000] {logging_mixin.py:151} INFO - [2023-12-14T13:50:13.229+0000] {dag.py:2915} INFO - Sync 1 DAGs
[2023-12-14T13:50:13.241+0000] {logging_mixin.py:151} INFO - [2023-12-14T13:50:13.241+0000] {dag.py:3696} INFO - Setting next_dagrun for example_time_delta_sensor_async to None, run_after=None
[2023-12-14T13:50:13.267+0000] {processor.py:179} INFO - Processing /home/airflow/.local/lib/python3.8/site-packages/airflow/example_dags/example_time_delta_sensor_async.py took 0.071 seconds
[2023-12-14T13:50:43.510+0000] {processor.py:157} INFO - Started process (PID=497) to work on /home/airflow/.local/lib/python3.8/site-packages/airflow/example_dags/example_time_delta_sensor_async.py
[2023-12-14T13:50:43.511+0000] {processor.py:829} INFO - Processing file /home/airflow/.local/lib/python3.8/site-packages/airflow/example_dags/example_time_delta_sensor_async.py for tasks to queue
[2023-12-14T13:50:43.512+0000] {logging_mixin.py:151} INFO - [2023-12-14T13:50:43.512+0000] {dagbag.py:539} INFO - Filling up the DagBag from /home/airflow/.local/lib/python3.8/site-packages/airflow/example_dags/example_time_delta_sensor_async.py
[2023-12-14T13:50:43.518+0000] {processor.py:839} INFO - DAG(s) dict_keys(['example_time_delta_sensor_async']) retrieved from /home/airflow/.local/lib/python3.8/site-packages/airflow/example_dags/example_time_delta_sensor_async.py
[2023-12-14T13:50:43.541+0000] {logging_mixin.py:151} INFO - [2023-12-14T13:50:43.540+0000] {dag.py:2915} INFO - Sync 1 DAGs
[2023-12-14T13:50:43.554+0000] {logging_mixin.py:151} INFO - [2023-12-14T13:50:43.553+0000] {dag.py:3696} INFO - Setting next_dagrun for example_time_delta_sensor_async to None, run_after=None
[2023-12-14T13:50:43.577+0000] {processor.py:179} INFO - Processing /home/airflow/.local/lib/python3.8/site-packages/airflow/example_dags/example_time_delta_sensor_async.py took 0.072 seconds
[2023-12-14T13:51:13.938+0000] {processor.py:157} INFO - Started process (PID=551) to work on /home/airflow/.local/lib/python3.8/site-packages/airflow/example_dags/example_time_delta_sensor_async.py
[2023-12-14T13:51:13.939+0000] {processor.py:829} INFO - Processing file /home/airflow/.local/lib/python3.8/site-packages/airflow/example_dags/example_time_delta_sensor_async.py for tasks to queue
[2023-12-14T13:51:13.940+0000] {logging_mixin.py:151} INFO - [2023-12-14T13:51:13.940+0000] {dagbag.py:539} INFO - Filling up the DagBag from /home/airflow/.local/lib/python3.8/site-packages/airflow/example_dags/example_time_delta_sensor_async.py
[2023-12-14T13:51:13.946+0000] {processor.py:839} INFO - DAG(s) dict_keys(['example_time_delta_sensor_async']) retrieved from /home/airflow/.local/lib/python3.8/site-packages/airflow/example_dags/example_time_delta_sensor_async.py
[2023-12-14T13:51:13.975+0000] {logging_mixin.py:151} INFO - [2023-12-14T13:51:13.975+0000] {dag.py:2915} INFO - Sync 1 DAGs
[2023-12-14T13:51:13.988+0000] {logging_mixin.py:151} INFO - [2023-12-14T13:51:13.988+0000] {dag.py:3696} INFO - Setting next_dagrun for example_time_delta_sensor_async to None, run_after=None
[2023-12-14T13:51:14.012+0000] {processor.py:179} INFO - Processing /home/airflow/.local/lib/python3.8/site-packages/airflow/example_dags/example_time_delta_sensor_async.py took 0.077 seconds
[2023-12-14T13:51:44.576+0000] {processor.py:157} INFO - Started process (PID=605) to work on /home/airflow/.local/lib/python3.8/site-packages/airflow/example_dags/example_time_delta_sensor_async.py
[2023-12-14T13:51:44.577+0000] {processor.py:829} INFO - Processing file /home/airflow/.local/lib/python3.8/site-packages/airflow/example_dags/example_time_delta_sensor_async.py for tasks to queue
[2023-12-14T13:51:44.578+0000] {logging_mixin.py:151} INFO - [2023-12-14T13:51:44.578+0000] {dagbag.py:539} INFO - Filling up the DagBag from /home/airflow/.local/lib/python3.8/site-packages/airflow/example_dags/example_time_delta_sensor_async.py
[2023-12-14T13:51:44.584+0000] {processor.py:839} INFO - DAG(s) dict_keys(['example_time_delta_sensor_async']) retrieved from /home/airflow/.local/lib/python3.8/site-packages/airflow/example_dags/example_time_delta_sensor_async.py
[2023-12-14T13:51:44.609+0000] {logging_mixin.py:151} INFO - [2023-12-14T13:51:44.609+0000] {dag.py:2915} INFO - Sync 1 DAGs
[2023-12-14T13:51:44.622+0000] {logging_mixin.py:151} INFO - [2023-12-14T13:51:44.622+0000] {dag.py:3696} INFO - Setting next_dagrun for example_time_delta_sensor_async to None, run_after=None
[2023-12-14T13:51:44.644+0000] {processor.py:179} INFO - Processing /home/airflow/.local/lib/python3.8/site-packages/airflow/example_dags/example_time_delta_sensor_async.py took 0.071 seconds
[2023-12-14T13:52:15.014+0000] {processor.py:157} INFO - Started process (PID=659) to work on /home/airflow/.local/lib/python3.8/site-packages/airflow/example_dags/example_time_delta_sensor_async.py
[2023-12-14T13:52:15.016+0000] {processor.py:829} INFO - Processing file /home/airflow/.local/lib/python3.8/site-packages/airflow/example_dags/example_time_delta_sensor_async.py for tasks to queue
[2023-12-14T13:52:15.017+0000] {logging_mixin.py:151} INFO - [2023-12-14T13:52:15.017+0000] {dagbag.py:539} INFO - Filling up the DagBag from /home/airflow/.local/lib/python3.8/site-packages/airflow/example_dags/example_time_delta_sensor_async.py
[2023-12-14T13:52:15.024+0000] {processor.py:839} INFO - DAG(s) dict_keys(['example_time_delta_sensor_async']) retrieved from /home/airflow/.local/lib/python3.8/site-packages/airflow/example_dags/example_time_delta_sensor_async.py
[2023-12-14T13:52:15.051+0000] {logging_mixin.py:151} INFO - [2023-12-14T13:52:15.051+0000] {dag.py:2915} INFO - Sync 1 DAGs
[2023-12-14T13:52:15.066+0000] {logging_mixin.py:151} INFO - [2023-12-14T13:52:15.066+0000] {dag.py:3696} INFO - Setting next_dagrun for example_time_delta_sensor_async to None, run_after=None
[2023-12-14T13:52:15.091+0000] {processor.py:179} INFO - Processing /home/airflow/.local/lib/python3.8/site-packages/airflow/example_dags/example_time_delta_sensor_async.py took 0.080 seconds
[2023-12-14T13:52:45.576+0000] {processor.py:157} INFO - Started process (PID=713) to work on /home/airflow/.local/lib/python3.8/site-packages/airflow/example_dags/example_time_delta_sensor_async.py
[2023-12-14T13:52:45.577+0000] {processor.py:829} INFO - Processing file /home/airflow/.local/lib/python3.8/site-packages/airflow/example_dags/example_time_delta_sensor_async.py for tasks to queue
[2023-12-14T13:52:45.578+0000] {logging_mixin.py:151} INFO - [2023-12-14T13:52:45.577+0000] {dagbag.py:539} INFO - Filling up the DagBag from /home/airflow/.local/lib/python3.8/site-packages/airflow/example_dags/example_time_delta_sensor_async.py
[2023-12-14T13:52:45.583+0000] {processor.py:839} INFO - DAG(s) dict_keys(['example_time_delta_sensor_async']) retrieved from /home/airflow/.local/lib/python3.8/site-packages/airflow/example_dags/example_time_delta_sensor_async.py
[2023-12-14T13:52:45.609+0000] {logging_mixin.py:151} INFO - [2023-12-14T13:52:45.609+0000] {dag.py:2915} INFO - Sync 1 DAGs
[2023-12-14T13:52:45.622+0000] {logging_mixin.py:151} INFO - [2023-12-14T13:52:45.622+0000] {dag.py:3696} INFO - Setting next_dagrun for example_time_delta_sensor_async to None, run_after=None
[2023-12-14T13:52:45.648+0000] {processor.py:179} INFO - Processing /home/airflow/.local/lib/python3.8/site-packages/airflow/example_dags/example_time_delta_sensor_async.py took 0.076 seconds
[2023-12-14T13:53:16.214+0000] {processor.py:157} INFO - Started process (PID=774) to work on /home/airflow/.local/lib/python3.8/site-packages/airflow/example_dags/example_time_delta_sensor_async.py
[2023-12-14T13:53:16.215+0000] {processor.py:829} INFO - Processing file /home/airflow/.local/lib/python3.8/site-packages/airflow/example_dags/example_time_delta_sensor_async.py for tasks to queue
[2023-12-14T13:53:16.217+0000] {logging_mixin.py:151} INFO - [2023-12-14T13:53:16.217+0000] {dagbag.py:539} INFO - Filling up the DagBag from /home/airflow/.local/lib/python3.8/site-packages/airflow/example_dags/example_time_delta_sensor_async.py
[2023-12-14T13:53:16.226+0000] {processor.py:839} INFO - DAG(s) dict_keys(['example_time_delta_sensor_async']) retrieved from /home/airflow/.local/lib/python3.8/site-packages/airflow/example_dags/example_time_delta_sensor_async.py
[2023-12-14T13:53:16.254+0000] {logging_mixin.py:151} INFO - [2023-12-14T13:53:16.254+0000] {dag.py:2915} INFO - Sync 1 DAGs
[2023-12-14T13:53:16.267+0000] {logging_mixin.py:151} INFO - [2023-12-14T13:53:16.267+0000] {dag.py:3696} INFO - Setting next_dagrun for example_time_delta_sensor_async to None, run_after=None
[2023-12-14T13:53:16.292+0000] {processor.py:179} INFO - Processing /home/airflow/.local/lib/python3.8/site-packages/airflow/example_dags/example_time_delta_sensor_async.py took 0.083 seconds
[2023-12-14T13:53:47.079+0000] {processor.py:157} INFO - Started process (PID=828) to work on /home/airflow/.local/lib/python3.8/site-packages/airflow/example_dags/example_time_delta_sensor_async.py
[2023-12-14T13:53:47.080+0000] {processor.py:829} INFO - Processing file /home/airflow/.local/lib/python3.8/site-packages/airflow/example_dags/example_time_delta_sensor_async.py for tasks to queue
[2023-12-14T13:53:47.083+0000] {logging_mixin.py:151} INFO - [2023-12-14T13:53:47.082+0000] {dagbag.py:539} INFO - Filling up the DagBag from /home/airflow/.local/lib/python3.8/site-packages/airflow/example_dags/example_time_delta_sensor_async.py
[2023-12-14T13:53:47.090+0000] {processor.py:839} INFO - DAG(s) dict_keys(['example_time_delta_sensor_async']) retrieved from /home/airflow/.local/lib/python3.8/site-packages/airflow/example_dags/example_time_delta_sensor_async.py
[2023-12-14T13:53:47.128+0000] {logging_mixin.py:151} INFO - [2023-12-14T13:53:47.128+0000] {dag.py:2915} INFO - Sync 1 DAGs
[2023-12-14T13:53:47.152+0000] {logging_mixin.py:151} INFO - [2023-12-14T13:53:47.152+0000] {dag.py:3696} INFO - Setting next_dagrun for example_time_delta_sensor_async to None, run_after=None
[2023-12-14T13:53:47.183+0000] {processor.py:179} INFO - Processing /home/airflow/.local/lib/python3.8/site-packages/airflow/example_dags/example_time_delta_sensor_async.py took 0.109 seconds
[2023-12-14T13:54:18.522+0000] {processor.py:157} INFO - Started process (PID=882) to work on /home/airflow/.local/lib/python3.8/site-packages/airflow/example_dags/example_time_delta_sensor_async.py
[2023-12-14T13:54:18.525+0000] {processor.py:829} INFO - Processing file /home/airflow/.local/lib/python3.8/site-packages/airflow/example_dags/example_time_delta_sensor_async.py for tasks to queue
[2023-12-14T13:54:18.526+0000] {logging_mixin.py:151} INFO - [2023-12-14T13:54:18.526+0000] {dagbag.py:539} INFO - Filling up the DagBag from /home/airflow/.local/lib/python3.8/site-packages/airflow/example_dags/example_time_delta_sensor_async.py
[2023-12-14T13:54:18.535+0000] {processor.py:839} INFO - DAG(s) dict_keys(['example_time_delta_sensor_async']) retrieved from /home/airflow/.local/lib/python3.8/site-packages/airflow/example_dags/example_time_delta_sensor_async.py
[2023-12-14T13:54:18.571+0000] {logging_mixin.py:151} INFO - [2023-12-14T13:54:18.571+0000] {dag.py:2915} INFO - Sync 1 DAGs
[2023-12-14T13:54:18.592+0000] {logging_mixin.py:151} INFO - [2023-12-14T13:54:18.592+0000] {dag.py:3696} INFO - Setting next_dagrun for example_time_delta_sensor_async to None, run_after=None
[2023-12-14T13:54:18.657+0000] {processor.py:179} INFO - Processing /home/airflow/.local/lib/python3.8/site-packages/airflow/example_dags/example_time_delta_sensor_async.py took 0.142 seconds
[2023-12-14T13:54:48.843+0000] {processor.py:157} INFO - Started process (PID=936) to work on /home/airflow/.local/lib/python3.8/site-packages/airflow/example_dags/example_time_delta_sensor_async.py
[2023-12-14T13:54:48.844+0000] {processor.py:829} INFO - Processing file /home/airflow/.local/lib/python3.8/site-packages/airflow/example_dags/example_time_delta_sensor_async.py for tasks to queue
[2023-12-14T13:54:48.846+0000] {logging_mixin.py:151} INFO - [2023-12-14T13:54:48.845+0000] {dagbag.py:539} INFO - Filling up the DagBag from /home/airflow/.local/lib/python3.8/site-packages/airflow/example_dags/example_time_delta_sensor_async.py
[2023-12-14T13:54:48.851+0000] {processor.py:839} INFO - DAG(s) dict_keys(['example_time_delta_sensor_async']) retrieved from /home/airflow/.local/lib/python3.8/site-packages/airflow/example_dags/example_time_delta_sensor_async.py
[2023-12-14T13:54:48.887+0000] {logging_mixin.py:151} INFO - [2023-12-14T13:54:48.887+0000] {dag.py:2915} INFO - Sync 1 DAGs
[2023-12-14T13:54:48.906+0000] {logging_mixin.py:151} INFO - [2023-12-14T13:54:48.905+0000] {dag.py:3696} INFO - Setting next_dagrun for example_time_delta_sensor_async to None, run_after=None
[2023-12-14T13:54:48.992+0000] {processor.py:179} INFO - Processing /home/airflow/.local/lib/python3.8/site-packages/airflow/example_dags/example_time_delta_sensor_async.py took 0.153 seconds
[2023-12-14T13:55:19.887+0000] {processor.py:157} INFO - Started process (PID=990) to work on /home/airflow/.local/lib/python3.8/site-packages/airflow/example_dags/example_time_delta_sensor_async.py
[2023-12-14T13:55:19.888+0000] {processor.py:829} INFO - Processing file /home/airflow/.local/lib/python3.8/site-packages/airflow/example_dags/example_time_delta_sensor_async.py for tasks to queue
[2023-12-14T13:55:19.889+0000] {logging_mixin.py:151} INFO - [2023-12-14T13:55:19.889+0000] {dagbag.py:539} INFO - Filling up the DagBag from /home/airflow/.local/lib/python3.8/site-packages/airflow/example_dags/example_time_delta_sensor_async.py
[2023-12-14T13:55:19.897+0000] {processor.py:839} INFO - DAG(s) dict_keys(['example_time_delta_sensor_async']) retrieved from /home/airflow/.local/lib/python3.8/site-packages/airflow/example_dags/example_time_delta_sensor_async.py
[2023-12-14T13:55:19.923+0000] {logging_mixin.py:151} INFO - [2023-12-14T13:55:19.923+0000] {dag.py:2915} INFO - Sync 1 DAGs
[2023-12-14T13:55:19.937+0000] {logging_mixin.py:151} INFO - [2023-12-14T13:55:19.937+0000] {dag.py:3696} INFO - Setting next_dagrun for example_time_delta_sensor_async to None, run_after=None
[2023-12-14T13:55:19.963+0000] {processor.py:179} INFO - Processing /home/airflow/.local/lib/python3.8/site-packages/airflow/example_dags/example_time_delta_sensor_async.py took 0.081 seconds
[2023-12-14T13:55:50.145+0000] {processor.py:157} INFO - Started process (PID=1044) to work on /home/airflow/.local/lib/python3.8/site-packages/airflow/example_dags/example_time_delta_sensor_async.py
[2023-12-14T13:55:50.146+0000] {processor.py:829} INFO - Processing file /home/airflow/.local/lib/python3.8/site-packages/airflow/example_dags/example_time_delta_sensor_async.py for tasks to queue
[2023-12-14T13:55:50.147+0000] {logging_mixin.py:151} INFO - [2023-12-14T13:55:50.147+0000] {dagbag.py:539} INFO - Filling up the DagBag from /home/airflow/.local/lib/python3.8/site-packages/airflow/example_dags/example_time_delta_sensor_async.py
[2023-12-14T13:55:50.153+0000] {processor.py:839} INFO - DAG(s) dict_keys(['example_time_delta_sensor_async']) retrieved from /home/airflow/.local/lib/python3.8/site-packages/airflow/example_dags/example_time_delta_sensor_async.py
[2023-12-14T13:55:50.177+0000] {logging_mixin.py:151} INFO - [2023-12-14T13:55:50.176+0000] {dag.py:2915} INFO - Sync 1 DAGs
[2023-12-14T13:55:50.190+0000] {logging_mixin.py:151} INFO - [2023-12-14T13:55:50.190+0000] {dag.py:3696} INFO - Setting next_dagrun for example_time_delta_sensor_async to None, run_after=None
[2023-12-14T13:55:50.217+0000] {processor.py:179} INFO - Processing /home/airflow/.local/lib/python3.8/site-packages/airflow/example_dags/example_time_delta_sensor_async.py took 0.075 seconds
[2023-12-14T13:56:20.370+0000] {processor.py:157} INFO - Started process (PID=1098) to work on /home/airflow/.local/lib/python3.8/site-packages/airflow/example_dags/example_time_delta_sensor_async.py
[2023-12-14T13:56:20.371+0000] {processor.py:829} INFO - Processing file /home/airflow/.local/lib/python3.8/site-packages/airflow/example_dags/example_time_delta_sensor_async.py for tasks to queue
[2023-12-14T13:56:20.373+0000] {logging_mixin.py:151} INFO - [2023-12-14T13:56:20.373+0000] {dagbag.py:539} INFO - Filling up the DagBag from /home/airflow/.local/lib/python3.8/site-packages/airflow/example_dags/example_time_delta_sensor_async.py
[2023-12-14T13:56:20.383+0000] {processor.py:839} INFO - DAG(s) dict_keys(['example_time_delta_sensor_async']) retrieved from /home/airflow/.local/lib/python3.8/site-packages/airflow/example_dags/example_time_delta_sensor_async.py
[2023-12-14T13:56:20.453+0000] {logging_mixin.py:151} INFO - [2023-12-14T13:56:20.453+0000] {dag.py:2915} INFO - Sync 1 DAGs
[2023-12-14T13:56:20.498+0000] {logging_mixin.py:151} INFO - [2023-12-14T13:56:20.498+0000] {dag.py:3696} INFO - Setting next_dagrun for example_time_delta_sensor_async to None, run_after=None
[2023-12-14T13:56:20.562+0000] {processor.py:179} INFO - Processing /home/airflow/.local/lib/python3.8/site-packages/airflow/example_dags/example_time_delta_sensor_async.py took 0.200 seconds
[2023-12-14T13:56:50.641+0000] {processor.py:157} INFO - Started process (PID=1151) to work on /home/airflow/.local/lib/python3.8/site-packages/airflow/example_dags/example_time_delta_sensor_async.py
[2023-12-14T13:56:50.642+0000] {processor.py:829} INFO - Processing file /home/airflow/.local/lib/python3.8/site-packages/airflow/example_dags/example_time_delta_sensor_async.py for tasks to queue
[2023-12-14T13:56:50.643+0000] {logging_mixin.py:151} INFO - [2023-12-14T13:56:50.643+0000] {dagbag.py:539} INFO - Filling up the DagBag from /home/airflow/.local/lib/python3.8/site-packages/airflow/example_dags/example_time_delta_sensor_async.py
[2023-12-14T13:56:50.650+0000] {processor.py:839} INFO - DAG(s) dict_keys(['example_time_delta_sensor_async']) retrieved from /home/airflow/.local/lib/python3.8/site-packages/airflow/example_dags/example_time_delta_sensor_async.py
[2023-12-14T13:56:50.680+0000] {logging_mixin.py:151} INFO - [2023-12-14T13:56:50.680+0000] {dag.py:2915} INFO - Sync 1 DAGs
[2023-12-14T13:56:50.693+0000] {logging_mixin.py:151} INFO - [2023-12-14T13:56:50.692+0000] {dag.py:3696} INFO - Setting next_dagrun for example_time_delta_sensor_async to None, run_after=None
[2023-12-14T13:56:50.742+0000] {processor.py:179} INFO - Processing /home/airflow/.local/lib/python3.8/site-packages/airflow/example_dags/example_time_delta_sensor_async.py took 0.105 seconds
[2023-12-14T13:57:21.412+0000] {processor.py:157} INFO - Started process (PID=1205) to work on /home/airflow/.local/lib/python3.8/site-packages/airflow/example_dags/example_time_delta_sensor_async.py
[2023-12-14T13:57:21.413+0000] {processor.py:829} INFO - Processing file /home/airflow/.local/lib/python3.8/site-packages/airflow/example_dags/example_time_delta_sensor_async.py for tasks to queue
[2023-12-14T13:57:21.414+0000] {logging_mixin.py:151} INFO - [2023-12-14T13:57:21.414+0000] {dagbag.py:539} INFO - Filling up the DagBag from /home/airflow/.local/lib/python3.8/site-packages/airflow/example_dags/example_time_delta_sensor_async.py
[2023-12-14T13:57:21.420+0000] {processor.py:839} INFO - DAG(s) dict_keys(['example_time_delta_sensor_async']) retrieved from /home/airflow/.local/lib/python3.8/site-packages/airflow/example_dags/example_time_delta_sensor_async.py
[2023-12-14T13:57:21.446+0000] {logging_mixin.py:151} INFO - [2023-12-14T13:57:21.445+0000] {dag.py:2915} INFO - Sync 1 DAGs
[2023-12-14T13:57:21.458+0000] {logging_mixin.py:151} INFO - [2023-12-14T13:57:21.458+0000] {dag.py:3696} INFO - Setting next_dagrun for example_time_delta_sensor_async to None, run_after=None
[2023-12-14T13:57:21.488+0000] {processor.py:179} INFO - Processing /home/airflow/.local/lib/python3.8/site-packages/airflow/example_dags/example_time_delta_sensor_async.py took 0.079 seconds
[2023-12-14T13:57:51.715+0000] {processor.py:157} INFO - Started process (PID=1259) to work on /home/airflow/.local/lib/python3.8/site-packages/airflow/example_dags/example_time_delta_sensor_async.py
[2023-12-14T13:57:51.716+0000] {processor.py:829} INFO - Processing file /home/airflow/.local/lib/python3.8/site-packages/airflow/example_dags/example_time_delta_sensor_async.py for tasks to queue
[2023-12-14T13:57:51.717+0000] {logging_mixin.py:151} INFO - [2023-12-14T13:57:51.717+0000] {dagbag.py:539} INFO - Filling up the DagBag from /home/airflow/.local/lib/python3.8/site-packages/airflow/example_dags/example_time_delta_sensor_async.py
[2023-12-14T13:57:51.726+0000] {processor.py:839} INFO - DAG(s) dict_keys(['example_time_delta_sensor_async']) retrieved from /home/airflow/.local/lib/python3.8/site-packages/airflow/example_dags/example_time_delta_sensor_async.py
[2023-12-14T13:57:51.754+0000] {logging_mixin.py:151} INFO - [2023-12-14T13:57:51.754+0000] {dag.py:2915} INFO - Sync 1 DAGs
[2023-12-14T13:57:51.769+0000] {logging_mixin.py:151} INFO - [2023-12-14T13:57:51.769+0000] {dag.py:3696} INFO - Setting next_dagrun for example_time_delta_sensor_async to None, run_after=None
[2023-12-14T13:57:51.791+0000] {processor.py:179} INFO - Processing /home/airflow/.local/lib/python3.8/site-packages/airflow/example_dags/example_time_delta_sensor_async.py took 0.081 seconds
[2023-12-14T13:58:22.085+0000] {processor.py:157} INFO - Started process (PID=1313) to work on /home/airflow/.local/lib/python3.8/site-packages/airflow/example_dags/example_time_delta_sensor_async.py
[2023-12-14T13:58:22.086+0000] {processor.py:829} INFO - Processing file /home/airflow/.local/lib/python3.8/site-packages/airflow/example_dags/example_time_delta_sensor_async.py for tasks to queue
[2023-12-14T13:58:22.088+0000] {logging_mixin.py:151} INFO - [2023-12-14T13:58:22.087+0000] {dagbag.py:539} INFO - Filling up the DagBag from /home/airflow/.local/lib/python3.8/site-packages/airflow/example_dags/example_time_delta_sensor_async.py
[2023-12-14T13:58:22.093+0000] {processor.py:839} INFO - DAG(s) dict_keys(['example_time_delta_sensor_async']) retrieved from /home/airflow/.local/lib/python3.8/site-packages/airflow/example_dags/example_time_delta_sensor_async.py
[2023-12-14T13:58:22.117+0000] {logging_mixin.py:151} INFO - [2023-12-14T13:58:22.116+0000] {dag.py:2915} INFO - Sync 1 DAGs
[2023-12-14T13:58:22.130+0000] {logging_mixin.py:151} INFO - [2023-12-14T13:58:22.130+0000] {dag.py:3696} INFO - Setting next_dagrun for example_time_delta_sensor_async to None, run_after=None
[2023-12-14T13:58:22.154+0000] {processor.py:179} INFO - Processing /home/airflow/.local/lib/python3.8/site-packages/airflow/example_dags/example_time_delta_sensor_async.py took 0.074 seconds
[2023-12-14T13:58:52.929+0000] {processor.py:157} INFO - Started process (PID=1367) to work on /home/airflow/.local/lib/python3.8/site-packages/airflow/example_dags/example_time_delta_sensor_async.py
[2023-12-14T13:58:52.930+0000] {processor.py:829} INFO - Processing file /home/airflow/.local/lib/python3.8/site-packages/airflow/example_dags/example_time_delta_sensor_async.py for tasks to queue
[2023-12-14T13:58:52.935+0000] {logging_mixin.py:151} INFO - [2023-12-14T13:58:52.934+0000] {dagbag.py:539} INFO - Filling up the DagBag from /home/airflow/.local/lib/python3.8/site-packages/airflow/example_dags/example_time_delta_sensor_async.py
[2023-12-14T13:58:52.941+0000] {processor.py:839} INFO - DAG(s) dict_keys(['example_time_delta_sensor_async']) retrieved from /home/airflow/.local/lib/python3.8/site-packages/airflow/example_dags/example_time_delta_sensor_async.py
[2023-12-14T13:58:52.969+0000] {logging_mixin.py:151} INFO - [2023-12-14T13:58:52.969+0000] {dag.py:2915} INFO - Sync 1 DAGs
[2023-12-14T13:58:52.984+0000] {logging_mixin.py:151} INFO - [2023-12-14T13:58:52.984+0000] {dag.py:3696} INFO - Setting next_dagrun for example_time_delta_sensor_async to None, run_after=None
[2023-12-14T13:58:53.010+0000] {processor.py:179} INFO - Processing /home/airflow/.local/lib/python3.8/site-packages/airflow/example_dags/example_time_delta_sensor_async.py took 0.085 seconds
[2023-12-14T13:59:23.383+0000] {processor.py:157} INFO - Started process (PID=1421) to work on /home/airflow/.local/lib/python3.8/site-packages/airflow/example_dags/example_time_delta_sensor_async.py
[2023-12-14T13:59:23.384+0000] {processor.py:829} INFO - Processing file /home/airflow/.local/lib/python3.8/site-packages/airflow/example_dags/example_time_delta_sensor_async.py for tasks to queue
[2023-12-14T13:59:23.386+0000] {logging_mixin.py:151} INFO - [2023-12-14T13:59:23.385+0000] {dagbag.py:539} INFO - Filling up the DagBag from /home/airflow/.local/lib/python3.8/site-packages/airflow/example_dags/example_time_delta_sensor_async.py
[2023-12-14T13:59:23.390+0000] {processor.py:839} INFO - DAG(s) dict_keys(['example_time_delta_sensor_async']) retrieved from /home/airflow/.local/lib/python3.8/site-packages/airflow/example_dags/example_time_delta_sensor_async.py
[2023-12-14T13:59:23.412+0000] {logging_mixin.py:151} INFO - [2023-12-14T13:59:23.412+0000] {dag.py:2915} INFO - Sync 1 DAGs
[2023-12-14T13:59:23.425+0000] {logging_mixin.py:151} INFO - [2023-12-14T13:59:23.425+0000] {dag.py:3696} INFO - Setting next_dagrun for example_time_delta_sensor_async to None, run_after=None
[2023-12-14T13:59:23.451+0000] {processor.py:179} INFO - Processing /home/airflow/.local/lib/python3.8/site-packages/airflow/example_dags/example_time_delta_sensor_async.py took 0.071 seconds
[2023-12-14T13:59:54.067+0000] {processor.py:157} INFO - Started process (PID=1475) to work on /home/airflow/.local/lib/python3.8/site-packages/airflow/example_dags/example_time_delta_sensor_async.py
[2023-12-14T13:59:54.068+0000] {processor.py:829} INFO - Processing file /home/airflow/.local/lib/python3.8/site-packages/airflow/example_dags/example_time_delta_sensor_async.py for tasks to queue
[2023-12-14T13:59:54.069+0000] {logging_mixin.py:151} INFO - [2023-12-14T13:59:54.069+0000] {dagbag.py:539} INFO - Filling up the DagBag from /home/airflow/.local/lib/python3.8/site-packages/airflow/example_dags/example_time_delta_sensor_async.py
[2023-12-14T13:59:54.075+0000] {processor.py:839} INFO - DAG(s) dict_keys(['example_time_delta_sensor_async']) retrieved from /home/airflow/.local/lib/python3.8/site-packages/airflow/example_dags/example_time_delta_sensor_async.py
[2023-12-14T13:59:54.106+0000] {logging_mixin.py:151} INFO - [2023-12-14T13:59:54.106+0000] {dag.py:2915} INFO - Sync 1 DAGs
[2023-12-14T13:59:54.119+0000] {logging_mixin.py:151} INFO - [2023-12-14T13:59:54.119+0000] {dag.py:3696} INFO - Setting next_dagrun for example_time_delta_sensor_async to None, run_after=None
[2023-12-14T13:59:54.145+0000] {processor.py:179} INFO - Processing /home/airflow/.local/lib/python3.8/site-packages/airflow/example_dags/example_time_delta_sensor_async.py took 0.082 seconds
[2023-12-14T14:00:24.431+0000] {processor.py:157} INFO - Started process (PID=1529) to work on /home/airflow/.local/lib/python3.8/site-packages/airflow/example_dags/example_time_delta_sensor_async.py
[2023-12-14T14:00:24.432+0000] {processor.py:829} INFO - Processing file /home/airflow/.local/lib/python3.8/site-packages/airflow/example_dags/example_time_delta_sensor_async.py for tasks to queue
[2023-12-14T14:00:24.433+0000] {logging_mixin.py:151} INFO - [2023-12-14T14:00:24.433+0000] {dagbag.py:539} INFO - Filling up the DagBag from /home/airflow/.local/lib/python3.8/site-packages/airflow/example_dags/example_time_delta_sensor_async.py
[2023-12-14T14:00:24.439+0000] {processor.py:839} INFO - DAG(s) dict_keys(['example_time_delta_sensor_async']) retrieved from /home/airflow/.local/lib/python3.8/site-packages/airflow/example_dags/example_time_delta_sensor_async.py
[2023-12-14T14:00:24.465+0000] {logging_mixin.py:151} INFO - [2023-12-14T14:00:24.465+0000] {dag.py:2915} INFO - Sync 1 DAGs
[2023-12-14T14:00:24.483+0000] {logging_mixin.py:151} INFO - [2023-12-14T14:00:24.483+0000] {dag.py:3696} INFO - Setting next_dagrun for example_time_delta_sensor_async to None, run_after=None
[2023-12-14T14:00:24.512+0000] {processor.py:179} INFO - Processing /home/airflow/.local/lib/python3.8/site-packages/airflow/example_dags/example_time_delta_sensor_async.py took 0.085 seconds
[2023-12-14T14:00:54.830+0000] {processor.py:157} INFO - Started process (PID=1583) to work on /home/airflow/.local/lib/python3.8/site-packages/airflow/example_dags/example_time_delta_sensor_async.py
[2023-12-14T14:00:54.831+0000] {processor.py:829} INFO - Processing file /home/airflow/.local/lib/python3.8/site-packages/airflow/example_dags/example_time_delta_sensor_async.py for tasks to queue
[2023-12-14T14:00:54.832+0000] {logging_mixin.py:151} INFO - [2023-12-14T14:00:54.832+0000] {dagbag.py:539} INFO - Filling up the DagBag from /home/airflow/.local/lib/python3.8/site-packages/airflow/example_dags/example_time_delta_sensor_async.py
[2023-12-14T14:00:54.837+0000] {processor.py:839} INFO - DAG(s) dict_keys(['example_time_delta_sensor_async']) retrieved from /home/airflow/.local/lib/python3.8/site-packages/airflow/example_dags/example_time_delta_sensor_async.py
[2023-12-14T14:00:54.861+0000] {logging_mixin.py:151} INFO - [2023-12-14T14:00:54.860+0000] {dag.py:2915} INFO - Sync 1 DAGs
[2023-12-14T14:00:54.873+0000] {logging_mixin.py:151} INFO - [2023-12-14T14:00:54.873+0000] {dag.py:3696} INFO - Setting next_dagrun for example_time_delta_sensor_async to None, run_after=None
[2023-12-14T14:00:54.902+0000] {processor.py:179} INFO - Processing /home/airflow/.local/lib/python3.8/site-packages/airflow/example_dags/example_time_delta_sensor_async.py took 0.075 seconds
[2023-12-14T14:01:25.352+0000] {processor.py:157} INFO - Started process (PID=1637) to work on /home/airflow/.local/lib/python3.8/site-packages/airflow/example_dags/example_time_delta_sensor_async.py
[2023-12-14T14:01:25.353+0000] {processor.py:829} INFO - Processing file /home/airflow/.local/lib/python3.8/site-packages/airflow/example_dags/example_time_delta_sensor_async.py for tasks to queue
[2023-12-14T14:01:25.354+0000] {logging_mixin.py:151} INFO - [2023-12-14T14:01:25.354+0000] {dagbag.py:539} INFO - Filling up the DagBag from /home/airflow/.local/lib/python3.8/site-packages/airflow/example_dags/example_time_delta_sensor_async.py
[2023-12-14T14:01:25.358+0000] {processor.py:839} INFO - DAG(s) dict_keys(['example_time_delta_sensor_async']) retrieved from /home/airflow/.local/lib/python3.8/site-packages/airflow/example_dags/example_time_delta_sensor_async.py
[2023-12-14T14:01:25.380+0000] {logging_mixin.py:151} INFO - [2023-12-14T14:01:25.380+0000] {dag.py:2915} INFO - Sync 1 DAGs
[2023-12-14T14:01:25.392+0000] {logging_mixin.py:151} INFO - [2023-12-14T14:01:25.392+0000] {dag.py:3696} INFO - Setting next_dagrun for example_time_delta_sensor_async to None, run_after=None
[2023-12-14T14:01:25.417+0000] {processor.py:179} INFO - Processing /home/airflow/.local/lib/python3.8/site-packages/airflow/example_dags/example_time_delta_sensor_async.py took 0.069 seconds
[2023-12-14T14:01:55.710+0000] {processor.py:157} INFO - Started process (PID=1691) to work on /home/airflow/.local/lib/python3.8/site-packages/airflow/example_dags/example_time_delta_sensor_async.py
[2023-12-14T14:01:55.711+0000] {processor.py:829} INFO - Processing file /home/airflow/.local/lib/python3.8/site-packages/airflow/example_dags/example_time_delta_sensor_async.py for tasks to queue
[2023-12-14T14:01:55.712+0000] {logging_mixin.py:151} INFO - [2023-12-14T14:01:55.711+0000] {dagbag.py:539} INFO - Filling up the DagBag from /home/airflow/.local/lib/python3.8/site-packages/airflow/example_dags/example_time_delta_sensor_async.py
[2023-12-14T14:01:55.717+0000] {processor.py:839} INFO - DAG(s) dict_keys(['example_time_delta_sensor_async']) retrieved from /home/airflow/.local/lib/python3.8/site-packages/airflow/example_dags/example_time_delta_sensor_async.py
[2023-12-14T14:01:55.741+0000] {logging_mixin.py:151} INFO - [2023-12-14T14:01:55.741+0000] {dag.py:2915} INFO - Sync 1 DAGs
[2023-12-14T14:01:55.754+0000] {logging_mixin.py:151} INFO - [2023-12-14T14:01:55.754+0000] {dag.py:3696} INFO - Setting next_dagrun for example_time_delta_sensor_async to None, run_after=None
[2023-12-14T14:01:55.777+0000] {processor.py:179} INFO - Processing /home/airflow/.local/lib/python3.8/site-packages/airflow/example_dags/example_time_delta_sensor_async.py took 0.070 seconds
[2023-12-14T14:02:26.136+0000] {processor.py:157} INFO - Started process (PID=1745) to work on /home/airflow/.local/lib/python3.8/site-packages/airflow/example_dags/example_time_delta_sensor_async.py
[2023-12-14T14:02:26.137+0000] {processor.py:829} INFO - Processing file /home/airflow/.local/lib/python3.8/site-packages/airflow/example_dags/example_time_delta_sensor_async.py for tasks to queue
[2023-12-14T14:02:26.138+0000] {logging_mixin.py:151} INFO - [2023-12-14T14:02:26.138+0000] {dagbag.py:539} INFO - Filling up the DagBag from /home/airflow/.local/lib/python3.8/site-packages/airflow/example_dags/example_time_delta_sensor_async.py
[2023-12-14T14:02:26.143+0000] {processor.py:839} INFO - DAG(s) dict_keys(['example_time_delta_sensor_async']) retrieved from /home/airflow/.local/lib/python3.8/site-packages/airflow/example_dags/example_time_delta_sensor_async.py
[2023-12-14T14:02:26.168+0000] {logging_mixin.py:151} INFO - [2023-12-14T14:02:26.168+0000] {dag.py:2915} INFO - Sync 1 DAGs
[2023-12-14T14:02:26.180+0000] {logging_mixin.py:151} INFO - [2023-12-14T14:02:26.179+0000] {dag.py:3696} INFO - Setting next_dagrun for example_time_delta_sensor_async to None, run_after=None
[2023-12-14T14:02:26.205+0000] {processor.py:179} INFO - Processing /home/airflow/.local/lib/python3.8/site-packages/airflow/example_dags/example_time_delta_sensor_async.py took 0.073 seconds
[2023-12-14T14:02:56.460+0000] {processor.py:157} INFO - Started process (PID=1799) to work on /home/airflow/.local/lib/python3.8/site-packages/airflow/example_dags/example_time_delta_sensor_async.py
[2023-12-14T14:02:56.461+0000] {processor.py:829} INFO - Processing file /home/airflow/.local/lib/python3.8/site-packages/airflow/example_dags/example_time_delta_sensor_async.py for tasks to queue
[2023-12-14T14:02:56.462+0000] {logging_mixin.py:151} INFO - [2023-12-14T14:02:56.462+0000] {dagbag.py:539} INFO - Filling up the DagBag from /home/airflow/.local/lib/python3.8/site-packages/airflow/example_dags/example_time_delta_sensor_async.py
[2023-12-14T14:02:56.469+0000] {processor.py:839} INFO - DAG(s) dict_keys(['example_time_delta_sensor_async']) retrieved from /home/airflow/.local/lib/python3.8/site-packages/airflow/example_dags/example_time_delta_sensor_async.py
[2023-12-14T14:02:56.490+0000] {logging_mixin.py:151} INFO - [2023-12-14T14:02:56.489+0000] {dag.py:2915} INFO - Sync 1 DAGs
[2023-12-14T14:02:56.504+0000] {logging_mixin.py:151} INFO - [2023-12-14T14:02:56.503+0000] {dag.py:3696} INFO - Setting next_dagrun for example_time_delta_sensor_async to None, run_after=None
[2023-12-14T14:02:56.531+0000] {processor.py:179} INFO - Processing /home/airflow/.local/lib/python3.8/site-packages/airflow/example_dags/example_time_delta_sensor_async.py took 0.075 seconds
[2023-12-14T14:03:26.795+0000] {processor.py:157} INFO - Started process (PID=1853) to work on /home/airflow/.local/lib/python3.8/site-packages/airflow/example_dags/example_time_delta_sensor_async.py
[2023-12-14T14:03:26.796+0000] {processor.py:829} INFO - Processing file /home/airflow/.local/lib/python3.8/site-packages/airflow/example_dags/example_time_delta_sensor_async.py for tasks to queue
[2023-12-14T14:03:26.797+0000] {logging_mixin.py:151} INFO - [2023-12-14T14:03:26.797+0000] {dagbag.py:539} INFO - Filling up the DagBag from /home/airflow/.local/lib/python3.8/site-packages/airflow/example_dags/example_time_delta_sensor_async.py
[2023-12-14T14:03:26.802+0000] {processor.py:839} INFO - DAG(s) dict_keys(['example_time_delta_sensor_async']) retrieved from /home/airflow/.local/lib/python3.8/site-packages/airflow/example_dags/example_time_delta_sensor_async.py
[2023-12-14T14:03:26.824+0000] {logging_mixin.py:151} INFO - [2023-12-14T14:03:26.824+0000] {dag.py:2915} INFO - Sync 1 DAGs
[2023-12-14T14:03:26.836+0000] {logging_mixin.py:151} INFO - [2023-12-14T14:03:26.836+0000] {dag.py:3696} INFO - Setting next_dagrun for example_time_delta_sensor_async to None, run_after=None
[2023-12-14T14:03:26.861+0000] {processor.py:179} INFO - Processing /home/airflow/.local/lib/python3.8/site-packages/airflow/example_dags/example_time_delta_sensor_async.py took 0.070 seconds
[2023-12-14T14:03:57.531+0000] {processor.py:157} INFO - Started process (PID=1907) to work on /home/airflow/.local/lib/python3.8/site-packages/airflow/example_dags/example_time_delta_sensor_async.py
[2023-12-14T14:03:57.532+0000] {processor.py:829} INFO - Processing file /home/airflow/.local/lib/python3.8/site-packages/airflow/example_dags/example_time_delta_sensor_async.py for tasks to queue
[2023-12-14T14:03:57.533+0000] {logging_mixin.py:151} INFO - [2023-12-14T14:03:57.533+0000] {dagbag.py:539} INFO - Filling up the DagBag from /home/airflow/.local/lib/python3.8/site-packages/airflow/example_dags/example_time_delta_sensor_async.py
[2023-12-14T14:03:57.545+0000] {processor.py:839} INFO - DAG(s) dict_keys(['example_time_delta_sensor_async']) retrieved from /home/airflow/.local/lib/python3.8/site-packages/airflow/example_dags/example_time_delta_sensor_async.py
[2023-12-14T14:03:57.581+0000] {logging_mixin.py:151} INFO - [2023-12-14T14:03:57.581+0000] {dag.py:2915} INFO - Sync 1 DAGs
[2023-12-14T14:03:57.600+0000] {logging_mixin.py:151} INFO - [2023-12-14T14:03:57.600+0000] {dag.py:3696} INFO - Setting next_dagrun for example_time_delta_sensor_async to None, run_after=None
[2023-12-14T14:03:57.628+0000] {processor.py:179} INFO - Processing /home/airflow/.local/lib/python3.8/site-packages/airflow/example_dags/example_time_delta_sensor_async.py took 0.102 seconds
[2023-12-14T14:04:28.280+0000] {processor.py:157} INFO - Started process (PID=1961) to work on /home/airflow/.local/lib/python3.8/site-packages/airflow/example_dags/example_time_delta_sensor_async.py
[2023-12-14T14:04:28.281+0000] {processor.py:829} INFO - Processing file /home/airflow/.local/lib/python3.8/site-packages/airflow/example_dags/example_time_delta_sensor_async.py for tasks to queue
[2023-12-14T14:04:28.282+0000] {logging_mixin.py:151} INFO - [2023-12-14T14:04:28.282+0000] {dagbag.py:539} INFO - Filling up the DagBag from /home/airflow/.local/lib/python3.8/site-packages/airflow/example_dags/example_time_delta_sensor_async.py
[2023-12-14T14:04:28.288+0000] {processor.py:839} INFO - DAG(s) dict_keys(['example_time_delta_sensor_async']) retrieved from /home/airflow/.local/lib/python3.8/site-packages/airflow/example_dags/example_time_delta_sensor_async.py
[2023-12-14T14:04:28.310+0000] {logging_mixin.py:151} INFO - [2023-12-14T14:04:28.309+0000] {dag.py:2915} INFO - Sync 1 DAGs
[2023-12-14T14:04:28.324+0000] {logging_mixin.py:151} INFO - [2023-12-14T14:04:28.324+0000] {dag.py:3696} INFO - Setting next_dagrun for example_time_delta_sensor_async to None, run_after=None
[2023-12-14T14:04:28.349+0000] {processor.py:179} INFO - Processing /home/airflow/.local/lib/python3.8/site-packages/airflow/example_dags/example_time_delta_sensor_async.py took 0.073 seconds
[2023-12-14T14:04:59.134+0000] {processor.py:157} INFO - Started process (PID=2015) to work on /home/airflow/.local/lib/python3.8/site-packages/airflow/example_dags/example_time_delta_sensor_async.py
[2023-12-14T14:04:59.135+0000] {processor.py:829} INFO - Processing file /home/airflow/.local/lib/python3.8/site-packages/airflow/example_dags/example_time_delta_sensor_async.py for tasks to queue
[2023-12-14T14:04:59.136+0000] {logging_mixin.py:151} INFO - [2023-12-14T14:04:59.136+0000] {dagbag.py:539} INFO - Filling up the DagBag from /home/airflow/.local/lib/python3.8/site-packages/airflow/example_dags/example_time_delta_sensor_async.py
[2023-12-14T14:04:59.144+0000] {processor.py:839} INFO - DAG(s) dict_keys(['example_time_delta_sensor_async']) retrieved from /home/airflow/.local/lib/python3.8/site-packages/airflow/example_dags/example_time_delta_sensor_async.py
[2023-12-14T14:04:59.173+0000] {logging_mixin.py:151} INFO - [2023-12-14T14:04:59.172+0000] {dag.py:2915} INFO - Sync 1 DAGs
[2023-12-14T14:04:59.188+0000] {logging_mixin.py:151} INFO - [2023-12-14T14:04:59.188+0000] {dag.py:3696} INFO - Setting next_dagrun for example_time_delta_sensor_async to None, run_after=None
[2023-12-14T14:04:59.214+0000] {processor.py:179} INFO - Processing /home/airflow/.local/lib/python3.8/site-packages/airflow/example_dags/example_time_delta_sensor_async.py took 0.084 seconds
[2023-12-14T14:05:29.617+0000] {processor.py:157} INFO - Started process (PID=2069) to work on /home/airflow/.local/lib/python3.8/site-packages/airflow/example_dags/example_time_delta_sensor_async.py
[2023-12-14T14:05:29.618+0000] {processor.py:829} INFO - Processing file /home/airflow/.local/lib/python3.8/site-packages/airflow/example_dags/example_time_delta_sensor_async.py for tasks to queue
[2023-12-14T14:05:29.619+0000] {logging_mixin.py:151} INFO - [2023-12-14T14:05:29.619+0000] {dagbag.py:539} INFO - Filling up the DagBag from /home/airflow/.local/lib/python3.8/site-packages/airflow/example_dags/example_time_delta_sensor_async.py
[2023-12-14T14:05:29.626+0000] {processor.py:839} INFO - DAG(s) dict_keys(['example_time_delta_sensor_async']) retrieved from /home/airflow/.local/lib/python3.8/site-packages/airflow/example_dags/example_time_delta_sensor_async.py
[2023-12-14T14:05:29.656+0000] {logging_mixin.py:151} INFO - [2023-12-14T14:05:29.655+0000] {dag.py:2915} INFO - Sync 1 DAGs
[2023-12-14T14:05:29.676+0000] {logging_mixin.py:151} INFO - [2023-12-14T14:05:29.675+0000] {dag.py:3696} INFO - Setting next_dagrun for example_time_delta_sensor_async to None, run_after=None
[2023-12-14T14:05:29.709+0000] {processor.py:179} INFO - Processing /home/airflow/.local/lib/python3.8/site-packages/airflow/example_dags/example_time_delta_sensor_async.py took 0.097 seconds
[2023-12-14T14:06:00.238+0000] {processor.py:157} INFO - Started process (PID=2123) to work on /home/airflow/.local/lib/python3.8/site-packages/airflow/example_dags/example_time_delta_sensor_async.py
[2023-12-14T14:06:00.239+0000] {processor.py:829} INFO - Processing file /home/airflow/.local/lib/python3.8/site-packages/airflow/example_dags/example_time_delta_sensor_async.py for tasks to queue
[2023-12-14T14:06:00.240+0000] {logging_mixin.py:151} INFO - [2023-12-14T14:06:00.240+0000] {dagbag.py:539} INFO - Filling up the DagBag from /home/airflow/.local/lib/python3.8/site-packages/airflow/example_dags/example_time_delta_sensor_async.py
[2023-12-14T14:06:00.245+0000] {processor.py:839} INFO - DAG(s) dict_keys(['example_time_delta_sensor_async']) retrieved from /home/airflow/.local/lib/python3.8/site-packages/airflow/example_dags/example_time_delta_sensor_async.py
[2023-12-14T14:06:00.277+0000] {logging_mixin.py:151} INFO - [2023-12-14T14:06:00.276+0000] {dag.py:2915} INFO - Sync 1 DAGs
[2023-12-14T14:06:00.295+0000] {logging_mixin.py:151} INFO - [2023-12-14T14:06:00.295+0000] {dag.py:3696} INFO - Setting next_dagrun for example_time_delta_sensor_async to None, run_after=None
[2023-12-14T14:06:00.358+0000] {processor.py:179} INFO - Processing /home/airflow/.local/lib/python3.8/site-packages/airflow/example_dags/example_time_delta_sensor_async.py took 0.123 seconds
[2023-12-14T14:13:17.180+0000] {processor.py:157} INFO - Started process (PID=78) to work on /home/airflow/.local/lib/python3.8/site-packages/airflow/example_dags/example_time_delta_sensor_async.py
[2023-12-14T14:13:17.185+0000] {processor.py:829} INFO - Processing file /home/airflow/.local/lib/python3.8/site-packages/airflow/example_dags/example_time_delta_sensor_async.py for tasks to queue
[2023-12-14T14:13:17.201+0000] {logging_mixin.py:151} INFO - [2023-12-14T14:13:17.193+0000] {dagbag.py:539} INFO - Filling up the DagBag from /home/airflow/.local/lib/python3.8/site-packages/airflow/example_dags/example_time_delta_sensor_async.py
[2023-12-14T14:13:17.373+0000] {processor.py:839} INFO - DAG(s) dict_keys(['example_time_delta_sensor_async']) retrieved from /home/airflow/.local/lib/python3.8/site-packages/airflow/example_dags/example_time_delta_sensor_async.py
[2023-12-14T14:13:17.614+0000] {logging_mixin.py:151} INFO - [2023-12-14T14:13:17.609+0000] {dag.py:2915} INFO - Sync 1 DAGs
[2023-12-14T14:13:17.732+0000] {logging_mixin.py:151} INFO - [2023-12-14T14:13:17.732+0000] {dag.py:3696} INFO - Setting next_dagrun for example_time_delta_sensor_async to None, run_after=None
[2023-12-14T14:13:17.923+0000] {processor.py:179} INFO - Processing /home/airflow/.local/lib/python3.8/site-packages/airflow/example_dags/example_time_delta_sensor_async.py took 0.757 seconds
[2023-12-14T14:13:48.617+0000] {processor.py:157} INFO - Started process (PID=133) to work on /home/airflow/.local/lib/python3.8/site-packages/airflow/example_dags/example_time_delta_sensor_async.py
[2023-12-14T14:13:48.620+0000] {processor.py:829} INFO - Processing file /home/airflow/.local/lib/python3.8/site-packages/airflow/example_dags/example_time_delta_sensor_async.py for tasks to queue
[2023-12-14T14:13:48.627+0000] {logging_mixin.py:151} INFO - [2023-12-14T14:13:48.625+0000] {dagbag.py:539} INFO - Filling up the DagBag from /home/airflow/.local/lib/python3.8/site-packages/airflow/example_dags/example_time_delta_sensor_async.py
[2023-12-14T14:13:48.686+0000] {processor.py:839} INFO - DAG(s) dict_keys(['example_time_delta_sensor_async']) retrieved from /home/airflow/.local/lib/python3.8/site-packages/airflow/example_dags/example_time_delta_sensor_async.py
[2023-12-14T14:13:48.768+0000] {logging_mixin.py:151} INFO - [2023-12-14T14:13:48.767+0000] {dag.py:2915} INFO - Sync 1 DAGs
[2023-12-14T14:13:48.802+0000] {logging_mixin.py:151} INFO - [2023-12-14T14:13:48.801+0000] {dag.py:3696} INFO - Setting next_dagrun for example_time_delta_sensor_async to None, run_after=None
[2023-12-14T14:13:48.866+0000] {processor.py:179} INFO - Processing /home/airflow/.local/lib/python3.8/site-packages/airflow/example_dags/example_time_delta_sensor_async.py took 0.309 seconds
[2023-12-14T14:14:19.011+0000] {processor.py:157} INFO - Started process (PID=187) to work on /home/airflow/.local/lib/python3.8/site-packages/airflow/example_dags/example_time_delta_sensor_async.py
[2023-12-14T14:14:19.012+0000] {processor.py:829} INFO - Processing file /home/airflow/.local/lib/python3.8/site-packages/airflow/example_dags/example_time_delta_sensor_async.py for tasks to queue
[2023-12-14T14:14:19.013+0000] {logging_mixin.py:151} INFO - [2023-12-14T14:14:19.013+0000] {dagbag.py:539} INFO - Filling up the DagBag from /home/airflow/.local/lib/python3.8/site-packages/airflow/example_dags/example_time_delta_sensor_async.py
[2023-12-14T14:14:19.019+0000] {processor.py:839} INFO - DAG(s) dict_keys(['example_time_delta_sensor_async']) retrieved from /home/airflow/.local/lib/python3.8/site-packages/airflow/example_dags/example_time_delta_sensor_async.py
[2023-12-14T14:14:19.055+0000] {logging_mixin.py:151} INFO - [2023-12-14T14:14:19.055+0000] {dag.py:2915} INFO - Sync 1 DAGs
[2023-12-14T14:14:19.077+0000] {logging_mixin.py:151} INFO - [2023-12-14T14:14:19.077+0000] {dag.py:3696} INFO - Setting next_dagrun for example_time_delta_sensor_async to None, run_after=None
[2023-12-14T14:14:19.106+0000] {processor.py:179} INFO - Processing /home/airflow/.local/lib/python3.8/site-packages/airflow/example_dags/example_time_delta_sensor_async.py took 0.100 seconds
