[2023-12-14T13:26:57.124+0000] {processor.py:157} INFO - Started process (PID=65) to work on /home/airflow/.local/lib/python3.8/site-packages/airflow/example_dags/example_nested_branch_dag.py
[2023-12-14T13:26:57.126+0000] {processor.py:829} INFO - Processing file /home/airflow/.local/lib/python3.8/site-packages/airflow/example_dags/example_nested_branch_dag.py for tasks to queue
[2023-12-14T13:26:57.130+0000] {logging_mixin.py:151} INFO - [2023-12-14T13:26:57.129+0000] {dagbag.py:539} INFO - Filling up the DagBag from /home/airflow/.local/lib/python3.8/site-packages/airflow/example_dags/example_nested_branch_dag.py
[2023-12-14T13:26:57.172+0000] {processor.py:839} INFO - DAG(s) dict_keys(['example_nested_branch_dag']) retrieved from /home/airflow/.local/lib/python3.8/site-packages/airflow/example_dags/example_nested_branch_dag.py
[2023-12-14T13:26:57.621+0000] {logging_mixin.py:151} INFO - [2023-12-14T13:26:57.621+0000] {manager.py:499} INFO - Created Permission View: %s
[2023-12-14T13:26:57.680+0000] {logging_mixin.py:151} INFO - [2023-12-14T13:26:57.679+0000] {manager.py:499} INFO - Created Permission View: %s
[2023-12-14T13:26:57.710+0000] {logging_mixin.py:151} INFO - [2023-12-14T13:26:57.710+0000] {manager.py:499} INFO - Created Permission View: %s
[2023-12-14T13:26:57.717+0000] {logging_mixin.py:151} INFO - [2023-12-14T13:26:57.716+0000] {security.py:708} INFO - Not syncing DAG-level permissions for DAG 'DAG:example_nested_branch_dag' as access control is unset.
[2023-12-14T13:26:57.718+0000] {logging_mixin.py:151} INFO - [2023-12-14T13:26:57.718+0000] {dag.py:2915} INFO - Sync 1 DAGs
[2023-12-14T13:26:57.778+0000] {logging_mixin.py:151} INFO - [2023-12-14T13:26:57.777+0000] {dag.py:2937} INFO - Creating ORM DAG for example_nested_branch_dag
[2023-12-14T13:26:57.827+0000] {logging_mixin.py:151} INFO - [2023-12-14T13:26:57.826+0000] {dag.py:3696} INFO - Setting next_dagrun for example_nested_branch_dag to 2023-12-13T00:00:00+00:00, run_after=2023-12-14T00:00:00+00:00
[2023-12-14T13:26:57.906+0000] {processor.py:179} INFO - Processing /home/airflow/.local/lib/python3.8/site-packages/airflow/example_dags/example_nested_branch_dag.py took 0.792 seconds
[2023-12-14T13:27:28.701+0000] {processor.py:157} INFO - Started process (PID=119) to work on /home/airflow/.local/lib/python3.8/site-packages/airflow/example_dags/example_nested_branch_dag.py
[2023-12-14T13:27:28.708+0000] {processor.py:829} INFO - Processing file /home/airflow/.local/lib/python3.8/site-packages/airflow/example_dags/example_nested_branch_dag.py for tasks to queue
[2023-12-14T13:27:28.712+0000] {logging_mixin.py:151} INFO - [2023-12-14T13:27:28.711+0000] {dagbag.py:539} INFO - Filling up the DagBag from /home/airflow/.local/lib/python3.8/site-packages/airflow/example_dags/example_nested_branch_dag.py
[2023-12-14T13:27:28.800+0000] {processor.py:839} INFO - DAG(s) dict_keys(['example_nested_branch_dag']) retrieved from /home/airflow/.local/lib/python3.8/site-packages/airflow/example_dags/example_nested_branch_dag.py
[2023-12-14T13:27:28.937+0000] {logging_mixin.py:151} INFO - [2023-12-14T13:27:28.937+0000] {dag.py:2915} INFO - Sync 1 DAGs
[2023-12-14T13:27:29.038+0000] {logging_mixin.py:151} INFO - [2023-12-14T13:27:29.038+0000] {dag.py:3696} INFO - Setting next_dagrun for example_nested_branch_dag to 2023-12-13T00:00:00+00:00, run_after=2023-12-14T00:00:00+00:00
[2023-12-14T13:27:29.126+0000] {processor.py:179} INFO - Processing /home/airflow/.local/lib/python3.8/site-packages/airflow/example_dags/example_nested_branch_dag.py took 0.494 seconds
[2023-12-14T13:28:00.716+0000] {processor.py:157} INFO - Started process (PID=174) to work on /home/airflow/.local/lib/python3.8/site-packages/airflow/example_dags/example_nested_branch_dag.py
[2023-12-14T13:28:00.719+0000] {processor.py:829} INFO - Processing file /home/airflow/.local/lib/python3.8/site-packages/airflow/example_dags/example_nested_branch_dag.py for tasks to queue
[2023-12-14T13:28:00.722+0000] {logging_mixin.py:151} INFO - [2023-12-14T13:28:00.721+0000] {dagbag.py:539} INFO - Filling up the DagBag from /home/airflow/.local/lib/python3.8/site-packages/airflow/example_dags/example_nested_branch_dag.py
[2023-12-14T13:28:00.780+0000] {processor.py:839} INFO - DAG(s) dict_keys(['example_nested_branch_dag']) retrieved from /home/airflow/.local/lib/python3.8/site-packages/airflow/example_dags/example_nested_branch_dag.py
[2023-12-14T13:28:01.306+0000] {logging_mixin.py:151} INFO - [2023-12-14T13:28:01.305+0000] {dag.py:2915} INFO - Sync 1 DAGs
[2023-12-14T13:28:01.397+0000] {logging_mixin.py:151} INFO - [2023-12-14T13:28:01.397+0000] {dag.py:3696} INFO - Setting next_dagrun for example_nested_branch_dag to 2023-12-13T00:00:00+00:00, run_after=2023-12-14T00:00:00+00:00
[2023-12-14T13:28:01.506+0000] {processor.py:179} INFO - Processing /home/airflow/.local/lib/python3.8/site-packages/airflow/example_dags/example_nested_branch_dag.py took 0.799 seconds
[2023-12-14T13:28:32.107+0000] {processor.py:157} INFO - Started process (PID=228) to work on /home/airflow/.local/lib/python3.8/site-packages/airflow/example_dags/example_nested_branch_dag.py
[2023-12-14T13:28:32.109+0000] {processor.py:829} INFO - Processing file /home/airflow/.local/lib/python3.8/site-packages/airflow/example_dags/example_nested_branch_dag.py for tasks to queue
[2023-12-14T13:28:32.111+0000] {logging_mixin.py:151} INFO - [2023-12-14T13:28:32.110+0000] {dagbag.py:539} INFO - Filling up the DagBag from /home/airflow/.local/lib/python3.8/site-packages/airflow/example_dags/example_nested_branch_dag.py
[2023-12-14T13:28:32.133+0000] {processor.py:839} INFO - DAG(s) dict_keys(['example_nested_branch_dag']) retrieved from /home/airflow/.local/lib/python3.8/site-packages/airflow/example_dags/example_nested_branch_dag.py
[2023-12-14T13:28:32.196+0000] {logging_mixin.py:151} INFO - [2023-12-14T13:28:32.196+0000] {dag.py:2915} INFO - Sync 1 DAGs
[2023-12-14T13:28:32.254+0000] {logging_mixin.py:151} INFO - [2023-12-14T13:28:32.254+0000] {dag.py:3696} INFO - Setting next_dagrun for example_nested_branch_dag to 2023-12-13T00:00:00+00:00, run_after=2023-12-14T00:00:00+00:00
[2023-12-14T13:28:32.294+0000] {processor.py:179} INFO - Processing /home/airflow/.local/lib/python3.8/site-packages/airflow/example_dags/example_nested_branch_dag.py took 0.193 seconds
[2023-12-14T13:29:02.345+0000] {processor.py:157} INFO - Started process (PID=282) to work on /home/airflow/.local/lib/python3.8/site-packages/airflow/example_dags/example_nested_branch_dag.py
[2023-12-14T13:29:02.346+0000] {processor.py:829} INFO - Processing file /home/airflow/.local/lib/python3.8/site-packages/airflow/example_dags/example_nested_branch_dag.py for tasks to queue
[2023-12-14T13:29:02.348+0000] {logging_mixin.py:151} INFO - [2023-12-14T13:29:02.348+0000] {dagbag.py:539} INFO - Filling up the DagBag from /home/airflow/.local/lib/python3.8/site-packages/airflow/example_dags/example_nested_branch_dag.py
[2023-12-14T13:29:02.378+0000] {processor.py:839} INFO - DAG(s) dict_keys(['example_nested_branch_dag']) retrieved from /home/airflow/.local/lib/python3.8/site-packages/airflow/example_dags/example_nested_branch_dag.py
[2023-12-14T13:29:02.418+0000] {logging_mixin.py:151} INFO - [2023-12-14T13:29:02.417+0000] {dag.py:2915} INFO - Sync 1 DAGs
[2023-12-14T13:29:02.453+0000] {logging_mixin.py:151} INFO - [2023-12-14T13:29:02.452+0000] {dag.py:3696} INFO - Setting next_dagrun for example_nested_branch_dag to 2023-12-13T00:00:00+00:00, run_after=2023-12-14T00:00:00+00:00
[2023-12-14T13:29:02.483+0000] {processor.py:179} INFO - Processing /home/airflow/.local/lib/python3.8/site-packages/airflow/example_dags/example_nested_branch_dag.py took 0.144 seconds
[2023-12-14T13:29:37.222+0000] {processor.py:157} INFO - Started process (PID=336) to work on /home/airflow/.local/lib/python3.8/site-packages/airflow/example_dags/example_nested_branch_dag.py
[2023-12-14T13:29:37.225+0000] {processor.py:829} INFO - Processing file /home/airflow/.local/lib/python3.8/site-packages/airflow/example_dags/example_nested_branch_dag.py for tasks to queue
[2023-12-14T13:29:37.248+0000] {logging_mixin.py:151} INFO - [2023-12-14T13:29:37.247+0000] {dagbag.py:539} INFO - Filling up the DagBag from /home/airflow/.local/lib/python3.8/site-packages/airflow/example_dags/example_nested_branch_dag.py
[2023-12-14T13:29:37.302+0000] {processor.py:839} INFO - DAG(s) dict_keys(['example_nested_branch_dag']) retrieved from /home/airflow/.local/lib/python3.8/site-packages/airflow/example_dags/example_nested_branch_dag.py
[2023-12-14T13:29:37.422+0000] {logging_mixin.py:151} INFO - [2023-12-14T13:29:37.421+0000] {dag.py:2915} INFO - Sync 1 DAGs
[2023-12-14T13:29:37.585+0000] {logging_mixin.py:151} INFO - [2023-12-14T13:29:37.584+0000] {dag.py:3696} INFO - Setting next_dagrun for example_nested_branch_dag to 2023-12-13T00:00:00+00:00, run_after=2023-12-14T00:00:00+00:00
[2023-12-14T13:29:37.690+0000] {processor.py:179} INFO - Processing /home/airflow/.local/lib/python3.8/site-packages/airflow/example_dags/example_nested_branch_dag.py took 0.487 seconds
[2023-12-14T13:30:09.156+0000] {processor.py:157} INFO - Started process (PID=391) to work on /home/airflow/.local/lib/python3.8/site-packages/airflow/example_dags/example_nested_branch_dag.py
[2023-12-14T13:30:09.159+0000] {processor.py:829} INFO - Processing file /home/airflow/.local/lib/python3.8/site-packages/airflow/example_dags/example_nested_branch_dag.py for tasks to queue
[2023-12-14T13:30:09.164+0000] {logging_mixin.py:151} INFO - [2023-12-14T13:30:09.163+0000] {dagbag.py:539} INFO - Filling up the DagBag from /home/airflow/.local/lib/python3.8/site-packages/airflow/example_dags/example_nested_branch_dag.py
[2023-12-14T13:30:09.205+0000] {processor.py:839} INFO - DAG(s) dict_keys(['example_nested_branch_dag']) retrieved from /home/airflow/.local/lib/python3.8/site-packages/airflow/example_dags/example_nested_branch_dag.py
[2023-12-14T13:30:09.311+0000] {logging_mixin.py:151} INFO - [2023-12-14T13:30:09.310+0000] {dag.py:2915} INFO - Sync 1 DAGs
[2023-12-14T13:30:09.386+0000] {logging_mixin.py:151} INFO - [2023-12-14T13:30:09.386+0000] {dag.py:3696} INFO - Setting next_dagrun for example_nested_branch_dag to 2023-12-13T00:00:00+00:00, run_after=2023-12-14T00:00:00+00:00
[2023-12-14T13:30:09.467+0000] {processor.py:179} INFO - Processing /home/airflow/.local/lib/python3.8/site-packages/airflow/example_dags/example_nested_branch_dag.py took 0.328 seconds
[2023-12-14T13:30:40.127+0000] {processor.py:157} INFO - Started process (PID=445) to work on /home/airflow/.local/lib/python3.8/site-packages/airflow/example_dags/example_nested_branch_dag.py
[2023-12-14T13:30:40.139+0000] {processor.py:829} INFO - Processing file /home/airflow/.local/lib/python3.8/site-packages/airflow/example_dags/example_nested_branch_dag.py for tasks to queue
[2023-12-14T13:30:40.148+0000] {logging_mixin.py:151} INFO - [2023-12-14T13:30:40.148+0000] {dagbag.py:539} INFO - Filling up the DagBag from /home/airflow/.local/lib/python3.8/site-packages/airflow/example_dags/example_nested_branch_dag.py
[2023-12-14T13:30:40.207+0000] {processor.py:839} INFO - DAG(s) dict_keys(['example_nested_branch_dag']) retrieved from /home/airflow/.local/lib/python3.8/site-packages/airflow/example_dags/example_nested_branch_dag.py
[2023-12-14T13:30:40.278+0000] {logging_mixin.py:151} INFO - [2023-12-14T13:30:40.278+0000] {dag.py:2915} INFO - Sync 1 DAGs
[2023-12-14T13:30:40.377+0000] {logging_mixin.py:151} INFO - [2023-12-14T13:30:40.377+0000] {dag.py:3696} INFO - Setting next_dagrun for example_nested_branch_dag to 2023-12-13T00:00:00+00:00, run_after=2023-12-14T00:00:00+00:00
[2023-12-14T13:30:40.459+0000] {processor.py:179} INFO - Processing /home/airflow/.local/lib/python3.8/site-packages/airflow/example_dags/example_nested_branch_dag.py took 0.346 seconds
[2023-12-14T13:31:11.028+0000] {processor.py:157} INFO - Started process (PID=500) to work on /home/airflow/.local/lib/python3.8/site-packages/airflow/example_dags/example_nested_branch_dag.py
[2023-12-14T13:31:11.032+0000] {processor.py:829} INFO - Processing file /home/airflow/.local/lib/python3.8/site-packages/airflow/example_dags/example_nested_branch_dag.py for tasks to queue
[2023-12-14T13:31:11.034+0000] {logging_mixin.py:151} INFO - [2023-12-14T13:31:11.033+0000] {dagbag.py:539} INFO - Filling up the DagBag from /home/airflow/.local/lib/python3.8/site-packages/airflow/example_dags/example_nested_branch_dag.py
[2023-12-14T13:31:11.052+0000] {processor.py:839} INFO - DAG(s) dict_keys(['example_nested_branch_dag']) retrieved from /home/airflow/.local/lib/python3.8/site-packages/airflow/example_dags/example_nested_branch_dag.py
[2023-12-14T13:31:11.098+0000] {logging_mixin.py:151} INFO - [2023-12-14T13:31:11.098+0000] {dag.py:2915} INFO - Sync 1 DAGs
[2023-12-14T13:31:11.145+0000] {logging_mixin.py:151} INFO - [2023-12-14T13:31:11.144+0000] {dag.py:3696} INFO - Setting next_dagrun for example_nested_branch_dag to 2023-12-13T00:00:00+00:00, run_after=2023-12-14T00:00:00+00:00
[2023-12-14T13:31:11.182+0000] {processor.py:179} INFO - Processing /home/airflow/.local/lib/python3.8/site-packages/airflow/example_dags/example_nested_branch_dag.py took 0.161 seconds
[2023-12-14T13:31:41.367+0000] {processor.py:157} INFO - Started process (PID=554) to work on /home/airflow/.local/lib/python3.8/site-packages/airflow/example_dags/example_nested_branch_dag.py
[2023-12-14T13:31:41.368+0000] {processor.py:829} INFO - Processing file /home/airflow/.local/lib/python3.8/site-packages/airflow/example_dags/example_nested_branch_dag.py for tasks to queue
[2023-12-14T13:31:41.370+0000] {logging_mixin.py:151} INFO - [2023-12-14T13:31:41.370+0000] {dagbag.py:539} INFO - Filling up the DagBag from /home/airflow/.local/lib/python3.8/site-packages/airflow/example_dags/example_nested_branch_dag.py
[2023-12-14T13:31:41.387+0000] {processor.py:839} INFO - DAG(s) dict_keys(['example_nested_branch_dag']) retrieved from /home/airflow/.local/lib/python3.8/site-packages/airflow/example_dags/example_nested_branch_dag.py
[2023-12-14T13:31:41.434+0000] {logging_mixin.py:151} INFO - [2023-12-14T13:31:41.434+0000] {dag.py:2915} INFO - Sync 1 DAGs
[2023-12-14T13:31:41.477+0000] {logging_mixin.py:151} INFO - [2023-12-14T13:31:41.476+0000] {dag.py:3696} INFO - Setting next_dagrun for example_nested_branch_dag to 2023-12-13T00:00:00+00:00, run_after=2023-12-14T00:00:00+00:00
[2023-12-14T13:31:41.543+0000] {processor.py:179} INFO - Processing /home/airflow/.local/lib/python3.8/site-packages/airflow/example_dags/example_nested_branch_dag.py took 0.182 seconds
[2023-12-14T13:32:12.979+0000] {processor.py:157} INFO - Started process (PID=608) to work on /home/airflow/.local/lib/python3.8/site-packages/airflow/example_dags/example_nested_branch_dag.py
[2023-12-14T13:32:12.981+0000] {processor.py:829} INFO - Processing file /home/airflow/.local/lib/python3.8/site-packages/airflow/example_dags/example_nested_branch_dag.py for tasks to queue
[2023-12-14T13:32:12.983+0000] {logging_mixin.py:151} INFO - [2023-12-14T13:32:12.982+0000] {dagbag.py:539} INFO - Filling up the DagBag from /home/airflow/.local/lib/python3.8/site-packages/airflow/example_dags/example_nested_branch_dag.py
[2023-12-14T13:32:13.012+0000] {processor.py:839} INFO - DAG(s) dict_keys(['example_nested_branch_dag']) retrieved from /home/airflow/.local/lib/python3.8/site-packages/airflow/example_dags/example_nested_branch_dag.py
[2023-12-14T13:32:13.083+0000] {logging_mixin.py:151} INFO - [2023-12-14T13:32:13.082+0000] {dag.py:2915} INFO - Sync 1 DAGs
[2023-12-14T13:32:13.118+0000] {logging_mixin.py:151} INFO - [2023-12-14T13:32:13.118+0000] {dag.py:3696} INFO - Setting next_dagrun for example_nested_branch_dag to 2023-12-13T00:00:00+00:00, run_after=2023-12-14T00:00:00+00:00
[2023-12-14T13:32:13.141+0000] {processor.py:179} INFO - Processing /home/airflow/.local/lib/python3.8/site-packages/airflow/example_dags/example_nested_branch_dag.py took 0.169 seconds
[2023-12-14T13:32:46.188+0000] {processor.py:157} INFO - Started process (PID=662) to work on /home/airflow/.local/lib/python3.8/site-packages/airflow/example_dags/example_nested_branch_dag.py
[2023-12-14T13:32:46.189+0000] {processor.py:829} INFO - Processing file /home/airflow/.local/lib/python3.8/site-packages/airflow/example_dags/example_nested_branch_dag.py for tasks to queue
[2023-12-14T13:32:46.190+0000] {logging_mixin.py:151} INFO - [2023-12-14T13:32:46.190+0000] {dagbag.py:539} INFO - Filling up the DagBag from /home/airflow/.local/lib/python3.8/site-packages/airflow/example_dags/example_nested_branch_dag.py
[2023-12-14T13:32:46.211+0000] {processor.py:839} INFO - DAG(s) dict_keys(['example_nested_branch_dag']) retrieved from /home/airflow/.local/lib/python3.8/site-packages/airflow/example_dags/example_nested_branch_dag.py
[2023-12-14T13:32:46.247+0000] {logging_mixin.py:151} INFO - [2023-12-14T13:32:46.247+0000] {dag.py:2915} INFO - Sync 1 DAGs
[2023-12-14T13:32:46.291+0000] {logging_mixin.py:151} INFO - [2023-12-14T13:32:46.290+0000] {dag.py:3696} INFO - Setting next_dagrun for example_nested_branch_dag to 2023-12-13T00:00:00+00:00, run_after=2023-12-14T00:00:00+00:00
[2023-12-14T13:32:46.341+0000] {processor.py:179} INFO - Processing /home/airflow/.local/lib/python3.8/site-packages/airflow/example_dags/example_nested_branch_dag.py took 0.157 seconds
[2023-12-14T13:33:17.657+0000] {processor.py:157} INFO - Started process (PID=716) to work on /home/airflow/.local/lib/python3.8/site-packages/airflow/example_dags/example_nested_branch_dag.py
[2023-12-14T13:33:17.659+0000] {processor.py:829} INFO - Processing file /home/airflow/.local/lib/python3.8/site-packages/airflow/example_dags/example_nested_branch_dag.py for tasks to queue
[2023-12-14T13:33:17.661+0000] {logging_mixin.py:151} INFO - [2023-12-14T13:33:17.661+0000] {dagbag.py:539} INFO - Filling up the DagBag from /home/airflow/.local/lib/python3.8/site-packages/airflow/example_dags/example_nested_branch_dag.py
[2023-12-14T13:33:17.690+0000] {processor.py:839} INFO - DAG(s) dict_keys(['example_nested_branch_dag']) retrieved from /home/airflow/.local/lib/python3.8/site-packages/airflow/example_dags/example_nested_branch_dag.py
[2023-12-14T13:33:17.771+0000] {logging_mixin.py:151} INFO - [2023-12-14T13:33:17.771+0000] {dag.py:2915} INFO - Sync 1 DAGs
[2023-12-14T13:33:17.859+0000] {logging_mixin.py:151} INFO - [2023-12-14T13:33:17.858+0000] {dag.py:3696} INFO - Setting next_dagrun for example_nested_branch_dag to 2023-12-13T00:00:00+00:00, run_after=2023-12-14T00:00:00+00:00
[2023-12-14T13:33:17.945+0000] {processor.py:179} INFO - Processing /home/airflow/.local/lib/python3.8/site-packages/airflow/example_dags/example_nested_branch_dag.py took 0.296 seconds
[2023-12-14T13:33:48.409+0000] {processor.py:157} INFO - Started process (PID=767) to work on /home/airflow/.local/lib/python3.8/site-packages/airflow/example_dags/example_nested_branch_dag.py
[2023-12-14T13:33:48.411+0000] {processor.py:829} INFO - Processing file /home/airflow/.local/lib/python3.8/site-packages/airflow/example_dags/example_nested_branch_dag.py for tasks to queue
[2023-12-14T13:33:48.414+0000] {logging_mixin.py:151} INFO - [2023-12-14T13:33:48.413+0000] {dagbag.py:539} INFO - Filling up the DagBag from /home/airflow/.local/lib/python3.8/site-packages/airflow/example_dags/example_nested_branch_dag.py
[2023-12-14T13:33:48.446+0000] {processor.py:839} INFO - DAG(s) dict_keys(['example_nested_branch_dag']) retrieved from /home/airflow/.local/lib/python3.8/site-packages/airflow/example_dags/example_nested_branch_dag.py
[2023-12-14T13:33:48.522+0000] {logging_mixin.py:151} INFO - [2023-12-14T13:33:48.521+0000] {dag.py:2915} INFO - Sync 1 DAGs
[2023-12-14T13:33:48.617+0000] {logging_mixin.py:151} INFO - [2023-12-14T13:33:48.616+0000] {dag.py:3696} INFO - Setting next_dagrun for example_nested_branch_dag to 2023-12-13T00:00:00+00:00, run_after=2023-12-14T00:00:00+00:00
[2023-12-14T13:33:48.699+0000] {processor.py:179} INFO - Processing /home/airflow/.local/lib/python3.8/site-packages/airflow/example_dags/example_nested_branch_dag.py took 0.303 seconds
[2023-12-14T13:34:19.054+0000] {processor.py:157} INFO - Started process (PID=822) to work on /home/airflow/.local/lib/python3.8/site-packages/airflow/example_dags/example_nested_branch_dag.py
[2023-12-14T13:34:19.056+0000] {processor.py:829} INFO - Processing file /home/airflow/.local/lib/python3.8/site-packages/airflow/example_dags/example_nested_branch_dag.py for tasks to queue
[2023-12-14T13:34:19.059+0000] {logging_mixin.py:151} INFO - [2023-12-14T13:34:19.058+0000] {dagbag.py:539} INFO - Filling up the DagBag from /home/airflow/.local/lib/python3.8/site-packages/airflow/example_dags/example_nested_branch_dag.py
[2023-12-14T13:34:19.109+0000] {processor.py:839} INFO - DAG(s) dict_keys(['example_nested_branch_dag']) retrieved from /home/airflow/.local/lib/python3.8/site-packages/airflow/example_dags/example_nested_branch_dag.py
[2023-12-14T13:34:19.184+0000] {logging_mixin.py:151} INFO - [2023-12-14T13:34:19.183+0000] {dag.py:2915} INFO - Sync 1 DAGs
[2023-12-14T13:34:19.230+0000] {logging_mixin.py:151} INFO - [2023-12-14T13:34:19.230+0000] {dag.py:3696} INFO - Setting next_dagrun for example_nested_branch_dag to 2023-12-13T00:00:00+00:00, run_after=2023-12-14T00:00:00+00:00
[2023-12-14T13:34:19.278+0000] {processor.py:179} INFO - Processing /home/airflow/.local/lib/python3.8/site-packages/airflow/example_dags/example_nested_branch_dag.py took 0.230 seconds
[2023-12-14T13:36:21.538+0000] {processor.py:157} INFO - Started process (PID=64) to work on /home/airflow/.local/lib/python3.8/site-packages/airflow/example_dags/example_nested_branch_dag.py
[2023-12-14T13:36:21.540+0000] {processor.py:829} INFO - Processing file /home/airflow/.local/lib/python3.8/site-packages/airflow/example_dags/example_nested_branch_dag.py for tasks to queue
[2023-12-14T13:36:21.542+0000] {logging_mixin.py:151} INFO - [2023-12-14T13:36:21.541+0000] {dagbag.py:539} INFO - Filling up the DagBag from /home/airflow/.local/lib/python3.8/site-packages/airflow/example_dags/example_nested_branch_dag.py
[2023-12-14T13:36:21.589+0000] {processor.py:839} INFO - DAG(s) dict_keys(['example_nested_branch_dag']) retrieved from /home/airflow/.local/lib/python3.8/site-packages/airflow/example_dags/example_nested_branch_dag.py
[2023-12-14T13:36:21.654+0000] {logging_mixin.py:151} INFO - [2023-12-14T13:36:21.652+0000] {dag.py:2915} INFO - Sync 1 DAGs
[2023-12-14T13:36:21.752+0000] {logging_mixin.py:151} INFO - [2023-12-14T13:36:21.752+0000] {dag.py:3696} INFO - Setting next_dagrun for example_nested_branch_dag to 2023-12-13T00:00:00+00:00, run_after=2023-12-14T00:00:00+00:00
[2023-12-14T13:36:21.829+0000] {processor.py:179} INFO - Processing /home/airflow/.local/lib/python3.8/site-packages/airflow/example_dags/example_nested_branch_dag.py took 0.316 seconds
[2023-12-14T13:36:52.964+0000] {processor.py:157} INFO - Started process (PID=118) to work on /home/airflow/.local/lib/python3.8/site-packages/airflow/example_dags/example_nested_branch_dag.py
[2023-12-14T13:36:52.977+0000] {processor.py:829} INFO - Processing file /home/airflow/.local/lib/python3.8/site-packages/airflow/example_dags/example_nested_branch_dag.py for tasks to queue
[2023-12-14T13:36:52.980+0000] {logging_mixin.py:151} INFO - [2023-12-14T13:36:52.979+0000] {dagbag.py:539} INFO - Filling up the DagBag from /home/airflow/.local/lib/python3.8/site-packages/airflow/example_dags/example_nested_branch_dag.py
[2023-12-14T13:36:53.026+0000] {processor.py:839} INFO - DAG(s) dict_keys(['example_nested_branch_dag']) retrieved from /home/airflow/.local/lib/python3.8/site-packages/airflow/example_dags/example_nested_branch_dag.py
[2023-12-14T13:36:53.115+0000] {logging_mixin.py:151} INFO - [2023-12-14T13:36:53.114+0000] {dag.py:2915} INFO - Sync 1 DAGs
[2023-12-14T13:36:53.213+0000] {logging_mixin.py:151} INFO - [2023-12-14T13:36:53.213+0000] {dag.py:3696} INFO - Setting next_dagrun for example_nested_branch_dag to 2023-12-13T00:00:00+00:00, run_after=2023-12-14T00:00:00+00:00
[2023-12-14T13:36:53.292+0000] {processor.py:179} INFO - Processing /home/airflow/.local/lib/python3.8/site-packages/airflow/example_dags/example_nested_branch_dag.py took 0.354 seconds
[2023-12-14T13:37:23.782+0000] {processor.py:157} INFO - Started process (PID=172) to work on /home/airflow/.local/lib/python3.8/site-packages/airflow/example_dags/example_nested_branch_dag.py
[2023-12-14T13:37:23.783+0000] {processor.py:829} INFO - Processing file /home/airflow/.local/lib/python3.8/site-packages/airflow/example_dags/example_nested_branch_dag.py for tasks to queue
[2023-12-14T13:37:23.784+0000] {logging_mixin.py:151} INFO - [2023-12-14T13:37:23.784+0000] {dagbag.py:539} INFO - Filling up the DagBag from /home/airflow/.local/lib/python3.8/site-packages/airflow/example_dags/example_nested_branch_dag.py
[2023-12-14T13:37:23.796+0000] {processor.py:839} INFO - DAG(s) dict_keys(['example_nested_branch_dag']) retrieved from /home/airflow/.local/lib/python3.8/site-packages/airflow/example_dags/example_nested_branch_dag.py
[2023-12-14T13:37:23.829+0000] {logging_mixin.py:151} INFO - [2023-12-14T13:37:23.829+0000] {dag.py:2915} INFO - Sync 1 DAGs
[2023-12-14T13:37:23.857+0000] {logging_mixin.py:151} INFO - [2023-12-14T13:37:23.857+0000] {dag.py:3696} INFO - Setting next_dagrun for example_nested_branch_dag to 2023-12-13T00:00:00+00:00, run_after=2023-12-14T00:00:00+00:00
[2023-12-14T13:37:23.881+0000] {processor.py:179} INFO - Processing /home/airflow/.local/lib/python3.8/site-packages/airflow/example_dags/example_nested_branch_dag.py took 0.103 seconds
[2023-12-14T13:46:38.366+0000] {processor.py:157} INFO - Started process (PID=58) to work on /home/airflow/.local/lib/python3.8/site-packages/airflow/example_dags/example_nested_branch_dag.py
[2023-12-14T13:46:38.368+0000] {processor.py:829} INFO - Processing file /home/airflow/.local/lib/python3.8/site-packages/airflow/example_dags/example_nested_branch_dag.py for tasks to queue
[2023-12-14T13:46:38.370+0000] {logging_mixin.py:151} INFO - [2023-12-14T13:46:38.369+0000] {dagbag.py:539} INFO - Filling up the DagBag from /home/airflow/.local/lib/python3.8/site-packages/airflow/example_dags/example_nested_branch_dag.py
[2023-12-14T13:46:38.395+0000] {processor.py:839} INFO - DAG(s) dict_keys(['example_nested_branch_dag']) retrieved from /home/airflow/.local/lib/python3.8/site-packages/airflow/example_dags/example_nested_branch_dag.py
[2023-12-14T13:46:38.453+0000] {logging_mixin.py:151} INFO - [2023-12-14T13:46:38.452+0000] {dag.py:2915} INFO - Sync 1 DAGs
[2023-12-14T13:46:38.533+0000] {logging_mixin.py:151} INFO - [2023-12-14T13:46:38.532+0000] {dag.py:3696} INFO - Setting next_dagrun for example_nested_branch_dag to 2023-12-13T00:00:00+00:00, run_after=2023-12-14T00:00:00+00:00
[2023-12-14T13:46:38.579+0000] {processor.py:179} INFO - Processing /home/airflow/.local/lib/python3.8/site-packages/airflow/example_dags/example_nested_branch_dag.py took 0.217 seconds
[2023-12-14T13:47:08.671+0000] {processor.py:157} INFO - Started process (PID=113) to work on /home/airflow/.local/lib/python3.8/site-packages/airflow/example_dags/example_nested_branch_dag.py
[2023-12-14T13:47:08.672+0000] {processor.py:829} INFO - Processing file /home/airflow/.local/lib/python3.8/site-packages/airflow/example_dags/example_nested_branch_dag.py for tasks to queue
[2023-12-14T13:47:08.674+0000] {logging_mixin.py:151} INFO - [2023-12-14T13:47:08.674+0000] {dagbag.py:539} INFO - Filling up the DagBag from /home/airflow/.local/lib/python3.8/site-packages/airflow/example_dags/example_nested_branch_dag.py
[2023-12-14T13:47:08.688+0000] {processor.py:839} INFO - DAG(s) dict_keys(['example_nested_branch_dag']) retrieved from /home/airflow/.local/lib/python3.8/site-packages/airflow/example_dags/example_nested_branch_dag.py
[2023-12-14T13:47:08.713+0000] {logging_mixin.py:151} INFO - [2023-12-14T13:47:08.713+0000] {dag.py:2915} INFO - Sync 1 DAGs
[2023-12-14T13:47:08.741+0000] {logging_mixin.py:151} INFO - [2023-12-14T13:47:08.740+0000] {dag.py:3696} INFO - Setting next_dagrun for example_nested_branch_dag to 2023-12-13T00:00:00+00:00, run_after=2023-12-14T00:00:00+00:00
[2023-12-14T13:47:08.764+0000] {processor.py:179} INFO - Processing /home/airflow/.local/lib/python3.8/site-packages/airflow/example_dags/example_nested_branch_dag.py took 0.096 seconds
[2023-12-14T13:47:39.258+0000] {processor.py:157} INFO - Started process (PID=167) to work on /home/airflow/.local/lib/python3.8/site-packages/airflow/example_dags/example_nested_branch_dag.py
[2023-12-14T13:47:39.259+0000] {processor.py:829} INFO - Processing file /home/airflow/.local/lib/python3.8/site-packages/airflow/example_dags/example_nested_branch_dag.py for tasks to queue
[2023-12-14T13:47:39.261+0000] {logging_mixin.py:151} INFO - [2023-12-14T13:47:39.260+0000] {dagbag.py:539} INFO - Filling up the DagBag from /home/airflow/.local/lib/python3.8/site-packages/airflow/example_dags/example_nested_branch_dag.py
[2023-12-14T13:47:39.277+0000] {processor.py:839} INFO - DAG(s) dict_keys(['example_nested_branch_dag']) retrieved from /home/airflow/.local/lib/python3.8/site-packages/airflow/example_dags/example_nested_branch_dag.py
[2023-12-14T13:47:39.311+0000] {logging_mixin.py:151} INFO - [2023-12-14T13:47:39.309+0000] {dag.py:2915} INFO - Sync 1 DAGs
[2023-12-14T13:47:39.340+0000] {logging_mixin.py:151} INFO - [2023-12-14T13:47:39.340+0000] {dag.py:3696} INFO - Setting next_dagrun for example_nested_branch_dag to 2023-12-13T00:00:00+00:00, run_after=2023-12-14T00:00:00+00:00
[2023-12-14T13:47:39.367+0000] {processor.py:179} INFO - Processing /home/airflow/.local/lib/python3.8/site-packages/airflow/example_dags/example_nested_branch_dag.py took 0.113 seconds
[2023-12-14T13:48:09.772+0000] {processor.py:157} INFO - Started process (PID=220) to work on /home/airflow/.local/lib/python3.8/site-packages/airflow/example_dags/example_nested_branch_dag.py
[2023-12-14T13:48:09.773+0000] {processor.py:829} INFO - Processing file /home/airflow/.local/lib/python3.8/site-packages/airflow/example_dags/example_nested_branch_dag.py for tasks to queue
[2023-12-14T13:48:09.774+0000] {logging_mixin.py:151} INFO - [2023-12-14T13:48:09.774+0000] {dagbag.py:539} INFO - Filling up the DagBag from /home/airflow/.local/lib/python3.8/site-packages/airflow/example_dags/example_nested_branch_dag.py
[2023-12-14T13:48:09.787+0000] {processor.py:839} INFO - DAG(s) dict_keys(['example_nested_branch_dag']) retrieved from /home/airflow/.local/lib/python3.8/site-packages/airflow/example_dags/example_nested_branch_dag.py
[2023-12-14T13:48:09.814+0000] {logging_mixin.py:151} INFO - [2023-12-14T13:48:09.813+0000] {dag.py:2915} INFO - Sync 1 DAGs
[2023-12-14T13:48:09.847+0000] {logging_mixin.py:151} INFO - [2023-12-14T13:48:09.847+0000] {dag.py:3696} INFO - Setting next_dagrun for example_nested_branch_dag to 2023-12-13T00:00:00+00:00, run_after=2023-12-14T00:00:00+00:00
[2023-12-14T13:48:09.872+0000] {processor.py:179} INFO - Processing /home/airflow/.local/lib/python3.8/site-packages/airflow/example_dags/example_nested_branch_dag.py took 0.105 seconds
[2023-12-14T13:48:40.742+0000] {processor.py:157} INFO - Started process (PID=274) to work on /home/airflow/.local/lib/python3.8/site-packages/airflow/example_dags/example_nested_branch_dag.py
[2023-12-14T13:48:40.743+0000] {processor.py:829} INFO - Processing file /home/airflow/.local/lib/python3.8/site-packages/airflow/example_dags/example_nested_branch_dag.py for tasks to queue
[2023-12-14T13:48:40.745+0000] {logging_mixin.py:151} INFO - [2023-12-14T13:48:40.745+0000] {dagbag.py:539} INFO - Filling up the DagBag from /home/airflow/.local/lib/python3.8/site-packages/airflow/example_dags/example_nested_branch_dag.py
[2023-12-14T13:48:40.756+0000] {processor.py:839} INFO - DAG(s) dict_keys(['example_nested_branch_dag']) retrieved from /home/airflow/.local/lib/python3.8/site-packages/airflow/example_dags/example_nested_branch_dag.py
[2023-12-14T13:48:40.780+0000] {logging_mixin.py:151} INFO - [2023-12-14T13:48:40.780+0000] {dag.py:2915} INFO - Sync 1 DAGs
[2023-12-14T13:48:40.808+0000] {logging_mixin.py:151} INFO - [2023-12-14T13:48:40.808+0000] {dag.py:3696} INFO - Setting next_dagrun for example_nested_branch_dag to 2023-12-13T00:00:00+00:00, run_after=2023-12-14T00:00:00+00:00
[2023-12-14T13:48:40.833+0000] {processor.py:179} INFO - Processing /home/airflow/.local/lib/python3.8/site-packages/airflow/example_dags/example_nested_branch_dag.py took 0.095 seconds
[2023-12-14T13:49:11.373+0000] {processor.py:157} INFO - Started process (PID=328) to work on /home/airflow/.local/lib/python3.8/site-packages/airflow/example_dags/example_nested_branch_dag.py
[2023-12-14T13:49:11.375+0000] {processor.py:829} INFO - Processing file /home/airflow/.local/lib/python3.8/site-packages/airflow/example_dags/example_nested_branch_dag.py for tasks to queue
[2023-12-14T13:49:11.377+0000] {logging_mixin.py:151} INFO - [2023-12-14T13:49:11.377+0000] {dagbag.py:539} INFO - Filling up the DagBag from /home/airflow/.local/lib/python3.8/site-packages/airflow/example_dags/example_nested_branch_dag.py
[2023-12-14T13:49:11.391+0000] {processor.py:839} INFO - DAG(s) dict_keys(['example_nested_branch_dag']) retrieved from /home/airflow/.local/lib/python3.8/site-packages/airflow/example_dags/example_nested_branch_dag.py
[2023-12-14T13:49:11.421+0000] {logging_mixin.py:151} INFO - [2023-12-14T13:49:11.420+0000] {dag.py:2915} INFO - Sync 1 DAGs
[2023-12-14T13:49:11.444+0000] {logging_mixin.py:151} INFO - [2023-12-14T13:49:11.444+0000] {dag.py:3696} INFO - Setting next_dagrun for example_nested_branch_dag to 2023-12-13T00:00:00+00:00, run_after=2023-12-14T00:00:00+00:00
[2023-12-14T13:49:11.475+0000] {processor.py:179} INFO - Processing /home/airflow/.local/lib/python3.8/site-packages/airflow/example_dags/example_nested_branch_dag.py took 0.107 seconds
[2023-12-14T13:49:41.762+0000] {processor.py:157} INFO - Started process (PID=381) to work on /home/airflow/.local/lib/python3.8/site-packages/airflow/example_dags/example_nested_branch_dag.py
[2023-12-14T13:49:41.763+0000] {processor.py:829} INFO - Processing file /home/airflow/.local/lib/python3.8/site-packages/airflow/example_dags/example_nested_branch_dag.py for tasks to queue
[2023-12-14T13:49:41.764+0000] {logging_mixin.py:151} INFO - [2023-12-14T13:49:41.764+0000] {dagbag.py:539} INFO - Filling up the DagBag from /home/airflow/.local/lib/python3.8/site-packages/airflow/example_dags/example_nested_branch_dag.py
[2023-12-14T13:49:41.774+0000] {processor.py:839} INFO - DAG(s) dict_keys(['example_nested_branch_dag']) retrieved from /home/airflow/.local/lib/python3.8/site-packages/airflow/example_dags/example_nested_branch_dag.py
[2023-12-14T13:49:41.800+0000] {logging_mixin.py:151} INFO - [2023-12-14T13:49:41.799+0000] {dag.py:2915} INFO - Sync 1 DAGs
[2023-12-14T13:49:41.824+0000] {logging_mixin.py:151} INFO - [2023-12-14T13:49:41.823+0000] {dag.py:3696} INFO - Setting next_dagrun for example_nested_branch_dag to 2023-12-13T00:00:00+00:00, run_after=2023-12-14T00:00:00+00:00
[2023-12-14T13:49:41.861+0000] {processor.py:179} INFO - Processing /home/airflow/.local/lib/python3.8/site-packages/airflow/example_dags/example_nested_branch_dag.py took 0.104 seconds
[2023-12-14T13:50:12.683+0000] {processor.py:157} INFO - Started process (PID=436) to work on /home/airflow/.local/lib/python3.8/site-packages/airflow/example_dags/example_nested_branch_dag.py
[2023-12-14T13:50:12.684+0000] {processor.py:829} INFO - Processing file /home/airflow/.local/lib/python3.8/site-packages/airflow/example_dags/example_nested_branch_dag.py for tasks to queue
[2023-12-14T13:50:12.685+0000] {logging_mixin.py:151} INFO - [2023-12-14T13:50:12.685+0000] {dagbag.py:539} INFO - Filling up the DagBag from /home/airflow/.local/lib/python3.8/site-packages/airflow/example_dags/example_nested_branch_dag.py
[2023-12-14T13:50:12.696+0000] {processor.py:839} INFO - DAG(s) dict_keys(['example_nested_branch_dag']) retrieved from /home/airflow/.local/lib/python3.8/site-packages/airflow/example_dags/example_nested_branch_dag.py
[2023-12-14T13:50:12.721+0000] {logging_mixin.py:151} INFO - [2023-12-14T13:50:12.720+0000] {dag.py:2915} INFO - Sync 1 DAGs
[2023-12-14T13:50:12.745+0000] {logging_mixin.py:151} INFO - [2023-12-14T13:50:12.744+0000] {dag.py:3696} INFO - Setting next_dagrun for example_nested_branch_dag to 2023-12-13T00:00:00+00:00, run_after=2023-12-14T00:00:00+00:00
[2023-12-14T13:50:12.772+0000] {processor.py:179} INFO - Processing /home/airflow/.local/lib/python3.8/site-packages/airflow/example_dags/example_nested_branch_dag.py took 0.093 seconds
[2023-12-14T13:50:43.088+0000] {processor.py:157} INFO - Started process (PID=490) to work on /home/airflow/.local/lib/python3.8/site-packages/airflow/example_dags/example_nested_branch_dag.py
[2023-12-14T13:50:43.090+0000] {processor.py:829} INFO - Processing file /home/airflow/.local/lib/python3.8/site-packages/airflow/example_dags/example_nested_branch_dag.py for tasks to queue
[2023-12-14T13:50:43.091+0000] {logging_mixin.py:151} INFO - [2023-12-14T13:50:43.091+0000] {dagbag.py:539} INFO - Filling up the DagBag from /home/airflow/.local/lib/python3.8/site-packages/airflow/example_dags/example_nested_branch_dag.py
[2023-12-14T13:50:43.105+0000] {processor.py:839} INFO - DAG(s) dict_keys(['example_nested_branch_dag']) retrieved from /home/airflow/.local/lib/python3.8/site-packages/airflow/example_dags/example_nested_branch_dag.py
[2023-12-14T13:50:43.132+0000] {logging_mixin.py:151} INFO - [2023-12-14T13:50:43.132+0000] {dag.py:2915} INFO - Sync 1 DAGs
[2023-12-14T13:50:43.158+0000] {logging_mixin.py:151} INFO - [2023-12-14T13:50:43.158+0000] {dag.py:3696} INFO - Setting next_dagrun for example_nested_branch_dag to 2023-12-13T00:00:00+00:00, run_after=2023-12-14T00:00:00+00:00
[2023-12-14T13:50:43.182+0000] {processor.py:179} INFO - Processing /home/airflow/.local/lib/python3.8/site-packages/airflow/example_dags/example_nested_branch_dag.py took 0.098 seconds
[2023-12-14T13:51:13.461+0000] {processor.py:157} INFO - Started process (PID=544) to work on /home/airflow/.local/lib/python3.8/site-packages/airflow/example_dags/example_nested_branch_dag.py
[2023-12-14T13:51:13.462+0000] {processor.py:829} INFO - Processing file /home/airflow/.local/lib/python3.8/site-packages/airflow/example_dags/example_nested_branch_dag.py for tasks to queue
[2023-12-14T13:51:13.463+0000] {logging_mixin.py:151} INFO - [2023-12-14T13:51:13.463+0000] {dagbag.py:539} INFO - Filling up the DagBag from /home/airflow/.local/lib/python3.8/site-packages/airflow/example_dags/example_nested_branch_dag.py
[2023-12-14T13:51:13.473+0000] {processor.py:839} INFO - DAG(s) dict_keys(['example_nested_branch_dag']) retrieved from /home/airflow/.local/lib/python3.8/site-packages/airflow/example_dags/example_nested_branch_dag.py
[2023-12-14T13:51:13.500+0000] {logging_mixin.py:151} INFO - [2023-12-14T13:51:13.499+0000] {dag.py:2915} INFO - Sync 1 DAGs
[2023-12-14T13:51:13.526+0000] {logging_mixin.py:151} INFO - [2023-12-14T13:51:13.526+0000] {dag.py:3696} INFO - Setting next_dagrun for example_nested_branch_dag to 2023-12-13T00:00:00+00:00, run_after=2023-12-14T00:00:00+00:00
[2023-12-14T13:51:13.553+0000] {processor.py:179} INFO - Processing /home/airflow/.local/lib/python3.8/site-packages/airflow/example_dags/example_nested_branch_dag.py took 0.095 seconds
[2023-12-14T13:51:44.110+0000] {processor.py:157} INFO - Started process (PID=598) to work on /home/airflow/.local/lib/python3.8/site-packages/airflow/example_dags/example_nested_branch_dag.py
[2023-12-14T13:51:44.111+0000] {processor.py:829} INFO - Processing file /home/airflow/.local/lib/python3.8/site-packages/airflow/example_dags/example_nested_branch_dag.py for tasks to queue
[2023-12-14T13:51:44.112+0000] {logging_mixin.py:151} INFO - [2023-12-14T13:51:44.112+0000] {dagbag.py:539} INFO - Filling up the DagBag from /home/airflow/.local/lib/python3.8/site-packages/airflow/example_dags/example_nested_branch_dag.py
[2023-12-14T13:51:44.128+0000] {processor.py:839} INFO - DAG(s) dict_keys(['example_nested_branch_dag']) retrieved from /home/airflow/.local/lib/python3.8/site-packages/airflow/example_dags/example_nested_branch_dag.py
[2023-12-14T13:51:44.160+0000] {logging_mixin.py:151} INFO - [2023-12-14T13:51:44.160+0000] {dag.py:2915} INFO - Sync 1 DAGs
[2023-12-14T13:51:44.191+0000] {logging_mixin.py:151} INFO - [2023-12-14T13:51:44.191+0000] {dag.py:3696} INFO - Setting next_dagrun for example_nested_branch_dag to 2023-12-13T00:00:00+00:00, run_after=2023-12-14T00:00:00+00:00
[2023-12-14T13:51:44.217+0000] {processor.py:179} INFO - Processing /home/airflow/.local/lib/python3.8/site-packages/airflow/example_dags/example_nested_branch_dag.py took 0.110 seconds
[2023-12-14T13:52:14.576+0000] {processor.py:157} INFO - Started process (PID=652) to work on /home/airflow/.local/lib/python3.8/site-packages/airflow/example_dags/example_nested_branch_dag.py
[2023-12-14T13:52:14.577+0000] {processor.py:829} INFO - Processing file /home/airflow/.local/lib/python3.8/site-packages/airflow/example_dags/example_nested_branch_dag.py for tasks to queue
[2023-12-14T13:52:14.578+0000] {logging_mixin.py:151} INFO - [2023-12-14T13:52:14.578+0000] {dagbag.py:539} INFO - Filling up the DagBag from /home/airflow/.local/lib/python3.8/site-packages/airflow/example_dags/example_nested_branch_dag.py
[2023-12-14T13:52:14.593+0000] {processor.py:839} INFO - DAG(s) dict_keys(['example_nested_branch_dag']) retrieved from /home/airflow/.local/lib/python3.8/site-packages/airflow/example_dags/example_nested_branch_dag.py
[2023-12-14T13:52:14.625+0000] {logging_mixin.py:151} INFO - [2023-12-14T13:52:14.625+0000] {dag.py:2915} INFO - Sync 1 DAGs
[2023-12-14T13:52:14.655+0000] {logging_mixin.py:151} INFO - [2023-12-14T13:52:14.655+0000] {dag.py:3696} INFO - Setting next_dagrun for example_nested_branch_dag to 2023-12-13T00:00:00+00:00, run_after=2023-12-14T00:00:00+00:00
[2023-12-14T13:52:14.682+0000] {processor.py:179} INFO - Processing /home/airflow/.local/lib/python3.8/site-packages/airflow/example_dags/example_nested_branch_dag.py took 0.110 seconds
[2023-12-14T13:52:45.117+0000] {processor.py:157} INFO - Started process (PID=706) to work on /home/airflow/.local/lib/python3.8/site-packages/airflow/example_dags/example_nested_branch_dag.py
[2023-12-14T13:52:45.118+0000] {processor.py:829} INFO - Processing file /home/airflow/.local/lib/python3.8/site-packages/airflow/example_dags/example_nested_branch_dag.py for tasks to queue
[2023-12-14T13:52:45.119+0000] {logging_mixin.py:151} INFO - [2023-12-14T13:52:45.119+0000] {dagbag.py:539} INFO - Filling up the DagBag from /home/airflow/.local/lib/python3.8/site-packages/airflow/example_dags/example_nested_branch_dag.py
[2023-12-14T13:52:45.139+0000] {processor.py:839} INFO - DAG(s) dict_keys(['example_nested_branch_dag']) retrieved from /home/airflow/.local/lib/python3.8/site-packages/airflow/example_dags/example_nested_branch_dag.py
[2023-12-14T13:52:45.187+0000] {logging_mixin.py:151} INFO - [2023-12-14T13:52:45.187+0000] {dag.py:2915} INFO - Sync 1 DAGs
[2023-12-14T13:52:45.224+0000] {logging_mixin.py:151} INFO - [2023-12-14T13:52:45.223+0000] {dag.py:3696} INFO - Setting next_dagrun for example_nested_branch_dag to 2023-12-13T00:00:00+00:00, run_after=2023-12-14T00:00:00+00:00
[2023-12-14T13:52:45.253+0000] {processor.py:179} INFO - Processing /home/airflow/.local/lib/python3.8/site-packages/airflow/example_dags/example_nested_branch_dag.py took 0.141 seconds
[2023-12-14T13:53:15.661+0000] {processor.py:157} INFO - Started process (PID=760) to work on /home/airflow/.local/lib/python3.8/site-packages/airflow/example_dags/example_nested_branch_dag.py
[2023-12-14T13:53:15.662+0000] {processor.py:829} INFO - Processing file /home/airflow/.local/lib/python3.8/site-packages/airflow/example_dags/example_nested_branch_dag.py for tasks to queue
[2023-12-14T13:53:15.663+0000] {logging_mixin.py:151} INFO - [2023-12-14T13:53:15.663+0000] {dagbag.py:539} INFO - Filling up the DagBag from /home/airflow/.local/lib/python3.8/site-packages/airflow/example_dags/example_nested_branch_dag.py
[2023-12-14T13:53:15.675+0000] {processor.py:839} INFO - DAG(s) dict_keys(['example_nested_branch_dag']) retrieved from /home/airflow/.local/lib/python3.8/site-packages/airflow/example_dags/example_nested_branch_dag.py
[2023-12-14T13:53:15.701+0000] {logging_mixin.py:151} INFO - [2023-12-14T13:53:15.700+0000] {dag.py:2915} INFO - Sync 1 DAGs
[2023-12-14T13:53:15.731+0000] {logging_mixin.py:151} INFO - [2023-12-14T13:53:15.731+0000] {dag.py:3696} INFO - Setting next_dagrun for example_nested_branch_dag to 2023-12-13T00:00:00+00:00, run_after=2023-12-14T00:00:00+00:00
[2023-12-14T13:53:15.756+0000] {processor.py:179} INFO - Processing /home/airflow/.local/lib/python3.8/site-packages/airflow/example_dags/example_nested_branch_dag.py took 0.099 seconds
[2023-12-14T13:53:46.492+0000] {processor.py:157} INFO - Started process (PID=821) to work on /home/airflow/.local/lib/python3.8/site-packages/airflow/example_dags/example_nested_branch_dag.py
[2023-12-14T13:53:46.493+0000] {processor.py:829} INFO - Processing file /home/airflow/.local/lib/python3.8/site-packages/airflow/example_dags/example_nested_branch_dag.py for tasks to queue
[2023-12-14T13:53:46.494+0000] {logging_mixin.py:151} INFO - [2023-12-14T13:53:46.494+0000] {dagbag.py:539} INFO - Filling up the DagBag from /home/airflow/.local/lib/python3.8/site-packages/airflow/example_dags/example_nested_branch_dag.py
[2023-12-14T13:53:46.511+0000] {processor.py:839} INFO - DAG(s) dict_keys(['example_nested_branch_dag']) retrieved from /home/airflow/.local/lib/python3.8/site-packages/airflow/example_dags/example_nested_branch_dag.py
[2023-12-14T13:53:46.537+0000] {logging_mixin.py:151} INFO - [2023-12-14T13:53:46.537+0000] {dag.py:2915} INFO - Sync 1 DAGs
[2023-12-14T13:53:46.569+0000] {logging_mixin.py:151} INFO - [2023-12-14T13:53:46.569+0000] {dag.py:3696} INFO - Setting next_dagrun for example_nested_branch_dag to 2023-12-13T00:00:00+00:00, run_after=2023-12-14T00:00:00+00:00
[2023-12-14T13:53:46.599+0000] {processor.py:179} INFO - Processing /home/airflow/.local/lib/python3.8/site-packages/airflow/example_dags/example_nested_branch_dag.py took 0.111 seconds
[2023-12-14T13:54:17.787+0000] {processor.py:157} INFO - Started process (PID=875) to work on /home/airflow/.local/lib/python3.8/site-packages/airflow/example_dags/example_nested_branch_dag.py
[2023-12-14T13:54:17.789+0000] {processor.py:829} INFO - Processing file /home/airflow/.local/lib/python3.8/site-packages/airflow/example_dags/example_nested_branch_dag.py for tasks to queue
[2023-12-14T13:54:17.791+0000] {logging_mixin.py:151} INFO - [2023-12-14T13:54:17.790+0000] {dagbag.py:539} INFO - Filling up the DagBag from /home/airflow/.local/lib/python3.8/site-packages/airflow/example_dags/example_nested_branch_dag.py
[2023-12-14T13:54:17.810+0000] {processor.py:839} INFO - DAG(s) dict_keys(['example_nested_branch_dag']) retrieved from /home/airflow/.local/lib/python3.8/site-packages/airflow/example_dags/example_nested_branch_dag.py
[2023-12-14T13:54:17.858+0000] {logging_mixin.py:151} INFO - [2023-12-14T13:54:17.858+0000] {dag.py:2915} INFO - Sync 1 DAGs
[2023-12-14T13:54:17.912+0000] {logging_mixin.py:151} INFO - [2023-12-14T13:54:17.912+0000] {dag.py:3696} INFO - Setting next_dagrun for example_nested_branch_dag to 2023-12-13T00:00:00+00:00, run_after=2023-12-14T00:00:00+00:00
[2023-12-14T13:54:17.958+0000] {processor.py:179} INFO - Processing /home/airflow/.local/lib/python3.8/site-packages/airflow/example_dags/example_nested_branch_dag.py took 0.178 seconds
[2023-12-14T13:54:48.110+0000] {processor.py:157} INFO - Started process (PID=929) to work on /home/airflow/.local/lib/python3.8/site-packages/airflow/example_dags/example_nested_branch_dag.py
[2023-12-14T13:54:48.111+0000] {processor.py:829} INFO - Processing file /home/airflow/.local/lib/python3.8/site-packages/airflow/example_dags/example_nested_branch_dag.py for tasks to queue
[2023-12-14T13:54:48.112+0000] {logging_mixin.py:151} INFO - [2023-12-14T13:54:48.112+0000] {dagbag.py:539} INFO - Filling up the DagBag from /home/airflow/.local/lib/python3.8/site-packages/airflow/example_dags/example_nested_branch_dag.py
[2023-12-14T13:54:48.125+0000] {processor.py:839} INFO - DAG(s) dict_keys(['example_nested_branch_dag']) retrieved from /home/airflow/.local/lib/python3.8/site-packages/airflow/example_dags/example_nested_branch_dag.py
[2023-12-14T13:54:48.152+0000] {logging_mixin.py:151} INFO - [2023-12-14T13:54:48.152+0000] {dag.py:2915} INFO - Sync 1 DAGs
[2023-12-14T13:54:48.185+0000] {logging_mixin.py:151} INFO - [2023-12-14T13:54:48.185+0000] {dag.py:3696} INFO - Setting next_dagrun for example_nested_branch_dag to 2023-12-13T00:00:00+00:00, run_after=2023-12-14T00:00:00+00:00
[2023-12-14T13:54:48.216+0000] {processor.py:179} INFO - Processing /home/airflow/.local/lib/python3.8/site-packages/airflow/example_dags/example_nested_branch_dag.py took 0.110 seconds
[2023-12-14T13:55:18.264+0000] {processor.py:157} INFO - Started process (PID=983) to work on /home/airflow/.local/lib/python3.8/site-packages/airflow/example_dags/example_nested_branch_dag.py
[2023-12-14T13:55:18.265+0000] {processor.py:829} INFO - Processing file /home/airflow/.local/lib/python3.8/site-packages/airflow/example_dags/example_nested_branch_dag.py for tasks to queue
[2023-12-14T13:55:18.266+0000] {logging_mixin.py:151} INFO - [2023-12-14T13:55:18.265+0000] {dagbag.py:539} INFO - Filling up the DagBag from /home/airflow/.local/lib/python3.8/site-packages/airflow/example_dags/example_nested_branch_dag.py
[2023-12-14T13:55:18.276+0000] {processor.py:839} INFO - DAG(s) dict_keys(['example_nested_branch_dag']) retrieved from /home/airflow/.local/lib/python3.8/site-packages/airflow/example_dags/example_nested_branch_dag.py
[2023-12-14T13:55:18.299+0000] {logging_mixin.py:151} INFO - [2023-12-14T13:55:18.299+0000] {dag.py:2915} INFO - Sync 1 DAGs
[2023-12-14T13:55:18.320+0000] {logging_mixin.py:151} INFO - [2023-12-14T13:55:18.320+0000] {dag.py:3696} INFO - Setting next_dagrun for example_nested_branch_dag to 2023-12-13T00:00:00+00:00, run_after=2023-12-14T00:00:00+00:00
[2023-12-14T13:55:18.343+0000] {processor.py:179} INFO - Processing /home/airflow/.local/lib/python3.8/site-packages/airflow/example_dags/example_nested_branch_dag.py took 0.082 seconds
[2023-12-14T13:55:48.438+0000] {processor.py:157} INFO - Started process (PID=1037) to work on /home/airflow/.local/lib/python3.8/site-packages/airflow/example_dags/example_nested_branch_dag.py
[2023-12-14T13:55:48.439+0000] {processor.py:829} INFO - Processing file /home/airflow/.local/lib/python3.8/site-packages/airflow/example_dags/example_nested_branch_dag.py for tasks to queue
[2023-12-14T13:55:48.440+0000] {logging_mixin.py:151} INFO - [2023-12-14T13:55:48.440+0000] {dagbag.py:539} INFO - Filling up the DagBag from /home/airflow/.local/lib/python3.8/site-packages/airflow/example_dags/example_nested_branch_dag.py
[2023-12-14T13:55:48.451+0000] {processor.py:839} INFO - DAG(s) dict_keys(['example_nested_branch_dag']) retrieved from /home/airflow/.local/lib/python3.8/site-packages/airflow/example_dags/example_nested_branch_dag.py
[2023-12-14T13:55:48.478+0000] {logging_mixin.py:151} INFO - [2023-12-14T13:55:48.477+0000] {dag.py:2915} INFO - Sync 1 DAGs
[2023-12-14T13:55:48.504+0000] {logging_mixin.py:151} INFO - [2023-12-14T13:55:48.503+0000] {dag.py:3696} INFO - Setting next_dagrun for example_nested_branch_dag to 2023-12-13T00:00:00+00:00, run_after=2023-12-14T00:00:00+00:00
[2023-12-14T13:55:48.529+0000] {processor.py:179} INFO - Processing /home/airflow/.local/lib/python3.8/site-packages/airflow/example_dags/example_nested_branch_dag.py took 0.094 seconds
[2023-12-14T13:56:18.775+0000] {processor.py:157} INFO - Started process (PID=1091) to work on /home/airflow/.local/lib/python3.8/site-packages/airflow/example_dags/example_nested_branch_dag.py
[2023-12-14T13:56:18.776+0000] {processor.py:829} INFO - Processing file /home/airflow/.local/lib/python3.8/site-packages/airflow/example_dags/example_nested_branch_dag.py for tasks to queue
[2023-12-14T13:56:18.778+0000] {logging_mixin.py:151} INFO - [2023-12-14T13:56:18.777+0000] {dagbag.py:539} INFO - Filling up the DagBag from /home/airflow/.local/lib/python3.8/site-packages/airflow/example_dags/example_nested_branch_dag.py
[2023-12-14T13:56:18.790+0000] {processor.py:839} INFO - DAG(s) dict_keys(['example_nested_branch_dag']) retrieved from /home/airflow/.local/lib/python3.8/site-packages/airflow/example_dags/example_nested_branch_dag.py
[2023-12-14T13:56:18.819+0000] {logging_mixin.py:151} INFO - [2023-12-14T13:56:18.819+0000] {dag.py:2915} INFO - Sync 1 DAGs
[2023-12-14T13:56:18.844+0000] {logging_mixin.py:151} INFO - [2023-12-14T13:56:18.843+0000] {dag.py:3696} INFO - Setting next_dagrun for example_nested_branch_dag to 2023-12-13T00:00:00+00:00, run_after=2023-12-14T00:00:00+00:00
[2023-12-14T13:56:18.878+0000] {processor.py:179} INFO - Processing /home/airflow/.local/lib/python3.8/site-packages/airflow/example_dags/example_nested_branch_dag.py took 0.107 seconds
[2023-12-14T13:56:49.796+0000] {processor.py:157} INFO - Started process (PID=1144) to work on /home/airflow/.local/lib/python3.8/site-packages/airflow/example_dags/example_nested_branch_dag.py
[2023-12-14T13:56:49.797+0000] {processor.py:829} INFO - Processing file /home/airflow/.local/lib/python3.8/site-packages/airflow/example_dags/example_nested_branch_dag.py for tasks to queue
[2023-12-14T13:56:49.798+0000] {logging_mixin.py:151} INFO - [2023-12-14T13:56:49.798+0000] {dagbag.py:539} INFO - Filling up the DagBag from /home/airflow/.local/lib/python3.8/site-packages/airflow/example_dags/example_nested_branch_dag.py
[2023-12-14T13:56:49.823+0000] {processor.py:839} INFO - DAG(s) dict_keys(['example_nested_branch_dag']) retrieved from /home/airflow/.local/lib/python3.8/site-packages/airflow/example_dags/example_nested_branch_dag.py
[2023-12-14T13:56:49.852+0000] {logging_mixin.py:151} INFO - [2023-12-14T13:56:49.852+0000] {dag.py:2915} INFO - Sync 1 DAGs
[2023-12-14T13:56:49.878+0000] {logging_mixin.py:151} INFO - [2023-12-14T13:56:49.878+0000] {dag.py:3696} INFO - Setting next_dagrun for example_nested_branch_dag to 2023-12-13T00:00:00+00:00, run_after=2023-12-14T00:00:00+00:00
[2023-12-14T13:56:49.930+0000] {processor.py:179} INFO - Processing /home/airflow/.local/lib/python3.8/site-packages/airflow/example_dags/example_nested_branch_dag.py took 0.139 seconds
[2023-12-14T13:57:20.801+0000] {processor.py:157} INFO - Started process (PID=1198) to work on /home/airflow/.local/lib/python3.8/site-packages/airflow/example_dags/example_nested_branch_dag.py
[2023-12-14T13:57:20.802+0000] {processor.py:829} INFO - Processing file /home/airflow/.local/lib/python3.8/site-packages/airflow/example_dags/example_nested_branch_dag.py for tasks to queue
[2023-12-14T13:57:20.803+0000] {logging_mixin.py:151} INFO - [2023-12-14T13:57:20.803+0000] {dagbag.py:539} INFO - Filling up the DagBag from /home/airflow/.local/lib/python3.8/site-packages/airflow/example_dags/example_nested_branch_dag.py
[2023-12-14T13:57:20.815+0000] {processor.py:839} INFO - DAG(s) dict_keys(['example_nested_branch_dag']) retrieved from /home/airflow/.local/lib/python3.8/site-packages/airflow/example_dags/example_nested_branch_dag.py
[2023-12-14T13:57:20.842+0000] {logging_mixin.py:151} INFO - [2023-12-14T13:57:20.842+0000] {dag.py:2915} INFO - Sync 1 DAGs
[2023-12-14T13:57:20.868+0000] {logging_mixin.py:151} INFO - [2023-12-14T13:57:20.867+0000] {dag.py:3696} INFO - Setting next_dagrun for example_nested_branch_dag to 2023-12-13T00:00:00+00:00, run_after=2023-12-14T00:00:00+00:00
[2023-12-14T13:57:20.904+0000] {processor.py:179} INFO - Processing /home/airflow/.local/lib/python3.8/site-packages/airflow/example_dags/example_nested_branch_dag.py took 0.106 seconds
[2023-12-14T13:57:51.208+0000] {processor.py:157} INFO - Started process (PID=1252) to work on /home/airflow/.local/lib/python3.8/site-packages/airflow/example_dags/example_nested_branch_dag.py
[2023-12-14T13:57:51.209+0000] {processor.py:829} INFO - Processing file /home/airflow/.local/lib/python3.8/site-packages/airflow/example_dags/example_nested_branch_dag.py for tasks to queue
[2023-12-14T13:57:51.210+0000] {logging_mixin.py:151} INFO - [2023-12-14T13:57:51.210+0000] {dagbag.py:539} INFO - Filling up the DagBag from /home/airflow/.local/lib/python3.8/site-packages/airflow/example_dags/example_nested_branch_dag.py
[2023-12-14T13:57:51.226+0000] {processor.py:839} INFO - DAG(s) dict_keys(['example_nested_branch_dag']) retrieved from /home/airflow/.local/lib/python3.8/site-packages/airflow/example_dags/example_nested_branch_dag.py
[2023-12-14T13:57:51.260+0000] {logging_mixin.py:151} INFO - [2023-12-14T13:57:51.259+0000] {dag.py:2915} INFO - Sync 1 DAGs
[2023-12-14T13:57:51.284+0000] {logging_mixin.py:151} INFO - [2023-12-14T13:57:51.283+0000] {dag.py:3696} INFO - Setting next_dagrun for example_nested_branch_dag to 2023-12-13T00:00:00+00:00, run_after=2023-12-14T00:00:00+00:00
[2023-12-14T13:57:51.313+0000] {processor.py:179} INFO - Processing /home/airflow/.local/lib/python3.8/site-packages/airflow/example_dags/example_nested_branch_dag.py took 0.110 seconds
[2023-12-14T13:58:21.576+0000] {processor.py:157} INFO - Started process (PID=1306) to work on /home/airflow/.local/lib/python3.8/site-packages/airflow/example_dags/example_nested_branch_dag.py
[2023-12-14T13:58:21.577+0000] {processor.py:829} INFO - Processing file /home/airflow/.local/lib/python3.8/site-packages/airflow/example_dags/example_nested_branch_dag.py for tasks to queue
[2023-12-14T13:58:21.578+0000] {logging_mixin.py:151} INFO - [2023-12-14T13:58:21.578+0000] {dagbag.py:539} INFO - Filling up the DagBag from /home/airflow/.local/lib/python3.8/site-packages/airflow/example_dags/example_nested_branch_dag.py
[2023-12-14T13:58:21.590+0000] {processor.py:839} INFO - DAG(s) dict_keys(['example_nested_branch_dag']) retrieved from /home/airflow/.local/lib/python3.8/site-packages/airflow/example_dags/example_nested_branch_dag.py
[2023-12-14T13:58:21.620+0000] {logging_mixin.py:151} INFO - [2023-12-14T13:58:21.620+0000] {dag.py:2915} INFO - Sync 1 DAGs
[2023-12-14T13:58:21.647+0000] {logging_mixin.py:151} INFO - [2023-12-14T13:58:21.646+0000] {dag.py:3696} INFO - Setting next_dagrun for example_nested_branch_dag to 2023-12-13T00:00:00+00:00, run_after=2023-12-14T00:00:00+00:00
[2023-12-14T13:58:21.683+0000] {processor.py:179} INFO - Processing /home/airflow/.local/lib/python3.8/site-packages/airflow/example_dags/example_nested_branch_dag.py took 0.111 seconds
[2023-12-14T13:58:52.374+0000] {processor.py:157} INFO - Started process (PID=1360) to work on /home/airflow/.local/lib/python3.8/site-packages/airflow/example_dags/example_nested_branch_dag.py
[2023-12-14T13:58:52.375+0000] {processor.py:829} INFO - Processing file /home/airflow/.local/lib/python3.8/site-packages/airflow/example_dags/example_nested_branch_dag.py for tasks to queue
[2023-12-14T13:58:52.376+0000] {logging_mixin.py:151} INFO - [2023-12-14T13:58:52.375+0000] {dagbag.py:539} INFO - Filling up the DagBag from /home/airflow/.local/lib/python3.8/site-packages/airflow/example_dags/example_nested_branch_dag.py
[2023-12-14T13:58:52.386+0000] {processor.py:839} INFO - DAG(s) dict_keys(['example_nested_branch_dag']) retrieved from /home/airflow/.local/lib/python3.8/site-packages/airflow/example_dags/example_nested_branch_dag.py
[2023-12-14T13:58:52.410+0000] {logging_mixin.py:151} INFO - [2023-12-14T13:58:52.409+0000] {dag.py:2915} INFO - Sync 1 DAGs
[2023-12-14T13:58:52.433+0000] {logging_mixin.py:151} INFO - [2023-12-14T13:58:52.433+0000] {dag.py:3696} INFO - Setting next_dagrun for example_nested_branch_dag to 2023-12-13T00:00:00+00:00, run_after=2023-12-14T00:00:00+00:00
[2023-12-14T13:58:52.460+0000] {processor.py:179} INFO - Processing /home/airflow/.local/lib/python3.8/site-packages/airflow/example_dags/example_nested_branch_dag.py took 0.089 seconds
[2023-12-14T13:59:22.881+0000] {processor.py:157} INFO - Started process (PID=1414) to work on /home/airflow/.local/lib/python3.8/site-packages/airflow/example_dags/example_nested_branch_dag.py
[2023-12-14T13:59:22.882+0000] {processor.py:829} INFO - Processing file /home/airflow/.local/lib/python3.8/site-packages/airflow/example_dags/example_nested_branch_dag.py for tasks to queue
[2023-12-14T13:59:22.883+0000] {logging_mixin.py:151} INFO - [2023-12-14T13:59:22.883+0000] {dagbag.py:539} INFO - Filling up the DagBag from /home/airflow/.local/lib/python3.8/site-packages/airflow/example_dags/example_nested_branch_dag.py
[2023-12-14T13:59:22.893+0000] {processor.py:839} INFO - DAG(s) dict_keys(['example_nested_branch_dag']) retrieved from /home/airflow/.local/lib/python3.8/site-packages/airflow/example_dags/example_nested_branch_dag.py
[2023-12-14T13:59:22.917+0000] {logging_mixin.py:151} INFO - [2023-12-14T13:59:22.916+0000] {dag.py:2915} INFO - Sync 1 DAGs
[2023-12-14T13:59:22.942+0000] {logging_mixin.py:151} INFO - [2023-12-14T13:59:22.942+0000] {dag.py:3696} INFO - Setting next_dagrun for example_nested_branch_dag to 2023-12-13T00:00:00+00:00, run_after=2023-12-14T00:00:00+00:00
[2023-12-14T13:59:22.971+0000] {processor.py:179} INFO - Processing /home/airflow/.local/lib/python3.8/site-packages/airflow/example_dags/example_nested_branch_dag.py took 0.095 seconds
[2023-12-14T13:59:53.535+0000] {processor.py:157} INFO - Started process (PID=1468) to work on /home/airflow/.local/lib/python3.8/site-packages/airflow/example_dags/example_nested_branch_dag.py
[2023-12-14T13:59:53.535+0000] {processor.py:829} INFO - Processing file /home/airflow/.local/lib/python3.8/site-packages/airflow/example_dags/example_nested_branch_dag.py for tasks to queue
[2023-12-14T13:59:53.537+0000] {logging_mixin.py:151} INFO - [2023-12-14T13:59:53.536+0000] {dagbag.py:539} INFO - Filling up the DagBag from /home/airflow/.local/lib/python3.8/site-packages/airflow/example_dags/example_nested_branch_dag.py
[2023-12-14T13:59:53.548+0000] {processor.py:839} INFO - DAG(s) dict_keys(['example_nested_branch_dag']) retrieved from /home/airflow/.local/lib/python3.8/site-packages/airflow/example_dags/example_nested_branch_dag.py
[2023-12-14T13:59:53.575+0000] {logging_mixin.py:151} INFO - [2023-12-14T13:59:53.575+0000] {dag.py:2915} INFO - Sync 1 DAGs
[2023-12-14T13:59:53.602+0000] {logging_mixin.py:151} INFO - [2023-12-14T13:59:53.601+0000] {dag.py:3696} INFO - Setting next_dagrun for example_nested_branch_dag to 2023-12-13T00:00:00+00:00, run_after=2023-12-14T00:00:00+00:00
[2023-12-14T13:59:53.640+0000] {processor.py:179} INFO - Processing /home/airflow/.local/lib/python3.8/site-packages/airflow/example_dags/example_nested_branch_dag.py took 0.109 seconds
[2023-12-14T14:00:23.929+0000] {processor.py:157} INFO - Started process (PID=1522) to work on /home/airflow/.local/lib/python3.8/site-packages/airflow/example_dags/example_nested_branch_dag.py
[2023-12-14T14:00:23.931+0000] {processor.py:829} INFO - Processing file /home/airflow/.local/lib/python3.8/site-packages/airflow/example_dags/example_nested_branch_dag.py for tasks to queue
[2023-12-14T14:00:23.932+0000] {logging_mixin.py:151} INFO - [2023-12-14T14:00:23.932+0000] {dagbag.py:539} INFO - Filling up the DagBag from /home/airflow/.local/lib/python3.8/site-packages/airflow/example_dags/example_nested_branch_dag.py
[2023-12-14T14:00:23.944+0000] {processor.py:839} INFO - DAG(s) dict_keys(['example_nested_branch_dag']) retrieved from /home/airflow/.local/lib/python3.8/site-packages/airflow/example_dags/example_nested_branch_dag.py
[2023-12-14T14:00:23.968+0000] {logging_mixin.py:151} INFO - [2023-12-14T14:00:23.967+0000] {dag.py:2915} INFO - Sync 1 DAGs
[2023-12-14T14:00:23.992+0000] {logging_mixin.py:151} INFO - [2023-12-14T14:00:23.992+0000] {dag.py:3696} INFO - Setting next_dagrun for example_nested_branch_dag to 2023-12-13T00:00:00+00:00, run_after=2023-12-14T00:00:00+00:00
[2023-12-14T14:00:24.017+0000] {processor.py:179} INFO - Processing /home/airflow/.local/lib/python3.8/site-packages/airflow/example_dags/example_nested_branch_dag.py took 0.091 seconds
[2023-12-14T14:00:54.352+0000] {processor.py:157} INFO - Started process (PID=1576) to work on /home/airflow/.local/lib/python3.8/site-packages/airflow/example_dags/example_nested_branch_dag.py
[2023-12-14T14:00:54.353+0000] {processor.py:829} INFO - Processing file /home/airflow/.local/lib/python3.8/site-packages/airflow/example_dags/example_nested_branch_dag.py for tasks to queue
[2023-12-14T14:00:54.354+0000] {logging_mixin.py:151} INFO - [2023-12-14T14:00:54.353+0000] {dagbag.py:539} INFO - Filling up the DagBag from /home/airflow/.local/lib/python3.8/site-packages/airflow/example_dags/example_nested_branch_dag.py
[2023-12-14T14:00:54.364+0000] {processor.py:839} INFO - DAG(s) dict_keys(['example_nested_branch_dag']) retrieved from /home/airflow/.local/lib/python3.8/site-packages/airflow/example_dags/example_nested_branch_dag.py
[2023-12-14T14:00:54.386+0000] {logging_mixin.py:151} INFO - [2023-12-14T14:00:54.386+0000] {dag.py:2915} INFO - Sync 1 DAGs
[2023-12-14T14:00:54.408+0000] {logging_mixin.py:151} INFO - [2023-12-14T14:00:54.408+0000] {dag.py:3696} INFO - Setting next_dagrun for example_nested_branch_dag to 2023-12-13T00:00:00+00:00, run_after=2023-12-14T00:00:00+00:00
[2023-12-14T14:00:54.435+0000] {processor.py:179} INFO - Processing /home/airflow/.local/lib/python3.8/site-packages/airflow/example_dags/example_nested_branch_dag.py took 0.086 seconds
[2023-12-14T14:01:24.701+0000] {processor.py:157} INFO - Started process (PID=1630) to work on /home/airflow/.local/lib/python3.8/site-packages/airflow/example_dags/example_nested_branch_dag.py
[2023-12-14T14:01:24.702+0000] {processor.py:829} INFO - Processing file /home/airflow/.local/lib/python3.8/site-packages/airflow/example_dags/example_nested_branch_dag.py for tasks to queue
[2023-12-14T14:01:24.704+0000] {logging_mixin.py:151} INFO - [2023-12-14T14:01:24.703+0000] {dagbag.py:539} INFO - Filling up the DagBag from /home/airflow/.local/lib/python3.8/site-packages/airflow/example_dags/example_nested_branch_dag.py
[2023-12-14T14:01:24.722+0000] {processor.py:839} INFO - DAG(s) dict_keys(['example_nested_branch_dag']) retrieved from /home/airflow/.local/lib/python3.8/site-packages/airflow/example_dags/example_nested_branch_dag.py
[2023-12-14T14:01:24.776+0000] {logging_mixin.py:151} INFO - [2023-12-14T14:01:24.775+0000] {dag.py:2915} INFO - Sync 1 DAGs
[2023-12-14T14:01:24.809+0000] {logging_mixin.py:151} INFO - [2023-12-14T14:01:24.809+0000] {dag.py:3696} INFO - Setting next_dagrun for example_nested_branch_dag to 2023-12-13T00:00:00+00:00, run_after=2023-12-14T00:00:00+00:00
[2023-12-14T14:01:24.833+0000] {processor.py:179} INFO - Processing /home/airflow/.local/lib/python3.8/site-packages/airflow/example_dags/example_nested_branch_dag.py took 0.136 seconds
[2023-12-14T14:01:55.226+0000] {processor.py:157} INFO - Started process (PID=1684) to work on /home/airflow/.local/lib/python3.8/site-packages/airflow/example_dags/example_nested_branch_dag.py
[2023-12-14T14:01:55.227+0000] {processor.py:829} INFO - Processing file /home/airflow/.local/lib/python3.8/site-packages/airflow/example_dags/example_nested_branch_dag.py for tasks to queue
[2023-12-14T14:01:55.228+0000] {logging_mixin.py:151} INFO - [2023-12-14T14:01:55.228+0000] {dagbag.py:539} INFO - Filling up the DagBag from /home/airflow/.local/lib/python3.8/site-packages/airflow/example_dags/example_nested_branch_dag.py
[2023-12-14T14:01:55.241+0000] {processor.py:839} INFO - DAG(s) dict_keys(['example_nested_branch_dag']) retrieved from /home/airflow/.local/lib/python3.8/site-packages/airflow/example_dags/example_nested_branch_dag.py
[2023-12-14T14:01:55.269+0000] {logging_mixin.py:151} INFO - [2023-12-14T14:01:55.268+0000] {dag.py:2915} INFO - Sync 1 DAGs
[2023-12-14T14:01:55.291+0000] {logging_mixin.py:151} INFO - [2023-12-14T14:01:55.291+0000] {dag.py:3696} INFO - Setting next_dagrun for example_nested_branch_dag to 2023-12-13T00:00:00+00:00, run_after=2023-12-14T00:00:00+00:00
[2023-12-14T14:01:55.313+0000] {processor.py:179} INFO - Processing /home/airflow/.local/lib/python3.8/site-packages/airflow/example_dags/example_nested_branch_dag.py took 0.092 seconds
[2023-12-14T14:02:25.606+0000] {processor.py:157} INFO - Started process (PID=1738) to work on /home/airflow/.local/lib/python3.8/site-packages/airflow/example_dags/example_nested_branch_dag.py
[2023-12-14T14:02:25.607+0000] {processor.py:829} INFO - Processing file /home/airflow/.local/lib/python3.8/site-packages/airflow/example_dags/example_nested_branch_dag.py for tasks to queue
[2023-12-14T14:02:25.609+0000] {logging_mixin.py:151} INFO - [2023-12-14T14:02:25.608+0000] {dagbag.py:539} INFO - Filling up the DagBag from /home/airflow/.local/lib/python3.8/site-packages/airflow/example_dags/example_nested_branch_dag.py
[2023-12-14T14:02:25.624+0000] {processor.py:839} INFO - DAG(s) dict_keys(['example_nested_branch_dag']) retrieved from /home/airflow/.local/lib/python3.8/site-packages/airflow/example_dags/example_nested_branch_dag.py
[2023-12-14T14:02:25.657+0000] {logging_mixin.py:151} INFO - [2023-12-14T14:02:25.657+0000] {dag.py:2915} INFO - Sync 1 DAGs
[2023-12-14T14:02:25.685+0000] {logging_mixin.py:151} INFO - [2023-12-14T14:02:25.685+0000] {dag.py:3696} INFO - Setting next_dagrun for example_nested_branch_dag to 2023-12-13T00:00:00+00:00, run_after=2023-12-14T00:00:00+00:00
[2023-12-14T14:02:25.708+0000] {processor.py:179} INFO - Processing /home/airflow/.local/lib/python3.8/site-packages/airflow/example_dags/example_nested_branch_dag.py took 0.107 seconds
[2023-12-14T14:02:56.011+0000] {processor.py:157} INFO - Started process (PID=1792) to work on /home/airflow/.local/lib/python3.8/site-packages/airflow/example_dags/example_nested_branch_dag.py
[2023-12-14T14:02:56.012+0000] {processor.py:829} INFO - Processing file /home/airflow/.local/lib/python3.8/site-packages/airflow/example_dags/example_nested_branch_dag.py for tasks to queue
[2023-12-14T14:02:56.013+0000] {logging_mixin.py:151} INFO - [2023-12-14T14:02:56.012+0000] {dagbag.py:539} INFO - Filling up the DagBag from /home/airflow/.local/lib/python3.8/site-packages/airflow/example_dags/example_nested_branch_dag.py
[2023-12-14T14:02:56.025+0000] {processor.py:839} INFO - DAG(s) dict_keys(['example_nested_branch_dag']) retrieved from /home/airflow/.local/lib/python3.8/site-packages/airflow/example_dags/example_nested_branch_dag.py
[2023-12-14T14:02:56.052+0000] {logging_mixin.py:151} INFO - [2023-12-14T14:02:56.052+0000] {dag.py:2915} INFO - Sync 1 DAGs
[2023-12-14T14:02:56.081+0000] {logging_mixin.py:151} INFO - [2023-12-14T14:02:56.081+0000] {dag.py:3696} INFO - Setting next_dagrun for example_nested_branch_dag to 2023-12-13T00:00:00+00:00, run_after=2023-12-14T00:00:00+00:00
[2023-12-14T14:02:56.104+0000] {processor.py:179} INFO - Processing /home/airflow/.local/lib/python3.8/site-packages/airflow/example_dags/example_nested_branch_dag.py took 0.097 seconds
[2023-12-14T14:03:26.314+0000] {processor.py:157} INFO - Started process (PID=1846) to work on /home/airflow/.local/lib/python3.8/site-packages/airflow/example_dags/example_nested_branch_dag.py
[2023-12-14T14:03:26.315+0000] {processor.py:829} INFO - Processing file /home/airflow/.local/lib/python3.8/site-packages/airflow/example_dags/example_nested_branch_dag.py for tasks to queue
[2023-12-14T14:03:26.316+0000] {logging_mixin.py:151} INFO - [2023-12-14T14:03:26.316+0000] {dagbag.py:539} INFO - Filling up the DagBag from /home/airflow/.local/lib/python3.8/site-packages/airflow/example_dags/example_nested_branch_dag.py
[2023-12-14T14:03:26.327+0000] {processor.py:839} INFO - DAG(s) dict_keys(['example_nested_branch_dag']) retrieved from /home/airflow/.local/lib/python3.8/site-packages/airflow/example_dags/example_nested_branch_dag.py
[2023-12-14T14:03:26.351+0000] {logging_mixin.py:151} INFO - [2023-12-14T14:03:26.351+0000] {dag.py:2915} INFO - Sync 1 DAGs
[2023-12-14T14:03:26.378+0000] {logging_mixin.py:151} INFO - [2023-12-14T14:03:26.377+0000] {dag.py:3696} INFO - Setting next_dagrun for example_nested_branch_dag to 2023-12-13T00:00:00+00:00, run_after=2023-12-14T00:00:00+00:00
[2023-12-14T14:03:26.403+0000] {processor.py:179} INFO - Processing /home/airflow/.local/lib/python3.8/site-packages/airflow/example_dags/example_nested_branch_dag.py took 0.094 seconds
[2023-12-14T14:03:56.968+0000] {processor.py:157} INFO - Started process (PID=1900) to work on /home/airflow/.local/lib/python3.8/site-packages/airflow/example_dags/example_nested_branch_dag.py
[2023-12-14T14:03:56.970+0000] {processor.py:829} INFO - Processing file /home/airflow/.local/lib/python3.8/site-packages/airflow/example_dags/example_nested_branch_dag.py for tasks to queue
[2023-12-14T14:03:56.971+0000] {logging_mixin.py:151} INFO - [2023-12-14T14:03:56.971+0000] {dagbag.py:539} INFO - Filling up the DagBag from /home/airflow/.local/lib/python3.8/site-packages/airflow/example_dags/example_nested_branch_dag.py
[2023-12-14T14:03:56.985+0000] {processor.py:839} INFO - DAG(s) dict_keys(['example_nested_branch_dag']) retrieved from /home/airflow/.local/lib/python3.8/site-packages/airflow/example_dags/example_nested_branch_dag.py
[2023-12-14T14:03:57.014+0000] {logging_mixin.py:151} INFO - [2023-12-14T14:03:57.014+0000] {dag.py:2915} INFO - Sync 1 DAGs
[2023-12-14T14:03:57.042+0000] {logging_mixin.py:151} INFO - [2023-12-14T14:03:57.042+0000] {dag.py:3696} INFO - Setting next_dagrun for example_nested_branch_dag to 2023-12-13T00:00:00+00:00, run_after=2023-12-14T00:00:00+00:00
[2023-12-14T14:03:57.069+0000] {processor.py:179} INFO - Processing /home/airflow/.local/lib/python3.8/site-packages/airflow/example_dags/example_nested_branch_dag.py took 0.105 seconds
[2023-12-14T14:04:27.641+0000] {processor.py:157} INFO - Started process (PID=1954) to work on /home/airflow/.local/lib/python3.8/site-packages/airflow/example_dags/example_nested_branch_dag.py
[2023-12-14T14:04:27.642+0000] {processor.py:829} INFO - Processing file /home/airflow/.local/lib/python3.8/site-packages/airflow/example_dags/example_nested_branch_dag.py for tasks to queue
[2023-12-14T14:04:27.643+0000] {logging_mixin.py:151} INFO - [2023-12-14T14:04:27.643+0000] {dagbag.py:539} INFO - Filling up the DagBag from /home/airflow/.local/lib/python3.8/site-packages/airflow/example_dags/example_nested_branch_dag.py
[2023-12-14T14:04:27.657+0000] {processor.py:839} INFO - DAG(s) dict_keys(['example_nested_branch_dag']) retrieved from /home/airflow/.local/lib/python3.8/site-packages/airflow/example_dags/example_nested_branch_dag.py
[2023-12-14T14:04:27.685+0000] {logging_mixin.py:151} INFO - [2023-12-14T14:04:27.685+0000] {dag.py:2915} INFO - Sync 1 DAGs
[2023-12-14T14:04:27.711+0000] {logging_mixin.py:151} INFO - [2023-12-14T14:04:27.711+0000] {dag.py:3696} INFO - Setting next_dagrun for example_nested_branch_dag to 2023-12-13T00:00:00+00:00, run_after=2023-12-14T00:00:00+00:00
[2023-12-14T14:04:27.740+0000] {processor.py:179} INFO - Processing /home/airflow/.local/lib/python3.8/site-packages/airflow/example_dags/example_nested_branch_dag.py took 0.103 seconds
[2023-12-14T14:04:58.611+0000] {processor.py:157} INFO - Started process (PID=2008) to work on /home/airflow/.local/lib/python3.8/site-packages/airflow/example_dags/example_nested_branch_dag.py
[2023-12-14T14:04:58.612+0000] {processor.py:829} INFO - Processing file /home/airflow/.local/lib/python3.8/site-packages/airflow/example_dags/example_nested_branch_dag.py for tasks to queue
[2023-12-14T14:04:58.614+0000] {logging_mixin.py:151} INFO - [2023-12-14T14:04:58.613+0000] {dagbag.py:539} INFO - Filling up the DagBag from /home/airflow/.local/lib/python3.8/site-packages/airflow/example_dags/example_nested_branch_dag.py
[2023-12-14T14:04:58.631+0000] {processor.py:839} INFO - DAG(s) dict_keys(['example_nested_branch_dag']) retrieved from /home/airflow/.local/lib/python3.8/site-packages/airflow/example_dags/example_nested_branch_dag.py
[2023-12-14T14:04:58.662+0000] {logging_mixin.py:151} INFO - [2023-12-14T14:04:58.662+0000] {dag.py:2915} INFO - Sync 1 DAGs
[2023-12-14T14:04:58.692+0000] {logging_mixin.py:151} INFO - [2023-12-14T14:04:58.692+0000] {dag.py:3696} INFO - Setting next_dagrun for example_nested_branch_dag to 2023-12-13T00:00:00+00:00, run_after=2023-12-14T00:00:00+00:00
[2023-12-14T14:04:58.721+0000] {processor.py:179} INFO - Processing /home/airflow/.local/lib/python3.8/site-packages/airflow/example_dags/example_nested_branch_dag.py took 0.113 seconds
[2023-12-14T14:05:29.169+0000] {processor.py:157} INFO - Started process (PID=2062) to work on /home/airflow/.local/lib/python3.8/site-packages/airflow/example_dags/example_nested_branch_dag.py
[2023-12-14T14:05:29.170+0000] {processor.py:829} INFO - Processing file /home/airflow/.local/lib/python3.8/site-packages/airflow/example_dags/example_nested_branch_dag.py for tasks to queue
[2023-12-14T14:05:29.171+0000] {logging_mixin.py:151} INFO - [2023-12-14T14:05:29.171+0000] {dagbag.py:539} INFO - Filling up the DagBag from /home/airflow/.local/lib/python3.8/site-packages/airflow/example_dags/example_nested_branch_dag.py
[2023-12-14T14:05:29.181+0000] {processor.py:839} INFO - DAG(s) dict_keys(['example_nested_branch_dag']) retrieved from /home/airflow/.local/lib/python3.8/site-packages/airflow/example_dags/example_nested_branch_dag.py
[2023-12-14T14:05:29.204+0000] {logging_mixin.py:151} INFO - [2023-12-14T14:05:29.203+0000] {dag.py:2915} INFO - Sync 1 DAGs
[2023-12-14T14:05:29.228+0000] {logging_mixin.py:151} INFO - [2023-12-14T14:05:29.228+0000] {dag.py:3696} INFO - Setting next_dagrun for example_nested_branch_dag to 2023-12-13T00:00:00+00:00, run_after=2023-12-14T00:00:00+00:00
[2023-12-14T14:05:29.254+0000] {processor.py:179} INFO - Processing /home/airflow/.local/lib/python3.8/site-packages/airflow/example_dags/example_nested_branch_dag.py took 0.088 seconds
[2023-12-14T14:05:59.507+0000] {processor.py:157} INFO - Started process (PID=2116) to work on /home/airflow/.local/lib/python3.8/site-packages/airflow/example_dags/example_nested_branch_dag.py
[2023-12-14T14:05:59.508+0000] {processor.py:829} INFO - Processing file /home/airflow/.local/lib/python3.8/site-packages/airflow/example_dags/example_nested_branch_dag.py for tasks to queue
[2023-12-14T14:05:59.509+0000] {logging_mixin.py:151} INFO - [2023-12-14T14:05:59.509+0000] {dagbag.py:539} INFO - Filling up the DagBag from /home/airflow/.local/lib/python3.8/site-packages/airflow/example_dags/example_nested_branch_dag.py
[2023-12-14T14:05:59.522+0000] {processor.py:839} INFO - DAG(s) dict_keys(['example_nested_branch_dag']) retrieved from /home/airflow/.local/lib/python3.8/site-packages/airflow/example_dags/example_nested_branch_dag.py
[2023-12-14T14:05:59.548+0000] {logging_mixin.py:151} INFO - [2023-12-14T14:05:59.548+0000] {dag.py:2915} INFO - Sync 1 DAGs
[2023-12-14T14:05:59.571+0000] {logging_mixin.py:151} INFO - [2023-12-14T14:05:59.571+0000] {dag.py:3696} INFO - Setting next_dagrun for example_nested_branch_dag to 2023-12-13T00:00:00+00:00, run_after=2023-12-14T00:00:00+00:00
[2023-12-14T14:05:59.594+0000] {processor.py:179} INFO - Processing /home/airflow/.local/lib/python3.8/site-packages/airflow/example_dags/example_nested_branch_dag.py took 0.091 seconds
[2023-12-14T14:12:46.967+0000] {processor.py:157} INFO - Started process (PID=65) to work on /home/airflow/.local/lib/python3.8/site-packages/airflow/example_dags/example_nested_branch_dag.py
[2023-12-14T14:12:46.992+0000] {processor.py:829} INFO - Processing file /home/airflow/.local/lib/python3.8/site-packages/airflow/example_dags/example_nested_branch_dag.py for tasks to queue
[2023-12-14T14:12:46.994+0000] {logging_mixin.py:151} INFO - [2023-12-14T14:12:46.993+0000] {dagbag.py:539} INFO - Filling up the DagBag from /home/airflow/.local/lib/python3.8/site-packages/airflow/example_dags/example_nested_branch_dag.py
[2023-12-14T14:12:48.025+0000] {processor.py:839} INFO - DAG(s) dict_keys(['example_nested_branch_dag']) retrieved from /home/airflow/.local/lib/python3.8/site-packages/airflow/example_dags/example_nested_branch_dag.py
[2023-12-14T14:12:48.125+0000] {logging_mixin.py:151} INFO - [2023-12-14T14:12:48.125+0000] {dag.py:2915} INFO - Sync 1 DAGs
[2023-12-14T14:12:48.220+0000] {logging_mixin.py:151} INFO - [2023-12-14T14:12:48.219+0000] {dag.py:3696} INFO - Setting next_dagrun for example_nested_branch_dag to 2023-12-13T00:00:00+00:00, run_after=2023-12-14T00:00:00+00:00
[2023-12-14T14:12:49.259+0000] {processor.py:179} INFO - Processing /home/airflow/.local/lib/python3.8/site-packages/airflow/example_dags/example_nested_branch_dag.py took 2.296 seconds
[2023-12-14T14:13:28.408+0000] {processor.py:157} INFO - Started process (PID=119) to work on /home/airflow/.local/lib/python3.8/site-packages/airflow/example_dags/example_nested_branch_dag.py
[2023-12-14T14:13:28.410+0000] {processor.py:829} INFO - Processing file /home/airflow/.local/lib/python3.8/site-packages/airflow/example_dags/example_nested_branch_dag.py for tasks to queue
[2023-12-14T14:13:28.412+0000] {logging_mixin.py:151} INFO - [2023-12-14T14:13:28.411+0000] {dagbag.py:539} INFO - Filling up the DagBag from /home/airflow/.local/lib/python3.8/site-packages/airflow/example_dags/example_nested_branch_dag.py
[2023-12-14T14:13:28.435+0000] {processor.py:839} INFO - DAG(s) dict_keys(['example_nested_branch_dag']) retrieved from /home/airflow/.local/lib/python3.8/site-packages/airflow/example_dags/example_nested_branch_dag.py
[2023-12-14T14:13:28.486+0000] {logging_mixin.py:151} INFO - [2023-12-14T14:13:28.485+0000] {dag.py:2915} INFO - Sync 1 DAGs
[2023-12-14T14:13:28.547+0000] {logging_mixin.py:151} INFO - [2023-12-14T14:13:28.547+0000] {dag.py:3696} INFO - Setting next_dagrun for example_nested_branch_dag to 2023-12-13T00:00:00+00:00, run_after=2023-12-14T00:00:00+00:00
[2023-12-14T14:13:28.603+0000] {processor.py:179} INFO - Processing /home/airflow/.local/lib/python3.8/site-packages/airflow/example_dags/example_nested_branch_dag.py took 0.202 seconds
[2023-12-14T14:13:59.236+0000] {processor.py:157} INFO - Started process (PID=173) to work on /home/airflow/.local/lib/python3.8/site-packages/airflow/example_dags/example_nested_branch_dag.py
[2023-12-14T14:13:59.239+0000] {processor.py:829} INFO - Processing file /home/airflow/.local/lib/python3.8/site-packages/airflow/example_dags/example_nested_branch_dag.py for tasks to queue
[2023-12-14T14:13:59.241+0000] {logging_mixin.py:151} INFO - [2023-12-14T14:13:59.240+0000] {dagbag.py:539} INFO - Filling up the DagBag from /home/airflow/.local/lib/python3.8/site-packages/airflow/example_dags/example_nested_branch_dag.py
[2023-12-14T14:13:59.262+0000] {processor.py:839} INFO - DAG(s) dict_keys(['example_nested_branch_dag']) retrieved from /home/airflow/.local/lib/python3.8/site-packages/airflow/example_dags/example_nested_branch_dag.py
[2023-12-14T14:13:59.332+0000] {logging_mixin.py:151} INFO - [2023-12-14T14:13:59.332+0000] {dag.py:2915} INFO - Sync 1 DAGs
[2023-12-14T14:13:59.382+0000] {logging_mixin.py:151} INFO - [2023-12-14T14:13:59.382+0000] {dag.py:3696} INFO - Setting next_dagrun for example_nested_branch_dag to 2023-12-13T00:00:00+00:00, run_after=2023-12-14T00:00:00+00:00
[2023-12-14T14:13:59.421+0000] {processor.py:179} INFO - Processing /home/airflow/.local/lib/python3.8/site-packages/airflow/example_dags/example_nested_branch_dag.py took 0.191 seconds
[2023-12-14T14:14:30.046+0000] {processor.py:157} INFO - Started process (PID=227) to work on /home/airflow/.local/lib/python3.8/site-packages/airflow/example_dags/example_nested_branch_dag.py
[2023-12-14T14:14:30.047+0000] {processor.py:829} INFO - Processing file /home/airflow/.local/lib/python3.8/site-packages/airflow/example_dags/example_nested_branch_dag.py for tasks to queue
[2023-12-14T14:14:30.048+0000] {logging_mixin.py:151} INFO - [2023-12-14T14:14:30.048+0000] {dagbag.py:539} INFO - Filling up the DagBag from /home/airflow/.local/lib/python3.8/site-packages/airflow/example_dags/example_nested_branch_dag.py
[2023-12-14T14:14:30.062+0000] {processor.py:839} INFO - DAG(s) dict_keys(['example_nested_branch_dag']) retrieved from /home/airflow/.local/lib/python3.8/site-packages/airflow/example_dags/example_nested_branch_dag.py
[2023-12-14T14:14:30.094+0000] {logging_mixin.py:151} INFO - [2023-12-14T14:14:30.093+0000] {dag.py:2915} INFO - Sync 1 DAGs
[2023-12-14T14:14:30.126+0000] {logging_mixin.py:151} INFO - [2023-12-14T14:14:30.126+0000] {dag.py:3696} INFO - Setting next_dagrun for example_nested_branch_dag to 2023-12-13T00:00:00+00:00, run_after=2023-12-14T00:00:00+00:00
[2023-12-14T14:14:30.158+0000] {processor.py:179} INFO - Processing /home/airflow/.local/lib/python3.8/site-packages/airflow/example_dags/example_nested_branch_dag.py took 0.116 seconds
