[2023-12-04T00:36:57.502+0000] {processor.py:157} INFO - Started process (PID=56702) to work on /home/airflow/.local/lib/python3.8/site-packages/airflow/example_dags/example_branch_datetime_operator.py
[2023-12-04T00:36:57.503+0000] {processor.py:829} INFO - Processing file /home/airflow/.local/lib/python3.8/site-packages/airflow/example_dags/example_branch_datetime_operator.py for tasks to queue
[2023-12-04T00:36:57.505+0000] {logging_mixin.py:151} INFO - [2023-12-04T00:36:57.504+0000] {dagbag.py:539} INFO - Filling up the DagBag from /home/airflow/.local/lib/python3.8/site-packages/airflow/example_dags/example_branch_datetime_operator.py
[2023-12-04T00:36:57.512+0000] {processor.py:839} INFO - DAG(s) dict_keys(['example_branch_datetime_operator_3', 'example_branch_datetime_operator_2', 'example_branch_datetime_operator']) retrieved from /home/airflow/.local/lib/python3.8/site-packages/airflow/example_dags/example_branch_datetime_operator.py
[2023-12-04T00:36:57.532+0000] {logging_mixin.py:151} INFO - [2023-12-04T00:36:57.532+0000] {dag.py:2915} INFO - Sync 3 DAGs
[2023-12-04T00:36:57.553+0000] {logging_mixin.py:151} INFO - [2023-12-04T00:36:57.553+0000] {dag.py:3696} INFO - Setting next_dagrun for example_branch_datetime_operator to 2023-12-03T00:00:00+00:00, run_after=2023-12-04T00:00:00+00:00
[2023-12-04T00:36:57.557+0000] {logging_mixin.py:151} INFO - [2023-12-04T00:36:57.557+0000] {dag.py:3696} INFO - Setting next_dagrun for example_branch_datetime_operator_2 to 2023-12-03T00:00:00+00:00, run_after=2023-12-04T00:00:00+00:00
[2023-12-04T00:36:57.559+0000] {logging_mixin.py:151} INFO - [2023-12-04T00:36:57.559+0000] {dag.py:3696} INFO - Setting next_dagrun for example_branch_datetime_operator_3 to 2023-12-03T00:00:00+00:00, run_after=2023-12-04T00:00:00+00:00
[2023-12-04T00:36:57.569+0000] {processor.py:179} INFO - Processing /home/airflow/.local/lib/python3.8/site-packages/airflow/example_dags/example_branch_datetime_operator.py took 0.070 seconds
[2023-12-04T00:52:36.942+0000] {processor.py:157} INFO - Started process (PID=56756) to work on /home/airflow/.local/lib/python3.8/site-packages/airflow/example_dags/example_branch_datetime_operator.py
[2023-12-04T00:52:36.943+0000] {processor.py:829} INFO - Processing file /home/airflow/.local/lib/python3.8/site-packages/airflow/example_dags/example_branch_datetime_operator.py for tasks to queue
[2023-12-04T00:52:36.944+0000] {logging_mixin.py:151} INFO - [2023-12-04T00:52:36.944+0000] {dagbag.py:539} INFO - Filling up the DagBag from /home/airflow/.local/lib/python3.8/site-packages/airflow/example_dags/example_branch_datetime_operator.py
[2023-12-04T00:52:36.951+0000] {processor.py:839} INFO - DAG(s) dict_keys(['example_branch_datetime_operator', 'example_branch_datetime_operator_2', 'example_branch_datetime_operator_3']) retrieved from /home/airflow/.local/lib/python3.8/site-packages/airflow/example_dags/example_branch_datetime_operator.py
[2023-12-04T00:52:36.973+0000] {logging_mixin.py:151} INFO - [2023-12-04T00:52:36.972+0000] {dag.py:2915} INFO - Sync 3 DAGs
[2023-12-04T00:52:36.989+0000] {logging_mixin.py:151} INFO - [2023-12-04T00:52:36.989+0000] {dag.py:3696} INFO - Setting next_dagrun for example_branch_datetime_operator to 2023-12-03T00:00:00+00:00, run_after=2023-12-04T00:00:00+00:00
[2023-12-04T00:52:36.992+0000] {logging_mixin.py:151} INFO - [2023-12-04T00:52:36.992+0000] {dag.py:3696} INFO - Setting next_dagrun for example_branch_datetime_operator_2 to 2023-12-03T00:00:00+00:00, run_after=2023-12-04T00:00:00+00:00
[2023-12-04T00:52:36.994+0000] {logging_mixin.py:151} INFO - [2023-12-04T00:52:36.993+0000] {dag.py:3696} INFO - Setting next_dagrun for example_branch_datetime_operator_3 to 2023-12-03T00:00:00+00:00, run_after=2023-12-04T00:00:00+00:00
[2023-12-04T00:52:37.003+0000] {processor.py:179} INFO - Processing /home/airflow/.local/lib/python3.8/site-packages/airflow/example_dags/example_branch_datetime_operator.py took 0.063 seconds
[2023-12-04T01:58:50.116+0000] {processor.py:157} INFO - Started process (PID=56810) to work on /home/airflow/.local/lib/python3.8/site-packages/airflow/example_dags/example_branch_datetime_operator.py
[2023-12-04T01:58:50.119+0000] {processor.py:829} INFO - Processing file /home/airflow/.local/lib/python3.8/site-packages/airflow/example_dags/example_branch_datetime_operator.py for tasks to queue
[2023-12-04T01:58:50.126+0000] {logging_mixin.py:151} INFO - [2023-12-04T01:58:50.125+0000] {dagbag.py:539} INFO - Filling up the DagBag from /home/airflow/.local/lib/python3.8/site-packages/airflow/example_dags/example_branch_datetime_operator.py
[2023-12-04T01:58:50.164+0000] {processor.py:839} INFO - DAG(s) dict_keys(['example_branch_datetime_operator_2', 'example_branch_datetime_operator_3', 'example_branch_datetime_operator']) retrieved from /home/airflow/.local/lib/python3.8/site-packages/airflow/example_dags/example_branch_datetime_operator.py
[2023-12-04T01:58:50.295+0000] {logging_mixin.py:151} INFO - [2023-12-04T01:58:50.295+0000] {dag.py:2915} INFO - Sync 3 DAGs
[2023-12-04T01:58:50.365+0000] {logging_mixin.py:151} INFO - [2023-12-04T01:58:50.365+0000] {dag.py:3696} INFO - Setting next_dagrun for example_branch_datetime_operator to 2023-12-03T00:00:00+00:00, run_after=2023-12-04T00:00:00+00:00
[2023-12-04T01:58:50.370+0000] {logging_mixin.py:151} INFO - [2023-12-04T01:58:50.370+0000] {dag.py:3696} INFO - Setting next_dagrun for example_branch_datetime_operator_2 to 2023-12-03T00:00:00+00:00, run_after=2023-12-04T00:00:00+00:00
[2023-12-04T01:58:50.379+0000] {logging_mixin.py:151} INFO - [2023-12-04T01:58:50.378+0000] {dag.py:3696} INFO - Setting next_dagrun for example_branch_datetime_operator_3 to 2023-12-03T00:00:00+00:00, run_after=2023-12-04T00:00:00+00:00
[2023-12-04T01:58:50.408+0000] {processor.py:179} INFO - Processing /home/airflow/.local/lib/python3.8/site-packages/airflow/example_dags/example_branch_datetime_operator.py took 0.302 seconds
[2023-12-04T02:50:05.773+0000] {processor.py:157} INFO - Started process (PID=56864) to work on /home/airflow/.local/lib/python3.8/site-packages/airflow/example_dags/example_branch_datetime_operator.py
[2023-12-04T02:50:05.775+0000] {processor.py:829} INFO - Processing file /home/airflow/.local/lib/python3.8/site-packages/airflow/example_dags/example_branch_datetime_operator.py for tasks to queue
[2023-12-04T02:50:05.780+0000] {logging_mixin.py:151} INFO - [2023-12-04T02:50:05.779+0000] {dagbag.py:539} INFO - Filling up the DagBag from /home/airflow/.local/lib/python3.8/site-packages/airflow/example_dags/example_branch_datetime_operator.py
[2023-12-04T02:50:05.792+0000] {processor.py:839} INFO - DAG(s) dict_keys(['example_branch_datetime_operator', 'example_branch_datetime_operator_2', 'example_branch_datetime_operator_3']) retrieved from /home/airflow/.local/lib/python3.8/site-packages/airflow/example_dags/example_branch_datetime_operator.py
[2023-12-04T02:50:05.857+0000] {logging_mixin.py:151} INFO - [2023-12-04T02:50:05.856+0000] {dag.py:2915} INFO - Sync 3 DAGs
[2023-12-04T02:50:05.879+0000] {logging_mixin.py:151} INFO - [2023-12-04T02:50:05.879+0000] {dag.py:3696} INFO - Setting next_dagrun for example_branch_datetime_operator to 2023-12-03T00:00:00+00:00, run_after=2023-12-04T00:00:00+00:00
[2023-12-04T02:50:05.883+0000] {logging_mixin.py:151} INFO - [2023-12-04T02:50:05.883+0000] {dag.py:3696} INFO - Setting next_dagrun for example_branch_datetime_operator_2 to 2023-12-03T00:00:00+00:00, run_after=2023-12-04T00:00:00+00:00
[2023-12-04T02:50:05.886+0000] {logging_mixin.py:151} INFO - [2023-12-04T02:50:05.886+0000] {dag.py:3696} INFO - Setting next_dagrun for example_branch_datetime_operator_3 to 2023-12-03T00:00:00+00:00, run_after=2023-12-04T00:00:00+00:00
[2023-12-04T02:50:05.898+0000] {processor.py:179} INFO - Processing /home/airflow/.local/lib/python3.8/site-packages/airflow/example_dags/example_branch_datetime_operator.py took 0.133 seconds
[2023-12-04T03:27:28.281+0000] {processor.py:157} INFO - Started process (PID=56918) to work on /home/airflow/.local/lib/python3.8/site-packages/airflow/example_dags/example_branch_datetime_operator.py
[2023-12-04T03:27:28.282+0000] {processor.py:829} INFO - Processing file /home/airflow/.local/lib/python3.8/site-packages/airflow/example_dags/example_branch_datetime_operator.py for tasks to queue
[2023-12-04T03:27:28.284+0000] {logging_mixin.py:151} INFO - [2023-12-04T03:27:28.283+0000] {dagbag.py:539} INFO - Filling up the DagBag from /home/airflow/.local/lib/python3.8/site-packages/airflow/example_dags/example_branch_datetime_operator.py
[2023-12-04T03:27:28.294+0000] {processor.py:839} INFO - DAG(s) dict_keys(['example_branch_datetime_operator', 'example_branch_datetime_operator_3', 'example_branch_datetime_operator_2']) retrieved from /home/airflow/.local/lib/python3.8/site-packages/airflow/example_dags/example_branch_datetime_operator.py
[2023-12-04T03:27:28.327+0000] {logging_mixin.py:151} INFO - [2023-12-04T03:27:28.327+0000] {dag.py:2915} INFO - Sync 3 DAGs
[2023-12-04T03:27:28.347+0000] {logging_mixin.py:151} INFO - [2023-12-04T03:27:28.347+0000] {dag.py:3696} INFO - Setting next_dagrun for example_branch_datetime_operator to 2023-12-03T00:00:00+00:00, run_after=2023-12-04T00:00:00+00:00
[2023-12-04T03:27:28.350+0000] {logging_mixin.py:151} INFO - [2023-12-04T03:27:28.350+0000] {dag.py:3696} INFO - Setting next_dagrun for example_branch_datetime_operator_2 to 2023-12-03T00:00:00+00:00, run_after=2023-12-04T00:00:00+00:00
[2023-12-04T03:27:28.355+0000] {logging_mixin.py:151} INFO - [2023-12-04T03:27:28.355+0000] {dag.py:3696} INFO - Setting next_dagrun for example_branch_datetime_operator_3 to 2023-12-03T00:00:00+00:00, run_after=2023-12-04T00:00:00+00:00
[2023-12-04T03:27:28.390+0000] {processor.py:179} INFO - Processing /home/airflow/.local/lib/python3.8/site-packages/airflow/example_dags/example_branch_datetime_operator.py took 0.112 seconds
[2023-12-04T04:48:38.068+0000] {processor.py:157} INFO - Started process (PID=56972) to work on /home/airflow/.local/lib/python3.8/site-packages/airflow/example_dags/example_branch_datetime_operator.py
[2023-12-04T04:48:38.070+0000] {processor.py:829} INFO - Processing file /home/airflow/.local/lib/python3.8/site-packages/airflow/example_dags/example_branch_datetime_operator.py for tasks to queue
[2023-12-04T04:48:38.074+0000] {logging_mixin.py:151} INFO - [2023-12-04T04:48:38.074+0000] {dagbag.py:539} INFO - Filling up the DagBag from /home/airflow/.local/lib/python3.8/site-packages/airflow/example_dags/example_branch_datetime_operator.py
[2023-12-04T04:48:38.088+0000] {processor.py:839} INFO - DAG(s) dict_keys(['example_branch_datetime_operator_2', 'example_branch_datetime_operator', 'example_branch_datetime_operator_3']) retrieved from /home/airflow/.local/lib/python3.8/site-packages/airflow/example_dags/example_branch_datetime_operator.py
[2023-12-04T04:48:38.122+0000] {logging_mixin.py:151} INFO - [2023-12-04T04:48:38.122+0000] {dag.py:2915} INFO - Sync 3 DAGs
[2023-12-04T04:48:38.142+0000] {logging_mixin.py:151} INFO - [2023-12-04T04:48:38.142+0000] {dag.py:3696} INFO - Setting next_dagrun for example_branch_datetime_operator to 2023-12-03T00:00:00+00:00, run_after=2023-12-04T00:00:00+00:00
[2023-12-04T04:48:38.146+0000] {logging_mixin.py:151} INFO - [2023-12-04T04:48:38.146+0000] {dag.py:3696} INFO - Setting next_dagrun for example_branch_datetime_operator_2 to 2023-12-03T00:00:00+00:00, run_after=2023-12-04T00:00:00+00:00
[2023-12-04T04:48:38.149+0000] {logging_mixin.py:151} INFO - [2023-12-04T04:48:38.148+0000] {dag.py:3696} INFO - Setting next_dagrun for example_branch_datetime_operator_3 to 2023-12-03T00:00:00+00:00, run_after=2023-12-04T00:00:00+00:00
[2023-12-04T04:48:38.162+0000] {processor.py:179} INFO - Processing /home/airflow/.local/lib/python3.8/site-packages/airflow/example_dags/example_branch_datetime_operator.py took 0.103 seconds
[2023-12-04T05:34:46.017+0000] {processor.py:157} INFO - Started process (PID=57026) to work on /home/airflow/.local/lib/python3.8/site-packages/airflow/example_dags/example_branch_datetime_operator.py
[2023-12-04T05:34:46.018+0000] {processor.py:829} INFO - Processing file /home/airflow/.local/lib/python3.8/site-packages/airflow/example_dags/example_branch_datetime_operator.py for tasks to queue
[2023-12-04T05:34:46.020+0000] {logging_mixin.py:151} INFO - [2023-12-04T05:34:46.020+0000] {dagbag.py:539} INFO - Filling up the DagBag from /home/airflow/.local/lib/python3.8/site-packages/airflow/example_dags/example_branch_datetime_operator.py
[2023-12-04T05:34:46.027+0000] {processor.py:839} INFO - DAG(s) dict_keys(['example_branch_datetime_operator_2', 'example_branch_datetime_operator_3', 'example_branch_datetime_operator']) retrieved from /home/airflow/.local/lib/python3.8/site-packages/airflow/example_dags/example_branch_datetime_operator.py
[2023-12-04T05:34:46.043+0000] {logging_mixin.py:151} INFO - [2023-12-04T05:34:46.043+0000] {dag.py:2915} INFO - Sync 3 DAGs
[2023-12-04T05:34:46.062+0000] {logging_mixin.py:151} INFO - [2023-12-04T05:34:46.061+0000] {dag.py:3696} INFO - Setting next_dagrun for example_branch_datetime_operator to 2023-12-03T00:00:00+00:00, run_after=2023-12-04T00:00:00+00:00
[2023-12-04T05:34:46.065+0000] {logging_mixin.py:151} INFO - [2023-12-04T05:34:46.065+0000] {dag.py:3696} INFO - Setting next_dagrun for example_branch_datetime_operator_2 to 2023-12-03T00:00:00+00:00, run_after=2023-12-04T00:00:00+00:00
[2023-12-04T05:34:46.068+0000] {logging_mixin.py:151} INFO - [2023-12-04T05:34:46.068+0000] {dag.py:3696} INFO - Setting next_dagrun for example_branch_datetime_operator_3 to 2023-12-03T00:00:00+00:00, run_after=2023-12-04T00:00:00+00:00
[2023-12-04T05:34:46.083+0000] {processor.py:179} INFO - Processing /home/airflow/.local/lib/python3.8/site-packages/airflow/example_dags/example_branch_datetime_operator.py took 0.068 seconds
[2023-12-04T06:59:13.016+0000] {processor.py:157} INFO - Started process (PID=57080) to work on /home/airflow/.local/lib/python3.8/site-packages/airflow/example_dags/example_branch_datetime_operator.py
[2023-12-04T06:59:13.017+0000] {processor.py:829} INFO - Processing file /home/airflow/.local/lib/python3.8/site-packages/airflow/example_dags/example_branch_datetime_operator.py for tasks to queue
[2023-12-04T06:59:13.020+0000] {logging_mixin.py:151} INFO - [2023-12-04T06:59:13.020+0000] {dagbag.py:539} INFO - Filling up the DagBag from /home/airflow/.local/lib/python3.8/site-packages/airflow/example_dags/example_branch_datetime_operator.py
[2023-12-04T06:59:13.032+0000] {processor.py:839} INFO - DAG(s) dict_keys(['example_branch_datetime_operator_2', 'example_branch_datetime_operator', 'example_branch_datetime_operator_3']) retrieved from /home/airflow/.local/lib/python3.8/site-packages/airflow/example_dags/example_branch_datetime_operator.py
[2023-12-04T06:59:13.055+0000] {logging_mixin.py:151} INFO - [2023-12-04T06:59:13.055+0000] {dag.py:2915} INFO - Sync 3 DAGs
[2023-12-04T06:59:13.072+0000] {logging_mixin.py:151} INFO - [2023-12-04T06:59:13.072+0000] {dag.py:3696} INFO - Setting next_dagrun for example_branch_datetime_operator to 2023-12-03T00:00:00+00:00, run_after=2023-12-04T00:00:00+00:00
[2023-12-04T06:59:13.080+0000] {logging_mixin.py:151} INFO - [2023-12-04T06:59:13.080+0000] {dag.py:3696} INFO - Setting next_dagrun for example_branch_datetime_operator_2 to 2023-12-03T00:00:00+00:00, run_after=2023-12-04T00:00:00+00:00
[2023-12-04T06:59:13.083+0000] {logging_mixin.py:151} INFO - [2023-12-04T06:59:13.083+0000] {dag.py:3696} INFO - Setting next_dagrun for example_branch_datetime_operator_3 to 2023-12-03T00:00:00+00:00, run_after=2023-12-04T00:00:00+00:00
[2023-12-04T06:59:13.096+0000] {processor.py:179} INFO - Processing /home/airflow/.local/lib/python3.8/site-packages/airflow/example_dags/example_branch_datetime_operator.py took 0.088 seconds
[2023-12-04T07:35:43.891+0000] {processor.py:157} INFO - Started process (PID=57134) to work on /home/airflow/.local/lib/python3.8/site-packages/airflow/example_dags/example_branch_datetime_operator.py
[2023-12-04T07:35:43.892+0000] {processor.py:829} INFO - Processing file /home/airflow/.local/lib/python3.8/site-packages/airflow/example_dags/example_branch_datetime_operator.py for tasks to queue
[2023-12-04T07:35:43.894+0000] {logging_mixin.py:151} INFO - [2023-12-04T07:35:43.894+0000] {dagbag.py:539} INFO - Filling up the DagBag from /home/airflow/.local/lib/python3.8/site-packages/airflow/example_dags/example_branch_datetime_operator.py
[2023-12-04T07:35:43.902+0000] {processor.py:839} INFO - DAG(s) dict_keys(['example_branch_datetime_operator_3', 'example_branch_datetime_operator_2', 'example_branch_datetime_operator']) retrieved from /home/airflow/.local/lib/python3.8/site-packages/airflow/example_dags/example_branch_datetime_operator.py
[2023-12-04T07:35:43.919+0000] {logging_mixin.py:151} INFO - [2023-12-04T07:35:43.919+0000] {dag.py:2915} INFO - Sync 3 DAGs
[2023-12-04T07:35:43.941+0000] {logging_mixin.py:151} INFO - [2023-12-04T07:35:43.941+0000] {dag.py:3696} INFO - Setting next_dagrun for example_branch_datetime_operator to 2023-12-03T00:00:00+00:00, run_after=2023-12-04T00:00:00+00:00
[2023-12-04T07:35:43.944+0000] {logging_mixin.py:151} INFO - [2023-12-04T07:35:43.944+0000] {dag.py:3696} INFO - Setting next_dagrun for example_branch_datetime_operator_2 to 2023-12-03T00:00:00+00:00, run_after=2023-12-04T00:00:00+00:00
[2023-12-04T07:35:43.946+0000] {logging_mixin.py:151} INFO - [2023-12-04T07:35:43.946+0000] {dag.py:3696} INFO - Setting next_dagrun for example_branch_datetime_operator_3 to 2023-12-03T00:00:00+00:00, run_after=2023-12-04T00:00:00+00:00
[2023-12-04T07:35:43.956+0000] {processor.py:179} INFO - Processing /home/airflow/.local/lib/python3.8/site-packages/airflow/example_dags/example_branch_datetime_operator.py took 0.068 seconds
[2023-12-04T08:36:32.590+0000] {processor.py:157} INFO - Started process (PID=57188) to work on /home/airflow/.local/lib/python3.8/site-packages/airflow/example_dags/example_branch_datetime_operator.py
[2023-12-04T08:36:32.591+0000] {processor.py:829} INFO - Processing file /home/airflow/.local/lib/python3.8/site-packages/airflow/example_dags/example_branch_datetime_operator.py for tasks to queue
[2023-12-04T08:36:32.592+0000] {logging_mixin.py:151} INFO - [2023-12-04T08:36:32.592+0000] {dagbag.py:539} INFO - Filling up the DagBag from /home/airflow/.local/lib/python3.8/site-packages/airflow/example_dags/example_branch_datetime_operator.py
[2023-12-04T08:36:32.598+0000] {processor.py:839} INFO - DAG(s) dict_keys(['example_branch_datetime_operator_3', 'example_branch_datetime_operator_2', 'example_branch_datetime_operator']) retrieved from /home/airflow/.local/lib/python3.8/site-packages/airflow/example_dags/example_branch_datetime_operator.py
[2023-12-04T08:36:32.616+0000] {logging_mixin.py:151} INFO - [2023-12-04T08:36:32.616+0000] {dag.py:2915} INFO - Sync 3 DAGs
[2023-12-04T08:36:32.640+0000] {logging_mixin.py:151} INFO - [2023-12-04T08:36:32.640+0000] {dag.py:3696} INFO - Setting next_dagrun for example_branch_datetime_operator to 2023-12-03T00:00:00+00:00, run_after=2023-12-04T00:00:00+00:00
[2023-12-04T08:36:32.644+0000] {logging_mixin.py:151} INFO - [2023-12-04T08:36:32.644+0000] {dag.py:3696} INFO - Setting next_dagrun for example_branch_datetime_operator_2 to 2023-12-03T00:00:00+00:00, run_after=2023-12-04T00:00:00+00:00
[2023-12-04T08:36:32.646+0000] {logging_mixin.py:151} INFO - [2023-12-04T08:36:32.646+0000] {dag.py:3696} INFO - Setting next_dagrun for example_branch_datetime_operator_3 to 2023-12-03T00:00:00+00:00, run_after=2023-12-04T00:00:00+00:00
[2023-12-04T08:36:32.660+0000] {processor.py:179} INFO - Processing /home/airflow/.local/lib/python3.8/site-packages/airflow/example_dags/example_branch_datetime_operator.py took 0.073 seconds
[2023-12-04T09:37:37.822+0000] {processor.py:157} INFO - Started process (PID=57243) to work on /home/airflow/.local/lib/python3.8/site-packages/airflow/example_dags/example_branch_datetime_operator.py
[2023-12-04T09:37:37.823+0000] {processor.py:829} INFO - Processing file /home/airflow/.local/lib/python3.8/site-packages/airflow/example_dags/example_branch_datetime_operator.py for tasks to queue
[2023-12-04T09:37:37.825+0000] {logging_mixin.py:151} INFO - [2023-12-04T09:37:37.825+0000] {dagbag.py:539} INFO - Filling up the DagBag from /home/airflow/.local/lib/python3.8/site-packages/airflow/example_dags/example_branch_datetime_operator.py
[2023-12-04T09:37:37.831+0000] {processor.py:839} INFO - DAG(s) dict_keys(['example_branch_datetime_operator_2', 'example_branch_datetime_operator', 'example_branch_datetime_operator_3']) retrieved from /home/airflow/.local/lib/python3.8/site-packages/airflow/example_dags/example_branch_datetime_operator.py
[2023-12-04T09:37:37.855+0000] {logging_mixin.py:151} INFO - [2023-12-04T09:37:37.855+0000] {dag.py:2915} INFO - Sync 3 DAGs
[2023-12-04T09:37:37.874+0000] {logging_mixin.py:151} INFO - [2023-12-04T09:37:37.874+0000] {dag.py:3696} INFO - Setting next_dagrun for example_branch_datetime_operator to 2023-12-03T00:00:00+00:00, run_after=2023-12-04T00:00:00+00:00
[2023-12-04T09:37:37.878+0000] {logging_mixin.py:151} INFO - [2023-12-04T09:37:37.878+0000] {dag.py:3696} INFO - Setting next_dagrun for example_branch_datetime_operator_2 to 2023-12-03T00:00:00+00:00, run_after=2023-12-04T00:00:00+00:00
[2023-12-04T09:37:37.881+0000] {logging_mixin.py:151} INFO - [2023-12-04T09:37:37.881+0000] {dag.py:3696} INFO - Setting next_dagrun for example_branch_datetime_operator_3 to 2023-12-03T00:00:00+00:00, run_after=2023-12-04T00:00:00+00:00
[2023-12-04T09:37:37.900+0000] {processor.py:179} INFO - Processing /home/airflow/.local/lib/python3.8/site-packages/airflow/example_dags/example_branch_datetime_operator.py took 0.080 seconds
[2023-12-04T10:06:20.388+0000] {processor.py:157} INFO - Started process (PID=57297) to work on /home/airflow/.local/lib/python3.8/site-packages/airflow/example_dags/example_branch_datetime_operator.py
[2023-12-04T10:06:20.390+0000] {processor.py:829} INFO - Processing file /home/airflow/.local/lib/python3.8/site-packages/airflow/example_dags/example_branch_datetime_operator.py for tasks to queue
[2023-12-04T10:06:20.391+0000] {logging_mixin.py:151} INFO - [2023-12-04T10:06:20.391+0000] {dagbag.py:539} INFO - Filling up the DagBag from /home/airflow/.local/lib/python3.8/site-packages/airflow/example_dags/example_branch_datetime_operator.py
[2023-12-04T10:06:20.399+0000] {processor.py:839} INFO - DAG(s) dict_keys(['example_branch_datetime_operator_2', 'example_branch_datetime_operator_3', 'example_branch_datetime_operator']) retrieved from /home/airflow/.local/lib/python3.8/site-packages/airflow/example_dags/example_branch_datetime_operator.py
[2023-12-04T10:06:20.435+0000] {logging_mixin.py:151} INFO - [2023-12-04T10:06:20.435+0000] {dag.py:2915} INFO - Sync 3 DAGs
[2023-12-04T10:06:20.462+0000] {logging_mixin.py:151} INFO - [2023-12-04T10:06:20.462+0000] {dag.py:3696} INFO - Setting next_dagrun for example_branch_datetime_operator to 2023-12-03T00:00:00+00:00, run_after=2023-12-04T00:00:00+00:00
[2023-12-04T10:06:20.466+0000] {logging_mixin.py:151} INFO - [2023-12-04T10:06:20.466+0000] {dag.py:3696} INFO - Setting next_dagrun for example_branch_datetime_operator_2 to 2023-12-03T00:00:00+00:00, run_after=2023-12-04T00:00:00+00:00
[2023-12-04T10:06:20.468+0000] {logging_mixin.py:151} INFO - [2023-12-04T10:06:20.468+0000] {dag.py:3696} INFO - Setting next_dagrun for example_branch_datetime_operator_3 to 2023-12-03T00:00:00+00:00, run_after=2023-12-04T00:00:00+00:00
[2023-12-04T10:06:20.485+0000] {processor.py:179} INFO - Processing /home/airflow/.local/lib/python3.8/site-packages/airflow/example_dags/example_branch_datetime_operator.py took 0.100 seconds
[2023-12-04T10:22:28.967+0000] {processor.py:157} INFO - Started process (PID=57351) to work on /home/airflow/.local/lib/python3.8/site-packages/airflow/example_dags/example_branch_datetime_operator.py
[2023-12-04T10:22:28.968+0000] {processor.py:829} INFO - Processing file /home/airflow/.local/lib/python3.8/site-packages/airflow/example_dags/example_branch_datetime_operator.py for tasks to queue
[2023-12-04T10:22:28.970+0000] {logging_mixin.py:151} INFO - [2023-12-04T10:22:28.970+0000] {dagbag.py:539} INFO - Filling up the DagBag from /home/airflow/.local/lib/python3.8/site-packages/airflow/example_dags/example_branch_datetime_operator.py
[2023-12-04T10:22:28.981+0000] {processor.py:839} INFO - DAG(s) dict_keys(['example_branch_datetime_operator_2', 'example_branch_datetime_operator', 'example_branch_datetime_operator_3']) retrieved from /home/airflow/.local/lib/python3.8/site-packages/airflow/example_dags/example_branch_datetime_operator.py
[2023-12-04T10:22:29.036+0000] {logging_mixin.py:151} INFO - [2023-12-04T10:22:29.036+0000] {dag.py:2915} INFO - Sync 3 DAGs
[2023-12-04T10:22:29.085+0000] {logging_mixin.py:151} INFO - [2023-12-04T10:22:29.085+0000] {dag.py:3696} INFO - Setting next_dagrun for example_branch_datetime_operator to 2023-12-03T00:00:00+00:00, run_after=2023-12-04T00:00:00+00:00
[2023-12-04T10:22:29.088+0000] {logging_mixin.py:151} INFO - [2023-12-04T10:22:29.088+0000] {dag.py:3696} INFO - Setting next_dagrun for example_branch_datetime_operator_2 to 2023-12-03T00:00:00+00:00, run_after=2023-12-04T00:00:00+00:00
[2023-12-04T10:22:29.090+0000] {logging_mixin.py:151} INFO - [2023-12-04T10:22:29.090+0000] {dag.py:3696} INFO - Setting next_dagrun for example_branch_datetime_operator_3 to 2023-12-03T00:00:00+00:00, run_after=2023-12-04T00:00:00+00:00
[2023-12-04T10:22:29.104+0000] {processor.py:179} INFO - Processing /home/airflow/.local/lib/python3.8/site-packages/airflow/example_dags/example_branch_datetime_operator.py took 0.139 seconds
[2023-12-04T10:38:35.741+0000] {processor.py:157} INFO - Started process (PID=57405) to work on /home/airflow/.local/lib/python3.8/site-packages/airflow/example_dags/example_branch_datetime_operator.py
[2023-12-04T10:38:35.743+0000] {processor.py:829} INFO - Processing file /home/airflow/.local/lib/python3.8/site-packages/airflow/example_dags/example_branch_datetime_operator.py for tasks to queue
[2023-12-04T10:38:35.747+0000] {logging_mixin.py:151} INFO - [2023-12-04T10:38:35.746+0000] {dagbag.py:539} INFO - Filling up the DagBag from /home/airflow/.local/lib/python3.8/site-packages/airflow/example_dags/example_branch_datetime_operator.py
[2023-12-04T10:38:35.762+0000] {processor.py:839} INFO - DAG(s) dict_keys(['example_branch_datetime_operator_3', 'example_branch_datetime_operator_2', 'example_branch_datetime_operator']) retrieved from /home/airflow/.local/lib/python3.8/site-packages/airflow/example_dags/example_branch_datetime_operator.py
[2023-12-04T10:38:35.793+0000] {logging_mixin.py:151} INFO - [2023-12-04T10:38:35.793+0000] {dag.py:2915} INFO - Sync 3 DAGs
[2023-12-04T10:38:35.819+0000] {logging_mixin.py:151} INFO - [2023-12-04T10:38:35.819+0000] {dag.py:3696} INFO - Setting next_dagrun for example_branch_datetime_operator to 2023-12-03T00:00:00+00:00, run_after=2023-12-04T00:00:00+00:00
[2023-12-04T10:38:35.825+0000] {logging_mixin.py:151} INFO - [2023-12-04T10:38:35.825+0000] {dag.py:3696} INFO - Setting next_dagrun for example_branch_datetime_operator_2 to 2023-12-03T00:00:00+00:00, run_after=2023-12-04T00:00:00+00:00
[2023-12-04T10:38:35.828+0000] {logging_mixin.py:151} INFO - [2023-12-04T10:38:35.828+0000] {dag.py:3696} INFO - Setting next_dagrun for example_branch_datetime_operator_3 to 2023-12-03T00:00:00+00:00, run_after=2023-12-04T00:00:00+00:00
[2023-12-04T10:38:35.844+0000] {processor.py:179} INFO - Processing /home/airflow/.local/lib/python3.8/site-packages/airflow/example_dags/example_branch_datetime_operator.py took 0.108 seconds
[2023-12-04T10:52:21.908+0000] {processor.py:157} INFO - Started process (PID=57459) to work on /home/airflow/.local/lib/python3.8/site-packages/airflow/example_dags/example_branch_datetime_operator.py
[2023-12-04T10:52:21.911+0000] {processor.py:829} INFO - Processing file /home/airflow/.local/lib/python3.8/site-packages/airflow/example_dags/example_branch_datetime_operator.py for tasks to queue
[2023-12-04T10:52:21.915+0000] {logging_mixin.py:151} INFO - [2023-12-04T10:52:21.914+0000] {dagbag.py:539} INFO - Filling up the DagBag from /home/airflow/.local/lib/python3.8/site-packages/airflow/example_dags/example_branch_datetime_operator.py
[2023-12-04T10:52:21.926+0000] {processor.py:839} INFO - DAG(s) dict_keys(['example_branch_datetime_operator_2', 'example_branch_datetime_operator', 'example_branch_datetime_operator_3']) retrieved from /home/airflow/.local/lib/python3.8/site-packages/airflow/example_dags/example_branch_datetime_operator.py
[2023-12-04T10:52:21.986+0000] {logging_mixin.py:151} INFO - [2023-12-04T10:52:21.985+0000] {dag.py:2915} INFO - Sync 3 DAGs
[2023-12-04T10:52:22.019+0000] {logging_mixin.py:151} INFO - [2023-12-04T10:52:22.018+0000] {dag.py:3696} INFO - Setting next_dagrun for example_branch_datetime_operator to 2023-12-03T00:00:00+00:00, run_after=2023-12-04T00:00:00+00:00
[2023-12-04T10:52:22.022+0000] {logging_mixin.py:151} INFO - [2023-12-04T10:52:22.022+0000] {dag.py:3696} INFO - Setting next_dagrun for example_branch_datetime_operator_2 to 2023-12-03T00:00:00+00:00, run_after=2023-12-04T00:00:00+00:00
[2023-12-04T10:52:22.024+0000] {logging_mixin.py:151} INFO - [2023-12-04T10:52:22.024+0000] {dag.py:3696} INFO - Setting next_dagrun for example_branch_datetime_operator_3 to 2023-12-03T00:00:00+00:00, run_after=2023-12-04T00:00:00+00:00
[2023-12-04T10:52:22.038+0000] {processor.py:179} INFO - Processing /home/airflow/.local/lib/python3.8/site-packages/airflow/example_dags/example_branch_datetime_operator.py took 0.141 seconds
[2023-12-04T11:39:37.446+0000] {processor.py:157} INFO - Started process (PID=57513) to work on /home/airflow/.local/lib/python3.8/site-packages/airflow/example_dags/example_branch_datetime_operator.py
[2023-12-04T11:39:37.447+0000] {processor.py:829} INFO - Processing file /home/airflow/.local/lib/python3.8/site-packages/airflow/example_dags/example_branch_datetime_operator.py for tasks to queue
[2023-12-04T11:39:37.448+0000] {logging_mixin.py:151} INFO - [2023-12-04T11:39:37.448+0000] {dagbag.py:539} INFO - Filling up the DagBag from /home/airflow/.local/lib/python3.8/site-packages/airflow/example_dags/example_branch_datetime_operator.py
[2023-12-04T11:39:37.454+0000] {processor.py:839} INFO - DAG(s) dict_keys(['example_branch_datetime_operator_3', 'example_branch_datetime_operator', 'example_branch_datetime_operator_2']) retrieved from /home/airflow/.local/lib/python3.8/site-packages/airflow/example_dags/example_branch_datetime_operator.py
[2023-12-04T11:39:37.469+0000] {logging_mixin.py:151} INFO - [2023-12-04T11:39:37.469+0000] {dag.py:2915} INFO - Sync 3 DAGs
[2023-12-04T11:39:37.483+0000] {logging_mixin.py:151} INFO - [2023-12-04T11:39:37.483+0000] {dag.py:3696} INFO - Setting next_dagrun for example_branch_datetime_operator to 2023-12-03T00:00:00+00:00, run_after=2023-12-04T00:00:00+00:00
[2023-12-04T11:39:37.486+0000] {logging_mixin.py:151} INFO - [2023-12-04T11:39:37.486+0000] {dag.py:3696} INFO - Setting next_dagrun for example_branch_datetime_operator_2 to 2023-12-03T00:00:00+00:00, run_after=2023-12-04T00:00:00+00:00
[2023-12-04T11:39:37.487+0000] {logging_mixin.py:151} INFO - [2023-12-04T11:39:37.487+0000] {dag.py:3696} INFO - Setting next_dagrun for example_branch_datetime_operator_3 to 2023-12-03T00:00:00+00:00, run_after=2023-12-04T00:00:00+00:00
[2023-12-04T11:39:37.496+0000] {processor.py:179} INFO - Processing /home/airflow/.local/lib/python3.8/site-packages/airflow/example_dags/example_branch_datetime_operator.py took 0.053 seconds
[2023-12-04T12:40:33.241+0000] {processor.py:157} INFO - Started process (PID=57567) to work on /home/airflow/.local/lib/python3.8/site-packages/airflow/example_dags/example_branch_datetime_operator.py
[2023-12-04T12:40:33.243+0000] {processor.py:829} INFO - Processing file /home/airflow/.local/lib/python3.8/site-packages/airflow/example_dags/example_branch_datetime_operator.py for tasks to queue
[2023-12-04T12:40:33.246+0000] {logging_mixin.py:151} INFO - [2023-12-04T12:40:33.246+0000] {dagbag.py:539} INFO - Filling up the DagBag from /home/airflow/.local/lib/python3.8/site-packages/airflow/example_dags/example_branch_datetime_operator.py
[2023-12-04T12:40:33.277+0000] {processor.py:839} INFO - DAG(s) dict_keys(['example_branch_datetime_operator_3', 'example_branch_datetime_operator', 'example_branch_datetime_operator_2']) retrieved from /home/airflow/.local/lib/python3.8/site-packages/airflow/example_dags/example_branch_datetime_operator.py
[2023-12-04T12:40:33.350+0000] {logging_mixin.py:151} INFO - [2023-12-04T12:40:33.349+0000] {dag.py:2915} INFO - Sync 3 DAGs
[2023-12-04T12:40:33.412+0000] {logging_mixin.py:151} INFO - [2023-12-04T12:40:33.412+0000] {dag.py:3696} INFO - Setting next_dagrun for example_branch_datetime_operator to 2023-12-03T00:00:00+00:00, run_after=2023-12-04T00:00:00+00:00
[2023-12-04T12:40:33.421+0000] {logging_mixin.py:151} INFO - [2023-12-04T12:40:33.421+0000] {dag.py:3696} INFO - Setting next_dagrun for example_branch_datetime_operator_2 to 2023-12-03T00:00:00+00:00, run_after=2023-12-04T00:00:00+00:00
[2023-12-04T12:40:33.425+0000] {logging_mixin.py:151} INFO - [2023-12-04T12:40:33.425+0000] {dag.py:3696} INFO - Setting next_dagrun for example_branch_datetime_operator_3 to 2023-12-03T00:00:00+00:00, run_after=2023-12-04T00:00:00+00:00
[2023-12-04T12:40:33.482+0000] {processor.py:179} INFO - Processing /home/airflow/.local/lib/python3.8/site-packages/airflow/example_dags/example_branch_datetime_operator.py took 0.248 seconds
[2023-12-04T13:10:50.383+0000] {processor.py:157} INFO - Started process (PID=57621) to work on /home/airflow/.local/lib/python3.8/site-packages/airflow/example_dags/example_branch_datetime_operator.py
[2023-12-04T13:10:50.384+0000] {processor.py:829} INFO - Processing file /home/airflow/.local/lib/python3.8/site-packages/airflow/example_dags/example_branch_datetime_operator.py for tasks to queue
[2023-12-04T13:10:50.386+0000] {logging_mixin.py:151} INFO - [2023-12-04T13:10:50.386+0000] {dagbag.py:539} INFO - Filling up the DagBag from /home/airflow/.local/lib/python3.8/site-packages/airflow/example_dags/example_branch_datetime_operator.py
[2023-12-04T13:10:50.392+0000] {processor.py:839} INFO - DAG(s) dict_keys(['example_branch_datetime_operator_2', 'example_branch_datetime_operator', 'example_branch_datetime_operator_3']) retrieved from /home/airflow/.local/lib/python3.8/site-packages/airflow/example_dags/example_branch_datetime_operator.py
[2023-12-04T13:10:50.410+0000] {logging_mixin.py:151} INFO - [2023-12-04T13:10:50.410+0000] {dag.py:2915} INFO - Sync 3 DAGs
[2023-12-04T13:10:50.425+0000] {logging_mixin.py:151} INFO - [2023-12-04T13:10:50.425+0000] {dag.py:3696} INFO - Setting next_dagrun for example_branch_datetime_operator to 2023-12-03T00:00:00+00:00, run_after=2023-12-04T00:00:00+00:00
[2023-12-04T13:10:50.428+0000] {logging_mixin.py:151} INFO - [2023-12-04T13:10:50.428+0000] {dag.py:3696} INFO - Setting next_dagrun for example_branch_datetime_operator_2 to 2023-12-03T00:00:00+00:00, run_after=2023-12-04T00:00:00+00:00
[2023-12-04T13:10:50.429+0000] {logging_mixin.py:151} INFO - [2023-12-04T13:10:50.429+0000] {dag.py:3696} INFO - Setting next_dagrun for example_branch_datetime_operator_3 to 2023-12-03T00:00:00+00:00, run_after=2023-12-04T00:00:00+00:00
[2023-12-04T13:10:50.439+0000] {processor.py:179} INFO - Processing /home/airflow/.local/lib/python3.8/site-packages/airflow/example_dags/example_branch_datetime_operator.py took 0.058 seconds
[2023-12-04T13:32:07.791+0000] {processor.py:157} INFO - Started process (PID=57675) to work on /home/airflow/.local/lib/python3.8/site-packages/airflow/example_dags/example_branch_datetime_operator.py
[2023-12-04T13:32:07.792+0000] {processor.py:829} INFO - Processing file /home/airflow/.local/lib/python3.8/site-packages/airflow/example_dags/example_branch_datetime_operator.py for tasks to queue
[2023-12-04T13:32:07.794+0000] {logging_mixin.py:151} INFO - [2023-12-04T13:32:07.793+0000] {dagbag.py:539} INFO - Filling up the DagBag from /home/airflow/.local/lib/python3.8/site-packages/airflow/example_dags/example_branch_datetime_operator.py
[2023-12-04T13:32:07.801+0000] {processor.py:839} INFO - DAG(s) dict_keys(['example_branch_datetime_operator_2', 'example_branch_datetime_operator', 'example_branch_datetime_operator_3']) retrieved from /home/airflow/.local/lib/python3.8/site-packages/airflow/example_dags/example_branch_datetime_operator.py
[2023-12-04T13:32:07.817+0000] {logging_mixin.py:151} INFO - [2023-12-04T13:32:07.817+0000] {dag.py:2915} INFO - Sync 3 DAGs
[2023-12-04T13:32:07.830+0000] {logging_mixin.py:151} INFO - [2023-12-04T13:32:07.829+0000] {dag.py:3696} INFO - Setting next_dagrun for example_branch_datetime_operator to 2023-12-03T00:00:00+00:00, run_after=2023-12-04T00:00:00+00:00
[2023-12-04T13:32:07.833+0000] {logging_mixin.py:151} INFO - [2023-12-04T13:32:07.832+0000] {dag.py:3696} INFO - Setting next_dagrun for example_branch_datetime_operator_2 to 2023-12-03T00:00:00+00:00, run_after=2023-12-04T00:00:00+00:00
[2023-12-04T13:32:07.834+0000] {logging_mixin.py:151} INFO - [2023-12-04T13:32:07.834+0000] {dag.py:3696} INFO - Setting next_dagrun for example_branch_datetime_operator_3 to 2023-12-03T00:00:00+00:00, run_after=2023-12-04T00:00:00+00:00
[2023-12-04T13:32:07.842+0000] {processor.py:179} INFO - Processing /home/airflow/.local/lib/python3.8/site-packages/airflow/example_dags/example_branch_datetime_operator.py took 0.055 seconds
[2023-12-04T13:53:00.659+0000] {processor.py:157} INFO - Started process (PID=57729) to work on /home/airflow/.local/lib/python3.8/site-packages/airflow/example_dags/example_branch_datetime_operator.py
[2023-12-04T13:53:00.660+0000] {processor.py:829} INFO - Processing file /home/airflow/.local/lib/python3.8/site-packages/airflow/example_dags/example_branch_datetime_operator.py for tasks to queue
[2023-12-04T13:53:00.662+0000] {logging_mixin.py:151} INFO - [2023-12-04T13:53:00.662+0000] {dagbag.py:539} INFO - Filling up the DagBag from /home/airflow/.local/lib/python3.8/site-packages/airflow/example_dags/example_branch_datetime_operator.py
[2023-12-04T13:53:00.669+0000] {processor.py:839} INFO - DAG(s) dict_keys(['example_branch_datetime_operator_2', 'example_branch_datetime_operator', 'example_branch_datetime_operator_3']) retrieved from /home/airflow/.local/lib/python3.8/site-packages/airflow/example_dags/example_branch_datetime_operator.py
[2023-12-04T13:53:00.687+0000] {logging_mixin.py:151} INFO - [2023-12-04T13:53:00.687+0000] {dag.py:2915} INFO - Sync 3 DAGs
[2023-12-04T13:53:00.703+0000] {logging_mixin.py:151} INFO - [2023-12-04T13:53:00.703+0000] {dag.py:3696} INFO - Setting next_dagrun for example_branch_datetime_operator to 2023-12-03T00:00:00+00:00, run_after=2023-12-04T00:00:00+00:00
[2023-12-04T13:53:00.706+0000] {logging_mixin.py:151} INFO - [2023-12-04T13:53:00.706+0000] {dag.py:3696} INFO - Setting next_dagrun for example_branch_datetime_operator_2 to 2023-12-03T00:00:00+00:00, run_after=2023-12-04T00:00:00+00:00
[2023-12-04T13:53:00.708+0000] {logging_mixin.py:151} INFO - [2023-12-04T13:53:00.707+0000] {dag.py:3696} INFO - Setting next_dagrun for example_branch_datetime_operator_3 to 2023-12-03T00:00:00+00:00, run_after=2023-12-04T00:00:00+00:00
[2023-12-04T13:53:00.717+0000] {processor.py:179} INFO - Processing /home/airflow/.local/lib/python3.8/site-packages/airflow/example_dags/example_branch_datetime_operator.py took 0.061 seconds
[2023-12-04T14:42:34.809+0000] {processor.py:157} INFO - Started process (PID=57783) to work on /home/airflow/.local/lib/python3.8/site-packages/airflow/example_dags/example_branch_datetime_operator.py
[2023-12-04T14:42:34.811+0000] {processor.py:829} INFO - Processing file /home/airflow/.local/lib/python3.8/site-packages/airflow/example_dags/example_branch_datetime_operator.py for tasks to queue
[2023-12-04T14:42:34.813+0000] {logging_mixin.py:151} INFO - [2023-12-04T14:42:34.813+0000] {dagbag.py:539} INFO - Filling up the DagBag from /home/airflow/.local/lib/python3.8/site-packages/airflow/example_dags/example_branch_datetime_operator.py
[2023-12-04T14:42:34.821+0000] {processor.py:839} INFO - DAG(s) dict_keys(['example_branch_datetime_operator', 'example_branch_datetime_operator_2', 'example_branch_datetime_operator_3']) retrieved from /home/airflow/.local/lib/python3.8/site-packages/airflow/example_dags/example_branch_datetime_operator.py
[2023-12-04T14:42:34.839+0000] {logging_mixin.py:151} INFO - [2023-12-04T14:42:34.839+0000] {dag.py:2915} INFO - Sync 3 DAGs
[2023-12-04T14:42:34.853+0000] {logging_mixin.py:151} INFO - [2023-12-04T14:42:34.852+0000] {dag.py:3696} INFO - Setting next_dagrun for example_branch_datetime_operator to 2023-12-03T00:00:00+00:00, run_after=2023-12-04T00:00:00+00:00
[2023-12-04T14:42:34.855+0000] {logging_mixin.py:151} INFO - [2023-12-04T14:42:34.855+0000] {dag.py:3696} INFO - Setting next_dagrun for example_branch_datetime_operator_2 to 2023-12-03T00:00:00+00:00, run_after=2023-12-04T00:00:00+00:00
[2023-12-04T14:42:34.857+0000] {logging_mixin.py:151} INFO - [2023-12-04T14:42:34.856+0000] {dag.py:3696} INFO - Setting next_dagrun for example_branch_datetime_operator_3 to 2023-12-03T00:00:00+00:00, run_after=2023-12-04T00:00:00+00:00
[2023-12-04T14:42:34.866+0000] {processor.py:179} INFO - Processing /home/airflow/.local/lib/python3.8/site-packages/airflow/example_dags/example_branch_datetime_operator.py took 0.060 seconds
[2023-12-04T15:43:38.042+0000] {processor.py:157} INFO - Started process (PID=57837) to work on /home/airflow/.local/lib/python3.8/site-packages/airflow/example_dags/example_branch_datetime_operator.py
[2023-12-04T15:43:38.044+0000] {processor.py:829} INFO - Processing file /home/airflow/.local/lib/python3.8/site-packages/airflow/example_dags/example_branch_datetime_operator.py for tasks to queue
[2023-12-04T15:43:38.045+0000] {logging_mixin.py:151} INFO - [2023-12-04T15:43:38.045+0000] {dagbag.py:539} INFO - Filling up the DagBag from /home/airflow/.local/lib/python3.8/site-packages/airflow/example_dags/example_branch_datetime_operator.py
[2023-12-04T15:43:38.053+0000] {processor.py:839} INFO - DAG(s) dict_keys(['example_branch_datetime_operator', 'example_branch_datetime_operator_2', 'example_branch_datetime_operator_3']) retrieved from /home/airflow/.local/lib/python3.8/site-packages/airflow/example_dags/example_branch_datetime_operator.py
[2023-12-04T15:43:38.079+0000] {logging_mixin.py:151} INFO - [2023-12-04T15:43:38.078+0000] {dag.py:2915} INFO - Sync 3 DAGs
[2023-12-04T15:43:38.109+0000] {logging_mixin.py:151} INFO - [2023-12-04T15:43:38.108+0000] {dag.py:3696} INFO - Setting next_dagrun for example_branch_datetime_operator to 2023-12-03T00:00:00+00:00, run_after=2023-12-04T00:00:00+00:00
[2023-12-04T15:43:38.113+0000] {logging_mixin.py:151} INFO - [2023-12-04T15:43:38.113+0000] {dag.py:3696} INFO - Setting next_dagrun for example_branch_datetime_operator_2 to 2023-12-03T00:00:00+00:00, run_after=2023-12-04T00:00:00+00:00
[2023-12-04T15:43:38.117+0000] {logging_mixin.py:151} INFO - [2023-12-04T15:43:38.117+0000] {dag.py:3696} INFO - Setting next_dagrun for example_branch_datetime_operator_3 to 2023-12-03T00:00:00+00:00, run_after=2023-12-04T00:00:00+00:00
[2023-12-04T15:43:38.131+0000] {processor.py:179} INFO - Processing /home/airflow/.local/lib/python3.8/site-packages/airflow/example_dags/example_branch_datetime_operator.py took 0.091 seconds
[2023-12-04T16:42:07.300+0000] {processor.py:157} INFO - Started process (PID=57891) to work on /home/airflow/.local/lib/python3.8/site-packages/airflow/example_dags/example_branch_datetime_operator.py
[2023-12-04T16:42:07.302+0000] {processor.py:829} INFO - Processing file /home/airflow/.local/lib/python3.8/site-packages/airflow/example_dags/example_branch_datetime_operator.py for tasks to queue
[2023-12-04T16:42:07.304+0000] {logging_mixin.py:151} INFO - [2023-12-04T16:42:07.304+0000] {dagbag.py:539} INFO - Filling up the DagBag from /home/airflow/.local/lib/python3.8/site-packages/airflow/example_dags/example_branch_datetime_operator.py
[2023-12-04T16:42:07.314+0000] {processor.py:839} INFO - DAG(s) dict_keys(['example_branch_datetime_operator', 'example_branch_datetime_operator_3', 'example_branch_datetime_operator_2']) retrieved from /home/airflow/.local/lib/python3.8/site-packages/airflow/example_dags/example_branch_datetime_operator.py
[2023-12-04T16:42:07.333+0000] {logging_mixin.py:151} INFO - [2023-12-04T16:42:07.333+0000] {dag.py:2915} INFO - Sync 3 DAGs
[2023-12-04T16:42:07.347+0000] {logging_mixin.py:151} INFO - [2023-12-04T16:42:07.347+0000] {dag.py:3696} INFO - Setting next_dagrun for example_branch_datetime_operator to 2023-12-03T00:00:00+00:00, run_after=2023-12-04T00:00:00+00:00
[2023-12-04T16:42:07.349+0000] {logging_mixin.py:151} INFO - [2023-12-04T16:42:07.349+0000] {dag.py:3696} INFO - Setting next_dagrun for example_branch_datetime_operator_2 to 2023-12-03T00:00:00+00:00, run_after=2023-12-04T00:00:00+00:00
[2023-12-04T16:42:07.351+0000] {logging_mixin.py:151} INFO - [2023-12-04T16:42:07.351+0000] {dag.py:3696} INFO - Setting next_dagrun for example_branch_datetime_operator_3 to 2023-12-03T00:00:00+00:00, run_after=2023-12-04T00:00:00+00:00
[2023-12-04T16:42:07.359+0000] {processor.py:179} INFO - Processing /home/airflow/.local/lib/python3.8/site-packages/airflow/example_dags/example_branch_datetime_operator.py took 0.062 seconds
[2023-12-04T17:45:34.866+0000] {processor.py:157} INFO - Started process (PID=57945) to work on /home/airflow/.local/lib/python3.8/site-packages/airflow/example_dags/example_branch_datetime_operator.py
[2023-12-04T17:45:34.866+0000] {processor.py:829} INFO - Processing file /home/airflow/.local/lib/python3.8/site-packages/airflow/example_dags/example_branch_datetime_operator.py for tasks to queue
[2023-12-04T17:45:34.868+0000] {logging_mixin.py:151} INFO - [2023-12-04T17:45:34.868+0000] {dagbag.py:539} INFO - Filling up the DagBag from /home/airflow/.local/lib/python3.8/site-packages/airflow/example_dags/example_branch_datetime_operator.py
[2023-12-04T17:45:34.875+0000] {processor.py:839} INFO - DAG(s) dict_keys(['example_branch_datetime_operator_3', 'example_branch_datetime_operator_2', 'example_branch_datetime_operator']) retrieved from /home/airflow/.local/lib/python3.8/site-packages/airflow/example_dags/example_branch_datetime_operator.py
[2023-12-04T17:45:34.891+0000] {logging_mixin.py:151} INFO - [2023-12-04T17:45:34.891+0000] {dag.py:2915} INFO - Sync 3 DAGs
[2023-12-04T17:45:34.904+0000] {logging_mixin.py:151} INFO - [2023-12-04T17:45:34.904+0000] {dag.py:3696} INFO - Setting next_dagrun for example_branch_datetime_operator to 2023-12-03T00:00:00+00:00, run_after=2023-12-04T00:00:00+00:00
[2023-12-04T17:45:34.906+0000] {logging_mixin.py:151} INFO - [2023-12-04T17:45:34.906+0000] {dag.py:3696} INFO - Setting next_dagrun for example_branch_datetime_operator_2 to 2023-12-03T00:00:00+00:00, run_after=2023-12-04T00:00:00+00:00
[2023-12-04T17:45:34.908+0000] {logging_mixin.py:151} INFO - [2023-12-04T17:45:34.908+0000] {dag.py:3696} INFO - Setting next_dagrun for example_branch_datetime_operator_3 to 2023-12-03T00:00:00+00:00, run_after=2023-12-04T00:00:00+00:00
[2023-12-04T17:45:34.916+0000] {processor.py:179} INFO - Processing /home/airflow/.local/lib/python3.8/site-packages/airflow/example_dags/example_branch_datetime_operator.py took 0.053 seconds
[2023-12-04T18:46:41.637+0000] {processor.py:157} INFO - Started process (PID=57999) to work on /home/airflow/.local/lib/python3.8/site-packages/airflow/example_dags/example_branch_datetime_operator.py
[2023-12-04T18:46:41.639+0000] {processor.py:829} INFO - Processing file /home/airflow/.local/lib/python3.8/site-packages/airflow/example_dags/example_branch_datetime_operator.py for tasks to queue
[2023-12-04T18:46:41.641+0000] {logging_mixin.py:151} INFO - [2023-12-04T18:46:41.641+0000] {dagbag.py:539} INFO - Filling up the DagBag from /home/airflow/.local/lib/python3.8/site-packages/airflow/example_dags/example_branch_datetime_operator.py
[2023-12-04T18:46:41.651+0000] {processor.py:839} INFO - DAG(s) dict_keys(['example_branch_datetime_operator', 'example_branch_datetime_operator_3', 'example_branch_datetime_operator_2']) retrieved from /home/airflow/.local/lib/python3.8/site-packages/airflow/example_dags/example_branch_datetime_operator.py
[2023-12-04T18:46:41.673+0000] {logging_mixin.py:151} INFO - [2023-12-04T18:46:41.673+0000] {dag.py:2915} INFO - Sync 3 DAGs
[2023-12-04T18:46:41.694+0000] {logging_mixin.py:151} INFO - [2023-12-04T18:46:41.693+0000] {dag.py:3696} INFO - Setting next_dagrun for example_branch_datetime_operator to 2023-12-03T00:00:00+00:00, run_after=2023-12-04T00:00:00+00:00
[2023-12-04T18:46:41.698+0000] {logging_mixin.py:151} INFO - [2023-12-04T18:46:41.698+0000] {dag.py:3696} INFO - Setting next_dagrun for example_branch_datetime_operator_2 to 2023-12-03T00:00:00+00:00, run_after=2023-12-04T00:00:00+00:00
[2023-12-04T18:46:41.700+0000] {logging_mixin.py:151} INFO - [2023-12-04T18:46:41.700+0000] {dag.py:3696} INFO - Setting next_dagrun for example_branch_datetime_operator_3 to 2023-12-03T00:00:00+00:00, run_after=2023-12-04T00:00:00+00:00
[2023-12-04T18:46:41.712+0000] {processor.py:179} INFO - Processing /home/airflow/.local/lib/python3.8/site-packages/airflow/example_dags/example_branch_datetime_operator.py took 0.081 seconds
[2023-12-04T20:03:37.613+0000] {processor.py:157} INFO - Started process (PID=58053) to work on /home/airflow/.local/lib/python3.8/site-packages/airflow/example_dags/example_branch_datetime_operator.py
[2023-12-04T20:03:37.613+0000] {processor.py:829} INFO - Processing file /home/airflow/.local/lib/python3.8/site-packages/airflow/example_dags/example_branch_datetime_operator.py for tasks to queue
[2023-12-04T20:03:37.615+0000] {logging_mixin.py:151} INFO - [2023-12-04T20:03:37.615+0000] {dagbag.py:539} INFO - Filling up the DagBag from /home/airflow/.local/lib/python3.8/site-packages/airflow/example_dags/example_branch_datetime_operator.py
[2023-12-04T20:03:37.622+0000] {processor.py:839} INFO - DAG(s) dict_keys(['example_branch_datetime_operator_3', 'example_branch_datetime_operator_2', 'example_branch_datetime_operator']) retrieved from /home/airflow/.local/lib/python3.8/site-packages/airflow/example_dags/example_branch_datetime_operator.py
[2023-12-04T20:03:37.649+0000] {logging_mixin.py:151} INFO - [2023-12-04T20:03:37.649+0000] {dag.py:2915} INFO - Sync 3 DAGs
[2023-12-04T20:03:37.663+0000] {logging_mixin.py:151} INFO - [2023-12-04T20:03:37.663+0000] {dag.py:3696} INFO - Setting next_dagrun for example_branch_datetime_operator to 2023-12-03T00:00:00+00:00, run_after=2023-12-04T00:00:00+00:00
[2023-12-04T20:03:37.666+0000] {logging_mixin.py:151} INFO - [2023-12-04T20:03:37.666+0000] {dag.py:3696} INFO - Setting next_dagrun for example_branch_datetime_operator_2 to 2023-12-03T00:00:00+00:00, run_after=2023-12-04T00:00:00+00:00
[2023-12-04T20:03:37.667+0000] {logging_mixin.py:151} INFO - [2023-12-04T20:03:37.667+0000] {dag.py:3696} INFO - Setting next_dagrun for example_branch_datetime_operator_3 to 2023-12-03T00:00:00+00:00, run_after=2023-12-04T00:00:00+00:00
[2023-12-04T20:03:37.676+0000] {processor.py:179} INFO - Processing /home/airflow/.local/lib/python3.8/site-packages/airflow/example_dags/example_branch_datetime_operator.py took 0.065 seconds
[2023-12-04T21:05:41.756+0000] {processor.py:157} INFO - Started process (PID=58107) to work on /home/airflow/.local/lib/python3.8/site-packages/airflow/example_dags/example_branch_datetime_operator.py
[2023-12-04T21:05:41.756+0000] {processor.py:829} INFO - Processing file /home/airflow/.local/lib/python3.8/site-packages/airflow/example_dags/example_branch_datetime_operator.py for tasks to queue
[2023-12-04T21:05:41.758+0000] {logging_mixin.py:151} INFO - [2023-12-04T21:05:41.758+0000] {dagbag.py:539} INFO - Filling up the DagBag from /home/airflow/.local/lib/python3.8/site-packages/airflow/example_dags/example_branch_datetime_operator.py
[2023-12-04T21:05:41.765+0000] {processor.py:839} INFO - DAG(s) dict_keys(['example_branch_datetime_operator_3', 'example_branch_datetime_operator_2', 'example_branch_datetime_operator']) retrieved from /home/airflow/.local/lib/python3.8/site-packages/airflow/example_dags/example_branch_datetime_operator.py
[2023-12-04T21:05:41.782+0000] {logging_mixin.py:151} INFO - [2023-12-04T21:05:41.782+0000] {dag.py:2915} INFO - Sync 3 DAGs
[2023-12-04T21:05:41.796+0000] {logging_mixin.py:151} INFO - [2023-12-04T21:05:41.796+0000] {dag.py:3696} INFO - Setting next_dagrun for example_branch_datetime_operator to 2023-12-03T00:00:00+00:00, run_after=2023-12-04T00:00:00+00:00
[2023-12-04T21:05:41.798+0000] {logging_mixin.py:151} INFO - [2023-12-04T21:05:41.798+0000] {dag.py:3696} INFO - Setting next_dagrun for example_branch_datetime_operator_2 to 2023-12-03T00:00:00+00:00, run_after=2023-12-04T00:00:00+00:00
[2023-12-04T21:05:41.800+0000] {logging_mixin.py:151} INFO - [2023-12-04T21:05:41.799+0000] {dag.py:3696} INFO - Setting next_dagrun for example_branch_datetime_operator_3 to 2023-12-03T00:00:00+00:00, run_after=2023-12-04T00:00:00+00:00
[2023-12-04T21:05:41.809+0000] {processor.py:179} INFO - Processing /home/airflow/.local/lib/python3.8/site-packages/airflow/example_dags/example_branch_datetime_operator.py took 0.056 seconds
[2023-12-04T22:06:54.468+0000] {processor.py:157} INFO - Started process (PID=58161) to work on /home/airflow/.local/lib/python3.8/site-packages/airflow/example_dags/example_branch_datetime_operator.py
[2023-12-04T22:06:54.469+0000] {processor.py:829} INFO - Processing file /home/airflow/.local/lib/python3.8/site-packages/airflow/example_dags/example_branch_datetime_operator.py for tasks to queue
[2023-12-04T22:06:54.470+0000] {logging_mixin.py:151} INFO - [2023-12-04T22:06:54.470+0000] {dagbag.py:539} INFO - Filling up the DagBag from /home/airflow/.local/lib/python3.8/site-packages/airflow/example_dags/example_branch_datetime_operator.py
[2023-12-04T22:06:54.477+0000] {processor.py:839} INFO - DAG(s) dict_keys(['example_branch_datetime_operator_2', 'example_branch_datetime_operator_3', 'example_branch_datetime_operator']) retrieved from /home/airflow/.local/lib/python3.8/site-packages/airflow/example_dags/example_branch_datetime_operator.py
[2023-12-04T22:06:54.493+0000] {logging_mixin.py:151} INFO - [2023-12-04T22:06:54.493+0000] {dag.py:2915} INFO - Sync 3 DAGs
[2023-12-04T22:06:54.509+0000] {logging_mixin.py:151} INFO - [2023-12-04T22:06:54.509+0000] {dag.py:3696} INFO - Setting next_dagrun for example_branch_datetime_operator to 2023-12-03T00:00:00+00:00, run_after=2023-12-04T00:00:00+00:00
[2023-12-04T22:06:54.514+0000] {logging_mixin.py:151} INFO - [2023-12-04T22:06:54.514+0000] {dag.py:3696} INFO - Setting next_dagrun for example_branch_datetime_operator_2 to 2023-12-03T00:00:00+00:00, run_after=2023-12-04T00:00:00+00:00
[2023-12-04T22:06:54.516+0000] {logging_mixin.py:151} INFO - [2023-12-04T22:06:54.516+0000] {dag.py:3696} INFO - Setting next_dagrun for example_branch_datetime_operator_3 to 2023-12-03T00:00:00+00:00, run_after=2023-12-04T00:00:00+00:00
[2023-12-04T22:06:54.527+0000] {processor.py:179} INFO - Processing /home/airflow/.local/lib/python3.8/site-packages/airflow/example_dags/example_branch_datetime_operator.py took 0.063 seconds
[2023-12-04T23:00:13.074+0000] {processor.py:157} INFO - Started process (PID=58215) to work on /home/airflow/.local/lib/python3.8/site-packages/airflow/example_dags/example_branch_datetime_operator.py
[2023-12-04T23:00:13.075+0000] {processor.py:829} INFO - Processing file /home/airflow/.local/lib/python3.8/site-packages/airflow/example_dags/example_branch_datetime_operator.py for tasks to queue
[2023-12-04T23:00:13.076+0000] {logging_mixin.py:151} INFO - [2023-12-04T23:00:13.076+0000] {dagbag.py:539} INFO - Filling up the DagBag from /home/airflow/.local/lib/python3.8/site-packages/airflow/example_dags/example_branch_datetime_operator.py
[2023-12-04T23:00:13.083+0000] {processor.py:839} INFO - DAG(s) dict_keys(['example_branch_datetime_operator', 'example_branch_datetime_operator_2', 'example_branch_datetime_operator_3']) retrieved from /home/airflow/.local/lib/python3.8/site-packages/airflow/example_dags/example_branch_datetime_operator.py
[2023-12-04T23:00:13.109+0000] {logging_mixin.py:151} INFO - [2023-12-04T23:00:13.108+0000] {dag.py:2915} INFO - Sync 3 DAGs
[2023-12-04T23:00:13.132+0000] {logging_mixin.py:151} INFO - [2023-12-04T23:00:13.132+0000] {dag.py:3696} INFO - Setting next_dagrun for example_branch_datetime_operator to 2023-12-03T00:00:00+00:00, run_after=2023-12-04T00:00:00+00:00
[2023-12-04T23:00:13.136+0000] {logging_mixin.py:151} INFO - [2023-12-04T23:00:13.136+0000] {dag.py:3696} INFO - Setting next_dagrun for example_branch_datetime_operator_2 to 2023-12-03T00:00:00+00:00, run_after=2023-12-04T00:00:00+00:00
[2023-12-04T23:00:13.138+0000] {logging_mixin.py:151} INFO - [2023-12-04T23:00:13.138+0000] {dag.py:3696} INFO - Setting next_dagrun for example_branch_datetime_operator_3 to 2023-12-03T00:00:00+00:00, run_after=2023-12-04T00:00:00+00:00
[2023-12-04T23:00:13.148+0000] {processor.py:179} INFO - Processing /home/airflow/.local/lib/python3.8/site-packages/airflow/example_dags/example_branch_datetime_operator.py took 0.077 seconds
[2023-12-04T23:40:22.307+0000] {processor.py:157} INFO - Started process (PID=58269) to work on /home/airflow/.local/lib/python3.8/site-packages/airflow/example_dags/example_branch_datetime_operator.py
[2023-12-04T23:40:22.308+0000] {processor.py:829} INFO - Processing file /home/airflow/.local/lib/python3.8/site-packages/airflow/example_dags/example_branch_datetime_operator.py for tasks to queue
[2023-12-04T23:40:22.311+0000] {logging_mixin.py:151} INFO - [2023-12-04T23:40:22.311+0000] {dagbag.py:539} INFO - Filling up the DagBag from /home/airflow/.local/lib/python3.8/site-packages/airflow/example_dags/example_branch_datetime_operator.py
[2023-12-04T23:40:22.320+0000] {processor.py:839} INFO - DAG(s) dict_keys(['example_branch_datetime_operator', 'example_branch_datetime_operator_3', 'example_branch_datetime_operator_2']) retrieved from /home/airflow/.local/lib/python3.8/site-packages/airflow/example_dags/example_branch_datetime_operator.py
[2023-12-04T23:40:22.370+0000] {logging_mixin.py:151} INFO - [2023-12-04T23:40:22.370+0000] {dag.py:2915} INFO - Sync 3 DAGs
[2023-12-04T23:40:22.391+0000] {logging_mixin.py:151} INFO - [2023-12-04T23:40:22.391+0000] {dag.py:3696} INFO - Setting next_dagrun for example_branch_datetime_operator to 2023-12-03T00:00:00+00:00, run_after=2023-12-04T00:00:00+00:00
[2023-12-04T23:40:22.394+0000] {logging_mixin.py:151} INFO - [2023-12-04T23:40:22.394+0000] {dag.py:3696} INFO - Setting next_dagrun for example_branch_datetime_operator_2 to 2023-12-03T00:00:00+00:00, run_after=2023-12-04T00:00:00+00:00
[2023-12-04T23:40:22.395+0000] {logging_mixin.py:151} INFO - [2023-12-04T23:40:22.395+0000] {dag.py:3696} INFO - Setting next_dagrun for example_branch_datetime_operator_3 to 2023-12-03T00:00:00+00:00, run_after=2023-12-04T00:00:00+00:00
[2023-12-04T23:40:22.407+0000] {processor.py:179} INFO - Processing /home/airflow/.local/lib/python3.8/site-packages/airflow/example_dags/example_branch_datetime_operator.py took 0.103 seconds
[2023-12-04T23:42:52.749+0000] {processor.py:157} INFO - Started process (PID=58323) to work on /home/airflow/.local/lib/python3.8/site-packages/airflow/example_dags/example_branch_datetime_operator.py
[2023-12-04T23:42:52.750+0000] {processor.py:829} INFO - Processing file /home/airflow/.local/lib/python3.8/site-packages/airflow/example_dags/example_branch_datetime_operator.py for tasks to queue
[2023-12-04T23:42:52.753+0000] {logging_mixin.py:151} INFO - [2023-12-04T23:42:52.752+0000] {dagbag.py:539} INFO - Filling up the DagBag from /home/airflow/.local/lib/python3.8/site-packages/airflow/example_dags/example_branch_datetime_operator.py
[2023-12-04T23:42:52.763+0000] {processor.py:839} INFO - DAG(s) dict_keys(['example_branch_datetime_operator_3', 'example_branch_datetime_operator_2', 'example_branch_datetime_operator']) retrieved from /home/airflow/.local/lib/python3.8/site-packages/airflow/example_dags/example_branch_datetime_operator.py
[2023-12-04T23:42:52.788+0000] {logging_mixin.py:151} INFO - [2023-12-04T23:42:52.787+0000] {dag.py:2915} INFO - Sync 3 DAGs
[2023-12-04T23:42:52.834+0000] {logging_mixin.py:151} INFO - [2023-12-04T23:42:52.833+0000] {dag.py:3696} INFO - Setting next_dagrun for example_branch_datetime_operator to 2023-12-03T00:00:00+00:00, run_after=2023-12-04T00:00:00+00:00
[2023-12-04T23:42:52.848+0000] {logging_mixin.py:151} INFO - [2023-12-04T23:42:52.847+0000] {dag.py:3696} INFO - Setting next_dagrun for example_branch_datetime_operator_2 to 2023-12-03T00:00:00+00:00, run_after=2023-12-04T00:00:00+00:00
[2023-12-04T23:42:52.858+0000] {logging_mixin.py:151} INFO - [2023-12-04T23:42:52.857+0000] {dag.py:3696} INFO - Setting next_dagrun for example_branch_datetime_operator_3 to 2023-12-03T00:00:00+00:00, run_after=2023-12-04T00:00:00+00:00
[2023-12-04T23:42:52.908+0000] {processor.py:179} INFO - Processing /home/airflow/.local/lib/python3.8/site-packages/airflow/example_dags/example_branch_datetime_operator.py took 0.163 seconds
