[2023-12-04T00:36:59.576+0000] {processor.py:157} INFO - Started process (PID=56731) to work on /home/airflow/.local/lib/python3.8/site-packages/airflow/example_dags/example_local_kubernetes_executor.py
[2023-12-04T00:36:59.578+0000] {processor.py:829} INFO - Processing file /home/airflow/.local/lib/python3.8/site-packages/airflow/example_dags/example_local_kubernetes_executor.py for tasks to queue
[2023-12-04T00:36:59.590+0000] {logging_mixin.py:151} INFO - [2023-12-04T00:36:59.590+0000] {dagbag.py:539} INFO - Filling up the DagBag from /home/airflow/.local/lib/python3.8/site-packages/airflow/example_dags/example_local_kubernetes_executor.py
[2023-12-04T00:36:59.950+0000] {processor.py:839} INFO - DAG(s) dict_keys(['example_local_kubernetes_executor']) retrieved from /home/airflow/.local/lib/python3.8/site-packages/airflow/example_dags/example_local_kubernetes_executor.py
[2023-12-04T00:37:00.010+0000] {logging_mixin.py:151} INFO - [2023-12-04T00:37:00.010+0000] {dag.py:2915} INFO - Sync 1 DAGs
[2023-12-04T00:37:00.025+0000] {logging_mixin.py:151} INFO - [2023-12-04T00:37:00.025+0000] {dag.py:3696} INFO - Setting next_dagrun for example_local_kubernetes_executor to None, run_after=None
[2023-12-04T00:37:00.045+0000] {processor.py:179} INFO - Processing /home/airflow/.local/lib/python3.8/site-packages/airflow/example_dags/example_local_kubernetes_executor.py took 0.472 seconds
[2023-12-04T00:52:38.376+0000] {processor.py:157} INFO - Started process (PID=56785) to work on /home/airflow/.local/lib/python3.8/site-packages/airflow/example_dags/example_local_kubernetes_executor.py
[2023-12-04T00:52:38.378+0000] {processor.py:829} INFO - Processing file /home/airflow/.local/lib/python3.8/site-packages/airflow/example_dags/example_local_kubernetes_executor.py for tasks to queue
[2023-12-04T00:52:38.383+0000] {logging_mixin.py:151} INFO - [2023-12-04T00:52:38.382+0000] {dagbag.py:539} INFO - Filling up the DagBag from /home/airflow/.local/lib/python3.8/site-packages/airflow/example_dags/example_local_kubernetes_executor.py
[2023-12-04T00:52:38.705+0000] {processor.py:839} INFO - DAG(s) dict_keys(['example_local_kubernetes_executor']) retrieved from /home/airflow/.local/lib/python3.8/site-packages/airflow/example_dags/example_local_kubernetes_executor.py
[2023-12-04T00:52:38.746+0000] {logging_mixin.py:151} INFO - [2023-12-04T00:52:38.745+0000] {dag.py:2915} INFO - Sync 1 DAGs
[2023-12-04T00:52:38.759+0000] {logging_mixin.py:151} INFO - [2023-12-04T00:52:38.758+0000] {dag.py:3696} INFO - Setting next_dagrun for example_local_kubernetes_executor to None, run_after=None
[2023-12-04T00:52:38.771+0000] {processor.py:179} INFO - Processing /home/airflow/.local/lib/python3.8/site-packages/airflow/example_dags/example_local_kubernetes_executor.py took 0.398 seconds
[2023-12-04T01:58:51.743+0000] {processor.py:157} INFO - Started process (PID=56839) to work on /home/airflow/.local/lib/python3.8/site-packages/airflow/example_dags/example_local_kubernetes_executor.py
[2023-12-04T01:58:51.744+0000] {processor.py:829} INFO - Processing file /home/airflow/.local/lib/python3.8/site-packages/airflow/example_dags/example_local_kubernetes_executor.py for tasks to queue
[2023-12-04T01:58:51.745+0000] {logging_mixin.py:151} INFO - [2023-12-04T01:58:51.745+0000] {dagbag.py:539} INFO - Filling up the DagBag from /home/airflow/.local/lib/python3.8/site-packages/airflow/example_dags/example_local_kubernetes_executor.py
[2023-12-04T01:58:51.909+0000] {processor.py:839} INFO - DAG(s) dict_keys(['example_local_kubernetes_executor']) retrieved from /home/airflow/.local/lib/python3.8/site-packages/airflow/example_dags/example_local_kubernetes_executor.py
[2023-12-04T01:58:51.945+0000] {logging_mixin.py:151} INFO - [2023-12-04T01:58:51.945+0000] {dag.py:2915} INFO - Sync 1 DAGs
[2023-12-04T01:58:51.954+0000] {logging_mixin.py:151} INFO - [2023-12-04T01:58:51.954+0000] {dag.py:3696} INFO - Setting next_dagrun for example_local_kubernetes_executor to None, run_after=None
[2023-12-04T01:58:51.966+0000] {processor.py:179} INFO - Processing /home/airflow/.local/lib/python3.8/site-packages/airflow/example_dags/example_local_kubernetes_executor.py took 0.226 seconds
[2023-12-04T02:50:07.834+0000] {processor.py:157} INFO - Started process (PID=56893) to work on /home/airflow/.local/lib/python3.8/site-packages/airflow/example_dags/example_local_kubernetes_executor.py
[2023-12-04T02:50:07.834+0000] {processor.py:829} INFO - Processing file /home/airflow/.local/lib/python3.8/site-packages/airflow/example_dags/example_local_kubernetes_executor.py for tasks to queue
[2023-12-04T02:50:07.836+0000] {logging_mixin.py:151} INFO - [2023-12-04T02:50:07.836+0000] {dagbag.py:539} INFO - Filling up the DagBag from /home/airflow/.local/lib/python3.8/site-packages/airflow/example_dags/example_local_kubernetes_executor.py
[2023-12-04T02:50:08.042+0000] {processor.py:839} INFO - DAG(s) dict_keys(['example_local_kubernetes_executor']) retrieved from /home/airflow/.local/lib/python3.8/site-packages/airflow/example_dags/example_local_kubernetes_executor.py
[2023-12-04T02:50:08.068+0000] {logging_mixin.py:151} INFO - [2023-12-04T02:50:08.068+0000] {dag.py:2915} INFO - Sync 1 DAGs
[2023-12-04T02:50:08.076+0000] {logging_mixin.py:151} INFO - [2023-12-04T02:50:08.076+0000] {dag.py:3696} INFO - Setting next_dagrun for example_local_kubernetes_executor to None, run_after=None
[2023-12-04T02:50:08.087+0000] {processor.py:179} INFO - Processing /home/airflow/.local/lib/python3.8/site-packages/airflow/example_dags/example_local_kubernetes_executor.py took 0.255 seconds
[2023-12-04T03:27:29.694+0000] {processor.py:157} INFO - Started process (PID=56947) to work on /home/airflow/.local/lib/python3.8/site-packages/airflow/example_dags/example_local_kubernetes_executor.py
[2023-12-04T03:27:29.695+0000] {processor.py:829} INFO - Processing file /home/airflow/.local/lib/python3.8/site-packages/airflow/example_dags/example_local_kubernetes_executor.py for tasks to queue
[2023-12-04T03:27:29.697+0000] {logging_mixin.py:151} INFO - [2023-12-04T03:27:29.696+0000] {dagbag.py:539} INFO - Filling up the DagBag from /home/airflow/.local/lib/python3.8/site-packages/airflow/example_dags/example_local_kubernetes_executor.py
[2023-12-04T03:27:29.848+0000] {processor.py:839} INFO - DAG(s) dict_keys(['example_local_kubernetes_executor']) retrieved from /home/airflow/.local/lib/python3.8/site-packages/airflow/example_dags/example_local_kubernetes_executor.py
[2023-12-04T03:27:29.874+0000] {logging_mixin.py:151} INFO - [2023-12-04T03:27:29.874+0000] {dag.py:2915} INFO - Sync 1 DAGs
[2023-12-04T03:27:29.882+0000] {logging_mixin.py:151} INFO - [2023-12-04T03:27:29.882+0000] {dag.py:3696} INFO - Setting next_dagrun for example_local_kubernetes_executor to None, run_after=None
[2023-12-04T03:27:29.892+0000] {processor.py:179} INFO - Processing /home/airflow/.local/lib/python3.8/site-packages/airflow/example_dags/example_local_kubernetes_executor.py took 0.200 seconds
[2023-12-04T04:48:40.106+0000] {processor.py:157} INFO - Started process (PID=57001) to work on /home/airflow/.local/lib/python3.8/site-packages/airflow/example_dags/example_local_kubernetes_executor.py
[2023-12-04T04:48:40.107+0000] {processor.py:829} INFO - Processing file /home/airflow/.local/lib/python3.8/site-packages/airflow/example_dags/example_local_kubernetes_executor.py for tasks to queue
[2023-12-04T04:48:40.109+0000] {logging_mixin.py:151} INFO - [2023-12-04T04:48:40.108+0000] {dagbag.py:539} INFO - Filling up the DagBag from /home/airflow/.local/lib/python3.8/site-packages/airflow/example_dags/example_local_kubernetes_executor.py
[2023-12-04T04:48:40.519+0000] {processor.py:839} INFO - DAG(s) dict_keys(['example_local_kubernetes_executor']) retrieved from /home/airflow/.local/lib/python3.8/site-packages/airflow/example_dags/example_local_kubernetes_executor.py
[2023-12-04T04:48:40.584+0000] {logging_mixin.py:151} INFO - [2023-12-04T04:48:40.583+0000] {dag.py:2915} INFO - Sync 1 DAGs
[2023-12-04T04:48:40.596+0000] {logging_mixin.py:151} INFO - [2023-12-04T04:48:40.596+0000] {dag.py:3696} INFO - Setting next_dagrun for example_local_kubernetes_executor to None, run_after=None
[2023-12-04T04:48:40.609+0000] {processor.py:179} INFO - Processing /home/airflow/.local/lib/python3.8/site-packages/airflow/example_dags/example_local_kubernetes_executor.py took 0.505 seconds
[2023-12-04T05:34:47.126+0000] {processor.py:157} INFO - Started process (PID=57055) to work on /home/airflow/.local/lib/python3.8/site-packages/airflow/example_dags/example_local_kubernetes_executor.py
[2023-12-04T05:34:47.127+0000] {processor.py:829} INFO - Processing file /home/airflow/.local/lib/python3.8/site-packages/airflow/example_dags/example_local_kubernetes_executor.py for tasks to queue
[2023-12-04T05:34:47.129+0000] {logging_mixin.py:151} INFO - [2023-12-04T05:34:47.129+0000] {dagbag.py:539} INFO - Filling up the DagBag from /home/airflow/.local/lib/python3.8/site-packages/airflow/example_dags/example_local_kubernetes_executor.py
[2023-12-04T05:34:47.277+0000] {processor.py:839} INFO - DAG(s) dict_keys(['example_local_kubernetes_executor']) retrieved from /home/airflow/.local/lib/python3.8/site-packages/airflow/example_dags/example_local_kubernetes_executor.py
[2023-12-04T05:34:47.304+0000] {logging_mixin.py:151} INFO - [2023-12-04T05:34:47.303+0000] {dag.py:2915} INFO - Sync 1 DAGs
[2023-12-04T05:34:47.314+0000] {logging_mixin.py:151} INFO - [2023-12-04T05:34:47.314+0000] {dag.py:3696} INFO - Setting next_dagrun for example_local_kubernetes_executor to None, run_after=None
[2023-12-04T05:34:47.327+0000] {processor.py:179} INFO - Processing /home/airflow/.local/lib/python3.8/site-packages/airflow/example_dags/example_local_kubernetes_executor.py took 0.204 seconds
[2023-12-04T06:59:14.348+0000] {processor.py:157} INFO - Started process (PID=57109) to work on /home/airflow/.local/lib/python3.8/site-packages/airflow/example_dags/example_local_kubernetes_executor.py
[2023-12-04T06:59:14.349+0000] {processor.py:829} INFO - Processing file /home/airflow/.local/lib/python3.8/site-packages/airflow/example_dags/example_local_kubernetes_executor.py for tasks to queue
[2023-12-04T06:59:14.351+0000] {logging_mixin.py:151} INFO - [2023-12-04T06:59:14.351+0000] {dagbag.py:539} INFO - Filling up the DagBag from /home/airflow/.local/lib/python3.8/site-packages/airflow/example_dags/example_local_kubernetes_executor.py
[2023-12-04T06:59:14.975+0000] {processor.py:839} INFO - DAG(s) dict_keys(['example_local_kubernetes_executor']) retrieved from /home/airflow/.local/lib/python3.8/site-packages/airflow/example_dags/example_local_kubernetes_executor.py
[2023-12-04T06:59:15.085+0000] {logging_mixin.py:151} INFO - [2023-12-04T06:59:15.084+0000] {dag.py:2915} INFO - Sync 1 DAGs
[2023-12-04T06:59:15.100+0000] {logging_mixin.py:151} INFO - [2023-12-04T06:59:15.100+0000] {dag.py:3696} INFO - Setting next_dagrun for example_local_kubernetes_executor to None, run_after=None
[2023-12-04T06:59:15.142+0000] {processor.py:179} INFO - Processing /home/airflow/.local/lib/python3.8/site-packages/airflow/example_dags/example_local_kubernetes_executor.py took 0.796 seconds
[2023-12-04T07:35:45.610+0000] {processor.py:157} INFO - Started process (PID=57163) to work on /home/airflow/.local/lib/python3.8/site-packages/airflow/example_dags/example_local_kubernetes_executor.py
[2023-12-04T07:35:45.610+0000] {processor.py:829} INFO - Processing file /home/airflow/.local/lib/python3.8/site-packages/airflow/example_dags/example_local_kubernetes_executor.py for tasks to queue
[2023-12-04T07:35:45.612+0000] {logging_mixin.py:151} INFO - [2023-12-04T07:35:45.612+0000] {dagbag.py:539} INFO - Filling up the DagBag from /home/airflow/.local/lib/python3.8/site-packages/airflow/example_dags/example_local_kubernetes_executor.py
[2023-12-04T07:35:45.858+0000] {processor.py:839} INFO - DAG(s) dict_keys(['example_local_kubernetes_executor']) retrieved from /home/airflow/.local/lib/python3.8/site-packages/airflow/example_dags/example_local_kubernetes_executor.py
[2023-12-04T07:35:45.893+0000] {logging_mixin.py:151} INFO - [2023-12-04T07:35:45.892+0000] {dag.py:2915} INFO - Sync 1 DAGs
[2023-12-04T07:35:45.903+0000] {logging_mixin.py:151} INFO - [2023-12-04T07:35:45.903+0000] {dag.py:3696} INFO - Setting next_dagrun for example_local_kubernetes_executor to None, run_after=None
[2023-12-04T07:35:45.922+0000] {processor.py:179} INFO - Processing /home/airflow/.local/lib/python3.8/site-packages/airflow/example_dags/example_local_kubernetes_executor.py took 0.315 seconds
[2023-12-04T08:36:33.796+0000] {processor.py:157} INFO - Started process (PID=57217) to work on /home/airflow/.local/lib/python3.8/site-packages/airflow/example_dags/example_local_kubernetes_executor.py
[2023-12-04T08:36:33.797+0000] {processor.py:829} INFO - Processing file /home/airflow/.local/lib/python3.8/site-packages/airflow/example_dags/example_local_kubernetes_executor.py for tasks to queue
[2023-12-04T08:36:33.798+0000] {logging_mixin.py:151} INFO - [2023-12-04T08:36:33.798+0000] {dagbag.py:539} INFO - Filling up the DagBag from /home/airflow/.local/lib/python3.8/site-packages/airflow/example_dags/example_local_kubernetes_executor.py
[2023-12-04T08:36:33.955+0000] {processor.py:839} INFO - DAG(s) dict_keys(['example_local_kubernetes_executor']) retrieved from /home/airflow/.local/lib/python3.8/site-packages/airflow/example_dags/example_local_kubernetes_executor.py
[2023-12-04T08:36:33.977+0000] {logging_mixin.py:151} INFO - [2023-12-04T08:36:33.977+0000] {dag.py:2915} INFO - Sync 1 DAGs
[2023-12-04T08:36:33.985+0000] {logging_mixin.py:151} INFO - [2023-12-04T08:36:33.985+0000] {dag.py:3696} INFO - Setting next_dagrun for example_local_kubernetes_executor to None, run_after=None
[2023-12-04T08:36:33.996+0000] {processor.py:179} INFO - Processing /home/airflow/.local/lib/python3.8/site-packages/airflow/example_dags/example_local_kubernetes_executor.py took 0.202 seconds
[2023-12-04T09:37:39.098+0000] {processor.py:157} INFO - Started process (PID=57272) to work on /home/airflow/.local/lib/python3.8/site-packages/airflow/example_dags/example_local_kubernetes_executor.py
[2023-12-04T09:37:39.099+0000] {processor.py:829} INFO - Processing file /home/airflow/.local/lib/python3.8/site-packages/airflow/example_dags/example_local_kubernetes_executor.py for tasks to queue
[2023-12-04T09:37:39.100+0000] {logging_mixin.py:151} INFO - [2023-12-04T09:37:39.100+0000] {dagbag.py:539} INFO - Filling up the DagBag from /home/airflow/.local/lib/python3.8/site-packages/airflow/example_dags/example_local_kubernetes_executor.py
[2023-12-04T09:37:39.279+0000] {processor.py:839} INFO - DAG(s) dict_keys(['example_local_kubernetes_executor']) retrieved from /home/airflow/.local/lib/python3.8/site-packages/airflow/example_dags/example_local_kubernetes_executor.py
[2023-12-04T09:37:39.307+0000] {logging_mixin.py:151} INFO - [2023-12-04T09:37:39.306+0000] {dag.py:2915} INFO - Sync 1 DAGs
[2023-12-04T09:37:39.314+0000] {logging_mixin.py:151} INFO - [2023-12-04T09:37:39.314+0000] {dag.py:3696} INFO - Setting next_dagrun for example_local_kubernetes_executor to None, run_after=None
[2023-12-04T09:37:39.325+0000] {processor.py:179} INFO - Processing /home/airflow/.local/lib/python3.8/site-packages/airflow/example_dags/example_local_kubernetes_executor.py took 0.229 seconds
[2023-12-04T10:06:21.980+0000] {processor.py:157} INFO - Started process (PID=57326) to work on /home/airflow/.local/lib/python3.8/site-packages/airflow/example_dags/example_local_kubernetes_executor.py
[2023-12-04T10:06:21.981+0000] {processor.py:829} INFO - Processing file /home/airflow/.local/lib/python3.8/site-packages/airflow/example_dags/example_local_kubernetes_executor.py for tasks to queue
[2023-12-04T10:06:21.983+0000] {logging_mixin.py:151} INFO - [2023-12-04T10:06:21.983+0000] {dagbag.py:539} INFO - Filling up the DagBag from /home/airflow/.local/lib/python3.8/site-packages/airflow/example_dags/example_local_kubernetes_executor.py
[2023-12-04T10:06:22.230+0000] {processor.py:839} INFO - DAG(s) dict_keys(['example_local_kubernetes_executor']) retrieved from /home/airflow/.local/lib/python3.8/site-packages/airflow/example_dags/example_local_kubernetes_executor.py
[2023-12-04T10:06:22.263+0000] {logging_mixin.py:151} INFO - [2023-12-04T10:06:22.263+0000] {dag.py:2915} INFO - Sync 1 DAGs
[2023-12-04T10:06:22.275+0000] {logging_mixin.py:151} INFO - [2023-12-04T10:06:22.275+0000] {dag.py:3696} INFO - Setting next_dagrun for example_local_kubernetes_executor to None, run_after=None
[2023-12-04T10:06:22.289+0000] {processor.py:179} INFO - Processing /home/airflow/.local/lib/python3.8/site-packages/airflow/example_dags/example_local_kubernetes_executor.py took 0.312 seconds
[2023-12-04T10:22:32.342+0000] {processor.py:157} INFO - Started process (PID=57380) to work on /home/airflow/.local/lib/python3.8/site-packages/airflow/example_dags/example_local_kubernetes_executor.py
[2023-12-04T10:22:32.343+0000] {processor.py:829} INFO - Processing file /home/airflow/.local/lib/python3.8/site-packages/airflow/example_dags/example_local_kubernetes_executor.py for tasks to queue
[2023-12-04T10:22:32.344+0000] {logging_mixin.py:151} INFO - [2023-12-04T10:22:32.344+0000] {dagbag.py:539} INFO - Filling up the DagBag from /home/airflow/.local/lib/python3.8/site-packages/airflow/example_dags/example_local_kubernetes_executor.py
[2023-12-04T10:22:32.636+0000] {processor.py:839} INFO - DAG(s) dict_keys(['example_local_kubernetes_executor']) retrieved from /home/airflow/.local/lib/python3.8/site-packages/airflow/example_dags/example_local_kubernetes_executor.py
[2023-12-04T10:22:32.668+0000] {logging_mixin.py:151} INFO - [2023-12-04T10:22:32.668+0000] {dag.py:2915} INFO - Sync 1 DAGs
[2023-12-04T10:22:32.677+0000] {logging_mixin.py:151} INFO - [2023-12-04T10:22:32.677+0000] {dag.py:3696} INFO - Setting next_dagrun for example_local_kubernetes_executor to None, run_after=None
[2023-12-04T10:22:32.689+0000] {processor.py:179} INFO - Processing /home/airflow/.local/lib/python3.8/site-packages/airflow/example_dags/example_local_kubernetes_executor.py took 0.350 seconds
[2023-12-04T10:38:36.934+0000] {processor.py:157} INFO - Started process (PID=57434) to work on /home/airflow/.local/lib/python3.8/site-packages/airflow/example_dags/example_local_kubernetes_executor.py
[2023-12-04T10:38:36.935+0000] {processor.py:829} INFO - Processing file /home/airflow/.local/lib/python3.8/site-packages/airflow/example_dags/example_local_kubernetes_executor.py for tasks to queue
[2023-12-04T10:38:36.936+0000] {logging_mixin.py:151} INFO - [2023-12-04T10:38:36.936+0000] {dagbag.py:539} INFO - Filling up the DagBag from /home/airflow/.local/lib/python3.8/site-packages/airflow/example_dags/example_local_kubernetes_executor.py
[2023-12-04T10:38:37.081+0000] {processor.py:839} INFO - DAG(s) dict_keys(['example_local_kubernetes_executor']) retrieved from /home/airflow/.local/lib/python3.8/site-packages/airflow/example_dags/example_local_kubernetes_executor.py
[2023-12-04T10:38:37.111+0000] {logging_mixin.py:151} INFO - [2023-12-04T10:38:37.111+0000] {dag.py:2915} INFO - Sync 1 DAGs
[2023-12-04T10:38:37.120+0000] {logging_mixin.py:151} INFO - [2023-12-04T10:38:37.119+0000] {dag.py:3696} INFO - Setting next_dagrun for example_local_kubernetes_executor to None, run_after=None
[2023-12-04T10:38:37.130+0000] {processor.py:179} INFO - Processing /home/airflow/.local/lib/python3.8/site-packages/airflow/example_dags/example_local_kubernetes_executor.py took 0.199 seconds
[2023-12-04T10:52:23.084+0000] {processor.py:157} INFO - Started process (PID=57488) to work on /home/airflow/.local/lib/python3.8/site-packages/airflow/example_dags/example_local_kubernetes_executor.py
[2023-12-04T10:52:23.085+0000] {processor.py:829} INFO - Processing file /home/airflow/.local/lib/python3.8/site-packages/airflow/example_dags/example_local_kubernetes_executor.py for tasks to queue
[2023-12-04T10:52:23.086+0000] {logging_mixin.py:151} INFO - [2023-12-04T10:52:23.086+0000] {dagbag.py:539} INFO - Filling up the DagBag from /home/airflow/.local/lib/python3.8/site-packages/airflow/example_dags/example_local_kubernetes_executor.py
[2023-12-04T10:52:23.396+0000] {processor.py:839} INFO - DAG(s) dict_keys(['example_local_kubernetes_executor']) retrieved from /home/airflow/.local/lib/python3.8/site-packages/airflow/example_dags/example_local_kubernetes_executor.py
[2023-12-04T10:52:23.435+0000] {logging_mixin.py:151} INFO - [2023-12-04T10:52:23.435+0000] {dag.py:2915} INFO - Sync 1 DAGs
[2023-12-04T10:52:23.444+0000] {logging_mixin.py:151} INFO - [2023-12-04T10:52:23.444+0000] {dag.py:3696} INFO - Setting next_dagrun for example_local_kubernetes_executor to None, run_after=None
[2023-12-04T10:52:23.455+0000] {processor.py:179} INFO - Processing /home/airflow/.local/lib/python3.8/site-packages/airflow/example_dags/example_local_kubernetes_executor.py took 0.373 seconds
[2023-12-04T11:39:39.552+0000] {processor.py:157} INFO - Started process (PID=57542) to work on /home/airflow/.local/lib/python3.8/site-packages/airflow/example_dags/example_local_kubernetes_executor.py
[2023-12-04T11:39:39.553+0000] {processor.py:829} INFO - Processing file /home/airflow/.local/lib/python3.8/site-packages/airflow/example_dags/example_local_kubernetes_executor.py for tasks to queue
[2023-12-04T11:39:39.554+0000] {logging_mixin.py:151} INFO - [2023-12-04T11:39:39.554+0000] {dagbag.py:539} INFO - Filling up the DagBag from /home/airflow/.local/lib/python3.8/site-packages/airflow/example_dags/example_local_kubernetes_executor.py
[2023-12-04T11:39:39.709+0000] {processor.py:839} INFO - DAG(s) dict_keys(['example_local_kubernetes_executor']) retrieved from /home/airflow/.local/lib/python3.8/site-packages/airflow/example_dags/example_local_kubernetes_executor.py
[2023-12-04T11:39:39.731+0000] {logging_mixin.py:151} INFO - [2023-12-04T11:39:39.730+0000] {dag.py:2915} INFO - Sync 1 DAGs
[2023-12-04T11:39:39.747+0000] {logging_mixin.py:151} INFO - [2023-12-04T11:39:39.747+0000] {dag.py:3696} INFO - Setting next_dagrun for example_local_kubernetes_executor to None, run_after=None
[2023-12-04T11:39:39.760+0000] {processor.py:179} INFO - Processing /home/airflow/.local/lib/python3.8/site-packages/airflow/example_dags/example_local_kubernetes_executor.py took 0.211 seconds
[2023-12-04T12:40:34.988+0000] {processor.py:157} INFO - Started process (PID=57596) to work on /home/airflow/.local/lib/python3.8/site-packages/airflow/example_dags/example_local_kubernetes_executor.py
[2023-12-04T12:40:34.989+0000] {processor.py:829} INFO - Processing file /home/airflow/.local/lib/python3.8/site-packages/airflow/example_dags/example_local_kubernetes_executor.py for tasks to queue
[2023-12-04T12:40:34.990+0000] {logging_mixin.py:151} INFO - [2023-12-04T12:40:34.990+0000] {dagbag.py:539} INFO - Filling up the DagBag from /home/airflow/.local/lib/python3.8/site-packages/airflow/example_dags/example_local_kubernetes_executor.py
[2023-12-04T12:40:35.144+0000] {processor.py:839} INFO - DAG(s) dict_keys(['example_local_kubernetes_executor']) retrieved from /home/airflow/.local/lib/python3.8/site-packages/airflow/example_dags/example_local_kubernetes_executor.py
[2023-12-04T12:40:35.179+0000] {logging_mixin.py:151} INFO - [2023-12-04T12:40:35.179+0000] {dag.py:2915} INFO - Sync 1 DAGs
[2023-12-04T12:40:35.188+0000] {logging_mixin.py:151} INFO - [2023-12-04T12:40:35.188+0000] {dag.py:3696} INFO - Setting next_dagrun for example_local_kubernetes_executor to None, run_after=None
[2023-12-04T12:40:35.203+0000] {processor.py:179} INFO - Processing /home/airflow/.local/lib/python3.8/site-packages/airflow/example_dags/example_local_kubernetes_executor.py took 0.217 seconds
[2023-12-04T13:10:51.564+0000] {processor.py:157} INFO - Started process (PID=57650) to work on /home/airflow/.local/lib/python3.8/site-packages/airflow/example_dags/example_local_kubernetes_executor.py
[2023-12-04T13:10:51.566+0000] {processor.py:829} INFO - Processing file /home/airflow/.local/lib/python3.8/site-packages/airflow/example_dags/example_local_kubernetes_executor.py for tasks to queue
[2023-12-04T13:10:51.567+0000] {logging_mixin.py:151} INFO - [2023-12-04T13:10:51.567+0000] {dagbag.py:539} INFO - Filling up the DagBag from /home/airflow/.local/lib/python3.8/site-packages/airflow/example_dags/example_local_kubernetes_executor.py
[2023-12-04T13:10:52.034+0000] {processor.py:839} INFO - DAG(s) dict_keys(['example_local_kubernetes_executor']) retrieved from /home/airflow/.local/lib/python3.8/site-packages/airflow/example_dags/example_local_kubernetes_executor.py
[2023-12-04T13:10:52.169+0000] {logging_mixin.py:151} INFO - [2023-12-04T13:10:52.167+0000] {dag.py:2915} INFO - Sync 1 DAGs
[2023-12-04T13:10:52.244+0000] {logging_mixin.py:151} INFO - [2023-12-04T13:10:52.243+0000] {dag.py:3696} INFO - Setting next_dagrun for example_local_kubernetes_executor to None, run_after=None
[2023-12-04T13:10:52.263+0000] {processor.py:179} INFO - Processing /home/airflow/.local/lib/python3.8/site-packages/airflow/example_dags/example_local_kubernetes_executor.py took 0.701 seconds
[2023-12-04T13:32:09.720+0000] {processor.py:157} INFO - Started process (PID=57704) to work on /home/airflow/.local/lib/python3.8/site-packages/airflow/example_dags/example_local_kubernetes_executor.py
[2023-12-04T13:32:09.721+0000] {processor.py:829} INFO - Processing file /home/airflow/.local/lib/python3.8/site-packages/airflow/example_dags/example_local_kubernetes_executor.py for tasks to queue
[2023-12-04T13:32:09.723+0000] {logging_mixin.py:151} INFO - [2023-12-04T13:32:09.723+0000] {dagbag.py:539} INFO - Filling up the DagBag from /home/airflow/.local/lib/python3.8/site-packages/airflow/example_dags/example_local_kubernetes_executor.py
[2023-12-04T13:32:09.984+0000] {processor.py:839} INFO - DAG(s) dict_keys(['example_local_kubernetes_executor']) retrieved from /home/airflow/.local/lib/python3.8/site-packages/airflow/example_dags/example_local_kubernetes_executor.py
[2023-12-04T13:32:10.026+0000] {logging_mixin.py:151} INFO - [2023-12-04T13:32:10.025+0000] {dag.py:2915} INFO - Sync 1 DAGs
[2023-12-04T13:32:10.037+0000] {logging_mixin.py:151} INFO - [2023-12-04T13:32:10.037+0000] {dag.py:3696} INFO - Setting next_dagrun for example_local_kubernetes_executor to None, run_after=None
[2023-12-04T13:32:10.054+0000] {processor.py:179} INFO - Processing /home/airflow/.local/lib/python3.8/site-packages/airflow/example_dags/example_local_kubernetes_executor.py took 0.336 seconds
[2023-12-04T13:53:01.964+0000] {processor.py:157} INFO - Started process (PID=57758) to work on /home/airflow/.local/lib/python3.8/site-packages/airflow/example_dags/example_local_kubernetes_executor.py
[2023-12-04T13:53:01.965+0000] {processor.py:829} INFO - Processing file /home/airflow/.local/lib/python3.8/site-packages/airflow/example_dags/example_local_kubernetes_executor.py for tasks to queue
[2023-12-04T13:53:01.967+0000] {logging_mixin.py:151} INFO - [2023-12-04T13:53:01.966+0000] {dagbag.py:539} INFO - Filling up the DagBag from /home/airflow/.local/lib/python3.8/site-packages/airflow/example_dags/example_local_kubernetes_executor.py
[2023-12-04T13:53:02.183+0000] {processor.py:839} INFO - DAG(s) dict_keys(['example_local_kubernetes_executor']) retrieved from /home/airflow/.local/lib/python3.8/site-packages/airflow/example_dags/example_local_kubernetes_executor.py
[2023-12-04T13:53:02.220+0000] {logging_mixin.py:151} INFO - [2023-12-04T13:53:02.219+0000] {dag.py:2915} INFO - Sync 1 DAGs
[2023-12-04T13:53:02.232+0000] {logging_mixin.py:151} INFO - [2023-12-04T13:53:02.232+0000] {dag.py:3696} INFO - Setting next_dagrun for example_local_kubernetes_executor to None, run_after=None
[2023-12-04T13:53:02.246+0000] {processor.py:179} INFO - Processing /home/airflow/.local/lib/python3.8/site-packages/airflow/example_dags/example_local_kubernetes_executor.py took 0.284 seconds
[2023-12-04T14:42:36.296+0000] {processor.py:157} INFO - Started process (PID=57812) to work on /home/airflow/.local/lib/python3.8/site-packages/airflow/example_dags/example_local_kubernetes_executor.py
[2023-12-04T14:42:36.297+0000] {processor.py:829} INFO - Processing file /home/airflow/.local/lib/python3.8/site-packages/airflow/example_dags/example_local_kubernetes_executor.py for tasks to queue
[2023-12-04T14:42:36.298+0000] {logging_mixin.py:151} INFO - [2023-12-04T14:42:36.298+0000] {dagbag.py:539} INFO - Filling up the DagBag from /home/airflow/.local/lib/python3.8/site-packages/airflow/example_dags/example_local_kubernetes_executor.py
[2023-12-04T14:42:36.574+0000] {processor.py:839} INFO - DAG(s) dict_keys(['example_local_kubernetes_executor']) retrieved from /home/airflow/.local/lib/python3.8/site-packages/airflow/example_dags/example_local_kubernetes_executor.py
[2023-12-04T14:42:36.628+0000] {logging_mixin.py:151} INFO - [2023-12-04T14:42:36.627+0000] {dag.py:2915} INFO - Sync 1 DAGs
[2023-12-04T14:42:36.648+0000] {logging_mixin.py:151} INFO - [2023-12-04T14:42:36.648+0000] {dag.py:3696} INFO - Setting next_dagrun for example_local_kubernetes_executor to None, run_after=None
[2023-12-04T14:42:36.663+0000] {processor.py:179} INFO - Processing /home/airflow/.local/lib/python3.8/site-packages/airflow/example_dags/example_local_kubernetes_executor.py took 0.369 seconds
[2023-12-04T15:43:39.478+0000] {processor.py:157} INFO - Started process (PID=57866) to work on /home/airflow/.local/lib/python3.8/site-packages/airflow/example_dags/example_local_kubernetes_executor.py
[2023-12-04T15:43:39.479+0000] {processor.py:829} INFO - Processing file /home/airflow/.local/lib/python3.8/site-packages/airflow/example_dags/example_local_kubernetes_executor.py for tasks to queue
[2023-12-04T15:43:39.481+0000] {logging_mixin.py:151} INFO - [2023-12-04T15:43:39.481+0000] {dagbag.py:539} INFO - Filling up the DagBag from /home/airflow/.local/lib/python3.8/site-packages/airflow/example_dags/example_local_kubernetes_executor.py
[2023-12-04T15:43:39.678+0000] {processor.py:839} INFO - DAG(s) dict_keys(['example_local_kubernetes_executor']) retrieved from /home/airflow/.local/lib/python3.8/site-packages/airflow/example_dags/example_local_kubernetes_executor.py
[2023-12-04T15:43:39.706+0000] {logging_mixin.py:151} INFO - [2023-12-04T15:43:39.706+0000] {dag.py:2915} INFO - Sync 1 DAGs
[2023-12-04T15:43:39.715+0000] {logging_mixin.py:151} INFO - [2023-12-04T15:43:39.715+0000] {dag.py:3696} INFO - Setting next_dagrun for example_local_kubernetes_executor to None, run_after=None
[2023-12-04T15:43:39.735+0000] {processor.py:179} INFO - Processing /home/airflow/.local/lib/python3.8/site-packages/airflow/example_dags/example_local_kubernetes_executor.py took 0.259 seconds
[2023-12-04T16:42:08.615+0000] {processor.py:157} INFO - Started process (PID=57920) to work on /home/airflow/.local/lib/python3.8/site-packages/airflow/example_dags/example_local_kubernetes_executor.py
[2023-12-04T16:42:08.616+0000] {processor.py:829} INFO - Processing file /home/airflow/.local/lib/python3.8/site-packages/airflow/example_dags/example_local_kubernetes_executor.py for tasks to queue
[2023-12-04T16:42:08.618+0000] {logging_mixin.py:151} INFO - [2023-12-04T16:42:08.617+0000] {dagbag.py:539} INFO - Filling up the DagBag from /home/airflow/.local/lib/python3.8/site-packages/airflow/example_dags/example_local_kubernetes_executor.py
[2023-12-04T16:42:08.770+0000] {processor.py:839} INFO - DAG(s) dict_keys(['example_local_kubernetes_executor']) retrieved from /home/airflow/.local/lib/python3.8/site-packages/airflow/example_dags/example_local_kubernetes_executor.py
[2023-12-04T16:42:08.793+0000] {logging_mixin.py:151} INFO - [2023-12-04T16:42:08.793+0000] {dag.py:2915} INFO - Sync 1 DAGs
[2023-12-04T16:42:08.800+0000] {logging_mixin.py:151} INFO - [2023-12-04T16:42:08.800+0000] {dag.py:3696} INFO - Setting next_dagrun for example_local_kubernetes_executor to None, run_after=None
[2023-12-04T16:42:08.811+0000] {processor.py:179} INFO - Processing /home/airflow/.local/lib/python3.8/site-packages/airflow/example_dags/example_local_kubernetes_executor.py took 0.198 seconds
[2023-12-04T17:45:36.008+0000] {processor.py:157} INFO - Started process (PID=57974) to work on /home/airflow/.local/lib/python3.8/site-packages/airflow/example_dags/example_local_kubernetes_executor.py
[2023-12-04T17:45:36.008+0000] {processor.py:829} INFO - Processing file /home/airflow/.local/lib/python3.8/site-packages/airflow/example_dags/example_local_kubernetes_executor.py for tasks to queue
[2023-12-04T17:45:36.010+0000] {logging_mixin.py:151} INFO - [2023-12-04T17:45:36.010+0000] {dagbag.py:539} INFO - Filling up the DagBag from /home/airflow/.local/lib/python3.8/site-packages/airflow/example_dags/example_local_kubernetes_executor.py
[2023-12-04T17:45:36.154+0000] {processor.py:839} INFO - DAG(s) dict_keys(['example_local_kubernetes_executor']) retrieved from /home/airflow/.local/lib/python3.8/site-packages/airflow/example_dags/example_local_kubernetes_executor.py
[2023-12-04T17:45:36.176+0000] {logging_mixin.py:151} INFO - [2023-12-04T17:45:36.175+0000] {dag.py:2915} INFO - Sync 1 DAGs
[2023-12-04T17:45:36.184+0000] {logging_mixin.py:151} INFO - [2023-12-04T17:45:36.184+0000] {dag.py:3696} INFO - Setting next_dagrun for example_local_kubernetes_executor to None, run_after=None
[2023-12-04T17:45:36.201+0000] {processor.py:179} INFO - Processing /home/airflow/.local/lib/python3.8/site-packages/airflow/example_dags/example_local_kubernetes_executor.py took 0.196 seconds
[2023-12-04T18:46:42.808+0000] {processor.py:157} INFO - Started process (PID=58028) to work on /home/airflow/.local/lib/python3.8/site-packages/airflow/example_dags/example_local_kubernetes_executor.py
[2023-12-04T18:46:42.809+0000] {processor.py:829} INFO - Processing file /home/airflow/.local/lib/python3.8/site-packages/airflow/example_dags/example_local_kubernetes_executor.py for tasks to queue
[2023-12-04T18:46:42.810+0000] {logging_mixin.py:151} INFO - [2023-12-04T18:46:42.810+0000] {dagbag.py:539} INFO - Filling up the DagBag from /home/airflow/.local/lib/python3.8/site-packages/airflow/example_dags/example_local_kubernetes_executor.py
[2023-12-04T18:46:42.954+0000] {processor.py:839} INFO - DAG(s) dict_keys(['example_local_kubernetes_executor']) retrieved from /home/airflow/.local/lib/python3.8/site-packages/airflow/example_dags/example_local_kubernetes_executor.py
[2023-12-04T18:46:42.986+0000] {logging_mixin.py:151} INFO - [2023-12-04T18:46:42.985+0000] {dag.py:2915} INFO - Sync 1 DAGs
[2023-12-04T18:46:42.994+0000] {logging_mixin.py:151} INFO - [2023-12-04T18:46:42.994+0000] {dag.py:3696} INFO - Setting next_dagrun for example_local_kubernetes_executor to None, run_after=None
[2023-12-04T18:46:43.003+0000] {processor.py:179} INFO - Processing /home/airflow/.local/lib/python3.8/site-packages/airflow/example_dags/example_local_kubernetes_executor.py took 0.197 seconds
[2023-12-04T20:03:39.602+0000] {processor.py:157} INFO - Started process (PID=58082) to work on /home/airflow/.local/lib/python3.8/site-packages/airflow/example_dags/example_local_kubernetes_executor.py
[2023-12-04T20:03:39.603+0000] {processor.py:829} INFO - Processing file /home/airflow/.local/lib/python3.8/site-packages/airflow/example_dags/example_local_kubernetes_executor.py for tasks to queue
[2023-12-04T20:03:39.604+0000] {logging_mixin.py:151} INFO - [2023-12-04T20:03:39.604+0000] {dagbag.py:539} INFO - Filling up the DagBag from /home/airflow/.local/lib/python3.8/site-packages/airflow/example_dags/example_local_kubernetes_executor.py
[2023-12-04T20:03:39.902+0000] {processor.py:839} INFO - DAG(s) dict_keys(['example_local_kubernetes_executor']) retrieved from /home/airflow/.local/lib/python3.8/site-packages/airflow/example_dags/example_local_kubernetes_executor.py
[2023-12-04T20:03:39.967+0000] {logging_mixin.py:151} INFO - [2023-12-04T20:03:39.965+0000] {dag.py:2915} INFO - Sync 1 DAGs
[2023-12-04T20:03:39.999+0000] {logging_mixin.py:151} INFO - [2023-12-04T20:03:39.999+0000] {dag.py:3696} INFO - Setting next_dagrun for example_local_kubernetes_executor to None, run_after=None
[2023-12-04T20:03:40.032+0000] {processor.py:179} INFO - Processing /home/airflow/.local/lib/python3.8/site-packages/airflow/example_dags/example_local_kubernetes_executor.py took 0.432 seconds
[2023-12-04T21:05:42.863+0000] {processor.py:157} INFO - Started process (PID=58136) to work on /home/airflow/.local/lib/python3.8/site-packages/airflow/example_dags/example_local_kubernetes_executor.py
[2023-12-04T21:05:42.863+0000] {processor.py:829} INFO - Processing file /home/airflow/.local/lib/python3.8/site-packages/airflow/example_dags/example_local_kubernetes_executor.py for tasks to queue
[2023-12-04T21:05:42.865+0000] {logging_mixin.py:151} INFO - [2023-12-04T21:05:42.865+0000] {dagbag.py:539} INFO - Filling up the DagBag from /home/airflow/.local/lib/python3.8/site-packages/airflow/example_dags/example_local_kubernetes_executor.py
[2023-12-04T21:05:42.997+0000] {processor.py:839} INFO - DAG(s) dict_keys(['example_local_kubernetes_executor']) retrieved from /home/airflow/.local/lib/python3.8/site-packages/airflow/example_dags/example_local_kubernetes_executor.py
[2023-12-04T21:05:43.020+0000] {logging_mixin.py:151} INFO - [2023-12-04T21:05:43.020+0000] {dag.py:2915} INFO - Sync 1 DAGs
[2023-12-04T21:05:43.028+0000] {logging_mixin.py:151} INFO - [2023-12-04T21:05:43.028+0000] {dag.py:3696} INFO - Setting next_dagrun for example_local_kubernetes_executor to None, run_after=None
[2023-12-04T21:05:43.037+0000] {processor.py:179} INFO - Processing /home/airflow/.local/lib/python3.8/site-packages/airflow/example_dags/example_local_kubernetes_executor.py took 0.177 seconds
[2023-12-04T22:06:55.830+0000] {processor.py:157} INFO - Started process (PID=58190) to work on /home/airflow/.local/lib/python3.8/site-packages/airflow/example_dags/example_local_kubernetes_executor.py
[2023-12-04T22:06:55.831+0000] {processor.py:829} INFO - Processing file /home/airflow/.local/lib/python3.8/site-packages/airflow/example_dags/example_local_kubernetes_executor.py for tasks to queue
[2023-12-04T22:06:55.833+0000] {logging_mixin.py:151} INFO - [2023-12-04T22:06:55.832+0000] {dagbag.py:539} INFO - Filling up the DagBag from /home/airflow/.local/lib/python3.8/site-packages/airflow/example_dags/example_local_kubernetes_executor.py
[2023-12-04T22:06:56.028+0000] {processor.py:839} INFO - DAG(s) dict_keys(['example_local_kubernetes_executor']) retrieved from /home/airflow/.local/lib/python3.8/site-packages/airflow/example_dags/example_local_kubernetes_executor.py
[2023-12-04T22:06:56.060+0000] {logging_mixin.py:151} INFO - [2023-12-04T22:06:56.059+0000] {dag.py:2915} INFO - Sync 1 DAGs
[2023-12-04T22:06:56.091+0000] {logging_mixin.py:151} INFO - [2023-12-04T22:06:56.090+0000] {dag.py:3696} INFO - Setting next_dagrun for example_local_kubernetes_executor to None, run_after=None
[2023-12-04T22:06:56.119+0000] {processor.py:179} INFO - Processing /home/airflow/.local/lib/python3.8/site-packages/airflow/example_dags/example_local_kubernetes_executor.py took 0.291 seconds
[2023-12-04T23:00:14.301+0000] {processor.py:157} INFO - Started process (PID=58244) to work on /home/airflow/.local/lib/python3.8/site-packages/airflow/example_dags/example_local_kubernetes_executor.py
[2023-12-04T23:00:14.301+0000] {processor.py:829} INFO - Processing file /home/airflow/.local/lib/python3.8/site-packages/airflow/example_dags/example_local_kubernetes_executor.py for tasks to queue
[2023-12-04T23:00:14.303+0000] {logging_mixin.py:151} INFO - [2023-12-04T23:00:14.302+0000] {dagbag.py:539} INFO - Filling up the DagBag from /home/airflow/.local/lib/python3.8/site-packages/airflow/example_dags/example_local_kubernetes_executor.py
[2023-12-04T23:00:14.436+0000] {processor.py:839} INFO - DAG(s) dict_keys(['example_local_kubernetes_executor']) retrieved from /home/airflow/.local/lib/python3.8/site-packages/airflow/example_dags/example_local_kubernetes_executor.py
[2023-12-04T23:00:14.463+0000] {logging_mixin.py:151} INFO - [2023-12-04T23:00:14.462+0000] {dag.py:2915} INFO - Sync 1 DAGs
[2023-12-04T23:00:14.475+0000] {logging_mixin.py:151} INFO - [2023-12-04T23:00:14.475+0000] {dag.py:3696} INFO - Setting next_dagrun for example_local_kubernetes_executor to None, run_after=None
[2023-12-04T23:00:14.489+0000] {processor.py:179} INFO - Processing /home/airflow/.local/lib/python3.8/site-packages/airflow/example_dags/example_local_kubernetes_executor.py took 0.190 seconds
[2023-12-04T23:40:24.391+0000] {processor.py:157} INFO - Started process (PID=58298) to work on /home/airflow/.local/lib/python3.8/site-packages/airflow/example_dags/example_local_kubernetes_executor.py
[2023-12-04T23:40:24.392+0000] {processor.py:829} INFO - Processing file /home/airflow/.local/lib/python3.8/site-packages/airflow/example_dags/example_local_kubernetes_executor.py for tasks to queue
[2023-12-04T23:40:24.393+0000] {logging_mixin.py:151} INFO - [2023-12-04T23:40:24.393+0000] {dagbag.py:539} INFO - Filling up the DagBag from /home/airflow/.local/lib/python3.8/site-packages/airflow/example_dags/example_local_kubernetes_executor.py
[2023-12-04T23:40:24.606+0000] {processor.py:839} INFO - DAG(s) dict_keys(['example_local_kubernetes_executor']) retrieved from /home/airflow/.local/lib/python3.8/site-packages/airflow/example_dags/example_local_kubernetes_executor.py
[2023-12-04T23:40:24.631+0000] {logging_mixin.py:151} INFO - [2023-12-04T23:40:24.630+0000] {dag.py:2915} INFO - Sync 1 DAGs
[2023-12-04T23:40:24.639+0000] {logging_mixin.py:151} INFO - [2023-12-04T23:40:24.639+0000] {dag.py:3696} INFO - Setting next_dagrun for example_local_kubernetes_executor to None, run_after=None
[2023-12-04T23:40:24.650+0000] {processor.py:179} INFO - Processing /home/airflow/.local/lib/python3.8/site-packages/airflow/example_dags/example_local_kubernetes_executor.py took 0.262 seconds
[2023-12-04T23:42:56.178+0000] {processor.py:157} INFO - Started process (PID=58352) to work on /home/airflow/.local/lib/python3.8/site-packages/airflow/example_dags/example_local_kubernetes_executor.py
[2023-12-04T23:42:56.180+0000] {processor.py:829} INFO - Processing file /home/airflow/.local/lib/python3.8/site-packages/airflow/example_dags/example_local_kubernetes_executor.py for tasks to queue
[2023-12-04T23:42:56.183+0000] {logging_mixin.py:151} INFO - [2023-12-04T23:42:56.183+0000] {dagbag.py:539} INFO - Filling up the DagBag from /home/airflow/.local/lib/python3.8/site-packages/airflow/example_dags/example_local_kubernetes_executor.py
[2023-12-04T23:42:56.765+0000] {processor.py:839} INFO - DAG(s) dict_keys(['example_local_kubernetes_executor']) retrieved from /home/airflow/.local/lib/python3.8/site-packages/airflow/example_dags/example_local_kubernetes_executor.py
[2023-12-04T23:42:56.918+0000] {logging_mixin.py:151} INFO - [2023-12-04T23:42:56.915+0000] {dag.py:2915} INFO - Sync 1 DAGs
[2023-12-04T23:42:56.962+0000] {logging_mixin.py:151} INFO - [2023-12-04T23:42:56.962+0000] {dag.py:3696} INFO - Setting next_dagrun for example_local_kubernetes_executor to None, run_after=None
[2023-12-04T23:42:57.015+0000] {processor.py:179} INFO - Processing /home/airflow/.local/lib/python3.8/site-packages/airflow/example_dags/example_local_kubernetes_executor.py took 0.841 seconds
