[2023-12-04T00:36:58.964+0000] {processor.py:157} INFO - Started process (PID=56716) to work on /home/airflow/.local/lib/python3.8/site-packages/airflow/example_dags/example_branch_python_dop_operator_3.py
[2023-12-04T00:36:58.965+0000] {processor.py:829} INFO - Processing file /home/airflow/.local/lib/python3.8/site-packages/airflow/example_dags/example_branch_python_dop_operator_3.py for tasks to queue
[2023-12-04T00:36:58.967+0000] {logging_mixin.py:151} INFO - [2023-12-04T00:36:58.967+0000] {dagbag.py:539} INFO - Filling up the DagBag from /home/airflow/.local/lib/python3.8/site-packages/airflow/example_dags/example_branch_python_dop_operator_3.py
[2023-12-04T00:36:58.975+0000] {processor.py:839} INFO - DAG(s) dict_keys(['example_branch_dop_operator_v3']) retrieved from /home/airflow/.local/lib/python3.8/site-packages/airflow/example_dags/example_branch_python_dop_operator_3.py
[2023-12-04T00:36:58.996+0000] {logging_mixin.py:151} INFO - [2023-12-04T00:36:58.996+0000] {dag.py:2915} INFO - Sync 1 DAGs
[2023-12-04T00:36:59.015+0000] {logging_mixin.py:151} INFO - [2023-12-04T00:36:59.015+0000] {dag.py:3696} INFO - Setting next_dagrun for example_branch_dop_operator_v3 to 2023-12-04T00:35:00+00:00, run_after=2023-12-04T00:36:00+00:00
[2023-12-04T00:36:59.025+0000] {processor.py:179} INFO - Processing /home/airflow/.local/lib/python3.8/site-packages/airflow/example_dags/example_branch_python_dop_operator_3.py took 0.063 seconds
[2023-12-04T00:52:37.726+0000] {processor.py:157} INFO - Started process (PID=56770) to work on /home/airflow/.local/lib/python3.8/site-packages/airflow/example_dags/example_branch_python_dop_operator_3.py
[2023-12-04T00:52:37.726+0000] {processor.py:829} INFO - Processing file /home/airflow/.local/lib/python3.8/site-packages/airflow/example_dags/example_branch_python_dop_operator_3.py for tasks to queue
[2023-12-04T00:52:37.728+0000] {logging_mixin.py:151} INFO - [2023-12-04T00:52:37.727+0000] {dagbag.py:539} INFO - Filling up the DagBag from /home/airflow/.local/lib/python3.8/site-packages/airflow/example_dags/example_branch_python_dop_operator_3.py
[2023-12-04T00:52:37.734+0000] {processor.py:839} INFO - DAG(s) dict_keys(['example_branch_dop_operator_v3']) retrieved from /home/airflow/.local/lib/python3.8/site-packages/airflow/example_dags/example_branch_python_dop_operator_3.py
[2023-12-04T00:52:37.746+0000] {logging_mixin.py:151} INFO - [2023-12-04T00:52:37.746+0000] {dag.py:2915} INFO - Sync 1 DAGs
[2023-12-04T00:52:37.760+0000] {logging_mixin.py:151} INFO - [2023-12-04T00:52:37.760+0000] {dag.py:3696} INFO - Setting next_dagrun for example_branch_dop_operator_v3 to 2023-12-04T00:51:00+00:00, run_after=2023-12-04T00:52:00+00:00
[2023-12-04T00:52:37.769+0000] {processor.py:179} INFO - Processing /home/airflow/.local/lib/python3.8/site-packages/airflow/example_dags/example_branch_python_dop_operator_3.py took 0.046 seconds
[2023-12-04T01:58:51.245+0000] {processor.py:157} INFO - Started process (PID=56824) to work on /home/airflow/.local/lib/python3.8/site-packages/airflow/example_dags/example_branch_python_dop_operator_3.py
[2023-12-04T01:58:51.246+0000] {processor.py:829} INFO - Processing file /home/airflow/.local/lib/python3.8/site-packages/airflow/example_dags/example_branch_python_dop_operator_3.py for tasks to queue
[2023-12-04T01:58:51.248+0000] {logging_mixin.py:151} INFO - [2023-12-04T01:58:51.248+0000] {dagbag.py:539} INFO - Filling up the DagBag from /home/airflow/.local/lib/python3.8/site-packages/airflow/example_dags/example_branch_python_dop_operator_3.py
[2023-12-04T01:58:51.254+0000] {processor.py:839} INFO - DAG(s) dict_keys(['example_branch_dop_operator_v3']) retrieved from /home/airflow/.local/lib/python3.8/site-packages/airflow/example_dags/example_branch_python_dop_operator_3.py
[2023-12-04T01:58:51.272+0000] {logging_mixin.py:151} INFO - [2023-12-04T01:58:51.271+0000] {dag.py:2915} INFO - Sync 1 DAGs
[2023-12-04T01:58:51.294+0000] {logging_mixin.py:151} INFO - [2023-12-04T01:58:51.294+0000] {dag.py:3696} INFO - Setting next_dagrun for example_branch_dop_operator_v3 to 2023-12-04T01:57:00+00:00, run_after=2023-12-04T01:58:00+00:00
[2023-12-04T01:58:51.304+0000] {processor.py:179} INFO - Processing /home/airflow/.local/lib/python3.8/site-packages/airflow/example_dags/example_branch_python_dop_operator_3.py took 0.061 seconds
[2023-12-04T02:50:07.177+0000] {processor.py:157} INFO - Started process (PID=56878) to work on /home/airflow/.local/lib/python3.8/site-packages/airflow/example_dags/example_branch_python_dop_operator_3.py
[2023-12-04T02:50:07.178+0000] {processor.py:829} INFO - Processing file /home/airflow/.local/lib/python3.8/site-packages/airflow/example_dags/example_branch_python_dop_operator_3.py for tasks to queue
[2023-12-04T02:50:07.179+0000] {logging_mixin.py:151} INFO - [2023-12-04T02:50:07.179+0000] {dagbag.py:539} INFO - Filling up the DagBag from /home/airflow/.local/lib/python3.8/site-packages/airflow/example_dags/example_branch_python_dop_operator_3.py
[2023-12-04T02:50:07.186+0000] {processor.py:839} INFO - DAG(s) dict_keys(['example_branch_dop_operator_v3']) retrieved from /home/airflow/.local/lib/python3.8/site-packages/airflow/example_dags/example_branch_python_dop_operator_3.py
[2023-12-04T02:50:07.206+0000] {logging_mixin.py:151} INFO - [2023-12-04T02:50:07.206+0000] {dag.py:2915} INFO - Sync 1 DAGs
[2023-12-04T02:50:07.221+0000] {logging_mixin.py:151} INFO - [2023-12-04T02:50:07.221+0000] {dag.py:3696} INFO - Setting next_dagrun for example_branch_dop_operator_v3 to 2023-12-04T02:49:00+00:00, run_after=2023-12-04T02:50:00+00:00
[2023-12-04T02:50:07.231+0000] {processor.py:179} INFO - Processing /home/airflow/.local/lib/python3.8/site-packages/airflow/example_dags/example_branch_python_dop_operator_3.py took 0.057 seconds
[2023-12-04T03:27:29.275+0000] {processor.py:157} INFO - Started process (PID=56932) to work on /home/airflow/.local/lib/python3.8/site-packages/airflow/example_dags/example_branch_python_dop_operator_3.py
[2023-12-04T03:27:29.276+0000] {processor.py:829} INFO - Processing file /home/airflow/.local/lib/python3.8/site-packages/airflow/example_dags/example_branch_python_dop_operator_3.py for tasks to queue
[2023-12-04T03:27:29.278+0000] {logging_mixin.py:151} INFO - [2023-12-04T03:27:29.278+0000] {dagbag.py:539} INFO - Filling up the DagBag from /home/airflow/.local/lib/python3.8/site-packages/airflow/example_dags/example_branch_python_dop_operator_3.py
[2023-12-04T03:27:29.284+0000] {processor.py:839} INFO - DAG(s) dict_keys(['example_branch_dop_operator_v3']) retrieved from /home/airflow/.local/lib/python3.8/site-packages/airflow/example_dags/example_branch_python_dop_operator_3.py
[2023-12-04T03:27:29.298+0000] {logging_mixin.py:151} INFO - [2023-12-04T03:27:29.298+0000] {dag.py:2915} INFO - Sync 1 DAGs
[2023-12-04T03:27:29.312+0000] {logging_mixin.py:151} INFO - [2023-12-04T03:27:29.312+0000] {dag.py:3696} INFO - Setting next_dagrun for example_branch_dop_operator_v3 to 2023-12-04T03:26:00+00:00, run_after=2023-12-04T03:27:00+00:00
[2023-12-04T03:27:29.321+0000] {processor.py:179} INFO - Processing /home/airflow/.local/lib/python3.8/site-packages/airflow/example_dags/example_branch_python_dop_operator_3.py took 0.048 seconds
[2023-12-04T04:48:39.529+0000] {processor.py:157} INFO - Started process (PID=56986) to work on /home/airflow/.local/lib/python3.8/site-packages/airflow/example_dags/example_branch_python_dop_operator_3.py
[2023-12-04T04:48:39.530+0000] {processor.py:829} INFO - Processing file /home/airflow/.local/lib/python3.8/site-packages/airflow/example_dags/example_branch_python_dop_operator_3.py for tasks to queue
[2023-12-04T04:48:39.534+0000] {logging_mixin.py:151} INFO - [2023-12-04T04:48:39.533+0000] {dagbag.py:539} INFO - Filling up the DagBag from /home/airflow/.local/lib/python3.8/site-packages/airflow/example_dags/example_branch_python_dop_operator_3.py
[2023-12-04T04:48:39.558+0000] {processor.py:839} INFO - DAG(s) dict_keys(['example_branch_dop_operator_v3']) retrieved from /home/airflow/.local/lib/python3.8/site-packages/airflow/example_dags/example_branch_python_dop_operator_3.py
[2023-12-04T04:48:39.577+0000] {logging_mixin.py:151} INFO - [2023-12-04T04:48:39.577+0000] {dag.py:2915} INFO - Sync 1 DAGs
[2023-12-04T04:48:39.599+0000] {logging_mixin.py:151} INFO - [2023-12-04T04:48:39.599+0000] {dag.py:3696} INFO - Setting next_dagrun for example_branch_dop_operator_v3 to 2023-12-04T04:47:00+00:00, run_after=2023-12-04T04:48:00+00:00
[2023-12-04T04:48:39.615+0000] {processor.py:179} INFO - Processing /home/airflow/.local/lib/python3.8/site-packages/airflow/example_dags/example_branch_python_dop_operator_3.py took 0.090 seconds
[2023-12-04T05:34:46.642+0000] {processor.py:157} INFO - Started process (PID=57040) to work on /home/airflow/.local/lib/python3.8/site-packages/airflow/example_dags/example_branch_python_dop_operator_3.py
[2023-12-04T05:34:46.643+0000] {processor.py:829} INFO - Processing file /home/airflow/.local/lib/python3.8/site-packages/airflow/example_dags/example_branch_python_dop_operator_3.py for tasks to queue
[2023-12-04T05:34:46.645+0000] {logging_mixin.py:151} INFO - [2023-12-04T05:34:46.644+0000] {dagbag.py:539} INFO - Filling up the DagBag from /home/airflow/.local/lib/python3.8/site-packages/airflow/example_dags/example_branch_python_dop_operator_3.py
[2023-12-04T05:34:46.650+0000] {processor.py:839} INFO - DAG(s) dict_keys(['example_branch_dop_operator_v3']) retrieved from /home/airflow/.local/lib/python3.8/site-packages/airflow/example_dags/example_branch_python_dop_operator_3.py
[2023-12-04T05:34:46.673+0000] {logging_mixin.py:151} INFO - [2023-12-04T05:34:46.672+0000] {dag.py:2915} INFO - Sync 1 DAGs
[2023-12-04T05:34:46.689+0000] {logging_mixin.py:151} INFO - [2023-12-04T05:34:46.689+0000] {dag.py:3696} INFO - Setting next_dagrun for example_branch_dop_operator_v3 to 2023-12-04T05:33:00+00:00, run_after=2023-12-04T05:34:00+00:00
[2023-12-04T05:34:46.700+0000] {processor.py:179} INFO - Processing /home/airflow/.local/lib/python3.8/site-packages/airflow/example_dags/example_branch_python_dop_operator_3.py took 0.060 seconds
[2023-12-04T06:59:13.791+0000] {processor.py:157} INFO - Started process (PID=57094) to work on /home/airflow/.local/lib/python3.8/site-packages/airflow/example_dags/example_branch_python_dop_operator_3.py
[2023-12-04T06:59:13.792+0000] {processor.py:829} INFO - Processing file /home/airflow/.local/lib/python3.8/site-packages/airflow/example_dags/example_branch_python_dop_operator_3.py for tasks to queue
[2023-12-04T06:59:13.794+0000] {logging_mixin.py:151} INFO - [2023-12-04T06:59:13.794+0000] {dagbag.py:539} INFO - Filling up the DagBag from /home/airflow/.local/lib/python3.8/site-packages/airflow/example_dags/example_branch_python_dop_operator_3.py
[2023-12-04T06:59:13.800+0000] {processor.py:839} INFO - DAG(s) dict_keys(['example_branch_dop_operator_v3']) retrieved from /home/airflow/.local/lib/python3.8/site-packages/airflow/example_dags/example_branch_python_dop_operator_3.py
[2023-12-04T06:59:13.813+0000] {logging_mixin.py:151} INFO - [2023-12-04T06:59:13.813+0000] {dag.py:2915} INFO - Sync 1 DAGs
[2023-12-04T06:59:13.830+0000] {logging_mixin.py:151} INFO - [2023-12-04T06:59:13.830+0000] {dag.py:3696} INFO - Setting next_dagrun for example_branch_dop_operator_v3 to 2023-12-04T06:58:00+00:00, run_after=2023-12-04T06:59:00+00:00
[2023-12-04T06:59:13.845+0000] {processor.py:179} INFO - Processing /home/airflow/.local/lib/python3.8/site-packages/airflow/example_dags/example_branch_python_dop_operator_3.py took 0.056 seconds
[2023-12-04T07:35:44.727+0000] {processor.py:157} INFO - Started process (PID=57148) to work on /home/airflow/.local/lib/python3.8/site-packages/airflow/example_dags/example_branch_python_dop_operator_3.py
[2023-12-04T07:35:44.729+0000] {processor.py:829} INFO - Processing file /home/airflow/.local/lib/python3.8/site-packages/airflow/example_dags/example_branch_python_dop_operator_3.py for tasks to queue
[2023-12-04T07:35:44.731+0000] {logging_mixin.py:151} INFO - [2023-12-04T07:35:44.731+0000] {dagbag.py:539} INFO - Filling up the DagBag from /home/airflow/.local/lib/python3.8/site-packages/airflow/example_dags/example_branch_python_dop_operator_3.py
[2023-12-04T07:35:44.739+0000] {processor.py:839} INFO - DAG(s) dict_keys(['example_branch_dop_operator_v3']) retrieved from /home/airflow/.local/lib/python3.8/site-packages/airflow/example_dags/example_branch_python_dop_operator_3.py
[2023-12-04T07:35:44.756+0000] {logging_mixin.py:151} INFO - [2023-12-04T07:35:44.756+0000] {dag.py:2915} INFO - Sync 1 DAGs
[2023-12-04T07:35:44.773+0000] {logging_mixin.py:151} INFO - [2023-12-04T07:35:44.773+0000] {dag.py:3696} INFO - Setting next_dagrun for example_branch_dop_operator_v3 to 2023-12-04T07:34:00+00:00, run_after=2023-12-04T07:35:00+00:00
[2023-12-04T07:35:44.789+0000] {processor.py:179} INFO - Processing /home/airflow/.local/lib/python3.8/site-packages/airflow/example_dags/example_branch_python_dop_operator_3.py took 0.064 seconds
[2023-12-04T08:36:33.223+0000] {processor.py:157} INFO - Started process (PID=57202) to work on /home/airflow/.local/lib/python3.8/site-packages/airflow/example_dags/example_branch_python_dop_operator_3.py
[2023-12-04T08:36:33.224+0000] {processor.py:829} INFO - Processing file /home/airflow/.local/lib/python3.8/site-packages/airflow/example_dags/example_branch_python_dop_operator_3.py for tasks to queue
[2023-12-04T08:36:33.226+0000] {logging_mixin.py:151} INFO - [2023-12-04T08:36:33.226+0000] {dagbag.py:539} INFO - Filling up the DagBag from /home/airflow/.local/lib/python3.8/site-packages/airflow/example_dags/example_branch_python_dop_operator_3.py
[2023-12-04T08:36:33.241+0000] {processor.py:839} INFO - DAG(s) dict_keys(['example_branch_dop_operator_v3']) retrieved from /home/airflow/.local/lib/python3.8/site-packages/airflow/example_dags/example_branch_python_dop_operator_3.py
[2023-12-04T08:36:33.257+0000] {logging_mixin.py:151} INFO - [2023-12-04T08:36:33.257+0000] {dag.py:2915} INFO - Sync 1 DAGs
[2023-12-04T08:36:33.273+0000] {logging_mixin.py:151} INFO - [2023-12-04T08:36:33.273+0000] {dag.py:3696} INFO - Setting next_dagrun for example_branch_dop_operator_v3 to 2023-12-04T08:35:00+00:00, run_after=2023-12-04T08:36:00+00:00
[2023-12-04T08:36:33.284+0000] {processor.py:179} INFO - Processing /home/airflow/.local/lib/python3.8/site-packages/airflow/example_dags/example_branch_python_dop_operator_3.py took 0.063 seconds
[2023-12-04T09:37:38.560+0000] {processor.py:157} INFO - Started process (PID=57257) to work on /home/airflow/.local/lib/python3.8/site-packages/airflow/example_dags/example_branch_python_dop_operator_3.py
[2023-12-04T09:37:38.561+0000] {processor.py:829} INFO - Processing file /home/airflow/.local/lib/python3.8/site-packages/airflow/example_dags/example_branch_python_dop_operator_3.py for tasks to queue
[2023-12-04T09:37:38.565+0000] {logging_mixin.py:151} INFO - [2023-12-04T09:37:38.565+0000] {dagbag.py:539} INFO - Filling up the DagBag from /home/airflow/.local/lib/python3.8/site-packages/airflow/example_dags/example_branch_python_dop_operator_3.py
[2023-12-04T09:37:38.582+0000] {processor.py:839} INFO - DAG(s) dict_keys(['example_branch_dop_operator_v3']) retrieved from /home/airflow/.local/lib/python3.8/site-packages/airflow/example_dags/example_branch_python_dop_operator_3.py
[2023-12-04T09:37:38.598+0000] {logging_mixin.py:151} INFO - [2023-12-04T09:37:38.598+0000] {dag.py:2915} INFO - Sync 1 DAGs
[2023-12-04T09:37:38.614+0000] {logging_mixin.py:151} INFO - [2023-12-04T09:37:38.614+0000] {dag.py:3696} INFO - Setting next_dagrun for example_branch_dop_operator_v3 to 2023-12-04T09:36:00+00:00, run_after=2023-12-04T09:37:00+00:00
[2023-12-04T09:37:38.626+0000] {processor.py:179} INFO - Processing /home/airflow/.local/lib/python3.8/site-packages/airflow/example_dags/example_branch_python_dop_operator_3.py took 0.071 seconds
[2023-12-04T10:06:21.407+0000] {processor.py:157} INFO - Started process (PID=57311) to work on /home/airflow/.local/lib/python3.8/site-packages/airflow/example_dags/example_branch_python_dop_operator_3.py
[2023-12-04T10:06:21.408+0000] {processor.py:829} INFO - Processing file /home/airflow/.local/lib/python3.8/site-packages/airflow/example_dags/example_branch_python_dop_operator_3.py for tasks to queue
[2023-12-04T10:06:21.410+0000] {logging_mixin.py:151} INFO - [2023-12-04T10:06:21.409+0000] {dagbag.py:539} INFO - Filling up the DagBag from /home/airflow/.local/lib/python3.8/site-packages/airflow/example_dags/example_branch_python_dop_operator_3.py
[2023-12-04T10:06:21.418+0000] {processor.py:839} INFO - DAG(s) dict_keys(['example_branch_dop_operator_v3']) retrieved from /home/airflow/.local/lib/python3.8/site-packages/airflow/example_dags/example_branch_python_dop_operator_3.py
[2023-12-04T10:06:21.431+0000] {logging_mixin.py:151} INFO - [2023-12-04T10:06:21.431+0000] {dag.py:2915} INFO - Sync 1 DAGs
[2023-12-04T10:06:21.447+0000] {logging_mixin.py:151} INFO - [2023-12-04T10:06:21.447+0000] {dag.py:3696} INFO - Setting next_dagrun for example_branch_dop_operator_v3 to 2023-12-04T10:05:00+00:00, run_after=2023-12-04T10:06:00+00:00
[2023-12-04T10:06:21.457+0000] {processor.py:179} INFO - Processing /home/airflow/.local/lib/python3.8/site-packages/airflow/example_dags/example_branch_python_dop_operator_3.py took 0.054 seconds
[2023-12-04T10:22:31.262+0000] {processor.py:157} INFO - Started process (PID=57365) to work on /home/airflow/.local/lib/python3.8/site-packages/airflow/example_dags/example_branch_python_dop_operator_3.py
[2023-12-04T10:22:31.264+0000] {processor.py:829} INFO - Processing file /home/airflow/.local/lib/python3.8/site-packages/airflow/example_dags/example_branch_python_dop_operator_3.py for tasks to queue
[2023-12-04T10:22:31.267+0000] {logging_mixin.py:151} INFO - [2023-12-04T10:22:31.266+0000] {dagbag.py:539} INFO - Filling up the DagBag from /home/airflow/.local/lib/python3.8/site-packages/airflow/example_dags/example_branch_python_dop_operator_3.py
[2023-12-04T10:22:31.287+0000] {processor.py:839} INFO - DAG(s) dict_keys(['example_branch_dop_operator_v3']) retrieved from /home/airflow/.local/lib/python3.8/site-packages/airflow/example_dags/example_branch_python_dop_operator_3.py
[2023-12-04T10:22:31.315+0000] {logging_mixin.py:151} INFO - [2023-12-04T10:22:31.315+0000] {dag.py:2915} INFO - Sync 1 DAGs
[2023-12-04T10:22:31.336+0000] {logging_mixin.py:151} INFO - [2023-12-04T10:22:31.336+0000] {dag.py:3696} INFO - Setting next_dagrun for example_branch_dop_operator_v3 to 2023-12-04T10:21:00+00:00, run_after=2023-12-04T10:22:00+00:00
[2023-12-04T10:22:31.372+0000] {processor.py:179} INFO - Processing /home/airflow/.local/lib/python3.8/site-packages/airflow/example_dags/example_branch_python_dop_operator_3.py took 0.113 seconds
[2023-12-04T10:38:36.440+0000] {processor.py:157} INFO - Started process (PID=57419) to work on /home/airflow/.local/lib/python3.8/site-packages/airflow/example_dags/example_branch_python_dop_operator_3.py
[2023-12-04T10:38:36.441+0000] {processor.py:829} INFO - Processing file /home/airflow/.local/lib/python3.8/site-packages/airflow/example_dags/example_branch_python_dop_operator_3.py for tasks to queue
[2023-12-04T10:38:36.442+0000] {logging_mixin.py:151} INFO - [2023-12-04T10:38:36.442+0000] {dagbag.py:539} INFO - Filling up the DagBag from /home/airflow/.local/lib/python3.8/site-packages/airflow/example_dags/example_branch_python_dop_operator_3.py
[2023-12-04T10:38:36.448+0000] {processor.py:839} INFO - DAG(s) dict_keys(['example_branch_dop_operator_v3']) retrieved from /home/airflow/.local/lib/python3.8/site-packages/airflow/example_dags/example_branch_python_dop_operator_3.py
[2023-12-04T10:38:36.461+0000] {logging_mixin.py:151} INFO - [2023-12-04T10:38:36.460+0000] {dag.py:2915} INFO - Sync 1 DAGs
[2023-12-04T10:38:36.476+0000] {logging_mixin.py:151} INFO - [2023-12-04T10:38:36.476+0000] {dag.py:3696} INFO - Setting next_dagrun for example_branch_dop_operator_v3 to 2023-12-04T10:37:00+00:00, run_after=2023-12-04T10:38:00+00:00
[2023-12-04T10:38:36.486+0000] {processor.py:179} INFO - Processing /home/airflow/.local/lib/python3.8/site-packages/airflow/example_dags/example_branch_python_dop_operator_3.py took 0.048 seconds
[2023-12-04T10:52:22.620+0000] {processor.py:157} INFO - Started process (PID=57473) to work on /home/airflow/.local/lib/python3.8/site-packages/airflow/example_dags/example_branch_python_dop_operator_3.py
[2023-12-04T10:52:22.621+0000] {processor.py:829} INFO - Processing file /home/airflow/.local/lib/python3.8/site-packages/airflow/example_dags/example_branch_python_dop_operator_3.py for tasks to queue
[2023-12-04T10:52:22.622+0000] {logging_mixin.py:151} INFO - [2023-12-04T10:52:22.622+0000] {dagbag.py:539} INFO - Filling up the DagBag from /home/airflow/.local/lib/python3.8/site-packages/airflow/example_dags/example_branch_python_dop_operator_3.py
[2023-12-04T10:52:22.628+0000] {processor.py:839} INFO - DAG(s) dict_keys(['example_branch_dop_operator_v3']) retrieved from /home/airflow/.local/lib/python3.8/site-packages/airflow/example_dags/example_branch_python_dop_operator_3.py
[2023-12-04T10:52:22.640+0000] {logging_mixin.py:151} INFO - [2023-12-04T10:52:22.640+0000] {dag.py:2915} INFO - Sync 1 DAGs
[2023-12-04T10:52:22.656+0000] {logging_mixin.py:151} INFO - [2023-12-04T10:52:22.656+0000] {dag.py:3696} INFO - Setting next_dagrun for example_branch_dop_operator_v3 to 2023-12-04T10:51:00+00:00, run_after=2023-12-04T10:52:00+00:00
[2023-12-04T10:52:22.665+0000] {processor.py:179} INFO - Processing /home/airflow/.local/lib/python3.8/site-packages/airflow/example_dags/example_branch_python_dop_operator_3.py took 0.048 seconds
[2023-12-04T11:39:39.011+0000] {processor.py:157} INFO - Started process (PID=57527) to work on /home/airflow/.local/lib/python3.8/site-packages/airflow/example_dags/example_branch_python_dop_operator_3.py
[2023-12-04T11:39:39.013+0000] {processor.py:829} INFO - Processing file /home/airflow/.local/lib/python3.8/site-packages/airflow/example_dags/example_branch_python_dop_operator_3.py for tasks to queue
[2023-12-04T11:39:39.016+0000] {logging_mixin.py:151} INFO - [2023-12-04T11:39:39.016+0000] {dagbag.py:539} INFO - Filling up the DagBag from /home/airflow/.local/lib/python3.8/site-packages/airflow/example_dags/example_branch_python_dop_operator_3.py
[2023-12-04T11:39:39.025+0000] {processor.py:839} INFO - DAG(s) dict_keys(['example_branch_dop_operator_v3']) retrieved from /home/airflow/.local/lib/python3.8/site-packages/airflow/example_dags/example_branch_python_dop_operator_3.py
[2023-12-04T11:39:39.040+0000] {logging_mixin.py:151} INFO - [2023-12-04T11:39:39.040+0000] {dag.py:2915} INFO - Sync 1 DAGs
[2023-12-04T11:39:39.055+0000] {logging_mixin.py:151} INFO - [2023-12-04T11:39:39.055+0000] {dag.py:3696} INFO - Setting next_dagrun for example_branch_dop_operator_v3 to 2023-12-04T11:38:00+00:00, run_after=2023-12-04T11:39:00+00:00
[2023-12-04T11:39:39.065+0000] {processor.py:179} INFO - Processing /home/airflow/.local/lib/python3.8/site-packages/airflow/example_dags/example_branch_python_dop_operator_3.py took 0.058 seconds
[2023-12-04T12:40:34.452+0000] {processor.py:157} INFO - Started process (PID=57581) to work on /home/airflow/.local/lib/python3.8/site-packages/airflow/example_dags/example_branch_python_dop_operator_3.py
[2023-12-04T12:40:34.453+0000] {processor.py:829} INFO - Processing file /home/airflow/.local/lib/python3.8/site-packages/airflow/example_dags/example_branch_python_dop_operator_3.py for tasks to queue
[2023-12-04T12:40:34.454+0000] {logging_mixin.py:151} INFO - [2023-12-04T12:40:34.454+0000] {dagbag.py:539} INFO - Filling up the DagBag from /home/airflow/.local/lib/python3.8/site-packages/airflow/example_dags/example_branch_python_dop_operator_3.py
[2023-12-04T12:40:34.460+0000] {processor.py:839} INFO - DAG(s) dict_keys(['example_branch_dop_operator_v3']) retrieved from /home/airflow/.local/lib/python3.8/site-packages/airflow/example_dags/example_branch_python_dop_operator_3.py
[2023-12-04T12:40:34.473+0000] {logging_mixin.py:151} INFO - [2023-12-04T12:40:34.472+0000] {dag.py:2915} INFO - Sync 1 DAGs
[2023-12-04T12:40:34.487+0000] {logging_mixin.py:151} INFO - [2023-12-04T12:40:34.486+0000] {dag.py:3696} INFO - Setting next_dagrun for example_branch_dop_operator_v3 to 2023-12-04T12:39:00+00:00, run_after=2023-12-04T12:40:00+00:00
[2023-12-04T12:40:34.496+0000] {processor.py:179} INFO - Processing /home/airflow/.local/lib/python3.8/site-packages/airflow/example_dags/example_branch_python_dop_operator_3.py took 0.046 seconds
[2023-12-04T13:10:51.041+0000] {processor.py:157} INFO - Started process (PID=57635) to work on /home/airflow/.local/lib/python3.8/site-packages/airflow/example_dags/example_branch_python_dop_operator_3.py
[2023-12-04T13:10:51.042+0000] {processor.py:829} INFO - Processing file /home/airflow/.local/lib/python3.8/site-packages/airflow/example_dags/example_branch_python_dop_operator_3.py for tasks to queue
[2023-12-04T13:10:51.044+0000] {logging_mixin.py:151} INFO - [2023-12-04T13:10:51.044+0000] {dagbag.py:539} INFO - Filling up the DagBag from /home/airflow/.local/lib/python3.8/site-packages/airflow/example_dags/example_branch_python_dop_operator_3.py
[2023-12-04T13:10:51.053+0000] {processor.py:839} INFO - DAG(s) dict_keys(['example_branch_dop_operator_v3']) retrieved from /home/airflow/.local/lib/python3.8/site-packages/airflow/example_dags/example_branch_python_dop_operator_3.py
[2023-12-04T13:10:51.066+0000] {logging_mixin.py:151} INFO - [2023-12-04T13:10:51.066+0000] {dag.py:2915} INFO - Sync 1 DAGs
[2023-12-04T13:10:51.080+0000] {logging_mixin.py:151} INFO - [2023-12-04T13:10:51.080+0000] {dag.py:3696} INFO - Setting next_dagrun for example_branch_dop_operator_v3 to 2023-12-04T13:09:00+00:00, run_after=2023-12-04T13:10:00+00:00
[2023-12-04T13:10:51.090+0000] {processor.py:179} INFO - Processing /home/airflow/.local/lib/python3.8/site-packages/airflow/example_dags/example_branch_python_dop_operator_3.py took 0.052 seconds
[2023-12-04T13:32:08.481+0000] {processor.py:157} INFO - Started process (PID=57689) to work on /home/airflow/.local/lib/python3.8/site-packages/airflow/example_dags/example_branch_python_dop_operator_3.py
[2023-12-04T13:32:08.483+0000] {processor.py:829} INFO - Processing file /home/airflow/.local/lib/python3.8/site-packages/airflow/example_dags/example_branch_python_dop_operator_3.py for tasks to queue
[2023-12-04T13:32:08.485+0000] {logging_mixin.py:151} INFO - [2023-12-04T13:32:08.485+0000] {dagbag.py:539} INFO - Filling up the DagBag from /home/airflow/.local/lib/python3.8/site-packages/airflow/example_dags/example_branch_python_dop_operator_3.py
[2023-12-04T13:32:08.492+0000] {processor.py:839} INFO - DAG(s) dict_keys(['example_branch_dop_operator_v3']) retrieved from /home/airflow/.local/lib/python3.8/site-packages/airflow/example_dags/example_branch_python_dop_operator_3.py
[2023-12-04T13:32:08.507+0000] {logging_mixin.py:151} INFO - [2023-12-04T13:32:08.507+0000] {dag.py:2915} INFO - Sync 1 DAGs
[2023-12-04T13:32:08.522+0000] {logging_mixin.py:151} INFO - [2023-12-04T13:32:08.522+0000] {dag.py:3696} INFO - Setting next_dagrun for example_branch_dop_operator_v3 to 2023-12-04T13:31:00+00:00, run_after=2023-12-04T13:32:00+00:00
[2023-12-04T13:32:08.531+0000] {processor.py:179} INFO - Processing /home/airflow/.local/lib/python3.8/site-packages/airflow/example_dags/example_branch_python_dop_operator_3.py took 0.053 seconds
[2023-12-04T13:53:01.303+0000] {processor.py:157} INFO - Started process (PID=57743) to work on /home/airflow/.local/lib/python3.8/site-packages/airflow/example_dags/example_branch_python_dop_operator_3.py
[2023-12-04T13:53:01.304+0000] {processor.py:829} INFO - Processing file /home/airflow/.local/lib/python3.8/site-packages/airflow/example_dags/example_branch_python_dop_operator_3.py for tasks to queue
[2023-12-04T13:53:01.306+0000] {logging_mixin.py:151} INFO - [2023-12-04T13:53:01.306+0000] {dagbag.py:539} INFO - Filling up the DagBag from /home/airflow/.local/lib/python3.8/site-packages/airflow/example_dags/example_branch_python_dop_operator_3.py
[2023-12-04T13:53:01.312+0000] {processor.py:839} INFO - DAG(s) dict_keys(['example_branch_dop_operator_v3']) retrieved from /home/airflow/.local/lib/python3.8/site-packages/airflow/example_dags/example_branch_python_dop_operator_3.py
[2023-12-04T13:53:01.324+0000] {logging_mixin.py:151} INFO - [2023-12-04T13:53:01.324+0000] {dag.py:2915} INFO - Sync 1 DAGs
[2023-12-04T13:53:01.338+0000] {logging_mixin.py:151} INFO - [2023-12-04T13:53:01.338+0000] {dag.py:3696} INFO - Setting next_dagrun for example_branch_dop_operator_v3 to 2023-12-04T13:52:00+00:00, run_after=2023-12-04T13:53:00+00:00
[2023-12-04T13:53:01.348+0000] {processor.py:179} INFO - Processing /home/airflow/.local/lib/python3.8/site-packages/airflow/example_dags/example_branch_python_dop_operator_3.py took 0.047 seconds
[2023-12-04T14:42:35.664+0000] {processor.py:157} INFO - Started process (PID=57797) to work on /home/airflow/.local/lib/python3.8/site-packages/airflow/example_dags/example_branch_python_dop_operator_3.py
[2023-12-04T14:42:35.665+0000] {processor.py:829} INFO - Processing file /home/airflow/.local/lib/python3.8/site-packages/airflow/example_dags/example_branch_python_dop_operator_3.py for tasks to queue
[2023-12-04T14:42:35.667+0000] {logging_mixin.py:151} INFO - [2023-12-04T14:42:35.667+0000] {dagbag.py:539} INFO - Filling up the DagBag from /home/airflow/.local/lib/python3.8/site-packages/airflow/example_dags/example_branch_python_dop_operator_3.py
[2023-12-04T14:42:35.678+0000] {processor.py:839} INFO - DAG(s) dict_keys(['example_branch_dop_operator_v3']) retrieved from /home/airflow/.local/lib/python3.8/site-packages/airflow/example_dags/example_branch_python_dop_operator_3.py
[2023-12-04T14:42:35.713+0000] {logging_mixin.py:151} INFO - [2023-12-04T14:42:35.713+0000] {dag.py:2915} INFO - Sync 1 DAGs
[2023-12-04T14:42:35.747+0000] {logging_mixin.py:151} INFO - [2023-12-04T14:42:35.747+0000] {dag.py:3696} INFO - Setting next_dagrun for example_branch_dop_operator_v3 to 2023-12-04T14:41:00+00:00, run_after=2023-12-04T14:42:00+00:00
[2023-12-04T14:42:35.786+0000] {processor.py:179} INFO - Processing /home/airflow/.local/lib/python3.8/site-packages/airflow/example_dags/example_branch_python_dop_operator_3.py took 0.125 seconds
[2023-12-04T15:43:38.891+0000] {processor.py:157} INFO - Started process (PID=57851) to work on /home/airflow/.local/lib/python3.8/site-packages/airflow/example_dags/example_branch_python_dop_operator_3.py
[2023-12-04T15:43:38.892+0000] {processor.py:829} INFO - Processing file /home/airflow/.local/lib/python3.8/site-packages/airflow/example_dags/example_branch_python_dop_operator_3.py for tasks to queue
[2023-12-04T15:43:38.895+0000] {logging_mixin.py:151} INFO - [2023-12-04T15:43:38.894+0000] {dagbag.py:539} INFO - Filling up the DagBag from /home/airflow/.local/lib/python3.8/site-packages/airflow/example_dags/example_branch_python_dop_operator_3.py
[2023-12-04T15:43:38.906+0000] {processor.py:839} INFO - DAG(s) dict_keys(['example_branch_dop_operator_v3']) retrieved from /home/airflow/.local/lib/python3.8/site-packages/airflow/example_dags/example_branch_python_dop_operator_3.py
[2023-12-04T15:43:38.930+0000] {logging_mixin.py:151} INFO - [2023-12-04T15:43:38.930+0000] {dag.py:2915} INFO - Sync 1 DAGs
[2023-12-04T15:43:38.947+0000] {logging_mixin.py:151} INFO - [2023-12-04T15:43:38.946+0000] {dag.py:3696} INFO - Setting next_dagrun for example_branch_dop_operator_v3 to 2023-12-04T15:42:00+00:00, run_after=2023-12-04T15:43:00+00:00
[2023-12-04T15:43:38.958+0000] {processor.py:179} INFO - Processing /home/airflow/.local/lib/python3.8/site-packages/airflow/example_dags/example_branch_python_dop_operator_3.py took 0.071 seconds
[2023-12-04T16:42:08.059+0000] {processor.py:157} INFO - Started process (PID=57905) to work on /home/airflow/.local/lib/python3.8/site-packages/airflow/example_dags/example_branch_python_dop_operator_3.py
[2023-12-04T16:42:08.060+0000] {processor.py:829} INFO - Processing file /home/airflow/.local/lib/python3.8/site-packages/airflow/example_dags/example_branch_python_dop_operator_3.py for tasks to queue
[2023-12-04T16:42:08.062+0000] {logging_mixin.py:151} INFO - [2023-12-04T16:42:08.061+0000] {dagbag.py:539} INFO - Filling up the DagBag from /home/airflow/.local/lib/python3.8/site-packages/airflow/example_dags/example_branch_python_dop_operator_3.py
[2023-12-04T16:42:08.070+0000] {processor.py:839} INFO - DAG(s) dict_keys(['example_branch_dop_operator_v3']) retrieved from /home/airflow/.local/lib/python3.8/site-packages/airflow/example_dags/example_branch_python_dop_operator_3.py
[2023-12-04T16:42:08.086+0000] {logging_mixin.py:151} INFO - [2023-12-04T16:42:08.086+0000] {dag.py:2915} INFO - Sync 1 DAGs
[2023-12-04T16:42:08.101+0000] {logging_mixin.py:151} INFO - [2023-12-04T16:42:08.101+0000] {dag.py:3696} INFO - Setting next_dagrun for example_branch_dop_operator_v3 to 2023-12-04T16:41:00+00:00, run_after=2023-12-04T16:42:00+00:00
[2023-12-04T16:42:08.109+0000] {processor.py:179} INFO - Processing /home/airflow/.local/lib/python3.8/site-packages/airflow/example_dags/example_branch_python_dop_operator_3.py took 0.054 seconds
[2023-12-04T17:45:35.480+0000] {processor.py:157} INFO - Started process (PID=57959) to work on /home/airflow/.local/lib/python3.8/site-packages/airflow/example_dags/example_branch_python_dop_operator_3.py
[2023-12-04T17:45:35.481+0000] {processor.py:829} INFO - Processing file /home/airflow/.local/lib/python3.8/site-packages/airflow/example_dags/example_branch_python_dop_operator_3.py for tasks to queue
[2023-12-04T17:45:35.482+0000] {logging_mixin.py:151} INFO - [2023-12-04T17:45:35.482+0000] {dagbag.py:539} INFO - Filling up the DagBag from /home/airflow/.local/lib/python3.8/site-packages/airflow/example_dags/example_branch_python_dop_operator_3.py
[2023-12-04T17:45:35.488+0000] {processor.py:839} INFO - DAG(s) dict_keys(['example_branch_dop_operator_v3']) retrieved from /home/airflow/.local/lib/python3.8/site-packages/airflow/example_dags/example_branch_python_dop_operator_3.py
[2023-12-04T17:45:35.500+0000] {logging_mixin.py:151} INFO - [2023-12-04T17:45:35.500+0000] {dag.py:2915} INFO - Sync 1 DAGs
[2023-12-04T17:45:35.513+0000] {logging_mixin.py:151} INFO - [2023-12-04T17:45:35.513+0000] {dag.py:3696} INFO - Setting next_dagrun for example_branch_dop_operator_v3 to 2023-12-04T17:44:00+00:00, run_after=2023-12-04T17:45:00+00:00
[2023-12-04T17:45:35.521+0000] {processor.py:179} INFO - Processing /home/airflow/.local/lib/python3.8/site-packages/airflow/example_dags/example_branch_python_dop_operator_3.py took 0.043 seconds
[2023-12-04T18:46:42.325+0000] {processor.py:157} INFO - Started process (PID=58013) to work on /home/airflow/.local/lib/python3.8/site-packages/airflow/example_dags/example_branch_python_dop_operator_3.py
[2023-12-04T18:46:42.326+0000] {processor.py:829} INFO - Processing file /home/airflow/.local/lib/python3.8/site-packages/airflow/example_dags/example_branch_python_dop_operator_3.py for tasks to queue
[2023-12-04T18:46:42.327+0000] {logging_mixin.py:151} INFO - [2023-12-04T18:46:42.327+0000] {dagbag.py:539} INFO - Filling up the DagBag from /home/airflow/.local/lib/python3.8/site-packages/airflow/example_dags/example_branch_python_dop_operator_3.py
[2023-12-04T18:46:42.333+0000] {processor.py:839} INFO - DAG(s) dict_keys(['example_branch_dop_operator_v3']) retrieved from /home/airflow/.local/lib/python3.8/site-packages/airflow/example_dags/example_branch_python_dop_operator_3.py
[2023-12-04T18:46:42.354+0000] {logging_mixin.py:151} INFO - [2023-12-04T18:46:42.354+0000] {dag.py:2915} INFO - Sync 1 DAGs
[2023-12-04T18:46:42.373+0000] {logging_mixin.py:151} INFO - [2023-12-04T18:46:42.373+0000] {dag.py:3696} INFO - Setting next_dagrun for example_branch_dop_operator_v3 to 2023-12-04T18:45:00+00:00, run_after=2023-12-04T18:46:00+00:00
[2023-12-04T18:46:42.383+0000] {processor.py:179} INFO - Processing /home/airflow/.local/lib/python3.8/site-packages/airflow/example_dags/example_branch_python_dop_operator_3.py took 0.061 seconds
[2023-12-04T20:03:39.110+0000] {processor.py:157} INFO - Started process (PID=58067) to work on /home/airflow/.local/lib/python3.8/site-packages/airflow/example_dags/example_branch_python_dop_operator_3.py
[2023-12-04T20:03:39.112+0000] {processor.py:829} INFO - Processing file /home/airflow/.local/lib/python3.8/site-packages/airflow/example_dags/example_branch_python_dop_operator_3.py for tasks to queue
[2023-12-04T20:03:39.114+0000] {logging_mixin.py:151} INFO - [2023-12-04T20:03:39.114+0000] {dagbag.py:539} INFO - Filling up the DagBag from /home/airflow/.local/lib/python3.8/site-packages/airflow/example_dags/example_branch_python_dop_operator_3.py
[2023-12-04T20:03:39.126+0000] {processor.py:839} INFO - DAG(s) dict_keys(['example_branch_dop_operator_v3']) retrieved from /home/airflow/.local/lib/python3.8/site-packages/airflow/example_dags/example_branch_python_dop_operator_3.py
[2023-12-04T20:03:39.141+0000] {logging_mixin.py:151} INFO - [2023-12-04T20:03:39.141+0000] {dag.py:2915} INFO - Sync 1 DAGs
[2023-12-04T20:03:39.160+0000] {logging_mixin.py:151} INFO - [2023-12-04T20:03:39.160+0000] {dag.py:3696} INFO - Setting next_dagrun for example_branch_dop_operator_v3 to 2023-12-04T20:02:00+00:00, run_after=2023-12-04T20:03:00+00:00
[2023-12-04T20:03:39.171+0000] {processor.py:179} INFO - Processing /home/airflow/.local/lib/python3.8/site-packages/airflow/example_dags/example_branch_python_dop_operator_3.py took 0.064 seconds
[2023-12-04T21:05:42.424+0000] {processor.py:157} INFO - Started process (PID=58121) to work on /home/airflow/.local/lib/python3.8/site-packages/airflow/example_dags/example_branch_python_dop_operator_3.py
[2023-12-04T21:05:42.424+0000] {processor.py:829} INFO - Processing file /home/airflow/.local/lib/python3.8/site-packages/airflow/example_dags/example_branch_python_dop_operator_3.py for tasks to queue
[2023-12-04T21:05:42.426+0000] {logging_mixin.py:151} INFO - [2023-12-04T21:05:42.426+0000] {dagbag.py:539} INFO - Filling up the DagBag from /home/airflow/.local/lib/python3.8/site-packages/airflow/example_dags/example_branch_python_dop_operator_3.py
[2023-12-04T21:05:42.431+0000] {processor.py:839} INFO - DAG(s) dict_keys(['example_branch_dop_operator_v3']) retrieved from /home/airflow/.local/lib/python3.8/site-packages/airflow/example_dags/example_branch_python_dop_operator_3.py
[2023-12-04T21:05:42.443+0000] {logging_mixin.py:151} INFO - [2023-12-04T21:05:42.443+0000] {dag.py:2915} INFO - Sync 1 DAGs
[2023-12-04T21:05:42.457+0000] {logging_mixin.py:151} INFO - [2023-12-04T21:05:42.457+0000] {dag.py:3696} INFO - Setting next_dagrun for example_branch_dop_operator_v3 to 2023-12-04T21:04:00+00:00, run_after=2023-12-04T21:05:00+00:00
[2023-12-04T21:05:42.466+0000] {processor.py:179} INFO - Processing /home/airflow/.local/lib/python3.8/site-packages/airflow/example_dags/example_branch_python_dop_operator_3.py took 0.045 seconds
[2023-12-04T22:06:55.262+0000] {processor.py:157} INFO - Started process (PID=58175) to work on /home/airflow/.local/lib/python3.8/site-packages/airflow/example_dags/example_branch_python_dop_operator_3.py
[2023-12-04T22:06:55.263+0000] {processor.py:829} INFO - Processing file /home/airflow/.local/lib/python3.8/site-packages/airflow/example_dags/example_branch_python_dop_operator_3.py for tasks to queue
[2023-12-04T22:06:55.264+0000] {logging_mixin.py:151} INFO - [2023-12-04T22:06:55.264+0000] {dagbag.py:539} INFO - Filling up the DagBag from /home/airflow/.local/lib/python3.8/site-packages/airflow/example_dags/example_branch_python_dop_operator_3.py
[2023-12-04T22:06:55.273+0000] {processor.py:839} INFO - DAG(s) dict_keys(['example_branch_dop_operator_v3']) retrieved from /home/airflow/.local/lib/python3.8/site-packages/airflow/example_dags/example_branch_python_dop_operator_3.py
[2023-12-04T22:06:55.295+0000] {logging_mixin.py:151} INFO - [2023-12-04T22:06:55.295+0000] {dag.py:2915} INFO - Sync 1 DAGs
[2023-12-04T22:06:55.311+0000] {logging_mixin.py:151} INFO - [2023-12-04T22:06:55.311+0000] {dag.py:3696} INFO - Setting next_dagrun for example_branch_dop_operator_v3 to 2023-12-04T22:05:00+00:00, run_after=2023-12-04T22:06:00+00:00
[2023-12-04T22:06:55.322+0000] {processor.py:179} INFO - Processing /home/airflow/.local/lib/python3.8/site-packages/airflow/example_dags/example_branch_python_dop_operator_3.py took 0.063 seconds
[2023-12-04T23:00:13.856+0000] {processor.py:157} INFO - Started process (PID=58229) to work on /home/airflow/.local/lib/python3.8/site-packages/airflow/example_dags/example_branch_python_dop_operator_3.py
[2023-12-04T23:00:13.857+0000] {processor.py:829} INFO - Processing file /home/airflow/.local/lib/python3.8/site-packages/airflow/example_dags/example_branch_python_dop_operator_3.py for tasks to queue
[2023-12-04T23:00:13.858+0000] {logging_mixin.py:151} INFO - [2023-12-04T23:00:13.858+0000] {dagbag.py:539} INFO - Filling up the DagBag from /home/airflow/.local/lib/python3.8/site-packages/airflow/example_dags/example_branch_python_dop_operator_3.py
[2023-12-04T23:00:13.864+0000] {processor.py:839} INFO - DAG(s) dict_keys(['example_branch_dop_operator_v3']) retrieved from /home/airflow/.local/lib/python3.8/site-packages/airflow/example_dags/example_branch_python_dop_operator_3.py
[2023-12-04T23:00:13.877+0000] {logging_mixin.py:151} INFO - [2023-12-04T23:00:13.876+0000] {dag.py:2915} INFO - Sync 1 DAGs
[2023-12-04T23:00:13.891+0000] {logging_mixin.py:151} INFO - [2023-12-04T23:00:13.890+0000] {dag.py:3696} INFO - Setting next_dagrun for example_branch_dop_operator_v3 to 2023-12-04T22:59:00+00:00, run_after=2023-12-04T23:00:00+00:00
[2023-12-04T23:00:13.900+0000] {processor.py:179} INFO - Processing /home/airflow/.local/lib/python3.8/site-packages/airflow/example_dags/example_branch_python_dop_operator_3.py took 0.046 seconds
[2023-12-04T23:40:23.828+0000] {processor.py:157} INFO - Started process (PID=58283) to work on /home/airflow/.local/lib/python3.8/site-packages/airflow/example_dags/example_branch_python_dop_operator_3.py
[2023-12-04T23:40:23.829+0000] {processor.py:829} INFO - Processing file /home/airflow/.local/lib/python3.8/site-packages/airflow/example_dags/example_branch_python_dop_operator_3.py for tasks to queue
[2023-12-04T23:40:23.831+0000] {logging_mixin.py:151} INFO - [2023-12-04T23:40:23.830+0000] {dagbag.py:539} INFO - Filling up the DagBag from /home/airflow/.local/lib/python3.8/site-packages/airflow/example_dags/example_branch_python_dop_operator_3.py
[2023-12-04T23:40:23.840+0000] {processor.py:839} INFO - DAG(s) dict_keys(['example_branch_dop_operator_v3']) retrieved from /home/airflow/.local/lib/python3.8/site-packages/airflow/example_dags/example_branch_python_dop_operator_3.py
[2023-12-04T23:40:23.867+0000] {logging_mixin.py:151} INFO - [2023-12-04T23:40:23.867+0000] {dag.py:2915} INFO - Sync 1 DAGs
[2023-12-04T23:40:23.885+0000] {logging_mixin.py:151} INFO - [2023-12-04T23:40:23.885+0000] {dag.py:3696} INFO - Setting next_dagrun for example_branch_dop_operator_v3 to 2023-12-04T23:39:00+00:00, run_after=2023-12-04T23:40:00+00:00
[2023-12-04T23:40:23.899+0000] {processor.py:179} INFO - Processing /home/airflow/.local/lib/python3.8/site-packages/airflow/example_dags/example_branch_python_dop_operator_3.py took 0.074 seconds
[2023-12-04T23:42:54.642+0000] {processor.py:157} INFO - Started process (PID=58337) to work on /home/airflow/.local/lib/python3.8/site-packages/airflow/example_dags/example_branch_python_dop_operator_3.py
[2023-12-04T23:42:54.643+0000] {processor.py:829} INFO - Processing file /home/airflow/.local/lib/python3.8/site-packages/airflow/example_dags/example_branch_python_dop_operator_3.py for tasks to queue
[2023-12-04T23:42:54.645+0000] {logging_mixin.py:151} INFO - [2023-12-04T23:42:54.645+0000] {dagbag.py:539} INFO - Filling up the DagBag from /home/airflow/.local/lib/python3.8/site-packages/airflow/example_dags/example_branch_python_dop_operator_3.py
[2023-12-04T23:42:54.652+0000] {processor.py:839} INFO - DAG(s) dict_keys(['example_branch_dop_operator_v3']) retrieved from /home/airflow/.local/lib/python3.8/site-packages/airflow/example_dags/example_branch_python_dop_operator_3.py
[2023-12-04T23:42:54.666+0000] {logging_mixin.py:151} INFO - [2023-12-04T23:42:54.666+0000] {dag.py:2915} INFO - Sync 1 DAGs
[2023-12-04T23:42:54.682+0000] {logging_mixin.py:151} INFO - [2023-12-04T23:42:54.682+0000] {dag.py:3696} INFO - Setting next_dagrun for example_branch_dop_operator_v3 to 2023-12-04T23:41:00+00:00, run_after=2023-12-04T23:42:00+00:00
[2023-12-04T23:42:54.694+0000] {processor.py:179} INFO - Processing /home/airflow/.local/lib/python3.8/site-packages/airflow/example_dags/example_branch_python_dop_operator_3.py took 0.056 seconds
