[2023-12-04T00:36:58.757+0000] {processor.py:157} INFO - Started process (PID=56714) to work on /home/airflow/.local/lib/python3.8/site-packages/airflow/example_dags/example_setup_teardown_taskflow.py
[2023-12-04T00:36:58.763+0000] {processor.py:829} INFO - Processing file /home/airflow/.local/lib/python3.8/site-packages/airflow/example_dags/example_setup_teardown_taskflow.py for tasks to queue
[2023-12-04T00:36:58.769+0000] {logging_mixin.py:151} INFO - [2023-12-04T00:36:58.768+0000] {dagbag.py:539} INFO - Filling up the DagBag from /home/airflow/.local/lib/python3.8/site-packages/airflow/example_dags/example_setup_teardown_taskflow.py
[2023-12-04T00:36:58.777+0000] {processor.py:839} INFO - DAG(s) dict_keys(['example_setup_teardown_taskflow']) retrieved from /home/airflow/.local/lib/python3.8/site-packages/airflow/example_dags/example_setup_teardown_taskflow.py
[2023-12-04T00:36:58.800+0000] {logging_mixin.py:151} INFO - [2023-12-04T00:36:58.800+0000] {dag.py:2915} INFO - Sync 1 DAGs
[2023-12-04T00:36:58.831+0000] {logging_mixin.py:151} INFO - [2023-12-04T00:36:58.831+0000] {dag.py:3696} INFO - Setting next_dagrun for example_setup_teardown_taskflow to 2023-12-03T00:36:58.830903+00:00, run_after=2023-12-04T00:36:58.830903+00:00
[2023-12-04T00:36:58.860+0000] {processor.py:179} INFO - Processing /home/airflow/.local/lib/python3.8/site-packages/airflow/example_dags/example_setup_teardown_taskflow.py took 0.111 seconds
[2023-12-04T00:52:37.665+0000] {processor.py:157} INFO - Started process (PID=56768) to work on /home/airflow/.local/lib/python3.8/site-packages/airflow/example_dags/example_setup_teardown_taskflow.py
[2023-12-04T00:52:37.666+0000] {processor.py:829} INFO - Processing file /home/airflow/.local/lib/python3.8/site-packages/airflow/example_dags/example_setup_teardown_taskflow.py for tasks to queue
[2023-12-04T00:52:37.668+0000] {logging_mixin.py:151} INFO - [2023-12-04T00:52:37.668+0000] {dagbag.py:539} INFO - Filling up the DagBag from /home/airflow/.local/lib/python3.8/site-packages/airflow/example_dags/example_setup_teardown_taskflow.py
[2023-12-04T00:52:37.674+0000] {processor.py:839} INFO - DAG(s) dict_keys(['example_setup_teardown_taskflow']) retrieved from /home/airflow/.local/lib/python3.8/site-packages/airflow/example_dags/example_setup_teardown_taskflow.py
[2023-12-04T00:52:37.689+0000] {logging_mixin.py:151} INFO - [2023-12-04T00:52:37.688+0000] {dag.py:2915} INFO - Sync 1 DAGs
[2023-12-04T00:52:37.701+0000] {logging_mixin.py:151} INFO - [2023-12-04T00:52:37.701+0000] {dag.py:3696} INFO - Setting next_dagrun for example_setup_teardown_taskflow to 2023-12-03T00:52:37.701611+00:00, run_after=2023-12-04T00:52:37.701611+00:00
[2023-12-04T00:52:37.710+0000] {processor.py:179} INFO - Processing /home/airflow/.local/lib/python3.8/site-packages/airflow/example_dags/example_setup_teardown_taskflow.py took 0.049 seconds
[2023-12-04T01:58:51.181+0000] {processor.py:157} INFO - Started process (PID=56822) to work on /home/airflow/.local/lib/python3.8/site-packages/airflow/example_dags/example_setup_teardown_taskflow.py
[2023-12-04T01:58:51.182+0000] {processor.py:829} INFO - Processing file /home/airflow/.local/lib/python3.8/site-packages/airflow/example_dags/example_setup_teardown_taskflow.py for tasks to queue
[2023-12-04T01:58:51.184+0000] {logging_mixin.py:151} INFO - [2023-12-04T01:58:51.184+0000] {dagbag.py:539} INFO - Filling up the DagBag from /home/airflow/.local/lib/python3.8/site-packages/airflow/example_dags/example_setup_teardown_taskflow.py
[2023-12-04T01:58:51.191+0000] {processor.py:839} INFO - DAG(s) dict_keys(['example_setup_teardown_taskflow']) retrieved from /home/airflow/.local/lib/python3.8/site-packages/airflow/example_dags/example_setup_teardown_taskflow.py
[2023-12-04T01:58:51.206+0000] {logging_mixin.py:151} INFO - [2023-12-04T01:58:51.206+0000] {dag.py:2915} INFO - Sync 1 DAGs
[2023-12-04T01:58:51.221+0000] {logging_mixin.py:151} INFO - [2023-12-04T01:58:51.221+0000] {dag.py:3696} INFO - Setting next_dagrun for example_setup_teardown_taskflow to 2023-12-03T01:58:51.220887+00:00, run_after=2023-12-04T01:58:51.220887+00:00
[2023-12-04T01:58:51.230+0000] {processor.py:179} INFO - Processing /home/airflow/.local/lib/python3.8/site-packages/airflow/example_dags/example_setup_teardown_taskflow.py took 0.053 seconds
[2023-12-04T02:50:07.021+0000] {processor.py:157} INFO - Started process (PID=56876) to work on /home/airflow/.local/lib/python3.8/site-packages/airflow/example_dags/example_setup_teardown_taskflow.py
[2023-12-04T02:50:07.022+0000] {processor.py:829} INFO - Processing file /home/airflow/.local/lib/python3.8/site-packages/airflow/example_dags/example_setup_teardown_taskflow.py for tasks to queue
[2023-12-04T02:50:07.024+0000] {logging_mixin.py:151} INFO - [2023-12-04T02:50:07.024+0000] {dagbag.py:539} INFO - Filling up the DagBag from /home/airflow/.local/lib/python3.8/site-packages/airflow/example_dags/example_setup_teardown_taskflow.py
[2023-12-04T02:50:07.031+0000] {processor.py:839} INFO - DAG(s) dict_keys(['example_setup_teardown_taskflow']) retrieved from /home/airflow/.local/lib/python3.8/site-packages/airflow/example_dags/example_setup_teardown_taskflow.py
[2023-12-04T02:50:07.056+0000] {logging_mixin.py:151} INFO - [2023-12-04T02:50:07.056+0000] {dag.py:2915} INFO - Sync 1 DAGs
[2023-12-04T02:50:07.077+0000] {logging_mixin.py:151} INFO - [2023-12-04T02:50:07.077+0000] {dag.py:3696} INFO - Setting next_dagrun for example_setup_teardown_taskflow to 2023-12-03T02:50:07.077089+00:00, run_after=2023-12-04T02:50:07.077089+00:00
[2023-12-04T02:50:07.092+0000] {processor.py:179} INFO - Processing /home/airflow/.local/lib/python3.8/site-packages/airflow/example_dags/example_setup_teardown_taskflow.py took 0.074 seconds
[2023-12-04T03:27:29.201+0000] {processor.py:157} INFO - Started process (PID=56930) to work on /home/airflow/.local/lib/python3.8/site-packages/airflow/example_dags/example_setup_teardown_taskflow.py
[2023-12-04T03:27:29.202+0000] {processor.py:829} INFO - Processing file /home/airflow/.local/lib/python3.8/site-packages/airflow/example_dags/example_setup_teardown_taskflow.py for tasks to queue
[2023-12-04T03:27:29.204+0000] {logging_mixin.py:151} INFO - [2023-12-04T03:27:29.204+0000] {dagbag.py:539} INFO - Filling up the DagBag from /home/airflow/.local/lib/python3.8/site-packages/airflow/example_dags/example_setup_teardown_taskflow.py
[2023-12-04T03:27:29.213+0000] {processor.py:839} INFO - DAG(s) dict_keys(['example_setup_teardown_taskflow']) retrieved from /home/airflow/.local/lib/python3.8/site-packages/airflow/example_dags/example_setup_teardown_taskflow.py
[2023-12-04T03:27:29.232+0000] {logging_mixin.py:151} INFO - [2023-12-04T03:27:29.232+0000] {dag.py:2915} INFO - Sync 1 DAGs
[2023-12-04T03:27:29.247+0000] {logging_mixin.py:151} INFO - [2023-12-04T03:27:29.247+0000] {dag.py:3696} INFO - Setting next_dagrun for example_setup_teardown_taskflow to 2023-12-03T03:27:29.246902+00:00, run_after=2023-12-04T03:27:29.246902+00:00
[2023-12-04T03:27:29.259+0000] {processor.py:179} INFO - Processing /home/airflow/.local/lib/python3.8/site-packages/airflow/example_dags/example_setup_teardown_taskflow.py took 0.061 seconds
[2023-12-04T04:48:39.441+0000] {processor.py:157} INFO - Started process (PID=56984) to work on /home/airflow/.local/lib/python3.8/site-packages/airflow/example_dags/example_setup_teardown_taskflow.py
[2023-12-04T04:48:39.448+0000] {processor.py:829} INFO - Processing file /home/airflow/.local/lib/python3.8/site-packages/airflow/example_dags/example_setup_teardown_taskflow.py for tasks to queue
[2023-12-04T04:48:39.451+0000] {logging_mixin.py:151} INFO - [2023-12-04T04:48:39.450+0000] {dagbag.py:539} INFO - Filling up the DagBag from /home/airflow/.local/lib/python3.8/site-packages/airflow/example_dags/example_setup_teardown_taskflow.py
[2023-12-04T04:48:39.458+0000] {processor.py:839} INFO - DAG(s) dict_keys(['example_setup_teardown_taskflow']) retrieved from /home/airflow/.local/lib/python3.8/site-packages/airflow/example_dags/example_setup_teardown_taskflow.py
[2023-12-04T04:48:39.477+0000] {logging_mixin.py:151} INFO - [2023-12-04T04:48:39.477+0000] {dag.py:2915} INFO - Sync 1 DAGs
[2023-12-04T04:48:39.491+0000] {logging_mixin.py:151} INFO - [2023-12-04T04:48:39.491+0000] {dag.py:3696} INFO - Setting next_dagrun for example_setup_teardown_taskflow to 2023-12-03T04:48:39.490973+00:00, run_after=2023-12-04T04:48:39.490973+00:00
[2023-12-04T04:48:39.507+0000] {processor.py:179} INFO - Processing /home/airflow/.local/lib/python3.8/site-packages/airflow/example_dags/example_setup_teardown_taskflow.py took 0.071 seconds
[2023-12-04T05:34:46.581+0000] {processor.py:157} INFO - Started process (PID=57038) to work on /home/airflow/.local/lib/python3.8/site-packages/airflow/example_dags/example_setup_teardown_taskflow.py
[2023-12-04T05:34:46.582+0000] {processor.py:829} INFO - Processing file /home/airflow/.local/lib/python3.8/site-packages/airflow/example_dags/example_setup_teardown_taskflow.py for tasks to queue
[2023-12-04T05:34:46.584+0000] {logging_mixin.py:151} INFO - [2023-12-04T05:34:46.583+0000] {dagbag.py:539} INFO - Filling up the DagBag from /home/airflow/.local/lib/python3.8/site-packages/airflow/example_dags/example_setup_teardown_taskflow.py
[2023-12-04T05:34:46.590+0000] {processor.py:839} INFO - DAG(s) dict_keys(['example_setup_teardown_taskflow']) retrieved from /home/airflow/.local/lib/python3.8/site-packages/airflow/example_dags/example_setup_teardown_taskflow.py
[2023-12-04T05:34:46.605+0000] {logging_mixin.py:151} INFO - [2023-12-04T05:34:46.605+0000] {dag.py:2915} INFO - Sync 1 DAGs
[2023-12-04T05:34:46.617+0000] {logging_mixin.py:151} INFO - [2023-12-04T05:34:46.617+0000] {dag.py:3696} INFO - Setting next_dagrun for example_setup_teardown_taskflow to 2023-12-03T05:34:46.617025+00:00, run_after=2023-12-04T05:34:46.617025+00:00
[2023-12-04T05:34:46.626+0000] {processor.py:179} INFO - Processing /home/airflow/.local/lib/python3.8/site-packages/airflow/example_dags/example_setup_teardown_taskflow.py took 0.048 seconds
[2023-12-04T06:59:13.638+0000] {processor.py:157} INFO - Started process (PID=57092) to work on /home/airflow/.local/lib/python3.8/site-packages/airflow/example_dags/example_setup_teardown_taskflow.py
[2023-12-04T06:59:13.639+0000] {processor.py:829} INFO - Processing file /home/airflow/.local/lib/python3.8/site-packages/airflow/example_dags/example_setup_teardown_taskflow.py for tasks to queue
[2023-12-04T06:59:13.641+0000] {logging_mixin.py:151} INFO - [2023-12-04T06:59:13.641+0000] {dagbag.py:539} INFO - Filling up the DagBag from /home/airflow/.local/lib/python3.8/site-packages/airflow/example_dags/example_setup_teardown_taskflow.py
[2023-12-04T06:59:13.647+0000] {processor.py:839} INFO - DAG(s) dict_keys(['example_setup_teardown_taskflow']) retrieved from /home/airflow/.local/lib/python3.8/site-packages/airflow/example_dags/example_setup_teardown_taskflow.py
[2023-12-04T06:59:13.664+0000] {logging_mixin.py:151} INFO - [2023-12-04T06:59:13.664+0000] {dag.py:2915} INFO - Sync 1 DAGs
[2023-12-04T06:59:13.690+0000] {logging_mixin.py:151} INFO - [2023-12-04T06:59:13.690+0000] {dag.py:3696} INFO - Setting next_dagrun for example_setup_teardown_taskflow to 2023-12-03T06:59:13.689844+00:00, run_after=2023-12-04T06:59:13.689844+00:00
[2023-12-04T06:59:13.706+0000] {processor.py:179} INFO - Processing /home/airflow/.local/lib/python3.8/site-packages/airflow/example_dags/example_setup_teardown_taskflow.py took 0.070 seconds
[2023-12-04T07:35:44.640+0000] {processor.py:157} INFO - Started process (PID=57146) to work on /home/airflow/.local/lib/python3.8/site-packages/airflow/example_dags/example_setup_teardown_taskflow.py
[2023-12-04T07:35:44.642+0000] {processor.py:829} INFO - Processing file /home/airflow/.local/lib/python3.8/site-packages/airflow/example_dags/example_setup_teardown_taskflow.py for tasks to queue
[2023-12-04T07:35:44.645+0000] {logging_mixin.py:151} INFO - [2023-12-04T07:35:44.644+0000] {dagbag.py:539} INFO - Filling up the DagBag from /home/airflow/.local/lib/python3.8/site-packages/airflow/example_dags/example_setup_teardown_taskflow.py
[2023-12-04T07:35:44.652+0000] {processor.py:839} INFO - DAG(s) dict_keys(['example_setup_teardown_taskflow']) retrieved from /home/airflow/.local/lib/python3.8/site-packages/airflow/example_dags/example_setup_teardown_taskflow.py
[2023-12-04T07:35:44.672+0000] {logging_mixin.py:151} INFO - [2023-12-04T07:35:44.672+0000] {dag.py:2915} INFO - Sync 1 DAGs
[2023-12-04T07:35:44.689+0000] {logging_mixin.py:151} INFO - [2023-12-04T07:35:44.689+0000] {dag.py:3696} INFO - Setting next_dagrun for example_setup_teardown_taskflow to 2023-12-03T07:35:44.688820+00:00, run_after=2023-12-04T07:35:44.688820+00:00
[2023-12-04T07:35:44.700+0000] {processor.py:179} INFO - Processing /home/airflow/.local/lib/python3.8/site-packages/airflow/example_dags/example_setup_teardown_taskflow.py took 0.063 seconds
[2023-12-04T08:36:33.152+0000] {processor.py:157} INFO - Started process (PID=57200) to work on /home/airflow/.local/lib/python3.8/site-packages/airflow/example_dags/example_setup_teardown_taskflow.py
[2023-12-04T08:36:33.153+0000] {processor.py:829} INFO - Processing file /home/airflow/.local/lib/python3.8/site-packages/airflow/example_dags/example_setup_teardown_taskflow.py for tasks to queue
[2023-12-04T08:36:33.154+0000] {logging_mixin.py:151} INFO - [2023-12-04T08:36:33.154+0000] {dagbag.py:539} INFO - Filling up the DagBag from /home/airflow/.local/lib/python3.8/site-packages/airflow/example_dags/example_setup_teardown_taskflow.py
[2023-12-04T08:36:33.160+0000] {processor.py:839} INFO - DAG(s) dict_keys(['example_setup_teardown_taskflow']) retrieved from /home/airflow/.local/lib/python3.8/site-packages/airflow/example_dags/example_setup_teardown_taskflow.py
[2023-12-04T08:36:33.176+0000] {logging_mixin.py:151} INFO - [2023-12-04T08:36:33.175+0000] {dag.py:2915} INFO - Sync 1 DAGs
[2023-12-04T08:36:33.190+0000] {logging_mixin.py:151} INFO - [2023-12-04T08:36:33.189+0000] {dag.py:3696} INFO - Setting next_dagrun for example_setup_teardown_taskflow to 2023-12-03T08:36:33.189683+00:00, run_after=2023-12-04T08:36:33.189683+00:00
[2023-12-04T08:36:33.200+0000] {processor.py:179} INFO - Processing /home/airflow/.local/lib/python3.8/site-packages/airflow/example_dags/example_setup_teardown_taskflow.py took 0.051 seconds
[2023-12-04T09:37:38.470+0000] {processor.py:157} INFO - Started process (PID=57255) to work on /home/airflow/.local/lib/python3.8/site-packages/airflow/example_dags/example_setup_teardown_taskflow.py
[2023-12-04T09:37:38.471+0000] {processor.py:829} INFO - Processing file /home/airflow/.local/lib/python3.8/site-packages/airflow/example_dags/example_setup_teardown_taskflow.py for tasks to queue
[2023-12-04T09:37:38.473+0000] {logging_mixin.py:151} INFO - [2023-12-04T09:37:38.473+0000] {dagbag.py:539} INFO - Filling up the DagBag from /home/airflow/.local/lib/python3.8/site-packages/airflow/example_dags/example_setup_teardown_taskflow.py
[2023-12-04T09:37:38.479+0000] {processor.py:839} INFO - DAG(s) dict_keys(['example_setup_teardown_taskflow']) retrieved from /home/airflow/.local/lib/python3.8/site-packages/airflow/example_dags/example_setup_teardown_taskflow.py
[2023-12-04T09:37:38.504+0000] {logging_mixin.py:151} INFO - [2023-12-04T09:37:38.504+0000] {dag.py:2915} INFO - Sync 1 DAGs
[2023-12-04T09:37:38.519+0000] {logging_mixin.py:151} INFO - [2023-12-04T09:37:38.519+0000] {dag.py:3696} INFO - Setting next_dagrun for example_setup_teardown_taskflow to 2023-12-03T09:37:38.519230+00:00, run_after=2023-12-04T09:37:38.519230+00:00
[2023-12-04T09:37:38.538+0000] {processor.py:179} INFO - Processing /home/airflow/.local/lib/python3.8/site-packages/airflow/example_dags/example_setup_teardown_taskflow.py took 0.071 seconds
[2023-12-04T10:06:21.332+0000] {processor.py:157} INFO - Started process (PID=57309) to work on /home/airflow/.local/lib/python3.8/site-packages/airflow/example_dags/example_setup_teardown_taskflow.py
[2023-12-04T10:06:21.333+0000] {processor.py:829} INFO - Processing file /home/airflow/.local/lib/python3.8/site-packages/airflow/example_dags/example_setup_teardown_taskflow.py for tasks to queue
[2023-12-04T10:06:21.335+0000] {logging_mixin.py:151} INFO - [2023-12-04T10:06:21.334+0000] {dagbag.py:539} INFO - Filling up the DagBag from /home/airflow/.local/lib/python3.8/site-packages/airflow/example_dags/example_setup_teardown_taskflow.py
[2023-12-04T10:06:21.341+0000] {processor.py:839} INFO - DAG(s) dict_keys(['example_setup_teardown_taskflow']) retrieved from /home/airflow/.local/lib/python3.8/site-packages/airflow/example_dags/example_setup_teardown_taskflow.py
[2023-12-04T10:06:21.355+0000] {logging_mixin.py:151} INFO - [2023-12-04T10:06:21.355+0000] {dag.py:2915} INFO - Sync 1 DAGs
[2023-12-04T10:06:21.367+0000] {logging_mixin.py:151} INFO - [2023-12-04T10:06:21.367+0000] {dag.py:3696} INFO - Setting next_dagrun for example_setup_teardown_taskflow to 2023-12-03T10:06:21.367317+00:00, run_after=2023-12-04T10:06:21.367317+00:00
[2023-12-04T10:06:21.376+0000] {processor.py:179} INFO - Processing /home/airflow/.local/lib/python3.8/site-packages/airflow/example_dags/example_setup_teardown_taskflow.py took 0.048 seconds
[2023-12-04T10:22:31.104+0000] {processor.py:157} INFO - Started process (PID=57363) to work on /home/airflow/.local/lib/python3.8/site-packages/airflow/example_dags/example_setup_teardown_taskflow.py
[2023-12-04T10:22:31.107+0000] {processor.py:829} INFO - Processing file /home/airflow/.local/lib/python3.8/site-packages/airflow/example_dags/example_setup_teardown_taskflow.py for tasks to queue
[2023-12-04T10:22:31.112+0000] {logging_mixin.py:151} INFO - [2023-12-04T10:22:31.112+0000] {dagbag.py:539} INFO - Filling up the DagBag from /home/airflow/.local/lib/python3.8/site-packages/airflow/example_dags/example_setup_teardown_taskflow.py
[2023-12-04T10:22:31.125+0000] {processor.py:839} INFO - DAG(s) dict_keys(['example_setup_teardown_taskflow']) retrieved from /home/airflow/.local/lib/python3.8/site-packages/airflow/example_dags/example_setup_teardown_taskflow.py
[2023-12-04T10:22:31.181+0000] {logging_mixin.py:151} INFO - [2023-12-04T10:22:31.181+0000] {dag.py:2915} INFO - Sync 1 DAGs
[2023-12-04T10:22:31.202+0000] {logging_mixin.py:151} INFO - [2023-12-04T10:22:31.202+0000] {dag.py:3696} INFO - Setting next_dagrun for example_setup_teardown_taskflow to 2023-12-03T10:22:31.202146+00:00, run_after=2023-12-04T10:22:31.202146+00:00
[2023-12-04T10:22:31.235+0000] {processor.py:179} INFO - Processing /home/airflow/.local/lib/python3.8/site-packages/airflow/example_dags/example_setup_teardown_taskflow.py took 0.137 seconds
[2023-12-04T10:38:36.371+0000] {processor.py:157} INFO - Started process (PID=57417) to work on /home/airflow/.local/lib/python3.8/site-packages/airflow/example_dags/example_setup_teardown_taskflow.py
[2023-12-04T10:38:36.372+0000] {processor.py:829} INFO - Processing file /home/airflow/.local/lib/python3.8/site-packages/airflow/example_dags/example_setup_teardown_taskflow.py for tasks to queue
[2023-12-04T10:38:36.375+0000] {logging_mixin.py:151} INFO - [2023-12-04T10:38:36.374+0000] {dagbag.py:539} INFO - Filling up the DagBag from /home/airflow/.local/lib/python3.8/site-packages/airflow/example_dags/example_setup_teardown_taskflow.py
[2023-12-04T10:38:36.385+0000] {processor.py:839} INFO - DAG(s) dict_keys(['example_setup_teardown_taskflow']) retrieved from /home/airflow/.local/lib/python3.8/site-packages/airflow/example_dags/example_setup_teardown_taskflow.py
[2023-12-04T10:38:36.401+0000] {logging_mixin.py:151} INFO - [2023-12-04T10:38:36.401+0000] {dag.py:2915} INFO - Sync 1 DAGs
[2023-12-04T10:38:36.415+0000] {logging_mixin.py:151} INFO - [2023-12-04T10:38:36.415+0000] {dag.py:3696} INFO - Setting next_dagrun for example_setup_teardown_taskflow to 2023-12-03T10:38:36.415638+00:00, run_after=2023-12-04T10:38:36.415638+00:00
[2023-12-04T10:38:36.425+0000] {processor.py:179} INFO - Processing /home/airflow/.local/lib/python3.8/site-packages/airflow/example_dags/example_setup_teardown_taskflow.py took 0.056 seconds
[2023-12-04T10:52:22.558+0000] {processor.py:157} INFO - Started process (PID=57471) to work on /home/airflow/.local/lib/python3.8/site-packages/airflow/example_dags/example_setup_teardown_taskflow.py
[2023-12-04T10:52:22.559+0000] {processor.py:829} INFO - Processing file /home/airflow/.local/lib/python3.8/site-packages/airflow/example_dags/example_setup_teardown_taskflow.py for tasks to queue
[2023-12-04T10:52:22.561+0000] {logging_mixin.py:151} INFO - [2023-12-04T10:52:22.560+0000] {dagbag.py:539} INFO - Filling up the DagBag from /home/airflow/.local/lib/python3.8/site-packages/airflow/example_dags/example_setup_teardown_taskflow.py
[2023-12-04T10:52:22.566+0000] {processor.py:839} INFO - DAG(s) dict_keys(['example_setup_teardown_taskflow']) retrieved from /home/airflow/.local/lib/python3.8/site-packages/airflow/example_dags/example_setup_teardown_taskflow.py
[2023-12-04T10:52:22.579+0000] {logging_mixin.py:151} INFO - [2023-12-04T10:52:22.579+0000] {dag.py:2915} INFO - Sync 1 DAGs
[2023-12-04T10:52:22.593+0000] {logging_mixin.py:151} INFO - [2023-12-04T10:52:22.593+0000] {dag.py:3696} INFO - Setting next_dagrun for example_setup_teardown_taskflow to 2023-12-03T10:52:22.593500+00:00, run_after=2023-12-04T10:52:22.593500+00:00
[2023-12-04T10:52:22.604+0000] {processor.py:179} INFO - Processing /home/airflow/.local/lib/python3.8/site-packages/airflow/example_dags/example_setup_teardown_taskflow.py took 0.048 seconds
[2023-12-04T11:39:38.912+0000] {processor.py:157} INFO - Started process (PID=57525) to work on /home/airflow/.local/lib/python3.8/site-packages/airflow/example_dags/example_setup_teardown_taskflow.py
[2023-12-04T11:39:38.913+0000] {processor.py:829} INFO - Processing file /home/airflow/.local/lib/python3.8/site-packages/airflow/example_dags/example_setup_teardown_taskflow.py for tasks to queue
[2023-12-04T11:39:38.916+0000] {logging_mixin.py:151} INFO - [2023-12-04T11:39:38.916+0000] {dagbag.py:539} INFO - Filling up the DagBag from /home/airflow/.local/lib/python3.8/site-packages/airflow/example_dags/example_setup_teardown_taskflow.py
[2023-12-04T11:39:38.924+0000] {processor.py:839} INFO - DAG(s) dict_keys(['example_setup_teardown_taskflow']) retrieved from /home/airflow/.local/lib/python3.8/site-packages/airflow/example_dags/example_setup_teardown_taskflow.py
[2023-12-04T11:39:38.953+0000] {logging_mixin.py:151} INFO - [2023-12-04T11:39:38.953+0000] {dag.py:2915} INFO - Sync 1 DAGs
[2023-12-04T11:39:38.971+0000] {logging_mixin.py:151} INFO - [2023-12-04T11:39:38.971+0000] {dag.py:3696} INFO - Setting next_dagrun for example_setup_teardown_taskflow to 2023-12-03T11:39:38.971620+00:00, run_after=2023-12-04T11:39:38.971620+00:00
[2023-12-04T11:39:38.982+0000] {processor.py:179} INFO - Processing /home/airflow/.local/lib/python3.8/site-packages/airflow/example_dags/example_setup_teardown_taskflow.py took 0.074 seconds
[2023-12-04T12:40:34.395+0000] {processor.py:157} INFO - Started process (PID=57579) to work on /home/airflow/.local/lib/python3.8/site-packages/airflow/example_dags/example_setup_teardown_taskflow.py
[2023-12-04T12:40:34.396+0000] {processor.py:829} INFO - Processing file /home/airflow/.local/lib/python3.8/site-packages/airflow/example_dags/example_setup_teardown_taskflow.py for tasks to queue
[2023-12-04T12:40:34.397+0000] {logging_mixin.py:151} INFO - [2023-12-04T12:40:34.397+0000] {dagbag.py:539} INFO - Filling up the DagBag from /home/airflow/.local/lib/python3.8/site-packages/airflow/example_dags/example_setup_teardown_taskflow.py
[2023-12-04T12:40:34.402+0000] {processor.py:839} INFO - DAG(s) dict_keys(['example_setup_teardown_taskflow']) retrieved from /home/airflow/.local/lib/python3.8/site-packages/airflow/example_dags/example_setup_teardown_taskflow.py
[2023-12-04T12:40:34.416+0000] {logging_mixin.py:151} INFO - [2023-12-04T12:40:34.416+0000] {dag.py:2915} INFO - Sync 1 DAGs
[2023-12-04T12:40:34.428+0000] {logging_mixin.py:151} INFO - [2023-12-04T12:40:34.428+0000] {dag.py:3696} INFO - Setting next_dagrun for example_setup_teardown_taskflow to 2023-12-03T12:40:34.428508+00:00, run_after=2023-12-04T12:40:34.428508+00:00
[2023-12-04T12:40:34.438+0000] {processor.py:179} INFO - Processing /home/airflow/.local/lib/python3.8/site-packages/airflow/example_dags/example_setup_teardown_taskflow.py took 0.045 seconds
[2023-12-04T13:10:50.946+0000] {processor.py:157} INFO - Started process (PID=57633) to work on /home/airflow/.local/lib/python3.8/site-packages/airflow/example_dags/example_setup_teardown_taskflow.py
[2023-12-04T13:10:50.947+0000] {processor.py:829} INFO - Processing file /home/airflow/.local/lib/python3.8/site-packages/airflow/example_dags/example_setup_teardown_taskflow.py for tasks to queue
[2023-12-04T13:10:50.949+0000] {logging_mixin.py:151} INFO - [2023-12-04T13:10:50.949+0000] {dagbag.py:539} INFO - Filling up the DagBag from /home/airflow/.local/lib/python3.8/site-packages/airflow/example_dags/example_setup_teardown_taskflow.py
[2023-12-04T13:10:50.956+0000] {processor.py:839} INFO - DAG(s) dict_keys(['example_setup_teardown_taskflow']) retrieved from /home/airflow/.local/lib/python3.8/site-packages/airflow/example_dags/example_setup_teardown_taskflow.py
[2023-12-04T13:10:50.978+0000] {logging_mixin.py:151} INFO - [2023-12-04T13:10:50.978+0000] {dag.py:2915} INFO - Sync 1 DAGs
[2023-12-04T13:10:50.994+0000] {logging_mixin.py:151} INFO - [2023-12-04T13:10:50.994+0000] {dag.py:3696} INFO - Setting next_dagrun for example_setup_teardown_taskflow to 2023-12-03T13:10:50.994133+00:00, run_after=2023-12-04T13:10:50.994133+00:00
[2023-12-04T13:10:51.009+0000] {processor.py:179} INFO - Processing /home/airflow/.local/lib/python3.8/site-packages/airflow/example_dags/example_setup_teardown_taskflow.py took 0.065 seconds
[2023-12-04T13:32:08.327+0000] {processor.py:157} INFO - Started process (PID=57687) to work on /home/airflow/.local/lib/python3.8/site-packages/airflow/example_dags/example_setup_teardown_taskflow.py
[2023-12-04T13:32:08.328+0000] {processor.py:829} INFO - Processing file /home/airflow/.local/lib/python3.8/site-packages/airflow/example_dags/example_setup_teardown_taskflow.py for tasks to queue
[2023-12-04T13:32:08.330+0000] {logging_mixin.py:151} INFO - [2023-12-04T13:32:08.330+0000] {dagbag.py:539} INFO - Filling up the DagBag from /home/airflow/.local/lib/python3.8/site-packages/airflow/example_dags/example_setup_teardown_taskflow.py
[2023-12-04T13:32:08.335+0000] {processor.py:839} INFO - DAG(s) dict_keys(['example_setup_teardown_taskflow']) retrieved from /home/airflow/.local/lib/python3.8/site-packages/airflow/example_dags/example_setup_teardown_taskflow.py
[2023-12-04T13:32:08.357+0000] {logging_mixin.py:151} INFO - [2023-12-04T13:32:08.357+0000] {dag.py:2915} INFO - Sync 1 DAGs
[2023-12-04T13:32:08.374+0000] {logging_mixin.py:151} INFO - [2023-12-04T13:32:08.374+0000] {dag.py:3696} INFO - Setting next_dagrun for example_setup_teardown_taskflow to 2023-12-03T13:32:08.374063+00:00, run_after=2023-12-04T13:32:08.374063+00:00
[2023-12-04T13:32:08.385+0000] {processor.py:179} INFO - Processing /home/airflow/.local/lib/python3.8/site-packages/airflow/example_dags/example_setup_teardown_taskflow.py took 0.061 seconds
[2023-12-04T13:53:01.236+0000] {processor.py:157} INFO - Started process (PID=57741) to work on /home/airflow/.local/lib/python3.8/site-packages/airflow/example_dags/example_setup_teardown_taskflow.py
[2023-12-04T13:53:01.238+0000] {processor.py:829} INFO - Processing file /home/airflow/.local/lib/python3.8/site-packages/airflow/example_dags/example_setup_teardown_taskflow.py for tasks to queue
[2023-12-04T13:53:01.242+0000] {logging_mixin.py:151} INFO - [2023-12-04T13:53:01.242+0000] {dagbag.py:539} INFO - Filling up the DagBag from /home/airflow/.local/lib/python3.8/site-packages/airflow/example_dags/example_setup_teardown_taskflow.py
[2023-12-04T13:53:01.250+0000] {processor.py:839} INFO - DAG(s) dict_keys(['example_setup_teardown_taskflow']) retrieved from /home/airflow/.local/lib/python3.8/site-packages/airflow/example_dags/example_setup_teardown_taskflow.py
[2023-12-04T13:53:01.266+0000] {logging_mixin.py:151} INFO - [2023-12-04T13:53:01.266+0000] {dag.py:2915} INFO - Sync 1 DAGs
[2023-12-04T13:53:01.279+0000] {logging_mixin.py:151} INFO - [2023-12-04T13:53:01.279+0000] {dag.py:3696} INFO - Setting next_dagrun for example_setup_teardown_taskflow to 2023-12-03T13:53:01.278992+00:00, run_after=2023-12-04T13:53:01.278992+00:00
[2023-12-04T13:53:01.288+0000] {processor.py:179} INFO - Processing /home/airflow/.local/lib/python3.8/site-packages/airflow/example_dags/example_setup_teardown_taskflow.py took 0.060 seconds
[2023-12-04T14:42:35.590+0000] {processor.py:157} INFO - Started process (PID=57795) to work on /home/airflow/.local/lib/python3.8/site-packages/airflow/example_dags/example_setup_teardown_taskflow.py
[2023-12-04T14:42:35.591+0000] {processor.py:829} INFO - Processing file /home/airflow/.local/lib/python3.8/site-packages/airflow/example_dags/example_setup_teardown_taskflow.py for tasks to queue
[2023-12-04T14:42:35.593+0000] {logging_mixin.py:151} INFO - [2023-12-04T14:42:35.593+0000] {dagbag.py:539} INFO - Filling up the DagBag from /home/airflow/.local/lib/python3.8/site-packages/airflow/example_dags/example_setup_teardown_taskflow.py
[2023-12-04T14:42:35.602+0000] {processor.py:839} INFO - DAG(s) dict_keys(['example_setup_teardown_taskflow']) retrieved from /home/airflow/.local/lib/python3.8/site-packages/airflow/example_dags/example_setup_teardown_taskflow.py
[2023-12-04T14:42:35.618+0000] {logging_mixin.py:151} INFO - [2023-12-04T14:42:35.618+0000] {dag.py:2915} INFO - Sync 1 DAGs
[2023-12-04T14:42:35.633+0000] {logging_mixin.py:151} INFO - [2023-12-04T14:42:35.633+0000] {dag.py:3696} INFO - Setting next_dagrun for example_setup_teardown_taskflow to 2023-12-03T14:42:35.632961+00:00, run_after=2023-12-04T14:42:35.632961+00:00
[2023-12-04T14:42:35.643+0000] {processor.py:179} INFO - Processing /home/airflow/.local/lib/python3.8/site-packages/airflow/example_dags/example_setup_teardown_taskflow.py took 0.056 seconds
[2023-12-04T15:43:38.809+0000] {processor.py:157} INFO - Started process (PID=57849) to work on /home/airflow/.local/lib/python3.8/site-packages/airflow/example_dags/example_setup_teardown_taskflow.py
[2023-12-04T15:43:38.813+0000] {processor.py:829} INFO - Processing file /home/airflow/.local/lib/python3.8/site-packages/airflow/example_dags/example_setup_teardown_taskflow.py for tasks to queue
[2023-12-04T15:43:38.815+0000] {logging_mixin.py:151} INFO - [2023-12-04T15:43:38.814+0000] {dagbag.py:539} INFO - Filling up the DagBag from /home/airflow/.local/lib/python3.8/site-packages/airflow/example_dags/example_setup_teardown_taskflow.py
[2023-12-04T15:43:38.821+0000] {processor.py:839} INFO - DAG(s) dict_keys(['example_setup_teardown_taskflow']) retrieved from /home/airflow/.local/lib/python3.8/site-packages/airflow/example_dags/example_setup_teardown_taskflow.py
[2023-12-04T15:43:38.837+0000] {logging_mixin.py:151} INFO - [2023-12-04T15:43:38.837+0000] {dag.py:2915} INFO - Sync 1 DAGs
[2023-12-04T15:43:38.850+0000] {logging_mixin.py:151} INFO - [2023-12-04T15:43:38.850+0000] {dag.py:3696} INFO - Setting next_dagrun for example_setup_teardown_taskflow to 2023-12-03T15:43:38.850164+00:00, run_after=2023-12-04T15:43:38.850164+00:00
[2023-12-04T15:43:38.868+0000] {processor.py:179} INFO - Processing /home/airflow/.local/lib/python3.8/site-packages/airflow/example_dags/example_setup_teardown_taskflow.py took 0.062 seconds
[2023-12-04T16:42:07.912+0000] {processor.py:157} INFO - Started process (PID=57903) to work on /home/airflow/.local/lib/python3.8/site-packages/airflow/example_dags/example_setup_teardown_taskflow.py
[2023-12-04T16:42:07.913+0000] {processor.py:829} INFO - Processing file /home/airflow/.local/lib/python3.8/site-packages/airflow/example_dags/example_setup_teardown_taskflow.py for tasks to queue
[2023-12-04T16:42:07.914+0000] {logging_mixin.py:151} INFO - [2023-12-04T16:42:07.914+0000] {dagbag.py:539} INFO - Filling up the DagBag from /home/airflow/.local/lib/python3.8/site-packages/airflow/example_dags/example_setup_teardown_taskflow.py
[2023-12-04T16:42:07.920+0000] {processor.py:839} INFO - DAG(s) dict_keys(['example_setup_teardown_taskflow']) retrieved from /home/airflow/.local/lib/python3.8/site-packages/airflow/example_dags/example_setup_teardown_taskflow.py
[2023-12-04T16:42:07.946+0000] {logging_mixin.py:151} INFO - [2023-12-04T16:42:07.946+0000] {dag.py:2915} INFO - Sync 1 DAGs
[2023-12-04T16:42:07.962+0000] {logging_mixin.py:151} INFO - [2023-12-04T16:42:07.962+0000] {dag.py:3696} INFO - Setting next_dagrun for example_setup_teardown_taskflow to 2023-12-03T16:42:07.962342+00:00, run_after=2023-12-04T16:42:07.962342+00:00
[2023-12-04T16:42:07.973+0000] {processor.py:179} INFO - Processing /home/airflow/.local/lib/python3.8/site-packages/airflow/example_dags/example_setup_teardown_taskflow.py took 0.064 seconds
[2023-12-04T17:45:35.357+0000] {processor.py:157} INFO - Started process (PID=57957) to work on /home/airflow/.local/lib/python3.8/site-packages/airflow/example_dags/example_setup_teardown_taskflow.py
[2023-12-04T17:45:35.359+0000] {processor.py:829} INFO - Processing file /home/airflow/.local/lib/python3.8/site-packages/airflow/example_dags/example_setup_teardown_taskflow.py for tasks to queue
[2023-12-04T17:45:35.360+0000] {logging_mixin.py:151} INFO - [2023-12-04T17:45:35.360+0000] {dagbag.py:539} INFO - Filling up the DagBag from /home/airflow/.local/lib/python3.8/site-packages/airflow/example_dags/example_setup_teardown_taskflow.py
[2023-12-04T17:45:35.369+0000] {processor.py:839} INFO - DAG(s) dict_keys(['example_setup_teardown_taskflow']) retrieved from /home/airflow/.local/lib/python3.8/site-packages/airflow/example_dags/example_setup_teardown_taskflow.py
[2023-12-04T17:45:35.391+0000] {logging_mixin.py:151} INFO - [2023-12-04T17:45:35.390+0000] {dag.py:2915} INFO - Sync 1 DAGs
[2023-12-04T17:45:35.404+0000] {logging_mixin.py:151} INFO - [2023-12-04T17:45:35.403+0000] {dag.py:3696} INFO - Setting next_dagrun for example_setup_teardown_taskflow to 2023-12-03T17:45:35.403814+00:00, run_after=2023-12-04T17:45:35.403814+00:00
[2023-12-04T17:45:35.414+0000] {processor.py:179} INFO - Processing /home/airflow/.local/lib/python3.8/site-packages/airflow/example_dags/example_setup_teardown_taskflow.py took 0.059 seconds
[2023-12-04T18:46:42.256+0000] {processor.py:157} INFO - Started process (PID=58011) to work on /home/airflow/.local/lib/python3.8/site-packages/airflow/example_dags/example_setup_teardown_taskflow.py
[2023-12-04T18:46:42.258+0000] {processor.py:829} INFO - Processing file /home/airflow/.local/lib/python3.8/site-packages/airflow/example_dags/example_setup_teardown_taskflow.py for tasks to queue
[2023-12-04T18:46:42.260+0000] {logging_mixin.py:151} INFO - [2023-12-04T18:46:42.259+0000] {dagbag.py:539} INFO - Filling up the DagBag from /home/airflow/.local/lib/python3.8/site-packages/airflow/example_dags/example_setup_teardown_taskflow.py
[2023-12-04T18:46:42.269+0000] {processor.py:839} INFO - DAG(s) dict_keys(['example_setup_teardown_taskflow']) retrieved from /home/airflow/.local/lib/python3.8/site-packages/airflow/example_dags/example_setup_teardown_taskflow.py
[2023-12-04T18:46:42.286+0000] {logging_mixin.py:151} INFO - [2023-12-04T18:46:42.286+0000] {dag.py:2915} INFO - Sync 1 DAGs
[2023-12-04T18:46:42.298+0000] {logging_mixin.py:151} INFO - [2023-12-04T18:46:42.298+0000] {dag.py:3696} INFO - Setting next_dagrun for example_setup_teardown_taskflow to 2023-12-03T18:46:42.298584+00:00, run_after=2023-12-04T18:46:42.298584+00:00
[2023-12-04T18:46:42.309+0000] {processor.py:179} INFO - Processing /home/airflow/.local/lib/python3.8/site-packages/airflow/example_dags/example_setup_teardown_taskflow.py took 0.057 seconds
[2023-12-04T20:03:39.015+0000] {processor.py:157} INFO - Started process (PID=58065) to work on /home/airflow/.local/lib/python3.8/site-packages/airflow/example_dags/example_setup_teardown_taskflow.py
[2023-12-04T20:03:39.017+0000] {processor.py:829} INFO - Processing file /home/airflow/.local/lib/python3.8/site-packages/airflow/example_dags/example_setup_teardown_taskflow.py for tasks to queue
[2023-12-04T20:03:39.019+0000] {logging_mixin.py:151} INFO - [2023-12-04T20:03:39.019+0000] {dagbag.py:539} INFO - Filling up the DagBag from /home/airflow/.local/lib/python3.8/site-packages/airflow/example_dags/example_setup_teardown_taskflow.py
[2023-12-04T20:03:39.029+0000] {processor.py:839} INFO - DAG(s) dict_keys(['example_setup_teardown_taskflow']) retrieved from /home/airflow/.local/lib/python3.8/site-packages/airflow/example_dags/example_setup_teardown_taskflow.py
[2023-12-04T20:03:39.050+0000] {logging_mixin.py:151} INFO - [2023-12-04T20:03:39.050+0000] {dag.py:2915} INFO - Sync 1 DAGs
[2023-12-04T20:03:39.071+0000] {logging_mixin.py:151} INFO - [2023-12-04T20:03:39.071+0000] {dag.py:3696} INFO - Setting next_dagrun for example_setup_teardown_taskflow to 2023-12-03T20:03:39.070875+00:00, run_after=2023-12-04T20:03:39.070875+00:00
[2023-12-04T20:03:39.082+0000] {processor.py:179} INFO - Processing /home/airflow/.local/lib/python3.8/site-packages/airflow/example_dags/example_setup_teardown_taskflow.py took 0.072 seconds
[2023-12-04T21:05:42.355+0000] {processor.py:157} INFO - Started process (PID=58119) to work on /home/airflow/.local/lib/python3.8/site-packages/airflow/example_dags/example_setup_teardown_taskflow.py
[2023-12-04T21:05:42.356+0000] {processor.py:829} INFO - Processing file /home/airflow/.local/lib/python3.8/site-packages/airflow/example_dags/example_setup_teardown_taskflow.py for tasks to queue
[2023-12-04T21:05:42.357+0000] {logging_mixin.py:151} INFO - [2023-12-04T21:05:42.357+0000] {dagbag.py:539} INFO - Filling up the DagBag from /home/airflow/.local/lib/python3.8/site-packages/airflow/example_dags/example_setup_teardown_taskflow.py
[2023-12-04T21:05:42.369+0000] {processor.py:839} INFO - DAG(s) dict_keys(['example_setup_teardown_taskflow']) retrieved from /home/airflow/.local/lib/python3.8/site-packages/airflow/example_dags/example_setup_teardown_taskflow.py
[2023-12-04T21:05:42.387+0000] {logging_mixin.py:151} INFO - [2023-12-04T21:05:42.387+0000] {dag.py:2915} INFO - Sync 1 DAGs
[2023-12-04T21:05:42.399+0000] {logging_mixin.py:151} INFO - [2023-12-04T21:05:42.399+0000] {dag.py:3696} INFO - Setting next_dagrun for example_setup_teardown_taskflow to 2023-12-03T21:05:42.399678+00:00, run_after=2023-12-04T21:05:42.399678+00:00
[2023-12-04T21:05:42.409+0000] {processor.py:179} INFO - Processing /home/airflow/.local/lib/python3.8/site-packages/airflow/example_dags/example_setup_teardown_taskflow.py took 0.056 seconds
[2023-12-04T22:06:55.157+0000] {processor.py:157} INFO - Started process (PID=58173) to work on /home/airflow/.local/lib/python3.8/site-packages/airflow/example_dags/example_setup_teardown_taskflow.py
[2023-12-04T22:06:55.158+0000] {processor.py:829} INFO - Processing file /home/airflow/.local/lib/python3.8/site-packages/airflow/example_dags/example_setup_teardown_taskflow.py for tasks to queue
[2023-12-04T22:06:55.161+0000] {logging_mixin.py:151} INFO - [2023-12-04T22:06:55.161+0000] {dagbag.py:539} INFO - Filling up the DagBag from /home/airflow/.local/lib/python3.8/site-packages/airflow/example_dags/example_setup_teardown_taskflow.py
[2023-12-04T22:06:55.172+0000] {processor.py:839} INFO - DAG(s) dict_keys(['example_setup_teardown_taskflow']) retrieved from /home/airflow/.local/lib/python3.8/site-packages/airflow/example_dags/example_setup_teardown_taskflow.py
[2023-12-04T22:06:55.194+0000] {logging_mixin.py:151} INFO - [2023-12-04T22:06:55.194+0000] {dag.py:2915} INFO - Sync 1 DAGs
[2023-12-04T22:06:55.208+0000] {logging_mixin.py:151} INFO - [2023-12-04T22:06:55.208+0000] {dag.py:3696} INFO - Setting next_dagrun for example_setup_teardown_taskflow to 2023-12-03T22:06:55.208332+00:00, run_after=2023-12-04T22:06:55.208332+00:00
[2023-12-04T22:06:55.219+0000] {processor.py:179} INFO - Processing /home/airflow/.local/lib/python3.8/site-packages/airflow/example_dags/example_setup_teardown_taskflow.py took 0.066 seconds
[2023-12-04T23:00:13.798+0000] {processor.py:157} INFO - Started process (PID=58227) to work on /home/airflow/.local/lib/python3.8/site-packages/airflow/example_dags/example_setup_teardown_taskflow.py
[2023-12-04T23:00:13.798+0000] {processor.py:829} INFO - Processing file /home/airflow/.local/lib/python3.8/site-packages/airflow/example_dags/example_setup_teardown_taskflow.py for tasks to queue
[2023-12-04T23:00:13.800+0000] {logging_mixin.py:151} INFO - [2023-12-04T23:00:13.800+0000] {dagbag.py:539} INFO - Filling up the DagBag from /home/airflow/.local/lib/python3.8/site-packages/airflow/example_dags/example_setup_teardown_taskflow.py
[2023-12-04T23:00:13.806+0000] {processor.py:839} INFO - DAG(s) dict_keys(['example_setup_teardown_taskflow']) retrieved from /home/airflow/.local/lib/python3.8/site-packages/airflow/example_dags/example_setup_teardown_taskflow.py
[2023-12-04T23:00:13.819+0000] {logging_mixin.py:151} INFO - [2023-12-04T23:00:13.819+0000] {dag.py:2915} INFO - Sync 1 DAGs
[2023-12-04T23:00:13.831+0000] {logging_mixin.py:151} INFO - [2023-12-04T23:00:13.831+0000] {dag.py:3696} INFO - Setting next_dagrun for example_setup_teardown_taskflow to 2023-12-03T23:00:13.831497+00:00, run_after=2023-12-04T23:00:13.831497+00:00
[2023-12-04T23:00:13.841+0000] {processor.py:179} INFO - Processing /home/airflow/.local/lib/python3.8/site-packages/airflow/example_dags/example_setup_teardown_taskflow.py took 0.045 seconds
[2023-12-04T23:40:23.730+0000] {processor.py:157} INFO - Started process (PID=58281) to work on /home/airflow/.local/lib/python3.8/site-packages/airflow/example_dags/example_setup_teardown_taskflow.py
[2023-12-04T23:40:23.732+0000] {processor.py:829} INFO - Processing file /home/airflow/.local/lib/python3.8/site-packages/airflow/example_dags/example_setup_teardown_taskflow.py for tasks to queue
[2023-12-04T23:40:23.735+0000] {logging_mixin.py:151} INFO - [2023-12-04T23:40:23.735+0000] {dagbag.py:539} INFO - Filling up the DagBag from /home/airflow/.local/lib/python3.8/site-packages/airflow/example_dags/example_setup_teardown_taskflow.py
[2023-12-04T23:40:23.743+0000] {processor.py:839} INFO - DAG(s) dict_keys(['example_setup_teardown_taskflow']) retrieved from /home/airflow/.local/lib/python3.8/site-packages/airflow/example_dags/example_setup_teardown_taskflow.py
[2023-12-04T23:40:23.765+0000] {logging_mixin.py:151} INFO - [2023-12-04T23:40:23.765+0000] {dag.py:2915} INFO - Sync 1 DAGs
[2023-12-04T23:40:23.779+0000] {logging_mixin.py:151} INFO - [2023-12-04T23:40:23.778+0000] {dag.py:3696} INFO - Setting next_dagrun for example_setup_teardown_taskflow to 2023-12-03T23:40:23.778651+00:00, run_after=2023-12-04T23:40:23.778651+00:00
[2023-12-04T23:40:23.791+0000] {processor.py:179} INFO - Processing /home/airflow/.local/lib/python3.8/site-packages/airflow/example_dags/example_setup_teardown_taskflow.py took 0.067 seconds
[2023-12-04T23:42:54.528+0000] {processor.py:157} INFO - Started process (PID=58335) to work on /home/airflow/.local/lib/python3.8/site-packages/airflow/example_dags/example_setup_teardown_taskflow.py
[2023-12-04T23:42:54.531+0000] {processor.py:829} INFO - Processing file /home/airflow/.local/lib/python3.8/site-packages/airflow/example_dags/example_setup_teardown_taskflow.py for tasks to queue
[2023-12-04T23:42:54.536+0000] {logging_mixin.py:151} INFO - [2023-12-04T23:42:54.535+0000] {dagbag.py:539} INFO - Filling up the DagBag from /home/airflow/.local/lib/python3.8/site-packages/airflow/example_dags/example_setup_teardown_taskflow.py
[2023-12-04T23:42:54.550+0000] {processor.py:839} INFO - DAG(s) dict_keys(['example_setup_teardown_taskflow']) retrieved from /home/airflow/.local/lib/python3.8/site-packages/airflow/example_dags/example_setup_teardown_taskflow.py
[2023-12-04T23:42:54.587+0000] {logging_mixin.py:151} INFO - [2023-12-04T23:42:54.587+0000] {dag.py:2915} INFO - Sync 1 DAGs
[2023-12-04T23:42:54.605+0000] {logging_mixin.py:151} INFO - [2023-12-04T23:42:54.605+0000] {dag.py:3696} INFO - Setting next_dagrun for example_setup_teardown_taskflow to 2023-12-03T23:42:54.605191+00:00, run_after=2023-12-04T23:42:54.605191+00:00
[2023-12-04T23:42:54.618+0000] {processor.py:179} INFO - Processing /home/airflow/.local/lib/python3.8/site-packages/airflow/example_dags/example_setup_teardown_taskflow.py took 0.104 seconds
