[2023-12-04T00:36:58.889+0000] {processor.py:157} INFO - Started process (PID=56715) to work on /home/airflow/.local/lib/python3.8/site-packages/airflow/example_dags/example_complex.py
[2023-12-04T00:36:58.890+0000] {processor.py:829} INFO - Processing file /home/airflow/.local/lib/python3.8/site-packages/airflow/example_dags/example_complex.py for tasks to queue
[2023-12-04T00:36:58.892+0000] {logging_mixin.py:151} INFO - [2023-12-04T00:36:58.892+0000] {dagbag.py:539} INFO - Filling up the DagBag from /home/airflow/.local/lib/python3.8/site-packages/airflow/example_dags/example_complex.py
[2023-12-04T00:36:58.901+0000] {processor.py:839} INFO - DAG(s) dict_keys(['example_complex']) retrieved from /home/airflow/.local/lib/python3.8/site-packages/airflow/example_dags/example_complex.py
[2023-12-04T00:36:58.928+0000] {logging_mixin.py:151} INFO - [2023-12-04T00:36:58.928+0000] {dag.py:2915} INFO - Sync 1 DAGs
[2023-12-04T00:36:58.936+0000] {logging_mixin.py:151} INFO - [2023-12-04T00:36:58.936+0000] {dag.py:3696} INFO - Setting next_dagrun for example_complex to None, run_after=None
[2023-12-04T00:36:58.945+0000] {processor.py:179} INFO - Processing /home/airflow/.local/lib/python3.8/site-packages/airflow/example_dags/example_complex.py took 0.059 seconds
[2023-12-04T00:52:37.699+0000] {processor.py:157} INFO - Started process (PID=56769) to work on /home/airflow/.local/lib/python3.8/site-packages/airflow/example_dags/example_complex.py
[2023-12-04T00:52:37.700+0000] {processor.py:829} INFO - Processing file /home/airflow/.local/lib/python3.8/site-packages/airflow/example_dags/example_complex.py for tasks to queue
[2023-12-04T00:52:37.701+0000] {logging_mixin.py:151} INFO - [2023-12-04T00:52:37.701+0000] {dagbag.py:539} INFO - Filling up the DagBag from /home/airflow/.local/lib/python3.8/site-packages/airflow/example_dags/example_complex.py
[2023-12-04T00:52:37.708+0000] {processor.py:839} INFO - DAG(s) dict_keys(['example_complex']) retrieved from /home/airflow/.local/lib/python3.8/site-packages/airflow/example_dags/example_complex.py
[2023-12-04T00:52:37.725+0000] {logging_mixin.py:151} INFO - [2023-12-04T00:52:37.725+0000] {dag.py:2915} INFO - Sync 1 DAGs
[2023-12-04T00:52:37.732+0000] {logging_mixin.py:151} INFO - [2023-12-04T00:52:37.732+0000] {dag.py:3696} INFO - Setting next_dagrun for example_complex to None, run_after=None
[2023-12-04T00:52:37.742+0000] {processor.py:179} INFO - Processing /home/airflow/.local/lib/python3.8/site-packages/airflow/example_dags/example_complex.py took 0.045 seconds
[2023-12-04T01:58:51.206+0000] {processor.py:157} INFO - Started process (PID=56823) to work on /home/airflow/.local/lib/python3.8/site-packages/airflow/example_dags/example_complex.py
[2023-12-04T01:58:51.207+0000] {processor.py:829} INFO - Processing file /home/airflow/.local/lib/python3.8/site-packages/airflow/example_dags/example_complex.py for tasks to queue
[2023-12-04T01:58:51.209+0000] {logging_mixin.py:151} INFO - [2023-12-04T01:58:51.209+0000] {dagbag.py:539} INFO - Filling up the DagBag from /home/airflow/.local/lib/python3.8/site-packages/airflow/example_dags/example_complex.py
[2023-12-04T01:58:51.216+0000] {processor.py:839} INFO - DAG(s) dict_keys(['example_complex']) retrieved from /home/airflow/.local/lib/python3.8/site-packages/airflow/example_dags/example_complex.py
[2023-12-04T01:58:51.234+0000] {logging_mixin.py:151} INFO - [2023-12-04T01:58:51.234+0000] {dag.py:2915} INFO - Sync 1 DAGs
[2023-12-04T01:58:51.241+0000] {logging_mixin.py:151} INFO - [2023-12-04T01:58:51.241+0000] {dag.py:3696} INFO - Setting next_dagrun for example_complex to None, run_after=None
[2023-12-04T01:58:51.251+0000] {processor.py:179} INFO - Processing /home/airflow/.local/lib/python3.8/site-packages/airflow/example_dags/example_complex.py took 0.047 seconds
[2023-12-04T02:50:07.107+0000] {processor.py:157} INFO - Started process (PID=56877) to work on /home/airflow/.local/lib/python3.8/site-packages/airflow/example_dags/example_complex.py
[2023-12-04T02:50:07.109+0000] {processor.py:829} INFO - Processing file /home/airflow/.local/lib/python3.8/site-packages/airflow/example_dags/example_complex.py for tasks to queue
[2023-12-04T02:50:07.112+0000] {logging_mixin.py:151} INFO - [2023-12-04T02:50:07.111+0000] {dagbag.py:539} INFO - Filling up the DagBag from /home/airflow/.local/lib/python3.8/site-packages/airflow/example_dags/example_complex.py
[2023-12-04T02:50:07.124+0000] {processor.py:839} INFO - DAG(s) dict_keys(['example_complex']) retrieved from /home/airflow/.local/lib/python3.8/site-packages/airflow/example_dags/example_complex.py
[2023-12-04T02:50:07.144+0000] {logging_mixin.py:151} INFO - [2023-12-04T02:50:07.144+0000] {dag.py:2915} INFO - Sync 1 DAGs
[2023-12-04T02:50:07.152+0000] {logging_mixin.py:151} INFO - [2023-12-04T02:50:07.151+0000] {dag.py:3696} INFO - Setting next_dagrun for example_complex to None, run_after=None
[2023-12-04T02:50:07.161+0000] {processor.py:179} INFO - Processing /home/airflow/.local/lib/python3.8/site-packages/airflow/example_dags/example_complex.py took 0.057 seconds
[2023-12-04T03:27:29.224+0000] {processor.py:157} INFO - Started process (PID=56931) to work on /home/airflow/.local/lib/python3.8/site-packages/airflow/example_dags/example_complex.py
[2023-12-04T03:27:29.225+0000] {processor.py:829} INFO - Processing file /home/airflow/.local/lib/python3.8/site-packages/airflow/example_dags/example_complex.py for tasks to queue
[2023-12-04T03:27:29.228+0000] {logging_mixin.py:151} INFO - [2023-12-04T03:27:29.227+0000] {dagbag.py:539} INFO - Filling up the DagBag from /home/airflow/.local/lib/python3.8/site-packages/airflow/example_dags/example_complex.py
[2023-12-04T03:27:29.235+0000] {processor.py:839} INFO - DAG(s) dict_keys(['example_complex']) retrieved from /home/airflow/.local/lib/python3.8/site-packages/airflow/example_dags/example_complex.py
[2023-12-04T03:27:29.256+0000] {logging_mixin.py:151} INFO - [2023-12-04T03:27:29.255+0000] {dag.py:2915} INFO - Sync 1 DAGs
[2023-12-04T03:27:29.265+0000] {logging_mixin.py:151} INFO - [2023-12-04T03:27:29.265+0000] {dag.py:3696} INFO - Setting next_dagrun for example_complex to None, run_after=None
[2023-12-04T03:27:29.275+0000] {processor.py:179} INFO - Processing /home/airflow/.local/lib/python3.8/site-packages/airflow/example_dags/example_complex.py took 0.054 seconds
[2023-12-04T04:48:39.470+0000] {processor.py:157} INFO - Started process (PID=56985) to work on /home/airflow/.local/lib/python3.8/site-packages/airflow/example_dags/example_complex.py
[2023-12-04T04:48:39.471+0000] {processor.py:829} INFO - Processing file /home/airflow/.local/lib/python3.8/site-packages/airflow/example_dags/example_complex.py for tasks to queue
[2023-12-04T04:48:39.473+0000] {logging_mixin.py:151} INFO - [2023-12-04T04:48:39.473+0000] {dagbag.py:539} INFO - Filling up the DagBag from /home/airflow/.local/lib/python3.8/site-packages/airflow/example_dags/example_complex.py
[2023-12-04T04:48:39.481+0000] {processor.py:839} INFO - DAG(s) dict_keys(['example_complex']) retrieved from /home/airflow/.local/lib/python3.8/site-packages/airflow/example_dags/example_complex.py
[2023-12-04T04:48:39.503+0000] {logging_mixin.py:151} INFO - [2023-12-04T04:48:39.503+0000] {dag.py:2915} INFO - Sync 1 DAGs
[2023-12-04T04:48:39.513+0000] {logging_mixin.py:151} INFO - [2023-12-04T04:48:39.513+0000] {dag.py:3696} INFO - Setting next_dagrun for example_complex to None, run_after=None
[2023-12-04T04:48:39.535+0000] {processor.py:179} INFO - Processing /home/airflow/.local/lib/python3.8/site-packages/airflow/example_dags/example_complex.py took 0.069 seconds
[2023-12-04T05:34:46.623+0000] {processor.py:157} INFO - Started process (PID=57039) to work on /home/airflow/.local/lib/python3.8/site-packages/airflow/example_dags/example_complex.py
[2023-12-04T05:34:46.625+0000] {processor.py:829} INFO - Processing file /home/airflow/.local/lib/python3.8/site-packages/airflow/example_dags/example_complex.py for tasks to queue
[2023-12-04T05:34:46.626+0000] {logging_mixin.py:151} INFO - [2023-12-04T05:34:46.626+0000] {dagbag.py:539} INFO - Filling up the DagBag from /home/airflow/.local/lib/python3.8/site-packages/airflow/example_dags/example_complex.py
[2023-12-04T05:34:46.632+0000] {processor.py:839} INFO - DAG(s) dict_keys(['example_complex']) retrieved from /home/airflow/.local/lib/python3.8/site-packages/airflow/example_dags/example_complex.py
[2023-12-04T05:34:46.650+0000] {logging_mixin.py:151} INFO - [2023-12-04T05:34:46.650+0000] {dag.py:2915} INFO - Sync 1 DAGs
[2023-12-04T05:34:46.662+0000] {logging_mixin.py:151} INFO - [2023-12-04T05:34:46.661+0000] {dag.py:3696} INFO - Setting next_dagrun for example_complex to None, run_after=None
[2023-12-04T05:34:46.677+0000] {processor.py:179} INFO - Processing /home/airflow/.local/lib/python3.8/site-packages/airflow/example_dags/example_complex.py took 0.056 seconds
[2023-12-04T06:59:13.728+0000] {processor.py:157} INFO - Started process (PID=57093) to work on /home/airflow/.local/lib/python3.8/site-packages/airflow/example_dags/example_complex.py
[2023-12-04T06:59:13.729+0000] {processor.py:829} INFO - Processing file /home/airflow/.local/lib/python3.8/site-packages/airflow/example_dags/example_complex.py for tasks to queue
[2023-12-04T06:59:13.731+0000] {logging_mixin.py:151} INFO - [2023-12-04T06:59:13.730+0000] {dagbag.py:539} INFO - Filling up the DagBag from /home/airflow/.local/lib/python3.8/site-packages/airflow/example_dags/example_complex.py
[2023-12-04T06:59:13.738+0000] {processor.py:839} INFO - DAG(s) dict_keys(['example_complex']) retrieved from /home/airflow/.local/lib/python3.8/site-packages/airflow/example_dags/example_complex.py
[2023-12-04T06:59:13.755+0000] {logging_mixin.py:151} INFO - [2023-12-04T06:59:13.755+0000] {dag.py:2915} INFO - Sync 1 DAGs
[2023-12-04T06:59:13.767+0000] {logging_mixin.py:151} INFO - [2023-12-04T06:59:13.767+0000] {dag.py:3696} INFO - Setting next_dagrun for example_complex to None, run_after=None
[2023-12-04T06:59:13.777+0000] {processor.py:179} INFO - Processing /home/airflow/.local/lib/python3.8/site-packages/airflow/example_dags/example_complex.py took 0.052 seconds
[2023-12-04T07:35:44.702+0000] {processor.py:157} INFO - Started process (PID=57147) to work on /home/airflow/.local/lib/python3.8/site-packages/airflow/example_dags/example_complex.py
[2023-12-04T07:35:44.703+0000] {processor.py:829} INFO - Processing file /home/airflow/.local/lib/python3.8/site-packages/airflow/example_dags/example_complex.py for tasks to queue
[2023-12-04T07:35:44.704+0000] {logging_mixin.py:151} INFO - [2023-12-04T07:35:44.704+0000] {dagbag.py:539} INFO - Filling up the DagBag from /home/airflow/.local/lib/python3.8/site-packages/airflow/example_dags/example_complex.py
[2023-12-04T07:35:44.716+0000] {processor.py:839} INFO - DAG(s) dict_keys(['example_complex']) retrieved from /home/airflow/.local/lib/python3.8/site-packages/airflow/example_dags/example_complex.py
[2023-12-04T07:35:44.743+0000] {logging_mixin.py:151} INFO - [2023-12-04T07:35:44.743+0000] {dag.py:2915} INFO - Sync 1 DAGs
[2023-12-04T07:35:44.752+0000] {logging_mixin.py:151} INFO - [2023-12-04T07:35:44.752+0000] {dag.py:3696} INFO - Setting next_dagrun for example_complex to None, run_after=None
[2023-12-04T07:35:44.764+0000] {processor.py:179} INFO - Processing /home/airflow/.local/lib/python3.8/site-packages/airflow/example_dags/example_complex.py took 0.065 seconds
[2023-12-04T08:36:33.215+0000] {processor.py:157} INFO - Started process (PID=57201) to work on /home/airflow/.local/lib/python3.8/site-packages/airflow/example_dags/example_complex.py
[2023-12-04T08:36:33.216+0000] {processor.py:829} INFO - Processing file /home/airflow/.local/lib/python3.8/site-packages/airflow/example_dags/example_complex.py for tasks to queue
[2023-12-04T08:36:33.218+0000] {logging_mixin.py:151} INFO - [2023-12-04T08:36:33.218+0000] {dagbag.py:539} INFO - Filling up the DagBag from /home/airflow/.local/lib/python3.8/site-packages/airflow/example_dags/example_complex.py
[2023-12-04T08:36:33.224+0000] {processor.py:839} INFO - DAG(s) dict_keys(['example_complex']) retrieved from /home/airflow/.local/lib/python3.8/site-packages/airflow/example_dags/example_complex.py
[2023-12-04T08:36:33.252+0000] {logging_mixin.py:151} INFO - [2023-12-04T08:36:33.252+0000] {dag.py:2915} INFO - Sync 1 DAGs
[2023-12-04T08:36:33.262+0000] {logging_mixin.py:151} INFO - [2023-12-04T08:36:33.262+0000] {dag.py:3696} INFO - Setting next_dagrun for example_complex to None, run_after=None
[2023-12-04T08:36:33.272+0000] {processor.py:179} INFO - Processing /home/airflow/.local/lib/python3.8/site-packages/airflow/example_dags/example_complex.py took 0.059 seconds
[2023-12-04T09:37:38.542+0000] {processor.py:157} INFO - Started process (PID=57256) to work on /home/airflow/.local/lib/python3.8/site-packages/airflow/example_dags/example_complex.py
[2023-12-04T09:37:38.543+0000] {processor.py:829} INFO - Processing file /home/airflow/.local/lib/python3.8/site-packages/airflow/example_dags/example_complex.py for tasks to queue
[2023-12-04T09:37:38.544+0000] {logging_mixin.py:151} INFO - [2023-12-04T09:37:38.544+0000] {dagbag.py:539} INFO - Filling up the DagBag from /home/airflow/.local/lib/python3.8/site-packages/airflow/example_dags/example_complex.py
[2023-12-04T09:37:38.552+0000] {processor.py:839} INFO - DAG(s) dict_keys(['example_complex']) retrieved from /home/airflow/.local/lib/python3.8/site-packages/airflow/example_dags/example_complex.py
[2023-12-04T09:37:38.588+0000] {logging_mixin.py:151} INFO - [2023-12-04T09:37:38.588+0000] {dag.py:2915} INFO - Sync 1 DAGs
[2023-12-04T09:37:38.596+0000] {logging_mixin.py:151} INFO - [2023-12-04T09:37:38.596+0000] {dag.py:3696} INFO - Setting next_dagrun for example_complex to None, run_after=None
[2023-12-04T09:37:38.606+0000] {processor.py:179} INFO - Processing /home/airflow/.local/lib/python3.8/site-packages/airflow/example_dags/example_complex.py took 0.067 seconds
[2023-12-04T10:06:21.386+0000] {processor.py:157} INFO - Started process (PID=57310) to work on /home/airflow/.local/lib/python3.8/site-packages/airflow/example_dags/example_complex.py
[2023-12-04T10:06:21.387+0000] {processor.py:829} INFO - Processing file /home/airflow/.local/lib/python3.8/site-packages/airflow/example_dags/example_complex.py for tasks to queue
[2023-12-04T10:06:21.391+0000] {logging_mixin.py:151} INFO - [2023-12-04T10:06:21.390+0000] {dagbag.py:539} INFO - Filling up the DagBag from /home/airflow/.local/lib/python3.8/site-packages/airflow/example_dags/example_complex.py
[2023-12-04T10:06:21.401+0000] {processor.py:839} INFO - DAG(s) dict_keys(['example_complex']) retrieved from /home/airflow/.local/lib/python3.8/site-packages/airflow/example_dags/example_complex.py
[2023-12-04T10:06:21.423+0000] {logging_mixin.py:151} INFO - [2023-12-04T10:06:21.422+0000] {dag.py:2915} INFO - Sync 1 DAGs
[2023-12-04T10:06:21.430+0000] {logging_mixin.py:151} INFO - [2023-12-04T10:06:21.430+0000] {dag.py:3696} INFO - Setting next_dagrun for example_complex to None, run_after=None
[2023-12-04T10:06:21.439+0000] {processor.py:179} INFO - Processing /home/airflow/.local/lib/python3.8/site-packages/airflow/example_dags/example_complex.py took 0.062 seconds
[2023-12-04T10:22:31.142+0000] {processor.py:157} INFO - Started process (PID=57364) to work on /home/airflow/.local/lib/python3.8/site-packages/airflow/example_dags/example_complex.py
[2023-12-04T10:22:31.144+0000] {processor.py:829} INFO - Processing file /home/airflow/.local/lib/python3.8/site-packages/airflow/example_dags/example_complex.py for tasks to queue
[2023-12-04T10:22:31.148+0000] {logging_mixin.py:151} INFO - [2023-12-04T10:22:31.147+0000] {dagbag.py:539} INFO - Filling up the DagBag from /home/airflow/.local/lib/python3.8/site-packages/airflow/example_dags/example_complex.py
[2023-12-04T10:22:31.157+0000] {processor.py:839} INFO - DAG(s) dict_keys(['example_complex']) retrieved from /home/airflow/.local/lib/python3.8/site-packages/airflow/example_dags/example_complex.py
[2023-12-04T10:22:31.205+0000] {logging_mixin.py:151} INFO - [2023-12-04T10:22:31.205+0000] {dag.py:2915} INFO - Sync 1 DAGs
[2023-12-04T10:22:31.225+0000] {logging_mixin.py:151} INFO - [2023-12-04T10:22:31.225+0000] {dag.py:3696} INFO - Setting next_dagrun for example_complex to None, run_after=None
[2023-12-04T10:22:31.257+0000] {processor.py:179} INFO - Processing /home/airflow/.local/lib/python3.8/site-packages/airflow/example_dags/example_complex.py took 0.120 seconds
[2023-12-04T10:38:36.414+0000] {processor.py:157} INFO - Started process (PID=57418) to work on /home/airflow/.local/lib/python3.8/site-packages/airflow/example_dags/example_complex.py
[2023-12-04T10:38:36.415+0000] {processor.py:829} INFO - Processing file /home/airflow/.local/lib/python3.8/site-packages/airflow/example_dags/example_complex.py for tasks to queue
[2023-12-04T10:38:36.417+0000] {logging_mixin.py:151} INFO - [2023-12-04T10:38:36.417+0000] {dagbag.py:539} INFO - Filling up the DagBag from /home/airflow/.local/lib/python3.8/site-packages/airflow/example_dags/example_complex.py
[2023-12-04T10:38:36.423+0000] {processor.py:839} INFO - DAG(s) dict_keys(['example_complex']) retrieved from /home/airflow/.local/lib/python3.8/site-packages/airflow/example_dags/example_complex.py
[2023-12-04T10:38:36.441+0000] {logging_mixin.py:151} INFO - [2023-12-04T10:38:36.441+0000] {dag.py:2915} INFO - Sync 1 DAGs
[2023-12-04T10:38:36.448+0000] {logging_mixin.py:151} INFO - [2023-12-04T10:38:36.448+0000] {dag.py:3696} INFO - Setting next_dagrun for example_complex to None, run_after=None
[2023-12-04T10:38:36.458+0000] {processor.py:179} INFO - Processing /home/airflow/.local/lib/python3.8/site-packages/airflow/example_dags/example_complex.py took 0.046 seconds
[2023-12-04T10:52:22.588+0000] {processor.py:157} INFO - Started process (PID=57472) to work on /home/airflow/.local/lib/python3.8/site-packages/airflow/example_dags/example_complex.py
[2023-12-04T10:52:22.589+0000] {processor.py:829} INFO - Processing file /home/airflow/.local/lib/python3.8/site-packages/airflow/example_dags/example_complex.py for tasks to queue
[2023-12-04T10:52:22.592+0000] {logging_mixin.py:151} INFO - [2023-12-04T10:52:22.592+0000] {dagbag.py:539} INFO - Filling up the DagBag from /home/airflow/.local/lib/python3.8/site-packages/airflow/example_dags/example_complex.py
[2023-12-04T10:52:22.599+0000] {processor.py:839} INFO - DAG(s) dict_keys(['example_complex']) retrieved from /home/airflow/.local/lib/python3.8/site-packages/airflow/example_dags/example_complex.py
[2023-12-04T10:52:22.618+0000] {logging_mixin.py:151} INFO - [2023-12-04T10:52:22.618+0000] {dag.py:2915} INFO - Sync 1 DAGs
[2023-12-04T10:52:22.625+0000] {logging_mixin.py:151} INFO - [2023-12-04T10:52:22.625+0000] {dag.py:3696} INFO - Setting next_dagrun for example_complex to None, run_after=None
[2023-12-04T10:52:22.635+0000] {processor.py:179} INFO - Processing /home/airflow/.local/lib/python3.8/site-packages/airflow/example_dags/example_complex.py took 0.050 seconds
[2023-12-04T11:39:38.999+0000] {processor.py:157} INFO - Started process (PID=57526) to work on /home/airflow/.local/lib/python3.8/site-packages/airflow/example_dags/example_complex.py
[2023-12-04T11:39:39.000+0000] {processor.py:829} INFO - Processing file /home/airflow/.local/lib/python3.8/site-packages/airflow/example_dags/example_complex.py for tasks to queue
[2023-12-04T11:39:39.002+0000] {logging_mixin.py:151} INFO - [2023-12-04T11:39:39.002+0000] {dagbag.py:539} INFO - Filling up the DagBag from /home/airflow/.local/lib/python3.8/site-packages/airflow/example_dags/example_complex.py
[2023-12-04T11:39:39.011+0000] {processor.py:839} INFO - DAG(s) dict_keys(['example_complex']) retrieved from /home/airflow/.local/lib/python3.8/site-packages/airflow/example_dags/example_complex.py
[2023-12-04T11:39:39.035+0000] {logging_mixin.py:151} INFO - [2023-12-04T11:39:39.035+0000] {dag.py:2915} INFO - Sync 1 DAGs
[2023-12-04T11:39:39.043+0000] {logging_mixin.py:151} INFO - [2023-12-04T11:39:39.043+0000] {dag.py:3696} INFO - Setting next_dagrun for example_complex to None, run_after=None
[2023-12-04T11:39:39.054+0000] {processor.py:179} INFO - Processing /home/airflow/.local/lib/python3.8/site-packages/airflow/example_dags/example_complex.py took 0.057 seconds
[2023-12-04T12:40:34.426+0000] {processor.py:157} INFO - Started process (PID=57580) to work on /home/airflow/.local/lib/python3.8/site-packages/airflow/example_dags/example_complex.py
[2023-12-04T12:40:34.427+0000] {processor.py:829} INFO - Processing file /home/airflow/.local/lib/python3.8/site-packages/airflow/example_dags/example_complex.py for tasks to queue
[2023-12-04T12:40:34.428+0000] {logging_mixin.py:151} INFO - [2023-12-04T12:40:34.428+0000] {dagbag.py:539} INFO - Filling up the DagBag from /home/airflow/.local/lib/python3.8/site-packages/airflow/example_dags/example_complex.py
[2023-12-04T12:40:34.434+0000] {processor.py:839} INFO - DAG(s) dict_keys(['example_complex']) retrieved from /home/airflow/.local/lib/python3.8/site-packages/airflow/example_dags/example_complex.py
[2023-12-04T12:40:34.452+0000] {logging_mixin.py:151} INFO - [2023-12-04T12:40:34.451+0000] {dag.py:2915} INFO - Sync 1 DAGs
[2023-12-04T12:40:34.459+0000] {logging_mixin.py:151} INFO - [2023-12-04T12:40:34.459+0000] {dag.py:3696} INFO - Setting next_dagrun for example_complex to None, run_after=None
[2023-12-04T12:40:34.468+0000] {processor.py:179} INFO - Processing /home/airflow/.local/lib/python3.8/site-packages/airflow/example_dags/example_complex.py took 0.045 seconds
[2023-12-04T13:10:51.024+0000] {processor.py:157} INFO - Started process (PID=57634) to work on /home/airflow/.local/lib/python3.8/site-packages/airflow/example_dags/example_complex.py
[2023-12-04T13:10:51.025+0000] {processor.py:829} INFO - Processing file /home/airflow/.local/lib/python3.8/site-packages/airflow/example_dags/example_complex.py for tasks to queue
[2023-12-04T13:10:51.027+0000] {logging_mixin.py:151} INFO - [2023-12-04T13:10:51.027+0000] {dagbag.py:539} INFO - Filling up the DagBag from /home/airflow/.local/lib/python3.8/site-packages/airflow/example_dags/example_complex.py
[2023-12-04T13:10:51.037+0000] {processor.py:839} INFO - DAG(s) dict_keys(['example_complex']) retrieved from /home/airflow/.local/lib/python3.8/site-packages/airflow/example_dags/example_complex.py
[2023-12-04T13:10:51.060+0000] {logging_mixin.py:151} INFO - [2023-12-04T13:10:51.059+0000] {dag.py:2915} INFO - Sync 1 DAGs
[2023-12-04T13:10:51.067+0000] {logging_mixin.py:151} INFO - [2023-12-04T13:10:51.067+0000] {dag.py:3696} INFO - Setting next_dagrun for example_complex to None, run_after=None
[2023-12-04T13:10:51.077+0000] {processor.py:179} INFO - Processing /home/airflow/.local/lib/python3.8/site-packages/airflow/example_dags/example_complex.py took 0.058 seconds
[2023-12-04T13:32:08.399+0000] {processor.py:157} INFO - Started process (PID=57688) to work on /home/airflow/.local/lib/python3.8/site-packages/airflow/example_dags/example_complex.py
[2023-12-04T13:32:08.400+0000] {processor.py:829} INFO - Processing file /home/airflow/.local/lib/python3.8/site-packages/airflow/example_dags/example_complex.py for tasks to queue
[2023-12-04T13:32:08.402+0000] {logging_mixin.py:151} INFO - [2023-12-04T13:32:08.401+0000] {dagbag.py:539} INFO - Filling up the DagBag from /home/airflow/.local/lib/python3.8/site-packages/airflow/example_dags/example_complex.py
[2023-12-04T13:32:08.408+0000] {processor.py:839} INFO - DAG(s) dict_keys(['example_complex']) retrieved from /home/airflow/.local/lib/python3.8/site-packages/airflow/example_dags/example_complex.py
[2023-12-04T13:32:08.433+0000] {logging_mixin.py:151} INFO - [2023-12-04T13:32:08.433+0000] {dag.py:2915} INFO - Sync 1 DAGs
[2023-12-04T13:32:08.444+0000] {logging_mixin.py:151} INFO - [2023-12-04T13:32:08.444+0000] {dag.py:3696} INFO - Setting next_dagrun for example_complex to None, run_after=None
[2023-12-04T13:32:08.462+0000] {processor.py:179} INFO - Processing /home/airflow/.local/lib/python3.8/site-packages/airflow/example_dags/example_complex.py took 0.065 seconds
[2023-12-04T13:53:01.276+0000] {processor.py:157} INFO - Started process (PID=57742) to work on /home/airflow/.local/lib/python3.8/site-packages/airflow/example_dags/example_complex.py
[2023-12-04T13:53:01.277+0000] {processor.py:829} INFO - Processing file /home/airflow/.local/lib/python3.8/site-packages/airflow/example_dags/example_complex.py for tasks to queue
[2023-12-04T13:53:01.278+0000] {logging_mixin.py:151} INFO - [2023-12-04T13:53:01.278+0000] {dagbag.py:539} INFO - Filling up the DagBag from /home/airflow/.local/lib/python3.8/site-packages/airflow/example_dags/example_complex.py
[2023-12-04T13:53:01.284+0000] {processor.py:839} INFO - DAG(s) dict_keys(['example_complex']) retrieved from /home/airflow/.local/lib/python3.8/site-packages/airflow/example_dags/example_complex.py
[2023-12-04T13:53:01.302+0000] {logging_mixin.py:151} INFO - [2023-12-04T13:53:01.302+0000] {dag.py:2915} INFO - Sync 1 DAGs
[2023-12-04T13:53:01.309+0000] {logging_mixin.py:151} INFO - [2023-12-04T13:53:01.309+0000] {dag.py:3696} INFO - Setting next_dagrun for example_complex to None, run_after=None
[2023-12-04T13:53:01.318+0000] {processor.py:179} INFO - Processing /home/airflow/.local/lib/python3.8/site-packages/airflow/example_dags/example_complex.py took 0.045 seconds
[2023-12-04T14:42:35.616+0000] {processor.py:157} INFO - Started process (PID=57796) to work on /home/airflow/.local/lib/python3.8/site-packages/airflow/example_dags/example_complex.py
[2023-12-04T14:42:35.617+0000] {processor.py:829} INFO - Processing file /home/airflow/.local/lib/python3.8/site-packages/airflow/example_dags/example_complex.py for tasks to queue
[2023-12-04T14:42:35.619+0000] {logging_mixin.py:151} INFO - [2023-12-04T14:42:35.619+0000] {dagbag.py:539} INFO - Filling up the DagBag from /home/airflow/.local/lib/python3.8/site-packages/airflow/example_dags/example_complex.py
[2023-12-04T14:42:35.626+0000] {processor.py:839} INFO - DAG(s) dict_keys(['example_complex']) retrieved from /home/airflow/.local/lib/python3.8/site-packages/airflow/example_dags/example_complex.py
[2023-12-04T14:42:35.645+0000] {logging_mixin.py:151} INFO - [2023-12-04T14:42:35.645+0000] {dag.py:2915} INFO - Sync 1 DAGs
[2023-12-04T14:42:35.654+0000] {logging_mixin.py:151} INFO - [2023-12-04T14:42:35.654+0000] {dag.py:3696} INFO - Setting next_dagrun for example_complex to None, run_after=None
[2023-12-04T14:42:35.669+0000] {processor.py:179} INFO - Processing /home/airflow/.local/lib/python3.8/site-packages/airflow/example_dags/example_complex.py took 0.057 seconds
[2023-12-04T15:43:38.878+0000] {processor.py:157} INFO - Started process (PID=57850) to work on /home/airflow/.local/lib/python3.8/site-packages/airflow/example_dags/example_complex.py
[2023-12-04T15:43:38.879+0000] {processor.py:829} INFO - Processing file /home/airflow/.local/lib/python3.8/site-packages/airflow/example_dags/example_complex.py for tasks to queue
[2023-12-04T15:43:38.881+0000] {logging_mixin.py:151} INFO - [2023-12-04T15:43:38.880+0000] {dagbag.py:539} INFO - Filling up the DagBag from /home/airflow/.local/lib/python3.8/site-packages/airflow/example_dags/example_complex.py
[2023-12-04T15:43:38.890+0000] {processor.py:839} INFO - DAG(s) dict_keys(['example_complex']) retrieved from /home/airflow/.local/lib/python3.8/site-packages/airflow/example_dags/example_complex.py
[2023-12-04T15:43:38.924+0000] {logging_mixin.py:151} INFO - [2023-12-04T15:43:38.923+0000] {dag.py:2915} INFO - Sync 1 DAGs
[2023-12-04T15:43:38.933+0000] {logging_mixin.py:151} INFO - [2023-12-04T15:43:38.933+0000] {dag.py:3696} INFO - Setting next_dagrun for example_complex to None, run_after=None
[2023-12-04T15:43:38.945+0000] {processor.py:179} INFO - Processing /home/airflow/.local/lib/python3.8/site-packages/airflow/example_dags/example_complex.py took 0.069 seconds
[2023-12-04T16:42:07.990+0000] {processor.py:157} INFO - Started process (PID=57904) to work on /home/airflow/.local/lib/python3.8/site-packages/airflow/example_dags/example_complex.py
[2023-12-04T16:42:07.991+0000] {processor.py:829} INFO - Processing file /home/airflow/.local/lib/python3.8/site-packages/airflow/example_dags/example_complex.py for tasks to queue
[2023-12-04T16:42:07.992+0000] {logging_mixin.py:151} INFO - [2023-12-04T16:42:07.992+0000] {dagbag.py:539} INFO - Filling up the DagBag from /home/airflow/.local/lib/python3.8/site-packages/airflow/example_dags/example_complex.py
[2023-12-04T16:42:07.999+0000] {processor.py:839} INFO - DAG(s) dict_keys(['example_complex']) retrieved from /home/airflow/.local/lib/python3.8/site-packages/airflow/example_dags/example_complex.py
[2023-12-04T16:42:08.024+0000] {logging_mixin.py:151} INFO - [2023-12-04T16:42:08.024+0000] {dag.py:2915} INFO - Sync 1 DAGs
[2023-12-04T16:42:08.032+0000] {logging_mixin.py:151} INFO - [2023-12-04T16:42:08.032+0000] {dag.py:3696} INFO - Setting next_dagrun for example_complex to None, run_after=None
[2023-12-04T16:42:08.041+0000] {processor.py:179} INFO - Processing /home/airflow/.local/lib/python3.8/site-packages/airflow/example_dags/example_complex.py took 0.055 seconds
[2023-12-04T17:45:35.429+0000] {processor.py:157} INFO - Started process (PID=57958) to work on /home/airflow/.local/lib/python3.8/site-packages/airflow/example_dags/example_complex.py
[2023-12-04T17:45:35.430+0000] {processor.py:829} INFO - Processing file /home/airflow/.local/lib/python3.8/site-packages/airflow/example_dags/example_complex.py for tasks to queue
[2023-12-04T17:45:35.431+0000] {logging_mixin.py:151} INFO - [2023-12-04T17:45:35.431+0000] {dagbag.py:539} INFO - Filling up the DagBag from /home/airflow/.local/lib/python3.8/site-packages/airflow/example_dags/example_complex.py
[2023-12-04T17:45:35.437+0000] {processor.py:839} INFO - DAG(s) dict_keys(['example_complex']) retrieved from /home/airflow/.local/lib/python3.8/site-packages/airflow/example_dags/example_complex.py
[2023-12-04T17:45:35.453+0000] {logging_mixin.py:151} INFO - [2023-12-04T17:45:35.453+0000] {dag.py:2915} INFO - Sync 1 DAGs
[2023-12-04T17:45:35.459+0000] {logging_mixin.py:151} INFO - [2023-12-04T17:45:35.459+0000] {dag.py:3696} INFO - Setting next_dagrun for example_complex to None, run_after=None
[2023-12-04T17:45:35.467+0000] {processor.py:179} INFO - Processing /home/airflow/.local/lib/python3.8/site-packages/airflow/example_dags/example_complex.py took 0.040 seconds
[2023-12-04T18:46:42.300+0000] {processor.py:157} INFO - Started process (PID=58012) to work on /home/airflow/.local/lib/python3.8/site-packages/airflow/example_dags/example_complex.py
[2023-12-04T18:46:42.301+0000] {processor.py:829} INFO - Processing file /home/airflow/.local/lib/python3.8/site-packages/airflow/example_dags/example_complex.py for tasks to queue
[2023-12-04T18:46:42.303+0000] {logging_mixin.py:151} INFO - [2023-12-04T18:46:42.303+0000] {dagbag.py:539} INFO - Filling up the DagBag from /home/airflow/.local/lib/python3.8/site-packages/airflow/example_dags/example_complex.py
[2023-12-04T18:46:42.309+0000] {processor.py:839} INFO - DAG(s) dict_keys(['example_complex']) retrieved from /home/airflow/.local/lib/python3.8/site-packages/airflow/example_dags/example_complex.py
[2023-12-04T18:46:42.327+0000] {logging_mixin.py:151} INFO - [2023-12-04T18:46:42.327+0000] {dag.py:2915} INFO - Sync 1 DAGs
[2023-12-04T18:46:42.334+0000] {logging_mixin.py:151} INFO - [2023-12-04T18:46:42.334+0000] {dag.py:3696} INFO - Setting next_dagrun for example_complex to None, run_after=None
[2023-12-04T18:46:42.351+0000] {processor.py:179} INFO - Processing /home/airflow/.local/lib/python3.8/site-packages/airflow/example_dags/example_complex.py took 0.053 seconds
[2023-12-04T20:03:39.067+0000] {processor.py:157} INFO - Started process (PID=58066) to work on /home/airflow/.local/lib/python3.8/site-packages/airflow/example_dags/example_complex.py
[2023-12-04T20:03:39.069+0000] {processor.py:829} INFO - Processing file /home/airflow/.local/lib/python3.8/site-packages/airflow/example_dags/example_complex.py for tasks to queue
[2023-12-04T20:03:39.071+0000] {logging_mixin.py:151} INFO - [2023-12-04T20:03:39.071+0000] {dagbag.py:539} INFO - Filling up the DagBag from /home/airflow/.local/lib/python3.8/site-packages/airflow/example_dags/example_complex.py
[2023-12-04T20:03:39.079+0000] {processor.py:839} INFO - DAG(s) dict_keys(['example_complex']) retrieved from /home/airflow/.local/lib/python3.8/site-packages/airflow/example_dags/example_complex.py
[2023-12-04T20:03:39.107+0000] {logging_mixin.py:151} INFO - [2023-12-04T20:03:39.107+0000] {dag.py:2915} INFO - Sync 1 DAGs
[2023-12-04T20:03:39.119+0000] {logging_mixin.py:151} INFO - [2023-12-04T20:03:39.119+0000] {dag.py:3696} INFO - Setting next_dagrun for example_complex to None, run_after=None
[2023-12-04T20:03:39.132+0000] {processor.py:179} INFO - Processing /home/airflow/.local/lib/python3.8/site-packages/airflow/example_dags/example_complex.py took 0.068 seconds
[2023-12-04T21:05:42.399+0000] {processor.py:157} INFO - Started process (PID=58120) to work on /home/airflow/.local/lib/python3.8/site-packages/airflow/example_dags/example_complex.py
[2023-12-04T21:05:42.400+0000] {processor.py:829} INFO - Processing file /home/airflow/.local/lib/python3.8/site-packages/airflow/example_dags/example_complex.py for tasks to queue
[2023-12-04T21:05:42.402+0000] {logging_mixin.py:151} INFO - [2023-12-04T21:05:42.402+0000] {dagbag.py:539} INFO - Filling up the DagBag from /home/airflow/.local/lib/python3.8/site-packages/airflow/example_dags/example_complex.py
[2023-12-04T21:05:42.408+0000] {processor.py:839} INFO - DAG(s) dict_keys(['example_complex']) retrieved from /home/airflow/.local/lib/python3.8/site-packages/airflow/example_dags/example_complex.py
[2023-12-04T21:05:42.425+0000] {logging_mixin.py:151} INFO - [2023-12-04T21:05:42.425+0000] {dag.py:2915} INFO - Sync 1 DAGs
[2023-12-04T21:05:42.432+0000] {logging_mixin.py:151} INFO - [2023-12-04T21:05:42.432+0000] {dag.py:3696} INFO - Setting next_dagrun for example_complex to None, run_after=None
[2023-12-04T21:05:42.441+0000] {processor.py:179} INFO - Processing /home/airflow/.local/lib/python3.8/site-packages/airflow/example_dags/example_complex.py took 0.045 seconds
[2023-12-04T22:06:55.243+0000] {processor.py:157} INFO - Started process (PID=58174) to work on /home/airflow/.local/lib/python3.8/site-packages/airflow/example_dags/example_complex.py
[2023-12-04T22:06:55.244+0000] {processor.py:829} INFO - Processing file /home/airflow/.local/lib/python3.8/site-packages/airflow/example_dags/example_complex.py for tasks to queue
[2023-12-04T22:06:55.246+0000] {logging_mixin.py:151} INFO - [2023-12-04T22:06:55.246+0000] {dagbag.py:539} INFO - Filling up the DagBag from /home/airflow/.local/lib/python3.8/site-packages/airflow/example_dags/example_complex.py
[2023-12-04T22:06:55.254+0000] {processor.py:839} INFO - DAG(s) dict_keys(['example_complex']) retrieved from /home/airflow/.local/lib/python3.8/site-packages/airflow/example_dags/example_complex.py
[2023-12-04T22:06:55.276+0000] {logging_mixin.py:151} INFO - [2023-12-04T22:06:55.276+0000] {dag.py:2915} INFO - Sync 1 DAGs
[2023-12-04T22:06:55.290+0000] {logging_mixin.py:151} INFO - [2023-12-04T22:06:55.289+0000] {dag.py:3696} INFO - Setting next_dagrun for example_complex to None, run_after=None
[2023-12-04T22:06:55.302+0000] {processor.py:179} INFO - Processing /home/airflow/.local/lib/python3.8/site-packages/airflow/example_dags/example_complex.py took 0.062 seconds
[2023-12-04T23:00:13.831+0000] {processor.py:157} INFO - Started process (PID=58228) to work on /home/airflow/.local/lib/python3.8/site-packages/airflow/example_dags/example_complex.py
[2023-12-04T23:00:13.832+0000] {processor.py:829} INFO - Processing file /home/airflow/.local/lib/python3.8/site-packages/airflow/example_dags/example_complex.py for tasks to queue
[2023-12-04T23:00:13.833+0000] {logging_mixin.py:151} INFO - [2023-12-04T23:00:13.833+0000] {dagbag.py:539} INFO - Filling up the DagBag from /home/airflow/.local/lib/python3.8/site-packages/airflow/example_dags/example_complex.py
[2023-12-04T23:00:13.839+0000] {processor.py:839} INFO - DAG(s) dict_keys(['example_complex']) retrieved from /home/airflow/.local/lib/python3.8/site-packages/airflow/example_dags/example_complex.py
[2023-12-04T23:00:13.857+0000] {logging_mixin.py:151} INFO - [2023-12-04T23:00:13.857+0000] {dag.py:2915} INFO - Sync 1 DAGs
[2023-12-04T23:00:13.864+0000] {logging_mixin.py:151} INFO - [2023-12-04T23:00:13.864+0000] {dag.py:3696} INFO - Setting next_dagrun for example_complex to None, run_after=None
[2023-12-04T23:00:13.873+0000] {processor.py:179} INFO - Processing /home/airflow/.local/lib/python3.8/site-packages/airflow/example_dags/example_complex.py took 0.045 seconds
[2023-12-04T23:40:23.820+0000] {processor.py:157} INFO - Started process (PID=58282) to work on /home/airflow/.local/lib/python3.8/site-packages/airflow/example_dags/example_complex.py
[2023-12-04T23:40:23.821+0000] {processor.py:829} INFO - Processing file /home/airflow/.local/lib/python3.8/site-packages/airflow/example_dags/example_complex.py for tasks to queue
[2023-12-04T23:40:23.824+0000] {logging_mixin.py:151} INFO - [2023-12-04T23:40:23.824+0000] {dagbag.py:539} INFO - Filling up the DagBag from /home/airflow/.local/lib/python3.8/site-packages/airflow/example_dags/example_complex.py
[2023-12-04T23:40:23.832+0000] {processor.py:839} INFO - DAG(s) dict_keys(['example_complex']) retrieved from /home/airflow/.local/lib/python3.8/site-packages/airflow/example_dags/example_complex.py
[2023-12-04T23:40:23.867+0000] {logging_mixin.py:151} INFO - [2023-12-04T23:40:23.867+0000] {dag.py:2915} INFO - Sync 1 DAGs
[2023-12-04T23:40:23.877+0000] {logging_mixin.py:151} INFO - [2023-12-04T23:40:23.877+0000] {dag.py:3696} INFO - Setting next_dagrun for example_complex to None, run_after=None
[2023-12-04T23:40:23.888+0000] {processor.py:179} INFO - Processing /home/airflow/.local/lib/python3.8/site-packages/airflow/example_dags/example_complex.py took 0.072 seconds
[2023-12-04T23:42:54.622+0000] {processor.py:157} INFO - Started process (PID=58336) to work on /home/airflow/.local/lib/python3.8/site-packages/airflow/example_dags/example_complex.py
[2023-12-04T23:42:54.623+0000] {processor.py:829} INFO - Processing file /home/airflow/.local/lib/python3.8/site-packages/airflow/example_dags/example_complex.py for tasks to queue
[2023-12-04T23:42:54.625+0000] {logging_mixin.py:151} INFO - [2023-12-04T23:42:54.624+0000] {dagbag.py:539} INFO - Filling up the DagBag from /home/airflow/.local/lib/python3.8/site-packages/airflow/example_dags/example_complex.py
[2023-12-04T23:42:54.636+0000] {processor.py:839} INFO - DAG(s) dict_keys(['example_complex']) retrieved from /home/airflow/.local/lib/python3.8/site-packages/airflow/example_dags/example_complex.py
[2023-12-04T23:42:54.658+0000] {logging_mixin.py:151} INFO - [2023-12-04T23:42:54.658+0000] {dag.py:2915} INFO - Sync 1 DAGs
[2023-12-04T23:42:54.665+0000] {logging_mixin.py:151} INFO - [2023-12-04T23:42:54.665+0000] {dag.py:3696} INFO - Setting next_dagrun for example_complex to None, run_after=None
[2023-12-04T23:42:54.676+0000] {processor.py:179} INFO - Processing /home/airflow/.local/lib/python3.8/site-packages/airflow/example_dags/example_complex.py took 0.058 seconds
