[2023-12-04T00:36:57.380+0000] {processor.py:157} INFO - Started process (PID=56701) to work on /home/airflow/.local/lib/python3.8/site-packages/airflow/example_dags/example_dag_decorator.py
[2023-12-04T00:36:57.380+0000] {processor.py:829} INFO - Processing file /home/airflow/.local/lib/python3.8/site-packages/airflow/example_dags/example_dag_decorator.py for tasks to queue
[2023-12-04T00:36:57.382+0000] {logging_mixin.py:151} INFO - [2023-12-04T00:36:57.382+0000] {dagbag.py:539} INFO - Filling up the DagBag from /home/airflow/.local/lib/python3.8/site-packages/airflow/example_dags/example_dag_decorator.py
[2023-12-04T00:36:57.437+0000] {processor.py:839} INFO - DAG(s) dict_keys(['example_dag_decorator']) retrieved from /home/airflow/.local/lib/python3.8/site-packages/airflow/example_dags/example_dag_decorator.py
[2023-12-04T00:36:57.503+0000] {logging_mixin.py:151} INFO - [2023-12-04T00:36:57.503+0000] {security.py:708} INFO - Not syncing DAG-level permissions for DAG 'DAG:example_dag_decorator' as access control is unset.
[2023-12-04T00:36:57.504+0000] {logging_mixin.py:151} INFO - [2023-12-04T00:36:57.503+0000] {dag.py:2915} INFO - Sync 1 DAGs
[2023-12-04T00:36:57.511+0000] {logging_mixin.py:151} INFO - [2023-12-04T00:36:57.510+0000] {dag.py:3696} INFO - Setting next_dagrun for example_dag_decorator to None, run_after=None
[2023-12-04T00:36:57.521+0000] {processor.py:179} INFO - Processing /home/airflow/.local/lib/python3.8/site-packages/airflow/example_dags/example_dag_decorator.py took 0.144 seconds
[2023-12-04T00:52:36.937+0000] {processor.py:157} INFO - Started process (PID=56755) to work on /home/airflow/.local/lib/python3.8/site-packages/airflow/example_dags/example_dag_decorator.py
[2023-12-04T00:52:36.938+0000] {processor.py:829} INFO - Processing file /home/airflow/.local/lib/python3.8/site-packages/airflow/example_dags/example_dag_decorator.py for tasks to queue
[2023-12-04T00:52:36.940+0000] {logging_mixin.py:151} INFO - [2023-12-04T00:52:36.940+0000] {dagbag.py:539} INFO - Filling up the DagBag from /home/airflow/.local/lib/python3.8/site-packages/airflow/example_dags/example_dag_decorator.py
[2023-12-04T00:52:36.993+0000] {processor.py:839} INFO - DAG(s) dict_keys(['example_dag_decorator']) retrieved from /home/airflow/.local/lib/python3.8/site-packages/airflow/example_dags/example_dag_decorator.py
[2023-12-04T00:52:37.089+0000] {logging_mixin.py:151} INFO - [2023-12-04T00:52:37.089+0000] {security.py:708} INFO - Not syncing DAG-level permissions for DAG 'DAG:example_dag_decorator' as access control is unset.
[2023-12-04T00:52:37.090+0000] {logging_mixin.py:151} INFO - [2023-12-04T00:52:37.090+0000] {dag.py:2915} INFO - Sync 1 DAGs
[2023-12-04T00:52:37.099+0000] {logging_mixin.py:151} INFO - [2023-12-04T00:52:37.099+0000] {dag.py:3696} INFO - Setting next_dagrun for example_dag_decorator to None, run_after=None
[2023-12-04T00:52:37.112+0000] {processor.py:179} INFO - Processing /home/airflow/.local/lib/python3.8/site-packages/airflow/example_dags/example_dag_decorator.py took 0.177 seconds
[2023-12-04T01:58:49.981+0000] {processor.py:157} INFO - Started process (PID=56809) to work on /home/airflow/.local/lib/python3.8/site-packages/airflow/example_dags/example_dag_decorator.py
[2023-12-04T01:58:49.984+0000] {processor.py:829} INFO - Processing file /home/airflow/.local/lib/python3.8/site-packages/airflow/example_dags/example_dag_decorator.py for tasks to queue
[2023-12-04T01:58:49.990+0000] {logging_mixin.py:151} INFO - [2023-12-04T01:58:49.989+0000] {dagbag.py:539} INFO - Filling up the DagBag from /home/airflow/.local/lib/python3.8/site-packages/airflow/example_dags/example_dag_decorator.py
[2023-12-04T01:58:50.198+0000] {processor.py:839} INFO - DAG(s) dict_keys(['example_dag_decorator']) retrieved from /home/airflow/.local/lib/python3.8/site-packages/airflow/example_dags/example_dag_decorator.py
[2023-12-04T01:58:50.514+0000] {logging_mixin.py:151} INFO - [2023-12-04T01:58:50.513+0000] {security.py:708} INFO - Not syncing DAG-level permissions for DAG 'DAG:example_dag_decorator' as access control is unset.
[2023-12-04T01:58:50.515+0000] {logging_mixin.py:151} INFO - [2023-12-04T01:58:50.515+0000] {dag.py:2915} INFO - Sync 1 DAGs
[2023-12-04T01:58:50.529+0000] {logging_mixin.py:151} INFO - [2023-12-04T01:58:50.529+0000] {dag.py:3696} INFO - Setting next_dagrun for example_dag_decorator to None, run_after=None
[2023-12-04T01:58:50.556+0000] {processor.py:179} INFO - Processing /home/airflow/.local/lib/python3.8/site-packages/airflow/example_dags/example_dag_decorator.py took 0.589 seconds
[2023-12-04T02:50:05.680+0000] {processor.py:157} INFO - Started process (PID=56863) to work on /home/airflow/.local/lib/python3.8/site-packages/airflow/example_dags/example_dag_decorator.py
[2023-12-04T02:50:05.682+0000] {processor.py:829} INFO - Processing file /home/airflow/.local/lib/python3.8/site-packages/airflow/example_dags/example_dag_decorator.py for tasks to queue
[2023-12-04T02:50:05.686+0000] {logging_mixin.py:151} INFO - [2023-12-04T02:50:05.686+0000] {dagbag.py:539} INFO - Filling up the DagBag from /home/airflow/.local/lib/python3.8/site-packages/airflow/example_dags/example_dag_decorator.py
[2023-12-04T02:50:05.859+0000] {processor.py:839} INFO - DAG(s) dict_keys(['example_dag_decorator']) retrieved from /home/airflow/.local/lib/python3.8/site-packages/airflow/example_dags/example_dag_decorator.py
[2023-12-04T02:50:05.880+0000] {logging_mixin.py:151} INFO - [2023-12-04T02:50:05.880+0000] {dag.py:2915} INFO - Sync 1 DAGs
[2023-12-04T02:50:05.892+0000] {logging_mixin.py:151} INFO - [2023-12-04T02:50:05.892+0000] {dag.py:3696} INFO - Setting next_dagrun for example_dag_decorator to None, run_after=None
[2023-12-04T02:50:05.903+0000] {processor.py:179} INFO - Processing /home/airflow/.local/lib/python3.8/site-packages/airflow/example_dags/example_dag_decorator.py took 0.231 seconds
[2023-12-04T03:27:28.247+0000] {processor.py:157} INFO - Started process (PID=56917) to work on /home/airflow/.local/lib/python3.8/site-packages/airflow/example_dags/example_dag_decorator.py
[2023-12-04T03:27:28.249+0000] {processor.py:829} INFO - Processing file /home/airflow/.local/lib/python3.8/site-packages/airflow/example_dags/example_dag_decorator.py for tasks to queue
[2023-12-04T03:27:28.250+0000] {logging_mixin.py:151} INFO - [2023-12-04T03:27:28.250+0000] {dagbag.py:539} INFO - Filling up the DagBag from /home/airflow/.local/lib/python3.8/site-packages/airflow/example_dags/example_dag_decorator.py
[2023-12-04T03:27:28.315+0000] {processor.py:839} INFO - DAG(s) dict_keys(['example_dag_decorator']) retrieved from /home/airflow/.local/lib/python3.8/site-packages/airflow/example_dags/example_dag_decorator.py
[2023-12-04T03:27:28.424+0000] {logging_mixin.py:151} INFO - [2023-12-04T03:27:28.424+0000] {security.py:708} INFO - Not syncing DAG-level permissions for DAG 'DAG:example_dag_decorator' as access control is unset.
[2023-12-04T03:27:28.425+0000] {logging_mixin.py:151} INFO - [2023-12-04T03:27:28.424+0000] {dag.py:2915} INFO - Sync 1 DAGs
[2023-12-04T03:27:28.433+0000] {logging_mixin.py:151} INFO - [2023-12-04T03:27:28.433+0000] {dag.py:3696} INFO - Setting next_dagrun for example_dag_decorator to None, run_after=None
[2023-12-04T03:27:28.448+0000] {processor.py:179} INFO - Processing /home/airflow/.local/lib/python3.8/site-packages/airflow/example_dags/example_dag_decorator.py took 0.203 seconds
[2023-12-04T04:48:37.916+0000] {processor.py:157} INFO - Started process (PID=56971) to work on /home/airflow/.local/lib/python3.8/site-packages/airflow/example_dags/example_dag_decorator.py
[2023-12-04T04:48:37.919+0000] {processor.py:829} INFO - Processing file /home/airflow/.local/lib/python3.8/site-packages/airflow/example_dags/example_dag_decorator.py for tasks to queue
[2023-12-04T04:48:37.926+0000] {logging_mixin.py:151} INFO - [2023-12-04T04:48:37.925+0000] {dagbag.py:539} INFO - Filling up the DagBag from /home/airflow/.local/lib/python3.8/site-packages/airflow/example_dags/example_dag_decorator.py
[2023-12-04T04:48:38.092+0000] {processor.py:839} INFO - DAG(s) dict_keys(['example_dag_decorator']) retrieved from /home/airflow/.local/lib/python3.8/site-packages/airflow/example_dags/example_dag_decorator.py
[2023-12-04T04:48:38.181+0000] {logging_mixin.py:151} INFO - [2023-12-04T04:48:38.181+0000] {security.py:708} INFO - Not syncing DAG-level permissions for DAG 'DAG:example_dag_decorator' as access control is unset.
[2023-12-04T04:48:38.182+0000] {logging_mixin.py:151} INFO - [2023-12-04T04:48:38.182+0000] {dag.py:2915} INFO - Sync 1 DAGs
[2023-12-04T04:48:38.197+0000] {logging_mixin.py:151} INFO - [2023-12-04T04:48:38.196+0000] {dag.py:3696} INFO - Setting next_dagrun for example_dag_decorator to None, run_after=None
[2023-12-04T04:48:38.219+0000] {processor.py:179} INFO - Processing /home/airflow/.local/lib/python3.8/site-packages/airflow/example_dags/example_dag_decorator.py took 0.310 seconds
[2023-12-04T05:34:45.985+0000] {processor.py:157} INFO - Started process (PID=57025) to work on /home/airflow/.local/lib/python3.8/site-packages/airflow/example_dags/example_dag_decorator.py
[2023-12-04T05:34:45.986+0000] {processor.py:829} INFO - Processing file /home/airflow/.local/lib/python3.8/site-packages/airflow/example_dags/example_dag_decorator.py for tasks to queue
[2023-12-04T05:34:45.987+0000] {logging_mixin.py:151} INFO - [2023-12-04T05:34:45.987+0000] {dagbag.py:539} INFO - Filling up the DagBag from /home/airflow/.local/lib/python3.8/site-packages/airflow/example_dags/example_dag_decorator.py
[2023-12-04T05:34:46.033+0000] {processor.py:839} INFO - DAG(s) dict_keys(['example_dag_decorator']) retrieved from /home/airflow/.local/lib/python3.8/site-packages/airflow/example_dags/example_dag_decorator.py
[2023-12-04T05:34:46.123+0000] {logging_mixin.py:151} INFO - [2023-12-04T05:34:46.123+0000] {security.py:708} INFO - Not syncing DAG-level permissions for DAG 'DAG:example_dag_decorator' as access control is unset.
[2023-12-04T05:34:46.124+0000] {logging_mixin.py:151} INFO - [2023-12-04T05:34:46.124+0000] {dag.py:2915} INFO - Sync 1 DAGs
[2023-12-04T05:34:46.130+0000] {logging_mixin.py:151} INFO - [2023-12-04T05:34:46.130+0000] {dag.py:3696} INFO - Setting next_dagrun for example_dag_decorator to None, run_after=None
[2023-12-04T05:34:46.140+0000] {processor.py:179} INFO - Processing /home/airflow/.local/lib/python3.8/site-packages/airflow/example_dags/example_dag_decorator.py took 0.157 seconds
[2023-12-04T06:59:12.903+0000] {processor.py:157} INFO - Started process (PID=57079) to work on /home/airflow/.local/lib/python3.8/site-packages/airflow/example_dags/example_dag_decorator.py
[2023-12-04T06:59:12.904+0000] {processor.py:829} INFO - Processing file /home/airflow/.local/lib/python3.8/site-packages/airflow/example_dags/example_dag_decorator.py for tasks to queue
[2023-12-04T06:59:12.908+0000] {logging_mixin.py:151} INFO - [2023-12-04T06:59:12.907+0000] {dagbag.py:539} INFO - Filling up the DagBag from /home/airflow/.local/lib/python3.8/site-packages/airflow/example_dags/example_dag_decorator.py
[2023-12-04T06:59:12.988+0000] {processor.py:839} INFO - DAG(s) dict_keys(['example_dag_decorator']) retrieved from /home/airflow/.local/lib/python3.8/site-packages/airflow/example_dags/example_dag_decorator.py
[2023-12-04T06:59:13.021+0000] {logging_mixin.py:151} INFO - [2023-12-04T06:59:13.021+0000] {dag.py:2915} INFO - Sync 1 DAGs
[2023-12-04T06:59:13.035+0000] {logging_mixin.py:151} INFO - [2023-12-04T06:59:13.035+0000] {dag.py:3696} INFO - Setting next_dagrun for example_dag_decorator to None, run_after=None
[2023-12-04T06:59:13.047+0000] {processor.py:179} INFO - Processing /home/airflow/.local/lib/python3.8/site-packages/airflow/example_dags/example_dag_decorator.py took 0.156 seconds
[2023-12-04T07:35:43.841+0000] {processor.py:157} INFO - Started process (PID=57133) to work on /home/airflow/.local/lib/python3.8/site-packages/airflow/example_dags/example_dag_decorator.py
[2023-12-04T07:35:43.843+0000] {processor.py:829} INFO - Processing file /home/airflow/.local/lib/python3.8/site-packages/airflow/example_dags/example_dag_decorator.py for tasks to queue
[2023-12-04T07:35:43.845+0000] {logging_mixin.py:151} INFO - [2023-12-04T07:35:43.844+0000] {dagbag.py:539} INFO - Filling up the DagBag from /home/airflow/.local/lib/python3.8/site-packages/airflow/example_dags/example_dag_decorator.py
[2023-12-04T07:35:43.906+0000] {processor.py:839} INFO - DAG(s) dict_keys(['example_dag_decorator']) retrieved from /home/airflow/.local/lib/python3.8/site-packages/airflow/example_dags/example_dag_decorator.py
[2023-12-04T07:35:43.919+0000] {logging_mixin.py:151} INFO - [2023-12-04T07:35:43.919+0000] {dag.py:2915} INFO - Sync 1 DAGs
[2023-12-04T07:35:43.934+0000] {logging_mixin.py:151} INFO - [2023-12-04T07:35:43.933+0000] {dag.py:3696} INFO - Setting next_dagrun for example_dag_decorator to None, run_after=None
[2023-12-04T07:35:43.946+0000] {processor.py:179} INFO - Processing /home/airflow/.local/lib/python3.8/site-packages/airflow/example_dags/example_dag_decorator.py took 0.108 seconds
[2023-12-04T08:36:32.533+0000] {processor.py:157} INFO - Started process (PID=57187) to work on /home/airflow/.local/lib/python3.8/site-packages/airflow/example_dags/example_dag_decorator.py
[2023-12-04T08:36:32.534+0000] {processor.py:829} INFO - Processing file /home/airflow/.local/lib/python3.8/site-packages/airflow/example_dags/example_dag_decorator.py for tasks to queue
[2023-12-04T08:36:32.536+0000] {logging_mixin.py:151} INFO - [2023-12-04T08:36:32.536+0000] {dagbag.py:539} INFO - Filling up the DagBag from /home/airflow/.local/lib/python3.8/site-packages/airflow/example_dags/example_dag_decorator.py
[2023-12-04T08:36:32.584+0000] {processor.py:839} INFO - DAG(s) dict_keys(['example_dag_decorator']) retrieved from /home/airflow/.local/lib/python3.8/site-packages/airflow/example_dags/example_dag_decorator.py
[2023-12-04T08:36:32.669+0000] {logging_mixin.py:151} INFO - [2023-12-04T08:36:32.668+0000] {security.py:708} INFO - Not syncing DAG-level permissions for DAG 'DAG:example_dag_decorator' as access control is unset.
[2023-12-04T08:36:32.669+0000] {logging_mixin.py:151} INFO - [2023-12-04T08:36:32.669+0000] {dag.py:2915} INFO - Sync 1 DAGs
[2023-12-04T08:36:32.676+0000] {logging_mixin.py:151} INFO - [2023-12-04T08:36:32.675+0000] {dag.py:3696} INFO - Setting next_dagrun for example_dag_decorator to None, run_after=None
[2023-12-04T08:36:32.686+0000] {processor.py:179} INFO - Processing /home/airflow/.local/lib/python3.8/site-packages/airflow/example_dags/example_dag_decorator.py took 0.157 seconds
[2023-12-04T09:37:37.724+0000] {processor.py:157} INFO - Started process (PID=57242) to work on /home/airflow/.local/lib/python3.8/site-packages/airflow/example_dags/example_dag_decorator.py
[2023-12-04T09:37:37.725+0000] {processor.py:829} INFO - Processing file /home/airflow/.local/lib/python3.8/site-packages/airflow/example_dags/example_dag_decorator.py for tasks to queue
[2023-12-04T09:37:37.727+0000] {logging_mixin.py:151} INFO - [2023-12-04T09:37:37.727+0000] {dagbag.py:539} INFO - Filling up the DagBag from /home/airflow/.local/lib/python3.8/site-packages/airflow/example_dags/example_dag_decorator.py
[2023-12-04T09:37:37.786+0000] {processor.py:839} INFO - DAG(s) dict_keys(['example_dag_decorator']) retrieved from /home/airflow/.local/lib/python3.8/site-packages/airflow/example_dags/example_dag_decorator.py
[2023-12-04T09:37:37.877+0000] {logging_mixin.py:151} INFO - [2023-12-04T09:37:37.876+0000] {security.py:708} INFO - Not syncing DAG-level permissions for DAG 'DAG:example_dag_decorator' as access control is unset.
[2023-12-04T09:37:37.877+0000] {logging_mixin.py:151} INFO - [2023-12-04T09:37:37.877+0000] {dag.py:2915} INFO - Sync 1 DAGs
[2023-12-04T09:37:37.893+0000] {logging_mixin.py:151} INFO - [2023-12-04T09:37:37.893+0000] {dag.py:3696} INFO - Setting next_dagrun for example_dag_decorator to None, run_after=None
[2023-12-04T09:37:37.908+0000] {processor.py:179} INFO - Processing /home/airflow/.local/lib/python3.8/site-packages/airflow/example_dags/example_dag_decorator.py took 0.186 seconds
[2023-12-04T10:06:20.352+0000] {processor.py:157} INFO - Started process (PID=57296) to work on /home/airflow/.local/lib/python3.8/site-packages/airflow/example_dags/example_dag_decorator.py
[2023-12-04T10:06:20.354+0000] {processor.py:829} INFO - Processing file /home/airflow/.local/lib/python3.8/site-packages/airflow/example_dags/example_dag_decorator.py for tasks to queue
[2023-12-04T10:06:20.355+0000] {logging_mixin.py:151} INFO - [2023-12-04T10:06:20.355+0000] {dagbag.py:539} INFO - Filling up the DagBag from /home/airflow/.local/lib/python3.8/site-packages/airflow/example_dags/example_dag_decorator.py
[2023-12-04T10:06:20.408+0000] {processor.py:839} INFO - DAG(s) dict_keys(['example_dag_decorator']) retrieved from /home/airflow/.local/lib/python3.8/site-packages/airflow/example_dags/example_dag_decorator.py
[2023-12-04T10:06:20.534+0000] {logging_mixin.py:151} INFO - [2023-12-04T10:06:20.534+0000] {security.py:708} INFO - Not syncing DAG-level permissions for DAG 'DAG:example_dag_decorator' as access control is unset.
[2023-12-04T10:06:20.535+0000] {logging_mixin.py:151} INFO - [2023-12-04T10:06:20.535+0000] {dag.py:2915} INFO - Sync 1 DAGs
[2023-12-04T10:06:20.545+0000] {logging_mixin.py:151} INFO - [2023-12-04T10:06:20.544+0000] {dag.py:3696} INFO - Setting next_dagrun for example_dag_decorator to None, run_after=None
[2023-12-04T10:06:20.563+0000] {processor.py:179} INFO - Processing /home/airflow/.local/lib/python3.8/site-packages/airflow/example_dags/example_dag_decorator.py took 0.214 seconds
[2023-12-04T10:22:28.937+0000] {processor.py:157} INFO - Started process (PID=57350) to work on /home/airflow/.local/lib/python3.8/site-packages/airflow/example_dags/example_dag_decorator.py
[2023-12-04T10:22:28.938+0000] {processor.py:829} INFO - Processing file /home/airflow/.local/lib/python3.8/site-packages/airflow/example_dags/example_dag_decorator.py for tasks to queue
[2023-12-04T10:22:28.941+0000] {logging_mixin.py:151} INFO - [2023-12-04T10:22:28.940+0000] {dagbag.py:539} INFO - Filling up the DagBag from /home/airflow/.local/lib/python3.8/site-packages/airflow/example_dags/example_dag_decorator.py
[2023-12-04T10:22:29.030+0000] {processor.py:839} INFO - DAG(s) dict_keys(['example_dag_decorator']) retrieved from /home/airflow/.local/lib/python3.8/site-packages/airflow/example_dags/example_dag_decorator.py
[2023-12-04T10:22:29.081+0000] {logging_mixin.py:151} INFO - [2023-12-04T10:22:29.080+0000] {dag.py:2915} INFO - Sync 1 DAGs
[2023-12-04T10:22:29.090+0000] {logging_mixin.py:151} INFO - [2023-12-04T10:22:29.090+0000] {dag.py:3696} INFO - Setting next_dagrun for example_dag_decorator to None, run_after=None
[2023-12-04T10:22:29.106+0000] {processor.py:179} INFO - Processing /home/airflow/.local/lib/python3.8/site-packages/airflow/example_dags/example_dag_decorator.py took 0.178 seconds
[2023-12-04T10:38:35.680+0000] {processor.py:157} INFO - Started process (PID=57404) to work on /home/airflow/.local/lib/python3.8/site-packages/airflow/example_dags/example_dag_decorator.py
[2023-12-04T10:38:35.682+0000] {processor.py:829} INFO - Processing file /home/airflow/.local/lib/python3.8/site-packages/airflow/example_dags/example_dag_decorator.py for tasks to queue
[2023-12-04T10:38:35.685+0000] {logging_mixin.py:151} INFO - [2023-12-04T10:38:35.684+0000] {dagbag.py:539} INFO - Filling up the DagBag from /home/airflow/.local/lib/python3.8/site-packages/airflow/example_dags/example_dag_decorator.py
[2023-12-04T10:38:35.774+0000] {processor.py:839} INFO - DAG(s) dict_keys(['example_dag_decorator']) retrieved from /home/airflow/.local/lib/python3.8/site-packages/airflow/example_dags/example_dag_decorator.py
[2023-12-04T10:38:35.888+0000] {logging_mixin.py:151} INFO - [2023-12-04T10:38:35.888+0000] {security.py:708} INFO - Not syncing DAG-level permissions for DAG 'DAG:example_dag_decorator' as access control is unset.
[2023-12-04T10:38:35.888+0000] {logging_mixin.py:151} INFO - [2023-12-04T10:38:35.888+0000] {dag.py:2915} INFO - Sync 1 DAGs
[2023-12-04T10:38:35.896+0000] {logging_mixin.py:151} INFO - [2023-12-04T10:38:35.896+0000] {dag.py:3696} INFO - Setting next_dagrun for example_dag_decorator to None, run_after=None
[2023-12-04T10:38:35.907+0000] {processor.py:179} INFO - Processing /home/airflow/.local/lib/python3.8/site-packages/airflow/example_dags/example_dag_decorator.py took 0.231 seconds
[2023-12-04T10:52:21.858+0000] {processor.py:157} INFO - Started process (PID=57458) to work on /home/airflow/.local/lib/python3.8/site-packages/airflow/example_dags/example_dag_decorator.py
[2023-12-04T10:52:21.858+0000] {processor.py:829} INFO - Processing file /home/airflow/.local/lib/python3.8/site-packages/airflow/example_dags/example_dag_decorator.py for tasks to queue
[2023-12-04T10:52:21.860+0000] {logging_mixin.py:151} INFO - [2023-12-04T10:52:21.860+0000] {dagbag.py:539} INFO - Filling up the DagBag from /home/airflow/.local/lib/python3.8/site-packages/airflow/example_dags/example_dag_decorator.py
[2023-12-04T10:52:21.943+0000] {processor.py:839} INFO - DAG(s) dict_keys(['example_dag_decorator']) retrieved from /home/airflow/.local/lib/python3.8/site-packages/airflow/example_dags/example_dag_decorator.py
[2023-12-04T10:52:22.076+0000] {logging_mixin.py:151} INFO - [2023-12-04T10:52:22.076+0000] {security.py:708} INFO - Not syncing DAG-level permissions for DAG 'DAG:example_dag_decorator' as access control is unset.
[2023-12-04T10:52:22.076+0000] {logging_mixin.py:151} INFO - [2023-12-04T10:52:22.076+0000] {dag.py:2915} INFO - Sync 1 DAGs
[2023-12-04T10:52:22.084+0000] {logging_mixin.py:151} INFO - [2023-12-04T10:52:22.084+0000] {dag.py:3696} INFO - Setting next_dagrun for example_dag_decorator to None, run_after=None
[2023-12-04T10:52:22.094+0000] {processor.py:179} INFO - Processing /home/airflow/.local/lib/python3.8/site-packages/airflow/example_dags/example_dag_decorator.py took 0.239 seconds
[2023-12-04T11:39:37.401+0000] {processor.py:157} INFO - Started process (PID=57512) to work on /home/airflow/.local/lib/python3.8/site-packages/airflow/example_dags/example_dag_decorator.py
[2023-12-04T11:39:37.402+0000] {processor.py:829} INFO - Processing file /home/airflow/.local/lib/python3.8/site-packages/airflow/example_dags/example_dag_decorator.py for tasks to queue
[2023-12-04T11:39:37.403+0000] {logging_mixin.py:151} INFO - [2023-12-04T11:39:37.403+0000] {dagbag.py:539} INFO - Filling up the DagBag from /home/airflow/.local/lib/python3.8/site-packages/airflow/example_dags/example_dag_decorator.py
[2023-12-04T11:39:37.453+0000] {processor.py:839} INFO - DAG(s) dict_keys(['example_dag_decorator']) retrieved from /home/airflow/.local/lib/python3.8/site-packages/airflow/example_dags/example_dag_decorator.py
[2023-12-04T11:39:37.467+0000] {logging_mixin.py:151} INFO - [2023-12-04T11:39:37.467+0000] {dag.py:2915} INFO - Sync 1 DAGs
[2023-12-04T11:39:37.475+0000] {logging_mixin.py:151} INFO - [2023-12-04T11:39:37.475+0000] {dag.py:3696} INFO - Setting next_dagrun for example_dag_decorator to None, run_after=None
[2023-12-04T11:39:37.485+0000] {processor.py:179} INFO - Processing /home/airflow/.local/lib/python3.8/site-packages/airflow/example_dags/example_dag_decorator.py took 0.087 seconds
[2023-12-04T12:40:33.237+0000] {processor.py:157} INFO - Started process (PID=57566) to work on /home/airflow/.local/lib/python3.8/site-packages/airflow/example_dags/example_dag_decorator.py
[2023-12-04T12:40:33.240+0000] {processor.py:829} INFO - Processing file /home/airflow/.local/lib/python3.8/site-packages/airflow/example_dags/example_dag_decorator.py for tasks to queue
[2023-12-04T12:40:33.246+0000] {logging_mixin.py:151} INFO - [2023-12-04T12:40:33.246+0000] {dagbag.py:539} INFO - Filling up the DagBag from /home/airflow/.local/lib/python3.8/site-packages/airflow/example_dags/example_dag_decorator.py
[2023-12-04T12:40:33.414+0000] {processor.py:839} INFO - DAG(s) dict_keys(['example_dag_decorator']) retrieved from /home/airflow/.local/lib/python3.8/site-packages/airflow/example_dags/example_dag_decorator.py
[2023-12-04T12:40:33.741+0000] {logging_mixin.py:151} INFO - [2023-12-04T12:40:33.740+0000] {security.py:708} INFO - Not syncing DAG-level permissions for DAG 'DAG:example_dag_decorator' as access control is unset.
[2023-12-04T12:40:33.751+0000] {logging_mixin.py:151} INFO - [2023-12-04T12:40:33.750+0000] {dag.py:2915} INFO - Sync 1 DAGs
[2023-12-04T12:40:33.779+0000] {logging_mixin.py:151} INFO - [2023-12-04T12:40:33.778+0000] {dag.py:3696} INFO - Setting next_dagrun for example_dag_decorator to None, run_after=None
[2023-12-04T12:40:33.802+0000] {processor.py:179} INFO - Processing /home/airflow/.local/lib/python3.8/site-packages/airflow/example_dags/example_dag_decorator.py took 0.573 seconds
[2023-12-04T13:10:50.269+0000] {processor.py:157} INFO - Started process (PID=57620) to work on /home/airflow/.local/lib/python3.8/site-packages/airflow/example_dags/example_dag_decorator.py
[2023-12-04T13:10:50.272+0000] {processor.py:829} INFO - Processing file /home/airflow/.local/lib/python3.8/site-packages/airflow/example_dags/example_dag_decorator.py for tasks to queue
[2023-12-04T13:10:50.274+0000] {logging_mixin.py:151} INFO - [2023-12-04T13:10:50.274+0000] {dagbag.py:539} INFO - Filling up the DagBag from /home/airflow/.local/lib/python3.8/site-packages/airflow/example_dags/example_dag_decorator.py
[2023-12-04T13:10:50.349+0000] {processor.py:839} INFO - DAG(s) dict_keys(['example_dag_decorator']) retrieved from /home/airflow/.local/lib/python3.8/site-packages/airflow/example_dags/example_dag_decorator.py
[2023-12-04T13:10:50.423+0000] {logging_mixin.py:151} INFO - [2023-12-04T13:10:50.423+0000] {security.py:708} INFO - Not syncing DAG-level permissions for DAG 'DAG:example_dag_decorator' as access control is unset.
[2023-12-04T13:10:50.424+0000] {logging_mixin.py:151} INFO - [2023-12-04T13:10:50.424+0000] {dag.py:2915} INFO - Sync 1 DAGs
[2023-12-04T13:10:50.430+0000] {logging_mixin.py:151} INFO - [2023-12-04T13:10:50.430+0000] {dag.py:3696} INFO - Setting next_dagrun for example_dag_decorator to None, run_after=None
[2023-12-04T13:10:50.442+0000] {processor.py:179} INFO - Processing /home/airflow/.local/lib/python3.8/site-packages/airflow/example_dags/example_dag_decorator.py took 0.177 seconds
[2023-12-04T13:32:07.749+0000] {processor.py:157} INFO - Started process (PID=57674) to work on /home/airflow/.local/lib/python3.8/site-packages/airflow/example_dags/example_dag_decorator.py
[2023-12-04T13:32:07.750+0000] {processor.py:829} INFO - Processing file /home/airflow/.local/lib/python3.8/site-packages/airflow/example_dags/example_dag_decorator.py for tasks to queue
[2023-12-04T13:32:07.752+0000] {logging_mixin.py:151} INFO - [2023-12-04T13:32:07.752+0000] {dagbag.py:539} INFO - Filling up the DagBag from /home/airflow/.local/lib/python3.8/site-packages/airflow/example_dags/example_dag_decorator.py
[2023-12-04T13:32:07.805+0000] {processor.py:839} INFO - DAG(s) dict_keys(['example_dag_decorator']) retrieved from /home/airflow/.local/lib/python3.8/site-packages/airflow/example_dags/example_dag_decorator.py
[2023-12-04T13:32:07.817+0000] {logging_mixin.py:151} INFO - [2023-12-04T13:32:07.817+0000] {dag.py:2915} INFO - Sync 1 DAGs
[2023-12-04T13:32:07.824+0000] {logging_mixin.py:151} INFO - [2023-12-04T13:32:07.824+0000] {dag.py:3696} INFO - Setting next_dagrun for example_dag_decorator to None, run_after=None
[2023-12-04T13:32:07.833+0000] {processor.py:179} INFO - Processing /home/airflow/.local/lib/python3.8/site-packages/airflow/example_dags/example_dag_decorator.py took 0.086 seconds
[2023-12-04T13:53:00.569+0000] {processor.py:157} INFO - Started process (PID=57728) to work on /home/airflow/.local/lib/python3.8/site-packages/airflow/example_dags/example_dag_decorator.py
[2023-12-04T13:53:00.571+0000] {processor.py:829} INFO - Processing file /home/airflow/.local/lib/python3.8/site-packages/airflow/example_dags/example_dag_decorator.py for tasks to queue
[2023-12-04T13:53:00.573+0000] {logging_mixin.py:151} INFO - [2023-12-04T13:53:00.573+0000] {dagbag.py:539} INFO - Filling up the DagBag from /home/airflow/.local/lib/python3.8/site-packages/airflow/example_dags/example_dag_decorator.py
[2023-12-04T13:53:00.644+0000] {processor.py:839} INFO - DAG(s) dict_keys(['example_dag_decorator']) retrieved from /home/airflow/.local/lib/python3.8/site-packages/airflow/example_dags/example_dag_decorator.py
[2023-12-04T13:53:00.715+0000] {logging_mixin.py:151} INFO - [2023-12-04T13:53:00.714+0000] {security.py:708} INFO - Not syncing DAG-level permissions for DAG 'DAG:example_dag_decorator' as access control is unset.
[2023-12-04T13:53:00.715+0000] {logging_mixin.py:151} INFO - [2023-12-04T13:53:00.715+0000] {dag.py:2915} INFO - Sync 1 DAGs
[2023-12-04T13:53:00.726+0000] {logging_mixin.py:151} INFO - [2023-12-04T13:53:00.726+0000] {dag.py:3696} INFO - Setting next_dagrun for example_dag_decorator to None, run_after=None
[2023-12-04T13:53:00.745+0000] {processor.py:179} INFO - Processing /home/airflow/.local/lib/python3.8/site-packages/airflow/example_dags/example_dag_decorator.py took 0.179 seconds
[2023-12-04T14:42:34.735+0000] {processor.py:157} INFO - Started process (PID=57782) to work on /home/airflow/.local/lib/python3.8/site-packages/airflow/example_dags/example_dag_decorator.py
[2023-12-04T14:42:34.736+0000] {processor.py:829} INFO - Processing file /home/airflow/.local/lib/python3.8/site-packages/airflow/example_dags/example_dag_decorator.py for tasks to queue
[2023-12-04T14:42:34.737+0000] {logging_mixin.py:151} INFO - [2023-12-04T14:42:34.737+0000] {dagbag.py:539} INFO - Filling up the DagBag from /home/airflow/.local/lib/python3.8/site-packages/airflow/example_dags/example_dag_decorator.py
[2023-12-04T14:42:34.809+0000] {processor.py:839} INFO - DAG(s) dict_keys(['example_dag_decorator']) retrieved from /home/airflow/.local/lib/python3.8/site-packages/airflow/example_dags/example_dag_decorator.py
[2023-12-04T14:42:34.828+0000] {logging_mixin.py:151} INFO - [2023-12-04T14:42:34.828+0000] {dag.py:2915} INFO - Sync 1 DAGs
[2023-12-04T14:42:34.837+0000] {logging_mixin.py:151} INFO - [2023-12-04T14:42:34.837+0000] {dag.py:3696} INFO - Setting next_dagrun for example_dag_decorator to None, run_after=None
[2023-12-04T14:42:34.846+0000] {processor.py:179} INFO - Processing /home/airflow/.local/lib/python3.8/site-packages/airflow/example_dags/example_dag_decorator.py took 0.113 seconds
[2023-12-04T15:43:38.008+0000] {processor.py:157} INFO - Started process (PID=57836) to work on /home/airflow/.local/lib/python3.8/site-packages/airflow/example_dags/example_dag_decorator.py
[2023-12-04T15:43:38.009+0000] {processor.py:829} INFO - Processing file /home/airflow/.local/lib/python3.8/site-packages/airflow/example_dags/example_dag_decorator.py for tasks to queue
[2023-12-04T15:43:38.010+0000] {logging_mixin.py:151} INFO - [2023-12-04T15:43:38.010+0000] {dagbag.py:539} INFO - Filling up the DagBag from /home/airflow/.local/lib/python3.8/site-packages/airflow/example_dags/example_dag_decorator.py
[2023-12-04T15:43:38.064+0000] {processor.py:839} INFO - DAG(s) dict_keys(['example_dag_decorator']) retrieved from /home/airflow/.local/lib/python3.8/site-packages/airflow/example_dags/example_dag_decorator.py
[2023-12-04T15:43:38.179+0000] {logging_mixin.py:151} INFO - [2023-12-04T15:43:38.179+0000] {security.py:708} INFO - Not syncing DAG-level permissions for DAG 'DAG:example_dag_decorator' as access control is unset.
[2023-12-04T15:43:38.180+0000] {logging_mixin.py:151} INFO - [2023-12-04T15:43:38.180+0000] {dag.py:2915} INFO - Sync 1 DAGs
[2023-12-04T15:43:38.188+0000] {logging_mixin.py:151} INFO - [2023-12-04T15:43:38.188+0000] {dag.py:3696} INFO - Setting next_dagrun for example_dag_decorator to None, run_after=None
[2023-12-04T15:43:38.198+0000] {processor.py:179} INFO - Processing /home/airflow/.local/lib/python3.8/site-packages/airflow/example_dags/example_dag_decorator.py took 0.194 seconds
[2023-12-04T16:42:07.260+0000] {processor.py:157} INFO - Started process (PID=57890) to work on /home/airflow/.local/lib/python3.8/site-packages/airflow/example_dags/example_dag_decorator.py
[2023-12-04T16:42:07.261+0000] {processor.py:829} INFO - Processing file /home/airflow/.local/lib/python3.8/site-packages/airflow/example_dags/example_dag_decorator.py for tasks to queue
[2023-12-04T16:42:07.263+0000] {logging_mixin.py:151} INFO - [2023-12-04T16:42:07.262+0000] {dagbag.py:539} INFO - Filling up the DagBag from /home/airflow/.local/lib/python3.8/site-packages/airflow/example_dags/example_dag_decorator.py
[2023-12-04T16:42:07.326+0000] {processor.py:839} INFO - DAG(s) dict_keys(['example_dag_decorator']) retrieved from /home/airflow/.local/lib/python3.8/site-packages/airflow/example_dags/example_dag_decorator.py
[2023-12-04T16:42:07.341+0000] {logging_mixin.py:151} INFO - [2023-12-04T16:42:07.341+0000] {dag.py:2915} INFO - Sync 1 DAGs
[2023-12-04T16:42:07.348+0000] {logging_mixin.py:151} INFO - [2023-12-04T16:42:07.348+0000] {dag.py:3696} INFO - Setting next_dagrun for example_dag_decorator to None, run_after=None
[2023-12-04T16:42:07.357+0000] {processor.py:179} INFO - Processing /home/airflow/.local/lib/python3.8/site-packages/airflow/example_dags/example_dag_decorator.py took 0.099 seconds
[2023-12-04T17:45:34.833+0000] {processor.py:157} INFO - Started process (PID=57944) to work on /home/airflow/.local/lib/python3.8/site-packages/airflow/example_dags/example_dag_decorator.py
[2023-12-04T17:45:34.834+0000] {processor.py:829} INFO - Processing file /home/airflow/.local/lib/python3.8/site-packages/airflow/example_dags/example_dag_decorator.py for tasks to queue
[2023-12-04T17:45:34.836+0000] {logging_mixin.py:151} INFO - [2023-12-04T17:45:34.835+0000] {dagbag.py:539} INFO - Filling up the DagBag from /home/airflow/.local/lib/python3.8/site-packages/airflow/example_dags/example_dag_decorator.py
[2023-12-04T17:45:34.883+0000] {processor.py:839} INFO - DAG(s) dict_keys(['example_dag_decorator']) retrieved from /home/airflow/.local/lib/python3.8/site-packages/airflow/example_dags/example_dag_decorator.py
[2023-12-04T17:45:34.896+0000] {logging_mixin.py:151} INFO - [2023-12-04T17:45:34.896+0000] {dag.py:2915} INFO - Sync 1 DAGs
[2023-12-04T17:45:34.903+0000] {logging_mixin.py:151} INFO - [2023-12-04T17:45:34.903+0000] {dag.py:3696} INFO - Setting next_dagrun for example_dag_decorator to None, run_after=None
[2023-12-04T17:45:34.912+0000] {processor.py:179} INFO - Processing /home/airflow/.local/lib/python3.8/site-packages/airflow/example_dags/example_dag_decorator.py took 0.081 seconds
[2023-12-04T18:46:41.594+0000] {processor.py:157} INFO - Started process (PID=57998) to work on /home/airflow/.local/lib/python3.8/site-packages/airflow/example_dags/example_dag_decorator.py
[2023-12-04T18:46:41.595+0000] {processor.py:829} INFO - Processing file /home/airflow/.local/lib/python3.8/site-packages/airflow/example_dags/example_dag_decorator.py for tasks to queue
[2023-12-04T18:46:41.596+0000] {logging_mixin.py:151} INFO - [2023-12-04T18:46:41.596+0000] {dagbag.py:539} INFO - Filling up the DagBag from /home/airflow/.local/lib/python3.8/site-packages/airflow/example_dags/example_dag_decorator.py
[2023-12-04T18:46:41.664+0000] {processor.py:839} INFO - DAG(s) dict_keys(['example_dag_decorator']) retrieved from /home/airflow/.local/lib/python3.8/site-packages/airflow/example_dags/example_dag_decorator.py
[2023-12-04T18:46:41.752+0000] {logging_mixin.py:151} INFO - [2023-12-04T18:46:41.751+0000] {security.py:708} INFO - Not syncing DAG-level permissions for DAG 'DAG:example_dag_decorator' as access control is unset.
[2023-12-04T18:46:41.753+0000] {logging_mixin.py:151} INFO - [2023-12-04T18:46:41.753+0000] {dag.py:2915} INFO - Sync 1 DAGs
[2023-12-04T18:46:41.769+0000] {logging_mixin.py:151} INFO - [2023-12-04T18:46:41.769+0000] {dag.py:3696} INFO - Setting next_dagrun for example_dag_decorator to None, run_after=None
[2023-12-04T18:46:41.785+0000] {processor.py:179} INFO - Processing /home/airflow/.local/lib/python3.8/site-packages/airflow/example_dags/example_dag_decorator.py took 0.194 seconds
[2023-12-04T20:03:37.583+0000] {processor.py:157} INFO - Started process (PID=58052) to work on /home/airflow/.local/lib/python3.8/site-packages/airflow/example_dags/example_dag_decorator.py
[2023-12-04T20:03:37.584+0000] {processor.py:829} INFO - Processing file /home/airflow/.local/lib/python3.8/site-packages/airflow/example_dags/example_dag_decorator.py for tasks to queue
[2023-12-04T20:03:37.585+0000] {logging_mixin.py:151} INFO - [2023-12-04T20:03:37.585+0000] {dagbag.py:539} INFO - Filling up the DagBag from /home/airflow/.local/lib/python3.8/site-packages/airflow/example_dags/example_dag_decorator.py
[2023-12-04T20:03:37.649+0000] {processor.py:839} INFO - DAG(s) dict_keys(['example_dag_decorator']) retrieved from /home/airflow/.local/lib/python3.8/site-packages/airflow/example_dags/example_dag_decorator.py
[2023-12-04T20:03:37.665+0000] {logging_mixin.py:151} INFO - [2023-12-04T20:03:37.665+0000] {dag.py:2915} INFO - Sync 1 DAGs
[2023-12-04T20:03:37.672+0000] {logging_mixin.py:151} INFO - [2023-12-04T20:03:37.672+0000] {dag.py:3696} INFO - Setting next_dagrun for example_dag_decorator to None, run_after=None
[2023-12-04T20:03:37.682+0000] {processor.py:179} INFO - Processing /home/airflow/.local/lib/python3.8/site-packages/airflow/example_dags/example_dag_decorator.py took 0.102 seconds
[2023-12-04T21:05:41.719+0000] {processor.py:157} INFO - Started process (PID=58106) to work on /home/airflow/.local/lib/python3.8/site-packages/airflow/example_dags/example_dag_decorator.py
[2023-12-04T21:05:41.721+0000] {processor.py:829} INFO - Processing file /home/airflow/.local/lib/python3.8/site-packages/airflow/example_dags/example_dag_decorator.py for tasks to queue
[2023-12-04T21:05:41.723+0000] {logging_mixin.py:151} INFO - [2023-12-04T21:05:41.722+0000] {dagbag.py:539} INFO - Filling up the DagBag from /home/airflow/.local/lib/python3.8/site-packages/airflow/example_dags/example_dag_decorator.py
[2023-12-04T21:05:41.772+0000] {processor.py:839} INFO - DAG(s) dict_keys(['example_dag_decorator']) retrieved from /home/airflow/.local/lib/python3.8/site-packages/airflow/example_dags/example_dag_decorator.py
[2023-12-04T21:05:41.855+0000] {logging_mixin.py:151} INFO - [2023-12-04T21:05:41.855+0000] {security.py:708} INFO - Not syncing DAG-level permissions for DAG 'DAG:example_dag_decorator' as access control is unset.
[2023-12-04T21:05:41.856+0000] {logging_mixin.py:151} INFO - [2023-12-04T21:05:41.856+0000] {dag.py:2915} INFO - Sync 1 DAGs
[2023-12-04T21:05:41.864+0000] {logging_mixin.py:151} INFO - [2023-12-04T21:05:41.863+0000] {dag.py:3696} INFO - Setting next_dagrun for example_dag_decorator to None, run_after=None
[2023-12-04T21:05:41.874+0000] {processor.py:179} INFO - Processing /home/airflow/.local/lib/python3.8/site-packages/airflow/example_dags/example_dag_decorator.py took 0.158 seconds
[2023-12-04T22:06:54.408+0000] {processor.py:157} INFO - Started process (PID=58160) to work on /home/airflow/.local/lib/python3.8/site-packages/airflow/example_dags/example_dag_decorator.py
[2023-12-04T22:06:54.409+0000] {processor.py:829} INFO - Processing file /home/airflow/.local/lib/python3.8/site-packages/airflow/example_dags/example_dag_decorator.py for tasks to queue
[2023-12-04T22:06:54.411+0000] {logging_mixin.py:151} INFO - [2023-12-04T22:06:54.410+0000] {dagbag.py:539} INFO - Filling up the DagBag from /home/airflow/.local/lib/python3.8/site-packages/airflow/example_dags/example_dag_decorator.py
[2023-12-04T22:06:54.468+0000] {processor.py:839} INFO - DAG(s) dict_keys(['example_dag_decorator']) retrieved from /home/airflow/.local/lib/python3.8/site-packages/airflow/example_dags/example_dag_decorator.py
[2023-12-04T22:06:54.482+0000] {logging_mixin.py:151} INFO - [2023-12-04T22:06:54.482+0000] {dag.py:2915} INFO - Sync 1 DAGs
[2023-12-04T22:06:54.490+0000] {logging_mixin.py:151} INFO - [2023-12-04T22:06:54.490+0000] {dag.py:3696} INFO - Setting next_dagrun for example_dag_decorator to None, run_after=None
[2023-12-04T22:06:54.500+0000] {processor.py:179} INFO - Processing /home/airflow/.local/lib/python3.8/site-packages/airflow/example_dags/example_dag_decorator.py took 0.094 seconds
[2023-12-04T23:00:13.041+0000] {processor.py:157} INFO - Started process (PID=58214) to work on /home/airflow/.local/lib/python3.8/site-packages/airflow/example_dags/example_dag_decorator.py
[2023-12-04T23:00:13.042+0000] {processor.py:829} INFO - Processing file /home/airflow/.local/lib/python3.8/site-packages/airflow/example_dags/example_dag_decorator.py for tasks to queue
[2023-12-04T23:00:13.043+0000] {logging_mixin.py:151} INFO - [2023-12-04T23:00:13.043+0000] {dagbag.py:539} INFO - Filling up the DagBag from /home/airflow/.local/lib/python3.8/site-packages/airflow/example_dags/example_dag_decorator.py
[2023-12-04T23:00:13.094+0000] {processor.py:839} INFO - DAG(s) dict_keys(['example_dag_decorator']) retrieved from /home/airflow/.local/lib/python3.8/site-packages/airflow/example_dags/example_dag_decorator.py
[2023-12-04T23:00:13.124+0000] {logging_mixin.py:151} INFO - [2023-12-04T23:00:13.123+0000] {dag.py:2915} INFO - Sync 1 DAGs
[2023-12-04T23:00:13.134+0000] {logging_mixin.py:151} INFO - [2023-12-04T23:00:13.134+0000] {dag.py:3696} INFO - Setting next_dagrun for example_dag_decorator to None, run_after=None
[2023-12-04T23:00:13.146+0000] {processor.py:179} INFO - Processing /home/airflow/.local/lib/python3.8/site-packages/airflow/example_dags/example_dag_decorator.py took 0.108 seconds
[2023-12-04T23:40:22.212+0000] {processor.py:157} INFO - Started process (PID=58268) to work on /home/airflow/.local/lib/python3.8/site-packages/airflow/example_dags/example_dag_decorator.py
[2023-12-04T23:40:22.213+0000] {processor.py:829} INFO - Processing file /home/airflow/.local/lib/python3.8/site-packages/airflow/example_dags/example_dag_decorator.py for tasks to queue
[2023-12-04T23:40:22.215+0000] {logging_mixin.py:151} INFO - [2023-12-04T23:40:22.215+0000] {dagbag.py:539} INFO - Filling up the DagBag from /home/airflow/.local/lib/python3.8/site-packages/airflow/example_dags/example_dag_decorator.py
[2023-12-04T23:40:22.281+0000] {processor.py:839} INFO - DAG(s) dict_keys(['example_dag_decorator']) retrieved from /home/airflow/.local/lib/python3.8/site-packages/airflow/example_dags/example_dag_decorator.py
[2023-12-04T23:40:22.397+0000] {logging_mixin.py:151} INFO - [2023-12-04T23:40:22.397+0000] {security.py:708} INFO - Not syncing DAG-level permissions for DAG 'DAG:example_dag_decorator' as access control is unset.
[2023-12-04T23:40:22.398+0000] {logging_mixin.py:151} INFO - [2023-12-04T23:40:22.398+0000] {dag.py:2915} INFO - Sync 1 DAGs
[2023-12-04T23:40:22.405+0000] {logging_mixin.py:151} INFO - [2023-12-04T23:40:22.405+0000] {dag.py:3696} INFO - Setting next_dagrun for example_dag_decorator to None, run_after=None
[2023-12-04T23:40:22.422+0000] {processor.py:179} INFO - Processing /home/airflow/.local/lib/python3.8/site-packages/airflow/example_dags/example_dag_decorator.py took 0.213 seconds
[2023-12-04T23:42:52.698+0000] {processor.py:157} INFO - Started process (PID=58322) to work on /home/airflow/.local/lib/python3.8/site-packages/airflow/example_dags/example_dag_decorator.py
[2023-12-04T23:42:52.698+0000] {processor.py:829} INFO - Processing file /home/airflow/.local/lib/python3.8/site-packages/airflow/example_dags/example_dag_decorator.py for tasks to queue
[2023-12-04T23:42:52.700+0000] {logging_mixin.py:151} INFO - [2023-12-04T23:42:52.700+0000] {dagbag.py:539} INFO - Filling up the DagBag from /home/airflow/.local/lib/python3.8/site-packages/airflow/example_dags/example_dag_decorator.py
[2023-12-04T23:42:52.771+0000] {processor.py:839} INFO - DAG(s) dict_keys(['example_dag_decorator']) retrieved from /home/airflow/.local/lib/python3.8/site-packages/airflow/example_dags/example_dag_decorator.py
[2023-12-04T23:42:52.789+0000] {logging_mixin.py:151} INFO - [2023-12-04T23:42:52.789+0000] {dag.py:2915} INFO - Sync 1 DAGs
[2023-12-04T23:42:52.811+0000] {logging_mixin.py:151} INFO - [2023-12-04T23:42:52.810+0000] {dag.py:3696} INFO - Setting next_dagrun for example_dag_decorator to None, run_after=None
[2023-12-04T23:42:52.880+0000] {processor.py:179} INFO - Processing /home/airflow/.local/lib/python3.8/site-packages/airflow/example_dags/example_dag_decorator.py took 0.186 seconds
