[2023-12-04T00:36:57.333+0000] {processor.py:157} INFO - Started process (PID=56700) to work on /home/airflow/.local/lib/python3.8/site-packages/airflow/example_dags/example_params_ui_tutorial.py
[2023-12-04T00:36:57.334+0000] {processor.py:829} INFO - Processing file /home/airflow/.local/lib/python3.8/site-packages/airflow/example_dags/example_params_ui_tutorial.py for tasks to queue
[2023-12-04T00:36:57.335+0000] {logging_mixin.py:151} INFO - [2023-12-04T00:36:57.335+0000] {dagbag.py:539} INFO - Filling up the DagBag from /home/airflow/.local/lib/python3.8/site-packages/airflow/example_dags/example_params_ui_tutorial.py
[2023-12-04T00:36:57.369+0000] {processor.py:839} INFO - DAG(s) dict_keys(['example_params_ui_tutorial']) retrieved from /home/airflow/.local/lib/python3.8/site-packages/airflow/example_dags/example_params_ui_tutorial.py
[2023-12-04T00:36:57.465+0000] {logging_mixin.py:151} INFO - [2023-12-04T00:36:57.465+0000] {security.py:708} INFO - Not syncing DAG-level permissions for DAG 'DAG:example_params_ui_tutorial' as access control is unset.
[2023-12-04T00:36:57.465+0000] {logging_mixin.py:151} INFO - [2023-12-04T00:36:57.465+0000] {dag.py:2915} INFO - Sync 1 DAGs
[2023-12-04T00:36:57.471+0000] {logging_mixin.py:151} INFO - [2023-12-04T00:36:57.471+0000] {dag.py:3696} INFO - Setting next_dagrun for example_params_ui_tutorial to None, run_after=None
[2023-12-04T00:36:57.483+0000] {processor.py:179} INFO - Processing /home/airflow/.local/lib/python3.8/site-packages/airflow/example_dags/example_params_ui_tutorial.py took 0.152 seconds
[2023-12-04T00:52:36.844+0000] {processor.py:157} INFO - Started process (PID=56754) to work on /home/airflow/.local/lib/python3.8/site-packages/airflow/example_dags/example_params_ui_tutorial.py
[2023-12-04T00:52:36.845+0000] {processor.py:829} INFO - Processing file /home/airflow/.local/lib/python3.8/site-packages/airflow/example_dags/example_params_ui_tutorial.py for tasks to queue
[2023-12-04T00:52:36.846+0000] {logging_mixin.py:151} INFO - [2023-12-04T00:52:36.846+0000] {dagbag.py:539} INFO - Filling up the DagBag from /home/airflow/.local/lib/python3.8/site-packages/airflow/example_dags/example_params_ui_tutorial.py
[2023-12-04T00:52:36.877+0000] {processor.py:839} INFO - DAG(s) dict_keys(['example_params_ui_tutorial']) retrieved from /home/airflow/.local/lib/python3.8/site-packages/airflow/example_dags/example_params_ui_tutorial.py
[2023-12-04T00:52:36.906+0000] {logging_mixin.py:151} INFO - [2023-12-04T00:52:36.906+0000] {dag.py:2915} INFO - Sync 1 DAGs
[2023-12-04T00:52:36.913+0000] {logging_mixin.py:151} INFO - [2023-12-04T00:52:36.913+0000] {dag.py:3696} INFO - Setting next_dagrun for example_params_ui_tutorial to None, run_after=None
[2023-12-04T00:52:36.921+0000] {processor.py:179} INFO - Processing /home/airflow/.local/lib/python3.8/site-packages/airflow/example_dags/example_params_ui_tutorial.py took 0.080 seconds
[2023-12-04T01:58:49.646+0000] {processor.py:157} INFO - Started process (PID=56808) to work on /home/airflow/.local/lib/python3.8/site-packages/airflow/example_dags/example_params_ui_tutorial.py
[2023-12-04T01:58:49.656+0000] {processor.py:829} INFO - Processing file /home/airflow/.local/lib/python3.8/site-packages/airflow/example_dags/example_params_ui_tutorial.py for tasks to queue
[2023-12-04T01:58:49.679+0000] {logging_mixin.py:151} INFO - [2023-12-04T01:58:49.676+0000] {dagbag.py:539} INFO - Filling up the DagBag from /home/airflow/.local/lib/python3.8/site-packages/airflow/example_dags/example_params_ui_tutorial.py
[2023-12-04T01:58:49.816+0000] {processor.py:839} INFO - DAG(s) dict_keys(['example_params_ui_tutorial']) retrieved from /home/airflow/.local/lib/python3.8/site-packages/airflow/example_dags/example_params_ui_tutorial.py
[2023-12-04T01:58:49.966+0000] {logging_mixin.py:151} INFO - [2023-12-04T01:58:49.966+0000] {dag.py:2915} INFO - Sync 1 DAGs
[2023-12-04T01:58:49.997+0000] {logging_mixin.py:151} INFO - [2023-12-04T01:58:49.996+0000] {dag.py:3696} INFO - Setting next_dagrun for example_params_ui_tutorial to None, run_after=None
[2023-12-04T01:58:50.048+0000] {processor.py:179} INFO - Processing /home/airflow/.local/lib/python3.8/site-packages/airflow/example_dags/example_params_ui_tutorial.py took 0.422 seconds
[2023-12-04T02:50:05.411+0000] {processor.py:157} INFO - Started process (PID=56862) to work on /home/airflow/.local/lib/python3.8/site-packages/airflow/example_dags/example_params_ui_tutorial.py
[2023-12-04T02:50:05.416+0000] {processor.py:829} INFO - Processing file /home/airflow/.local/lib/python3.8/site-packages/airflow/example_dags/example_params_ui_tutorial.py for tasks to queue
[2023-12-04T02:50:05.425+0000] {logging_mixin.py:151} INFO - [2023-12-04T02:50:05.424+0000] {dagbag.py:539} INFO - Filling up the DagBag from /home/airflow/.local/lib/python3.8/site-packages/airflow/example_dags/example_params_ui_tutorial.py
[2023-12-04T02:50:05.533+0000] {processor.py:839} INFO - DAG(s) dict_keys(['example_params_ui_tutorial']) retrieved from /home/airflow/.local/lib/python3.8/site-packages/airflow/example_dags/example_params_ui_tutorial.py
[2023-12-04T02:50:05.652+0000] {logging_mixin.py:151} INFO - [2023-12-04T02:50:05.652+0000] {dag.py:2915} INFO - Sync 1 DAGs
[2023-12-04T02:50:05.671+0000] {logging_mixin.py:151} INFO - [2023-12-04T02:50:05.671+0000] {dag.py:3696} INFO - Setting next_dagrun for example_params_ui_tutorial to None, run_after=None
[2023-12-04T02:50:05.714+0000] {processor.py:179} INFO - Processing /home/airflow/.local/lib/python3.8/site-packages/airflow/example_dags/example_params_ui_tutorial.py took 0.320 seconds
[2023-12-04T03:27:28.173+0000] {processor.py:157} INFO - Started process (PID=56916) to work on /home/airflow/.local/lib/python3.8/site-packages/airflow/example_dags/example_params_ui_tutorial.py
[2023-12-04T03:27:28.174+0000] {processor.py:829} INFO - Processing file /home/airflow/.local/lib/python3.8/site-packages/airflow/example_dags/example_params_ui_tutorial.py for tasks to queue
[2023-12-04T03:27:28.175+0000] {logging_mixin.py:151} INFO - [2023-12-04T03:27:28.175+0000] {dagbag.py:539} INFO - Filling up the DagBag from /home/airflow/.local/lib/python3.8/site-packages/airflow/example_dags/example_params_ui_tutorial.py
[2023-12-04T03:27:28.211+0000] {processor.py:839} INFO - DAG(s) dict_keys(['example_params_ui_tutorial']) retrieved from /home/airflow/.local/lib/python3.8/site-packages/airflow/example_dags/example_params_ui_tutorial.py
[2023-12-04T03:27:28.245+0000] {logging_mixin.py:151} INFO - [2023-12-04T03:27:28.245+0000] {dag.py:2915} INFO - Sync 1 DAGs
[2023-12-04T03:27:28.254+0000] {logging_mixin.py:151} INFO - [2023-12-04T03:27:28.253+0000] {dag.py:3696} INFO - Setting next_dagrun for example_params_ui_tutorial to None, run_after=None
[2023-12-04T03:27:28.265+0000] {processor.py:179} INFO - Processing /home/airflow/.local/lib/python3.8/site-packages/airflow/example_dags/example_params_ui_tutorial.py took 0.095 seconds
[2023-12-04T04:48:37.607+0000] {processor.py:157} INFO - Started process (PID=56970) to work on /home/airflow/.local/lib/python3.8/site-packages/airflow/example_dags/example_params_ui_tutorial.py
[2023-12-04T04:48:37.611+0000] {processor.py:829} INFO - Processing file /home/airflow/.local/lib/python3.8/site-packages/airflow/example_dags/example_params_ui_tutorial.py for tasks to queue
[2023-12-04T04:48:37.621+0000] {logging_mixin.py:151} INFO - [2023-12-04T04:48:37.620+0000] {dagbag.py:539} INFO - Filling up the DagBag from /home/airflow/.local/lib/python3.8/site-packages/airflow/example_dags/example_params_ui_tutorial.py
[2023-12-04T04:48:37.764+0000] {processor.py:839} INFO - DAG(s) dict_keys(['example_params_ui_tutorial']) retrieved from /home/airflow/.local/lib/python3.8/site-packages/airflow/example_dags/example_params_ui_tutorial.py
[2023-12-04T04:48:37.905+0000] {logging_mixin.py:151} INFO - [2023-12-04T04:48:37.905+0000] {dag.py:2915} INFO - Sync 1 DAGs
[2023-12-04T04:48:37.937+0000] {logging_mixin.py:151} INFO - [2023-12-04T04:48:37.936+0000] {dag.py:3696} INFO - Setting next_dagrun for example_params_ui_tutorial to None, run_after=None
[2023-12-04T04:48:37.995+0000] {processor.py:179} INFO - Processing /home/airflow/.local/lib/python3.8/site-packages/airflow/example_dags/example_params_ui_tutorial.py took 0.404 seconds
[2023-12-04T05:34:45.928+0000] {processor.py:157} INFO - Started process (PID=57024) to work on /home/airflow/.local/lib/python3.8/site-packages/airflow/example_dags/example_params_ui_tutorial.py
[2023-12-04T05:34:45.929+0000] {processor.py:829} INFO - Processing file /home/airflow/.local/lib/python3.8/site-packages/airflow/example_dags/example_params_ui_tutorial.py for tasks to queue
[2023-12-04T05:34:45.931+0000] {logging_mixin.py:151} INFO - [2023-12-04T05:34:45.930+0000] {dagbag.py:539} INFO - Filling up the DagBag from /home/airflow/.local/lib/python3.8/site-packages/airflow/example_dags/example_params_ui_tutorial.py
[2023-12-04T05:34:45.955+0000] {processor.py:839} INFO - DAG(s) dict_keys(['example_params_ui_tutorial']) retrieved from /home/airflow/.local/lib/python3.8/site-packages/airflow/example_dags/example_params_ui_tutorial.py
[2023-12-04T05:34:45.985+0000] {logging_mixin.py:151} INFO - [2023-12-04T05:34:45.985+0000] {dag.py:2915} INFO - Sync 1 DAGs
[2023-12-04T05:34:45.992+0000] {logging_mixin.py:151} INFO - [2023-12-04T05:34:45.992+0000] {dag.py:3696} INFO - Setting next_dagrun for example_params_ui_tutorial to None, run_after=None
[2023-12-04T05:34:46.002+0000] {processor.py:179} INFO - Processing /home/airflow/.local/lib/python3.8/site-packages/airflow/example_dags/example_params_ui_tutorial.py took 0.077 seconds
[2023-12-04T06:59:12.754+0000] {processor.py:157} INFO - Started process (PID=57078) to work on /home/airflow/.local/lib/python3.8/site-packages/airflow/example_dags/example_params_ui_tutorial.py
[2023-12-04T06:59:12.757+0000] {processor.py:829} INFO - Processing file /home/airflow/.local/lib/python3.8/site-packages/airflow/example_dags/example_params_ui_tutorial.py for tasks to queue
[2023-12-04T06:59:12.766+0000] {logging_mixin.py:151} INFO - [2023-12-04T06:59:12.766+0000] {dagbag.py:539} INFO - Filling up the DagBag from /home/airflow/.local/lib/python3.8/site-packages/airflow/example_dags/example_params_ui_tutorial.py
[2023-12-04T06:59:12.863+0000] {processor.py:839} INFO - DAG(s) dict_keys(['example_params_ui_tutorial']) retrieved from /home/airflow/.local/lib/python3.8/site-packages/airflow/example_dags/example_params_ui_tutorial.py
[2023-12-04T06:59:12.957+0000] {logging_mixin.py:151} INFO - [2023-12-04T06:59:12.957+0000] {dag.py:2915} INFO - Sync 1 DAGs
[2023-12-04T06:59:12.969+0000] {logging_mixin.py:151} INFO - [2023-12-04T06:59:12.969+0000] {dag.py:3696} INFO - Setting next_dagrun for example_params_ui_tutorial to None, run_after=None
[2023-12-04T06:59:12.981+0000] {processor.py:179} INFO - Processing /home/airflow/.local/lib/python3.8/site-packages/airflow/example_dags/example_params_ui_tutorial.py took 0.236 seconds
[2023-12-04T07:35:43.768+0000] {processor.py:157} INFO - Started process (PID=57132) to work on /home/airflow/.local/lib/python3.8/site-packages/airflow/example_dags/example_params_ui_tutorial.py
[2023-12-04T07:35:43.769+0000] {processor.py:829} INFO - Processing file /home/airflow/.local/lib/python3.8/site-packages/airflow/example_dags/example_params_ui_tutorial.py for tasks to queue
[2023-12-04T07:35:43.771+0000] {logging_mixin.py:151} INFO - [2023-12-04T07:35:43.771+0000] {dagbag.py:539} INFO - Filling up the DagBag from /home/airflow/.local/lib/python3.8/site-packages/airflow/example_dags/example_params_ui_tutorial.py
[2023-12-04T07:35:43.803+0000] {processor.py:839} INFO - DAG(s) dict_keys(['example_params_ui_tutorial']) retrieved from /home/airflow/.local/lib/python3.8/site-packages/airflow/example_dags/example_params_ui_tutorial.py
[2023-12-04T07:35:43.844+0000] {logging_mixin.py:151} INFO - [2023-12-04T07:35:43.844+0000] {dag.py:2915} INFO - Sync 1 DAGs
[2023-12-04T07:35:43.854+0000] {logging_mixin.py:151} INFO - [2023-12-04T07:35:43.854+0000] {dag.py:3696} INFO - Setting next_dagrun for example_params_ui_tutorial to None, run_after=None
[2023-12-04T07:35:43.864+0000] {processor.py:179} INFO - Processing /home/airflow/.local/lib/python3.8/site-packages/airflow/example_dags/example_params_ui_tutorial.py took 0.098 seconds
[2023-12-04T08:36:32.491+0000] {processor.py:157} INFO - Started process (PID=57186) to work on /home/airflow/.local/lib/python3.8/site-packages/airflow/example_dags/example_params_ui_tutorial.py
[2023-12-04T08:36:32.492+0000] {processor.py:829} INFO - Processing file /home/airflow/.local/lib/python3.8/site-packages/airflow/example_dags/example_params_ui_tutorial.py for tasks to queue
[2023-12-04T08:36:32.493+0000] {logging_mixin.py:151} INFO - [2023-12-04T08:36:32.493+0000] {dagbag.py:539} INFO - Filling up the DagBag from /home/airflow/.local/lib/python3.8/site-packages/airflow/example_dags/example_params_ui_tutorial.py
[2023-12-04T08:36:32.519+0000] {processor.py:839} INFO - DAG(s) dict_keys(['example_params_ui_tutorial']) retrieved from /home/airflow/.local/lib/python3.8/site-packages/airflow/example_dags/example_params_ui_tutorial.py
[2023-12-04T08:36:32.555+0000] {logging_mixin.py:151} INFO - [2023-12-04T08:36:32.554+0000] {dag.py:2915} INFO - Sync 1 DAGs
[2023-12-04T08:36:32.561+0000] {logging_mixin.py:151} INFO - [2023-12-04T08:36:32.561+0000] {dag.py:3696} INFO - Setting next_dagrun for example_params_ui_tutorial to None, run_after=None
[2023-12-04T08:36:32.571+0000] {processor.py:179} INFO - Processing /home/airflow/.local/lib/python3.8/site-packages/airflow/example_dags/example_params_ui_tutorial.py took 0.083 seconds
[2023-12-04T09:37:37.714+0000] {processor.py:157} INFO - Started process (PID=57241) to work on /home/airflow/.local/lib/python3.8/site-packages/airflow/example_dags/example_params_ui_tutorial.py
[2023-12-04T09:37:37.715+0000] {processor.py:829} INFO - Processing file /home/airflow/.local/lib/python3.8/site-packages/airflow/example_dags/example_params_ui_tutorial.py for tasks to queue
[2023-12-04T09:37:37.720+0000] {logging_mixin.py:151} INFO - [2023-12-04T09:37:37.719+0000] {dagbag.py:539} INFO - Filling up the DagBag from /home/airflow/.local/lib/python3.8/site-packages/airflow/example_dags/example_params_ui_tutorial.py
[2023-12-04T09:37:37.745+0000] {processor.py:839} INFO - DAG(s) dict_keys(['example_params_ui_tutorial']) retrieved from /home/airflow/.local/lib/python3.8/site-packages/airflow/example_dags/example_params_ui_tutorial.py
[2023-12-04T09:37:37.776+0000] {logging_mixin.py:151} INFO - [2023-12-04T09:37:37.776+0000] {dag.py:2915} INFO - Sync 1 DAGs
[2023-12-04T09:37:37.790+0000] {logging_mixin.py:151} INFO - [2023-12-04T09:37:37.790+0000] {dag.py:3696} INFO - Setting next_dagrun for example_params_ui_tutorial to None, run_after=None
[2023-12-04T09:37:37.804+0000] {processor.py:179} INFO - Processing /home/airflow/.local/lib/python3.8/site-packages/airflow/example_dags/example_params_ui_tutorial.py took 0.093 seconds
[2023-12-04T10:06:20.266+0000] {processor.py:157} INFO - Started process (PID=57295) to work on /home/airflow/.local/lib/python3.8/site-packages/airflow/example_dags/example_params_ui_tutorial.py
[2023-12-04T10:06:20.267+0000] {processor.py:829} INFO - Processing file /home/airflow/.local/lib/python3.8/site-packages/airflow/example_dags/example_params_ui_tutorial.py for tasks to queue
[2023-12-04T10:06:20.268+0000] {logging_mixin.py:151} INFO - [2023-12-04T10:06:20.268+0000] {dagbag.py:539} INFO - Filling up the DagBag from /home/airflow/.local/lib/python3.8/site-packages/airflow/example_dags/example_params_ui_tutorial.py
[2023-12-04T10:06:20.295+0000] {processor.py:839} INFO - DAG(s) dict_keys(['example_params_ui_tutorial']) retrieved from /home/airflow/.local/lib/python3.8/site-packages/airflow/example_dags/example_params_ui_tutorial.py
[2023-12-04T10:06:20.346+0000] {logging_mixin.py:151} INFO - [2023-12-04T10:06:20.346+0000] {dag.py:2915} INFO - Sync 1 DAGs
[2023-12-04T10:06:20.355+0000] {logging_mixin.py:151} INFO - [2023-12-04T10:06:20.355+0000] {dag.py:3696} INFO - Setting next_dagrun for example_params_ui_tutorial to None, run_after=None
[2023-12-04T10:06:20.368+0000] {processor.py:179} INFO - Processing /home/airflow/.local/lib/python3.8/site-packages/airflow/example_dags/example_params_ui_tutorial.py took 0.106 seconds
[2023-12-04T10:22:28.704+0000] {processor.py:157} INFO - Started process (PID=57349) to work on /home/airflow/.local/lib/python3.8/site-packages/airflow/example_dags/example_params_ui_tutorial.py
[2023-12-04T10:22:28.708+0000] {processor.py:829} INFO - Processing file /home/airflow/.local/lib/python3.8/site-packages/airflow/example_dags/example_params_ui_tutorial.py for tasks to queue
[2023-12-04T10:22:28.714+0000] {logging_mixin.py:151} INFO - [2023-12-04T10:22:28.713+0000] {dagbag.py:539} INFO - Filling up the DagBag from /home/airflow/.local/lib/python3.8/site-packages/airflow/example_dags/example_params_ui_tutorial.py
[2023-12-04T10:22:28.815+0000] {processor.py:839} INFO - DAG(s) dict_keys(['example_params_ui_tutorial']) retrieved from /home/airflow/.local/lib/python3.8/site-packages/airflow/example_dags/example_params_ui_tutorial.py
[2023-12-04T10:22:28.913+0000] {logging_mixin.py:151} INFO - [2023-12-04T10:22:28.913+0000] {dag.py:2915} INFO - Sync 1 DAGs
[2023-12-04T10:22:28.934+0000] {logging_mixin.py:151} INFO - [2023-12-04T10:22:28.934+0000] {dag.py:3696} INFO - Setting next_dagrun for example_params_ui_tutorial to None, run_after=None
[2023-12-04T10:22:28.948+0000] {processor.py:179} INFO - Processing /home/airflow/.local/lib/python3.8/site-packages/airflow/example_dags/example_params_ui_tutorial.py took 0.252 seconds
[2023-12-04T10:38:35.543+0000] {processor.py:157} INFO - Started process (PID=57403) to work on /home/airflow/.local/lib/python3.8/site-packages/airflow/example_dags/example_params_ui_tutorial.py
[2023-12-04T10:38:35.543+0000] {processor.py:829} INFO - Processing file /home/airflow/.local/lib/python3.8/site-packages/airflow/example_dags/example_params_ui_tutorial.py for tasks to queue
[2023-12-04T10:38:35.545+0000] {logging_mixin.py:151} INFO - [2023-12-04T10:38:35.545+0000] {dagbag.py:539} INFO - Filling up the DagBag from /home/airflow/.local/lib/python3.8/site-packages/airflow/example_dags/example_params_ui_tutorial.py
[2023-12-04T10:38:35.575+0000] {processor.py:839} INFO - DAG(s) dict_keys(['example_params_ui_tutorial']) retrieved from /home/airflow/.local/lib/python3.8/site-packages/airflow/example_dags/example_params_ui_tutorial.py
[2023-12-04T10:38:35.684+0000] {logging_mixin.py:151} INFO - [2023-12-04T10:38:35.684+0000] {dag.py:2915} INFO - Sync 1 DAGs
[2023-12-04T10:38:35.695+0000] {logging_mixin.py:151} INFO - [2023-12-04T10:38:35.695+0000] {dag.py:3696} INFO - Setting next_dagrun for example_params_ui_tutorial to None, run_after=None
[2023-12-04T10:38:35.713+0000] {processor.py:179} INFO - Processing /home/airflow/.local/lib/python3.8/site-packages/airflow/example_dags/example_params_ui_tutorial.py took 0.173 seconds
[2023-12-04T10:52:21.804+0000] {processor.py:157} INFO - Started process (PID=57457) to work on /home/airflow/.local/lib/python3.8/site-packages/airflow/example_dags/example_params_ui_tutorial.py
[2023-12-04T10:52:21.805+0000] {processor.py:829} INFO - Processing file /home/airflow/.local/lib/python3.8/site-packages/airflow/example_dags/example_params_ui_tutorial.py for tasks to queue
[2023-12-04T10:52:21.806+0000] {logging_mixin.py:151} INFO - [2023-12-04T10:52:21.806+0000] {dagbag.py:539} INFO - Filling up the DagBag from /home/airflow/.local/lib/python3.8/site-packages/airflow/example_dags/example_params_ui_tutorial.py
[2023-12-04T10:52:21.830+0000] {processor.py:839} INFO - DAG(s) dict_keys(['example_params_ui_tutorial']) retrieved from /home/airflow/.local/lib/python3.8/site-packages/airflow/example_dags/example_params_ui_tutorial.py
[2023-12-04T10:52:21.857+0000] {logging_mixin.py:151} INFO - [2023-12-04T10:52:21.857+0000] {dag.py:2915} INFO - Sync 1 DAGs
[2023-12-04T10:52:21.864+0000] {logging_mixin.py:151} INFO - [2023-12-04T10:52:21.864+0000] {dag.py:3696} INFO - Setting next_dagrun for example_params_ui_tutorial to None, run_after=None
[2023-12-04T10:52:21.874+0000] {processor.py:179} INFO - Processing /home/airflow/.local/lib/python3.8/site-packages/airflow/example_dags/example_params_ui_tutorial.py took 0.072 seconds
[2023-12-04T11:39:37.346+0000] {processor.py:157} INFO - Started process (PID=57511) to work on /home/airflow/.local/lib/python3.8/site-packages/airflow/example_dags/example_params_ui_tutorial.py
[2023-12-04T11:39:37.347+0000] {processor.py:829} INFO - Processing file /home/airflow/.local/lib/python3.8/site-packages/airflow/example_dags/example_params_ui_tutorial.py for tasks to queue
[2023-12-04T11:39:37.348+0000] {logging_mixin.py:151} INFO - [2023-12-04T11:39:37.348+0000] {dagbag.py:539} INFO - Filling up the DagBag from /home/airflow/.local/lib/python3.8/site-packages/airflow/example_dags/example_params_ui_tutorial.py
[2023-12-04T11:39:37.370+0000] {processor.py:839} INFO - DAG(s) dict_keys(['example_params_ui_tutorial']) retrieved from /home/airflow/.local/lib/python3.8/site-packages/airflow/example_dags/example_params_ui_tutorial.py
[2023-12-04T11:39:37.407+0000] {logging_mixin.py:151} INFO - [2023-12-04T11:39:37.407+0000] {dag.py:2915} INFO - Sync 1 DAGs
[2023-12-04T11:39:37.415+0000] {logging_mixin.py:151} INFO - [2023-12-04T11:39:37.414+0000] {dag.py:3696} INFO - Setting next_dagrun for example_params_ui_tutorial to None, run_after=None
[2023-12-04T11:39:37.425+0000] {processor.py:179} INFO - Processing /home/airflow/.local/lib/python3.8/site-packages/airflow/example_dags/example_params_ui_tutorial.py took 0.082 seconds
[2023-12-04T12:40:32.818+0000] {processor.py:157} INFO - Started process (PID=57565) to work on /home/airflow/.local/lib/python3.8/site-packages/airflow/example_dags/example_params_ui_tutorial.py
[2023-12-04T12:40:32.820+0000] {processor.py:829} INFO - Processing file /home/airflow/.local/lib/python3.8/site-packages/airflow/example_dags/example_params_ui_tutorial.py for tasks to queue
[2023-12-04T12:40:32.824+0000] {logging_mixin.py:151} INFO - [2023-12-04T12:40:32.823+0000] {dagbag.py:539} INFO - Filling up the DagBag from /home/airflow/.local/lib/python3.8/site-packages/airflow/example_dags/example_params_ui_tutorial.py
[2023-12-04T12:40:32.896+0000] {processor.py:839} INFO - DAG(s) dict_keys(['example_params_ui_tutorial']) retrieved from /home/airflow/.local/lib/python3.8/site-packages/airflow/example_dags/example_params_ui_tutorial.py
[2023-12-04T12:40:33.092+0000] {logging_mixin.py:151} INFO - [2023-12-04T12:40:33.091+0000] {dag.py:2915} INFO - Sync 1 DAGs
[2023-12-04T12:40:33.133+0000] {logging_mixin.py:151} INFO - [2023-12-04T12:40:33.133+0000] {dag.py:3696} INFO - Setting next_dagrun for example_params_ui_tutorial to None, run_after=None
[2023-12-04T12:40:33.175+0000] {processor.py:179} INFO - Processing /home/airflow/.local/lib/python3.8/site-packages/airflow/example_dags/example_params_ui_tutorial.py took 0.372 seconds
[2023-12-04T13:10:50.242+0000] {processor.py:157} INFO - Started process (PID=57619) to work on /home/airflow/.local/lib/python3.8/site-packages/airflow/example_dags/example_params_ui_tutorial.py
[2023-12-04T13:10:50.245+0000] {processor.py:829} INFO - Processing file /home/airflow/.local/lib/python3.8/site-packages/airflow/example_dags/example_params_ui_tutorial.py for tasks to queue
[2023-12-04T13:10:50.252+0000] {logging_mixin.py:151} INFO - [2023-12-04T13:10:50.251+0000] {dagbag.py:539} INFO - Filling up the DagBag from /home/airflow/.local/lib/python3.8/site-packages/airflow/example_dags/example_params_ui_tutorial.py
[2023-12-04T13:10:50.290+0000] {processor.py:839} INFO - DAG(s) dict_keys(['example_params_ui_tutorial']) retrieved from /home/airflow/.local/lib/python3.8/site-packages/airflow/example_dags/example_params_ui_tutorial.py
[2023-12-04T13:10:50.336+0000] {logging_mixin.py:151} INFO - [2023-12-04T13:10:50.336+0000] {dag.py:2915} INFO - Sync 1 DAGs
[2023-12-04T13:10:50.348+0000] {logging_mixin.py:151} INFO - [2023-12-04T13:10:50.347+0000] {dag.py:3696} INFO - Setting next_dagrun for example_params_ui_tutorial to None, run_after=None
[2023-12-04T13:10:50.362+0000] {processor.py:179} INFO - Processing /home/airflow/.local/lib/python3.8/site-packages/airflow/example_dags/example_params_ui_tutorial.py took 0.126 seconds
[2023-12-04T13:32:07.681+0000] {processor.py:157} INFO - Started process (PID=57673) to work on /home/airflow/.local/lib/python3.8/site-packages/airflow/example_dags/example_params_ui_tutorial.py
[2023-12-04T13:32:07.682+0000] {processor.py:829} INFO - Processing file /home/airflow/.local/lib/python3.8/site-packages/airflow/example_dags/example_params_ui_tutorial.py for tasks to queue
[2023-12-04T13:32:07.683+0000] {logging_mixin.py:151} INFO - [2023-12-04T13:32:07.683+0000] {dagbag.py:539} INFO - Filling up the DagBag from /home/airflow/.local/lib/python3.8/site-packages/airflow/example_dags/example_params_ui_tutorial.py
[2023-12-04T13:32:07.712+0000] {processor.py:839} INFO - DAG(s) dict_keys(['example_params_ui_tutorial']) retrieved from /home/airflow/.local/lib/python3.8/site-packages/airflow/example_dags/example_params_ui_tutorial.py
[2023-12-04T13:32:07.751+0000] {logging_mixin.py:151} INFO - [2023-12-04T13:32:07.751+0000] {dag.py:2915} INFO - Sync 1 DAGs
[2023-12-04T13:32:07.758+0000] {logging_mixin.py:151} INFO - [2023-12-04T13:32:07.758+0000] {dag.py:3696} INFO - Setting next_dagrun for example_params_ui_tutorial to None, run_after=None
[2023-12-04T13:32:07.768+0000] {processor.py:179} INFO - Processing /home/airflow/.local/lib/python3.8/site-packages/airflow/example_dags/example_params_ui_tutorial.py took 0.090 seconds
[2023-12-04T13:53:00.518+0000] {processor.py:157} INFO - Started process (PID=57727) to work on /home/airflow/.local/lib/python3.8/site-packages/airflow/example_dags/example_params_ui_tutorial.py
[2023-12-04T13:53:00.519+0000] {processor.py:829} INFO - Processing file /home/airflow/.local/lib/python3.8/site-packages/airflow/example_dags/example_params_ui_tutorial.py for tasks to queue
[2023-12-04T13:53:00.522+0000] {logging_mixin.py:151} INFO - [2023-12-04T13:53:00.521+0000] {dagbag.py:539} INFO - Filling up the DagBag from /home/airflow/.local/lib/python3.8/site-packages/airflow/example_dags/example_params_ui_tutorial.py
[2023-12-04T13:53:00.567+0000] {processor.py:839} INFO - DAG(s) dict_keys(['example_params_ui_tutorial']) retrieved from /home/airflow/.local/lib/python3.8/site-packages/airflow/example_dags/example_params_ui_tutorial.py
[2023-12-04T13:53:00.615+0000] {logging_mixin.py:151} INFO - [2023-12-04T13:53:00.614+0000] {dag.py:2915} INFO - Sync 1 DAGs
[2023-12-04T13:53:00.625+0000] {logging_mixin.py:151} INFO - [2023-12-04T13:53:00.625+0000] {dag.py:3696} INFO - Setting next_dagrun for example_params_ui_tutorial to None, run_after=None
[2023-12-04T13:53:00.641+0000] {processor.py:179} INFO - Processing /home/airflow/.local/lib/python3.8/site-packages/airflow/example_dags/example_params_ui_tutorial.py took 0.126 seconds
[2023-12-04T14:42:34.703+0000] {processor.py:157} INFO - Started process (PID=57781) to work on /home/airflow/.local/lib/python3.8/site-packages/airflow/example_dags/example_params_ui_tutorial.py
[2023-12-04T14:42:34.704+0000] {processor.py:829} INFO - Processing file /home/airflow/.local/lib/python3.8/site-packages/airflow/example_dags/example_params_ui_tutorial.py for tasks to queue
[2023-12-04T14:42:34.705+0000] {logging_mixin.py:151} INFO - [2023-12-04T14:42:34.705+0000] {dagbag.py:539} INFO - Filling up the DagBag from /home/airflow/.local/lib/python3.8/site-packages/airflow/example_dags/example_params_ui_tutorial.py
[2023-12-04T14:42:34.729+0000] {processor.py:839} INFO - DAG(s) dict_keys(['example_params_ui_tutorial']) retrieved from /home/airflow/.local/lib/python3.8/site-packages/airflow/example_dags/example_params_ui_tutorial.py
[2023-12-04T14:42:34.757+0000] {logging_mixin.py:151} INFO - [2023-12-04T14:42:34.757+0000] {dag.py:2915} INFO - Sync 1 DAGs
[2023-12-04T14:42:34.763+0000] {logging_mixin.py:151} INFO - [2023-12-04T14:42:34.763+0000] {dag.py:3696} INFO - Setting next_dagrun for example_params_ui_tutorial to None, run_after=None
[2023-12-04T14:42:34.777+0000] {processor.py:179} INFO - Processing /home/airflow/.local/lib/python3.8/site-packages/airflow/example_dags/example_params_ui_tutorial.py took 0.077 seconds
[2023-12-04T15:43:37.925+0000] {processor.py:157} INFO - Started process (PID=57835) to work on /home/airflow/.local/lib/python3.8/site-packages/airflow/example_dags/example_params_ui_tutorial.py
[2023-12-04T15:43:37.926+0000] {processor.py:829} INFO - Processing file /home/airflow/.local/lib/python3.8/site-packages/airflow/example_dags/example_params_ui_tutorial.py for tasks to queue
[2023-12-04T15:43:37.928+0000] {logging_mixin.py:151} INFO - [2023-12-04T15:43:37.928+0000] {dagbag.py:539} INFO - Filling up the DagBag from /home/airflow/.local/lib/python3.8/site-packages/airflow/example_dags/example_params_ui_tutorial.py
[2023-12-04T15:43:37.962+0000] {processor.py:839} INFO - DAG(s) dict_keys(['example_params_ui_tutorial']) retrieved from /home/airflow/.local/lib/python3.8/site-packages/airflow/example_dags/example_params_ui_tutorial.py
[2023-12-04T15:43:38.006+0000] {logging_mixin.py:151} INFO - [2023-12-04T15:43:38.006+0000] {dag.py:2915} INFO - Sync 1 DAGs
[2023-12-04T15:43:38.015+0000] {logging_mixin.py:151} INFO - [2023-12-04T15:43:38.015+0000] {dag.py:3696} INFO - Setting next_dagrun for example_params_ui_tutorial to None, run_after=None
[2023-12-04T15:43:38.026+0000] {processor.py:179} INFO - Processing /home/airflow/.local/lib/python3.8/site-packages/airflow/example_dags/example_params_ui_tutorial.py took 0.106 seconds
[2023-12-04T16:42:07.209+0000] {processor.py:157} INFO - Started process (PID=57889) to work on /home/airflow/.local/lib/python3.8/site-packages/airflow/example_dags/example_params_ui_tutorial.py
[2023-12-04T16:42:07.210+0000] {processor.py:829} INFO - Processing file /home/airflow/.local/lib/python3.8/site-packages/airflow/example_dags/example_params_ui_tutorial.py for tasks to queue
[2023-12-04T16:42:07.211+0000] {logging_mixin.py:151} INFO - [2023-12-04T16:42:07.211+0000] {dagbag.py:539} INFO - Filling up the DagBag from /home/airflow/.local/lib/python3.8/site-packages/airflow/example_dags/example_params_ui_tutorial.py
[2023-12-04T16:42:07.233+0000] {processor.py:839} INFO - DAG(s) dict_keys(['example_params_ui_tutorial']) retrieved from /home/airflow/.local/lib/python3.8/site-packages/airflow/example_dags/example_params_ui_tutorial.py
[2023-12-04T16:42:07.260+0000] {logging_mixin.py:151} INFO - [2023-12-04T16:42:07.260+0000] {dag.py:2915} INFO - Sync 1 DAGs
[2023-12-04T16:42:07.267+0000] {logging_mixin.py:151} INFO - [2023-12-04T16:42:07.267+0000] {dag.py:3696} INFO - Setting next_dagrun for example_params_ui_tutorial to None, run_after=None
[2023-12-04T16:42:07.278+0000] {processor.py:179} INFO - Processing /home/airflow/.local/lib/python3.8/site-packages/airflow/example_dags/example_params_ui_tutorial.py took 0.071 seconds
[2023-12-04T17:45:34.783+0000] {processor.py:157} INFO - Started process (PID=57943) to work on /home/airflow/.local/lib/python3.8/site-packages/airflow/example_dags/example_params_ui_tutorial.py
[2023-12-04T17:45:34.784+0000] {processor.py:829} INFO - Processing file /home/airflow/.local/lib/python3.8/site-packages/airflow/example_dags/example_params_ui_tutorial.py for tasks to queue
[2023-12-04T17:45:34.785+0000] {logging_mixin.py:151} INFO - [2023-12-04T17:45:34.785+0000] {dagbag.py:539} INFO - Filling up the DagBag from /home/airflow/.local/lib/python3.8/site-packages/airflow/example_dags/example_params_ui_tutorial.py
[2023-12-04T17:45:34.807+0000] {processor.py:839} INFO - DAG(s) dict_keys(['example_params_ui_tutorial']) retrieved from /home/airflow/.local/lib/python3.8/site-packages/airflow/example_dags/example_params_ui_tutorial.py
[2023-12-04T17:45:34.833+0000] {logging_mixin.py:151} INFO - [2023-12-04T17:45:34.833+0000] {dag.py:2915} INFO - Sync 1 DAGs
[2023-12-04T17:45:34.841+0000] {logging_mixin.py:151} INFO - [2023-12-04T17:45:34.840+0000] {dag.py:3696} INFO - Setting next_dagrun for example_params_ui_tutorial to None, run_after=None
[2023-12-04T17:45:34.850+0000] {processor.py:179} INFO - Processing /home/airflow/.local/lib/python3.8/site-packages/airflow/example_dags/example_params_ui_tutorial.py took 0.069 seconds
[2023-12-04T18:46:41.521+0000] {processor.py:157} INFO - Started process (PID=57997) to work on /home/airflow/.local/lib/python3.8/site-packages/airflow/example_dags/example_params_ui_tutorial.py
[2023-12-04T18:46:41.522+0000] {processor.py:829} INFO - Processing file /home/airflow/.local/lib/python3.8/site-packages/airflow/example_dags/example_params_ui_tutorial.py for tasks to queue
[2023-12-04T18:46:41.524+0000] {logging_mixin.py:151} INFO - [2023-12-04T18:46:41.524+0000] {dagbag.py:539} INFO - Filling up the DagBag from /home/airflow/.local/lib/python3.8/site-packages/airflow/example_dags/example_params_ui_tutorial.py
[2023-12-04T18:46:41.551+0000] {processor.py:839} INFO - DAG(s) dict_keys(['example_params_ui_tutorial']) retrieved from /home/airflow/.local/lib/python3.8/site-packages/airflow/example_dags/example_params_ui_tutorial.py
[2023-12-04T18:46:41.592+0000] {logging_mixin.py:151} INFO - [2023-12-04T18:46:41.591+0000] {dag.py:2915} INFO - Sync 1 DAGs
[2023-12-04T18:46:41.599+0000] {logging_mixin.py:151} INFO - [2023-12-04T18:46:41.599+0000] {dag.py:3696} INFO - Setting next_dagrun for example_params_ui_tutorial to None, run_after=None
[2023-12-04T18:46:41.610+0000] {processor.py:179} INFO - Processing /home/airflow/.local/lib/python3.8/site-packages/airflow/example_dags/example_params_ui_tutorial.py took 0.094 seconds
[2023-12-04T20:03:37.516+0000] {processor.py:157} INFO - Started process (PID=58051) to work on /home/airflow/.local/lib/python3.8/site-packages/airflow/example_dags/example_params_ui_tutorial.py
[2023-12-04T20:03:37.517+0000] {processor.py:829} INFO - Processing file /home/airflow/.local/lib/python3.8/site-packages/airflow/example_dags/example_params_ui_tutorial.py for tasks to queue
[2023-12-04T20:03:37.519+0000] {logging_mixin.py:151} INFO - [2023-12-04T20:03:37.519+0000] {dagbag.py:539} INFO - Filling up the DagBag from /home/airflow/.local/lib/python3.8/site-packages/airflow/example_dags/example_params_ui_tutorial.py
[2023-12-04T20:03:37.545+0000] {processor.py:839} INFO - DAG(s) dict_keys(['example_params_ui_tutorial']) retrieved from /home/airflow/.local/lib/python3.8/site-packages/airflow/example_dags/example_params_ui_tutorial.py
[2023-12-04T20:03:37.579+0000] {logging_mixin.py:151} INFO - [2023-12-04T20:03:37.579+0000] {dag.py:2915} INFO - Sync 1 DAGs
[2023-12-04T20:03:37.587+0000] {logging_mixin.py:151} INFO - [2023-12-04T20:03:37.587+0000] {dag.py:3696} INFO - Setting next_dagrun for example_params_ui_tutorial to None, run_after=None
[2023-12-04T20:03:37.597+0000] {processor.py:179} INFO - Processing /home/airflow/.local/lib/python3.8/site-packages/airflow/example_dags/example_params_ui_tutorial.py took 0.083 seconds
[2023-12-04T21:05:41.652+0000] {processor.py:157} INFO - Started process (PID=58105) to work on /home/airflow/.local/lib/python3.8/site-packages/airflow/example_dags/example_params_ui_tutorial.py
[2023-12-04T21:05:41.653+0000] {processor.py:829} INFO - Processing file /home/airflow/.local/lib/python3.8/site-packages/airflow/example_dags/example_params_ui_tutorial.py for tasks to queue
[2023-12-04T21:05:41.654+0000] {logging_mixin.py:151} INFO - [2023-12-04T21:05:41.654+0000] {dagbag.py:539} INFO - Filling up the DagBag from /home/airflow/.local/lib/python3.8/site-packages/airflow/example_dags/example_params_ui_tutorial.py
[2023-12-04T21:05:41.677+0000] {processor.py:839} INFO - DAG(s) dict_keys(['example_params_ui_tutorial']) retrieved from /home/airflow/.local/lib/python3.8/site-packages/airflow/example_dags/example_params_ui_tutorial.py
[2023-12-04T21:05:41.721+0000] {logging_mixin.py:151} INFO - [2023-12-04T21:05:41.721+0000] {dag.py:2915} INFO - Sync 1 DAGs
[2023-12-04T21:05:41.730+0000] {logging_mixin.py:151} INFO - [2023-12-04T21:05:41.730+0000] {dag.py:3696} INFO - Setting next_dagrun for example_params_ui_tutorial to None, run_after=None
[2023-12-04T21:05:41.739+0000] {processor.py:179} INFO - Processing /home/airflow/.local/lib/python3.8/site-packages/airflow/example_dags/example_params_ui_tutorial.py took 0.090 seconds
[2023-12-04T22:06:54.363+0000] {processor.py:157} INFO - Started process (PID=58159) to work on /home/airflow/.local/lib/python3.8/site-packages/airflow/example_dags/example_params_ui_tutorial.py
[2023-12-04T22:06:54.364+0000] {processor.py:829} INFO - Processing file /home/airflow/.local/lib/python3.8/site-packages/airflow/example_dags/example_params_ui_tutorial.py for tasks to queue
[2023-12-04T22:06:54.366+0000] {logging_mixin.py:151} INFO - [2023-12-04T22:06:54.366+0000] {dagbag.py:539} INFO - Filling up the DagBag from /home/airflow/.local/lib/python3.8/site-packages/airflow/example_dags/example_params_ui_tutorial.py
[2023-12-04T22:06:54.396+0000] {processor.py:839} INFO - DAG(s) dict_keys(['example_params_ui_tutorial']) retrieved from /home/airflow/.local/lib/python3.8/site-packages/airflow/example_dags/example_params_ui_tutorial.py
[2023-12-04T22:06:54.428+0000] {logging_mixin.py:151} INFO - [2023-12-04T22:06:54.428+0000] {dag.py:2915} INFO - Sync 1 DAGs
[2023-12-04T22:06:54.435+0000] {logging_mixin.py:151} INFO - [2023-12-04T22:06:54.435+0000] {dag.py:3696} INFO - Setting next_dagrun for example_params_ui_tutorial to None, run_after=None
[2023-12-04T22:06:54.447+0000] {processor.py:179} INFO - Processing /home/airflow/.local/lib/python3.8/site-packages/airflow/example_dags/example_params_ui_tutorial.py took 0.086 seconds
[2023-12-04T23:00:12.966+0000] {processor.py:157} INFO - Started process (PID=58213) to work on /home/airflow/.local/lib/python3.8/site-packages/airflow/example_dags/example_params_ui_tutorial.py
[2023-12-04T23:00:12.967+0000] {processor.py:829} INFO - Processing file /home/airflow/.local/lib/python3.8/site-packages/airflow/example_dags/example_params_ui_tutorial.py for tasks to queue
[2023-12-04T23:00:12.969+0000] {logging_mixin.py:151} INFO - [2023-12-04T23:00:12.969+0000] {dagbag.py:539} INFO - Filling up the DagBag from /home/airflow/.local/lib/python3.8/site-packages/airflow/example_dags/example_params_ui_tutorial.py
[2023-12-04T23:00:13.007+0000] {processor.py:839} INFO - DAG(s) dict_keys(['example_params_ui_tutorial']) retrieved from /home/airflow/.local/lib/python3.8/site-packages/airflow/example_dags/example_params_ui_tutorial.py
[2023-12-04T23:00:13.037+0000] {logging_mixin.py:151} INFO - [2023-12-04T23:00:13.037+0000] {dag.py:2915} INFO - Sync 1 DAGs
[2023-12-04T23:00:13.046+0000] {logging_mixin.py:151} INFO - [2023-12-04T23:00:13.046+0000] {dag.py:3696} INFO - Setting next_dagrun for example_params_ui_tutorial to None, run_after=None
[2023-12-04T23:00:13.057+0000] {processor.py:179} INFO - Processing /home/airflow/.local/lib/python3.8/site-packages/airflow/example_dags/example_params_ui_tutorial.py took 0.093 seconds
[2023-12-04T23:40:22.176+0000] {processor.py:157} INFO - Started process (PID=58267) to work on /home/airflow/.local/lib/python3.8/site-packages/airflow/example_dags/example_params_ui_tutorial.py
[2023-12-04T23:40:22.177+0000] {processor.py:829} INFO - Processing file /home/airflow/.local/lib/python3.8/site-packages/airflow/example_dags/example_params_ui_tutorial.py for tasks to queue
[2023-12-04T23:40:22.179+0000] {logging_mixin.py:151} INFO - [2023-12-04T23:40:22.179+0000] {dagbag.py:539} INFO - Filling up the DagBag from /home/airflow/.local/lib/python3.8/site-packages/airflow/example_dags/example_params_ui_tutorial.py
[2023-12-04T23:40:22.205+0000] {processor.py:839} INFO - DAG(s) dict_keys(['example_params_ui_tutorial']) retrieved from /home/airflow/.local/lib/python3.8/site-packages/airflow/example_dags/example_params_ui_tutorial.py
[2023-12-04T23:40:22.238+0000] {logging_mixin.py:151} INFO - [2023-12-04T23:40:22.238+0000] {dag.py:2915} INFO - Sync 1 DAGs
[2023-12-04T23:40:22.247+0000] {logging_mixin.py:151} INFO - [2023-12-04T23:40:22.247+0000] {dag.py:3696} INFO - Setting next_dagrun for example_params_ui_tutorial to None, run_after=None
[2023-12-04T23:40:22.277+0000] {processor.py:179} INFO - Processing /home/airflow/.local/lib/python3.8/site-packages/airflow/example_dags/example_params_ui_tutorial.py took 0.103 seconds
[2023-12-04T23:42:52.631+0000] {processor.py:157} INFO - Started process (PID=58321) to work on /home/airflow/.local/lib/python3.8/site-packages/airflow/example_dags/example_params_ui_tutorial.py
[2023-12-04T23:42:52.633+0000] {processor.py:829} INFO - Processing file /home/airflow/.local/lib/python3.8/site-packages/airflow/example_dags/example_params_ui_tutorial.py for tasks to queue
[2023-12-04T23:42:52.635+0000] {logging_mixin.py:151} INFO - [2023-12-04T23:42:52.635+0000] {dagbag.py:539} INFO - Filling up the DagBag from /home/airflow/.local/lib/python3.8/site-packages/airflow/example_dags/example_params_ui_tutorial.py
[2023-12-04T23:42:52.663+0000] {processor.py:839} INFO - DAG(s) dict_keys(['example_params_ui_tutorial']) retrieved from /home/airflow/.local/lib/python3.8/site-packages/airflow/example_dags/example_params_ui_tutorial.py
[2023-12-04T23:42:52.696+0000] {logging_mixin.py:151} INFO - [2023-12-04T23:42:52.696+0000] {dag.py:2915} INFO - Sync 1 DAGs
[2023-12-04T23:42:52.705+0000] {logging_mixin.py:151} INFO - [2023-12-04T23:42:52.705+0000] {dag.py:3696} INFO - Setting next_dagrun for example_params_ui_tutorial to None, run_after=None
[2023-12-04T23:42:52.717+0000] {processor.py:179} INFO - Processing /home/airflow/.local/lib/python3.8/site-packages/airflow/example_dags/example_params_ui_tutorial.py took 0.097 seconds
