[2023-12-04T00:36:58.627+0000] {processor.py:157} INFO - Started process (PID=56713) to work on /home/airflow/.local/lib/python3.8/site-packages/airflow/example_dags/tutorial_taskflow_api.py
[2023-12-04T00:36:58.629+0000] {processor.py:829} INFO - Processing file /home/airflow/.local/lib/python3.8/site-packages/airflow/example_dags/tutorial_taskflow_api.py for tasks to queue
[2023-12-04T00:36:58.632+0000] {logging_mixin.py:151} INFO - [2023-12-04T00:36:58.632+0000] {dagbag.py:539} INFO - Filling up the DagBag from /home/airflow/.local/lib/python3.8/site-packages/airflow/example_dags/tutorial_taskflow_api.py
[2023-12-04T00:36:58.638+0000] {processor.py:839} INFO - DAG(s) dict_keys(['tutorial_taskflow_api']) retrieved from /home/airflow/.local/lib/python3.8/site-packages/airflow/example_dags/tutorial_taskflow_api.py
[2023-12-04T00:36:58.656+0000] {logging_mixin.py:151} INFO - [2023-12-04T00:36:58.656+0000] {dag.py:2915} INFO - Sync 1 DAGs
[2023-12-04T00:36:58.681+0000] {logging_mixin.py:151} INFO - [2023-12-04T00:36:58.681+0000] {dag.py:3696} INFO - Setting next_dagrun for tutorial_taskflow_api to None, run_after=None
[2023-12-04T00:36:58.706+0000] {processor.py:179} INFO - Processing /home/airflow/.local/lib/python3.8/site-packages/airflow/example_dags/tutorial_taskflow_api.py took 0.086 seconds
[2023-12-04T00:52:37.597+0000] {processor.py:157} INFO - Started process (PID=56767) to work on /home/airflow/.local/lib/python3.8/site-packages/airflow/example_dags/tutorial_taskflow_api.py
[2023-12-04T00:52:37.598+0000] {processor.py:829} INFO - Processing file /home/airflow/.local/lib/python3.8/site-packages/airflow/example_dags/tutorial_taskflow_api.py for tasks to queue
[2023-12-04T00:52:37.599+0000] {logging_mixin.py:151} INFO - [2023-12-04T00:52:37.599+0000] {dagbag.py:539} INFO - Filling up the DagBag from /home/airflow/.local/lib/python3.8/site-packages/airflow/example_dags/tutorial_taskflow_api.py
[2023-12-04T00:52:37.604+0000] {processor.py:839} INFO - DAG(s) dict_keys(['tutorial_taskflow_api']) retrieved from /home/airflow/.local/lib/python3.8/site-packages/airflow/example_dags/tutorial_taskflow_api.py
[2023-12-04T00:52:37.618+0000] {logging_mixin.py:151} INFO - [2023-12-04T00:52:37.618+0000] {dag.py:2915} INFO - Sync 1 DAGs
[2023-12-04T00:52:37.626+0000] {logging_mixin.py:151} INFO - [2023-12-04T00:52:37.626+0000] {dag.py:3696} INFO - Setting next_dagrun for tutorial_taskflow_api to None, run_after=None
[2023-12-04T00:52:37.638+0000] {processor.py:179} INFO - Processing /home/airflow/.local/lib/python3.8/site-packages/airflow/example_dags/tutorial_taskflow_api.py took 0.044 seconds
[2023-12-04T01:58:51.105+0000] {processor.py:157} INFO - Started process (PID=56821) to work on /home/airflow/.local/lib/python3.8/site-packages/airflow/example_dags/tutorial_taskflow_api.py
[2023-12-04T01:58:51.106+0000] {processor.py:829} INFO - Processing file /home/airflow/.local/lib/python3.8/site-packages/airflow/example_dags/tutorial_taskflow_api.py for tasks to queue
[2023-12-04T01:58:51.108+0000] {logging_mixin.py:151} INFO - [2023-12-04T01:58:51.108+0000] {dagbag.py:539} INFO - Filling up the DagBag from /home/airflow/.local/lib/python3.8/site-packages/airflow/example_dags/tutorial_taskflow_api.py
[2023-12-04T01:58:51.114+0000] {processor.py:839} INFO - DAG(s) dict_keys(['tutorial_taskflow_api']) retrieved from /home/airflow/.local/lib/python3.8/site-packages/airflow/example_dags/tutorial_taskflow_api.py
[2023-12-04T01:58:51.133+0000] {logging_mixin.py:151} INFO - [2023-12-04T01:58:51.133+0000] {dag.py:2915} INFO - Sync 1 DAGs
[2023-12-04T01:58:51.142+0000] {logging_mixin.py:151} INFO - [2023-12-04T01:58:51.142+0000] {dag.py:3696} INFO - Setting next_dagrun for tutorial_taskflow_api to None, run_after=None
[2023-12-04T01:58:51.153+0000] {processor.py:179} INFO - Processing /home/airflow/.local/lib/python3.8/site-packages/airflow/example_dags/tutorial_taskflow_api.py took 0.053 seconds
[2023-12-04T02:50:06.936+0000] {processor.py:157} INFO - Started process (PID=56875) to work on /home/airflow/.local/lib/python3.8/site-packages/airflow/example_dags/tutorial_taskflow_api.py
[2023-12-04T02:50:06.937+0000] {processor.py:829} INFO - Processing file /home/airflow/.local/lib/python3.8/site-packages/airflow/example_dags/tutorial_taskflow_api.py for tasks to queue
[2023-12-04T02:50:06.939+0000] {logging_mixin.py:151} INFO - [2023-12-04T02:50:06.939+0000] {dagbag.py:539} INFO - Filling up the DagBag from /home/airflow/.local/lib/python3.8/site-packages/airflow/example_dags/tutorial_taskflow_api.py
[2023-12-04T02:50:06.944+0000] {processor.py:839} INFO - DAG(s) dict_keys(['tutorial_taskflow_api']) retrieved from /home/airflow/.local/lib/python3.8/site-packages/airflow/example_dags/tutorial_taskflow_api.py
[2023-12-04T02:50:06.959+0000] {logging_mixin.py:151} INFO - [2023-12-04T02:50:06.959+0000] {dag.py:2915} INFO - Sync 1 DAGs
[2023-12-04T02:50:06.968+0000] {logging_mixin.py:151} INFO - [2023-12-04T02:50:06.968+0000] {dag.py:3696} INFO - Setting next_dagrun for tutorial_taskflow_api to None, run_after=None
[2023-12-04T02:50:06.996+0000] {processor.py:179} INFO - Processing /home/airflow/.local/lib/python3.8/site-packages/airflow/example_dags/tutorial_taskflow_api.py took 0.062 seconds
[2023-12-04T03:27:29.100+0000] {processor.py:157} INFO - Started process (PID=56929) to work on /home/airflow/.local/lib/python3.8/site-packages/airflow/example_dags/tutorial_taskflow_api.py
[2023-12-04T03:27:29.103+0000] {processor.py:829} INFO - Processing file /home/airflow/.local/lib/python3.8/site-packages/airflow/example_dags/tutorial_taskflow_api.py for tasks to queue
[2023-12-04T03:27:29.110+0000] {logging_mixin.py:151} INFO - [2023-12-04T03:27:29.109+0000] {dagbag.py:539} INFO - Filling up the DagBag from /home/airflow/.local/lib/python3.8/site-packages/airflow/example_dags/tutorial_taskflow_api.py
[2023-12-04T03:27:29.120+0000] {processor.py:839} INFO - DAG(s) dict_keys(['tutorial_taskflow_api']) retrieved from /home/airflow/.local/lib/python3.8/site-packages/airflow/example_dags/tutorial_taskflow_api.py
[2023-12-04T03:27:29.155+0000] {logging_mixin.py:151} INFO - [2023-12-04T03:27:29.155+0000] {dag.py:2915} INFO - Sync 1 DAGs
[2023-12-04T03:27:29.167+0000] {logging_mixin.py:151} INFO - [2023-12-04T03:27:29.166+0000] {dag.py:3696} INFO - Setting next_dagrun for tutorial_taskflow_api to None, run_after=None
[2023-12-04T03:27:29.179+0000] {processor.py:179} INFO - Processing /home/airflow/.local/lib/python3.8/site-packages/airflow/example_dags/tutorial_taskflow_api.py took 0.086 seconds
[2023-12-04T04:48:39.329+0000] {processor.py:157} INFO - Started process (PID=56983) to work on /home/airflow/.local/lib/python3.8/site-packages/airflow/example_dags/tutorial_taskflow_api.py
[2023-12-04T04:48:39.331+0000] {processor.py:829} INFO - Processing file /home/airflow/.local/lib/python3.8/site-packages/airflow/example_dags/tutorial_taskflow_api.py for tasks to queue
[2023-12-04T04:48:39.336+0000] {logging_mixin.py:151} INFO - [2023-12-04T04:48:39.335+0000] {dagbag.py:539} INFO - Filling up the DagBag from /home/airflow/.local/lib/python3.8/site-packages/airflow/example_dags/tutorial_taskflow_api.py
[2023-12-04T04:48:39.356+0000] {processor.py:839} INFO - DAG(s) dict_keys(['tutorial_taskflow_api']) retrieved from /home/airflow/.local/lib/python3.8/site-packages/airflow/example_dags/tutorial_taskflow_api.py
[2023-12-04T04:48:39.390+0000] {logging_mixin.py:151} INFO - [2023-12-04T04:48:39.390+0000] {dag.py:2915} INFO - Sync 1 DAGs
[2023-12-04T04:48:39.404+0000] {logging_mixin.py:151} INFO - [2023-12-04T04:48:39.404+0000] {dag.py:3696} INFO - Setting next_dagrun for tutorial_taskflow_api to None, run_after=None
[2023-12-04T04:48:39.418+0000] {processor.py:179} INFO - Processing /home/airflow/.local/lib/python3.8/site-packages/airflow/example_dags/tutorial_taskflow_api.py took 0.095 seconds
[2023-12-04T05:34:46.518+0000] {processor.py:157} INFO - Started process (PID=57037) to work on /home/airflow/.local/lib/python3.8/site-packages/airflow/example_dags/tutorial_taskflow_api.py
[2023-12-04T05:34:46.519+0000] {processor.py:829} INFO - Processing file /home/airflow/.local/lib/python3.8/site-packages/airflow/example_dags/tutorial_taskflow_api.py for tasks to queue
[2023-12-04T05:34:46.522+0000] {logging_mixin.py:151} INFO - [2023-12-04T05:34:46.521+0000] {dagbag.py:539} INFO - Filling up the DagBag from /home/airflow/.local/lib/python3.8/site-packages/airflow/example_dags/tutorial_taskflow_api.py
[2023-12-04T05:34:46.528+0000] {processor.py:839} INFO - DAG(s) dict_keys(['tutorial_taskflow_api']) retrieved from /home/airflow/.local/lib/python3.8/site-packages/airflow/example_dags/tutorial_taskflow_api.py
[2023-12-04T05:34:46.545+0000] {logging_mixin.py:151} INFO - [2023-12-04T05:34:46.544+0000] {dag.py:2915} INFO - Sync 1 DAGs
[2023-12-04T05:34:46.554+0000] {logging_mixin.py:151} INFO - [2023-12-04T05:34:46.553+0000] {dag.py:3696} INFO - Setting next_dagrun for tutorial_taskflow_api to None, run_after=None
[2023-12-04T05:34:46.565+0000] {processor.py:179} INFO - Processing /home/airflow/.local/lib/python3.8/site-packages/airflow/example_dags/tutorial_taskflow_api.py took 0.050 seconds
[2023-12-04T06:59:13.566+0000] {processor.py:157} INFO - Started process (PID=57091) to work on /home/airflow/.local/lib/python3.8/site-packages/airflow/example_dags/tutorial_taskflow_api.py
[2023-12-04T06:59:13.568+0000] {processor.py:829} INFO - Processing file /home/airflow/.local/lib/python3.8/site-packages/airflow/example_dags/tutorial_taskflow_api.py for tasks to queue
[2023-12-04T06:59:13.571+0000] {logging_mixin.py:151} INFO - [2023-12-04T06:59:13.570+0000] {dagbag.py:539} INFO - Filling up the DagBag from /home/airflow/.local/lib/python3.8/site-packages/airflow/example_dags/tutorial_taskflow_api.py
[2023-12-04T06:59:13.576+0000] {processor.py:839} INFO - DAG(s) dict_keys(['tutorial_taskflow_api']) retrieved from /home/airflow/.local/lib/python3.8/site-packages/airflow/example_dags/tutorial_taskflow_api.py
[2023-12-04T06:59:13.598+0000] {logging_mixin.py:151} INFO - [2023-12-04T06:59:13.598+0000] {dag.py:2915} INFO - Sync 1 DAGs
[2023-12-04T06:59:13.610+0000] {logging_mixin.py:151} INFO - [2023-12-04T06:59:13.609+0000] {dag.py:3696} INFO - Setting next_dagrun for tutorial_taskflow_api to None, run_after=None
[2023-12-04T06:59:13.621+0000] {processor.py:179} INFO - Processing /home/airflow/.local/lib/python3.8/site-packages/airflow/example_dags/tutorial_taskflow_api.py took 0.060 seconds
[2023-12-04T07:35:44.568+0000] {processor.py:157} INFO - Started process (PID=57145) to work on /home/airflow/.local/lib/python3.8/site-packages/airflow/example_dags/tutorial_taskflow_api.py
[2023-12-04T07:35:44.569+0000] {processor.py:829} INFO - Processing file /home/airflow/.local/lib/python3.8/site-packages/airflow/example_dags/tutorial_taskflow_api.py for tasks to queue
[2023-12-04T07:35:44.571+0000] {logging_mixin.py:151} INFO - [2023-12-04T07:35:44.571+0000] {dagbag.py:539} INFO - Filling up the DagBag from /home/airflow/.local/lib/python3.8/site-packages/airflow/example_dags/tutorial_taskflow_api.py
[2023-12-04T07:35:44.577+0000] {processor.py:839} INFO - DAG(s) dict_keys(['tutorial_taskflow_api']) retrieved from /home/airflow/.local/lib/python3.8/site-packages/airflow/example_dags/tutorial_taskflow_api.py
[2023-12-04T07:35:44.600+0000] {logging_mixin.py:151} INFO - [2023-12-04T07:35:44.599+0000] {dag.py:2915} INFO - Sync 1 DAGs
[2023-12-04T07:35:44.609+0000] {logging_mixin.py:151} INFO - [2023-12-04T07:35:44.609+0000] {dag.py:3696} INFO - Setting next_dagrun for tutorial_taskflow_api to None, run_after=None
[2023-12-04T07:35:44.621+0000] {processor.py:179} INFO - Processing /home/airflow/.local/lib/python3.8/site-packages/airflow/example_dags/tutorial_taskflow_api.py took 0.056 seconds
[2023-12-04T08:36:33.077+0000] {processor.py:157} INFO - Started process (PID=57199) to work on /home/airflow/.local/lib/python3.8/site-packages/airflow/example_dags/tutorial_taskflow_api.py
[2023-12-04T08:36:33.078+0000] {processor.py:829} INFO - Processing file /home/airflow/.local/lib/python3.8/site-packages/airflow/example_dags/tutorial_taskflow_api.py for tasks to queue
[2023-12-04T08:36:33.079+0000] {logging_mixin.py:151} INFO - [2023-12-04T08:36:33.079+0000] {dagbag.py:539} INFO - Filling up the DagBag from /home/airflow/.local/lib/python3.8/site-packages/airflow/example_dags/tutorial_taskflow_api.py
[2023-12-04T08:36:33.083+0000] {processor.py:839} INFO - DAG(s) dict_keys(['tutorial_taskflow_api']) retrieved from /home/airflow/.local/lib/python3.8/site-packages/airflow/example_dags/tutorial_taskflow_api.py
[2023-12-04T08:36:33.099+0000] {logging_mixin.py:151} INFO - [2023-12-04T08:36:33.099+0000] {dag.py:2915} INFO - Sync 1 DAGs
[2023-12-04T08:36:33.118+0000] {logging_mixin.py:151} INFO - [2023-12-04T08:36:33.117+0000] {dag.py:3696} INFO - Setting next_dagrun for tutorial_taskflow_api to None, run_after=None
[2023-12-04T08:36:33.133+0000] {processor.py:179} INFO - Processing /home/airflow/.local/lib/python3.8/site-packages/airflow/example_dags/tutorial_taskflow_api.py took 0.058 seconds
[2023-12-04T09:37:38.358+0000] {processor.py:157} INFO - Started process (PID=57254) to work on /home/airflow/.local/lib/python3.8/site-packages/airflow/example_dags/tutorial_taskflow_api.py
[2023-12-04T09:37:38.362+0000] {processor.py:829} INFO - Processing file /home/airflow/.local/lib/python3.8/site-packages/airflow/example_dags/tutorial_taskflow_api.py for tasks to queue
[2023-12-04T09:37:38.371+0000] {logging_mixin.py:151} INFO - [2023-12-04T09:37:38.370+0000] {dagbag.py:539} INFO - Filling up the DagBag from /home/airflow/.local/lib/python3.8/site-packages/airflow/example_dags/tutorial_taskflow_api.py
[2023-12-04T09:37:38.385+0000] {processor.py:839} INFO - DAG(s) dict_keys(['tutorial_taskflow_api']) retrieved from /home/airflow/.local/lib/python3.8/site-packages/airflow/example_dags/tutorial_taskflow_api.py
[2023-12-04T09:37:38.408+0000] {logging_mixin.py:151} INFO - [2023-12-04T09:37:38.408+0000] {dag.py:2915} INFO - Sync 1 DAGs
[2023-12-04T09:37:38.418+0000] {logging_mixin.py:151} INFO - [2023-12-04T09:37:38.417+0000] {dag.py:3696} INFO - Setting next_dagrun for tutorial_taskflow_api to None, run_after=None
[2023-12-04T09:37:38.445+0000] {processor.py:179} INFO - Processing /home/airflow/.local/lib/python3.8/site-packages/airflow/example_dags/tutorial_taskflow_api.py took 0.094 seconds
[2023-12-04T10:06:21.211+0000] {processor.py:157} INFO - Started process (PID=57308) to work on /home/airflow/.local/lib/python3.8/site-packages/airflow/example_dags/tutorial_taskflow_api.py
[2023-12-04T10:06:21.213+0000] {processor.py:829} INFO - Processing file /home/airflow/.local/lib/python3.8/site-packages/airflow/example_dags/tutorial_taskflow_api.py for tasks to queue
[2023-12-04T10:06:21.216+0000] {logging_mixin.py:151} INFO - [2023-12-04T10:06:21.216+0000] {dagbag.py:539} INFO - Filling up the DagBag from /home/airflow/.local/lib/python3.8/site-packages/airflow/example_dags/tutorial_taskflow_api.py
[2023-12-04T10:06:21.226+0000] {processor.py:839} INFO - DAG(s) dict_keys(['tutorial_taskflow_api']) retrieved from /home/airflow/.local/lib/python3.8/site-packages/airflow/example_dags/tutorial_taskflow_api.py
[2023-12-04T10:06:21.251+0000] {logging_mixin.py:151} INFO - [2023-12-04T10:06:21.251+0000] {dag.py:2915} INFO - Sync 1 DAGs
[2023-12-04T10:06:21.280+0000] {logging_mixin.py:151} INFO - [2023-12-04T10:06:21.279+0000] {dag.py:3696} INFO - Setting next_dagrun for tutorial_taskflow_api to None, run_after=None
[2023-12-04T10:06:21.308+0000] {processor.py:179} INFO - Processing /home/airflow/.local/lib/python3.8/site-packages/airflow/example_dags/tutorial_taskflow_api.py took 0.106 seconds
[2023-12-04T10:22:31.010+0000] {processor.py:157} INFO - Started process (PID=57362) to work on /home/airflow/.local/lib/python3.8/site-packages/airflow/example_dags/tutorial_taskflow_api.py
[2023-12-04T10:22:31.012+0000] {processor.py:829} INFO - Processing file /home/airflow/.local/lib/python3.8/site-packages/airflow/example_dags/tutorial_taskflow_api.py for tasks to queue
[2023-12-04T10:22:31.014+0000] {logging_mixin.py:151} INFO - [2023-12-04T10:22:31.014+0000] {dagbag.py:539} INFO - Filling up the DagBag from /home/airflow/.local/lib/python3.8/site-packages/airflow/example_dags/tutorial_taskflow_api.py
[2023-12-04T10:22:31.019+0000] {processor.py:839} INFO - DAG(s) dict_keys(['tutorial_taskflow_api']) retrieved from /home/airflow/.local/lib/python3.8/site-packages/airflow/example_dags/tutorial_taskflow_api.py
[2023-12-04T10:22:31.058+0000] {logging_mixin.py:151} INFO - [2023-12-04T10:22:31.058+0000] {dag.py:2915} INFO - Sync 1 DAGs
[2023-12-04T10:22:31.069+0000] {logging_mixin.py:151} INFO - [2023-12-04T10:22:31.069+0000] {dag.py:3696} INFO - Setting next_dagrun for tutorial_taskflow_api to None, run_after=None
[2023-12-04T10:22:31.096+0000] {processor.py:179} INFO - Processing /home/airflow/.local/lib/python3.8/site-packages/airflow/example_dags/tutorial_taskflow_api.py took 0.091 seconds
[2023-12-04T10:38:36.314+0000] {processor.py:157} INFO - Started process (PID=57416) to work on /home/airflow/.local/lib/python3.8/site-packages/airflow/example_dags/tutorial_taskflow_api.py
[2023-12-04T10:38:36.315+0000] {processor.py:829} INFO - Processing file /home/airflow/.local/lib/python3.8/site-packages/airflow/example_dags/tutorial_taskflow_api.py for tasks to queue
[2023-12-04T10:38:36.316+0000] {logging_mixin.py:151} INFO - [2023-12-04T10:38:36.316+0000] {dagbag.py:539} INFO - Filling up the DagBag from /home/airflow/.local/lib/python3.8/site-packages/airflow/example_dags/tutorial_taskflow_api.py
[2023-12-04T10:38:36.321+0000] {processor.py:839} INFO - DAG(s) dict_keys(['tutorial_taskflow_api']) retrieved from /home/airflow/.local/lib/python3.8/site-packages/airflow/example_dags/tutorial_taskflow_api.py
[2023-12-04T10:38:36.334+0000] {logging_mixin.py:151} INFO - [2023-12-04T10:38:36.334+0000] {dag.py:2915} INFO - Sync 1 DAGs
[2023-12-04T10:38:36.344+0000] {logging_mixin.py:151} INFO - [2023-12-04T10:38:36.344+0000] {dag.py:3696} INFO - Setting next_dagrun for tutorial_taskflow_api to None, run_after=None
[2023-12-04T10:38:36.355+0000] {processor.py:179} INFO - Processing /home/airflow/.local/lib/python3.8/site-packages/airflow/example_dags/tutorial_taskflow_api.py took 0.044 seconds
[2023-12-04T10:52:22.492+0000] {processor.py:157} INFO - Started process (PID=57470) to work on /home/airflow/.local/lib/python3.8/site-packages/airflow/example_dags/tutorial_taskflow_api.py
[2023-12-04T10:52:22.493+0000] {processor.py:829} INFO - Processing file /home/airflow/.local/lib/python3.8/site-packages/airflow/example_dags/tutorial_taskflow_api.py for tasks to queue
[2023-12-04T10:52:22.495+0000] {logging_mixin.py:151} INFO - [2023-12-04T10:52:22.495+0000] {dagbag.py:539} INFO - Filling up the DagBag from /home/airflow/.local/lib/python3.8/site-packages/airflow/example_dags/tutorial_taskflow_api.py
[2023-12-04T10:52:22.499+0000] {processor.py:839} INFO - DAG(s) dict_keys(['tutorial_taskflow_api']) retrieved from /home/airflow/.local/lib/python3.8/site-packages/airflow/example_dags/tutorial_taskflow_api.py
[2023-12-04T10:52:22.515+0000] {logging_mixin.py:151} INFO - [2023-12-04T10:52:22.514+0000] {dag.py:2915} INFO - Sync 1 DAGs
[2023-12-04T10:52:22.527+0000] {logging_mixin.py:151} INFO - [2023-12-04T10:52:22.527+0000] {dag.py:3696} INFO - Setting next_dagrun for tutorial_taskflow_api to None, run_after=None
[2023-12-04T10:52:22.540+0000] {processor.py:179} INFO - Processing /home/airflow/.local/lib/python3.8/site-packages/airflow/example_dags/tutorial_taskflow_api.py took 0.051 seconds
[2023-12-04T11:39:38.803+0000] {processor.py:157} INFO - Started process (PID=57524) to work on /home/airflow/.local/lib/python3.8/site-packages/airflow/example_dags/tutorial_taskflow_api.py
[2023-12-04T11:39:38.805+0000] {processor.py:829} INFO - Processing file /home/airflow/.local/lib/python3.8/site-packages/airflow/example_dags/tutorial_taskflow_api.py for tasks to queue
[2023-12-04T11:39:38.807+0000] {logging_mixin.py:151} INFO - [2023-12-04T11:39:38.807+0000] {dagbag.py:539} INFO - Filling up the DagBag from /home/airflow/.local/lib/python3.8/site-packages/airflow/example_dags/tutorial_taskflow_api.py
[2023-12-04T11:39:38.816+0000] {processor.py:839} INFO - DAG(s) dict_keys(['tutorial_taskflow_api']) retrieved from /home/airflow/.local/lib/python3.8/site-packages/airflow/example_dags/tutorial_taskflow_api.py
[2023-12-04T11:39:38.841+0000] {logging_mixin.py:151} INFO - [2023-12-04T11:39:38.841+0000] {dag.py:2915} INFO - Sync 1 DAGs
[2023-12-04T11:39:38.863+0000] {logging_mixin.py:151} INFO - [2023-12-04T11:39:38.863+0000] {dag.py:3696} INFO - Setting next_dagrun for tutorial_taskflow_api to None, run_after=None
[2023-12-04T11:39:38.891+0000] {processor.py:179} INFO - Processing /home/airflow/.local/lib/python3.8/site-packages/airflow/example_dags/tutorial_taskflow_api.py took 0.091 seconds
[2023-12-04T12:40:34.326+0000] {processor.py:157} INFO - Started process (PID=57578) to work on /home/airflow/.local/lib/python3.8/site-packages/airflow/example_dags/tutorial_taskflow_api.py
[2023-12-04T12:40:34.327+0000] {processor.py:829} INFO - Processing file /home/airflow/.local/lib/python3.8/site-packages/airflow/example_dags/tutorial_taskflow_api.py for tasks to queue
[2023-12-04T12:40:34.328+0000] {logging_mixin.py:151} INFO - [2023-12-04T12:40:34.328+0000] {dagbag.py:539} INFO - Filling up the DagBag from /home/airflow/.local/lib/python3.8/site-packages/airflow/example_dags/tutorial_taskflow_api.py
[2023-12-04T12:40:34.333+0000] {processor.py:839} INFO - DAG(s) dict_keys(['tutorial_taskflow_api']) retrieved from /home/airflow/.local/lib/python3.8/site-packages/airflow/example_dags/tutorial_taskflow_api.py
[2023-12-04T12:40:34.346+0000] {logging_mixin.py:151} INFO - [2023-12-04T12:40:34.346+0000] {dag.py:2915} INFO - Sync 1 DAGs
[2023-12-04T12:40:34.361+0000] {logging_mixin.py:151} INFO - [2023-12-04T12:40:34.361+0000] {dag.py:3696} INFO - Setting next_dagrun for tutorial_taskflow_api to None, run_after=None
[2023-12-04T12:40:34.377+0000] {processor.py:179} INFO - Processing /home/airflow/.local/lib/python3.8/site-packages/airflow/example_dags/tutorial_taskflow_api.py took 0.053 seconds
[2023-12-04T13:10:50.875+0000] {processor.py:157} INFO - Started process (PID=57632) to work on /home/airflow/.local/lib/python3.8/site-packages/airflow/example_dags/tutorial_taskflow_api.py
[2023-12-04T13:10:50.876+0000] {processor.py:829} INFO - Processing file /home/airflow/.local/lib/python3.8/site-packages/airflow/example_dags/tutorial_taskflow_api.py for tasks to queue
[2023-12-04T13:10:50.878+0000] {logging_mixin.py:151} INFO - [2023-12-04T13:10:50.878+0000] {dagbag.py:539} INFO - Filling up the DagBag from /home/airflow/.local/lib/python3.8/site-packages/airflow/example_dags/tutorial_taskflow_api.py
[2023-12-04T13:10:50.884+0000] {processor.py:839} INFO - DAG(s) dict_keys(['tutorial_taskflow_api']) retrieved from /home/airflow/.local/lib/python3.8/site-packages/airflow/example_dags/tutorial_taskflow_api.py
[2023-12-04T13:10:50.903+0000] {logging_mixin.py:151} INFO - [2023-12-04T13:10:50.902+0000] {dag.py:2915} INFO - Sync 1 DAGs
[2023-12-04T13:10:50.912+0000] {logging_mixin.py:151} INFO - [2023-12-04T13:10:50.912+0000] {dag.py:3696} INFO - Setting next_dagrun for tutorial_taskflow_api to None, run_after=None
[2023-12-04T13:10:50.924+0000] {processor.py:179} INFO - Processing /home/airflow/.local/lib/python3.8/site-packages/airflow/example_dags/tutorial_taskflow_api.py took 0.052 seconds
[2023-12-04T13:32:08.271+0000] {processor.py:157} INFO - Started process (PID=57686) to work on /home/airflow/.local/lib/python3.8/site-packages/airflow/example_dags/tutorial_taskflow_api.py
[2023-12-04T13:32:08.272+0000] {processor.py:829} INFO - Processing file /home/airflow/.local/lib/python3.8/site-packages/airflow/example_dags/tutorial_taskflow_api.py for tasks to queue
[2023-12-04T13:32:08.273+0000] {logging_mixin.py:151} INFO - [2023-12-04T13:32:08.273+0000] {dagbag.py:539} INFO - Filling up the DagBag from /home/airflow/.local/lib/python3.8/site-packages/airflow/example_dags/tutorial_taskflow_api.py
[2023-12-04T13:32:08.279+0000] {processor.py:839} INFO - DAG(s) dict_keys(['tutorial_taskflow_api']) retrieved from /home/airflow/.local/lib/python3.8/site-packages/airflow/example_dags/tutorial_taskflow_api.py
[2023-12-04T13:32:08.293+0000] {logging_mixin.py:151} INFO - [2023-12-04T13:32:08.293+0000] {dag.py:2915} INFO - Sync 1 DAGs
[2023-12-04T13:32:08.301+0000] {logging_mixin.py:151} INFO - [2023-12-04T13:32:08.301+0000] {dag.py:3696} INFO - Setting next_dagrun for tutorial_taskflow_api to None, run_after=None
[2023-12-04T13:32:08.311+0000] {processor.py:179} INFO - Processing /home/airflow/.local/lib/python3.8/site-packages/airflow/example_dags/tutorial_taskflow_api.py took 0.043 seconds
[2023-12-04T13:53:01.165+0000] {processor.py:157} INFO - Started process (PID=57740) to work on /home/airflow/.local/lib/python3.8/site-packages/airflow/example_dags/tutorial_taskflow_api.py
[2023-12-04T13:53:01.166+0000] {processor.py:829} INFO - Processing file /home/airflow/.local/lib/python3.8/site-packages/airflow/example_dags/tutorial_taskflow_api.py for tasks to queue
[2023-12-04T13:53:01.168+0000] {logging_mixin.py:151} INFO - [2023-12-04T13:53:01.168+0000] {dagbag.py:539} INFO - Filling up the DagBag from /home/airflow/.local/lib/python3.8/site-packages/airflow/example_dags/tutorial_taskflow_api.py
[2023-12-04T13:53:01.175+0000] {processor.py:839} INFO - DAG(s) dict_keys(['tutorial_taskflow_api']) retrieved from /home/airflow/.local/lib/python3.8/site-packages/airflow/example_dags/tutorial_taskflow_api.py
[2023-12-04T13:53:01.189+0000] {logging_mixin.py:151} INFO - [2023-12-04T13:53:01.189+0000] {dag.py:2915} INFO - Sync 1 DAGs
[2023-12-04T13:53:01.197+0000] {logging_mixin.py:151} INFO - [2023-12-04T13:53:01.197+0000] {dag.py:3696} INFO - Setting next_dagrun for tutorial_taskflow_api to None, run_after=None
[2023-12-04T13:53:01.209+0000] {processor.py:179} INFO - Processing /home/airflow/.local/lib/python3.8/site-packages/airflow/example_dags/tutorial_taskflow_api.py took 0.047 seconds
[2023-12-04T14:42:35.406+0000] {processor.py:157} INFO - Started process (PID=57794) to work on /home/airflow/.local/lib/python3.8/site-packages/airflow/example_dags/tutorial_taskflow_api.py
[2023-12-04T14:42:35.407+0000] {processor.py:829} INFO - Processing file /home/airflow/.local/lib/python3.8/site-packages/airflow/example_dags/tutorial_taskflow_api.py for tasks to queue
[2023-12-04T14:42:35.410+0000] {logging_mixin.py:151} INFO - [2023-12-04T14:42:35.409+0000] {dagbag.py:539} INFO - Filling up the DagBag from /home/airflow/.local/lib/python3.8/site-packages/airflow/example_dags/tutorial_taskflow_api.py
[2023-12-04T14:42:35.417+0000] {processor.py:839} INFO - DAG(s) dict_keys(['tutorial_taskflow_api']) retrieved from /home/airflow/.local/lib/python3.8/site-packages/airflow/example_dags/tutorial_taskflow_api.py
[2023-12-04T14:42:35.521+0000] {logging_mixin.py:151} INFO - [2023-12-04T14:42:35.521+0000] {dag.py:2915} INFO - Sync 1 DAGs
[2023-12-04T14:42:35.532+0000] {logging_mixin.py:151} INFO - [2023-12-04T14:42:35.532+0000] {dag.py:3696} INFO - Setting next_dagrun for tutorial_taskflow_api to None, run_after=None
[2023-12-04T14:42:35.560+0000] {processor.py:179} INFO - Processing /home/airflow/.local/lib/python3.8/site-packages/airflow/example_dags/tutorial_taskflow_api.py took 0.157 seconds
[2023-12-04T15:43:38.711+0000] {processor.py:157} INFO - Started process (PID=57848) to work on /home/airflow/.local/lib/python3.8/site-packages/airflow/example_dags/tutorial_taskflow_api.py
[2023-12-04T15:43:38.712+0000] {processor.py:829} INFO - Processing file /home/airflow/.local/lib/python3.8/site-packages/airflow/example_dags/tutorial_taskflow_api.py for tasks to queue
[2023-12-04T15:43:38.714+0000] {logging_mixin.py:151} INFO - [2023-12-04T15:43:38.714+0000] {dagbag.py:539} INFO - Filling up the DagBag from /home/airflow/.local/lib/python3.8/site-packages/airflow/example_dags/tutorial_taskflow_api.py
[2023-12-04T15:43:38.718+0000] {processor.py:839} INFO - DAG(s) dict_keys(['tutorial_taskflow_api']) retrieved from /home/airflow/.local/lib/python3.8/site-packages/airflow/example_dags/tutorial_taskflow_api.py
[2023-12-04T15:43:38.755+0000] {logging_mixin.py:151} INFO - [2023-12-04T15:43:38.754+0000] {dag.py:2915} INFO - Sync 1 DAGs
[2023-12-04T15:43:38.766+0000] {logging_mixin.py:151} INFO - [2023-12-04T15:43:38.766+0000] {dag.py:3696} INFO - Setting next_dagrun for tutorial_taskflow_api to None, run_after=None
[2023-12-04T15:43:38.783+0000] {processor.py:179} INFO - Processing /home/airflow/.local/lib/python3.8/site-packages/airflow/example_dags/tutorial_taskflow_api.py took 0.075 seconds
[2023-12-04T16:42:07.843+0000] {processor.py:157} INFO - Started process (PID=57902) to work on /home/airflow/.local/lib/python3.8/site-packages/airflow/example_dags/tutorial_taskflow_api.py
[2023-12-04T16:42:07.845+0000] {processor.py:829} INFO - Processing file /home/airflow/.local/lib/python3.8/site-packages/airflow/example_dags/tutorial_taskflow_api.py for tasks to queue
[2023-12-04T16:42:07.848+0000] {logging_mixin.py:151} INFO - [2023-12-04T16:42:07.848+0000] {dagbag.py:539} INFO - Filling up the DagBag from /home/airflow/.local/lib/python3.8/site-packages/airflow/example_dags/tutorial_taskflow_api.py
[2023-12-04T16:42:07.856+0000] {processor.py:839} INFO - DAG(s) dict_keys(['tutorial_taskflow_api']) retrieved from /home/airflow/.local/lib/python3.8/site-packages/airflow/example_dags/tutorial_taskflow_api.py
[2023-12-04T16:42:07.873+0000] {logging_mixin.py:151} INFO - [2023-12-04T16:42:07.873+0000] {dag.py:2915} INFO - Sync 1 DAGs
[2023-12-04T16:42:07.882+0000] {logging_mixin.py:151} INFO - [2023-12-04T16:42:07.882+0000] {dag.py:3696} INFO - Setting next_dagrun for tutorial_taskflow_api to None, run_after=None
[2023-12-04T16:42:07.895+0000] {processor.py:179} INFO - Processing /home/airflow/.local/lib/python3.8/site-packages/airflow/example_dags/tutorial_taskflow_api.py took 0.054 seconds
[2023-12-04T17:45:35.303+0000] {processor.py:157} INFO - Started process (PID=57956) to work on /home/airflow/.local/lib/python3.8/site-packages/airflow/example_dags/tutorial_taskflow_api.py
[2023-12-04T17:45:35.304+0000] {processor.py:829} INFO - Processing file /home/airflow/.local/lib/python3.8/site-packages/airflow/example_dags/tutorial_taskflow_api.py for tasks to queue
[2023-12-04T17:45:35.306+0000] {logging_mixin.py:151} INFO - [2023-12-04T17:45:35.306+0000] {dagbag.py:539} INFO - Filling up the DagBag from /home/airflow/.local/lib/python3.8/site-packages/airflow/example_dags/tutorial_taskflow_api.py
[2023-12-04T17:45:35.310+0000] {processor.py:839} INFO - DAG(s) dict_keys(['tutorial_taskflow_api']) retrieved from /home/airflow/.local/lib/python3.8/site-packages/airflow/example_dags/tutorial_taskflow_api.py
[2023-12-04T17:45:35.324+0000] {logging_mixin.py:151} INFO - [2023-12-04T17:45:35.324+0000] {dag.py:2915} INFO - Sync 1 DAGs
[2023-12-04T17:45:35.332+0000] {logging_mixin.py:151} INFO - [2023-12-04T17:45:35.332+0000] {dag.py:3696} INFO - Setting next_dagrun for tutorial_taskflow_api to None, run_after=None
[2023-12-04T17:45:35.342+0000] {processor.py:179} INFO - Processing /home/airflow/.local/lib/python3.8/site-packages/airflow/example_dags/tutorial_taskflow_api.py took 0.041 seconds
[2023-12-04T18:46:42.183+0000] {processor.py:157} INFO - Started process (PID=58010) to work on /home/airflow/.local/lib/python3.8/site-packages/airflow/example_dags/tutorial_taskflow_api.py
[2023-12-04T18:46:42.184+0000] {processor.py:829} INFO - Processing file /home/airflow/.local/lib/python3.8/site-packages/airflow/example_dags/tutorial_taskflow_api.py for tasks to queue
[2023-12-04T18:46:42.186+0000] {logging_mixin.py:151} INFO - [2023-12-04T18:46:42.186+0000] {dagbag.py:539} INFO - Filling up the DagBag from /home/airflow/.local/lib/python3.8/site-packages/airflow/example_dags/tutorial_taskflow_api.py
[2023-12-04T18:46:42.191+0000] {processor.py:839} INFO - DAG(s) dict_keys(['tutorial_taskflow_api']) retrieved from /home/airflow/.local/lib/python3.8/site-packages/airflow/example_dags/tutorial_taskflow_api.py
[2023-12-04T18:46:42.206+0000] {logging_mixin.py:151} INFO - [2023-12-04T18:46:42.206+0000] {dag.py:2915} INFO - Sync 1 DAGs
[2023-12-04T18:46:42.222+0000] {logging_mixin.py:151} INFO - [2023-12-04T18:46:42.222+0000] {dag.py:3696} INFO - Setting next_dagrun for tutorial_taskflow_api to None, run_after=None
[2023-12-04T18:46:42.237+0000] {processor.py:179} INFO - Processing /home/airflow/.local/lib/python3.8/site-packages/airflow/example_dags/tutorial_taskflow_api.py took 0.057 seconds
[2023-12-04T20:03:38.231+0000] {processor.py:157} INFO - Started process (PID=58064) to work on /home/airflow/.local/lib/python3.8/site-packages/airflow/example_dags/tutorial_taskflow_api.py
[2023-12-04T20:03:38.232+0000] {processor.py:829} INFO - Processing file /home/airflow/.local/lib/python3.8/site-packages/airflow/example_dags/tutorial_taskflow_api.py for tasks to queue
[2023-12-04T20:03:38.234+0000] {logging_mixin.py:151} INFO - [2023-12-04T20:03:38.234+0000] {dagbag.py:539} INFO - Filling up the DagBag from /home/airflow/.local/lib/python3.8/site-packages/airflow/example_dags/tutorial_taskflow_api.py
[2023-12-04T20:03:38.534+0000] {processor.py:839} INFO - DAG(s) dict_keys(['tutorial_taskflow_api']) retrieved from /home/airflow/.local/lib/python3.8/site-packages/airflow/example_dags/tutorial_taskflow_api.py
[2023-12-04T20:03:38.831+0000] {logging_mixin.py:151} INFO - [2023-12-04T20:03:38.831+0000] {dag.py:2915} INFO - Sync 1 DAGs
[2023-12-04T20:03:38.869+0000] {logging_mixin.py:151} INFO - [2023-12-04T20:03:38.869+0000] {dag.py:3696} INFO - Setting next_dagrun for tutorial_taskflow_api to None, run_after=None
[2023-12-04T20:03:38.900+0000] {processor.py:179} INFO - Processing /home/airflow/.local/lib/python3.8/site-packages/airflow/example_dags/tutorial_taskflow_api.py took 0.672 seconds
[2023-12-04T21:05:42.303+0000] {processor.py:157} INFO - Started process (PID=58118) to work on /home/airflow/.local/lib/python3.8/site-packages/airflow/example_dags/tutorial_taskflow_api.py
[2023-12-04T21:05:42.304+0000] {processor.py:829} INFO - Processing file /home/airflow/.local/lib/python3.8/site-packages/airflow/example_dags/tutorial_taskflow_api.py for tasks to queue
[2023-12-04T21:05:42.306+0000] {logging_mixin.py:151} INFO - [2023-12-04T21:05:42.305+0000] {dagbag.py:539} INFO - Filling up the DagBag from /home/airflow/.local/lib/python3.8/site-packages/airflow/example_dags/tutorial_taskflow_api.py
[2023-12-04T21:05:42.310+0000] {processor.py:839} INFO - DAG(s) dict_keys(['tutorial_taskflow_api']) retrieved from /home/airflow/.local/lib/python3.8/site-packages/airflow/example_dags/tutorial_taskflow_api.py
[2023-12-04T21:05:42.322+0000] {logging_mixin.py:151} INFO - [2023-12-04T21:05:42.322+0000] {dag.py:2915} INFO - Sync 1 DAGs
[2023-12-04T21:05:42.330+0000] {logging_mixin.py:151} INFO - [2023-12-04T21:05:42.330+0000] {dag.py:3696} INFO - Setting next_dagrun for tutorial_taskflow_api to None, run_after=None
[2023-12-04T21:05:42.340+0000] {processor.py:179} INFO - Processing /home/airflow/.local/lib/python3.8/site-packages/airflow/example_dags/tutorial_taskflow_api.py took 0.040 seconds
[2023-12-04T22:06:55.057+0000] {processor.py:157} INFO - Started process (PID=58172) to work on /home/airflow/.local/lib/python3.8/site-packages/airflow/example_dags/tutorial_taskflow_api.py
[2023-12-04T22:06:55.060+0000] {processor.py:829} INFO - Processing file /home/airflow/.local/lib/python3.8/site-packages/airflow/example_dags/tutorial_taskflow_api.py for tasks to queue
[2023-12-04T22:06:55.064+0000] {logging_mixin.py:151} INFO - [2023-12-04T22:06:55.064+0000] {dagbag.py:539} INFO - Filling up the DagBag from /home/airflow/.local/lib/python3.8/site-packages/airflow/example_dags/tutorial_taskflow_api.py
[2023-12-04T22:06:55.077+0000] {processor.py:839} INFO - DAG(s) dict_keys(['tutorial_taskflow_api']) retrieved from /home/airflow/.local/lib/python3.8/site-packages/airflow/example_dags/tutorial_taskflow_api.py
[2023-12-04T22:06:55.109+0000] {logging_mixin.py:151} INFO - [2023-12-04T22:06:55.109+0000] {dag.py:2915} INFO - Sync 1 DAGs
[2023-12-04T22:06:55.121+0000] {logging_mixin.py:151} INFO - [2023-12-04T22:06:55.121+0000] {dag.py:3696} INFO - Setting next_dagrun for tutorial_taskflow_api to None, run_after=None
[2023-12-04T22:06:55.136+0000] {processor.py:179} INFO - Processing /home/airflow/.local/lib/python3.8/site-packages/airflow/example_dags/tutorial_taskflow_api.py took 0.087 seconds
[2023-12-04T23:00:13.744+0000] {processor.py:157} INFO - Started process (PID=58226) to work on /home/airflow/.local/lib/python3.8/site-packages/airflow/example_dags/tutorial_taskflow_api.py
[2023-12-04T23:00:13.745+0000] {processor.py:829} INFO - Processing file /home/airflow/.local/lib/python3.8/site-packages/airflow/example_dags/tutorial_taskflow_api.py for tasks to queue
[2023-12-04T23:00:13.746+0000] {logging_mixin.py:151} INFO - [2023-12-04T23:00:13.746+0000] {dagbag.py:539} INFO - Filling up the DagBag from /home/airflow/.local/lib/python3.8/site-packages/airflow/example_dags/tutorial_taskflow_api.py
[2023-12-04T23:00:13.751+0000] {processor.py:839} INFO - DAG(s) dict_keys(['tutorial_taskflow_api']) retrieved from /home/airflow/.local/lib/python3.8/site-packages/airflow/example_dags/tutorial_taskflow_api.py
[2023-12-04T23:00:13.764+0000] {logging_mixin.py:151} INFO - [2023-12-04T23:00:13.764+0000] {dag.py:2915} INFO - Sync 1 DAGs
[2023-12-04T23:00:13.772+0000] {logging_mixin.py:151} INFO - [2023-12-04T23:00:13.772+0000] {dag.py:3696} INFO - Setting next_dagrun for tutorial_taskflow_api to None, run_after=None
[2023-12-04T23:00:13.782+0000] {processor.py:179} INFO - Processing /home/airflow/.local/lib/python3.8/site-packages/airflow/example_dags/tutorial_taskflow_api.py took 0.042 seconds
[2023-12-04T23:40:23.636+0000] {processor.py:157} INFO - Started process (PID=58280) to work on /home/airflow/.local/lib/python3.8/site-packages/airflow/example_dags/tutorial_taskflow_api.py
[2023-12-04T23:40:23.637+0000] {processor.py:829} INFO - Processing file /home/airflow/.local/lib/python3.8/site-packages/airflow/example_dags/tutorial_taskflow_api.py for tasks to queue
[2023-12-04T23:40:23.642+0000] {logging_mixin.py:151} INFO - [2023-12-04T23:40:23.641+0000] {dagbag.py:539} INFO - Filling up the DagBag from /home/airflow/.local/lib/python3.8/site-packages/airflow/example_dags/tutorial_taskflow_api.py
[2023-12-04T23:40:23.653+0000] {processor.py:839} INFO - DAG(s) dict_keys(['tutorial_taskflow_api']) retrieved from /home/airflow/.local/lib/python3.8/site-packages/airflow/example_dags/tutorial_taskflow_api.py
[2023-12-04T23:40:23.682+0000] {logging_mixin.py:151} INFO - [2023-12-04T23:40:23.682+0000] {dag.py:2915} INFO - Sync 1 DAGs
[2023-12-04T23:40:23.691+0000] {logging_mixin.py:151} INFO - [2023-12-04T23:40:23.691+0000] {dag.py:3696} INFO - Setting next_dagrun for tutorial_taskflow_api to None, run_after=None
[2023-12-04T23:40:23.704+0000] {processor.py:179} INFO - Processing /home/airflow/.local/lib/python3.8/site-packages/airflow/example_dags/tutorial_taskflow_api.py took 0.073 seconds
[2023-12-04T23:42:54.419+0000] {processor.py:157} INFO - Started process (PID=58334) to work on /home/airflow/.local/lib/python3.8/site-packages/airflow/example_dags/tutorial_taskflow_api.py
[2023-12-04T23:42:54.421+0000] {processor.py:829} INFO - Processing file /home/airflow/.local/lib/python3.8/site-packages/airflow/example_dags/tutorial_taskflow_api.py for tasks to queue
[2023-12-04T23:42:54.424+0000] {logging_mixin.py:151} INFO - [2023-12-04T23:42:54.424+0000] {dagbag.py:539} INFO - Filling up the DagBag from /home/airflow/.local/lib/python3.8/site-packages/airflow/example_dags/tutorial_taskflow_api.py
[2023-12-04T23:42:54.430+0000] {processor.py:839} INFO - DAG(s) dict_keys(['tutorial_taskflow_api']) retrieved from /home/airflow/.local/lib/python3.8/site-packages/airflow/example_dags/tutorial_taskflow_api.py
[2023-12-04T23:42:54.449+0000] {logging_mixin.py:151} INFO - [2023-12-04T23:42:54.449+0000] {dag.py:2915} INFO - Sync 1 DAGs
[2023-12-04T23:42:54.458+0000] {logging_mixin.py:151} INFO - [2023-12-04T23:42:54.458+0000] {dag.py:3696} INFO - Setting next_dagrun for tutorial_taskflow_api to None, run_after=None
[2023-12-04T23:42:54.484+0000] {processor.py:179} INFO - Processing /home/airflow/.local/lib/python3.8/site-packages/airflow/example_dags/tutorial_taskflow_api.py took 0.070 seconds
