[2023-11-29T13:59:15.484+0000] {processor.py:157} INFO - Started process (PID=75) to work on /home/airflow/.local/lib/python3.8/site-packages/airflow/example_dags/example_local_kubernetes_executor.py
[2023-11-29T13:59:15.487+0000] {processor.py:829} INFO - Processing file /home/airflow/.local/lib/python3.8/site-packages/airflow/example_dags/example_local_kubernetes_executor.py for tasks to queue
[2023-11-29T13:59:15.493+0000] {logging_mixin.py:151} INFO - [2023-11-29T13:59:15.492+0000] {dagbag.py:539} INFO - Filling up the DagBag from /home/airflow/.local/lib/python3.8/site-packages/airflow/example_dags/example_local_kubernetes_executor.py
[2023-11-29T13:59:16.176+0000] {processor.py:839} INFO - DAG(s) dict_keys(['example_local_kubernetes_executor']) retrieved from /home/airflow/.local/lib/python3.8/site-packages/airflow/example_dags/example_local_kubernetes_executor.py
[2023-11-29T13:59:16.241+0000] {logging_mixin.py:151} INFO - [2023-11-29T13:59:16.240+0000] {dag.py:2915} INFO - Sync 1 DAGs
[2023-11-29T13:59:16.259+0000] {logging_mixin.py:151} INFO - [2023-11-29T13:59:16.259+0000] {dag.py:3696} INFO - Setting next_dagrun for example_local_kubernetes_executor to None, run_after=None
[2023-11-29T13:59:16.319+0000] {processor.py:179} INFO - Processing /home/airflow/.local/lib/python3.8/site-packages/airflow/example_dags/example_local_kubernetes_executor.py took 0.849 seconds
[2023-11-29T13:59:46.363+0000] {processor.py:157} INFO - Started process (PID=130) to work on /home/airflow/.local/lib/python3.8/site-packages/airflow/example_dags/example_local_kubernetes_executor.py
[2023-11-29T13:59:46.365+0000] {processor.py:829} INFO - Processing file /home/airflow/.local/lib/python3.8/site-packages/airflow/example_dags/example_local_kubernetes_executor.py for tasks to queue
[2023-11-29T13:59:46.366+0000] {logging_mixin.py:151} INFO - [2023-11-29T13:59:46.366+0000] {dagbag.py:539} INFO - Filling up the DagBag from /home/airflow/.local/lib/python3.8/site-packages/airflow/example_dags/example_local_kubernetes_executor.py
[2023-11-29T13:59:46.543+0000] {processor.py:839} INFO - DAG(s) dict_keys(['example_local_kubernetes_executor']) retrieved from /home/airflow/.local/lib/python3.8/site-packages/airflow/example_dags/example_local_kubernetes_executor.py
[2023-11-29T13:59:46.567+0000] {logging_mixin.py:151} INFO - [2023-11-29T13:59:46.566+0000] {dag.py:2915} INFO - Sync 1 DAGs
[2023-11-29T13:59:46.577+0000] {logging_mixin.py:151} INFO - [2023-11-29T13:59:46.577+0000] {dag.py:3696} INFO - Setting next_dagrun for example_local_kubernetes_executor to None, run_after=None
[2023-11-29T13:59:46.586+0000] {processor.py:179} INFO - Processing /home/airflow/.local/lib/python3.8/site-packages/airflow/example_dags/example_local_kubernetes_executor.py took 0.226 seconds
[2023-11-29T14:00:16.876+0000] {processor.py:157} INFO - Started process (PID=183) to work on /home/airflow/.local/lib/python3.8/site-packages/airflow/example_dags/example_local_kubernetes_executor.py
[2023-11-29T14:00:16.877+0000] {processor.py:829} INFO - Processing file /home/airflow/.local/lib/python3.8/site-packages/airflow/example_dags/example_local_kubernetes_executor.py for tasks to queue
[2023-11-29T14:00:16.879+0000] {logging_mixin.py:151} INFO - [2023-11-29T14:00:16.879+0000] {dagbag.py:539} INFO - Filling up the DagBag from /home/airflow/.local/lib/python3.8/site-packages/airflow/example_dags/example_local_kubernetes_executor.py
[2023-11-29T14:00:17.044+0000] {processor.py:839} INFO - DAG(s) dict_keys(['example_local_kubernetes_executor']) retrieved from /home/airflow/.local/lib/python3.8/site-packages/airflow/example_dags/example_local_kubernetes_executor.py
[2023-11-29T14:00:17.065+0000] {logging_mixin.py:151} INFO - [2023-11-29T14:00:17.065+0000] {dag.py:2915} INFO - Sync 1 DAGs
[2023-11-29T14:00:17.072+0000] {logging_mixin.py:151} INFO - [2023-11-29T14:00:17.072+0000] {dag.py:3696} INFO - Setting next_dagrun for example_local_kubernetes_executor to None, run_after=None
[2023-11-29T14:00:17.081+0000] {processor.py:179} INFO - Processing /home/airflow/.local/lib/python3.8/site-packages/airflow/example_dags/example_local_kubernetes_executor.py took 0.207 seconds
[2023-11-29T14:00:47.367+0000] {processor.py:157} INFO - Started process (PID=237) to work on /home/airflow/.local/lib/python3.8/site-packages/airflow/example_dags/example_local_kubernetes_executor.py
[2023-11-29T14:00:47.368+0000] {processor.py:829} INFO - Processing file /home/airflow/.local/lib/python3.8/site-packages/airflow/example_dags/example_local_kubernetes_executor.py for tasks to queue
[2023-11-29T14:00:47.369+0000] {logging_mixin.py:151} INFO - [2023-11-29T14:00:47.369+0000] {dagbag.py:539} INFO - Filling up the DagBag from /home/airflow/.local/lib/python3.8/site-packages/airflow/example_dags/example_local_kubernetes_executor.py
[2023-11-29T14:00:47.503+0000] {processor.py:839} INFO - DAG(s) dict_keys(['example_local_kubernetes_executor']) retrieved from /home/airflow/.local/lib/python3.8/site-packages/airflow/example_dags/example_local_kubernetes_executor.py
[2023-11-29T14:00:47.525+0000] {logging_mixin.py:151} INFO - [2023-11-29T14:00:47.525+0000] {dag.py:2915} INFO - Sync 1 DAGs
[2023-11-29T14:00:47.532+0000] {logging_mixin.py:151} INFO - [2023-11-29T14:00:47.532+0000] {dag.py:3696} INFO - Setting next_dagrun for example_local_kubernetes_executor to None, run_after=None
[2023-11-29T14:00:47.542+0000] {processor.py:179} INFO - Processing /home/airflow/.local/lib/python3.8/site-packages/airflow/example_dags/example_local_kubernetes_executor.py took 0.178 seconds
[2023-11-29T14:01:17.864+0000] {processor.py:157} INFO - Started process (PID=291) to work on /home/airflow/.local/lib/python3.8/site-packages/airflow/example_dags/example_local_kubernetes_executor.py
[2023-11-29T14:01:17.865+0000] {processor.py:829} INFO - Processing file /home/airflow/.local/lib/python3.8/site-packages/airflow/example_dags/example_local_kubernetes_executor.py for tasks to queue
[2023-11-29T14:01:17.867+0000] {logging_mixin.py:151} INFO - [2023-11-29T14:01:17.867+0000] {dagbag.py:539} INFO - Filling up the DagBag from /home/airflow/.local/lib/python3.8/site-packages/airflow/example_dags/example_local_kubernetes_executor.py
[2023-11-29T14:01:17.994+0000] {processor.py:839} INFO - DAG(s) dict_keys(['example_local_kubernetes_executor']) retrieved from /home/airflow/.local/lib/python3.8/site-packages/airflow/example_dags/example_local_kubernetes_executor.py
[2023-11-29T14:01:18.013+0000] {logging_mixin.py:151} INFO - [2023-11-29T14:01:18.012+0000] {dag.py:2915} INFO - Sync 1 DAGs
[2023-11-29T14:01:18.020+0000] {logging_mixin.py:151} INFO - [2023-11-29T14:01:18.020+0000] {dag.py:3696} INFO - Setting next_dagrun for example_local_kubernetes_executor to None, run_after=None
[2023-11-29T14:01:18.029+0000] {processor.py:179} INFO - Processing /home/airflow/.local/lib/python3.8/site-packages/airflow/example_dags/example_local_kubernetes_executor.py took 0.167 seconds
[2023-11-29T14:01:48.166+0000] {processor.py:157} INFO - Started process (PID=346) to work on /home/airflow/.local/lib/python3.8/site-packages/airflow/example_dags/example_local_kubernetes_executor.py
[2023-11-29T14:01:48.168+0000] {processor.py:829} INFO - Processing file /home/airflow/.local/lib/python3.8/site-packages/airflow/example_dags/example_local_kubernetes_executor.py for tasks to queue
[2023-11-29T14:01:48.169+0000] {logging_mixin.py:151} INFO - [2023-11-29T14:01:48.169+0000] {dagbag.py:539} INFO - Filling up the DagBag from /home/airflow/.local/lib/python3.8/site-packages/airflow/example_dags/example_local_kubernetes_executor.py
[2023-11-29T14:01:48.315+0000] {processor.py:839} INFO - DAG(s) dict_keys(['example_local_kubernetes_executor']) retrieved from /home/airflow/.local/lib/python3.8/site-packages/airflow/example_dags/example_local_kubernetes_executor.py
[2023-11-29T14:01:48.339+0000] {logging_mixin.py:151} INFO - [2023-11-29T14:01:48.339+0000] {dag.py:2915} INFO - Sync 1 DAGs
[2023-11-29T14:01:48.351+0000] {logging_mixin.py:151} INFO - [2023-11-29T14:01:48.351+0000] {dag.py:3696} INFO - Setting next_dagrun for example_local_kubernetes_executor to None, run_after=None
[2023-11-29T14:01:48.363+0000] {processor.py:179} INFO - Processing /home/airflow/.local/lib/python3.8/site-packages/airflow/example_dags/example_local_kubernetes_executor.py took 0.199 seconds
[2023-11-29T14:02:18.682+0000] {processor.py:157} INFO - Started process (PID=400) to work on /home/airflow/.local/lib/python3.8/site-packages/airflow/example_dags/example_local_kubernetes_executor.py
[2023-11-29T14:02:18.683+0000] {processor.py:829} INFO - Processing file /home/airflow/.local/lib/python3.8/site-packages/airflow/example_dags/example_local_kubernetes_executor.py for tasks to queue
[2023-11-29T14:02:18.685+0000] {logging_mixin.py:151} INFO - [2023-11-29T14:02:18.685+0000] {dagbag.py:539} INFO - Filling up the DagBag from /home/airflow/.local/lib/python3.8/site-packages/airflow/example_dags/example_local_kubernetes_executor.py
[2023-11-29T14:02:18.864+0000] {processor.py:839} INFO - DAG(s) dict_keys(['example_local_kubernetes_executor']) retrieved from /home/airflow/.local/lib/python3.8/site-packages/airflow/example_dags/example_local_kubernetes_executor.py
[2023-11-29T14:02:18.888+0000] {logging_mixin.py:151} INFO - [2023-11-29T14:02:18.888+0000] {dag.py:2915} INFO - Sync 1 DAGs
[2023-11-29T14:02:18.903+0000] {logging_mixin.py:151} INFO - [2023-11-29T14:02:18.903+0000] {dag.py:3696} INFO - Setting next_dagrun for example_local_kubernetes_executor to None, run_after=None
[2023-11-29T14:02:18.912+0000] {processor.py:179} INFO - Processing /home/airflow/.local/lib/python3.8/site-packages/airflow/example_dags/example_local_kubernetes_executor.py took 0.234 seconds
[2023-11-29T14:02:49.218+0000] {processor.py:157} INFO - Started process (PID=453) to work on /home/airflow/.local/lib/python3.8/site-packages/airflow/example_dags/example_local_kubernetes_executor.py
[2023-11-29T14:02:49.219+0000] {processor.py:829} INFO - Processing file /home/airflow/.local/lib/python3.8/site-packages/airflow/example_dags/example_local_kubernetes_executor.py for tasks to queue
[2023-11-29T14:02:49.220+0000] {logging_mixin.py:151} INFO - [2023-11-29T14:02:49.220+0000] {dagbag.py:539} INFO - Filling up the DagBag from /home/airflow/.local/lib/python3.8/site-packages/airflow/example_dags/example_local_kubernetes_executor.py
[2023-11-29T14:02:49.383+0000] {processor.py:839} INFO - DAG(s) dict_keys(['example_local_kubernetes_executor']) retrieved from /home/airflow/.local/lib/python3.8/site-packages/airflow/example_dags/example_local_kubernetes_executor.py
[2023-11-29T14:02:49.403+0000] {logging_mixin.py:151} INFO - [2023-11-29T14:02:49.403+0000] {dag.py:2915} INFO - Sync 1 DAGs
[2023-11-29T14:02:49.410+0000] {logging_mixin.py:151} INFO - [2023-11-29T14:02:49.410+0000] {dag.py:3696} INFO - Setting next_dagrun for example_local_kubernetes_executor to None, run_after=None
[2023-11-29T14:02:49.420+0000] {processor.py:179} INFO - Processing /home/airflow/.local/lib/python3.8/site-packages/airflow/example_dags/example_local_kubernetes_executor.py took 0.205 seconds
[2023-11-29T14:03:20.018+0000] {processor.py:157} INFO - Started process (PID=506) to work on /home/airflow/.local/lib/python3.8/site-packages/airflow/example_dags/example_local_kubernetes_executor.py
[2023-11-29T14:03:20.020+0000] {processor.py:829} INFO - Processing file /home/airflow/.local/lib/python3.8/site-packages/airflow/example_dags/example_local_kubernetes_executor.py for tasks to queue
[2023-11-29T14:03:20.024+0000] {logging_mixin.py:151} INFO - [2023-11-29T14:03:20.024+0000] {dagbag.py:539} INFO - Filling up the DagBag from /home/airflow/.local/lib/python3.8/site-packages/airflow/example_dags/example_local_kubernetes_executor.py
[2023-11-29T14:03:20.444+0000] {processor.py:839} INFO - DAG(s) dict_keys(['example_local_kubernetes_executor']) retrieved from /home/airflow/.local/lib/python3.8/site-packages/airflow/example_dags/example_local_kubernetes_executor.py
[2023-11-29T14:03:20.495+0000] {logging_mixin.py:151} INFO - [2023-11-29T14:03:20.494+0000] {dag.py:2915} INFO - Sync 1 DAGs
[2023-11-29T14:03:20.519+0000] {logging_mixin.py:151} INFO - [2023-11-29T14:03:20.519+0000] {dag.py:3696} INFO - Setting next_dagrun for example_local_kubernetes_executor to None, run_after=None
[2023-11-29T14:03:20.535+0000] {processor.py:179} INFO - Processing /home/airflow/.local/lib/python3.8/site-packages/airflow/example_dags/example_local_kubernetes_executor.py took 0.519 seconds
[2023-11-29T15:06:13.119+0000] {processor.py:157} INFO - Started process (PID=551) to work on /home/airflow/.local/lib/python3.8/site-packages/airflow/example_dags/example_local_kubernetes_executor.py
[2023-11-29T15:06:13.120+0000] {processor.py:829} INFO - Processing file /home/airflow/.local/lib/python3.8/site-packages/airflow/example_dags/example_local_kubernetes_executor.py for tasks to queue
[2023-11-29T15:06:13.121+0000] {logging_mixin.py:151} INFO - [2023-11-29T15:06:13.121+0000] {dagbag.py:539} INFO - Filling up the DagBag from /home/airflow/.local/lib/python3.8/site-packages/airflow/example_dags/example_local_kubernetes_executor.py
[2023-11-29T15:06:13.366+0000] {processor.py:839} INFO - DAG(s) dict_keys(['example_local_kubernetes_executor']) retrieved from /home/airflow/.local/lib/python3.8/site-packages/airflow/example_dags/example_local_kubernetes_executor.py
[2023-11-29T15:06:13.403+0000] {logging_mixin.py:151} INFO - [2023-11-29T15:06:13.401+0000] {dag.py:2915} INFO - Sync 1 DAGs
[2023-11-29T15:06:13.432+0000] {logging_mixin.py:151} INFO - [2023-11-29T15:06:13.431+0000] {dag.py:3696} INFO - Setting next_dagrun for example_local_kubernetes_executor to None, run_after=None
[2023-11-29T15:06:13.446+0000] {processor.py:179} INFO - Processing /home/airflow/.local/lib/python3.8/site-packages/airflow/example_dags/example_local_kubernetes_executor.py took 0.330 seconds
[2023-11-29T15:06:43.985+0000] {processor.py:157} INFO - Started process (PID=605) to work on /home/airflow/.local/lib/python3.8/site-packages/airflow/example_dags/example_local_kubernetes_executor.py
[2023-11-29T15:06:43.986+0000] {processor.py:829} INFO - Processing file /home/airflow/.local/lib/python3.8/site-packages/airflow/example_dags/example_local_kubernetes_executor.py for tasks to queue
[2023-11-29T15:06:43.988+0000] {logging_mixin.py:151} INFO - [2023-11-29T15:06:43.987+0000] {dagbag.py:539} INFO - Filling up the DagBag from /home/airflow/.local/lib/python3.8/site-packages/airflow/example_dags/example_local_kubernetes_executor.py
[2023-11-29T15:06:44.125+0000] {processor.py:839} INFO - DAG(s) dict_keys(['example_local_kubernetes_executor']) retrieved from /home/airflow/.local/lib/python3.8/site-packages/airflow/example_dags/example_local_kubernetes_executor.py
[2023-11-29T15:06:44.152+0000] {logging_mixin.py:151} INFO - [2023-11-29T15:06:44.151+0000] {dag.py:2915} INFO - Sync 1 DAGs
[2023-11-29T15:06:44.163+0000] {logging_mixin.py:151} INFO - [2023-11-29T15:06:44.163+0000] {dag.py:3696} INFO - Setting next_dagrun for example_local_kubernetes_executor to None, run_after=None
[2023-11-29T15:06:44.176+0000] {processor.py:179} INFO - Processing /home/airflow/.local/lib/python3.8/site-packages/airflow/example_dags/example_local_kubernetes_executor.py took 0.193 seconds
[2023-11-29T15:07:14.740+0000] {processor.py:157} INFO - Started process (PID=659) to work on /home/airflow/.local/lib/python3.8/site-packages/airflow/example_dags/example_local_kubernetes_executor.py
[2023-11-29T15:07:14.741+0000] {processor.py:829} INFO - Processing file /home/airflow/.local/lib/python3.8/site-packages/airflow/example_dags/example_local_kubernetes_executor.py for tasks to queue
[2023-11-29T15:07:14.743+0000] {logging_mixin.py:151} INFO - [2023-11-29T15:07:14.742+0000] {dagbag.py:539} INFO - Filling up the DagBag from /home/airflow/.local/lib/python3.8/site-packages/airflow/example_dags/example_local_kubernetes_executor.py
[2023-11-29T15:07:15.017+0000] {processor.py:839} INFO - DAG(s) dict_keys(['example_local_kubernetes_executor']) retrieved from /home/airflow/.local/lib/python3.8/site-packages/airflow/example_dags/example_local_kubernetes_executor.py
[2023-11-29T15:07:15.084+0000] {logging_mixin.py:151} INFO - [2023-11-29T15:07:15.084+0000] {dag.py:2915} INFO - Sync 1 DAGs
[2023-11-29T15:07:15.098+0000] {logging_mixin.py:151} INFO - [2023-11-29T15:07:15.098+0000] {dag.py:3696} INFO - Setting next_dagrun for example_local_kubernetes_executor to None, run_after=None
[2023-11-29T15:07:15.122+0000] {processor.py:179} INFO - Processing /home/airflow/.local/lib/python3.8/site-packages/airflow/example_dags/example_local_kubernetes_executor.py took 0.385 seconds
[2023-11-29T15:07:45.299+0000] {processor.py:157} INFO - Started process (PID=713) to work on /home/airflow/.local/lib/python3.8/site-packages/airflow/example_dags/example_local_kubernetes_executor.py
[2023-11-29T15:07:45.300+0000] {processor.py:829} INFO - Processing file /home/airflow/.local/lib/python3.8/site-packages/airflow/example_dags/example_local_kubernetes_executor.py for tasks to queue
[2023-11-29T15:07:45.303+0000] {logging_mixin.py:151} INFO - [2023-11-29T15:07:45.302+0000] {dagbag.py:539} INFO - Filling up the DagBag from /home/airflow/.local/lib/python3.8/site-packages/airflow/example_dags/example_local_kubernetes_executor.py
[2023-11-29T15:07:45.478+0000] {processor.py:839} INFO - DAG(s) dict_keys(['example_local_kubernetes_executor']) retrieved from /home/airflow/.local/lib/python3.8/site-packages/airflow/example_dags/example_local_kubernetes_executor.py
[2023-11-29T15:07:45.507+0000] {logging_mixin.py:151} INFO - [2023-11-29T15:07:45.506+0000] {dag.py:2915} INFO - Sync 1 DAGs
[2023-11-29T15:07:45.515+0000] {logging_mixin.py:151} INFO - [2023-11-29T15:07:45.515+0000] {dag.py:3696} INFO - Setting next_dagrun for example_local_kubernetes_executor to None, run_after=None
[2023-11-29T15:07:45.525+0000] {processor.py:179} INFO - Processing /home/airflow/.local/lib/python3.8/site-packages/airflow/example_dags/example_local_kubernetes_executor.py took 0.231 seconds
[2023-11-29T15:08:15.796+0000] {processor.py:157} INFO - Started process (PID=770) to work on /home/airflow/.local/lib/python3.8/site-packages/airflow/example_dags/example_local_kubernetes_executor.py
[2023-11-29T15:08:15.796+0000] {processor.py:829} INFO - Processing file /home/airflow/.local/lib/python3.8/site-packages/airflow/example_dags/example_local_kubernetes_executor.py for tasks to queue
[2023-11-29T15:08:15.798+0000] {logging_mixin.py:151} INFO - [2023-11-29T15:08:15.798+0000] {dagbag.py:539} INFO - Filling up the DagBag from /home/airflow/.local/lib/python3.8/site-packages/airflow/example_dags/example_local_kubernetes_executor.py
[2023-11-29T15:08:15.955+0000] {processor.py:839} INFO - DAG(s) dict_keys(['example_local_kubernetes_executor']) retrieved from /home/airflow/.local/lib/python3.8/site-packages/airflow/example_dags/example_local_kubernetes_executor.py
[2023-11-29T15:08:16.014+0000] {logging_mixin.py:151} INFO - [2023-11-29T15:08:16.013+0000] {dag.py:2915} INFO - Sync 1 DAGs
[2023-11-29T15:08:16.037+0000] {logging_mixin.py:151} INFO - [2023-11-29T15:08:16.037+0000] {dag.py:3696} INFO - Setting next_dagrun for example_local_kubernetes_executor to None, run_after=None
[2023-11-29T15:08:16.056+0000] {processor.py:179} INFO - Processing /home/airflow/.local/lib/python3.8/site-packages/airflow/example_dags/example_local_kubernetes_executor.py took 0.262 seconds
[2023-11-29T15:08:47.348+0000] {processor.py:157} INFO - Started process (PID=828) to work on /home/airflow/.local/lib/python3.8/site-packages/airflow/example_dags/example_local_kubernetes_executor.py
[2023-11-29T15:08:47.350+0000] {processor.py:829} INFO - Processing file /home/airflow/.local/lib/python3.8/site-packages/airflow/example_dags/example_local_kubernetes_executor.py for tasks to queue
[2023-11-29T15:08:47.356+0000] {logging_mixin.py:151} INFO - [2023-11-29T15:08:47.355+0000] {dagbag.py:539} INFO - Filling up the DagBag from /home/airflow/.local/lib/python3.8/site-packages/airflow/example_dags/example_local_kubernetes_executor.py
[2023-11-29T15:08:47.732+0000] {processor.py:839} INFO - DAG(s) dict_keys(['example_local_kubernetes_executor']) retrieved from /home/airflow/.local/lib/python3.8/site-packages/airflow/example_dags/example_local_kubernetes_executor.py
[2023-11-29T15:08:47.809+0000] {logging_mixin.py:151} INFO - [2023-11-29T15:08:47.808+0000] {dag.py:2915} INFO - Sync 1 DAGs
[2023-11-29T15:08:47.834+0000] {logging_mixin.py:151} INFO - [2023-11-29T15:08:47.834+0000] {dag.py:3696} INFO - Setting next_dagrun for example_local_kubernetes_executor to None, run_after=None
[2023-11-29T15:08:47.865+0000] {processor.py:179} INFO - Processing /home/airflow/.local/lib/python3.8/site-packages/airflow/example_dags/example_local_kubernetes_executor.py took 0.525 seconds
[2023-11-29T15:09:18.137+0000] {processor.py:157} INFO - Started process (PID=885) to work on /home/airflow/.local/lib/python3.8/site-packages/airflow/example_dags/example_local_kubernetes_executor.py
[2023-11-29T15:09:18.138+0000] {processor.py:829} INFO - Processing file /home/airflow/.local/lib/python3.8/site-packages/airflow/example_dags/example_local_kubernetes_executor.py for tasks to queue
[2023-11-29T15:09:18.139+0000] {logging_mixin.py:151} INFO - [2023-11-29T15:09:18.139+0000] {dagbag.py:539} INFO - Filling up the DagBag from /home/airflow/.local/lib/python3.8/site-packages/airflow/example_dags/example_local_kubernetes_executor.py
[2023-11-29T15:09:18.282+0000] {processor.py:839} INFO - DAG(s) dict_keys(['example_local_kubernetes_executor']) retrieved from /home/airflow/.local/lib/python3.8/site-packages/airflow/example_dags/example_local_kubernetes_executor.py
[2023-11-29T15:09:18.301+0000] {logging_mixin.py:151} INFO - [2023-11-29T15:09:18.300+0000] {dag.py:2915} INFO - Sync 1 DAGs
[2023-11-29T15:09:18.307+0000] {logging_mixin.py:151} INFO - [2023-11-29T15:09:18.307+0000] {dag.py:3696} INFO - Setting next_dagrun for example_local_kubernetes_executor to None, run_after=None
[2023-11-29T15:09:18.316+0000] {processor.py:179} INFO - Processing /home/airflow/.local/lib/python3.8/site-packages/airflow/example_dags/example_local_kubernetes_executor.py took 0.181 seconds
[2023-11-29T15:09:49.124+0000] {processor.py:157} INFO - Started process (PID=936) to work on /home/airflow/.local/lib/python3.8/site-packages/airflow/example_dags/example_local_kubernetes_executor.py
[2023-11-29T15:09:49.125+0000] {processor.py:829} INFO - Processing file /home/airflow/.local/lib/python3.8/site-packages/airflow/example_dags/example_local_kubernetes_executor.py for tasks to queue
[2023-11-29T15:09:49.127+0000] {logging_mixin.py:151} INFO - [2023-11-29T15:09:49.127+0000] {dagbag.py:539} INFO - Filling up the DagBag from /home/airflow/.local/lib/python3.8/site-packages/airflow/example_dags/example_local_kubernetes_executor.py
[2023-11-29T15:09:49.339+0000] {processor.py:839} INFO - DAG(s) dict_keys(['example_local_kubernetes_executor']) retrieved from /home/airflow/.local/lib/python3.8/site-packages/airflow/example_dags/example_local_kubernetes_executor.py
[2023-11-29T15:09:49.365+0000] {logging_mixin.py:151} INFO - [2023-11-29T15:09:49.365+0000] {dag.py:2915} INFO - Sync 1 DAGs
[2023-11-29T15:09:49.381+0000] {logging_mixin.py:151} INFO - [2023-11-29T15:09:49.380+0000] {dag.py:3696} INFO - Setting next_dagrun for example_local_kubernetes_executor to None, run_after=None
[2023-11-29T15:09:49.398+0000] {processor.py:179} INFO - Processing /home/airflow/.local/lib/python3.8/site-packages/airflow/example_dags/example_local_kubernetes_executor.py took 0.277 seconds
[2023-11-29T15:10:20.114+0000] {processor.py:157} INFO - Started process (PID=990) to work on /home/airflow/.local/lib/python3.8/site-packages/airflow/example_dags/example_local_kubernetes_executor.py
[2023-11-29T15:10:20.115+0000] {processor.py:829} INFO - Processing file /home/airflow/.local/lib/python3.8/site-packages/airflow/example_dags/example_local_kubernetes_executor.py for tasks to queue
[2023-11-29T15:10:20.116+0000] {logging_mixin.py:151} INFO - [2023-11-29T15:10:20.116+0000] {dagbag.py:539} INFO - Filling up the DagBag from /home/airflow/.local/lib/python3.8/site-packages/airflow/example_dags/example_local_kubernetes_executor.py
[2023-11-29T15:10:20.331+0000] {processor.py:839} INFO - DAG(s) dict_keys(['example_local_kubernetes_executor']) retrieved from /home/airflow/.local/lib/python3.8/site-packages/airflow/example_dags/example_local_kubernetes_executor.py
[2023-11-29T15:10:20.377+0000] {logging_mixin.py:151} INFO - [2023-11-29T15:10:20.376+0000] {dag.py:2915} INFO - Sync 1 DAGs
[2023-11-29T15:10:20.385+0000] {logging_mixin.py:151} INFO - [2023-11-29T15:10:20.385+0000] {dag.py:3696} INFO - Setting next_dagrun for example_local_kubernetes_executor to None, run_after=None
[2023-11-29T15:10:20.397+0000] {processor.py:179} INFO - Processing /home/airflow/.local/lib/python3.8/site-packages/airflow/example_dags/example_local_kubernetes_executor.py took 0.286 seconds
[2023-11-29T15:10:52.419+0000] {processor.py:157} INFO - Started process (PID=1044) to work on /home/airflow/.local/lib/python3.8/site-packages/airflow/example_dags/example_local_kubernetes_executor.py
[2023-11-29T15:10:52.420+0000] {processor.py:829} INFO - Processing file /home/airflow/.local/lib/python3.8/site-packages/airflow/example_dags/example_local_kubernetes_executor.py for tasks to queue
[2023-11-29T15:10:52.422+0000] {logging_mixin.py:151} INFO - [2023-11-29T15:10:52.422+0000] {dagbag.py:539} INFO - Filling up the DagBag from /home/airflow/.local/lib/python3.8/site-packages/airflow/example_dags/example_local_kubernetes_executor.py
[2023-11-29T15:10:52.830+0000] {processor.py:839} INFO - DAG(s) dict_keys(['example_local_kubernetes_executor']) retrieved from /home/airflow/.local/lib/python3.8/site-packages/airflow/example_dags/example_local_kubernetes_executor.py
[2023-11-29T15:10:52.948+0000] {logging_mixin.py:151} INFO - [2023-11-29T15:10:52.948+0000] {dag.py:2915} INFO - Sync 1 DAGs
[2023-11-29T15:10:52.962+0000] {logging_mixin.py:151} INFO - [2023-11-29T15:10:52.962+0000] {dag.py:3696} INFO - Setting next_dagrun for example_local_kubernetes_executor to None, run_after=None
[2023-11-29T15:10:52.989+0000] {processor.py:179} INFO - Processing /home/airflow/.local/lib/python3.8/site-packages/airflow/example_dags/example_local_kubernetes_executor.py took 0.572 seconds
[2023-11-29T15:11:23.280+0000] {processor.py:157} INFO - Started process (PID=1099) to work on /home/airflow/.local/lib/python3.8/site-packages/airflow/example_dags/example_local_kubernetes_executor.py
[2023-11-29T15:11:23.281+0000] {processor.py:829} INFO - Processing file /home/airflow/.local/lib/python3.8/site-packages/airflow/example_dags/example_local_kubernetes_executor.py for tasks to queue
[2023-11-29T15:11:23.282+0000] {logging_mixin.py:151} INFO - [2023-11-29T15:11:23.282+0000] {dagbag.py:539} INFO - Filling up the DagBag from /home/airflow/.local/lib/python3.8/site-packages/airflow/example_dags/example_local_kubernetes_executor.py
[2023-11-29T15:11:23.520+0000] {processor.py:839} INFO - DAG(s) dict_keys(['example_local_kubernetes_executor']) retrieved from /home/airflow/.local/lib/python3.8/site-packages/airflow/example_dags/example_local_kubernetes_executor.py
[2023-11-29T15:11:23.551+0000] {logging_mixin.py:151} INFO - [2023-11-29T15:11:23.551+0000] {dag.py:2915} INFO - Sync 1 DAGs
[2023-11-29T15:11:23.560+0000] {logging_mixin.py:151} INFO - [2023-11-29T15:11:23.560+0000] {dag.py:3696} INFO - Setting next_dagrun for example_local_kubernetes_executor to None, run_after=None
[2023-11-29T15:11:23.577+0000] {processor.py:179} INFO - Processing /home/airflow/.local/lib/python3.8/site-packages/airflow/example_dags/example_local_kubernetes_executor.py took 0.300 seconds
[2023-11-29T15:11:54.049+0000] {processor.py:157} INFO - Started process (PID=1152) to work on /home/airflow/.local/lib/python3.8/site-packages/airflow/example_dags/example_local_kubernetes_executor.py
[2023-11-29T15:11:54.050+0000] {processor.py:829} INFO - Processing file /home/airflow/.local/lib/python3.8/site-packages/airflow/example_dags/example_local_kubernetes_executor.py for tasks to queue
[2023-11-29T15:11:54.052+0000] {logging_mixin.py:151} INFO - [2023-11-29T15:11:54.052+0000] {dagbag.py:539} INFO - Filling up the DagBag from /home/airflow/.local/lib/python3.8/site-packages/airflow/example_dags/example_local_kubernetes_executor.py
[2023-11-29T15:11:54.288+0000] {processor.py:839} INFO - DAG(s) dict_keys(['example_local_kubernetes_executor']) retrieved from /home/airflow/.local/lib/python3.8/site-packages/airflow/example_dags/example_local_kubernetes_executor.py
[2023-11-29T15:11:54.314+0000] {logging_mixin.py:151} INFO - [2023-11-29T15:11:54.313+0000] {dag.py:2915} INFO - Sync 1 DAGs
[2023-11-29T15:11:54.322+0000] {logging_mixin.py:151} INFO - [2023-11-29T15:11:54.322+0000] {dag.py:3696} INFO - Setting next_dagrun for example_local_kubernetes_executor to None, run_after=None
[2023-11-29T15:11:54.332+0000] {processor.py:179} INFO - Processing /home/airflow/.local/lib/python3.8/site-packages/airflow/example_dags/example_local_kubernetes_executor.py took 0.286 seconds
[2023-11-29T15:12:25.260+0000] {processor.py:157} INFO - Started process (PID=1207) to work on /home/airflow/.local/lib/python3.8/site-packages/airflow/example_dags/example_local_kubernetes_executor.py
[2023-11-29T15:12:25.263+0000] {processor.py:829} INFO - Processing file /home/airflow/.local/lib/python3.8/site-packages/airflow/example_dags/example_local_kubernetes_executor.py for tasks to queue
[2023-11-29T15:12:25.266+0000] {logging_mixin.py:151} INFO - [2023-11-29T15:12:25.266+0000] {dagbag.py:539} INFO - Filling up the DagBag from /home/airflow/.local/lib/python3.8/site-packages/airflow/example_dags/example_local_kubernetes_executor.py
[2023-11-29T15:12:25.961+0000] {processor.py:839} INFO - DAG(s) dict_keys(['example_local_kubernetes_executor']) retrieved from /home/airflow/.local/lib/python3.8/site-packages/airflow/example_dags/example_local_kubernetes_executor.py
[2023-11-29T15:12:26.190+0000] {logging_mixin.py:151} INFO - [2023-11-29T15:12:26.189+0000] {dag.py:2915} INFO - Sync 1 DAGs
[2023-11-29T15:12:26.267+0000] {logging_mixin.py:151} INFO - [2023-11-29T15:12:26.267+0000] {dag.py:3696} INFO - Setting next_dagrun for example_local_kubernetes_executor to None, run_after=None
[2023-11-29T15:12:26.336+0000] {processor.py:179} INFO - Processing /home/airflow/.local/lib/python3.8/site-packages/airflow/example_dags/example_local_kubernetes_executor.py took 1.081 seconds
[2023-11-29T15:12:57.109+0000] {processor.py:157} INFO - Started process (PID=1261) to work on /home/airflow/.local/lib/python3.8/site-packages/airflow/example_dags/example_local_kubernetes_executor.py
[2023-11-29T15:12:57.111+0000] {processor.py:829} INFO - Processing file /home/airflow/.local/lib/python3.8/site-packages/airflow/example_dags/example_local_kubernetes_executor.py for tasks to queue
[2023-11-29T15:12:57.113+0000] {logging_mixin.py:151} INFO - [2023-11-29T15:12:57.113+0000] {dagbag.py:539} INFO - Filling up the DagBag from /home/airflow/.local/lib/python3.8/site-packages/airflow/example_dags/example_local_kubernetes_executor.py
[2023-11-29T15:12:57.339+0000] {processor.py:839} INFO - DAG(s) dict_keys(['example_local_kubernetes_executor']) retrieved from /home/airflow/.local/lib/python3.8/site-packages/airflow/example_dags/example_local_kubernetes_executor.py
[2023-11-29T15:12:57.381+0000] {logging_mixin.py:151} INFO - [2023-11-29T15:12:57.380+0000] {dag.py:2915} INFO - Sync 1 DAGs
[2023-11-29T15:12:57.396+0000] {logging_mixin.py:151} INFO - [2023-11-29T15:12:57.396+0000] {dag.py:3696} INFO - Setting next_dagrun for example_local_kubernetes_executor to None, run_after=None
[2023-11-29T15:12:57.414+0000] {processor.py:179} INFO - Processing /home/airflow/.local/lib/python3.8/site-packages/airflow/example_dags/example_local_kubernetes_executor.py took 0.308 seconds
[2023-11-29T15:13:27.870+0000] {processor.py:157} INFO - Started process (PID=1315) to work on /home/airflow/.local/lib/python3.8/site-packages/airflow/example_dags/example_local_kubernetes_executor.py
[2023-11-29T15:13:27.871+0000] {processor.py:829} INFO - Processing file /home/airflow/.local/lib/python3.8/site-packages/airflow/example_dags/example_local_kubernetes_executor.py for tasks to queue
[2023-11-29T15:13:27.874+0000] {logging_mixin.py:151} INFO - [2023-11-29T15:13:27.874+0000] {dagbag.py:539} INFO - Filling up the DagBag from /home/airflow/.local/lib/python3.8/site-packages/airflow/example_dags/example_local_kubernetes_executor.py
[2023-11-29T15:13:28.188+0000] {processor.py:839} INFO - DAG(s) dict_keys(['example_local_kubernetes_executor']) retrieved from /home/airflow/.local/lib/python3.8/site-packages/airflow/example_dags/example_local_kubernetes_executor.py
[2023-11-29T15:13:28.251+0000] {logging_mixin.py:151} INFO - [2023-11-29T15:13:28.249+0000] {dag.py:2915} INFO - Sync 1 DAGs
[2023-11-29T15:13:28.286+0000] {logging_mixin.py:151} INFO - [2023-11-29T15:13:28.286+0000] {dag.py:3696} INFO - Setting next_dagrun for example_local_kubernetes_executor to None, run_after=None
[2023-11-29T15:13:28.318+0000] {processor.py:179} INFO - Processing /home/airflow/.local/lib/python3.8/site-packages/airflow/example_dags/example_local_kubernetes_executor.py took 0.451 seconds
[2023-11-29T15:13:59.091+0000] {processor.py:157} INFO - Started process (PID=1369) to work on /home/airflow/.local/lib/python3.8/site-packages/airflow/example_dags/example_local_kubernetes_executor.py
[2023-11-29T15:13:59.092+0000] {processor.py:829} INFO - Processing file /home/airflow/.local/lib/python3.8/site-packages/airflow/example_dags/example_local_kubernetes_executor.py for tasks to queue
[2023-11-29T15:13:59.096+0000] {logging_mixin.py:151} INFO - [2023-11-29T15:13:59.096+0000] {dagbag.py:539} INFO - Filling up the DagBag from /home/airflow/.local/lib/python3.8/site-packages/airflow/example_dags/example_local_kubernetes_executor.py
[2023-11-29T15:13:59.341+0000] {processor.py:839} INFO - DAG(s) dict_keys(['example_local_kubernetes_executor']) retrieved from /home/airflow/.local/lib/python3.8/site-packages/airflow/example_dags/example_local_kubernetes_executor.py
[2023-11-29T15:13:59.376+0000] {logging_mixin.py:151} INFO - [2023-11-29T15:13:59.376+0000] {dag.py:2915} INFO - Sync 1 DAGs
[2023-11-29T15:13:59.387+0000] {logging_mixin.py:151} INFO - [2023-11-29T15:13:59.387+0000] {dag.py:3696} INFO - Setting next_dagrun for example_local_kubernetes_executor to None, run_after=None
[2023-11-29T15:13:59.401+0000] {processor.py:179} INFO - Processing /home/airflow/.local/lib/python3.8/site-packages/airflow/example_dags/example_local_kubernetes_executor.py took 0.313 seconds
[2023-11-29T15:14:29.757+0000] {processor.py:157} INFO - Started process (PID=1423) to work on /home/airflow/.local/lib/python3.8/site-packages/airflow/example_dags/example_local_kubernetes_executor.py
[2023-11-29T15:14:29.759+0000] {processor.py:829} INFO - Processing file /home/airflow/.local/lib/python3.8/site-packages/airflow/example_dags/example_local_kubernetes_executor.py for tasks to queue
[2023-11-29T15:14:29.763+0000] {logging_mixin.py:151} INFO - [2023-11-29T15:14:29.763+0000] {dagbag.py:539} INFO - Filling up the DagBag from /home/airflow/.local/lib/python3.8/site-packages/airflow/example_dags/example_local_kubernetes_executor.py
[2023-11-29T15:14:30.057+0000] {processor.py:839} INFO - DAG(s) dict_keys(['example_local_kubernetes_executor']) retrieved from /home/airflow/.local/lib/python3.8/site-packages/airflow/example_dags/example_local_kubernetes_executor.py
[2023-11-29T15:14:30.128+0000] {logging_mixin.py:151} INFO - [2023-11-29T15:14:30.128+0000] {dag.py:2915} INFO - Sync 1 DAGs
[2023-11-29T15:14:30.143+0000] {logging_mixin.py:151} INFO - [2023-11-29T15:14:30.142+0000] {dag.py:3696} INFO - Setting next_dagrun for example_local_kubernetes_executor to None, run_after=None
[2023-11-29T15:14:30.157+0000] {processor.py:179} INFO - Processing /home/airflow/.local/lib/python3.8/site-packages/airflow/example_dags/example_local_kubernetes_executor.py took 0.409 seconds
[2023-11-29T15:15:00.672+0000] {processor.py:157} INFO - Started process (PID=1477) to work on /home/airflow/.local/lib/python3.8/site-packages/airflow/example_dags/example_local_kubernetes_executor.py
[2023-11-29T15:15:00.675+0000] {processor.py:829} INFO - Processing file /home/airflow/.local/lib/python3.8/site-packages/airflow/example_dags/example_local_kubernetes_executor.py for tasks to queue
[2023-11-29T15:15:00.680+0000] {logging_mixin.py:151} INFO - [2023-11-29T15:15:00.680+0000] {dagbag.py:539} INFO - Filling up the DagBag from /home/airflow/.local/lib/python3.8/site-packages/airflow/example_dags/example_local_kubernetes_executor.py
[2023-11-29T15:15:00.980+0000] {processor.py:839} INFO - DAG(s) dict_keys(['example_local_kubernetes_executor']) retrieved from /home/airflow/.local/lib/python3.8/site-packages/airflow/example_dags/example_local_kubernetes_executor.py
[2023-11-29T15:15:01.057+0000] {logging_mixin.py:151} INFO - [2023-11-29T15:15:01.056+0000] {dag.py:2915} INFO - Sync 1 DAGs
[2023-11-29T15:15:01.077+0000] {logging_mixin.py:151} INFO - [2023-11-29T15:15:01.077+0000] {dag.py:3696} INFO - Setting next_dagrun for example_local_kubernetes_executor to None, run_after=None
[2023-11-29T15:15:01.094+0000] {processor.py:179} INFO - Processing /home/airflow/.local/lib/python3.8/site-packages/airflow/example_dags/example_local_kubernetes_executor.py took 0.432 seconds
[2023-11-29T15:15:31.809+0000] {processor.py:157} INFO - Started process (PID=1531) to work on /home/airflow/.local/lib/python3.8/site-packages/airflow/example_dags/example_local_kubernetes_executor.py
[2023-11-29T15:15:31.810+0000] {processor.py:829} INFO - Processing file /home/airflow/.local/lib/python3.8/site-packages/airflow/example_dags/example_local_kubernetes_executor.py for tasks to queue
[2023-11-29T15:15:31.814+0000] {logging_mixin.py:151} INFO - [2023-11-29T15:15:31.814+0000] {dagbag.py:539} INFO - Filling up the DagBag from /home/airflow/.local/lib/python3.8/site-packages/airflow/example_dags/example_local_kubernetes_executor.py
[2023-11-29T15:15:31.980+0000] {processor.py:839} INFO - DAG(s) dict_keys(['example_local_kubernetes_executor']) retrieved from /home/airflow/.local/lib/python3.8/site-packages/airflow/example_dags/example_local_kubernetes_executor.py
[2023-11-29T15:15:32.025+0000] {logging_mixin.py:151} INFO - [2023-11-29T15:15:32.024+0000] {dag.py:2915} INFO - Sync 1 DAGs
[2023-11-29T15:15:32.037+0000] {logging_mixin.py:151} INFO - [2023-11-29T15:15:32.037+0000] {dag.py:3696} INFO - Setting next_dagrun for example_local_kubernetes_executor to None, run_after=None
[2023-11-29T15:15:32.053+0000] {processor.py:179} INFO - Processing /home/airflow/.local/lib/python3.8/site-packages/airflow/example_dags/example_local_kubernetes_executor.py took 0.251 seconds
[2023-11-29T15:16:02.516+0000] {processor.py:157} INFO - Started process (PID=1585) to work on /home/airflow/.local/lib/python3.8/site-packages/airflow/example_dags/example_local_kubernetes_executor.py
[2023-11-29T15:16:02.518+0000] {processor.py:829} INFO - Processing file /home/airflow/.local/lib/python3.8/site-packages/airflow/example_dags/example_local_kubernetes_executor.py for tasks to queue
[2023-11-29T15:16:02.522+0000] {logging_mixin.py:151} INFO - [2023-11-29T15:16:02.522+0000] {dagbag.py:539} INFO - Filling up the DagBag from /home/airflow/.local/lib/python3.8/site-packages/airflow/example_dags/example_local_kubernetes_executor.py
[2023-11-29T15:16:02.780+0000] {processor.py:839} INFO - DAG(s) dict_keys(['example_local_kubernetes_executor']) retrieved from /home/airflow/.local/lib/python3.8/site-packages/airflow/example_dags/example_local_kubernetes_executor.py
[2023-11-29T15:16:02.831+0000] {logging_mixin.py:151} INFO - [2023-11-29T15:16:02.830+0000] {dag.py:2915} INFO - Sync 1 DAGs
[2023-11-29T15:16:02.843+0000] {logging_mixin.py:151} INFO - [2023-11-29T15:16:02.843+0000] {dag.py:3696} INFO - Setting next_dagrun for example_local_kubernetes_executor to None, run_after=None
[2023-11-29T15:16:02.857+0000] {processor.py:179} INFO - Processing /home/airflow/.local/lib/python3.8/site-packages/airflow/example_dags/example_local_kubernetes_executor.py took 0.349 seconds
[2023-11-29T15:16:33.102+0000] {processor.py:157} INFO - Started process (PID=1639) to work on /home/airflow/.local/lib/python3.8/site-packages/airflow/example_dags/example_local_kubernetes_executor.py
[2023-11-29T15:16:33.104+0000] {processor.py:829} INFO - Processing file /home/airflow/.local/lib/python3.8/site-packages/airflow/example_dags/example_local_kubernetes_executor.py for tasks to queue
[2023-11-29T15:16:33.108+0000] {logging_mixin.py:151} INFO - [2023-11-29T15:16:33.107+0000] {dagbag.py:539} INFO - Filling up the DagBag from /home/airflow/.local/lib/python3.8/site-packages/airflow/example_dags/example_local_kubernetes_executor.py
[2023-11-29T15:16:33.370+0000] {processor.py:839} INFO - DAG(s) dict_keys(['example_local_kubernetes_executor']) retrieved from /home/airflow/.local/lib/python3.8/site-packages/airflow/example_dags/example_local_kubernetes_executor.py
[2023-11-29T15:16:33.412+0000] {logging_mixin.py:151} INFO - [2023-11-29T15:16:33.411+0000] {dag.py:2915} INFO - Sync 1 DAGs
[2023-11-29T15:16:33.425+0000] {logging_mixin.py:151} INFO - [2023-11-29T15:16:33.425+0000] {dag.py:3696} INFO - Setting next_dagrun for example_local_kubernetes_executor to None, run_after=None
[2023-11-29T15:16:33.459+0000] {processor.py:179} INFO - Processing /home/airflow/.local/lib/python3.8/site-packages/airflow/example_dags/example_local_kubernetes_executor.py took 0.363 seconds
[2023-11-29T15:17:03.792+0000] {processor.py:157} INFO - Started process (PID=1693) to work on /home/airflow/.local/lib/python3.8/site-packages/airflow/example_dags/example_local_kubernetes_executor.py
[2023-11-29T15:17:03.794+0000] {processor.py:829} INFO - Processing file /home/airflow/.local/lib/python3.8/site-packages/airflow/example_dags/example_local_kubernetes_executor.py for tasks to queue
[2023-11-29T15:17:03.799+0000] {logging_mixin.py:151} INFO - [2023-11-29T15:17:03.799+0000] {dagbag.py:539} INFO - Filling up the DagBag from /home/airflow/.local/lib/python3.8/site-packages/airflow/example_dags/example_local_kubernetes_executor.py
[2023-11-29T15:17:03.992+0000] {processor.py:839} INFO - DAG(s) dict_keys(['example_local_kubernetes_executor']) retrieved from /home/airflow/.local/lib/python3.8/site-packages/airflow/example_dags/example_local_kubernetes_executor.py
[2023-11-29T15:17:04.052+0000] {logging_mixin.py:151} INFO - [2023-11-29T15:17:04.051+0000] {dag.py:2915} INFO - Sync 1 DAGs
[2023-11-29T15:17:04.098+0000] {logging_mixin.py:151} INFO - [2023-11-29T15:17:04.098+0000] {dag.py:3696} INFO - Setting next_dagrun for example_local_kubernetes_executor to None, run_after=None
[2023-11-29T15:17:04.127+0000] {processor.py:179} INFO - Processing /home/airflow/.local/lib/python3.8/site-packages/airflow/example_dags/example_local_kubernetes_executor.py took 0.348 seconds
[2023-11-29T15:17:34.532+0000] {processor.py:157} INFO - Started process (PID=1747) to work on /home/airflow/.local/lib/python3.8/site-packages/airflow/example_dags/example_local_kubernetes_executor.py
[2023-11-29T15:17:34.534+0000] {processor.py:829} INFO - Processing file /home/airflow/.local/lib/python3.8/site-packages/airflow/example_dags/example_local_kubernetes_executor.py for tasks to queue
[2023-11-29T15:17:34.537+0000] {logging_mixin.py:151} INFO - [2023-11-29T15:17:34.537+0000] {dagbag.py:539} INFO - Filling up the DagBag from /home/airflow/.local/lib/python3.8/site-packages/airflow/example_dags/example_local_kubernetes_executor.py
[2023-11-29T15:17:34.921+0000] {processor.py:839} INFO - DAG(s) dict_keys(['example_local_kubernetes_executor']) retrieved from /home/airflow/.local/lib/python3.8/site-packages/airflow/example_dags/example_local_kubernetes_executor.py
[2023-11-29T15:17:35.000+0000] {logging_mixin.py:151} INFO - [2023-11-29T15:17:34.999+0000] {dag.py:2915} INFO - Sync 1 DAGs
[2023-11-29T15:17:35.013+0000] {logging_mixin.py:151} INFO - [2023-11-29T15:17:35.013+0000] {dag.py:3696} INFO - Setting next_dagrun for example_local_kubernetes_executor to None, run_after=None
[2023-11-29T15:17:35.047+0000] {processor.py:179} INFO - Processing /home/airflow/.local/lib/python3.8/site-packages/airflow/example_dags/example_local_kubernetes_executor.py took 0.536 seconds
[2023-11-29T15:18:06.032+0000] {processor.py:157} INFO - Started process (PID=1800) to work on /home/airflow/.local/lib/python3.8/site-packages/airflow/example_dags/example_local_kubernetes_executor.py
[2023-11-29T15:18:06.034+0000] {processor.py:829} INFO - Processing file /home/airflow/.local/lib/python3.8/site-packages/airflow/example_dags/example_local_kubernetes_executor.py for tasks to queue
[2023-11-29T15:18:06.036+0000] {logging_mixin.py:151} INFO - [2023-11-29T15:18:06.036+0000] {dagbag.py:539} INFO - Filling up the DagBag from /home/airflow/.local/lib/python3.8/site-packages/airflow/example_dags/example_local_kubernetes_executor.py
[2023-11-29T15:18:06.199+0000] {processor.py:839} INFO - DAG(s) dict_keys(['example_local_kubernetes_executor']) retrieved from /home/airflow/.local/lib/python3.8/site-packages/airflow/example_dags/example_local_kubernetes_executor.py
[2023-11-29T15:18:06.226+0000] {logging_mixin.py:151} INFO - [2023-11-29T15:18:06.226+0000] {dag.py:2915} INFO - Sync 1 DAGs
[2023-11-29T15:18:06.235+0000] {logging_mixin.py:151} INFO - [2023-11-29T15:18:06.235+0000] {dag.py:3696} INFO - Setting next_dagrun for example_local_kubernetes_executor to None, run_after=None
[2023-11-29T15:18:06.246+0000] {processor.py:179} INFO - Processing /home/airflow/.local/lib/python3.8/site-packages/airflow/example_dags/example_local_kubernetes_executor.py took 0.217 seconds
[2023-11-29T15:18:36.750+0000] {processor.py:157} INFO - Started process (PID=1854) to work on /home/airflow/.local/lib/python3.8/site-packages/airflow/example_dags/example_local_kubernetes_executor.py
[2023-11-29T15:18:36.752+0000] {processor.py:829} INFO - Processing file /home/airflow/.local/lib/python3.8/site-packages/airflow/example_dags/example_local_kubernetes_executor.py for tasks to queue
[2023-11-29T15:18:36.757+0000] {logging_mixin.py:151} INFO - [2023-11-29T15:18:36.757+0000] {dagbag.py:539} INFO - Filling up the DagBag from /home/airflow/.local/lib/python3.8/site-packages/airflow/example_dags/example_local_kubernetes_executor.py
[2023-11-29T15:18:36.999+0000] {processor.py:839} INFO - DAG(s) dict_keys(['example_local_kubernetes_executor']) retrieved from /home/airflow/.local/lib/python3.8/site-packages/airflow/example_dags/example_local_kubernetes_executor.py
[2023-11-29T15:18:37.047+0000] {logging_mixin.py:151} INFO - [2023-11-29T15:18:37.046+0000] {dag.py:2915} INFO - Sync 1 DAGs
[2023-11-29T15:18:37.062+0000] {logging_mixin.py:151} INFO - [2023-11-29T15:18:37.062+0000] {dag.py:3696} INFO - Setting next_dagrun for example_local_kubernetes_executor to None, run_after=None
[2023-11-29T15:18:37.076+0000] {processor.py:179} INFO - Processing /home/airflow/.local/lib/python3.8/site-packages/airflow/example_dags/example_local_kubernetes_executor.py took 0.334 seconds
[2023-11-29T15:19:07.126+0000] {processor.py:157} INFO - Started process (PID=1908) to work on /home/airflow/.local/lib/python3.8/site-packages/airflow/example_dags/example_local_kubernetes_executor.py
[2023-11-29T15:19:07.134+0000] {processor.py:829} INFO - Processing file /home/airflow/.local/lib/python3.8/site-packages/airflow/example_dags/example_local_kubernetes_executor.py for tasks to queue
[2023-11-29T15:19:07.143+0000] {logging_mixin.py:151} INFO - [2023-11-29T15:19:07.142+0000] {dagbag.py:539} INFO - Filling up the DagBag from /home/airflow/.local/lib/python3.8/site-packages/airflow/example_dags/example_local_kubernetes_executor.py
[2023-11-29T15:19:07.372+0000] {processor.py:839} INFO - DAG(s) dict_keys(['example_local_kubernetes_executor']) retrieved from /home/airflow/.local/lib/python3.8/site-packages/airflow/example_dags/example_local_kubernetes_executor.py
[2023-11-29T15:19:07.411+0000] {logging_mixin.py:151} INFO - [2023-11-29T15:19:07.410+0000] {dag.py:2915} INFO - Sync 1 DAGs
[2023-11-29T15:19:07.421+0000] {logging_mixin.py:151} INFO - [2023-11-29T15:19:07.421+0000] {dag.py:3696} INFO - Setting next_dagrun for example_local_kubernetes_executor to None, run_after=None
[2023-11-29T15:19:07.438+0000] {processor.py:179} INFO - Processing /home/airflow/.local/lib/python3.8/site-packages/airflow/example_dags/example_local_kubernetes_executor.py took 0.319 seconds
[2023-11-29T15:23:06.979+0000] {processor.py:157} INFO - Started process (PID=75) to work on /home/airflow/.local/lib/python3.8/site-packages/airflow/example_dags/example_local_kubernetes_executor.py
[2023-11-29T15:23:06.983+0000] {processor.py:829} INFO - Processing file /home/airflow/.local/lib/python3.8/site-packages/airflow/example_dags/example_local_kubernetes_executor.py for tasks to queue
[2023-11-29T15:23:06.991+0000] {logging_mixin.py:151} INFO - [2023-11-29T15:23:06.991+0000] {dagbag.py:539} INFO - Filling up the DagBag from /home/airflow/.local/lib/python3.8/site-packages/airflow/example_dags/example_local_kubernetes_executor.py
[2023-11-29T15:23:07.950+0000] {processor.py:839} INFO - DAG(s) dict_keys(['example_local_kubernetes_executor']) retrieved from /home/airflow/.local/lib/python3.8/site-packages/airflow/example_dags/example_local_kubernetes_executor.py
[2023-11-29T15:23:08.049+0000] {logging_mixin.py:151} INFO - [2023-11-29T15:23:08.046+0000] {dag.py:2915} INFO - Sync 1 DAGs
[2023-11-29T15:23:08.102+0000] {logging_mixin.py:151} INFO - [2023-11-29T15:23:08.102+0000] {dag.py:3696} INFO - Setting next_dagrun for example_local_kubernetes_executor to None, run_after=None
[2023-11-29T15:23:08.177+0000] {processor.py:179} INFO - Processing /home/airflow/.local/lib/python3.8/site-packages/airflow/example_dags/example_local_kubernetes_executor.py took 1.202 seconds
[2023-11-29T15:23:39.007+0000] {processor.py:157} INFO - Started process (PID=130) to work on /home/airflow/.local/lib/python3.8/site-packages/airflow/example_dags/example_local_kubernetes_executor.py
[2023-11-29T15:23:39.008+0000] {processor.py:829} INFO - Processing file /home/airflow/.local/lib/python3.8/site-packages/airflow/example_dags/example_local_kubernetes_executor.py for tasks to queue
[2023-11-29T15:23:39.010+0000] {logging_mixin.py:151} INFO - [2023-11-29T15:23:39.010+0000] {dagbag.py:539} INFO - Filling up the DagBag from /home/airflow/.local/lib/python3.8/site-packages/airflow/example_dags/example_local_kubernetes_executor.py
[2023-11-29T15:23:39.229+0000] {processor.py:839} INFO - DAG(s) dict_keys(['example_local_kubernetes_executor']) retrieved from /home/airflow/.local/lib/python3.8/site-packages/airflow/example_dags/example_local_kubernetes_executor.py
[2023-11-29T15:23:39.267+0000] {logging_mixin.py:151} INFO - [2023-11-29T15:23:39.266+0000] {dag.py:2915} INFO - Sync 1 DAGs
[2023-11-29T15:23:39.278+0000] {logging_mixin.py:151} INFO - [2023-11-29T15:23:39.278+0000] {dag.py:3696} INFO - Setting next_dagrun for example_local_kubernetes_executor to None, run_after=None
[2023-11-29T15:23:39.292+0000] {processor.py:179} INFO - Processing /home/airflow/.local/lib/python3.8/site-packages/airflow/example_dags/example_local_kubernetes_executor.py took 0.288 seconds
[2023-11-29T15:24:09.726+0000] {processor.py:157} INFO - Started process (PID=184) to work on /home/airflow/.local/lib/python3.8/site-packages/airflow/example_dags/example_local_kubernetes_executor.py
[2023-11-29T15:24:09.727+0000] {processor.py:829} INFO - Processing file /home/airflow/.local/lib/python3.8/site-packages/airflow/example_dags/example_local_kubernetes_executor.py for tasks to queue
[2023-11-29T15:24:09.729+0000] {logging_mixin.py:151} INFO - [2023-11-29T15:24:09.728+0000] {dagbag.py:539} INFO - Filling up the DagBag from /home/airflow/.local/lib/python3.8/site-packages/airflow/example_dags/example_local_kubernetes_executor.py
[2023-11-29T15:24:09.914+0000] {processor.py:839} INFO - DAG(s) dict_keys(['example_local_kubernetes_executor']) retrieved from /home/airflow/.local/lib/python3.8/site-packages/airflow/example_dags/example_local_kubernetes_executor.py
[2023-11-29T15:24:09.965+0000] {logging_mixin.py:151} INFO - [2023-11-29T15:24:09.964+0000] {dag.py:2915} INFO - Sync 1 DAGs
[2023-11-29T15:24:09.986+0000] {logging_mixin.py:151} INFO - [2023-11-29T15:24:09.986+0000] {dag.py:3696} INFO - Setting next_dagrun for example_local_kubernetes_executor to None, run_after=None
[2023-11-29T15:24:09.998+0000] {processor.py:179} INFO - Processing /home/airflow/.local/lib/python3.8/site-packages/airflow/example_dags/example_local_kubernetes_executor.py took 0.275 seconds
[2023-11-29T15:24:40.460+0000] {processor.py:157} INFO - Started process (PID=238) to work on /home/airflow/.local/lib/python3.8/site-packages/airflow/example_dags/example_local_kubernetes_executor.py
[2023-11-29T15:24:40.461+0000] {processor.py:829} INFO - Processing file /home/airflow/.local/lib/python3.8/site-packages/airflow/example_dags/example_local_kubernetes_executor.py for tasks to queue
[2023-11-29T15:24:40.464+0000] {logging_mixin.py:151} INFO - [2023-11-29T15:24:40.464+0000] {dagbag.py:539} INFO - Filling up the DagBag from /home/airflow/.local/lib/python3.8/site-packages/airflow/example_dags/example_local_kubernetes_executor.py
[2023-11-29T15:24:40.625+0000] {processor.py:839} INFO - DAG(s) dict_keys(['example_local_kubernetes_executor']) retrieved from /home/airflow/.local/lib/python3.8/site-packages/airflow/example_dags/example_local_kubernetes_executor.py
[2023-11-29T15:24:40.657+0000] {logging_mixin.py:151} INFO - [2023-11-29T15:24:40.656+0000] {dag.py:2915} INFO - Sync 1 DAGs
[2023-11-29T15:24:40.665+0000] {logging_mixin.py:151} INFO - [2023-11-29T15:24:40.665+0000] {dag.py:3696} INFO - Setting next_dagrun for example_local_kubernetes_executor to None, run_after=None
[2023-11-29T15:24:40.676+0000] {processor.py:179} INFO - Processing /home/airflow/.local/lib/python3.8/site-packages/airflow/example_dags/example_local_kubernetes_executor.py took 0.220 seconds
[2023-11-29T15:25:10.905+0000] {processor.py:157} INFO - Started process (PID=292) to work on /home/airflow/.local/lib/python3.8/site-packages/airflow/example_dags/example_local_kubernetes_executor.py
[2023-11-29T15:25:10.906+0000] {processor.py:829} INFO - Processing file /home/airflow/.local/lib/python3.8/site-packages/airflow/example_dags/example_local_kubernetes_executor.py for tasks to queue
[2023-11-29T15:25:10.908+0000] {logging_mixin.py:151} INFO - [2023-11-29T15:25:10.908+0000] {dagbag.py:539} INFO - Filling up the DagBag from /home/airflow/.local/lib/python3.8/site-packages/airflow/example_dags/example_local_kubernetes_executor.py
[2023-11-29T15:25:11.094+0000] {processor.py:839} INFO - DAG(s) dict_keys(['example_local_kubernetes_executor']) retrieved from /home/airflow/.local/lib/python3.8/site-packages/airflow/example_dags/example_local_kubernetes_executor.py
[2023-11-29T15:25:11.131+0000] {logging_mixin.py:151} INFO - [2023-11-29T15:25:11.131+0000] {dag.py:2915} INFO - Sync 1 DAGs
[2023-11-29T15:25:11.140+0000] {logging_mixin.py:151} INFO - [2023-11-29T15:25:11.140+0000] {dag.py:3696} INFO - Setting next_dagrun for example_local_kubernetes_executor to None, run_after=None
[2023-11-29T15:25:11.155+0000] {processor.py:179} INFO - Processing /home/airflow/.local/lib/python3.8/site-packages/airflow/example_dags/example_local_kubernetes_executor.py took 0.253 seconds
[2023-11-29T15:25:41.402+0000] {processor.py:157} INFO - Started process (PID=346) to work on /home/airflow/.local/lib/python3.8/site-packages/airflow/example_dags/example_local_kubernetes_executor.py
[2023-11-29T15:25:41.404+0000] {processor.py:829} INFO - Processing file /home/airflow/.local/lib/python3.8/site-packages/airflow/example_dags/example_local_kubernetes_executor.py for tasks to queue
[2023-11-29T15:25:41.407+0000] {logging_mixin.py:151} INFO - [2023-11-29T15:25:41.407+0000] {dagbag.py:539} INFO - Filling up the DagBag from /home/airflow/.local/lib/python3.8/site-packages/airflow/example_dags/example_local_kubernetes_executor.py
[2023-11-29T15:25:41.720+0000] {processor.py:839} INFO - DAG(s) dict_keys(['example_local_kubernetes_executor']) retrieved from /home/airflow/.local/lib/python3.8/site-packages/airflow/example_dags/example_local_kubernetes_executor.py
[2023-11-29T15:25:41.774+0000] {logging_mixin.py:151} INFO - [2023-11-29T15:25:41.773+0000] {dag.py:2915} INFO - Sync 1 DAGs
[2023-11-29T15:25:41.789+0000] {logging_mixin.py:151} INFO - [2023-11-29T15:25:41.789+0000] {dag.py:3696} INFO - Setting next_dagrun for example_local_kubernetes_executor to None, run_after=None
[2023-11-29T15:25:41.804+0000] {processor.py:179} INFO - Processing /home/airflow/.local/lib/python3.8/site-packages/airflow/example_dags/example_local_kubernetes_executor.py took 0.407 seconds
[2023-11-29T15:26:12.285+0000] {processor.py:157} INFO - Started process (PID=400) to work on /home/airflow/.local/lib/python3.8/site-packages/airflow/example_dags/example_local_kubernetes_executor.py
[2023-11-29T15:26:12.287+0000] {processor.py:829} INFO - Processing file /home/airflow/.local/lib/python3.8/site-packages/airflow/example_dags/example_local_kubernetes_executor.py for tasks to queue
[2023-11-29T15:26:12.289+0000] {logging_mixin.py:151} INFO - [2023-11-29T15:26:12.289+0000] {dagbag.py:539} INFO - Filling up the DagBag from /home/airflow/.local/lib/python3.8/site-packages/airflow/example_dags/example_local_kubernetes_executor.py
[2023-11-29T15:26:12.921+0000] {processor.py:839} INFO - DAG(s) dict_keys(['example_local_kubernetes_executor']) retrieved from /home/airflow/.local/lib/python3.8/site-packages/airflow/example_dags/example_local_kubernetes_executor.py
[2023-11-29T15:26:13.024+0000] {logging_mixin.py:151} INFO - [2023-11-29T15:26:13.022+0000] {dag.py:2915} INFO - Sync 1 DAGs
[2023-11-29T15:26:13.046+0000] {logging_mixin.py:151} INFO - [2023-11-29T15:26:13.046+0000] {dag.py:3696} INFO - Setting next_dagrun for example_local_kubernetes_executor to None, run_after=None
[2023-11-29T15:26:13.070+0000] {processor.py:179} INFO - Processing /home/airflow/.local/lib/python3.8/site-packages/airflow/example_dags/example_local_kubernetes_executor.py took 0.788 seconds
[2023-11-29T15:26:43.787+0000] {processor.py:157} INFO - Started process (PID=454) to work on /home/airflow/.local/lib/python3.8/site-packages/airflow/example_dags/example_local_kubernetes_executor.py
[2023-11-29T15:26:43.792+0000] {processor.py:829} INFO - Processing file /home/airflow/.local/lib/python3.8/site-packages/airflow/example_dags/example_local_kubernetes_executor.py for tasks to queue
[2023-11-29T15:26:43.800+0000] {logging_mixin.py:151} INFO - [2023-11-29T15:26:43.799+0000] {dagbag.py:539} INFO - Filling up the DagBag from /home/airflow/.local/lib/python3.8/site-packages/airflow/example_dags/example_local_kubernetes_executor.py
[2023-11-29T15:26:44.057+0000] {processor.py:839} INFO - DAG(s) dict_keys(['example_local_kubernetes_executor']) retrieved from /home/airflow/.local/lib/python3.8/site-packages/airflow/example_dags/example_local_kubernetes_executor.py
[2023-11-29T15:26:44.094+0000] {logging_mixin.py:151} INFO - [2023-11-29T15:26:44.093+0000] {dag.py:2915} INFO - Sync 1 DAGs
[2023-11-29T15:26:44.104+0000] {logging_mixin.py:151} INFO - [2023-11-29T15:26:44.104+0000] {dag.py:3696} INFO - Setting next_dagrun for example_local_kubernetes_executor to None, run_after=None
[2023-11-29T15:26:44.124+0000] {processor.py:179} INFO - Processing /home/airflow/.local/lib/python3.8/site-packages/airflow/example_dags/example_local_kubernetes_executor.py took 0.362 seconds
[2023-11-29T15:27:14.536+0000] {processor.py:157} INFO - Started process (PID=508) to work on /home/airflow/.local/lib/python3.8/site-packages/airflow/example_dags/example_local_kubernetes_executor.py
[2023-11-29T15:27:14.538+0000] {processor.py:829} INFO - Processing file /home/airflow/.local/lib/python3.8/site-packages/airflow/example_dags/example_local_kubernetes_executor.py for tasks to queue
[2023-11-29T15:27:14.541+0000] {logging_mixin.py:151} INFO - [2023-11-29T15:27:14.541+0000] {dagbag.py:539} INFO - Filling up the DagBag from /home/airflow/.local/lib/python3.8/site-packages/airflow/example_dags/example_local_kubernetes_executor.py
[2023-11-29T15:27:14.785+0000] {processor.py:839} INFO - DAG(s) dict_keys(['example_local_kubernetes_executor']) retrieved from /home/airflow/.local/lib/python3.8/site-packages/airflow/example_dags/example_local_kubernetes_executor.py
[2023-11-29T15:27:14.818+0000] {logging_mixin.py:151} INFO - [2023-11-29T15:27:14.817+0000] {dag.py:2915} INFO - Sync 1 DAGs
[2023-11-29T15:27:14.828+0000] {logging_mixin.py:151} INFO - [2023-11-29T15:27:14.828+0000] {dag.py:3696} INFO - Setting next_dagrun for example_local_kubernetes_executor to None, run_after=None
[2023-11-29T15:27:14.840+0000] {processor.py:179} INFO - Processing /home/airflow/.local/lib/python3.8/site-packages/airflow/example_dags/example_local_kubernetes_executor.py took 0.309 seconds
[2023-11-29T15:27:45.053+0000] {processor.py:157} INFO - Started process (PID=562) to work on /home/airflow/.local/lib/python3.8/site-packages/airflow/example_dags/example_local_kubernetes_executor.py
[2023-11-29T15:27:45.056+0000] {processor.py:829} INFO - Processing file /home/airflow/.local/lib/python3.8/site-packages/airflow/example_dags/example_local_kubernetes_executor.py for tasks to queue
[2023-11-29T15:27:45.075+0000] {logging_mixin.py:151} INFO - [2023-11-29T15:27:45.074+0000] {dagbag.py:539} INFO - Filling up the DagBag from /home/airflow/.local/lib/python3.8/site-packages/airflow/example_dags/example_local_kubernetes_executor.py
[2023-11-29T15:27:45.413+0000] {processor.py:839} INFO - DAG(s) dict_keys(['example_local_kubernetes_executor']) retrieved from /home/airflow/.local/lib/python3.8/site-packages/airflow/example_dags/example_local_kubernetes_executor.py
[2023-11-29T15:27:45.456+0000] {logging_mixin.py:151} INFO - [2023-11-29T15:27:45.455+0000] {dag.py:2915} INFO - Sync 1 DAGs
[2023-11-29T15:27:45.475+0000] {logging_mixin.py:151} INFO - [2023-11-29T15:27:45.475+0000] {dag.py:3696} INFO - Setting next_dagrun for example_local_kubernetes_executor to None, run_after=None
[2023-11-29T15:27:45.494+0000] {processor.py:179} INFO - Processing /home/airflow/.local/lib/python3.8/site-packages/airflow/example_dags/example_local_kubernetes_executor.py took 0.447 seconds
[2023-11-29T15:28:15.793+0000] {processor.py:157} INFO - Started process (PID=616) to work on /home/airflow/.local/lib/python3.8/site-packages/airflow/example_dags/example_local_kubernetes_executor.py
[2023-11-29T15:28:15.799+0000] {processor.py:829} INFO - Processing file /home/airflow/.local/lib/python3.8/site-packages/airflow/example_dags/example_local_kubernetes_executor.py for tasks to queue
[2023-11-29T15:28:15.822+0000] {logging_mixin.py:151} INFO - [2023-11-29T15:28:15.821+0000] {dagbag.py:539} INFO - Filling up the DagBag from /home/airflow/.local/lib/python3.8/site-packages/airflow/example_dags/example_local_kubernetes_executor.py
[2023-11-29T15:28:16.144+0000] {processor.py:839} INFO - DAG(s) dict_keys(['example_local_kubernetes_executor']) retrieved from /home/airflow/.local/lib/python3.8/site-packages/airflow/example_dags/example_local_kubernetes_executor.py
[2023-11-29T15:28:16.210+0000] {logging_mixin.py:151} INFO - [2023-11-29T15:28:16.210+0000] {dag.py:2915} INFO - Sync 1 DAGs
[2023-11-29T15:28:16.223+0000] {logging_mixin.py:151} INFO - [2023-11-29T15:28:16.223+0000] {dag.py:3696} INFO - Setting next_dagrun for example_local_kubernetes_executor to None, run_after=None
[2023-11-29T15:28:16.244+0000] {processor.py:179} INFO - Processing /home/airflow/.local/lib/python3.8/site-packages/airflow/example_dags/example_local_kubernetes_executor.py took 0.464 seconds
[2023-11-29T15:28:46.411+0000] {processor.py:157} INFO - Started process (PID=670) to work on /home/airflow/.local/lib/python3.8/site-packages/airflow/example_dags/example_local_kubernetes_executor.py
[2023-11-29T15:28:46.413+0000] {processor.py:829} INFO - Processing file /home/airflow/.local/lib/python3.8/site-packages/airflow/example_dags/example_local_kubernetes_executor.py for tasks to queue
[2023-11-29T15:28:46.417+0000] {logging_mixin.py:151} INFO - [2023-11-29T15:28:46.417+0000] {dagbag.py:539} INFO - Filling up the DagBag from /home/airflow/.local/lib/python3.8/site-packages/airflow/example_dags/example_local_kubernetes_executor.py
[2023-11-29T15:28:46.717+0000] {processor.py:839} INFO - DAG(s) dict_keys(['example_local_kubernetes_executor']) retrieved from /home/airflow/.local/lib/python3.8/site-packages/airflow/example_dags/example_local_kubernetes_executor.py
[2023-11-29T15:28:46.761+0000] {logging_mixin.py:151} INFO - [2023-11-29T15:28:46.761+0000] {dag.py:2915} INFO - Sync 1 DAGs
[2023-11-29T15:28:46.771+0000] {logging_mixin.py:151} INFO - [2023-11-29T15:28:46.771+0000] {dag.py:3696} INFO - Setting next_dagrun for example_local_kubernetes_executor to None, run_after=None
[2023-11-29T15:28:46.784+0000] {processor.py:179} INFO - Processing /home/airflow/.local/lib/python3.8/site-packages/airflow/example_dags/example_local_kubernetes_executor.py took 0.385 seconds
[2023-11-29T15:29:16.917+0000] {processor.py:157} INFO - Started process (PID=725) to work on /home/airflow/.local/lib/python3.8/site-packages/airflow/example_dags/example_local_kubernetes_executor.py
[2023-11-29T15:29:16.918+0000] {processor.py:829} INFO - Processing file /home/airflow/.local/lib/python3.8/site-packages/airflow/example_dags/example_local_kubernetes_executor.py for tasks to queue
[2023-11-29T15:29:16.919+0000] {logging_mixin.py:151} INFO - [2023-11-29T15:29:16.919+0000] {dagbag.py:539} INFO - Filling up the DagBag from /home/airflow/.local/lib/python3.8/site-packages/airflow/example_dags/example_local_kubernetes_executor.py
[2023-11-29T15:29:17.220+0000] {processor.py:839} INFO - DAG(s) dict_keys(['example_local_kubernetes_executor']) retrieved from /home/airflow/.local/lib/python3.8/site-packages/airflow/example_dags/example_local_kubernetes_executor.py
[2023-11-29T15:29:17.271+0000] {logging_mixin.py:151} INFO - [2023-11-29T15:29:17.270+0000] {dag.py:2915} INFO - Sync 1 DAGs
[2023-11-29T15:29:17.281+0000] {logging_mixin.py:151} INFO - [2023-11-29T15:29:17.281+0000] {dag.py:3696} INFO - Setting next_dagrun for example_local_kubernetes_executor to None, run_after=None
[2023-11-29T15:29:17.293+0000] {processor.py:179} INFO - Processing /home/airflow/.local/lib/python3.8/site-packages/airflow/example_dags/example_local_kubernetes_executor.py took 0.379 seconds
[2023-11-29T15:29:47.428+0000] {processor.py:157} INFO - Started process (PID=779) to work on /home/airflow/.local/lib/python3.8/site-packages/airflow/example_dags/example_local_kubernetes_executor.py
[2023-11-29T15:29:47.429+0000] {processor.py:829} INFO - Processing file /home/airflow/.local/lib/python3.8/site-packages/airflow/example_dags/example_local_kubernetes_executor.py for tasks to queue
[2023-11-29T15:29:47.432+0000] {logging_mixin.py:151} INFO - [2023-11-29T15:29:47.432+0000] {dagbag.py:539} INFO - Filling up the DagBag from /home/airflow/.local/lib/python3.8/site-packages/airflow/example_dags/example_local_kubernetes_executor.py
[2023-11-29T15:29:47.878+0000] {processor.py:839} INFO - DAG(s) dict_keys(['example_local_kubernetes_executor']) retrieved from /home/airflow/.local/lib/python3.8/site-packages/airflow/example_dags/example_local_kubernetes_executor.py
[2023-11-29T15:29:48.087+0000] {logging_mixin.py:151} INFO - [2023-11-29T15:29:48.086+0000] {dag.py:2915} INFO - Sync 1 DAGs
[2023-11-29T15:29:48.121+0000] {logging_mixin.py:151} INFO - [2023-11-29T15:29:48.120+0000] {dag.py:3696} INFO - Setting next_dagrun for example_local_kubernetes_executor to None, run_after=None
[2023-11-29T15:29:48.161+0000] {processor.py:179} INFO - Processing /home/airflow/.local/lib/python3.8/site-packages/airflow/example_dags/example_local_kubernetes_executor.py took 0.737 seconds
[2023-11-29T15:30:18.801+0000] {processor.py:157} INFO - Started process (PID=833) to work on /home/airflow/.local/lib/python3.8/site-packages/airflow/example_dags/example_local_kubernetes_executor.py
[2023-11-29T15:30:18.803+0000] {processor.py:829} INFO - Processing file /home/airflow/.local/lib/python3.8/site-packages/airflow/example_dags/example_local_kubernetes_executor.py for tasks to queue
[2023-11-29T15:30:18.807+0000] {logging_mixin.py:151} INFO - [2023-11-29T15:30:18.806+0000] {dagbag.py:539} INFO - Filling up the DagBag from /home/airflow/.local/lib/python3.8/site-packages/airflow/example_dags/example_local_kubernetes_executor.py
[2023-11-29T15:30:19.119+0000] {processor.py:839} INFO - DAG(s) dict_keys(['example_local_kubernetes_executor']) retrieved from /home/airflow/.local/lib/python3.8/site-packages/airflow/example_dags/example_local_kubernetes_executor.py
[2023-11-29T15:30:19.181+0000] {logging_mixin.py:151} INFO - [2023-11-29T15:30:19.180+0000] {dag.py:2915} INFO - Sync 1 DAGs
[2023-11-29T15:30:19.192+0000] {logging_mixin.py:151} INFO - [2023-11-29T15:30:19.192+0000] {dag.py:3696} INFO - Setting next_dagrun for example_local_kubernetes_executor to None, run_after=None
[2023-11-29T15:30:19.232+0000] {processor.py:179} INFO - Processing /home/airflow/.local/lib/python3.8/site-packages/airflow/example_dags/example_local_kubernetes_executor.py took 0.436 seconds
[2023-11-29T15:30:49.407+0000] {processor.py:157} INFO - Started process (PID=887) to work on /home/airflow/.local/lib/python3.8/site-packages/airflow/example_dags/example_local_kubernetes_executor.py
[2023-11-29T15:30:49.409+0000] {processor.py:829} INFO - Processing file /home/airflow/.local/lib/python3.8/site-packages/airflow/example_dags/example_local_kubernetes_executor.py for tasks to queue
[2023-11-29T15:30:49.411+0000] {logging_mixin.py:151} INFO - [2023-11-29T15:30:49.411+0000] {dagbag.py:539} INFO - Filling up the DagBag from /home/airflow/.local/lib/python3.8/site-packages/airflow/example_dags/example_local_kubernetes_executor.py
[2023-11-29T15:30:49.730+0000] {processor.py:839} INFO - DAG(s) dict_keys(['example_local_kubernetes_executor']) retrieved from /home/airflow/.local/lib/python3.8/site-packages/airflow/example_dags/example_local_kubernetes_executor.py
[2023-11-29T15:30:49.956+0000] {logging_mixin.py:151} INFO - [2023-11-29T15:30:49.951+0000] {dag.py:2915} INFO - Sync 1 DAGs
[2023-11-29T15:30:50.037+0000] {logging_mixin.py:151} INFO - [2023-11-29T15:30:50.037+0000] {dag.py:3696} INFO - Setting next_dagrun for example_local_kubernetes_executor to None, run_after=None
[2023-11-29T15:30:50.208+0000] {processor.py:179} INFO - Processing /home/airflow/.local/lib/python3.8/site-packages/airflow/example_dags/example_local_kubernetes_executor.py took 0.805 seconds
[2023-11-29T16:52:45.395+0000] {processor.py:157} INFO - Started process (PID=940) to work on /home/airflow/.local/lib/python3.8/site-packages/airflow/example_dags/example_local_kubernetes_executor.py
[2023-11-29T16:52:45.400+0000] {processor.py:829} INFO - Processing file /home/airflow/.local/lib/python3.8/site-packages/airflow/example_dags/example_local_kubernetes_executor.py for tasks to queue
[2023-11-29T16:52:45.406+0000] {logging_mixin.py:151} INFO - [2023-11-29T16:52:45.405+0000] {dagbag.py:539} INFO - Filling up the DagBag from /home/airflow/.local/lib/python3.8/site-packages/airflow/example_dags/example_local_kubernetes_executor.py
[2023-11-29T16:52:45.776+0000] {processor.py:839} INFO - DAG(s) dict_keys(['example_local_kubernetes_executor']) retrieved from /home/airflow/.local/lib/python3.8/site-packages/airflow/example_dags/example_local_kubernetes_executor.py
[2023-11-29T16:52:45.835+0000] {logging_mixin.py:151} INFO - [2023-11-29T16:52:45.834+0000] {dag.py:2915} INFO - Sync 1 DAGs
[2023-11-29T16:52:45.850+0000] {logging_mixin.py:151} INFO - [2023-11-29T16:52:45.850+0000] {dag.py:3696} INFO - Setting next_dagrun for example_local_kubernetes_executor to None, run_after=None
[2023-11-29T16:52:45.864+0000] {processor.py:179} INFO - Processing /home/airflow/.local/lib/python3.8/site-packages/airflow/example_dags/example_local_kubernetes_executor.py took 0.482 seconds
[2023-11-29T18:02:48.329+0000] {processor.py:157} INFO - Started process (PID=994) to work on /home/airflow/.local/lib/python3.8/site-packages/airflow/example_dags/example_local_kubernetes_executor.py
[2023-11-29T18:02:48.330+0000] {processor.py:829} INFO - Processing file /home/airflow/.local/lib/python3.8/site-packages/airflow/example_dags/example_local_kubernetes_executor.py for tasks to queue
[2023-11-29T18:02:48.331+0000] {logging_mixin.py:151} INFO - [2023-11-29T18:02:48.331+0000] {dagbag.py:539} INFO - Filling up the DagBag from /home/airflow/.local/lib/python3.8/site-packages/airflow/example_dags/example_local_kubernetes_executor.py
[2023-11-29T18:02:48.575+0000] {processor.py:839} INFO - DAG(s) dict_keys(['example_local_kubernetes_executor']) retrieved from /home/airflow/.local/lib/python3.8/site-packages/airflow/example_dags/example_local_kubernetes_executor.py
[2023-11-29T18:02:48.616+0000] {logging_mixin.py:151} INFO - [2023-11-29T18:02:48.615+0000] {dag.py:2915} INFO - Sync 1 DAGs
[2023-11-29T18:02:48.624+0000] {logging_mixin.py:151} INFO - [2023-11-29T18:02:48.624+0000] {dag.py:3696} INFO - Setting next_dagrun for example_local_kubernetes_executor to None, run_after=None
[2023-11-29T18:02:48.636+0000] {processor.py:179} INFO - Processing /home/airflow/.local/lib/python3.8/site-packages/airflow/example_dags/example_local_kubernetes_executor.py took 0.309 seconds
[2023-11-29T18:27:54.937+0000] {processor.py:157} INFO - Started process (PID=1048) to work on /home/airflow/.local/lib/python3.8/site-packages/airflow/example_dags/example_local_kubernetes_executor.py
[2023-11-29T18:27:54.937+0000] {processor.py:829} INFO - Processing file /home/airflow/.local/lib/python3.8/site-packages/airflow/example_dags/example_local_kubernetes_executor.py for tasks to queue
[2023-11-29T18:27:54.939+0000] {logging_mixin.py:151} INFO - [2023-11-29T18:27:54.939+0000] {dagbag.py:539} INFO - Filling up the DagBag from /home/airflow/.local/lib/python3.8/site-packages/airflow/example_dags/example_local_kubernetes_executor.py
[2023-11-29T18:27:55.115+0000] {processor.py:839} INFO - DAG(s) dict_keys(['example_local_kubernetes_executor']) retrieved from /home/airflow/.local/lib/python3.8/site-packages/airflow/example_dags/example_local_kubernetes_executor.py
[2023-11-29T18:27:55.146+0000] {logging_mixin.py:151} INFO - [2023-11-29T18:27:55.145+0000] {dag.py:2915} INFO - Sync 1 DAGs
[2023-11-29T18:27:55.155+0000] {logging_mixin.py:151} INFO - [2023-11-29T18:27:55.155+0000] {dag.py:3696} INFO - Setting next_dagrun for example_local_kubernetes_executor to None, run_after=None
[2023-11-29T18:27:55.172+0000] {processor.py:179} INFO - Processing /home/airflow/.local/lib/python3.8/site-packages/airflow/example_dags/example_local_kubernetes_executor.py took 0.238 seconds
[2023-11-29T18:32:44.206+0000] {processor.py:157} INFO - Started process (PID=1102) to work on /home/airflow/.local/lib/python3.8/site-packages/airflow/example_dags/example_local_kubernetes_executor.py
[2023-11-29T18:32:44.207+0000] {processor.py:829} INFO - Processing file /home/airflow/.local/lib/python3.8/site-packages/airflow/example_dags/example_local_kubernetes_executor.py for tasks to queue
[2023-11-29T18:32:44.208+0000] {logging_mixin.py:151} INFO - [2023-11-29T18:32:44.208+0000] {dagbag.py:539} INFO - Filling up the DagBag from /home/airflow/.local/lib/python3.8/site-packages/airflow/example_dags/example_local_kubernetes_executor.py
[2023-11-29T18:32:44.362+0000] {processor.py:839} INFO - DAG(s) dict_keys(['example_local_kubernetes_executor']) retrieved from /home/airflow/.local/lib/python3.8/site-packages/airflow/example_dags/example_local_kubernetes_executor.py
[2023-11-29T18:32:44.389+0000] {logging_mixin.py:151} INFO - [2023-11-29T18:32:44.388+0000] {dag.py:2915} INFO - Sync 1 DAGs
[2023-11-29T18:32:44.400+0000] {logging_mixin.py:151} INFO - [2023-11-29T18:32:44.400+0000] {dag.py:3696} INFO - Setting next_dagrun for example_local_kubernetes_executor to None, run_after=None
[2023-11-29T18:32:44.414+0000] {processor.py:179} INFO - Processing /home/airflow/.local/lib/python3.8/site-packages/airflow/example_dags/example_local_kubernetes_executor.py took 0.210 seconds
[2023-11-29T18:50:40.024+0000] {processor.py:157} INFO - Started process (PID=1156) to work on /home/airflow/.local/lib/python3.8/site-packages/airflow/example_dags/example_local_kubernetes_executor.py
[2023-11-29T18:50:40.026+0000] {processor.py:829} INFO - Processing file /home/airflow/.local/lib/python3.8/site-packages/airflow/example_dags/example_local_kubernetes_executor.py for tasks to queue
[2023-11-29T18:50:40.028+0000] {logging_mixin.py:151} INFO - [2023-11-29T18:50:40.028+0000] {dagbag.py:539} INFO - Filling up the DagBag from /home/airflow/.local/lib/python3.8/site-packages/airflow/example_dags/example_local_kubernetes_executor.py
[2023-11-29T18:50:40.351+0000] {processor.py:839} INFO - DAG(s) dict_keys(['example_local_kubernetes_executor']) retrieved from /home/airflow/.local/lib/python3.8/site-packages/airflow/example_dags/example_local_kubernetes_executor.py
[2023-11-29T18:50:40.415+0000] {logging_mixin.py:151} INFO - [2023-11-29T18:50:40.415+0000] {dag.py:2915} INFO - Sync 1 DAGs
[2023-11-29T18:50:40.434+0000] {logging_mixin.py:151} INFO - [2023-11-29T18:50:40.433+0000] {dag.py:3696} INFO - Setting next_dagrun for example_local_kubernetes_executor to None, run_after=None
[2023-11-29T18:50:40.464+0000] {processor.py:179} INFO - Processing /home/airflow/.local/lib/python3.8/site-packages/airflow/example_dags/example_local_kubernetes_executor.py took 0.443 seconds
[2023-11-29T19:03:29.480+0000] {processor.py:157} INFO - Started process (PID=1210) to work on /home/airflow/.local/lib/python3.8/site-packages/airflow/example_dags/example_local_kubernetes_executor.py
[2023-11-29T19:03:29.482+0000] {processor.py:829} INFO - Processing file /home/airflow/.local/lib/python3.8/site-packages/airflow/example_dags/example_local_kubernetes_executor.py for tasks to queue
[2023-11-29T19:03:29.484+0000] {logging_mixin.py:151} INFO - [2023-11-29T19:03:29.484+0000] {dagbag.py:539} INFO - Filling up the DagBag from /home/airflow/.local/lib/python3.8/site-packages/airflow/example_dags/example_local_kubernetes_executor.py
[2023-11-29T19:03:30.145+0000] {processor.py:839} INFO - DAG(s) dict_keys(['example_local_kubernetes_executor']) retrieved from /home/airflow/.local/lib/python3.8/site-packages/airflow/example_dags/example_local_kubernetes_executor.py
[2023-11-29T19:03:30.345+0000] {logging_mixin.py:151} INFO - [2023-11-29T19:03:30.344+0000] {dag.py:2915} INFO - Sync 1 DAGs
[2023-11-29T19:03:30.379+0000] {logging_mixin.py:151} INFO - [2023-11-29T19:03:30.378+0000] {dag.py:3696} INFO - Setting next_dagrun for example_local_kubernetes_executor to None, run_after=None
[2023-11-29T19:03:30.417+0000] {processor.py:179} INFO - Processing /home/airflow/.local/lib/python3.8/site-packages/airflow/example_dags/example_local_kubernetes_executor.py took 0.940 seconds
[2023-11-29T20:07:22.792+0000] {processor.py:157} INFO - Started process (PID=1264) to work on /home/airflow/.local/lib/python3.8/site-packages/airflow/example_dags/example_local_kubernetes_executor.py
[2023-11-29T20:07:22.793+0000] {processor.py:829} INFO - Processing file /home/airflow/.local/lib/python3.8/site-packages/airflow/example_dags/example_local_kubernetes_executor.py for tasks to queue
[2023-11-29T20:07:22.795+0000] {logging_mixin.py:151} INFO - [2023-11-29T20:07:22.795+0000] {dagbag.py:539} INFO - Filling up the DagBag from /home/airflow/.local/lib/python3.8/site-packages/airflow/example_dags/example_local_kubernetes_executor.py
[2023-11-29T20:07:23.001+0000] {processor.py:839} INFO - DAG(s) dict_keys(['example_local_kubernetes_executor']) retrieved from /home/airflow/.local/lib/python3.8/site-packages/airflow/example_dags/example_local_kubernetes_executor.py
[2023-11-29T20:07:23.040+0000] {logging_mixin.py:151} INFO - [2023-11-29T20:07:23.040+0000] {dag.py:2915} INFO - Sync 1 DAGs
[2023-11-29T20:07:23.049+0000] {logging_mixin.py:151} INFO - [2023-11-29T20:07:23.049+0000] {dag.py:3696} INFO - Setting next_dagrun for example_local_kubernetes_executor to None, run_after=None
[2023-11-29T20:07:23.062+0000] {processor.py:179} INFO - Processing /home/airflow/.local/lib/python3.8/site-packages/airflow/example_dags/example_local_kubernetes_executor.py took 0.272 seconds
[2023-11-29T21:23:04.277+0000] {processor.py:157} INFO - Started process (PID=1318) to work on /home/airflow/.local/lib/python3.8/site-packages/airflow/example_dags/example_local_kubernetes_executor.py
[2023-11-29T21:23:04.279+0000] {processor.py:829} INFO - Processing file /home/airflow/.local/lib/python3.8/site-packages/airflow/example_dags/example_local_kubernetes_executor.py for tasks to queue
[2023-11-29T21:23:04.281+0000] {logging_mixin.py:151} INFO - [2023-11-29T21:23:04.280+0000] {dagbag.py:539} INFO - Filling up the DagBag from /home/airflow/.local/lib/python3.8/site-packages/airflow/example_dags/example_local_kubernetes_executor.py
[2023-11-29T21:23:04.573+0000] {processor.py:839} INFO - DAG(s) dict_keys(['example_local_kubernetes_executor']) retrieved from /home/airflow/.local/lib/python3.8/site-packages/airflow/example_dags/example_local_kubernetes_executor.py
[2023-11-29T21:23:04.622+0000] {logging_mixin.py:151} INFO - [2023-11-29T21:23:04.622+0000] {dag.py:2915} INFO - Sync 1 DAGs
[2023-11-29T21:23:04.634+0000] {logging_mixin.py:151} INFO - [2023-11-29T21:23:04.634+0000] {dag.py:3696} INFO - Setting next_dagrun for example_local_kubernetes_executor to None, run_after=None
[2023-11-29T21:23:04.648+0000] {processor.py:179} INFO - Processing /home/airflow/.local/lib/python3.8/site-packages/airflow/example_dags/example_local_kubernetes_executor.py took 0.373 seconds
[2023-11-29T22:23:25.506+0000] {processor.py:157} INFO - Started process (PID=1371) to work on /home/airflow/.local/lib/python3.8/site-packages/airflow/example_dags/example_local_kubernetes_executor.py
[2023-11-29T22:23:25.507+0000] {processor.py:829} INFO - Processing file /home/airflow/.local/lib/python3.8/site-packages/airflow/example_dags/example_local_kubernetes_executor.py for tasks to queue
[2023-11-29T22:23:25.508+0000] {logging_mixin.py:151} INFO - [2023-11-29T22:23:25.508+0000] {dagbag.py:539} INFO - Filling up the DagBag from /home/airflow/.local/lib/python3.8/site-packages/airflow/example_dags/example_local_kubernetes_executor.py
[2023-11-29T22:23:25.948+0000] {processor.py:839} INFO - DAG(s) dict_keys(['example_local_kubernetes_executor']) retrieved from /home/airflow/.local/lib/python3.8/site-packages/airflow/example_dags/example_local_kubernetes_executor.py
[2023-11-29T22:23:26.014+0000] {logging_mixin.py:151} INFO - [2023-11-29T22:23:26.013+0000] {dag.py:2915} INFO - Sync 1 DAGs
[2023-11-29T22:23:26.023+0000] {logging_mixin.py:151} INFO - [2023-11-29T22:23:26.023+0000] {dag.py:3696} INFO - Setting next_dagrun for example_local_kubernetes_executor to None, run_after=None
[2023-11-29T22:23:26.065+0000] {processor.py:179} INFO - Processing /home/airflow/.local/lib/python3.8/site-packages/airflow/example_dags/example_local_kubernetes_executor.py took 0.562 seconds
[2023-11-29T23:26:06.530+0000] {processor.py:157} INFO - Started process (PID=1425) to work on /home/airflow/.local/lib/python3.8/site-packages/airflow/example_dags/example_local_kubernetes_executor.py
[2023-11-29T23:26:06.531+0000] {processor.py:829} INFO - Processing file /home/airflow/.local/lib/python3.8/site-packages/airflow/example_dags/example_local_kubernetes_executor.py for tasks to queue
[2023-11-29T23:26:06.532+0000] {logging_mixin.py:151} INFO - [2023-11-29T23:26:06.532+0000] {dagbag.py:539} INFO - Filling up the DagBag from /home/airflow/.local/lib/python3.8/site-packages/airflow/example_dags/example_local_kubernetes_executor.py
[2023-11-29T23:26:06.774+0000] {processor.py:839} INFO - DAG(s) dict_keys(['example_local_kubernetes_executor']) retrieved from /home/airflow/.local/lib/python3.8/site-packages/airflow/example_dags/example_local_kubernetes_executor.py
[2023-11-29T23:26:06.811+0000] {logging_mixin.py:151} INFO - [2023-11-29T23:26:06.810+0000] {dag.py:2915} INFO - Sync 1 DAGs
[2023-11-29T23:26:06.830+0000] {logging_mixin.py:151} INFO - [2023-11-29T23:26:06.830+0000] {dag.py:3696} INFO - Setting next_dagrun for example_local_kubernetes_executor to None, run_after=None
[2023-11-29T23:26:06.843+0000] {processor.py:179} INFO - Processing /home/airflow/.local/lib/python3.8/site-packages/airflow/example_dags/example_local_kubernetes_executor.py took 0.315 seconds
[2023-11-29T23:26:37.095+0000] {processor.py:157} INFO - Started process (PID=1480) to work on /home/airflow/.local/lib/python3.8/site-packages/airflow/example_dags/example_local_kubernetes_executor.py
[2023-11-29T23:26:37.096+0000] {processor.py:829} INFO - Processing file /home/airflow/.local/lib/python3.8/site-packages/airflow/example_dags/example_local_kubernetes_executor.py for tasks to queue
[2023-11-29T23:26:37.097+0000] {logging_mixin.py:151} INFO - [2023-11-29T23:26:37.097+0000] {dagbag.py:539} INFO - Filling up the DagBag from /home/airflow/.local/lib/python3.8/site-packages/airflow/example_dags/example_local_kubernetes_executor.py
[2023-11-29T23:26:37.265+0000] {processor.py:839} INFO - DAG(s) dict_keys(['example_local_kubernetes_executor']) retrieved from /home/airflow/.local/lib/python3.8/site-packages/airflow/example_dags/example_local_kubernetes_executor.py
[2023-11-29T23:26:37.292+0000] {logging_mixin.py:151} INFO - [2023-11-29T23:26:37.291+0000] {dag.py:2915} INFO - Sync 1 DAGs
[2023-11-29T23:26:37.299+0000] {logging_mixin.py:151} INFO - [2023-11-29T23:26:37.299+0000] {dag.py:3696} INFO - Setting next_dagrun for example_local_kubernetes_executor to None, run_after=None
[2023-11-29T23:26:37.308+0000] {processor.py:179} INFO - Processing /home/airflow/.local/lib/python3.8/site-packages/airflow/example_dags/example_local_kubernetes_executor.py took 0.215 seconds
