[2023-11-29T13:59:15.317+0000] {processor.py:157} INFO - Started process (PID=73) to work on /home/airflow/.local/lib/python3.8/site-packages/airflow/example_dags/example_xcom.py
[2023-11-29T13:59:15.319+0000] {processor.py:829} INFO - Processing file /home/airflow/.local/lib/python3.8/site-packages/airflow/example_dags/example_xcom.py for tasks to queue
[2023-11-29T13:59:15.324+0000] {logging_mixin.py:151} INFO - [2023-11-29T13:59:15.323+0000] {dagbag.py:539} INFO - Filling up the DagBag from /home/airflow/.local/lib/python3.8/site-packages/airflow/example_dags/example_xcom.py
[2023-11-29T13:59:15.339+0000] {processor.py:839} INFO - DAG(s) dict_keys(['example_xcom']) retrieved from /home/airflow/.local/lib/python3.8/site-packages/airflow/example_dags/example_xcom.py
[2023-11-29T13:59:15.362+0000] {logging_mixin.py:151} INFO - [2023-11-29T13:59:15.361+0000] {dag.py:2915} INFO - Sync 1 DAGs
[2023-11-29T13:59:15.400+0000] {logging_mixin.py:151} INFO - [2023-11-29T13:59:15.400+0000] {dag.py:3696} INFO - Setting next_dagrun for example_xcom to 2021-01-01T00:00:00+00:00, run_after=2021-01-01T00:00:00+00:00
[2023-11-29T13:59:15.431+0000] {processor.py:179} INFO - Processing /home/airflow/.local/lib/python3.8/site-packages/airflow/example_dags/example_xcom.py took 0.119 seconds
[2023-11-29T13:59:46.193+0000] {processor.py:157} INFO - Started process (PID=127) to work on /home/airflow/.local/lib/python3.8/site-packages/airflow/example_dags/example_xcom.py
[2023-11-29T13:59:46.194+0000] {processor.py:829} INFO - Processing file /home/airflow/.local/lib/python3.8/site-packages/airflow/example_dags/example_xcom.py for tasks to queue
[2023-11-29T13:59:46.196+0000] {logging_mixin.py:151} INFO - [2023-11-29T13:59:46.196+0000] {dagbag.py:539} INFO - Filling up the DagBag from /home/airflow/.local/lib/python3.8/site-packages/airflow/example_dags/example_xcom.py
[2023-11-29T13:59:46.200+0000] {processor.py:839} INFO - DAG(s) dict_keys(['example_xcom']) retrieved from /home/airflow/.local/lib/python3.8/site-packages/airflow/example_dags/example_xcom.py
[2023-11-29T13:59:46.214+0000] {logging_mixin.py:151} INFO - [2023-11-29T13:59:46.214+0000] {dag.py:2915} INFO - Sync 1 DAGs
[2023-11-29T13:59:46.237+0000] {logging_mixin.py:151} INFO - [2023-11-29T13:59:46.237+0000] {dag.py:3696} INFO - Setting next_dagrun for example_xcom to 2021-01-01T00:00:00+00:00, run_after=2021-01-01T00:00:00+00:00
[2023-11-29T13:59:46.248+0000] {processor.py:179} INFO - Processing /home/airflow/.local/lib/python3.8/site-packages/airflow/example_dags/example_xcom.py took 0.058 seconds
[2023-11-29T14:00:16.751+0000] {processor.py:157} INFO - Started process (PID=181) to work on /home/airflow/.local/lib/python3.8/site-packages/airflow/example_dags/example_xcom.py
[2023-11-29T14:00:16.751+0000] {processor.py:829} INFO - Processing file /home/airflow/.local/lib/python3.8/site-packages/airflow/example_dags/example_xcom.py for tasks to queue
[2023-11-29T14:00:16.753+0000] {logging_mixin.py:151} INFO - [2023-11-29T14:00:16.753+0000] {dagbag.py:539} INFO - Filling up the DagBag from /home/airflow/.local/lib/python3.8/site-packages/airflow/example_dags/example_xcom.py
[2023-11-29T14:00:16.758+0000] {processor.py:839} INFO - DAG(s) dict_keys(['example_xcom']) retrieved from /home/airflow/.local/lib/python3.8/site-packages/airflow/example_dags/example_xcom.py
[2023-11-29T14:00:16.772+0000] {logging_mixin.py:151} INFO - [2023-11-29T14:00:16.771+0000] {dag.py:2915} INFO - Sync 1 DAGs
[2023-11-29T14:00:16.784+0000] {logging_mixin.py:151} INFO - [2023-11-29T14:00:16.784+0000] {dag.py:3696} INFO - Setting next_dagrun for example_xcom to 2021-01-01T00:00:00+00:00, run_after=2021-01-01T00:00:00+00:00
[2023-11-29T14:00:16.795+0000] {processor.py:179} INFO - Processing /home/airflow/.local/lib/python3.8/site-packages/airflow/example_dags/example_xcom.py took 0.047 seconds
[2023-11-29T14:00:47.310+0000] {processor.py:157} INFO - Started process (PID=235) to work on /home/airflow/.local/lib/python3.8/site-packages/airflow/example_dags/example_xcom.py
[2023-11-29T14:00:47.311+0000] {processor.py:829} INFO - Processing file /home/airflow/.local/lib/python3.8/site-packages/airflow/example_dags/example_xcom.py for tasks to queue
[2023-11-29T14:00:47.313+0000] {logging_mixin.py:151} INFO - [2023-11-29T14:00:47.313+0000] {dagbag.py:539} INFO - Filling up the DagBag from /home/airflow/.local/lib/python3.8/site-packages/airflow/example_dags/example_xcom.py
[2023-11-29T14:00:47.318+0000] {processor.py:839} INFO - DAG(s) dict_keys(['example_xcom']) retrieved from /home/airflow/.local/lib/python3.8/site-packages/airflow/example_dags/example_xcom.py
[2023-11-29T14:00:47.332+0000] {logging_mixin.py:151} INFO - [2023-11-29T14:00:47.331+0000] {dag.py:2915} INFO - Sync 1 DAGs
[2023-11-29T14:00:47.342+0000] {logging_mixin.py:151} INFO - [2023-11-29T14:00:47.342+0000] {dag.py:3696} INFO - Setting next_dagrun for example_xcom to 2021-01-01T00:00:00+00:00, run_after=2021-01-01T00:00:00+00:00
[2023-11-29T14:00:47.351+0000] {processor.py:179} INFO - Processing /home/airflow/.local/lib/python3.8/site-packages/airflow/example_dags/example_xcom.py took 0.044 seconds
[2023-11-29T14:01:17.808+0000] {processor.py:157} INFO - Started process (PID=289) to work on /home/airflow/.local/lib/python3.8/site-packages/airflow/example_dags/example_xcom.py
[2023-11-29T14:01:17.809+0000] {processor.py:829} INFO - Processing file /home/airflow/.local/lib/python3.8/site-packages/airflow/example_dags/example_xcom.py for tasks to queue
[2023-11-29T14:01:17.811+0000] {logging_mixin.py:151} INFO - [2023-11-29T14:01:17.811+0000] {dagbag.py:539} INFO - Filling up the DagBag from /home/airflow/.local/lib/python3.8/site-packages/airflow/example_dags/example_xcom.py
[2023-11-29T14:01:17.816+0000] {processor.py:839} INFO - DAG(s) dict_keys(['example_xcom']) retrieved from /home/airflow/.local/lib/python3.8/site-packages/airflow/example_dags/example_xcom.py
[2023-11-29T14:01:17.829+0000] {logging_mixin.py:151} INFO - [2023-11-29T14:01:17.829+0000] {dag.py:2915} INFO - Sync 1 DAGs
[2023-11-29T14:01:17.840+0000] {logging_mixin.py:151} INFO - [2023-11-29T14:01:17.840+0000] {dag.py:3696} INFO - Setting next_dagrun for example_xcom to 2021-01-01T00:00:00+00:00, run_after=2021-01-01T00:00:00+00:00
[2023-11-29T14:01:17.849+0000] {processor.py:179} INFO - Processing /home/airflow/.local/lib/python3.8/site-packages/airflow/example_dags/example_xcom.py took 0.043 seconds
[2023-11-29T14:01:48.011+0000] {processor.py:157} INFO - Started process (PID=343) to work on /home/airflow/.local/lib/python3.8/site-packages/airflow/example_dags/example_xcom.py
[2023-11-29T14:01:48.012+0000] {processor.py:829} INFO - Processing file /home/airflow/.local/lib/python3.8/site-packages/airflow/example_dags/example_xcom.py for tasks to queue
[2023-11-29T14:01:48.014+0000] {logging_mixin.py:151} INFO - [2023-11-29T14:01:48.014+0000] {dagbag.py:539} INFO - Filling up the DagBag from /home/airflow/.local/lib/python3.8/site-packages/airflow/example_dags/example_xcom.py
[2023-11-29T14:01:48.018+0000] {processor.py:839} INFO - DAG(s) dict_keys(['example_xcom']) retrieved from /home/airflow/.local/lib/python3.8/site-packages/airflow/example_dags/example_xcom.py
[2023-11-29T14:01:48.036+0000] {logging_mixin.py:151} INFO - [2023-11-29T14:01:48.035+0000] {dag.py:2915} INFO - Sync 1 DAGs
[2023-11-29T14:01:48.049+0000] {logging_mixin.py:151} INFO - [2023-11-29T14:01:48.049+0000] {dag.py:3696} INFO - Setting next_dagrun for example_xcom to 2021-01-01T00:00:00+00:00, run_after=2021-01-01T00:00:00+00:00
[2023-11-29T14:01:48.060+0000] {processor.py:179} INFO - Processing /home/airflow/.local/lib/python3.8/site-packages/airflow/example_dags/example_xcom.py took 0.052 seconds
[2023-11-29T14:02:18.611+0000] {processor.py:157} INFO - Started process (PID=397) to work on /home/airflow/.local/lib/python3.8/site-packages/airflow/example_dags/example_xcom.py
[2023-11-29T14:02:18.612+0000] {processor.py:829} INFO - Processing file /home/airflow/.local/lib/python3.8/site-packages/airflow/example_dags/example_xcom.py for tasks to queue
[2023-11-29T14:02:18.614+0000] {logging_mixin.py:151} INFO - [2023-11-29T14:02:18.614+0000] {dagbag.py:539} INFO - Filling up the DagBag from /home/airflow/.local/lib/python3.8/site-packages/airflow/example_dags/example_xcom.py
[2023-11-29T14:02:18.619+0000] {processor.py:839} INFO - DAG(s) dict_keys(['example_xcom']) retrieved from /home/airflow/.local/lib/python3.8/site-packages/airflow/example_dags/example_xcom.py
[2023-11-29T14:02:18.632+0000] {logging_mixin.py:151} INFO - [2023-11-29T14:02:18.632+0000] {dag.py:2915} INFO - Sync 1 DAGs
[2023-11-29T14:02:18.643+0000] {logging_mixin.py:151} INFO - [2023-11-29T14:02:18.643+0000] {dag.py:3696} INFO - Setting next_dagrun for example_xcom to 2021-01-01T00:00:00+00:00, run_after=2021-01-01T00:00:00+00:00
[2023-11-29T14:02:18.652+0000] {processor.py:179} INFO - Processing /home/airflow/.local/lib/python3.8/site-packages/airflow/example_dags/example_xcom.py took 0.043 seconds
[2023-11-29T14:02:49.161+0000] {processor.py:157} INFO - Started process (PID=451) to work on /home/airflow/.local/lib/python3.8/site-packages/airflow/example_dags/example_xcom.py
[2023-11-29T14:02:49.162+0000] {processor.py:829} INFO - Processing file /home/airflow/.local/lib/python3.8/site-packages/airflow/example_dags/example_xcom.py for tasks to queue
[2023-11-29T14:02:49.164+0000] {logging_mixin.py:151} INFO - [2023-11-29T14:02:49.164+0000] {dagbag.py:539} INFO - Filling up the DagBag from /home/airflow/.local/lib/python3.8/site-packages/airflow/example_dags/example_xcom.py
[2023-11-29T14:02:49.168+0000] {processor.py:839} INFO - DAG(s) dict_keys(['example_xcom']) retrieved from /home/airflow/.local/lib/python3.8/site-packages/airflow/example_dags/example_xcom.py
[2023-11-29T14:02:49.182+0000] {logging_mixin.py:151} INFO - [2023-11-29T14:02:49.182+0000] {dag.py:2915} INFO - Sync 1 DAGs
[2023-11-29T14:02:49.193+0000] {logging_mixin.py:151} INFO - [2023-11-29T14:02:49.193+0000] {dag.py:3696} INFO - Setting next_dagrun for example_xcom to 2021-01-01T00:00:00+00:00, run_after=2021-01-01T00:00:00+00:00
[2023-11-29T14:02:49.203+0000] {processor.py:179} INFO - Processing /home/airflow/.local/lib/python3.8/site-packages/airflow/example_dags/example_xcom.py took 0.044 seconds
[2023-11-29T14:03:19.931+0000] {processor.py:157} INFO - Started process (PID=504) to work on /home/airflow/.local/lib/python3.8/site-packages/airflow/example_dags/example_xcom.py
[2023-11-29T14:03:19.932+0000] {processor.py:829} INFO - Processing file /home/airflow/.local/lib/python3.8/site-packages/airflow/example_dags/example_xcom.py for tasks to queue
[2023-11-29T14:03:19.934+0000] {logging_mixin.py:151} INFO - [2023-11-29T14:03:19.933+0000] {dagbag.py:539} INFO - Filling up the DagBag from /home/airflow/.local/lib/python3.8/site-packages/airflow/example_dags/example_xcom.py
[2023-11-29T14:03:19.940+0000] {processor.py:839} INFO - DAG(s) dict_keys(['example_xcom']) retrieved from /home/airflow/.local/lib/python3.8/site-packages/airflow/example_dags/example_xcom.py
[2023-11-29T14:03:19.964+0000] {logging_mixin.py:151} INFO - [2023-11-29T14:03:19.964+0000] {dag.py:2915} INFO - Sync 1 DAGs
[2023-11-29T14:03:19.980+0000] {logging_mixin.py:151} INFO - [2023-11-29T14:03:19.980+0000] {dag.py:3696} INFO - Setting next_dagrun for example_xcom to 2021-01-01T00:00:00+00:00, run_after=2021-01-01T00:00:00+00:00
[2023-11-29T14:03:19.997+0000] {processor.py:179} INFO - Processing /home/airflow/.local/lib/python3.8/site-packages/airflow/example_dags/example_xcom.py took 0.070 seconds
[2023-11-29T15:06:13.047+0000] {processor.py:157} INFO - Started process (PID=549) to work on /home/airflow/.local/lib/python3.8/site-packages/airflow/example_dags/example_xcom.py
[2023-11-29T15:06:13.048+0000] {processor.py:829} INFO - Processing file /home/airflow/.local/lib/python3.8/site-packages/airflow/example_dags/example_xcom.py for tasks to queue
[2023-11-29T15:06:13.049+0000] {logging_mixin.py:151} INFO - [2023-11-29T15:06:13.049+0000] {dagbag.py:539} INFO - Filling up the DagBag from /home/airflow/.local/lib/python3.8/site-packages/airflow/example_dags/example_xcom.py
[2023-11-29T15:06:13.065+0000] {processor.py:839} INFO - DAG(s) dict_keys(['example_xcom']) retrieved from /home/airflow/.local/lib/python3.8/site-packages/airflow/example_dags/example_xcom.py
[2023-11-29T15:06:13.081+0000] {logging_mixin.py:151} INFO - [2023-11-29T15:06:13.081+0000] {dag.py:2915} INFO - Sync 1 DAGs
[2023-11-29T15:06:13.092+0000] {logging_mixin.py:151} INFO - [2023-11-29T15:06:13.092+0000] {dag.py:3696} INFO - Setting next_dagrun for example_xcom to 2021-01-01T00:00:00+00:00, run_after=2021-01-01T00:00:00+00:00
[2023-11-29T15:06:13.102+0000] {processor.py:179} INFO - Processing /home/airflow/.local/lib/python3.8/site-packages/airflow/example_dags/example_xcom.py took 0.057 seconds
[2023-11-29T15:06:43.928+0000] {processor.py:157} INFO - Started process (PID=603) to work on /home/airflow/.local/lib/python3.8/site-packages/airflow/example_dags/example_xcom.py
[2023-11-29T15:06:43.929+0000] {processor.py:829} INFO - Processing file /home/airflow/.local/lib/python3.8/site-packages/airflow/example_dags/example_xcom.py for tasks to queue
[2023-11-29T15:06:43.931+0000] {logging_mixin.py:151} INFO - [2023-11-29T15:06:43.931+0000] {dagbag.py:539} INFO - Filling up the DagBag from /home/airflow/.local/lib/python3.8/site-packages/airflow/example_dags/example_xcom.py
[2023-11-29T15:06:43.936+0000] {processor.py:839} INFO - DAG(s) dict_keys(['example_xcom']) retrieved from /home/airflow/.local/lib/python3.8/site-packages/airflow/example_dags/example_xcom.py
[2023-11-29T15:06:43.948+0000] {logging_mixin.py:151} INFO - [2023-11-29T15:06:43.948+0000] {dag.py:2915} INFO - Sync 1 DAGs
[2023-11-29T15:06:43.960+0000] {logging_mixin.py:151} INFO - [2023-11-29T15:06:43.960+0000] {dag.py:3696} INFO - Setting next_dagrun for example_xcom to 2021-01-01T00:00:00+00:00, run_after=2021-01-01T00:00:00+00:00
[2023-11-29T15:06:43.969+0000] {processor.py:179} INFO - Processing /home/airflow/.local/lib/python3.8/site-packages/airflow/example_dags/example_xcom.py took 0.043 seconds
[2023-11-29T15:07:14.663+0000] {processor.py:157} INFO - Started process (PID=657) to work on /home/airflow/.local/lib/python3.8/site-packages/airflow/example_dags/example_xcom.py
[2023-11-29T15:07:14.664+0000] {processor.py:829} INFO - Processing file /home/airflow/.local/lib/python3.8/site-packages/airflow/example_dags/example_xcom.py for tasks to queue
[2023-11-29T15:07:14.665+0000] {logging_mixin.py:151} INFO - [2023-11-29T15:07:14.665+0000] {dagbag.py:539} INFO - Filling up the DagBag from /home/airflow/.local/lib/python3.8/site-packages/airflow/example_dags/example_xcom.py
[2023-11-29T15:07:14.671+0000] {processor.py:839} INFO - DAG(s) dict_keys(['example_xcom']) retrieved from /home/airflow/.local/lib/python3.8/site-packages/airflow/example_dags/example_xcom.py
[2023-11-29T15:07:14.685+0000] {logging_mixin.py:151} INFO - [2023-11-29T15:07:14.685+0000] {dag.py:2915} INFO - Sync 1 DAGs
[2023-11-29T15:07:14.698+0000] {logging_mixin.py:151} INFO - [2023-11-29T15:07:14.698+0000] {dag.py:3696} INFO - Setting next_dagrun for example_xcom to 2021-01-01T00:00:00+00:00, run_after=2021-01-01T00:00:00+00:00
[2023-11-29T15:07:14.715+0000] {processor.py:179} INFO - Processing /home/airflow/.local/lib/python3.8/site-packages/airflow/example_dags/example_xcom.py took 0.055 seconds
[2023-11-29T15:07:45.235+0000] {processor.py:157} INFO - Started process (PID=711) to work on /home/airflow/.local/lib/python3.8/site-packages/airflow/example_dags/example_xcom.py
[2023-11-29T15:07:45.237+0000] {processor.py:829} INFO - Processing file /home/airflow/.local/lib/python3.8/site-packages/airflow/example_dags/example_xcom.py for tasks to queue
[2023-11-29T15:07:45.238+0000] {logging_mixin.py:151} INFO - [2023-11-29T15:07:45.238+0000] {dagbag.py:539} INFO - Filling up the DagBag from /home/airflow/.local/lib/python3.8/site-packages/airflow/example_dags/example_xcom.py
[2023-11-29T15:07:45.244+0000] {processor.py:839} INFO - DAG(s) dict_keys(['example_xcom']) retrieved from /home/airflow/.local/lib/python3.8/site-packages/airflow/example_dags/example_xcom.py
[2023-11-29T15:07:45.259+0000] {logging_mixin.py:151} INFO - [2023-11-29T15:07:45.259+0000] {dag.py:2915} INFO - Sync 1 DAGs
[2023-11-29T15:07:45.271+0000] {logging_mixin.py:151} INFO - [2023-11-29T15:07:45.271+0000] {dag.py:3696} INFO - Setting next_dagrun for example_xcom to 2021-01-01T00:00:00+00:00, run_after=2021-01-01T00:00:00+00:00
[2023-11-29T15:07:45.281+0000] {processor.py:179} INFO - Processing /home/airflow/.local/lib/python3.8/site-packages/airflow/example_dags/example_xcom.py took 0.048 seconds
[2023-11-29T15:08:15.657+0000] {processor.py:157} INFO - Started process (PID=765) to work on /home/airflow/.local/lib/python3.8/site-packages/airflow/example_dags/example_xcom.py
[2023-11-29T15:08:15.658+0000] {processor.py:829} INFO - Processing file /home/airflow/.local/lib/python3.8/site-packages/airflow/example_dags/example_xcom.py for tasks to queue
[2023-11-29T15:08:15.659+0000] {logging_mixin.py:151} INFO - [2023-11-29T15:08:15.659+0000] {dagbag.py:539} INFO - Filling up the DagBag from /home/airflow/.local/lib/python3.8/site-packages/airflow/example_dags/example_xcom.py
[2023-11-29T15:08:15.664+0000] {processor.py:839} INFO - DAG(s) dict_keys(['example_xcom']) retrieved from /home/airflow/.local/lib/python3.8/site-packages/airflow/example_dags/example_xcom.py
[2023-11-29T15:08:15.679+0000] {logging_mixin.py:151} INFO - [2023-11-29T15:08:15.679+0000] {dag.py:2915} INFO - Sync 1 DAGs
[2023-11-29T15:08:15.691+0000] {logging_mixin.py:151} INFO - [2023-11-29T15:08:15.691+0000] {dag.py:3696} INFO - Setting next_dagrun for example_xcom to 2021-01-01T00:00:00+00:00, run_after=2021-01-01T00:00:00+00:00
[2023-11-29T15:08:15.701+0000] {processor.py:179} INFO - Processing /home/airflow/.local/lib/python3.8/site-packages/airflow/example_dags/example_xcom.py took 0.047 seconds
[2023-11-29T15:08:47.191+0000] {processor.py:157} INFO - Started process (PID=826) to work on /home/airflow/.local/lib/python3.8/site-packages/airflow/example_dags/example_xcom.py
[2023-11-29T15:08:47.192+0000] {processor.py:829} INFO - Processing file /home/airflow/.local/lib/python3.8/site-packages/airflow/example_dags/example_xcom.py for tasks to queue
[2023-11-29T15:08:47.195+0000] {logging_mixin.py:151} INFO - [2023-11-29T15:08:47.194+0000] {dagbag.py:539} INFO - Filling up the DagBag from /home/airflow/.local/lib/python3.8/site-packages/airflow/example_dags/example_xcom.py
[2023-11-29T15:08:47.202+0000] {processor.py:839} INFO - DAG(s) dict_keys(['example_xcom']) retrieved from /home/airflow/.local/lib/python3.8/site-packages/airflow/example_dags/example_xcom.py
[2023-11-29T15:08:47.219+0000] {logging_mixin.py:151} INFO - [2023-11-29T15:08:47.219+0000] {dag.py:2915} INFO - Sync 1 DAGs
[2023-11-29T15:08:47.254+0000] {logging_mixin.py:151} INFO - [2023-11-29T15:08:47.254+0000] {dag.py:3696} INFO - Setting next_dagrun for example_xcom to 2021-01-01T00:00:00+00:00, run_after=2021-01-01T00:00:00+00:00
[2023-11-29T15:08:47.273+0000] {processor.py:179} INFO - Processing /home/airflow/.local/lib/python3.8/site-packages/airflow/example_dags/example_xcom.py took 0.086 seconds
[2023-11-29T15:09:18.030+0000] {processor.py:157} INFO - Started process (PID=880) to work on /home/airflow/.local/lib/python3.8/site-packages/airflow/example_dags/example_xcom.py
[2023-11-29T15:09:18.031+0000] {processor.py:829} INFO - Processing file /home/airflow/.local/lib/python3.8/site-packages/airflow/example_dags/example_xcom.py for tasks to queue
[2023-11-29T15:09:18.032+0000] {logging_mixin.py:151} INFO - [2023-11-29T15:09:18.032+0000] {dagbag.py:539} INFO - Filling up the DagBag from /home/airflow/.local/lib/python3.8/site-packages/airflow/example_dags/example_xcom.py
[2023-11-29T15:09:18.037+0000] {processor.py:839} INFO - DAG(s) dict_keys(['example_xcom']) retrieved from /home/airflow/.local/lib/python3.8/site-packages/airflow/example_dags/example_xcom.py
[2023-11-29T15:09:18.049+0000] {logging_mixin.py:151} INFO - [2023-11-29T15:09:18.049+0000] {dag.py:2915} INFO - Sync 1 DAGs
[2023-11-29T15:09:18.061+0000] {logging_mixin.py:151} INFO - [2023-11-29T15:09:18.061+0000] {dag.py:3696} INFO - Setting next_dagrun for example_xcom to 2021-01-01T00:00:00+00:00, run_after=2021-01-01T00:00:00+00:00
[2023-11-29T15:09:18.070+0000] {processor.py:179} INFO - Processing /home/airflow/.local/lib/python3.8/site-packages/airflow/example_dags/example_xcom.py took 0.043 seconds
[2023-11-29T15:09:49.010+0000] {processor.py:157} INFO - Started process (PID=934) to work on /home/airflow/.local/lib/python3.8/site-packages/airflow/example_dags/example_xcom.py
[2023-11-29T15:09:49.014+0000] {processor.py:829} INFO - Processing file /home/airflow/.local/lib/python3.8/site-packages/airflow/example_dags/example_xcom.py for tasks to queue
[2023-11-29T15:09:49.020+0000] {logging_mixin.py:151} INFO - [2023-11-29T15:09:49.019+0000] {dagbag.py:539} INFO - Filling up the DagBag from /home/airflow/.local/lib/python3.8/site-packages/airflow/example_dags/example_xcom.py
[2023-11-29T15:09:49.032+0000] {processor.py:839} INFO - DAG(s) dict_keys(['example_xcom']) retrieved from /home/airflow/.local/lib/python3.8/site-packages/airflow/example_dags/example_xcom.py
[2023-11-29T15:09:49.053+0000] {logging_mixin.py:151} INFO - [2023-11-29T15:09:49.053+0000] {dag.py:2915} INFO - Sync 1 DAGs
[2023-11-29T15:09:49.070+0000] {logging_mixin.py:151} INFO - [2023-11-29T15:09:49.070+0000] {dag.py:3696} INFO - Setting next_dagrun for example_xcom to 2021-01-01T00:00:00+00:00, run_after=2021-01-01T00:00:00+00:00
[2023-11-29T15:09:49.100+0000] {processor.py:179} INFO - Processing /home/airflow/.local/lib/python3.8/site-packages/airflow/example_dags/example_xcom.py took 0.099 seconds
[2023-11-29T15:10:20.048+0000] {processor.py:157} INFO - Started process (PID=988) to work on /home/airflow/.local/lib/python3.8/site-packages/airflow/example_dags/example_xcom.py
[2023-11-29T15:10:20.049+0000] {processor.py:829} INFO - Processing file /home/airflow/.local/lib/python3.8/site-packages/airflow/example_dags/example_xcom.py for tasks to queue
[2023-11-29T15:10:20.051+0000] {logging_mixin.py:151} INFO - [2023-11-29T15:10:20.051+0000] {dagbag.py:539} INFO - Filling up the DagBag from /home/airflow/.local/lib/python3.8/site-packages/airflow/example_dags/example_xcom.py
[2023-11-29T15:10:20.055+0000] {processor.py:839} INFO - DAG(s) dict_keys(['example_xcom']) retrieved from /home/airflow/.local/lib/python3.8/site-packages/airflow/example_dags/example_xcom.py
[2023-11-29T15:10:20.068+0000] {logging_mixin.py:151} INFO - [2023-11-29T15:10:20.068+0000] {dag.py:2915} INFO - Sync 1 DAGs
[2023-11-29T15:10:20.082+0000] {logging_mixin.py:151} INFO - [2023-11-29T15:10:20.082+0000] {dag.py:3696} INFO - Setting next_dagrun for example_xcom to 2021-01-01T00:00:00+00:00, run_after=2021-01-01T00:00:00+00:00
[2023-11-29T15:10:20.098+0000] {processor.py:179} INFO - Processing /home/airflow/.local/lib/python3.8/site-packages/airflow/example_dags/example_xcom.py took 0.051 seconds
[2023-11-29T15:10:52.356+0000] {processor.py:157} INFO - Started process (PID=1042) to work on /home/airflow/.local/lib/python3.8/site-packages/airflow/example_dags/example_xcom.py
[2023-11-29T15:10:52.357+0000] {processor.py:829} INFO - Processing file /home/airflow/.local/lib/python3.8/site-packages/airflow/example_dags/example_xcom.py for tasks to queue
[2023-11-29T15:10:52.358+0000] {logging_mixin.py:151} INFO - [2023-11-29T15:10:52.358+0000] {dagbag.py:539} INFO - Filling up the DagBag from /home/airflow/.local/lib/python3.8/site-packages/airflow/example_dags/example_xcom.py
[2023-11-29T15:10:52.363+0000] {processor.py:839} INFO - DAG(s) dict_keys(['example_xcom']) retrieved from /home/airflow/.local/lib/python3.8/site-packages/airflow/example_dags/example_xcom.py
[2023-11-29T15:10:52.378+0000] {logging_mixin.py:151} INFO - [2023-11-29T15:10:52.378+0000] {dag.py:2915} INFO - Sync 1 DAGs
[2023-11-29T15:10:52.392+0000] {logging_mixin.py:151} INFO - [2023-11-29T15:10:52.392+0000] {dag.py:3696} INFO - Setting next_dagrun for example_xcom to 2021-01-01T00:00:00+00:00, run_after=2021-01-01T00:00:00+00:00
[2023-11-29T15:10:52.402+0000] {processor.py:179} INFO - Processing /home/airflow/.local/lib/python3.8/site-packages/airflow/example_dags/example_xcom.py took 0.049 seconds
[2023-11-29T15:11:23.193+0000] {processor.py:157} INFO - Started process (PID=1096) to work on /home/airflow/.local/lib/python3.8/site-packages/airflow/example_dags/example_xcom.py
[2023-11-29T15:11:23.194+0000] {processor.py:829} INFO - Processing file /home/airflow/.local/lib/python3.8/site-packages/airflow/example_dags/example_xcom.py for tasks to queue
[2023-11-29T15:11:23.196+0000] {logging_mixin.py:151} INFO - [2023-11-29T15:11:23.196+0000] {dagbag.py:539} INFO - Filling up the DagBag from /home/airflow/.local/lib/python3.8/site-packages/airflow/example_dags/example_xcom.py
[2023-11-29T15:11:23.201+0000] {processor.py:839} INFO - DAG(s) dict_keys(['example_xcom']) retrieved from /home/airflow/.local/lib/python3.8/site-packages/airflow/example_dags/example_xcom.py
[2023-11-29T15:11:23.213+0000] {logging_mixin.py:151} INFO - [2023-11-29T15:11:23.213+0000] {dag.py:2915} INFO - Sync 1 DAGs
[2023-11-29T15:11:23.229+0000] {logging_mixin.py:151} INFO - [2023-11-29T15:11:23.228+0000] {dag.py:3696} INFO - Setting next_dagrun for example_xcom to 2021-01-01T00:00:00+00:00, run_after=2021-01-01T00:00:00+00:00
[2023-11-29T15:11:23.242+0000] {processor.py:179} INFO - Processing /home/airflow/.local/lib/python3.8/site-packages/airflow/example_dags/example_xcom.py took 0.051 seconds
[2023-11-29T15:11:53.982+0000] {processor.py:157} INFO - Started process (PID=1150) to work on /home/airflow/.local/lib/python3.8/site-packages/airflow/example_dags/example_xcom.py
[2023-11-29T15:11:53.982+0000] {processor.py:829} INFO - Processing file /home/airflow/.local/lib/python3.8/site-packages/airflow/example_dags/example_xcom.py for tasks to queue
[2023-11-29T15:11:53.984+0000] {logging_mixin.py:151} INFO - [2023-11-29T15:11:53.984+0000] {dagbag.py:539} INFO - Filling up the DagBag from /home/airflow/.local/lib/python3.8/site-packages/airflow/example_dags/example_xcom.py
[2023-11-29T15:11:53.989+0000] {processor.py:839} INFO - DAG(s) dict_keys(['example_xcom']) retrieved from /home/airflow/.local/lib/python3.8/site-packages/airflow/example_dags/example_xcom.py
[2023-11-29T15:11:54.002+0000] {logging_mixin.py:151} INFO - [2023-11-29T15:11:54.002+0000] {dag.py:2915} INFO - Sync 1 DAGs
[2023-11-29T15:11:54.014+0000] {logging_mixin.py:151} INFO - [2023-11-29T15:11:54.014+0000] {dag.py:3696} INFO - Setting next_dagrun for example_xcom to 2021-01-01T00:00:00+00:00, run_after=2021-01-01T00:00:00+00:00
[2023-11-29T15:11:54.028+0000] {processor.py:179} INFO - Processing /home/airflow/.local/lib/python3.8/site-packages/airflow/example_dags/example_xcom.py took 0.049 seconds
[2023-11-29T15:12:25.039+0000] {processor.py:157} INFO - Started process (PID=1204) to work on /home/airflow/.local/lib/python3.8/site-packages/airflow/example_dags/example_xcom.py
[2023-11-29T15:12:25.041+0000] {processor.py:829} INFO - Processing file /home/airflow/.local/lib/python3.8/site-packages/airflow/example_dags/example_xcom.py for tasks to queue
[2023-11-29T15:12:25.044+0000] {logging_mixin.py:151} INFO - [2023-11-29T15:12:25.044+0000] {dagbag.py:539} INFO - Filling up the DagBag from /home/airflow/.local/lib/python3.8/site-packages/airflow/example_dags/example_xcom.py
[2023-11-29T15:12:25.052+0000] {processor.py:839} INFO - DAG(s) dict_keys(['example_xcom']) retrieved from /home/airflow/.local/lib/python3.8/site-packages/airflow/example_dags/example_xcom.py
[2023-11-29T15:12:25.093+0000] {logging_mixin.py:151} INFO - [2023-11-29T15:12:25.093+0000] {dag.py:2915} INFO - Sync 1 DAGs
[2023-11-29T15:12:25.116+0000] {logging_mixin.py:151} INFO - [2023-11-29T15:12:25.116+0000] {dag.py:3696} INFO - Setting next_dagrun for example_xcom to 2021-01-01T00:00:00+00:00, run_after=2021-01-01T00:00:00+00:00
[2023-11-29T15:12:25.146+0000] {processor.py:179} INFO - Processing /home/airflow/.local/lib/python3.8/site-packages/airflow/example_dags/example_xcom.py took 0.111 seconds
[2023-11-29T15:12:56.022+0000] {processor.py:157} INFO - Started process (PID=1258) to work on /home/airflow/.local/lib/python3.8/site-packages/airflow/example_dags/example_xcom.py
[2023-11-29T15:12:56.023+0000] {processor.py:829} INFO - Processing file /home/airflow/.local/lib/python3.8/site-packages/airflow/example_dags/example_xcom.py for tasks to queue
[2023-11-29T15:12:56.025+0000] {logging_mixin.py:151} INFO - [2023-11-29T15:12:56.025+0000] {dagbag.py:539} INFO - Filling up the DagBag from /home/airflow/.local/lib/python3.8/site-packages/airflow/example_dags/example_xcom.py
[2023-11-29T15:12:56.030+0000] {processor.py:839} INFO - DAG(s) dict_keys(['example_xcom']) retrieved from /home/airflow/.local/lib/python3.8/site-packages/airflow/example_dags/example_xcom.py
[2023-11-29T15:12:56.043+0000] {logging_mixin.py:151} INFO - [2023-11-29T15:12:56.043+0000] {dag.py:2915} INFO - Sync 1 DAGs
[2023-11-29T15:12:56.056+0000] {logging_mixin.py:151} INFO - [2023-11-29T15:12:56.055+0000] {dag.py:3696} INFO - Setting next_dagrun for example_xcom to 2021-01-01T00:00:00+00:00, run_after=2021-01-01T00:00:00+00:00
[2023-11-29T15:12:56.065+0000] {processor.py:179} INFO - Processing /home/airflow/.local/lib/python3.8/site-packages/airflow/example_dags/example_xcom.py took 0.047 seconds
[2023-11-29T15:13:26.765+0000] {processor.py:157} INFO - Started process (PID=1312) to work on /home/airflow/.local/lib/python3.8/site-packages/airflow/example_dags/example_xcom.py
[2023-11-29T15:13:26.766+0000] {processor.py:829} INFO - Processing file /home/airflow/.local/lib/python3.8/site-packages/airflow/example_dags/example_xcom.py for tasks to queue
[2023-11-29T15:13:26.769+0000] {logging_mixin.py:151} INFO - [2023-11-29T15:13:26.768+0000] {dagbag.py:539} INFO - Filling up the DagBag from /home/airflow/.local/lib/python3.8/site-packages/airflow/example_dags/example_xcom.py
[2023-11-29T15:13:26.774+0000] {processor.py:839} INFO - DAG(s) dict_keys(['example_xcom']) retrieved from /home/airflow/.local/lib/python3.8/site-packages/airflow/example_dags/example_xcom.py
[2023-11-29T15:13:26.796+0000] {logging_mixin.py:151} INFO - [2023-11-29T15:13:26.796+0000] {dag.py:2915} INFO - Sync 1 DAGs
[2023-11-29T15:13:26.809+0000] {logging_mixin.py:151} INFO - [2023-11-29T15:13:26.809+0000] {dag.py:3696} INFO - Setting next_dagrun for example_xcom to 2021-01-01T00:00:00+00:00, run_after=2021-01-01T00:00:00+00:00
[2023-11-29T15:13:26.819+0000] {processor.py:179} INFO - Processing /home/airflow/.local/lib/python3.8/site-packages/airflow/example_dags/example_xcom.py took 0.060 seconds
[2023-11-29T15:13:56.952+0000] {processor.py:157} INFO - Started process (PID=1366) to work on /home/airflow/.local/lib/python3.8/site-packages/airflow/example_dags/example_xcom.py
[2023-11-29T15:13:56.953+0000] {processor.py:829} INFO - Processing file /home/airflow/.local/lib/python3.8/site-packages/airflow/example_dags/example_xcom.py for tasks to queue
[2023-11-29T15:13:56.955+0000] {logging_mixin.py:151} INFO - [2023-11-29T15:13:56.955+0000] {dagbag.py:539} INFO - Filling up the DagBag from /home/airflow/.local/lib/python3.8/site-packages/airflow/example_dags/example_xcom.py
[2023-11-29T15:13:56.960+0000] {processor.py:839} INFO - DAG(s) dict_keys(['example_xcom']) retrieved from /home/airflow/.local/lib/python3.8/site-packages/airflow/example_dags/example_xcom.py
[2023-11-29T15:13:56.972+0000] {logging_mixin.py:151} INFO - [2023-11-29T15:13:56.972+0000] {dag.py:2915} INFO - Sync 1 DAGs
[2023-11-29T15:13:56.984+0000] {logging_mixin.py:151} INFO - [2023-11-29T15:13:56.984+0000] {dag.py:3696} INFO - Setting next_dagrun for example_xcom to 2021-01-01T00:00:00+00:00, run_after=2021-01-01T00:00:00+00:00
[2023-11-29T15:13:57.000+0000] {processor.py:179} INFO - Processing /home/airflow/.local/lib/python3.8/site-packages/airflow/example_dags/example_xcom.py took 0.050 seconds
[2023-11-29T15:14:27.538+0000] {processor.py:157} INFO - Started process (PID=1420) to work on /home/airflow/.local/lib/python3.8/site-packages/airflow/example_dags/example_xcom.py
[2023-11-29T15:14:27.539+0000] {processor.py:829} INFO - Processing file /home/airflow/.local/lib/python3.8/site-packages/airflow/example_dags/example_xcom.py for tasks to queue
[2023-11-29T15:14:27.541+0000] {logging_mixin.py:151} INFO - [2023-11-29T15:14:27.541+0000] {dagbag.py:539} INFO - Filling up the DagBag from /home/airflow/.local/lib/python3.8/site-packages/airflow/example_dags/example_xcom.py
[2023-11-29T15:14:27.546+0000] {processor.py:839} INFO - DAG(s) dict_keys(['example_xcom']) retrieved from /home/airflow/.local/lib/python3.8/site-packages/airflow/example_dags/example_xcom.py
[2023-11-29T15:14:27.558+0000] {logging_mixin.py:151} INFO - [2023-11-29T15:14:27.558+0000] {dag.py:2915} INFO - Sync 1 DAGs
[2023-11-29T15:14:27.569+0000] {logging_mixin.py:151} INFO - [2023-11-29T15:14:27.569+0000] {dag.py:3696} INFO - Setting next_dagrun for example_xcom to 2021-01-01T00:00:00+00:00, run_after=2021-01-01T00:00:00+00:00
[2023-11-29T15:14:27.582+0000] {processor.py:179} INFO - Processing /home/airflow/.local/lib/python3.8/site-packages/airflow/example_dags/example_xcom.py took 0.047 seconds
[2023-11-29T15:14:58.524+0000] {processor.py:157} INFO - Started process (PID=1474) to work on /home/airflow/.local/lib/python3.8/site-packages/airflow/example_dags/example_xcom.py
[2023-11-29T15:14:58.525+0000] {processor.py:829} INFO - Processing file /home/airflow/.local/lib/python3.8/site-packages/airflow/example_dags/example_xcom.py for tasks to queue
[2023-11-29T15:14:58.526+0000] {logging_mixin.py:151} INFO - [2023-11-29T15:14:58.526+0000] {dagbag.py:539} INFO - Filling up the DagBag from /home/airflow/.local/lib/python3.8/site-packages/airflow/example_dags/example_xcom.py
[2023-11-29T15:14:58.531+0000] {processor.py:839} INFO - DAG(s) dict_keys(['example_xcom']) retrieved from /home/airflow/.local/lib/python3.8/site-packages/airflow/example_dags/example_xcom.py
[2023-11-29T15:14:58.550+0000] {logging_mixin.py:151} INFO - [2023-11-29T15:14:58.550+0000] {dag.py:2915} INFO - Sync 1 DAGs
[2023-11-29T15:14:58.563+0000] {logging_mixin.py:151} INFO - [2023-11-29T15:14:58.563+0000] {dag.py:3696} INFO - Setting next_dagrun for example_xcom to 2021-01-01T00:00:00+00:00, run_after=2021-01-01T00:00:00+00:00
[2023-11-29T15:14:58.572+0000] {processor.py:179} INFO - Processing /home/airflow/.local/lib/python3.8/site-packages/airflow/example_dags/example_xcom.py took 0.051 seconds
[2023-11-29T15:15:28.641+0000] {processor.py:157} INFO - Started process (PID=1528) to work on /home/airflow/.local/lib/python3.8/site-packages/airflow/example_dags/example_xcom.py
[2023-11-29T15:15:28.642+0000] {processor.py:829} INFO - Processing file /home/airflow/.local/lib/python3.8/site-packages/airflow/example_dags/example_xcom.py for tasks to queue
[2023-11-29T15:15:28.644+0000] {logging_mixin.py:151} INFO - [2023-11-29T15:15:28.644+0000] {dagbag.py:539} INFO - Filling up the DagBag from /home/airflow/.local/lib/python3.8/site-packages/airflow/example_dags/example_xcom.py
[2023-11-29T15:15:28.650+0000] {processor.py:839} INFO - DAG(s) dict_keys(['example_xcom']) retrieved from /home/airflow/.local/lib/python3.8/site-packages/airflow/example_dags/example_xcom.py
[2023-11-29T15:15:28.667+0000] {logging_mixin.py:151} INFO - [2023-11-29T15:15:28.667+0000] {dag.py:2915} INFO - Sync 1 DAGs
[2023-11-29T15:15:28.681+0000] {logging_mixin.py:151} INFO - [2023-11-29T15:15:28.681+0000] {dag.py:3696} INFO - Setting next_dagrun for example_xcom to 2021-01-01T00:00:00+00:00, run_after=2021-01-01T00:00:00+00:00
[2023-11-29T15:15:28.693+0000] {processor.py:179} INFO - Processing /home/airflow/.local/lib/python3.8/site-packages/airflow/example_dags/example_xcom.py took 0.055 seconds
[2023-11-29T15:15:59.339+0000] {processor.py:157} INFO - Started process (PID=1582) to work on /home/airflow/.local/lib/python3.8/site-packages/airflow/example_dags/example_xcom.py
[2023-11-29T15:15:59.340+0000] {processor.py:829} INFO - Processing file /home/airflow/.local/lib/python3.8/site-packages/airflow/example_dags/example_xcom.py for tasks to queue
[2023-11-29T15:15:59.342+0000] {logging_mixin.py:151} INFO - [2023-11-29T15:15:59.342+0000] {dagbag.py:539} INFO - Filling up the DagBag from /home/airflow/.local/lib/python3.8/site-packages/airflow/example_dags/example_xcom.py
[2023-11-29T15:15:59.347+0000] {processor.py:839} INFO - DAG(s) dict_keys(['example_xcom']) retrieved from /home/airflow/.local/lib/python3.8/site-packages/airflow/example_dags/example_xcom.py
[2023-11-29T15:15:59.361+0000] {logging_mixin.py:151} INFO - [2023-11-29T15:15:59.361+0000] {dag.py:2915} INFO - Sync 1 DAGs
[2023-11-29T15:15:59.373+0000] {logging_mixin.py:151} INFO - [2023-11-29T15:15:59.373+0000] {dag.py:3696} INFO - Setting next_dagrun for example_xcom to 2021-01-01T00:00:00+00:00, run_after=2021-01-01T00:00:00+00:00
[2023-11-29T15:15:59.383+0000] {processor.py:179} INFO - Processing /home/airflow/.local/lib/python3.8/site-packages/airflow/example_dags/example_xcom.py took 0.046 seconds
[2023-11-29T15:16:29.934+0000] {processor.py:157} INFO - Started process (PID=1636) to work on /home/airflow/.local/lib/python3.8/site-packages/airflow/example_dags/example_xcom.py
[2023-11-29T15:16:29.935+0000] {processor.py:829} INFO - Processing file /home/airflow/.local/lib/python3.8/site-packages/airflow/example_dags/example_xcom.py for tasks to queue
[2023-11-29T15:16:29.937+0000] {logging_mixin.py:151} INFO - [2023-11-29T15:16:29.937+0000] {dagbag.py:539} INFO - Filling up the DagBag from /home/airflow/.local/lib/python3.8/site-packages/airflow/example_dags/example_xcom.py
[2023-11-29T15:16:29.942+0000] {processor.py:839} INFO - DAG(s) dict_keys(['example_xcom']) retrieved from /home/airflow/.local/lib/python3.8/site-packages/airflow/example_dags/example_xcom.py
[2023-11-29T15:16:29.955+0000] {logging_mixin.py:151} INFO - [2023-11-29T15:16:29.955+0000] {dag.py:2915} INFO - Sync 1 DAGs
[2023-11-29T15:16:29.969+0000] {logging_mixin.py:151} INFO - [2023-11-29T15:16:29.969+0000] {dag.py:3696} INFO - Setting next_dagrun for example_xcom to 2021-01-01T00:00:00+00:00, run_after=2021-01-01T00:00:00+00:00
[2023-11-29T15:16:29.983+0000] {processor.py:179} INFO - Processing /home/airflow/.local/lib/python3.8/site-packages/airflow/example_dags/example_xcom.py took 0.052 seconds
[2023-11-29T15:17:00.610+0000] {processor.py:157} INFO - Started process (PID=1690) to work on /home/airflow/.local/lib/python3.8/site-packages/airflow/example_dags/example_xcom.py
[2023-11-29T15:17:00.611+0000] {processor.py:829} INFO - Processing file /home/airflow/.local/lib/python3.8/site-packages/airflow/example_dags/example_xcom.py for tasks to queue
[2023-11-29T15:17:00.612+0000] {logging_mixin.py:151} INFO - [2023-11-29T15:17:00.612+0000] {dagbag.py:539} INFO - Filling up the DagBag from /home/airflow/.local/lib/python3.8/site-packages/airflow/example_dags/example_xcom.py
[2023-11-29T15:17:00.617+0000] {processor.py:839} INFO - DAG(s) dict_keys(['example_xcom']) retrieved from /home/airflow/.local/lib/python3.8/site-packages/airflow/example_dags/example_xcom.py
[2023-11-29T15:17:00.629+0000] {logging_mixin.py:151} INFO - [2023-11-29T15:17:00.629+0000] {dag.py:2915} INFO - Sync 1 DAGs
[2023-11-29T15:17:00.640+0000] {logging_mixin.py:151} INFO - [2023-11-29T15:17:00.640+0000] {dag.py:3696} INFO - Setting next_dagrun for example_xcom to 2021-01-01T00:00:00+00:00, run_after=2021-01-01T00:00:00+00:00
[2023-11-29T15:17:00.649+0000] {processor.py:179} INFO - Processing /home/airflow/.local/lib/python3.8/site-packages/airflow/example_dags/example_xcom.py took 0.042 seconds
[2023-11-29T15:17:31.342+0000] {processor.py:157} INFO - Started process (PID=1744) to work on /home/airflow/.local/lib/python3.8/site-packages/airflow/example_dags/example_xcom.py
[2023-11-29T15:17:31.343+0000] {processor.py:829} INFO - Processing file /home/airflow/.local/lib/python3.8/site-packages/airflow/example_dags/example_xcom.py for tasks to queue
[2023-11-29T15:17:31.344+0000] {logging_mixin.py:151} INFO - [2023-11-29T15:17:31.344+0000] {dagbag.py:539} INFO - Filling up the DagBag from /home/airflow/.local/lib/python3.8/site-packages/airflow/example_dags/example_xcom.py
[2023-11-29T15:17:31.349+0000] {processor.py:839} INFO - DAG(s) dict_keys(['example_xcom']) retrieved from /home/airflow/.local/lib/python3.8/site-packages/airflow/example_dags/example_xcom.py
[2023-11-29T15:17:31.362+0000] {logging_mixin.py:151} INFO - [2023-11-29T15:17:31.361+0000] {dag.py:2915} INFO - Sync 1 DAGs
[2023-11-29T15:17:31.377+0000] {logging_mixin.py:151} INFO - [2023-11-29T15:17:31.377+0000] {dag.py:3696} INFO - Setting next_dagrun for example_xcom to 2021-01-01T00:00:00+00:00, run_after=2021-01-01T00:00:00+00:00
[2023-11-29T15:17:31.387+0000] {processor.py:179} INFO - Processing /home/airflow/.local/lib/python3.8/site-packages/airflow/example_dags/example_xcom.py took 0.048 seconds
[2023-11-29T15:18:01.875+0000] {processor.py:157} INFO - Started process (PID=1797) to work on /home/airflow/.local/lib/python3.8/site-packages/airflow/example_dags/example_xcom.py
[2023-11-29T15:18:01.876+0000] {processor.py:829} INFO - Processing file /home/airflow/.local/lib/python3.8/site-packages/airflow/example_dags/example_xcom.py for tasks to queue
[2023-11-29T15:18:01.878+0000] {logging_mixin.py:151} INFO - [2023-11-29T15:18:01.878+0000] {dagbag.py:539} INFO - Filling up the DagBag from /home/airflow/.local/lib/python3.8/site-packages/airflow/example_dags/example_xcom.py
[2023-11-29T15:18:01.882+0000] {processor.py:839} INFO - DAG(s) dict_keys(['example_xcom']) retrieved from /home/airflow/.local/lib/python3.8/site-packages/airflow/example_dags/example_xcom.py
[2023-11-29T15:18:01.895+0000] {logging_mixin.py:151} INFO - [2023-11-29T15:18:01.895+0000] {dag.py:2915} INFO - Sync 1 DAGs
[2023-11-29T15:18:01.906+0000] {logging_mixin.py:151} INFO - [2023-11-29T15:18:01.906+0000] {dag.py:3696} INFO - Setting next_dagrun for example_xcom to 2021-01-01T00:00:00+00:00, run_after=2021-01-01T00:00:00+00:00
[2023-11-29T15:18:01.915+0000] {processor.py:179} INFO - Processing /home/airflow/.local/lib/python3.8/site-packages/airflow/example_dags/example_xcom.py took 0.042 seconds
[2023-11-29T15:18:32.565+0000] {processor.py:157} INFO - Started process (PID=1851) to work on /home/airflow/.local/lib/python3.8/site-packages/airflow/example_dags/example_xcom.py
[2023-11-29T15:18:32.566+0000] {processor.py:829} INFO - Processing file /home/airflow/.local/lib/python3.8/site-packages/airflow/example_dags/example_xcom.py for tasks to queue
[2023-11-29T15:18:32.567+0000] {logging_mixin.py:151} INFO - [2023-11-29T15:18:32.567+0000] {dagbag.py:539} INFO - Filling up the DagBag from /home/airflow/.local/lib/python3.8/site-packages/airflow/example_dags/example_xcom.py
[2023-11-29T15:18:32.572+0000] {processor.py:839} INFO - DAG(s) dict_keys(['example_xcom']) retrieved from /home/airflow/.local/lib/python3.8/site-packages/airflow/example_dags/example_xcom.py
[2023-11-29T15:18:32.585+0000] {logging_mixin.py:151} INFO - [2023-11-29T15:18:32.585+0000] {dag.py:2915} INFO - Sync 1 DAGs
[2023-11-29T15:18:32.597+0000] {logging_mixin.py:151} INFO - [2023-11-29T15:18:32.597+0000] {dag.py:3696} INFO - Setting next_dagrun for example_xcom to 2021-01-01T00:00:00+00:00, run_after=2021-01-01T00:00:00+00:00
[2023-11-29T15:18:32.607+0000] {processor.py:179} INFO - Processing /home/airflow/.local/lib/python3.8/site-packages/airflow/example_dags/example_xcom.py took 0.044 seconds
[2023-11-29T15:19:02.973+0000] {processor.py:157} INFO - Started process (PID=1905) to work on /home/airflow/.local/lib/python3.8/site-packages/airflow/example_dags/example_xcom.py
[2023-11-29T15:19:02.974+0000] {processor.py:829} INFO - Processing file /home/airflow/.local/lib/python3.8/site-packages/airflow/example_dags/example_xcom.py for tasks to queue
[2023-11-29T15:19:02.976+0000] {logging_mixin.py:151} INFO - [2023-11-29T15:19:02.976+0000] {dagbag.py:539} INFO - Filling up the DagBag from /home/airflow/.local/lib/python3.8/site-packages/airflow/example_dags/example_xcom.py
[2023-11-29T15:19:02.980+0000] {processor.py:839} INFO - DAG(s) dict_keys(['example_xcom']) retrieved from /home/airflow/.local/lib/python3.8/site-packages/airflow/example_dags/example_xcom.py
[2023-11-29T15:19:02.993+0000] {logging_mixin.py:151} INFO - [2023-11-29T15:19:02.993+0000] {dag.py:2915} INFO - Sync 1 DAGs
[2023-11-29T15:19:03.004+0000] {logging_mixin.py:151} INFO - [2023-11-29T15:19:03.004+0000] {dag.py:3696} INFO - Setting next_dagrun for example_xcom to 2021-01-01T00:00:00+00:00, run_after=2021-01-01T00:00:00+00:00
[2023-11-29T15:19:03.013+0000] {processor.py:179} INFO - Processing /home/airflow/.local/lib/python3.8/site-packages/airflow/example_dags/example_xcom.py took 0.043 seconds
[2023-11-29T15:19:33.787+0000] {processor.py:157} INFO - Started process (PID=1959) to work on /home/airflow/.local/lib/python3.8/site-packages/airflow/example_dags/example_xcom.py
[2023-11-29T15:19:33.789+0000] {processor.py:829} INFO - Processing file /home/airflow/.local/lib/python3.8/site-packages/airflow/example_dags/example_xcom.py for tasks to queue
[2023-11-29T15:19:33.791+0000] {logging_mixin.py:151} INFO - [2023-11-29T15:19:33.791+0000] {dagbag.py:539} INFO - Filling up the DagBag from /home/airflow/.local/lib/python3.8/site-packages/airflow/example_dags/example_xcom.py
[2023-11-29T15:19:33.796+0000] {processor.py:839} INFO - DAG(s) dict_keys(['example_xcom']) retrieved from /home/airflow/.local/lib/python3.8/site-packages/airflow/example_dags/example_xcom.py
[2023-11-29T15:19:33.808+0000] {logging_mixin.py:151} INFO - [2023-11-29T15:19:33.808+0000] {dag.py:2915} INFO - Sync 1 DAGs
[2023-11-29T15:19:33.820+0000] {logging_mixin.py:151} INFO - [2023-11-29T15:19:33.820+0000] {dag.py:3696} INFO - Setting next_dagrun for example_xcom to 2021-01-01T00:00:00+00:00, run_after=2021-01-01T00:00:00+00:00
[2023-11-29T15:19:33.830+0000] {processor.py:179} INFO - Processing /home/airflow/.local/lib/python3.8/site-packages/airflow/example_dags/example_xcom.py took 0.045 seconds
[2023-11-29T15:23:06.663+0000] {processor.py:157} INFO - Started process (PID=73) to work on /home/airflow/.local/lib/python3.8/site-packages/airflow/example_dags/example_xcom.py
[2023-11-29T15:23:06.667+0000] {processor.py:829} INFO - Processing file /home/airflow/.local/lib/python3.8/site-packages/airflow/example_dags/example_xcom.py for tasks to queue
[2023-11-29T15:23:06.677+0000] {logging_mixin.py:151} INFO - [2023-11-29T15:23:06.676+0000] {dagbag.py:539} INFO - Filling up the DagBag from /home/airflow/.local/lib/python3.8/site-packages/airflow/example_dags/example_xcom.py
[2023-11-29T15:23:06.716+0000] {processor.py:839} INFO - DAG(s) dict_keys(['example_xcom']) retrieved from /home/airflow/.local/lib/python3.8/site-packages/airflow/example_dags/example_xcom.py
[2023-11-29T15:23:06.782+0000] {logging_mixin.py:151} INFO - [2023-11-29T15:23:06.782+0000] {dag.py:2915} INFO - Sync 1 DAGs
[2023-11-29T15:23:06.862+0000] {logging_mixin.py:151} INFO - [2023-11-29T15:23:06.861+0000] {dag.py:3696} INFO - Setting next_dagrun for example_xcom to 2021-01-01T00:00:00+00:00, run_after=2021-01-01T00:00:00+00:00
[2023-11-29T15:23:06.919+0000] {processor.py:179} INFO - Processing /home/airflow/.local/lib/python3.8/site-packages/airflow/example_dags/example_xcom.py took 0.283 seconds
[2023-11-29T15:23:37.795+0000] {processor.py:157} INFO - Started process (PID=127) to work on /home/airflow/.local/lib/python3.8/site-packages/airflow/example_dags/example_xcom.py
[2023-11-29T15:23:37.797+0000] {processor.py:829} INFO - Processing file /home/airflow/.local/lib/python3.8/site-packages/airflow/example_dags/example_xcom.py for tasks to queue
[2023-11-29T15:23:37.799+0000] {logging_mixin.py:151} INFO - [2023-11-29T15:23:37.799+0000] {dagbag.py:539} INFO - Filling up the DagBag from /home/airflow/.local/lib/python3.8/site-packages/airflow/example_dags/example_xcom.py
[2023-11-29T15:23:37.805+0000] {processor.py:839} INFO - DAG(s) dict_keys(['example_xcom']) retrieved from /home/airflow/.local/lib/python3.8/site-packages/airflow/example_dags/example_xcom.py
[2023-11-29T15:23:37.853+0000] {logging_mixin.py:151} INFO - [2023-11-29T15:23:37.853+0000] {dag.py:2915} INFO - Sync 1 DAGs
[2023-11-29T15:23:37.874+0000] {logging_mixin.py:151} INFO - [2023-11-29T15:23:37.874+0000] {dag.py:3696} INFO - Setting next_dagrun for example_xcom to 2021-01-01T00:00:00+00:00, run_after=2021-01-01T00:00:00+00:00
[2023-11-29T15:23:37.886+0000] {processor.py:179} INFO - Processing /home/airflow/.local/lib/python3.8/site-packages/airflow/example_dags/example_xcom.py took 0.095 seconds
[2023-11-29T15:24:08.579+0000] {processor.py:157} INFO - Started process (PID=181) to work on /home/airflow/.local/lib/python3.8/site-packages/airflow/example_dags/example_xcom.py
[2023-11-29T15:24:08.581+0000] {processor.py:829} INFO - Processing file /home/airflow/.local/lib/python3.8/site-packages/airflow/example_dags/example_xcom.py for tasks to queue
[2023-11-29T15:24:08.583+0000] {logging_mixin.py:151} INFO - [2023-11-29T15:24:08.582+0000] {dagbag.py:539} INFO - Filling up the DagBag from /home/airflow/.local/lib/python3.8/site-packages/airflow/example_dags/example_xcom.py
[2023-11-29T15:24:08.588+0000] {processor.py:839} INFO - DAG(s) dict_keys(['example_xcom']) retrieved from /home/airflow/.local/lib/python3.8/site-packages/airflow/example_dags/example_xcom.py
[2023-11-29T15:24:08.604+0000] {logging_mixin.py:151} INFO - [2023-11-29T15:24:08.604+0000] {dag.py:2915} INFO - Sync 1 DAGs
[2023-11-29T15:24:08.617+0000] {logging_mixin.py:151} INFO - [2023-11-29T15:24:08.617+0000] {dag.py:3696} INFO - Setting next_dagrun for example_xcom to 2021-01-01T00:00:00+00:00, run_after=2021-01-01T00:00:00+00:00
[2023-11-29T15:24:08.628+0000] {processor.py:179} INFO - Processing /home/airflow/.local/lib/python3.8/site-packages/airflow/example_dags/example_xcom.py took 0.051 seconds
[2023-11-29T15:24:39.348+0000] {processor.py:157} INFO - Started process (PID=235) to work on /home/airflow/.local/lib/python3.8/site-packages/airflow/example_dags/example_xcom.py
[2023-11-29T15:24:39.349+0000] {processor.py:829} INFO - Processing file /home/airflow/.local/lib/python3.8/site-packages/airflow/example_dags/example_xcom.py for tasks to queue
[2023-11-29T15:24:39.351+0000] {logging_mixin.py:151} INFO - [2023-11-29T15:24:39.350+0000] {dagbag.py:539} INFO - Filling up the DagBag from /home/airflow/.local/lib/python3.8/site-packages/airflow/example_dags/example_xcom.py
[2023-11-29T15:24:39.355+0000] {processor.py:839} INFO - DAG(s) dict_keys(['example_xcom']) retrieved from /home/airflow/.local/lib/python3.8/site-packages/airflow/example_dags/example_xcom.py
[2023-11-29T15:24:39.369+0000] {logging_mixin.py:151} INFO - [2023-11-29T15:24:39.369+0000] {dag.py:2915} INFO - Sync 1 DAGs
[2023-11-29T15:24:39.381+0000] {logging_mixin.py:151} INFO - [2023-11-29T15:24:39.381+0000] {dag.py:3696} INFO - Setting next_dagrun for example_xcom to 2021-01-01T00:00:00+00:00, run_after=2021-01-01T00:00:00+00:00
[2023-11-29T15:24:39.391+0000] {processor.py:179} INFO - Processing /home/airflow/.local/lib/python3.8/site-packages/airflow/example_dags/example_xcom.py took 0.045 seconds
[2023-11-29T15:25:09.788+0000] {processor.py:157} INFO - Started process (PID=289) to work on /home/airflow/.local/lib/python3.8/site-packages/airflow/example_dags/example_xcom.py
[2023-11-29T15:25:09.789+0000] {processor.py:829} INFO - Processing file /home/airflow/.local/lib/python3.8/site-packages/airflow/example_dags/example_xcom.py for tasks to queue
[2023-11-29T15:25:09.792+0000] {logging_mixin.py:151} INFO - [2023-11-29T15:25:09.791+0000] {dagbag.py:539} INFO - Filling up the DagBag from /home/airflow/.local/lib/python3.8/site-packages/airflow/example_dags/example_xcom.py
[2023-11-29T15:25:09.798+0000] {processor.py:839} INFO - DAG(s) dict_keys(['example_xcom']) retrieved from /home/airflow/.local/lib/python3.8/site-packages/airflow/example_dags/example_xcom.py
[2023-11-29T15:25:09.815+0000] {logging_mixin.py:151} INFO - [2023-11-29T15:25:09.815+0000] {dag.py:2915} INFO - Sync 1 DAGs
[2023-11-29T15:25:09.828+0000] {logging_mixin.py:151} INFO - [2023-11-29T15:25:09.828+0000] {dag.py:3696} INFO - Setting next_dagrun for example_xcom to 2021-01-01T00:00:00+00:00, run_after=2021-01-01T00:00:00+00:00
[2023-11-29T15:25:09.839+0000] {processor.py:179} INFO - Processing /home/airflow/.local/lib/python3.8/site-packages/airflow/example_dags/example_xcom.py took 0.054 seconds
[2023-11-29T15:25:40.237+0000] {processor.py:157} INFO - Started process (PID=343) to work on /home/airflow/.local/lib/python3.8/site-packages/airflow/example_dags/example_xcom.py
[2023-11-29T15:25:40.238+0000] {processor.py:829} INFO - Processing file /home/airflow/.local/lib/python3.8/site-packages/airflow/example_dags/example_xcom.py for tasks to queue
[2023-11-29T15:25:40.240+0000] {logging_mixin.py:151} INFO - [2023-11-29T15:25:40.240+0000] {dagbag.py:539} INFO - Filling up the DagBag from /home/airflow/.local/lib/python3.8/site-packages/airflow/example_dags/example_xcom.py
[2023-11-29T15:25:40.245+0000] {processor.py:839} INFO - DAG(s) dict_keys(['example_xcom']) retrieved from /home/airflow/.local/lib/python3.8/site-packages/airflow/example_dags/example_xcom.py
[2023-11-29T15:25:40.260+0000] {logging_mixin.py:151} INFO - [2023-11-29T15:25:40.260+0000] {dag.py:2915} INFO - Sync 1 DAGs
[2023-11-29T15:25:40.272+0000] {logging_mixin.py:151} INFO - [2023-11-29T15:25:40.272+0000] {dag.py:3696} INFO - Setting next_dagrun for example_xcom to 2021-01-01T00:00:00+00:00, run_after=2021-01-01T00:00:00+00:00
[2023-11-29T15:25:40.282+0000] {processor.py:179} INFO - Processing /home/airflow/.local/lib/python3.8/site-packages/airflow/example_dags/example_xcom.py took 0.048 seconds
[2023-11-29T15:26:11.080+0000] {processor.py:157} INFO - Started process (PID=397) to work on /home/airflow/.local/lib/python3.8/site-packages/airflow/example_dags/example_xcom.py
[2023-11-29T15:26:11.081+0000] {processor.py:829} INFO - Processing file /home/airflow/.local/lib/python3.8/site-packages/airflow/example_dags/example_xcom.py for tasks to queue
[2023-11-29T15:26:11.083+0000] {logging_mixin.py:151} INFO - [2023-11-29T15:26:11.083+0000] {dagbag.py:539} INFO - Filling up the DagBag from /home/airflow/.local/lib/python3.8/site-packages/airflow/example_dags/example_xcom.py
[2023-11-29T15:26:11.100+0000] {processor.py:839} INFO - DAG(s) dict_keys(['example_xcom']) retrieved from /home/airflow/.local/lib/python3.8/site-packages/airflow/example_dags/example_xcom.py
[2023-11-29T15:26:11.141+0000] {logging_mixin.py:151} INFO - [2023-11-29T15:26:11.141+0000] {dag.py:2915} INFO - Sync 1 DAGs
[2023-11-29T15:26:11.158+0000] {logging_mixin.py:151} INFO - [2023-11-29T15:26:11.157+0000] {dag.py:3696} INFO - Setting next_dagrun for example_xcom to 2021-01-01T00:00:00+00:00, run_after=2021-01-01T00:00:00+00:00
[2023-11-29T15:26:11.170+0000] {processor.py:179} INFO - Processing /home/airflow/.local/lib/python3.8/site-packages/airflow/example_dags/example_xcom.py took 0.094 seconds
[2023-11-29T15:26:41.491+0000] {processor.py:157} INFO - Started process (PID=451) to work on /home/airflow/.local/lib/python3.8/site-packages/airflow/example_dags/example_xcom.py
[2023-11-29T15:26:41.492+0000] {processor.py:829} INFO - Processing file /home/airflow/.local/lib/python3.8/site-packages/airflow/example_dags/example_xcom.py for tasks to queue
[2023-11-29T15:26:41.494+0000] {logging_mixin.py:151} INFO - [2023-11-29T15:26:41.494+0000] {dagbag.py:539} INFO - Filling up the DagBag from /home/airflow/.local/lib/python3.8/site-packages/airflow/example_dags/example_xcom.py
[2023-11-29T15:26:41.498+0000] {processor.py:839} INFO - DAG(s) dict_keys(['example_xcom']) retrieved from /home/airflow/.local/lib/python3.8/site-packages/airflow/example_dags/example_xcom.py
[2023-11-29T15:26:41.514+0000] {logging_mixin.py:151} INFO - [2023-11-29T15:26:41.514+0000] {dag.py:2915} INFO - Sync 1 DAGs
[2023-11-29T15:26:41.530+0000] {logging_mixin.py:151} INFO - [2023-11-29T15:26:41.530+0000] {dag.py:3696} INFO - Setting next_dagrun for example_xcom to 2021-01-01T00:00:00+00:00, run_after=2021-01-01T00:00:00+00:00
[2023-11-29T15:26:41.543+0000] {processor.py:179} INFO - Processing /home/airflow/.local/lib/python3.8/site-packages/airflow/example_dags/example_xcom.py took 0.055 seconds
[2023-11-29T15:27:12.354+0000] {processor.py:157} INFO - Started process (PID=505) to work on /home/airflow/.local/lib/python3.8/site-packages/airflow/example_dags/example_xcom.py
[2023-11-29T15:27:12.355+0000] {processor.py:829} INFO - Processing file /home/airflow/.local/lib/python3.8/site-packages/airflow/example_dags/example_xcom.py for tasks to queue
[2023-11-29T15:27:12.360+0000] {logging_mixin.py:151} INFO - [2023-11-29T15:27:12.360+0000] {dagbag.py:539} INFO - Filling up the DagBag from /home/airflow/.local/lib/python3.8/site-packages/airflow/example_dags/example_xcom.py
[2023-11-29T15:27:12.378+0000] {processor.py:839} INFO - DAG(s) dict_keys(['example_xcom']) retrieved from /home/airflow/.local/lib/python3.8/site-packages/airflow/example_dags/example_xcom.py
[2023-11-29T15:27:12.414+0000] {logging_mixin.py:151} INFO - [2023-11-29T15:27:12.414+0000] {dag.py:2915} INFO - Sync 1 DAGs
[2023-11-29T15:27:12.445+0000] {logging_mixin.py:151} INFO - [2023-11-29T15:27:12.445+0000] {dag.py:3696} INFO - Setting next_dagrun for example_xcom to 2021-01-01T00:00:00+00:00, run_after=2021-01-01T00:00:00+00:00
[2023-11-29T15:27:12.457+0000] {processor.py:179} INFO - Processing /home/airflow/.local/lib/python3.8/site-packages/airflow/example_dags/example_xcom.py took 0.107 seconds
[2023-11-29T15:27:42.867+0000] {processor.py:157} INFO - Started process (PID=559) to work on /home/airflow/.local/lib/python3.8/site-packages/airflow/example_dags/example_xcom.py
[2023-11-29T15:27:42.868+0000] {processor.py:829} INFO - Processing file /home/airflow/.local/lib/python3.8/site-packages/airflow/example_dags/example_xcom.py for tasks to queue
[2023-11-29T15:27:42.870+0000] {logging_mixin.py:151} INFO - [2023-11-29T15:27:42.870+0000] {dagbag.py:539} INFO - Filling up the DagBag from /home/airflow/.local/lib/python3.8/site-packages/airflow/example_dags/example_xcom.py
[2023-11-29T15:27:42.875+0000] {processor.py:839} INFO - DAG(s) dict_keys(['example_xcom']) retrieved from /home/airflow/.local/lib/python3.8/site-packages/airflow/example_dags/example_xcom.py
[2023-11-29T15:27:42.890+0000] {logging_mixin.py:151} INFO - [2023-11-29T15:27:42.890+0000] {dag.py:2915} INFO - Sync 1 DAGs
[2023-11-29T15:27:42.903+0000] {logging_mixin.py:151} INFO - [2023-11-29T15:27:42.903+0000] {dag.py:3696} INFO - Setting next_dagrun for example_xcom to 2021-01-01T00:00:00+00:00, run_after=2021-01-01T00:00:00+00:00
[2023-11-29T15:27:42.914+0000] {processor.py:179} INFO - Processing /home/airflow/.local/lib/python3.8/site-packages/airflow/example_dags/example_xcom.py took 0.051 seconds
[2023-11-29T15:28:13.511+0000] {processor.py:157} INFO - Started process (PID=613) to work on /home/airflow/.local/lib/python3.8/site-packages/airflow/example_dags/example_xcom.py
[2023-11-29T15:28:13.512+0000] {processor.py:829} INFO - Processing file /home/airflow/.local/lib/python3.8/site-packages/airflow/example_dags/example_xcom.py for tasks to queue
[2023-11-29T15:28:13.513+0000] {logging_mixin.py:151} INFO - [2023-11-29T15:28:13.513+0000] {dagbag.py:539} INFO - Filling up the DagBag from /home/airflow/.local/lib/python3.8/site-packages/airflow/example_dags/example_xcom.py
[2023-11-29T15:28:13.518+0000] {processor.py:839} INFO - DAG(s) dict_keys(['example_xcom']) retrieved from /home/airflow/.local/lib/python3.8/site-packages/airflow/example_dags/example_xcom.py
[2023-11-29T15:28:13.531+0000] {logging_mixin.py:151} INFO - [2023-11-29T15:28:13.531+0000] {dag.py:2915} INFO - Sync 1 DAGs
[2023-11-29T15:28:13.567+0000] {logging_mixin.py:151} INFO - [2023-11-29T15:28:13.567+0000] {dag.py:3696} INFO - Setting next_dagrun for example_xcom to 2021-01-01T00:00:00+00:00, run_after=2021-01-01T00:00:00+00:00
[2023-11-29T15:28:13.580+0000] {processor.py:179} INFO - Processing /home/airflow/.local/lib/python3.8/site-packages/airflow/example_dags/example_xcom.py took 0.072 seconds
[2023-11-29T15:28:43.937+0000] {processor.py:157} INFO - Started process (PID=667) to work on /home/airflow/.local/lib/python3.8/site-packages/airflow/example_dags/example_xcom.py
[2023-11-29T15:28:43.938+0000] {processor.py:829} INFO - Processing file /home/airflow/.local/lib/python3.8/site-packages/airflow/example_dags/example_xcom.py for tasks to queue
[2023-11-29T15:28:43.940+0000] {logging_mixin.py:151} INFO - [2023-11-29T15:28:43.940+0000] {dagbag.py:539} INFO - Filling up the DagBag from /home/airflow/.local/lib/python3.8/site-packages/airflow/example_dags/example_xcom.py
[2023-11-29T15:28:43.945+0000] {processor.py:839} INFO - DAG(s) dict_keys(['example_xcom']) retrieved from /home/airflow/.local/lib/python3.8/site-packages/airflow/example_dags/example_xcom.py
[2023-11-29T15:28:44.029+0000] {logging_mixin.py:151} INFO - [2023-11-29T15:28:44.029+0000] {dag.py:2915} INFO - Sync 1 DAGs
[2023-11-29T15:28:44.094+0000] {logging_mixin.py:151} INFO - [2023-11-29T15:28:44.094+0000] {dag.py:3696} INFO - Setting next_dagrun for example_xcom to 2021-01-01T00:00:00+00:00, run_after=2021-01-01T00:00:00+00:00
[2023-11-29T15:28:44.130+0000] {processor.py:179} INFO - Processing /home/airflow/.local/lib/python3.8/site-packages/airflow/example_dags/example_xcom.py took 0.195 seconds
[2023-11-29T15:29:16.807+0000] {processor.py:157} INFO - Started process (PID=722) to work on /home/airflow/.local/lib/python3.8/site-packages/airflow/example_dags/example_xcom.py
[2023-11-29T15:29:16.808+0000] {processor.py:829} INFO - Processing file /home/airflow/.local/lib/python3.8/site-packages/airflow/example_dags/example_xcom.py for tasks to queue
[2023-11-29T15:29:16.810+0000] {logging_mixin.py:151} INFO - [2023-11-29T15:29:16.810+0000] {dagbag.py:539} INFO - Filling up the DagBag from /home/airflow/.local/lib/python3.8/site-packages/airflow/example_dags/example_xcom.py
[2023-11-29T15:29:16.828+0000] {processor.py:839} INFO - DAG(s) dict_keys(['example_xcom']) retrieved from /home/airflow/.local/lib/python3.8/site-packages/airflow/example_dags/example_xcom.py
[2023-11-29T15:29:16.848+0000] {logging_mixin.py:151} INFO - [2023-11-29T15:29:16.847+0000] {dag.py:2915} INFO - Sync 1 DAGs
[2023-11-29T15:29:16.867+0000] {logging_mixin.py:151} INFO - [2023-11-29T15:29:16.866+0000] {dag.py:3696} INFO - Setting next_dagrun for example_xcom to 2021-01-01T00:00:00+00:00, run_after=2021-01-01T00:00:00+00:00
[2023-11-29T15:29:16.877+0000] {processor.py:179} INFO - Processing /home/airflow/.local/lib/python3.8/site-packages/airflow/example_dags/example_xcom.py took 0.074 seconds
[2023-11-29T15:29:47.234+0000] {processor.py:157} INFO - Started process (PID=776) to work on /home/airflow/.local/lib/python3.8/site-packages/airflow/example_dags/example_xcom.py
[2023-11-29T15:29:47.235+0000] {processor.py:829} INFO - Processing file /home/airflow/.local/lib/python3.8/site-packages/airflow/example_dags/example_xcom.py for tasks to queue
[2023-11-29T15:29:47.238+0000] {logging_mixin.py:151} INFO - [2023-11-29T15:29:47.238+0000] {dagbag.py:539} INFO - Filling up the DagBag from /home/airflow/.local/lib/python3.8/site-packages/airflow/example_dags/example_xcom.py
[2023-11-29T15:29:47.245+0000] {processor.py:839} INFO - DAG(s) dict_keys(['example_xcom']) retrieved from /home/airflow/.local/lib/python3.8/site-packages/airflow/example_dags/example_xcom.py
[2023-11-29T15:29:47.289+0000] {logging_mixin.py:151} INFO - [2023-11-29T15:29:47.288+0000] {dag.py:2915} INFO - Sync 1 DAGs
[2023-11-29T15:29:47.313+0000] {logging_mixin.py:151} INFO - [2023-11-29T15:29:47.312+0000] {dag.py:3696} INFO - Setting next_dagrun for example_xcom to 2021-01-01T00:00:00+00:00, run_after=2021-01-01T00:00:00+00:00
[2023-11-29T15:29:47.337+0000] {processor.py:179} INFO - Processing /home/airflow/.local/lib/python3.8/site-packages/airflow/example_dags/example_xcom.py took 0.107 seconds
[2023-11-29T15:30:17.651+0000] {processor.py:157} INFO - Started process (PID=830) to work on /home/airflow/.local/lib/python3.8/site-packages/airflow/example_dags/example_xcom.py
[2023-11-29T15:30:17.652+0000] {processor.py:829} INFO - Processing file /home/airflow/.local/lib/python3.8/site-packages/airflow/example_dags/example_xcom.py for tasks to queue
[2023-11-29T15:30:17.654+0000] {logging_mixin.py:151} INFO - [2023-11-29T15:30:17.653+0000] {dagbag.py:539} INFO - Filling up the DagBag from /home/airflow/.local/lib/python3.8/site-packages/airflow/example_dags/example_xcom.py
[2023-11-29T15:30:17.662+0000] {processor.py:839} INFO - DAG(s) dict_keys(['example_xcom']) retrieved from /home/airflow/.local/lib/python3.8/site-packages/airflow/example_dags/example_xcom.py
[2023-11-29T15:30:17.687+0000] {logging_mixin.py:151} INFO - [2023-11-29T15:30:17.687+0000] {dag.py:2915} INFO - Sync 1 DAGs
[2023-11-29T15:30:17.699+0000] {logging_mixin.py:151} INFO - [2023-11-29T15:30:17.698+0000] {dag.py:3696} INFO - Setting next_dagrun for example_xcom to 2021-01-01T00:00:00+00:00, run_after=2021-01-01T00:00:00+00:00
[2023-11-29T15:30:17.708+0000] {processor.py:179} INFO - Processing /home/airflow/.local/lib/python3.8/site-packages/airflow/example_dags/example_xcom.py took 0.059 seconds
[2023-11-29T15:30:48.305+0000] {processor.py:157} INFO - Started process (PID=884) to work on /home/airflow/.local/lib/python3.8/site-packages/airflow/example_dags/example_xcom.py
[2023-11-29T15:30:48.306+0000] {processor.py:829} INFO - Processing file /home/airflow/.local/lib/python3.8/site-packages/airflow/example_dags/example_xcom.py for tasks to queue
[2023-11-29T15:30:48.307+0000] {logging_mixin.py:151} INFO - [2023-11-29T15:30:48.307+0000] {dagbag.py:539} INFO - Filling up the DagBag from /home/airflow/.local/lib/python3.8/site-packages/airflow/example_dags/example_xcom.py
[2023-11-29T15:30:48.313+0000] {processor.py:839} INFO - DAG(s) dict_keys(['example_xcom']) retrieved from /home/airflow/.local/lib/python3.8/site-packages/airflow/example_dags/example_xcom.py
[2023-11-29T15:30:48.339+0000] {logging_mixin.py:151} INFO - [2023-11-29T15:30:48.339+0000] {dag.py:2915} INFO - Sync 1 DAGs
[2023-11-29T15:30:48.357+0000] {logging_mixin.py:151} INFO - [2023-11-29T15:30:48.357+0000] {dag.py:3696} INFO - Setting next_dagrun for example_xcom to 2021-01-01T00:00:00+00:00, run_after=2021-01-01T00:00:00+00:00
[2023-11-29T15:30:48.366+0000] {processor.py:179} INFO - Processing /home/airflow/.local/lib/python3.8/site-packages/airflow/example_dags/example_xcom.py took 0.065 seconds
[2023-11-29T16:52:45.097+0000] {processor.py:157} INFO - Started process (PID=938) to work on /home/airflow/.local/lib/python3.8/site-packages/airflow/example_dags/example_xcom.py
[2023-11-29T16:52:45.105+0000] {processor.py:829} INFO - Processing file /home/airflow/.local/lib/python3.8/site-packages/airflow/example_dags/example_xcom.py for tasks to queue
[2023-11-29T16:52:45.134+0000] {logging_mixin.py:151} INFO - [2023-11-29T16:52:45.134+0000] {dagbag.py:539} INFO - Filling up the DagBag from /home/airflow/.local/lib/python3.8/site-packages/airflow/example_dags/example_xcom.py
[2023-11-29T16:52:45.159+0000] {processor.py:839} INFO - DAG(s) dict_keys(['example_xcom']) retrieved from /home/airflow/.local/lib/python3.8/site-packages/airflow/example_dags/example_xcom.py
[2023-11-29T16:52:45.237+0000] {logging_mixin.py:151} INFO - [2023-11-29T16:52:45.237+0000] {dag.py:2915} INFO - Sync 1 DAGs
[2023-11-29T16:52:45.285+0000] {logging_mixin.py:151} INFO - [2023-11-29T16:52:45.284+0000] {dag.py:3696} INFO - Setting next_dagrun for example_xcom to 2021-01-01T00:00:00+00:00, run_after=2021-01-01T00:00:00+00:00
[2023-11-29T16:52:45.331+0000] {processor.py:179} INFO - Processing /home/airflow/.local/lib/python3.8/site-packages/airflow/example_dags/example_xcom.py took 0.241 seconds
[2023-11-29T18:02:48.258+0000] {processor.py:157} INFO - Started process (PID=992) to work on /home/airflow/.local/lib/python3.8/site-packages/airflow/example_dags/example_xcom.py
[2023-11-29T18:02:48.259+0000] {processor.py:829} INFO - Processing file /home/airflow/.local/lib/python3.8/site-packages/airflow/example_dags/example_xcom.py for tasks to queue
[2023-11-29T18:02:48.260+0000] {logging_mixin.py:151} INFO - [2023-11-29T18:02:48.260+0000] {dagbag.py:539} INFO - Filling up the DagBag from /home/airflow/.local/lib/python3.8/site-packages/airflow/example_dags/example_xcom.py
[2023-11-29T18:02:48.265+0000] {processor.py:839} INFO - DAG(s) dict_keys(['example_xcom']) retrieved from /home/airflow/.local/lib/python3.8/site-packages/airflow/example_dags/example_xcom.py
[2023-11-29T18:02:48.280+0000] {logging_mixin.py:151} INFO - [2023-11-29T18:02:48.280+0000] {dag.py:2915} INFO - Sync 1 DAGs
[2023-11-29T18:02:48.302+0000] {logging_mixin.py:151} INFO - [2023-11-29T18:02:48.302+0000] {dag.py:3696} INFO - Setting next_dagrun for example_xcom to 2021-01-01T00:00:00+00:00, run_after=2021-01-01T00:00:00+00:00
[2023-11-29T18:02:48.313+0000] {processor.py:179} INFO - Processing /home/airflow/.local/lib/python3.8/site-packages/airflow/example_dags/example_xcom.py took 0.058 seconds
[2023-11-29T18:27:54.876+0000] {processor.py:157} INFO - Started process (PID=1046) to work on /home/airflow/.local/lib/python3.8/site-packages/airflow/example_dags/example_xcom.py
[2023-11-29T18:27:54.877+0000] {processor.py:829} INFO - Processing file /home/airflow/.local/lib/python3.8/site-packages/airflow/example_dags/example_xcom.py for tasks to queue
[2023-11-29T18:27:54.878+0000] {logging_mixin.py:151} INFO - [2023-11-29T18:27:54.878+0000] {dagbag.py:539} INFO - Filling up the DagBag from /home/airflow/.local/lib/python3.8/site-packages/airflow/example_dags/example_xcom.py
[2023-11-29T18:27:54.883+0000] {processor.py:839} INFO - DAG(s) dict_keys(['example_xcom']) retrieved from /home/airflow/.local/lib/python3.8/site-packages/airflow/example_dags/example_xcom.py
[2023-11-29T18:27:54.896+0000] {logging_mixin.py:151} INFO - [2023-11-29T18:27:54.896+0000] {dag.py:2915} INFO - Sync 1 DAGs
[2023-11-29T18:27:54.912+0000] {logging_mixin.py:151} INFO - [2023-11-29T18:27:54.912+0000] {dag.py:3696} INFO - Setting next_dagrun for example_xcom to 2021-01-01T00:00:00+00:00, run_after=2021-01-01T00:00:00+00:00
[2023-11-29T18:27:54.921+0000] {processor.py:179} INFO - Processing /home/airflow/.local/lib/python3.8/site-packages/airflow/example_dags/example_xcom.py took 0.048 seconds
[2023-11-29T18:32:44.148+0000] {processor.py:157} INFO - Started process (PID=1100) to work on /home/airflow/.local/lib/python3.8/site-packages/airflow/example_dags/example_xcom.py
[2023-11-29T18:32:44.149+0000] {processor.py:829} INFO - Processing file /home/airflow/.local/lib/python3.8/site-packages/airflow/example_dags/example_xcom.py for tasks to queue
[2023-11-29T18:32:44.151+0000] {logging_mixin.py:151} INFO - [2023-11-29T18:32:44.150+0000] {dagbag.py:539} INFO - Filling up the DagBag from /home/airflow/.local/lib/python3.8/site-packages/airflow/example_dags/example_xcom.py
[2023-11-29T18:32:44.157+0000] {processor.py:839} INFO - DAG(s) dict_keys(['example_xcom']) retrieved from /home/airflow/.local/lib/python3.8/site-packages/airflow/example_dags/example_xcom.py
[2023-11-29T18:32:44.170+0000] {logging_mixin.py:151} INFO - [2023-11-29T18:32:44.170+0000] {dag.py:2915} INFO - Sync 1 DAGs
[2023-11-29T18:32:44.182+0000] {logging_mixin.py:151} INFO - [2023-11-29T18:32:44.182+0000] {dag.py:3696} INFO - Setting next_dagrun for example_xcom to 2021-01-01T00:00:00+00:00, run_after=2021-01-01T00:00:00+00:00
[2023-11-29T18:32:44.191+0000] {processor.py:179} INFO - Processing /home/airflow/.local/lib/python3.8/site-packages/airflow/example_dags/example_xcom.py took 0.046 seconds
[2023-11-29T18:50:39.917+0000] {processor.py:157} INFO - Started process (PID=1154) to work on /home/airflow/.local/lib/python3.8/site-packages/airflow/example_dags/example_xcom.py
[2023-11-29T18:50:39.919+0000] {processor.py:829} INFO - Processing file /home/airflow/.local/lib/python3.8/site-packages/airflow/example_dags/example_xcom.py for tasks to queue
[2023-11-29T18:50:39.921+0000] {logging_mixin.py:151} INFO - [2023-11-29T18:50:39.921+0000] {dagbag.py:539} INFO - Filling up the DagBag from /home/airflow/.local/lib/python3.8/site-packages/airflow/example_dags/example_xcom.py
[2023-11-29T18:50:39.933+0000] {processor.py:839} INFO - DAG(s) dict_keys(['example_xcom']) retrieved from /home/airflow/.local/lib/python3.8/site-packages/airflow/example_dags/example_xcom.py
[2023-11-29T18:50:39.953+0000] {logging_mixin.py:151} INFO - [2023-11-29T18:50:39.953+0000] {dag.py:2915} INFO - Sync 1 DAGs
[2023-11-29T18:50:39.977+0000] {logging_mixin.py:151} INFO - [2023-11-29T18:50:39.977+0000] {dag.py:3696} INFO - Setting next_dagrun for example_xcom to 2021-01-01T00:00:00+00:00, run_after=2021-01-01T00:00:00+00:00
[2023-11-29T18:50:39.993+0000] {processor.py:179} INFO - Processing /home/airflow/.local/lib/python3.8/site-packages/airflow/example_dags/example_xcom.py took 0.079 seconds
[2023-11-29T19:03:29.376+0000] {processor.py:157} INFO - Started process (PID=1208) to work on /home/airflow/.local/lib/python3.8/site-packages/airflow/example_dags/example_xcom.py
[2023-11-29T19:03:29.378+0000] {processor.py:829} INFO - Processing file /home/airflow/.local/lib/python3.8/site-packages/airflow/example_dags/example_xcom.py for tasks to queue
[2023-11-29T19:03:29.380+0000] {logging_mixin.py:151} INFO - [2023-11-29T19:03:29.380+0000] {dagbag.py:539} INFO - Filling up the DagBag from /home/airflow/.local/lib/python3.8/site-packages/airflow/example_dags/example_xcom.py
[2023-11-29T19:03:29.388+0000] {processor.py:839} INFO - DAG(s) dict_keys(['example_xcom']) retrieved from /home/airflow/.local/lib/python3.8/site-packages/airflow/example_dags/example_xcom.py
[2023-11-29T19:03:29.413+0000] {logging_mixin.py:151} INFO - [2023-11-29T19:03:29.413+0000] {dag.py:2915} INFO - Sync 1 DAGs
[2023-11-29T19:03:29.439+0000] {logging_mixin.py:151} INFO - [2023-11-29T19:03:29.439+0000] {dag.py:3696} INFO - Setting next_dagrun for example_xcom to 2021-01-01T00:00:00+00:00, run_after=2021-01-01T00:00:00+00:00
[2023-11-29T19:03:29.450+0000] {processor.py:179} INFO - Processing /home/airflow/.local/lib/python3.8/site-packages/airflow/example_dags/example_xcom.py took 0.077 seconds
[2023-11-29T20:07:22.714+0000] {processor.py:157} INFO - Started process (PID=1262) to work on /home/airflow/.local/lib/python3.8/site-packages/airflow/example_dags/example_xcom.py
[2023-11-29T20:07:22.715+0000] {processor.py:829} INFO - Processing file /home/airflow/.local/lib/python3.8/site-packages/airflow/example_dags/example_xcom.py for tasks to queue
[2023-11-29T20:07:22.721+0000] {logging_mixin.py:151} INFO - [2023-11-29T20:07:22.720+0000] {dagbag.py:539} INFO - Filling up the DagBag from /home/airflow/.local/lib/python3.8/site-packages/airflow/example_dags/example_xcom.py
[2023-11-29T20:07:22.737+0000] {processor.py:839} INFO - DAG(s) dict_keys(['example_xcom']) retrieved from /home/airflow/.local/lib/python3.8/site-packages/airflow/example_dags/example_xcom.py
[2023-11-29T20:07:22.753+0000] {logging_mixin.py:151} INFO - [2023-11-29T20:07:22.753+0000] {dag.py:2915} INFO - Sync 1 DAGs
[2023-11-29T20:07:22.767+0000] {logging_mixin.py:151} INFO - [2023-11-29T20:07:22.767+0000] {dag.py:3696} INFO - Setting next_dagrun for example_xcom to 2021-01-01T00:00:00+00:00, run_after=2021-01-01T00:00:00+00:00
[2023-11-29T20:07:22.777+0000] {processor.py:179} INFO - Processing /home/airflow/.local/lib/python3.8/site-packages/airflow/example_dags/example_xcom.py took 0.066 seconds
[2023-11-29T21:23:04.188+0000] {processor.py:157} INFO - Started process (PID=1316) to work on /home/airflow/.local/lib/python3.8/site-packages/airflow/example_dags/example_xcom.py
[2023-11-29T21:23:04.190+0000] {processor.py:829} INFO - Processing file /home/airflow/.local/lib/python3.8/site-packages/airflow/example_dags/example_xcom.py for tasks to queue
[2023-11-29T21:23:04.192+0000] {logging_mixin.py:151} INFO - [2023-11-29T21:23:04.192+0000] {dagbag.py:539} INFO - Filling up the DagBag from /home/airflow/.local/lib/python3.8/site-packages/airflow/example_dags/example_xcom.py
[2023-11-29T21:23:04.199+0000] {processor.py:839} INFO - DAG(s) dict_keys(['example_xcom']) retrieved from /home/airflow/.local/lib/python3.8/site-packages/airflow/example_dags/example_xcom.py
[2023-11-29T21:23:04.215+0000] {logging_mixin.py:151} INFO - [2023-11-29T21:23:04.215+0000] {dag.py:2915} INFO - Sync 1 DAGs
[2023-11-29T21:23:04.231+0000] {logging_mixin.py:151} INFO - [2023-11-29T21:23:04.230+0000] {dag.py:3696} INFO - Setting next_dagrun for example_xcom to 2021-01-01T00:00:00+00:00, run_after=2021-01-01T00:00:00+00:00
[2023-11-29T21:23:04.248+0000] {processor.py:179} INFO - Processing /home/airflow/.local/lib/python3.8/site-packages/airflow/example_dags/example_xcom.py took 0.064 seconds
[2023-11-29T22:23:25.439+0000] {processor.py:157} INFO - Started process (PID=1369) to work on /home/airflow/.local/lib/python3.8/site-packages/airflow/example_dags/example_xcom.py
[2023-11-29T22:23:25.440+0000] {processor.py:829} INFO - Processing file /home/airflow/.local/lib/python3.8/site-packages/airflow/example_dags/example_xcom.py for tasks to queue
[2023-11-29T22:23:25.444+0000] {logging_mixin.py:151} INFO - [2023-11-29T22:23:25.443+0000] {dagbag.py:539} INFO - Filling up the DagBag from /home/airflow/.local/lib/python3.8/site-packages/airflow/example_dags/example_xcom.py
[2023-11-29T22:23:25.449+0000] {processor.py:839} INFO - DAG(s) dict_keys(['example_xcom']) retrieved from /home/airflow/.local/lib/python3.8/site-packages/airflow/example_dags/example_xcom.py
[2023-11-29T22:23:25.465+0000] {logging_mixin.py:151} INFO - [2023-11-29T22:23:25.465+0000] {dag.py:2915} INFO - Sync 1 DAGs
[2023-11-29T22:23:25.478+0000] {logging_mixin.py:151} INFO - [2023-11-29T22:23:25.478+0000] {dag.py:3696} INFO - Setting next_dagrun for example_xcom to 2021-01-01T00:00:00+00:00, run_after=2021-01-01T00:00:00+00:00
[2023-11-29T22:23:25.489+0000] {processor.py:179} INFO - Processing /home/airflow/.local/lib/python3.8/site-packages/airflow/example_dags/example_xcom.py took 0.052 seconds
[2023-11-29T23:26:06.475+0000] {processor.py:157} INFO - Started process (PID=1423) to work on /home/airflow/.local/lib/python3.8/site-packages/airflow/example_dags/example_xcom.py
[2023-11-29T23:26:06.476+0000] {processor.py:829} INFO - Processing file /home/airflow/.local/lib/python3.8/site-packages/airflow/example_dags/example_xcom.py for tasks to queue
[2023-11-29T23:26:06.477+0000] {logging_mixin.py:151} INFO - [2023-11-29T23:26:06.477+0000] {dagbag.py:539} INFO - Filling up the DagBag from /home/airflow/.local/lib/python3.8/site-packages/airflow/example_dags/example_xcom.py
[2023-11-29T23:26:06.482+0000] {processor.py:839} INFO - DAG(s) dict_keys(['example_xcom']) retrieved from /home/airflow/.local/lib/python3.8/site-packages/airflow/example_dags/example_xcom.py
[2023-11-29T23:26:06.494+0000] {logging_mixin.py:151} INFO - [2023-11-29T23:26:06.494+0000] {dag.py:2915} INFO - Sync 1 DAGs
[2023-11-29T23:26:06.505+0000] {logging_mixin.py:151} INFO - [2023-11-29T23:26:06.505+0000] {dag.py:3696} INFO - Setting next_dagrun for example_xcom to 2021-01-01T00:00:00+00:00, run_after=2021-01-01T00:00:00+00:00
[2023-11-29T23:26:06.515+0000] {processor.py:179} INFO - Processing /home/airflow/.local/lib/python3.8/site-packages/airflow/example_dags/example_xcom.py took 0.042 seconds
[2023-11-29T23:26:37.004+0000] {processor.py:157} INFO - Started process (PID=1477) to work on /home/airflow/.local/lib/python3.8/site-packages/airflow/example_dags/example_xcom.py
[2023-11-29T23:26:37.005+0000] {processor.py:829} INFO - Processing file /home/airflow/.local/lib/python3.8/site-packages/airflow/example_dags/example_xcom.py for tasks to queue
[2023-11-29T23:26:37.006+0000] {logging_mixin.py:151} INFO - [2023-11-29T23:26:37.006+0000] {dagbag.py:539} INFO - Filling up the DagBag from /home/airflow/.local/lib/python3.8/site-packages/airflow/example_dags/example_xcom.py
[2023-11-29T23:26:37.012+0000] {processor.py:839} INFO - DAG(s) dict_keys(['example_xcom']) retrieved from /home/airflow/.local/lib/python3.8/site-packages/airflow/example_dags/example_xcom.py
[2023-11-29T23:26:37.026+0000] {logging_mixin.py:151} INFO - [2023-11-29T23:26:37.025+0000] {dag.py:2915} INFO - Sync 1 DAGs
[2023-11-29T23:26:37.040+0000] {logging_mixin.py:151} INFO - [2023-11-29T23:26:37.040+0000] {dag.py:3696} INFO - Setting next_dagrun for example_xcom to 2021-01-01T00:00:00+00:00, run_after=2021-01-01T00:00:00+00:00
[2023-11-29T23:26:37.054+0000] {processor.py:179} INFO - Processing /home/airflow/.local/lib/python3.8/site-packages/airflow/example_dags/example_xcom.py took 0.052 seconds
