[2023-11-29T13:59:14.736+0000] {processor.py:157} INFO - Started process (PID=68) to work on /home/airflow/.local/lib/python3.8/site-packages/airflow/example_dags/example_xcomargs.py
[2023-11-29T13:59:14.739+0000] {processor.py:829} INFO - Processing file /home/airflow/.local/lib/python3.8/site-packages/airflow/example_dags/example_xcomargs.py for tasks to queue
[2023-11-29T13:59:14.754+0000] {logging_mixin.py:151} INFO - [2023-11-29T13:59:14.752+0000] {dagbag.py:539} INFO - Filling up the DagBag from /home/airflow/.local/lib/python3.8/site-packages/airflow/example_dags/example_xcomargs.py
[2023-11-29T13:59:14.785+0000] {processor.py:839} INFO - DAG(s) dict_keys(['example_xcom_args', 'example_xcom_args_with_operators']) retrieved from /home/airflow/.local/lib/python3.8/site-packages/airflow/example_dags/example_xcomargs.py
[2023-11-29T13:59:14.818+0000] {logging_mixin.py:151} INFO - [2023-11-29T13:59:14.817+0000] {dag.py:2915} INFO - Sync 2 DAGs
[2023-11-29T13:59:14.830+0000] {logging_mixin.py:151} INFO - [2023-11-29T13:59:14.829+0000] {dag.py:3696} INFO - Setting next_dagrun for example_xcom_args to None, run_after=None
[2023-11-29T13:59:14.832+0000] {logging_mixin.py:151} INFO - [2023-11-29T13:59:14.832+0000] {dag.py:3696} INFO - Setting next_dagrun for example_xcom_args_with_operators to None, run_after=None
[2023-11-29T13:59:14.848+0000] {processor.py:179} INFO - Processing /home/airflow/.local/lib/python3.8/site-packages/airflow/example_dags/example_xcomargs.py took 0.123 seconds
[2023-11-29T13:59:44.995+0000] {processor.py:157} INFO - Started process (PID=122) to work on /home/airflow/.local/lib/python3.8/site-packages/airflow/example_dags/example_xcomargs.py
[2023-11-29T13:59:44.996+0000] {processor.py:829} INFO - Processing file /home/airflow/.local/lib/python3.8/site-packages/airflow/example_dags/example_xcomargs.py for tasks to queue
[2023-11-29T13:59:44.998+0000] {logging_mixin.py:151} INFO - [2023-11-29T13:59:44.998+0000] {dagbag.py:539} INFO - Filling up the DagBag from /home/airflow/.local/lib/python3.8/site-packages/airflow/example_dags/example_xcomargs.py
[2023-11-29T13:59:45.004+0000] {processor.py:839} INFO - DAG(s) dict_keys(['example_xcom_args', 'example_xcom_args_with_operators']) retrieved from /home/airflow/.local/lib/python3.8/site-packages/airflow/example_dags/example_xcomargs.py
[2023-11-29T13:59:45.024+0000] {logging_mixin.py:151} INFO - [2023-11-29T13:59:45.024+0000] {dag.py:2915} INFO - Sync 2 DAGs
[2023-11-29T13:59:45.034+0000] {logging_mixin.py:151} INFO - [2023-11-29T13:59:45.034+0000] {dag.py:3696} INFO - Setting next_dagrun for example_xcom_args to None, run_after=None
[2023-11-29T13:59:45.037+0000] {logging_mixin.py:151} INFO - [2023-11-29T13:59:45.037+0000] {dag.py:3696} INFO - Setting next_dagrun for example_xcom_args_with_operators to None, run_after=None
[2023-11-29T13:59:45.049+0000] {processor.py:179} INFO - Processing /home/airflow/.local/lib/python3.8/site-packages/airflow/example_dags/example_xcomargs.py took 0.056 seconds
[2023-11-29T14:00:15.536+0000] {processor.py:157} INFO - Started process (PID=176) to work on /home/airflow/.local/lib/python3.8/site-packages/airflow/example_dags/example_xcomargs.py
[2023-11-29T14:00:15.537+0000] {processor.py:829} INFO - Processing file /home/airflow/.local/lib/python3.8/site-packages/airflow/example_dags/example_xcomargs.py for tasks to queue
[2023-11-29T14:00:15.540+0000] {logging_mixin.py:151} INFO - [2023-11-29T14:00:15.539+0000] {dagbag.py:539} INFO - Filling up the DagBag from /home/airflow/.local/lib/python3.8/site-packages/airflow/example_dags/example_xcomargs.py
[2023-11-29T14:00:15.549+0000] {processor.py:839} INFO - DAG(s) dict_keys(['example_xcom_args', 'example_xcom_args_with_operators']) retrieved from /home/airflow/.local/lib/python3.8/site-packages/airflow/example_dags/example_xcomargs.py
[2023-11-29T14:00:15.575+0000] {logging_mixin.py:151} INFO - [2023-11-29T14:00:15.575+0000] {dag.py:2915} INFO - Sync 2 DAGs
[2023-11-29T14:00:15.601+0000] {logging_mixin.py:151} INFO - [2023-11-29T14:00:15.601+0000] {dag.py:3696} INFO - Setting next_dagrun for example_xcom_args to None, run_after=None
[2023-11-29T14:00:15.604+0000] {logging_mixin.py:151} INFO - [2023-11-29T14:00:15.604+0000] {dag.py:3696} INFO - Setting next_dagrun for example_xcom_args_with_operators to None, run_after=None
[2023-11-29T14:00:15.619+0000] {processor.py:179} INFO - Processing /home/airflow/.local/lib/python3.8/site-packages/airflow/example_dags/example_xcomargs.py took 0.091 seconds
[2023-11-29T14:00:46.092+0000] {processor.py:157} INFO - Started process (PID=230) to work on /home/airflow/.local/lib/python3.8/site-packages/airflow/example_dags/example_xcomargs.py
[2023-11-29T14:00:46.093+0000] {processor.py:829} INFO - Processing file /home/airflow/.local/lib/python3.8/site-packages/airflow/example_dags/example_xcomargs.py for tasks to queue
[2023-11-29T14:00:46.094+0000] {logging_mixin.py:151} INFO - [2023-11-29T14:00:46.094+0000] {dagbag.py:539} INFO - Filling up the DagBag from /home/airflow/.local/lib/python3.8/site-packages/airflow/example_dags/example_xcomargs.py
[2023-11-29T14:00:46.099+0000] {processor.py:839} INFO - DAG(s) dict_keys(['example_xcom_args', 'example_xcom_args_with_operators']) retrieved from /home/airflow/.local/lib/python3.8/site-packages/airflow/example_dags/example_xcomargs.py
[2023-11-29T14:00:46.113+0000] {logging_mixin.py:151} INFO - [2023-11-29T14:00:46.113+0000] {dag.py:2915} INFO - Sync 2 DAGs
[2023-11-29T14:00:46.120+0000] {logging_mixin.py:151} INFO - [2023-11-29T14:00:46.119+0000] {dag.py:3696} INFO - Setting next_dagrun for example_xcom_args to None, run_after=None
[2023-11-29T14:00:46.121+0000] {logging_mixin.py:151} INFO - [2023-11-29T14:00:46.121+0000] {dag.py:3696} INFO - Setting next_dagrun for example_xcom_args_with_operators to None, run_after=None
[2023-11-29T14:00:46.130+0000] {processor.py:179} INFO - Processing /home/airflow/.local/lib/python3.8/site-packages/airflow/example_dags/example_xcomargs.py took 0.040 seconds
[2023-11-29T14:01:16.583+0000] {processor.py:157} INFO - Started process (PID=284) to work on /home/airflow/.local/lib/python3.8/site-packages/airflow/example_dags/example_xcomargs.py
[2023-11-29T14:01:16.584+0000] {processor.py:829} INFO - Processing file /home/airflow/.local/lib/python3.8/site-packages/airflow/example_dags/example_xcomargs.py for tasks to queue
[2023-11-29T14:01:16.585+0000] {logging_mixin.py:151} INFO - [2023-11-29T14:01:16.585+0000] {dagbag.py:539} INFO - Filling up the DagBag from /home/airflow/.local/lib/python3.8/site-packages/airflow/example_dags/example_xcomargs.py
[2023-11-29T14:01:16.590+0000] {processor.py:839} INFO - DAG(s) dict_keys(['example_xcom_args_with_operators', 'example_xcom_args']) retrieved from /home/airflow/.local/lib/python3.8/site-packages/airflow/example_dags/example_xcomargs.py
[2023-11-29T14:01:16.605+0000] {logging_mixin.py:151} INFO - [2023-11-29T14:01:16.605+0000] {dag.py:2915} INFO - Sync 2 DAGs
[2023-11-29T14:01:16.613+0000] {logging_mixin.py:151} INFO - [2023-11-29T14:01:16.613+0000] {dag.py:3696} INFO - Setting next_dagrun for example_xcom_args to None, run_after=None
[2023-11-29T14:01:16.615+0000] {logging_mixin.py:151} INFO - [2023-11-29T14:01:16.615+0000] {dag.py:3696} INFO - Setting next_dagrun for example_xcom_args_with_operators to None, run_after=None
[2023-11-29T14:01:16.624+0000] {processor.py:179} INFO - Processing /home/airflow/.local/lib/python3.8/site-packages/airflow/example_dags/example_xcomargs.py took 0.044 seconds
[2023-11-29T14:01:46.911+0000] {processor.py:157} INFO - Started process (PID=338) to work on /home/airflow/.local/lib/python3.8/site-packages/airflow/example_dags/example_xcomargs.py
[2023-11-29T14:01:46.912+0000] {processor.py:829} INFO - Processing file /home/airflow/.local/lib/python3.8/site-packages/airflow/example_dags/example_xcomargs.py for tasks to queue
[2023-11-29T14:01:46.914+0000] {logging_mixin.py:151} INFO - [2023-11-29T14:01:46.913+0000] {dagbag.py:539} INFO - Filling up the DagBag from /home/airflow/.local/lib/python3.8/site-packages/airflow/example_dags/example_xcomargs.py
[2023-11-29T14:01:46.919+0000] {processor.py:839} INFO - DAG(s) dict_keys(['example_xcom_args_with_operators', 'example_xcom_args']) retrieved from /home/airflow/.local/lib/python3.8/site-packages/airflow/example_dags/example_xcomargs.py
[2023-11-29T14:01:46.934+0000] {logging_mixin.py:151} INFO - [2023-11-29T14:01:46.934+0000] {dag.py:2915} INFO - Sync 2 DAGs
[2023-11-29T14:01:46.942+0000] {logging_mixin.py:151} INFO - [2023-11-29T14:01:46.942+0000] {dag.py:3696} INFO - Setting next_dagrun for example_xcom_args to None, run_after=None
[2023-11-29T14:01:46.944+0000] {logging_mixin.py:151} INFO - [2023-11-29T14:01:46.944+0000] {dag.py:3696} INFO - Setting next_dagrun for example_xcom_args_with_operators to None, run_after=None
[2023-11-29T14:01:46.952+0000] {processor.py:179} INFO - Processing /home/airflow/.local/lib/python3.8/site-packages/airflow/example_dags/example_xcomargs.py took 0.043 seconds
[2023-11-29T14:02:17.223+0000] {processor.py:157} INFO - Started process (PID=392) to work on /home/airflow/.local/lib/python3.8/site-packages/airflow/example_dags/example_xcomargs.py
[2023-11-29T14:02:17.224+0000] {processor.py:829} INFO - Processing file /home/airflow/.local/lib/python3.8/site-packages/airflow/example_dags/example_xcomargs.py for tasks to queue
[2023-11-29T14:02:17.226+0000] {logging_mixin.py:151} INFO - [2023-11-29T14:02:17.226+0000] {dagbag.py:539} INFO - Filling up the DagBag from /home/airflow/.local/lib/python3.8/site-packages/airflow/example_dags/example_xcomargs.py
[2023-11-29T14:02:17.233+0000] {processor.py:839} INFO - DAG(s) dict_keys(['example_xcom_args_with_operators', 'example_xcom_args']) retrieved from /home/airflow/.local/lib/python3.8/site-packages/airflow/example_dags/example_xcomargs.py
[2023-11-29T14:02:17.270+0000] {logging_mixin.py:151} INFO - [2023-11-29T14:02:17.269+0000] {dag.py:2915} INFO - Sync 2 DAGs
[2023-11-29T14:02:17.281+0000] {logging_mixin.py:151} INFO - [2023-11-29T14:02:17.281+0000] {dag.py:3696} INFO - Setting next_dagrun for example_xcom_args to None, run_after=None
[2023-11-29T14:02:17.284+0000] {logging_mixin.py:151} INFO - [2023-11-29T14:02:17.283+0000] {dag.py:3696} INFO - Setting next_dagrun for example_xcom_args_with_operators to None, run_after=None
[2023-11-29T14:02:17.313+0000] {processor.py:179} INFO - Processing /home/airflow/.local/lib/python3.8/site-packages/airflow/example_dags/example_xcomargs.py took 0.095 seconds
[2023-11-29T14:02:47.889+0000] {processor.py:157} INFO - Started process (PID=446) to work on /home/airflow/.local/lib/python3.8/site-packages/airflow/example_dags/example_xcomargs.py
[2023-11-29T14:02:47.890+0000] {processor.py:829} INFO - Processing file /home/airflow/.local/lib/python3.8/site-packages/airflow/example_dags/example_xcomargs.py for tasks to queue
[2023-11-29T14:02:47.893+0000] {logging_mixin.py:151} INFO - [2023-11-29T14:02:47.893+0000] {dagbag.py:539} INFO - Filling up the DagBag from /home/airflow/.local/lib/python3.8/site-packages/airflow/example_dags/example_xcomargs.py
[2023-11-29T14:02:47.899+0000] {processor.py:839} INFO - DAG(s) dict_keys(['example_xcom_args_with_operators', 'example_xcom_args']) retrieved from /home/airflow/.local/lib/python3.8/site-packages/airflow/example_dags/example_xcomargs.py
[2023-11-29T14:02:47.921+0000] {logging_mixin.py:151} INFO - [2023-11-29T14:02:47.921+0000] {dag.py:2915} INFO - Sync 2 DAGs
[2023-11-29T14:02:47.931+0000] {logging_mixin.py:151} INFO - [2023-11-29T14:02:47.931+0000] {dag.py:3696} INFO - Setting next_dagrun for example_xcom_args to None, run_after=None
[2023-11-29T14:02:47.934+0000] {logging_mixin.py:151} INFO - [2023-11-29T14:02:47.934+0000] {dag.py:3696} INFO - Setting next_dagrun for example_xcom_args_with_operators to None, run_after=None
[2023-11-29T14:02:47.944+0000] {processor.py:179} INFO - Processing /home/airflow/.local/lib/python3.8/site-packages/airflow/example_dags/example_xcomargs.py took 0.058 seconds
[2023-11-29T14:03:19.683+0000] {processor.py:157} INFO - Started process (PID=499) to work on /home/airflow/.local/lib/python3.8/site-packages/airflow/example_dags/example_xcomargs.py
[2023-11-29T14:03:19.685+0000] {processor.py:829} INFO - Processing file /home/airflow/.local/lib/python3.8/site-packages/airflow/example_dags/example_xcomargs.py for tasks to queue
[2023-11-29T14:03:19.687+0000] {logging_mixin.py:151} INFO - [2023-11-29T14:03:19.687+0000] {dagbag.py:539} INFO - Filling up the DagBag from /home/airflow/.local/lib/python3.8/site-packages/airflow/example_dags/example_xcomargs.py
[2023-11-29T14:03:19.696+0000] {processor.py:839} INFO - DAG(s) dict_keys(['example_xcom_args_with_operators', 'example_xcom_args']) retrieved from /home/airflow/.local/lib/python3.8/site-packages/airflow/example_dags/example_xcomargs.py
[2023-11-29T14:03:19.730+0000] {logging_mixin.py:151} INFO - [2023-11-29T14:03:19.730+0000] {dag.py:2915} INFO - Sync 2 DAGs
[2023-11-29T14:03:19.741+0000] {logging_mixin.py:151} INFO - [2023-11-29T14:03:19.741+0000] {dag.py:3696} INFO - Setting next_dagrun for example_xcom_args to None, run_after=None
[2023-11-29T14:03:19.746+0000] {logging_mixin.py:151} INFO - [2023-11-29T14:03:19.746+0000] {dag.py:3696} INFO - Setting next_dagrun for example_xcom_args_with_operators to None, run_after=None
[2023-11-29T14:03:19.779+0000] {processor.py:179} INFO - Processing /home/airflow/.local/lib/python3.8/site-packages/airflow/example_dags/example_xcomargs.py took 0.099 seconds
[2023-11-29T15:06:12.901+0000] {processor.py:157} INFO - Started process (PID=544) to work on /home/airflow/.local/lib/python3.8/site-packages/airflow/example_dags/example_xcomargs.py
[2023-11-29T15:06:12.903+0000] {processor.py:829} INFO - Processing file /home/airflow/.local/lib/python3.8/site-packages/airflow/example_dags/example_xcomargs.py for tasks to queue
[2023-11-29T15:06:12.905+0000] {logging_mixin.py:151} INFO - [2023-11-29T15:06:12.904+0000] {dagbag.py:539} INFO - Filling up the DagBag from /home/airflow/.local/lib/python3.8/site-packages/airflow/example_dags/example_xcomargs.py
[2023-11-29T15:06:12.911+0000] {processor.py:839} INFO - DAG(s) dict_keys(['example_xcom_args', 'example_xcom_args_with_operators']) retrieved from /home/airflow/.local/lib/python3.8/site-packages/airflow/example_dags/example_xcomargs.py
[2023-11-29T15:06:12.927+0000] {logging_mixin.py:151} INFO - [2023-11-29T15:06:12.927+0000] {dag.py:2915} INFO - Sync 2 DAGs
[2023-11-29T15:06:12.934+0000] {logging_mixin.py:151} INFO - [2023-11-29T15:06:12.934+0000] {dag.py:3696} INFO - Setting next_dagrun for example_xcom_args to None, run_after=None
[2023-11-29T15:06:12.936+0000] {logging_mixin.py:151} INFO - [2023-11-29T15:06:12.936+0000] {dag.py:3696} INFO - Setting next_dagrun for example_xcom_args_with_operators to None, run_after=None
[2023-11-29T15:06:12.944+0000] {processor.py:179} INFO - Processing /home/airflow/.local/lib/python3.8/site-packages/airflow/example_dags/example_xcomargs.py took 0.045 seconds
[2023-11-29T15:06:43.772+0000] {processor.py:157} INFO - Started process (PID=598) to work on /home/airflow/.local/lib/python3.8/site-packages/airflow/example_dags/example_xcomargs.py
[2023-11-29T15:06:43.773+0000] {processor.py:829} INFO - Processing file /home/airflow/.local/lib/python3.8/site-packages/airflow/example_dags/example_xcomargs.py for tasks to queue
[2023-11-29T15:06:43.774+0000] {logging_mixin.py:151} INFO - [2023-11-29T15:06:43.774+0000] {dagbag.py:539} INFO - Filling up the DagBag from /home/airflow/.local/lib/python3.8/site-packages/airflow/example_dags/example_xcomargs.py
[2023-11-29T15:06:43.779+0000] {processor.py:839} INFO - DAG(s) dict_keys(['example_xcom_args', 'example_xcom_args_with_operators']) retrieved from /home/airflow/.local/lib/python3.8/site-packages/airflow/example_dags/example_xcomargs.py
[2023-11-29T15:06:43.793+0000] {logging_mixin.py:151} INFO - [2023-11-29T15:06:43.793+0000] {dag.py:2915} INFO - Sync 2 DAGs
[2023-11-29T15:06:43.800+0000] {logging_mixin.py:151} INFO - [2023-11-29T15:06:43.800+0000] {dag.py:3696} INFO - Setting next_dagrun for example_xcom_args to None, run_after=None
[2023-11-29T15:06:43.801+0000] {logging_mixin.py:151} INFO - [2023-11-29T15:06:43.801+0000] {dag.py:3696} INFO - Setting next_dagrun for example_xcom_args_with_operators to None, run_after=None
[2023-11-29T15:06:43.809+0000] {processor.py:179} INFO - Processing /home/airflow/.local/lib/python3.8/site-packages/airflow/example_dags/example_xcomargs.py took 0.039 seconds
[2023-11-29T15:07:14.388+0000] {processor.py:157} INFO - Started process (PID=652) to work on /home/airflow/.local/lib/python3.8/site-packages/airflow/example_dags/example_xcomargs.py
[2023-11-29T15:07:14.388+0000] {processor.py:829} INFO - Processing file /home/airflow/.local/lib/python3.8/site-packages/airflow/example_dags/example_xcomargs.py for tasks to queue
[2023-11-29T15:07:14.390+0000] {logging_mixin.py:151} INFO - [2023-11-29T15:07:14.390+0000] {dagbag.py:539} INFO - Filling up the DagBag from /home/airflow/.local/lib/python3.8/site-packages/airflow/example_dags/example_xcomargs.py
[2023-11-29T15:07:14.395+0000] {processor.py:839} INFO - DAG(s) dict_keys(['example_xcom_args_with_operators', 'example_xcom_args']) retrieved from /home/airflow/.local/lib/python3.8/site-packages/airflow/example_dags/example_xcomargs.py
[2023-11-29T15:07:14.411+0000] {logging_mixin.py:151} INFO - [2023-11-29T15:07:14.411+0000] {dag.py:2915} INFO - Sync 2 DAGs
[2023-11-29T15:07:14.420+0000] {logging_mixin.py:151} INFO - [2023-11-29T15:07:14.420+0000] {dag.py:3696} INFO - Setting next_dagrun for example_xcom_args to None, run_after=None
[2023-11-29T15:07:14.423+0000] {logging_mixin.py:151} INFO - [2023-11-29T15:07:14.423+0000] {dag.py:3696} INFO - Setting next_dagrun for example_xcom_args_with_operators to None, run_after=None
[2023-11-29T15:07:14.432+0000] {processor.py:179} INFO - Processing /home/airflow/.local/lib/python3.8/site-packages/airflow/example_dags/example_xcomargs.py took 0.047 seconds
[2023-11-29T15:07:44.953+0000] {processor.py:157} INFO - Started process (PID=706) to work on /home/airflow/.local/lib/python3.8/site-packages/airflow/example_dags/example_xcomargs.py
[2023-11-29T15:07:44.954+0000] {processor.py:829} INFO - Processing file /home/airflow/.local/lib/python3.8/site-packages/airflow/example_dags/example_xcomargs.py for tasks to queue
[2023-11-29T15:07:44.955+0000] {logging_mixin.py:151} INFO - [2023-11-29T15:07:44.955+0000] {dagbag.py:539} INFO - Filling up the DagBag from /home/airflow/.local/lib/python3.8/site-packages/airflow/example_dags/example_xcomargs.py
[2023-11-29T15:07:44.961+0000] {processor.py:839} INFO - DAG(s) dict_keys(['example_xcom_args', 'example_xcom_args_with_operators']) retrieved from /home/airflow/.local/lib/python3.8/site-packages/airflow/example_dags/example_xcomargs.py
[2023-11-29T15:07:44.976+0000] {logging_mixin.py:151} INFO - [2023-11-29T15:07:44.976+0000] {dag.py:2915} INFO - Sync 2 DAGs
[2023-11-29T15:07:44.990+0000] {logging_mixin.py:151} INFO - [2023-11-29T15:07:44.990+0000] {dag.py:3696} INFO - Setting next_dagrun for example_xcom_args to None, run_after=None
[2023-11-29T15:07:44.994+0000] {logging_mixin.py:151} INFO - [2023-11-29T15:07:44.994+0000] {dag.py:3696} INFO - Setting next_dagrun for example_xcom_args_with_operators to None, run_after=None
[2023-11-29T15:07:45.008+0000] {processor.py:179} INFO - Processing /home/airflow/.local/lib/python3.8/site-packages/airflow/example_dags/example_xcomargs.py took 0.058 seconds
[2023-11-29T15:08:15.519+0000] {processor.py:157} INFO - Started process (PID=760) to work on /home/airflow/.local/lib/python3.8/site-packages/airflow/example_dags/example_xcomargs.py
[2023-11-29T15:08:15.520+0000] {processor.py:829} INFO - Processing file /home/airflow/.local/lib/python3.8/site-packages/airflow/example_dags/example_xcomargs.py for tasks to queue
[2023-11-29T15:08:15.522+0000] {logging_mixin.py:151} INFO - [2023-11-29T15:08:15.521+0000] {dagbag.py:539} INFO - Filling up the DagBag from /home/airflow/.local/lib/python3.8/site-packages/airflow/example_dags/example_xcomargs.py
[2023-11-29T15:08:15.527+0000] {processor.py:839} INFO - DAG(s) dict_keys(['example_xcom_args_with_operators', 'example_xcom_args']) retrieved from /home/airflow/.local/lib/python3.8/site-packages/airflow/example_dags/example_xcomargs.py
[2023-11-29T15:08:15.541+0000] {logging_mixin.py:151} INFO - [2023-11-29T15:08:15.541+0000] {dag.py:2915} INFO - Sync 2 DAGs
[2023-11-29T15:08:15.549+0000] {logging_mixin.py:151} INFO - [2023-11-29T15:08:15.549+0000] {dag.py:3696} INFO - Setting next_dagrun for example_xcom_args to None, run_after=None
[2023-11-29T15:08:15.551+0000] {logging_mixin.py:151} INFO - [2023-11-29T15:08:15.551+0000] {dag.py:3696} INFO - Setting next_dagrun for example_xcom_args_with_operators to None, run_after=None
[2023-11-29T15:08:15.559+0000] {processor.py:179} INFO - Processing /home/airflow/.local/lib/python3.8/site-packages/airflow/example_dags/example_xcomargs.py took 0.043 seconds
[2023-11-29T15:08:46.926+0000] {processor.py:157} INFO - Started process (PID=821) to work on /home/airflow/.local/lib/python3.8/site-packages/airflow/example_dags/example_xcomargs.py
[2023-11-29T15:08:46.928+0000] {processor.py:829} INFO - Processing file /home/airflow/.local/lib/python3.8/site-packages/airflow/example_dags/example_xcomargs.py for tasks to queue
[2023-11-29T15:08:46.932+0000] {logging_mixin.py:151} INFO - [2023-11-29T15:08:46.931+0000] {dagbag.py:539} INFO - Filling up the DagBag from /home/airflow/.local/lib/python3.8/site-packages/airflow/example_dags/example_xcomargs.py
[2023-11-29T15:08:46.950+0000] {processor.py:839} INFO - DAG(s) dict_keys(['example_xcom_args', 'example_xcom_args_with_operators']) retrieved from /home/airflow/.local/lib/python3.8/site-packages/airflow/example_dags/example_xcomargs.py
[2023-11-29T15:08:46.981+0000] {logging_mixin.py:151} INFO - [2023-11-29T15:08:46.980+0000] {dag.py:2915} INFO - Sync 2 DAGs
[2023-11-29T15:08:47.008+0000] {logging_mixin.py:151} INFO - [2023-11-29T15:08:47.008+0000] {dag.py:3696} INFO - Setting next_dagrun for example_xcom_args to None, run_after=None
[2023-11-29T15:08:47.011+0000] {logging_mixin.py:151} INFO - [2023-11-29T15:08:47.011+0000] {dag.py:3696} INFO - Setting next_dagrun for example_xcom_args_with_operators to None, run_after=None
[2023-11-29T15:08:47.023+0000] {processor.py:179} INFO - Processing /home/airflow/.local/lib/python3.8/site-packages/airflow/example_dags/example_xcomargs.py took 0.102 seconds
[2023-11-29T15:09:17.868+0000] {processor.py:157} INFO - Started process (PID=875) to work on /home/airflow/.local/lib/python3.8/site-packages/airflow/example_dags/example_xcomargs.py
[2023-11-29T15:09:17.869+0000] {processor.py:829} INFO - Processing file /home/airflow/.local/lib/python3.8/site-packages/airflow/example_dags/example_xcomargs.py for tasks to queue
[2023-11-29T15:09:17.871+0000] {logging_mixin.py:151} INFO - [2023-11-29T15:09:17.870+0000] {dagbag.py:539} INFO - Filling up the DagBag from /home/airflow/.local/lib/python3.8/site-packages/airflow/example_dags/example_xcomargs.py
[2023-11-29T15:09:17.876+0000] {processor.py:839} INFO - DAG(s) dict_keys(['example_xcom_args', 'example_xcom_args_with_operators']) retrieved from /home/airflow/.local/lib/python3.8/site-packages/airflow/example_dags/example_xcomargs.py
[2023-11-29T15:09:17.891+0000] {logging_mixin.py:151} INFO - [2023-11-29T15:09:17.891+0000] {dag.py:2915} INFO - Sync 2 DAGs
[2023-11-29T15:09:17.898+0000] {logging_mixin.py:151} INFO - [2023-11-29T15:09:17.898+0000] {dag.py:3696} INFO - Setting next_dagrun for example_xcom_args to None, run_after=None
[2023-11-29T15:09:17.900+0000] {logging_mixin.py:151} INFO - [2023-11-29T15:09:17.900+0000] {dag.py:3696} INFO - Setting next_dagrun for example_xcom_args_with_operators to None, run_after=None
[2023-11-29T15:09:17.908+0000] {processor.py:179} INFO - Processing /home/airflow/.local/lib/python3.8/site-packages/airflow/example_dags/example_xcomargs.py took 0.043 seconds
[2023-11-29T15:09:48.785+0000] {processor.py:157} INFO - Started process (PID=929) to work on /home/airflow/.local/lib/python3.8/site-packages/airflow/example_dags/example_xcomargs.py
[2023-11-29T15:09:48.785+0000] {processor.py:829} INFO - Processing file /home/airflow/.local/lib/python3.8/site-packages/airflow/example_dags/example_xcomargs.py for tasks to queue
[2023-11-29T15:09:48.788+0000] {logging_mixin.py:151} INFO - [2023-11-29T15:09:48.788+0000] {dagbag.py:539} INFO - Filling up the DagBag from /home/airflow/.local/lib/python3.8/site-packages/airflow/example_dags/example_xcomargs.py
[2023-11-29T15:09:48.796+0000] {processor.py:839} INFO - DAG(s) dict_keys(['example_xcom_args_with_operators', 'example_xcom_args']) retrieved from /home/airflow/.local/lib/python3.8/site-packages/airflow/example_dags/example_xcomargs.py
[2023-11-29T15:09:48.812+0000] {logging_mixin.py:151} INFO - [2023-11-29T15:09:48.812+0000] {dag.py:2915} INFO - Sync 2 DAGs
[2023-11-29T15:09:48.821+0000] {logging_mixin.py:151} INFO - [2023-11-29T15:09:48.821+0000] {dag.py:3696} INFO - Setting next_dagrun for example_xcom_args to None, run_after=None
[2023-11-29T15:09:48.824+0000] {logging_mixin.py:151} INFO - [2023-11-29T15:09:48.824+0000] {dag.py:3696} INFO - Setting next_dagrun for example_xcom_args_with_operators to None, run_after=None
[2023-11-29T15:09:48.833+0000] {processor.py:179} INFO - Processing /home/airflow/.local/lib/python3.8/site-packages/airflow/example_dags/example_xcomargs.py took 0.051 seconds
[2023-11-29T15:10:19.874+0000] {processor.py:157} INFO - Started process (PID=983) to work on /home/airflow/.local/lib/python3.8/site-packages/airflow/example_dags/example_xcomargs.py
[2023-11-29T15:10:19.875+0000] {processor.py:829} INFO - Processing file /home/airflow/.local/lib/python3.8/site-packages/airflow/example_dags/example_xcomargs.py for tasks to queue
[2023-11-29T15:10:19.877+0000] {logging_mixin.py:151} INFO - [2023-11-29T15:10:19.877+0000] {dagbag.py:539} INFO - Filling up the DagBag from /home/airflow/.local/lib/python3.8/site-packages/airflow/example_dags/example_xcomargs.py
[2023-11-29T15:10:19.883+0000] {processor.py:839} INFO - DAG(s) dict_keys(['example_xcom_args', 'example_xcom_args_with_operators']) retrieved from /home/airflow/.local/lib/python3.8/site-packages/airflow/example_dags/example_xcomargs.py
[2023-11-29T15:10:19.899+0000] {logging_mixin.py:151} INFO - [2023-11-29T15:10:19.899+0000] {dag.py:2915} INFO - Sync 2 DAGs
[2023-11-29T15:10:19.907+0000] {logging_mixin.py:151} INFO - [2023-11-29T15:10:19.907+0000] {dag.py:3696} INFO - Setting next_dagrun for example_xcom_args to None, run_after=None
[2023-11-29T15:10:19.910+0000] {logging_mixin.py:151} INFO - [2023-11-29T15:10:19.910+0000] {dag.py:3696} INFO - Setting next_dagrun for example_xcom_args_with_operators to None, run_after=None
[2023-11-29T15:10:19.922+0000] {processor.py:179} INFO - Processing /home/airflow/.local/lib/python3.8/site-packages/airflow/example_dags/example_xcomargs.py took 0.050 seconds
[2023-11-29T15:10:52.109+0000] {processor.py:157} INFO - Started process (PID=1037) to work on /home/airflow/.local/lib/python3.8/site-packages/airflow/example_dags/example_xcomargs.py
[2023-11-29T15:10:52.111+0000] {processor.py:829} INFO - Processing file /home/airflow/.local/lib/python3.8/site-packages/airflow/example_dags/example_xcomargs.py for tasks to queue
[2023-11-29T15:10:52.115+0000] {logging_mixin.py:151} INFO - [2023-11-29T15:10:52.115+0000] {dagbag.py:539} INFO - Filling up the DagBag from /home/airflow/.local/lib/python3.8/site-packages/airflow/example_dags/example_xcomargs.py
[2023-11-29T15:10:52.138+0000] {processor.py:839} INFO - DAG(s) dict_keys(['example_xcom_args', 'example_xcom_args_with_operators']) retrieved from /home/airflow/.local/lib/python3.8/site-packages/airflow/example_dags/example_xcomargs.py
[2023-11-29T15:10:52.171+0000] {logging_mixin.py:151} INFO - [2023-11-29T15:10:52.170+0000] {dag.py:2915} INFO - Sync 2 DAGs
[2023-11-29T15:10:52.178+0000] {logging_mixin.py:151} INFO - [2023-11-29T15:10:52.178+0000] {dag.py:3696} INFO - Setting next_dagrun for example_xcom_args to None, run_after=None
[2023-11-29T15:10:52.181+0000] {logging_mixin.py:151} INFO - [2023-11-29T15:10:52.181+0000] {dag.py:3696} INFO - Setting next_dagrun for example_xcom_args_with_operators to None, run_after=None
[2023-11-29T15:10:52.199+0000] {processor.py:179} INFO - Processing /home/airflow/.local/lib/python3.8/site-packages/airflow/example_dags/example_xcomargs.py took 0.098 seconds
[2023-11-29T15:11:23.022+0000] {processor.py:157} INFO - Started process (PID=1091) to work on /home/airflow/.local/lib/python3.8/site-packages/airflow/example_dags/example_xcomargs.py
[2023-11-29T15:11:23.023+0000] {processor.py:829} INFO - Processing file /home/airflow/.local/lib/python3.8/site-packages/airflow/example_dags/example_xcomargs.py for tasks to queue
[2023-11-29T15:11:23.025+0000] {logging_mixin.py:151} INFO - [2023-11-29T15:11:23.025+0000] {dagbag.py:539} INFO - Filling up the DagBag from /home/airflow/.local/lib/python3.8/site-packages/airflow/example_dags/example_xcomargs.py
[2023-11-29T15:11:23.030+0000] {processor.py:839} INFO - DAG(s) dict_keys(['example_xcom_args', 'example_xcom_args_with_operators']) retrieved from /home/airflow/.local/lib/python3.8/site-packages/airflow/example_dags/example_xcomargs.py
[2023-11-29T15:11:23.045+0000] {logging_mixin.py:151} INFO - [2023-11-29T15:11:23.045+0000] {dag.py:2915} INFO - Sync 2 DAGs
[2023-11-29T15:11:23.052+0000] {logging_mixin.py:151} INFO - [2023-11-29T15:11:23.052+0000] {dag.py:3696} INFO - Setting next_dagrun for example_xcom_args to None, run_after=None
[2023-11-29T15:11:23.054+0000] {logging_mixin.py:151} INFO - [2023-11-29T15:11:23.054+0000] {dag.py:3696} INFO - Setting next_dagrun for example_xcom_args_with_operators to None, run_after=None
[2023-11-29T15:11:23.065+0000] {processor.py:179} INFO - Processing /home/airflow/.local/lib/python3.8/site-packages/airflow/example_dags/example_xcomargs.py took 0.045 seconds
[2023-11-29T15:11:53.816+0000] {processor.py:157} INFO - Started process (PID=1145) to work on /home/airflow/.local/lib/python3.8/site-packages/airflow/example_dags/example_xcomargs.py
[2023-11-29T15:11:53.817+0000] {processor.py:829} INFO - Processing file /home/airflow/.local/lib/python3.8/site-packages/airflow/example_dags/example_xcomargs.py for tasks to queue
[2023-11-29T15:11:53.819+0000] {logging_mixin.py:151} INFO - [2023-11-29T15:11:53.819+0000] {dagbag.py:539} INFO - Filling up the DagBag from /home/airflow/.local/lib/python3.8/site-packages/airflow/example_dags/example_xcomargs.py
[2023-11-29T15:11:53.824+0000] {processor.py:839} INFO - DAG(s) dict_keys(['example_xcom_args_with_operators', 'example_xcom_args']) retrieved from /home/airflow/.local/lib/python3.8/site-packages/airflow/example_dags/example_xcomargs.py
[2023-11-29T15:11:53.839+0000] {logging_mixin.py:151} INFO - [2023-11-29T15:11:53.839+0000] {dag.py:2915} INFO - Sync 2 DAGs
[2023-11-29T15:11:53.846+0000] {logging_mixin.py:151} INFO - [2023-11-29T15:11:53.846+0000] {dag.py:3696} INFO - Setting next_dagrun for example_xcom_args to None, run_after=None
[2023-11-29T15:11:53.848+0000] {logging_mixin.py:151} INFO - [2023-11-29T15:11:53.848+0000] {dag.py:3696} INFO - Setting next_dagrun for example_xcom_args_with_operators to None, run_after=None
[2023-11-29T15:11:53.856+0000] {processor.py:179} INFO - Processing /home/airflow/.local/lib/python3.8/site-packages/airflow/example_dags/example_xcomargs.py took 0.043 seconds
[2023-11-29T15:12:24.503+0000] {processor.py:157} INFO - Started process (PID=1199) to work on /home/airflow/.local/lib/python3.8/site-packages/airflow/example_dags/example_xcomargs.py
[2023-11-29T15:12:24.508+0000] {processor.py:829} INFO - Processing file /home/airflow/.local/lib/python3.8/site-packages/airflow/example_dags/example_xcomargs.py for tasks to queue
[2023-11-29T15:12:24.545+0000] {logging_mixin.py:151} INFO - [2023-11-29T15:12:24.541+0000] {dagbag.py:539} INFO - Filling up the DagBag from /home/airflow/.local/lib/python3.8/site-packages/airflow/example_dags/example_xcomargs.py
[2023-11-29T15:12:24.605+0000] {processor.py:839} INFO - DAG(s) dict_keys(['example_xcom_args', 'example_xcom_args_with_operators']) retrieved from /home/airflow/.local/lib/python3.8/site-packages/airflow/example_dags/example_xcomargs.py
[2023-11-29T15:12:24.707+0000] {logging_mixin.py:151} INFO - [2023-11-29T15:12:24.707+0000] {dag.py:2915} INFO - Sync 2 DAGs
[2023-11-29T15:12:24.723+0000] {logging_mixin.py:151} INFO - [2023-11-29T15:12:24.723+0000] {dag.py:3696} INFO - Setting next_dagrun for example_xcom_args to None, run_after=None
[2023-11-29T15:12:24.727+0000] {logging_mixin.py:151} INFO - [2023-11-29T15:12:24.727+0000] {dag.py:3696} INFO - Setting next_dagrun for example_xcom_args_with_operators to None, run_after=None
[2023-11-29T15:12:24.760+0000] {processor.py:179} INFO - Processing /home/airflow/.local/lib/python3.8/site-packages/airflow/example_dags/example_xcomargs.py took 0.267 seconds
[2023-11-29T15:12:55.788+0000] {processor.py:157} INFO - Started process (PID=1253) to work on /home/airflow/.local/lib/python3.8/site-packages/airflow/example_dags/example_xcomargs.py
[2023-11-29T15:12:55.791+0000] {processor.py:829} INFO - Processing file /home/airflow/.local/lib/python3.8/site-packages/airflow/example_dags/example_xcomargs.py for tasks to queue
[2023-11-29T15:12:55.796+0000] {logging_mixin.py:151} INFO - [2023-11-29T15:12:55.796+0000] {dagbag.py:539} INFO - Filling up the DagBag from /home/airflow/.local/lib/python3.8/site-packages/airflow/example_dags/example_xcomargs.py
[2023-11-29T15:12:55.809+0000] {processor.py:839} INFO - DAG(s) dict_keys(['example_xcom_args', 'example_xcom_args_with_operators']) retrieved from /home/airflow/.local/lib/python3.8/site-packages/airflow/example_dags/example_xcomargs.py
[2023-11-29T15:12:55.833+0000] {logging_mixin.py:151} INFO - [2023-11-29T15:12:55.832+0000] {dag.py:2915} INFO - Sync 2 DAGs
[2023-11-29T15:12:55.841+0000] {logging_mixin.py:151} INFO - [2023-11-29T15:12:55.841+0000] {dag.py:3696} INFO - Setting next_dagrun for example_xcom_args to None, run_after=None
[2023-11-29T15:12:55.843+0000] {logging_mixin.py:151} INFO - [2023-11-29T15:12:55.843+0000] {dag.py:3696} INFO - Setting next_dagrun for example_xcom_args_with_operators to None, run_after=None
[2023-11-29T15:12:55.852+0000] {processor.py:179} INFO - Processing /home/airflow/.local/lib/python3.8/site-packages/airflow/example_dags/example_xcomargs.py took 0.073 seconds
[2023-11-29T15:13:26.501+0000] {processor.py:157} INFO - Started process (PID=1307) to work on /home/airflow/.local/lib/python3.8/site-packages/airflow/example_dags/example_xcomargs.py
[2023-11-29T15:13:26.502+0000] {processor.py:829} INFO - Processing file /home/airflow/.local/lib/python3.8/site-packages/airflow/example_dags/example_xcomargs.py for tasks to queue
[2023-11-29T15:13:26.503+0000] {logging_mixin.py:151} INFO - [2023-11-29T15:13:26.503+0000] {dagbag.py:539} INFO - Filling up the DagBag from /home/airflow/.local/lib/python3.8/site-packages/airflow/example_dags/example_xcomargs.py
[2023-11-29T15:13:26.509+0000] {processor.py:839} INFO - DAG(s) dict_keys(['example_xcom_args_with_operators', 'example_xcom_args']) retrieved from /home/airflow/.local/lib/python3.8/site-packages/airflow/example_dags/example_xcomargs.py
[2023-11-29T15:13:26.527+0000] {logging_mixin.py:151} INFO - [2023-11-29T15:13:26.527+0000] {dag.py:2915} INFO - Sync 2 DAGs
[2023-11-29T15:13:26.534+0000] {logging_mixin.py:151} INFO - [2023-11-29T15:13:26.534+0000] {dag.py:3696} INFO - Setting next_dagrun for example_xcom_args to None, run_after=None
[2023-11-29T15:13:26.536+0000] {logging_mixin.py:151} INFO - [2023-11-29T15:13:26.536+0000] {dag.py:3696} INFO - Setting next_dagrun for example_xcom_args_with_operators to None, run_after=None
[2023-11-29T15:13:26.544+0000] {processor.py:179} INFO - Processing /home/airflow/.local/lib/python3.8/site-packages/airflow/example_dags/example_xcomargs.py took 0.047 seconds
[2023-11-29T15:13:56.757+0000] {processor.py:157} INFO - Started process (PID=1361) to work on /home/airflow/.local/lib/python3.8/site-packages/airflow/example_dags/example_xcomargs.py
[2023-11-29T15:13:56.760+0000] {processor.py:829} INFO - Processing file /home/airflow/.local/lib/python3.8/site-packages/airflow/example_dags/example_xcomargs.py for tasks to queue
[2023-11-29T15:13:56.765+0000] {logging_mixin.py:151} INFO - [2023-11-29T15:13:56.764+0000] {dagbag.py:539} INFO - Filling up the DagBag from /home/airflow/.local/lib/python3.8/site-packages/airflow/example_dags/example_xcomargs.py
[2023-11-29T15:13:56.776+0000] {processor.py:839} INFO - DAG(s) dict_keys(['example_xcom_args_with_operators', 'example_xcom_args']) retrieved from /home/airflow/.local/lib/python3.8/site-packages/airflow/example_dags/example_xcomargs.py
[2023-11-29T15:13:56.795+0000] {logging_mixin.py:151} INFO - [2023-11-29T15:13:56.795+0000] {dag.py:2915} INFO - Sync 2 DAGs
[2023-11-29T15:13:56.804+0000] {logging_mixin.py:151} INFO - [2023-11-29T15:13:56.804+0000] {dag.py:3696} INFO - Setting next_dagrun for example_xcom_args to None, run_after=None
[2023-11-29T15:13:56.806+0000] {logging_mixin.py:151} INFO - [2023-11-29T15:13:56.806+0000] {dag.py:3696} INFO - Setting next_dagrun for example_xcom_args_with_operators to None, run_after=None
[2023-11-29T15:13:56.815+0000] {processor.py:179} INFO - Processing /home/airflow/.local/lib/python3.8/site-packages/airflow/example_dags/example_xcomargs.py took 0.067 seconds
[2023-11-29T15:14:27.341+0000] {processor.py:157} INFO - Started process (PID=1415) to work on /home/airflow/.local/lib/python3.8/site-packages/airflow/example_dags/example_xcomargs.py
[2023-11-29T15:14:27.343+0000] {processor.py:829} INFO - Processing file /home/airflow/.local/lib/python3.8/site-packages/airflow/example_dags/example_xcomargs.py for tasks to queue
[2023-11-29T15:14:27.348+0000] {logging_mixin.py:151} INFO - [2023-11-29T15:14:27.347+0000] {dagbag.py:539} INFO - Filling up the DagBag from /home/airflow/.local/lib/python3.8/site-packages/airflow/example_dags/example_xcomargs.py
[2023-11-29T15:14:27.358+0000] {processor.py:839} INFO - DAG(s) dict_keys(['example_xcom_args_with_operators', 'example_xcom_args']) retrieved from /home/airflow/.local/lib/python3.8/site-packages/airflow/example_dags/example_xcomargs.py
[2023-11-29T15:14:27.377+0000] {logging_mixin.py:151} INFO - [2023-11-29T15:14:27.376+0000] {dag.py:2915} INFO - Sync 2 DAGs
[2023-11-29T15:14:27.384+0000] {logging_mixin.py:151} INFO - [2023-11-29T15:14:27.384+0000] {dag.py:3696} INFO - Setting next_dagrun for example_xcom_args to None, run_after=None
[2023-11-29T15:14:27.386+0000] {logging_mixin.py:151} INFO - [2023-11-29T15:14:27.386+0000] {dag.py:3696} INFO - Setting next_dagrun for example_xcom_args_with_operators to None, run_after=None
[2023-11-29T15:14:27.394+0000] {processor.py:179} INFO - Processing /home/airflow/.local/lib/python3.8/site-packages/airflow/example_dags/example_xcomargs.py took 0.060 seconds
[2023-11-29T15:14:58.326+0000] {processor.py:157} INFO - Started process (PID=1469) to work on /home/airflow/.local/lib/python3.8/site-packages/airflow/example_dags/example_xcomargs.py
[2023-11-29T15:14:58.328+0000] {processor.py:829} INFO - Processing file /home/airflow/.local/lib/python3.8/site-packages/airflow/example_dags/example_xcomargs.py for tasks to queue
[2023-11-29T15:14:58.332+0000] {logging_mixin.py:151} INFO - [2023-11-29T15:14:58.332+0000] {dagbag.py:539} INFO - Filling up the DagBag from /home/airflow/.local/lib/python3.8/site-packages/airflow/example_dags/example_xcomargs.py
[2023-11-29T15:14:58.342+0000] {processor.py:839} INFO - DAG(s) dict_keys(['example_xcom_args_with_operators', 'example_xcom_args']) retrieved from /home/airflow/.local/lib/python3.8/site-packages/airflow/example_dags/example_xcomargs.py
[2023-11-29T15:14:58.365+0000] {logging_mixin.py:151} INFO - [2023-11-29T15:14:58.365+0000] {dag.py:2915} INFO - Sync 2 DAGs
[2023-11-29T15:14:58.375+0000] {logging_mixin.py:151} INFO - [2023-11-29T15:14:58.375+0000] {dag.py:3696} INFO - Setting next_dagrun for example_xcom_args to None, run_after=None
[2023-11-29T15:14:58.377+0000] {logging_mixin.py:151} INFO - [2023-11-29T15:14:58.377+0000] {dag.py:3696} INFO - Setting next_dagrun for example_xcom_args_with_operators to None, run_after=None
[2023-11-29T15:14:58.386+0000] {processor.py:179} INFO - Processing /home/airflow/.local/lib/python3.8/site-packages/airflow/example_dags/example_xcomargs.py took 0.068 seconds
[2023-11-29T15:15:28.441+0000] {processor.py:157} INFO - Started process (PID=1523) to work on /home/airflow/.local/lib/python3.8/site-packages/airflow/example_dags/example_xcomargs.py
[2023-11-29T15:15:28.442+0000] {processor.py:829} INFO - Processing file /home/airflow/.local/lib/python3.8/site-packages/airflow/example_dags/example_xcomargs.py for tasks to queue
[2023-11-29T15:15:28.444+0000] {logging_mixin.py:151} INFO - [2023-11-29T15:15:28.444+0000] {dagbag.py:539} INFO - Filling up the DagBag from /home/airflow/.local/lib/python3.8/site-packages/airflow/example_dags/example_xcomargs.py
[2023-11-29T15:15:28.449+0000] {processor.py:839} INFO - DAG(s) dict_keys(['example_xcom_args', 'example_xcom_args_with_operators']) retrieved from /home/airflow/.local/lib/python3.8/site-packages/airflow/example_dags/example_xcomargs.py
[2023-11-29T15:15:28.466+0000] {logging_mixin.py:151} INFO - [2023-11-29T15:15:28.465+0000] {dag.py:2915} INFO - Sync 2 DAGs
[2023-11-29T15:15:28.473+0000] {logging_mixin.py:151} INFO - [2023-11-29T15:15:28.473+0000] {dag.py:3696} INFO - Setting next_dagrun for example_xcom_args to None, run_after=None
[2023-11-29T15:15:28.476+0000] {logging_mixin.py:151} INFO - [2023-11-29T15:15:28.476+0000] {dag.py:3696} INFO - Setting next_dagrun for example_xcom_args_with_operators to None, run_after=None
[2023-11-29T15:15:28.487+0000] {processor.py:179} INFO - Processing /home/airflow/.local/lib/python3.8/site-packages/airflow/example_dags/example_xcomargs.py took 0.048 seconds
[2023-11-29T15:15:59.176+0000] {processor.py:157} INFO - Started process (PID=1577) to work on /home/airflow/.local/lib/python3.8/site-packages/airflow/example_dags/example_xcomargs.py
[2023-11-29T15:15:59.176+0000] {processor.py:829} INFO - Processing file /home/airflow/.local/lib/python3.8/site-packages/airflow/example_dags/example_xcomargs.py for tasks to queue
[2023-11-29T15:15:59.178+0000] {logging_mixin.py:151} INFO - [2023-11-29T15:15:59.178+0000] {dagbag.py:539} INFO - Filling up the DagBag from /home/airflow/.local/lib/python3.8/site-packages/airflow/example_dags/example_xcomargs.py
[2023-11-29T15:15:59.183+0000] {processor.py:839} INFO - DAG(s) dict_keys(['example_xcom_args', 'example_xcom_args_with_operators']) retrieved from /home/airflow/.local/lib/python3.8/site-packages/airflow/example_dags/example_xcomargs.py
[2023-11-29T15:15:59.198+0000] {logging_mixin.py:151} INFO - [2023-11-29T15:15:59.197+0000] {dag.py:2915} INFO - Sync 2 DAGs
[2023-11-29T15:15:59.205+0000] {logging_mixin.py:151} INFO - [2023-11-29T15:15:59.205+0000] {dag.py:3696} INFO - Setting next_dagrun for example_xcom_args to None, run_after=None
[2023-11-29T15:15:59.207+0000] {logging_mixin.py:151} INFO - [2023-11-29T15:15:59.207+0000] {dag.py:3696} INFO - Setting next_dagrun for example_xcom_args_with_operators to None, run_after=None
[2023-11-29T15:15:59.215+0000] {processor.py:179} INFO - Processing /home/airflow/.local/lib/python3.8/site-packages/airflow/example_dags/example_xcomargs.py took 0.042 seconds
[2023-11-29T15:16:29.574+0000] {processor.py:157} INFO - Started process (PID=1631) to work on /home/airflow/.local/lib/python3.8/site-packages/airflow/example_dags/example_xcomargs.py
[2023-11-29T15:16:29.575+0000] {processor.py:829} INFO - Processing file /home/airflow/.local/lib/python3.8/site-packages/airflow/example_dags/example_xcomargs.py for tasks to queue
[2023-11-29T15:16:29.577+0000] {logging_mixin.py:151} INFO - [2023-11-29T15:16:29.577+0000] {dagbag.py:539} INFO - Filling up the DagBag from /home/airflow/.local/lib/python3.8/site-packages/airflow/example_dags/example_xcomargs.py
[2023-11-29T15:16:29.584+0000] {processor.py:839} INFO - DAG(s) dict_keys(['example_xcom_args', 'example_xcom_args_with_operators']) retrieved from /home/airflow/.local/lib/python3.8/site-packages/airflow/example_dags/example_xcomargs.py
[2023-11-29T15:16:29.604+0000] {logging_mixin.py:151} INFO - [2023-11-29T15:16:29.604+0000] {dag.py:2915} INFO - Sync 2 DAGs
[2023-11-29T15:16:29.622+0000] {logging_mixin.py:151} INFO - [2023-11-29T15:16:29.621+0000] {dag.py:3696} INFO - Setting next_dagrun for example_xcom_args to None, run_after=None
[2023-11-29T15:16:29.636+0000] {logging_mixin.py:151} INFO - [2023-11-29T15:16:29.635+0000] {dag.py:3696} INFO - Setting next_dagrun for example_xcom_args_with_operators to None, run_after=None
[2023-11-29T15:16:29.696+0000] {processor.py:179} INFO - Processing /home/airflow/.local/lib/python3.8/site-packages/airflow/example_dags/example_xcomargs.py took 0.126 seconds
[2023-11-29T15:17:00.475+0000] {processor.py:157} INFO - Started process (PID=1685) to work on /home/airflow/.local/lib/python3.8/site-packages/airflow/example_dags/example_xcomargs.py
[2023-11-29T15:17:00.477+0000] {processor.py:829} INFO - Processing file /home/airflow/.local/lib/python3.8/site-packages/airflow/example_dags/example_xcomargs.py for tasks to queue
[2023-11-29T15:17:00.479+0000] {logging_mixin.py:151} INFO - [2023-11-29T15:17:00.479+0000] {dagbag.py:539} INFO - Filling up the DagBag from /home/airflow/.local/lib/python3.8/site-packages/airflow/example_dags/example_xcomargs.py
[2023-11-29T15:17:00.485+0000] {processor.py:839} INFO - DAG(s) dict_keys(['example_xcom_args_with_operators', 'example_xcom_args']) retrieved from /home/airflow/.local/lib/python3.8/site-packages/airflow/example_dags/example_xcomargs.py
[2023-11-29T15:17:00.501+0000] {logging_mixin.py:151} INFO - [2023-11-29T15:17:00.501+0000] {dag.py:2915} INFO - Sync 2 DAGs
[2023-11-29T15:17:00.509+0000] {logging_mixin.py:151} INFO - [2023-11-29T15:17:00.509+0000] {dag.py:3696} INFO - Setting next_dagrun for example_xcom_args to None, run_after=None
[2023-11-29T15:17:00.511+0000] {logging_mixin.py:151} INFO - [2023-11-29T15:17:00.511+0000] {dag.py:3696} INFO - Setting next_dagrun for example_xcom_args_with_operators to None, run_after=None
[2023-11-29T15:17:00.519+0000] {processor.py:179} INFO - Processing /home/airflow/.local/lib/python3.8/site-packages/airflow/example_dags/example_xcomargs.py took 0.047 seconds
[2023-11-29T15:17:31.209+0000] {processor.py:157} INFO - Started process (PID=1739) to work on /home/airflow/.local/lib/python3.8/site-packages/airflow/example_dags/example_xcomargs.py
[2023-11-29T15:17:31.210+0000] {processor.py:829} INFO - Processing file /home/airflow/.local/lib/python3.8/site-packages/airflow/example_dags/example_xcomargs.py for tasks to queue
[2023-11-29T15:17:31.212+0000] {logging_mixin.py:151} INFO - [2023-11-29T15:17:31.211+0000] {dagbag.py:539} INFO - Filling up the DagBag from /home/airflow/.local/lib/python3.8/site-packages/airflow/example_dags/example_xcomargs.py
[2023-11-29T15:17:31.217+0000] {processor.py:839} INFO - DAG(s) dict_keys(['example_xcom_args', 'example_xcom_args_with_operators']) retrieved from /home/airflow/.local/lib/python3.8/site-packages/airflow/example_dags/example_xcomargs.py
[2023-11-29T15:17:31.232+0000] {logging_mixin.py:151} INFO - [2023-11-29T15:17:31.231+0000] {dag.py:2915} INFO - Sync 2 DAGs
[2023-11-29T15:17:31.239+0000] {logging_mixin.py:151} INFO - [2023-11-29T15:17:31.238+0000] {dag.py:3696} INFO - Setting next_dagrun for example_xcom_args to None, run_after=None
[2023-11-29T15:17:31.241+0000] {logging_mixin.py:151} INFO - [2023-11-29T15:17:31.241+0000] {dag.py:3696} INFO - Setting next_dagrun for example_xcom_args_with_operators to None, run_after=None
[2023-11-29T15:17:31.249+0000] {processor.py:179} INFO - Processing /home/airflow/.local/lib/python3.8/site-packages/airflow/example_dags/example_xcomargs.py took 0.042 seconds
[2023-11-29T15:18:01.748+0000] {processor.py:157} INFO - Started process (PID=1792) to work on /home/airflow/.local/lib/python3.8/site-packages/airflow/example_dags/example_xcomargs.py
[2023-11-29T15:18:01.749+0000] {processor.py:829} INFO - Processing file /home/airflow/.local/lib/python3.8/site-packages/airflow/example_dags/example_xcomargs.py for tasks to queue
[2023-11-29T15:18:01.751+0000] {logging_mixin.py:151} INFO - [2023-11-29T15:18:01.751+0000] {dagbag.py:539} INFO - Filling up the DagBag from /home/airflow/.local/lib/python3.8/site-packages/airflow/example_dags/example_xcomargs.py
[2023-11-29T15:18:01.756+0000] {processor.py:839} INFO - DAG(s) dict_keys(['example_xcom_args', 'example_xcom_args_with_operators']) retrieved from /home/airflow/.local/lib/python3.8/site-packages/airflow/example_dags/example_xcomargs.py
[2023-11-29T15:18:01.770+0000] {logging_mixin.py:151} INFO - [2023-11-29T15:18:01.770+0000] {dag.py:2915} INFO - Sync 2 DAGs
[2023-11-29T15:18:01.778+0000] {logging_mixin.py:151} INFO - [2023-11-29T15:18:01.778+0000] {dag.py:3696} INFO - Setting next_dagrun for example_xcom_args to None, run_after=None
[2023-11-29T15:18:01.780+0000] {logging_mixin.py:151} INFO - [2023-11-29T15:18:01.780+0000] {dag.py:3696} INFO - Setting next_dagrun for example_xcom_args_with_operators to None, run_after=None
[2023-11-29T15:18:01.790+0000] {processor.py:179} INFO - Processing /home/airflow/.local/lib/python3.8/site-packages/airflow/example_dags/example_xcomargs.py took 0.045 seconds
[2023-11-29T15:18:32.405+0000] {processor.py:157} INFO - Started process (PID=1846) to work on /home/airflow/.local/lib/python3.8/site-packages/airflow/example_dags/example_xcomargs.py
[2023-11-29T15:18:32.405+0000] {processor.py:829} INFO - Processing file /home/airflow/.local/lib/python3.8/site-packages/airflow/example_dags/example_xcomargs.py for tasks to queue
[2023-11-29T15:18:32.407+0000] {logging_mixin.py:151} INFO - [2023-11-29T15:18:32.407+0000] {dagbag.py:539} INFO - Filling up the DagBag from /home/airflow/.local/lib/python3.8/site-packages/airflow/example_dags/example_xcomargs.py
[2023-11-29T15:18:32.412+0000] {processor.py:839} INFO - DAG(s) dict_keys(['example_xcom_args', 'example_xcom_args_with_operators']) retrieved from /home/airflow/.local/lib/python3.8/site-packages/airflow/example_dags/example_xcomargs.py
[2023-11-29T15:18:32.427+0000] {logging_mixin.py:151} INFO - [2023-11-29T15:18:32.427+0000] {dag.py:2915} INFO - Sync 2 DAGs
[2023-11-29T15:18:32.433+0000] {logging_mixin.py:151} INFO - [2023-11-29T15:18:32.433+0000] {dag.py:3696} INFO - Setting next_dagrun for example_xcom_args to None, run_after=None
[2023-11-29T15:18:32.435+0000] {logging_mixin.py:151} INFO - [2023-11-29T15:18:32.435+0000] {dag.py:3696} INFO - Setting next_dagrun for example_xcom_args_with_operators to None, run_after=None
[2023-11-29T15:18:32.443+0000] {processor.py:179} INFO - Processing /home/airflow/.local/lib/python3.8/site-packages/airflow/example_dags/example_xcomargs.py took 0.041 seconds
[2023-11-29T15:19:02.844+0000] {processor.py:157} INFO - Started process (PID=1900) to work on /home/airflow/.local/lib/python3.8/site-packages/airflow/example_dags/example_xcomargs.py
[2023-11-29T15:19:02.846+0000] {processor.py:829} INFO - Processing file /home/airflow/.local/lib/python3.8/site-packages/airflow/example_dags/example_xcomargs.py for tasks to queue
[2023-11-29T15:19:02.847+0000] {logging_mixin.py:151} INFO - [2023-11-29T15:19:02.847+0000] {dagbag.py:539} INFO - Filling up the DagBag from /home/airflow/.local/lib/python3.8/site-packages/airflow/example_dags/example_xcomargs.py
[2023-11-29T15:19:02.852+0000] {processor.py:839} INFO - DAG(s) dict_keys(['example_xcom_args', 'example_xcom_args_with_operators']) retrieved from /home/airflow/.local/lib/python3.8/site-packages/airflow/example_dags/example_xcomargs.py
[2023-11-29T15:19:02.867+0000] {logging_mixin.py:151} INFO - [2023-11-29T15:19:02.866+0000] {dag.py:2915} INFO - Sync 2 DAGs
[2023-11-29T15:19:02.874+0000] {logging_mixin.py:151} INFO - [2023-11-29T15:19:02.874+0000] {dag.py:3696} INFO - Setting next_dagrun for example_xcom_args to None, run_after=None
[2023-11-29T15:19:02.876+0000] {logging_mixin.py:151} INFO - [2023-11-29T15:19:02.876+0000] {dag.py:3696} INFO - Setting next_dagrun for example_xcom_args_with_operators to None, run_after=None
[2023-11-29T15:19:02.884+0000] {processor.py:179} INFO - Processing /home/airflow/.local/lib/python3.8/site-packages/airflow/example_dags/example_xcomargs.py took 0.042 seconds
[2023-11-29T15:19:33.633+0000] {processor.py:157} INFO - Started process (PID=1954) to work on /home/airflow/.local/lib/python3.8/site-packages/airflow/example_dags/example_xcomargs.py
[2023-11-29T15:19:33.634+0000] {processor.py:829} INFO - Processing file /home/airflow/.local/lib/python3.8/site-packages/airflow/example_dags/example_xcomargs.py for tasks to queue
[2023-11-29T15:19:33.636+0000] {logging_mixin.py:151} INFO - [2023-11-29T15:19:33.636+0000] {dagbag.py:539} INFO - Filling up the DagBag from /home/airflow/.local/lib/python3.8/site-packages/airflow/example_dags/example_xcomargs.py
[2023-11-29T15:19:33.641+0000] {processor.py:839} INFO - DAG(s) dict_keys(['example_xcom_args', 'example_xcom_args_with_operators']) retrieved from /home/airflow/.local/lib/python3.8/site-packages/airflow/example_dags/example_xcomargs.py
[2023-11-29T15:19:33.656+0000] {logging_mixin.py:151} INFO - [2023-11-29T15:19:33.656+0000] {dag.py:2915} INFO - Sync 2 DAGs
[2023-11-29T15:19:33.663+0000] {logging_mixin.py:151} INFO - [2023-11-29T15:19:33.663+0000] {dag.py:3696} INFO - Setting next_dagrun for example_xcom_args to None, run_after=None
[2023-11-29T15:19:33.665+0000] {logging_mixin.py:151} INFO - [2023-11-29T15:19:33.665+0000] {dag.py:3696} INFO - Setting next_dagrun for example_xcom_args_with_operators to None, run_after=None
[2023-11-29T15:19:33.674+0000] {processor.py:179} INFO - Processing /home/airflow/.local/lib/python3.8/site-packages/airflow/example_dags/example_xcomargs.py took 0.043 seconds
[2023-11-29T15:23:05.848+0000] {processor.py:157} INFO - Started process (PID=68) to work on /home/airflow/.local/lib/python3.8/site-packages/airflow/example_dags/example_xcomargs.py
[2023-11-29T15:23:05.851+0000] {processor.py:829} INFO - Processing file /home/airflow/.local/lib/python3.8/site-packages/airflow/example_dags/example_xcomargs.py for tasks to queue
[2023-11-29T15:23:05.856+0000] {logging_mixin.py:151} INFO - [2023-11-29T15:23:05.856+0000] {dagbag.py:539} INFO - Filling up the DagBag from /home/airflow/.local/lib/python3.8/site-packages/airflow/example_dags/example_xcomargs.py
[2023-11-29T15:23:05.895+0000] {processor.py:839} INFO - DAG(s) dict_keys(['example_xcom_args', 'example_xcom_args_with_operators']) retrieved from /home/airflow/.local/lib/python3.8/site-packages/airflow/example_dags/example_xcomargs.py
[2023-11-29T15:23:05.955+0000] {logging_mixin.py:151} INFO - [2023-11-29T15:23:05.954+0000] {dag.py:2915} INFO - Sync 2 DAGs
[2023-11-29T15:23:06.014+0000] {logging_mixin.py:151} INFO - [2023-11-29T15:23:06.013+0000] {dag.py:3696} INFO - Setting next_dagrun for example_xcom_args to None, run_after=None
[2023-11-29T15:23:06.034+0000] {logging_mixin.py:151} INFO - [2023-11-29T15:23:06.032+0000] {dag.py:3696} INFO - Setting next_dagrun for example_xcom_args_with_operators to None, run_after=None
[2023-11-29T15:23:06.139+0000] {processor.py:179} INFO - Processing /home/airflow/.local/lib/python3.8/site-packages/airflow/example_dags/example_xcomargs.py took 0.304 seconds
[2023-11-29T15:23:36.625+0000] {processor.py:157} INFO - Started process (PID=122) to work on /home/airflow/.local/lib/python3.8/site-packages/airflow/example_dags/example_xcomargs.py
[2023-11-29T15:23:36.626+0000] {processor.py:829} INFO - Processing file /home/airflow/.local/lib/python3.8/site-packages/airflow/example_dags/example_xcomargs.py for tasks to queue
[2023-11-29T15:23:36.629+0000] {logging_mixin.py:151} INFO - [2023-11-29T15:23:36.629+0000] {dagbag.py:539} INFO - Filling up the DagBag from /home/airflow/.local/lib/python3.8/site-packages/airflow/example_dags/example_xcomargs.py
[2023-11-29T15:23:36.637+0000] {processor.py:839} INFO - DAG(s) dict_keys(['example_xcom_args_with_operators', 'example_xcom_args']) retrieved from /home/airflow/.local/lib/python3.8/site-packages/airflow/example_dags/example_xcomargs.py
[2023-11-29T15:23:36.656+0000] {logging_mixin.py:151} INFO - [2023-11-29T15:23:36.656+0000] {dag.py:2915} INFO - Sync 2 DAGs
[2023-11-29T15:23:36.665+0000] {logging_mixin.py:151} INFO - [2023-11-29T15:23:36.664+0000] {dag.py:3696} INFO - Setting next_dagrun for example_xcom_args to None, run_after=None
[2023-11-29T15:23:36.667+0000] {logging_mixin.py:151} INFO - [2023-11-29T15:23:36.667+0000] {dag.py:3696} INFO - Setting next_dagrun for example_xcom_args_with_operators to None, run_after=None
[2023-11-29T15:23:36.677+0000] {processor.py:179} INFO - Processing /home/airflow/.local/lib/python3.8/site-packages/airflow/example_dags/example_xcomargs.py took 0.056 seconds
[2023-11-29T15:24:07.436+0000] {processor.py:157} INFO - Started process (PID=176) to work on /home/airflow/.local/lib/python3.8/site-packages/airflow/example_dags/example_xcomargs.py
[2023-11-29T15:24:07.437+0000] {processor.py:829} INFO - Processing file /home/airflow/.local/lib/python3.8/site-packages/airflow/example_dags/example_xcomargs.py for tasks to queue
[2023-11-29T15:24:07.438+0000] {logging_mixin.py:151} INFO - [2023-11-29T15:24:07.438+0000] {dagbag.py:539} INFO - Filling up the DagBag from /home/airflow/.local/lib/python3.8/site-packages/airflow/example_dags/example_xcomargs.py
[2023-11-29T15:24:07.443+0000] {processor.py:839} INFO - DAG(s) dict_keys(['example_xcom_args', 'example_xcom_args_with_operators']) retrieved from /home/airflow/.local/lib/python3.8/site-packages/airflow/example_dags/example_xcomargs.py
[2023-11-29T15:24:07.459+0000] {logging_mixin.py:151} INFO - [2023-11-29T15:24:07.459+0000] {dag.py:2915} INFO - Sync 2 DAGs
[2023-11-29T15:24:07.467+0000] {logging_mixin.py:151} INFO - [2023-11-29T15:24:07.467+0000] {dag.py:3696} INFO - Setting next_dagrun for example_xcom_args to None, run_after=None
[2023-11-29T15:24:07.469+0000] {logging_mixin.py:151} INFO - [2023-11-29T15:24:07.469+0000] {dag.py:3696} INFO - Setting next_dagrun for example_xcom_args_with_operators to None, run_after=None
[2023-11-29T15:24:07.478+0000] {processor.py:179} INFO - Processing /home/airflow/.local/lib/python3.8/site-packages/airflow/example_dags/example_xcomargs.py took 0.044 seconds
[2023-11-29T15:24:38.196+0000] {processor.py:157} INFO - Started process (PID=230) to work on /home/airflow/.local/lib/python3.8/site-packages/airflow/example_dags/example_xcomargs.py
[2023-11-29T15:24:38.197+0000] {processor.py:829} INFO - Processing file /home/airflow/.local/lib/python3.8/site-packages/airflow/example_dags/example_xcomargs.py for tasks to queue
[2023-11-29T15:24:38.199+0000] {logging_mixin.py:151} INFO - [2023-11-29T15:24:38.198+0000] {dagbag.py:539} INFO - Filling up the DagBag from /home/airflow/.local/lib/python3.8/site-packages/airflow/example_dags/example_xcomargs.py
[2023-11-29T15:24:38.204+0000] {processor.py:839} INFO - DAG(s) dict_keys(['example_xcom_args', 'example_xcom_args_with_operators']) retrieved from /home/airflow/.local/lib/python3.8/site-packages/airflow/example_dags/example_xcomargs.py
[2023-11-29T15:24:38.219+0000] {logging_mixin.py:151} INFO - [2023-11-29T15:24:38.219+0000] {dag.py:2915} INFO - Sync 2 DAGs
[2023-11-29T15:24:38.227+0000] {logging_mixin.py:151} INFO - [2023-11-29T15:24:38.227+0000] {dag.py:3696} INFO - Setting next_dagrun for example_xcom_args to None, run_after=None
[2023-11-29T15:24:38.229+0000] {logging_mixin.py:151} INFO - [2023-11-29T15:24:38.229+0000] {dag.py:3696} INFO - Setting next_dagrun for example_xcom_args_with_operators to None, run_after=None
[2023-11-29T15:24:38.239+0000] {processor.py:179} INFO - Processing /home/airflow/.local/lib/python3.8/site-packages/airflow/example_dags/example_xcomargs.py took 0.046 seconds
[2023-11-29T15:25:08.643+0000] {processor.py:157} INFO - Started process (PID=284) to work on /home/airflow/.local/lib/python3.8/site-packages/airflow/example_dags/example_xcomargs.py
[2023-11-29T15:25:08.644+0000] {processor.py:829} INFO - Processing file /home/airflow/.local/lib/python3.8/site-packages/airflow/example_dags/example_xcomargs.py for tasks to queue
[2023-11-29T15:25:08.646+0000] {logging_mixin.py:151} INFO - [2023-11-29T15:25:08.645+0000] {dagbag.py:539} INFO - Filling up the DagBag from /home/airflow/.local/lib/python3.8/site-packages/airflow/example_dags/example_xcomargs.py
[2023-11-29T15:25:08.651+0000] {processor.py:839} INFO - DAG(s) dict_keys(['example_xcom_args_with_operators', 'example_xcom_args']) retrieved from /home/airflow/.local/lib/python3.8/site-packages/airflow/example_dags/example_xcomargs.py
[2023-11-29T15:25:08.665+0000] {logging_mixin.py:151} INFO - [2023-11-29T15:25:08.665+0000] {dag.py:2915} INFO - Sync 2 DAGs
[2023-11-29T15:25:08.673+0000] {logging_mixin.py:151} INFO - [2023-11-29T15:25:08.673+0000] {dag.py:3696} INFO - Setting next_dagrun for example_xcom_args to None, run_after=None
[2023-11-29T15:25:08.675+0000] {logging_mixin.py:151} INFO - [2023-11-29T15:25:08.675+0000] {dag.py:3696} INFO - Setting next_dagrun for example_xcom_args_with_operators to None, run_after=None
[2023-11-29T15:25:08.684+0000] {processor.py:179} INFO - Processing /home/airflow/.local/lib/python3.8/site-packages/airflow/example_dags/example_xcomargs.py took 0.044 seconds
[2023-11-29T15:25:39.084+0000] {processor.py:157} INFO - Started process (PID=338) to work on /home/airflow/.local/lib/python3.8/site-packages/airflow/example_dags/example_xcomargs.py
[2023-11-29T15:25:39.085+0000] {processor.py:829} INFO - Processing file /home/airflow/.local/lib/python3.8/site-packages/airflow/example_dags/example_xcomargs.py for tasks to queue
[2023-11-29T15:25:39.087+0000] {logging_mixin.py:151} INFO - [2023-11-29T15:25:39.087+0000] {dagbag.py:539} INFO - Filling up the DagBag from /home/airflow/.local/lib/python3.8/site-packages/airflow/example_dags/example_xcomargs.py
[2023-11-29T15:25:39.092+0000] {processor.py:839} INFO - DAG(s) dict_keys(['example_xcom_args', 'example_xcom_args_with_operators']) retrieved from /home/airflow/.local/lib/python3.8/site-packages/airflow/example_dags/example_xcomargs.py
[2023-11-29T15:25:39.108+0000] {logging_mixin.py:151} INFO - [2023-11-29T15:25:39.108+0000] {dag.py:2915} INFO - Sync 2 DAGs
[2023-11-29T15:25:39.117+0000] {logging_mixin.py:151} INFO - [2023-11-29T15:25:39.117+0000] {dag.py:3696} INFO - Setting next_dagrun for example_xcom_args to None, run_after=None
[2023-11-29T15:25:39.120+0000] {logging_mixin.py:151} INFO - [2023-11-29T15:25:39.120+0000] {dag.py:3696} INFO - Setting next_dagrun for example_xcom_args_with_operators to None, run_after=None
[2023-11-29T15:25:39.130+0000] {processor.py:179} INFO - Processing /home/airflow/.local/lib/python3.8/site-packages/airflow/example_dags/example_xcomargs.py took 0.048 seconds
[2023-11-29T15:26:09.877+0000] {processor.py:157} INFO - Started process (PID=392) to work on /home/airflow/.local/lib/python3.8/site-packages/airflow/example_dags/example_xcomargs.py
[2023-11-29T15:26:09.878+0000] {processor.py:829} INFO - Processing file /home/airflow/.local/lib/python3.8/site-packages/airflow/example_dags/example_xcomargs.py for tasks to queue
[2023-11-29T15:26:09.880+0000] {logging_mixin.py:151} INFO - [2023-11-29T15:26:09.879+0000] {dagbag.py:539} INFO - Filling up the DagBag from /home/airflow/.local/lib/python3.8/site-packages/airflow/example_dags/example_xcomargs.py
[2023-11-29T15:26:09.885+0000] {processor.py:839} INFO - DAG(s) dict_keys(['example_xcom_args', 'example_xcom_args_with_operators']) retrieved from /home/airflow/.local/lib/python3.8/site-packages/airflow/example_dags/example_xcomargs.py
[2023-11-29T15:26:09.902+0000] {logging_mixin.py:151} INFO - [2023-11-29T15:26:09.902+0000] {dag.py:2915} INFO - Sync 2 DAGs
[2023-11-29T15:26:09.909+0000] {logging_mixin.py:151} INFO - [2023-11-29T15:26:09.909+0000] {dag.py:3696} INFO - Setting next_dagrun for example_xcom_args to None, run_after=None
[2023-11-29T15:26:09.913+0000] {logging_mixin.py:151} INFO - [2023-11-29T15:26:09.912+0000] {dag.py:3696} INFO - Setting next_dagrun for example_xcom_args_with_operators to None, run_after=None
[2023-11-29T15:26:09.926+0000] {processor.py:179} INFO - Processing /home/airflow/.local/lib/python3.8/site-packages/airflow/example_dags/example_xcomargs.py took 0.052 seconds
[2023-11-29T15:26:40.276+0000] {processor.py:157} INFO - Started process (PID=446) to work on /home/airflow/.local/lib/python3.8/site-packages/airflow/example_dags/example_xcomargs.py
[2023-11-29T15:26:40.279+0000] {processor.py:829} INFO - Processing file /home/airflow/.local/lib/python3.8/site-packages/airflow/example_dags/example_xcomargs.py for tasks to queue
[2023-11-29T15:26:40.281+0000] {logging_mixin.py:151} INFO - [2023-11-29T15:26:40.281+0000] {dagbag.py:539} INFO - Filling up the DagBag from /home/airflow/.local/lib/python3.8/site-packages/airflow/example_dags/example_xcomargs.py
[2023-11-29T15:26:40.290+0000] {processor.py:839} INFO - DAG(s) dict_keys(['example_xcom_args', 'example_xcom_args_with_operators']) retrieved from /home/airflow/.local/lib/python3.8/site-packages/airflow/example_dags/example_xcomargs.py
[2023-11-29T15:26:40.312+0000] {logging_mixin.py:151} INFO - [2023-11-29T15:26:40.312+0000] {dag.py:2915} INFO - Sync 2 DAGs
[2023-11-29T15:26:40.321+0000] {logging_mixin.py:151} INFO - [2023-11-29T15:26:40.321+0000] {dag.py:3696} INFO - Setting next_dagrun for example_xcom_args to None, run_after=None
[2023-11-29T15:26:40.323+0000] {logging_mixin.py:151} INFO - [2023-11-29T15:26:40.323+0000] {dag.py:3696} INFO - Setting next_dagrun for example_xcom_args_with_operators to None, run_after=None
[2023-11-29T15:26:40.333+0000] {processor.py:179} INFO - Processing /home/airflow/.local/lib/python3.8/site-packages/airflow/example_dags/example_xcomargs.py took 0.060 seconds
[2023-11-29T15:27:11.168+0000] {processor.py:157} INFO - Started process (PID=500) to work on /home/airflow/.local/lib/python3.8/site-packages/airflow/example_dags/example_xcomargs.py
[2023-11-29T15:27:11.169+0000] {processor.py:829} INFO - Processing file /home/airflow/.local/lib/python3.8/site-packages/airflow/example_dags/example_xcomargs.py for tasks to queue
[2023-11-29T15:27:11.171+0000] {logging_mixin.py:151} INFO - [2023-11-29T15:27:11.170+0000] {dagbag.py:539} INFO - Filling up the DagBag from /home/airflow/.local/lib/python3.8/site-packages/airflow/example_dags/example_xcomargs.py
[2023-11-29T15:27:11.176+0000] {processor.py:839} INFO - DAG(s) dict_keys(['example_xcom_args', 'example_xcom_args_with_operators']) retrieved from /home/airflow/.local/lib/python3.8/site-packages/airflow/example_dags/example_xcomargs.py
[2023-11-29T15:27:11.192+0000] {logging_mixin.py:151} INFO - [2023-11-29T15:27:11.192+0000] {dag.py:2915} INFO - Sync 2 DAGs
[2023-11-29T15:27:11.200+0000] {logging_mixin.py:151} INFO - [2023-11-29T15:27:11.200+0000] {dag.py:3696} INFO - Setting next_dagrun for example_xcom_args to None, run_after=None
[2023-11-29T15:27:11.202+0000] {logging_mixin.py:151} INFO - [2023-11-29T15:27:11.202+0000] {dag.py:3696} INFO - Setting next_dagrun for example_xcom_args_with_operators to None, run_after=None
[2023-11-29T15:27:11.210+0000] {processor.py:179} INFO - Processing /home/airflow/.local/lib/python3.8/site-packages/airflow/example_dags/example_xcomargs.py took 0.044 seconds
[2023-11-29T15:27:42.480+0000] {processor.py:157} INFO - Started process (PID=554) to work on /home/airflow/.local/lib/python3.8/site-packages/airflow/example_dags/example_xcomargs.py
[2023-11-29T15:27:42.482+0000] {processor.py:829} INFO - Processing file /home/airflow/.local/lib/python3.8/site-packages/airflow/example_dags/example_xcomargs.py for tasks to queue
[2023-11-29T15:27:42.483+0000] {logging_mixin.py:151} INFO - [2023-11-29T15:27:42.483+0000] {dagbag.py:539} INFO - Filling up the DagBag from /home/airflow/.local/lib/python3.8/site-packages/airflow/example_dags/example_xcomargs.py
[2023-11-29T15:27:42.489+0000] {processor.py:839} INFO - DAG(s) dict_keys(['example_xcom_args', 'example_xcom_args_with_operators']) retrieved from /home/airflow/.local/lib/python3.8/site-packages/airflow/example_dags/example_xcomargs.py
[2023-11-29T15:27:42.508+0000] {logging_mixin.py:151} INFO - [2023-11-29T15:27:42.508+0000] {dag.py:2915} INFO - Sync 2 DAGs
[2023-11-29T15:27:42.517+0000] {logging_mixin.py:151} INFO - [2023-11-29T15:27:42.517+0000] {dag.py:3696} INFO - Setting next_dagrun for example_xcom_args to None, run_after=None
[2023-11-29T15:27:42.523+0000] {logging_mixin.py:151} INFO - [2023-11-29T15:27:42.522+0000] {dag.py:3696} INFO - Setting next_dagrun for example_xcom_args_with_operators to None, run_after=None
[2023-11-29T15:27:42.545+0000] {processor.py:179} INFO - Processing /home/airflow/.local/lib/python3.8/site-packages/airflow/example_dags/example_xcomargs.py took 0.067 seconds
[2023-11-29T15:28:13.317+0000] {processor.py:157} INFO - Started process (PID=608) to work on /home/airflow/.local/lib/python3.8/site-packages/airflow/example_dags/example_xcomargs.py
[2023-11-29T15:28:13.321+0000] {processor.py:829} INFO - Processing file /home/airflow/.local/lib/python3.8/site-packages/airflow/example_dags/example_xcomargs.py for tasks to queue
[2023-11-29T15:28:13.323+0000] {logging_mixin.py:151} INFO - [2023-11-29T15:28:13.323+0000] {dagbag.py:539} INFO - Filling up the DagBag from /home/airflow/.local/lib/python3.8/site-packages/airflow/example_dags/example_xcomargs.py
[2023-11-29T15:28:13.329+0000] {processor.py:839} INFO - DAG(s) dict_keys(['example_xcom_args', 'example_xcom_args_with_operators']) retrieved from /home/airflow/.local/lib/python3.8/site-packages/airflow/example_dags/example_xcomargs.py
[2023-11-29T15:28:13.347+0000] {logging_mixin.py:151} INFO - [2023-11-29T15:28:13.347+0000] {dag.py:2915} INFO - Sync 2 DAGs
[2023-11-29T15:28:13.357+0000] {logging_mixin.py:151} INFO - [2023-11-29T15:28:13.356+0000] {dag.py:3696} INFO - Setting next_dagrun for example_xcom_args to None, run_after=None
[2023-11-29T15:28:13.359+0000] {logging_mixin.py:151} INFO - [2023-11-29T15:28:13.359+0000] {dag.py:3696} INFO - Setting next_dagrun for example_xcom_args_with_operators to None, run_after=None
[2023-11-29T15:28:13.369+0000] {processor.py:179} INFO - Processing /home/airflow/.local/lib/python3.8/site-packages/airflow/example_dags/example_xcomargs.py took 0.057 seconds
[2023-11-29T15:28:43.805+0000] {processor.py:157} INFO - Started process (PID=662) to work on /home/airflow/.local/lib/python3.8/site-packages/airflow/example_dags/example_xcomargs.py
[2023-11-29T15:28:43.806+0000] {processor.py:829} INFO - Processing file /home/airflow/.local/lib/python3.8/site-packages/airflow/example_dags/example_xcomargs.py for tasks to queue
[2023-11-29T15:28:43.807+0000] {logging_mixin.py:151} INFO - [2023-11-29T15:28:43.807+0000] {dagbag.py:539} INFO - Filling up the DagBag from /home/airflow/.local/lib/python3.8/site-packages/airflow/example_dags/example_xcomargs.py
[2023-11-29T15:28:43.812+0000] {processor.py:839} INFO - DAG(s) dict_keys(['example_xcom_args', 'example_xcom_args_with_operators']) retrieved from /home/airflow/.local/lib/python3.8/site-packages/airflow/example_dags/example_xcomargs.py
[2023-11-29T15:28:43.827+0000] {logging_mixin.py:151} INFO - [2023-11-29T15:28:43.827+0000] {dag.py:2915} INFO - Sync 2 DAGs
[2023-11-29T15:28:43.835+0000] {logging_mixin.py:151} INFO - [2023-11-29T15:28:43.835+0000] {dag.py:3696} INFO - Setting next_dagrun for example_xcom_args to None, run_after=None
[2023-11-29T15:28:43.837+0000] {logging_mixin.py:151} INFO - [2023-11-29T15:28:43.837+0000] {dag.py:3696} INFO - Setting next_dagrun for example_xcom_args_with_operators to None, run_after=None
[2023-11-29T15:28:43.846+0000] {processor.py:179} INFO - Processing /home/airflow/.local/lib/python3.8/site-packages/airflow/example_dags/example_xcomargs.py took 0.043 seconds
[2023-11-29T15:29:16.309+0000] {processor.py:157} INFO - Started process (PID=717) to work on /home/airflow/.local/lib/python3.8/site-packages/airflow/example_dags/example_xcomargs.py
[2023-11-29T15:29:16.313+0000] {processor.py:829} INFO - Processing file /home/airflow/.local/lib/python3.8/site-packages/airflow/example_dags/example_xcomargs.py for tasks to queue
[2023-11-29T15:29:16.318+0000] {logging_mixin.py:151} INFO - [2023-11-29T15:29:16.317+0000] {dagbag.py:539} INFO - Filling up the DagBag from /home/airflow/.local/lib/python3.8/site-packages/airflow/example_dags/example_xcomargs.py
[2023-11-29T15:29:16.341+0000] {processor.py:839} INFO - DAG(s) dict_keys(['example_xcom_args_with_operators', 'example_xcom_args']) retrieved from /home/airflow/.local/lib/python3.8/site-packages/airflow/example_dags/example_xcomargs.py
[2023-11-29T15:29:16.386+0000] {logging_mixin.py:151} INFO - [2023-11-29T15:29:16.386+0000] {dag.py:2915} INFO - Sync 2 DAGs
[2023-11-29T15:29:16.409+0000] {logging_mixin.py:151} INFO - [2023-11-29T15:29:16.408+0000] {dag.py:3696} INFO - Setting next_dagrun for example_xcom_args to None, run_after=None
[2023-11-29T15:29:16.414+0000] {logging_mixin.py:151} INFO - [2023-11-29T15:29:16.414+0000] {dag.py:3696} INFO - Setting next_dagrun for example_xcom_args_with_operators to None, run_after=None
[2023-11-29T15:29:16.449+0000] {processor.py:179} INFO - Processing /home/airflow/.local/lib/python3.8/site-packages/airflow/example_dags/example_xcomargs.py took 0.145 seconds
[2023-11-29T15:29:46.788+0000] {processor.py:157} INFO - Started process (PID=771) to work on /home/airflow/.local/lib/python3.8/site-packages/airflow/example_dags/example_xcomargs.py
[2023-11-29T15:29:46.801+0000] {processor.py:829} INFO - Processing file /home/airflow/.local/lib/python3.8/site-packages/airflow/example_dags/example_xcomargs.py for tasks to queue
[2023-11-29T15:29:46.822+0000] {logging_mixin.py:151} INFO - [2023-11-29T15:29:46.820+0000] {dagbag.py:539} INFO - Filling up the DagBag from /home/airflow/.local/lib/python3.8/site-packages/airflow/example_dags/example_xcomargs.py
[2023-11-29T15:29:46.866+0000] {processor.py:839} INFO - DAG(s) dict_keys(['example_xcom_args_with_operators', 'example_xcom_args']) retrieved from /home/airflow/.local/lib/python3.8/site-packages/airflow/example_dags/example_xcomargs.py
[2023-11-29T15:29:46.924+0000] {logging_mixin.py:151} INFO - [2023-11-29T15:29:46.923+0000] {dag.py:2915} INFO - Sync 2 DAGs
[2023-11-29T15:29:46.938+0000] {logging_mixin.py:151} INFO - [2023-11-29T15:29:46.938+0000] {dag.py:3696} INFO - Setting next_dagrun for example_xcom_args to None, run_after=None
[2023-11-29T15:29:46.948+0000] {logging_mixin.py:151} INFO - [2023-11-29T15:29:46.948+0000] {dag.py:3696} INFO - Setting next_dagrun for example_xcom_args_with_operators to None, run_after=None
[2023-11-29T15:29:46.981+0000] {processor.py:179} INFO - Processing /home/airflow/.local/lib/python3.8/site-packages/airflow/example_dags/example_xcomargs.py took 0.205 seconds
[2023-11-29T15:30:17.018+0000] {processor.py:157} INFO - Started process (PID=825) to work on /home/airflow/.local/lib/python3.8/site-packages/airflow/example_dags/example_xcomargs.py
[2023-11-29T15:30:17.019+0000] {processor.py:829} INFO - Processing file /home/airflow/.local/lib/python3.8/site-packages/airflow/example_dags/example_xcomargs.py for tasks to queue
[2023-11-29T15:30:17.021+0000] {logging_mixin.py:151} INFO - [2023-11-29T15:30:17.021+0000] {dagbag.py:539} INFO - Filling up the DagBag from /home/airflow/.local/lib/python3.8/site-packages/airflow/example_dags/example_xcomargs.py
[2023-11-29T15:30:17.028+0000] {processor.py:839} INFO - DAG(s) dict_keys(['example_xcom_args_with_operators', 'example_xcom_args']) retrieved from /home/airflow/.local/lib/python3.8/site-packages/airflow/example_dags/example_xcomargs.py
[2023-11-29T15:30:17.052+0000] {logging_mixin.py:151} INFO - [2023-11-29T15:30:17.051+0000] {dag.py:2915} INFO - Sync 2 DAGs
[2023-11-29T15:30:17.059+0000] {logging_mixin.py:151} INFO - [2023-11-29T15:30:17.059+0000] {dag.py:3696} INFO - Setting next_dagrun for example_xcom_args to None, run_after=None
[2023-11-29T15:30:17.061+0000] {logging_mixin.py:151} INFO - [2023-11-29T15:30:17.061+0000] {dag.py:3696} INFO - Setting next_dagrun for example_xcom_args_with_operators to None, run_after=None
[2023-11-29T15:30:17.070+0000] {processor.py:179} INFO - Processing /home/airflow/.local/lib/python3.8/site-packages/airflow/example_dags/example_xcomargs.py took 0.054 seconds
[2023-11-29T15:30:48.048+0000] {processor.py:157} INFO - Started process (PID=879) to work on /home/airflow/.local/lib/python3.8/site-packages/airflow/example_dags/example_xcomargs.py
[2023-11-29T15:30:48.049+0000] {processor.py:829} INFO - Processing file /home/airflow/.local/lib/python3.8/site-packages/airflow/example_dags/example_xcomargs.py for tasks to queue
[2023-11-29T15:30:48.050+0000] {logging_mixin.py:151} INFO - [2023-11-29T15:30:48.050+0000] {dagbag.py:539} INFO - Filling up the DagBag from /home/airflow/.local/lib/python3.8/site-packages/airflow/example_dags/example_xcomargs.py
[2023-11-29T15:30:48.058+0000] {processor.py:839} INFO - DAG(s) dict_keys(['example_xcom_args_with_operators', 'example_xcom_args']) retrieved from /home/airflow/.local/lib/python3.8/site-packages/airflow/example_dags/example_xcomargs.py
[2023-11-29T15:30:48.089+0000] {logging_mixin.py:151} INFO - [2023-11-29T15:30:48.088+0000] {dag.py:2915} INFO - Sync 2 DAGs
[2023-11-29T15:30:48.100+0000] {logging_mixin.py:151} INFO - [2023-11-29T15:30:48.100+0000] {dag.py:3696} INFO - Setting next_dagrun for example_xcom_args to None, run_after=None
[2023-11-29T15:30:48.102+0000] {logging_mixin.py:151} INFO - [2023-11-29T15:30:48.102+0000] {dag.py:3696} INFO - Setting next_dagrun for example_xcom_args_with_operators to None, run_after=None
[2023-11-29T15:30:48.122+0000] {processor.py:179} INFO - Processing /home/airflow/.local/lib/python3.8/site-packages/airflow/example_dags/example_xcomargs.py took 0.078 seconds
[2023-11-29T16:52:44.325+0000] {processor.py:157} INFO - Started process (PID=933) to work on /home/airflow/.local/lib/python3.8/site-packages/airflow/example_dags/example_xcomargs.py
[2023-11-29T16:52:44.332+0000] {processor.py:829} INFO - Processing file /home/airflow/.local/lib/python3.8/site-packages/airflow/example_dags/example_xcomargs.py for tasks to queue
[2023-11-29T16:52:44.340+0000] {logging_mixin.py:151} INFO - [2023-11-29T16:52:44.339+0000] {dagbag.py:539} INFO - Filling up the DagBag from /home/airflow/.local/lib/python3.8/site-packages/airflow/example_dags/example_xcomargs.py
[2023-11-29T16:52:44.358+0000] {processor.py:839} INFO - DAG(s) dict_keys(['example_xcom_args_with_operators', 'example_xcom_args']) retrieved from /home/airflow/.local/lib/python3.8/site-packages/airflow/example_dags/example_xcomargs.py
[2023-11-29T16:52:44.461+0000] {logging_mixin.py:151} INFO - [2023-11-29T16:52:44.460+0000] {dag.py:2915} INFO - Sync 2 DAGs
[2023-11-29T16:52:44.494+0000] {logging_mixin.py:151} INFO - [2023-11-29T16:52:44.493+0000] {dag.py:3696} INFO - Setting next_dagrun for example_xcom_args to None, run_after=None
[2023-11-29T16:52:44.500+0000] {logging_mixin.py:151} INFO - [2023-11-29T16:52:44.500+0000] {dag.py:3696} INFO - Setting next_dagrun for example_xcom_args_with_operators to None, run_after=None
[2023-11-29T16:52:44.528+0000] {processor.py:179} INFO - Processing /home/airflow/.local/lib/python3.8/site-packages/airflow/example_dags/example_xcomargs.py took 0.216 seconds
[2023-11-29T18:02:48.020+0000] {processor.py:157} INFO - Started process (PID=987) to work on /home/airflow/.local/lib/python3.8/site-packages/airflow/example_dags/example_xcomargs.py
[2023-11-29T18:02:48.021+0000] {processor.py:829} INFO - Processing file /home/airflow/.local/lib/python3.8/site-packages/airflow/example_dags/example_xcomargs.py for tasks to queue
[2023-11-29T18:02:48.024+0000] {logging_mixin.py:151} INFO - [2023-11-29T18:02:48.024+0000] {dagbag.py:539} INFO - Filling up the DagBag from /home/airflow/.local/lib/python3.8/site-packages/airflow/example_dags/example_xcomargs.py
[2023-11-29T18:02:48.033+0000] {processor.py:839} INFO - DAG(s) dict_keys(['example_xcom_args', 'example_xcom_args_with_operators']) retrieved from /home/airflow/.local/lib/python3.8/site-packages/airflow/example_dags/example_xcomargs.py
[2023-11-29T18:02:48.069+0000] {logging_mixin.py:151} INFO - [2023-11-29T18:02:48.069+0000] {dag.py:2915} INFO - Sync 2 DAGs
[2023-11-29T18:02:48.079+0000] {logging_mixin.py:151} INFO - [2023-11-29T18:02:48.078+0000] {dag.py:3696} INFO - Setting next_dagrun for example_xcom_args to None, run_after=None
[2023-11-29T18:02:48.081+0000] {logging_mixin.py:151} INFO - [2023-11-29T18:02:48.081+0000] {dag.py:3696} INFO - Setting next_dagrun for example_xcom_args_with_operators to None, run_after=None
[2023-11-29T18:02:48.095+0000] {processor.py:179} INFO - Processing /home/airflow/.local/lib/python3.8/site-packages/airflow/example_dags/example_xcomargs.py took 0.078 seconds
[2023-11-29T18:27:54.681+0000] {processor.py:157} INFO - Started process (PID=1041) to work on /home/airflow/.local/lib/python3.8/site-packages/airflow/example_dags/example_xcomargs.py
[2023-11-29T18:27:54.682+0000] {processor.py:829} INFO - Processing file /home/airflow/.local/lib/python3.8/site-packages/airflow/example_dags/example_xcomargs.py for tasks to queue
[2023-11-29T18:27:54.684+0000] {logging_mixin.py:151} INFO - [2023-11-29T18:27:54.683+0000] {dagbag.py:539} INFO - Filling up the DagBag from /home/airflow/.local/lib/python3.8/site-packages/airflow/example_dags/example_xcomargs.py
[2023-11-29T18:27:54.691+0000] {processor.py:839} INFO - DAG(s) dict_keys(['example_xcom_args', 'example_xcom_args_with_operators']) retrieved from /home/airflow/.local/lib/python3.8/site-packages/airflow/example_dags/example_xcomargs.py
[2023-11-29T18:27:54.706+0000] {logging_mixin.py:151} INFO - [2023-11-29T18:27:54.706+0000] {dag.py:2915} INFO - Sync 2 DAGs
[2023-11-29T18:27:54.714+0000] {logging_mixin.py:151} INFO - [2023-11-29T18:27:54.714+0000] {dag.py:3696} INFO - Setting next_dagrun for example_xcom_args to None, run_after=None
[2023-11-29T18:27:54.716+0000] {logging_mixin.py:151} INFO - [2023-11-29T18:27:54.716+0000] {dag.py:3696} INFO - Setting next_dagrun for example_xcom_args_with_operators to None, run_after=None
[2023-11-29T18:27:54.734+0000] {processor.py:179} INFO - Processing /home/airflow/.local/lib/python3.8/site-packages/airflow/example_dags/example_xcomargs.py took 0.056 seconds
[2023-11-29T18:32:43.978+0000] {processor.py:157} INFO - Started process (PID=1095) to work on /home/airflow/.local/lib/python3.8/site-packages/airflow/example_dags/example_xcomargs.py
[2023-11-29T18:32:43.979+0000] {processor.py:829} INFO - Processing file /home/airflow/.local/lib/python3.8/site-packages/airflow/example_dags/example_xcomargs.py for tasks to queue
[2023-11-29T18:32:43.980+0000] {logging_mixin.py:151} INFO - [2023-11-29T18:32:43.980+0000] {dagbag.py:539} INFO - Filling up the DagBag from /home/airflow/.local/lib/python3.8/site-packages/airflow/example_dags/example_xcomargs.py
[2023-11-29T18:32:43.989+0000] {processor.py:839} INFO - DAG(s) dict_keys(['example_xcom_args', 'example_xcom_args_with_operators']) retrieved from /home/airflow/.local/lib/python3.8/site-packages/airflow/example_dags/example_xcomargs.py
[2023-11-29T18:32:44.007+0000] {logging_mixin.py:151} INFO - [2023-11-29T18:32:44.007+0000] {dag.py:2915} INFO - Sync 2 DAGs
[2023-11-29T18:32:44.017+0000] {logging_mixin.py:151} INFO - [2023-11-29T18:32:44.016+0000] {dag.py:3696} INFO - Setting next_dagrun for example_xcom_args to None, run_after=None
[2023-11-29T18:32:44.020+0000] {logging_mixin.py:151} INFO - [2023-11-29T18:32:44.020+0000] {dag.py:3696} INFO - Setting next_dagrun for example_xcom_args_with_operators to None, run_after=None
[2023-11-29T18:32:44.030+0000] {processor.py:179} INFO - Processing /home/airflow/.local/lib/python3.8/site-packages/airflow/example_dags/example_xcomargs.py took 0.054 seconds
[2023-11-29T18:50:39.650+0000] {processor.py:157} INFO - Started process (PID=1149) to work on /home/airflow/.local/lib/python3.8/site-packages/airflow/example_dags/example_xcomargs.py
[2023-11-29T18:50:39.652+0000] {processor.py:829} INFO - Processing file /home/airflow/.local/lib/python3.8/site-packages/airflow/example_dags/example_xcomargs.py for tasks to queue
[2023-11-29T18:50:39.653+0000] {logging_mixin.py:151} INFO - [2023-11-29T18:50:39.653+0000] {dagbag.py:539} INFO - Filling up the DagBag from /home/airflow/.local/lib/python3.8/site-packages/airflow/example_dags/example_xcomargs.py
[2023-11-29T18:50:39.665+0000] {processor.py:839} INFO - DAG(s) dict_keys(['example_xcom_args', 'example_xcom_args_with_operators']) retrieved from /home/airflow/.local/lib/python3.8/site-packages/airflow/example_dags/example_xcomargs.py
[2023-11-29T18:50:39.692+0000] {logging_mixin.py:151} INFO - [2023-11-29T18:50:39.692+0000] {dag.py:2915} INFO - Sync 2 DAGs
[2023-11-29T18:50:39.707+0000] {logging_mixin.py:151} INFO - [2023-11-29T18:50:39.706+0000] {dag.py:3696} INFO - Setting next_dagrun for example_xcom_args to None, run_after=None
[2023-11-29T18:50:39.709+0000] {logging_mixin.py:151} INFO - [2023-11-29T18:50:39.709+0000] {dag.py:3696} INFO - Setting next_dagrun for example_xcom_args_with_operators to None, run_after=None
[2023-11-29T18:50:39.724+0000] {processor.py:179} INFO - Processing /home/airflow/.local/lib/python3.8/site-packages/airflow/example_dags/example_xcomargs.py took 0.077 seconds
[2023-11-29T19:03:29.106+0000] {processor.py:157} INFO - Started process (PID=1203) to work on /home/airflow/.local/lib/python3.8/site-packages/airflow/example_dags/example_xcomargs.py
[2023-11-29T19:03:29.107+0000] {processor.py:829} INFO - Processing file /home/airflow/.local/lib/python3.8/site-packages/airflow/example_dags/example_xcomargs.py for tasks to queue
[2023-11-29T19:03:29.109+0000] {logging_mixin.py:151} INFO - [2023-11-29T19:03:29.109+0000] {dagbag.py:539} INFO - Filling up the DagBag from /home/airflow/.local/lib/python3.8/site-packages/airflow/example_dags/example_xcomargs.py
[2023-11-29T19:03:29.116+0000] {processor.py:839} INFO - DAG(s) dict_keys(['example_xcom_args_with_operators', 'example_xcom_args']) retrieved from /home/airflow/.local/lib/python3.8/site-packages/airflow/example_dags/example_xcomargs.py
[2023-11-29T19:03:29.141+0000] {logging_mixin.py:151} INFO - [2023-11-29T19:03:29.141+0000] {dag.py:2915} INFO - Sync 2 DAGs
[2023-11-29T19:03:29.155+0000] {logging_mixin.py:151} INFO - [2023-11-29T19:03:29.155+0000] {dag.py:3696} INFO - Setting next_dagrun for example_xcom_args to None, run_after=None
[2023-11-29T19:03:29.159+0000] {logging_mixin.py:151} INFO - [2023-11-29T19:03:29.159+0000] {dag.py:3696} INFO - Setting next_dagrun for example_xcom_args_with_operators to None, run_after=None
[2023-11-29T19:03:29.175+0000] {processor.py:179} INFO - Processing /home/airflow/.local/lib/python3.8/site-packages/airflow/example_dags/example_xcomargs.py took 0.071 seconds
[2023-11-29T20:07:22.412+0000] {processor.py:157} INFO - Started process (PID=1257) to work on /home/airflow/.local/lib/python3.8/site-packages/airflow/example_dags/example_xcomargs.py
[2023-11-29T20:07:22.413+0000] {processor.py:829} INFO - Processing file /home/airflow/.local/lib/python3.8/site-packages/airflow/example_dags/example_xcomargs.py for tasks to queue
[2023-11-29T20:07:22.415+0000] {logging_mixin.py:151} INFO - [2023-11-29T20:07:22.415+0000] {dagbag.py:539} INFO - Filling up the DagBag from /home/airflow/.local/lib/python3.8/site-packages/airflow/example_dags/example_xcomargs.py
[2023-11-29T20:07:22.421+0000] {processor.py:839} INFO - DAG(s) dict_keys(['example_xcom_args', 'example_xcom_args_with_operators']) retrieved from /home/airflow/.local/lib/python3.8/site-packages/airflow/example_dags/example_xcomargs.py
[2023-11-29T20:07:22.439+0000] {logging_mixin.py:151} INFO - [2023-11-29T20:07:22.438+0000] {dag.py:2915} INFO - Sync 2 DAGs
[2023-11-29T20:07:22.457+0000] {logging_mixin.py:151} INFO - [2023-11-29T20:07:22.456+0000] {dag.py:3696} INFO - Setting next_dagrun for example_xcom_args to None, run_after=None
[2023-11-29T20:07:22.467+0000] {logging_mixin.py:151} INFO - [2023-11-29T20:07:22.466+0000] {dag.py:3696} INFO - Setting next_dagrun for example_xcom_args_with_operators to None, run_after=None
[2023-11-29T20:07:22.496+0000] {processor.py:179} INFO - Processing /home/airflow/.local/lib/python3.8/site-packages/airflow/example_dags/example_xcomargs.py took 0.087 seconds
[2023-11-29T21:23:03.975+0000] {processor.py:157} INFO - Started process (PID=1311) to work on /home/airflow/.local/lib/python3.8/site-packages/airflow/example_dags/example_xcomargs.py
[2023-11-29T21:23:03.976+0000] {processor.py:829} INFO - Processing file /home/airflow/.local/lib/python3.8/site-packages/airflow/example_dags/example_xcomargs.py for tasks to queue
[2023-11-29T21:23:03.978+0000] {logging_mixin.py:151} INFO - [2023-11-29T21:23:03.978+0000] {dagbag.py:539} INFO - Filling up the DagBag from /home/airflow/.local/lib/python3.8/site-packages/airflow/example_dags/example_xcomargs.py
[2023-11-29T21:23:03.989+0000] {processor.py:839} INFO - DAG(s) dict_keys(['example_xcom_args', 'example_xcom_args_with_operators']) retrieved from /home/airflow/.local/lib/python3.8/site-packages/airflow/example_dags/example_xcomargs.py
[2023-11-29T21:23:04.019+0000] {logging_mixin.py:151} INFO - [2023-11-29T21:23:04.019+0000] {dag.py:2915} INFO - Sync 2 DAGs
[2023-11-29T21:23:04.039+0000] {logging_mixin.py:151} INFO - [2023-11-29T21:23:04.039+0000] {dag.py:3696} INFO - Setting next_dagrun for example_xcom_args to None, run_after=None
[2023-11-29T21:23:04.042+0000] {logging_mixin.py:151} INFO - [2023-11-29T21:23:04.042+0000] {dag.py:3696} INFO - Setting next_dagrun for example_xcom_args_with_operators to None, run_after=None
[2023-11-29T21:23:04.053+0000] {processor.py:179} INFO - Processing /home/airflow/.local/lib/python3.8/site-packages/airflow/example_dags/example_xcomargs.py took 0.083 seconds
[2023-11-29T22:23:25.179+0000] {processor.py:157} INFO - Started process (PID=1364) to work on /home/airflow/.local/lib/python3.8/site-packages/airflow/example_dags/example_xcomargs.py
[2023-11-29T22:23:25.188+0000] {processor.py:829} INFO - Processing file /home/airflow/.local/lib/python3.8/site-packages/airflow/example_dags/example_xcomargs.py for tasks to queue
[2023-11-29T22:23:25.195+0000] {logging_mixin.py:151} INFO - [2023-11-29T22:23:25.195+0000] {dagbag.py:539} INFO - Filling up the DagBag from /home/airflow/.local/lib/python3.8/site-packages/airflow/example_dags/example_xcomargs.py
[2023-11-29T22:23:25.206+0000] {processor.py:839} INFO - DAG(s) dict_keys(['example_xcom_args_with_operators', 'example_xcom_args']) retrieved from /home/airflow/.local/lib/python3.8/site-packages/airflow/example_dags/example_xcomargs.py
[2023-11-29T22:23:25.229+0000] {logging_mixin.py:151} INFO - [2023-11-29T22:23:25.229+0000] {dag.py:2915} INFO - Sync 2 DAGs
[2023-11-29T22:23:25.249+0000] {logging_mixin.py:151} INFO - [2023-11-29T22:23:25.249+0000] {dag.py:3696} INFO - Setting next_dagrun for example_xcom_args to None, run_after=None
[2023-11-29T22:23:25.253+0000] {logging_mixin.py:151} INFO - [2023-11-29T22:23:25.253+0000] {dag.py:3696} INFO - Setting next_dagrun for example_xcom_args_with_operators to None, run_after=None
[2023-11-29T22:23:25.270+0000] {processor.py:179} INFO - Processing /home/airflow/.local/lib/python3.8/site-packages/airflow/example_dags/example_xcomargs.py took 0.094 seconds
[2023-11-29T23:26:06.329+0000] {processor.py:157} INFO - Started process (PID=1418) to work on /home/airflow/.local/lib/python3.8/site-packages/airflow/example_dags/example_xcomargs.py
[2023-11-29T23:26:06.330+0000] {processor.py:829} INFO - Processing file /home/airflow/.local/lib/python3.8/site-packages/airflow/example_dags/example_xcomargs.py for tasks to queue
[2023-11-29T23:26:06.332+0000] {logging_mixin.py:151} INFO - [2023-11-29T23:26:06.331+0000] {dagbag.py:539} INFO - Filling up the DagBag from /home/airflow/.local/lib/python3.8/site-packages/airflow/example_dags/example_xcomargs.py
[2023-11-29T23:26:06.337+0000] {processor.py:839} INFO - DAG(s) dict_keys(['example_xcom_args', 'example_xcom_args_with_operators']) retrieved from /home/airflow/.local/lib/python3.8/site-packages/airflow/example_dags/example_xcomargs.py
[2023-11-29T23:26:06.354+0000] {logging_mixin.py:151} INFO - [2023-11-29T23:26:06.354+0000] {dag.py:2915} INFO - Sync 2 DAGs
[2023-11-29T23:26:06.361+0000] {logging_mixin.py:151} INFO - [2023-11-29T23:26:06.361+0000] {dag.py:3696} INFO - Setting next_dagrun for example_xcom_args to None, run_after=None
[2023-11-29T23:26:06.363+0000] {logging_mixin.py:151} INFO - [2023-11-29T23:26:06.363+0000] {dag.py:3696} INFO - Setting next_dagrun for example_xcom_args_with_operators to None, run_after=None
[2023-11-29T23:26:06.371+0000] {processor.py:179} INFO - Processing /home/airflow/.local/lib/python3.8/site-packages/airflow/example_dags/example_xcomargs.py took 0.045 seconds
[2023-11-29T23:26:36.810+0000] {processor.py:157} INFO - Started process (PID=1472) to work on /home/airflow/.local/lib/python3.8/site-packages/airflow/example_dags/example_xcomargs.py
[2023-11-29T23:26:36.812+0000] {processor.py:829} INFO - Processing file /home/airflow/.local/lib/python3.8/site-packages/airflow/example_dags/example_xcomargs.py for tasks to queue
[2023-11-29T23:26:36.813+0000] {logging_mixin.py:151} INFO - [2023-11-29T23:26:36.813+0000] {dagbag.py:539} INFO - Filling up the DagBag from /home/airflow/.local/lib/python3.8/site-packages/airflow/example_dags/example_xcomargs.py
[2023-11-29T23:26:36.819+0000] {processor.py:839} INFO - DAG(s) dict_keys(['example_xcom_args_with_operators', 'example_xcom_args']) retrieved from /home/airflow/.local/lib/python3.8/site-packages/airflow/example_dags/example_xcomargs.py
[2023-11-29T23:26:36.844+0000] {logging_mixin.py:151} INFO - [2023-11-29T23:26:36.844+0000] {dag.py:2915} INFO - Sync 2 DAGs
[2023-11-29T23:26:36.859+0000] {logging_mixin.py:151} INFO - [2023-11-29T23:26:36.859+0000] {dag.py:3696} INFO - Setting next_dagrun for example_xcom_args to None, run_after=None
[2023-11-29T23:26:36.862+0000] {logging_mixin.py:151} INFO - [2023-11-29T23:26:36.862+0000] {dag.py:3696} INFO - Setting next_dagrun for example_xcom_args_with_operators to None, run_after=None
[2023-11-29T23:26:36.872+0000] {processor.py:179} INFO - Processing /home/airflow/.local/lib/python3.8/site-packages/airflow/example_dags/example_xcomargs.py took 0.065 seconds
