[2023-11-29T13:59:11.336+0000] {processor.py:157} INFO - Started process (PID=50) to work on /home/airflow/.local/lib/python3.8/site-packages/airflow/example_dags/example_short_circuit_decorator.py
[2023-11-29T13:59:11.340+0000] {processor.py:829} INFO - Processing file /home/airflow/.local/lib/python3.8/site-packages/airflow/example_dags/example_short_circuit_decorator.py for tasks to queue
[2023-11-29T13:59:11.345+0000] {logging_mixin.py:151} INFO - [2023-11-29T13:59:11.345+0000] {dagbag.py:539} INFO - Filling up the DagBag from /home/airflow/.local/lib/python3.8/site-packages/airflow/example_dags/example_short_circuit_decorator.py
[2023-11-29T13:59:11.355+0000] {processor.py:839} INFO - DAG(s) dict_keys(['example_short_circuit_decorator']) retrieved from /home/airflow/.local/lib/python3.8/site-packages/airflow/example_dags/example_short_circuit_decorator.py
[2023-11-29T13:59:11.366+0000] {logging_mixin.py:151} INFO - [2023-11-29T13:59:11.366+0000] {dag.py:2915} INFO - Sync 1 DAGs
[2023-11-29T13:59:11.386+0000] {logging_mixin.py:151} INFO - [2023-11-29T13:59:11.386+0000] {dag.py:3696} INFO - Setting next_dagrun for example_short_circuit_decorator to 2023-11-28T13:59:11.385896+00:00, run_after=2023-11-29T13:59:11.385896+00:00
[2023-11-29T13:59:11.400+0000] {processor.py:179} INFO - Processing /home/airflow/.local/lib/python3.8/site-packages/airflow/example_dags/example_short_circuit_decorator.py took 0.069 seconds
[2023-11-29T13:59:42.170+0000] {processor.py:157} INFO - Started process (PID=104) to work on /home/airflow/.local/lib/python3.8/site-packages/airflow/example_dags/example_short_circuit_decorator.py
[2023-11-29T13:59:42.171+0000] {processor.py:829} INFO - Processing file /home/airflow/.local/lib/python3.8/site-packages/airflow/example_dags/example_short_circuit_decorator.py for tasks to queue
[2023-11-29T13:59:42.172+0000] {logging_mixin.py:151} INFO - [2023-11-29T13:59:42.172+0000] {dagbag.py:539} INFO - Filling up the DagBag from /home/airflow/.local/lib/python3.8/site-packages/airflow/example_dags/example_short_circuit_decorator.py
[2023-11-29T13:59:42.178+0000] {processor.py:839} INFO - DAG(s) dict_keys(['example_short_circuit_decorator']) retrieved from /home/airflow/.local/lib/python3.8/site-packages/airflow/example_dags/example_short_circuit_decorator.py
[2023-11-29T13:59:42.191+0000] {logging_mixin.py:151} INFO - [2023-11-29T13:59:42.191+0000] {dag.py:2915} INFO - Sync 1 DAGs
[2023-11-29T13:59:42.203+0000] {logging_mixin.py:151} INFO - [2023-11-29T13:59:42.203+0000] {dag.py:3696} INFO - Setting next_dagrun for example_short_circuit_decorator to 2023-11-28T13:59:42.203173+00:00, run_after=2023-11-29T13:59:42.203173+00:00
[2023-11-29T13:59:42.213+0000] {processor.py:179} INFO - Processing /home/airflow/.local/lib/python3.8/site-packages/airflow/example_dags/example_short_circuit_decorator.py took 0.045 seconds
[2023-11-29T14:00:12.501+0000] {processor.py:157} INFO - Started process (PID=158) to work on /home/airflow/.local/lib/python3.8/site-packages/airflow/example_dags/example_short_circuit_decorator.py
[2023-11-29T14:00:12.505+0000] {processor.py:829} INFO - Processing file /home/airflow/.local/lib/python3.8/site-packages/airflow/example_dags/example_short_circuit_decorator.py for tasks to queue
[2023-11-29T14:00:12.507+0000] {logging_mixin.py:151} INFO - [2023-11-29T14:00:12.506+0000] {dagbag.py:539} INFO - Filling up the DagBag from /home/airflow/.local/lib/python3.8/site-packages/airflow/example_dags/example_short_circuit_decorator.py
[2023-11-29T14:00:12.513+0000] {processor.py:839} INFO - DAG(s) dict_keys(['example_short_circuit_decorator']) retrieved from /home/airflow/.local/lib/python3.8/site-packages/airflow/example_dags/example_short_circuit_decorator.py
[2023-11-29T14:00:12.529+0000] {logging_mixin.py:151} INFO - [2023-11-29T14:00:12.529+0000] {dag.py:2915} INFO - Sync 1 DAGs
[2023-11-29T14:00:12.542+0000] {logging_mixin.py:151} INFO - [2023-11-29T14:00:12.542+0000] {dag.py:3696} INFO - Setting next_dagrun for example_short_circuit_decorator to 2023-11-28T14:00:12.542197+00:00, run_after=2023-11-29T14:00:12.542197+00:00
[2023-11-29T14:00:12.566+0000] {processor.py:179} INFO - Processing /home/airflow/.local/lib/python3.8/site-packages/airflow/example_dags/example_short_circuit_decorator.py took 0.071 seconds
[2023-11-29T14:00:43.338+0000] {processor.py:157} INFO - Started process (PID=212) to work on /home/airflow/.local/lib/python3.8/site-packages/airflow/example_dags/example_short_circuit_decorator.py
[2023-11-29T14:00:43.339+0000] {processor.py:829} INFO - Processing file /home/airflow/.local/lib/python3.8/site-packages/airflow/example_dags/example_short_circuit_decorator.py for tasks to queue
[2023-11-29T14:00:43.341+0000] {logging_mixin.py:151} INFO - [2023-11-29T14:00:43.341+0000] {dagbag.py:539} INFO - Filling up the DagBag from /home/airflow/.local/lib/python3.8/site-packages/airflow/example_dags/example_short_circuit_decorator.py
[2023-11-29T14:00:43.348+0000] {processor.py:839} INFO - DAG(s) dict_keys(['example_short_circuit_decorator']) retrieved from /home/airflow/.local/lib/python3.8/site-packages/airflow/example_dags/example_short_circuit_decorator.py
[2023-11-29T14:00:43.362+0000] {logging_mixin.py:151} INFO - [2023-11-29T14:00:43.362+0000] {dag.py:2915} INFO - Sync 1 DAGs
[2023-11-29T14:00:43.373+0000] {logging_mixin.py:151} INFO - [2023-11-29T14:00:43.373+0000] {dag.py:3696} INFO - Setting next_dagrun for example_short_circuit_decorator to 2023-11-28T14:00:43.373516+00:00, run_after=2023-11-29T14:00:43.373516+00:00
[2023-11-29T14:00:43.382+0000] {processor.py:179} INFO - Processing /home/airflow/.local/lib/python3.8/site-packages/airflow/example_dags/example_short_circuit_decorator.py took 0.047 seconds
[2023-11-29T14:01:13.670+0000] {processor.py:157} INFO - Started process (PID=266) to work on /home/airflow/.local/lib/python3.8/site-packages/airflow/example_dags/example_short_circuit_decorator.py
[2023-11-29T14:01:13.671+0000] {processor.py:829} INFO - Processing file /home/airflow/.local/lib/python3.8/site-packages/airflow/example_dags/example_short_circuit_decorator.py for tasks to queue
[2023-11-29T14:01:13.673+0000] {logging_mixin.py:151} INFO - [2023-11-29T14:01:13.673+0000] {dagbag.py:539} INFO - Filling up the DagBag from /home/airflow/.local/lib/python3.8/site-packages/airflow/example_dags/example_short_circuit_decorator.py
[2023-11-29T14:01:13.680+0000] {processor.py:839} INFO - DAG(s) dict_keys(['example_short_circuit_decorator']) retrieved from /home/airflow/.local/lib/python3.8/site-packages/airflow/example_dags/example_short_circuit_decorator.py
[2023-11-29T14:01:13.710+0000] {logging_mixin.py:151} INFO - [2023-11-29T14:01:13.710+0000] {dag.py:2915} INFO - Sync 1 DAGs
[2023-11-29T14:01:13.733+0000] {logging_mixin.py:151} INFO - [2023-11-29T14:01:13.733+0000] {dag.py:3696} INFO - Setting next_dagrun for example_short_circuit_decorator to 2023-11-28T14:01:13.733088+00:00, run_after=2023-11-29T14:01:13.733088+00:00
[2023-11-29T14:01:13.757+0000] {processor.py:179} INFO - Processing /home/airflow/.local/lib/python3.8/site-packages/airflow/example_dags/example_short_circuit_decorator.py took 0.091 seconds
[2023-11-29T14:01:44.067+0000] {processor.py:157} INFO - Started process (PID=320) to work on /home/airflow/.local/lib/python3.8/site-packages/airflow/example_dags/example_short_circuit_decorator.py
[2023-11-29T14:01:44.068+0000] {processor.py:829} INFO - Processing file /home/airflow/.local/lib/python3.8/site-packages/airflow/example_dags/example_short_circuit_decorator.py for tasks to queue
[2023-11-29T14:01:44.070+0000] {logging_mixin.py:151} INFO - [2023-11-29T14:01:44.069+0000] {dagbag.py:539} INFO - Filling up the DagBag from /home/airflow/.local/lib/python3.8/site-packages/airflow/example_dags/example_short_circuit_decorator.py
[2023-11-29T14:01:44.075+0000] {processor.py:839} INFO - DAG(s) dict_keys(['example_short_circuit_decorator']) retrieved from /home/airflow/.local/lib/python3.8/site-packages/airflow/example_dags/example_short_circuit_decorator.py
[2023-11-29T14:01:44.087+0000] {logging_mixin.py:151} INFO - [2023-11-29T14:01:44.087+0000] {dag.py:2915} INFO - Sync 1 DAGs
[2023-11-29T14:01:44.097+0000] {logging_mixin.py:151} INFO - [2023-11-29T14:01:44.097+0000] {dag.py:3696} INFO - Setting next_dagrun for example_short_circuit_decorator to 2023-11-28T14:01:44.097550+00:00, run_after=2023-11-29T14:01:44.097550+00:00
[2023-11-29T14:01:44.105+0000] {processor.py:179} INFO - Processing /home/airflow/.local/lib/python3.8/site-packages/airflow/example_dags/example_short_circuit_decorator.py took 0.040 seconds
[2023-11-29T14:02:14.357+0000] {processor.py:157} INFO - Started process (PID=374) to work on /home/airflow/.local/lib/python3.8/site-packages/airflow/example_dags/example_short_circuit_decorator.py
[2023-11-29T14:02:14.358+0000] {processor.py:829} INFO - Processing file /home/airflow/.local/lib/python3.8/site-packages/airflow/example_dags/example_short_circuit_decorator.py for tasks to queue
[2023-11-29T14:02:14.359+0000] {logging_mixin.py:151} INFO - [2023-11-29T14:02:14.359+0000] {dagbag.py:539} INFO - Filling up the DagBag from /home/airflow/.local/lib/python3.8/site-packages/airflow/example_dags/example_short_circuit_decorator.py
[2023-11-29T14:02:14.365+0000] {processor.py:839} INFO - DAG(s) dict_keys(['example_short_circuit_decorator']) retrieved from /home/airflow/.local/lib/python3.8/site-packages/airflow/example_dags/example_short_circuit_decorator.py
[2023-11-29T14:02:14.378+0000] {logging_mixin.py:151} INFO - [2023-11-29T14:02:14.378+0000] {dag.py:2915} INFO - Sync 1 DAGs
[2023-11-29T14:02:14.389+0000] {logging_mixin.py:151} INFO - [2023-11-29T14:02:14.389+0000] {dag.py:3696} INFO - Setting next_dagrun for example_short_circuit_decorator to 2023-11-28T14:02:14.389401+00:00, run_after=2023-11-29T14:02:14.389401+00:00
[2023-11-29T14:02:14.398+0000] {processor.py:179} INFO - Processing /home/airflow/.local/lib/python3.8/site-packages/airflow/example_dags/example_short_circuit_decorator.py took 0.043 seconds
[2023-11-29T14:02:44.857+0000] {processor.py:157} INFO - Started process (PID=428) to work on /home/airflow/.local/lib/python3.8/site-packages/airflow/example_dags/example_short_circuit_decorator.py
[2023-11-29T14:02:44.858+0000] {processor.py:829} INFO - Processing file /home/airflow/.local/lib/python3.8/site-packages/airflow/example_dags/example_short_circuit_decorator.py for tasks to queue
[2023-11-29T14:02:44.859+0000] {logging_mixin.py:151} INFO - [2023-11-29T14:02:44.859+0000] {dagbag.py:539} INFO - Filling up the DagBag from /home/airflow/.local/lib/python3.8/site-packages/airflow/example_dags/example_short_circuit_decorator.py
[2023-11-29T14:02:44.865+0000] {processor.py:839} INFO - DAG(s) dict_keys(['example_short_circuit_decorator']) retrieved from /home/airflow/.local/lib/python3.8/site-packages/airflow/example_dags/example_short_circuit_decorator.py
[2023-11-29T14:02:44.878+0000] {logging_mixin.py:151} INFO - [2023-11-29T14:02:44.878+0000] {dag.py:2915} INFO - Sync 1 DAGs
[2023-11-29T14:02:44.889+0000] {logging_mixin.py:151} INFO - [2023-11-29T14:02:44.889+0000] {dag.py:3696} INFO - Setting next_dagrun for example_short_circuit_decorator to 2023-11-28T14:02:44.889475+00:00, run_after=2023-11-29T14:02:44.889475+00:00
[2023-11-29T14:02:44.898+0000] {processor.py:179} INFO - Processing /home/airflow/.local/lib/python3.8/site-packages/airflow/example_dags/example_short_circuit_decorator.py took 0.043 seconds
[2023-11-29T14:03:17.938+0000] {processor.py:157} INFO - Started process (PID=481) to work on /home/airflow/.local/lib/python3.8/site-packages/airflow/example_dags/example_short_circuit_decorator.py
[2023-11-29T14:03:17.940+0000] {processor.py:829} INFO - Processing file /home/airflow/.local/lib/python3.8/site-packages/airflow/example_dags/example_short_circuit_decorator.py for tasks to queue
[2023-11-29T14:03:17.942+0000] {logging_mixin.py:151} INFO - [2023-11-29T14:03:17.942+0000] {dagbag.py:539} INFO - Filling up the DagBag from /home/airflow/.local/lib/python3.8/site-packages/airflow/example_dags/example_short_circuit_decorator.py
[2023-11-29T14:03:17.971+0000] {processor.py:839} INFO - DAG(s) dict_keys(['example_short_circuit_decorator']) retrieved from /home/airflow/.local/lib/python3.8/site-packages/airflow/example_dags/example_short_circuit_decorator.py
[2023-11-29T14:03:18.001+0000] {logging_mixin.py:151} INFO - [2023-11-29T14:03:18.000+0000] {dag.py:2915} INFO - Sync 1 DAGs
[2023-11-29T14:03:18.026+0000] {logging_mixin.py:151} INFO - [2023-11-29T14:03:18.026+0000] {dag.py:3696} INFO - Setting next_dagrun for example_short_circuit_decorator to 2023-11-28T14:03:18.026146+00:00, run_after=2023-11-29T14:03:18.026146+00:00
[2023-11-29T14:03:18.047+0000] {processor.py:179} INFO - Processing /home/airflow/.local/lib/python3.8/site-packages/airflow/example_dags/example_short_circuit_decorator.py took 0.113 seconds
[2023-11-29T15:06:10.469+0000] {processor.py:157} INFO - Started process (PID=526) to work on /home/airflow/.local/lib/python3.8/site-packages/airflow/example_dags/example_short_circuit_decorator.py
[2023-11-29T15:06:10.474+0000] {processor.py:829} INFO - Processing file /home/airflow/.local/lib/python3.8/site-packages/airflow/example_dags/example_short_circuit_decorator.py for tasks to queue
[2023-11-29T15:06:10.478+0000] {logging_mixin.py:151} INFO - [2023-11-29T15:06:10.478+0000] {dagbag.py:539} INFO - Filling up the DagBag from /home/airflow/.local/lib/python3.8/site-packages/airflow/example_dags/example_short_circuit_decorator.py
[2023-11-29T15:06:10.504+0000] {processor.py:839} INFO - DAG(s) dict_keys(['example_short_circuit_decorator']) retrieved from /home/airflow/.local/lib/python3.8/site-packages/airflow/example_dags/example_short_circuit_decorator.py
[2023-11-29T15:06:10.542+0000] {logging_mixin.py:151} INFO - [2023-11-29T15:06:10.542+0000] {dag.py:2915} INFO - Sync 1 DAGs
[2023-11-29T15:06:10.571+0000] {logging_mixin.py:151} INFO - [2023-11-29T15:06:10.570+0000] {dag.py:3696} INFO - Setting next_dagrun for example_short_circuit_decorator to 2023-11-28T15:06:10.569989+00:00, run_after=2023-11-29T15:06:10.569989+00:00
[2023-11-29T15:06:10.595+0000] {processor.py:179} INFO - Processing /home/airflow/.local/lib/python3.8/site-packages/airflow/example_dags/example_short_circuit_decorator.py took 0.130 seconds
[2023-11-29T15:06:40.745+0000] {processor.py:157} INFO - Started process (PID=580) to work on /home/airflow/.local/lib/python3.8/site-packages/airflow/example_dags/example_short_circuit_decorator.py
[2023-11-29T15:06:40.746+0000] {processor.py:829} INFO - Processing file /home/airflow/.local/lib/python3.8/site-packages/airflow/example_dags/example_short_circuit_decorator.py for tasks to queue
[2023-11-29T15:06:40.748+0000] {logging_mixin.py:151} INFO - [2023-11-29T15:06:40.747+0000] {dagbag.py:539} INFO - Filling up the DagBag from /home/airflow/.local/lib/python3.8/site-packages/airflow/example_dags/example_short_circuit_decorator.py
[2023-11-29T15:06:40.753+0000] {processor.py:839} INFO - DAG(s) dict_keys(['example_short_circuit_decorator']) retrieved from /home/airflow/.local/lib/python3.8/site-packages/airflow/example_dags/example_short_circuit_decorator.py
[2023-11-29T15:06:40.768+0000] {logging_mixin.py:151} INFO - [2023-11-29T15:06:40.768+0000] {dag.py:2915} INFO - Sync 1 DAGs
[2023-11-29T15:06:40.781+0000] {logging_mixin.py:151} INFO - [2023-11-29T15:06:40.781+0000] {dag.py:3696} INFO - Setting next_dagrun for example_short_circuit_decorator to 2023-11-28T15:06:40.781170+00:00, run_after=2023-11-29T15:06:40.781170+00:00
[2023-11-29T15:06:40.790+0000] {processor.py:179} INFO - Processing /home/airflow/.local/lib/python3.8/site-packages/airflow/example_dags/example_short_circuit_decorator.py took 0.048 seconds
[2023-11-29T15:07:11.679+0000] {processor.py:157} INFO - Started process (PID=634) to work on /home/airflow/.local/lib/python3.8/site-packages/airflow/example_dags/example_short_circuit_decorator.py
[2023-11-29T15:07:11.683+0000] {processor.py:829} INFO - Processing file /home/airflow/.local/lib/python3.8/site-packages/airflow/example_dags/example_short_circuit_decorator.py for tasks to queue
[2023-11-29T15:07:11.685+0000] {logging_mixin.py:151} INFO - [2023-11-29T15:07:11.685+0000] {dagbag.py:539} INFO - Filling up the DagBag from /home/airflow/.local/lib/python3.8/site-packages/airflow/example_dags/example_short_circuit_decorator.py
[2023-11-29T15:07:11.694+0000] {processor.py:839} INFO - DAG(s) dict_keys(['example_short_circuit_decorator']) retrieved from /home/airflow/.local/lib/python3.8/site-packages/airflow/example_dags/example_short_circuit_decorator.py
[2023-11-29T15:07:11.712+0000] {logging_mixin.py:151} INFO - [2023-11-29T15:07:11.712+0000] {dag.py:2915} INFO - Sync 1 DAGs
[2023-11-29T15:07:11.727+0000] {logging_mixin.py:151} INFO - [2023-11-29T15:07:11.727+0000] {dag.py:3696} INFO - Setting next_dagrun for example_short_circuit_decorator to 2023-11-28T15:07:11.727598+00:00, run_after=2023-11-29T15:07:11.727598+00:00
[2023-11-29T15:07:11.739+0000] {processor.py:179} INFO - Processing /home/airflow/.local/lib/python3.8/site-packages/airflow/example_dags/example_short_circuit_decorator.py took 0.066 seconds
[2023-11-29T15:07:42.043+0000] {processor.py:157} INFO - Started process (PID=688) to work on /home/airflow/.local/lib/python3.8/site-packages/airflow/example_dags/example_short_circuit_decorator.py
[2023-11-29T15:07:42.044+0000] {processor.py:829} INFO - Processing file /home/airflow/.local/lib/python3.8/site-packages/airflow/example_dags/example_short_circuit_decorator.py for tasks to queue
[2023-11-29T15:07:42.046+0000] {logging_mixin.py:151} INFO - [2023-11-29T15:07:42.045+0000] {dagbag.py:539} INFO - Filling up the DagBag from /home/airflow/.local/lib/python3.8/site-packages/airflow/example_dags/example_short_circuit_decorator.py
[2023-11-29T15:07:42.052+0000] {processor.py:839} INFO - DAG(s) dict_keys(['example_short_circuit_decorator']) retrieved from /home/airflow/.local/lib/python3.8/site-packages/airflow/example_dags/example_short_circuit_decorator.py
[2023-11-29T15:07:42.067+0000] {logging_mixin.py:151} INFO - [2023-11-29T15:07:42.067+0000] {dag.py:2915} INFO - Sync 1 DAGs
[2023-11-29T15:07:42.077+0000] {logging_mixin.py:151} INFO - [2023-11-29T15:07:42.077+0000] {dag.py:3696} INFO - Setting next_dagrun for example_short_circuit_decorator to 2023-11-28T15:07:42.076948+00:00, run_after=2023-11-29T15:07:42.076948+00:00
[2023-11-29T15:07:42.085+0000] {processor.py:179} INFO - Processing /home/airflow/.local/lib/python3.8/site-packages/airflow/example_dags/example_short_circuit_decorator.py took 0.046 seconds
[2023-11-29T15:08:12.714+0000] {processor.py:157} INFO - Started process (PID=742) to work on /home/airflow/.local/lib/python3.8/site-packages/airflow/example_dags/example_short_circuit_decorator.py
[2023-11-29T15:08:12.714+0000] {processor.py:829} INFO - Processing file /home/airflow/.local/lib/python3.8/site-packages/airflow/example_dags/example_short_circuit_decorator.py for tasks to queue
[2023-11-29T15:08:12.716+0000] {logging_mixin.py:151} INFO - [2023-11-29T15:08:12.716+0000] {dagbag.py:539} INFO - Filling up the DagBag from /home/airflow/.local/lib/python3.8/site-packages/airflow/example_dags/example_short_circuit_decorator.py
[2023-11-29T15:08:12.721+0000] {processor.py:839} INFO - DAG(s) dict_keys(['example_short_circuit_decorator']) retrieved from /home/airflow/.local/lib/python3.8/site-packages/airflow/example_dags/example_short_circuit_decorator.py
[2023-11-29T15:08:12.734+0000] {logging_mixin.py:151} INFO - [2023-11-29T15:08:12.733+0000] {dag.py:2915} INFO - Sync 1 DAGs
[2023-11-29T15:08:12.744+0000] {logging_mixin.py:151} INFO - [2023-11-29T15:08:12.744+0000] {dag.py:3696} INFO - Setting next_dagrun for example_short_circuit_decorator to 2023-11-28T15:08:12.744315+00:00, run_after=2023-11-29T15:08:12.744315+00:00
[2023-11-29T15:08:12.752+0000] {processor.py:179} INFO - Processing /home/airflow/.local/lib/python3.8/site-packages/airflow/example_dags/example_short_circuit_decorator.py took 0.042 seconds
[2023-11-29T15:08:43.317+0000] {processor.py:157} INFO - Started process (PID=796) to work on /home/airflow/.local/lib/python3.8/site-packages/airflow/example_dags/example_short_circuit_decorator.py
[2023-11-29T15:08:43.319+0000] {processor.py:829} INFO - Processing file /home/airflow/.local/lib/python3.8/site-packages/airflow/example_dags/example_short_circuit_decorator.py for tasks to queue
[2023-11-29T15:08:43.321+0000] {logging_mixin.py:151} INFO - [2023-11-29T15:08:43.320+0000] {dagbag.py:539} INFO - Filling up the DagBag from /home/airflow/.local/lib/python3.8/site-packages/airflow/example_dags/example_short_circuit_decorator.py
[2023-11-29T15:08:43.327+0000] {processor.py:839} INFO - DAG(s) dict_keys(['example_short_circuit_decorator']) retrieved from /home/airflow/.local/lib/python3.8/site-packages/airflow/example_dags/example_short_circuit_decorator.py
[2023-11-29T15:08:43.344+0000] {logging_mixin.py:151} INFO - [2023-11-29T15:08:43.344+0000] {dag.py:2915} INFO - Sync 1 DAGs
[2023-11-29T15:08:43.359+0000] {logging_mixin.py:151} INFO - [2023-11-29T15:08:43.359+0000] {dag.py:3696} INFO - Setting next_dagrun for example_short_circuit_decorator to 2023-11-28T15:08:43.359048+00:00, run_after=2023-11-29T15:08:43.359048+00:00
[2023-11-29T15:08:43.369+0000] {processor.py:179} INFO - Processing /home/airflow/.local/lib/python3.8/site-packages/airflow/example_dags/example_short_circuit_decorator.py took 0.055 seconds
[2023-11-29T15:09:13.980+0000] {processor.py:157} INFO - Started process (PID=850) to work on /home/airflow/.local/lib/python3.8/site-packages/airflow/example_dags/example_short_circuit_decorator.py
[2023-11-29T15:09:13.981+0000] {processor.py:829} INFO - Processing file /home/airflow/.local/lib/python3.8/site-packages/airflow/example_dags/example_short_circuit_decorator.py for tasks to queue
[2023-11-29T15:09:13.983+0000] {logging_mixin.py:151} INFO - [2023-11-29T15:09:13.982+0000] {dagbag.py:539} INFO - Filling up the DagBag from /home/airflow/.local/lib/python3.8/site-packages/airflow/example_dags/example_short_circuit_decorator.py
[2023-11-29T15:09:13.990+0000] {processor.py:839} INFO - DAG(s) dict_keys(['example_short_circuit_decorator']) retrieved from /home/airflow/.local/lib/python3.8/site-packages/airflow/example_dags/example_short_circuit_decorator.py
[2023-11-29T15:09:14.002+0000] {logging_mixin.py:151} INFO - [2023-11-29T15:09:14.002+0000] {dag.py:2915} INFO - Sync 1 DAGs
[2023-11-29T15:09:14.013+0000] {logging_mixin.py:151} INFO - [2023-11-29T15:09:14.013+0000] {dag.py:3696} INFO - Setting next_dagrun for example_short_circuit_decorator to 2023-11-28T15:09:14.013633+00:00, run_after=2023-11-29T15:09:14.013633+00:00
[2023-11-29T15:09:14.022+0000] {processor.py:179} INFO - Processing /home/airflow/.local/lib/python3.8/site-packages/airflow/example_dags/example_short_circuit_decorator.py took 0.044 seconds
[2023-11-29T15:09:44.386+0000] {processor.py:157} INFO - Started process (PID=904) to work on /home/airflow/.local/lib/python3.8/site-packages/airflow/example_dags/example_short_circuit_decorator.py
[2023-11-29T15:09:44.387+0000] {processor.py:829} INFO - Processing file /home/airflow/.local/lib/python3.8/site-packages/airflow/example_dags/example_short_circuit_decorator.py for tasks to queue
[2023-11-29T15:09:44.388+0000] {logging_mixin.py:151} INFO - [2023-11-29T15:09:44.388+0000] {dagbag.py:539} INFO - Filling up the DagBag from /home/airflow/.local/lib/python3.8/site-packages/airflow/example_dags/example_short_circuit_decorator.py
[2023-11-29T15:09:44.394+0000] {processor.py:839} INFO - DAG(s) dict_keys(['example_short_circuit_decorator']) retrieved from /home/airflow/.local/lib/python3.8/site-packages/airflow/example_dags/example_short_circuit_decorator.py
[2023-11-29T15:09:44.408+0000] {logging_mixin.py:151} INFO - [2023-11-29T15:09:44.408+0000] {dag.py:2915} INFO - Sync 1 DAGs
[2023-11-29T15:09:44.418+0000] {logging_mixin.py:151} INFO - [2023-11-29T15:09:44.418+0000] {dag.py:3696} INFO - Setting next_dagrun for example_short_circuit_decorator to 2023-11-28T15:09:44.418494+00:00, run_after=2023-11-29T15:09:44.418494+00:00
[2023-11-29T15:09:44.427+0000] {processor.py:179} INFO - Processing /home/airflow/.local/lib/python3.8/site-packages/airflow/example_dags/example_short_circuit_decorator.py took 0.044 seconds
[2023-11-29T15:10:15.217+0000] {processor.py:157} INFO - Started process (PID=958) to work on /home/airflow/.local/lib/python3.8/site-packages/airflow/example_dags/example_short_circuit_decorator.py
[2023-11-29T15:10:15.218+0000] {processor.py:829} INFO - Processing file /home/airflow/.local/lib/python3.8/site-packages/airflow/example_dags/example_short_circuit_decorator.py for tasks to queue
[2023-11-29T15:10:15.220+0000] {logging_mixin.py:151} INFO - [2023-11-29T15:10:15.220+0000] {dagbag.py:539} INFO - Filling up the DagBag from /home/airflow/.local/lib/python3.8/site-packages/airflow/example_dags/example_short_circuit_decorator.py
[2023-11-29T15:10:15.226+0000] {processor.py:839} INFO - DAG(s) dict_keys(['example_short_circuit_decorator']) retrieved from /home/airflow/.local/lib/python3.8/site-packages/airflow/example_dags/example_short_circuit_decorator.py
[2023-11-29T15:10:15.239+0000] {logging_mixin.py:151} INFO - [2023-11-29T15:10:15.239+0000] {dag.py:2915} INFO - Sync 1 DAGs
[2023-11-29T15:10:15.250+0000] {logging_mixin.py:151} INFO - [2023-11-29T15:10:15.250+0000] {dag.py:3696} INFO - Setting next_dagrun for example_short_circuit_decorator to 2023-11-28T15:10:15.250533+00:00, run_after=2023-11-29T15:10:15.250533+00:00
[2023-11-29T15:10:15.258+0000] {processor.py:179} INFO - Processing /home/airflow/.local/lib/python3.8/site-packages/airflow/example_dags/example_short_circuit_decorator.py took 0.044 seconds
[2023-11-29T15:10:46.948+0000] {processor.py:157} INFO - Started process (PID=1012) to work on /home/airflow/.local/lib/python3.8/site-packages/airflow/example_dags/example_short_circuit_decorator.py
[2023-11-29T15:10:46.951+0000] {processor.py:829} INFO - Processing file /home/airflow/.local/lib/python3.8/site-packages/airflow/example_dags/example_short_circuit_decorator.py for tasks to queue
[2023-11-29T15:10:46.955+0000] {logging_mixin.py:151} INFO - [2023-11-29T15:10:46.954+0000] {dagbag.py:539} INFO - Filling up the DagBag from /home/airflow/.local/lib/python3.8/site-packages/airflow/example_dags/example_short_circuit_decorator.py
[2023-11-29T15:10:46.974+0000] {processor.py:839} INFO - DAG(s) dict_keys(['example_short_circuit_decorator']) retrieved from /home/airflow/.local/lib/python3.8/site-packages/airflow/example_dags/example_short_circuit_decorator.py
[2023-11-29T15:10:47.042+0000] {logging_mixin.py:151} INFO - [2023-11-29T15:10:47.042+0000] {dag.py:2915} INFO - Sync 1 DAGs
[2023-11-29T15:10:47.102+0000] {logging_mixin.py:151} INFO - [2023-11-29T15:10:47.101+0000] {dag.py:3696} INFO - Setting next_dagrun for example_short_circuit_decorator to 2023-11-28T15:10:47.100374+00:00, run_after=2023-11-29T15:10:47.100374+00:00
[2023-11-29T15:10:47.181+0000] {processor.py:179} INFO - Processing /home/airflow/.local/lib/python3.8/site-packages/airflow/example_dags/example_short_circuit_decorator.py took 0.240 seconds
[2023-11-29T15:11:17.864+0000] {processor.py:157} INFO - Started process (PID=1066) to work on /home/airflow/.local/lib/python3.8/site-packages/airflow/example_dags/example_short_circuit_decorator.py
[2023-11-29T15:11:17.868+0000] {processor.py:829} INFO - Processing file /home/airflow/.local/lib/python3.8/site-packages/airflow/example_dags/example_short_circuit_decorator.py for tasks to queue
[2023-11-29T15:11:17.873+0000] {logging_mixin.py:151} INFO - [2023-11-29T15:11:17.872+0000] {dagbag.py:539} INFO - Filling up the DagBag from /home/airflow/.local/lib/python3.8/site-packages/airflow/example_dags/example_short_circuit_decorator.py
[2023-11-29T15:11:17.893+0000] {processor.py:839} INFO - DAG(s) dict_keys(['example_short_circuit_decorator']) retrieved from /home/airflow/.local/lib/python3.8/site-packages/airflow/example_dags/example_short_circuit_decorator.py
[2023-11-29T15:11:17.918+0000] {logging_mixin.py:151} INFO - [2023-11-29T15:11:17.918+0000] {dag.py:2915} INFO - Sync 1 DAGs
[2023-11-29T15:11:17.953+0000] {logging_mixin.py:151} INFO - [2023-11-29T15:11:17.953+0000] {dag.py:3696} INFO - Setting next_dagrun for example_short_circuit_decorator to 2023-11-28T15:11:17.952734+00:00, run_after=2023-11-29T15:11:17.952734+00:00
[2023-11-29T15:11:17.976+0000] {processor.py:179} INFO - Processing /home/airflow/.local/lib/python3.8/site-packages/airflow/example_dags/example_short_circuit_decorator.py took 0.123 seconds
[2023-11-29T15:11:48.739+0000] {processor.py:157} INFO - Started process (PID=1127) to work on /home/airflow/.local/lib/python3.8/site-packages/airflow/example_dags/example_short_circuit_decorator.py
[2023-11-29T15:11:48.741+0000] {processor.py:829} INFO - Processing file /home/airflow/.local/lib/python3.8/site-packages/airflow/example_dags/example_short_circuit_decorator.py for tasks to queue
[2023-11-29T15:11:48.743+0000] {logging_mixin.py:151} INFO - [2023-11-29T15:11:48.743+0000] {dagbag.py:539} INFO - Filling up the DagBag from /home/airflow/.local/lib/python3.8/site-packages/airflow/example_dags/example_short_circuit_decorator.py
[2023-11-29T15:11:48.752+0000] {processor.py:839} INFO - DAG(s) dict_keys(['example_short_circuit_decorator']) retrieved from /home/airflow/.local/lib/python3.8/site-packages/airflow/example_dags/example_short_circuit_decorator.py
[2023-11-29T15:11:48.767+0000] {logging_mixin.py:151} INFO - [2023-11-29T15:11:48.767+0000] {dag.py:2915} INFO - Sync 1 DAGs
[2023-11-29T15:11:48.778+0000] {logging_mixin.py:151} INFO - [2023-11-29T15:11:48.778+0000] {dag.py:3696} INFO - Setting next_dagrun for example_short_circuit_decorator to 2023-11-28T15:11:48.778459+00:00, run_after=2023-11-29T15:11:48.778459+00:00
[2023-11-29T15:11:48.788+0000] {processor.py:179} INFO - Processing /home/airflow/.local/lib/python3.8/site-packages/airflow/example_dags/example_short_circuit_decorator.py took 0.051 seconds
[2023-11-29T15:12:19.717+0000] {processor.py:157} INFO - Started process (PID=1181) to work on /home/airflow/.local/lib/python3.8/site-packages/airflow/example_dags/example_short_circuit_decorator.py
[2023-11-29T15:12:19.718+0000] {processor.py:829} INFO - Processing file /home/airflow/.local/lib/python3.8/site-packages/airflow/example_dags/example_short_circuit_decorator.py for tasks to queue
[2023-11-29T15:12:19.719+0000] {logging_mixin.py:151} INFO - [2023-11-29T15:12:19.719+0000] {dagbag.py:539} INFO - Filling up the DagBag from /home/airflow/.local/lib/python3.8/site-packages/airflow/example_dags/example_short_circuit_decorator.py
[2023-11-29T15:12:19.725+0000] {processor.py:839} INFO - DAG(s) dict_keys(['example_short_circuit_decorator']) retrieved from /home/airflow/.local/lib/python3.8/site-packages/airflow/example_dags/example_short_circuit_decorator.py
[2023-11-29T15:12:19.739+0000] {logging_mixin.py:151} INFO - [2023-11-29T15:12:19.739+0000] {dag.py:2915} INFO - Sync 1 DAGs
[2023-11-29T15:12:19.750+0000] {logging_mixin.py:151} INFO - [2023-11-29T15:12:19.750+0000] {dag.py:3696} INFO - Setting next_dagrun for example_short_circuit_decorator to 2023-11-28T15:12:19.750532+00:00, run_after=2023-11-29T15:12:19.750532+00:00
[2023-11-29T15:12:19.760+0000] {processor.py:179} INFO - Processing /home/airflow/.local/lib/python3.8/site-packages/airflow/example_dags/example_short_circuit_decorator.py took 0.046 seconds
[2023-11-29T15:12:49.886+0000] {processor.py:157} INFO - Started process (PID=1235) to work on /home/airflow/.local/lib/python3.8/site-packages/airflow/example_dags/example_short_circuit_decorator.py
[2023-11-29T15:12:49.887+0000] {processor.py:829} INFO - Processing file /home/airflow/.local/lib/python3.8/site-packages/airflow/example_dags/example_short_circuit_decorator.py for tasks to queue
[2023-11-29T15:12:49.889+0000] {logging_mixin.py:151} INFO - [2023-11-29T15:12:49.889+0000] {dagbag.py:539} INFO - Filling up the DagBag from /home/airflow/.local/lib/python3.8/site-packages/airflow/example_dags/example_short_circuit_decorator.py
[2023-11-29T15:12:49.894+0000] {processor.py:839} INFO - DAG(s) dict_keys(['example_short_circuit_decorator']) retrieved from /home/airflow/.local/lib/python3.8/site-packages/airflow/example_dags/example_short_circuit_decorator.py
[2023-11-29T15:12:49.907+0000] {logging_mixin.py:151} INFO - [2023-11-29T15:12:49.907+0000] {dag.py:2915} INFO - Sync 1 DAGs
[2023-11-29T15:12:49.917+0000] {logging_mixin.py:151} INFO - [2023-11-29T15:12:49.917+0000] {dag.py:3696} INFO - Setting next_dagrun for example_short_circuit_decorator to 2023-11-28T15:12:49.916988+00:00, run_after=2023-11-29T15:12:49.916988+00:00
[2023-11-29T15:12:49.925+0000] {processor.py:179} INFO - Processing /home/airflow/.local/lib/python3.8/site-packages/airflow/example_dags/example_short_circuit_decorator.py took 0.041 seconds
[2023-11-29T15:13:20.597+0000] {processor.py:157} INFO - Started process (PID=1289) to work on /home/airflow/.local/lib/python3.8/site-packages/airflow/example_dags/example_short_circuit_decorator.py
[2023-11-29T15:13:20.598+0000] {processor.py:829} INFO - Processing file /home/airflow/.local/lib/python3.8/site-packages/airflow/example_dags/example_short_circuit_decorator.py for tasks to queue
[2023-11-29T15:13:20.600+0000] {logging_mixin.py:151} INFO - [2023-11-29T15:13:20.600+0000] {dagbag.py:539} INFO - Filling up the DagBag from /home/airflow/.local/lib/python3.8/site-packages/airflow/example_dags/example_short_circuit_decorator.py
[2023-11-29T15:13:20.606+0000] {processor.py:839} INFO - DAG(s) dict_keys(['example_short_circuit_decorator']) retrieved from /home/airflow/.local/lib/python3.8/site-packages/airflow/example_dags/example_short_circuit_decorator.py
[2023-11-29T15:13:20.620+0000] {logging_mixin.py:151} INFO - [2023-11-29T15:13:20.620+0000] {dag.py:2915} INFO - Sync 1 DAGs
[2023-11-29T15:13:20.631+0000] {logging_mixin.py:151} INFO - [2023-11-29T15:13:20.631+0000] {dag.py:3696} INFO - Setting next_dagrun for example_short_circuit_decorator to 2023-11-28T15:13:20.631735+00:00, run_after=2023-11-29T15:13:20.631735+00:00
[2023-11-29T15:13:20.640+0000] {processor.py:179} INFO - Processing /home/airflow/.local/lib/python3.8/site-packages/airflow/example_dags/example_short_circuit_decorator.py took 0.045 seconds
[2023-11-29T15:13:51.701+0000] {processor.py:157} INFO - Started process (PID=1343) to work on /home/airflow/.local/lib/python3.8/site-packages/airflow/example_dags/example_short_circuit_decorator.py
[2023-11-29T15:13:51.703+0000] {processor.py:829} INFO - Processing file /home/airflow/.local/lib/python3.8/site-packages/airflow/example_dags/example_short_circuit_decorator.py for tasks to queue
[2023-11-29T15:13:51.706+0000] {logging_mixin.py:151} INFO - [2023-11-29T15:13:51.705+0000] {dagbag.py:539} INFO - Filling up the DagBag from /home/airflow/.local/lib/python3.8/site-packages/airflow/example_dags/example_short_circuit_decorator.py
[2023-11-29T15:13:51.720+0000] {processor.py:839} INFO - DAG(s) dict_keys(['example_short_circuit_decorator']) retrieved from /home/airflow/.local/lib/python3.8/site-packages/airflow/example_dags/example_short_circuit_decorator.py
[2023-11-29T15:13:51.736+0000] {logging_mixin.py:151} INFO - [2023-11-29T15:13:51.736+0000] {dag.py:2915} INFO - Sync 1 DAGs
[2023-11-29T15:13:51.748+0000] {logging_mixin.py:151} INFO - [2023-11-29T15:13:51.748+0000] {dag.py:3696} INFO - Setting next_dagrun for example_short_circuit_decorator to 2023-11-28T15:13:51.747860+00:00, run_after=2023-11-29T15:13:51.747860+00:00
[2023-11-29T15:13:51.757+0000] {processor.py:179} INFO - Processing /home/airflow/.local/lib/python3.8/site-packages/airflow/example_dags/example_short_circuit_decorator.py took 0.060 seconds
[2023-11-29T15:14:22.556+0000] {processor.py:157} INFO - Started process (PID=1397) to work on /home/airflow/.local/lib/python3.8/site-packages/airflow/example_dags/example_short_circuit_decorator.py
[2023-11-29T15:14:22.557+0000] {processor.py:829} INFO - Processing file /home/airflow/.local/lib/python3.8/site-packages/airflow/example_dags/example_short_circuit_decorator.py for tasks to queue
[2023-11-29T15:14:22.558+0000] {logging_mixin.py:151} INFO - [2023-11-29T15:14:22.558+0000] {dagbag.py:539} INFO - Filling up the DagBag from /home/airflow/.local/lib/python3.8/site-packages/airflow/example_dags/example_short_circuit_decorator.py
[2023-11-29T15:14:22.564+0000] {processor.py:839} INFO - DAG(s) dict_keys(['example_short_circuit_decorator']) retrieved from /home/airflow/.local/lib/python3.8/site-packages/airflow/example_dags/example_short_circuit_decorator.py
[2023-11-29T15:14:22.578+0000] {logging_mixin.py:151} INFO - [2023-11-29T15:14:22.578+0000] {dag.py:2915} INFO - Sync 1 DAGs
[2023-11-29T15:14:22.590+0000] {logging_mixin.py:151} INFO - [2023-11-29T15:14:22.590+0000] {dag.py:3696} INFO - Setting next_dagrun for example_short_circuit_decorator to 2023-11-28T15:14:22.590306+00:00, run_after=2023-11-29T15:14:22.590306+00:00
[2023-11-29T15:14:22.599+0000] {processor.py:179} INFO - Processing /home/airflow/.local/lib/python3.8/site-packages/airflow/example_dags/example_short_circuit_decorator.py took 0.046 seconds
[2023-11-29T15:14:53.445+0000] {processor.py:157} INFO - Started process (PID=1451) to work on /home/airflow/.local/lib/python3.8/site-packages/airflow/example_dags/example_short_circuit_decorator.py
[2023-11-29T15:14:53.448+0000] {processor.py:829} INFO - Processing file /home/airflow/.local/lib/python3.8/site-packages/airflow/example_dags/example_short_circuit_decorator.py for tasks to queue
[2023-11-29T15:14:53.450+0000] {logging_mixin.py:151} INFO - [2023-11-29T15:14:53.450+0000] {dagbag.py:539} INFO - Filling up the DagBag from /home/airflow/.local/lib/python3.8/site-packages/airflow/example_dags/example_short_circuit_decorator.py
[2023-11-29T15:14:53.456+0000] {processor.py:839} INFO - DAG(s) dict_keys(['example_short_circuit_decorator']) retrieved from /home/airflow/.local/lib/python3.8/site-packages/airflow/example_dags/example_short_circuit_decorator.py
[2023-11-29T15:14:53.469+0000] {logging_mixin.py:151} INFO - [2023-11-29T15:14:53.469+0000] {dag.py:2915} INFO - Sync 1 DAGs
[2023-11-29T15:14:53.480+0000] {logging_mixin.py:151} INFO - [2023-11-29T15:14:53.480+0000] {dag.py:3696} INFO - Setting next_dagrun for example_short_circuit_decorator to 2023-11-28T15:14:53.480126+00:00, run_after=2023-11-29T15:14:53.480126+00:00
[2023-11-29T15:14:53.489+0000] {processor.py:179} INFO - Processing /home/airflow/.local/lib/python3.8/site-packages/airflow/example_dags/example_short_circuit_decorator.py took 0.046 seconds
[2023-11-29T15:15:24.373+0000] {processor.py:157} INFO - Started process (PID=1505) to work on /home/airflow/.local/lib/python3.8/site-packages/airflow/example_dags/example_short_circuit_decorator.py
[2023-11-29T15:15:24.374+0000] {processor.py:829} INFO - Processing file /home/airflow/.local/lib/python3.8/site-packages/airflow/example_dags/example_short_circuit_decorator.py for tasks to queue
[2023-11-29T15:15:24.376+0000] {logging_mixin.py:151} INFO - [2023-11-29T15:15:24.375+0000] {dagbag.py:539} INFO - Filling up the DagBag from /home/airflow/.local/lib/python3.8/site-packages/airflow/example_dags/example_short_circuit_decorator.py
[2023-11-29T15:15:24.381+0000] {processor.py:839} INFO - DAG(s) dict_keys(['example_short_circuit_decorator']) retrieved from /home/airflow/.local/lib/python3.8/site-packages/airflow/example_dags/example_short_circuit_decorator.py
[2023-11-29T15:15:24.395+0000] {logging_mixin.py:151} INFO - [2023-11-29T15:15:24.395+0000] {dag.py:2915} INFO - Sync 1 DAGs
[2023-11-29T15:15:24.406+0000] {logging_mixin.py:151} INFO - [2023-11-29T15:15:24.406+0000] {dag.py:3696} INFO - Setting next_dagrun for example_short_circuit_decorator to 2023-11-28T15:15:24.406031+00:00, run_after=2023-11-29T15:15:24.406031+00:00
[2023-11-29T15:15:24.414+0000] {processor.py:179} INFO - Processing /home/airflow/.local/lib/python3.8/site-packages/airflow/example_dags/example_short_circuit_decorator.py took 0.043 seconds
[2023-11-29T15:15:55.192+0000] {processor.py:157} INFO - Started process (PID=1559) to work on /home/airflow/.local/lib/python3.8/site-packages/airflow/example_dags/example_short_circuit_decorator.py
[2023-11-29T15:15:55.194+0000] {processor.py:829} INFO - Processing file /home/airflow/.local/lib/python3.8/site-packages/airflow/example_dags/example_short_circuit_decorator.py for tasks to queue
[2023-11-29T15:15:55.195+0000] {logging_mixin.py:151} INFO - [2023-11-29T15:15:55.195+0000] {dagbag.py:539} INFO - Filling up the DagBag from /home/airflow/.local/lib/python3.8/site-packages/airflow/example_dags/example_short_circuit_decorator.py
[2023-11-29T15:15:55.201+0000] {processor.py:839} INFO - DAG(s) dict_keys(['example_short_circuit_decorator']) retrieved from /home/airflow/.local/lib/python3.8/site-packages/airflow/example_dags/example_short_circuit_decorator.py
[2023-11-29T15:15:55.216+0000] {logging_mixin.py:151} INFO - [2023-11-29T15:15:55.216+0000] {dag.py:2915} INFO - Sync 1 DAGs
[2023-11-29T15:15:55.229+0000] {logging_mixin.py:151} INFO - [2023-11-29T15:15:55.229+0000] {dag.py:3696} INFO - Setting next_dagrun for example_short_circuit_decorator to 2023-11-28T15:15:55.229179+00:00, run_after=2023-11-29T15:15:55.229179+00:00
[2023-11-29T15:15:55.238+0000] {processor.py:179} INFO - Processing /home/airflow/.local/lib/python3.8/site-packages/airflow/example_dags/example_short_circuit_decorator.py took 0.049 seconds
[2023-11-29T15:16:26.371+0000] {processor.py:157} INFO - Started process (PID=1613) to work on /home/airflow/.local/lib/python3.8/site-packages/airflow/example_dags/example_short_circuit_decorator.py
[2023-11-29T15:16:26.372+0000] {processor.py:829} INFO - Processing file /home/airflow/.local/lib/python3.8/site-packages/airflow/example_dags/example_short_circuit_decorator.py for tasks to queue
[2023-11-29T15:16:26.374+0000] {logging_mixin.py:151} INFO - [2023-11-29T15:16:26.374+0000] {dagbag.py:539} INFO - Filling up the DagBag from /home/airflow/.local/lib/python3.8/site-packages/airflow/example_dags/example_short_circuit_decorator.py
[2023-11-29T15:16:26.381+0000] {processor.py:839} INFO - DAG(s) dict_keys(['example_short_circuit_decorator']) retrieved from /home/airflow/.local/lib/python3.8/site-packages/airflow/example_dags/example_short_circuit_decorator.py
[2023-11-29T15:16:26.408+0000] {logging_mixin.py:151} INFO - [2023-11-29T15:16:26.408+0000] {dag.py:2915} INFO - Sync 1 DAGs
[2023-11-29T15:16:26.436+0000] {logging_mixin.py:151} INFO - [2023-11-29T15:16:26.436+0000] {dag.py:3696} INFO - Setting next_dagrun for example_short_circuit_decorator to 2023-11-28T15:16:26.436000+00:00, run_after=2023-11-29T15:16:26.436000+00:00
[2023-11-29T15:16:26.455+0000] {processor.py:179} INFO - Processing /home/airflow/.local/lib/python3.8/site-packages/airflow/example_dags/example_short_circuit_decorator.py took 0.087 seconds
[2023-11-29T15:16:56.611+0000] {processor.py:157} INFO - Started process (PID=1667) to work on /home/airflow/.local/lib/python3.8/site-packages/airflow/example_dags/example_short_circuit_decorator.py
[2023-11-29T15:16:56.612+0000] {processor.py:829} INFO - Processing file /home/airflow/.local/lib/python3.8/site-packages/airflow/example_dags/example_short_circuit_decorator.py for tasks to queue
[2023-11-29T15:16:56.614+0000] {logging_mixin.py:151} INFO - [2023-11-29T15:16:56.613+0000] {dagbag.py:539} INFO - Filling up the DagBag from /home/airflow/.local/lib/python3.8/site-packages/airflow/example_dags/example_short_circuit_decorator.py
[2023-11-29T15:16:56.619+0000] {processor.py:839} INFO - DAG(s) dict_keys(['example_short_circuit_decorator']) retrieved from /home/airflow/.local/lib/python3.8/site-packages/airflow/example_dags/example_short_circuit_decorator.py
[2023-11-29T15:16:56.639+0000] {logging_mixin.py:151} INFO - [2023-11-29T15:16:56.638+0000] {dag.py:2915} INFO - Sync 1 DAGs
[2023-11-29T15:16:56.661+0000] {logging_mixin.py:151} INFO - [2023-11-29T15:16:56.660+0000] {dag.py:3696} INFO - Setting next_dagrun for example_short_circuit_decorator to 2023-11-28T15:16:56.660637+00:00, run_after=2023-11-29T15:16:56.660637+00:00
[2023-11-29T15:16:56.676+0000] {processor.py:179} INFO - Processing /home/airflow/.local/lib/python3.8/site-packages/airflow/example_dags/example_short_circuit_decorator.py took 0.067 seconds
[2023-11-29T15:17:27.414+0000] {processor.py:157} INFO - Started process (PID=1721) to work on /home/airflow/.local/lib/python3.8/site-packages/airflow/example_dags/example_short_circuit_decorator.py
[2023-11-29T15:17:27.415+0000] {processor.py:829} INFO - Processing file /home/airflow/.local/lib/python3.8/site-packages/airflow/example_dags/example_short_circuit_decorator.py for tasks to queue
[2023-11-29T15:17:27.417+0000] {logging_mixin.py:151} INFO - [2023-11-29T15:17:27.416+0000] {dagbag.py:539} INFO - Filling up the DagBag from /home/airflow/.local/lib/python3.8/site-packages/airflow/example_dags/example_short_circuit_decorator.py
[2023-11-29T15:17:27.422+0000] {processor.py:839} INFO - DAG(s) dict_keys(['example_short_circuit_decorator']) retrieved from /home/airflow/.local/lib/python3.8/site-packages/airflow/example_dags/example_short_circuit_decorator.py
[2023-11-29T15:17:27.436+0000] {logging_mixin.py:151} INFO - [2023-11-29T15:17:27.436+0000] {dag.py:2915} INFO - Sync 1 DAGs
[2023-11-29T15:17:27.447+0000] {logging_mixin.py:151} INFO - [2023-11-29T15:17:27.447+0000] {dag.py:3696} INFO - Setting next_dagrun for example_short_circuit_decorator to 2023-11-28T15:17:27.447700+00:00, run_after=2023-11-29T15:17:27.447700+00:00
[2023-11-29T15:17:27.457+0000] {processor.py:179} INFO - Processing /home/airflow/.local/lib/python3.8/site-packages/airflow/example_dags/example_short_circuit_decorator.py took 0.045 seconds
[2023-11-29T15:17:58.033+0000] {processor.py:157} INFO - Started process (PID=1774) to work on /home/airflow/.local/lib/python3.8/site-packages/airflow/example_dags/example_short_circuit_decorator.py
[2023-11-29T15:17:58.034+0000] {processor.py:829} INFO - Processing file /home/airflow/.local/lib/python3.8/site-packages/airflow/example_dags/example_short_circuit_decorator.py for tasks to queue
[2023-11-29T15:17:58.035+0000] {logging_mixin.py:151} INFO - [2023-11-29T15:17:58.035+0000] {dagbag.py:539} INFO - Filling up the DagBag from /home/airflow/.local/lib/python3.8/site-packages/airflow/example_dags/example_short_circuit_decorator.py
[2023-11-29T15:17:58.041+0000] {processor.py:839} INFO - DAG(s) dict_keys(['example_short_circuit_decorator']) retrieved from /home/airflow/.local/lib/python3.8/site-packages/airflow/example_dags/example_short_circuit_decorator.py
[2023-11-29T15:17:58.055+0000] {logging_mixin.py:151} INFO - [2023-11-29T15:17:58.055+0000] {dag.py:2915} INFO - Sync 1 DAGs
[2023-11-29T15:17:58.066+0000] {logging_mixin.py:151} INFO - [2023-11-29T15:17:58.066+0000] {dag.py:3696} INFO - Setting next_dagrun for example_short_circuit_decorator to 2023-11-28T15:17:58.066647+00:00, run_after=2023-11-29T15:17:58.066647+00:00
[2023-11-29T15:17:58.076+0000] {processor.py:179} INFO - Processing /home/airflow/.local/lib/python3.8/site-packages/airflow/example_dags/example_short_circuit_decorator.py took 0.046 seconds
[2023-11-29T15:18:28.523+0000] {processor.py:157} INFO - Started process (PID=1828) to work on /home/airflow/.local/lib/python3.8/site-packages/airflow/example_dags/example_short_circuit_decorator.py
[2023-11-29T15:18:28.524+0000] {processor.py:829} INFO - Processing file /home/airflow/.local/lib/python3.8/site-packages/airflow/example_dags/example_short_circuit_decorator.py for tasks to queue
[2023-11-29T15:18:28.526+0000] {logging_mixin.py:151} INFO - [2023-11-29T15:18:28.526+0000] {dagbag.py:539} INFO - Filling up the DagBag from /home/airflow/.local/lib/python3.8/site-packages/airflow/example_dags/example_short_circuit_decorator.py
[2023-11-29T15:18:28.532+0000] {processor.py:839} INFO - DAG(s) dict_keys(['example_short_circuit_decorator']) retrieved from /home/airflow/.local/lib/python3.8/site-packages/airflow/example_dags/example_short_circuit_decorator.py
[2023-11-29T15:18:28.546+0000] {logging_mixin.py:151} INFO - [2023-11-29T15:18:28.546+0000] {dag.py:2915} INFO - Sync 1 DAGs
[2023-11-29T15:18:28.558+0000] {logging_mixin.py:151} INFO - [2023-11-29T15:18:28.558+0000] {dag.py:3696} INFO - Setting next_dagrun for example_short_circuit_decorator to 2023-11-28T15:18:28.558273+00:00, run_after=2023-11-29T15:18:28.558273+00:00
[2023-11-29T15:18:28.568+0000] {processor.py:179} INFO - Processing /home/airflow/.local/lib/python3.8/site-packages/airflow/example_dags/example_short_circuit_decorator.py took 0.047 seconds
[2023-11-29T15:18:59.147+0000] {processor.py:157} INFO - Started process (PID=1882) to work on /home/airflow/.local/lib/python3.8/site-packages/airflow/example_dags/example_short_circuit_decorator.py
[2023-11-29T15:18:59.148+0000] {processor.py:829} INFO - Processing file /home/airflow/.local/lib/python3.8/site-packages/airflow/example_dags/example_short_circuit_decorator.py for tasks to queue
[2023-11-29T15:18:59.150+0000] {logging_mixin.py:151} INFO - [2023-11-29T15:18:59.150+0000] {dagbag.py:539} INFO - Filling up the DagBag from /home/airflow/.local/lib/python3.8/site-packages/airflow/example_dags/example_short_circuit_decorator.py
[2023-11-29T15:18:59.155+0000] {processor.py:839} INFO - DAG(s) dict_keys(['example_short_circuit_decorator']) retrieved from /home/airflow/.local/lib/python3.8/site-packages/airflow/example_dags/example_short_circuit_decorator.py
[2023-11-29T15:18:59.169+0000] {logging_mixin.py:151} INFO - [2023-11-29T15:18:59.169+0000] {dag.py:2915} INFO - Sync 1 DAGs
[2023-11-29T15:18:59.181+0000] {logging_mixin.py:151} INFO - [2023-11-29T15:18:59.181+0000] {dag.py:3696} INFO - Setting next_dagrun for example_short_circuit_decorator to 2023-11-28T15:18:59.181443+00:00, run_after=2023-11-29T15:18:59.181443+00:00
[2023-11-29T15:18:59.190+0000] {processor.py:179} INFO - Processing /home/airflow/.local/lib/python3.8/site-packages/airflow/example_dags/example_short_circuit_decorator.py took 0.046 seconds
[2023-11-29T15:19:29.583+0000] {processor.py:157} INFO - Started process (PID=1936) to work on /home/airflow/.local/lib/python3.8/site-packages/airflow/example_dags/example_short_circuit_decorator.py
[2023-11-29T15:19:29.584+0000] {processor.py:829} INFO - Processing file /home/airflow/.local/lib/python3.8/site-packages/airflow/example_dags/example_short_circuit_decorator.py for tasks to queue
[2023-11-29T15:19:29.585+0000] {logging_mixin.py:151} INFO - [2023-11-29T15:19:29.585+0000] {dagbag.py:539} INFO - Filling up the DagBag from /home/airflow/.local/lib/python3.8/site-packages/airflow/example_dags/example_short_circuit_decorator.py
[2023-11-29T15:19:29.592+0000] {processor.py:839} INFO - DAG(s) dict_keys(['example_short_circuit_decorator']) retrieved from /home/airflow/.local/lib/python3.8/site-packages/airflow/example_dags/example_short_circuit_decorator.py
[2023-11-29T15:19:29.607+0000] {logging_mixin.py:151} INFO - [2023-11-29T15:19:29.607+0000] {dag.py:2915} INFO - Sync 1 DAGs
[2023-11-29T15:19:29.621+0000] {logging_mixin.py:151} INFO - [2023-11-29T15:19:29.621+0000] {dag.py:3696} INFO - Setting next_dagrun for example_short_circuit_decorator to 2023-11-28T15:19:29.620963+00:00, run_after=2023-11-29T15:19:29.620963+00:00
[2023-11-29T15:19:29.632+0000] {processor.py:179} INFO - Processing /home/airflow/.local/lib/python3.8/site-packages/airflow/example_dags/example_short_circuit_decorator.py took 0.052 seconds
[2023-11-29T15:23:03.476+0000] {processor.py:157} INFO - Started process (PID=50) to work on /home/airflow/.local/lib/python3.8/site-packages/airflow/example_dags/example_short_circuit_decorator.py
[2023-11-29T15:23:03.479+0000] {processor.py:829} INFO - Processing file /home/airflow/.local/lib/python3.8/site-packages/airflow/example_dags/example_short_circuit_decorator.py for tasks to queue
[2023-11-29T15:23:03.487+0000] {logging_mixin.py:151} INFO - [2023-11-29T15:23:03.487+0000] {dagbag.py:539} INFO - Filling up the DagBag from /home/airflow/.local/lib/python3.8/site-packages/airflow/example_dags/example_short_circuit_decorator.py
[2023-11-29T15:23:03.503+0000] {processor.py:839} INFO - DAG(s) dict_keys(['example_short_circuit_decorator']) retrieved from /home/airflow/.local/lib/python3.8/site-packages/airflow/example_dags/example_short_circuit_decorator.py
[2023-11-29T15:23:03.527+0000] {logging_mixin.py:151} INFO - [2023-11-29T15:23:03.527+0000] {dag.py:2915} INFO - Sync 1 DAGs
[2023-11-29T15:23:03.571+0000] {logging_mixin.py:151} INFO - [2023-11-29T15:23:03.570+0000] {dag.py:3696} INFO - Setting next_dagrun for example_short_circuit_decorator to 2023-11-28T15:23:03.569797+00:00, run_after=2023-11-29T15:23:03.569797+00:00
[2023-11-29T15:23:03.601+0000] {processor.py:179} INFO - Processing /home/airflow/.local/lib/python3.8/site-packages/airflow/example_dags/example_short_circuit_decorator.py took 0.136 seconds
[2023-11-29T15:23:34.417+0000] {processor.py:157} INFO - Started process (PID=104) to work on /home/airflow/.local/lib/python3.8/site-packages/airflow/example_dags/example_short_circuit_decorator.py
[2023-11-29T15:23:34.418+0000] {processor.py:829} INFO - Processing file /home/airflow/.local/lib/python3.8/site-packages/airflow/example_dags/example_short_circuit_decorator.py for tasks to queue
[2023-11-29T15:23:34.420+0000] {logging_mixin.py:151} INFO - [2023-11-29T15:23:34.420+0000] {dagbag.py:539} INFO - Filling up the DagBag from /home/airflow/.local/lib/python3.8/site-packages/airflow/example_dags/example_short_circuit_decorator.py
[2023-11-29T15:23:34.426+0000] {processor.py:839} INFO - DAG(s) dict_keys(['example_short_circuit_decorator']) retrieved from /home/airflow/.local/lib/python3.8/site-packages/airflow/example_dags/example_short_circuit_decorator.py
[2023-11-29T15:23:34.443+0000] {logging_mixin.py:151} INFO - [2023-11-29T15:23:34.443+0000] {dag.py:2915} INFO - Sync 1 DAGs
[2023-11-29T15:23:34.457+0000] {logging_mixin.py:151} INFO - [2023-11-29T15:23:34.457+0000] {dag.py:3696} INFO - Setting next_dagrun for example_short_circuit_decorator to 2023-11-28T15:23:34.457544+00:00, run_after=2023-11-29T15:23:34.457544+00:00
[2023-11-29T15:23:34.467+0000] {processor.py:179} INFO - Processing /home/airflow/.local/lib/python3.8/site-packages/airflow/example_dags/example_short_circuit_decorator.py took 0.052 seconds
[2023-11-29T15:24:04.614+0000] {processor.py:157} INFO - Started process (PID=158) to work on /home/airflow/.local/lib/python3.8/site-packages/airflow/example_dags/example_short_circuit_decorator.py
[2023-11-29T15:24:04.615+0000] {processor.py:829} INFO - Processing file /home/airflow/.local/lib/python3.8/site-packages/airflow/example_dags/example_short_circuit_decorator.py for tasks to queue
[2023-11-29T15:24:04.617+0000] {logging_mixin.py:151} INFO - [2023-11-29T15:24:04.616+0000] {dagbag.py:539} INFO - Filling up the DagBag from /home/airflow/.local/lib/python3.8/site-packages/airflow/example_dags/example_short_circuit_decorator.py
[2023-11-29T15:24:04.623+0000] {processor.py:839} INFO - DAG(s) dict_keys(['example_short_circuit_decorator']) retrieved from /home/airflow/.local/lib/python3.8/site-packages/airflow/example_dags/example_short_circuit_decorator.py
[2023-11-29T15:24:04.639+0000] {logging_mixin.py:151} INFO - [2023-11-29T15:24:04.639+0000] {dag.py:2915} INFO - Sync 1 DAGs
[2023-11-29T15:24:04.653+0000] {logging_mixin.py:151} INFO - [2023-11-29T15:24:04.653+0000] {dag.py:3696} INFO - Setting next_dagrun for example_short_circuit_decorator to 2023-11-28T15:24:04.653029+00:00, run_after=2023-11-29T15:24:04.653029+00:00
[2023-11-29T15:24:04.663+0000] {processor.py:179} INFO - Processing /home/airflow/.local/lib/python3.8/site-packages/airflow/example_dags/example_short_circuit_decorator.py took 0.053 seconds
[2023-11-29T15:24:36.212+0000] {processor.py:157} INFO - Started process (PID=212) to work on /home/airflow/.local/lib/python3.8/site-packages/airflow/example_dags/example_short_circuit_decorator.py
[2023-11-29T15:24:36.214+0000] {processor.py:829} INFO - Processing file /home/airflow/.local/lib/python3.8/site-packages/airflow/example_dags/example_short_circuit_decorator.py for tasks to queue
[2023-11-29T15:24:36.224+0000] {logging_mixin.py:151} INFO - [2023-11-29T15:24:36.222+0000] {dagbag.py:539} INFO - Filling up the DagBag from /home/airflow/.local/lib/python3.8/site-packages/airflow/example_dags/example_short_circuit_decorator.py
[2023-11-29T15:24:36.233+0000] {processor.py:839} INFO - DAG(s) dict_keys(['example_short_circuit_decorator']) retrieved from /home/airflow/.local/lib/python3.8/site-packages/airflow/example_dags/example_short_circuit_decorator.py
[2023-11-29T15:24:36.255+0000] {logging_mixin.py:151} INFO - [2023-11-29T15:24:36.255+0000] {dag.py:2915} INFO - Sync 1 DAGs
[2023-11-29T15:24:36.269+0000] {logging_mixin.py:151} INFO - [2023-11-29T15:24:36.269+0000] {dag.py:3696} INFO - Setting next_dagrun for example_short_circuit_decorator to 2023-11-28T15:24:36.269050+00:00, run_after=2023-11-29T15:24:36.269050+00:00
[2023-11-29T15:24:36.299+0000] {processor.py:179} INFO - Processing /home/airflow/.local/lib/python3.8/site-packages/airflow/example_dags/example_short_circuit_decorator.py took 0.089 seconds
[2023-11-29T15:25:06.858+0000] {processor.py:157} INFO - Started process (PID=266) to work on /home/airflow/.local/lib/python3.8/site-packages/airflow/example_dags/example_short_circuit_decorator.py
[2023-11-29T15:25:06.859+0000] {processor.py:829} INFO - Processing file /home/airflow/.local/lib/python3.8/site-packages/airflow/example_dags/example_short_circuit_decorator.py for tasks to queue
[2023-11-29T15:25:06.861+0000] {logging_mixin.py:151} INFO - [2023-11-29T15:25:06.861+0000] {dagbag.py:539} INFO - Filling up the DagBag from /home/airflow/.local/lib/python3.8/site-packages/airflow/example_dags/example_short_circuit_decorator.py
[2023-11-29T15:25:06.867+0000] {processor.py:839} INFO - DAG(s) dict_keys(['example_short_circuit_decorator']) retrieved from /home/airflow/.local/lib/python3.8/site-packages/airflow/example_dags/example_short_circuit_decorator.py
[2023-11-29T15:25:06.891+0000] {logging_mixin.py:151} INFO - [2023-11-29T15:25:06.891+0000] {dag.py:2915} INFO - Sync 1 DAGs
[2023-11-29T15:25:06.907+0000] {logging_mixin.py:151} INFO - [2023-11-29T15:25:06.907+0000] {dag.py:3696} INFO - Setting next_dagrun for example_short_circuit_decorator to 2023-11-28T15:25:06.906838+00:00, run_after=2023-11-29T15:25:06.906838+00:00
[2023-11-29T15:25:06.919+0000] {processor.py:179} INFO - Processing /home/airflow/.local/lib/python3.8/site-packages/airflow/example_dags/example_short_circuit_decorator.py took 0.064 seconds
[2023-11-29T15:25:37.284+0000] {processor.py:157} INFO - Started process (PID=320) to work on /home/airflow/.local/lib/python3.8/site-packages/airflow/example_dags/example_short_circuit_decorator.py
[2023-11-29T15:25:37.285+0000] {processor.py:829} INFO - Processing file /home/airflow/.local/lib/python3.8/site-packages/airflow/example_dags/example_short_circuit_decorator.py for tasks to queue
[2023-11-29T15:25:37.287+0000] {logging_mixin.py:151} INFO - [2023-11-29T15:25:37.286+0000] {dagbag.py:539} INFO - Filling up the DagBag from /home/airflow/.local/lib/python3.8/site-packages/airflow/example_dags/example_short_circuit_decorator.py
[2023-11-29T15:25:37.294+0000] {processor.py:839} INFO - DAG(s) dict_keys(['example_short_circuit_decorator']) retrieved from /home/airflow/.local/lib/python3.8/site-packages/airflow/example_dags/example_short_circuit_decorator.py
[2023-11-29T15:25:37.313+0000] {logging_mixin.py:151} INFO - [2023-11-29T15:25:37.313+0000] {dag.py:2915} INFO - Sync 1 DAGs
[2023-11-29T15:25:37.330+0000] {logging_mixin.py:151} INFO - [2023-11-29T15:25:37.330+0000] {dag.py:3696} INFO - Setting next_dagrun for example_short_circuit_decorator to 2023-11-28T15:25:37.330665+00:00, run_after=2023-11-29T15:25:37.330665+00:00
[2023-11-29T15:25:37.345+0000] {processor.py:179} INFO - Processing /home/airflow/.local/lib/python3.8/site-packages/airflow/example_dags/example_short_circuit_decorator.py took 0.065 seconds
[2023-11-29T15:26:07.953+0000] {processor.py:157} INFO - Started process (PID=374) to work on /home/airflow/.local/lib/python3.8/site-packages/airflow/example_dags/example_short_circuit_decorator.py
[2023-11-29T15:26:07.954+0000] {processor.py:829} INFO - Processing file /home/airflow/.local/lib/python3.8/site-packages/airflow/example_dags/example_short_circuit_decorator.py for tasks to queue
[2023-11-29T15:26:07.955+0000] {logging_mixin.py:151} INFO - [2023-11-29T15:26:07.955+0000] {dagbag.py:539} INFO - Filling up the DagBag from /home/airflow/.local/lib/python3.8/site-packages/airflow/example_dags/example_short_circuit_decorator.py
[2023-11-29T15:26:07.961+0000] {processor.py:839} INFO - DAG(s) dict_keys(['example_short_circuit_decorator']) retrieved from /home/airflow/.local/lib/python3.8/site-packages/airflow/example_dags/example_short_circuit_decorator.py
[2023-11-29T15:26:07.980+0000] {logging_mixin.py:151} INFO - [2023-11-29T15:26:07.980+0000] {dag.py:2915} INFO - Sync 1 DAGs
[2023-11-29T15:26:07.994+0000] {logging_mixin.py:151} INFO - [2023-11-29T15:26:07.993+0000] {dag.py:3696} INFO - Setting next_dagrun for example_short_circuit_decorator to 2023-11-28T15:26:07.993785+00:00, run_after=2023-11-29T15:26:07.993785+00:00
[2023-11-29T15:26:08.007+0000] {processor.py:179} INFO - Processing /home/airflow/.local/lib/python3.8/site-packages/airflow/example_dags/example_short_circuit_decorator.py took 0.058 seconds
[2023-11-29T15:26:38.094+0000] {processor.py:157} INFO - Started process (PID=428) to work on /home/airflow/.local/lib/python3.8/site-packages/airflow/example_dags/example_short_circuit_decorator.py
[2023-11-29T15:26:38.095+0000] {processor.py:829} INFO - Processing file /home/airflow/.local/lib/python3.8/site-packages/airflow/example_dags/example_short_circuit_decorator.py for tasks to queue
[2023-11-29T15:26:38.096+0000] {logging_mixin.py:151} INFO - [2023-11-29T15:26:38.096+0000] {dagbag.py:539} INFO - Filling up the DagBag from /home/airflow/.local/lib/python3.8/site-packages/airflow/example_dags/example_short_circuit_decorator.py
[2023-11-29T15:26:38.102+0000] {processor.py:839} INFO - DAG(s) dict_keys(['example_short_circuit_decorator']) retrieved from /home/airflow/.local/lib/python3.8/site-packages/airflow/example_dags/example_short_circuit_decorator.py
[2023-11-29T15:26:38.115+0000] {logging_mixin.py:151} INFO - [2023-11-29T15:26:38.115+0000] {dag.py:2915} INFO - Sync 1 DAGs
[2023-11-29T15:26:38.128+0000] {logging_mixin.py:151} INFO - [2023-11-29T15:26:38.128+0000] {dag.py:3696} INFO - Setting next_dagrun for example_short_circuit_decorator to 2023-11-28T15:26:38.128027+00:00, run_after=2023-11-29T15:26:38.128027+00:00
[2023-11-29T15:26:38.137+0000] {processor.py:179} INFO - Processing /home/airflow/.local/lib/python3.8/site-packages/airflow/example_dags/example_short_circuit_decorator.py took 0.046 seconds
[2023-11-29T15:27:08.236+0000] {processor.py:157} INFO - Started process (PID=482) to work on /home/airflow/.local/lib/python3.8/site-packages/airflow/example_dags/example_short_circuit_decorator.py
[2023-11-29T15:27:08.237+0000] {processor.py:829} INFO - Processing file /home/airflow/.local/lib/python3.8/site-packages/airflow/example_dags/example_short_circuit_decorator.py for tasks to queue
[2023-11-29T15:27:08.239+0000] {logging_mixin.py:151} INFO - [2023-11-29T15:27:08.239+0000] {dagbag.py:539} INFO - Filling up the DagBag from /home/airflow/.local/lib/python3.8/site-packages/airflow/example_dags/example_short_circuit_decorator.py
[2023-11-29T15:27:08.244+0000] {processor.py:839} INFO - DAG(s) dict_keys(['example_short_circuit_decorator']) retrieved from /home/airflow/.local/lib/python3.8/site-packages/airflow/example_dags/example_short_circuit_decorator.py
[2023-11-29T15:27:08.257+0000] {logging_mixin.py:151} INFO - [2023-11-29T15:27:08.257+0000] {dag.py:2915} INFO - Sync 1 DAGs
[2023-11-29T15:27:08.268+0000] {logging_mixin.py:151} INFO - [2023-11-29T15:27:08.268+0000] {dag.py:3696} INFO - Setting next_dagrun for example_short_circuit_decorator to 2023-11-28T15:27:08.268246+00:00, run_after=2023-11-29T15:27:08.268246+00:00
[2023-11-29T15:27:08.278+0000] {processor.py:179} INFO - Processing /home/airflow/.local/lib/python3.8/site-packages/airflow/example_dags/example_short_circuit_decorator.py took 0.044 seconds
[2023-11-29T15:27:39.194+0000] {processor.py:157} INFO - Started process (PID=536) to work on /home/airflow/.local/lib/python3.8/site-packages/airflow/example_dags/example_short_circuit_decorator.py
[2023-11-29T15:27:39.195+0000] {processor.py:829} INFO - Processing file /home/airflow/.local/lib/python3.8/site-packages/airflow/example_dags/example_short_circuit_decorator.py for tasks to queue
[2023-11-29T15:27:39.197+0000] {logging_mixin.py:151} INFO - [2023-11-29T15:27:39.197+0000] {dagbag.py:539} INFO - Filling up the DagBag from /home/airflow/.local/lib/python3.8/site-packages/airflow/example_dags/example_short_circuit_decorator.py
[2023-11-29T15:27:39.239+0000] {processor.py:839} INFO - DAG(s) dict_keys(['example_short_circuit_decorator']) retrieved from /home/airflow/.local/lib/python3.8/site-packages/airflow/example_dags/example_short_circuit_decorator.py
[2023-11-29T15:27:39.334+0000] {logging_mixin.py:151} INFO - [2023-11-29T15:27:39.333+0000] {dag.py:2915} INFO - Sync 1 DAGs
[2023-11-29T15:27:39.389+0000] {logging_mixin.py:151} INFO - [2023-11-29T15:27:39.388+0000] {dag.py:3696} INFO - Setting next_dagrun for example_short_circuit_decorator to 2023-11-28T15:27:39.382942+00:00, run_after=2023-11-29T15:27:39.382942+00:00
[2023-11-29T15:27:39.412+0000] {processor.py:179} INFO - Processing /home/airflow/.local/lib/python3.8/site-packages/airflow/example_dags/example_short_circuit_decorator.py took 0.221 seconds
[2023-11-29T15:28:10.809+0000] {processor.py:157} INFO - Started process (PID=590) to work on /home/airflow/.local/lib/python3.8/site-packages/airflow/example_dags/example_short_circuit_decorator.py
[2023-11-29T15:28:10.810+0000] {processor.py:829} INFO - Processing file /home/airflow/.local/lib/python3.8/site-packages/airflow/example_dags/example_short_circuit_decorator.py for tasks to queue
[2023-11-29T15:28:10.812+0000] {logging_mixin.py:151} INFO - [2023-11-29T15:28:10.812+0000] {dagbag.py:539} INFO - Filling up the DagBag from /home/airflow/.local/lib/python3.8/site-packages/airflow/example_dags/example_short_circuit_decorator.py
[2023-11-29T15:28:10.819+0000] {processor.py:839} INFO - DAG(s) dict_keys(['example_short_circuit_decorator']) retrieved from /home/airflow/.local/lib/python3.8/site-packages/airflow/example_dags/example_short_circuit_decorator.py
[2023-11-29T15:28:10.853+0000] {logging_mixin.py:151} INFO - [2023-11-29T15:28:10.853+0000] {dag.py:2915} INFO - Sync 1 DAGs
[2023-11-29T15:28:10.871+0000] {logging_mixin.py:151} INFO - [2023-11-29T15:28:10.871+0000] {dag.py:3696} INFO - Setting next_dagrun for example_short_circuit_decorator to 2023-11-28T15:28:10.871501+00:00, run_after=2023-11-29T15:28:10.871501+00:00
[2023-11-29T15:28:10.885+0000] {processor.py:179} INFO - Processing /home/airflow/.local/lib/python3.8/site-packages/airflow/example_dags/example_short_circuit_decorator.py took 0.079 seconds
[2023-11-29T15:28:41.648+0000] {processor.py:157} INFO - Started process (PID=644) to work on /home/airflow/.local/lib/python3.8/site-packages/airflow/example_dags/example_short_circuit_decorator.py
[2023-11-29T15:28:41.650+0000] {processor.py:829} INFO - Processing file /home/airflow/.local/lib/python3.8/site-packages/airflow/example_dags/example_short_circuit_decorator.py for tasks to queue
[2023-11-29T15:28:41.652+0000] {logging_mixin.py:151} INFO - [2023-11-29T15:28:41.651+0000] {dagbag.py:539} INFO - Filling up the DagBag from /home/airflow/.local/lib/python3.8/site-packages/airflow/example_dags/example_short_circuit_decorator.py
[2023-11-29T15:28:41.660+0000] {processor.py:839} INFO - DAG(s) dict_keys(['example_short_circuit_decorator']) retrieved from /home/airflow/.local/lib/python3.8/site-packages/airflow/example_dags/example_short_circuit_decorator.py
[2023-11-29T15:28:41.694+0000] {logging_mixin.py:151} INFO - [2023-11-29T15:28:41.694+0000] {dag.py:2915} INFO - Sync 1 DAGs
[2023-11-29T15:28:41.711+0000] {logging_mixin.py:151} INFO - [2023-11-29T15:28:41.711+0000] {dag.py:3696} INFO - Setting next_dagrun for example_short_circuit_decorator to 2023-11-28T15:28:41.711033+00:00, run_after=2023-11-29T15:28:41.711033+00:00
[2023-11-29T15:28:41.730+0000] {processor.py:179} INFO - Processing /home/airflow/.local/lib/python3.8/site-packages/airflow/example_dags/example_short_circuit_decorator.py took 0.086 seconds
[2023-11-29T15:29:12.354+0000] {processor.py:157} INFO - Started process (PID=699) to work on /home/airflow/.local/lib/python3.8/site-packages/airflow/example_dags/example_short_circuit_decorator.py
[2023-11-29T15:29:12.355+0000] {processor.py:829} INFO - Processing file /home/airflow/.local/lib/python3.8/site-packages/airflow/example_dags/example_short_circuit_decorator.py for tasks to queue
[2023-11-29T15:29:12.358+0000] {logging_mixin.py:151} INFO - [2023-11-29T15:29:12.357+0000] {dagbag.py:539} INFO - Filling up the DagBag from /home/airflow/.local/lib/python3.8/site-packages/airflow/example_dags/example_short_circuit_decorator.py
[2023-11-29T15:29:12.380+0000] {processor.py:839} INFO - DAG(s) dict_keys(['example_short_circuit_decorator']) retrieved from /home/airflow/.local/lib/python3.8/site-packages/airflow/example_dags/example_short_circuit_decorator.py
[2023-11-29T15:29:12.407+0000] {logging_mixin.py:151} INFO - [2023-11-29T15:29:12.406+0000] {dag.py:2915} INFO - Sync 1 DAGs
[2023-11-29T15:29:12.439+0000] {logging_mixin.py:151} INFO - [2023-11-29T15:29:12.438+0000] {dag.py:3696} INFO - Setting next_dagrun for example_short_circuit_decorator to 2023-11-28T15:29:12.438548+00:00, run_after=2023-11-29T15:29:12.438548+00:00
[2023-11-29T15:29:12.458+0000] {processor.py:179} INFO - Processing /home/airflow/.local/lib/python3.8/site-packages/airflow/example_dags/example_short_circuit_decorator.py took 0.107 seconds
[2023-11-29T15:29:42.486+0000] {processor.py:157} INFO - Started process (PID=753) to work on /home/airflow/.local/lib/python3.8/site-packages/airflow/example_dags/example_short_circuit_decorator.py
[2023-11-29T15:29:42.487+0000] {processor.py:829} INFO - Processing file /home/airflow/.local/lib/python3.8/site-packages/airflow/example_dags/example_short_circuit_decorator.py for tasks to queue
[2023-11-29T15:29:42.488+0000] {logging_mixin.py:151} INFO - [2023-11-29T15:29:42.488+0000] {dagbag.py:539} INFO - Filling up the DagBag from /home/airflow/.local/lib/python3.8/site-packages/airflow/example_dags/example_short_circuit_decorator.py
[2023-11-29T15:29:42.494+0000] {processor.py:839} INFO - DAG(s) dict_keys(['example_short_circuit_decorator']) retrieved from /home/airflow/.local/lib/python3.8/site-packages/airflow/example_dags/example_short_circuit_decorator.py
[2023-11-29T15:29:42.507+0000] {logging_mixin.py:151} INFO - [2023-11-29T15:29:42.507+0000] {dag.py:2915} INFO - Sync 1 DAGs
[2023-11-29T15:29:42.521+0000] {logging_mixin.py:151} INFO - [2023-11-29T15:29:42.521+0000] {dag.py:3696} INFO - Setting next_dagrun for example_short_circuit_decorator to 2023-11-28T15:29:42.521262+00:00, run_after=2023-11-29T15:29:42.521262+00:00
[2023-11-29T15:29:42.530+0000] {processor.py:179} INFO - Processing /home/airflow/.local/lib/python3.8/site-packages/airflow/example_dags/example_short_circuit_decorator.py took 0.047 seconds
[2023-11-29T15:30:13.620+0000] {processor.py:157} INFO - Started process (PID=807) to work on /home/airflow/.local/lib/python3.8/site-packages/airflow/example_dags/example_short_circuit_decorator.py
[2023-11-29T15:30:13.624+0000] {processor.py:829} INFO - Processing file /home/airflow/.local/lib/python3.8/site-packages/airflow/example_dags/example_short_circuit_decorator.py for tasks to queue
[2023-11-29T15:30:13.627+0000] {logging_mixin.py:151} INFO - [2023-11-29T15:30:13.626+0000] {dagbag.py:539} INFO - Filling up the DagBag from /home/airflow/.local/lib/python3.8/site-packages/airflow/example_dags/example_short_circuit_decorator.py
[2023-11-29T15:30:13.634+0000] {processor.py:839} INFO - DAG(s) dict_keys(['example_short_circuit_decorator']) retrieved from /home/airflow/.local/lib/python3.8/site-packages/airflow/example_dags/example_short_circuit_decorator.py
[2023-11-29T15:30:13.649+0000] {logging_mixin.py:151} INFO - [2023-11-29T15:30:13.649+0000] {dag.py:2915} INFO - Sync 1 DAGs
[2023-11-29T15:30:13.661+0000] {logging_mixin.py:151} INFO - [2023-11-29T15:30:13.661+0000] {dag.py:3696} INFO - Setting next_dagrun for example_short_circuit_decorator to 2023-11-28T15:30:13.661672+00:00, run_after=2023-11-29T15:30:13.661672+00:00
[2023-11-29T15:30:13.671+0000] {processor.py:179} INFO - Processing /home/airflow/.local/lib/python3.8/site-packages/airflow/example_dags/example_short_circuit_decorator.py took 0.056 seconds
[2023-11-29T15:30:43.774+0000] {processor.py:157} INFO - Started process (PID=861) to work on /home/airflow/.local/lib/python3.8/site-packages/airflow/example_dags/example_short_circuit_decorator.py
[2023-11-29T15:30:43.775+0000] {processor.py:829} INFO - Processing file /home/airflow/.local/lib/python3.8/site-packages/airflow/example_dags/example_short_circuit_decorator.py for tasks to queue
[2023-11-29T15:30:43.776+0000] {logging_mixin.py:151} INFO - [2023-11-29T15:30:43.776+0000] {dagbag.py:539} INFO - Filling up the DagBag from /home/airflow/.local/lib/python3.8/site-packages/airflow/example_dags/example_short_circuit_decorator.py
[2023-11-29T15:30:43.782+0000] {processor.py:839} INFO - DAG(s) dict_keys(['example_short_circuit_decorator']) retrieved from /home/airflow/.local/lib/python3.8/site-packages/airflow/example_dags/example_short_circuit_decorator.py
[2023-11-29T15:30:43.803+0000] {logging_mixin.py:151} INFO - [2023-11-29T15:30:43.803+0000] {dag.py:2915} INFO - Sync 1 DAGs
[2023-11-29T15:30:43.815+0000] {logging_mixin.py:151} INFO - [2023-11-29T15:30:43.815+0000] {dag.py:3696} INFO - Setting next_dagrun for example_short_circuit_decorator to 2023-11-28T15:30:43.814983+00:00, run_after=2023-11-29T15:30:43.814983+00:00
[2023-11-29T15:30:43.825+0000] {processor.py:179} INFO - Processing /home/airflow/.local/lib/python3.8/site-packages/airflow/example_dags/example_short_circuit_decorator.py took 0.053 seconds
[2023-11-29T16:52:41.572+0000] {processor.py:157} INFO - Started process (PID=915) to work on /home/airflow/.local/lib/python3.8/site-packages/airflow/example_dags/example_short_circuit_decorator.py
[2023-11-29T16:52:41.573+0000] {processor.py:829} INFO - Processing file /home/airflow/.local/lib/python3.8/site-packages/airflow/example_dags/example_short_circuit_decorator.py for tasks to queue
[2023-11-29T16:52:41.576+0000] {logging_mixin.py:151} INFO - [2023-11-29T16:52:41.576+0000] {dagbag.py:539} INFO - Filling up the DagBag from /home/airflow/.local/lib/python3.8/site-packages/airflow/example_dags/example_short_circuit_decorator.py
[2023-11-29T16:52:41.585+0000] {processor.py:839} INFO - DAG(s) dict_keys(['example_short_circuit_decorator']) retrieved from /home/airflow/.local/lib/python3.8/site-packages/airflow/example_dags/example_short_circuit_decorator.py
[2023-11-29T16:52:41.621+0000] {logging_mixin.py:151} INFO - [2023-11-29T16:52:41.620+0000] {dag.py:2915} INFO - Sync 1 DAGs
[2023-11-29T16:52:41.643+0000] {logging_mixin.py:151} INFO - [2023-11-29T16:52:41.642+0000] {dag.py:3696} INFO - Setting next_dagrun for example_short_circuit_decorator to 2023-11-28T16:52:41.642496+00:00, run_after=2023-11-29T16:52:41.642496+00:00
[2023-11-29T16:52:41.659+0000] {processor.py:179} INFO - Processing /home/airflow/.local/lib/python3.8/site-packages/airflow/example_dags/example_short_circuit_decorator.py took 0.090 seconds
[2023-11-29T18:02:46.580+0000] {processor.py:157} INFO - Started process (PID=969) to work on /home/airflow/.local/lib/python3.8/site-packages/airflow/example_dags/example_short_circuit_decorator.py
[2023-11-29T18:02:46.581+0000] {processor.py:829} INFO - Processing file /home/airflow/.local/lib/python3.8/site-packages/airflow/example_dags/example_short_circuit_decorator.py for tasks to queue
[2023-11-29T18:02:46.583+0000] {logging_mixin.py:151} INFO - [2023-11-29T18:02:46.583+0000] {dagbag.py:539} INFO - Filling up the DagBag from /home/airflow/.local/lib/python3.8/site-packages/airflow/example_dags/example_short_circuit_decorator.py
[2023-11-29T18:02:46.592+0000] {processor.py:839} INFO - DAG(s) dict_keys(['example_short_circuit_decorator']) retrieved from /home/airflow/.local/lib/python3.8/site-packages/airflow/example_dags/example_short_circuit_decorator.py
[2023-11-29T18:02:46.614+0000] {logging_mixin.py:151} INFO - [2023-11-29T18:02:46.613+0000] {dag.py:2915} INFO - Sync 1 DAGs
[2023-11-29T18:02:46.816+0000] {logging_mixin.py:151} INFO - [2023-11-29T18:02:46.815+0000] {dag.py:3696} INFO - Setting next_dagrun for example_short_circuit_decorator to 2023-11-28T18:02:46.814138+00:00, run_after=2023-11-29T18:02:46.814138+00:00
[2023-11-29T18:02:46.933+0000] {processor.py:179} INFO - Processing /home/airflow/.local/lib/python3.8/site-packages/airflow/example_dags/example_short_circuit_decorator.py took 0.356 seconds
[2023-11-29T18:27:53.592+0000] {processor.py:157} INFO - Started process (PID=1023) to work on /home/airflow/.local/lib/python3.8/site-packages/airflow/example_dags/example_short_circuit_decorator.py
[2023-11-29T18:27:53.594+0000] {processor.py:829} INFO - Processing file /home/airflow/.local/lib/python3.8/site-packages/airflow/example_dags/example_short_circuit_decorator.py for tasks to queue
[2023-11-29T18:27:53.595+0000] {logging_mixin.py:151} INFO - [2023-11-29T18:27:53.595+0000] {dagbag.py:539} INFO - Filling up the DagBag from /home/airflow/.local/lib/python3.8/site-packages/airflow/example_dags/example_short_circuit_decorator.py
[2023-11-29T18:27:53.602+0000] {processor.py:839} INFO - DAG(s) dict_keys(['example_short_circuit_decorator']) retrieved from /home/airflow/.local/lib/python3.8/site-packages/airflow/example_dags/example_short_circuit_decorator.py
[2023-11-29T18:27:53.626+0000] {logging_mixin.py:151} INFO - [2023-11-29T18:27:53.626+0000] {dag.py:2915} INFO - Sync 1 DAGs
[2023-11-29T18:27:53.642+0000] {logging_mixin.py:151} INFO - [2023-11-29T18:27:53.642+0000] {dag.py:3696} INFO - Setting next_dagrun for example_short_circuit_decorator to 2023-11-28T18:27:53.642234+00:00, run_after=2023-11-29T18:27:53.642234+00:00
[2023-11-29T18:27:53.716+0000] {processor.py:179} INFO - Processing /home/airflow/.local/lib/python3.8/site-packages/airflow/example_dags/example_short_circuit_decorator.py took 0.127 seconds
[2023-11-29T18:32:42.662+0000] {processor.py:157} INFO - Started process (PID=1077) to work on /home/airflow/.local/lib/python3.8/site-packages/airflow/example_dags/example_short_circuit_decorator.py
[2023-11-29T18:32:42.663+0000] {processor.py:829} INFO - Processing file /home/airflow/.local/lib/python3.8/site-packages/airflow/example_dags/example_short_circuit_decorator.py for tasks to queue
[2023-11-29T18:32:42.666+0000] {logging_mixin.py:151} INFO - [2023-11-29T18:32:42.665+0000] {dagbag.py:539} INFO - Filling up the DagBag from /home/airflow/.local/lib/python3.8/site-packages/airflow/example_dags/example_short_circuit_decorator.py
[2023-11-29T18:32:42.677+0000] {processor.py:839} INFO - DAG(s) dict_keys(['example_short_circuit_decorator']) retrieved from /home/airflow/.local/lib/python3.8/site-packages/airflow/example_dags/example_short_circuit_decorator.py
[2023-11-29T18:32:42.711+0000] {logging_mixin.py:151} INFO - [2023-11-29T18:32:42.711+0000] {dag.py:2915} INFO - Sync 1 DAGs
[2023-11-29T18:32:42.729+0000] {logging_mixin.py:151} INFO - [2023-11-29T18:32:42.729+0000] {dag.py:3696} INFO - Setting next_dagrun for example_short_circuit_decorator to 2023-11-28T18:32:42.728836+00:00, run_after=2023-11-29T18:32:42.728836+00:00
[2023-11-29T18:32:42.758+0000] {processor.py:179} INFO - Processing /home/airflow/.local/lib/python3.8/site-packages/airflow/example_dags/example_short_circuit_decorator.py took 0.099 seconds
[2023-11-29T18:50:37.857+0000] {processor.py:157} INFO - Started process (PID=1131) to work on /home/airflow/.local/lib/python3.8/site-packages/airflow/example_dags/example_short_circuit_decorator.py
[2023-11-29T18:50:37.858+0000] {processor.py:829} INFO - Processing file /home/airflow/.local/lib/python3.8/site-packages/airflow/example_dags/example_short_circuit_decorator.py for tasks to queue
[2023-11-29T18:50:37.863+0000] {logging_mixin.py:151} INFO - [2023-11-29T18:50:37.861+0000] {dagbag.py:539} INFO - Filling up the DagBag from /home/airflow/.local/lib/python3.8/site-packages/airflow/example_dags/example_short_circuit_decorator.py
[2023-11-29T18:50:37.883+0000] {processor.py:839} INFO - DAG(s) dict_keys(['example_short_circuit_decorator']) retrieved from /home/airflow/.local/lib/python3.8/site-packages/airflow/example_dags/example_short_circuit_decorator.py
[2023-11-29T18:50:37.973+0000] {logging_mixin.py:151} INFO - [2023-11-29T18:50:37.972+0000] {dag.py:2915} INFO - Sync 1 DAGs
[2023-11-29T18:50:38.018+0000] {logging_mixin.py:151} INFO - [2023-11-29T18:50:38.017+0000] {dag.py:3696} INFO - Setting next_dagrun for example_short_circuit_decorator to 2023-11-28T18:50:38.017257+00:00, run_after=2023-11-29T18:50:38.017257+00:00
[2023-11-29T18:50:38.060+0000] {processor.py:179} INFO - Processing /home/airflow/.local/lib/python3.8/site-packages/airflow/example_dags/example_short_circuit_decorator.py took 0.206 seconds
[2023-11-29T19:03:27.545+0000] {processor.py:157} INFO - Started process (PID=1185) to work on /home/airflow/.local/lib/python3.8/site-packages/airflow/example_dags/example_short_circuit_decorator.py
[2023-11-29T19:03:27.547+0000] {processor.py:829} INFO - Processing file /home/airflow/.local/lib/python3.8/site-packages/airflow/example_dags/example_short_circuit_decorator.py for tasks to queue
[2023-11-29T19:03:27.549+0000] {logging_mixin.py:151} INFO - [2023-11-29T19:03:27.548+0000] {dagbag.py:539} INFO - Filling up the DagBag from /home/airflow/.local/lib/python3.8/site-packages/airflow/example_dags/example_short_circuit_decorator.py
[2023-11-29T19:03:27.555+0000] {processor.py:839} INFO - DAG(s) dict_keys(['example_short_circuit_decorator']) retrieved from /home/airflow/.local/lib/python3.8/site-packages/airflow/example_dags/example_short_circuit_decorator.py
[2023-11-29T19:03:27.586+0000] {logging_mixin.py:151} INFO - [2023-11-29T19:03:27.586+0000] {dag.py:2915} INFO - Sync 1 DAGs
[2023-11-29T19:03:27.601+0000] {logging_mixin.py:151} INFO - [2023-11-29T19:03:27.601+0000] {dag.py:3696} INFO - Setting next_dagrun for example_short_circuit_decorator to 2023-11-28T19:03:27.601191+00:00, run_after=2023-11-29T19:03:27.601191+00:00
[2023-11-29T19:03:27.612+0000] {processor.py:179} INFO - Processing /home/airflow/.local/lib/python3.8/site-packages/airflow/example_dags/example_short_circuit_decorator.py took 0.069 seconds
[2023-11-29T20:07:21.303+0000] {processor.py:157} INFO - Started process (PID=1239) to work on /home/airflow/.local/lib/python3.8/site-packages/airflow/example_dags/example_short_circuit_decorator.py
[2023-11-29T20:07:21.305+0000] {processor.py:829} INFO - Processing file /home/airflow/.local/lib/python3.8/site-packages/airflow/example_dags/example_short_circuit_decorator.py for tasks to queue
[2023-11-29T20:07:21.309+0000] {logging_mixin.py:151} INFO - [2023-11-29T20:07:21.309+0000] {dagbag.py:539} INFO - Filling up the DagBag from /home/airflow/.local/lib/python3.8/site-packages/airflow/example_dags/example_short_circuit_decorator.py
[2023-11-29T20:07:21.320+0000] {processor.py:839} INFO - DAG(s) dict_keys(['example_short_circuit_decorator']) retrieved from /home/airflow/.local/lib/python3.8/site-packages/airflow/example_dags/example_short_circuit_decorator.py
[2023-11-29T20:07:21.338+0000] {logging_mixin.py:151} INFO - [2023-11-29T20:07:21.338+0000] {dag.py:2915} INFO - Sync 1 DAGs
[2023-11-29T20:07:21.352+0000] {logging_mixin.py:151} INFO - [2023-11-29T20:07:21.351+0000] {dag.py:3696} INFO - Setting next_dagrun for example_short_circuit_decorator to 2023-11-28T20:07:21.351830+00:00, run_after=2023-11-29T20:07:21.351830+00:00
[2023-11-29T20:07:21.364+0000] {processor.py:179} INFO - Processing /home/airflow/.local/lib/python3.8/site-packages/airflow/example_dags/example_short_circuit_decorator.py took 0.064 seconds
[2023-11-29T21:23:02.550+0000] {processor.py:157} INFO - Started process (PID=1293) to work on /home/airflow/.local/lib/python3.8/site-packages/airflow/example_dags/example_short_circuit_decorator.py
[2023-11-29T21:23:02.552+0000] {processor.py:829} INFO - Processing file /home/airflow/.local/lib/python3.8/site-packages/airflow/example_dags/example_short_circuit_decorator.py for tasks to queue
[2023-11-29T21:23:02.559+0000] {logging_mixin.py:151} INFO - [2023-11-29T21:23:02.558+0000] {dagbag.py:539} INFO - Filling up the DagBag from /home/airflow/.local/lib/python3.8/site-packages/airflow/example_dags/example_short_circuit_decorator.py
[2023-11-29T21:23:02.592+0000] {processor.py:839} INFO - DAG(s) dict_keys(['example_short_circuit_decorator']) retrieved from /home/airflow/.local/lib/python3.8/site-packages/airflow/example_dags/example_short_circuit_decorator.py
[2023-11-29T21:23:02.633+0000] {logging_mixin.py:151} INFO - [2023-11-29T21:23:02.633+0000] {dag.py:2915} INFO - Sync 1 DAGs
[2023-11-29T21:23:02.654+0000] {logging_mixin.py:151} INFO - [2023-11-29T21:23:02.653+0000] {dag.py:3696} INFO - Setting next_dagrun for example_short_circuit_decorator to 2023-11-28T21:23:02.652689+00:00, run_after=2023-11-29T21:23:02.652689+00:00
[2023-11-29T21:23:02.693+0000] {processor.py:179} INFO - Processing /home/airflow/.local/lib/python3.8/site-packages/airflow/example_dags/example_short_circuit_decorator.py took 0.148 seconds
[2023-11-29T22:23:24.038+0000] {processor.py:157} INFO - Started process (PID=1346) to work on /home/airflow/.local/lib/python3.8/site-packages/airflow/example_dags/example_short_circuit_decorator.py
[2023-11-29T22:23:24.039+0000] {processor.py:829} INFO - Processing file /home/airflow/.local/lib/python3.8/site-packages/airflow/example_dags/example_short_circuit_decorator.py for tasks to queue
[2023-11-29T22:23:24.041+0000] {logging_mixin.py:151} INFO - [2023-11-29T22:23:24.041+0000] {dagbag.py:539} INFO - Filling up the DagBag from /home/airflow/.local/lib/python3.8/site-packages/airflow/example_dags/example_short_circuit_decorator.py
[2023-11-29T22:23:24.047+0000] {processor.py:839} INFO - DAG(s) dict_keys(['example_short_circuit_decorator']) retrieved from /home/airflow/.local/lib/python3.8/site-packages/airflow/example_dags/example_short_circuit_decorator.py
[2023-11-29T22:23:24.062+0000] {logging_mixin.py:151} INFO - [2023-11-29T22:23:24.062+0000] {dag.py:2915} INFO - Sync 1 DAGs
[2023-11-29T22:23:24.086+0000] {logging_mixin.py:151} INFO - [2023-11-29T22:23:24.086+0000] {dag.py:3696} INFO - Setting next_dagrun for example_short_circuit_decorator to 2023-11-28T22:23:24.086117+00:00, run_after=2023-11-29T22:23:24.086117+00:00
[2023-11-29T22:23:24.113+0000] {processor.py:179} INFO - Processing /home/airflow/.local/lib/python3.8/site-packages/airflow/example_dags/example_short_circuit_decorator.py took 0.077 seconds
[2023-11-29T23:26:05.335+0000] {processor.py:157} INFO - Started process (PID=1400) to work on /home/airflow/.local/lib/python3.8/site-packages/airflow/example_dags/example_short_circuit_decorator.py
[2023-11-29T23:26:05.337+0000] {processor.py:829} INFO - Processing file /home/airflow/.local/lib/python3.8/site-packages/airflow/example_dags/example_short_circuit_decorator.py for tasks to queue
[2023-11-29T23:26:05.338+0000] {logging_mixin.py:151} INFO - [2023-11-29T23:26:05.338+0000] {dagbag.py:539} INFO - Filling up the DagBag from /home/airflow/.local/lib/python3.8/site-packages/airflow/example_dags/example_short_circuit_decorator.py
[2023-11-29T23:26:05.345+0000] {processor.py:839} INFO - DAG(s) dict_keys(['example_short_circuit_decorator']) retrieved from /home/airflow/.local/lib/python3.8/site-packages/airflow/example_dags/example_short_circuit_decorator.py
[2023-11-29T23:26:05.360+0000] {logging_mixin.py:151} INFO - [2023-11-29T23:26:05.360+0000] {dag.py:2915} INFO - Sync 1 DAGs
[2023-11-29T23:26:05.386+0000] {logging_mixin.py:151} INFO - [2023-11-29T23:26:05.385+0000] {dag.py:3696} INFO - Setting next_dagrun for example_short_circuit_decorator to 2023-11-28T23:26:05.385385+00:00, run_after=2023-11-29T23:26:05.385385+00:00
[2023-11-29T23:26:05.398+0000] {processor.py:179} INFO - Processing /home/airflow/.local/lib/python3.8/site-packages/airflow/example_dags/example_short_circuit_decorator.py took 0.066 seconds
[2023-11-29T23:26:35.699+0000] {processor.py:157} INFO - Started process (PID=1454) to work on /home/airflow/.local/lib/python3.8/site-packages/airflow/example_dags/example_short_circuit_decorator.py
[2023-11-29T23:26:35.699+0000] {processor.py:829} INFO - Processing file /home/airflow/.local/lib/python3.8/site-packages/airflow/example_dags/example_short_circuit_decorator.py for tasks to queue
[2023-11-29T23:26:35.701+0000] {logging_mixin.py:151} INFO - [2023-11-29T23:26:35.700+0000] {dagbag.py:539} INFO - Filling up the DagBag from /home/airflow/.local/lib/python3.8/site-packages/airflow/example_dags/example_short_circuit_decorator.py
[2023-11-29T23:26:35.707+0000] {processor.py:839} INFO - DAG(s) dict_keys(['example_short_circuit_decorator']) retrieved from /home/airflow/.local/lib/python3.8/site-packages/airflow/example_dags/example_short_circuit_decorator.py
[2023-11-29T23:26:35.731+0000] {logging_mixin.py:151} INFO - [2023-11-29T23:26:35.730+0000] {dag.py:2915} INFO - Sync 1 DAGs
[2023-11-29T23:26:35.757+0000] {logging_mixin.py:151} INFO - [2023-11-29T23:26:35.757+0000] {dag.py:3696} INFO - Setting next_dagrun for example_short_circuit_decorator to 2023-11-28T23:26:35.756667+00:00, run_after=2023-11-29T23:26:35.756667+00:00
[2023-11-29T23:26:35.779+0000] {processor.py:179} INFO - Processing /home/airflow/.local/lib/python3.8/site-packages/airflow/example_dags/example_short_circuit_decorator.py took 0.083 seconds
