[2023-12-01T00:05:50.801+0000] {processor.py:157} INFO - Started process (PID=45228) to work on /home/airflow/.local/lib/python3.8/site-packages/airflow/example_dags/example_short_circuit_decorator.py
[2023-12-01T00:05:50.802+0000] {processor.py:829} INFO - Processing file /home/airflow/.local/lib/python3.8/site-packages/airflow/example_dags/example_short_circuit_decorator.py for tasks to queue
[2023-12-01T00:05:50.804+0000] {logging_mixin.py:151} INFO - [2023-12-01T00:05:50.803+0000] {dagbag.py:539} INFO - Filling up the DagBag from /home/airflow/.local/lib/python3.8/site-packages/airflow/example_dags/example_short_circuit_decorator.py
[2023-12-01T00:05:50.810+0000] {processor.py:839} INFO - DAG(s) dict_keys(['example_short_circuit_decorator']) retrieved from /home/airflow/.local/lib/python3.8/site-packages/airflow/example_dags/example_short_circuit_decorator.py
[2023-12-01T00:05:50.826+0000] {logging_mixin.py:151} INFO - [2023-12-01T00:05:50.825+0000] {dag.py:2915} INFO - Sync 1 DAGs
[2023-12-01T00:05:50.837+0000] {logging_mixin.py:151} INFO - [2023-12-01T00:05:50.837+0000] {dag.py:3696} INFO - Setting next_dagrun for example_short_circuit_decorator to 2023-11-30T00:05:50.837410+00:00, run_after=2023-12-01T00:05:50.837410+00:00
[2023-12-01T00:05:50.848+0000] {processor.py:179} INFO - Processing /home/airflow/.local/lib/python3.8/site-packages/airflow/example_dags/example_short_circuit_decorator.py took 0.049 seconds
[2023-12-01T00:33:44.079+0000] {processor.py:157} INFO - Started process (PID=45282) to work on /home/airflow/.local/lib/python3.8/site-packages/airflow/example_dags/example_short_circuit_decorator.py
[2023-12-01T00:33:44.093+0000] {processor.py:829} INFO - Processing file /home/airflow/.local/lib/python3.8/site-packages/airflow/example_dags/example_short_circuit_decorator.py for tasks to queue
[2023-12-01T00:33:44.106+0000] {logging_mixin.py:151} INFO - [2023-12-01T00:33:44.105+0000] {dagbag.py:539} INFO - Filling up the DagBag from /home/airflow/.local/lib/python3.8/site-packages/airflow/example_dags/example_short_circuit_decorator.py
[2023-12-01T00:33:44.133+0000] {processor.py:839} INFO - DAG(s) dict_keys(['example_short_circuit_decorator']) retrieved from /home/airflow/.local/lib/python3.8/site-packages/airflow/example_dags/example_short_circuit_decorator.py
[2023-12-01T00:33:44.167+0000] {logging_mixin.py:151} INFO - [2023-12-01T00:33:44.167+0000] {dag.py:2915} INFO - Sync 1 DAGs
[2023-12-01T00:33:44.241+0000] {logging_mixin.py:151} INFO - [2023-12-01T00:33:44.240+0000] {dag.py:3696} INFO - Setting next_dagrun for example_short_circuit_decorator to 2023-11-30T00:33:44.240084+00:00, run_after=2023-12-01T00:33:44.240084+00:00
[2023-12-01T00:33:44.300+0000] {processor.py:179} INFO - Processing /home/airflow/.local/lib/python3.8/site-packages/airflow/example_dags/example_short_circuit_decorator.py took 0.224 seconds
[2023-12-01T01:27:55.860+0000] {processor.py:157} INFO - Started process (PID=45336) to work on /home/airflow/.local/lib/python3.8/site-packages/airflow/example_dags/example_short_circuit_decorator.py
[2023-12-01T01:27:55.861+0000] {processor.py:829} INFO - Processing file /home/airflow/.local/lib/python3.8/site-packages/airflow/example_dags/example_short_circuit_decorator.py for tasks to queue
[2023-12-01T01:27:55.863+0000] {logging_mixin.py:151} INFO - [2023-12-01T01:27:55.862+0000] {dagbag.py:539} INFO - Filling up the DagBag from /home/airflow/.local/lib/python3.8/site-packages/airflow/example_dags/example_short_circuit_decorator.py
[2023-12-01T01:27:55.868+0000] {processor.py:839} INFO - DAG(s) dict_keys(['example_short_circuit_decorator']) retrieved from /home/airflow/.local/lib/python3.8/site-packages/airflow/example_dags/example_short_circuit_decorator.py
[2023-12-01T01:27:55.884+0000] {logging_mixin.py:151} INFO - [2023-12-01T01:27:55.884+0000] {dag.py:2915} INFO - Sync 1 DAGs
[2023-12-01T01:27:55.898+0000] {logging_mixin.py:151} INFO - [2023-12-01T01:27:55.898+0000] {dag.py:3696} INFO - Setting next_dagrun for example_short_circuit_decorator to 2023-11-30T01:27:55.898127+00:00, run_after=2023-12-01T01:27:55.898127+00:00
[2023-12-01T01:27:55.913+0000] {processor.py:179} INFO - Processing /home/airflow/.local/lib/python3.8/site-packages/airflow/example_dags/example_short_circuit_decorator.py took 0.055 seconds
[2023-12-01T02:09:22.770+0000] {processor.py:157} INFO - Started process (PID=45390) to work on /home/airflow/.local/lib/python3.8/site-packages/airflow/example_dags/example_short_circuit_decorator.py
[2023-12-01T02:09:22.771+0000] {processor.py:829} INFO - Processing file /home/airflow/.local/lib/python3.8/site-packages/airflow/example_dags/example_short_circuit_decorator.py for tasks to queue
[2023-12-01T02:09:22.773+0000] {logging_mixin.py:151} INFO - [2023-12-01T02:09:22.773+0000] {dagbag.py:539} INFO - Filling up the DagBag from /home/airflow/.local/lib/python3.8/site-packages/airflow/example_dags/example_short_circuit_decorator.py
[2023-12-01T02:09:22.779+0000] {processor.py:839} INFO - DAG(s) dict_keys(['example_short_circuit_decorator']) retrieved from /home/airflow/.local/lib/python3.8/site-packages/airflow/example_dags/example_short_circuit_decorator.py
[2023-12-01T02:09:22.794+0000] {logging_mixin.py:151} INFO - [2023-12-01T02:09:22.794+0000] {dag.py:2915} INFO - Sync 1 DAGs
[2023-12-01T02:09:22.808+0000] {logging_mixin.py:151} INFO - [2023-12-01T02:09:22.808+0000] {dag.py:3696} INFO - Setting next_dagrun for example_short_circuit_decorator to 2023-11-30T02:09:22.808025+00:00, run_after=2023-12-01T02:09:22.808025+00:00
[2023-12-01T02:09:22.822+0000] {processor.py:179} INFO - Processing /home/airflow/.local/lib/python3.8/site-packages/airflow/example_dags/example_short_circuit_decorator.py took 0.055 seconds
[2023-12-01T02:45:38.408+0000] {processor.py:157} INFO - Started process (PID=45444) to work on /home/airflow/.local/lib/python3.8/site-packages/airflow/example_dags/example_short_circuit_decorator.py
[2023-12-01T02:45:38.409+0000] {processor.py:829} INFO - Processing file /home/airflow/.local/lib/python3.8/site-packages/airflow/example_dags/example_short_circuit_decorator.py for tasks to queue
[2023-12-01T02:45:38.411+0000] {logging_mixin.py:151} INFO - [2023-12-01T02:45:38.411+0000] {dagbag.py:539} INFO - Filling up the DagBag from /home/airflow/.local/lib/python3.8/site-packages/airflow/example_dags/example_short_circuit_decorator.py
[2023-12-01T02:45:38.418+0000] {processor.py:839} INFO - DAG(s) dict_keys(['example_short_circuit_decorator']) retrieved from /home/airflow/.local/lib/python3.8/site-packages/airflow/example_dags/example_short_circuit_decorator.py
[2023-12-01T02:45:38.439+0000] {logging_mixin.py:151} INFO - [2023-12-01T02:45:38.438+0000] {dag.py:2915} INFO - Sync 1 DAGs
[2023-12-01T02:45:38.456+0000] {logging_mixin.py:151} INFO - [2023-12-01T02:45:38.456+0000] {dag.py:3696} INFO - Setting next_dagrun for example_short_circuit_decorator to 2023-11-30T02:45:38.455865+00:00, run_after=2023-12-01T02:45:38.455865+00:00
[2023-12-01T02:45:38.482+0000] {processor.py:179} INFO - Processing /home/airflow/.local/lib/python3.8/site-packages/airflow/example_dags/example_short_circuit_decorator.py took 0.076 seconds
[2023-12-01T03:20:36.217+0000] {processor.py:157} INFO - Started process (PID=45498) to work on /home/airflow/.local/lib/python3.8/site-packages/airflow/example_dags/example_short_circuit_decorator.py
[2023-12-01T03:20:36.220+0000] {processor.py:829} INFO - Processing file /home/airflow/.local/lib/python3.8/site-packages/airflow/example_dags/example_short_circuit_decorator.py for tasks to queue
[2023-12-01T03:20:36.226+0000] {logging_mixin.py:151} INFO - [2023-12-01T03:20:36.224+0000] {dagbag.py:539} INFO - Filling up the DagBag from /home/airflow/.local/lib/python3.8/site-packages/airflow/example_dags/example_short_circuit_decorator.py
[2023-12-01T03:20:36.239+0000] {processor.py:839} INFO - DAG(s) dict_keys(['example_short_circuit_decorator']) retrieved from /home/airflow/.local/lib/python3.8/site-packages/airflow/example_dags/example_short_circuit_decorator.py
[2023-12-01T03:20:36.282+0000] {logging_mixin.py:151} INFO - [2023-12-01T03:20:36.282+0000] {dag.py:2915} INFO - Sync 1 DAGs
[2023-12-01T03:20:36.313+0000] {logging_mixin.py:151} INFO - [2023-12-01T03:20:36.312+0000] {dag.py:3696} INFO - Setting next_dagrun for example_short_circuit_decorator to 2023-11-30T03:20:36.312755+00:00, run_after=2023-12-01T03:20:36.312755+00:00
[2023-12-01T03:20:36.329+0000] {processor.py:179} INFO - Processing /home/airflow/.local/lib/python3.8/site-packages/airflow/example_dags/example_short_circuit_decorator.py took 0.116 seconds
[2023-12-01T04:21:30.819+0000] {processor.py:157} INFO - Started process (PID=45552) to work on /home/airflow/.local/lib/python3.8/site-packages/airflow/example_dags/example_short_circuit_decorator.py
[2023-12-01T04:21:30.820+0000] {processor.py:829} INFO - Processing file /home/airflow/.local/lib/python3.8/site-packages/airflow/example_dags/example_short_circuit_decorator.py for tasks to queue
[2023-12-01T04:21:30.821+0000] {logging_mixin.py:151} INFO - [2023-12-01T04:21:30.821+0000] {dagbag.py:539} INFO - Filling up the DagBag from /home/airflow/.local/lib/python3.8/site-packages/airflow/example_dags/example_short_circuit_decorator.py
[2023-12-01T04:21:30.827+0000] {processor.py:839} INFO - DAG(s) dict_keys(['example_short_circuit_decorator']) retrieved from /home/airflow/.local/lib/python3.8/site-packages/airflow/example_dags/example_short_circuit_decorator.py
[2023-12-01T04:21:30.843+0000] {logging_mixin.py:151} INFO - [2023-12-01T04:21:30.843+0000] {dag.py:2915} INFO - Sync 1 DAGs
[2023-12-01T04:21:30.857+0000] {logging_mixin.py:151} INFO - [2023-12-01T04:21:30.857+0000] {dag.py:3696} INFO - Setting next_dagrun for example_short_circuit_decorator to 2023-11-30T04:21:30.857174+00:00, run_after=2023-12-01T04:21:30.857174+00:00
[2023-12-01T04:21:30.867+0000] {processor.py:179} INFO - Processing /home/airflow/.local/lib/python3.8/site-packages/airflow/example_dags/example_short_circuit_decorator.py took 0.051 seconds
[2023-12-01T05:30:12.997+0000] {processor.py:157} INFO - Started process (PID=45606) to work on /home/airflow/.local/lib/python3.8/site-packages/airflow/example_dags/example_short_circuit_decorator.py
[2023-12-01T05:30:12.998+0000] {processor.py:829} INFO - Processing file /home/airflow/.local/lib/python3.8/site-packages/airflow/example_dags/example_short_circuit_decorator.py for tasks to queue
[2023-12-01T05:30:12.999+0000] {logging_mixin.py:151} INFO - [2023-12-01T05:30:12.999+0000] {dagbag.py:539} INFO - Filling up the DagBag from /home/airflow/.local/lib/python3.8/site-packages/airflow/example_dags/example_short_circuit_decorator.py
[2023-12-01T05:30:13.005+0000] {processor.py:839} INFO - DAG(s) dict_keys(['example_short_circuit_decorator']) retrieved from /home/airflow/.local/lib/python3.8/site-packages/airflow/example_dags/example_short_circuit_decorator.py
[2023-12-01T05:30:13.019+0000] {logging_mixin.py:151} INFO - [2023-12-01T05:30:13.019+0000] {dag.py:2915} INFO - Sync 1 DAGs
[2023-12-01T05:30:13.030+0000] {logging_mixin.py:151} INFO - [2023-12-01T05:30:13.030+0000] {dag.py:3696} INFO - Setting next_dagrun for example_short_circuit_decorator to 2023-11-30T05:30:13.030396+00:00, run_after=2023-12-01T05:30:13.030396+00:00
[2023-12-01T05:30:13.039+0000] {processor.py:179} INFO - Processing /home/airflow/.local/lib/python3.8/site-packages/airflow/example_dags/example_short_circuit_decorator.py took 0.044 seconds
[2023-12-01T06:23:26.326+0000] {processor.py:157} INFO - Started process (PID=45660) to work on /home/airflow/.local/lib/python3.8/site-packages/airflow/example_dags/example_short_circuit_decorator.py
[2023-12-01T06:23:26.326+0000] {processor.py:829} INFO - Processing file /home/airflow/.local/lib/python3.8/site-packages/airflow/example_dags/example_short_circuit_decorator.py for tasks to queue
[2023-12-01T06:23:26.328+0000] {logging_mixin.py:151} INFO - [2023-12-01T06:23:26.328+0000] {dagbag.py:539} INFO - Filling up the DagBag from /home/airflow/.local/lib/python3.8/site-packages/airflow/example_dags/example_short_circuit_decorator.py
[2023-12-01T06:23:26.334+0000] {processor.py:839} INFO - DAG(s) dict_keys(['example_short_circuit_decorator']) retrieved from /home/airflow/.local/lib/python3.8/site-packages/airflow/example_dags/example_short_circuit_decorator.py
[2023-12-01T06:23:26.348+0000] {logging_mixin.py:151} INFO - [2023-12-01T06:23:26.348+0000] {dag.py:2915} INFO - Sync 1 DAGs
[2023-12-01T06:23:26.360+0000] {logging_mixin.py:151} INFO - [2023-12-01T06:23:26.360+0000] {dag.py:3696} INFO - Setting next_dagrun for example_short_circuit_decorator to 2023-11-30T06:23:26.360437+00:00, run_after=2023-12-01T06:23:26.360437+00:00
[2023-12-01T06:23:26.372+0000] {processor.py:179} INFO - Processing /home/airflow/.local/lib/python3.8/site-packages/airflow/example_dags/example_short_circuit_decorator.py took 0.049 seconds
[2023-12-01T07:10:09.025+0000] {processor.py:157} INFO - Started process (PID=45714) to work on /home/airflow/.local/lib/python3.8/site-packages/airflow/example_dags/example_short_circuit_decorator.py
[2023-12-01T07:10:09.026+0000] {processor.py:829} INFO - Processing file /home/airflow/.local/lib/python3.8/site-packages/airflow/example_dags/example_short_circuit_decorator.py for tasks to queue
[2023-12-01T07:10:09.028+0000] {logging_mixin.py:151} INFO - [2023-12-01T07:10:09.027+0000] {dagbag.py:539} INFO - Filling up the DagBag from /home/airflow/.local/lib/python3.8/site-packages/airflow/example_dags/example_short_circuit_decorator.py
[2023-12-01T07:10:09.033+0000] {processor.py:839} INFO - DAG(s) dict_keys(['example_short_circuit_decorator']) retrieved from /home/airflow/.local/lib/python3.8/site-packages/airflow/example_dags/example_short_circuit_decorator.py
[2023-12-01T07:10:09.047+0000] {logging_mixin.py:151} INFO - [2023-12-01T07:10:09.047+0000] {dag.py:2915} INFO - Sync 1 DAGs
[2023-12-01T07:10:09.063+0000] {logging_mixin.py:151} INFO - [2023-12-01T07:10:09.063+0000] {dag.py:3696} INFO - Setting next_dagrun for example_short_circuit_decorator to 2023-11-30T07:10:09.063539+00:00, run_after=2023-12-01T07:10:09.063539+00:00
[2023-12-01T07:10:09.073+0000] {processor.py:179} INFO - Processing /home/airflow/.local/lib/python3.8/site-packages/airflow/example_dags/example_short_circuit_decorator.py took 0.050 seconds
[2023-12-01T07:45:19.689+0000] {processor.py:157} INFO - Started process (PID=45768) to work on /home/airflow/.local/lib/python3.8/site-packages/airflow/example_dags/example_short_circuit_decorator.py
[2023-12-01T07:45:19.691+0000] {processor.py:829} INFO - Processing file /home/airflow/.local/lib/python3.8/site-packages/airflow/example_dags/example_short_circuit_decorator.py for tasks to queue
[2023-12-01T07:45:19.692+0000] {logging_mixin.py:151} INFO - [2023-12-01T07:45:19.692+0000] {dagbag.py:539} INFO - Filling up the DagBag from /home/airflow/.local/lib/python3.8/site-packages/airflow/example_dags/example_short_circuit_decorator.py
[2023-12-01T07:45:19.697+0000] {processor.py:839} INFO - DAG(s) dict_keys(['example_short_circuit_decorator']) retrieved from /home/airflow/.local/lib/python3.8/site-packages/airflow/example_dags/example_short_circuit_decorator.py
[2023-12-01T07:45:19.712+0000] {logging_mixin.py:151} INFO - [2023-12-01T07:45:19.712+0000] {dag.py:2915} INFO - Sync 1 DAGs
[2023-12-01T07:45:19.723+0000] {logging_mixin.py:151} INFO - [2023-12-01T07:45:19.723+0000] {dag.py:3696} INFO - Setting next_dagrun for example_short_circuit_decorator to 2023-11-30T07:45:19.723692+00:00, run_after=2023-12-01T07:45:19.723692+00:00
[2023-12-01T07:45:19.733+0000] {processor.py:179} INFO - Processing /home/airflow/.local/lib/python3.8/site-packages/airflow/example_dags/example_short_circuit_decorator.py took 0.046 seconds
[2023-12-01T08:25:27.891+0000] {processor.py:157} INFO - Started process (PID=45822) to work on /home/airflow/.local/lib/python3.8/site-packages/airflow/example_dags/example_short_circuit_decorator.py
[2023-12-01T08:25:27.892+0000] {processor.py:829} INFO - Processing file /home/airflow/.local/lib/python3.8/site-packages/airflow/example_dags/example_short_circuit_decorator.py for tasks to queue
[2023-12-01T08:25:27.893+0000] {logging_mixin.py:151} INFO - [2023-12-01T08:25:27.893+0000] {dagbag.py:539} INFO - Filling up the DagBag from /home/airflow/.local/lib/python3.8/site-packages/airflow/example_dags/example_short_circuit_decorator.py
[2023-12-01T08:25:27.899+0000] {processor.py:839} INFO - DAG(s) dict_keys(['example_short_circuit_decorator']) retrieved from /home/airflow/.local/lib/python3.8/site-packages/airflow/example_dags/example_short_circuit_decorator.py
[2023-12-01T08:25:27.913+0000] {logging_mixin.py:151} INFO - [2023-12-01T08:25:27.913+0000] {dag.py:2915} INFO - Sync 1 DAGs
[2023-12-01T08:25:27.925+0000] {logging_mixin.py:151} INFO - [2023-12-01T08:25:27.925+0000] {dag.py:3696} INFO - Setting next_dagrun for example_short_circuit_decorator to 2023-11-30T08:25:27.925416+00:00, run_after=2023-12-01T08:25:27.925416+00:00
[2023-12-01T08:25:27.935+0000] {processor.py:179} INFO - Processing /home/airflow/.local/lib/python3.8/site-packages/airflow/example_dags/example_short_circuit_decorator.py took 0.046 seconds
[2023-12-01T09:26:33.584+0000] {processor.py:157} INFO - Started process (PID=45876) to work on /home/airflow/.local/lib/python3.8/site-packages/airflow/example_dags/example_short_circuit_decorator.py
[2023-12-01T09:26:33.585+0000] {processor.py:829} INFO - Processing file /home/airflow/.local/lib/python3.8/site-packages/airflow/example_dags/example_short_circuit_decorator.py for tasks to queue
[2023-12-01T09:26:33.587+0000] {logging_mixin.py:151} INFO - [2023-12-01T09:26:33.586+0000] {dagbag.py:539} INFO - Filling up the DagBag from /home/airflow/.local/lib/python3.8/site-packages/airflow/example_dags/example_short_circuit_decorator.py
[2023-12-01T09:26:33.593+0000] {processor.py:839} INFO - DAG(s) dict_keys(['example_short_circuit_decorator']) retrieved from /home/airflow/.local/lib/python3.8/site-packages/airflow/example_dags/example_short_circuit_decorator.py
[2023-12-01T09:26:33.608+0000] {logging_mixin.py:151} INFO - [2023-12-01T09:26:33.608+0000] {dag.py:2915} INFO - Sync 1 DAGs
[2023-12-01T09:26:33.621+0000] {logging_mixin.py:151} INFO - [2023-12-01T09:26:33.621+0000] {dag.py:3696} INFO - Setting next_dagrun for example_short_circuit_decorator to 2023-11-30T09:26:33.621040+00:00, run_after=2023-12-01T09:26:33.621040+00:00
[2023-12-01T09:26:33.631+0000] {processor.py:179} INFO - Processing /home/airflow/.local/lib/python3.8/site-packages/airflow/example_dags/example_short_circuit_decorator.py took 0.050 seconds
[2023-12-01T10:22:11.208+0000] {processor.py:157} INFO - Started process (PID=45930) to work on /home/airflow/.local/lib/python3.8/site-packages/airflow/example_dags/example_short_circuit_decorator.py
[2023-12-01T10:22:11.209+0000] {processor.py:829} INFO - Processing file /home/airflow/.local/lib/python3.8/site-packages/airflow/example_dags/example_short_circuit_decorator.py for tasks to queue
[2023-12-01T10:22:11.210+0000] {logging_mixin.py:151} INFO - [2023-12-01T10:22:11.210+0000] {dagbag.py:539} INFO - Filling up the DagBag from /home/airflow/.local/lib/python3.8/site-packages/airflow/example_dags/example_short_circuit_decorator.py
[2023-12-01T10:22:11.216+0000] {processor.py:839} INFO - DAG(s) dict_keys(['example_short_circuit_decorator']) retrieved from /home/airflow/.local/lib/python3.8/site-packages/airflow/example_dags/example_short_circuit_decorator.py
[2023-12-01T10:22:11.229+0000] {logging_mixin.py:151} INFO - [2023-12-01T10:22:11.229+0000] {dag.py:2915} INFO - Sync 1 DAGs
[2023-12-01T10:22:11.241+0000] {logging_mixin.py:151} INFO - [2023-12-01T10:22:11.240+0000] {dag.py:3696} INFO - Setting next_dagrun for example_short_circuit_decorator to 2023-11-30T10:22:11.240755+00:00, run_after=2023-12-01T10:22:11.240755+00:00
[2023-12-01T10:22:11.250+0000] {processor.py:179} INFO - Processing /home/airflow/.local/lib/python3.8/site-packages/airflow/example_dags/example_short_circuit_decorator.py took 0.045 seconds
[2023-12-01T10:50:46.820+0000] {processor.py:157} INFO - Started process (PID=45984) to work on /home/airflow/.local/lib/python3.8/site-packages/airflow/example_dags/example_short_circuit_decorator.py
[2023-12-01T10:50:46.821+0000] {processor.py:829} INFO - Processing file /home/airflow/.local/lib/python3.8/site-packages/airflow/example_dags/example_short_circuit_decorator.py for tasks to queue
[2023-12-01T10:50:46.823+0000] {logging_mixin.py:151} INFO - [2023-12-01T10:50:46.823+0000] {dagbag.py:539} INFO - Filling up the DagBag from /home/airflow/.local/lib/python3.8/site-packages/airflow/example_dags/example_short_circuit_decorator.py
[2023-12-01T10:50:46.829+0000] {processor.py:839} INFO - DAG(s) dict_keys(['example_short_circuit_decorator']) retrieved from /home/airflow/.local/lib/python3.8/site-packages/airflow/example_dags/example_short_circuit_decorator.py
[2023-12-01T10:50:46.843+0000] {logging_mixin.py:151} INFO - [2023-12-01T10:50:46.843+0000] {dag.py:2915} INFO - Sync 1 DAGs
[2023-12-01T10:50:46.855+0000] {logging_mixin.py:151} INFO - [2023-12-01T10:50:46.855+0000] {dag.py:3696} INFO - Setting next_dagrun for example_short_circuit_decorator to 2023-11-30T10:50:46.855477+00:00, run_after=2023-12-01T10:50:46.855477+00:00
[2023-12-01T10:50:46.865+0000] {processor.py:179} INFO - Processing /home/airflow/.local/lib/python3.8/site-packages/airflow/example_dags/example_short_circuit_decorator.py took 0.047 seconds
[2023-12-01T10:51:16.993+0000] {processor.py:157} INFO - Started process (PID=46038) to work on /home/airflow/.local/lib/python3.8/site-packages/airflow/example_dags/example_short_circuit_decorator.py
[2023-12-01T10:51:16.997+0000] {processor.py:829} INFO - Processing file /home/airflow/.local/lib/python3.8/site-packages/airflow/example_dags/example_short_circuit_decorator.py for tasks to queue
[2023-12-01T10:51:16.999+0000] {logging_mixin.py:151} INFO - [2023-12-01T10:51:16.998+0000] {dagbag.py:539} INFO - Filling up the DagBag from /home/airflow/.local/lib/python3.8/site-packages/airflow/example_dags/example_short_circuit_decorator.py
[2023-12-01T10:51:17.006+0000] {processor.py:839} INFO - DAG(s) dict_keys(['example_short_circuit_decorator']) retrieved from /home/airflow/.local/lib/python3.8/site-packages/airflow/example_dags/example_short_circuit_decorator.py
[2023-12-01T10:51:17.025+0000] {logging_mixin.py:151} INFO - [2023-12-01T10:51:17.025+0000] {dag.py:2915} INFO - Sync 1 DAGs
[2023-12-01T10:51:17.037+0000] {logging_mixin.py:151} INFO - [2023-12-01T10:51:17.037+0000] {dag.py:3696} INFO - Setting next_dagrun for example_short_circuit_decorator to 2023-11-30T10:51:17.037275+00:00, run_after=2023-12-01T10:51:17.037275+00:00
[2023-12-01T10:51:17.046+0000] {processor.py:179} INFO - Processing /home/airflow/.local/lib/python3.8/site-packages/airflow/example_dags/example_short_circuit_decorator.py took 0.057 seconds
[2023-12-01T11:15:10.927+0000] {processor.py:157} INFO - Started process (PID=46092) to work on /home/airflow/.local/lib/python3.8/site-packages/airflow/example_dags/example_short_circuit_decorator.py
[2023-12-01T11:15:10.928+0000] {processor.py:829} INFO - Processing file /home/airflow/.local/lib/python3.8/site-packages/airflow/example_dags/example_short_circuit_decorator.py for tasks to queue
[2023-12-01T11:15:10.930+0000] {logging_mixin.py:151} INFO - [2023-12-01T11:15:10.930+0000] {dagbag.py:539} INFO - Filling up the DagBag from /home/airflow/.local/lib/python3.8/site-packages/airflow/example_dags/example_short_circuit_decorator.py
[2023-12-01T11:15:10.935+0000] {processor.py:839} INFO - DAG(s) dict_keys(['example_short_circuit_decorator']) retrieved from /home/airflow/.local/lib/python3.8/site-packages/airflow/example_dags/example_short_circuit_decorator.py
[2023-12-01T11:15:10.950+0000] {logging_mixin.py:151} INFO - [2023-12-01T11:15:10.950+0000] {dag.py:2915} INFO - Sync 1 DAGs
[2023-12-01T11:15:10.962+0000] {logging_mixin.py:151} INFO - [2023-12-01T11:15:10.962+0000] {dag.py:3696} INFO - Setting next_dagrun for example_short_circuit_decorator to 2023-11-30T11:15:10.962209+00:00, run_after=2023-12-01T11:15:10.962209+00:00
[2023-12-01T11:15:10.972+0000] {processor.py:179} INFO - Processing /home/airflow/.local/lib/python3.8/site-packages/airflow/example_dags/example_short_circuit_decorator.py took 0.047 seconds
[2023-12-01T11:28:39.158+0000] {processor.py:157} INFO - Started process (PID=46146) to work on /home/airflow/.local/lib/python3.8/site-packages/airflow/example_dags/example_short_circuit_decorator.py
[2023-12-01T11:28:39.160+0000] {processor.py:829} INFO - Processing file /home/airflow/.local/lib/python3.8/site-packages/airflow/example_dags/example_short_circuit_decorator.py for tasks to queue
[2023-12-01T11:28:39.161+0000] {logging_mixin.py:151} INFO - [2023-12-01T11:28:39.161+0000] {dagbag.py:539} INFO - Filling up the DagBag from /home/airflow/.local/lib/python3.8/site-packages/airflow/example_dags/example_short_circuit_decorator.py
[2023-12-01T11:28:39.166+0000] {processor.py:839} INFO - DAG(s) dict_keys(['example_short_circuit_decorator']) retrieved from /home/airflow/.local/lib/python3.8/site-packages/airflow/example_dags/example_short_circuit_decorator.py
[2023-12-01T11:28:39.182+0000] {logging_mixin.py:151} INFO - [2023-12-01T11:28:39.181+0000] {dag.py:2915} INFO - Sync 1 DAGs
[2023-12-01T11:28:39.193+0000] {logging_mixin.py:151} INFO - [2023-12-01T11:28:39.193+0000] {dag.py:3696} INFO - Setting next_dagrun for example_short_circuit_decorator to 2023-11-30T11:28:39.193705+00:00, run_after=2023-12-01T11:28:39.193705+00:00
[2023-12-01T11:28:39.206+0000] {processor.py:179} INFO - Processing /home/airflow/.local/lib/python3.8/site-packages/airflow/example_dags/example_short_circuit_decorator.py took 0.050 seconds
[2023-12-01T11:48:59.065+0000] {processor.py:157} INFO - Started process (PID=46200) to work on /home/airflow/.local/lib/python3.8/site-packages/airflow/example_dags/example_short_circuit_decorator.py
[2023-12-01T11:48:59.068+0000] {processor.py:829} INFO - Processing file /home/airflow/.local/lib/python3.8/site-packages/airflow/example_dags/example_short_circuit_decorator.py for tasks to queue
[2023-12-01T11:48:59.074+0000] {logging_mixin.py:151} INFO - [2023-12-01T11:48:59.072+0000] {dagbag.py:539} INFO - Filling up the DagBag from /home/airflow/.local/lib/python3.8/site-packages/airflow/example_dags/example_short_circuit_decorator.py
[2023-12-01T11:48:59.087+0000] {processor.py:839} INFO - DAG(s) dict_keys(['example_short_circuit_decorator']) retrieved from /home/airflow/.local/lib/python3.8/site-packages/airflow/example_dags/example_short_circuit_decorator.py
[2023-12-01T11:48:59.111+0000] {logging_mixin.py:151} INFO - [2023-12-01T11:48:59.111+0000] {dag.py:2915} INFO - Sync 1 DAGs
[2023-12-01T11:48:59.140+0000] {logging_mixin.py:151} INFO - [2023-12-01T11:48:59.139+0000] {dag.py:3696} INFO - Setting next_dagrun for example_short_circuit_decorator to 2023-11-30T11:48:59.139617+00:00, run_after=2023-12-01T11:48:59.139617+00:00
[2023-12-01T11:48:59.160+0000] {processor.py:179} INFO - Processing /home/airflow/.local/lib/python3.8/site-packages/airflow/example_dags/example_short_circuit_decorator.py took 0.098 seconds
[2023-12-01T11:49:29.629+0000] {processor.py:157} INFO - Started process (PID=46255) to work on /home/airflow/.local/lib/python3.8/site-packages/airflow/example_dags/example_short_circuit_decorator.py
[2023-12-01T11:49:29.630+0000] {processor.py:829} INFO - Processing file /home/airflow/.local/lib/python3.8/site-packages/airflow/example_dags/example_short_circuit_decorator.py for tasks to queue
[2023-12-01T11:49:29.633+0000] {logging_mixin.py:151} INFO - [2023-12-01T11:49:29.632+0000] {dagbag.py:539} INFO - Filling up the DagBag from /home/airflow/.local/lib/python3.8/site-packages/airflow/example_dags/example_short_circuit_decorator.py
[2023-12-01T11:49:29.641+0000] {processor.py:839} INFO - DAG(s) dict_keys(['example_short_circuit_decorator']) retrieved from /home/airflow/.local/lib/python3.8/site-packages/airflow/example_dags/example_short_circuit_decorator.py
[2023-12-01T11:49:29.657+0000] {logging_mixin.py:151} INFO - [2023-12-01T11:49:29.656+0000] {dag.py:2915} INFO - Sync 1 DAGs
[2023-12-01T11:49:29.669+0000] {logging_mixin.py:151} INFO - [2023-12-01T11:49:29.669+0000] {dag.py:3696} INFO - Setting next_dagrun for example_short_circuit_decorator to 2023-11-30T11:49:29.668997+00:00, run_after=2023-12-01T11:49:29.668997+00:00
[2023-12-01T11:49:29.677+0000] {processor.py:179} INFO - Processing /home/airflow/.local/lib/python3.8/site-packages/airflow/example_dags/example_short_circuit_decorator.py took 0.052 seconds
[2023-12-01T11:49:59.857+0000] {processor.py:157} INFO - Started process (PID=46309) to work on /home/airflow/.local/lib/python3.8/site-packages/airflow/example_dags/example_short_circuit_decorator.py
[2023-12-01T11:49:59.858+0000] {processor.py:829} INFO - Processing file /home/airflow/.local/lib/python3.8/site-packages/airflow/example_dags/example_short_circuit_decorator.py for tasks to queue
[2023-12-01T11:49:59.860+0000] {logging_mixin.py:151} INFO - [2023-12-01T11:49:59.859+0000] {dagbag.py:539} INFO - Filling up the DagBag from /home/airflow/.local/lib/python3.8/site-packages/airflow/example_dags/example_short_circuit_decorator.py
[2023-12-01T11:49:59.867+0000] {processor.py:839} INFO - DAG(s) dict_keys(['example_short_circuit_decorator']) retrieved from /home/airflow/.local/lib/python3.8/site-packages/airflow/example_dags/example_short_circuit_decorator.py
[2023-12-01T11:49:59.889+0000] {logging_mixin.py:151} INFO - [2023-12-01T11:49:59.889+0000] {dag.py:2915} INFO - Sync 1 DAGs
[2023-12-01T11:49:59.902+0000] {logging_mixin.py:151} INFO - [2023-12-01T11:49:59.901+0000] {dag.py:3696} INFO - Setting next_dagrun for example_short_circuit_decorator to 2023-11-30T11:49:59.901807+00:00, run_after=2023-12-01T11:49:59.901807+00:00
[2023-12-01T11:49:59.912+0000] {processor.py:179} INFO - Processing /home/airflow/.local/lib/python3.8/site-packages/airflow/example_dags/example_short_circuit_decorator.py took 0.057 seconds
[2023-12-01T11:50:30.021+0000] {processor.py:157} INFO - Started process (PID=46364) to work on /home/airflow/.local/lib/python3.8/site-packages/airflow/example_dags/example_short_circuit_decorator.py
[2023-12-01T11:50:30.023+0000] {processor.py:829} INFO - Processing file /home/airflow/.local/lib/python3.8/site-packages/airflow/example_dags/example_short_circuit_decorator.py for tasks to queue
[2023-12-01T11:50:30.026+0000] {logging_mixin.py:151} INFO - [2023-12-01T11:50:30.026+0000] {dagbag.py:539} INFO - Filling up the DagBag from /home/airflow/.local/lib/python3.8/site-packages/airflow/example_dags/example_short_circuit_decorator.py
[2023-12-01T11:50:30.036+0000] {processor.py:839} INFO - DAG(s) dict_keys(['example_short_circuit_decorator']) retrieved from /home/airflow/.local/lib/python3.8/site-packages/airflow/example_dags/example_short_circuit_decorator.py
[2023-12-01T11:50:30.055+0000] {logging_mixin.py:151} INFO - [2023-12-01T11:50:30.055+0000] {dag.py:2915} INFO - Sync 1 DAGs
[2023-12-01T11:50:30.069+0000] {logging_mixin.py:151} INFO - [2023-12-01T11:50:30.069+0000] {dag.py:3696} INFO - Setting next_dagrun for example_short_circuit_decorator to 2023-11-30T11:50:30.069560+00:00, run_after=2023-12-01T11:50:30.069560+00:00
[2023-12-01T11:50:30.081+0000] {processor.py:179} INFO - Processing /home/airflow/.local/lib/python3.8/site-packages/airflow/example_dags/example_short_circuit_decorator.py took 0.062 seconds
[2023-12-01T11:51:00.828+0000] {processor.py:157} INFO - Started process (PID=46418) to work on /home/airflow/.local/lib/python3.8/site-packages/airflow/example_dags/example_short_circuit_decorator.py
[2023-12-01T11:51:00.830+0000] {processor.py:829} INFO - Processing file /home/airflow/.local/lib/python3.8/site-packages/airflow/example_dags/example_short_circuit_decorator.py for tasks to queue
[2023-12-01T11:51:00.834+0000] {logging_mixin.py:151} INFO - [2023-12-01T11:51:00.834+0000] {dagbag.py:539} INFO - Filling up the DagBag from /home/airflow/.local/lib/python3.8/site-packages/airflow/example_dags/example_short_circuit_decorator.py
[2023-12-01T11:51:00.841+0000] {processor.py:839} INFO - DAG(s) dict_keys(['example_short_circuit_decorator']) retrieved from /home/airflow/.local/lib/python3.8/site-packages/airflow/example_dags/example_short_circuit_decorator.py
[2023-12-01T11:51:00.857+0000] {logging_mixin.py:151} INFO - [2023-12-01T11:51:00.857+0000] {dag.py:2915} INFO - Sync 1 DAGs
[2023-12-01T11:51:00.869+0000] {logging_mixin.py:151} INFO - [2023-12-01T11:51:00.869+0000] {dag.py:3696} INFO - Setting next_dagrun for example_short_circuit_decorator to 2023-11-30T11:51:00.869129+00:00, run_after=2023-12-01T11:51:00.869129+00:00
[2023-12-01T11:51:00.880+0000] {processor.py:179} INFO - Processing /home/airflow/.local/lib/python3.8/site-packages/airflow/example_dags/example_short_circuit_decorator.py took 0.056 seconds
[2023-12-01T11:51:31.493+0000] {processor.py:157} INFO - Started process (PID=46472) to work on /home/airflow/.local/lib/python3.8/site-packages/airflow/example_dags/example_short_circuit_decorator.py
[2023-12-01T11:51:31.494+0000] {processor.py:829} INFO - Processing file /home/airflow/.local/lib/python3.8/site-packages/airflow/example_dags/example_short_circuit_decorator.py for tasks to queue
[2023-12-01T11:51:31.497+0000] {logging_mixin.py:151} INFO - [2023-12-01T11:51:31.497+0000] {dagbag.py:539} INFO - Filling up the DagBag from /home/airflow/.local/lib/python3.8/site-packages/airflow/example_dags/example_short_circuit_decorator.py
[2023-12-01T11:51:31.506+0000] {processor.py:839} INFO - DAG(s) dict_keys(['example_short_circuit_decorator']) retrieved from /home/airflow/.local/lib/python3.8/site-packages/airflow/example_dags/example_short_circuit_decorator.py
[2023-12-01T11:51:31.526+0000] {logging_mixin.py:151} INFO - [2023-12-01T11:51:31.526+0000] {dag.py:2915} INFO - Sync 1 DAGs
[2023-12-01T11:51:31.547+0000] {logging_mixin.py:151} INFO - [2023-12-01T11:51:31.546+0000] {dag.py:3696} INFO - Setting next_dagrun for example_short_circuit_decorator to 2023-11-30T11:51:31.545879+00:00, run_after=2023-12-01T11:51:31.545879+00:00
[2023-12-01T11:51:31.571+0000] {processor.py:179} INFO - Processing /home/airflow/.local/lib/python3.8/site-packages/airflow/example_dags/example_short_circuit_decorator.py took 0.081 seconds
[2023-12-01T11:52:01.960+0000] {processor.py:157} INFO - Started process (PID=46526) to work on /home/airflow/.local/lib/python3.8/site-packages/airflow/example_dags/example_short_circuit_decorator.py
[2023-12-01T11:52:01.962+0000] {processor.py:829} INFO - Processing file /home/airflow/.local/lib/python3.8/site-packages/airflow/example_dags/example_short_circuit_decorator.py for tasks to queue
[2023-12-01T11:52:01.964+0000] {logging_mixin.py:151} INFO - [2023-12-01T11:52:01.964+0000] {dagbag.py:539} INFO - Filling up the DagBag from /home/airflow/.local/lib/python3.8/site-packages/airflow/example_dags/example_short_circuit_decorator.py
[2023-12-01T11:52:01.973+0000] {processor.py:839} INFO - DAG(s) dict_keys(['example_short_circuit_decorator']) retrieved from /home/airflow/.local/lib/python3.8/site-packages/airflow/example_dags/example_short_circuit_decorator.py
[2023-12-01T11:52:01.988+0000] {logging_mixin.py:151} INFO - [2023-12-01T11:52:01.988+0000] {dag.py:2915} INFO - Sync 1 DAGs
[2023-12-01T11:52:02.001+0000] {logging_mixin.py:151} INFO - [2023-12-01T11:52:02.000+0000] {dag.py:3696} INFO - Setting next_dagrun for example_short_circuit_decorator to 2023-11-30T11:52:02.000766+00:00, run_after=2023-12-01T11:52:02.000766+00:00
[2023-12-01T11:52:02.010+0000] {processor.py:179} INFO - Processing /home/airflow/.local/lib/python3.8/site-packages/airflow/example_dags/example_short_circuit_decorator.py took 0.053 seconds
[2023-12-01T11:52:33.156+0000] {processor.py:157} INFO - Started process (PID=46580) to work on /home/airflow/.local/lib/python3.8/site-packages/airflow/example_dags/example_short_circuit_decorator.py
[2023-12-01T11:52:33.158+0000] {processor.py:829} INFO - Processing file /home/airflow/.local/lib/python3.8/site-packages/airflow/example_dags/example_short_circuit_decorator.py for tasks to queue
[2023-12-01T11:52:33.161+0000] {logging_mixin.py:151} INFO - [2023-12-01T11:52:33.160+0000] {dagbag.py:539} INFO - Filling up the DagBag from /home/airflow/.local/lib/python3.8/site-packages/airflow/example_dags/example_short_circuit_decorator.py
[2023-12-01T11:52:33.173+0000] {processor.py:839} INFO - DAG(s) dict_keys(['example_short_circuit_decorator']) retrieved from /home/airflow/.local/lib/python3.8/site-packages/airflow/example_dags/example_short_circuit_decorator.py
[2023-12-01T11:52:33.226+0000] {logging_mixin.py:151} INFO - [2023-12-01T11:52:33.226+0000] {dag.py:2915} INFO - Sync 1 DAGs
[2023-12-01T11:52:33.256+0000] {logging_mixin.py:151} INFO - [2023-12-01T11:52:33.256+0000] {dag.py:3696} INFO - Setting next_dagrun for example_short_circuit_decorator to 2023-11-30T11:52:33.256591+00:00, run_after=2023-12-01T11:52:33.256591+00:00
[2023-12-01T11:52:33.281+0000] {processor.py:179} INFO - Processing /home/airflow/.local/lib/python3.8/site-packages/airflow/example_dags/example_short_circuit_decorator.py took 0.132 seconds
[2023-12-01T11:53:04.234+0000] {processor.py:157} INFO - Started process (PID=46634) to work on /home/airflow/.local/lib/python3.8/site-packages/airflow/example_dags/example_short_circuit_decorator.py
[2023-12-01T11:53:04.236+0000] {processor.py:829} INFO - Processing file /home/airflow/.local/lib/python3.8/site-packages/airflow/example_dags/example_short_circuit_decorator.py for tasks to queue
[2023-12-01T11:53:04.238+0000] {logging_mixin.py:151} INFO - [2023-12-01T11:53:04.238+0000] {dagbag.py:539} INFO - Filling up the DagBag from /home/airflow/.local/lib/python3.8/site-packages/airflow/example_dags/example_short_circuit_decorator.py
[2023-12-01T11:53:04.247+0000] {processor.py:839} INFO - DAG(s) dict_keys(['example_short_circuit_decorator']) retrieved from /home/airflow/.local/lib/python3.8/site-packages/airflow/example_dags/example_short_circuit_decorator.py
[2023-12-01T11:53:04.265+0000] {logging_mixin.py:151} INFO - [2023-12-01T11:53:04.265+0000] {dag.py:2915} INFO - Sync 1 DAGs
[2023-12-01T11:53:04.277+0000] {logging_mixin.py:151} INFO - [2023-12-01T11:53:04.277+0000] {dag.py:3696} INFO - Setting next_dagrun for example_short_circuit_decorator to 2023-11-30T11:53:04.277318+00:00, run_after=2023-12-01T11:53:04.277318+00:00
[2023-12-01T11:53:04.287+0000] {processor.py:179} INFO - Processing /home/airflow/.local/lib/python3.8/site-packages/airflow/example_dags/example_short_circuit_decorator.py took 0.057 seconds
[2023-12-01T11:53:35.051+0000] {processor.py:157} INFO - Started process (PID=46688) to work on /home/airflow/.local/lib/python3.8/site-packages/airflow/example_dags/example_short_circuit_decorator.py
[2023-12-01T11:53:35.053+0000] {processor.py:829} INFO - Processing file /home/airflow/.local/lib/python3.8/site-packages/airflow/example_dags/example_short_circuit_decorator.py for tasks to queue
[2023-12-01T11:53:35.055+0000] {logging_mixin.py:151} INFO - [2023-12-01T11:53:35.055+0000] {dagbag.py:539} INFO - Filling up the DagBag from /home/airflow/.local/lib/python3.8/site-packages/airflow/example_dags/example_short_circuit_decorator.py
[2023-12-01T11:53:35.064+0000] {processor.py:839} INFO - DAG(s) dict_keys(['example_short_circuit_decorator']) retrieved from /home/airflow/.local/lib/python3.8/site-packages/airflow/example_dags/example_short_circuit_decorator.py
[2023-12-01T11:53:35.082+0000] {logging_mixin.py:151} INFO - [2023-12-01T11:53:35.081+0000] {dag.py:2915} INFO - Sync 1 DAGs
[2023-12-01T11:53:35.094+0000] {logging_mixin.py:151} INFO - [2023-12-01T11:53:35.094+0000] {dag.py:3696} INFO - Setting next_dagrun for example_short_circuit_decorator to 2023-11-30T11:53:35.094153+00:00, run_after=2023-12-01T11:53:35.094153+00:00
[2023-12-01T11:53:35.103+0000] {processor.py:179} INFO - Processing /home/airflow/.local/lib/python3.8/site-packages/airflow/example_dags/example_short_circuit_decorator.py took 0.056 seconds
[2023-12-01T11:54:05.415+0000] {processor.py:157} INFO - Started process (PID=46742) to work on /home/airflow/.local/lib/python3.8/site-packages/airflow/example_dags/example_short_circuit_decorator.py
[2023-12-01T11:54:05.416+0000] {processor.py:829} INFO - Processing file /home/airflow/.local/lib/python3.8/site-packages/airflow/example_dags/example_short_circuit_decorator.py for tasks to queue
[2023-12-01T11:54:05.418+0000] {logging_mixin.py:151} INFO - [2023-12-01T11:54:05.418+0000] {dagbag.py:539} INFO - Filling up the DagBag from /home/airflow/.local/lib/python3.8/site-packages/airflow/example_dags/example_short_circuit_decorator.py
[2023-12-01T11:54:05.424+0000] {processor.py:839} INFO - DAG(s) dict_keys(['example_short_circuit_decorator']) retrieved from /home/airflow/.local/lib/python3.8/site-packages/airflow/example_dags/example_short_circuit_decorator.py
[2023-12-01T11:54:05.438+0000] {logging_mixin.py:151} INFO - [2023-12-01T11:54:05.438+0000] {dag.py:2915} INFO - Sync 1 DAGs
[2023-12-01T11:54:05.451+0000] {logging_mixin.py:151} INFO - [2023-12-01T11:54:05.451+0000] {dag.py:3696} INFO - Setting next_dagrun for example_short_circuit_decorator to 2023-11-30T11:54:05.451193+00:00, run_after=2023-12-01T11:54:05.451193+00:00
[2023-12-01T11:54:05.462+0000] {processor.py:179} INFO - Processing /home/airflow/.local/lib/python3.8/site-packages/airflow/example_dags/example_short_circuit_decorator.py took 0.049 seconds
[2023-12-01T11:54:35.816+0000] {processor.py:157} INFO - Started process (PID=46796) to work on /home/airflow/.local/lib/python3.8/site-packages/airflow/example_dags/example_short_circuit_decorator.py
[2023-12-01T11:54:35.818+0000] {processor.py:829} INFO - Processing file /home/airflow/.local/lib/python3.8/site-packages/airflow/example_dags/example_short_circuit_decorator.py for tasks to queue
[2023-12-01T11:54:35.820+0000] {logging_mixin.py:151} INFO - [2023-12-01T11:54:35.820+0000] {dagbag.py:539} INFO - Filling up the DagBag from /home/airflow/.local/lib/python3.8/site-packages/airflow/example_dags/example_short_circuit_decorator.py
[2023-12-01T11:54:35.829+0000] {processor.py:839} INFO - DAG(s) dict_keys(['example_short_circuit_decorator']) retrieved from /home/airflow/.local/lib/python3.8/site-packages/airflow/example_dags/example_short_circuit_decorator.py
[2023-12-01T11:54:35.846+0000] {logging_mixin.py:151} INFO - [2023-12-01T11:54:35.846+0000] {dag.py:2915} INFO - Sync 1 DAGs
[2023-12-01T11:54:35.858+0000] {logging_mixin.py:151} INFO - [2023-12-01T11:54:35.858+0000] {dag.py:3696} INFO - Setting next_dagrun for example_short_circuit_decorator to 2023-11-30T11:54:35.858600+00:00, run_after=2023-12-01T11:54:35.858600+00:00
[2023-12-01T11:54:35.867+0000] {processor.py:179} INFO - Processing /home/airflow/.local/lib/python3.8/site-packages/airflow/example_dags/example_short_circuit_decorator.py took 0.055 seconds
[2023-12-01T11:55:07.115+0000] {processor.py:157} INFO - Started process (PID=46849) to work on /home/airflow/.local/lib/python3.8/site-packages/airflow/example_dags/example_short_circuit_decorator.py
[2023-12-01T11:55:07.118+0000] {processor.py:829} INFO - Processing file /home/airflow/.local/lib/python3.8/site-packages/airflow/example_dags/example_short_circuit_decorator.py for tasks to queue
[2023-12-01T11:55:07.121+0000] {logging_mixin.py:151} INFO - [2023-12-01T11:55:07.120+0000] {dagbag.py:539} INFO - Filling up the DagBag from /home/airflow/.local/lib/python3.8/site-packages/airflow/example_dags/example_short_circuit_decorator.py
[2023-12-01T11:55:07.136+0000] {processor.py:839} INFO - DAG(s) dict_keys(['example_short_circuit_decorator']) retrieved from /home/airflow/.local/lib/python3.8/site-packages/airflow/example_dags/example_short_circuit_decorator.py
[2023-12-01T11:55:07.159+0000] {logging_mixin.py:151} INFO - [2023-12-01T11:55:07.159+0000] {dag.py:2915} INFO - Sync 1 DAGs
[2023-12-01T11:55:07.178+0000] {logging_mixin.py:151} INFO - [2023-12-01T11:55:07.178+0000] {dag.py:3696} INFO - Setting next_dagrun for example_short_circuit_decorator to 2023-11-30T11:55:07.177835+00:00, run_after=2023-12-01T11:55:07.177835+00:00
[2023-12-01T11:55:07.192+0000] {processor.py:179} INFO - Processing /home/airflow/.local/lib/python3.8/site-packages/airflow/example_dags/example_short_circuit_decorator.py took 0.082 seconds
[2023-12-01T11:55:37.684+0000] {processor.py:157} INFO - Started process (PID=46903) to work on /home/airflow/.local/lib/python3.8/site-packages/airflow/example_dags/example_short_circuit_decorator.py
[2023-12-01T11:55:37.685+0000] {processor.py:829} INFO - Processing file /home/airflow/.local/lib/python3.8/site-packages/airflow/example_dags/example_short_circuit_decorator.py for tasks to queue
[2023-12-01T11:55:37.687+0000] {logging_mixin.py:151} INFO - [2023-12-01T11:55:37.687+0000] {dagbag.py:539} INFO - Filling up the DagBag from /home/airflow/.local/lib/python3.8/site-packages/airflow/example_dags/example_short_circuit_decorator.py
[2023-12-01T11:55:37.693+0000] {processor.py:839} INFO - DAG(s) dict_keys(['example_short_circuit_decorator']) retrieved from /home/airflow/.local/lib/python3.8/site-packages/airflow/example_dags/example_short_circuit_decorator.py
[2023-12-01T11:55:37.709+0000] {logging_mixin.py:151} INFO - [2023-12-01T11:55:37.709+0000] {dag.py:2915} INFO - Sync 1 DAGs
[2023-12-01T11:55:37.721+0000] {logging_mixin.py:151} INFO - [2023-12-01T11:55:37.721+0000] {dag.py:3696} INFO - Setting next_dagrun for example_short_circuit_decorator to 2023-11-30T11:55:37.721217+00:00, run_after=2023-12-01T11:55:37.721217+00:00
[2023-12-01T11:55:37.731+0000] {processor.py:179} INFO - Processing /home/airflow/.local/lib/python3.8/site-packages/airflow/example_dags/example_short_circuit_decorator.py took 0.051 seconds
[2023-12-01T11:56:08.200+0000] {processor.py:157} INFO - Started process (PID=46957) to work on /home/airflow/.local/lib/python3.8/site-packages/airflow/example_dags/example_short_circuit_decorator.py
[2023-12-01T11:56:08.201+0000] {processor.py:829} INFO - Processing file /home/airflow/.local/lib/python3.8/site-packages/airflow/example_dags/example_short_circuit_decorator.py for tasks to queue
[2023-12-01T11:56:08.202+0000] {logging_mixin.py:151} INFO - [2023-12-01T11:56:08.202+0000] {dagbag.py:539} INFO - Filling up the DagBag from /home/airflow/.local/lib/python3.8/site-packages/airflow/example_dags/example_short_circuit_decorator.py
[2023-12-01T11:56:08.207+0000] {processor.py:839} INFO - DAG(s) dict_keys(['example_short_circuit_decorator']) retrieved from /home/airflow/.local/lib/python3.8/site-packages/airflow/example_dags/example_short_circuit_decorator.py
[2023-12-01T11:56:08.220+0000] {logging_mixin.py:151} INFO - [2023-12-01T11:56:08.220+0000] {dag.py:2915} INFO - Sync 1 DAGs
[2023-12-01T11:56:08.230+0000] {logging_mixin.py:151} INFO - [2023-12-01T11:56:08.230+0000] {dag.py:3696} INFO - Setting next_dagrun for example_short_circuit_decorator to 2023-11-30T11:56:08.230584+00:00, run_after=2023-12-01T11:56:08.230584+00:00
[2023-12-01T11:56:08.238+0000] {processor.py:179} INFO - Processing /home/airflow/.local/lib/python3.8/site-packages/airflow/example_dags/example_short_circuit_decorator.py took 0.041 seconds
[2023-12-01T12:09:24.236+0000] {processor.py:157} INFO - Started process (PID=47005) to work on /home/airflow/.local/lib/python3.8/site-packages/airflow/example_dags/example_short_circuit_decorator.py
[2023-12-01T12:09:24.237+0000] {processor.py:829} INFO - Processing file /home/airflow/.local/lib/python3.8/site-packages/airflow/example_dags/example_short_circuit_decorator.py for tasks to queue
[2023-12-01T12:09:24.239+0000] {logging_mixin.py:151} INFO - [2023-12-01T12:09:24.239+0000] {dagbag.py:539} INFO - Filling up the DagBag from /home/airflow/.local/lib/python3.8/site-packages/airflow/example_dags/example_short_circuit_decorator.py
[2023-12-01T12:09:24.250+0000] {processor.py:839} INFO - DAG(s) dict_keys(['example_short_circuit_decorator']) retrieved from /home/airflow/.local/lib/python3.8/site-packages/airflow/example_dags/example_short_circuit_decorator.py
[2023-12-01T12:09:24.281+0000] {logging_mixin.py:151} INFO - [2023-12-01T12:09:24.281+0000] {dag.py:2915} INFO - Sync 1 DAGs
[2023-12-01T12:09:24.300+0000] {logging_mixin.py:151} INFO - [2023-12-01T12:09:24.300+0000] {dag.py:3696} INFO - Setting next_dagrun for example_short_circuit_decorator to 2023-11-30T12:09:24.299847+00:00, run_after=2023-12-01T12:09:24.299847+00:00
[2023-12-01T12:09:24.330+0000] {processor.py:179} INFO - Processing /home/airflow/.local/lib/python3.8/site-packages/airflow/example_dags/example_short_circuit_decorator.py took 0.096 seconds
[2023-12-01T12:43:12.403+0000] {processor.py:157} INFO - Started process (PID=47059) to work on /home/airflow/.local/lib/python3.8/site-packages/airflow/example_dags/example_short_circuit_decorator.py
[2023-12-01T12:43:12.404+0000] {processor.py:829} INFO - Processing file /home/airflow/.local/lib/python3.8/site-packages/airflow/example_dags/example_short_circuit_decorator.py for tasks to queue
[2023-12-01T12:43:12.407+0000] {logging_mixin.py:151} INFO - [2023-12-01T12:43:12.406+0000] {dagbag.py:539} INFO - Filling up the DagBag from /home/airflow/.local/lib/python3.8/site-packages/airflow/example_dags/example_short_circuit_decorator.py
[2023-12-01T12:43:12.418+0000] {processor.py:839} INFO - DAG(s) dict_keys(['example_short_circuit_decorator']) retrieved from /home/airflow/.local/lib/python3.8/site-packages/airflow/example_dags/example_short_circuit_decorator.py
[2023-12-01T12:43:12.456+0000] {logging_mixin.py:151} INFO - [2023-12-01T12:43:12.455+0000] {dag.py:2915} INFO - Sync 1 DAGs
[2023-12-01T12:43:12.472+0000] {logging_mixin.py:151} INFO - [2023-12-01T12:43:12.472+0000] {dag.py:3696} INFO - Setting next_dagrun for example_short_circuit_decorator to 2023-11-30T12:43:12.472278+00:00, run_after=2023-12-01T12:43:12.472278+00:00
[2023-12-01T12:43:12.485+0000] {processor.py:179} INFO - Processing /home/airflow/.local/lib/python3.8/site-packages/airflow/example_dags/example_short_circuit_decorator.py took 0.086 seconds
[2023-12-01T12:53:56.323+0000] {processor.py:157} INFO - Started process (PID=47113) to work on /home/airflow/.local/lib/python3.8/site-packages/airflow/example_dags/example_short_circuit_decorator.py
[2023-12-01T12:53:56.324+0000] {processor.py:829} INFO - Processing file /home/airflow/.local/lib/python3.8/site-packages/airflow/example_dags/example_short_circuit_decorator.py for tasks to queue
[2023-12-01T12:53:56.326+0000] {logging_mixin.py:151} INFO - [2023-12-01T12:53:56.326+0000] {dagbag.py:539} INFO - Filling up the DagBag from /home/airflow/.local/lib/python3.8/site-packages/airflow/example_dags/example_short_circuit_decorator.py
[2023-12-01T12:53:56.333+0000] {processor.py:839} INFO - DAG(s) dict_keys(['example_short_circuit_decorator']) retrieved from /home/airflow/.local/lib/python3.8/site-packages/airflow/example_dags/example_short_circuit_decorator.py
[2023-12-01T12:53:56.360+0000] {logging_mixin.py:151} INFO - [2023-12-01T12:53:56.360+0000] {dag.py:2915} INFO - Sync 1 DAGs
[2023-12-01T12:53:56.384+0000] {logging_mixin.py:151} INFO - [2023-12-01T12:53:56.384+0000] {dag.py:3696} INFO - Setting next_dagrun for example_short_circuit_decorator to 2023-11-30T12:53:56.384285+00:00, run_after=2023-12-01T12:53:56.384285+00:00
[2023-12-01T12:53:56.403+0000] {processor.py:179} INFO - Processing /home/airflow/.local/lib/python3.8/site-packages/airflow/example_dags/example_short_circuit_decorator.py took 0.084 seconds
[2023-12-01T13:07:29.330+0000] {processor.py:157} INFO - Started process (PID=47167) to work on /home/airflow/.local/lib/python3.8/site-packages/airflow/example_dags/example_short_circuit_decorator.py
[2023-12-01T13:07:29.331+0000] {processor.py:829} INFO - Processing file /home/airflow/.local/lib/python3.8/site-packages/airflow/example_dags/example_short_circuit_decorator.py for tasks to queue
[2023-12-01T13:07:29.333+0000] {logging_mixin.py:151} INFO - [2023-12-01T13:07:29.333+0000] {dagbag.py:539} INFO - Filling up the DagBag from /home/airflow/.local/lib/python3.8/site-packages/airflow/example_dags/example_short_circuit_decorator.py
[2023-12-01T13:07:29.339+0000] {processor.py:839} INFO - DAG(s) dict_keys(['example_short_circuit_decorator']) retrieved from /home/airflow/.local/lib/python3.8/site-packages/airflow/example_dags/example_short_circuit_decorator.py
[2023-12-01T13:07:29.355+0000] {logging_mixin.py:151} INFO - [2023-12-01T13:07:29.355+0000] {dag.py:2915} INFO - Sync 1 DAGs
[2023-12-01T13:07:29.370+0000] {logging_mixin.py:151} INFO - [2023-12-01T13:07:29.369+0000] {dag.py:3696} INFO - Setting next_dagrun for example_short_circuit_decorator to 2023-11-30T13:07:29.369708+00:00, run_after=2023-12-01T13:07:29.369708+00:00
[2023-12-01T13:07:29.379+0000] {processor.py:179} INFO - Processing /home/airflow/.local/lib/python3.8/site-packages/airflow/example_dags/example_short_circuit_decorator.py took 0.052 seconds
[2023-12-01T13:10:46.995+0000] {processor.py:157} INFO - Started process (PID=47221) to work on /home/airflow/.local/lib/python3.8/site-packages/airflow/example_dags/example_short_circuit_decorator.py
[2023-12-01T13:10:46.996+0000] {processor.py:829} INFO - Processing file /home/airflow/.local/lib/python3.8/site-packages/airflow/example_dags/example_short_circuit_decorator.py for tasks to queue
[2023-12-01T13:10:46.997+0000] {logging_mixin.py:151} INFO - [2023-12-01T13:10:46.997+0000] {dagbag.py:539} INFO - Filling up the DagBag from /home/airflow/.local/lib/python3.8/site-packages/airflow/example_dags/example_short_circuit_decorator.py
[2023-12-01T13:10:47.003+0000] {processor.py:839} INFO - DAG(s) dict_keys(['example_short_circuit_decorator']) retrieved from /home/airflow/.local/lib/python3.8/site-packages/airflow/example_dags/example_short_circuit_decorator.py
[2023-12-01T13:10:47.018+0000] {logging_mixin.py:151} INFO - [2023-12-01T13:10:47.018+0000] {dag.py:2915} INFO - Sync 1 DAGs
[2023-12-01T13:10:47.029+0000] {logging_mixin.py:151} INFO - [2023-12-01T13:10:47.029+0000] {dag.py:3696} INFO - Setting next_dagrun for example_short_circuit_decorator to 2023-11-30T13:10:47.029640+00:00, run_after=2023-12-01T13:10:47.029640+00:00
[2023-12-01T13:10:47.039+0000] {processor.py:179} INFO - Processing /home/airflow/.local/lib/python3.8/site-packages/airflow/example_dags/example_short_circuit_decorator.py took 0.047 seconds
[2023-12-01T14:00:29.027+0000] {processor.py:157} INFO - Started process (PID=47275) to work on /home/airflow/.local/lib/python3.8/site-packages/airflow/example_dags/example_short_circuit_decorator.py
[2023-12-01T14:00:29.028+0000] {processor.py:829} INFO - Processing file /home/airflow/.local/lib/python3.8/site-packages/airflow/example_dags/example_short_circuit_decorator.py for tasks to queue
[2023-12-01T14:00:29.030+0000] {logging_mixin.py:151} INFO - [2023-12-01T14:00:29.030+0000] {dagbag.py:539} INFO - Filling up the DagBag from /home/airflow/.local/lib/python3.8/site-packages/airflow/example_dags/example_short_circuit_decorator.py
[2023-12-01T14:00:29.036+0000] {processor.py:839} INFO - DAG(s) dict_keys(['example_short_circuit_decorator']) retrieved from /home/airflow/.local/lib/python3.8/site-packages/airflow/example_dags/example_short_circuit_decorator.py
[2023-12-01T14:00:29.048+0000] {logging_mixin.py:151} INFO - [2023-12-01T14:00:29.048+0000] {dag.py:2915} INFO - Sync 1 DAGs
[2023-12-01T14:00:29.058+0000] {logging_mixin.py:151} INFO - [2023-12-01T14:00:29.058+0000] {dag.py:3696} INFO - Setting next_dagrun for example_short_circuit_decorator to 2023-11-30T14:00:29.058395+00:00, run_after=2023-12-01T14:00:29.058395+00:00
[2023-12-01T14:00:29.067+0000] {processor.py:179} INFO - Processing /home/airflow/.local/lib/python3.8/site-packages/airflow/example_dags/example_short_circuit_decorator.py took 0.042 seconds
[2023-12-01T14:53:29.140+0000] {processor.py:157} INFO - Started process (PID=47329) to work on /home/airflow/.local/lib/python3.8/site-packages/airflow/example_dags/example_short_circuit_decorator.py
[2023-12-01T14:53:29.141+0000] {processor.py:829} INFO - Processing file /home/airflow/.local/lib/python3.8/site-packages/airflow/example_dags/example_short_circuit_decorator.py for tasks to queue
[2023-12-01T14:53:29.142+0000] {logging_mixin.py:151} INFO - [2023-12-01T14:53:29.142+0000] {dagbag.py:539} INFO - Filling up the DagBag from /home/airflow/.local/lib/python3.8/site-packages/airflow/example_dags/example_short_circuit_decorator.py
[2023-12-01T14:53:29.148+0000] {processor.py:839} INFO - DAG(s) dict_keys(['example_short_circuit_decorator']) retrieved from /home/airflow/.local/lib/python3.8/site-packages/airflow/example_dags/example_short_circuit_decorator.py
[2023-12-01T14:53:29.166+0000] {logging_mixin.py:151} INFO - [2023-12-01T14:53:29.165+0000] {dag.py:2915} INFO - Sync 1 DAGs
[2023-12-01T14:53:29.181+0000] {logging_mixin.py:151} INFO - [2023-12-01T14:53:29.181+0000] {dag.py:3696} INFO - Setting next_dagrun for example_short_circuit_decorator to 2023-11-30T14:53:29.180841+00:00, run_after=2023-12-01T14:53:29.180841+00:00
[2023-12-01T14:53:29.190+0000] {processor.py:179} INFO - Processing /home/airflow/.local/lib/python3.8/site-packages/airflow/example_dags/example_short_circuit_decorator.py took 0.052 seconds
[2023-12-01T15:50:58.800+0000] {processor.py:157} INFO - Started process (PID=47383) to work on /home/airflow/.local/lib/python3.8/site-packages/airflow/example_dags/example_short_circuit_decorator.py
[2023-12-01T15:50:58.800+0000] {processor.py:829} INFO - Processing file /home/airflow/.local/lib/python3.8/site-packages/airflow/example_dags/example_short_circuit_decorator.py for tasks to queue
[2023-12-01T15:50:58.802+0000] {logging_mixin.py:151} INFO - [2023-12-01T15:50:58.802+0000] {dagbag.py:539} INFO - Filling up the DagBag from /home/airflow/.local/lib/python3.8/site-packages/airflow/example_dags/example_short_circuit_decorator.py
[2023-12-01T15:50:58.808+0000] {processor.py:839} INFO - DAG(s) dict_keys(['example_short_circuit_decorator']) retrieved from /home/airflow/.local/lib/python3.8/site-packages/airflow/example_dags/example_short_circuit_decorator.py
[2023-12-01T15:50:58.822+0000] {logging_mixin.py:151} INFO - [2023-12-01T15:50:58.822+0000] {dag.py:2915} INFO - Sync 1 DAGs
[2023-12-01T15:50:58.836+0000] {logging_mixin.py:151} INFO - [2023-12-01T15:50:58.836+0000] {dag.py:3696} INFO - Setting next_dagrun for example_short_circuit_decorator to 2023-11-30T15:50:58.836646+00:00, run_after=2023-12-01T15:50:58.836646+00:00
[2023-12-01T15:50:58.847+0000] {processor.py:179} INFO - Processing /home/airflow/.local/lib/python3.8/site-packages/airflow/example_dags/example_short_circuit_decorator.py took 0.049 seconds
[2023-12-01T16:35:43.982+0000] {processor.py:157} INFO - Started process (PID=47437) to work on /home/airflow/.local/lib/python3.8/site-packages/airflow/example_dags/example_short_circuit_decorator.py
[2023-12-01T16:35:43.984+0000] {processor.py:829} INFO - Processing file /home/airflow/.local/lib/python3.8/site-packages/airflow/example_dags/example_short_circuit_decorator.py for tasks to queue
[2023-12-01T16:35:43.987+0000] {logging_mixin.py:151} INFO - [2023-12-01T16:35:43.986+0000] {dagbag.py:539} INFO - Filling up the DagBag from /home/airflow/.local/lib/python3.8/site-packages/airflow/example_dags/example_short_circuit_decorator.py
[2023-12-01T16:35:43.995+0000] {processor.py:839} INFO - DAG(s) dict_keys(['example_short_circuit_decorator']) retrieved from /home/airflow/.local/lib/python3.8/site-packages/airflow/example_dags/example_short_circuit_decorator.py
[2023-12-01T16:35:44.011+0000] {logging_mixin.py:151} INFO - [2023-12-01T16:35:44.011+0000] {dag.py:2915} INFO - Sync 1 DAGs
[2023-12-01T16:35:44.024+0000] {logging_mixin.py:151} INFO - [2023-12-01T16:35:44.024+0000] {dag.py:3696} INFO - Setting next_dagrun for example_short_circuit_decorator to 2023-11-30T16:35:44.024611+00:00, run_after=2023-12-01T16:35:44.024611+00:00
[2023-12-01T16:35:44.035+0000] {processor.py:179} INFO - Processing /home/airflow/.local/lib/python3.8/site-packages/airflow/example_dags/example_short_circuit_decorator.py took 0.059 seconds
[2023-12-01T17:55:39.961+0000] {processor.py:157} INFO - Started process (PID=47491) to work on /home/airflow/.local/lib/python3.8/site-packages/airflow/example_dags/example_short_circuit_decorator.py
[2023-12-01T17:55:39.963+0000] {processor.py:829} INFO - Processing file /home/airflow/.local/lib/python3.8/site-packages/airflow/example_dags/example_short_circuit_decorator.py for tasks to queue
[2023-12-01T17:55:39.964+0000] {logging_mixin.py:151} INFO - [2023-12-01T17:55:39.964+0000] {dagbag.py:539} INFO - Filling up the DagBag from /home/airflow/.local/lib/python3.8/site-packages/airflow/example_dags/example_short_circuit_decorator.py
[2023-12-01T17:55:39.970+0000] {processor.py:839} INFO - DAG(s) dict_keys(['example_short_circuit_decorator']) retrieved from /home/airflow/.local/lib/python3.8/site-packages/airflow/example_dags/example_short_circuit_decorator.py
[2023-12-01T17:55:39.984+0000] {logging_mixin.py:151} INFO - [2023-12-01T17:55:39.984+0000] {dag.py:2915} INFO - Sync 1 DAGs
[2023-12-01T17:55:39.996+0000] {logging_mixin.py:151} INFO - [2023-12-01T17:55:39.996+0000] {dag.py:3696} INFO - Setting next_dagrun for example_short_circuit_decorator to 2023-11-30T17:55:39.996066+00:00, run_after=2023-12-01T17:55:39.996066+00:00
[2023-12-01T17:55:40.006+0000] {processor.py:179} INFO - Processing /home/airflow/.local/lib/python3.8/site-packages/airflow/example_dags/example_short_circuit_decorator.py took 0.047 seconds
[2023-12-01T18:35:02.856+0000] {processor.py:157} INFO - Started process (PID=47545) to work on /home/airflow/.local/lib/python3.8/site-packages/airflow/example_dags/example_short_circuit_decorator.py
[2023-12-01T18:35:02.858+0000] {processor.py:829} INFO - Processing file /home/airflow/.local/lib/python3.8/site-packages/airflow/example_dags/example_short_circuit_decorator.py for tasks to queue
[2023-12-01T18:35:02.860+0000] {logging_mixin.py:151} INFO - [2023-12-01T18:35:02.860+0000] {dagbag.py:539} INFO - Filling up the DagBag from /home/airflow/.local/lib/python3.8/site-packages/airflow/example_dags/example_short_circuit_decorator.py
[2023-12-01T18:35:02.870+0000] {processor.py:839} INFO - DAG(s) dict_keys(['example_short_circuit_decorator']) retrieved from /home/airflow/.local/lib/python3.8/site-packages/airflow/example_dags/example_short_circuit_decorator.py
[2023-12-01T18:35:02.900+0000] {logging_mixin.py:151} INFO - [2023-12-01T18:35:02.900+0000] {dag.py:2915} INFO - Sync 1 DAGs
[2023-12-01T18:35:02.919+0000] {logging_mixin.py:151} INFO - [2023-12-01T18:35:02.919+0000] {dag.py:3696} INFO - Setting next_dagrun for example_short_circuit_decorator to 2023-11-30T18:35:02.919343+00:00, run_after=2023-12-01T18:35:02.919343+00:00
[2023-12-01T18:35:02.935+0000] {processor.py:179} INFO - Processing /home/airflow/.local/lib/python3.8/site-packages/airflow/example_dags/example_short_circuit_decorator.py took 0.088 seconds
[2023-12-01T19:05:45.040+0000] {processor.py:157} INFO - Started process (PID=47599) to work on /home/airflow/.local/lib/python3.8/site-packages/airflow/example_dags/example_short_circuit_decorator.py
[2023-12-01T19:05:45.041+0000] {processor.py:829} INFO - Processing file /home/airflow/.local/lib/python3.8/site-packages/airflow/example_dags/example_short_circuit_decorator.py for tasks to queue
[2023-12-01T19:05:45.042+0000] {logging_mixin.py:151} INFO - [2023-12-01T19:05:45.042+0000] {dagbag.py:539} INFO - Filling up the DagBag from /home/airflow/.local/lib/python3.8/site-packages/airflow/example_dags/example_short_circuit_decorator.py
[2023-12-01T19:05:45.049+0000] {processor.py:839} INFO - DAG(s) dict_keys(['example_short_circuit_decorator']) retrieved from /home/airflow/.local/lib/python3.8/site-packages/airflow/example_dags/example_short_circuit_decorator.py
[2023-12-01T19:05:45.063+0000] {logging_mixin.py:151} INFO - [2023-12-01T19:05:45.063+0000] {dag.py:2915} INFO - Sync 1 DAGs
[2023-12-01T19:05:45.078+0000] {logging_mixin.py:151} INFO - [2023-12-01T19:05:45.078+0000] {dag.py:3696} INFO - Setting next_dagrun for example_short_circuit_decorator to 2023-11-30T19:05:45.078087+00:00, run_after=2023-12-01T19:05:45.078087+00:00
[2023-12-01T19:05:45.150+0000] {processor.py:179} INFO - Processing /home/airflow/.local/lib/python3.8/site-packages/airflow/example_dags/example_short_circuit_decorator.py took 0.113 seconds
[2023-12-01T19:33:46.730+0000] {processor.py:157} INFO - Started process (PID=47653) to work on /home/airflow/.local/lib/python3.8/site-packages/airflow/example_dags/example_short_circuit_decorator.py
[2023-12-01T19:33:46.731+0000] {processor.py:829} INFO - Processing file /home/airflow/.local/lib/python3.8/site-packages/airflow/example_dags/example_short_circuit_decorator.py for tasks to queue
[2023-12-01T19:33:46.733+0000] {logging_mixin.py:151} INFO - [2023-12-01T19:33:46.732+0000] {dagbag.py:539} INFO - Filling up the DagBag from /home/airflow/.local/lib/python3.8/site-packages/airflow/example_dags/example_short_circuit_decorator.py
[2023-12-01T19:33:46.738+0000] {processor.py:839} INFO - DAG(s) dict_keys(['example_short_circuit_decorator']) retrieved from /home/airflow/.local/lib/python3.8/site-packages/airflow/example_dags/example_short_circuit_decorator.py
[2023-12-01T19:33:46.761+0000] {logging_mixin.py:151} INFO - [2023-12-01T19:33:46.761+0000] {dag.py:2915} INFO - Sync 1 DAGs
[2023-12-01T19:33:46.784+0000] {logging_mixin.py:151} INFO - [2023-12-01T19:33:46.783+0000] {dag.py:3696} INFO - Setting next_dagrun for example_short_circuit_decorator to 2023-11-30T19:33:46.783790+00:00, run_after=2023-12-01T19:33:46.783790+00:00
[2023-12-01T19:33:46.796+0000] {processor.py:179} INFO - Processing /home/airflow/.local/lib/python3.8/site-packages/airflow/example_dags/example_short_circuit_decorator.py took 0.070 seconds
[2023-12-01T20:06:42.848+0000] {processor.py:157} INFO - Started process (PID=47707) to work on /home/airflow/.local/lib/python3.8/site-packages/airflow/example_dags/example_short_circuit_decorator.py
[2023-12-01T20:06:42.849+0000] {processor.py:829} INFO - Processing file /home/airflow/.local/lib/python3.8/site-packages/airflow/example_dags/example_short_circuit_decorator.py for tasks to queue
[2023-12-01T20:06:42.851+0000] {logging_mixin.py:151} INFO - [2023-12-01T20:06:42.851+0000] {dagbag.py:539} INFO - Filling up the DagBag from /home/airflow/.local/lib/python3.8/site-packages/airflow/example_dags/example_short_circuit_decorator.py
[2023-12-01T20:06:42.856+0000] {processor.py:839} INFO - DAG(s) dict_keys(['example_short_circuit_decorator']) retrieved from /home/airflow/.local/lib/python3.8/site-packages/airflow/example_dags/example_short_circuit_decorator.py
[2023-12-01T20:06:42.870+0000] {logging_mixin.py:151} INFO - [2023-12-01T20:06:42.870+0000] {dag.py:2915} INFO - Sync 1 DAGs
[2023-12-01T20:06:42.881+0000] {logging_mixin.py:151} INFO - [2023-12-01T20:06:42.881+0000] {dag.py:3696} INFO - Setting next_dagrun for example_short_circuit_decorator to 2023-11-30T20:06:42.881475+00:00, run_after=2023-12-01T20:06:42.881475+00:00
[2023-12-01T20:06:42.891+0000] {processor.py:179} INFO - Processing /home/airflow/.local/lib/python3.8/site-packages/airflow/example_dags/example_short_circuit_decorator.py took 0.045 seconds
[2023-12-01T20:20:12.543+0000] {processor.py:157} INFO - Started process (PID=47761) to work on /home/airflow/.local/lib/python3.8/site-packages/airflow/example_dags/example_short_circuit_decorator.py
[2023-12-01T20:20:12.544+0000] {processor.py:829} INFO - Processing file /home/airflow/.local/lib/python3.8/site-packages/airflow/example_dags/example_short_circuit_decorator.py for tasks to queue
[2023-12-01T20:20:12.545+0000] {logging_mixin.py:151} INFO - [2023-12-01T20:20:12.545+0000] {dagbag.py:539} INFO - Filling up the DagBag from /home/airflow/.local/lib/python3.8/site-packages/airflow/example_dags/example_short_circuit_decorator.py
[2023-12-01T20:20:12.551+0000] {processor.py:839} INFO - DAG(s) dict_keys(['example_short_circuit_decorator']) retrieved from /home/airflow/.local/lib/python3.8/site-packages/airflow/example_dags/example_short_circuit_decorator.py
[2023-12-01T20:20:12.565+0000] {logging_mixin.py:151} INFO - [2023-12-01T20:20:12.565+0000] {dag.py:2915} INFO - Sync 1 DAGs
[2023-12-01T20:20:12.576+0000] {logging_mixin.py:151} INFO - [2023-12-01T20:20:12.576+0000] {dag.py:3696} INFO - Setting next_dagrun for example_short_circuit_decorator to 2023-11-30T20:20:12.575883+00:00, run_after=2023-12-01T20:20:12.575883+00:00
[2023-12-01T20:20:12.584+0000] {processor.py:179} INFO - Processing /home/airflow/.local/lib/python3.8/site-packages/airflow/example_dags/example_short_circuit_decorator.py took 0.044 seconds
[2023-12-01T20:46:19.012+0000] {processor.py:157} INFO - Started process (PID=47815) to work on /home/airflow/.local/lib/python3.8/site-packages/airflow/example_dags/example_short_circuit_decorator.py
[2023-12-01T20:46:19.013+0000] {processor.py:829} INFO - Processing file /home/airflow/.local/lib/python3.8/site-packages/airflow/example_dags/example_short_circuit_decorator.py for tasks to queue
[2023-12-01T20:46:19.015+0000] {logging_mixin.py:151} INFO - [2023-12-01T20:46:19.015+0000] {dagbag.py:539} INFO - Filling up the DagBag from /home/airflow/.local/lib/python3.8/site-packages/airflow/example_dags/example_short_circuit_decorator.py
[2023-12-01T20:46:19.023+0000] {processor.py:839} INFO - DAG(s) dict_keys(['example_short_circuit_decorator']) retrieved from /home/airflow/.local/lib/python3.8/site-packages/airflow/example_dags/example_short_circuit_decorator.py
[2023-12-01T20:46:19.041+0000] {logging_mixin.py:151} INFO - [2023-12-01T20:46:19.041+0000] {dag.py:2915} INFO - Sync 1 DAGs
[2023-12-01T20:46:19.064+0000] {logging_mixin.py:151} INFO - [2023-12-01T20:46:19.064+0000] {dag.py:3696} INFO - Setting next_dagrun for example_short_circuit_decorator to 2023-11-30T20:46:19.063994+00:00, run_after=2023-12-01T20:46:19.063994+00:00
[2023-12-01T20:46:19.074+0000] {processor.py:179} INFO - Processing /home/airflow/.local/lib/python3.8/site-packages/airflow/example_dags/example_short_circuit_decorator.py took 0.066 seconds
[2023-12-01T21:17:01.569+0000] {processor.py:157} INFO - Started process (PID=47869) to work on /home/airflow/.local/lib/python3.8/site-packages/airflow/example_dags/example_short_circuit_decorator.py
[2023-12-01T21:17:01.570+0000] {processor.py:829} INFO - Processing file /home/airflow/.local/lib/python3.8/site-packages/airflow/example_dags/example_short_circuit_decorator.py for tasks to queue
[2023-12-01T21:17:01.571+0000] {logging_mixin.py:151} INFO - [2023-12-01T21:17:01.571+0000] {dagbag.py:539} INFO - Filling up the DagBag from /home/airflow/.local/lib/python3.8/site-packages/airflow/example_dags/example_short_circuit_decorator.py
[2023-12-01T21:17:01.577+0000] {processor.py:839} INFO - DAG(s) dict_keys(['example_short_circuit_decorator']) retrieved from /home/airflow/.local/lib/python3.8/site-packages/airflow/example_dags/example_short_circuit_decorator.py
[2023-12-01T21:17:01.594+0000] {logging_mixin.py:151} INFO - [2023-12-01T21:17:01.594+0000] {dag.py:2915} INFO - Sync 1 DAGs
[2023-12-01T21:17:01.741+0000] {logging_mixin.py:151} INFO - [2023-12-01T21:17:01.741+0000] {dag.py:3696} INFO - Setting next_dagrun for example_short_circuit_decorator to 2023-11-30T21:17:01.741303+00:00, run_after=2023-12-01T21:17:01.741303+00:00
[2023-12-01T21:17:01.751+0000] {processor.py:179} INFO - Processing /home/airflow/.local/lib/python3.8/site-packages/airflow/example_dags/example_short_circuit_decorator.py took 0.186 seconds
[2023-12-01T22:08:35.384+0000] {processor.py:157} INFO - Started process (PID=47923) to work on /home/airflow/.local/lib/python3.8/site-packages/airflow/example_dags/example_short_circuit_decorator.py
[2023-12-01T22:08:35.386+0000] {processor.py:829} INFO - Processing file /home/airflow/.local/lib/python3.8/site-packages/airflow/example_dags/example_short_circuit_decorator.py for tasks to queue
[2023-12-01T22:08:35.389+0000] {logging_mixin.py:151} INFO - [2023-12-01T22:08:35.389+0000] {dagbag.py:539} INFO - Filling up the DagBag from /home/airflow/.local/lib/python3.8/site-packages/airflow/example_dags/example_short_circuit_decorator.py
[2023-12-01T22:08:35.400+0000] {processor.py:839} INFO - DAG(s) dict_keys(['example_short_circuit_decorator']) retrieved from /home/airflow/.local/lib/python3.8/site-packages/airflow/example_dags/example_short_circuit_decorator.py
[2023-12-01T22:08:35.423+0000] {logging_mixin.py:151} INFO - [2023-12-01T22:08:35.422+0000] {dag.py:2915} INFO - Sync 1 DAGs
[2023-12-01T22:08:35.449+0000] {logging_mixin.py:151} INFO - [2023-12-01T22:08:35.449+0000] {dag.py:3696} INFO - Setting next_dagrun for example_short_circuit_decorator to 2023-11-30T22:08:35.448940+00:00, run_after=2023-12-01T22:08:35.448940+00:00
[2023-12-01T22:08:35.461+0000] {processor.py:179} INFO - Processing /home/airflow/.local/lib/python3.8/site-packages/airflow/example_dags/example_short_circuit_decorator.py took 0.081 seconds
[2023-12-01T22:54:05.623+0000] {processor.py:157} INFO - Started process (PID=47978) to work on /home/airflow/.local/lib/python3.8/site-packages/airflow/example_dags/example_short_circuit_decorator.py
[2023-12-01T22:54:05.624+0000] {processor.py:829} INFO - Processing file /home/airflow/.local/lib/python3.8/site-packages/airflow/example_dags/example_short_circuit_decorator.py for tasks to queue
[2023-12-01T22:54:05.625+0000] {logging_mixin.py:151} INFO - [2023-12-01T22:54:05.625+0000] {dagbag.py:539} INFO - Filling up the DagBag from /home/airflow/.local/lib/python3.8/site-packages/airflow/example_dags/example_short_circuit_decorator.py
[2023-12-01T22:54:05.631+0000] {processor.py:839} INFO - DAG(s) dict_keys(['example_short_circuit_decorator']) retrieved from /home/airflow/.local/lib/python3.8/site-packages/airflow/example_dags/example_short_circuit_decorator.py
[2023-12-01T22:54:05.653+0000] {logging_mixin.py:151} INFO - [2023-12-01T22:54:05.653+0000] {dag.py:2915} INFO - Sync 1 DAGs
[2023-12-01T22:54:05.669+0000] {logging_mixin.py:151} INFO - [2023-12-01T22:54:05.668+0000] {dag.py:3696} INFO - Setting next_dagrun for example_short_circuit_decorator to 2023-11-30T22:54:05.668696+00:00, run_after=2023-12-01T22:54:05.668696+00:00
[2023-12-01T22:54:05.679+0000] {processor.py:179} INFO - Processing /home/airflow/.local/lib/python3.8/site-packages/airflow/example_dags/example_short_circuit_decorator.py took 0.061 seconds
[2023-12-01T23:41:07.729+0000] {processor.py:157} INFO - Started process (PID=48032) to work on /home/airflow/.local/lib/python3.8/site-packages/airflow/example_dags/example_short_circuit_decorator.py
[2023-12-01T23:41:07.730+0000] {processor.py:829} INFO - Processing file /home/airflow/.local/lib/python3.8/site-packages/airflow/example_dags/example_short_circuit_decorator.py for tasks to queue
[2023-12-01T23:41:07.732+0000] {logging_mixin.py:151} INFO - [2023-12-01T23:41:07.732+0000] {dagbag.py:539} INFO - Filling up the DagBag from /home/airflow/.local/lib/python3.8/site-packages/airflow/example_dags/example_short_circuit_decorator.py
[2023-12-01T23:41:07.744+0000] {processor.py:839} INFO - DAG(s) dict_keys(['example_short_circuit_decorator']) retrieved from /home/airflow/.local/lib/python3.8/site-packages/airflow/example_dags/example_short_circuit_decorator.py
[2023-12-01T23:41:07.776+0000] {logging_mixin.py:151} INFO - [2023-12-01T23:41:07.776+0000] {dag.py:2915} INFO - Sync 1 DAGs
[2023-12-01T23:41:07.799+0000] {logging_mixin.py:151} INFO - [2023-12-01T23:41:07.799+0000] {dag.py:3696} INFO - Setting next_dagrun for example_short_circuit_decorator to 2023-11-30T23:41:07.799004+00:00, run_after=2023-12-01T23:41:07.799004+00:00
[2023-12-01T23:41:07.834+0000] {processor.py:179} INFO - Processing /home/airflow/.local/lib/python3.8/site-packages/airflow/example_dags/example_short_circuit_decorator.py took 0.108 seconds
