[2023-12-01T00:05:51.358+0000] {processor.py:157} INFO - Started process (PID=45236) to work on /home/airflow/.local/lib/python3.8/site-packages/airflow/example_dags/example_setup_teardown_taskflow.py
[2023-12-01T00:05:51.359+0000] {processor.py:829} INFO - Processing file /home/airflow/.local/lib/python3.8/site-packages/airflow/example_dags/example_setup_teardown_taskflow.py for tasks to queue
[2023-12-01T00:05:51.361+0000] {logging_mixin.py:151} INFO - [2023-12-01T00:05:51.361+0000] {dagbag.py:539} INFO - Filling up the DagBag from /home/airflow/.local/lib/python3.8/site-packages/airflow/example_dags/example_setup_teardown_taskflow.py
[2023-12-01T00:05:51.369+0000] {processor.py:839} INFO - DAG(s) dict_keys(['example_setup_teardown_taskflow']) retrieved from /home/airflow/.local/lib/python3.8/site-packages/airflow/example_dags/example_setup_teardown_taskflow.py
[2023-12-01T00:05:51.392+0000] {logging_mixin.py:151} INFO - [2023-12-01T00:05:51.392+0000] {dag.py:2915} INFO - Sync 1 DAGs
[2023-12-01T00:05:51.431+0000] {logging_mixin.py:151} INFO - [2023-12-01T00:05:51.431+0000] {dag.py:3696} INFO - Setting next_dagrun for example_setup_teardown_taskflow to 2023-11-30T00:05:51.431206+00:00, run_after=2023-12-01T00:05:51.431206+00:00
[2023-12-01T00:05:51.461+0000] {processor.py:179} INFO - Processing /home/airflow/.local/lib/python3.8/site-packages/airflow/example_dags/example_setup_teardown_taskflow.py took 0.107 seconds
[2023-12-01T00:33:45.683+0000] {processor.py:157} INFO - Started process (PID=45290) to work on /home/airflow/.local/lib/python3.8/site-packages/airflow/example_dags/example_setup_teardown_taskflow.py
[2023-12-01T00:33:45.686+0000] {processor.py:829} INFO - Processing file /home/airflow/.local/lib/python3.8/site-packages/airflow/example_dags/example_setup_teardown_taskflow.py for tasks to queue
[2023-12-01T00:33:45.688+0000] {logging_mixin.py:151} INFO - [2023-12-01T00:33:45.688+0000] {dagbag.py:539} INFO - Filling up the DagBag from /home/airflow/.local/lib/python3.8/site-packages/airflow/example_dags/example_setup_teardown_taskflow.py
[2023-12-01T00:33:45.696+0000] {processor.py:839} INFO - DAG(s) dict_keys(['example_setup_teardown_taskflow']) retrieved from /home/airflow/.local/lib/python3.8/site-packages/airflow/example_dags/example_setup_teardown_taskflow.py
[2023-12-01T00:33:45.736+0000] {logging_mixin.py:151} INFO - [2023-12-01T00:33:45.736+0000] {dag.py:2915} INFO - Sync 1 DAGs
[2023-12-01T00:33:45.763+0000] {logging_mixin.py:151} INFO - [2023-12-01T00:33:45.763+0000] {dag.py:3696} INFO - Setting next_dagrun for example_setup_teardown_taskflow to 2023-11-30T00:33:45.762609+00:00, run_after=2023-12-01T00:33:45.762609+00:00
[2023-12-01T00:33:45.788+0000] {processor.py:179} INFO - Processing /home/airflow/.local/lib/python3.8/site-packages/airflow/example_dags/example_setup_teardown_taskflow.py took 0.109 seconds
[2023-12-01T01:27:56.565+0000] {processor.py:157} INFO - Started process (PID=45344) to work on /home/airflow/.local/lib/python3.8/site-packages/airflow/example_dags/example_setup_teardown_taskflow.py
[2023-12-01T01:27:56.569+0000] {processor.py:829} INFO - Processing file /home/airflow/.local/lib/python3.8/site-packages/airflow/example_dags/example_setup_teardown_taskflow.py for tasks to queue
[2023-12-01T01:27:56.576+0000] {logging_mixin.py:151} INFO - [2023-12-01T01:27:56.575+0000] {dagbag.py:539} INFO - Filling up the DagBag from /home/airflow/.local/lib/python3.8/site-packages/airflow/example_dags/example_setup_teardown_taskflow.py
[2023-12-01T01:27:56.627+0000] {processor.py:839} INFO - DAG(s) dict_keys(['example_setup_teardown_taskflow']) retrieved from /home/airflow/.local/lib/python3.8/site-packages/airflow/example_dags/example_setup_teardown_taskflow.py
[2023-12-01T01:27:56.680+0000] {logging_mixin.py:151} INFO - [2023-12-01T01:27:56.680+0000] {dag.py:2915} INFO - Sync 1 DAGs
[2023-12-01T01:27:56.735+0000] {logging_mixin.py:151} INFO - [2023-12-01T01:27:56.735+0000] {dag.py:3696} INFO - Setting next_dagrun for example_setup_teardown_taskflow to 2023-11-30T01:27:56.734611+00:00, run_after=2023-12-01T01:27:56.734611+00:00
[2023-12-01T01:27:56.759+0000] {processor.py:179} INFO - Processing /home/airflow/.local/lib/python3.8/site-packages/airflow/example_dags/example_setup_teardown_taskflow.py took 0.207 seconds
[2023-12-01T02:09:24.544+0000] {processor.py:157} INFO - Started process (PID=45398) to work on /home/airflow/.local/lib/python3.8/site-packages/airflow/example_dags/example_setup_teardown_taskflow.py
[2023-12-01T02:09:24.545+0000] {processor.py:829} INFO - Processing file /home/airflow/.local/lib/python3.8/site-packages/airflow/example_dags/example_setup_teardown_taskflow.py for tasks to queue
[2023-12-01T02:09:24.548+0000] {logging_mixin.py:151} INFO - [2023-12-01T02:09:24.548+0000] {dagbag.py:539} INFO - Filling up the DagBag from /home/airflow/.local/lib/python3.8/site-packages/airflow/example_dags/example_setup_teardown_taskflow.py
[2023-12-01T02:09:24.567+0000] {processor.py:839} INFO - DAG(s) dict_keys(['example_setup_teardown_taskflow']) retrieved from /home/airflow/.local/lib/python3.8/site-packages/airflow/example_dags/example_setup_teardown_taskflow.py
[2023-12-01T02:09:24.592+0000] {logging_mixin.py:151} INFO - [2023-12-01T02:09:24.592+0000] {dag.py:2915} INFO - Sync 1 DAGs
[2023-12-01T02:09:24.628+0000] {logging_mixin.py:151} INFO - [2023-12-01T02:09:24.628+0000] {dag.py:3696} INFO - Setting next_dagrun for example_setup_teardown_taskflow to 2023-11-30T02:09:24.627871+00:00, run_after=2023-12-01T02:09:24.627871+00:00
[2023-12-01T02:09:24.651+0000] {processor.py:179} INFO - Processing /home/airflow/.local/lib/python3.8/site-packages/airflow/example_dags/example_setup_teardown_taskflow.py took 0.111 seconds
[2023-12-01T02:45:38.951+0000] {processor.py:157} INFO - Started process (PID=45452) to work on /home/airflow/.local/lib/python3.8/site-packages/airflow/example_dags/example_setup_teardown_taskflow.py
[2023-12-01T02:45:38.952+0000] {processor.py:829} INFO - Processing file /home/airflow/.local/lib/python3.8/site-packages/airflow/example_dags/example_setup_teardown_taskflow.py for tasks to queue
[2023-12-01T02:45:38.955+0000] {logging_mixin.py:151} INFO - [2023-12-01T02:45:38.954+0000] {dagbag.py:539} INFO - Filling up the DagBag from /home/airflow/.local/lib/python3.8/site-packages/airflow/example_dags/example_setup_teardown_taskflow.py
[2023-12-01T02:45:38.977+0000] {processor.py:839} INFO - DAG(s) dict_keys(['example_setup_teardown_taskflow']) retrieved from /home/airflow/.local/lib/python3.8/site-packages/airflow/example_dags/example_setup_teardown_taskflow.py
[2023-12-01T02:45:39.007+0000] {logging_mixin.py:151} INFO - [2023-12-01T02:45:39.007+0000] {dag.py:2915} INFO - Sync 1 DAGs
[2023-12-01T02:45:39.325+0000] {logging_mixin.py:151} INFO - [2023-12-01T02:45:39.325+0000] {dag.py:3696} INFO - Setting next_dagrun for example_setup_teardown_taskflow to 2023-11-30T02:45:39.324384+00:00, run_after=2023-12-01T02:45:39.324384+00:00
[2023-12-01T02:45:39.402+0000] {processor.py:179} INFO - Processing /home/airflow/.local/lib/python3.8/site-packages/airflow/example_dags/example_setup_teardown_taskflow.py took 0.456 seconds
[2023-12-01T03:20:36.987+0000] {processor.py:157} INFO - Started process (PID=45506) to work on /home/airflow/.local/lib/python3.8/site-packages/airflow/example_dags/example_setup_teardown_taskflow.py
[2023-12-01T03:20:36.988+0000] {processor.py:829} INFO - Processing file /home/airflow/.local/lib/python3.8/site-packages/airflow/example_dags/example_setup_teardown_taskflow.py for tasks to queue
[2023-12-01T03:20:36.990+0000] {logging_mixin.py:151} INFO - [2023-12-01T03:20:36.989+0000] {dagbag.py:539} INFO - Filling up the DagBag from /home/airflow/.local/lib/python3.8/site-packages/airflow/example_dags/example_setup_teardown_taskflow.py
[2023-12-01T03:20:37.002+0000] {processor.py:839} INFO - DAG(s) dict_keys(['example_setup_teardown_taskflow']) retrieved from /home/airflow/.local/lib/python3.8/site-packages/airflow/example_dags/example_setup_teardown_taskflow.py
[2023-12-01T03:20:37.036+0000] {logging_mixin.py:151} INFO - [2023-12-01T03:20:37.035+0000] {dag.py:2915} INFO - Sync 1 DAGs
[2023-12-01T03:20:37.071+0000] {logging_mixin.py:151} INFO - [2023-12-01T03:20:37.071+0000] {dag.py:3696} INFO - Setting next_dagrun for example_setup_teardown_taskflow to 2023-11-30T03:20:37.071194+00:00, run_after=2023-12-01T03:20:37.071194+00:00
[2023-12-01T03:20:37.089+0000] {processor.py:179} INFO - Processing /home/airflow/.local/lib/python3.8/site-packages/airflow/example_dags/example_setup_teardown_taskflow.py took 0.106 seconds
[2023-12-01T04:21:31.318+0000] {processor.py:157} INFO - Started process (PID=45560) to work on /home/airflow/.local/lib/python3.8/site-packages/airflow/example_dags/example_setup_teardown_taskflow.py
[2023-12-01T04:21:31.319+0000] {processor.py:829} INFO - Processing file /home/airflow/.local/lib/python3.8/site-packages/airflow/example_dags/example_setup_teardown_taskflow.py for tasks to queue
[2023-12-01T04:21:31.322+0000] {logging_mixin.py:151} INFO - [2023-12-01T04:21:31.322+0000] {dagbag.py:539} INFO - Filling up the DagBag from /home/airflow/.local/lib/python3.8/site-packages/airflow/example_dags/example_setup_teardown_taskflow.py
[2023-12-01T04:21:31.331+0000] {processor.py:839} INFO - DAG(s) dict_keys(['example_setup_teardown_taskflow']) retrieved from /home/airflow/.local/lib/python3.8/site-packages/airflow/example_dags/example_setup_teardown_taskflow.py
[2023-12-01T04:21:31.362+0000] {logging_mixin.py:151} INFO - [2023-12-01T04:21:31.362+0000] {dag.py:2915} INFO - Sync 1 DAGs
[2023-12-01T04:21:31.390+0000] {logging_mixin.py:151} INFO - [2023-12-01T04:21:31.389+0000] {dag.py:3696} INFO - Setting next_dagrun for example_setup_teardown_taskflow to 2023-11-30T04:21:31.389389+00:00, run_after=2023-12-01T04:21:31.389389+00:00
[2023-12-01T04:21:31.410+0000] {processor.py:179} INFO - Processing /home/airflow/.local/lib/python3.8/site-packages/airflow/example_dags/example_setup_teardown_taskflow.py took 0.097 seconds
[2023-12-01T05:30:13.522+0000] {processor.py:157} INFO - Started process (PID=45614) to work on /home/airflow/.local/lib/python3.8/site-packages/airflow/example_dags/example_setup_teardown_taskflow.py
[2023-12-01T05:30:13.524+0000] {processor.py:829} INFO - Processing file /home/airflow/.local/lib/python3.8/site-packages/airflow/example_dags/example_setup_teardown_taskflow.py for tasks to queue
[2023-12-01T05:30:13.529+0000] {logging_mixin.py:151} INFO - [2023-12-01T05:30:13.528+0000] {dagbag.py:539} INFO - Filling up the DagBag from /home/airflow/.local/lib/python3.8/site-packages/airflow/example_dags/example_setup_teardown_taskflow.py
[2023-12-01T05:30:13.546+0000] {processor.py:839} INFO - DAG(s) dict_keys(['example_setup_teardown_taskflow']) retrieved from /home/airflow/.local/lib/python3.8/site-packages/airflow/example_dags/example_setup_teardown_taskflow.py
[2023-12-01T05:30:13.586+0000] {logging_mixin.py:151} INFO - [2023-12-01T05:30:13.585+0000] {dag.py:2915} INFO - Sync 1 DAGs
[2023-12-01T05:30:13.604+0000] {logging_mixin.py:151} INFO - [2023-12-01T05:30:13.604+0000] {dag.py:3696} INFO - Setting next_dagrun for example_setup_teardown_taskflow to 2023-11-30T05:30:13.604228+00:00, run_after=2023-12-01T05:30:13.604228+00:00
[2023-12-01T05:30:13.619+0000] {processor.py:179} INFO - Processing /home/airflow/.local/lib/python3.8/site-packages/airflow/example_dags/example_setup_teardown_taskflow.py took 0.100 seconds
[2023-12-01T06:23:26.846+0000] {processor.py:157} INFO - Started process (PID=45668) to work on /home/airflow/.local/lib/python3.8/site-packages/airflow/example_dags/example_setup_teardown_taskflow.py
[2023-12-01T06:23:26.847+0000] {processor.py:829} INFO - Processing file /home/airflow/.local/lib/python3.8/site-packages/airflow/example_dags/example_setup_teardown_taskflow.py for tasks to queue
[2023-12-01T06:23:26.849+0000] {logging_mixin.py:151} INFO - [2023-12-01T06:23:26.849+0000] {dagbag.py:539} INFO - Filling up the DagBag from /home/airflow/.local/lib/python3.8/site-packages/airflow/example_dags/example_setup_teardown_taskflow.py
[2023-12-01T06:23:26.859+0000] {processor.py:839} INFO - DAG(s) dict_keys(['example_setup_teardown_taskflow']) retrieved from /home/airflow/.local/lib/python3.8/site-packages/airflow/example_dags/example_setup_teardown_taskflow.py
[2023-12-01T06:23:26.894+0000] {logging_mixin.py:151} INFO - [2023-12-01T06:23:26.894+0000] {dag.py:2915} INFO - Sync 1 DAGs
[2023-12-01T06:23:26.935+0000] {logging_mixin.py:151} INFO - [2023-12-01T06:23:26.935+0000] {dag.py:3696} INFO - Setting next_dagrun for example_setup_teardown_taskflow to 2023-11-30T06:23:26.935344+00:00, run_after=2023-12-01T06:23:26.935344+00:00
[2023-12-01T06:23:26.952+0000] {processor.py:179} INFO - Processing /home/airflow/.local/lib/python3.8/site-packages/airflow/example_dags/example_setup_teardown_taskflow.py took 0.110 seconds
[2023-12-01T07:10:09.432+0000] {processor.py:157} INFO - Started process (PID=45722) to work on /home/airflow/.local/lib/python3.8/site-packages/airflow/example_dags/example_setup_teardown_taskflow.py
[2023-12-01T07:10:09.433+0000] {processor.py:829} INFO - Processing file /home/airflow/.local/lib/python3.8/site-packages/airflow/example_dags/example_setup_teardown_taskflow.py for tasks to queue
[2023-12-01T07:10:09.435+0000] {logging_mixin.py:151} INFO - [2023-12-01T07:10:09.435+0000] {dagbag.py:539} INFO - Filling up the DagBag from /home/airflow/.local/lib/python3.8/site-packages/airflow/example_dags/example_setup_teardown_taskflow.py
[2023-12-01T07:10:09.444+0000] {processor.py:839} INFO - DAG(s) dict_keys(['example_setup_teardown_taskflow']) retrieved from /home/airflow/.local/lib/python3.8/site-packages/airflow/example_dags/example_setup_teardown_taskflow.py
[2023-12-01T07:10:09.467+0000] {logging_mixin.py:151} INFO - [2023-12-01T07:10:09.467+0000] {dag.py:2915} INFO - Sync 1 DAGs
[2023-12-01T07:10:09.486+0000] {logging_mixin.py:151} INFO - [2023-12-01T07:10:09.486+0000] {dag.py:3696} INFO - Setting next_dagrun for example_setup_teardown_taskflow to 2023-11-30T07:10:09.486224+00:00, run_after=2023-12-01T07:10:09.486224+00:00
[2023-12-01T07:10:09.505+0000] {processor.py:179} INFO - Processing /home/airflow/.local/lib/python3.8/site-packages/airflow/example_dags/example_setup_teardown_taskflow.py took 0.077 seconds
[2023-12-01T07:45:20.121+0000] {processor.py:157} INFO - Started process (PID=45776) to work on /home/airflow/.local/lib/python3.8/site-packages/airflow/example_dags/example_setup_teardown_taskflow.py
[2023-12-01T07:45:20.123+0000] {processor.py:829} INFO - Processing file /home/airflow/.local/lib/python3.8/site-packages/airflow/example_dags/example_setup_teardown_taskflow.py for tasks to queue
[2023-12-01T07:45:20.129+0000] {logging_mixin.py:151} INFO - [2023-12-01T07:45:20.128+0000] {dagbag.py:539} INFO - Filling up the DagBag from /home/airflow/.local/lib/python3.8/site-packages/airflow/example_dags/example_setup_teardown_taskflow.py
[2023-12-01T07:45:20.145+0000] {processor.py:839} INFO - DAG(s) dict_keys(['example_setup_teardown_taskflow']) retrieved from /home/airflow/.local/lib/python3.8/site-packages/airflow/example_dags/example_setup_teardown_taskflow.py
[2023-12-01T07:45:20.170+0000] {logging_mixin.py:151} INFO - [2023-12-01T07:45:20.170+0000] {dag.py:2915} INFO - Sync 1 DAGs
[2023-12-01T07:45:20.197+0000] {logging_mixin.py:151} INFO - [2023-12-01T07:45:20.196+0000] {dag.py:3696} INFO - Setting next_dagrun for example_setup_teardown_taskflow to 2023-11-30T07:45:20.196560+00:00, run_after=2023-12-01T07:45:20.196560+00:00
[2023-12-01T07:45:20.213+0000] {processor.py:179} INFO - Processing /home/airflow/.local/lib/python3.8/site-packages/airflow/example_dags/example_setup_teardown_taskflow.py took 0.100 seconds
[2023-12-01T08:25:28.285+0000] {processor.py:157} INFO - Started process (PID=45830) to work on /home/airflow/.local/lib/python3.8/site-packages/airflow/example_dags/example_setup_teardown_taskflow.py
[2023-12-01T08:25:28.287+0000] {processor.py:829} INFO - Processing file /home/airflow/.local/lib/python3.8/site-packages/airflow/example_dags/example_setup_teardown_taskflow.py for tasks to queue
[2023-12-01T08:25:28.288+0000] {logging_mixin.py:151} INFO - [2023-12-01T08:25:28.288+0000] {dagbag.py:539} INFO - Filling up the DagBag from /home/airflow/.local/lib/python3.8/site-packages/airflow/example_dags/example_setup_teardown_taskflow.py
[2023-12-01T08:25:28.297+0000] {processor.py:839} INFO - DAG(s) dict_keys(['example_setup_teardown_taskflow']) retrieved from /home/airflow/.local/lib/python3.8/site-packages/airflow/example_dags/example_setup_teardown_taskflow.py
[2023-12-01T08:25:28.320+0000] {logging_mixin.py:151} INFO - [2023-12-01T08:25:28.320+0000] {dag.py:2915} INFO - Sync 1 DAGs
[2023-12-01T08:25:28.338+0000] {logging_mixin.py:151} INFO - [2023-12-01T08:25:28.337+0000] {dag.py:3696} INFO - Setting next_dagrun for example_setup_teardown_taskflow to 2023-11-30T08:25:28.337680+00:00, run_after=2023-12-01T08:25:28.337680+00:00
[2023-12-01T08:25:28.358+0000] {processor.py:179} INFO - Processing /home/airflow/.local/lib/python3.8/site-packages/airflow/example_dags/example_setup_teardown_taskflow.py took 0.076 seconds
[2023-12-01T09:26:34.134+0000] {processor.py:157} INFO - Started process (PID=45884) to work on /home/airflow/.local/lib/python3.8/site-packages/airflow/example_dags/example_setup_teardown_taskflow.py
[2023-12-01T09:26:34.136+0000] {processor.py:829} INFO - Processing file /home/airflow/.local/lib/python3.8/site-packages/airflow/example_dags/example_setup_teardown_taskflow.py for tasks to queue
[2023-12-01T09:26:34.142+0000] {logging_mixin.py:151} INFO - [2023-12-01T09:26:34.141+0000] {dagbag.py:539} INFO - Filling up the DagBag from /home/airflow/.local/lib/python3.8/site-packages/airflow/example_dags/example_setup_teardown_taskflow.py
[2023-12-01T09:26:34.214+0000] {processor.py:839} INFO - DAG(s) dict_keys(['example_setup_teardown_taskflow']) retrieved from /home/airflow/.local/lib/python3.8/site-packages/airflow/example_dags/example_setup_teardown_taskflow.py
[2023-12-01T09:26:34.282+0000] {logging_mixin.py:151} INFO - [2023-12-01T09:26:34.281+0000] {dag.py:2915} INFO - Sync 1 DAGs
[2023-12-01T09:26:34.325+0000] {logging_mixin.py:151} INFO - [2023-12-01T09:26:34.325+0000] {dag.py:3696} INFO - Setting next_dagrun for example_setup_teardown_taskflow to 2023-11-30T09:26:34.324818+00:00, run_after=2023-12-01T09:26:34.324818+00:00
[2023-12-01T09:26:34.346+0000] {processor.py:179} INFO - Processing /home/airflow/.local/lib/python3.8/site-packages/airflow/example_dags/example_setup_teardown_taskflow.py took 0.217 seconds
[2023-12-01T10:22:11.650+0000] {processor.py:157} INFO - Started process (PID=45938) to work on /home/airflow/.local/lib/python3.8/site-packages/airflow/example_dags/example_setup_teardown_taskflow.py
[2023-12-01T10:22:11.651+0000] {processor.py:829} INFO - Processing file /home/airflow/.local/lib/python3.8/site-packages/airflow/example_dags/example_setup_teardown_taskflow.py for tasks to queue
[2023-12-01T10:22:11.654+0000] {logging_mixin.py:151} INFO - [2023-12-01T10:22:11.654+0000] {dagbag.py:539} INFO - Filling up the DagBag from /home/airflow/.local/lib/python3.8/site-packages/airflow/example_dags/example_setup_teardown_taskflow.py
[2023-12-01T10:22:11.678+0000] {processor.py:839} INFO - DAG(s) dict_keys(['example_setup_teardown_taskflow']) retrieved from /home/airflow/.local/lib/python3.8/site-packages/airflow/example_dags/example_setup_teardown_taskflow.py
[2023-12-01T10:22:11.718+0000] {logging_mixin.py:151} INFO - [2023-12-01T10:22:11.717+0000] {dag.py:2915} INFO - Sync 1 DAGs
[2023-12-01T10:22:11.743+0000] {logging_mixin.py:151} INFO - [2023-12-01T10:22:11.742+0000] {dag.py:3696} INFO - Setting next_dagrun for example_setup_teardown_taskflow to 2023-11-30T10:22:11.742285+00:00, run_after=2023-12-01T10:22:11.742285+00:00
[2023-12-01T10:22:11.779+0000] {processor.py:179} INFO - Processing /home/airflow/.local/lib/python3.8/site-packages/airflow/example_dags/example_setup_teardown_taskflow.py took 0.136 seconds
[2023-12-01T10:50:47.301+0000] {processor.py:157} INFO - Started process (PID=45992) to work on /home/airflow/.local/lib/python3.8/site-packages/airflow/example_dags/example_setup_teardown_taskflow.py
[2023-12-01T10:50:47.302+0000] {processor.py:829} INFO - Processing file /home/airflow/.local/lib/python3.8/site-packages/airflow/example_dags/example_setup_teardown_taskflow.py for tasks to queue
[2023-12-01T10:50:47.305+0000] {logging_mixin.py:151} INFO - [2023-12-01T10:50:47.305+0000] {dagbag.py:539} INFO - Filling up the DagBag from /home/airflow/.local/lib/python3.8/site-packages/airflow/example_dags/example_setup_teardown_taskflow.py
[2023-12-01T10:50:47.316+0000] {processor.py:839} INFO - DAG(s) dict_keys(['example_setup_teardown_taskflow']) retrieved from /home/airflow/.local/lib/python3.8/site-packages/airflow/example_dags/example_setup_teardown_taskflow.py
[2023-12-01T10:50:47.340+0000] {logging_mixin.py:151} INFO - [2023-12-01T10:50:47.340+0000] {dag.py:2915} INFO - Sync 1 DAGs
[2023-12-01T10:50:47.370+0000] {logging_mixin.py:151} INFO - [2023-12-01T10:50:47.370+0000] {dag.py:3696} INFO - Setting next_dagrun for example_setup_teardown_taskflow to 2023-11-30T10:50:47.370149+00:00, run_after=2023-12-01T10:50:47.370149+00:00
[2023-12-01T10:50:47.389+0000] {processor.py:179} INFO - Processing /home/airflow/.local/lib/python3.8/site-packages/airflow/example_dags/example_setup_teardown_taskflow.py took 0.092 seconds
[2023-12-01T10:51:18.355+0000] {processor.py:157} INFO - Started process (PID=46046) to work on /home/airflow/.local/lib/python3.8/site-packages/airflow/example_dags/example_setup_teardown_taskflow.py
[2023-12-01T10:51:18.357+0000] {processor.py:829} INFO - Processing file /home/airflow/.local/lib/python3.8/site-packages/airflow/example_dags/example_setup_teardown_taskflow.py for tasks to queue
[2023-12-01T10:51:18.359+0000] {logging_mixin.py:151} INFO - [2023-12-01T10:51:18.359+0000] {dagbag.py:539} INFO - Filling up the DagBag from /home/airflow/.local/lib/python3.8/site-packages/airflow/example_dags/example_setup_teardown_taskflow.py
[2023-12-01T10:51:18.364+0000] {processor.py:839} INFO - DAG(s) dict_keys(['example_setup_teardown_taskflow']) retrieved from /home/airflow/.local/lib/python3.8/site-packages/airflow/example_dags/example_setup_teardown_taskflow.py
[2023-12-01T10:51:18.378+0000] {logging_mixin.py:151} INFO - [2023-12-01T10:51:18.378+0000] {dag.py:2915} INFO - Sync 1 DAGs
[2023-12-01T10:51:18.397+0000] {logging_mixin.py:151} INFO - [2023-12-01T10:51:18.396+0000] {dag.py:3696} INFO - Setting next_dagrun for example_setup_teardown_taskflow to 2023-11-30T10:51:18.396350+00:00, run_after=2023-12-01T10:51:18.396350+00:00
[2023-12-01T10:51:18.414+0000] {processor.py:179} INFO - Processing /home/airflow/.local/lib/python3.8/site-packages/airflow/example_dags/example_setup_teardown_taskflow.py took 0.063 seconds
[2023-12-01T11:15:11.487+0000] {processor.py:157} INFO - Started process (PID=46100) to work on /home/airflow/.local/lib/python3.8/site-packages/airflow/example_dags/example_setup_teardown_taskflow.py
[2023-12-01T11:15:11.488+0000] {processor.py:829} INFO - Processing file /home/airflow/.local/lib/python3.8/site-packages/airflow/example_dags/example_setup_teardown_taskflow.py for tasks to queue
[2023-12-01T11:15:11.490+0000] {logging_mixin.py:151} INFO - [2023-12-01T11:15:11.490+0000] {dagbag.py:539} INFO - Filling up the DagBag from /home/airflow/.local/lib/python3.8/site-packages/airflow/example_dags/example_setup_teardown_taskflow.py
[2023-12-01T11:15:11.496+0000] {processor.py:839} INFO - DAG(s) dict_keys(['example_setup_teardown_taskflow']) retrieved from /home/airflow/.local/lib/python3.8/site-packages/airflow/example_dags/example_setup_teardown_taskflow.py
[2023-12-01T11:15:11.510+0000] {logging_mixin.py:151} INFO - [2023-12-01T11:15:11.510+0000] {dag.py:2915} INFO - Sync 1 DAGs
[2023-12-01T11:15:11.526+0000] {logging_mixin.py:151} INFO - [2023-12-01T11:15:11.526+0000] {dag.py:3696} INFO - Setting next_dagrun for example_setup_teardown_taskflow to 2023-11-30T11:15:11.525823+00:00, run_after=2023-12-01T11:15:11.525823+00:00
[2023-12-01T11:15:11.537+0000] {processor.py:179} INFO - Processing /home/airflow/.local/lib/python3.8/site-packages/airflow/example_dags/example_setup_teardown_taskflow.py took 0.054 seconds
[2023-12-01T11:28:39.586+0000] {processor.py:157} INFO - Started process (PID=46154) to work on /home/airflow/.local/lib/python3.8/site-packages/airflow/example_dags/example_setup_teardown_taskflow.py
[2023-12-01T11:28:39.587+0000] {processor.py:829} INFO - Processing file /home/airflow/.local/lib/python3.8/site-packages/airflow/example_dags/example_setup_teardown_taskflow.py for tasks to queue
[2023-12-01T11:28:39.590+0000] {logging_mixin.py:151} INFO - [2023-12-01T11:28:39.590+0000] {dagbag.py:539} INFO - Filling up the DagBag from /home/airflow/.local/lib/python3.8/site-packages/airflow/example_dags/example_setup_teardown_taskflow.py
[2023-12-01T11:28:39.601+0000] {processor.py:839} INFO - DAG(s) dict_keys(['example_setup_teardown_taskflow']) retrieved from /home/airflow/.local/lib/python3.8/site-packages/airflow/example_dags/example_setup_teardown_taskflow.py
[2023-12-01T11:28:39.633+0000] {logging_mixin.py:151} INFO - [2023-12-01T11:28:39.633+0000] {dag.py:2915} INFO - Sync 1 DAGs
[2023-12-01T11:28:39.658+0000] {logging_mixin.py:151} INFO - [2023-12-01T11:28:39.657+0000] {dag.py:3696} INFO - Setting next_dagrun for example_setup_teardown_taskflow to 2023-11-30T11:28:39.657509+00:00, run_after=2023-12-01T11:28:39.657509+00:00
[2023-12-01T11:28:39.673+0000] {processor.py:179} INFO - Processing /home/airflow/.local/lib/python3.8/site-packages/airflow/example_dags/example_setup_teardown_taskflow.py took 0.091 seconds
[2023-12-01T11:49:00.707+0000] {processor.py:157} INFO - Started process (PID=46208) to work on /home/airflow/.local/lib/python3.8/site-packages/airflow/example_dags/example_setup_teardown_taskflow.py
[2023-12-01T11:49:00.711+0000] {processor.py:829} INFO - Processing file /home/airflow/.local/lib/python3.8/site-packages/airflow/example_dags/example_setup_teardown_taskflow.py for tasks to queue
[2023-12-01T11:49:00.723+0000] {logging_mixin.py:151} INFO - [2023-12-01T11:49:00.722+0000] {dagbag.py:539} INFO - Filling up the DagBag from /home/airflow/.local/lib/python3.8/site-packages/airflow/example_dags/example_setup_teardown_taskflow.py
[2023-12-01T11:49:00.759+0000] {processor.py:839} INFO - DAG(s) dict_keys(['example_setup_teardown_taskflow']) retrieved from /home/airflow/.local/lib/python3.8/site-packages/airflow/example_dags/example_setup_teardown_taskflow.py
[2023-12-01T11:49:01.014+0000] {logging_mixin.py:151} INFO - [2023-12-01T11:49:01.008+0000] {dag.py:2915} INFO - Sync 1 DAGs
[2023-12-01T11:49:01.128+0000] {logging_mixin.py:151} INFO - [2023-12-01T11:49:01.127+0000] {dag.py:3696} INFO - Setting next_dagrun for example_setup_teardown_taskflow to 2023-11-30T11:49:01.120428+00:00, run_after=2023-12-01T11:49:01.120428+00:00
[2023-12-01T11:49:01.255+0000] {processor.py:179} INFO - Processing /home/airflow/.local/lib/python3.8/site-packages/airflow/example_dags/example_setup_teardown_taskflow.py took 0.556 seconds
[2023-12-01T11:49:32.017+0000] {processor.py:157} INFO - Started process (PID=46262) to work on /home/airflow/.local/lib/python3.8/site-packages/airflow/example_dags/example_setup_teardown_taskflow.py
[2023-12-01T11:49:32.018+0000] {processor.py:829} INFO - Processing file /home/airflow/.local/lib/python3.8/site-packages/airflow/example_dags/example_setup_teardown_taskflow.py for tasks to queue
[2023-12-01T11:49:32.021+0000] {logging_mixin.py:151} INFO - [2023-12-01T11:49:32.021+0000] {dagbag.py:539} INFO - Filling up the DagBag from /home/airflow/.local/lib/python3.8/site-packages/airflow/example_dags/example_setup_teardown_taskflow.py
[2023-12-01T11:49:32.031+0000] {processor.py:839} INFO - DAG(s) dict_keys(['example_setup_teardown_taskflow']) retrieved from /home/airflow/.local/lib/python3.8/site-packages/airflow/example_dags/example_setup_teardown_taskflow.py
[2023-12-01T11:49:32.086+0000] {logging_mixin.py:151} INFO - [2023-12-01T11:49:32.086+0000] {dag.py:2915} INFO - Sync 1 DAGs
[2023-12-01T11:49:32.114+0000] {logging_mixin.py:151} INFO - [2023-12-01T11:49:32.114+0000] {dag.py:3696} INFO - Setting next_dagrun for example_setup_teardown_taskflow to 2023-11-30T11:49:32.114359+00:00, run_after=2023-12-01T11:49:32.114359+00:00
[2023-12-01T11:49:32.129+0000] {processor.py:179} INFO - Processing /home/airflow/.local/lib/python3.8/site-packages/airflow/example_dags/example_setup_teardown_taskflow.py took 0.117 seconds
[2023-12-01T11:50:02.289+0000] {processor.py:157} INFO - Started process (PID=46316) to work on /home/airflow/.local/lib/python3.8/site-packages/airflow/example_dags/example_setup_teardown_taskflow.py
[2023-12-01T11:50:02.291+0000] {processor.py:829} INFO - Processing file /home/airflow/.local/lib/python3.8/site-packages/airflow/example_dags/example_setup_teardown_taskflow.py for tasks to queue
[2023-12-01T11:50:02.294+0000] {logging_mixin.py:151} INFO - [2023-12-01T11:50:02.293+0000] {dagbag.py:539} INFO - Filling up the DagBag from /home/airflow/.local/lib/python3.8/site-packages/airflow/example_dags/example_setup_teardown_taskflow.py
[2023-12-01T11:50:02.304+0000] {processor.py:839} INFO - DAG(s) dict_keys(['example_setup_teardown_taskflow']) retrieved from /home/airflow/.local/lib/python3.8/site-packages/airflow/example_dags/example_setup_teardown_taskflow.py
[2023-12-01T11:50:02.326+0000] {logging_mixin.py:151} INFO - [2023-12-01T11:50:02.326+0000] {dag.py:2915} INFO - Sync 1 DAGs
[2023-12-01T11:50:02.344+0000] {logging_mixin.py:151} INFO - [2023-12-01T11:50:02.344+0000] {dag.py:3696} INFO - Setting next_dagrun for example_setup_teardown_taskflow to 2023-11-30T11:50:02.343915+00:00, run_after=2023-12-01T11:50:02.343915+00:00
[2023-12-01T11:50:02.358+0000] {processor.py:179} INFO - Processing /home/airflow/.local/lib/python3.8/site-packages/airflow/example_dags/example_setup_teardown_taskflow.py took 0.075 seconds
[2023-12-01T11:50:32.470+0000] {processor.py:157} INFO - Started process (PID=46371) to work on /home/airflow/.local/lib/python3.8/site-packages/airflow/example_dags/example_setup_teardown_taskflow.py
[2023-12-01T11:50:32.471+0000] {processor.py:829} INFO - Processing file /home/airflow/.local/lib/python3.8/site-packages/airflow/example_dags/example_setup_teardown_taskflow.py for tasks to queue
[2023-12-01T11:50:32.472+0000] {logging_mixin.py:151} INFO - [2023-12-01T11:50:32.472+0000] {dagbag.py:539} INFO - Filling up the DagBag from /home/airflow/.local/lib/python3.8/site-packages/airflow/example_dags/example_setup_teardown_taskflow.py
[2023-12-01T11:50:32.478+0000] {processor.py:839} INFO - DAG(s) dict_keys(['example_setup_teardown_taskflow']) retrieved from /home/airflow/.local/lib/python3.8/site-packages/airflow/example_dags/example_setup_teardown_taskflow.py
[2023-12-01T11:50:32.492+0000] {logging_mixin.py:151} INFO - [2023-12-01T11:50:32.492+0000] {dag.py:2915} INFO - Sync 1 DAGs
[2023-12-01T11:50:32.504+0000] {logging_mixin.py:151} INFO - [2023-12-01T11:50:32.504+0000] {dag.py:3696} INFO - Setting next_dagrun for example_setup_teardown_taskflow to 2023-11-30T11:50:32.504217+00:00, run_after=2023-12-01T11:50:32.504217+00:00
[2023-12-01T11:50:32.513+0000] {processor.py:179} INFO - Processing /home/airflow/.local/lib/python3.8/site-packages/airflow/example_dags/example_setup_teardown_taskflow.py took 0.046 seconds
[2023-12-01T11:51:03.319+0000] {processor.py:157} INFO - Started process (PID=46425) to work on /home/airflow/.local/lib/python3.8/site-packages/airflow/example_dags/example_setup_teardown_taskflow.py
[2023-12-01T11:51:03.321+0000] {processor.py:829} INFO - Processing file /home/airflow/.local/lib/python3.8/site-packages/airflow/example_dags/example_setup_teardown_taskflow.py for tasks to queue
[2023-12-01T11:51:03.324+0000] {logging_mixin.py:151} INFO - [2023-12-01T11:51:03.324+0000] {dagbag.py:539} INFO - Filling up the DagBag from /home/airflow/.local/lib/python3.8/site-packages/airflow/example_dags/example_setup_teardown_taskflow.py
[2023-12-01T11:51:03.336+0000] {processor.py:839} INFO - DAG(s) dict_keys(['example_setup_teardown_taskflow']) retrieved from /home/airflow/.local/lib/python3.8/site-packages/airflow/example_dags/example_setup_teardown_taskflow.py
[2023-12-01T11:51:03.352+0000] {logging_mixin.py:151} INFO - [2023-12-01T11:51:03.352+0000] {dag.py:2915} INFO - Sync 1 DAGs
[2023-12-01T11:51:03.363+0000] {logging_mixin.py:151} INFO - [2023-12-01T11:51:03.363+0000] {dag.py:3696} INFO - Setting next_dagrun for example_setup_teardown_taskflow to 2023-11-30T11:51:03.363709+00:00, run_after=2023-12-01T11:51:03.363709+00:00
[2023-12-01T11:51:03.374+0000] {processor.py:179} INFO - Processing /home/airflow/.local/lib/python3.8/site-packages/airflow/example_dags/example_setup_teardown_taskflow.py took 0.059 seconds
[2023-12-01T11:51:34.054+0000] {processor.py:157} INFO - Started process (PID=46479) to work on /home/airflow/.local/lib/python3.8/site-packages/airflow/example_dags/example_setup_teardown_taskflow.py
[2023-12-01T11:51:34.055+0000] {processor.py:829} INFO - Processing file /home/airflow/.local/lib/python3.8/site-packages/airflow/example_dags/example_setup_teardown_taskflow.py for tasks to queue
[2023-12-01T11:51:34.057+0000] {logging_mixin.py:151} INFO - [2023-12-01T11:51:34.057+0000] {dagbag.py:539} INFO - Filling up the DagBag from /home/airflow/.local/lib/python3.8/site-packages/airflow/example_dags/example_setup_teardown_taskflow.py
[2023-12-01T11:51:34.062+0000] {processor.py:839} INFO - DAG(s) dict_keys(['example_setup_teardown_taskflow']) retrieved from /home/airflow/.local/lib/python3.8/site-packages/airflow/example_dags/example_setup_teardown_taskflow.py
[2023-12-01T11:51:34.076+0000] {logging_mixin.py:151} INFO - [2023-12-01T11:51:34.075+0000] {dag.py:2915} INFO - Sync 1 DAGs
[2023-12-01T11:51:34.087+0000] {logging_mixin.py:151} INFO - [2023-12-01T11:51:34.087+0000] {dag.py:3696} INFO - Setting next_dagrun for example_setup_teardown_taskflow to 2023-11-30T11:51:34.086861+00:00, run_after=2023-12-01T11:51:34.086861+00:00
[2023-12-01T11:51:34.095+0000] {processor.py:179} INFO - Processing /home/airflow/.local/lib/python3.8/site-packages/airflow/example_dags/example_setup_teardown_taskflow.py took 0.043 seconds
[2023-12-01T11:52:04.293+0000] {processor.py:157} INFO - Started process (PID=46533) to work on /home/airflow/.local/lib/python3.8/site-packages/airflow/example_dags/example_setup_teardown_taskflow.py
[2023-12-01T11:52:04.293+0000] {processor.py:829} INFO - Processing file /home/airflow/.local/lib/python3.8/site-packages/airflow/example_dags/example_setup_teardown_taskflow.py for tasks to queue
[2023-12-01T11:52:04.295+0000] {logging_mixin.py:151} INFO - [2023-12-01T11:52:04.295+0000] {dagbag.py:539} INFO - Filling up the DagBag from /home/airflow/.local/lib/python3.8/site-packages/airflow/example_dags/example_setup_teardown_taskflow.py
[2023-12-01T11:52:04.300+0000] {processor.py:839} INFO - DAG(s) dict_keys(['example_setup_teardown_taskflow']) retrieved from /home/airflow/.local/lib/python3.8/site-packages/airflow/example_dags/example_setup_teardown_taskflow.py
[2023-12-01T11:52:04.312+0000] {logging_mixin.py:151} INFO - [2023-12-01T11:52:04.312+0000] {dag.py:2915} INFO - Sync 1 DAGs
[2023-12-01T11:52:04.325+0000] {logging_mixin.py:151} INFO - [2023-12-01T11:52:04.325+0000] {dag.py:3696} INFO - Setting next_dagrun for example_setup_teardown_taskflow to 2023-11-30T11:52:04.324930+00:00, run_after=2023-12-01T11:52:04.324930+00:00
[2023-12-01T11:52:04.337+0000] {processor.py:179} INFO - Processing /home/airflow/.local/lib/python3.8/site-packages/airflow/example_dags/example_setup_teardown_taskflow.py took 0.047 seconds
[2023-12-01T11:52:37.186+0000] {processor.py:157} INFO - Started process (PID=46587) to work on /home/airflow/.local/lib/python3.8/site-packages/airflow/example_dags/example_setup_teardown_taskflow.py
[2023-12-01T11:52:37.195+0000] {processor.py:829} INFO - Processing file /home/airflow/.local/lib/python3.8/site-packages/airflow/example_dags/example_setup_teardown_taskflow.py for tasks to queue
[2023-12-01T11:52:37.239+0000] {logging_mixin.py:151} INFO - [2023-12-01T11:52:37.231+0000] {dagbag.py:539} INFO - Filling up the DagBag from /home/airflow/.local/lib/python3.8/site-packages/airflow/example_dags/example_setup_teardown_taskflow.py
[2023-12-01T11:52:37.402+0000] {processor.py:839} INFO - DAG(s) dict_keys(['example_setup_teardown_taskflow']) retrieved from /home/airflow/.local/lib/python3.8/site-packages/airflow/example_dags/example_setup_teardown_taskflow.py
[2023-12-01T11:52:37.531+0000] {logging_mixin.py:151} INFO - [2023-12-01T11:52:37.528+0000] {dag.py:2915} INFO - Sync 1 DAGs
[2023-12-01T11:52:37.772+0000] {logging_mixin.py:151} INFO - [2023-12-01T11:52:37.771+0000] {dag.py:3696} INFO - Setting next_dagrun for example_setup_teardown_taskflow to 2023-11-30T11:52:37.769572+00:00, run_after=2023-12-01T11:52:37.769572+00:00
[2023-12-01T11:52:38.164+0000] {processor.py:179} INFO - Processing /home/airflow/.local/lib/python3.8/site-packages/airflow/example_dags/example_setup_teardown_taskflow.py took 0.999 seconds
[2023-12-01T11:53:08.512+0000] {processor.py:157} INFO - Started process (PID=46641) to work on /home/airflow/.local/lib/python3.8/site-packages/airflow/example_dags/example_setup_teardown_taskflow.py
[2023-12-01T11:53:08.514+0000] {processor.py:829} INFO - Processing file /home/airflow/.local/lib/python3.8/site-packages/airflow/example_dags/example_setup_teardown_taskflow.py for tasks to queue
[2023-12-01T11:53:08.517+0000] {logging_mixin.py:151} INFO - [2023-12-01T11:53:08.517+0000] {dagbag.py:539} INFO - Filling up the DagBag from /home/airflow/.local/lib/python3.8/site-packages/airflow/example_dags/example_setup_teardown_taskflow.py
[2023-12-01T11:53:08.527+0000] {processor.py:839} INFO - DAG(s) dict_keys(['example_setup_teardown_taskflow']) retrieved from /home/airflow/.local/lib/python3.8/site-packages/airflow/example_dags/example_setup_teardown_taskflow.py
[2023-12-01T11:53:08.546+0000] {logging_mixin.py:151} INFO - [2023-12-01T11:53:08.546+0000] {dag.py:2915} INFO - Sync 1 DAGs
[2023-12-01T11:53:08.558+0000] {logging_mixin.py:151} INFO - [2023-12-01T11:53:08.558+0000] {dag.py:3696} INFO - Setting next_dagrun for example_setup_teardown_taskflow to 2023-11-30T11:53:08.558366+00:00, run_after=2023-12-01T11:53:08.558366+00:00
[2023-12-01T11:53:08.567+0000] {processor.py:179} INFO - Processing /home/airflow/.local/lib/python3.8/site-packages/airflow/example_dags/example_setup_teardown_taskflow.py took 0.060 seconds
[2023-12-01T11:53:39.361+0000] {processor.py:157} INFO - Started process (PID=46695) to work on /home/airflow/.local/lib/python3.8/site-packages/airflow/example_dags/example_setup_teardown_taskflow.py
[2023-12-01T11:53:39.363+0000] {processor.py:829} INFO - Processing file /home/airflow/.local/lib/python3.8/site-packages/airflow/example_dags/example_setup_teardown_taskflow.py for tasks to queue
[2023-12-01T11:53:39.366+0000] {logging_mixin.py:151} INFO - [2023-12-01T11:53:39.366+0000] {dagbag.py:539} INFO - Filling up the DagBag from /home/airflow/.local/lib/python3.8/site-packages/airflow/example_dags/example_setup_teardown_taskflow.py
[2023-12-01T11:53:39.375+0000] {processor.py:839} INFO - DAG(s) dict_keys(['example_setup_teardown_taskflow']) retrieved from /home/airflow/.local/lib/python3.8/site-packages/airflow/example_dags/example_setup_teardown_taskflow.py
[2023-12-01T11:53:39.393+0000] {logging_mixin.py:151} INFO - [2023-12-01T11:53:39.393+0000] {dag.py:2915} INFO - Sync 1 DAGs
[2023-12-01T11:53:39.406+0000] {logging_mixin.py:151} INFO - [2023-12-01T11:53:39.406+0000] {dag.py:3696} INFO - Setting next_dagrun for example_setup_teardown_taskflow to 2023-11-30T11:53:39.405924+00:00, run_after=2023-12-01T11:53:39.405924+00:00
[2023-12-01T11:53:39.414+0000] {processor.py:179} INFO - Processing /home/airflow/.local/lib/python3.8/site-packages/airflow/example_dags/example_setup_teardown_taskflow.py took 0.059 seconds
[2023-12-01T11:54:09.722+0000] {processor.py:157} INFO - Started process (PID=46749) to work on /home/airflow/.local/lib/python3.8/site-packages/airflow/example_dags/example_setup_teardown_taskflow.py
[2023-12-01T11:54:09.725+0000] {processor.py:829} INFO - Processing file /home/airflow/.local/lib/python3.8/site-packages/airflow/example_dags/example_setup_teardown_taskflow.py for tasks to queue
[2023-12-01T11:54:09.730+0000] {logging_mixin.py:151} INFO - [2023-12-01T11:54:09.730+0000] {dagbag.py:539} INFO - Filling up the DagBag from /home/airflow/.local/lib/python3.8/site-packages/airflow/example_dags/example_setup_teardown_taskflow.py
[2023-12-01T11:54:09.741+0000] {processor.py:839} INFO - DAG(s) dict_keys(['example_setup_teardown_taskflow']) retrieved from /home/airflow/.local/lib/python3.8/site-packages/airflow/example_dags/example_setup_teardown_taskflow.py
[2023-12-01T11:54:09.761+0000] {logging_mixin.py:151} INFO - [2023-12-01T11:54:09.761+0000] {dag.py:2915} INFO - Sync 1 DAGs
[2023-12-01T11:54:09.775+0000] {logging_mixin.py:151} INFO - [2023-12-01T11:54:09.775+0000] {dag.py:3696} INFO - Setting next_dagrun for example_setup_teardown_taskflow to 2023-11-30T11:54:09.775315+00:00, run_after=2023-12-01T11:54:09.775315+00:00
[2023-12-01T11:54:09.784+0000] {processor.py:179} INFO - Processing /home/airflow/.local/lib/python3.8/site-packages/airflow/example_dags/example_setup_teardown_taskflow.py took 0.070 seconds
[2023-12-01T11:54:40.126+0000] {processor.py:157} INFO - Started process (PID=46803) to work on /home/airflow/.local/lib/python3.8/site-packages/airflow/example_dags/example_setup_teardown_taskflow.py
[2023-12-01T11:54:40.128+0000] {processor.py:829} INFO - Processing file /home/airflow/.local/lib/python3.8/site-packages/airflow/example_dags/example_setup_teardown_taskflow.py for tasks to queue
[2023-12-01T11:54:40.131+0000] {logging_mixin.py:151} INFO - [2023-12-01T11:54:40.130+0000] {dagbag.py:539} INFO - Filling up the DagBag from /home/airflow/.local/lib/python3.8/site-packages/airflow/example_dags/example_setup_teardown_taskflow.py
[2023-12-01T11:54:40.154+0000] {processor.py:839} INFO - DAG(s) dict_keys(['example_setup_teardown_taskflow']) retrieved from /home/airflow/.local/lib/python3.8/site-packages/airflow/example_dags/example_setup_teardown_taskflow.py
[2023-12-01T11:54:40.181+0000] {logging_mixin.py:151} INFO - [2023-12-01T11:54:40.180+0000] {dag.py:2915} INFO - Sync 1 DAGs
[2023-12-01T11:54:40.197+0000] {logging_mixin.py:151} INFO - [2023-12-01T11:54:40.197+0000] {dag.py:3696} INFO - Setting next_dagrun for example_setup_teardown_taskflow to 2023-11-30T11:54:40.196858+00:00, run_after=2023-12-01T11:54:40.196858+00:00
[2023-12-01T11:54:40.208+0000] {processor.py:179} INFO - Processing /home/airflow/.local/lib/python3.8/site-packages/airflow/example_dags/example_setup_teardown_taskflow.py took 0.086 seconds
[2023-12-01T11:55:10.511+0000] {processor.py:157} INFO - Started process (PID=46856) to work on /home/airflow/.local/lib/python3.8/site-packages/airflow/example_dags/example_setup_teardown_taskflow.py
[2023-12-01T11:55:10.514+0000] {processor.py:829} INFO - Processing file /home/airflow/.local/lib/python3.8/site-packages/airflow/example_dags/example_setup_teardown_taskflow.py for tasks to queue
[2023-12-01T11:55:10.515+0000] {logging_mixin.py:151} INFO - [2023-12-01T11:55:10.515+0000] {dagbag.py:539} INFO - Filling up the DagBag from /home/airflow/.local/lib/python3.8/site-packages/airflow/example_dags/example_setup_teardown_taskflow.py
[2023-12-01T11:55:10.523+0000] {processor.py:839} INFO - DAG(s) dict_keys(['example_setup_teardown_taskflow']) retrieved from /home/airflow/.local/lib/python3.8/site-packages/airflow/example_dags/example_setup_teardown_taskflow.py
[2023-12-01T11:55:10.540+0000] {logging_mixin.py:151} INFO - [2023-12-01T11:55:10.540+0000] {dag.py:2915} INFO - Sync 1 DAGs
[2023-12-01T11:55:10.556+0000] {logging_mixin.py:151} INFO - [2023-12-01T11:55:10.555+0000] {dag.py:3696} INFO - Setting next_dagrun for example_setup_teardown_taskflow to 2023-11-30T11:55:10.555654+00:00, run_after=2023-12-01T11:55:10.555654+00:00
[2023-12-01T11:55:10.566+0000] {processor.py:179} INFO - Processing /home/airflow/.local/lib/python3.8/site-packages/airflow/example_dags/example_setup_teardown_taskflow.py took 0.059 seconds
[2023-12-01T11:55:41.089+0000] {processor.py:157} INFO - Started process (PID=46910) to work on /home/airflow/.local/lib/python3.8/site-packages/airflow/example_dags/example_setup_teardown_taskflow.py
[2023-12-01T11:55:41.091+0000] {processor.py:829} INFO - Processing file /home/airflow/.local/lib/python3.8/site-packages/airflow/example_dags/example_setup_teardown_taskflow.py for tasks to queue
[2023-12-01T11:55:41.093+0000] {logging_mixin.py:151} INFO - [2023-12-01T11:55:41.093+0000] {dagbag.py:539} INFO - Filling up the DagBag from /home/airflow/.local/lib/python3.8/site-packages/airflow/example_dags/example_setup_teardown_taskflow.py
[2023-12-01T11:55:41.102+0000] {processor.py:839} INFO - DAG(s) dict_keys(['example_setup_teardown_taskflow']) retrieved from /home/airflow/.local/lib/python3.8/site-packages/airflow/example_dags/example_setup_teardown_taskflow.py
[2023-12-01T11:55:41.119+0000] {logging_mixin.py:151} INFO - [2023-12-01T11:55:41.119+0000] {dag.py:2915} INFO - Sync 1 DAGs
[2023-12-01T11:55:41.134+0000] {logging_mixin.py:151} INFO - [2023-12-01T11:55:41.134+0000] {dag.py:3696} INFO - Setting next_dagrun for example_setup_teardown_taskflow to 2023-11-30T11:55:41.133991+00:00, run_after=2023-12-01T11:55:41.133991+00:00
[2023-12-01T11:55:41.144+0000] {processor.py:179} INFO - Processing /home/airflow/.local/lib/python3.8/site-packages/airflow/example_dags/example_setup_teardown_taskflow.py took 0.060 seconds
[2023-12-01T11:56:11.746+0000] {processor.py:157} INFO - Started process (PID=46964) to work on /home/airflow/.local/lib/python3.8/site-packages/airflow/example_dags/example_setup_teardown_taskflow.py
[2023-12-01T11:56:11.825+0000] {processor.py:829} INFO - Processing file /home/airflow/.local/lib/python3.8/site-packages/airflow/example_dags/example_setup_teardown_taskflow.py for tasks to queue
[2023-12-01T11:56:11.828+0000] {logging_mixin.py:151} INFO - [2023-12-01T11:56:11.827+0000] {dagbag.py:539} INFO - Filling up the DagBag from /home/airflow/.local/lib/python3.8/site-packages/airflow/example_dags/example_setup_teardown_taskflow.py
[2023-12-01T11:56:11.834+0000] {processor.py:839} INFO - DAG(s) dict_keys(['example_setup_teardown_taskflow']) retrieved from /home/airflow/.local/lib/python3.8/site-packages/airflow/example_dags/example_setup_teardown_taskflow.py
[2023-12-01T11:56:11.867+0000] {logging_mixin.py:151} INFO - [2023-12-01T11:56:11.867+0000] {dag.py:2915} INFO - Sync 1 DAGs
[2023-12-01T11:56:11.999+0000] {logging_mixin.py:151} INFO - [2023-12-01T11:56:11.998+0000] {dag.py:3696} INFO - Setting next_dagrun for example_setup_teardown_taskflow to 2023-11-30T11:56:11.996900+00:00, run_after=2023-12-01T11:56:11.996900+00:00
[2023-12-01T11:56:12.021+0000] {processor.py:179} INFO - Processing /home/airflow/.local/lib/python3.8/site-packages/airflow/example_dags/example_setup_teardown_taskflow.py took 0.278 seconds
[2023-12-01T12:09:25.142+0000] {processor.py:157} INFO - Started process (PID=47013) to work on /home/airflow/.local/lib/python3.8/site-packages/airflow/example_dags/example_setup_teardown_taskflow.py
[2023-12-01T12:09:25.144+0000] {processor.py:829} INFO - Processing file /home/airflow/.local/lib/python3.8/site-packages/airflow/example_dags/example_setup_teardown_taskflow.py for tasks to queue
[2023-12-01T12:09:25.153+0000] {logging_mixin.py:151} INFO - [2023-12-01T12:09:25.153+0000] {dagbag.py:539} INFO - Filling up the DagBag from /home/airflow/.local/lib/python3.8/site-packages/airflow/example_dags/example_setup_teardown_taskflow.py
[2023-12-01T12:09:25.181+0000] {processor.py:839} INFO - DAG(s) dict_keys(['example_setup_teardown_taskflow']) retrieved from /home/airflow/.local/lib/python3.8/site-packages/airflow/example_dags/example_setup_teardown_taskflow.py
[2023-12-01T12:09:25.207+0000] {logging_mixin.py:151} INFO - [2023-12-01T12:09:25.207+0000] {dag.py:2915} INFO - Sync 1 DAGs
[2023-12-01T12:09:25.239+0000] {logging_mixin.py:151} INFO - [2023-12-01T12:09:25.239+0000] {dag.py:3696} INFO - Setting next_dagrun for example_setup_teardown_taskflow to 2023-11-30T12:09:25.238922+00:00, run_after=2023-12-01T12:09:25.238922+00:00
[2023-12-01T12:09:25.255+0000] {processor.py:179} INFO - Processing /home/airflow/.local/lib/python3.8/site-packages/airflow/example_dags/example_setup_teardown_taskflow.py took 0.117 seconds
[2023-12-01T12:43:12.864+0000] {processor.py:157} INFO - Started process (PID=47067) to work on /home/airflow/.local/lib/python3.8/site-packages/airflow/example_dags/example_setup_teardown_taskflow.py
[2023-12-01T12:43:12.865+0000] {processor.py:829} INFO - Processing file /home/airflow/.local/lib/python3.8/site-packages/airflow/example_dags/example_setup_teardown_taskflow.py for tasks to queue
[2023-12-01T12:43:12.868+0000] {logging_mixin.py:151} INFO - [2023-12-01T12:43:12.867+0000] {dagbag.py:539} INFO - Filling up the DagBag from /home/airflow/.local/lib/python3.8/site-packages/airflow/example_dags/example_setup_teardown_taskflow.py
[2023-12-01T12:43:12.875+0000] {processor.py:839} INFO - DAG(s) dict_keys(['example_setup_teardown_taskflow']) retrieved from /home/airflow/.local/lib/python3.8/site-packages/airflow/example_dags/example_setup_teardown_taskflow.py
[2023-12-01T12:43:12.893+0000] {logging_mixin.py:151} INFO - [2023-12-01T12:43:12.893+0000] {dag.py:2915} INFO - Sync 1 DAGs
[2023-12-01T12:43:12.907+0000] {logging_mixin.py:151} INFO - [2023-12-01T12:43:12.907+0000] {dag.py:3696} INFO - Setting next_dagrun for example_setup_teardown_taskflow to 2023-11-30T12:43:12.907094+00:00, run_after=2023-12-01T12:43:12.907094+00:00
[2023-12-01T12:43:12.917+0000] {processor.py:179} INFO - Processing /home/airflow/.local/lib/python3.8/site-packages/airflow/example_dags/example_setup_teardown_taskflow.py took 0.056 seconds
[2023-12-01T12:53:57.157+0000] {processor.py:157} INFO - Started process (PID=47121) to work on /home/airflow/.local/lib/python3.8/site-packages/airflow/example_dags/example_setup_teardown_taskflow.py
[2023-12-01T12:53:57.160+0000] {processor.py:829} INFO - Processing file /home/airflow/.local/lib/python3.8/site-packages/airflow/example_dags/example_setup_teardown_taskflow.py for tasks to queue
[2023-12-01T12:53:57.164+0000] {logging_mixin.py:151} INFO - [2023-12-01T12:53:57.164+0000] {dagbag.py:539} INFO - Filling up the DagBag from /home/airflow/.local/lib/python3.8/site-packages/airflow/example_dags/example_setup_teardown_taskflow.py
[2023-12-01T12:53:57.179+0000] {processor.py:839} INFO - DAG(s) dict_keys(['example_setup_teardown_taskflow']) retrieved from /home/airflow/.local/lib/python3.8/site-packages/airflow/example_dags/example_setup_teardown_taskflow.py
[2023-12-01T12:53:57.205+0000] {logging_mixin.py:151} INFO - [2023-12-01T12:53:57.205+0000] {dag.py:2915} INFO - Sync 1 DAGs
[2023-12-01T12:53:57.234+0000] {logging_mixin.py:151} INFO - [2023-12-01T12:53:57.234+0000] {dag.py:3696} INFO - Setting next_dagrun for example_setup_teardown_taskflow to 2023-11-30T12:53:57.234084+00:00, run_after=2023-12-01T12:53:57.234084+00:00
[2023-12-01T12:53:57.248+0000] {processor.py:179} INFO - Processing /home/airflow/.local/lib/python3.8/site-packages/airflow/example_dags/example_setup_teardown_taskflow.py took 0.106 seconds
[2023-12-01T13:07:29.764+0000] {processor.py:157} INFO - Started process (PID=47175) to work on /home/airflow/.local/lib/python3.8/site-packages/airflow/example_dags/example_setup_teardown_taskflow.py
[2023-12-01T13:07:29.765+0000] {processor.py:829} INFO - Processing file /home/airflow/.local/lib/python3.8/site-packages/airflow/example_dags/example_setup_teardown_taskflow.py for tasks to queue
[2023-12-01T13:07:29.766+0000] {logging_mixin.py:151} INFO - [2023-12-01T13:07:29.766+0000] {dagbag.py:539} INFO - Filling up the DagBag from /home/airflow/.local/lib/python3.8/site-packages/airflow/example_dags/example_setup_teardown_taskflow.py
[2023-12-01T13:07:29.773+0000] {processor.py:839} INFO - DAG(s) dict_keys(['example_setup_teardown_taskflow']) retrieved from /home/airflow/.local/lib/python3.8/site-packages/airflow/example_dags/example_setup_teardown_taskflow.py
[2023-12-01T13:07:29.790+0000] {logging_mixin.py:151} INFO - [2023-12-01T13:07:29.790+0000] {dag.py:2915} INFO - Sync 1 DAGs
[2023-12-01T13:07:29.811+0000] {logging_mixin.py:151} INFO - [2023-12-01T13:07:29.811+0000] {dag.py:3696} INFO - Setting next_dagrun for example_setup_teardown_taskflow to 2023-11-30T13:07:29.810979+00:00, run_after=2023-12-01T13:07:29.810979+00:00
[2023-12-01T13:07:29.825+0000] {processor.py:179} INFO - Processing /home/airflow/.local/lib/python3.8/site-packages/airflow/example_dags/example_setup_teardown_taskflow.py took 0.064 seconds
[2023-12-01T13:10:47.504+0000] {processor.py:157} INFO - Started process (PID=47229) to work on /home/airflow/.local/lib/python3.8/site-packages/airflow/example_dags/example_setup_teardown_taskflow.py
[2023-12-01T13:10:47.506+0000] {processor.py:829} INFO - Processing file /home/airflow/.local/lib/python3.8/site-packages/airflow/example_dags/example_setup_teardown_taskflow.py for tasks to queue
[2023-12-01T13:10:47.507+0000] {logging_mixin.py:151} INFO - [2023-12-01T13:10:47.507+0000] {dagbag.py:539} INFO - Filling up the DagBag from /home/airflow/.local/lib/python3.8/site-packages/airflow/example_dags/example_setup_teardown_taskflow.py
[2023-12-01T13:10:47.516+0000] {processor.py:839} INFO - DAG(s) dict_keys(['example_setup_teardown_taskflow']) retrieved from /home/airflow/.local/lib/python3.8/site-packages/airflow/example_dags/example_setup_teardown_taskflow.py
[2023-12-01T13:10:47.537+0000] {logging_mixin.py:151} INFO - [2023-12-01T13:10:47.537+0000] {dag.py:2915} INFO - Sync 1 DAGs
[2023-12-01T13:10:47.562+0000] {logging_mixin.py:151} INFO - [2023-12-01T13:10:47.561+0000] {dag.py:3696} INFO - Setting next_dagrun for example_setup_teardown_taskflow to 2023-11-30T13:10:47.561551+00:00, run_after=2023-12-01T13:10:47.561551+00:00
[2023-12-01T13:10:47.580+0000] {processor.py:179} INFO - Processing /home/airflow/.local/lib/python3.8/site-packages/airflow/example_dags/example_setup_teardown_taskflow.py took 0.079 seconds
[2023-12-01T14:00:29.414+0000] {processor.py:157} INFO - Started process (PID=47283) to work on /home/airflow/.local/lib/python3.8/site-packages/airflow/example_dags/example_setup_teardown_taskflow.py
[2023-12-01T14:00:29.415+0000] {processor.py:829} INFO - Processing file /home/airflow/.local/lib/python3.8/site-packages/airflow/example_dags/example_setup_teardown_taskflow.py for tasks to queue
[2023-12-01T14:00:29.417+0000] {logging_mixin.py:151} INFO - [2023-12-01T14:00:29.416+0000] {dagbag.py:539} INFO - Filling up the DagBag from /home/airflow/.local/lib/python3.8/site-packages/airflow/example_dags/example_setup_teardown_taskflow.py
[2023-12-01T14:00:29.425+0000] {processor.py:839} INFO - DAG(s) dict_keys(['example_setup_teardown_taskflow']) retrieved from /home/airflow/.local/lib/python3.8/site-packages/airflow/example_dags/example_setup_teardown_taskflow.py
[2023-12-01T14:00:29.451+0000] {logging_mixin.py:151} INFO - [2023-12-01T14:00:29.451+0000] {dag.py:2915} INFO - Sync 1 DAGs
[2023-12-01T14:00:29.471+0000] {logging_mixin.py:151} INFO - [2023-12-01T14:00:29.471+0000] {dag.py:3696} INFO - Setting next_dagrun for example_setup_teardown_taskflow to 2023-11-30T14:00:29.471065+00:00, run_after=2023-12-01T14:00:29.471065+00:00
[2023-12-01T14:00:29.485+0000] {processor.py:179} INFO - Processing /home/airflow/.local/lib/python3.8/site-packages/airflow/example_dags/example_setup_teardown_taskflow.py took 0.074 seconds
[2023-12-01T14:53:29.553+0000] {processor.py:157} INFO - Started process (PID=47337) to work on /home/airflow/.local/lib/python3.8/site-packages/airflow/example_dags/example_setup_teardown_taskflow.py
[2023-12-01T14:53:29.554+0000] {processor.py:829} INFO - Processing file /home/airflow/.local/lib/python3.8/site-packages/airflow/example_dags/example_setup_teardown_taskflow.py for tasks to queue
[2023-12-01T14:53:29.556+0000] {logging_mixin.py:151} INFO - [2023-12-01T14:53:29.555+0000] {dagbag.py:539} INFO - Filling up the DagBag from /home/airflow/.local/lib/python3.8/site-packages/airflow/example_dags/example_setup_teardown_taskflow.py
[2023-12-01T14:53:29.562+0000] {processor.py:839} INFO - DAG(s) dict_keys(['example_setup_teardown_taskflow']) retrieved from /home/airflow/.local/lib/python3.8/site-packages/airflow/example_dags/example_setup_teardown_taskflow.py
[2023-12-01T14:53:29.577+0000] {logging_mixin.py:151} INFO - [2023-12-01T14:53:29.577+0000] {dag.py:2915} INFO - Sync 1 DAGs
[2023-12-01T14:53:29.603+0000] {logging_mixin.py:151} INFO - [2023-12-01T14:53:29.603+0000] {dag.py:3696} INFO - Setting next_dagrun for example_setup_teardown_taskflow to 2023-11-30T14:53:29.603002+00:00, run_after=2023-12-01T14:53:29.603002+00:00
[2023-12-01T14:53:29.619+0000] {processor.py:179} INFO - Processing /home/airflow/.local/lib/python3.8/site-packages/airflow/example_dags/example_setup_teardown_taskflow.py took 0.069 seconds
[2023-12-01T15:50:59.341+0000] {processor.py:157} INFO - Started process (PID=47391) to work on /home/airflow/.local/lib/python3.8/site-packages/airflow/example_dags/example_setup_teardown_taskflow.py
[2023-12-01T15:50:59.343+0000] {processor.py:829} INFO - Processing file /home/airflow/.local/lib/python3.8/site-packages/airflow/example_dags/example_setup_teardown_taskflow.py for tasks to queue
[2023-12-01T15:50:59.347+0000] {logging_mixin.py:151} INFO - [2023-12-01T15:50:59.346+0000] {dagbag.py:539} INFO - Filling up the DagBag from /home/airflow/.local/lib/python3.8/site-packages/airflow/example_dags/example_setup_teardown_taskflow.py
[2023-12-01T15:50:59.362+0000] {processor.py:839} INFO - DAG(s) dict_keys(['example_setup_teardown_taskflow']) retrieved from /home/airflow/.local/lib/python3.8/site-packages/airflow/example_dags/example_setup_teardown_taskflow.py
[2023-12-01T15:50:59.388+0000] {logging_mixin.py:151} INFO - [2023-12-01T15:50:59.387+0000] {dag.py:2915} INFO - Sync 1 DAGs
[2023-12-01T15:50:59.417+0000] {logging_mixin.py:151} INFO - [2023-12-01T15:50:59.417+0000] {dag.py:3696} INFO - Setting next_dagrun for example_setup_teardown_taskflow to 2023-11-30T15:50:59.417220+00:00, run_after=2023-12-01T15:50:59.417220+00:00
[2023-12-01T15:50:59.430+0000] {processor.py:179} INFO - Processing /home/airflow/.local/lib/python3.8/site-packages/airflow/example_dags/example_setup_teardown_taskflow.py took 0.092 seconds
[2023-12-01T16:35:44.411+0000] {processor.py:157} INFO - Started process (PID=47445) to work on /home/airflow/.local/lib/python3.8/site-packages/airflow/example_dags/example_setup_teardown_taskflow.py
[2023-12-01T16:35:44.412+0000] {processor.py:829} INFO - Processing file /home/airflow/.local/lib/python3.8/site-packages/airflow/example_dags/example_setup_teardown_taskflow.py for tasks to queue
[2023-12-01T16:35:44.414+0000] {logging_mixin.py:151} INFO - [2023-12-01T16:35:44.414+0000] {dagbag.py:539} INFO - Filling up the DagBag from /home/airflow/.local/lib/python3.8/site-packages/airflow/example_dags/example_setup_teardown_taskflow.py
[2023-12-01T16:35:44.421+0000] {processor.py:839} INFO - DAG(s) dict_keys(['example_setup_teardown_taskflow']) retrieved from /home/airflow/.local/lib/python3.8/site-packages/airflow/example_dags/example_setup_teardown_taskflow.py
[2023-12-01T16:35:44.436+0000] {logging_mixin.py:151} INFO - [2023-12-01T16:35:44.436+0000] {dag.py:2915} INFO - Sync 1 DAGs
[2023-12-01T16:35:44.450+0000] {logging_mixin.py:151} INFO - [2023-12-01T16:35:44.450+0000] {dag.py:3696} INFO - Setting next_dagrun for example_setup_teardown_taskflow to 2023-11-30T16:35:44.450148+00:00, run_after=2023-12-01T16:35:44.450148+00:00
[2023-12-01T16:35:44.462+0000] {processor.py:179} INFO - Processing /home/airflow/.local/lib/python3.8/site-packages/airflow/example_dags/example_setup_teardown_taskflow.py took 0.055 seconds
[2023-12-01T17:55:40.326+0000] {processor.py:157} INFO - Started process (PID=47499) to work on /home/airflow/.local/lib/python3.8/site-packages/airflow/example_dags/example_setup_teardown_taskflow.py
[2023-12-01T17:55:40.327+0000] {processor.py:829} INFO - Processing file /home/airflow/.local/lib/python3.8/site-packages/airflow/example_dags/example_setup_teardown_taskflow.py for tasks to queue
[2023-12-01T17:55:40.328+0000] {logging_mixin.py:151} INFO - [2023-12-01T17:55:40.328+0000] {dagbag.py:539} INFO - Filling up the DagBag from /home/airflow/.local/lib/python3.8/site-packages/airflow/example_dags/example_setup_teardown_taskflow.py
[2023-12-01T17:55:40.337+0000] {processor.py:839} INFO - DAG(s) dict_keys(['example_setup_teardown_taskflow']) retrieved from /home/airflow/.local/lib/python3.8/site-packages/airflow/example_dags/example_setup_teardown_taskflow.py
[2023-12-01T17:55:40.357+0000] {logging_mixin.py:151} INFO - [2023-12-01T17:55:40.357+0000] {dag.py:2915} INFO - Sync 1 DAGs
[2023-12-01T17:55:40.374+0000] {logging_mixin.py:151} INFO - [2023-12-01T17:55:40.374+0000] {dag.py:3696} INFO - Setting next_dagrun for example_setup_teardown_taskflow to 2023-11-30T17:55:40.374389+00:00, run_after=2023-12-01T17:55:40.374389+00:00
[2023-12-01T17:55:40.384+0000] {processor.py:179} INFO - Processing /home/airflow/.local/lib/python3.8/site-packages/airflow/example_dags/example_setup_teardown_taskflow.py took 0.061 seconds
[2023-12-01T18:35:03.284+0000] {processor.py:157} INFO - Started process (PID=47553) to work on /home/airflow/.local/lib/python3.8/site-packages/airflow/example_dags/example_setup_teardown_taskflow.py
[2023-12-01T18:35:03.285+0000] {processor.py:829} INFO - Processing file /home/airflow/.local/lib/python3.8/site-packages/airflow/example_dags/example_setup_teardown_taskflow.py for tasks to queue
[2023-12-01T18:35:03.287+0000] {logging_mixin.py:151} INFO - [2023-12-01T18:35:03.287+0000] {dagbag.py:539} INFO - Filling up the DagBag from /home/airflow/.local/lib/python3.8/site-packages/airflow/example_dags/example_setup_teardown_taskflow.py
[2023-12-01T18:35:03.293+0000] {processor.py:839} INFO - DAG(s) dict_keys(['example_setup_teardown_taskflow']) retrieved from /home/airflow/.local/lib/python3.8/site-packages/airflow/example_dags/example_setup_teardown_taskflow.py
[2023-12-01T18:35:03.307+0000] {logging_mixin.py:151} INFO - [2023-12-01T18:35:03.307+0000] {dag.py:2915} INFO - Sync 1 DAGs
[2023-12-01T18:35:03.325+0000] {logging_mixin.py:151} INFO - [2023-12-01T18:35:03.324+0000] {dag.py:3696} INFO - Setting next_dagrun for example_setup_teardown_taskflow to 2023-11-30T18:35:03.324610+00:00, run_after=2023-12-01T18:35:03.324610+00:00
[2023-12-01T18:35:03.336+0000] {processor.py:179} INFO - Processing /home/airflow/.local/lib/python3.8/site-packages/airflow/example_dags/example_setup_teardown_taskflow.py took 0.056 seconds
[2023-12-01T19:05:45.529+0000] {processor.py:157} INFO - Started process (PID=47607) to work on /home/airflow/.local/lib/python3.8/site-packages/airflow/example_dags/example_setup_teardown_taskflow.py
[2023-12-01T19:05:45.531+0000] {processor.py:829} INFO - Processing file /home/airflow/.local/lib/python3.8/site-packages/airflow/example_dags/example_setup_teardown_taskflow.py for tasks to queue
[2023-12-01T19:05:45.533+0000] {logging_mixin.py:151} INFO - [2023-12-01T19:05:45.532+0000] {dagbag.py:539} INFO - Filling up the DagBag from /home/airflow/.local/lib/python3.8/site-packages/airflow/example_dags/example_setup_teardown_taskflow.py
[2023-12-01T19:05:45.540+0000] {processor.py:839} INFO - DAG(s) dict_keys(['example_setup_teardown_taskflow']) retrieved from /home/airflow/.local/lib/python3.8/site-packages/airflow/example_dags/example_setup_teardown_taskflow.py
[2023-12-01T19:05:45.563+0000] {logging_mixin.py:151} INFO - [2023-12-01T19:05:45.563+0000] {dag.py:2915} INFO - Sync 1 DAGs
[2023-12-01T19:05:45.580+0000] {logging_mixin.py:151} INFO - [2023-12-01T19:05:45.580+0000] {dag.py:3696} INFO - Setting next_dagrun for example_setup_teardown_taskflow to 2023-11-30T19:05:45.580536+00:00, run_after=2023-12-01T19:05:45.580536+00:00
[2023-12-01T19:05:45.593+0000] {processor.py:179} INFO - Processing /home/airflow/.local/lib/python3.8/site-packages/airflow/example_dags/example_setup_teardown_taskflow.py took 0.067 seconds
[2023-12-01T19:33:47.208+0000] {processor.py:157} INFO - Started process (PID=47661) to work on /home/airflow/.local/lib/python3.8/site-packages/airflow/example_dags/example_setup_teardown_taskflow.py
[2023-12-01T19:33:47.209+0000] {processor.py:829} INFO - Processing file /home/airflow/.local/lib/python3.8/site-packages/airflow/example_dags/example_setup_teardown_taskflow.py for tasks to queue
[2023-12-01T19:33:47.212+0000] {logging_mixin.py:151} INFO - [2023-12-01T19:33:47.212+0000] {dagbag.py:539} INFO - Filling up the DagBag from /home/airflow/.local/lib/python3.8/site-packages/airflow/example_dags/example_setup_teardown_taskflow.py
[2023-12-01T19:33:47.218+0000] {processor.py:839} INFO - DAG(s) dict_keys(['example_setup_teardown_taskflow']) retrieved from /home/airflow/.local/lib/python3.8/site-packages/airflow/example_dags/example_setup_teardown_taskflow.py
[2023-12-01T19:33:47.235+0000] {logging_mixin.py:151} INFO - [2023-12-01T19:33:47.235+0000] {dag.py:2915} INFO - Sync 1 DAGs
[2023-12-01T19:33:47.250+0000] {logging_mixin.py:151} INFO - [2023-12-01T19:33:47.250+0000] {dag.py:3696} INFO - Setting next_dagrun for example_setup_teardown_taskflow to 2023-11-30T19:33:47.250585+00:00, run_after=2023-12-01T19:33:47.250585+00:00
[2023-12-01T19:33:47.271+0000] {processor.py:179} INFO - Processing /home/airflow/.local/lib/python3.8/site-packages/airflow/example_dags/example_setup_teardown_taskflow.py took 0.068 seconds
[2023-12-01T20:06:44.393+0000] {processor.py:157} INFO - Started process (PID=47715) to work on /home/airflow/.local/lib/python3.8/site-packages/airflow/example_dags/example_setup_teardown_taskflow.py
[2023-12-01T20:06:44.394+0000] {processor.py:829} INFO - Processing file /home/airflow/.local/lib/python3.8/site-packages/airflow/example_dags/example_setup_teardown_taskflow.py for tasks to queue
[2023-12-01T20:06:44.397+0000] {logging_mixin.py:151} INFO - [2023-12-01T20:06:44.396+0000] {dagbag.py:539} INFO - Filling up the DagBag from /home/airflow/.local/lib/python3.8/site-packages/airflow/example_dags/example_setup_teardown_taskflow.py
[2023-12-01T20:06:44.417+0000] {processor.py:839} INFO - DAG(s) dict_keys(['example_setup_teardown_taskflow']) retrieved from /home/airflow/.local/lib/python3.8/site-packages/airflow/example_dags/example_setup_teardown_taskflow.py
[2023-12-01T20:06:44.438+0000] {logging_mixin.py:151} INFO - [2023-12-01T20:06:44.438+0000] {dag.py:2915} INFO - Sync 1 DAGs
[2023-12-01T20:06:44.452+0000] {logging_mixin.py:151} INFO - [2023-12-01T20:06:44.452+0000] {dag.py:3696} INFO - Setting next_dagrun for example_setup_teardown_taskflow to 2023-11-30T20:06:44.452388+00:00, run_after=2023-12-01T20:06:44.452388+00:00
[2023-12-01T20:06:44.675+0000] {processor.py:179} INFO - Processing /home/airflow/.local/lib/python3.8/site-packages/airflow/example_dags/example_setup_teardown_taskflow.py took 0.286 seconds
[2023-12-01T20:20:12.967+0000] {processor.py:157} INFO - Started process (PID=47769) to work on /home/airflow/.local/lib/python3.8/site-packages/airflow/example_dags/example_setup_teardown_taskflow.py
[2023-12-01T20:20:12.969+0000] {processor.py:829} INFO - Processing file /home/airflow/.local/lib/python3.8/site-packages/airflow/example_dags/example_setup_teardown_taskflow.py for tasks to queue
[2023-12-01T20:20:12.970+0000] {logging_mixin.py:151} INFO - [2023-12-01T20:20:12.970+0000] {dagbag.py:539} INFO - Filling up the DagBag from /home/airflow/.local/lib/python3.8/site-packages/airflow/example_dags/example_setup_teardown_taskflow.py
[2023-12-01T20:20:12.978+0000] {processor.py:839} INFO - DAG(s) dict_keys(['example_setup_teardown_taskflow']) retrieved from /home/airflow/.local/lib/python3.8/site-packages/airflow/example_dags/example_setup_teardown_taskflow.py
[2023-12-01T20:20:13.029+0000] {logging_mixin.py:151} INFO - [2023-12-01T20:20:13.029+0000] {dag.py:2915} INFO - Sync 1 DAGs
[2023-12-01T20:20:13.050+0000] {logging_mixin.py:151} INFO - [2023-12-01T20:20:13.050+0000] {dag.py:3696} INFO - Setting next_dagrun for example_setup_teardown_taskflow to 2023-11-30T20:20:13.049928+00:00, run_after=2023-12-01T20:20:13.049928+00:00
[2023-12-01T20:20:13.073+0000] {processor.py:179} INFO - Processing /home/airflow/.local/lib/python3.8/site-packages/airflow/example_dags/example_setup_teardown_taskflow.py took 0.109 seconds
[2023-12-01T20:46:19.574+0000] {processor.py:157} INFO - Started process (PID=47823) to work on /home/airflow/.local/lib/python3.8/site-packages/airflow/example_dags/example_setup_teardown_taskflow.py
[2023-12-01T20:46:19.576+0000] {processor.py:829} INFO - Processing file /home/airflow/.local/lib/python3.8/site-packages/airflow/example_dags/example_setup_teardown_taskflow.py for tasks to queue
[2023-12-01T20:46:19.580+0000] {logging_mixin.py:151} INFO - [2023-12-01T20:46:19.579+0000] {dagbag.py:539} INFO - Filling up the DagBag from /home/airflow/.local/lib/python3.8/site-packages/airflow/example_dags/example_setup_teardown_taskflow.py
[2023-12-01T20:46:19.590+0000] {processor.py:839} INFO - DAG(s) dict_keys(['example_setup_teardown_taskflow']) retrieved from /home/airflow/.local/lib/python3.8/site-packages/airflow/example_dags/example_setup_teardown_taskflow.py
[2023-12-01T20:46:19.611+0000] {logging_mixin.py:151} INFO - [2023-12-01T20:46:19.611+0000] {dag.py:2915} INFO - Sync 1 DAGs
[2023-12-01T20:46:19.628+0000] {logging_mixin.py:151} INFO - [2023-12-01T20:46:19.628+0000] {dag.py:3696} INFO - Setting next_dagrun for example_setup_teardown_taskflow to 2023-11-30T20:46:19.628101+00:00, run_after=2023-12-01T20:46:19.628101+00:00
[2023-12-01T20:46:19.639+0000] {processor.py:179} INFO - Processing /home/airflow/.local/lib/python3.8/site-packages/airflow/example_dags/example_setup_teardown_taskflow.py took 0.068 seconds
[2023-12-01T21:17:02.641+0000] {processor.py:157} INFO - Started process (PID=47877) to work on /home/airflow/.local/lib/python3.8/site-packages/airflow/example_dags/example_setup_teardown_taskflow.py
[2023-12-01T21:17:02.642+0000] {processor.py:829} INFO - Processing file /home/airflow/.local/lib/python3.8/site-packages/airflow/example_dags/example_setup_teardown_taskflow.py for tasks to queue
[2023-12-01T21:17:02.644+0000] {logging_mixin.py:151} INFO - [2023-12-01T21:17:02.644+0000] {dagbag.py:539} INFO - Filling up the DagBag from /home/airflow/.local/lib/python3.8/site-packages/airflow/example_dags/example_setup_teardown_taskflow.py
[2023-12-01T21:17:02.653+0000] {processor.py:839} INFO - DAG(s) dict_keys(['example_setup_teardown_taskflow']) retrieved from /home/airflow/.local/lib/python3.8/site-packages/airflow/example_dags/example_setup_teardown_taskflow.py
[2023-12-01T21:17:02.670+0000] {logging_mixin.py:151} INFO - [2023-12-01T21:17:02.670+0000] {dag.py:2915} INFO - Sync 1 DAGs
[2023-12-01T21:17:02.709+0000] {logging_mixin.py:151} INFO - [2023-12-01T21:17:02.709+0000] {dag.py:3696} INFO - Setting next_dagrun for example_setup_teardown_taskflow to 2023-11-30T21:17:02.709275+00:00, run_after=2023-12-01T21:17:02.709275+00:00
[2023-12-01T21:17:02.731+0000] {processor.py:179} INFO - Processing /home/airflow/.local/lib/python3.8/site-packages/airflow/example_dags/example_setup_teardown_taskflow.py took 0.094 seconds
[2023-12-01T22:08:37.251+0000] {processor.py:157} INFO - Started process (PID=47931) to work on /home/airflow/.local/lib/python3.8/site-packages/airflow/example_dags/example_setup_teardown_taskflow.py
[2023-12-01T22:08:37.253+0000] {processor.py:829} INFO - Processing file /home/airflow/.local/lib/python3.8/site-packages/airflow/example_dags/example_setup_teardown_taskflow.py for tasks to queue
[2023-12-01T22:08:37.255+0000] {logging_mixin.py:151} INFO - [2023-12-01T22:08:37.255+0000] {dagbag.py:539} INFO - Filling up the DagBag from /home/airflow/.local/lib/python3.8/site-packages/airflow/example_dags/example_setup_teardown_taskflow.py
[2023-12-01T22:08:37.265+0000] {processor.py:839} INFO - DAG(s) dict_keys(['example_setup_teardown_taskflow']) retrieved from /home/airflow/.local/lib/python3.8/site-packages/airflow/example_dags/example_setup_teardown_taskflow.py
[2023-12-01T22:08:37.282+0000] {logging_mixin.py:151} INFO - [2023-12-01T22:08:37.282+0000] {dag.py:2915} INFO - Sync 1 DAGs
[2023-12-01T22:08:37.302+0000] {logging_mixin.py:151} INFO - [2023-12-01T22:08:37.302+0000] {dag.py:3696} INFO - Setting next_dagrun for example_setup_teardown_taskflow to 2023-11-30T22:08:37.301577+00:00, run_after=2023-12-01T22:08:37.301577+00:00
[2023-12-01T22:08:37.521+0000] {processor.py:179} INFO - Processing /home/airflow/.local/lib/python3.8/site-packages/airflow/example_dags/example_setup_teardown_taskflow.py took 0.275 seconds
[2023-12-01T22:54:06.114+0000] {processor.py:157} INFO - Started process (PID=47986) to work on /home/airflow/.local/lib/python3.8/site-packages/airflow/example_dags/example_setup_teardown_taskflow.py
[2023-12-01T22:54:06.115+0000] {processor.py:829} INFO - Processing file /home/airflow/.local/lib/python3.8/site-packages/airflow/example_dags/example_setup_teardown_taskflow.py for tasks to queue
[2023-12-01T22:54:06.117+0000] {logging_mixin.py:151} INFO - [2023-12-01T22:54:06.117+0000] {dagbag.py:539} INFO - Filling up the DagBag from /home/airflow/.local/lib/python3.8/site-packages/airflow/example_dags/example_setup_teardown_taskflow.py
[2023-12-01T22:54:06.124+0000] {processor.py:839} INFO - DAG(s) dict_keys(['example_setup_teardown_taskflow']) retrieved from /home/airflow/.local/lib/python3.8/site-packages/airflow/example_dags/example_setup_teardown_taskflow.py
[2023-12-01T22:54:06.139+0000] {logging_mixin.py:151} INFO - [2023-12-01T22:54:06.139+0000] {dag.py:2915} INFO - Sync 1 DAGs
[2023-12-01T22:54:06.160+0000] {logging_mixin.py:151} INFO - [2023-12-01T22:54:06.160+0000] {dag.py:3696} INFO - Setting next_dagrun for example_setup_teardown_taskflow to 2023-11-30T22:54:06.160242+00:00, run_after=2023-12-01T22:54:06.160242+00:00
[2023-12-01T22:54:06.174+0000] {processor.py:179} INFO - Processing /home/airflow/.local/lib/python3.8/site-packages/airflow/example_dags/example_setup_teardown_taskflow.py took 0.064 seconds
[2023-12-01T23:41:08.651+0000] {processor.py:157} INFO - Started process (PID=48040) to work on /home/airflow/.local/lib/python3.8/site-packages/airflow/example_dags/example_setup_teardown_taskflow.py
[2023-12-01T23:41:08.652+0000] {processor.py:829} INFO - Processing file /home/airflow/.local/lib/python3.8/site-packages/airflow/example_dags/example_setup_teardown_taskflow.py for tasks to queue
[2023-12-01T23:41:08.655+0000] {logging_mixin.py:151} INFO - [2023-12-01T23:41:08.654+0000] {dagbag.py:539} INFO - Filling up the DagBag from /home/airflow/.local/lib/python3.8/site-packages/airflow/example_dags/example_setup_teardown_taskflow.py
[2023-12-01T23:41:08.670+0000] {processor.py:839} INFO - DAG(s) dict_keys(['example_setup_teardown_taskflow']) retrieved from /home/airflow/.local/lib/python3.8/site-packages/airflow/example_dags/example_setup_teardown_taskflow.py
[2023-12-01T23:41:08.706+0000] {logging_mixin.py:151} INFO - [2023-12-01T23:41:08.705+0000] {dag.py:2915} INFO - Sync 1 DAGs
[2023-12-01T23:41:08.735+0000] {logging_mixin.py:151} INFO - [2023-12-01T23:41:08.735+0000] {dag.py:3696} INFO - Setting next_dagrun for example_setup_teardown_taskflow to 2023-11-30T23:41:08.734316+00:00, run_after=2023-12-01T23:41:08.734316+00:00
[2023-12-01T23:41:08.778+0000] {processor.py:179} INFO - Processing /home/airflow/.local/lib/python3.8/site-packages/airflow/example_dags/example_setup_teardown_taskflow.py took 0.131 seconds
