[2023-12-01T00:05:51.571+0000] {processor.py:157} INFO - Started process (PID=45238) to work on /home/airflow/.local/lib/python3.8/site-packages/airflow/example_dags/example_branch_python_dop_operator_3.py
[2023-12-01T00:05:51.572+0000] {processor.py:829} INFO - Processing file /home/airflow/.local/lib/python3.8/site-packages/airflow/example_dags/example_branch_python_dop_operator_3.py for tasks to queue
[2023-12-01T00:05:51.573+0000] {logging_mixin.py:151} INFO - [2023-12-01T00:05:51.573+0000] {dagbag.py:539} INFO - Filling up the DagBag from /home/airflow/.local/lib/python3.8/site-packages/airflow/example_dags/example_branch_python_dop_operator_3.py
[2023-12-01T00:05:51.580+0000] {processor.py:839} INFO - DAG(s) dict_keys(['example_branch_dop_operator_v3']) retrieved from /home/airflow/.local/lib/python3.8/site-packages/airflow/example_dags/example_branch_python_dop_operator_3.py
[2023-12-01T00:05:51.592+0000] {logging_mixin.py:151} INFO - [2023-12-01T00:05:51.592+0000] {dag.py:2915} INFO - Sync 1 DAGs
[2023-12-01T00:05:51.621+0000] {logging_mixin.py:151} INFO - [2023-12-01T00:05:51.620+0000] {dag.py:3696} INFO - Setting next_dagrun for example_branch_dop_operator_v3 to 2023-12-01T00:04:00+00:00, run_after=2023-12-01T00:05:00+00:00
[2023-12-01T00:05:51.675+0000] {processor.py:179} INFO - Processing /home/airflow/.local/lib/python3.8/site-packages/airflow/example_dags/example_branch_python_dop_operator_3.py took 0.107 seconds
[2023-12-01T00:33:46.017+0000] {processor.py:157} INFO - Started process (PID=45292) to work on /home/airflow/.local/lib/python3.8/site-packages/airflow/example_dags/example_branch_python_dop_operator_3.py
[2023-12-01T00:33:46.019+0000] {processor.py:829} INFO - Processing file /home/airflow/.local/lib/python3.8/site-packages/airflow/example_dags/example_branch_python_dop_operator_3.py for tasks to queue
[2023-12-01T00:33:46.022+0000] {logging_mixin.py:151} INFO - [2023-12-01T00:33:46.022+0000] {dagbag.py:539} INFO - Filling up the DagBag from /home/airflow/.local/lib/python3.8/site-packages/airflow/example_dags/example_branch_python_dop_operator_3.py
[2023-12-01T00:33:46.037+0000] {processor.py:839} INFO - DAG(s) dict_keys(['example_branch_dop_operator_v3']) retrieved from /home/airflow/.local/lib/python3.8/site-packages/airflow/example_dags/example_branch_python_dop_operator_3.py
[2023-12-01T00:33:46.089+0000] {logging_mixin.py:151} INFO - [2023-12-01T00:33:46.088+0000] {dag.py:2915} INFO - Sync 1 DAGs
[2023-12-01T00:33:46.136+0000] {logging_mixin.py:151} INFO - [2023-12-01T00:33:46.136+0000] {dag.py:3696} INFO - Setting next_dagrun for example_branch_dop_operator_v3 to 2023-12-01T00:32:00+00:00, run_after=2023-12-01T00:33:00+00:00
[2023-12-01T00:33:46.178+0000] {processor.py:179} INFO - Processing /home/airflow/.local/lib/python3.8/site-packages/airflow/example_dags/example_branch_python_dop_operator_3.py took 0.165 seconds
[2023-12-01T01:27:57.022+0000] {processor.py:157} INFO - Started process (PID=45346) to work on /home/airflow/.local/lib/python3.8/site-packages/airflow/example_dags/example_branch_python_dop_operator_3.py
[2023-12-01T01:27:57.024+0000] {processor.py:829} INFO - Processing file /home/airflow/.local/lib/python3.8/site-packages/airflow/example_dags/example_branch_python_dop_operator_3.py for tasks to queue
[2023-12-01T01:27:57.028+0000] {logging_mixin.py:151} INFO - [2023-12-01T01:27:57.028+0000] {dagbag.py:539} INFO - Filling up the DagBag from /home/airflow/.local/lib/python3.8/site-packages/airflow/example_dags/example_branch_python_dop_operator_3.py
[2023-12-01T01:27:57.054+0000] {processor.py:839} INFO - DAG(s) dict_keys(['example_branch_dop_operator_v3']) retrieved from /home/airflow/.local/lib/python3.8/site-packages/airflow/example_dags/example_branch_python_dop_operator_3.py
[2023-12-01T01:27:57.080+0000] {logging_mixin.py:151} INFO - [2023-12-01T01:27:57.080+0000] {dag.py:2915} INFO - Sync 1 DAGs
[2023-12-01T01:27:57.443+0000] {logging_mixin.py:151} INFO - [2023-12-01T01:27:57.443+0000] {dag.py:3696} INFO - Setting next_dagrun for example_branch_dop_operator_v3 to 2023-12-01T01:26:00+00:00, run_after=2023-12-01T01:27:00+00:00
[2023-12-01T01:27:57.783+0000] {processor.py:179} INFO - Processing /home/airflow/.local/lib/python3.8/site-packages/airflow/example_dags/example_branch_python_dop_operator_3.py took 0.767 seconds
[2023-12-01T02:09:24.740+0000] {processor.py:157} INFO - Started process (PID=45400) to work on /home/airflow/.local/lib/python3.8/site-packages/airflow/example_dags/example_branch_python_dop_operator_3.py
[2023-12-01T02:09:24.744+0000] {processor.py:829} INFO - Processing file /home/airflow/.local/lib/python3.8/site-packages/airflow/example_dags/example_branch_python_dop_operator_3.py for tasks to queue
[2023-12-01T02:09:24.747+0000] {logging_mixin.py:151} INFO - [2023-12-01T02:09:24.747+0000] {dagbag.py:539} INFO - Filling up the DagBag from /home/airflow/.local/lib/python3.8/site-packages/airflow/example_dags/example_branch_python_dop_operator_3.py
[2023-12-01T02:09:24.758+0000] {processor.py:839} INFO - DAG(s) dict_keys(['example_branch_dop_operator_v3']) retrieved from /home/airflow/.local/lib/python3.8/site-packages/airflow/example_dags/example_branch_python_dop_operator_3.py
[2023-12-01T02:09:24.800+0000] {logging_mixin.py:151} INFO - [2023-12-01T02:09:24.799+0000] {dag.py:2915} INFO - Sync 1 DAGs
[2023-12-01T02:09:24.824+0000] {logging_mixin.py:151} INFO - [2023-12-01T02:09:24.824+0000] {dag.py:3696} INFO - Setting next_dagrun for example_branch_dop_operator_v3 to 2023-12-01T02:08:00+00:00, run_after=2023-12-01T02:09:00+00:00
[2023-12-01T02:09:24.840+0000] {processor.py:179} INFO - Processing /home/airflow/.local/lib/python3.8/site-packages/airflow/example_dags/example_branch_python_dop_operator_3.py took 0.108 seconds
[2023-12-01T02:45:40.104+0000] {processor.py:157} INFO - Started process (PID=45454) to work on /home/airflow/.local/lib/python3.8/site-packages/airflow/example_dags/example_branch_python_dop_operator_3.py
[2023-12-01T02:45:40.106+0000] {processor.py:829} INFO - Processing file /home/airflow/.local/lib/python3.8/site-packages/airflow/example_dags/example_branch_python_dop_operator_3.py for tasks to queue
[2023-12-01T02:45:40.110+0000] {logging_mixin.py:151} INFO - [2023-12-01T02:45:40.109+0000] {dagbag.py:539} INFO - Filling up the DagBag from /home/airflow/.local/lib/python3.8/site-packages/airflow/example_dags/example_branch_python_dop_operator_3.py
[2023-12-01T02:45:40.121+0000] {processor.py:839} INFO - DAG(s) dict_keys(['example_branch_dop_operator_v3']) retrieved from /home/airflow/.local/lib/python3.8/site-packages/airflow/example_dags/example_branch_python_dop_operator_3.py
[2023-12-01T02:45:40.141+0000] {logging_mixin.py:151} INFO - [2023-12-01T02:45:40.141+0000] {dag.py:2915} INFO - Sync 1 DAGs
[2023-12-01T02:45:40.163+0000] {logging_mixin.py:151} INFO - [2023-12-01T02:45:40.163+0000] {dag.py:3696} INFO - Setting next_dagrun for example_branch_dop_operator_v3 to 2023-12-01T02:44:00+00:00, run_after=2023-12-01T02:45:00+00:00
[2023-12-01T02:45:40.177+0000] {processor.py:179} INFO - Processing /home/airflow/.local/lib/python3.8/site-packages/airflow/example_dags/example_branch_python_dop_operator_3.py took 0.079 seconds
[2023-12-01T03:20:37.200+0000] {processor.py:157} INFO - Started process (PID=45508) to work on /home/airflow/.local/lib/python3.8/site-packages/airflow/example_dags/example_branch_python_dop_operator_3.py
[2023-12-01T03:20:37.201+0000] {processor.py:829} INFO - Processing file /home/airflow/.local/lib/python3.8/site-packages/airflow/example_dags/example_branch_python_dop_operator_3.py for tasks to queue
[2023-12-01T03:20:37.202+0000] {logging_mixin.py:151} INFO - [2023-12-01T03:20:37.202+0000] {dagbag.py:539} INFO - Filling up the DagBag from /home/airflow/.local/lib/python3.8/site-packages/airflow/example_dags/example_branch_python_dop_operator_3.py
[2023-12-01T03:20:37.210+0000] {processor.py:839} INFO - DAG(s) dict_keys(['example_branch_dop_operator_v3']) retrieved from /home/airflow/.local/lib/python3.8/site-packages/airflow/example_dags/example_branch_python_dop_operator_3.py
[2023-12-01T03:20:37.223+0000] {logging_mixin.py:151} INFO - [2023-12-01T03:20:37.223+0000] {dag.py:2915} INFO - Sync 1 DAGs
[2023-12-01T03:20:37.238+0000] {logging_mixin.py:151} INFO - [2023-12-01T03:20:37.238+0000] {dag.py:3696} INFO - Setting next_dagrun for example_branch_dop_operator_v3 to 2023-12-01T03:19:00+00:00, run_after=2023-12-01T03:20:00+00:00
[2023-12-01T03:20:37.249+0000] {processor.py:179} INFO - Processing /home/airflow/.local/lib/python3.8/site-packages/airflow/example_dags/example_branch_python_dop_operator_3.py took 0.052 seconds
[2023-12-01T04:21:31.579+0000] {processor.py:157} INFO - Started process (PID=45562) to work on /home/airflow/.local/lib/python3.8/site-packages/airflow/example_dags/example_branch_python_dop_operator_3.py
[2023-12-01T04:21:31.581+0000] {processor.py:829} INFO - Processing file /home/airflow/.local/lib/python3.8/site-packages/airflow/example_dags/example_branch_python_dop_operator_3.py for tasks to queue
[2023-12-01T04:21:31.585+0000] {logging_mixin.py:151} INFO - [2023-12-01T04:21:31.585+0000] {dagbag.py:539} INFO - Filling up the DagBag from /home/airflow/.local/lib/python3.8/site-packages/airflow/example_dags/example_branch_python_dop_operator_3.py
[2023-12-01T04:21:31.600+0000] {processor.py:839} INFO - DAG(s) dict_keys(['example_branch_dop_operator_v3']) retrieved from /home/airflow/.local/lib/python3.8/site-packages/airflow/example_dags/example_branch_python_dop_operator_3.py
[2023-12-01T04:21:31.637+0000] {logging_mixin.py:151} INFO - [2023-12-01T04:21:31.636+0000] {dag.py:2915} INFO - Sync 1 DAGs
[2023-12-01T04:21:31.669+0000] {logging_mixin.py:151} INFO - [2023-12-01T04:21:31.669+0000] {dag.py:3696} INFO - Setting next_dagrun for example_branch_dop_operator_v3 to 2023-12-01T04:20:00+00:00, run_after=2023-12-01T04:21:00+00:00
[2023-12-01T04:21:31.730+0000] {processor.py:179} INFO - Processing /home/airflow/.local/lib/python3.8/site-packages/airflow/example_dags/example_branch_python_dop_operator_3.py took 0.158 seconds
[2023-12-01T05:30:13.734+0000] {processor.py:157} INFO - Started process (PID=45616) to work on /home/airflow/.local/lib/python3.8/site-packages/airflow/example_dags/example_branch_python_dop_operator_3.py
[2023-12-01T05:30:13.735+0000] {processor.py:829} INFO - Processing file /home/airflow/.local/lib/python3.8/site-packages/airflow/example_dags/example_branch_python_dop_operator_3.py for tasks to queue
[2023-12-01T05:30:13.737+0000] {logging_mixin.py:151} INFO - [2023-12-01T05:30:13.737+0000] {dagbag.py:539} INFO - Filling up the DagBag from /home/airflow/.local/lib/python3.8/site-packages/airflow/example_dags/example_branch_python_dop_operator_3.py
[2023-12-01T05:30:13.747+0000] {processor.py:839} INFO - DAG(s) dict_keys(['example_branch_dop_operator_v3']) retrieved from /home/airflow/.local/lib/python3.8/site-packages/airflow/example_dags/example_branch_python_dop_operator_3.py
[2023-12-01T05:30:13.774+0000] {logging_mixin.py:151} INFO - [2023-12-01T05:30:13.774+0000] {dag.py:2915} INFO - Sync 1 DAGs
[2023-12-01T05:30:13.794+0000] {logging_mixin.py:151} INFO - [2023-12-01T05:30:13.794+0000] {dag.py:3696} INFO - Setting next_dagrun for example_branch_dop_operator_v3 to 2023-12-01T05:29:00+00:00, run_after=2023-12-01T05:30:00+00:00
[2023-12-01T05:30:13.810+0000] {processor.py:179} INFO - Processing /home/airflow/.local/lib/python3.8/site-packages/airflow/example_dags/example_branch_python_dop_operator_3.py took 0.079 seconds
[2023-12-01T06:23:27.072+0000] {processor.py:157} INFO - Started process (PID=45670) to work on /home/airflow/.local/lib/python3.8/site-packages/airflow/example_dags/example_branch_python_dop_operator_3.py
[2023-12-01T06:23:27.074+0000] {processor.py:829} INFO - Processing file /home/airflow/.local/lib/python3.8/site-packages/airflow/example_dags/example_branch_python_dop_operator_3.py for tasks to queue
[2023-12-01T06:23:27.075+0000] {logging_mixin.py:151} INFO - [2023-12-01T06:23:27.075+0000] {dagbag.py:539} INFO - Filling up the DagBag from /home/airflow/.local/lib/python3.8/site-packages/airflow/example_dags/example_branch_python_dop_operator_3.py
[2023-12-01T06:23:27.082+0000] {processor.py:839} INFO - DAG(s) dict_keys(['example_branch_dop_operator_v3']) retrieved from /home/airflow/.local/lib/python3.8/site-packages/airflow/example_dags/example_branch_python_dop_operator_3.py
[2023-12-01T06:23:27.097+0000] {logging_mixin.py:151} INFO - [2023-12-01T06:23:27.097+0000] {dag.py:2915} INFO - Sync 1 DAGs
[2023-12-01T06:23:27.113+0000] {logging_mixin.py:151} INFO - [2023-12-01T06:23:27.113+0000] {dag.py:3696} INFO - Setting next_dagrun for example_branch_dop_operator_v3 to 2023-12-01T06:22:00+00:00, run_after=2023-12-01T06:23:00+00:00
[2023-12-01T06:23:27.132+0000] {processor.py:179} INFO - Processing /home/airflow/.local/lib/python3.8/site-packages/airflow/example_dags/example_branch_python_dop_operator_3.py took 0.062 seconds
[2023-12-01T07:10:09.595+0000] {processor.py:157} INFO - Started process (PID=45724) to work on /home/airflow/.local/lib/python3.8/site-packages/airflow/example_dags/example_branch_python_dop_operator_3.py
[2023-12-01T07:10:09.596+0000] {processor.py:829} INFO - Processing file /home/airflow/.local/lib/python3.8/site-packages/airflow/example_dags/example_branch_python_dop_operator_3.py for tasks to queue
[2023-12-01T07:10:09.598+0000] {logging_mixin.py:151} INFO - [2023-12-01T07:10:09.598+0000] {dagbag.py:539} INFO - Filling up the DagBag from /home/airflow/.local/lib/python3.8/site-packages/airflow/example_dags/example_branch_python_dop_operator_3.py
[2023-12-01T07:10:09.604+0000] {processor.py:839} INFO - DAG(s) dict_keys(['example_branch_dop_operator_v3']) retrieved from /home/airflow/.local/lib/python3.8/site-packages/airflow/example_dags/example_branch_python_dop_operator_3.py
[2023-12-01T07:10:09.617+0000] {logging_mixin.py:151} INFO - [2023-12-01T07:10:09.617+0000] {dag.py:2915} INFO - Sync 1 DAGs
[2023-12-01T07:10:09.631+0000] {logging_mixin.py:151} INFO - [2023-12-01T07:10:09.631+0000] {dag.py:3696} INFO - Setting next_dagrun for example_branch_dop_operator_v3 to 2023-12-01T07:09:00+00:00, run_after=2023-12-01T07:10:00+00:00
[2023-12-01T07:10:09.642+0000] {processor.py:179} INFO - Processing /home/airflow/.local/lib/python3.8/site-packages/airflow/example_dags/example_branch_python_dop_operator_3.py took 0.048 seconds
[2023-12-01T07:45:20.303+0000] {processor.py:157} INFO - Started process (PID=45778) to work on /home/airflow/.local/lib/python3.8/site-packages/airflow/example_dags/example_branch_python_dop_operator_3.py
[2023-12-01T07:45:20.304+0000] {processor.py:829} INFO - Processing file /home/airflow/.local/lib/python3.8/site-packages/airflow/example_dags/example_branch_python_dop_operator_3.py for tasks to queue
[2023-12-01T07:45:20.305+0000] {logging_mixin.py:151} INFO - [2023-12-01T07:45:20.305+0000] {dagbag.py:539} INFO - Filling up the DagBag from /home/airflow/.local/lib/python3.8/site-packages/airflow/example_dags/example_branch_python_dop_operator_3.py
[2023-12-01T07:45:20.311+0000] {processor.py:839} INFO - DAG(s) dict_keys(['example_branch_dop_operator_v3']) retrieved from /home/airflow/.local/lib/python3.8/site-packages/airflow/example_dags/example_branch_python_dop_operator_3.py
[2023-12-01T07:45:20.324+0000] {logging_mixin.py:151} INFO - [2023-12-01T07:45:20.324+0000] {dag.py:2915} INFO - Sync 1 DAGs
[2023-12-01T07:45:20.339+0000] {logging_mixin.py:151} INFO - [2023-12-01T07:45:20.338+0000] {dag.py:3696} INFO - Setting next_dagrun for example_branch_dop_operator_v3 to 2023-12-01T07:44:00+00:00, run_after=2023-12-01T07:45:00+00:00
[2023-12-01T07:45:20.348+0000] {processor.py:179} INFO - Processing /home/airflow/.local/lib/python3.8/site-packages/airflow/example_dags/example_branch_python_dop_operator_3.py took 0.048 seconds
[2023-12-01T08:25:28.442+0000] {processor.py:157} INFO - Started process (PID=45832) to work on /home/airflow/.local/lib/python3.8/site-packages/airflow/example_dags/example_branch_python_dop_operator_3.py
[2023-12-01T08:25:28.443+0000] {processor.py:829} INFO - Processing file /home/airflow/.local/lib/python3.8/site-packages/airflow/example_dags/example_branch_python_dop_operator_3.py for tasks to queue
[2023-12-01T08:25:28.444+0000] {logging_mixin.py:151} INFO - [2023-12-01T08:25:28.444+0000] {dagbag.py:539} INFO - Filling up the DagBag from /home/airflow/.local/lib/python3.8/site-packages/airflow/example_dags/example_branch_python_dop_operator_3.py
[2023-12-01T08:25:28.450+0000] {processor.py:839} INFO - DAG(s) dict_keys(['example_branch_dop_operator_v3']) retrieved from /home/airflow/.local/lib/python3.8/site-packages/airflow/example_dags/example_branch_python_dop_operator_3.py
[2023-12-01T08:25:28.463+0000] {logging_mixin.py:151} INFO - [2023-12-01T08:25:28.463+0000] {dag.py:2915} INFO - Sync 1 DAGs
[2023-12-01T08:25:28.477+0000] {logging_mixin.py:151} INFO - [2023-12-01T08:25:28.477+0000] {dag.py:3696} INFO - Setting next_dagrun for example_branch_dop_operator_v3 to 2023-12-01T08:24:00+00:00, run_after=2023-12-01T08:25:00+00:00
[2023-12-01T08:25:28.491+0000] {processor.py:179} INFO - Processing /home/airflow/.local/lib/python3.8/site-packages/airflow/example_dags/example_branch_python_dop_operator_3.py took 0.051 seconds
[2023-12-01T09:26:34.541+0000] {processor.py:157} INFO - Started process (PID=45886) to work on /home/airflow/.local/lib/python3.8/site-packages/airflow/example_dags/example_branch_python_dop_operator_3.py
[2023-12-01T09:26:34.542+0000] {processor.py:829} INFO - Processing file /home/airflow/.local/lib/python3.8/site-packages/airflow/example_dags/example_branch_python_dop_operator_3.py for tasks to queue
[2023-12-01T09:26:34.544+0000] {logging_mixin.py:151} INFO - [2023-12-01T09:26:34.544+0000] {dagbag.py:539} INFO - Filling up the DagBag from /home/airflow/.local/lib/python3.8/site-packages/airflow/example_dags/example_branch_python_dop_operator_3.py
[2023-12-01T09:26:34.562+0000] {processor.py:839} INFO - DAG(s) dict_keys(['example_branch_dop_operator_v3']) retrieved from /home/airflow/.local/lib/python3.8/site-packages/airflow/example_dags/example_branch_python_dop_operator_3.py
[2023-12-01T09:26:34.582+0000] {logging_mixin.py:151} INFO - [2023-12-01T09:26:34.582+0000] {dag.py:2915} INFO - Sync 1 DAGs
[2023-12-01T09:26:34.611+0000] {logging_mixin.py:151} INFO - [2023-12-01T09:26:34.611+0000] {dag.py:3696} INFO - Setting next_dagrun for example_branch_dop_operator_v3 to 2023-12-01T09:25:00+00:00, run_after=2023-12-01T09:26:00+00:00
[2023-12-01T09:26:34.631+0000] {processor.py:179} INFO - Processing /home/airflow/.local/lib/python3.8/site-packages/airflow/example_dags/example_branch_python_dop_operator_3.py took 0.094 seconds
[2023-12-01T10:22:11.892+0000] {processor.py:157} INFO - Started process (PID=45940) to work on /home/airflow/.local/lib/python3.8/site-packages/airflow/example_dags/example_branch_python_dop_operator_3.py
[2023-12-01T10:22:11.894+0000] {processor.py:829} INFO - Processing file /home/airflow/.local/lib/python3.8/site-packages/airflow/example_dags/example_branch_python_dop_operator_3.py for tasks to queue
[2023-12-01T10:22:11.898+0000] {logging_mixin.py:151} INFO - [2023-12-01T10:22:11.898+0000] {dagbag.py:539} INFO - Filling up the DagBag from /home/airflow/.local/lib/python3.8/site-packages/airflow/example_dags/example_branch_python_dop_operator_3.py
[2023-12-01T10:22:11.913+0000] {processor.py:839} INFO - DAG(s) dict_keys(['example_branch_dop_operator_v3']) retrieved from /home/airflow/.local/lib/python3.8/site-packages/airflow/example_dags/example_branch_python_dop_operator_3.py
[2023-12-01T10:22:11.932+0000] {logging_mixin.py:151} INFO - [2023-12-01T10:22:11.932+0000] {dag.py:2915} INFO - Sync 1 DAGs
[2023-12-01T10:22:11.948+0000] {logging_mixin.py:151} INFO - [2023-12-01T10:22:11.948+0000] {dag.py:3696} INFO - Setting next_dagrun for example_branch_dop_operator_v3 to 2023-12-01T10:21:00+00:00, run_after=2023-12-01T10:22:00+00:00
[2023-12-01T10:22:11.957+0000] {processor.py:179} INFO - Processing /home/airflow/.local/lib/python3.8/site-packages/airflow/example_dags/example_branch_python_dop_operator_3.py took 0.068 seconds
[2023-12-01T10:50:47.522+0000] {processor.py:157} INFO - Started process (PID=45994) to work on /home/airflow/.local/lib/python3.8/site-packages/airflow/example_dags/example_branch_python_dop_operator_3.py
[2023-12-01T10:50:47.523+0000] {processor.py:829} INFO - Processing file /home/airflow/.local/lib/python3.8/site-packages/airflow/example_dags/example_branch_python_dop_operator_3.py for tasks to queue
[2023-12-01T10:50:47.525+0000] {logging_mixin.py:151} INFO - [2023-12-01T10:50:47.524+0000] {dagbag.py:539} INFO - Filling up the DagBag from /home/airflow/.local/lib/python3.8/site-packages/airflow/example_dags/example_branch_python_dop_operator_3.py
[2023-12-01T10:50:47.533+0000] {processor.py:839} INFO - DAG(s) dict_keys(['example_branch_dop_operator_v3']) retrieved from /home/airflow/.local/lib/python3.8/site-packages/airflow/example_dags/example_branch_python_dop_operator_3.py
[2023-12-01T10:50:47.555+0000] {logging_mixin.py:151} INFO - [2023-12-01T10:50:47.555+0000] {dag.py:2915} INFO - Sync 1 DAGs
[2023-12-01T10:50:47.572+0000] {logging_mixin.py:151} INFO - [2023-12-01T10:50:47.572+0000] {dag.py:3696} INFO - Setting next_dagrun for example_branch_dop_operator_v3 to 2023-12-01T10:49:00+00:00, run_after=2023-12-01T10:50:00+00:00
[2023-12-01T10:50:47.584+0000] {processor.py:179} INFO - Processing /home/airflow/.local/lib/python3.8/site-packages/airflow/example_dags/example_branch_python_dop_operator_3.py took 0.065 seconds
[2023-12-01T10:51:18.554+0000] {processor.py:157} INFO - Started process (PID=46048) to work on /home/airflow/.local/lib/python3.8/site-packages/airflow/example_dags/example_branch_python_dop_operator_3.py
[2023-12-01T10:51:18.556+0000] {processor.py:829} INFO - Processing file /home/airflow/.local/lib/python3.8/site-packages/airflow/example_dags/example_branch_python_dop_operator_3.py for tasks to queue
[2023-12-01T10:51:18.559+0000] {logging_mixin.py:151} INFO - [2023-12-01T10:51:18.559+0000] {dagbag.py:539} INFO - Filling up the DagBag from /home/airflow/.local/lib/python3.8/site-packages/airflow/example_dags/example_branch_python_dop_operator_3.py
[2023-12-01T10:51:18.572+0000] {processor.py:839} INFO - DAG(s) dict_keys(['example_branch_dop_operator_v3']) retrieved from /home/airflow/.local/lib/python3.8/site-packages/airflow/example_dags/example_branch_python_dop_operator_3.py
[2023-12-01T10:51:18.600+0000] {logging_mixin.py:151} INFO - [2023-12-01T10:51:18.599+0000] {dag.py:2915} INFO - Sync 1 DAGs
[2023-12-01T10:51:18.626+0000] {logging_mixin.py:151} INFO - [2023-12-01T10:51:18.625+0000] {dag.py:3696} INFO - Setting next_dagrun for example_branch_dop_operator_v3 to 2023-12-01T10:50:00+00:00, run_after=2023-12-01T10:51:00+00:00
[2023-12-01T10:51:18.640+0000] {processor.py:179} INFO - Processing /home/airflow/.local/lib/python3.8/site-packages/airflow/example_dags/example_branch_python_dop_operator_3.py took 0.092 seconds
[2023-12-01T11:15:11.637+0000] {processor.py:157} INFO - Started process (PID=46102) to work on /home/airflow/.local/lib/python3.8/site-packages/airflow/example_dags/example_branch_python_dop_operator_3.py
[2023-12-01T11:15:11.637+0000] {processor.py:829} INFO - Processing file /home/airflow/.local/lib/python3.8/site-packages/airflow/example_dags/example_branch_python_dop_operator_3.py for tasks to queue
[2023-12-01T11:15:11.639+0000] {logging_mixin.py:151} INFO - [2023-12-01T11:15:11.639+0000] {dagbag.py:539} INFO - Filling up the DagBag from /home/airflow/.local/lib/python3.8/site-packages/airflow/example_dags/example_branch_python_dop_operator_3.py
[2023-12-01T11:15:11.646+0000] {processor.py:839} INFO - DAG(s) dict_keys(['example_branch_dop_operator_v3']) retrieved from /home/airflow/.local/lib/python3.8/site-packages/airflow/example_dags/example_branch_python_dop_operator_3.py
[2023-12-01T11:15:11.660+0000] {logging_mixin.py:151} INFO - [2023-12-01T11:15:11.660+0000] {dag.py:2915} INFO - Sync 1 DAGs
[2023-12-01T11:15:11.674+0000] {logging_mixin.py:151} INFO - [2023-12-01T11:15:11.674+0000] {dag.py:3696} INFO - Setting next_dagrun for example_branch_dop_operator_v3 to 2023-12-01T11:14:00+00:00, run_after=2023-12-01T11:15:00+00:00
[2023-12-01T11:15:11.683+0000] {processor.py:179} INFO - Processing /home/airflow/.local/lib/python3.8/site-packages/airflow/example_dags/example_branch_python_dop_operator_3.py took 0.049 seconds
[2023-12-01T11:28:39.790+0000] {processor.py:157} INFO - Started process (PID=46156) to work on /home/airflow/.local/lib/python3.8/site-packages/airflow/example_dags/example_branch_python_dop_operator_3.py
[2023-12-01T11:28:39.792+0000] {processor.py:829} INFO - Processing file /home/airflow/.local/lib/python3.8/site-packages/airflow/example_dags/example_branch_python_dop_operator_3.py for tasks to queue
[2023-12-01T11:28:39.794+0000] {logging_mixin.py:151} INFO - [2023-12-01T11:28:39.793+0000] {dagbag.py:539} INFO - Filling up the DagBag from /home/airflow/.local/lib/python3.8/site-packages/airflow/example_dags/example_branch_python_dop_operator_3.py
[2023-12-01T11:28:39.804+0000] {processor.py:839} INFO - DAG(s) dict_keys(['example_branch_dop_operator_v3']) retrieved from /home/airflow/.local/lib/python3.8/site-packages/airflow/example_dags/example_branch_python_dop_operator_3.py
[2023-12-01T11:28:39.818+0000] {logging_mixin.py:151} INFO - [2023-12-01T11:28:39.818+0000] {dag.py:2915} INFO - Sync 1 DAGs
[2023-12-01T11:28:39.835+0000] {logging_mixin.py:151} INFO - [2023-12-01T11:28:39.835+0000] {dag.py:3696} INFO - Setting next_dagrun for example_branch_dop_operator_v3 to 2023-12-01T11:27:00+00:00, run_after=2023-12-01T11:28:00+00:00
[2023-12-01T11:28:39.845+0000] {processor.py:179} INFO - Processing /home/airflow/.local/lib/python3.8/site-packages/airflow/example_dags/example_branch_python_dop_operator_3.py took 0.065 seconds
[2023-12-01T11:49:02.182+0000] {processor.py:157} INFO - Started process (PID=46210) to work on /home/airflow/.local/lib/python3.8/site-packages/airflow/example_dags/example_branch_python_dop_operator_3.py
[2023-12-01T11:49:02.183+0000] {processor.py:829} INFO - Processing file /home/airflow/.local/lib/python3.8/site-packages/airflow/example_dags/example_branch_python_dop_operator_3.py for tasks to queue
[2023-12-01T11:49:02.186+0000] {logging_mixin.py:151} INFO - [2023-12-01T11:49:02.185+0000] {dagbag.py:539} INFO - Filling up the DagBag from /home/airflow/.local/lib/python3.8/site-packages/airflow/example_dags/example_branch_python_dop_operator_3.py
[2023-12-01T11:49:02.197+0000] {processor.py:839} INFO - DAG(s) dict_keys(['example_branch_dop_operator_v3']) retrieved from /home/airflow/.local/lib/python3.8/site-packages/airflow/example_dags/example_branch_python_dop_operator_3.py
[2023-12-01T11:49:02.225+0000] {logging_mixin.py:151} INFO - [2023-12-01T11:49:02.224+0000] {dag.py:2915} INFO - Sync 1 DAGs
[2023-12-01T11:49:02.271+0000] {logging_mixin.py:151} INFO - [2023-12-01T11:49:02.270+0000] {dag.py:3696} INFO - Setting next_dagrun for example_branch_dop_operator_v3 to 2023-12-01T11:48:00+00:00, run_after=2023-12-01T11:49:00+00:00
[2023-12-01T11:49:02.305+0000] {processor.py:179} INFO - Processing /home/airflow/.local/lib/python3.8/site-packages/airflow/example_dags/example_branch_python_dop_operator_3.py took 0.127 seconds
[2023-12-01T11:49:33.261+0000] {processor.py:157} INFO - Started process (PID=46265) to work on /home/airflow/.local/lib/python3.8/site-packages/airflow/example_dags/example_branch_python_dop_operator_3.py
[2023-12-01T11:49:33.262+0000] {processor.py:829} INFO - Processing file /home/airflow/.local/lib/python3.8/site-packages/airflow/example_dags/example_branch_python_dop_operator_3.py for tasks to queue
[2023-12-01T11:49:33.264+0000] {logging_mixin.py:151} INFO - [2023-12-01T11:49:33.264+0000] {dagbag.py:539} INFO - Filling up the DagBag from /home/airflow/.local/lib/python3.8/site-packages/airflow/example_dags/example_branch_python_dop_operator_3.py
[2023-12-01T11:49:33.276+0000] {processor.py:839} INFO - DAG(s) dict_keys(['example_branch_dop_operator_v3']) retrieved from /home/airflow/.local/lib/python3.8/site-packages/airflow/example_dags/example_branch_python_dop_operator_3.py
[2023-12-01T11:49:33.298+0000] {logging_mixin.py:151} INFO - [2023-12-01T11:49:33.298+0000] {dag.py:2915} INFO - Sync 1 DAGs
[2023-12-01T11:49:33.338+0000] {logging_mixin.py:151} INFO - [2023-12-01T11:49:33.337+0000] {dag.py:3696} INFO - Setting next_dagrun for example_branch_dop_operator_v3 to 2023-12-01T11:48:00+00:00, run_after=2023-12-01T11:49:00+00:00
[2023-12-01T11:49:33.354+0000] {processor.py:179} INFO - Processing /home/airflow/.local/lib/python3.8/site-packages/airflow/example_dags/example_branch_python_dop_operator_3.py took 0.097 seconds
[2023-12-01T11:50:03.386+0000] {processor.py:157} INFO - Started process (PID=46318) to work on /home/airflow/.local/lib/python3.8/site-packages/airflow/example_dags/example_branch_python_dop_operator_3.py
[2023-12-01T11:50:03.387+0000] {processor.py:829} INFO - Processing file /home/airflow/.local/lib/python3.8/site-packages/airflow/example_dags/example_branch_python_dop_operator_3.py for tasks to queue
[2023-12-01T11:50:03.390+0000] {logging_mixin.py:151} INFO - [2023-12-01T11:50:03.390+0000] {dagbag.py:539} INFO - Filling up the DagBag from /home/airflow/.local/lib/python3.8/site-packages/airflow/example_dags/example_branch_python_dop_operator_3.py
[2023-12-01T11:50:03.402+0000] {processor.py:839} INFO - DAG(s) dict_keys(['example_branch_dop_operator_v3']) retrieved from /home/airflow/.local/lib/python3.8/site-packages/airflow/example_dags/example_branch_python_dop_operator_3.py
[2023-12-01T11:50:03.416+0000] {logging_mixin.py:151} INFO - [2023-12-01T11:50:03.416+0000] {dag.py:2915} INFO - Sync 1 DAGs
[2023-12-01T11:50:03.430+0000] {logging_mixin.py:151} INFO - [2023-12-01T11:50:03.430+0000] {dag.py:3696} INFO - Setting next_dagrun for example_branch_dop_operator_v3 to 2023-12-01T11:49:00+00:00, run_after=2023-12-01T11:50:00+00:00
[2023-12-01T11:50:03.441+0000] {processor.py:179} INFO - Processing /home/airflow/.local/lib/python3.8/site-packages/airflow/example_dags/example_branch_python_dop_operator_3.py took 0.059 seconds
[2023-12-01T11:50:33.510+0000] {processor.py:157} INFO - Started process (PID=46373) to work on /home/airflow/.local/lib/python3.8/site-packages/airflow/example_dags/example_branch_python_dop_operator_3.py
[2023-12-01T11:50:33.511+0000] {processor.py:829} INFO - Processing file /home/airflow/.local/lib/python3.8/site-packages/airflow/example_dags/example_branch_python_dop_operator_3.py for tasks to queue
[2023-12-01T11:50:33.515+0000] {logging_mixin.py:151} INFO - [2023-12-01T11:50:33.514+0000] {dagbag.py:539} INFO - Filling up the DagBag from /home/airflow/.local/lib/python3.8/site-packages/airflow/example_dags/example_branch_python_dop_operator_3.py
[2023-12-01T11:50:33.530+0000] {processor.py:839} INFO - DAG(s) dict_keys(['example_branch_dop_operator_v3']) retrieved from /home/airflow/.local/lib/python3.8/site-packages/airflow/example_dags/example_branch_python_dop_operator_3.py
[2023-12-01T11:50:33.549+0000] {logging_mixin.py:151} INFO - [2023-12-01T11:50:33.549+0000] {dag.py:2915} INFO - Sync 1 DAGs
[2023-12-01T11:50:33.567+0000] {logging_mixin.py:151} INFO - [2023-12-01T11:50:33.567+0000] {dag.py:3696} INFO - Setting next_dagrun for example_branch_dop_operator_v3 to 2023-12-01T11:49:00+00:00, run_after=2023-12-01T11:50:00+00:00
[2023-12-01T11:50:33.577+0000] {processor.py:179} INFO - Processing /home/airflow/.local/lib/python3.8/site-packages/airflow/example_dags/example_branch_python_dop_operator_3.py took 0.071 seconds
[2023-12-01T11:51:04.371+0000] {processor.py:157} INFO - Started process (PID=46427) to work on /home/airflow/.local/lib/python3.8/site-packages/airflow/example_dags/example_branch_python_dop_operator_3.py
[2023-12-01T11:51:04.372+0000] {processor.py:829} INFO - Processing file /home/airflow/.local/lib/python3.8/site-packages/airflow/example_dags/example_branch_python_dop_operator_3.py for tasks to queue
[2023-12-01T11:51:04.376+0000] {logging_mixin.py:151} INFO - [2023-12-01T11:51:04.376+0000] {dagbag.py:539} INFO - Filling up the DagBag from /home/airflow/.local/lib/python3.8/site-packages/airflow/example_dags/example_branch_python_dop_operator_3.py
[2023-12-01T11:51:04.391+0000] {processor.py:839} INFO - DAG(s) dict_keys(['example_branch_dop_operator_v3']) retrieved from /home/airflow/.local/lib/python3.8/site-packages/airflow/example_dags/example_branch_python_dop_operator_3.py
[2023-12-01T11:51:04.407+0000] {logging_mixin.py:151} INFO - [2023-12-01T11:51:04.406+0000] {dag.py:2915} INFO - Sync 1 DAGs
[2023-12-01T11:51:04.432+0000] {logging_mixin.py:151} INFO - [2023-12-01T11:51:04.432+0000] {dag.py:3696} INFO - Setting next_dagrun for example_branch_dop_operator_v3 to 2023-12-01T11:50:00+00:00, run_after=2023-12-01T11:51:00+00:00
[2023-12-01T11:51:04.445+0000] {processor.py:179} INFO - Processing /home/airflow/.local/lib/python3.8/site-packages/airflow/example_dags/example_branch_python_dop_operator_3.py took 0.081 seconds
[2023-12-01T11:51:35.103+0000] {processor.py:157} INFO - Started process (PID=46481) to work on /home/airflow/.local/lib/python3.8/site-packages/airflow/example_dags/example_branch_python_dop_operator_3.py
[2023-12-01T11:51:35.105+0000] {processor.py:829} INFO - Processing file /home/airflow/.local/lib/python3.8/site-packages/airflow/example_dags/example_branch_python_dop_operator_3.py for tasks to queue
[2023-12-01T11:51:35.109+0000] {logging_mixin.py:151} INFO - [2023-12-01T11:51:35.108+0000] {dagbag.py:539} INFO - Filling up the DagBag from /home/airflow/.local/lib/python3.8/site-packages/airflow/example_dags/example_branch_python_dop_operator_3.py
[2023-12-01T11:51:35.121+0000] {processor.py:839} INFO - DAG(s) dict_keys(['example_branch_dop_operator_v3']) retrieved from /home/airflow/.local/lib/python3.8/site-packages/airflow/example_dags/example_branch_python_dop_operator_3.py
[2023-12-01T11:51:35.139+0000] {logging_mixin.py:151} INFO - [2023-12-01T11:51:35.139+0000] {dag.py:2915} INFO - Sync 1 DAGs
[2023-12-01T11:51:35.157+0000] {logging_mixin.py:151} INFO - [2023-12-01T11:51:35.157+0000] {dag.py:3696} INFO - Setting next_dagrun for example_branch_dop_operator_v3 to 2023-12-01T11:50:00+00:00, run_after=2023-12-01T11:51:00+00:00
[2023-12-01T11:51:35.168+0000] {processor.py:179} INFO - Processing /home/airflow/.local/lib/python3.8/site-packages/airflow/example_dags/example_branch_python_dop_operator_3.py took 0.071 seconds
[2023-12-01T11:52:05.329+0000] {processor.py:157} INFO - Started process (PID=46535) to work on /home/airflow/.local/lib/python3.8/site-packages/airflow/example_dags/example_branch_python_dop_operator_3.py
[2023-12-01T11:52:05.330+0000] {processor.py:829} INFO - Processing file /home/airflow/.local/lib/python3.8/site-packages/airflow/example_dags/example_branch_python_dop_operator_3.py for tasks to queue
[2023-12-01T11:52:05.333+0000] {logging_mixin.py:151} INFO - [2023-12-01T11:52:05.333+0000] {dagbag.py:539} INFO - Filling up the DagBag from /home/airflow/.local/lib/python3.8/site-packages/airflow/example_dags/example_branch_python_dop_operator_3.py
[2023-12-01T11:52:05.341+0000] {processor.py:839} INFO - DAG(s) dict_keys(['example_branch_dop_operator_v3']) retrieved from /home/airflow/.local/lib/python3.8/site-packages/airflow/example_dags/example_branch_python_dop_operator_3.py
[2023-12-01T11:52:05.356+0000] {logging_mixin.py:151} INFO - [2023-12-01T11:52:05.355+0000] {dag.py:2915} INFO - Sync 1 DAGs
[2023-12-01T11:52:05.371+0000] {logging_mixin.py:151} INFO - [2023-12-01T11:52:05.371+0000] {dag.py:3696} INFO - Setting next_dagrun for example_branch_dop_operator_v3 to 2023-12-01T11:51:00+00:00, run_after=2023-12-01T11:52:00+00:00
[2023-12-01T11:52:05.381+0000] {processor.py:179} INFO - Processing /home/airflow/.local/lib/python3.8/site-packages/airflow/example_dags/example_branch_python_dop_operator_3.py took 0.058 seconds
[2023-12-01T11:52:38.652+0000] {processor.py:157} INFO - Started process (PID=46589) to work on /home/airflow/.local/lib/python3.8/site-packages/airflow/example_dags/example_branch_python_dop_operator_3.py
[2023-12-01T11:52:38.659+0000] {processor.py:829} INFO - Processing file /home/airflow/.local/lib/python3.8/site-packages/airflow/example_dags/example_branch_python_dop_operator_3.py for tasks to queue
[2023-12-01T11:52:38.672+0000] {logging_mixin.py:151} INFO - [2023-12-01T11:52:38.671+0000] {dagbag.py:539} INFO - Filling up the DagBag from /home/airflow/.local/lib/python3.8/site-packages/airflow/example_dags/example_branch_python_dop_operator_3.py
[2023-12-01T11:52:38.729+0000] {processor.py:839} INFO - DAG(s) dict_keys(['example_branch_dop_operator_v3']) retrieved from /home/airflow/.local/lib/python3.8/site-packages/airflow/example_dags/example_branch_python_dop_operator_3.py
[2023-12-01T11:52:38.856+0000] {logging_mixin.py:151} INFO - [2023-12-01T11:52:38.856+0000] {dag.py:2915} INFO - Sync 1 DAGs
[2023-12-01T11:52:38.933+0000] {logging_mixin.py:151} INFO - [2023-12-01T11:52:38.933+0000] {dag.py:3696} INFO - Setting next_dagrun for example_branch_dop_operator_v3 to 2023-12-01T11:51:00+00:00, run_after=2023-12-01T11:52:00+00:00
[2023-12-01T11:52:39.003+0000] {processor.py:179} INFO - Processing /home/airflow/.local/lib/python3.8/site-packages/airflow/example_dags/example_branch_python_dop_operator_3.py took 0.375 seconds
[2023-12-01T11:53:09.566+0000] {processor.py:157} INFO - Started process (PID=46643) to work on /home/airflow/.local/lib/python3.8/site-packages/airflow/example_dags/example_branch_python_dop_operator_3.py
[2023-12-01T11:53:09.568+0000] {processor.py:829} INFO - Processing file /home/airflow/.local/lib/python3.8/site-packages/airflow/example_dags/example_branch_python_dop_operator_3.py for tasks to queue
[2023-12-01T11:53:09.570+0000] {logging_mixin.py:151} INFO - [2023-12-01T11:53:09.570+0000] {dagbag.py:539} INFO - Filling up the DagBag from /home/airflow/.local/lib/python3.8/site-packages/airflow/example_dags/example_branch_python_dop_operator_3.py
[2023-12-01T11:53:09.579+0000] {processor.py:839} INFO - DAG(s) dict_keys(['example_branch_dop_operator_v3']) retrieved from /home/airflow/.local/lib/python3.8/site-packages/airflow/example_dags/example_branch_python_dop_operator_3.py
[2023-12-01T11:53:09.594+0000] {logging_mixin.py:151} INFO - [2023-12-01T11:53:09.594+0000] {dag.py:2915} INFO - Sync 1 DAGs
[2023-12-01T11:53:09.609+0000] {logging_mixin.py:151} INFO - [2023-12-01T11:53:09.609+0000] {dag.py:3696} INFO - Setting next_dagrun for example_branch_dop_operator_v3 to 2023-12-01T11:52:00+00:00, run_after=2023-12-01T11:53:00+00:00
[2023-12-01T11:53:09.618+0000] {processor.py:179} INFO - Processing /home/airflow/.local/lib/python3.8/site-packages/airflow/example_dags/example_branch_python_dop_operator_3.py took 0.056 seconds
[2023-12-01T11:53:40.454+0000] {processor.py:157} INFO - Started process (PID=46697) to work on /home/airflow/.local/lib/python3.8/site-packages/airflow/example_dags/example_branch_python_dop_operator_3.py
[2023-12-01T11:53:40.456+0000] {processor.py:829} INFO - Processing file /home/airflow/.local/lib/python3.8/site-packages/airflow/example_dags/example_branch_python_dop_operator_3.py for tasks to queue
[2023-12-01T11:53:40.460+0000] {logging_mixin.py:151} INFO - [2023-12-01T11:53:40.460+0000] {dagbag.py:539} INFO - Filling up the DagBag from /home/airflow/.local/lib/python3.8/site-packages/airflow/example_dags/example_branch_python_dop_operator_3.py
[2023-12-01T11:53:40.492+0000] {processor.py:839} INFO - DAG(s) dict_keys(['example_branch_dop_operator_v3']) retrieved from /home/airflow/.local/lib/python3.8/site-packages/airflow/example_dags/example_branch_python_dop_operator_3.py
[2023-12-01T11:53:40.527+0000] {logging_mixin.py:151} INFO - [2023-12-01T11:53:40.526+0000] {dag.py:2915} INFO - Sync 1 DAGs
[2023-12-01T11:53:40.563+0000] {logging_mixin.py:151} INFO - [2023-12-01T11:53:40.563+0000] {dag.py:3696} INFO - Setting next_dagrun for example_branch_dop_operator_v3 to 2023-12-01T11:52:00+00:00, run_after=2023-12-01T11:53:00+00:00
[2023-12-01T11:53:40.584+0000] {processor.py:179} INFO - Processing /home/airflow/.local/lib/python3.8/site-packages/airflow/example_dags/example_branch_python_dop_operator_3.py took 0.139 seconds
[2023-12-01T11:54:10.756+0000] {processor.py:157} INFO - Started process (PID=46751) to work on /home/airflow/.local/lib/python3.8/site-packages/airflow/example_dags/example_branch_python_dop_operator_3.py
[2023-12-01T11:54:10.757+0000] {processor.py:829} INFO - Processing file /home/airflow/.local/lib/python3.8/site-packages/airflow/example_dags/example_branch_python_dop_operator_3.py for tasks to queue
[2023-12-01T11:54:10.759+0000] {logging_mixin.py:151} INFO - [2023-12-01T11:54:10.759+0000] {dagbag.py:539} INFO - Filling up the DagBag from /home/airflow/.local/lib/python3.8/site-packages/airflow/example_dags/example_branch_python_dop_operator_3.py
[2023-12-01T11:54:10.770+0000] {processor.py:839} INFO - DAG(s) dict_keys(['example_branch_dop_operator_v3']) retrieved from /home/airflow/.local/lib/python3.8/site-packages/airflow/example_dags/example_branch_python_dop_operator_3.py
[2023-12-01T11:54:10.787+0000] {logging_mixin.py:151} INFO - [2023-12-01T11:54:10.787+0000] {dag.py:2915} INFO - Sync 1 DAGs
[2023-12-01T11:54:10.810+0000] {logging_mixin.py:151} INFO - [2023-12-01T11:54:10.810+0000] {dag.py:3696} INFO - Setting next_dagrun for example_branch_dop_operator_v3 to 2023-12-01T11:53:00+00:00, run_after=2023-12-01T11:54:00+00:00
[2023-12-01T11:54:10.822+0000] {processor.py:179} INFO - Processing /home/airflow/.local/lib/python3.8/site-packages/airflow/example_dags/example_branch_python_dop_operator_3.py took 0.069 seconds
[2023-12-01T11:54:41.210+0000] {processor.py:157} INFO - Started process (PID=46805) to work on /home/airflow/.local/lib/python3.8/site-packages/airflow/example_dags/example_branch_python_dop_operator_3.py
[2023-12-01T11:54:41.211+0000] {processor.py:829} INFO - Processing file /home/airflow/.local/lib/python3.8/site-packages/airflow/example_dags/example_branch_python_dop_operator_3.py for tasks to queue
[2023-12-01T11:54:41.214+0000] {logging_mixin.py:151} INFO - [2023-12-01T11:54:41.214+0000] {dagbag.py:539} INFO - Filling up the DagBag from /home/airflow/.local/lib/python3.8/site-packages/airflow/example_dags/example_branch_python_dop_operator_3.py
[2023-12-01T11:54:41.229+0000] {processor.py:839} INFO - DAG(s) dict_keys(['example_branch_dop_operator_v3']) retrieved from /home/airflow/.local/lib/python3.8/site-packages/airflow/example_dags/example_branch_python_dop_operator_3.py
[2023-12-01T11:54:41.267+0000] {logging_mixin.py:151} INFO - [2023-12-01T11:54:41.267+0000] {dag.py:2915} INFO - Sync 1 DAGs
[2023-12-01T11:54:41.289+0000] {logging_mixin.py:151} INFO - [2023-12-01T11:54:41.289+0000] {dag.py:3696} INFO - Setting next_dagrun for example_branch_dop_operator_v3 to 2023-12-01T11:53:00+00:00, run_after=2023-12-01T11:54:00+00:00
[2023-12-01T11:54:41.302+0000] {processor.py:179} INFO - Processing /home/airflow/.local/lib/python3.8/site-packages/airflow/example_dags/example_branch_python_dop_operator_3.py took 0.098 seconds
[2023-12-01T11:55:11.593+0000] {processor.py:157} INFO - Started process (PID=46858) to work on /home/airflow/.local/lib/python3.8/site-packages/airflow/example_dags/example_branch_python_dop_operator_3.py
[2023-12-01T11:55:11.595+0000] {processor.py:829} INFO - Processing file /home/airflow/.local/lib/python3.8/site-packages/airflow/example_dags/example_branch_python_dop_operator_3.py for tasks to queue
[2023-12-01T11:55:11.597+0000] {logging_mixin.py:151} INFO - [2023-12-01T11:55:11.597+0000] {dagbag.py:539} INFO - Filling up the DagBag from /home/airflow/.local/lib/python3.8/site-packages/airflow/example_dags/example_branch_python_dop_operator_3.py
[2023-12-01T11:55:11.611+0000] {processor.py:839} INFO - DAG(s) dict_keys(['example_branch_dop_operator_v3']) retrieved from /home/airflow/.local/lib/python3.8/site-packages/airflow/example_dags/example_branch_python_dop_operator_3.py
[2023-12-01T11:55:11.634+0000] {logging_mixin.py:151} INFO - [2023-12-01T11:55:11.634+0000] {dag.py:2915} INFO - Sync 1 DAGs
[2023-12-01T11:55:11.668+0000] {logging_mixin.py:151} INFO - [2023-12-01T11:55:11.668+0000] {dag.py:3696} INFO - Setting next_dagrun for example_branch_dop_operator_v3 to 2023-12-01T11:54:00+00:00, run_after=2023-12-01T11:55:00+00:00
[2023-12-01T11:55:11.682+0000] {processor.py:179} INFO - Processing /home/airflow/.local/lib/python3.8/site-packages/airflow/example_dags/example_branch_python_dop_operator_3.py took 0.092 seconds
[2023-12-01T11:55:42.220+0000] {processor.py:157} INFO - Started process (PID=46912) to work on /home/airflow/.local/lib/python3.8/site-packages/airflow/example_dags/example_branch_python_dop_operator_3.py
[2023-12-01T11:55:42.221+0000] {processor.py:829} INFO - Processing file /home/airflow/.local/lib/python3.8/site-packages/airflow/example_dags/example_branch_python_dop_operator_3.py for tasks to queue
[2023-12-01T11:55:42.223+0000] {logging_mixin.py:151} INFO - [2023-12-01T11:55:42.223+0000] {dagbag.py:539} INFO - Filling up the DagBag from /home/airflow/.local/lib/python3.8/site-packages/airflow/example_dags/example_branch_python_dop_operator_3.py
[2023-12-01T11:55:42.240+0000] {processor.py:839} INFO - DAG(s) dict_keys(['example_branch_dop_operator_v3']) retrieved from /home/airflow/.local/lib/python3.8/site-packages/airflow/example_dags/example_branch_python_dop_operator_3.py
[2023-12-01T11:55:42.257+0000] {logging_mixin.py:151} INFO - [2023-12-01T11:55:42.257+0000] {dag.py:2915} INFO - Sync 1 DAGs
[2023-12-01T11:55:42.274+0000] {logging_mixin.py:151} INFO - [2023-12-01T11:55:42.273+0000] {dag.py:3696} INFO - Setting next_dagrun for example_branch_dop_operator_v3 to 2023-12-01T11:54:00+00:00, run_after=2023-12-01T11:55:00+00:00
[2023-12-01T11:55:42.285+0000] {processor.py:179} INFO - Processing /home/airflow/.local/lib/python3.8/site-packages/airflow/example_dags/example_branch_python_dop_operator_3.py took 0.068 seconds
[2023-12-01T11:56:12.798+0000] {processor.py:157} INFO - Started process (PID=46966) to work on /home/airflow/.local/lib/python3.8/site-packages/airflow/example_dags/example_branch_python_dop_operator_3.py
[2023-12-01T11:56:12.804+0000] {processor.py:829} INFO - Processing file /home/airflow/.local/lib/python3.8/site-packages/airflow/example_dags/example_branch_python_dop_operator_3.py for tasks to queue
[2023-12-01T11:56:12.813+0000] {logging_mixin.py:151} INFO - [2023-12-01T11:56:12.812+0000] {dagbag.py:539} INFO - Filling up the DagBag from /home/airflow/.local/lib/python3.8/site-packages/airflow/example_dags/example_branch_python_dop_operator_3.py
[2023-12-01T11:56:12.832+0000] {processor.py:839} INFO - DAG(s) dict_keys(['example_branch_dop_operator_v3']) retrieved from /home/airflow/.local/lib/python3.8/site-packages/airflow/example_dags/example_branch_python_dop_operator_3.py
[2023-12-01T11:56:12.864+0000] {logging_mixin.py:151} INFO - [2023-12-01T11:56:12.864+0000] {dag.py:2915} INFO - Sync 1 DAGs
[2023-12-01T11:56:12.896+0000] {logging_mixin.py:151} INFO - [2023-12-01T11:56:12.896+0000] {dag.py:3696} INFO - Setting next_dagrun for example_branch_dop_operator_v3 to 2023-12-01T11:55:00+00:00, run_after=2023-12-01T11:56:00+00:00
[2023-12-01T11:56:12.907+0000] {processor.py:179} INFO - Processing /home/airflow/.local/lib/python3.8/site-packages/airflow/example_dags/example_branch_python_dop_operator_3.py took 0.117 seconds
[2023-12-01T12:09:25.352+0000] {processor.py:157} INFO - Started process (PID=47015) to work on /home/airflow/.local/lib/python3.8/site-packages/airflow/example_dags/example_branch_python_dop_operator_3.py
[2023-12-01T12:09:25.353+0000] {processor.py:829} INFO - Processing file /home/airflow/.local/lib/python3.8/site-packages/airflow/example_dags/example_branch_python_dop_operator_3.py for tasks to queue
[2023-12-01T12:09:25.356+0000] {logging_mixin.py:151} INFO - [2023-12-01T12:09:25.356+0000] {dagbag.py:539} INFO - Filling up the DagBag from /home/airflow/.local/lib/python3.8/site-packages/airflow/example_dags/example_branch_python_dop_operator_3.py
[2023-12-01T12:09:25.373+0000] {processor.py:839} INFO - DAG(s) dict_keys(['example_branch_dop_operator_v3']) retrieved from /home/airflow/.local/lib/python3.8/site-packages/airflow/example_dags/example_branch_python_dop_operator_3.py
[2023-12-01T12:09:25.393+0000] {logging_mixin.py:151} INFO - [2023-12-01T12:09:25.392+0000] {dag.py:2915} INFO - Sync 1 DAGs
[2023-12-01T12:09:25.411+0000] {logging_mixin.py:151} INFO - [2023-12-01T12:09:25.411+0000] {dag.py:3696} INFO - Setting next_dagrun for example_branch_dop_operator_v3 to 2023-12-01T12:08:00+00:00, run_after=2023-12-01T12:09:00+00:00
[2023-12-01T12:09:25.443+0000] {processor.py:179} INFO - Processing /home/airflow/.local/lib/python3.8/site-packages/airflow/example_dags/example_branch_python_dop_operator_3.py took 0.094 seconds
[2023-12-01T12:43:13.014+0000] {processor.py:157} INFO - Started process (PID=47069) to work on /home/airflow/.local/lib/python3.8/site-packages/airflow/example_dags/example_branch_python_dop_operator_3.py
[2023-12-01T12:43:13.015+0000] {processor.py:829} INFO - Processing file /home/airflow/.local/lib/python3.8/site-packages/airflow/example_dags/example_branch_python_dop_operator_3.py for tasks to queue
[2023-12-01T12:43:13.016+0000] {logging_mixin.py:151} INFO - [2023-12-01T12:43:13.016+0000] {dagbag.py:539} INFO - Filling up the DagBag from /home/airflow/.local/lib/python3.8/site-packages/airflow/example_dags/example_branch_python_dop_operator_3.py
[2023-12-01T12:43:13.023+0000] {processor.py:839} INFO - DAG(s) dict_keys(['example_branch_dop_operator_v3']) retrieved from /home/airflow/.local/lib/python3.8/site-packages/airflow/example_dags/example_branch_python_dop_operator_3.py
[2023-12-01T12:43:13.047+0000] {logging_mixin.py:151} INFO - [2023-12-01T12:43:13.046+0000] {dag.py:2915} INFO - Sync 1 DAGs
[2023-12-01T12:43:13.062+0000] {logging_mixin.py:151} INFO - [2023-12-01T12:43:13.062+0000] {dag.py:3696} INFO - Setting next_dagrun for example_branch_dop_operator_v3 to 2023-12-01T12:42:00+00:00, run_after=2023-12-01T12:43:00+00:00
[2023-12-01T12:43:13.072+0000] {processor.py:179} INFO - Processing /home/airflow/.local/lib/python3.8/site-packages/airflow/example_dags/example_branch_python_dop_operator_3.py took 0.061 seconds
[2023-12-01T12:53:57.380+0000] {processor.py:157} INFO - Started process (PID=47123) to work on /home/airflow/.local/lib/python3.8/site-packages/airflow/example_dags/example_branch_python_dop_operator_3.py
[2023-12-01T12:53:57.381+0000] {processor.py:829} INFO - Processing file /home/airflow/.local/lib/python3.8/site-packages/airflow/example_dags/example_branch_python_dop_operator_3.py for tasks to queue
[2023-12-01T12:53:57.384+0000] {logging_mixin.py:151} INFO - [2023-12-01T12:53:57.383+0000] {dagbag.py:539} INFO - Filling up the DagBag from /home/airflow/.local/lib/python3.8/site-packages/airflow/example_dags/example_branch_python_dop_operator_3.py
[2023-12-01T12:53:57.406+0000] {processor.py:839} INFO - DAG(s) dict_keys(['example_branch_dop_operator_v3']) retrieved from /home/airflow/.local/lib/python3.8/site-packages/airflow/example_dags/example_branch_python_dop_operator_3.py
[2023-12-01T12:53:57.433+0000] {logging_mixin.py:151} INFO - [2023-12-01T12:53:57.433+0000] {dag.py:2915} INFO - Sync 1 DAGs
[2023-12-01T12:53:57.450+0000] {logging_mixin.py:151} INFO - [2023-12-01T12:53:57.450+0000] {dag.py:3696} INFO - Setting next_dagrun for example_branch_dop_operator_v3 to 2023-12-01T12:52:00+00:00, run_after=2023-12-01T12:53:00+00:00
[2023-12-01T12:53:57.466+0000] {processor.py:179} INFO - Processing /home/airflow/.local/lib/python3.8/site-packages/airflow/example_dags/example_branch_python_dop_operator_3.py took 0.090 seconds
[2023-12-01T13:07:29.919+0000] {processor.py:157} INFO - Started process (PID=47177) to work on /home/airflow/.local/lib/python3.8/site-packages/airflow/example_dags/example_branch_python_dop_operator_3.py
[2023-12-01T13:07:29.921+0000] {processor.py:829} INFO - Processing file /home/airflow/.local/lib/python3.8/site-packages/airflow/example_dags/example_branch_python_dop_operator_3.py for tasks to queue
[2023-12-01T13:07:29.926+0000] {logging_mixin.py:151} INFO - [2023-12-01T13:07:29.925+0000] {dagbag.py:539} INFO - Filling up the DagBag from /home/airflow/.local/lib/python3.8/site-packages/airflow/example_dags/example_branch_python_dop_operator_3.py
[2023-12-01T13:07:29.938+0000] {processor.py:839} INFO - DAG(s) dict_keys(['example_branch_dop_operator_v3']) retrieved from /home/airflow/.local/lib/python3.8/site-packages/airflow/example_dags/example_branch_python_dop_operator_3.py
[2023-12-01T13:07:29.959+0000] {logging_mixin.py:151} INFO - [2023-12-01T13:07:29.959+0000] {dag.py:2915} INFO - Sync 1 DAGs
[2023-12-01T13:07:29.979+0000] {logging_mixin.py:151} INFO - [2023-12-01T13:07:29.979+0000] {dag.py:3696} INFO - Setting next_dagrun for example_branch_dop_operator_v3 to 2023-12-01T13:06:00+00:00, run_after=2023-12-01T13:07:00+00:00
[2023-12-01T13:07:30.012+0000] {processor.py:179} INFO - Processing /home/airflow/.local/lib/python3.8/site-packages/airflow/example_dags/example_branch_python_dop_operator_3.py took 0.097 seconds
[2023-12-01T13:10:47.697+0000] {processor.py:157} INFO - Started process (PID=47231) to work on /home/airflow/.local/lib/python3.8/site-packages/airflow/example_dags/example_branch_python_dop_operator_3.py
[2023-12-01T13:10:47.698+0000] {processor.py:829} INFO - Processing file /home/airflow/.local/lib/python3.8/site-packages/airflow/example_dags/example_branch_python_dop_operator_3.py for tasks to queue
[2023-12-01T13:10:47.700+0000] {logging_mixin.py:151} INFO - [2023-12-01T13:10:47.700+0000] {dagbag.py:539} INFO - Filling up the DagBag from /home/airflow/.local/lib/python3.8/site-packages/airflow/example_dags/example_branch_python_dop_operator_3.py
[2023-12-01T13:10:47.708+0000] {processor.py:839} INFO - DAG(s) dict_keys(['example_branch_dop_operator_v3']) retrieved from /home/airflow/.local/lib/python3.8/site-packages/airflow/example_dags/example_branch_python_dop_operator_3.py
[2023-12-01T13:10:47.728+0000] {logging_mixin.py:151} INFO - [2023-12-01T13:10:47.727+0000] {dag.py:2915} INFO - Sync 1 DAGs
[2023-12-01T13:10:47.743+0000] {logging_mixin.py:151} INFO - [2023-12-01T13:10:47.743+0000] {dag.py:3696} INFO - Setting next_dagrun for example_branch_dop_operator_v3 to 2023-12-01T13:09:00+00:00, run_after=2023-12-01T13:10:00+00:00
[2023-12-01T13:10:47.752+0000] {processor.py:179} INFO - Processing /home/airflow/.local/lib/python3.8/site-packages/airflow/example_dags/example_branch_python_dop_operator_3.py took 0.058 seconds
[2023-12-01T14:00:29.545+0000] {processor.py:157} INFO - Started process (PID=47285) to work on /home/airflow/.local/lib/python3.8/site-packages/airflow/example_dags/example_branch_python_dop_operator_3.py
[2023-12-01T14:00:29.546+0000] {processor.py:829} INFO - Processing file /home/airflow/.local/lib/python3.8/site-packages/airflow/example_dags/example_branch_python_dop_operator_3.py for tasks to queue
[2023-12-01T14:00:29.548+0000] {logging_mixin.py:151} INFO - [2023-12-01T14:00:29.548+0000] {dagbag.py:539} INFO - Filling up the DagBag from /home/airflow/.local/lib/python3.8/site-packages/airflow/example_dags/example_branch_python_dop_operator_3.py
[2023-12-01T14:00:29.557+0000] {processor.py:839} INFO - DAG(s) dict_keys(['example_branch_dop_operator_v3']) retrieved from /home/airflow/.local/lib/python3.8/site-packages/airflow/example_dags/example_branch_python_dop_operator_3.py
[2023-12-01T14:00:29.578+0000] {logging_mixin.py:151} INFO - [2023-12-01T14:00:29.578+0000] {dag.py:2915} INFO - Sync 1 DAGs
[2023-12-01T14:00:29.594+0000] {logging_mixin.py:151} INFO - [2023-12-01T14:00:29.594+0000] {dag.py:3696} INFO - Setting next_dagrun for example_branch_dop_operator_v3 to 2023-12-01T13:59:00+00:00, run_after=2023-12-01T14:00:00+00:00
[2023-12-01T14:00:29.605+0000] {processor.py:179} INFO - Processing /home/airflow/.local/lib/python3.8/site-packages/airflow/example_dags/example_branch_python_dop_operator_3.py took 0.063 seconds
[2023-12-01T14:53:29.720+0000] {processor.py:157} INFO - Started process (PID=47339) to work on /home/airflow/.local/lib/python3.8/site-packages/airflow/example_dags/example_branch_python_dop_operator_3.py
[2023-12-01T14:53:29.721+0000] {processor.py:829} INFO - Processing file /home/airflow/.local/lib/python3.8/site-packages/airflow/example_dags/example_branch_python_dop_operator_3.py for tasks to queue
[2023-12-01T14:53:29.722+0000] {logging_mixin.py:151} INFO - [2023-12-01T14:53:29.722+0000] {dagbag.py:539} INFO - Filling up the DagBag from /home/airflow/.local/lib/python3.8/site-packages/airflow/example_dags/example_branch_python_dop_operator_3.py
[2023-12-01T14:53:29.729+0000] {processor.py:839} INFO - DAG(s) dict_keys(['example_branch_dop_operator_v3']) retrieved from /home/airflow/.local/lib/python3.8/site-packages/airflow/example_dags/example_branch_python_dop_operator_3.py
[2023-12-01T14:53:29.741+0000] {logging_mixin.py:151} INFO - [2023-12-01T14:53:29.741+0000] {dag.py:2915} INFO - Sync 1 DAGs
[2023-12-01T14:53:29.754+0000] {logging_mixin.py:151} INFO - [2023-12-01T14:53:29.754+0000] {dag.py:3696} INFO - Setting next_dagrun for example_branch_dop_operator_v3 to 2023-12-01T14:52:00+00:00, run_after=2023-12-01T14:53:00+00:00
[2023-12-01T14:53:29.763+0000] {processor.py:179} INFO - Processing /home/airflow/.local/lib/python3.8/site-packages/airflow/example_dags/example_branch_python_dop_operator_3.py took 0.045 seconds
[2023-12-01T15:50:59.534+0000] {processor.py:157} INFO - Started process (PID=47393) to work on /home/airflow/.local/lib/python3.8/site-packages/airflow/example_dags/example_branch_python_dop_operator_3.py
[2023-12-01T15:50:59.534+0000] {processor.py:829} INFO - Processing file /home/airflow/.local/lib/python3.8/site-packages/airflow/example_dags/example_branch_python_dop_operator_3.py for tasks to queue
[2023-12-01T15:50:59.536+0000] {logging_mixin.py:151} INFO - [2023-12-01T15:50:59.535+0000] {dagbag.py:539} INFO - Filling up the DagBag from /home/airflow/.local/lib/python3.8/site-packages/airflow/example_dags/example_branch_python_dop_operator_3.py
[2023-12-01T15:50:59.543+0000] {processor.py:839} INFO - DAG(s) dict_keys(['example_branch_dop_operator_v3']) retrieved from /home/airflow/.local/lib/python3.8/site-packages/airflow/example_dags/example_branch_python_dop_operator_3.py
[2023-12-01T15:50:59.557+0000] {logging_mixin.py:151} INFO - [2023-12-01T15:50:59.557+0000] {dag.py:2915} INFO - Sync 1 DAGs
[2023-12-01T15:50:59.577+0000] {logging_mixin.py:151} INFO - [2023-12-01T15:50:59.577+0000] {dag.py:3696} INFO - Setting next_dagrun for example_branch_dop_operator_v3 to 2023-12-01T15:49:00+00:00, run_after=2023-12-01T15:50:00+00:00
[2023-12-01T15:50:59.586+0000] {processor.py:179} INFO - Processing /home/airflow/.local/lib/python3.8/site-packages/airflow/example_dags/example_branch_python_dop_operator_3.py took 0.055 seconds
[2023-12-01T16:35:44.511+0000] {processor.py:157} INFO - Started process (PID=47447) to work on /home/airflow/.local/lib/python3.8/site-packages/airflow/example_dags/example_branch_python_dop_operator_3.py
[2023-12-01T16:35:44.512+0000] {processor.py:829} INFO - Processing file /home/airflow/.local/lib/python3.8/site-packages/airflow/example_dags/example_branch_python_dop_operator_3.py for tasks to queue
[2023-12-01T16:35:44.513+0000] {logging_mixin.py:151} INFO - [2023-12-01T16:35:44.513+0000] {dagbag.py:539} INFO - Filling up the DagBag from /home/airflow/.local/lib/python3.8/site-packages/airflow/example_dags/example_branch_python_dop_operator_3.py
[2023-12-01T16:35:44.520+0000] {processor.py:839} INFO - DAG(s) dict_keys(['example_branch_dop_operator_v3']) retrieved from /home/airflow/.local/lib/python3.8/site-packages/airflow/example_dags/example_branch_python_dop_operator_3.py
[2023-12-01T16:35:44.541+0000] {logging_mixin.py:151} INFO - [2023-12-01T16:35:44.541+0000] {dag.py:2915} INFO - Sync 1 DAGs
[2023-12-01T16:35:44.559+0000] {logging_mixin.py:151} INFO - [2023-12-01T16:35:44.559+0000] {dag.py:3696} INFO - Setting next_dagrun for example_branch_dop_operator_v3 to 2023-12-01T16:34:00+00:00, run_after=2023-12-01T16:35:00+00:00
[2023-12-01T16:35:44.571+0000] {processor.py:179} INFO - Processing /home/airflow/.local/lib/python3.8/site-packages/airflow/example_dags/example_branch_python_dop_operator_3.py took 0.063 seconds
[2023-12-01T17:55:40.443+0000] {processor.py:157} INFO - Started process (PID=47501) to work on /home/airflow/.local/lib/python3.8/site-packages/airflow/example_dags/example_branch_python_dop_operator_3.py
[2023-12-01T17:55:40.444+0000] {processor.py:829} INFO - Processing file /home/airflow/.local/lib/python3.8/site-packages/airflow/example_dags/example_branch_python_dop_operator_3.py for tasks to queue
[2023-12-01T17:55:40.446+0000] {logging_mixin.py:151} INFO - [2023-12-01T17:55:40.446+0000] {dagbag.py:539} INFO - Filling up the DagBag from /home/airflow/.local/lib/python3.8/site-packages/airflow/example_dags/example_branch_python_dop_operator_3.py
[2023-12-01T17:55:40.458+0000] {processor.py:839} INFO - DAG(s) dict_keys(['example_branch_dop_operator_v3']) retrieved from /home/airflow/.local/lib/python3.8/site-packages/airflow/example_dags/example_branch_python_dop_operator_3.py
[2023-12-01T17:55:40.476+0000] {logging_mixin.py:151} INFO - [2023-12-01T17:55:40.476+0000] {dag.py:2915} INFO - Sync 1 DAGs
[2023-12-01T17:55:40.492+0000] {logging_mixin.py:151} INFO - [2023-12-01T17:55:40.492+0000] {dag.py:3696} INFO - Setting next_dagrun for example_branch_dop_operator_v3 to 2023-12-01T17:54:00+00:00, run_after=2023-12-01T17:55:00+00:00
[2023-12-01T17:55:40.501+0000] {processor.py:179} INFO - Processing /home/airflow/.local/lib/python3.8/site-packages/airflow/example_dags/example_branch_python_dop_operator_3.py took 0.061 seconds
[2023-12-01T18:35:03.399+0000] {processor.py:157} INFO - Started process (PID=47555) to work on /home/airflow/.local/lib/python3.8/site-packages/airflow/example_dags/example_branch_python_dop_operator_3.py
[2023-12-01T18:35:03.399+0000] {processor.py:829} INFO - Processing file /home/airflow/.local/lib/python3.8/site-packages/airflow/example_dags/example_branch_python_dop_operator_3.py for tasks to queue
[2023-12-01T18:35:03.401+0000] {logging_mixin.py:151} INFO - [2023-12-01T18:35:03.401+0000] {dagbag.py:539} INFO - Filling up the DagBag from /home/airflow/.local/lib/python3.8/site-packages/airflow/example_dags/example_branch_python_dop_operator_3.py
[2023-12-01T18:35:03.407+0000] {processor.py:839} INFO - DAG(s) dict_keys(['example_branch_dop_operator_v3']) retrieved from /home/airflow/.local/lib/python3.8/site-packages/airflow/example_dags/example_branch_python_dop_operator_3.py
[2023-12-01T18:35:03.421+0000] {logging_mixin.py:151} INFO - [2023-12-01T18:35:03.421+0000] {dag.py:2915} INFO - Sync 1 DAGs
[2023-12-01T18:35:03.434+0000] {logging_mixin.py:151} INFO - [2023-12-01T18:35:03.434+0000] {dag.py:3696} INFO - Setting next_dagrun for example_branch_dop_operator_v3 to 2023-12-01T18:34:00+00:00, run_after=2023-12-01T18:35:00+00:00
[2023-12-01T18:35:03.443+0000] {processor.py:179} INFO - Processing /home/airflow/.local/lib/python3.8/site-packages/airflow/example_dags/example_branch_python_dop_operator_3.py took 0.047 seconds
[2023-12-01T19:05:45.705+0000] {processor.py:157} INFO - Started process (PID=47609) to work on /home/airflow/.local/lib/python3.8/site-packages/airflow/example_dags/example_branch_python_dop_operator_3.py
[2023-12-01T19:05:45.706+0000] {processor.py:829} INFO - Processing file /home/airflow/.local/lib/python3.8/site-packages/airflow/example_dags/example_branch_python_dop_operator_3.py for tasks to queue
[2023-12-01T19:05:45.708+0000] {logging_mixin.py:151} INFO - [2023-12-01T19:05:45.708+0000] {dagbag.py:539} INFO - Filling up the DagBag from /home/airflow/.local/lib/python3.8/site-packages/airflow/example_dags/example_branch_python_dop_operator_3.py
[2023-12-01T19:05:45.716+0000] {processor.py:839} INFO - DAG(s) dict_keys(['example_branch_dop_operator_v3']) retrieved from /home/airflow/.local/lib/python3.8/site-packages/airflow/example_dags/example_branch_python_dop_operator_3.py
[2023-12-01T19:05:45.734+0000] {logging_mixin.py:151} INFO - [2023-12-01T19:05:45.734+0000] {dag.py:2915} INFO - Sync 1 DAGs
[2023-12-01T19:05:45.752+0000] {logging_mixin.py:151} INFO - [2023-12-01T19:05:45.752+0000] {dag.py:3696} INFO - Setting next_dagrun for example_branch_dop_operator_v3 to 2023-12-01T19:04:00+00:00, run_after=2023-12-01T19:05:00+00:00
[2023-12-01T19:05:45.763+0000] {processor.py:179} INFO - Processing /home/airflow/.local/lib/python3.8/site-packages/airflow/example_dags/example_branch_python_dop_operator_3.py took 0.063 seconds
[2023-12-01T19:33:47.405+0000] {processor.py:157} INFO - Started process (PID=47663) to work on /home/airflow/.local/lib/python3.8/site-packages/airflow/example_dags/example_branch_python_dop_operator_3.py
[2023-12-01T19:33:47.406+0000] {processor.py:829} INFO - Processing file /home/airflow/.local/lib/python3.8/site-packages/airflow/example_dags/example_branch_python_dop_operator_3.py for tasks to queue
[2023-12-01T19:33:47.408+0000] {logging_mixin.py:151} INFO - [2023-12-01T19:33:47.408+0000] {dagbag.py:539} INFO - Filling up the DagBag from /home/airflow/.local/lib/python3.8/site-packages/airflow/example_dags/example_branch_python_dop_operator_3.py
[2023-12-01T19:33:47.415+0000] {processor.py:839} INFO - DAG(s) dict_keys(['example_branch_dop_operator_v3']) retrieved from /home/airflow/.local/lib/python3.8/site-packages/airflow/example_dags/example_branch_python_dop_operator_3.py
[2023-12-01T19:33:47.468+0000] {logging_mixin.py:151} INFO - [2023-12-01T19:33:47.466+0000] {dag.py:2915} INFO - Sync 1 DAGs
[2023-12-01T19:33:47.577+0000] {logging_mixin.py:151} INFO - [2023-12-01T19:33:47.576+0000] {dag.py:3696} INFO - Setting next_dagrun for example_branch_dop_operator_v3 to 2023-12-01T19:32:00+00:00, run_after=2023-12-01T19:33:00+00:00
[2023-12-01T19:33:47.605+0000] {processor.py:179} INFO - Processing /home/airflow/.local/lib/python3.8/site-packages/airflow/example_dags/example_branch_python_dop_operator_3.py took 0.202 seconds
[2023-12-01T20:06:44.608+0000] {processor.py:157} INFO - Started process (PID=47717) to work on /home/airflow/.local/lib/python3.8/site-packages/airflow/example_dags/example_branch_python_dop_operator_3.py
[2023-12-01T20:06:44.610+0000] {processor.py:829} INFO - Processing file /home/airflow/.local/lib/python3.8/site-packages/airflow/example_dags/example_branch_python_dop_operator_3.py for tasks to queue
[2023-12-01T20:06:44.613+0000] {logging_mixin.py:151} INFO - [2023-12-01T20:06:44.613+0000] {dagbag.py:539} INFO - Filling up the DagBag from /home/airflow/.local/lib/python3.8/site-packages/airflow/example_dags/example_branch_python_dop_operator_3.py
[2023-12-01T20:06:44.624+0000] {processor.py:839} INFO - DAG(s) dict_keys(['example_branch_dop_operator_v3']) retrieved from /home/airflow/.local/lib/python3.8/site-packages/airflow/example_dags/example_branch_python_dop_operator_3.py
[2023-12-01T20:06:44.644+0000] {logging_mixin.py:151} INFO - [2023-12-01T20:06:44.644+0000] {dag.py:2915} INFO - Sync 1 DAGs
[2023-12-01T20:06:44.661+0000] {logging_mixin.py:151} INFO - [2023-12-01T20:06:44.661+0000] {dag.py:3696} INFO - Setting next_dagrun for example_branch_dop_operator_v3 to 2023-12-01T20:05:00+00:00, run_after=2023-12-01T20:06:00+00:00
[2023-12-01T20:06:44.673+0000] {processor.py:179} INFO - Processing /home/airflow/.local/lib/python3.8/site-packages/airflow/example_dags/example_branch_python_dop_operator_3.py took 0.071 seconds
[2023-12-01T20:20:13.160+0000] {processor.py:157} INFO - Started process (PID=47771) to work on /home/airflow/.local/lib/python3.8/site-packages/airflow/example_dags/example_branch_python_dop_operator_3.py
[2023-12-01T20:20:13.161+0000] {processor.py:829} INFO - Processing file /home/airflow/.local/lib/python3.8/site-packages/airflow/example_dags/example_branch_python_dop_operator_3.py for tasks to queue
[2023-12-01T20:20:13.163+0000] {logging_mixin.py:151} INFO - [2023-12-01T20:20:13.163+0000] {dagbag.py:539} INFO - Filling up the DagBag from /home/airflow/.local/lib/python3.8/site-packages/airflow/example_dags/example_branch_python_dop_operator_3.py
[2023-12-01T20:20:13.171+0000] {processor.py:839} INFO - DAG(s) dict_keys(['example_branch_dop_operator_v3']) retrieved from /home/airflow/.local/lib/python3.8/site-packages/airflow/example_dags/example_branch_python_dop_operator_3.py
[2023-12-01T20:20:13.185+0000] {logging_mixin.py:151} INFO - [2023-12-01T20:20:13.184+0000] {dag.py:2915} INFO - Sync 1 DAGs
[2023-12-01T20:20:13.218+0000] {logging_mixin.py:151} INFO - [2023-12-01T20:20:13.217+0000] {dag.py:3696} INFO - Setting next_dagrun for example_branch_dop_operator_v3 to 2023-12-01T20:19:00+00:00, run_after=2023-12-01T20:20:00+00:00
[2023-12-01T20:20:13.231+0000] {processor.py:179} INFO - Processing /home/airflow/.local/lib/python3.8/site-packages/airflow/example_dags/example_branch_python_dop_operator_3.py took 0.075 seconds
[2023-12-01T20:46:19.700+0000] {processor.py:157} INFO - Started process (PID=47825) to work on /home/airflow/.local/lib/python3.8/site-packages/airflow/example_dags/example_branch_python_dop_operator_3.py
[2023-12-01T20:46:19.701+0000] {processor.py:829} INFO - Processing file /home/airflow/.local/lib/python3.8/site-packages/airflow/example_dags/example_branch_python_dop_operator_3.py for tasks to queue
[2023-12-01T20:46:19.703+0000] {logging_mixin.py:151} INFO - [2023-12-01T20:46:19.703+0000] {dagbag.py:539} INFO - Filling up the DagBag from /home/airflow/.local/lib/python3.8/site-packages/airflow/example_dags/example_branch_python_dop_operator_3.py
[2023-12-01T20:46:19.715+0000] {processor.py:839} INFO - DAG(s) dict_keys(['example_branch_dop_operator_v3']) retrieved from /home/airflow/.local/lib/python3.8/site-packages/airflow/example_dags/example_branch_python_dop_operator_3.py
[2023-12-01T20:46:19.742+0000] {logging_mixin.py:151} INFO - [2023-12-01T20:46:19.742+0000] {dag.py:2915} INFO - Sync 1 DAGs
[2023-12-01T20:46:19.760+0000] {logging_mixin.py:151} INFO - [2023-12-01T20:46:19.760+0000] {dag.py:3696} INFO - Setting next_dagrun for example_branch_dop_operator_v3 to 2023-12-01T20:45:00+00:00, run_after=2023-12-01T20:46:00+00:00
[2023-12-01T20:46:19.772+0000] {processor.py:179} INFO - Processing /home/airflow/.local/lib/python3.8/site-packages/airflow/example_dags/example_branch_python_dop_operator_3.py took 0.075 seconds
[2023-12-01T21:17:02.769+0000] {processor.py:157} INFO - Started process (PID=47879) to work on /home/airflow/.local/lib/python3.8/site-packages/airflow/example_dags/example_branch_python_dop_operator_3.py
[2023-12-01T21:17:02.770+0000] {processor.py:829} INFO - Processing file /home/airflow/.local/lib/python3.8/site-packages/airflow/example_dags/example_branch_python_dop_operator_3.py for tasks to queue
[2023-12-01T21:17:02.773+0000] {logging_mixin.py:151} INFO - [2023-12-01T21:17:02.772+0000] {dagbag.py:539} INFO - Filling up the DagBag from /home/airflow/.local/lib/python3.8/site-packages/airflow/example_dags/example_branch_python_dop_operator_3.py
[2023-12-01T21:17:02.785+0000] {processor.py:839} INFO - DAG(s) dict_keys(['example_branch_dop_operator_v3']) retrieved from /home/airflow/.local/lib/python3.8/site-packages/airflow/example_dags/example_branch_python_dop_operator_3.py
[2023-12-01T21:17:02.810+0000] {logging_mixin.py:151} INFO - [2023-12-01T21:17:02.809+0000] {dag.py:2915} INFO - Sync 1 DAGs
[2023-12-01T21:17:02.836+0000] {logging_mixin.py:151} INFO - [2023-12-01T21:17:02.836+0000] {dag.py:3696} INFO - Setting next_dagrun for example_branch_dop_operator_v3 to 2023-12-01T21:16:00+00:00, run_after=2023-12-01T21:17:00+00:00
[2023-12-01T21:17:02.853+0000] {processor.py:179} INFO - Processing /home/airflow/.local/lib/python3.8/site-packages/airflow/example_dags/example_branch_python_dop_operator_3.py took 0.088 seconds
[2023-12-01T22:08:37.447+0000] {processor.py:157} INFO - Started process (PID=47933) to work on /home/airflow/.local/lib/python3.8/site-packages/airflow/example_dags/example_branch_python_dop_operator_3.py
[2023-12-01T22:08:37.449+0000] {processor.py:829} INFO - Processing file /home/airflow/.local/lib/python3.8/site-packages/airflow/example_dags/example_branch_python_dop_operator_3.py for tasks to queue
[2023-12-01T22:08:37.454+0000] {logging_mixin.py:151} INFO - [2023-12-01T22:08:37.453+0000] {dagbag.py:539} INFO - Filling up the DagBag from /home/airflow/.local/lib/python3.8/site-packages/airflow/example_dags/example_branch_python_dop_operator_3.py
[2023-12-01T22:08:37.469+0000] {processor.py:839} INFO - DAG(s) dict_keys(['example_branch_dop_operator_v3']) retrieved from /home/airflow/.local/lib/python3.8/site-packages/airflow/example_dags/example_branch_python_dop_operator_3.py
[2023-12-01T22:08:37.511+0000] {logging_mixin.py:151} INFO - [2023-12-01T22:08:37.510+0000] {dag.py:2915} INFO - Sync 1 DAGs
[2023-12-01T22:08:37.535+0000] {logging_mixin.py:151} INFO - [2023-12-01T22:08:37.535+0000] {dag.py:3696} INFO - Setting next_dagrun for example_branch_dop_operator_v3 to 2023-12-01T22:07:00+00:00, run_after=2023-12-01T22:08:00+00:00
[2023-12-01T22:08:37.659+0000] {processor.py:179} INFO - Processing /home/airflow/.local/lib/python3.8/site-packages/airflow/example_dags/example_branch_python_dop_operator_3.py took 0.221 seconds
[2023-12-01T22:54:06.233+0000] {processor.py:157} INFO - Started process (PID=47988) to work on /home/airflow/.local/lib/python3.8/site-packages/airflow/example_dags/example_branch_python_dop_operator_3.py
[2023-12-01T22:54:06.234+0000] {processor.py:829} INFO - Processing file /home/airflow/.local/lib/python3.8/site-packages/airflow/example_dags/example_branch_python_dop_operator_3.py for tasks to queue
[2023-12-01T22:54:06.236+0000] {logging_mixin.py:151} INFO - [2023-12-01T22:54:06.236+0000] {dagbag.py:539} INFO - Filling up the DagBag from /home/airflow/.local/lib/python3.8/site-packages/airflow/example_dags/example_branch_python_dop_operator_3.py
[2023-12-01T22:54:06.248+0000] {processor.py:839} INFO - DAG(s) dict_keys(['example_branch_dop_operator_v3']) retrieved from /home/airflow/.local/lib/python3.8/site-packages/airflow/example_dags/example_branch_python_dop_operator_3.py
[2023-12-01T22:54:06.266+0000] {logging_mixin.py:151} INFO - [2023-12-01T22:54:06.266+0000] {dag.py:2915} INFO - Sync 1 DAGs
[2023-12-01T22:54:06.283+0000] {logging_mixin.py:151} INFO - [2023-12-01T22:54:06.283+0000] {dag.py:3696} INFO - Setting next_dagrun for example_branch_dop_operator_v3 to 2023-12-01T22:53:00+00:00, run_after=2023-12-01T22:54:00+00:00
[2023-12-01T22:54:06.292+0000] {processor.py:179} INFO - Processing /home/airflow/.local/lib/python3.8/site-packages/airflow/example_dags/example_branch_python_dop_operator_3.py took 0.062 seconds
[2023-12-01T23:41:08.871+0000] {processor.py:157} INFO - Started process (PID=48042) to work on /home/airflow/.local/lib/python3.8/site-packages/airflow/example_dags/example_branch_python_dop_operator_3.py
[2023-12-01T23:41:08.873+0000] {processor.py:829} INFO - Processing file /home/airflow/.local/lib/python3.8/site-packages/airflow/example_dags/example_branch_python_dop_operator_3.py for tasks to queue
[2023-12-01T23:41:08.877+0000] {logging_mixin.py:151} INFO - [2023-12-01T23:41:08.876+0000] {dagbag.py:539} INFO - Filling up the DagBag from /home/airflow/.local/lib/python3.8/site-packages/airflow/example_dags/example_branch_python_dop_operator_3.py
[2023-12-01T23:41:08.906+0000] {processor.py:839} INFO - DAG(s) dict_keys(['example_branch_dop_operator_v3']) retrieved from /home/airflow/.local/lib/python3.8/site-packages/airflow/example_dags/example_branch_python_dop_operator_3.py
[2023-12-01T23:41:08.954+0000] {logging_mixin.py:151} INFO - [2023-12-01T23:41:08.953+0000] {dag.py:2915} INFO - Sync 1 DAGs
[2023-12-01T23:41:08.983+0000] {logging_mixin.py:151} INFO - [2023-12-01T23:41:08.983+0000] {dag.py:3696} INFO - Setting next_dagrun for example_branch_dop_operator_v3 to 2023-12-01T23:40:00+00:00, run_after=2023-12-01T23:41:00+00:00
[2023-12-01T23:41:08.995+0000] {processor.py:179} INFO - Processing /home/airflow/.local/lib/python3.8/site-packages/airflow/example_dags/example_branch_python_dop_operator_3.py took 0.127 seconds
