[2023-12-01T00:05:51.744+0000] {processor.py:157} INFO - Started process (PID=45239) to work on /home/airflow/.local/lib/python3.8/site-packages/airflow/example_dags/example_python_operator.py
[2023-12-01T00:05:51.751+0000] {processor.py:829} INFO - Processing file /home/airflow/.local/lib/python3.8/site-packages/airflow/example_dags/example_python_operator.py for tasks to queue
[2023-12-01T00:05:51.762+0000] {logging_mixin.py:151} INFO - [2023-12-01T00:05:51.762+0000] {dagbag.py:539} INFO - Filling up the DagBag from /home/airflow/.local/lib/python3.8/site-packages/airflow/example_dags/example_python_operator.py
[2023-12-01T00:05:51.789+0000] {processor.py:839} INFO - DAG(s) dict_keys(['example_python_operator']) retrieved from /home/airflow/.local/lib/python3.8/site-packages/airflow/example_dags/example_python_operator.py
[2023-12-01T00:05:51.832+0000] {logging_mixin.py:151} INFO - [2023-12-01T00:05:51.831+0000] {dag.py:2915} INFO - Sync 1 DAGs
[2023-12-01T00:05:51.854+0000] {logging_mixin.py:151} INFO - [2023-12-01T00:05:51.853+0000] {dag.py:3696} INFO - Setting next_dagrun for example_python_operator to None, run_after=None
[2023-12-01T00:05:51.867+0000] {processor.py:179} INFO - Processing /home/airflow/.local/lib/python3.8/site-packages/airflow/example_dags/example_python_operator.py took 0.138 seconds
[2023-12-01T00:33:46.218+0000] {processor.py:157} INFO - Started process (PID=45293) to work on /home/airflow/.local/lib/python3.8/site-packages/airflow/example_dags/example_python_operator.py
[2023-12-01T00:33:46.219+0000] {processor.py:829} INFO - Processing file /home/airflow/.local/lib/python3.8/site-packages/airflow/example_dags/example_python_operator.py for tasks to queue
[2023-12-01T00:33:46.222+0000] {logging_mixin.py:151} INFO - [2023-12-01T00:33:46.221+0000] {dagbag.py:539} INFO - Filling up the DagBag from /home/airflow/.local/lib/python3.8/site-packages/airflow/example_dags/example_python_operator.py
[2023-12-01T00:33:46.233+0000] {processor.py:839} INFO - DAG(s) dict_keys(['example_python_operator']) retrieved from /home/airflow/.local/lib/python3.8/site-packages/airflow/example_dags/example_python_operator.py
[2023-12-01T00:33:46.254+0000] {logging_mixin.py:151} INFO - [2023-12-01T00:33:46.253+0000] {dag.py:2915} INFO - Sync 1 DAGs
[2023-12-01T00:33:46.263+0000] {logging_mixin.py:151} INFO - [2023-12-01T00:33:46.262+0000] {dag.py:3696} INFO - Setting next_dagrun for example_python_operator to None, run_after=None
[2023-12-01T00:33:46.283+0000] {processor.py:179} INFO - Processing /home/airflow/.local/lib/python3.8/site-packages/airflow/example_dags/example_python_operator.py took 0.069 seconds
[2023-12-01T01:27:57.081+0000] {processor.py:157} INFO - Started process (PID=45347) to work on /home/airflow/.local/lib/python3.8/site-packages/airflow/example_dags/example_python_operator.py
[2023-12-01T01:27:57.082+0000] {processor.py:829} INFO - Processing file /home/airflow/.local/lib/python3.8/site-packages/airflow/example_dags/example_python_operator.py for tasks to queue
[2023-12-01T01:27:57.084+0000] {logging_mixin.py:151} INFO - [2023-12-01T01:27:57.084+0000] {dagbag.py:539} INFO - Filling up the DagBag from /home/airflow/.local/lib/python3.8/site-packages/airflow/example_dags/example_python_operator.py
[2023-12-01T01:27:57.470+0000] {processor.py:839} INFO - DAG(s) dict_keys(['example_python_operator']) retrieved from /home/airflow/.local/lib/python3.8/site-packages/airflow/example_dags/example_python_operator.py
[2023-12-01T01:27:57.864+0000] {logging_mixin.py:151} INFO - [2023-12-01T01:27:57.863+0000] {dag.py:2915} INFO - Sync 1 DAGs
[2023-12-01T01:27:57.910+0000] {logging_mixin.py:151} INFO - [2023-12-01T01:27:57.909+0000] {dag.py:3696} INFO - Setting next_dagrun for example_python_operator to None, run_after=None
[2023-12-01T01:27:57.973+0000] {processor.py:179} INFO - Processing /home/airflow/.local/lib/python3.8/site-packages/airflow/example_dags/example_python_operator.py took 0.895 seconds
[2023-12-01T02:09:24.752+0000] {processor.py:157} INFO - Started process (PID=45401) to work on /home/airflow/.local/lib/python3.8/site-packages/airflow/example_dags/example_python_operator.py
[2023-12-01T02:09:24.754+0000] {processor.py:829} INFO - Processing file /home/airflow/.local/lib/python3.8/site-packages/airflow/example_dags/example_python_operator.py for tasks to queue
[2023-12-01T02:09:24.756+0000] {logging_mixin.py:151} INFO - [2023-12-01T02:09:24.756+0000] {dagbag.py:539} INFO - Filling up the DagBag from /home/airflow/.local/lib/python3.8/site-packages/airflow/example_dags/example_python_operator.py
[2023-12-01T02:09:24.772+0000] {processor.py:839} INFO - DAG(s) dict_keys(['example_python_operator']) retrieved from /home/airflow/.local/lib/python3.8/site-packages/airflow/example_dags/example_python_operator.py
[2023-12-01T02:09:24.811+0000] {logging_mixin.py:151} INFO - [2023-12-01T02:09:24.811+0000] {dag.py:2915} INFO - Sync 1 DAGs
[2023-12-01T02:09:24.823+0000] {logging_mixin.py:151} INFO - [2023-12-01T02:09:24.823+0000] {dag.py:3696} INFO - Setting next_dagrun for example_python_operator to None, run_after=None
[2023-12-01T02:09:24.840+0000] {processor.py:179} INFO - Processing /home/airflow/.local/lib/python3.8/site-packages/airflow/example_dags/example_python_operator.py took 0.092 seconds
[2023-12-01T02:45:40.298+0000] {processor.py:157} INFO - Started process (PID=45455) to work on /home/airflow/.local/lib/python3.8/site-packages/airflow/example_dags/example_python_operator.py
[2023-12-01T02:45:40.301+0000] {processor.py:829} INFO - Processing file /home/airflow/.local/lib/python3.8/site-packages/airflow/example_dags/example_python_operator.py for tasks to queue
[2023-12-01T02:45:40.305+0000] {logging_mixin.py:151} INFO - [2023-12-01T02:45:40.304+0000] {dagbag.py:539} INFO - Filling up the DagBag from /home/airflow/.local/lib/python3.8/site-packages/airflow/example_dags/example_python_operator.py
[2023-12-01T02:45:40.315+0000] {processor.py:839} INFO - DAG(s) dict_keys(['example_python_operator']) retrieved from /home/airflow/.local/lib/python3.8/site-packages/airflow/example_dags/example_python_operator.py
[2023-12-01T02:45:40.344+0000] {logging_mixin.py:151} INFO - [2023-12-01T02:45:40.344+0000] {dag.py:2915} INFO - Sync 1 DAGs
[2023-12-01T02:45:40.355+0000] {logging_mixin.py:151} INFO - [2023-12-01T02:45:40.355+0000] {dag.py:3696} INFO - Setting next_dagrun for example_python_operator to None, run_after=None
[2023-12-01T02:45:40.368+0000] {processor.py:179} INFO - Processing /home/airflow/.local/lib/python3.8/site-packages/airflow/example_dags/example_python_operator.py took 0.076 seconds
[2023-12-01T03:20:37.265+0000] {processor.py:157} INFO - Started process (PID=45509) to work on /home/airflow/.local/lib/python3.8/site-packages/airflow/example_dags/example_python_operator.py
[2023-12-01T03:20:37.267+0000] {processor.py:829} INFO - Processing file /home/airflow/.local/lib/python3.8/site-packages/airflow/example_dags/example_python_operator.py for tasks to queue
[2023-12-01T03:20:37.268+0000] {logging_mixin.py:151} INFO - [2023-12-01T03:20:37.268+0000] {dagbag.py:539} INFO - Filling up the DagBag from /home/airflow/.local/lib/python3.8/site-packages/airflow/example_dags/example_python_operator.py
[2023-12-01T03:20:37.276+0000] {processor.py:839} INFO - DAG(s) dict_keys(['example_python_operator']) retrieved from /home/airflow/.local/lib/python3.8/site-packages/airflow/example_dags/example_python_operator.py
[2023-12-01T03:20:37.301+0000] {logging_mixin.py:151} INFO - [2023-12-01T03:20:37.300+0000] {dag.py:2915} INFO - Sync 1 DAGs
[2023-12-01T03:20:37.316+0000] {logging_mixin.py:151} INFO - [2023-12-01T03:20:37.316+0000] {dag.py:3696} INFO - Setting next_dagrun for example_python_operator to None, run_after=None
[2023-12-01T03:20:37.334+0000] {processor.py:179} INFO - Processing /home/airflow/.local/lib/python3.8/site-packages/airflow/example_dags/example_python_operator.py took 0.072 seconds
[2023-12-01T04:21:31.804+0000] {processor.py:157} INFO - Started process (PID=45563) to work on /home/airflow/.local/lib/python3.8/site-packages/airflow/example_dags/example_python_operator.py
[2023-12-01T04:21:31.806+0000] {processor.py:829} INFO - Processing file /home/airflow/.local/lib/python3.8/site-packages/airflow/example_dags/example_python_operator.py for tasks to queue
[2023-12-01T04:21:31.811+0000] {logging_mixin.py:151} INFO - [2023-12-01T04:21:31.810+0000] {dagbag.py:539} INFO - Filling up the DagBag from /home/airflow/.local/lib/python3.8/site-packages/airflow/example_dags/example_python_operator.py
[2023-12-01T04:21:31.821+0000] {processor.py:839} INFO - DAG(s) dict_keys(['example_python_operator']) retrieved from /home/airflow/.local/lib/python3.8/site-packages/airflow/example_dags/example_python_operator.py
[2023-12-01T04:21:31.842+0000] {logging_mixin.py:151} INFO - [2023-12-01T04:21:31.842+0000] {dag.py:2915} INFO - Sync 1 DAGs
[2023-12-01T04:21:31.852+0000] {logging_mixin.py:151} INFO - [2023-12-01T04:21:31.852+0000] {dag.py:3696} INFO - Setting next_dagrun for example_python_operator to None, run_after=None
[2023-12-01T04:21:31.871+0000] {processor.py:179} INFO - Processing /home/airflow/.local/lib/python3.8/site-packages/airflow/example_dags/example_python_operator.py took 0.079 seconds
[2023-12-01T05:30:13.759+0000] {processor.py:157} INFO - Started process (PID=45617) to work on /home/airflow/.local/lib/python3.8/site-packages/airflow/example_dags/example_python_operator.py
[2023-12-01T05:30:13.762+0000] {processor.py:829} INFO - Processing file /home/airflow/.local/lib/python3.8/site-packages/airflow/example_dags/example_python_operator.py for tasks to queue
[2023-12-01T05:30:13.767+0000] {logging_mixin.py:151} INFO - [2023-12-01T05:30:13.767+0000] {dagbag.py:539} INFO - Filling up the DagBag from /home/airflow/.local/lib/python3.8/site-packages/airflow/example_dags/example_python_operator.py
[2023-12-01T05:30:13.777+0000] {processor.py:839} INFO - DAG(s) dict_keys(['example_python_operator']) retrieved from /home/airflow/.local/lib/python3.8/site-packages/airflow/example_dags/example_python_operator.py
[2023-12-01T05:30:13.796+0000] {logging_mixin.py:151} INFO - [2023-12-01T05:30:13.796+0000] {dag.py:2915} INFO - Sync 1 DAGs
[2023-12-01T05:30:13.804+0000] {logging_mixin.py:151} INFO - [2023-12-01T05:30:13.804+0000] {dag.py:3696} INFO - Setting next_dagrun for example_python_operator to None, run_after=None
[2023-12-01T05:30:13.816+0000] {processor.py:179} INFO - Processing /home/airflow/.local/lib/python3.8/site-packages/airflow/example_dags/example_python_operator.py took 0.061 seconds
[2023-12-01T06:23:27.118+0000] {processor.py:157} INFO - Started process (PID=45671) to work on /home/airflow/.local/lib/python3.8/site-packages/airflow/example_dags/example_python_operator.py
[2023-12-01T06:23:27.120+0000] {processor.py:829} INFO - Processing file /home/airflow/.local/lib/python3.8/site-packages/airflow/example_dags/example_python_operator.py for tasks to queue
[2023-12-01T06:23:27.124+0000] {logging_mixin.py:151} INFO - [2023-12-01T06:23:27.124+0000] {dagbag.py:539} INFO - Filling up the DagBag from /home/airflow/.local/lib/python3.8/site-packages/airflow/example_dags/example_python_operator.py
[2023-12-01T06:23:27.136+0000] {processor.py:839} INFO - DAG(s) dict_keys(['example_python_operator']) retrieved from /home/airflow/.local/lib/python3.8/site-packages/airflow/example_dags/example_python_operator.py
[2023-12-01T06:23:27.155+0000] {logging_mixin.py:151} INFO - [2023-12-01T06:23:27.155+0000] {dag.py:2915} INFO - Sync 1 DAGs
[2023-12-01T06:23:27.165+0000] {logging_mixin.py:151} INFO - [2023-12-01T06:23:27.165+0000] {dag.py:3696} INFO - Setting next_dagrun for example_python_operator to None, run_after=None
[2023-12-01T06:23:27.176+0000] {processor.py:179} INFO - Processing /home/airflow/.local/lib/python3.8/site-packages/airflow/example_dags/example_python_operator.py took 0.060 seconds
[2023-12-01T07:10:09.628+0000] {processor.py:157} INFO - Started process (PID=45725) to work on /home/airflow/.local/lib/python3.8/site-packages/airflow/example_dags/example_python_operator.py
[2023-12-01T07:10:09.629+0000] {processor.py:829} INFO - Processing file /home/airflow/.local/lib/python3.8/site-packages/airflow/example_dags/example_python_operator.py for tasks to queue
[2023-12-01T07:10:09.630+0000] {logging_mixin.py:151} INFO - [2023-12-01T07:10:09.630+0000] {dagbag.py:539} INFO - Filling up the DagBag from /home/airflow/.local/lib/python3.8/site-packages/airflow/example_dags/example_python_operator.py
[2023-12-01T07:10:09.636+0000] {processor.py:839} INFO - DAG(s) dict_keys(['example_python_operator']) retrieved from /home/airflow/.local/lib/python3.8/site-packages/airflow/example_dags/example_python_operator.py
[2023-12-01T07:10:09.650+0000] {logging_mixin.py:151} INFO - [2023-12-01T07:10:09.650+0000] {dag.py:2915} INFO - Sync 1 DAGs
[2023-12-01T07:10:09.665+0000] {logging_mixin.py:151} INFO - [2023-12-01T07:10:09.665+0000] {dag.py:3696} INFO - Setting next_dagrun for example_python_operator to None, run_after=None
[2023-12-01T07:10:09.680+0000] {processor.py:179} INFO - Processing /home/airflow/.local/lib/python3.8/site-packages/airflow/example_dags/example_python_operator.py took 0.055 seconds
[2023-12-01T07:45:20.347+0000] {processor.py:157} INFO - Started process (PID=45779) to work on /home/airflow/.local/lib/python3.8/site-packages/airflow/example_dags/example_python_operator.py
[2023-12-01T07:45:20.348+0000] {processor.py:829} INFO - Processing file /home/airflow/.local/lib/python3.8/site-packages/airflow/example_dags/example_python_operator.py for tasks to queue
[2023-12-01T07:45:20.350+0000] {logging_mixin.py:151} INFO - [2023-12-01T07:45:20.350+0000] {dagbag.py:539} INFO - Filling up the DagBag from /home/airflow/.local/lib/python3.8/site-packages/airflow/example_dags/example_python_operator.py
[2023-12-01T07:45:20.358+0000] {processor.py:839} INFO - DAG(s) dict_keys(['example_python_operator']) retrieved from /home/airflow/.local/lib/python3.8/site-packages/airflow/example_dags/example_python_operator.py
[2023-12-01T07:45:20.380+0000] {logging_mixin.py:151} INFO - [2023-12-01T07:45:20.380+0000] {dag.py:2915} INFO - Sync 1 DAGs
[2023-12-01T07:45:20.389+0000] {logging_mixin.py:151} INFO - [2023-12-01T07:45:20.389+0000] {dag.py:3696} INFO - Setting next_dagrun for example_python_operator to None, run_after=None
[2023-12-01T07:45:20.399+0000] {processor.py:179} INFO - Processing /home/airflow/.local/lib/python3.8/site-packages/airflow/example_dags/example_python_operator.py took 0.054 seconds
[2023-12-01T08:25:28.481+0000] {processor.py:157} INFO - Started process (PID=45833) to work on /home/airflow/.local/lib/python3.8/site-packages/airflow/example_dags/example_python_operator.py
[2023-12-01T08:25:28.482+0000] {processor.py:829} INFO - Processing file /home/airflow/.local/lib/python3.8/site-packages/airflow/example_dags/example_python_operator.py for tasks to queue
[2023-12-01T08:25:28.484+0000] {logging_mixin.py:151} INFO - [2023-12-01T08:25:28.484+0000] {dagbag.py:539} INFO - Filling up the DagBag from /home/airflow/.local/lib/python3.8/site-packages/airflow/example_dags/example_python_operator.py
[2023-12-01T08:25:28.494+0000] {processor.py:839} INFO - DAG(s) dict_keys(['example_python_operator']) retrieved from /home/airflow/.local/lib/python3.8/site-packages/airflow/example_dags/example_python_operator.py
[2023-12-01T08:25:28.523+0000] {logging_mixin.py:151} INFO - [2023-12-01T08:25:28.523+0000] {dag.py:2915} INFO - Sync 1 DAGs
[2023-12-01T08:25:28.533+0000] {logging_mixin.py:151} INFO - [2023-12-01T08:25:28.533+0000] {dag.py:3696} INFO - Setting next_dagrun for example_python_operator to None, run_after=None
[2023-12-01T08:25:28.542+0000] {processor.py:179} INFO - Processing /home/airflow/.local/lib/python3.8/site-packages/airflow/example_dags/example_python_operator.py took 0.064 seconds
[2023-12-01T09:26:34.639+0000] {processor.py:157} INFO - Started process (PID=45887) to work on /home/airflow/.local/lib/python3.8/site-packages/airflow/example_dags/example_python_operator.py
[2023-12-01T09:26:34.641+0000] {processor.py:829} INFO - Processing file /home/airflow/.local/lib/python3.8/site-packages/airflow/example_dags/example_python_operator.py for tasks to queue
[2023-12-01T09:26:34.643+0000] {logging_mixin.py:151} INFO - [2023-12-01T09:26:34.642+0000] {dagbag.py:539} INFO - Filling up the DagBag from /home/airflow/.local/lib/python3.8/site-packages/airflow/example_dags/example_python_operator.py
[2023-12-01T09:26:34.653+0000] {processor.py:839} INFO - DAG(s) dict_keys(['example_python_operator']) retrieved from /home/airflow/.local/lib/python3.8/site-packages/airflow/example_dags/example_python_operator.py
[2023-12-01T09:26:34.687+0000] {logging_mixin.py:151} INFO - [2023-12-01T09:26:34.687+0000] {dag.py:2915} INFO - Sync 1 DAGs
[2023-12-01T09:26:34.707+0000] {logging_mixin.py:151} INFO - [2023-12-01T09:26:34.706+0000] {dag.py:3696} INFO - Setting next_dagrun for example_python_operator to None, run_after=None
[2023-12-01T09:26:34.771+0000] {processor.py:179} INFO - Processing /home/airflow/.local/lib/python3.8/site-packages/airflow/example_dags/example_python_operator.py took 0.135 seconds
[2023-12-01T10:22:11.988+0000] {processor.py:157} INFO - Started process (PID=45941) to work on /home/airflow/.local/lib/python3.8/site-packages/airflow/example_dags/example_python_operator.py
[2023-12-01T10:22:11.989+0000] {processor.py:829} INFO - Processing file /home/airflow/.local/lib/python3.8/site-packages/airflow/example_dags/example_python_operator.py for tasks to queue
[2023-12-01T10:22:11.991+0000] {logging_mixin.py:151} INFO - [2023-12-01T10:22:11.991+0000] {dagbag.py:539} INFO - Filling up the DagBag from /home/airflow/.local/lib/python3.8/site-packages/airflow/example_dags/example_python_operator.py
[2023-12-01T10:22:11.999+0000] {processor.py:839} INFO - DAG(s) dict_keys(['example_python_operator']) retrieved from /home/airflow/.local/lib/python3.8/site-packages/airflow/example_dags/example_python_operator.py
[2023-12-01T10:22:12.017+0000] {logging_mixin.py:151} INFO - [2023-12-01T10:22:12.017+0000] {dag.py:2915} INFO - Sync 1 DAGs
[2023-12-01T10:22:12.025+0000] {logging_mixin.py:151} INFO - [2023-12-01T10:22:12.025+0000] {dag.py:3696} INFO - Setting next_dagrun for example_python_operator to None, run_after=None
[2023-12-01T10:22:12.037+0000] {processor.py:179} INFO - Processing /home/airflow/.local/lib/python3.8/site-packages/airflow/example_dags/example_python_operator.py took 0.055 seconds
[2023-12-01T10:50:47.582+0000] {processor.py:157} INFO - Started process (PID=45995) to work on /home/airflow/.local/lib/python3.8/site-packages/airflow/example_dags/example_python_operator.py
[2023-12-01T10:50:47.583+0000] {processor.py:829} INFO - Processing file /home/airflow/.local/lib/python3.8/site-packages/airflow/example_dags/example_python_operator.py for tasks to queue
[2023-12-01T10:50:47.585+0000] {logging_mixin.py:151} INFO - [2023-12-01T10:50:47.585+0000] {dagbag.py:539} INFO - Filling up the DagBag from /home/airflow/.local/lib/python3.8/site-packages/airflow/example_dags/example_python_operator.py
[2023-12-01T10:50:47.592+0000] {processor.py:839} INFO - DAG(s) dict_keys(['example_python_operator']) retrieved from /home/airflow/.local/lib/python3.8/site-packages/airflow/example_dags/example_python_operator.py
[2023-12-01T10:50:47.608+0000] {logging_mixin.py:151} INFO - [2023-12-01T10:50:47.608+0000] {dag.py:2915} INFO - Sync 1 DAGs
[2023-12-01T10:50:47.616+0000] {logging_mixin.py:151} INFO - [2023-12-01T10:50:47.616+0000] {dag.py:3696} INFO - Setting next_dagrun for example_python_operator to None, run_after=None
[2023-12-01T10:50:47.633+0000] {processor.py:179} INFO - Processing /home/airflow/.local/lib/python3.8/site-packages/airflow/example_dags/example_python_operator.py took 0.053 seconds
[2023-12-01T10:51:18.660+0000] {processor.py:157} INFO - Started process (PID=46049) to work on /home/airflow/.local/lib/python3.8/site-packages/airflow/example_dags/example_python_operator.py
[2023-12-01T10:51:18.661+0000] {processor.py:829} INFO - Processing file /home/airflow/.local/lib/python3.8/site-packages/airflow/example_dags/example_python_operator.py for tasks to queue
[2023-12-01T10:51:18.664+0000] {logging_mixin.py:151} INFO - [2023-12-01T10:51:18.663+0000] {dagbag.py:539} INFO - Filling up the DagBag from /home/airflow/.local/lib/python3.8/site-packages/airflow/example_dags/example_python_operator.py
[2023-12-01T10:51:18.674+0000] {processor.py:839} INFO - DAG(s) dict_keys(['example_python_operator']) retrieved from /home/airflow/.local/lib/python3.8/site-packages/airflow/example_dags/example_python_operator.py
[2023-12-01T10:51:18.691+0000] {logging_mixin.py:151} INFO - [2023-12-01T10:51:18.691+0000] {dag.py:2915} INFO - Sync 1 DAGs
[2023-12-01T10:51:18.700+0000] {logging_mixin.py:151} INFO - [2023-12-01T10:51:18.700+0000] {dag.py:3696} INFO - Setting next_dagrun for example_python_operator to None, run_after=None
[2023-12-01T10:51:18.716+0000] {processor.py:179} INFO - Processing /home/airflow/.local/lib/python3.8/site-packages/airflow/example_dags/example_python_operator.py took 0.061 seconds
[2023-12-01T11:15:11.709+0000] {processor.py:157} INFO - Started process (PID=46103) to work on /home/airflow/.local/lib/python3.8/site-packages/airflow/example_dags/example_python_operator.py
[2023-12-01T11:15:11.711+0000] {processor.py:829} INFO - Processing file /home/airflow/.local/lib/python3.8/site-packages/airflow/example_dags/example_python_operator.py for tasks to queue
[2023-12-01T11:15:11.713+0000] {logging_mixin.py:151} INFO - [2023-12-01T11:15:11.712+0000] {dagbag.py:539} INFO - Filling up the DagBag from /home/airflow/.local/lib/python3.8/site-packages/airflow/example_dags/example_python_operator.py
[2023-12-01T11:15:11.721+0000] {processor.py:839} INFO - DAG(s) dict_keys(['example_python_operator']) retrieved from /home/airflow/.local/lib/python3.8/site-packages/airflow/example_dags/example_python_operator.py
[2023-12-01T11:15:11.740+0000] {logging_mixin.py:151} INFO - [2023-12-01T11:15:11.740+0000] {dag.py:2915} INFO - Sync 1 DAGs
[2023-12-01T11:15:11.749+0000] {logging_mixin.py:151} INFO - [2023-12-01T11:15:11.749+0000] {dag.py:3696} INFO - Setting next_dagrun for example_python_operator to None, run_after=None
[2023-12-01T11:15:11.760+0000] {processor.py:179} INFO - Processing /home/airflow/.local/lib/python3.8/site-packages/airflow/example_dags/example_python_operator.py took 0.055 seconds
[2023-12-01T11:28:39.857+0000] {processor.py:157} INFO - Started process (PID=46157) to work on /home/airflow/.local/lib/python3.8/site-packages/airflow/example_dags/example_python_operator.py
[2023-12-01T11:28:39.858+0000] {processor.py:829} INFO - Processing file /home/airflow/.local/lib/python3.8/site-packages/airflow/example_dags/example_python_operator.py for tasks to queue
[2023-12-01T11:28:39.859+0000] {logging_mixin.py:151} INFO - [2023-12-01T11:28:39.859+0000] {dagbag.py:539} INFO - Filling up the DagBag from /home/airflow/.local/lib/python3.8/site-packages/airflow/example_dags/example_python_operator.py
[2023-12-01T11:28:39.866+0000] {processor.py:839} INFO - DAG(s) dict_keys(['example_python_operator']) retrieved from /home/airflow/.local/lib/python3.8/site-packages/airflow/example_dags/example_python_operator.py
[2023-12-01T11:28:39.879+0000] {logging_mixin.py:151} INFO - [2023-12-01T11:28:39.879+0000] {dag.py:2915} INFO - Sync 1 DAGs
[2023-12-01T11:28:39.885+0000] {logging_mixin.py:151} INFO - [2023-12-01T11:28:39.885+0000] {dag.py:3696} INFO - Setting next_dagrun for example_python_operator to None, run_after=None
[2023-12-01T11:28:39.896+0000] {processor.py:179} INFO - Processing /home/airflow/.local/lib/python3.8/site-packages/airflow/example_dags/example_python_operator.py took 0.041 seconds
[2023-12-01T11:49:02.195+0000] {processor.py:157} INFO - Started process (PID=46211) to work on /home/airflow/.local/lib/python3.8/site-packages/airflow/example_dags/example_python_operator.py
[2023-12-01T11:49:02.196+0000] {processor.py:829} INFO - Processing file /home/airflow/.local/lib/python3.8/site-packages/airflow/example_dags/example_python_operator.py for tasks to queue
[2023-12-01T11:49:02.198+0000] {logging_mixin.py:151} INFO - [2023-12-01T11:49:02.198+0000] {dagbag.py:539} INFO - Filling up the DagBag from /home/airflow/.local/lib/python3.8/site-packages/airflow/example_dags/example_python_operator.py
[2023-12-01T11:49:02.209+0000] {processor.py:839} INFO - DAG(s) dict_keys(['example_python_operator']) retrieved from /home/airflow/.local/lib/python3.8/site-packages/airflow/example_dags/example_python_operator.py
[2023-12-01T11:49:02.248+0000] {logging_mixin.py:151} INFO - [2023-12-01T11:49:02.248+0000] {dag.py:2915} INFO - Sync 1 DAGs
[2023-12-01T11:49:02.281+0000] {logging_mixin.py:151} INFO - [2023-12-01T11:49:02.280+0000] {dag.py:3696} INFO - Setting next_dagrun for example_python_operator to None, run_after=None
[2023-12-01T11:49:02.305+0000] {processor.py:179} INFO - Processing /home/airflow/.local/lib/python3.8/site-packages/airflow/example_dags/example_python_operator.py took 0.115 seconds
[2023-12-01T11:49:33.389+0000] {processor.py:157} INFO - Started process (PID=46266) to work on /home/airflow/.local/lib/python3.8/site-packages/airflow/example_dags/example_python_operator.py
[2023-12-01T11:49:33.390+0000] {processor.py:829} INFO - Processing file /home/airflow/.local/lib/python3.8/site-packages/airflow/example_dags/example_python_operator.py for tasks to queue
[2023-12-01T11:49:33.392+0000] {logging_mixin.py:151} INFO - [2023-12-01T11:49:33.392+0000] {dagbag.py:539} INFO - Filling up the DagBag from /home/airflow/.local/lib/python3.8/site-packages/airflow/example_dags/example_python_operator.py
[2023-12-01T11:49:33.435+0000] {processor.py:839} INFO - DAG(s) dict_keys(['example_python_operator']) retrieved from /home/airflow/.local/lib/python3.8/site-packages/airflow/example_dags/example_python_operator.py
[2023-12-01T11:49:33.477+0000] {logging_mixin.py:151} INFO - [2023-12-01T11:49:33.477+0000] {dag.py:2915} INFO - Sync 1 DAGs
[2023-12-01T11:49:33.491+0000] {logging_mixin.py:151} INFO - [2023-12-01T11:49:33.491+0000] {dag.py:3696} INFO - Setting next_dagrun for example_python_operator to None, run_after=None
[2023-12-01T11:49:33.512+0000] {processor.py:179} INFO - Processing /home/airflow/.local/lib/python3.8/site-packages/airflow/example_dags/example_python_operator.py took 0.127 seconds
[2023-12-01T11:50:04.493+0000] {processor.py:157} INFO - Started process (PID=46320) to work on /home/airflow/.local/lib/python3.8/site-packages/airflow/example_dags/example_python_operator.py
[2023-12-01T11:50:04.495+0000] {processor.py:829} INFO - Processing file /home/airflow/.local/lib/python3.8/site-packages/airflow/example_dags/example_python_operator.py for tasks to queue
[2023-12-01T11:50:04.498+0000] {logging_mixin.py:151} INFO - [2023-12-01T11:50:04.497+0000] {dagbag.py:539} INFO - Filling up the DagBag from /home/airflow/.local/lib/python3.8/site-packages/airflow/example_dags/example_python_operator.py
[2023-12-01T11:50:04.522+0000] {processor.py:839} INFO - DAG(s) dict_keys(['example_python_operator']) retrieved from /home/airflow/.local/lib/python3.8/site-packages/airflow/example_dags/example_python_operator.py
[2023-12-01T11:50:04.553+0000] {logging_mixin.py:151} INFO - [2023-12-01T11:50:04.552+0000] {dag.py:2915} INFO - Sync 1 DAGs
[2023-12-01T11:50:04.572+0000] {logging_mixin.py:151} INFO - [2023-12-01T11:50:04.572+0000] {dag.py:3696} INFO - Setting next_dagrun for example_python_operator to None, run_after=None
[2023-12-01T11:50:04.595+0000] {processor.py:179} INFO - Processing /home/airflow/.local/lib/python3.8/site-packages/airflow/example_dags/example_python_operator.py took 0.107 seconds
[2023-12-01T11:50:35.652+0000] {processor.py:157} INFO - Started process (PID=46375) to work on /home/airflow/.local/lib/python3.8/site-packages/airflow/example_dags/example_python_operator.py
[2023-12-01T11:50:35.653+0000] {processor.py:829} INFO - Processing file /home/airflow/.local/lib/python3.8/site-packages/airflow/example_dags/example_python_operator.py for tasks to queue
[2023-12-01T11:50:35.656+0000] {logging_mixin.py:151} INFO - [2023-12-01T11:50:35.655+0000] {dagbag.py:539} INFO - Filling up the DagBag from /home/airflow/.local/lib/python3.8/site-packages/airflow/example_dags/example_python_operator.py
[2023-12-01T11:50:35.668+0000] {processor.py:839} INFO - DAG(s) dict_keys(['example_python_operator']) retrieved from /home/airflow/.local/lib/python3.8/site-packages/airflow/example_dags/example_python_operator.py
[2023-12-01T11:50:35.692+0000] {logging_mixin.py:151} INFO - [2023-12-01T11:50:35.692+0000] {dag.py:2915} INFO - Sync 1 DAGs
[2023-12-01T11:50:35.703+0000] {logging_mixin.py:151} INFO - [2023-12-01T11:50:35.703+0000] {dag.py:3696} INFO - Setting next_dagrun for example_python_operator to None, run_after=None
[2023-12-01T11:50:35.716+0000] {processor.py:179} INFO - Processing /home/airflow/.local/lib/python3.8/site-packages/airflow/example_dags/example_python_operator.py took 0.069 seconds
[2023-12-01T11:51:06.474+0000] {processor.py:157} INFO - Started process (PID=46429) to work on /home/airflow/.local/lib/python3.8/site-packages/airflow/example_dags/example_python_operator.py
[2023-12-01T11:51:06.476+0000] {processor.py:829} INFO - Processing file /home/airflow/.local/lib/python3.8/site-packages/airflow/example_dags/example_python_operator.py for tasks to queue
[2023-12-01T11:51:06.478+0000] {logging_mixin.py:151} INFO - [2023-12-01T11:51:06.478+0000] {dagbag.py:539} INFO - Filling up the DagBag from /home/airflow/.local/lib/python3.8/site-packages/airflow/example_dags/example_python_operator.py
[2023-12-01T11:51:06.490+0000] {processor.py:839} INFO - DAG(s) dict_keys(['example_python_operator']) retrieved from /home/airflow/.local/lib/python3.8/site-packages/airflow/example_dags/example_python_operator.py
[2023-12-01T11:51:06.541+0000] {logging_mixin.py:151} INFO - [2023-12-01T11:51:06.541+0000] {dag.py:2915} INFO - Sync 1 DAGs
[2023-12-01T11:51:06.553+0000] {logging_mixin.py:151} INFO - [2023-12-01T11:51:06.553+0000] {dag.py:3696} INFO - Setting next_dagrun for example_python_operator to None, run_after=None
[2023-12-01T11:51:06.566+0000] {processor.py:179} INFO - Processing /home/airflow/.local/lib/python3.8/site-packages/airflow/example_dags/example_python_operator.py took 0.097 seconds
[2023-12-01T11:51:37.275+0000] {processor.py:157} INFO - Started process (PID=46483) to work on /home/airflow/.local/lib/python3.8/site-packages/airflow/example_dags/example_python_operator.py
[2023-12-01T11:51:37.280+0000] {processor.py:829} INFO - Processing file /home/airflow/.local/lib/python3.8/site-packages/airflow/example_dags/example_python_operator.py for tasks to queue
[2023-12-01T11:51:37.291+0000] {logging_mixin.py:151} INFO - [2023-12-01T11:51:37.291+0000] {dagbag.py:539} INFO - Filling up the DagBag from /home/airflow/.local/lib/python3.8/site-packages/airflow/example_dags/example_python_operator.py
[2023-12-01T11:51:37.320+0000] {processor.py:839} INFO - DAG(s) dict_keys(['example_python_operator']) retrieved from /home/airflow/.local/lib/python3.8/site-packages/airflow/example_dags/example_python_operator.py
[2023-12-01T11:51:37.377+0000] {logging_mixin.py:151} INFO - [2023-12-01T11:51:37.377+0000] {dag.py:2915} INFO - Sync 1 DAGs
[2023-12-01T11:51:37.413+0000] {logging_mixin.py:151} INFO - [2023-12-01T11:51:37.413+0000] {dag.py:3696} INFO - Setting next_dagrun for example_python_operator to None, run_after=None
[2023-12-01T11:51:37.440+0000] {processor.py:179} INFO - Processing /home/airflow/.local/lib/python3.8/site-packages/airflow/example_dags/example_python_operator.py took 0.182 seconds
[2023-12-01T11:52:08.511+0000] {processor.py:157} INFO - Started process (PID=46537) to work on /home/airflow/.local/lib/python3.8/site-packages/airflow/example_dags/example_python_operator.py
[2023-12-01T11:52:08.514+0000] {processor.py:829} INFO - Processing file /home/airflow/.local/lib/python3.8/site-packages/airflow/example_dags/example_python_operator.py for tasks to queue
[2023-12-01T11:52:08.518+0000] {logging_mixin.py:151} INFO - [2023-12-01T11:52:08.517+0000] {dagbag.py:539} INFO - Filling up the DagBag from /home/airflow/.local/lib/python3.8/site-packages/airflow/example_dags/example_python_operator.py
[2023-12-01T11:52:08.532+0000] {processor.py:839} INFO - DAG(s) dict_keys(['example_python_operator']) retrieved from /home/airflow/.local/lib/python3.8/site-packages/airflow/example_dags/example_python_operator.py
[2023-12-01T11:52:08.576+0000] {logging_mixin.py:151} INFO - [2023-12-01T11:52:08.576+0000] {dag.py:2915} INFO - Sync 1 DAGs
[2023-12-01T11:52:08.588+0000] {logging_mixin.py:151} INFO - [2023-12-01T11:52:08.588+0000] {dag.py:3696} INFO - Setting next_dagrun for example_python_operator to None, run_after=None
[2023-12-01T11:52:08.602+0000] {processor.py:179} INFO - Processing /home/airflow/.local/lib/python3.8/site-packages/airflow/example_dags/example_python_operator.py took 0.096 seconds
[2023-12-01T11:52:39.083+0000] {processor.py:157} INFO - Started process (PID=46590) to work on /home/airflow/.local/lib/python3.8/site-packages/airflow/example_dags/example_python_operator.py
[2023-12-01T11:52:39.089+0000] {processor.py:829} INFO - Processing file /home/airflow/.local/lib/python3.8/site-packages/airflow/example_dags/example_python_operator.py for tasks to queue
[2023-12-01T11:52:39.103+0000] {logging_mixin.py:151} INFO - [2023-12-01T11:52:39.101+0000] {dagbag.py:539} INFO - Filling up the DagBag from /home/airflow/.local/lib/python3.8/site-packages/airflow/example_dags/example_python_operator.py
[2023-12-01T11:52:39.125+0000] {processor.py:839} INFO - DAG(s) dict_keys(['example_python_operator']) retrieved from /home/airflow/.local/lib/python3.8/site-packages/airflow/example_dags/example_python_operator.py
[2023-12-01T11:52:39.222+0000] {logging_mixin.py:151} INFO - [2023-12-01T11:52:39.222+0000] {dag.py:2915} INFO - Sync 1 DAGs
[2023-12-01T11:52:39.271+0000] {logging_mixin.py:151} INFO - [2023-12-01T11:52:39.271+0000] {dag.py:3696} INFO - Setting next_dagrun for example_python_operator to None, run_after=None
[2023-12-01T11:52:39.305+0000] {processor.py:179} INFO - Processing /home/airflow/.local/lib/python3.8/site-packages/airflow/example_dags/example_python_operator.py took 0.238 seconds
[2023-12-01T11:53:09.630+0000] {processor.py:157} INFO - Started process (PID=46644) to work on /home/airflow/.local/lib/python3.8/site-packages/airflow/example_dags/example_python_operator.py
[2023-12-01T11:53:09.632+0000] {processor.py:829} INFO - Processing file /home/airflow/.local/lib/python3.8/site-packages/airflow/example_dags/example_python_operator.py for tasks to queue
[2023-12-01T11:53:09.634+0000] {logging_mixin.py:151} INFO - [2023-12-01T11:53:09.634+0000] {dagbag.py:539} INFO - Filling up the DagBag from /home/airflow/.local/lib/python3.8/site-packages/airflow/example_dags/example_python_operator.py
[2023-12-01T11:53:09.645+0000] {processor.py:839} INFO - DAG(s) dict_keys(['example_python_operator']) retrieved from /home/airflow/.local/lib/python3.8/site-packages/airflow/example_dags/example_python_operator.py
[2023-12-01T11:53:09.662+0000] {logging_mixin.py:151} INFO - [2023-12-01T11:53:09.662+0000] {dag.py:2915} INFO - Sync 1 DAGs
[2023-12-01T11:53:09.670+0000] {logging_mixin.py:151} INFO - [2023-12-01T11:53:09.670+0000] {dag.py:3696} INFO - Setting next_dagrun for example_python_operator to None, run_after=None
[2023-12-01T11:53:09.678+0000] {processor.py:179} INFO - Processing /home/airflow/.local/lib/python3.8/site-packages/airflow/example_dags/example_python_operator.py took 0.052 seconds
[2023-12-01T11:53:40.620+0000] {processor.py:157} INFO - Started process (PID=46698) to work on /home/airflow/.local/lib/python3.8/site-packages/airflow/example_dags/example_python_operator.py
[2023-12-01T11:53:40.622+0000] {processor.py:829} INFO - Processing file /home/airflow/.local/lib/python3.8/site-packages/airflow/example_dags/example_python_operator.py for tasks to queue
[2023-12-01T11:53:40.625+0000] {logging_mixin.py:151} INFO - [2023-12-01T11:53:40.624+0000] {dagbag.py:539} INFO - Filling up the DagBag from /home/airflow/.local/lib/python3.8/site-packages/airflow/example_dags/example_python_operator.py
[2023-12-01T11:53:40.635+0000] {processor.py:839} INFO - DAG(s) dict_keys(['example_python_operator']) retrieved from /home/airflow/.local/lib/python3.8/site-packages/airflow/example_dags/example_python_operator.py
[2023-12-01T11:53:40.671+0000] {logging_mixin.py:151} INFO - [2023-12-01T11:53:40.671+0000] {dag.py:2915} INFO - Sync 1 DAGs
[2023-12-01T11:53:40.688+0000] {logging_mixin.py:151} INFO - [2023-12-01T11:53:40.687+0000] {dag.py:3696} INFO - Setting next_dagrun for example_python_operator to None, run_after=None
[2023-12-01T11:53:40.708+0000] {processor.py:179} INFO - Processing /home/airflow/.local/lib/python3.8/site-packages/airflow/example_dags/example_python_operator.py took 0.098 seconds
[2023-12-01T11:54:10.830+0000] {processor.py:157} INFO - Started process (PID=46752) to work on /home/airflow/.local/lib/python3.8/site-packages/airflow/example_dags/example_python_operator.py
[2023-12-01T11:54:10.831+0000] {processor.py:829} INFO - Processing file /home/airflow/.local/lib/python3.8/site-packages/airflow/example_dags/example_python_operator.py for tasks to queue
[2023-12-01T11:54:10.833+0000] {logging_mixin.py:151} INFO - [2023-12-01T11:54:10.833+0000] {dagbag.py:539} INFO - Filling up the DagBag from /home/airflow/.local/lib/python3.8/site-packages/airflow/example_dags/example_python_operator.py
[2023-12-01T11:54:10.840+0000] {processor.py:839} INFO - DAG(s) dict_keys(['example_python_operator']) retrieved from /home/airflow/.local/lib/python3.8/site-packages/airflow/example_dags/example_python_operator.py
[2023-12-01T11:54:10.854+0000] {logging_mixin.py:151} INFO - [2023-12-01T11:54:10.854+0000] {dag.py:2915} INFO - Sync 1 DAGs
[2023-12-01T11:54:10.860+0000] {logging_mixin.py:151} INFO - [2023-12-01T11:54:10.860+0000] {dag.py:3696} INFO - Setting next_dagrun for example_python_operator to None, run_after=None
[2023-12-01T11:54:10.869+0000] {processor.py:179} INFO - Processing /home/airflow/.local/lib/python3.8/site-packages/airflow/example_dags/example_python_operator.py took 0.042 seconds
[2023-12-01T11:54:41.316+0000] {processor.py:157} INFO - Started process (PID=46806) to work on /home/airflow/.local/lib/python3.8/site-packages/airflow/example_dags/example_python_operator.py
[2023-12-01T11:54:41.317+0000] {processor.py:829} INFO - Processing file /home/airflow/.local/lib/python3.8/site-packages/airflow/example_dags/example_python_operator.py for tasks to queue
[2023-12-01T11:54:41.319+0000] {logging_mixin.py:151} INFO - [2023-12-01T11:54:41.319+0000] {dagbag.py:539} INFO - Filling up the DagBag from /home/airflow/.local/lib/python3.8/site-packages/airflow/example_dags/example_python_operator.py
[2023-12-01T11:54:41.326+0000] {processor.py:839} INFO - DAG(s) dict_keys(['example_python_operator']) retrieved from /home/airflow/.local/lib/python3.8/site-packages/airflow/example_dags/example_python_operator.py
[2023-12-01T11:54:41.344+0000] {logging_mixin.py:151} INFO - [2023-12-01T11:54:41.344+0000] {dag.py:2915} INFO - Sync 1 DAGs
[2023-12-01T11:54:41.352+0000] {logging_mixin.py:151} INFO - [2023-12-01T11:54:41.352+0000] {dag.py:3696} INFO - Setting next_dagrun for example_python_operator to None, run_after=None
[2023-12-01T11:54:41.361+0000] {processor.py:179} INFO - Processing /home/airflow/.local/lib/python3.8/site-packages/airflow/example_dags/example_python_operator.py took 0.048 seconds
[2023-12-01T11:55:11.692+0000] {processor.py:157} INFO - Started process (PID=46859) to work on /home/airflow/.local/lib/python3.8/site-packages/airflow/example_dags/example_python_operator.py
[2023-12-01T11:55:11.693+0000] {processor.py:829} INFO - Processing file /home/airflow/.local/lib/python3.8/site-packages/airflow/example_dags/example_python_operator.py for tasks to queue
[2023-12-01T11:55:11.695+0000] {logging_mixin.py:151} INFO - [2023-12-01T11:55:11.695+0000] {dagbag.py:539} INFO - Filling up the DagBag from /home/airflow/.local/lib/python3.8/site-packages/airflow/example_dags/example_python_operator.py
[2023-12-01T11:55:11.706+0000] {processor.py:839} INFO - DAG(s) dict_keys(['example_python_operator']) retrieved from /home/airflow/.local/lib/python3.8/site-packages/airflow/example_dags/example_python_operator.py
[2023-12-01T11:55:11.724+0000] {logging_mixin.py:151} INFO - [2023-12-01T11:55:11.724+0000] {dag.py:2915} INFO - Sync 1 DAGs
[2023-12-01T11:55:11.730+0000] {logging_mixin.py:151} INFO - [2023-12-01T11:55:11.730+0000] {dag.py:3696} INFO - Setting next_dagrun for example_python_operator to None, run_after=None
[2023-12-01T11:55:11.740+0000] {processor.py:179} INFO - Processing /home/airflow/.local/lib/python3.8/site-packages/airflow/example_dags/example_python_operator.py took 0.052 seconds
[2023-12-01T11:55:42.295+0000] {processor.py:157} INFO - Started process (PID=46913) to work on /home/airflow/.local/lib/python3.8/site-packages/airflow/example_dags/example_python_operator.py
[2023-12-01T11:55:42.296+0000] {processor.py:829} INFO - Processing file /home/airflow/.local/lib/python3.8/site-packages/airflow/example_dags/example_python_operator.py for tasks to queue
[2023-12-01T11:55:42.297+0000] {logging_mixin.py:151} INFO - [2023-12-01T11:55:42.297+0000] {dagbag.py:539} INFO - Filling up the DagBag from /home/airflow/.local/lib/python3.8/site-packages/airflow/example_dags/example_python_operator.py
[2023-12-01T11:55:42.304+0000] {processor.py:839} INFO - DAG(s) dict_keys(['example_python_operator']) retrieved from /home/airflow/.local/lib/python3.8/site-packages/airflow/example_dags/example_python_operator.py
[2023-12-01T11:55:42.318+0000] {logging_mixin.py:151} INFO - [2023-12-01T11:55:42.318+0000] {dag.py:2915} INFO - Sync 1 DAGs
[2023-12-01T11:55:42.325+0000] {logging_mixin.py:151} INFO - [2023-12-01T11:55:42.325+0000] {dag.py:3696} INFO - Setting next_dagrun for example_python_operator to None, run_after=None
[2023-12-01T11:55:42.335+0000] {processor.py:179} INFO - Processing /home/airflow/.local/lib/python3.8/site-packages/airflow/example_dags/example_python_operator.py took 0.043 seconds
[2023-12-01T11:56:12.917+0000] {processor.py:157} INFO - Started process (PID=46967) to work on /home/airflow/.local/lib/python3.8/site-packages/airflow/example_dags/example_python_operator.py
[2023-12-01T11:56:12.918+0000] {processor.py:829} INFO - Processing file /home/airflow/.local/lib/python3.8/site-packages/airflow/example_dags/example_python_operator.py for tasks to queue
[2023-12-01T11:56:12.920+0000] {logging_mixin.py:151} INFO - [2023-12-01T11:56:12.920+0000] {dagbag.py:539} INFO - Filling up the DagBag from /home/airflow/.local/lib/python3.8/site-packages/airflow/example_dags/example_python_operator.py
[2023-12-01T11:56:12.927+0000] {processor.py:839} INFO - DAG(s) dict_keys(['example_python_operator']) retrieved from /home/airflow/.local/lib/python3.8/site-packages/airflow/example_dags/example_python_operator.py
[2023-12-01T11:56:12.941+0000] {logging_mixin.py:151} INFO - [2023-12-01T11:56:12.941+0000] {dag.py:2915} INFO - Sync 1 DAGs
[2023-12-01T11:56:12.948+0000] {logging_mixin.py:151} INFO - [2023-12-01T11:56:12.948+0000] {dag.py:3696} INFO - Setting next_dagrun for example_python_operator to None, run_after=None
[2023-12-01T11:56:12.962+0000] {processor.py:179} INFO - Processing /home/airflow/.local/lib/python3.8/site-packages/airflow/example_dags/example_python_operator.py took 0.047 seconds
[2023-12-01T12:09:25.382+0000] {processor.py:157} INFO - Started process (PID=47016) to work on /home/airflow/.local/lib/python3.8/site-packages/airflow/example_dags/example_python_operator.py
[2023-12-01T12:09:25.383+0000] {processor.py:829} INFO - Processing file /home/airflow/.local/lib/python3.8/site-packages/airflow/example_dags/example_python_operator.py for tasks to queue
[2023-12-01T12:09:25.385+0000] {logging_mixin.py:151} INFO - [2023-12-01T12:09:25.385+0000] {dagbag.py:539} INFO - Filling up the DagBag from /home/airflow/.local/lib/python3.8/site-packages/airflow/example_dags/example_python_operator.py
[2023-12-01T12:09:25.395+0000] {processor.py:839} INFO - DAG(s) dict_keys(['example_python_operator']) retrieved from /home/airflow/.local/lib/python3.8/site-packages/airflow/example_dags/example_python_operator.py
[2023-12-01T12:09:25.418+0000] {logging_mixin.py:151} INFO - [2023-12-01T12:09:25.417+0000] {dag.py:2915} INFO - Sync 1 DAGs
[2023-12-01T12:09:25.438+0000] {logging_mixin.py:151} INFO - [2023-12-01T12:09:25.438+0000] {dag.py:3696} INFO - Setting next_dagrun for example_python_operator to None, run_after=None
[2023-12-01T12:09:25.454+0000] {processor.py:179} INFO - Processing /home/airflow/.local/lib/python3.8/site-packages/airflow/example_dags/example_python_operator.py took 0.076 seconds
[2023-12-01T12:43:13.089+0000] {processor.py:157} INFO - Started process (PID=47070) to work on /home/airflow/.local/lib/python3.8/site-packages/airflow/example_dags/example_python_operator.py
[2023-12-01T12:43:13.090+0000] {processor.py:829} INFO - Processing file /home/airflow/.local/lib/python3.8/site-packages/airflow/example_dags/example_python_operator.py for tasks to queue
[2023-12-01T12:43:13.091+0000] {logging_mixin.py:151} INFO - [2023-12-01T12:43:13.091+0000] {dagbag.py:539} INFO - Filling up the DagBag from /home/airflow/.local/lib/python3.8/site-packages/airflow/example_dags/example_python_operator.py
[2023-12-01T12:43:13.099+0000] {processor.py:839} INFO - DAG(s) dict_keys(['example_python_operator']) retrieved from /home/airflow/.local/lib/python3.8/site-packages/airflow/example_dags/example_python_operator.py
[2023-12-01T12:43:13.115+0000] {logging_mixin.py:151} INFO - [2023-12-01T12:43:13.115+0000] {dag.py:2915} INFO - Sync 1 DAGs
[2023-12-01T12:43:13.122+0000] {logging_mixin.py:151} INFO - [2023-12-01T12:43:13.122+0000] {dag.py:3696} INFO - Setting next_dagrun for example_python_operator to None, run_after=None
[2023-12-01T12:43:13.132+0000] {processor.py:179} INFO - Processing /home/airflow/.local/lib/python3.8/site-packages/airflow/example_dags/example_python_operator.py took 0.046 seconds
[2023-12-01T12:53:57.476+0000] {processor.py:157} INFO - Started process (PID=47124) to work on /home/airflow/.local/lib/python3.8/site-packages/airflow/example_dags/example_python_operator.py
[2023-12-01T12:53:57.478+0000] {processor.py:829} INFO - Processing file /home/airflow/.local/lib/python3.8/site-packages/airflow/example_dags/example_python_operator.py for tasks to queue
[2023-12-01T12:53:57.480+0000] {logging_mixin.py:151} INFO - [2023-12-01T12:53:57.479+0000] {dagbag.py:539} INFO - Filling up the DagBag from /home/airflow/.local/lib/python3.8/site-packages/airflow/example_dags/example_python_operator.py
[2023-12-01T12:53:57.489+0000] {processor.py:839} INFO - DAG(s) dict_keys(['example_python_operator']) retrieved from /home/airflow/.local/lib/python3.8/site-packages/airflow/example_dags/example_python_operator.py
[2023-12-01T12:53:57.510+0000] {logging_mixin.py:151} INFO - [2023-12-01T12:53:57.509+0000] {dag.py:2915} INFO - Sync 1 DAGs
[2023-12-01T12:53:57.522+0000] {logging_mixin.py:151} INFO - [2023-12-01T12:53:57.522+0000] {dag.py:3696} INFO - Setting next_dagrun for example_python_operator to None, run_after=None
[2023-12-01T12:53:57.542+0000] {processor.py:179} INFO - Processing /home/airflow/.local/lib/python3.8/site-packages/airflow/example_dags/example_python_operator.py took 0.068 seconds
[2023-12-01T13:07:29.937+0000] {processor.py:157} INFO - Started process (PID=47178) to work on /home/airflow/.local/lib/python3.8/site-packages/airflow/example_dags/example_python_operator.py
[2023-12-01T13:07:29.939+0000] {processor.py:829} INFO - Processing file /home/airflow/.local/lib/python3.8/site-packages/airflow/example_dags/example_python_operator.py for tasks to queue
[2023-12-01T13:07:29.942+0000] {logging_mixin.py:151} INFO - [2023-12-01T13:07:29.941+0000] {dagbag.py:539} INFO - Filling up the DagBag from /home/airflow/.local/lib/python3.8/site-packages/airflow/example_dags/example_python_operator.py
[2023-12-01T13:07:29.953+0000] {processor.py:839} INFO - DAG(s) dict_keys(['example_python_operator']) retrieved from /home/airflow/.local/lib/python3.8/site-packages/airflow/example_dags/example_python_operator.py
[2023-12-01T13:07:29.973+0000] {logging_mixin.py:151} INFO - [2023-12-01T13:07:29.973+0000] {dag.py:2915} INFO - Sync 1 DAGs
[2023-12-01T13:07:29.983+0000] {logging_mixin.py:151} INFO - [2023-12-01T13:07:29.983+0000] {dag.py:3696} INFO - Setting next_dagrun for example_python_operator to None, run_after=None
[2023-12-01T13:07:30.013+0000] {processor.py:179} INFO - Processing /home/airflow/.local/lib/python3.8/site-packages/airflow/example_dags/example_python_operator.py took 0.079 seconds
[2023-12-01T13:10:47.770+0000] {processor.py:157} INFO - Started process (PID=47232) to work on /home/airflow/.local/lib/python3.8/site-packages/airflow/example_dags/example_python_operator.py
[2023-12-01T13:10:47.771+0000] {processor.py:829} INFO - Processing file /home/airflow/.local/lib/python3.8/site-packages/airflow/example_dags/example_python_operator.py for tasks to queue
[2023-12-01T13:10:47.772+0000] {logging_mixin.py:151} INFO - [2023-12-01T13:10:47.772+0000] {dagbag.py:539} INFO - Filling up the DagBag from /home/airflow/.local/lib/python3.8/site-packages/airflow/example_dags/example_python_operator.py
[2023-12-01T13:10:47.780+0000] {processor.py:839} INFO - DAG(s) dict_keys(['example_python_operator']) retrieved from /home/airflow/.local/lib/python3.8/site-packages/airflow/example_dags/example_python_operator.py
[2023-12-01T13:10:47.803+0000] {logging_mixin.py:151} INFO - [2023-12-01T13:10:47.803+0000] {dag.py:2915} INFO - Sync 1 DAGs
[2023-12-01T13:10:47.814+0000] {logging_mixin.py:151} INFO - [2023-12-01T13:10:47.814+0000] {dag.py:3696} INFO - Setting next_dagrun for example_python_operator to None, run_after=None
[2023-12-01T13:10:47.835+0000] {processor.py:179} INFO - Processing /home/airflow/.local/lib/python3.8/site-packages/airflow/example_dags/example_python_operator.py took 0.068 seconds
[2023-12-01T14:00:29.578+0000] {processor.py:157} INFO - Started process (PID=47286) to work on /home/airflow/.local/lib/python3.8/site-packages/airflow/example_dags/example_python_operator.py
[2023-12-01T14:00:29.579+0000] {processor.py:829} INFO - Processing file /home/airflow/.local/lib/python3.8/site-packages/airflow/example_dags/example_python_operator.py for tasks to queue
[2023-12-01T14:00:29.580+0000] {logging_mixin.py:151} INFO - [2023-12-01T14:00:29.580+0000] {dagbag.py:539} INFO - Filling up the DagBag from /home/airflow/.local/lib/python3.8/site-packages/airflow/example_dags/example_python_operator.py
[2023-12-01T14:00:29.588+0000] {processor.py:839} INFO - DAG(s) dict_keys(['example_python_operator']) retrieved from /home/airflow/.local/lib/python3.8/site-packages/airflow/example_dags/example_python_operator.py
[2023-12-01T14:00:29.604+0000] {logging_mixin.py:151} INFO - [2023-12-01T14:00:29.603+0000] {dag.py:2915} INFO - Sync 1 DAGs
[2023-12-01T14:00:29.611+0000] {logging_mixin.py:151} INFO - [2023-12-01T14:00:29.611+0000] {dag.py:3696} INFO - Setting next_dagrun for example_python_operator to None, run_after=None
[2023-12-01T14:00:29.620+0000] {processor.py:179} INFO - Processing /home/airflow/.local/lib/python3.8/site-packages/airflow/example_dags/example_python_operator.py took 0.047 seconds
[2023-12-01T14:53:29.777+0000] {processor.py:157} INFO - Started process (PID=47340) to work on /home/airflow/.local/lib/python3.8/site-packages/airflow/example_dags/example_python_operator.py
[2023-12-01T14:53:29.778+0000] {processor.py:829} INFO - Processing file /home/airflow/.local/lib/python3.8/site-packages/airflow/example_dags/example_python_operator.py for tasks to queue
[2023-12-01T14:53:29.779+0000] {logging_mixin.py:151} INFO - [2023-12-01T14:53:29.779+0000] {dagbag.py:539} INFO - Filling up the DagBag from /home/airflow/.local/lib/python3.8/site-packages/airflow/example_dags/example_python_operator.py
[2023-12-01T14:53:29.786+0000] {processor.py:839} INFO - DAG(s) dict_keys(['example_python_operator']) retrieved from /home/airflow/.local/lib/python3.8/site-packages/airflow/example_dags/example_python_operator.py
[2023-12-01T14:53:29.802+0000] {logging_mixin.py:151} INFO - [2023-12-01T14:53:29.801+0000] {dag.py:2915} INFO - Sync 1 DAGs
[2023-12-01T14:53:29.809+0000] {logging_mixin.py:151} INFO - [2023-12-01T14:53:29.809+0000] {dag.py:3696} INFO - Setting next_dagrun for example_python_operator to None, run_after=None
[2023-12-01T14:53:29.818+0000] {processor.py:179} INFO - Processing /home/airflow/.local/lib/python3.8/site-packages/airflow/example_dags/example_python_operator.py took 0.044 seconds
[2023-12-01T15:50:59.603+0000] {processor.py:157} INFO - Started process (PID=47394) to work on /home/airflow/.local/lib/python3.8/site-packages/airflow/example_dags/example_python_operator.py
[2023-12-01T15:50:59.604+0000] {processor.py:829} INFO - Processing file /home/airflow/.local/lib/python3.8/site-packages/airflow/example_dags/example_python_operator.py for tasks to queue
[2023-12-01T15:50:59.606+0000] {logging_mixin.py:151} INFO - [2023-12-01T15:50:59.606+0000] {dagbag.py:539} INFO - Filling up the DagBag from /home/airflow/.local/lib/python3.8/site-packages/airflow/example_dags/example_python_operator.py
[2023-12-01T15:50:59.623+0000] {processor.py:839} INFO - DAG(s) dict_keys(['example_python_operator']) retrieved from /home/airflow/.local/lib/python3.8/site-packages/airflow/example_dags/example_python_operator.py
[2023-12-01T15:50:59.644+0000] {logging_mixin.py:151} INFO - [2023-12-01T15:50:59.643+0000] {dag.py:2915} INFO - Sync 1 DAGs
[2023-12-01T15:50:59.651+0000] {logging_mixin.py:151} INFO - [2023-12-01T15:50:59.651+0000] {dag.py:3696} INFO - Setting next_dagrun for example_python_operator to None, run_after=None
[2023-12-01T15:50:59.661+0000] {processor.py:179} INFO - Processing /home/airflow/.local/lib/python3.8/site-packages/airflow/example_dags/example_python_operator.py took 0.062 seconds
[2023-12-01T16:35:44.551+0000] {processor.py:157} INFO - Started process (PID=47448) to work on /home/airflow/.local/lib/python3.8/site-packages/airflow/example_dags/example_python_operator.py
[2023-12-01T16:35:44.552+0000] {processor.py:829} INFO - Processing file /home/airflow/.local/lib/python3.8/site-packages/airflow/example_dags/example_python_operator.py for tasks to queue
[2023-12-01T16:35:44.554+0000] {logging_mixin.py:151} INFO - [2023-12-01T16:35:44.554+0000] {dagbag.py:539} INFO - Filling up the DagBag from /home/airflow/.local/lib/python3.8/site-packages/airflow/example_dags/example_python_operator.py
[2023-12-01T16:35:44.562+0000] {processor.py:839} INFO - DAG(s) dict_keys(['example_python_operator']) retrieved from /home/airflow/.local/lib/python3.8/site-packages/airflow/example_dags/example_python_operator.py
[2023-12-01T16:35:44.578+0000] {logging_mixin.py:151} INFO - [2023-12-01T16:35:44.577+0000] {dag.py:2915} INFO - Sync 1 DAGs
[2023-12-01T16:35:44.585+0000] {logging_mixin.py:151} INFO - [2023-12-01T16:35:44.585+0000] {dag.py:3696} INFO - Setting next_dagrun for example_python_operator to None, run_after=None
[2023-12-01T16:35:44.595+0000] {processor.py:179} INFO - Processing /home/airflow/.local/lib/python3.8/site-packages/airflow/example_dags/example_python_operator.py took 0.047 seconds
[2023-12-01T17:55:40.470+0000] {processor.py:157} INFO - Started process (PID=47502) to work on /home/airflow/.local/lib/python3.8/site-packages/airflow/example_dags/example_python_operator.py
[2023-12-01T17:55:40.471+0000] {processor.py:829} INFO - Processing file /home/airflow/.local/lib/python3.8/site-packages/airflow/example_dags/example_python_operator.py for tasks to queue
[2023-12-01T17:55:40.473+0000] {logging_mixin.py:151} INFO - [2023-12-01T17:55:40.473+0000] {dagbag.py:539} INFO - Filling up the DagBag from /home/airflow/.local/lib/python3.8/site-packages/airflow/example_dags/example_python_operator.py
[2023-12-01T17:55:40.481+0000] {processor.py:839} INFO - DAG(s) dict_keys(['example_python_operator']) retrieved from /home/airflow/.local/lib/python3.8/site-packages/airflow/example_dags/example_python_operator.py
[2023-12-01T17:55:40.496+0000] {logging_mixin.py:151} INFO - [2023-12-01T17:55:40.496+0000] {dag.py:2915} INFO - Sync 1 DAGs
[2023-12-01T17:55:40.503+0000] {logging_mixin.py:151} INFO - [2023-12-01T17:55:40.503+0000] {dag.py:3696} INFO - Setting next_dagrun for example_python_operator to None, run_after=None
[2023-12-01T17:55:40.513+0000] {processor.py:179} INFO - Processing /home/airflow/.local/lib/python3.8/site-packages/airflow/example_dags/example_python_operator.py took 0.046 seconds
[2023-12-01T18:35:03.415+0000] {processor.py:157} INFO - Started process (PID=47556) to work on /home/airflow/.local/lib/python3.8/site-packages/airflow/example_dags/example_python_operator.py
[2023-12-01T18:35:03.416+0000] {processor.py:829} INFO - Processing file /home/airflow/.local/lib/python3.8/site-packages/airflow/example_dags/example_python_operator.py for tasks to queue
[2023-12-01T18:35:03.417+0000] {logging_mixin.py:151} INFO - [2023-12-01T18:35:03.417+0000] {dagbag.py:539} INFO - Filling up the DagBag from /home/airflow/.local/lib/python3.8/site-packages/airflow/example_dags/example_python_operator.py
[2023-12-01T18:35:03.424+0000] {processor.py:839} INFO - DAG(s) dict_keys(['example_python_operator']) retrieved from /home/airflow/.local/lib/python3.8/site-packages/airflow/example_dags/example_python_operator.py
[2023-12-01T18:35:03.438+0000] {logging_mixin.py:151} INFO - [2023-12-01T18:35:03.438+0000] {dag.py:2915} INFO - Sync 1 DAGs
[2023-12-01T18:35:03.445+0000] {logging_mixin.py:151} INFO - [2023-12-01T18:35:03.445+0000] {dag.py:3696} INFO - Setting next_dagrun for example_python_operator to None, run_after=None
[2023-12-01T18:35:03.454+0000] {processor.py:179} INFO - Processing /home/airflow/.local/lib/python3.8/site-packages/airflow/example_dags/example_python_operator.py took 0.042 seconds
[2023-12-01T19:05:45.733+0000] {processor.py:157} INFO - Started process (PID=47610) to work on /home/airflow/.local/lib/python3.8/site-packages/airflow/example_dags/example_python_operator.py
[2023-12-01T19:05:45.734+0000] {processor.py:829} INFO - Processing file /home/airflow/.local/lib/python3.8/site-packages/airflow/example_dags/example_python_operator.py for tasks to queue
[2023-12-01T19:05:45.736+0000] {logging_mixin.py:151} INFO - [2023-12-01T19:05:45.736+0000] {dagbag.py:539} INFO - Filling up the DagBag from /home/airflow/.local/lib/python3.8/site-packages/airflow/example_dags/example_python_operator.py
[2023-12-01T19:05:45.745+0000] {processor.py:839} INFO - DAG(s) dict_keys(['example_python_operator']) retrieved from /home/airflow/.local/lib/python3.8/site-packages/airflow/example_dags/example_python_operator.py
[2023-12-01T19:05:45.762+0000] {logging_mixin.py:151} INFO - [2023-12-01T19:05:45.762+0000] {dag.py:2915} INFO - Sync 1 DAGs
[2023-12-01T19:05:45.770+0000] {logging_mixin.py:151} INFO - [2023-12-01T19:05:45.770+0000] {dag.py:3696} INFO - Setting next_dagrun for example_python_operator to None, run_after=None
[2023-12-01T19:05:45.780+0000] {processor.py:179} INFO - Processing /home/airflow/.local/lib/python3.8/site-packages/airflow/example_dags/example_python_operator.py took 0.051 seconds
[2023-12-01T19:33:47.663+0000] {processor.py:157} INFO - Started process (PID=47664) to work on /home/airflow/.local/lib/python3.8/site-packages/airflow/example_dags/example_python_operator.py
[2023-12-01T19:33:47.666+0000] {processor.py:829} INFO - Processing file /home/airflow/.local/lib/python3.8/site-packages/airflow/example_dags/example_python_operator.py for tasks to queue
[2023-12-01T19:33:47.672+0000] {logging_mixin.py:151} INFO - [2023-12-01T19:33:47.671+0000] {dagbag.py:539} INFO - Filling up the DagBag from /home/airflow/.local/lib/python3.8/site-packages/airflow/example_dags/example_python_operator.py
[2023-12-01T19:33:47.684+0000] {processor.py:839} INFO - DAG(s) dict_keys(['example_python_operator']) retrieved from /home/airflow/.local/lib/python3.8/site-packages/airflow/example_dags/example_python_operator.py
[2023-12-01T19:33:47.734+0000] {logging_mixin.py:151} INFO - [2023-12-01T19:33:47.734+0000] {dag.py:2915} INFO - Sync 1 DAGs
[2023-12-01T19:33:47.749+0000] {logging_mixin.py:151} INFO - [2023-12-01T19:33:47.749+0000] {dag.py:3696} INFO - Setting next_dagrun for example_python_operator to None, run_after=None
[2023-12-01T19:33:47.761+0000] {processor.py:179} INFO - Processing /home/airflow/.local/lib/python3.8/site-packages/airflow/example_dags/example_python_operator.py took 0.109 seconds
[2023-12-01T20:06:44.693+0000] {processor.py:157} INFO - Started process (PID=47718) to work on /home/airflow/.local/lib/python3.8/site-packages/airflow/example_dags/example_python_operator.py
[2023-12-01T20:06:44.694+0000] {processor.py:829} INFO - Processing file /home/airflow/.local/lib/python3.8/site-packages/airflow/example_dags/example_python_operator.py for tasks to queue
[2023-12-01T20:06:44.696+0000] {logging_mixin.py:151} INFO - [2023-12-01T20:06:44.695+0000] {dagbag.py:539} INFO - Filling up the DagBag from /home/airflow/.local/lib/python3.8/site-packages/airflow/example_dags/example_python_operator.py
[2023-12-01T20:06:44.703+0000] {processor.py:839} INFO - DAG(s) dict_keys(['example_python_operator']) retrieved from /home/airflow/.local/lib/python3.8/site-packages/airflow/example_dags/example_python_operator.py
[2023-12-01T20:06:44.722+0000] {logging_mixin.py:151} INFO - [2023-12-01T20:06:44.722+0000] {dag.py:2915} INFO - Sync 1 DAGs
[2023-12-01T20:06:44.732+0000] {logging_mixin.py:151} INFO - [2023-12-01T20:06:44.732+0000] {dag.py:3696} INFO - Setting next_dagrun for example_python_operator to None, run_after=None
[2023-12-01T20:06:44.743+0000] {processor.py:179} INFO - Processing /home/airflow/.local/lib/python3.8/site-packages/airflow/example_dags/example_python_operator.py took 0.052 seconds
[2023-12-01T20:20:13.189+0000] {processor.py:157} INFO - Started process (PID=47772) to work on /home/airflow/.local/lib/python3.8/site-packages/airflow/example_dags/example_python_operator.py
[2023-12-01T20:20:13.190+0000] {processor.py:829} INFO - Processing file /home/airflow/.local/lib/python3.8/site-packages/airflow/example_dags/example_python_operator.py for tasks to queue
[2023-12-01T20:20:13.194+0000] {logging_mixin.py:151} INFO - [2023-12-01T20:20:13.194+0000] {dagbag.py:539} INFO - Filling up the DagBag from /home/airflow/.local/lib/python3.8/site-packages/airflow/example_dags/example_python_operator.py
[2023-12-01T20:20:13.213+0000] {processor.py:839} INFO - DAG(s) dict_keys(['example_python_operator']) retrieved from /home/airflow/.local/lib/python3.8/site-packages/airflow/example_dags/example_python_operator.py
[2023-12-01T20:20:13.235+0000] {logging_mixin.py:151} INFO - [2023-12-01T20:20:13.235+0000] {dag.py:2915} INFO - Sync 1 DAGs
[2023-12-01T20:20:13.243+0000] {logging_mixin.py:151} INFO - [2023-12-01T20:20:13.243+0000] {dag.py:3696} INFO - Setting next_dagrun for example_python_operator to None, run_after=None
[2023-12-01T20:20:13.254+0000] {processor.py:179} INFO - Processing /home/airflow/.local/lib/python3.8/site-packages/airflow/example_dags/example_python_operator.py took 0.069 seconds
[2023-12-01T20:46:19.763+0000] {processor.py:157} INFO - Started process (PID=47826) to work on /home/airflow/.local/lib/python3.8/site-packages/airflow/example_dags/example_python_operator.py
[2023-12-01T20:46:19.764+0000] {processor.py:829} INFO - Processing file /home/airflow/.local/lib/python3.8/site-packages/airflow/example_dags/example_python_operator.py for tasks to queue
[2023-12-01T20:46:19.766+0000] {logging_mixin.py:151} INFO - [2023-12-01T20:46:19.765+0000] {dagbag.py:539} INFO - Filling up the DagBag from /home/airflow/.local/lib/python3.8/site-packages/airflow/example_dags/example_python_operator.py
[2023-12-01T20:46:19.773+0000] {processor.py:839} INFO - DAG(s) dict_keys(['example_python_operator']) retrieved from /home/airflow/.local/lib/python3.8/site-packages/airflow/example_dags/example_python_operator.py
[2023-12-01T20:46:19.797+0000] {logging_mixin.py:151} INFO - [2023-12-01T20:46:19.797+0000] {dag.py:2915} INFO - Sync 1 DAGs
[2023-12-01T20:46:19.805+0000] {logging_mixin.py:151} INFO - [2023-12-01T20:46:19.805+0000] {dag.py:3696} INFO - Setting next_dagrun for example_python_operator to None, run_after=None
[2023-12-01T20:46:19.816+0000] {processor.py:179} INFO - Processing /home/airflow/.local/lib/python3.8/site-packages/airflow/example_dags/example_python_operator.py took 0.056 seconds
[2023-12-01T21:17:02.792+0000] {processor.py:157} INFO - Started process (PID=47880) to work on /home/airflow/.local/lib/python3.8/site-packages/airflow/example_dags/example_python_operator.py
[2023-12-01T21:17:02.794+0000] {processor.py:829} INFO - Processing file /home/airflow/.local/lib/python3.8/site-packages/airflow/example_dags/example_python_operator.py for tasks to queue
[2023-12-01T21:17:02.796+0000] {logging_mixin.py:151} INFO - [2023-12-01T21:17:02.796+0000] {dagbag.py:539} INFO - Filling up the DagBag from /home/airflow/.local/lib/python3.8/site-packages/airflow/example_dags/example_python_operator.py
[2023-12-01T21:17:02.813+0000] {processor.py:839} INFO - DAG(s) dict_keys(['example_python_operator']) retrieved from /home/airflow/.local/lib/python3.8/site-packages/airflow/example_dags/example_python_operator.py
[2023-12-01T21:17:02.840+0000] {logging_mixin.py:151} INFO - [2023-12-01T21:17:02.840+0000] {dag.py:2915} INFO - Sync 1 DAGs
[2023-12-01T21:17:02.855+0000] {logging_mixin.py:151} INFO - [2023-12-01T21:17:02.855+0000] {dag.py:3696} INFO - Setting next_dagrun for example_python_operator to None, run_after=None
[2023-12-01T21:17:02.866+0000] {processor.py:179} INFO - Processing /home/airflow/.local/lib/python3.8/site-packages/airflow/example_dags/example_python_operator.py took 0.077 seconds
[2023-12-01T22:08:37.544+0000] {processor.py:157} INFO - Started process (PID=47934) to work on /home/airflow/.local/lib/python3.8/site-packages/airflow/example_dags/example_python_operator.py
[2023-12-01T22:08:37.545+0000] {processor.py:829} INFO - Processing file /home/airflow/.local/lib/python3.8/site-packages/airflow/example_dags/example_python_operator.py for tasks to queue
[2023-12-01T22:08:37.548+0000] {logging_mixin.py:151} INFO - [2023-12-01T22:08:37.548+0000] {dagbag.py:539} INFO - Filling up the DagBag from /home/airflow/.local/lib/python3.8/site-packages/airflow/example_dags/example_python_operator.py
[2023-12-01T22:08:37.556+0000] {processor.py:839} INFO - DAG(s) dict_keys(['example_python_operator']) retrieved from /home/airflow/.local/lib/python3.8/site-packages/airflow/example_dags/example_python_operator.py
[2023-12-01T22:08:37.572+0000] {logging_mixin.py:151} INFO - [2023-12-01T22:08:37.572+0000] {dag.py:2915} INFO - Sync 1 DAGs
[2023-12-01T22:08:37.585+0000] {logging_mixin.py:151} INFO - [2023-12-01T22:08:37.584+0000] {dag.py:3696} INFO - Setting next_dagrun for example_python_operator to None, run_after=None
[2023-12-01T22:08:37.745+0000] {processor.py:179} INFO - Processing /home/airflow/.local/lib/python3.8/site-packages/airflow/example_dags/example_python_operator.py took 0.204 seconds
[2023-12-01T22:54:06.268+0000] {processor.py:157} INFO - Started process (PID=47989) to work on /home/airflow/.local/lib/python3.8/site-packages/airflow/example_dags/example_python_operator.py
[2023-12-01T22:54:06.269+0000] {processor.py:829} INFO - Processing file /home/airflow/.local/lib/python3.8/site-packages/airflow/example_dags/example_python_operator.py for tasks to queue
[2023-12-01T22:54:06.271+0000] {logging_mixin.py:151} INFO - [2023-12-01T22:54:06.271+0000] {dagbag.py:539} INFO - Filling up the DagBag from /home/airflow/.local/lib/python3.8/site-packages/airflow/example_dags/example_python_operator.py
[2023-12-01T22:54:06.279+0000] {processor.py:839} INFO - DAG(s) dict_keys(['example_python_operator']) retrieved from /home/airflow/.local/lib/python3.8/site-packages/airflow/example_dags/example_python_operator.py
[2023-12-01T22:54:06.294+0000] {logging_mixin.py:151} INFO - [2023-12-01T22:54:06.293+0000] {dag.py:2915} INFO - Sync 1 DAGs
[2023-12-01T22:54:06.301+0000] {logging_mixin.py:151} INFO - [2023-12-01T22:54:06.300+0000] {dag.py:3696} INFO - Setting next_dagrun for example_python_operator to None, run_after=None
[2023-12-01T22:54:06.311+0000] {processor.py:179} INFO - Processing /home/airflow/.local/lib/python3.8/site-packages/airflow/example_dags/example_python_operator.py took 0.046 seconds
[2023-12-01T23:41:08.952+0000] {processor.py:157} INFO - Started process (PID=48043) to work on /home/airflow/.local/lib/python3.8/site-packages/airflow/example_dags/example_python_operator.py
[2023-12-01T23:41:08.954+0000] {processor.py:829} INFO - Processing file /home/airflow/.local/lib/python3.8/site-packages/airflow/example_dags/example_python_operator.py for tasks to queue
[2023-12-01T23:41:08.956+0000] {logging_mixin.py:151} INFO - [2023-12-01T23:41:08.956+0000] {dagbag.py:539} INFO - Filling up the DagBag from /home/airflow/.local/lib/python3.8/site-packages/airflow/example_dags/example_python_operator.py
[2023-12-01T23:41:08.966+0000] {processor.py:839} INFO - DAG(s) dict_keys(['example_python_operator']) retrieved from /home/airflow/.local/lib/python3.8/site-packages/airflow/example_dags/example_python_operator.py
[2023-12-01T23:41:08.991+0000] {logging_mixin.py:151} INFO - [2023-12-01T23:41:08.991+0000] {dag.py:2915} INFO - Sync 1 DAGs
[2023-12-01T23:41:09.001+0000] {logging_mixin.py:151} INFO - [2023-12-01T23:41:09.001+0000] {dag.py:3696} INFO - Setting next_dagrun for example_python_operator to None, run_after=None
[2023-12-01T23:41:09.012+0000] {processor.py:179} INFO - Processing /home/airflow/.local/lib/python3.8/site-packages/airflow/example_dags/example_python_operator.py took 0.069 seconds
