[2023-12-01T00:05:51.108+0000] {processor.py:157} INFO - Started process (PID=45234) to work on /home/airflow/.local/lib/python3.8/site-packages/airflow/example_dags/example_trigger_controller_dag.py
[2023-12-01T00:05:51.109+0000] {processor.py:829} INFO - Processing file /home/airflow/.local/lib/python3.8/site-packages/airflow/example_dags/example_trigger_controller_dag.py for tasks to queue
[2023-12-01T00:05:51.111+0000] {logging_mixin.py:151} INFO - [2023-12-01T00:05:51.110+0000] {dagbag.py:539} INFO - Filling up the DagBag from /home/airflow/.local/lib/python3.8/site-packages/airflow/example_dags/example_trigger_controller_dag.py
[2023-12-01T00:05:51.115+0000] {processor.py:839} INFO - DAG(s) dict_keys(['example_trigger_controller_dag']) retrieved from /home/airflow/.local/lib/python3.8/site-packages/airflow/example_dags/example_trigger_controller_dag.py
[2023-12-01T00:05:51.140+0000] {logging_mixin.py:151} INFO - [2023-12-01T00:05:51.140+0000] {dag.py:2915} INFO - Sync 1 DAGs
[2023-12-01T00:05:51.156+0000] {logging_mixin.py:151} INFO - [2023-12-01T00:05:51.156+0000] {dag.py:3696} INFO - Setting next_dagrun for example_trigger_controller_dag to 2021-01-01T00:00:00+00:00, run_after=2021-01-01T00:00:00+00:00
[2023-12-01T00:05:51.172+0000] {processor.py:179} INFO - Processing /home/airflow/.local/lib/python3.8/site-packages/airflow/example_dags/example_trigger_controller_dag.py took 0.068 seconds
[2023-12-01T00:33:45.512+0000] {processor.py:157} INFO - Started process (PID=45288) to work on /home/airflow/.local/lib/python3.8/site-packages/airflow/example_dags/example_trigger_controller_dag.py
[2023-12-01T00:33:45.514+0000] {processor.py:829} INFO - Processing file /home/airflow/.local/lib/python3.8/site-packages/airflow/example_dags/example_trigger_controller_dag.py for tasks to queue
[2023-12-01T00:33:45.517+0000] {logging_mixin.py:151} INFO - [2023-12-01T00:33:45.517+0000] {dagbag.py:539} INFO - Filling up the DagBag from /home/airflow/.local/lib/python3.8/site-packages/airflow/example_dags/example_trigger_controller_dag.py
[2023-12-01T00:33:45.524+0000] {processor.py:839} INFO - DAG(s) dict_keys(['example_trigger_controller_dag']) retrieved from /home/airflow/.local/lib/python3.8/site-packages/airflow/example_dags/example_trigger_controller_dag.py
[2023-12-01T00:33:45.543+0000] {logging_mixin.py:151} INFO - [2023-12-01T00:33:45.543+0000] {dag.py:2915} INFO - Sync 1 DAGs
[2023-12-01T00:33:45.559+0000] {logging_mixin.py:151} INFO - [2023-12-01T00:33:45.559+0000] {dag.py:3696} INFO - Setting next_dagrun for example_trigger_controller_dag to 2021-01-01T00:00:00+00:00, run_after=2021-01-01T00:00:00+00:00
[2023-12-01T00:33:45.573+0000] {processor.py:179} INFO - Processing /home/airflow/.local/lib/python3.8/site-packages/airflow/example_dags/example_trigger_controller_dag.py took 0.071 seconds
[2023-12-01T01:27:56.203+0000] {processor.py:157} INFO - Started process (PID=45342) to work on /home/airflow/.local/lib/python3.8/site-packages/airflow/example_dags/example_trigger_controller_dag.py
[2023-12-01T01:27:56.204+0000] {processor.py:829} INFO - Processing file /home/airflow/.local/lib/python3.8/site-packages/airflow/example_dags/example_trigger_controller_dag.py for tasks to queue
[2023-12-01T01:27:56.206+0000] {logging_mixin.py:151} INFO - [2023-12-01T01:27:56.206+0000] {dagbag.py:539} INFO - Filling up the DagBag from /home/airflow/.local/lib/python3.8/site-packages/airflow/example_dags/example_trigger_controller_dag.py
[2023-12-01T01:27:56.210+0000] {processor.py:839} INFO - DAG(s) dict_keys(['example_trigger_controller_dag']) retrieved from /home/airflow/.local/lib/python3.8/site-packages/airflow/example_dags/example_trigger_controller_dag.py
[2023-12-01T01:27:56.230+0000] {logging_mixin.py:151} INFO - [2023-12-01T01:27:56.230+0000] {dag.py:2915} INFO - Sync 1 DAGs
[2023-12-01T01:27:56.259+0000] {logging_mixin.py:151} INFO - [2023-12-01T01:27:56.259+0000] {dag.py:3696} INFO - Setting next_dagrun for example_trigger_controller_dag to 2021-01-01T00:00:00+00:00, run_after=2021-01-01T00:00:00+00:00
[2023-12-01T01:27:56.277+0000] {processor.py:179} INFO - Processing /home/airflow/.local/lib/python3.8/site-packages/airflow/example_dags/example_trigger_controller_dag.py took 0.077 seconds
[2023-12-01T02:09:23.692+0000] {processor.py:157} INFO - Started process (PID=45396) to work on /home/airflow/.local/lib/python3.8/site-packages/airflow/example_dags/example_trigger_controller_dag.py
[2023-12-01T02:09:23.695+0000] {processor.py:829} INFO - Processing file /home/airflow/.local/lib/python3.8/site-packages/airflow/example_dags/example_trigger_controller_dag.py for tasks to queue
[2023-12-01T02:09:23.700+0000] {logging_mixin.py:151} INFO - [2023-12-01T02:09:23.699+0000] {dagbag.py:539} INFO - Filling up the DagBag from /home/airflow/.local/lib/python3.8/site-packages/airflow/example_dags/example_trigger_controller_dag.py
[2023-12-01T02:09:23.709+0000] {processor.py:839} INFO - DAG(s) dict_keys(['example_trigger_controller_dag']) retrieved from /home/airflow/.local/lib/python3.8/site-packages/airflow/example_dags/example_trigger_controller_dag.py
[2023-12-01T02:09:23.779+0000] {logging_mixin.py:151} INFO - [2023-12-01T02:09:23.779+0000] {dag.py:2915} INFO - Sync 1 DAGs
[2023-12-01T02:09:23.853+0000] {logging_mixin.py:151} INFO - [2023-12-01T02:09:23.853+0000] {dag.py:3696} INFO - Setting next_dagrun for example_trigger_controller_dag to 2021-01-01T00:00:00+00:00, run_after=2021-01-01T00:00:00+00:00
[2023-12-01T02:09:23.950+0000] {processor.py:179} INFO - Processing /home/airflow/.local/lib/python3.8/site-packages/airflow/example_dags/example_trigger_controller_dag.py took 0.267 seconds
[2023-12-01T02:45:38.744+0000] {processor.py:157} INFO - Started process (PID=45450) to work on /home/airflow/.local/lib/python3.8/site-packages/airflow/example_dags/example_trigger_controller_dag.py
[2023-12-01T02:45:38.745+0000] {processor.py:829} INFO - Processing file /home/airflow/.local/lib/python3.8/site-packages/airflow/example_dags/example_trigger_controller_dag.py for tasks to queue
[2023-12-01T02:45:38.747+0000] {logging_mixin.py:151} INFO - [2023-12-01T02:45:38.747+0000] {dagbag.py:539} INFO - Filling up the DagBag from /home/airflow/.local/lib/python3.8/site-packages/airflow/example_dags/example_trigger_controller_dag.py
[2023-12-01T02:45:38.751+0000] {processor.py:839} INFO - DAG(s) dict_keys(['example_trigger_controller_dag']) retrieved from /home/airflow/.local/lib/python3.8/site-packages/airflow/example_dags/example_trigger_controller_dag.py
[2023-12-01T02:45:38.772+0000] {logging_mixin.py:151} INFO - [2023-12-01T02:45:38.772+0000] {dag.py:2915} INFO - Sync 1 DAGs
[2023-12-01T02:45:38.788+0000] {logging_mixin.py:151} INFO - [2023-12-01T02:45:38.788+0000] {dag.py:3696} INFO - Setting next_dagrun for example_trigger_controller_dag to 2021-01-01T00:00:00+00:00, run_after=2021-01-01T00:00:00+00:00
[2023-12-01T02:45:38.811+0000] {processor.py:179} INFO - Processing /home/airflow/.local/lib/python3.8/site-packages/airflow/example_dags/example_trigger_controller_dag.py took 0.071 seconds
[2023-12-01T03:20:36.661+0000] {processor.py:157} INFO - Started process (PID=45504) to work on /home/airflow/.local/lib/python3.8/site-packages/airflow/example_dags/example_trigger_controller_dag.py
[2023-12-01T03:20:36.664+0000] {processor.py:829} INFO - Processing file /home/airflow/.local/lib/python3.8/site-packages/airflow/example_dags/example_trigger_controller_dag.py for tasks to queue
[2023-12-01T03:20:36.671+0000] {logging_mixin.py:151} INFO - [2023-12-01T03:20:36.669+0000] {dagbag.py:539} INFO - Filling up the DagBag from /home/airflow/.local/lib/python3.8/site-packages/airflow/example_dags/example_trigger_controller_dag.py
[2023-12-01T03:20:36.682+0000] {processor.py:839} INFO - DAG(s) dict_keys(['example_trigger_controller_dag']) retrieved from /home/airflow/.local/lib/python3.8/site-packages/airflow/example_dags/example_trigger_controller_dag.py
[2023-12-01T03:20:36.736+0000] {logging_mixin.py:151} INFO - [2023-12-01T03:20:36.736+0000] {dag.py:2915} INFO - Sync 1 DAGs
[2023-12-01T03:20:36.767+0000] {logging_mixin.py:151} INFO - [2023-12-01T03:20:36.767+0000] {dag.py:3696} INFO - Setting next_dagrun for example_trigger_controller_dag to 2021-01-01T00:00:00+00:00, run_after=2021-01-01T00:00:00+00:00
[2023-12-01T03:20:36.802+0000] {processor.py:179} INFO - Processing /home/airflow/.local/lib/python3.8/site-packages/airflow/example_dags/example_trigger_controller_dag.py took 0.148 seconds
[2023-12-01T04:21:31.101+0000] {processor.py:157} INFO - Started process (PID=45558) to work on /home/airflow/.local/lib/python3.8/site-packages/airflow/example_dags/example_trigger_controller_dag.py
[2023-12-01T04:21:31.102+0000] {processor.py:829} INFO - Processing file /home/airflow/.local/lib/python3.8/site-packages/airflow/example_dags/example_trigger_controller_dag.py for tasks to queue
[2023-12-01T04:21:31.105+0000] {logging_mixin.py:151} INFO - [2023-12-01T04:21:31.105+0000] {dagbag.py:539} INFO - Filling up the DagBag from /home/airflow/.local/lib/python3.8/site-packages/airflow/example_dags/example_trigger_controller_dag.py
[2023-12-01T04:21:31.111+0000] {processor.py:839} INFO - DAG(s) dict_keys(['example_trigger_controller_dag']) retrieved from /home/airflow/.local/lib/python3.8/site-packages/airflow/example_dags/example_trigger_controller_dag.py
[2023-12-01T04:21:31.134+0000] {logging_mixin.py:151} INFO - [2023-12-01T04:21:31.134+0000] {dag.py:2915} INFO - Sync 1 DAGs
[2023-12-01T04:21:31.150+0000] {logging_mixin.py:151} INFO - [2023-12-01T04:21:31.150+0000] {dag.py:3696} INFO - Setting next_dagrun for example_trigger_controller_dag to 2021-01-01T00:00:00+00:00, run_after=2021-01-01T00:00:00+00:00
[2023-12-01T04:21:31.172+0000] {processor.py:179} INFO - Processing /home/airflow/.local/lib/python3.8/site-packages/airflow/example_dags/example_trigger_controller_dag.py took 0.075 seconds
[2023-12-01T05:30:13.302+0000] {processor.py:157} INFO - Started process (PID=45612) to work on /home/airflow/.local/lib/python3.8/site-packages/airflow/example_dags/example_trigger_controller_dag.py
[2023-12-01T05:30:13.304+0000] {processor.py:829} INFO - Processing file /home/airflow/.local/lib/python3.8/site-packages/airflow/example_dags/example_trigger_controller_dag.py for tasks to queue
[2023-12-01T05:30:13.308+0000] {logging_mixin.py:151} INFO - [2023-12-01T05:30:13.307+0000] {dagbag.py:539} INFO - Filling up the DagBag from /home/airflow/.local/lib/python3.8/site-packages/airflow/example_dags/example_trigger_controller_dag.py
[2023-12-01T05:30:13.314+0000] {processor.py:839} INFO - DAG(s) dict_keys(['example_trigger_controller_dag']) retrieved from /home/airflow/.local/lib/python3.8/site-packages/airflow/example_dags/example_trigger_controller_dag.py
[2023-12-01T05:30:13.334+0000] {logging_mixin.py:151} INFO - [2023-12-01T05:30:13.334+0000] {dag.py:2915} INFO - Sync 1 DAGs
[2023-12-01T05:30:13.348+0000] {logging_mixin.py:151} INFO - [2023-12-01T05:30:13.348+0000] {dag.py:3696} INFO - Setting next_dagrun for example_trigger_controller_dag to 2021-01-01T00:00:00+00:00, run_after=2021-01-01T00:00:00+00:00
[2023-12-01T05:30:13.378+0000] {processor.py:179} INFO - Processing /home/airflow/.local/lib/python3.8/site-packages/airflow/example_dags/example_trigger_controller_dag.py took 0.079 seconds
[2023-12-01T06:23:26.617+0000] {processor.py:157} INFO - Started process (PID=45666) to work on /home/airflow/.local/lib/python3.8/site-packages/airflow/example_dags/example_trigger_controller_dag.py
[2023-12-01T06:23:26.620+0000] {processor.py:829} INFO - Processing file /home/airflow/.local/lib/python3.8/site-packages/airflow/example_dags/example_trigger_controller_dag.py for tasks to queue
[2023-12-01T06:23:26.623+0000] {logging_mixin.py:151} INFO - [2023-12-01T06:23:26.623+0000] {dagbag.py:539} INFO - Filling up the DagBag from /home/airflow/.local/lib/python3.8/site-packages/airflow/example_dags/example_trigger_controller_dag.py
[2023-12-01T06:23:26.628+0000] {processor.py:839} INFO - DAG(s) dict_keys(['example_trigger_controller_dag']) retrieved from /home/airflow/.local/lib/python3.8/site-packages/airflow/example_dags/example_trigger_controller_dag.py
[2023-12-01T06:23:26.650+0000] {logging_mixin.py:151} INFO - [2023-12-01T06:23:26.650+0000] {dag.py:2915} INFO - Sync 1 DAGs
[2023-12-01T06:23:26.682+0000] {logging_mixin.py:151} INFO - [2023-12-01T06:23:26.682+0000] {dag.py:3696} INFO - Setting next_dagrun for example_trigger_controller_dag to 2021-01-01T00:00:00+00:00, run_after=2021-01-01T00:00:00+00:00
[2023-12-01T06:23:26.697+0000] {processor.py:179} INFO - Processing /home/airflow/.local/lib/python3.8/site-packages/airflow/example_dags/example_trigger_controller_dag.py took 0.088 seconds
[2023-12-01T07:10:09.274+0000] {processor.py:157} INFO - Started process (PID=45720) to work on /home/airflow/.local/lib/python3.8/site-packages/airflow/example_dags/example_trigger_controller_dag.py
[2023-12-01T07:10:09.276+0000] {processor.py:829} INFO - Processing file /home/airflow/.local/lib/python3.8/site-packages/airflow/example_dags/example_trigger_controller_dag.py for tasks to queue
[2023-12-01T07:10:09.279+0000] {logging_mixin.py:151} INFO - [2023-12-01T07:10:09.279+0000] {dagbag.py:539} INFO - Filling up the DagBag from /home/airflow/.local/lib/python3.8/site-packages/airflow/example_dags/example_trigger_controller_dag.py
[2023-12-01T07:10:09.286+0000] {processor.py:839} INFO - DAG(s) dict_keys(['example_trigger_controller_dag']) retrieved from /home/airflow/.local/lib/python3.8/site-packages/airflow/example_dags/example_trigger_controller_dag.py
[2023-12-01T07:10:09.304+0000] {logging_mixin.py:151} INFO - [2023-12-01T07:10:09.304+0000] {dag.py:2915} INFO - Sync 1 DAGs
[2023-12-01T07:10:09.321+0000] {logging_mixin.py:151} INFO - [2023-12-01T07:10:09.321+0000] {dag.py:3696} INFO - Setting next_dagrun for example_trigger_controller_dag to 2021-01-01T00:00:00+00:00, run_after=2021-01-01T00:00:00+00:00
[2023-12-01T07:10:09.332+0000] {processor.py:179} INFO - Processing /home/airflow/.local/lib/python3.8/site-packages/airflow/example_dags/example_trigger_controller_dag.py took 0.065 seconds
[2023-12-01T07:45:19.958+0000] {processor.py:157} INFO - Started process (PID=45774) to work on /home/airflow/.local/lib/python3.8/site-packages/airflow/example_dags/example_trigger_controller_dag.py
[2023-12-01T07:45:19.959+0000] {processor.py:829} INFO - Processing file /home/airflow/.local/lib/python3.8/site-packages/airflow/example_dags/example_trigger_controller_dag.py for tasks to queue
[2023-12-01T07:45:19.962+0000] {logging_mixin.py:151} INFO - [2023-12-01T07:45:19.961+0000] {dagbag.py:539} INFO - Filling up the DagBag from /home/airflow/.local/lib/python3.8/site-packages/airflow/example_dags/example_trigger_controller_dag.py
[2023-12-01T07:45:19.965+0000] {processor.py:839} INFO - DAG(s) dict_keys(['example_trigger_controller_dag']) retrieved from /home/airflow/.local/lib/python3.8/site-packages/airflow/example_dags/example_trigger_controller_dag.py
[2023-12-01T07:45:19.987+0000] {logging_mixin.py:151} INFO - [2023-12-01T07:45:19.987+0000] {dag.py:2915} INFO - Sync 1 DAGs
[2023-12-01T07:45:20.002+0000] {logging_mixin.py:151} INFO - [2023-12-01T07:45:20.002+0000] {dag.py:3696} INFO - Setting next_dagrun for example_trigger_controller_dag to 2021-01-01T00:00:00+00:00, run_after=2021-01-01T00:00:00+00:00
[2023-12-01T07:45:20.012+0000] {processor.py:179} INFO - Processing /home/airflow/.local/lib/python3.8/site-packages/airflow/example_dags/example_trigger_controller_dag.py took 0.058 seconds
[2023-12-01T08:25:28.114+0000] {processor.py:157} INFO - Started process (PID=45828) to work on /home/airflow/.local/lib/python3.8/site-packages/airflow/example_dags/example_trigger_controller_dag.py
[2023-12-01T08:25:28.115+0000] {processor.py:829} INFO - Processing file /home/airflow/.local/lib/python3.8/site-packages/airflow/example_dags/example_trigger_controller_dag.py for tasks to queue
[2023-12-01T08:25:28.118+0000] {logging_mixin.py:151} INFO - [2023-12-01T08:25:28.118+0000] {dagbag.py:539} INFO - Filling up the DagBag from /home/airflow/.local/lib/python3.8/site-packages/airflow/example_dags/example_trigger_controller_dag.py
[2023-12-01T08:25:28.122+0000] {processor.py:839} INFO - DAG(s) dict_keys(['example_trigger_controller_dag']) retrieved from /home/airflow/.local/lib/python3.8/site-packages/airflow/example_dags/example_trigger_controller_dag.py
[2023-12-01T08:25:28.145+0000] {logging_mixin.py:151} INFO - [2023-12-01T08:25:28.145+0000] {dag.py:2915} INFO - Sync 1 DAGs
[2023-12-01T08:25:28.161+0000] {logging_mixin.py:151} INFO - [2023-12-01T08:25:28.161+0000] {dag.py:3696} INFO - Setting next_dagrun for example_trigger_controller_dag to 2021-01-01T00:00:00+00:00, run_after=2021-01-01T00:00:00+00:00
[2023-12-01T08:25:28.174+0000] {processor.py:179} INFO - Processing /home/airflow/.local/lib/python3.8/site-packages/airflow/example_dags/example_trigger_controller_dag.py took 0.062 seconds
[2023-12-01T09:26:33.891+0000] {processor.py:157} INFO - Started process (PID=45882) to work on /home/airflow/.local/lib/python3.8/site-packages/airflow/example_dags/example_trigger_controller_dag.py
[2023-12-01T09:26:33.893+0000] {processor.py:829} INFO - Processing file /home/airflow/.local/lib/python3.8/site-packages/airflow/example_dags/example_trigger_controller_dag.py for tasks to queue
[2023-12-01T09:26:33.895+0000] {logging_mixin.py:151} INFO - [2023-12-01T09:26:33.895+0000] {dagbag.py:539} INFO - Filling up the DagBag from /home/airflow/.local/lib/python3.8/site-packages/airflow/example_dags/example_trigger_controller_dag.py
[2023-12-01T09:26:33.901+0000] {processor.py:839} INFO - DAG(s) dict_keys(['example_trigger_controller_dag']) retrieved from /home/airflow/.local/lib/python3.8/site-packages/airflow/example_dags/example_trigger_controller_dag.py
[2023-12-01T09:26:33.923+0000] {logging_mixin.py:151} INFO - [2023-12-01T09:26:33.922+0000] {dag.py:2915} INFO - Sync 1 DAGs
[2023-12-01T09:26:33.940+0000] {logging_mixin.py:151} INFO - [2023-12-01T09:26:33.940+0000] {dag.py:3696} INFO - Setting next_dagrun for example_trigger_controller_dag to 2021-01-01T00:00:00+00:00, run_after=2021-01-01T00:00:00+00:00
[2023-12-01T09:26:33.952+0000] {processor.py:179} INFO - Processing /home/airflow/.local/lib/python3.8/site-packages/airflow/example_dags/example_trigger_controller_dag.py took 0.067 seconds
[2023-12-01T10:22:11.468+0000] {processor.py:157} INFO - Started process (PID=45936) to work on /home/airflow/.local/lib/python3.8/site-packages/airflow/example_dags/example_trigger_controller_dag.py
[2023-12-01T10:22:11.469+0000] {processor.py:829} INFO - Processing file /home/airflow/.local/lib/python3.8/site-packages/airflow/example_dags/example_trigger_controller_dag.py for tasks to queue
[2023-12-01T10:22:11.472+0000] {logging_mixin.py:151} INFO - [2023-12-01T10:22:11.472+0000] {dagbag.py:539} INFO - Filling up the DagBag from /home/airflow/.local/lib/python3.8/site-packages/airflow/example_dags/example_trigger_controller_dag.py
[2023-12-01T10:22:11.483+0000] {processor.py:839} INFO - DAG(s) dict_keys(['example_trigger_controller_dag']) retrieved from /home/airflow/.local/lib/python3.8/site-packages/airflow/example_dags/example_trigger_controller_dag.py
[2023-12-01T10:22:11.510+0000] {logging_mixin.py:151} INFO - [2023-12-01T10:22:11.510+0000] {dag.py:2915} INFO - Sync 1 DAGs
[2023-12-01T10:22:11.528+0000] {logging_mixin.py:151} INFO - [2023-12-01T10:22:11.527+0000] {dag.py:3696} INFO - Setting next_dagrun for example_trigger_controller_dag to 2021-01-01T00:00:00+00:00, run_after=2021-01-01T00:00:00+00:00
[2023-12-01T10:22:11.541+0000] {processor.py:179} INFO - Processing /home/airflow/.local/lib/python3.8/site-packages/airflow/example_dags/example_trigger_controller_dag.py took 0.078 seconds
[2023-12-01T10:50:47.075+0000] {processor.py:157} INFO - Started process (PID=45990) to work on /home/airflow/.local/lib/python3.8/site-packages/airflow/example_dags/example_trigger_controller_dag.py
[2023-12-01T10:50:47.076+0000] {processor.py:829} INFO - Processing file /home/airflow/.local/lib/python3.8/site-packages/airflow/example_dags/example_trigger_controller_dag.py for tasks to queue
[2023-12-01T10:50:47.078+0000] {logging_mixin.py:151} INFO - [2023-12-01T10:50:47.078+0000] {dagbag.py:539} INFO - Filling up the DagBag from /home/airflow/.local/lib/python3.8/site-packages/airflow/example_dags/example_trigger_controller_dag.py
[2023-12-01T10:50:47.082+0000] {processor.py:839} INFO - DAG(s) dict_keys(['example_trigger_controller_dag']) retrieved from /home/airflow/.local/lib/python3.8/site-packages/airflow/example_dags/example_trigger_controller_dag.py
[2023-12-01T10:50:47.131+0000] {logging_mixin.py:151} INFO - [2023-12-01T10:50:47.130+0000] {dag.py:2915} INFO - Sync 1 DAGs
[2023-12-01T10:50:47.158+0000] {logging_mixin.py:151} INFO - [2023-12-01T10:50:47.158+0000] {dag.py:3696} INFO - Setting next_dagrun for example_trigger_controller_dag to 2021-01-01T00:00:00+00:00, run_after=2021-01-01T00:00:00+00:00
[2023-12-01T10:50:47.174+0000] {processor.py:179} INFO - Processing /home/airflow/.local/lib/python3.8/site-packages/airflow/example_dags/example_trigger_controller_dag.py took 0.103 seconds
[2023-12-01T10:51:18.224+0000] {processor.py:157} INFO - Started process (PID=46044) to work on /home/airflow/.local/lib/python3.8/site-packages/airflow/example_dags/example_trigger_controller_dag.py
[2023-12-01T10:51:18.227+0000] {processor.py:829} INFO - Processing file /home/airflow/.local/lib/python3.8/site-packages/airflow/example_dags/example_trigger_controller_dag.py for tasks to queue
[2023-12-01T10:51:18.230+0000] {logging_mixin.py:151} INFO - [2023-12-01T10:51:18.229+0000] {dagbag.py:539} INFO - Filling up the DagBag from /home/airflow/.local/lib/python3.8/site-packages/airflow/example_dags/example_trigger_controller_dag.py
[2023-12-01T10:51:18.234+0000] {processor.py:839} INFO - DAG(s) dict_keys(['example_trigger_controller_dag']) retrieved from /home/airflow/.local/lib/python3.8/site-packages/airflow/example_dags/example_trigger_controller_dag.py
[2023-12-01T10:51:18.249+0000] {logging_mixin.py:151} INFO - [2023-12-01T10:51:18.249+0000] {dag.py:2915} INFO - Sync 1 DAGs
[2023-12-01T10:51:18.262+0000] {logging_mixin.py:151} INFO - [2023-12-01T10:51:18.262+0000] {dag.py:3696} INFO - Setting next_dagrun for example_trigger_controller_dag to 2021-01-01T00:00:00+00:00, run_after=2021-01-01T00:00:00+00:00
[2023-12-01T10:51:18.273+0000] {processor.py:179} INFO - Processing /home/airflow/.local/lib/python3.8/site-packages/airflow/example_dags/example_trigger_controller_dag.py took 0.052 seconds
[2023-12-01T11:15:11.233+0000] {processor.py:157} INFO - Started process (PID=46098) to work on /home/airflow/.local/lib/python3.8/site-packages/airflow/example_dags/example_trigger_controller_dag.py
[2023-12-01T11:15:11.235+0000] {processor.py:829} INFO - Processing file /home/airflow/.local/lib/python3.8/site-packages/airflow/example_dags/example_trigger_controller_dag.py for tasks to queue
[2023-12-01T11:15:11.237+0000] {logging_mixin.py:151} INFO - [2023-12-01T11:15:11.237+0000] {dagbag.py:539} INFO - Filling up the DagBag from /home/airflow/.local/lib/python3.8/site-packages/airflow/example_dags/example_trigger_controller_dag.py
[2023-12-01T11:15:11.242+0000] {processor.py:839} INFO - DAG(s) dict_keys(['example_trigger_controller_dag']) retrieved from /home/airflow/.local/lib/python3.8/site-packages/airflow/example_dags/example_trigger_controller_dag.py
[2023-12-01T11:15:11.269+0000] {logging_mixin.py:151} INFO - [2023-12-01T11:15:11.269+0000] {dag.py:2915} INFO - Sync 1 DAGs
[2023-12-01T11:15:11.309+0000] {logging_mixin.py:151} INFO - [2023-12-01T11:15:11.309+0000] {dag.py:3696} INFO - Setting next_dagrun for example_trigger_controller_dag to 2021-01-01T00:00:00+00:00, run_after=2021-01-01T00:00:00+00:00
[2023-12-01T11:15:11.327+0000] {processor.py:179} INFO - Processing /home/airflow/.local/lib/python3.8/site-packages/airflow/example_dags/example_trigger_controller_dag.py took 0.099 seconds
[2023-12-01T11:28:39.421+0000] {processor.py:157} INFO - Started process (PID=46152) to work on /home/airflow/.local/lib/python3.8/site-packages/airflow/example_dags/example_trigger_controller_dag.py
[2023-12-01T11:28:39.422+0000] {processor.py:829} INFO - Processing file /home/airflow/.local/lib/python3.8/site-packages/airflow/example_dags/example_trigger_controller_dag.py for tasks to queue
[2023-12-01T11:28:39.424+0000] {logging_mixin.py:151} INFO - [2023-12-01T11:28:39.424+0000] {dagbag.py:539} INFO - Filling up the DagBag from /home/airflow/.local/lib/python3.8/site-packages/airflow/example_dags/example_trigger_controller_dag.py
[2023-12-01T11:28:39.430+0000] {processor.py:839} INFO - DAG(s) dict_keys(['example_trigger_controller_dag']) retrieved from /home/airflow/.local/lib/python3.8/site-packages/airflow/example_dags/example_trigger_controller_dag.py
[2023-12-01T11:28:39.447+0000] {logging_mixin.py:151} INFO - [2023-12-01T11:28:39.447+0000] {dag.py:2915} INFO - Sync 1 DAGs
[2023-12-01T11:28:39.462+0000] {logging_mixin.py:151} INFO - [2023-12-01T11:28:39.461+0000] {dag.py:3696} INFO - Setting next_dagrun for example_trigger_controller_dag to 2021-01-01T00:00:00+00:00, run_after=2021-01-01T00:00:00+00:00
[2023-12-01T11:28:39.473+0000] {processor.py:179} INFO - Processing /home/airflow/.local/lib/python3.8/site-packages/airflow/example_dags/example_trigger_controller_dag.py took 0.054 seconds
[2023-12-01T11:49:00.050+0000] {processor.py:157} INFO - Started process (PID=46206) to work on /home/airflow/.local/lib/python3.8/site-packages/airflow/example_dags/example_trigger_controller_dag.py
[2023-12-01T11:49:00.059+0000] {processor.py:829} INFO - Processing file /home/airflow/.local/lib/python3.8/site-packages/airflow/example_dags/example_trigger_controller_dag.py for tasks to queue
[2023-12-01T11:49:00.072+0000] {logging_mixin.py:151} INFO - [2023-12-01T11:49:00.071+0000] {dagbag.py:539} INFO - Filling up the DagBag from /home/airflow/.local/lib/python3.8/site-packages/airflow/example_dags/example_trigger_controller_dag.py
[2023-12-01T11:49:00.085+0000] {processor.py:839} INFO - DAG(s) dict_keys(['example_trigger_controller_dag']) retrieved from /home/airflow/.local/lib/python3.8/site-packages/airflow/example_dags/example_trigger_controller_dag.py
[2023-12-01T11:49:00.176+0000] {logging_mixin.py:151} INFO - [2023-12-01T11:49:00.175+0000] {dag.py:2915} INFO - Sync 1 DAGs
[2023-12-01T11:49:00.239+0000] {logging_mixin.py:151} INFO - [2023-12-01T11:49:00.239+0000] {dag.py:3696} INFO - Setting next_dagrun for example_trigger_controller_dag to 2021-01-01T00:00:00+00:00, run_after=2021-01-01T00:00:00+00:00
[2023-12-01T11:49:00.294+0000] {processor.py:179} INFO - Processing /home/airflow/.local/lib/python3.8/site-packages/airflow/example_dags/example_trigger_controller_dag.py took 0.265 seconds
[2023-12-01T11:49:30.848+0000] {processor.py:157} INFO - Started process (PID=46260) to work on /home/airflow/.local/lib/python3.8/site-packages/airflow/example_dags/example_trigger_controller_dag.py
[2023-12-01T11:49:30.850+0000] {processor.py:829} INFO - Processing file /home/airflow/.local/lib/python3.8/site-packages/airflow/example_dags/example_trigger_controller_dag.py for tasks to queue
[2023-12-01T11:49:30.854+0000] {logging_mixin.py:151} INFO - [2023-12-01T11:49:30.854+0000] {dagbag.py:539} INFO - Filling up the DagBag from /home/airflow/.local/lib/python3.8/site-packages/airflow/example_dags/example_trigger_controller_dag.py
[2023-12-01T11:49:30.860+0000] {processor.py:839} INFO - DAG(s) dict_keys(['example_trigger_controller_dag']) retrieved from /home/airflow/.local/lib/python3.8/site-packages/airflow/example_dags/example_trigger_controller_dag.py
[2023-12-01T11:49:30.902+0000] {logging_mixin.py:151} INFO - [2023-12-01T11:49:30.901+0000] {dag.py:2915} INFO - Sync 1 DAGs
[2023-12-01T11:49:30.929+0000] {logging_mixin.py:151} INFO - [2023-12-01T11:49:30.929+0000] {dag.py:3696} INFO - Setting next_dagrun for example_trigger_controller_dag to 2021-01-01T00:00:00+00:00, run_after=2021-01-01T00:00:00+00:00
[2023-12-01T11:49:30.946+0000] {processor.py:179} INFO - Processing /home/airflow/.local/lib/python3.8/site-packages/airflow/example_dags/example_trigger_controller_dag.py took 0.102 seconds
[2023-12-01T11:50:01.087+0000] {processor.py:157} INFO - Started process (PID=46314) to work on /home/airflow/.local/lib/python3.8/site-packages/airflow/example_dags/example_trigger_controller_dag.py
[2023-12-01T11:50:01.088+0000] {processor.py:829} INFO - Processing file /home/airflow/.local/lib/python3.8/site-packages/airflow/example_dags/example_trigger_controller_dag.py for tasks to queue
[2023-12-01T11:50:01.092+0000] {logging_mixin.py:151} INFO - [2023-12-01T11:50:01.092+0000] {dagbag.py:539} INFO - Filling up the DagBag from /home/airflow/.local/lib/python3.8/site-packages/airflow/example_dags/example_trigger_controller_dag.py
[2023-12-01T11:50:01.116+0000] {processor.py:839} INFO - DAG(s) dict_keys(['example_trigger_controller_dag']) retrieved from /home/airflow/.local/lib/python3.8/site-packages/airflow/example_dags/example_trigger_controller_dag.py
[2023-12-01T11:50:01.172+0000] {logging_mixin.py:151} INFO - [2023-12-01T11:50:01.171+0000] {dag.py:2915} INFO - Sync 1 DAGs
[2023-12-01T11:50:01.207+0000] {logging_mixin.py:151} INFO - [2023-12-01T11:50:01.206+0000] {dag.py:3696} INFO - Setting next_dagrun for example_trigger_controller_dag to 2021-01-01T00:00:00+00:00, run_after=2021-01-01T00:00:00+00:00
[2023-12-01T11:50:01.227+0000] {processor.py:179} INFO - Processing /home/airflow/.local/lib/python3.8/site-packages/airflow/example_dags/example_trigger_controller_dag.py took 0.145 seconds
[2023-12-01T11:50:32.288+0000] {processor.py:157} INFO - Started process (PID=46369) to work on /home/airflow/.local/lib/python3.8/site-packages/airflow/example_dags/example_trigger_controller_dag.py
[2023-12-01T11:50:32.290+0000] {processor.py:829} INFO - Processing file /home/airflow/.local/lib/python3.8/site-packages/airflow/example_dags/example_trigger_controller_dag.py for tasks to queue
[2023-12-01T11:50:32.294+0000] {logging_mixin.py:151} INFO - [2023-12-01T11:50:32.294+0000] {dagbag.py:539} INFO - Filling up the DagBag from /home/airflow/.local/lib/python3.8/site-packages/airflow/example_dags/example_trigger_controller_dag.py
[2023-12-01T11:50:32.301+0000] {processor.py:839} INFO - DAG(s) dict_keys(['example_trigger_controller_dag']) retrieved from /home/airflow/.local/lib/python3.8/site-packages/airflow/example_dags/example_trigger_controller_dag.py
[2023-12-01T11:50:32.341+0000] {logging_mixin.py:151} INFO - [2023-12-01T11:50:32.340+0000] {dag.py:2915} INFO - Sync 1 DAGs
[2023-12-01T11:50:32.361+0000] {logging_mixin.py:151} INFO - [2023-12-01T11:50:32.361+0000] {dag.py:3696} INFO - Setting next_dagrun for example_trigger_controller_dag to 2021-01-01T00:00:00+00:00, run_after=2021-01-01T00:00:00+00:00
[2023-12-01T11:50:32.376+0000] {processor.py:179} INFO - Processing /home/airflow/.local/lib/python3.8/site-packages/airflow/example_dags/example_trigger_controller_dag.py took 0.094 seconds
[2023-12-01T11:51:03.110+0000] {processor.py:157} INFO - Started process (PID=46423) to work on /home/airflow/.local/lib/python3.8/site-packages/airflow/example_dags/example_trigger_controller_dag.py
[2023-12-01T11:51:03.112+0000] {processor.py:829} INFO - Processing file /home/airflow/.local/lib/python3.8/site-packages/airflow/example_dags/example_trigger_controller_dag.py for tasks to queue
[2023-12-01T11:51:03.116+0000] {logging_mixin.py:151} INFO - [2023-12-01T11:51:03.115+0000] {dagbag.py:539} INFO - Filling up the DagBag from /home/airflow/.local/lib/python3.8/site-packages/airflow/example_dags/example_trigger_controller_dag.py
[2023-12-01T11:51:03.121+0000] {processor.py:839} INFO - DAG(s) dict_keys(['example_trigger_controller_dag']) retrieved from /home/airflow/.local/lib/python3.8/site-packages/airflow/example_dags/example_trigger_controller_dag.py
[2023-12-01T11:51:03.154+0000] {logging_mixin.py:151} INFO - [2023-12-01T11:51:03.154+0000] {dag.py:2915} INFO - Sync 1 DAGs
[2023-12-01T11:51:03.173+0000] {logging_mixin.py:151} INFO - [2023-12-01T11:51:03.173+0000] {dag.py:3696} INFO - Setting next_dagrun for example_trigger_controller_dag to 2021-01-01T00:00:00+00:00, run_after=2021-01-01T00:00:00+00:00
[2023-12-01T11:51:03.203+0000] {processor.py:179} INFO - Processing /home/airflow/.local/lib/python3.8/site-packages/airflow/example_dags/example_trigger_controller_dag.py took 0.099 seconds
[2023-12-01T11:51:33.874+0000] {processor.py:157} INFO - Started process (PID=46477) to work on /home/airflow/.local/lib/python3.8/site-packages/airflow/example_dags/example_trigger_controller_dag.py
[2023-12-01T11:51:33.876+0000] {processor.py:829} INFO - Processing file /home/airflow/.local/lib/python3.8/site-packages/airflow/example_dags/example_trigger_controller_dag.py for tasks to queue
[2023-12-01T11:51:33.882+0000] {logging_mixin.py:151} INFO - [2023-12-01T11:51:33.881+0000] {dagbag.py:539} INFO - Filling up the DagBag from /home/airflow/.local/lib/python3.8/site-packages/airflow/example_dags/example_trigger_controller_dag.py
[2023-12-01T11:51:33.902+0000] {processor.py:839} INFO - DAG(s) dict_keys(['example_trigger_controller_dag']) retrieved from /home/airflow/.local/lib/python3.8/site-packages/airflow/example_dags/example_trigger_controller_dag.py
[2023-12-01T11:51:33.951+0000] {logging_mixin.py:151} INFO - [2023-12-01T11:51:33.951+0000] {dag.py:2915} INFO - Sync 1 DAGs
[2023-12-01T11:51:33.968+0000] {logging_mixin.py:151} INFO - [2023-12-01T11:51:33.967+0000] {dag.py:3696} INFO - Setting next_dagrun for example_trigger_controller_dag to 2021-01-01T00:00:00+00:00, run_after=2021-01-01T00:00:00+00:00
[2023-12-01T11:51:33.980+0000] {processor.py:179} INFO - Processing /home/airflow/.local/lib/python3.8/site-packages/airflow/example_dags/example_trigger_controller_dag.py took 0.114 seconds
[2023-12-01T11:52:04.160+0000] {processor.py:157} INFO - Started process (PID=46531) to work on /home/airflow/.local/lib/python3.8/site-packages/airflow/example_dags/example_trigger_controller_dag.py
[2023-12-01T11:52:04.161+0000] {processor.py:829} INFO - Processing file /home/airflow/.local/lib/python3.8/site-packages/airflow/example_dags/example_trigger_controller_dag.py for tasks to queue
[2023-12-01T11:52:04.165+0000] {logging_mixin.py:151} INFO - [2023-12-01T11:52:04.164+0000] {dagbag.py:539} INFO - Filling up the DagBag from /home/airflow/.local/lib/python3.8/site-packages/airflow/example_dags/example_trigger_controller_dag.py
[2023-12-01T11:52:04.171+0000] {processor.py:839} INFO - DAG(s) dict_keys(['example_trigger_controller_dag']) retrieved from /home/airflow/.local/lib/python3.8/site-packages/airflow/example_dags/example_trigger_controller_dag.py
[2023-12-01T11:52:04.204+0000] {logging_mixin.py:151} INFO - [2023-12-01T11:52:04.204+0000] {dag.py:2915} INFO - Sync 1 DAGs
[2023-12-01T11:52:04.219+0000] {logging_mixin.py:151} INFO - [2023-12-01T11:52:04.219+0000] {dag.py:3696} INFO - Setting next_dagrun for example_trigger_controller_dag to 2021-01-01T00:00:00+00:00, run_after=2021-01-01T00:00:00+00:00
[2023-12-01T11:52:04.230+0000] {processor.py:179} INFO - Processing /home/airflow/.local/lib/python3.8/site-packages/airflow/example_dags/example_trigger_controller_dag.py took 0.073 seconds
[2023-12-01T11:52:34.909+0000] {processor.py:157} INFO - Started process (PID=46585) to work on /home/airflow/.local/lib/python3.8/site-packages/airflow/example_dags/example_trigger_controller_dag.py
[2023-12-01T11:52:34.914+0000] {processor.py:829} INFO - Processing file /home/airflow/.local/lib/python3.8/site-packages/airflow/example_dags/example_trigger_controller_dag.py for tasks to queue
[2023-12-01T11:52:34.928+0000] {logging_mixin.py:151} INFO - [2023-12-01T11:52:34.922+0000] {dagbag.py:539} INFO - Filling up the DagBag from /home/airflow/.local/lib/python3.8/site-packages/airflow/example_dags/example_trigger_controller_dag.py
[2023-12-01T11:52:35.075+0000] {processor.py:839} INFO - DAG(s) dict_keys(['example_trigger_controller_dag']) retrieved from /home/airflow/.local/lib/python3.8/site-packages/airflow/example_dags/example_trigger_controller_dag.py
[2023-12-01T11:52:35.491+0000] {logging_mixin.py:151} INFO - [2023-12-01T11:52:35.447+0000] {dag.py:2915} INFO - Sync 1 DAGs
[2023-12-01T11:52:35.803+0000] {logging_mixin.py:151} INFO - [2023-12-01T11:52:35.799+0000] {dag.py:3696} INFO - Setting next_dagrun for example_trigger_controller_dag to 2021-01-01T00:00:00+00:00, run_after=2021-01-01T00:00:00+00:00
[2023-12-01T11:52:35.951+0000] {processor.py:179} INFO - Processing /home/airflow/.local/lib/python3.8/site-packages/airflow/example_dags/example_trigger_controller_dag.py took 1.096 seconds
[2023-12-01T11:53:06.409+0000] {processor.py:157} INFO - Started process (PID=46639) to work on /home/airflow/.local/lib/python3.8/site-packages/airflow/example_dags/example_trigger_controller_dag.py
[2023-12-01T11:53:06.410+0000] {processor.py:829} INFO - Processing file /home/airflow/.local/lib/python3.8/site-packages/airflow/example_dags/example_trigger_controller_dag.py for tasks to queue
[2023-12-01T11:53:06.413+0000] {logging_mixin.py:151} INFO - [2023-12-01T11:53:06.413+0000] {dagbag.py:539} INFO - Filling up the DagBag from /home/airflow/.local/lib/python3.8/site-packages/airflow/example_dags/example_trigger_controller_dag.py
[2023-12-01T11:53:06.418+0000] {processor.py:839} INFO - DAG(s) dict_keys(['example_trigger_controller_dag']) retrieved from /home/airflow/.local/lib/python3.8/site-packages/airflow/example_dags/example_trigger_controller_dag.py
[2023-12-01T11:53:06.433+0000] {logging_mixin.py:151} INFO - [2023-12-01T11:53:06.432+0000] {dag.py:2915} INFO - Sync 1 DAGs
[2023-12-01T11:53:06.445+0000] {logging_mixin.py:151} INFO - [2023-12-01T11:53:06.445+0000] {dag.py:3696} INFO - Setting next_dagrun for example_trigger_controller_dag to 2021-01-01T00:00:00+00:00, run_after=2021-01-01T00:00:00+00:00
[2023-12-01T11:53:06.454+0000] {processor.py:179} INFO - Processing /home/airflow/.local/lib/python3.8/site-packages/airflow/example_dags/example_trigger_controller_dag.py took 0.050 seconds
[2023-12-01T11:53:37.242+0000] {processor.py:157} INFO - Started process (PID=46693) to work on /home/airflow/.local/lib/python3.8/site-packages/airflow/example_dags/example_trigger_controller_dag.py
[2023-12-01T11:53:37.243+0000] {processor.py:829} INFO - Processing file /home/airflow/.local/lib/python3.8/site-packages/airflow/example_dags/example_trigger_controller_dag.py for tasks to queue
[2023-12-01T11:53:37.246+0000] {logging_mixin.py:151} INFO - [2023-12-01T11:53:37.246+0000] {dagbag.py:539} INFO - Filling up the DagBag from /home/airflow/.local/lib/python3.8/site-packages/airflow/example_dags/example_trigger_controller_dag.py
[2023-12-01T11:53:37.250+0000] {processor.py:839} INFO - DAG(s) dict_keys(['example_trigger_controller_dag']) retrieved from /home/airflow/.local/lib/python3.8/site-packages/airflow/example_dags/example_trigger_controller_dag.py
[2023-12-01T11:53:37.268+0000] {logging_mixin.py:151} INFO - [2023-12-01T11:53:37.268+0000] {dag.py:2915} INFO - Sync 1 DAGs
[2023-12-01T11:53:37.281+0000] {logging_mixin.py:151} INFO - [2023-12-01T11:53:37.281+0000] {dag.py:3696} INFO - Setting next_dagrun for example_trigger_controller_dag to 2021-01-01T00:00:00+00:00, run_after=2021-01-01T00:00:00+00:00
[2023-12-01T11:53:37.291+0000] {processor.py:179} INFO - Processing /home/airflow/.local/lib/python3.8/site-packages/airflow/example_dags/example_trigger_controller_dag.py took 0.053 seconds
[2023-12-01T11:54:07.609+0000] {processor.py:157} INFO - Started process (PID=46747) to work on /home/airflow/.local/lib/python3.8/site-packages/airflow/example_dags/example_trigger_controller_dag.py
[2023-12-01T11:54:07.610+0000] {processor.py:829} INFO - Processing file /home/airflow/.local/lib/python3.8/site-packages/airflow/example_dags/example_trigger_controller_dag.py for tasks to queue
[2023-12-01T11:54:07.613+0000] {logging_mixin.py:151} INFO - [2023-12-01T11:54:07.613+0000] {dagbag.py:539} INFO - Filling up the DagBag from /home/airflow/.local/lib/python3.8/site-packages/airflow/example_dags/example_trigger_controller_dag.py
[2023-12-01T11:54:07.618+0000] {processor.py:839} INFO - DAG(s) dict_keys(['example_trigger_controller_dag']) retrieved from /home/airflow/.local/lib/python3.8/site-packages/airflow/example_dags/example_trigger_controller_dag.py
[2023-12-01T11:54:07.635+0000] {logging_mixin.py:151} INFO - [2023-12-01T11:54:07.635+0000] {dag.py:2915} INFO - Sync 1 DAGs
[2023-12-01T11:54:07.649+0000] {logging_mixin.py:151} INFO - [2023-12-01T11:54:07.648+0000] {dag.py:3696} INFO - Setting next_dagrun for example_trigger_controller_dag to 2021-01-01T00:00:00+00:00, run_after=2021-01-01T00:00:00+00:00
[2023-12-01T11:54:07.658+0000] {processor.py:179} INFO - Processing /home/airflow/.local/lib/python3.8/site-packages/airflow/example_dags/example_trigger_controller_dag.py took 0.054 seconds
[2023-12-01T11:54:38.019+0000] {processor.py:157} INFO - Started process (PID=46801) to work on /home/airflow/.local/lib/python3.8/site-packages/airflow/example_dags/example_trigger_controller_dag.py
[2023-12-01T11:54:38.020+0000] {processor.py:829} INFO - Processing file /home/airflow/.local/lib/python3.8/site-packages/airflow/example_dags/example_trigger_controller_dag.py for tasks to queue
[2023-12-01T11:54:38.022+0000] {logging_mixin.py:151} INFO - [2023-12-01T11:54:38.021+0000] {dagbag.py:539} INFO - Filling up the DagBag from /home/airflow/.local/lib/python3.8/site-packages/airflow/example_dags/example_trigger_controller_dag.py
[2023-12-01T11:54:38.024+0000] {processor.py:839} INFO - DAG(s) dict_keys(['example_trigger_controller_dag']) retrieved from /home/airflow/.local/lib/python3.8/site-packages/airflow/example_dags/example_trigger_controller_dag.py
[2023-12-01T11:54:38.040+0000] {logging_mixin.py:151} INFO - [2023-12-01T11:54:38.040+0000] {dag.py:2915} INFO - Sync 1 DAGs
[2023-12-01T11:54:38.053+0000] {logging_mixin.py:151} INFO - [2023-12-01T11:54:38.053+0000] {dag.py:3696} INFO - Setting next_dagrun for example_trigger_controller_dag to 2021-01-01T00:00:00+00:00, run_after=2021-01-01T00:00:00+00:00
[2023-12-01T11:54:38.064+0000] {processor.py:179} INFO - Processing /home/airflow/.local/lib/python3.8/site-packages/airflow/example_dags/example_trigger_controller_dag.py took 0.048 seconds
[2023-12-01T11:55:08.396+0000] {processor.py:157} INFO - Started process (PID=46854) to work on /home/airflow/.local/lib/python3.8/site-packages/airflow/example_dags/example_trigger_controller_dag.py
[2023-12-01T11:55:08.397+0000] {processor.py:829} INFO - Processing file /home/airflow/.local/lib/python3.8/site-packages/airflow/example_dags/example_trigger_controller_dag.py for tasks to queue
[2023-12-01T11:55:08.400+0000] {logging_mixin.py:151} INFO - [2023-12-01T11:55:08.400+0000] {dagbag.py:539} INFO - Filling up the DagBag from /home/airflow/.local/lib/python3.8/site-packages/airflow/example_dags/example_trigger_controller_dag.py
[2023-12-01T11:55:08.407+0000] {processor.py:839} INFO - DAG(s) dict_keys(['example_trigger_controller_dag']) retrieved from /home/airflow/.local/lib/python3.8/site-packages/airflow/example_dags/example_trigger_controller_dag.py
[2023-12-01T11:55:08.428+0000] {logging_mixin.py:151} INFO - [2023-12-01T11:55:08.428+0000] {dag.py:2915} INFO - Sync 1 DAGs
[2023-12-01T11:55:08.447+0000] {logging_mixin.py:151} INFO - [2023-12-01T11:55:08.447+0000] {dag.py:3696} INFO - Setting next_dagrun for example_trigger_controller_dag to 2021-01-01T00:00:00+00:00, run_after=2021-01-01T00:00:00+00:00
[2023-12-01T11:55:08.464+0000] {processor.py:179} INFO - Processing /home/airflow/.local/lib/python3.8/site-packages/airflow/example_dags/example_trigger_controller_dag.py took 0.072 seconds
[2023-12-01T11:55:38.933+0000] {processor.py:157} INFO - Started process (PID=46908) to work on /home/airflow/.local/lib/python3.8/site-packages/airflow/example_dags/example_trigger_controller_dag.py
[2023-12-01T11:55:38.935+0000] {processor.py:829} INFO - Processing file /home/airflow/.local/lib/python3.8/site-packages/airflow/example_dags/example_trigger_controller_dag.py for tasks to queue
[2023-12-01T11:55:38.938+0000] {logging_mixin.py:151} INFO - [2023-12-01T11:55:38.937+0000] {dagbag.py:539} INFO - Filling up the DagBag from /home/airflow/.local/lib/python3.8/site-packages/airflow/example_dags/example_trigger_controller_dag.py
[2023-12-01T11:55:38.943+0000] {processor.py:839} INFO - DAG(s) dict_keys(['example_trigger_controller_dag']) retrieved from /home/airflow/.local/lib/python3.8/site-packages/airflow/example_dags/example_trigger_controller_dag.py
[2023-12-01T11:55:38.966+0000] {logging_mixin.py:151} INFO - [2023-12-01T11:55:38.966+0000] {dag.py:2915} INFO - Sync 1 DAGs
[2023-12-01T11:55:38.980+0000] {logging_mixin.py:151} INFO - [2023-12-01T11:55:38.980+0000] {dag.py:3696} INFO - Setting next_dagrun for example_trigger_controller_dag to 2021-01-01T00:00:00+00:00, run_after=2021-01-01T00:00:00+00:00
[2023-12-01T11:55:38.991+0000] {processor.py:179} INFO - Processing /home/airflow/.local/lib/python3.8/site-packages/airflow/example_dags/example_trigger_controller_dag.py took 0.063 seconds
[2023-12-01T11:56:09.378+0000] {processor.py:157} INFO - Started process (PID=46962) to work on /home/airflow/.local/lib/python3.8/site-packages/airflow/example_dags/example_trigger_controller_dag.py
[2023-12-01T11:56:09.380+0000] {processor.py:829} INFO - Processing file /home/airflow/.local/lib/python3.8/site-packages/airflow/example_dags/example_trigger_controller_dag.py for tasks to queue
[2023-12-01T11:56:09.384+0000] {logging_mixin.py:151} INFO - [2023-12-01T11:56:09.384+0000] {dagbag.py:539} INFO - Filling up the DagBag from /home/airflow/.local/lib/python3.8/site-packages/airflow/example_dags/example_trigger_controller_dag.py
[2023-12-01T11:56:09.389+0000] {processor.py:839} INFO - DAG(s) dict_keys(['example_trigger_controller_dag']) retrieved from /home/airflow/.local/lib/python3.8/site-packages/airflow/example_dags/example_trigger_controller_dag.py
[2023-12-01T11:56:09.415+0000] {logging_mixin.py:151} INFO - [2023-12-01T11:56:09.415+0000] {dag.py:2915} INFO - Sync 1 DAGs
[2023-12-01T11:56:09.431+0000] {logging_mixin.py:151} INFO - [2023-12-01T11:56:09.431+0000] {dag.py:3696} INFO - Setting next_dagrun for example_trigger_controller_dag to 2021-01-01T00:00:00+00:00, run_after=2021-01-01T00:00:00+00:00
[2023-12-01T11:56:09.444+0000] {processor.py:179} INFO - Processing /home/airflow/.local/lib/python3.8/site-packages/airflow/example_dags/example_trigger_controller_dag.py took 0.071 seconds
[2023-12-01T12:09:24.786+0000] {processor.py:157} INFO - Started process (PID=47011) to work on /home/airflow/.local/lib/python3.8/site-packages/airflow/example_dags/example_trigger_controller_dag.py
[2023-12-01T12:09:24.787+0000] {processor.py:829} INFO - Processing file /home/airflow/.local/lib/python3.8/site-packages/airflow/example_dags/example_trigger_controller_dag.py for tasks to queue
[2023-12-01T12:09:24.790+0000] {logging_mixin.py:151} INFO - [2023-12-01T12:09:24.789+0000] {dagbag.py:539} INFO - Filling up the DagBag from /home/airflow/.local/lib/python3.8/site-packages/airflow/example_dags/example_trigger_controller_dag.py
[2023-12-01T12:09:24.813+0000] {processor.py:839} INFO - DAG(s) dict_keys(['example_trigger_controller_dag']) retrieved from /home/airflow/.local/lib/python3.8/site-packages/airflow/example_dags/example_trigger_controller_dag.py
[2023-12-01T12:09:24.842+0000] {logging_mixin.py:151} INFO - [2023-12-01T12:09:24.841+0000] {dag.py:2915} INFO - Sync 1 DAGs
[2023-12-01T12:09:24.883+0000] {logging_mixin.py:151} INFO - [2023-12-01T12:09:24.883+0000] {dag.py:3696} INFO - Setting next_dagrun for example_trigger_controller_dag to 2021-01-01T00:00:00+00:00, run_after=2021-01-01T00:00:00+00:00
[2023-12-01T12:09:24.904+0000] {processor.py:179} INFO - Processing /home/airflow/.local/lib/python3.8/site-packages/airflow/example_dags/example_trigger_controller_dag.py took 0.122 seconds
[2023-12-01T12:43:12.723+0000] {processor.py:157} INFO - Started process (PID=47065) to work on /home/airflow/.local/lib/python3.8/site-packages/airflow/example_dags/example_trigger_controller_dag.py
[2023-12-01T12:43:12.725+0000] {processor.py:829} INFO - Processing file /home/airflow/.local/lib/python3.8/site-packages/airflow/example_dags/example_trigger_controller_dag.py for tasks to queue
[2023-12-01T12:43:12.728+0000] {logging_mixin.py:151} INFO - [2023-12-01T12:43:12.728+0000] {dagbag.py:539} INFO - Filling up the DagBag from /home/airflow/.local/lib/python3.8/site-packages/airflow/example_dags/example_trigger_controller_dag.py
[2023-12-01T12:43:12.736+0000] {processor.py:839} INFO - DAG(s) dict_keys(['example_trigger_controller_dag']) retrieved from /home/airflow/.local/lib/python3.8/site-packages/airflow/example_dags/example_trigger_controller_dag.py
[2023-12-01T12:43:12.754+0000] {logging_mixin.py:151} INFO - [2023-12-01T12:43:12.754+0000] {dag.py:2915} INFO - Sync 1 DAGs
[2023-12-01T12:43:12.767+0000] {logging_mixin.py:151} INFO - [2023-12-01T12:43:12.767+0000] {dag.py:3696} INFO - Setting next_dagrun for example_trigger_controller_dag to 2021-01-01T00:00:00+00:00, run_after=2021-01-01T00:00:00+00:00
[2023-12-01T12:43:12.778+0000] {processor.py:179} INFO - Processing /home/airflow/.local/lib/python3.8/site-packages/airflow/example_dags/example_trigger_controller_dag.py took 0.059 seconds
[2023-12-01T12:53:56.670+0000] {processor.py:157} INFO - Started process (PID=47119) to work on /home/airflow/.local/lib/python3.8/site-packages/airflow/example_dags/example_trigger_controller_dag.py
[2023-12-01T12:53:56.671+0000] {processor.py:829} INFO - Processing file /home/airflow/.local/lib/python3.8/site-packages/airflow/example_dags/example_trigger_controller_dag.py for tasks to queue
[2023-12-01T12:53:56.673+0000] {logging_mixin.py:151} INFO - [2023-12-01T12:53:56.673+0000] {dagbag.py:539} INFO - Filling up the DagBag from /home/airflow/.local/lib/python3.8/site-packages/airflow/example_dags/example_trigger_controller_dag.py
[2023-12-01T12:53:56.679+0000] {processor.py:839} INFO - DAG(s) dict_keys(['example_trigger_controller_dag']) retrieved from /home/airflow/.local/lib/python3.8/site-packages/airflow/example_dags/example_trigger_controller_dag.py
[2023-12-01T12:53:56.714+0000] {logging_mixin.py:151} INFO - [2023-12-01T12:53:56.714+0000] {dag.py:2915} INFO - Sync 1 DAGs
[2023-12-01T12:53:56.733+0000] {logging_mixin.py:151} INFO - [2023-12-01T12:53:56.733+0000] {dag.py:3696} INFO - Setting next_dagrun for example_trigger_controller_dag to 2021-01-01T00:00:00+00:00, run_after=2021-01-01T00:00:00+00:00
[2023-12-01T12:53:56.748+0000] {processor.py:179} INFO - Processing /home/airflow/.local/lib/python3.8/site-packages/airflow/example_dags/example_trigger_controller_dag.py took 0.081 seconds
[2023-12-01T13:07:29.599+0000] {processor.py:157} INFO - Started process (PID=47173) to work on /home/airflow/.local/lib/python3.8/site-packages/airflow/example_dags/example_trigger_controller_dag.py
[2023-12-01T13:07:29.600+0000] {processor.py:829} INFO - Processing file /home/airflow/.local/lib/python3.8/site-packages/airflow/example_dags/example_trigger_controller_dag.py for tasks to queue
[2023-12-01T13:07:29.602+0000] {logging_mixin.py:151} INFO - [2023-12-01T13:07:29.602+0000] {dagbag.py:539} INFO - Filling up the DagBag from /home/airflow/.local/lib/python3.8/site-packages/airflow/example_dags/example_trigger_controller_dag.py
[2023-12-01T13:07:29.607+0000] {processor.py:839} INFO - DAG(s) dict_keys(['example_trigger_controller_dag']) retrieved from /home/airflow/.local/lib/python3.8/site-packages/airflow/example_dags/example_trigger_controller_dag.py
[2023-12-01T13:07:29.631+0000] {logging_mixin.py:151} INFO - [2023-12-01T13:07:29.631+0000] {dag.py:2915} INFO - Sync 1 DAGs
[2023-12-01T13:07:29.646+0000] {logging_mixin.py:151} INFO - [2023-12-01T13:07:29.646+0000] {dag.py:3696} INFO - Setting next_dagrun for example_trigger_controller_dag to 2021-01-01T00:00:00+00:00, run_after=2021-01-01T00:00:00+00:00
[2023-12-01T13:07:29.657+0000] {processor.py:179} INFO - Processing /home/airflow/.local/lib/python3.8/site-packages/airflow/example_dags/example_trigger_controller_dag.py took 0.060 seconds
[2023-12-01T13:10:47.322+0000] {processor.py:157} INFO - Started process (PID=47227) to work on /home/airflow/.local/lib/python3.8/site-packages/airflow/example_dags/example_trigger_controller_dag.py
[2023-12-01T13:10:47.323+0000] {processor.py:829} INFO - Processing file /home/airflow/.local/lib/python3.8/site-packages/airflow/example_dags/example_trigger_controller_dag.py for tasks to queue
[2023-12-01T13:10:47.326+0000] {logging_mixin.py:151} INFO - [2023-12-01T13:10:47.325+0000] {dagbag.py:539} INFO - Filling up the DagBag from /home/airflow/.local/lib/python3.8/site-packages/airflow/example_dags/example_trigger_controller_dag.py
[2023-12-01T13:10:47.330+0000] {processor.py:839} INFO - DAG(s) dict_keys(['example_trigger_controller_dag']) retrieved from /home/airflow/.local/lib/python3.8/site-packages/airflow/example_dags/example_trigger_controller_dag.py
[2023-12-01T13:10:47.349+0000] {logging_mixin.py:151} INFO - [2023-12-01T13:10:47.348+0000] {dag.py:2915} INFO - Sync 1 DAGs
[2023-12-01T13:10:47.368+0000] {logging_mixin.py:151} INFO - [2023-12-01T13:10:47.367+0000] {dag.py:3696} INFO - Setting next_dagrun for example_trigger_controller_dag to 2021-01-01T00:00:00+00:00, run_after=2021-01-01T00:00:00+00:00
[2023-12-01T13:10:47.390+0000] {processor.py:179} INFO - Processing /home/airflow/.local/lib/python3.8/site-packages/airflow/example_dags/example_trigger_controller_dag.py took 0.073 seconds
[2023-12-01T14:00:29.284+0000] {processor.py:157} INFO - Started process (PID=47281) to work on /home/airflow/.local/lib/python3.8/site-packages/airflow/example_dags/example_trigger_controller_dag.py
[2023-12-01T14:00:29.285+0000] {processor.py:829} INFO - Processing file /home/airflow/.local/lib/python3.8/site-packages/airflow/example_dags/example_trigger_controller_dag.py for tasks to queue
[2023-12-01T14:00:29.287+0000] {logging_mixin.py:151} INFO - [2023-12-01T14:00:29.286+0000] {dagbag.py:539} INFO - Filling up the DagBag from /home/airflow/.local/lib/python3.8/site-packages/airflow/example_dags/example_trigger_controller_dag.py
[2023-12-01T14:00:29.290+0000] {processor.py:839} INFO - DAG(s) dict_keys(['example_trigger_controller_dag']) retrieved from /home/airflow/.local/lib/python3.8/site-packages/airflow/example_dags/example_trigger_controller_dag.py
[2023-12-01T14:00:29.307+0000] {logging_mixin.py:151} INFO - [2023-12-01T14:00:29.307+0000] {dag.py:2915} INFO - Sync 1 DAGs
[2023-12-01T14:00:29.320+0000] {logging_mixin.py:151} INFO - [2023-12-01T14:00:29.319+0000] {dag.py:3696} INFO - Setting next_dagrun for example_trigger_controller_dag to 2021-01-01T00:00:00+00:00, run_after=2021-01-01T00:00:00+00:00
[2023-12-01T14:00:29.330+0000] {processor.py:179} INFO - Processing /home/airflow/.local/lib/python3.8/site-packages/airflow/example_dags/example_trigger_controller_dag.py took 0.049 seconds
[2023-12-01T14:53:29.413+0000] {processor.py:157} INFO - Started process (PID=47335) to work on /home/airflow/.local/lib/python3.8/site-packages/airflow/example_dags/example_trigger_controller_dag.py
[2023-12-01T14:53:29.415+0000] {processor.py:829} INFO - Processing file /home/airflow/.local/lib/python3.8/site-packages/airflow/example_dags/example_trigger_controller_dag.py for tasks to queue
[2023-12-01T14:53:29.418+0000] {logging_mixin.py:151} INFO - [2023-12-01T14:53:29.418+0000] {dagbag.py:539} INFO - Filling up the DagBag from /home/airflow/.local/lib/python3.8/site-packages/airflow/example_dags/example_trigger_controller_dag.py
[2023-12-01T14:53:29.424+0000] {processor.py:839} INFO - DAG(s) dict_keys(['example_trigger_controller_dag']) retrieved from /home/airflow/.local/lib/python3.8/site-packages/airflow/example_dags/example_trigger_controller_dag.py
[2023-12-01T14:53:29.442+0000] {logging_mixin.py:151} INFO - [2023-12-01T14:53:29.442+0000] {dag.py:2915} INFO - Sync 1 DAGs
[2023-12-01T14:53:29.456+0000] {logging_mixin.py:151} INFO - [2023-12-01T14:53:29.456+0000] {dag.py:3696} INFO - Setting next_dagrun for example_trigger_controller_dag to 2021-01-01T00:00:00+00:00, run_after=2021-01-01T00:00:00+00:00
[2023-12-01T14:53:29.467+0000] {processor.py:179} INFO - Processing /home/airflow/.local/lib/python3.8/site-packages/airflow/example_dags/example_trigger_controller_dag.py took 0.061 seconds
[2023-12-01T15:50:59.132+0000] {processor.py:157} INFO - Started process (PID=47389) to work on /home/airflow/.local/lib/python3.8/site-packages/airflow/example_dags/example_trigger_controller_dag.py
[2023-12-01T15:50:59.134+0000] {processor.py:829} INFO - Processing file /home/airflow/.local/lib/python3.8/site-packages/airflow/example_dags/example_trigger_controller_dag.py for tasks to queue
[2023-12-01T15:50:59.136+0000] {logging_mixin.py:151} INFO - [2023-12-01T15:50:59.136+0000] {dagbag.py:539} INFO - Filling up the DagBag from /home/airflow/.local/lib/python3.8/site-packages/airflow/example_dags/example_trigger_controller_dag.py
[2023-12-01T15:50:59.141+0000] {processor.py:839} INFO - DAG(s) dict_keys(['example_trigger_controller_dag']) retrieved from /home/airflow/.local/lib/python3.8/site-packages/airflow/example_dags/example_trigger_controller_dag.py
[2023-12-01T15:50:59.179+0000] {logging_mixin.py:151} INFO - [2023-12-01T15:50:59.179+0000] {dag.py:2915} INFO - Sync 1 DAGs
[2023-12-01T15:50:59.201+0000] {logging_mixin.py:151} INFO - [2023-12-01T15:50:59.201+0000] {dag.py:3696} INFO - Setting next_dagrun for example_trigger_controller_dag to 2021-01-01T00:00:00+00:00, run_after=2021-01-01T00:00:00+00:00
[2023-12-01T15:50:59.216+0000] {processor.py:179} INFO - Processing /home/airflow/.local/lib/python3.8/site-packages/airflow/example_dags/example_trigger_controller_dag.py took 0.087 seconds
[2023-12-01T16:35:44.269+0000] {processor.py:157} INFO - Started process (PID=47443) to work on /home/airflow/.local/lib/python3.8/site-packages/airflow/example_dags/example_trigger_controller_dag.py
[2023-12-01T16:35:44.269+0000] {processor.py:829} INFO - Processing file /home/airflow/.local/lib/python3.8/site-packages/airflow/example_dags/example_trigger_controller_dag.py for tasks to queue
[2023-12-01T16:35:44.271+0000] {logging_mixin.py:151} INFO - [2023-12-01T16:35:44.271+0000] {dagbag.py:539} INFO - Filling up the DagBag from /home/airflow/.local/lib/python3.8/site-packages/airflow/example_dags/example_trigger_controller_dag.py
[2023-12-01T16:35:44.275+0000] {processor.py:839} INFO - DAG(s) dict_keys(['example_trigger_controller_dag']) retrieved from /home/airflow/.local/lib/python3.8/site-packages/airflow/example_dags/example_trigger_controller_dag.py
[2023-12-01T16:35:44.289+0000] {logging_mixin.py:151} INFO - [2023-12-01T16:35:44.289+0000] {dag.py:2915} INFO - Sync 1 DAGs
[2023-12-01T16:35:44.303+0000] {logging_mixin.py:151} INFO - [2023-12-01T16:35:44.302+0000] {dag.py:3696} INFO - Setting next_dagrun for example_trigger_controller_dag to 2021-01-01T00:00:00+00:00, run_after=2021-01-01T00:00:00+00:00
[2023-12-01T16:35:44.313+0000] {processor.py:179} INFO - Processing /home/airflow/.local/lib/python3.8/site-packages/airflow/example_dags/example_trigger_controller_dag.py took 0.048 seconds
[2023-12-01T17:55:40.191+0000] {processor.py:157} INFO - Started process (PID=47497) to work on /home/airflow/.local/lib/python3.8/site-packages/airflow/example_dags/example_trigger_controller_dag.py
[2023-12-01T17:55:40.192+0000] {processor.py:829} INFO - Processing file /home/airflow/.local/lib/python3.8/site-packages/airflow/example_dags/example_trigger_controller_dag.py for tasks to queue
[2023-12-01T17:55:40.194+0000] {logging_mixin.py:151} INFO - [2023-12-01T17:55:40.194+0000] {dagbag.py:539} INFO - Filling up the DagBag from /home/airflow/.local/lib/python3.8/site-packages/airflow/example_dags/example_trigger_controller_dag.py
[2023-12-01T17:55:40.197+0000] {processor.py:839} INFO - DAG(s) dict_keys(['example_trigger_controller_dag']) retrieved from /home/airflow/.local/lib/python3.8/site-packages/airflow/example_dags/example_trigger_controller_dag.py
[2023-12-01T17:55:40.212+0000] {logging_mixin.py:151} INFO - [2023-12-01T17:55:40.212+0000] {dag.py:2915} INFO - Sync 1 DAGs
[2023-12-01T17:55:40.225+0000] {logging_mixin.py:151} INFO - [2023-12-01T17:55:40.225+0000] {dag.py:3696} INFO - Setting next_dagrun for example_trigger_controller_dag to 2021-01-01T00:00:00+00:00, run_after=2021-01-01T00:00:00+00:00
[2023-12-01T17:55:40.237+0000] {processor.py:179} INFO - Processing /home/airflow/.local/lib/python3.8/site-packages/airflow/example_dags/example_trigger_controller_dag.py took 0.049 seconds
[2023-12-01T18:35:03.156+0000] {processor.py:157} INFO - Started process (PID=47551) to work on /home/airflow/.local/lib/python3.8/site-packages/airflow/example_dags/example_trigger_controller_dag.py
[2023-12-01T18:35:03.157+0000] {processor.py:829} INFO - Processing file /home/airflow/.local/lib/python3.8/site-packages/airflow/example_dags/example_trigger_controller_dag.py for tasks to queue
[2023-12-01T18:35:03.159+0000] {logging_mixin.py:151} INFO - [2023-12-01T18:35:03.158+0000] {dagbag.py:539} INFO - Filling up the DagBag from /home/airflow/.local/lib/python3.8/site-packages/airflow/example_dags/example_trigger_controller_dag.py
[2023-12-01T18:35:03.162+0000] {processor.py:839} INFO - DAG(s) dict_keys(['example_trigger_controller_dag']) retrieved from /home/airflow/.local/lib/python3.8/site-packages/airflow/example_dags/example_trigger_controller_dag.py
[2023-12-01T18:35:03.176+0000] {logging_mixin.py:151} INFO - [2023-12-01T18:35:03.176+0000] {dag.py:2915} INFO - Sync 1 DAGs
[2023-12-01T18:35:03.190+0000] {logging_mixin.py:151} INFO - [2023-12-01T18:35:03.190+0000] {dag.py:3696} INFO - Setting next_dagrun for example_trigger_controller_dag to 2021-01-01T00:00:00+00:00, run_after=2021-01-01T00:00:00+00:00
[2023-12-01T18:35:03.200+0000] {processor.py:179} INFO - Processing /home/airflow/.local/lib/python3.8/site-packages/airflow/example_dags/example_trigger_controller_dag.py took 0.047 seconds
[2023-12-01T19:05:45.391+0000] {processor.py:157} INFO - Started process (PID=47605) to work on /home/airflow/.local/lib/python3.8/site-packages/airflow/example_dags/example_trigger_controller_dag.py
[2023-12-01T19:05:45.392+0000] {processor.py:829} INFO - Processing file /home/airflow/.local/lib/python3.8/site-packages/airflow/example_dags/example_trigger_controller_dag.py for tasks to queue
[2023-12-01T19:05:45.395+0000] {logging_mixin.py:151} INFO - [2023-12-01T19:05:45.394+0000] {dagbag.py:539} INFO - Filling up the DagBag from /home/airflow/.local/lib/python3.8/site-packages/airflow/example_dags/example_trigger_controller_dag.py
[2023-12-01T19:05:45.399+0000] {processor.py:839} INFO - DAG(s) dict_keys(['example_trigger_controller_dag']) retrieved from /home/airflow/.local/lib/python3.8/site-packages/airflow/example_dags/example_trigger_controller_dag.py
[2023-12-01T19:05:45.418+0000] {logging_mixin.py:151} INFO - [2023-12-01T19:05:45.417+0000] {dag.py:2915} INFO - Sync 1 DAGs
[2023-12-01T19:05:45.432+0000] {logging_mixin.py:151} INFO - [2023-12-01T19:05:45.432+0000] {dag.py:3696} INFO - Setting next_dagrun for example_trigger_controller_dag to 2021-01-01T00:00:00+00:00, run_after=2021-01-01T00:00:00+00:00
[2023-12-01T19:05:45.444+0000] {processor.py:179} INFO - Processing /home/airflow/.local/lib/python3.8/site-packages/airflow/example_dags/example_trigger_controller_dag.py took 0.057 seconds
[2023-12-01T19:33:47.033+0000] {processor.py:157} INFO - Started process (PID=47659) to work on /home/airflow/.local/lib/python3.8/site-packages/airflow/example_dags/example_trigger_controller_dag.py
[2023-12-01T19:33:47.035+0000] {processor.py:829} INFO - Processing file /home/airflow/.local/lib/python3.8/site-packages/airflow/example_dags/example_trigger_controller_dag.py for tasks to queue
[2023-12-01T19:33:47.037+0000] {logging_mixin.py:151} INFO - [2023-12-01T19:33:47.036+0000] {dagbag.py:539} INFO - Filling up the DagBag from /home/airflow/.local/lib/python3.8/site-packages/airflow/example_dags/example_trigger_controller_dag.py
[2023-12-01T19:33:47.041+0000] {processor.py:839} INFO - DAG(s) dict_keys(['example_trigger_controller_dag']) retrieved from /home/airflow/.local/lib/python3.8/site-packages/airflow/example_dags/example_trigger_controller_dag.py
[2023-12-01T19:33:47.063+0000] {logging_mixin.py:151} INFO - [2023-12-01T19:33:47.063+0000] {dag.py:2915} INFO - Sync 1 DAGs
[2023-12-01T19:33:47.091+0000] {logging_mixin.py:151} INFO - [2023-12-01T19:33:47.090+0000] {dag.py:3696} INFO - Setting next_dagrun for example_trigger_controller_dag to 2021-01-01T00:00:00+00:00, run_after=2021-01-01T00:00:00+00:00
[2023-12-01T19:33:47.105+0000] {processor.py:179} INFO - Processing /home/airflow/.local/lib/python3.8/site-packages/airflow/example_dags/example_trigger_controller_dag.py took 0.075 seconds
[2023-12-01T20:06:44.144+0000] {processor.py:157} INFO - Started process (PID=47713) to work on /home/airflow/.local/lib/python3.8/site-packages/airflow/example_dags/example_trigger_controller_dag.py
[2023-12-01T20:06:44.146+0000] {processor.py:829} INFO - Processing file /home/airflow/.local/lib/python3.8/site-packages/airflow/example_dags/example_trigger_controller_dag.py for tasks to queue
[2023-12-01T20:06:44.147+0000] {logging_mixin.py:151} INFO - [2023-12-01T20:06:44.147+0000] {dagbag.py:539} INFO - Filling up the DagBag from /home/airflow/.local/lib/python3.8/site-packages/airflow/example_dags/example_trigger_controller_dag.py
[2023-12-01T20:06:44.155+0000] {processor.py:839} INFO - DAG(s) dict_keys(['example_trigger_controller_dag']) retrieved from /home/airflow/.local/lib/python3.8/site-packages/airflow/example_dags/example_trigger_controller_dag.py
[2023-12-01T20:06:44.174+0000] {logging_mixin.py:151} INFO - [2023-12-01T20:06:44.174+0000] {dag.py:2915} INFO - Sync 1 DAGs
[2023-12-01T20:06:44.189+0000] {logging_mixin.py:151} INFO - [2023-12-01T20:06:44.189+0000] {dag.py:3696} INFO - Setting next_dagrun for example_trigger_controller_dag to 2021-01-01T00:00:00+00:00, run_after=2021-01-01T00:00:00+00:00
[2023-12-01T20:06:44.356+0000] {processor.py:179} INFO - Processing /home/airflow/.local/lib/python3.8/site-packages/airflow/example_dags/example_trigger_controller_dag.py took 0.215 seconds
[2023-12-01T20:20:12.841+0000] {processor.py:157} INFO - Started process (PID=47767) to work on /home/airflow/.local/lib/python3.8/site-packages/airflow/example_dags/example_trigger_controller_dag.py
[2023-12-01T20:20:12.842+0000] {processor.py:829} INFO - Processing file /home/airflow/.local/lib/python3.8/site-packages/airflow/example_dags/example_trigger_controller_dag.py for tasks to queue
[2023-12-01T20:20:12.844+0000] {logging_mixin.py:151} INFO - [2023-12-01T20:20:12.844+0000] {dagbag.py:539} INFO - Filling up the DagBag from /home/airflow/.local/lib/python3.8/site-packages/airflow/example_dags/example_trigger_controller_dag.py
[2023-12-01T20:20:12.848+0000] {processor.py:839} INFO - DAG(s) dict_keys(['example_trigger_controller_dag']) retrieved from /home/airflow/.local/lib/python3.8/site-packages/airflow/example_dags/example_trigger_controller_dag.py
[2023-12-01T20:20:12.862+0000] {logging_mixin.py:151} INFO - [2023-12-01T20:20:12.862+0000] {dag.py:2915} INFO - Sync 1 DAGs
[2023-12-01T20:20:12.875+0000] {logging_mixin.py:151} INFO - [2023-12-01T20:20:12.875+0000] {dag.py:3696} INFO - Setting next_dagrun for example_trigger_controller_dag to 2021-01-01T00:00:00+00:00, run_after=2021-01-01T00:00:00+00:00
[2023-12-01T20:20:12.885+0000] {processor.py:179} INFO - Processing /home/airflow/.local/lib/python3.8/site-packages/airflow/example_dags/example_trigger_controller_dag.py took 0.046 seconds
[2023-12-01T20:46:19.289+0000] {processor.py:157} INFO - Started process (PID=47821) to work on /home/airflow/.local/lib/python3.8/site-packages/airflow/example_dags/example_trigger_controller_dag.py
[2023-12-01T20:46:19.292+0000] {processor.py:829} INFO - Processing file /home/airflow/.local/lib/python3.8/site-packages/airflow/example_dags/example_trigger_controller_dag.py for tasks to queue
[2023-12-01T20:46:19.297+0000] {logging_mixin.py:151} INFO - [2023-12-01T20:46:19.297+0000] {dagbag.py:539} INFO - Filling up the DagBag from /home/airflow/.local/lib/python3.8/site-packages/airflow/example_dags/example_trigger_controller_dag.py
[2023-12-01T20:46:19.307+0000] {processor.py:839} INFO - DAG(s) dict_keys(['example_trigger_controller_dag']) retrieved from /home/airflow/.local/lib/python3.8/site-packages/airflow/example_dags/example_trigger_controller_dag.py
[2023-12-01T20:46:19.338+0000] {logging_mixin.py:151} INFO - [2023-12-01T20:46:19.338+0000] {dag.py:2915} INFO - Sync 1 DAGs
[2023-12-01T20:46:19.359+0000] {logging_mixin.py:151} INFO - [2023-12-01T20:46:19.358+0000] {dag.py:3696} INFO - Setting next_dagrun for example_trigger_controller_dag to 2021-01-01T00:00:00+00:00, run_after=2021-01-01T00:00:00+00:00
[2023-12-01T20:46:19.447+0000] {processor.py:179} INFO - Processing /home/airflow/.local/lib/python3.8/site-packages/airflow/example_dags/example_trigger_controller_dag.py took 0.160 seconds
[2023-12-01T21:17:02.409+0000] {processor.py:157} INFO - Started process (PID=47875) to work on /home/airflow/.local/lib/python3.8/site-packages/airflow/example_dags/example_trigger_controller_dag.py
[2023-12-01T21:17:02.411+0000] {processor.py:829} INFO - Processing file /home/airflow/.local/lib/python3.8/site-packages/airflow/example_dags/example_trigger_controller_dag.py for tasks to queue
[2023-12-01T21:17:02.413+0000] {logging_mixin.py:151} INFO - [2023-12-01T21:17:02.413+0000] {dagbag.py:539} INFO - Filling up the DagBag from /home/airflow/.local/lib/python3.8/site-packages/airflow/example_dags/example_trigger_controller_dag.py
[2023-12-01T21:17:02.418+0000] {processor.py:839} INFO - DAG(s) dict_keys(['example_trigger_controller_dag']) retrieved from /home/airflow/.local/lib/python3.8/site-packages/airflow/example_dags/example_trigger_controller_dag.py
[2023-12-01T21:17:02.451+0000] {logging_mixin.py:151} INFO - [2023-12-01T21:17:02.450+0000] {dag.py:2915} INFO - Sync 1 DAGs
[2023-12-01T21:17:02.472+0000] {logging_mixin.py:151} INFO - [2023-12-01T21:17:02.472+0000] {dag.py:3696} INFO - Setting next_dagrun for example_trigger_controller_dag to 2021-01-01T00:00:00+00:00, run_after=2021-01-01T00:00:00+00:00
[2023-12-01T21:17:02.488+0000] {processor.py:179} INFO - Processing /home/airflow/.local/lib/python3.8/site-packages/airflow/example_dags/example_trigger_controller_dag.py took 0.083 seconds
[2023-12-01T22:08:36.911+0000] {processor.py:157} INFO - Started process (PID=47929) to work on /home/airflow/.local/lib/python3.8/site-packages/airflow/example_dags/example_trigger_controller_dag.py
[2023-12-01T22:08:36.913+0000] {processor.py:829} INFO - Processing file /home/airflow/.local/lib/python3.8/site-packages/airflow/example_dags/example_trigger_controller_dag.py for tasks to queue
[2023-12-01T22:08:36.917+0000] {logging_mixin.py:151} INFO - [2023-12-01T22:08:36.917+0000] {dagbag.py:539} INFO - Filling up the DagBag from /home/airflow/.local/lib/python3.8/site-packages/airflow/example_dags/example_trigger_controller_dag.py
[2023-12-01T22:08:36.926+0000] {processor.py:839} INFO - DAG(s) dict_keys(['example_trigger_controller_dag']) retrieved from /home/airflow/.local/lib/python3.8/site-packages/airflow/example_dags/example_trigger_controller_dag.py
[2023-12-01T22:08:36.952+0000] {logging_mixin.py:151} INFO - [2023-12-01T22:08:36.952+0000] {dag.py:2915} INFO - Sync 1 DAGs
[2023-12-01T22:08:36.978+0000] {logging_mixin.py:151} INFO - [2023-12-01T22:08:36.978+0000] {dag.py:3696} INFO - Setting next_dagrun for example_trigger_controller_dag to 2021-01-01T00:00:00+00:00, run_after=2021-01-01T00:00:00+00:00
[2023-12-01T22:08:37.181+0000] {processor.py:179} INFO - Processing /home/airflow/.local/lib/python3.8/site-packages/airflow/example_dags/example_trigger_controller_dag.py took 0.275 seconds
[2023-12-01T22:54:05.948+0000] {processor.py:157} INFO - Started process (PID=47984) to work on /home/airflow/.local/lib/python3.8/site-packages/airflow/example_dags/example_trigger_controller_dag.py
[2023-12-01T22:54:05.951+0000] {processor.py:829} INFO - Processing file /home/airflow/.local/lib/python3.8/site-packages/airflow/example_dags/example_trigger_controller_dag.py for tasks to queue
[2023-12-01T22:54:05.955+0000] {logging_mixin.py:151} INFO - [2023-12-01T22:54:05.954+0000] {dagbag.py:539} INFO - Filling up the DagBag from /home/airflow/.local/lib/python3.8/site-packages/airflow/example_dags/example_trigger_controller_dag.py
[2023-12-01T22:54:05.960+0000] {processor.py:839} INFO - DAG(s) dict_keys(['example_trigger_controller_dag']) retrieved from /home/airflow/.local/lib/python3.8/site-packages/airflow/example_dags/example_trigger_controller_dag.py
[2023-12-01T22:54:05.980+0000] {logging_mixin.py:151} INFO - [2023-12-01T22:54:05.980+0000] {dag.py:2915} INFO - Sync 1 DAGs
[2023-12-01T22:54:05.996+0000] {logging_mixin.py:151} INFO - [2023-12-01T22:54:05.996+0000] {dag.py:3696} INFO - Setting next_dagrun for example_trigger_controller_dag to 2021-01-01T00:00:00+00:00, run_after=2021-01-01T00:00:00+00:00
[2023-12-01T22:54:06.015+0000] {processor.py:179} INFO - Processing /home/airflow/.local/lib/python3.8/site-packages/airflow/example_dags/example_trigger_controller_dag.py took 0.073 seconds
[2023-12-01T23:41:08.351+0000] {processor.py:157} INFO - Started process (PID=48038) to work on /home/airflow/.local/lib/python3.8/site-packages/airflow/example_dags/example_trigger_controller_dag.py
[2023-12-01T23:41:08.353+0000] {processor.py:829} INFO - Processing file /home/airflow/.local/lib/python3.8/site-packages/airflow/example_dags/example_trigger_controller_dag.py for tasks to queue
[2023-12-01T23:41:08.356+0000] {logging_mixin.py:151} INFO - [2023-12-01T23:41:08.355+0000] {dagbag.py:539} INFO - Filling up the DagBag from /home/airflow/.local/lib/python3.8/site-packages/airflow/example_dags/example_trigger_controller_dag.py
[2023-12-01T23:41:08.364+0000] {processor.py:839} INFO - DAG(s) dict_keys(['example_trigger_controller_dag']) retrieved from /home/airflow/.local/lib/python3.8/site-packages/airflow/example_dags/example_trigger_controller_dag.py
[2023-12-01T23:41:08.409+0000] {logging_mixin.py:151} INFO - [2023-12-01T23:41:08.408+0000] {dag.py:2915} INFO - Sync 1 DAGs
[2023-12-01T23:41:08.443+0000] {logging_mixin.py:151} INFO - [2023-12-01T23:41:08.443+0000] {dag.py:3696} INFO - Setting next_dagrun for example_trigger_controller_dag to 2021-01-01T00:00:00+00:00, run_after=2021-01-01T00:00:00+00:00
[2023-12-01T23:41:08.488+0000] {processor.py:179} INFO - Processing /home/airflow/.local/lib/python3.8/site-packages/airflow/example_dags/example_trigger_controller_dag.py took 0.142 seconds
