[2023-12-01T00:05:52.296+0000] {processor.py:157} INFO - Started process (PID=45251) to work on /home/airflow/.local/lib/python3.8/site-packages/airflow/example_dags/example_xcom.py
[2023-12-01T00:05:52.297+0000] {processor.py:829} INFO - Processing file /home/airflow/.local/lib/python3.8/site-packages/airflow/example_dags/example_xcom.py for tasks to queue
[2023-12-01T00:05:52.299+0000] {logging_mixin.py:151} INFO - [2023-12-01T00:05:52.299+0000] {dagbag.py:539} INFO - Filling up the DagBag from /home/airflow/.local/lib/python3.8/site-packages/airflow/example_dags/example_xcom.py
[2023-12-01T00:05:52.304+0000] {processor.py:839} INFO - DAG(s) dict_keys(['example_xcom']) retrieved from /home/airflow/.local/lib/python3.8/site-packages/airflow/example_dags/example_xcom.py
[2023-12-01T00:05:52.318+0000] {logging_mixin.py:151} INFO - [2023-12-01T00:05:52.318+0000] {dag.py:2915} INFO - Sync 1 DAGs
[2023-12-01T00:05:52.330+0000] {logging_mixin.py:151} INFO - [2023-12-01T00:05:52.330+0000] {dag.py:3696} INFO - Setting next_dagrun for example_xcom to 2021-01-01T00:00:00+00:00, run_after=2021-01-01T00:00:00+00:00
[2023-12-01T00:05:52.339+0000] {processor.py:179} INFO - Processing /home/airflow/.local/lib/python3.8/site-packages/airflow/example_dags/example_xcom.py took 0.045 seconds
[2023-12-01T00:33:46.818+0000] {processor.py:157} INFO - Started process (PID=45305) to work on /home/airflow/.local/lib/python3.8/site-packages/airflow/example_dags/example_xcom.py
[2023-12-01T00:33:46.819+0000] {processor.py:829} INFO - Processing file /home/airflow/.local/lib/python3.8/site-packages/airflow/example_dags/example_xcom.py for tasks to queue
[2023-12-01T00:33:46.822+0000] {logging_mixin.py:151} INFO - [2023-12-01T00:33:46.821+0000] {dagbag.py:539} INFO - Filling up the DagBag from /home/airflow/.local/lib/python3.8/site-packages/airflow/example_dags/example_xcom.py
[2023-12-01T00:33:46.833+0000] {processor.py:839} INFO - DAG(s) dict_keys(['example_xcom']) retrieved from /home/airflow/.local/lib/python3.8/site-packages/airflow/example_dags/example_xcom.py
[2023-12-01T00:33:46.866+0000] {logging_mixin.py:151} INFO - [2023-12-01T00:33:46.866+0000] {dag.py:2915} INFO - Sync 1 DAGs
[2023-12-01T00:33:46.886+0000] {logging_mixin.py:151} INFO - [2023-12-01T00:33:46.886+0000] {dag.py:3696} INFO - Setting next_dagrun for example_xcom to 2021-01-01T00:00:00+00:00, run_after=2021-01-01T00:00:00+00:00
[2023-12-01T00:33:46.909+0000] {processor.py:179} INFO - Processing /home/airflow/.local/lib/python3.8/site-packages/airflow/example_dags/example_xcom.py took 0.095 seconds
[2023-12-01T01:27:58.566+0000] {processor.py:157} INFO - Started process (PID=45359) to work on /home/airflow/.local/lib/python3.8/site-packages/airflow/example_dags/example_xcom.py
[2023-12-01T01:27:58.567+0000] {processor.py:829} INFO - Processing file /home/airflow/.local/lib/python3.8/site-packages/airflow/example_dags/example_xcom.py for tasks to queue
[2023-12-01T01:27:58.571+0000] {logging_mixin.py:151} INFO - [2023-12-01T01:27:58.570+0000] {dagbag.py:539} INFO - Filling up the DagBag from /home/airflow/.local/lib/python3.8/site-packages/airflow/example_dags/example_xcom.py
[2023-12-01T01:27:58.579+0000] {processor.py:839} INFO - DAG(s) dict_keys(['example_xcom']) retrieved from /home/airflow/.local/lib/python3.8/site-packages/airflow/example_dags/example_xcom.py
[2023-12-01T01:27:58.605+0000] {logging_mixin.py:151} INFO - [2023-12-01T01:27:58.605+0000] {dag.py:2915} INFO - Sync 1 DAGs
[2023-12-01T01:27:58.622+0000] {logging_mixin.py:151} INFO - [2023-12-01T01:27:58.622+0000] {dag.py:3696} INFO - Setting next_dagrun for example_xcom to 2021-01-01T00:00:00+00:00, run_after=2021-01-01T00:00:00+00:00
[2023-12-01T01:27:58.636+0000] {processor.py:179} INFO - Processing /home/airflow/.local/lib/python3.8/site-packages/airflow/example_dags/example_xcom.py took 0.072 seconds
[2023-12-01T02:09:25.463+0000] {processor.py:157} INFO - Started process (PID=45413) to work on /home/airflow/.local/lib/python3.8/site-packages/airflow/example_dags/example_xcom.py
[2023-12-01T02:09:25.464+0000] {processor.py:829} INFO - Processing file /home/airflow/.local/lib/python3.8/site-packages/airflow/example_dags/example_xcom.py for tasks to queue
[2023-12-01T02:09:25.465+0000] {logging_mixin.py:151} INFO - [2023-12-01T02:09:25.465+0000] {dagbag.py:539} INFO - Filling up the DagBag from /home/airflow/.local/lib/python3.8/site-packages/airflow/example_dags/example_xcom.py
[2023-12-01T02:09:25.471+0000] {processor.py:839} INFO - DAG(s) dict_keys(['example_xcom']) retrieved from /home/airflow/.local/lib/python3.8/site-packages/airflow/example_dags/example_xcom.py
[2023-12-01T02:09:25.485+0000] {logging_mixin.py:151} INFO - [2023-12-01T02:09:25.484+0000] {dag.py:2915} INFO - Sync 1 DAGs
[2023-12-01T02:09:25.497+0000] {logging_mixin.py:151} INFO - [2023-12-01T02:09:25.496+0000] {dag.py:3696} INFO - Setting next_dagrun for example_xcom to 2021-01-01T00:00:00+00:00, run_after=2021-01-01T00:00:00+00:00
[2023-12-01T02:09:25.506+0000] {processor.py:179} INFO - Processing /home/airflow/.local/lib/python3.8/site-packages/airflow/example_dags/example_xcom.py took 0.046 seconds
[2023-12-01T02:45:40.813+0000] {processor.py:157} INFO - Started process (PID=45467) to work on /home/airflow/.local/lib/python3.8/site-packages/airflow/example_dags/example_xcom.py
[2023-12-01T02:45:40.814+0000] {processor.py:829} INFO - Processing file /home/airflow/.local/lib/python3.8/site-packages/airflow/example_dags/example_xcom.py for tasks to queue
[2023-12-01T02:45:40.816+0000] {logging_mixin.py:151} INFO - [2023-12-01T02:45:40.816+0000] {dagbag.py:539} INFO - Filling up the DagBag from /home/airflow/.local/lib/python3.8/site-packages/airflow/example_dags/example_xcom.py
[2023-12-01T02:45:40.821+0000] {processor.py:839} INFO - DAG(s) dict_keys(['example_xcom']) retrieved from /home/airflow/.local/lib/python3.8/site-packages/airflow/example_dags/example_xcom.py
[2023-12-01T02:45:40.842+0000] {logging_mixin.py:151} INFO - [2023-12-01T02:45:40.842+0000] {dag.py:2915} INFO - Sync 1 DAGs
[2023-12-01T02:45:40.856+0000] {logging_mixin.py:151} INFO - [2023-12-01T02:45:40.856+0000] {dag.py:3696} INFO - Setting next_dagrun for example_xcom to 2021-01-01T00:00:00+00:00, run_after=2021-01-01T00:00:00+00:00
[2023-12-01T02:45:40.866+0000] {processor.py:179} INFO - Processing /home/airflow/.local/lib/python3.8/site-packages/airflow/example_dags/example_xcom.py took 0.055 seconds
[2023-12-01T03:20:37.805+0000] {processor.py:157} INFO - Started process (PID=45521) to work on /home/airflow/.local/lib/python3.8/site-packages/airflow/example_dags/example_xcom.py
[2023-12-01T03:20:37.806+0000] {processor.py:829} INFO - Processing file /home/airflow/.local/lib/python3.8/site-packages/airflow/example_dags/example_xcom.py for tasks to queue
[2023-12-01T03:20:37.808+0000] {logging_mixin.py:151} INFO - [2023-12-01T03:20:37.808+0000] {dagbag.py:539} INFO - Filling up the DagBag from /home/airflow/.local/lib/python3.8/site-packages/airflow/example_dags/example_xcom.py
[2023-12-01T03:20:37.813+0000] {processor.py:839} INFO - DAG(s) dict_keys(['example_xcom']) retrieved from /home/airflow/.local/lib/python3.8/site-packages/airflow/example_dags/example_xcom.py
[2023-12-01T03:20:37.828+0000] {logging_mixin.py:151} INFO - [2023-12-01T03:20:37.828+0000] {dag.py:2915} INFO - Sync 1 DAGs
[2023-12-01T03:20:37.840+0000] {logging_mixin.py:151} INFO - [2023-12-01T03:20:37.840+0000] {dag.py:3696} INFO - Setting next_dagrun for example_xcom to 2021-01-01T00:00:00+00:00, run_after=2021-01-01T00:00:00+00:00
[2023-12-01T03:20:37.850+0000] {processor.py:179} INFO - Processing /home/airflow/.local/lib/python3.8/site-packages/airflow/example_dags/example_xcom.py took 0.047 seconds
[2023-12-01T04:21:32.670+0000] {processor.py:157} INFO - Started process (PID=45575) to work on /home/airflow/.local/lib/python3.8/site-packages/airflow/example_dags/example_xcom.py
[2023-12-01T04:21:32.689+0000] {processor.py:829} INFO - Processing file /home/airflow/.local/lib/python3.8/site-packages/airflow/example_dags/example_xcom.py for tasks to queue
[2023-12-01T04:21:32.701+0000] {logging_mixin.py:151} INFO - [2023-12-01T04:21:32.700+0000] {dagbag.py:539} INFO - Filling up the DagBag from /home/airflow/.local/lib/python3.8/site-packages/airflow/example_dags/example_xcom.py
[2023-12-01T04:21:32.728+0000] {processor.py:839} INFO - DAG(s) dict_keys(['example_xcom']) retrieved from /home/airflow/.local/lib/python3.8/site-packages/airflow/example_dags/example_xcom.py
[2023-12-01T04:21:32.762+0000] {logging_mixin.py:151} INFO - [2023-12-01T04:21:32.762+0000] {dag.py:2915} INFO - Sync 1 DAGs
[2023-12-01T04:21:32.785+0000] {logging_mixin.py:151} INFO - [2023-12-01T04:21:32.785+0000] {dag.py:3696} INFO - Setting next_dagrun for example_xcom to 2021-01-01T00:00:00+00:00, run_after=2021-01-01T00:00:00+00:00
[2023-12-01T04:21:32.799+0000] {processor.py:179} INFO - Processing /home/airflow/.local/lib/python3.8/site-packages/airflow/example_dags/example_xcom.py took 0.132 seconds
[2023-12-01T05:30:14.182+0000] {processor.py:157} INFO - Started process (PID=45629) to work on /home/airflow/.local/lib/python3.8/site-packages/airflow/example_dags/example_xcom.py
[2023-12-01T05:30:14.183+0000] {processor.py:829} INFO - Processing file /home/airflow/.local/lib/python3.8/site-packages/airflow/example_dags/example_xcom.py for tasks to queue
[2023-12-01T05:30:14.184+0000] {logging_mixin.py:151} INFO - [2023-12-01T05:30:14.184+0000] {dagbag.py:539} INFO - Filling up the DagBag from /home/airflow/.local/lib/python3.8/site-packages/airflow/example_dags/example_xcom.py
[2023-12-01T05:30:14.189+0000] {processor.py:839} INFO - DAG(s) dict_keys(['example_xcom']) retrieved from /home/airflow/.local/lib/python3.8/site-packages/airflow/example_dags/example_xcom.py
[2023-12-01T05:30:14.202+0000] {logging_mixin.py:151} INFO - [2023-12-01T05:30:14.202+0000] {dag.py:2915} INFO - Sync 1 DAGs
[2023-12-01T05:30:14.214+0000] {logging_mixin.py:151} INFO - [2023-12-01T05:30:14.214+0000] {dag.py:3696} INFO - Setting next_dagrun for example_xcom to 2021-01-01T00:00:00+00:00, run_after=2021-01-01T00:00:00+00:00
[2023-12-01T05:30:14.223+0000] {processor.py:179} INFO - Processing /home/airflow/.local/lib/python3.8/site-packages/airflow/example_dags/example_xcom.py took 0.043 seconds
[2023-12-01T06:23:27.915+0000] {processor.py:157} INFO - Started process (PID=45683) to work on /home/airflow/.local/lib/python3.8/site-packages/airflow/example_dags/example_xcom.py
[2023-12-01T06:23:27.916+0000] {processor.py:829} INFO - Processing file /home/airflow/.local/lib/python3.8/site-packages/airflow/example_dags/example_xcom.py for tasks to queue
[2023-12-01T06:23:27.919+0000] {logging_mixin.py:151} INFO - [2023-12-01T06:23:27.918+0000] {dagbag.py:539} INFO - Filling up the DagBag from /home/airflow/.local/lib/python3.8/site-packages/airflow/example_dags/example_xcom.py
[2023-12-01T06:23:27.926+0000] {processor.py:839} INFO - DAG(s) dict_keys(['example_xcom']) retrieved from /home/airflow/.local/lib/python3.8/site-packages/airflow/example_dags/example_xcom.py
[2023-12-01T06:23:27.952+0000] {logging_mixin.py:151} INFO - [2023-12-01T06:23:27.952+0000] {dag.py:2915} INFO - Sync 1 DAGs
[2023-12-01T06:23:27.969+0000] {logging_mixin.py:151} INFO - [2023-12-01T06:23:27.969+0000] {dag.py:3696} INFO - Setting next_dagrun for example_xcom to 2021-01-01T00:00:00+00:00, run_after=2021-01-01T00:00:00+00:00
[2023-12-01T06:23:27.980+0000] {processor.py:179} INFO - Processing /home/airflow/.local/lib/python3.8/site-packages/airflow/example_dags/example_xcom.py took 0.070 seconds
[2023-12-01T07:10:10.027+0000] {processor.py:157} INFO - Started process (PID=45737) to work on /home/airflow/.local/lib/python3.8/site-packages/airflow/example_dags/example_xcom.py
[2023-12-01T07:10:10.028+0000] {processor.py:829} INFO - Processing file /home/airflow/.local/lib/python3.8/site-packages/airflow/example_dags/example_xcom.py for tasks to queue
[2023-12-01T07:10:10.029+0000] {logging_mixin.py:151} INFO - [2023-12-01T07:10:10.029+0000] {dagbag.py:539} INFO - Filling up the DagBag from /home/airflow/.local/lib/python3.8/site-packages/airflow/example_dags/example_xcom.py
[2023-12-01T07:10:10.034+0000] {processor.py:839} INFO - DAG(s) dict_keys(['example_xcom']) retrieved from /home/airflow/.local/lib/python3.8/site-packages/airflow/example_dags/example_xcom.py
[2023-12-01T07:10:10.047+0000] {logging_mixin.py:151} INFO - [2023-12-01T07:10:10.046+0000] {dag.py:2915} INFO - Sync 1 DAGs
[2023-12-01T07:10:10.059+0000] {logging_mixin.py:151} INFO - [2023-12-01T07:10:10.059+0000] {dag.py:3696} INFO - Setting next_dagrun for example_xcom to 2021-01-01T00:00:00+00:00, run_after=2021-01-01T00:00:00+00:00
[2023-12-01T07:10:10.069+0000] {processor.py:179} INFO - Processing /home/airflow/.local/lib/python3.8/site-packages/airflow/example_dags/example_xcom.py took 0.044 seconds
[2023-12-01T07:45:20.783+0000] {processor.py:157} INFO - Started process (PID=45791) to work on /home/airflow/.local/lib/python3.8/site-packages/airflow/example_dags/example_xcom.py
[2023-12-01T07:45:20.784+0000] {processor.py:829} INFO - Processing file /home/airflow/.local/lib/python3.8/site-packages/airflow/example_dags/example_xcom.py for tasks to queue
[2023-12-01T07:45:20.786+0000] {logging_mixin.py:151} INFO - [2023-12-01T07:45:20.785+0000] {dagbag.py:539} INFO - Filling up the DagBag from /home/airflow/.local/lib/python3.8/site-packages/airflow/example_dags/example_xcom.py
[2023-12-01T07:45:20.790+0000] {processor.py:839} INFO - DAG(s) dict_keys(['example_xcom']) retrieved from /home/airflow/.local/lib/python3.8/site-packages/airflow/example_dags/example_xcom.py
[2023-12-01T07:45:20.804+0000] {logging_mixin.py:151} INFO - [2023-12-01T07:45:20.803+0000] {dag.py:2915} INFO - Sync 1 DAGs
[2023-12-01T07:45:20.816+0000] {logging_mixin.py:151} INFO - [2023-12-01T07:45:20.816+0000] {dag.py:3696} INFO - Setting next_dagrun for example_xcom to 2021-01-01T00:00:00+00:00, run_after=2021-01-01T00:00:00+00:00
[2023-12-01T07:45:20.826+0000] {processor.py:179} INFO - Processing /home/airflow/.local/lib/python3.8/site-packages/airflow/example_dags/example_xcom.py took 0.045 seconds
[2023-12-01T08:25:29.540+0000] {processor.py:157} INFO - Started process (PID=45845) to work on /home/airflow/.local/lib/python3.8/site-packages/airflow/example_dags/example_xcom.py
[2023-12-01T08:25:29.541+0000] {processor.py:829} INFO - Processing file /home/airflow/.local/lib/python3.8/site-packages/airflow/example_dags/example_xcom.py for tasks to queue
[2023-12-01T08:25:29.543+0000] {logging_mixin.py:151} INFO - [2023-12-01T08:25:29.542+0000] {dagbag.py:539} INFO - Filling up the DagBag from /home/airflow/.local/lib/python3.8/site-packages/airflow/example_dags/example_xcom.py
[2023-12-01T08:25:29.548+0000] {processor.py:839} INFO - DAG(s) dict_keys(['example_xcom']) retrieved from /home/airflow/.local/lib/python3.8/site-packages/airflow/example_dags/example_xcom.py
[2023-12-01T08:25:29.562+0000] {logging_mixin.py:151} INFO - [2023-12-01T08:25:29.561+0000] {dag.py:2915} INFO - Sync 1 DAGs
[2023-12-01T08:25:29.574+0000] {logging_mixin.py:151} INFO - [2023-12-01T08:25:29.574+0000] {dag.py:3696} INFO - Setting next_dagrun for example_xcom to 2021-01-01T00:00:00+00:00, run_after=2021-01-01T00:00:00+00:00
[2023-12-01T08:25:29.586+0000] {processor.py:179} INFO - Processing /home/airflow/.local/lib/python3.8/site-packages/airflow/example_dags/example_xcom.py took 0.048 seconds
[2023-12-01T09:26:35.521+0000] {processor.py:157} INFO - Started process (PID=45899) to work on /home/airflow/.local/lib/python3.8/site-packages/airflow/example_dags/example_xcom.py
[2023-12-01T09:26:35.523+0000] {processor.py:829} INFO - Processing file /home/airflow/.local/lib/python3.8/site-packages/airflow/example_dags/example_xcom.py for tasks to queue
[2023-12-01T09:26:35.524+0000] {logging_mixin.py:151} INFO - [2023-12-01T09:26:35.524+0000] {dagbag.py:539} INFO - Filling up the DagBag from /home/airflow/.local/lib/python3.8/site-packages/airflow/example_dags/example_xcom.py
[2023-12-01T09:26:35.532+0000] {processor.py:839} INFO - DAG(s) dict_keys(['example_xcom']) retrieved from /home/airflow/.local/lib/python3.8/site-packages/airflow/example_dags/example_xcom.py
[2023-12-01T09:26:35.551+0000] {logging_mixin.py:151} INFO - [2023-12-01T09:26:35.551+0000] {dag.py:2915} INFO - Sync 1 DAGs
[2023-12-01T09:26:35.575+0000] {logging_mixin.py:151} INFO - [2023-12-01T09:26:35.574+0000] {dag.py:3696} INFO - Setting next_dagrun for example_xcom to 2021-01-01T00:00:00+00:00, run_after=2021-01-01T00:00:00+00:00
[2023-12-01T09:26:35.589+0000] {processor.py:179} INFO - Processing /home/airflow/.local/lib/python3.8/site-packages/airflow/example_dags/example_xcom.py took 0.071 seconds
[2023-12-01T10:22:12.590+0000] {processor.py:157} INFO - Started process (PID=45953) to work on /home/airflow/.local/lib/python3.8/site-packages/airflow/example_dags/example_xcom.py
[2023-12-01T10:22:12.591+0000] {processor.py:829} INFO - Processing file /home/airflow/.local/lib/python3.8/site-packages/airflow/example_dags/example_xcom.py for tasks to queue
[2023-12-01T10:22:12.593+0000] {logging_mixin.py:151} INFO - [2023-12-01T10:22:12.593+0000] {dagbag.py:539} INFO - Filling up the DagBag from /home/airflow/.local/lib/python3.8/site-packages/airflow/example_dags/example_xcom.py
[2023-12-01T10:22:12.598+0000] {processor.py:839} INFO - DAG(s) dict_keys(['example_xcom']) retrieved from /home/airflow/.local/lib/python3.8/site-packages/airflow/example_dags/example_xcom.py
[2023-12-01T10:22:12.614+0000] {logging_mixin.py:151} INFO - [2023-12-01T10:22:12.614+0000] {dag.py:2915} INFO - Sync 1 DAGs
[2023-12-01T10:22:12.626+0000] {logging_mixin.py:151} INFO - [2023-12-01T10:22:12.626+0000] {dag.py:3696} INFO - Setting next_dagrun for example_xcom to 2021-01-01T00:00:00+00:00, run_after=2021-01-01T00:00:00+00:00
[2023-12-01T10:22:12.635+0000] {processor.py:179} INFO - Processing /home/airflow/.local/lib/python3.8/site-packages/airflow/example_dags/example_xcom.py took 0.050 seconds
[2023-12-01T10:50:47.990+0000] {processor.py:157} INFO - Started process (PID=46007) to work on /home/airflow/.local/lib/python3.8/site-packages/airflow/example_dags/example_xcom.py
[2023-12-01T10:50:47.991+0000] {processor.py:829} INFO - Processing file /home/airflow/.local/lib/python3.8/site-packages/airflow/example_dags/example_xcom.py for tasks to queue
[2023-12-01T10:50:47.992+0000] {logging_mixin.py:151} INFO - [2023-12-01T10:50:47.992+0000] {dagbag.py:539} INFO - Filling up the DagBag from /home/airflow/.local/lib/python3.8/site-packages/airflow/example_dags/example_xcom.py
[2023-12-01T10:50:47.997+0000] {processor.py:839} INFO - DAG(s) dict_keys(['example_xcom']) retrieved from /home/airflow/.local/lib/python3.8/site-packages/airflow/example_dags/example_xcom.py
[2023-12-01T10:50:48.009+0000] {logging_mixin.py:151} INFO - [2023-12-01T10:50:48.009+0000] {dag.py:2915} INFO - Sync 1 DAGs
[2023-12-01T10:50:48.021+0000] {logging_mixin.py:151} INFO - [2023-12-01T10:50:48.021+0000] {dag.py:3696} INFO - Setting next_dagrun for example_xcom to 2021-01-01T00:00:00+00:00, run_after=2021-01-01T00:00:00+00:00
[2023-12-01T10:50:48.030+0000] {processor.py:179} INFO - Processing /home/airflow/.local/lib/python3.8/site-packages/airflow/example_dags/example_xcom.py took 0.043 seconds
[2023-12-01T10:51:19.111+0000] {processor.py:157} INFO - Started process (PID=46061) to work on /home/airflow/.local/lib/python3.8/site-packages/airflow/example_dags/example_xcom.py
[2023-12-01T10:51:19.112+0000] {processor.py:829} INFO - Processing file /home/airflow/.local/lib/python3.8/site-packages/airflow/example_dags/example_xcom.py for tasks to queue
[2023-12-01T10:51:19.114+0000] {logging_mixin.py:151} INFO - [2023-12-01T10:51:19.113+0000] {dagbag.py:539} INFO - Filling up the DagBag from /home/airflow/.local/lib/python3.8/site-packages/airflow/example_dags/example_xcom.py
[2023-12-01T10:51:19.118+0000] {processor.py:839} INFO - DAG(s) dict_keys(['example_xcom']) retrieved from /home/airflow/.local/lib/python3.8/site-packages/airflow/example_dags/example_xcom.py
[2023-12-01T10:51:19.131+0000] {logging_mixin.py:151} INFO - [2023-12-01T10:51:19.131+0000] {dag.py:2915} INFO - Sync 1 DAGs
[2023-12-01T10:51:19.143+0000] {logging_mixin.py:151} INFO - [2023-12-01T10:51:19.143+0000] {dag.py:3696} INFO - Setting next_dagrun for example_xcom to 2021-01-01T00:00:00+00:00, run_after=2021-01-01T00:00:00+00:00
[2023-12-01T10:51:19.152+0000] {processor.py:179} INFO - Processing /home/airflow/.local/lib/python3.8/site-packages/airflow/example_dags/example_xcom.py took 0.043 seconds
[2023-12-01T11:15:12.197+0000] {processor.py:157} INFO - Started process (PID=46115) to work on /home/airflow/.local/lib/python3.8/site-packages/airflow/example_dags/example_xcom.py
[2023-12-01T11:15:12.199+0000] {processor.py:829} INFO - Processing file /home/airflow/.local/lib/python3.8/site-packages/airflow/example_dags/example_xcom.py for tasks to queue
[2023-12-01T11:15:12.200+0000] {logging_mixin.py:151} INFO - [2023-12-01T11:15:12.200+0000] {dagbag.py:539} INFO - Filling up the DagBag from /home/airflow/.local/lib/python3.8/site-packages/airflow/example_dags/example_xcom.py
[2023-12-01T11:15:12.205+0000] {processor.py:839} INFO - DAG(s) dict_keys(['example_xcom']) retrieved from /home/airflow/.local/lib/python3.8/site-packages/airflow/example_dags/example_xcom.py
[2023-12-01T11:15:12.247+0000] {logging_mixin.py:151} INFO - [2023-12-01T11:15:12.247+0000] {dag.py:2915} INFO - Sync 1 DAGs
[2023-12-01T11:15:12.278+0000] {logging_mixin.py:151} INFO - [2023-12-01T11:15:12.278+0000] {dag.py:3696} INFO - Setting next_dagrun for example_xcom to 2021-01-01T00:00:00+00:00, run_after=2021-01-01T00:00:00+00:00
[2023-12-01T11:15:12.292+0000] {processor.py:179} INFO - Processing /home/airflow/.local/lib/python3.8/site-packages/airflow/example_dags/example_xcom.py took 0.097 seconds
[2023-12-01T11:28:40.489+0000] {processor.py:157} INFO - Started process (PID=46169) to work on /home/airflow/.local/lib/python3.8/site-packages/airflow/example_dags/example_xcom.py
[2023-12-01T11:28:40.489+0000] {processor.py:829} INFO - Processing file /home/airflow/.local/lib/python3.8/site-packages/airflow/example_dags/example_xcom.py for tasks to queue
[2023-12-01T11:28:40.491+0000] {logging_mixin.py:151} INFO - [2023-12-01T11:28:40.491+0000] {dagbag.py:539} INFO - Filling up the DagBag from /home/airflow/.local/lib/python3.8/site-packages/airflow/example_dags/example_xcom.py
[2023-12-01T11:28:40.496+0000] {processor.py:839} INFO - DAG(s) dict_keys(['example_xcom']) retrieved from /home/airflow/.local/lib/python3.8/site-packages/airflow/example_dags/example_xcom.py
[2023-12-01T11:28:40.509+0000] {logging_mixin.py:151} INFO - [2023-12-01T11:28:40.509+0000] {dag.py:2915} INFO - Sync 1 DAGs
[2023-12-01T11:28:40.530+0000] {logging_mixin.py:151} INFO - [2023-12-01T11:28:40.530+0000] {dag.py:3696} INFO - Setting next_dagrun for example_xcom to 2021-01-01T00:00:00+00:00, run_after=2021-01-01T00:00:00+00:00
[2023-12-01T11:28:40.543+0000] {processor.py:179} INFO - Processing /home/airflow/.local/lib/python3.8/site-packages/airflow/example_dags/example_xcom.py took 0.057 seconds
[2023-12-01T11:49:03.340+0000] {processor.py:157} INFO - Started process (PID=46223) to work on /home/airflow/.local/lib/python3.8/site-packages/airflow/example_dags/example_xcom.py
[2023-12-01T11:49:03.342+0000] {processor.py:829} INFO - Processing file /home/airflow/.local/lib/python3.8/site-packages/airflow/example_dags/example_xcom.py for tasks to queue
[2023-12-01T11:49:03.353+0000] {logging_mixin.py:151} INFO - [2023-12-01T11:49:03.353+0000] {dagbag.py:539} INFO - Filling up the DagBag from /home/airflow/.local/lib/python3.8/site-packages/airflow/example_dags/example_xcom.py
[2023-12-01T11:49:03.363+0000] {processor.py:839} INFO - DAG(s) dict_keys(['example_xcom']) retrieved from /home/airflow/.local/lib/python3.8/site-packages/airflow/example_dags/example_xcom.py
[2023-12-01T11:49:03.412+0000] {logging_mixin.py:151} INFO - [2023-12-01T11:49:03.412+0000] {dag.py:2915} INFO - Sync 1 DAGs
[2023-12-01T11:49:03.467+0000] {logging_mixin.py:151} INFO - [2023-12-01T11:49:03.466+0000] {dag.py:3696} INFO - Setting next_dagrun for example_xcom to 2021-01-01T00:00:00+00:00, run_after=2021-01-01T00:00:00+00:00
[2023-12-01T11:49:03.538+0000] {processor.py:179} INFO - Processing /home/airflow/.local/lib/python3.8/site-packages/airflow/example_dags/example_xcom.py took 0.202 seconds
[2023-12-01T11:49:34.342+0000] {processor.py:157} INFO - Started process (PID=46278) to work on /home/airflow/.local/lib/python3.8/site-packages/airflow/example_dags/example_xcom.py
[2023-12-01T11:49:34.343+0000] {processor.py:829} INFO - Processing file /home/airflow/.local/lib/python3.8/site-packages/airflow/example_dags/example_xcom.py for tasks to queue
[2023-12-01T11:49:34.345+0000] {logging_mixin.py:151} INFO - [2023-12-01T11:49:34.345+0000] {dagbag.py:539} INFO - Filling up the DagBag from /home/airflow/.local/lib/python3.8/site-packages/airflow/example_dags/example_xcom.py
[2023-12-01T11:49:34.350+0000] {processor.py:839} INFO - DAG(s) dict_keys(['example_xcom']) retrieved from /home/airflow/.local/lib/python3.8/site-packages/airflow/example_dags/example_xcom.py
[2023-12-01T11:49:34.367+0000] {logging_mixin.py:151} INFO - [2023-12-01T11:49:34.367+0000] {dag.py:2915} INFO - Sync 1 DAGs
[2023-12-01T11:49:34.380+0000] {logging_mixin.py:151} INFO - [2023-12-01T11:49:34.380+0000] {dag.py:3696} INFO - Setting next_dagrun for example_xcom to 2021-01-01T00:00:00+00:00, run_after=2021-01-01T00:00:00+00:00
[2023-12-01T11:49:34.391+0000] {processor.py:179} INFO - Processing /home/airflow/.local/lib/python3.8/site-packages/airflow/example_dags/example_xcom.py took 0.052 seconds
[2023-12-01T11:50:05.663+0000] {processor.py:157} INFO - Started process (PID=46332) to work on /home/airflow/.local/lib/python3.8/site-packages/airflow/example_dags/example_xcom.py
[2023-12-01T11:50:05.664+0000] {processor.py:829} INFO - Processing file /home/airflow/.local/lib/python3.8/site-packages/airflow/example_dags/example_xcom.py for tasks to queue
[2023-12-01T11:50:05.668+0000] {logging_mixin.py:151} INFO - [2023-12-01T11:50:05.668+0000] {dagbag.py:539} INFO - Filling up the DagBag from /home/airflow/.local/lib/python3.8/site-packages/airflow/example_dags/example_xcom.py
[2023-12-01T11:50:05.682+0000] {processor.py:839} INFO - DAG(s) dict_keys(['example_xcom']) retrieved from /home/airflow/.local/lib/python3.8/site-packages/airflow/example_dags/example_xcom.py
[2023-12-01T11:50:05.704+0000] {logging_mixin.py:151} INFO - [2023-12-01T11:50:05.704+0000] {dag.py:2915} INFO - Sync 1 DAGs
[2023-12-01T11:50:05.733+0000] {logging_mixin.py:151} INFO - [2023-12-01T11:50:05.733+0000] {dag.py:3696} INFO - Setting next_dagrun for example_xcom to 2021-01-01T00:00:00+00:00, run_after=2021-01-01T00:00:00+00:00
[2023-12-01T11:50:05.748+0000] {processor.py:179} INFO - Processing /home/airflow/.local/lib/python3.8/site-packages/airflow/example_dags/example_xcom.py took 0.089 seconds
[2023-12-01T11:50:36.368+0000] {processor.py:157} INFO - Started process (PID=46387) to work on /home/airflow/.local/lib/python3.8/site-packages/airflow/example_dags/example_xcom.py
[2023-12-01T11:50:36.368+0000] {processor.py:829} INFO - Processing file /home/airflow/.local/lib/python3.8/site-packages/airflow/example_dags/example_xcom.py for tasks to queue
[2023-12-01T11:50:36.370+0000] {logging_mixin.py:151} INFO - [2023-12-01T11:50:36.370+0000] {dagbag.py:539} INFO - Filling up the DagBag from /home/airflow/.local/lib/python3.8/site-packages/airflow/example_dags/example_xcom.py
[2023-12-01T11:50:36.374+0000] {processor.py:839} INFO - DAG(s) dict_keys(['example_xcom']) retrieved from /home/airflow/.local/lib/python3.8/site-packages/airflow/example_dags/example_xcom.py
[2023-12-01T11:50:36.386+0000] {logging_mixin.py:151} INFO - [2023-12-01T11:50:36.386+0000] {dag.py:2915} INFO - Sync 1 DAGs
[2023-12-01T11:50:36.397+0000] {logging_mixin.py:151} INFO - [2023-12-01T11:50:36.397+0000] {dag.py:3696} INFO - Setting next_dagrun for example_xcom to 2021-01-01T00:00:00+00:00, run_after=2021-01-01T00:00:00+00:00
[2023-12-01T11:50:36.407+0000] {processor.py:179} INFO - Processing /home/airflow/.local/lib/python3.8/site-packages/airflow/example_dags/example_xcom.py took 0.042 seconds
[2023-12-01T11:51:07.257+0000] {processor.py:157} INFO - Started process (PID=46441) to work on /home/airflow/.local/lib/python3.8/site-packages/airflow/example_dags/example_xcom.py
[2023-12-01T11:51:07.257+0000] {processor.py:829} INFO - Processing file /home/airflow/.local/lib/python3.8/site-packages/airflow/example_dags/example_xcom.py for tasks to queue
[2023-12-01T11:51:07.259+0000] {logging_mixin.py:151} INFO - [2023-12-01T11:51:07.259+0000] {dagbag.py:539} INFO - Filling up the DagBag from /home/airflow/.local/lib/python3.8/site-packages/airflow/example_dags/example_xcom.py
[2023-12-01T11:51:07.263+0000] {processor.py:839} INFO - DAG(s) dict_keys(['example_xcom']) retrieved from /home/airflow/.local/lib/python3.8/site-packages/airflow/example_dags/example_xcom.py
[2023-12-01T11:51:07.275+0000] {logging_mixin.py:151} INFO - [2023-12-01T11:51:07.275+0000] {dag.py:2915} INFO - Sync 1 DAGs
[2023-12-01T11:51:07.285+0000] {logging_mixin.py:151} INFO - [2023-12-01T11:51:07.285+0000] {dag.py:3696} INFO - Setting next_dagrun for example_xcom to 2021-01-01T00:00:00+00:00, run_after=2021-01-01T00:00:00+00:00
[2023-12-01T11:51:07.293+0000] {processor.py:179} INFO - Processing /home/airflow/.local/lib/python3.8/site-packages/airflow/example_dags/example_xcom.py took 0.038 seconds
[2023-12-01T11:51:38.333+0000] {processor.py:157} INFO - Started process (PID=46495) to work on /home/airflow/.local/lib/python3.8/site-packages/airflow/example_dags/example_xcom.py
[2023-12-01T11:51:38.334+0000] {processor.py:829} INFO - Processing file /home/airflow/.local/lib/python3.8/site-packages/airflow/example_dags/example_xcom.py for tasks to queue
[2023-12-01T11:51:38.336+0000] {logging_mixin.py:151} INFO - [2023-12-01T11:51:38.335+0000] {dagbag.py:539} INFO - Filling up the DagBag from /home/airflow/.local/lib/python3.8/site-packages/airflow/example_dags/example_xcom.py
[2023-12-01T11:51:38.341+0000] {processor.py:839} INFO - DAG(s) dict_keys(['example_xcom']) retrieved from /home/airflow/.local/lib/python3.8/site-packages/airflow/example_dags/example_xcom.py
[2023-12-01T11:51:38.355+0000] {logging_mixin.py:151} INFO - [2023-12-01T11:51:38.355+0000] {dag.py:2915} INFO - Sync 1 DAGs
[2023-12-01T11:51:38.370+0000] {logging_mixin.py:151} INFO - [2023-12-01T11:51:38.370+0000] {dag.py:3696} INFO - Setting next_dagrun for example_xcom to 2021-01-01T00:00:00+00:00, run_after=2021-01-01T00:00:00+00:00
[2023-12-01T11:51:38.381+0000] {processor.py:179} INFO - Processing /home/airflow/.local/lib/python3.8/site-packages/airflow/example_dags/example_xcom.py took 0.051 seconds
[2023-12-01T11:52:09.313+0000] {processor.py:157} INFO - Started process (PID=46549) to work on /home/airflow/.local/lib/python3.8/site-packages/airflow/example_dags/example_xcom.py
[2023-12-01T11:52:09.314+0000] {processor.py:829} INFO - Processing file /home/airflow/.local/lib/python3.8/site-packages/airflow/example_dags/example_xcom.py for tasks to queue
[2023-12-01T11:52:09.316+0000] {logging_mixin.py:151} INFO - [2023-12-01T11:52:09.315+0000] {dagbag.py:539} INFO - Filling up the DagBag from /home/airflow/.local/lib/python3.8/site-packages/airflow/example_dags/example_xcom.py
[2023-12-01T11:52:09.320+0000] {processor.py:839} INFO - DAG(s) dict_keys(['example_xcom']) retrieved from /home/airflow/.local/lib/python3.8/site-packages/airflow/example_dags/example_xcom.py
[2023-12-01T11:52:09.334+0000] {logging_mixin.py:151} INFO - [2023-12-01T11:52:09.334+0000] {dag.py:2915} INFO - Sync 1 DAGs
[2023-12-01T11:52:09.349+0000] {logging_mixin.py:151} INFO - [2023-12-01T11:52:09.348+0000] {dag.py:3696} INFO - Setting next_dagrun for example_xcom to 2021-01-01T00:00:00+00:00, run_after=2021-01-01T00:00:00+00:00
[2023-12-01T11:52:09.361+0000] {processor.py:179} INFO - Processing /home/airflow/.local/lib/python3.8/site-packages/airflow/example_dags/example_xcom.py took 0.051 seconds
[2023-12-01T11:52:49.678+0000] {processor.py:157} INFO - Started process (PID=46610) to work on /home/airflow/.local/lib/python3.8/site-packages/airflow/example_dags/example_xcom.py
[2023-12-01T11:52:49.684+0000] {processor.py:829} INFO - Processing file /home/airflow/.local/lib/python3.8/site-packages/airflow/example_dags/example_xcom.py for tasks to queue
[2023-12-01T11:52:49.709+0000] {logging_mixin.py:151} INFO - [2023-12-01T11:52:49.707+0000] {dagbag.py:539} INFO - Filling up the DagBag from /home/airflow/.local/lib/python3.8/site-packages/airflow/example_dags/example_xcom.py
[2023-12-01T11:52:49.751+0000] {processor.py:839} INFO - DAG(s) dict_keys(['example_xcom']) retrieved from /home/airflow/.local/lib/python3.8/site-packages/airflow/example_dags/example_xcom.py
[2023-12-01T11:52:49.822+0000] {logging_mixin.py:151} INFO - [2023-12-01T11:52:49.822+0000] {dag.py:2915} INFO - Sync 1 DAGs
[2023-12-01T11:52:49.899+0000] {logging_mixin.py:151} INFO - [2023-12-01T11:52:49.899+0000] {dag.py:3696} INFO - Setting next_dagrun for example_xcom to 2021-01-01T00:00:00+00:00, run_after=2021-01-01T00:00:00+00:00
[2023-12-01T11:52:49.940+0000] {processor.py:179} INFO - Processing /home/airflow/.local/lib/python3.8/site-packages/airflow/example_dags/example_xcom.py took 0.295 seconds
[2023-12-01T11:53:20.302+0000] {processor.py:157} INFO - Started process (PID=46664) to work on /home/airflow/.local/lib/python3.8/site-packages/airflow/example_dags/example_xcom.py
[2023-12-01T11:53:20.304+0000] {processor.py:829} INFO - Processing file /home/airflow/.local/lib/python3.8/site-packages/airflow/example_dags/example_xcom.py for tasks to queue
[2023-12-01T11:53:20.306+0000] {logging_mixin.py:151} INFO - [2023-12-01T11:53:20.306+0000] {dagbag.py:539} INFO - Filling up the DagBag from /home/airflow/.local/lib/python3.8/site-packages/airflow/example_dags/example_xcom.py
[2023-12-01T11:53:20.312+0000] {processor.py:839} INFO - DAG(s) dict_keys(['example_xcom']) retrieved from /home/airflow/.local/lib/python3.8/site-packages/airflow/example_dags/example_xcom.py
[2023-12-01T11:53:20.335+0000] {logging_mixin.py:151} INFO - [2023-12-01T11:53:20.335+0000] {dag.py:2915} INFO - Sync 1 DAGs
[2023-12-01T11:53:20.350+0000] {logging_mixin.py:151} INFO - [2023-12-01T11:53:20.350+0000] {dag.py:3696} INFO - Setting next_dagrun for example_xcom to 2021-01-01T00:00:00+00:00, run_after=2021-01-01T00:00:00+00:00
[2023-12-01T11:53:20.362+0000] {processor.py:179} INFO - Processing /home/airflow/.local/lib/python3.8/site-packages/airflow/example_dags/example_xcom.py took 0.064 seconds
[2023-12-01T11:53:50.432+0000] {processor.py:157} INFO - Started process (PID=46717) to work on /home/airflow/.local/lib/python3.8/site-packages/airflow/example_dags/example_xcom.py
[2023-12-01T11:53:50.433+0000] {processor.py:829} INFO - Processing file /home/airflow/.local/lib/python3.8/site-packages/airflow/example_dags/example_xcom.py for tasks to queue
[2023-12-01T11:53:50.435+0000] {logging_mixin.py:151} INFO - [2023-12-01T11:53:50.434+0000] {dagbag.py:539} INFO - Filling up the DagBag from /home/airflow/.local/lib/python3.8/site-packages/airflow/example_dags/example_xcom.py
[2023-12-01T11:53:50.439+0000] {processor.py:839} INFO - DAG(s) dict_keys(['example_xcom']) retrieved from /home/airflow/.local/lib/python3.8/site-packages/airflow/example_dags/example_xcom.py
[2023-12-01T11:53:50.452+0000] {logging_mixin.py:151} INFO - [2023-12-01T11:53:50.452+0000] {dag.py:2915} INFO - Sync 1 DAGs
[2023-12-01T11:53:50.462+0000] {logging_mixin.py:151} INFO - [2023-12-01T11:53:50.461+0000] {dag.py:3696} INFO - Setting next_dagrun for example_xcom to 2021-01-01T00:00:00+00:00, run_after=2021-01-01T00:00:00+00:00
[2023-12-01T11:53:50.469+0000] {processor.py:179} INFO - Processing /home/airflow/.local/lib/python3.8/site-packages/airflow/example_dags/example_xcom.py took 0.039 seconds
[2023-12-01T11:54:20.726+0000] {processor.py:157} INFO - Started process (PID=46771) to work on /home/airflow/.local/lib/python3.8/site-packages/airflow/example_dags/example_xcom.py
[2023-12-01T11:54:20.728+0000] {processor.py:829} INFO - Processing file /home/airflow/.local/lib/python3.8/site-packages/airflow/example_dags/example_xcom.py for tasks to queue
[2023-12-01T11:54:20.731+0000] {logging_mixin.py:151} INFO - [2023-12-01T11:54:20.730+0000] {dagbag.py:539} INFO - Filling up the DagBag from /home/airflow/.local/lib/python3.8/site-packages/airflow/example_dags/example_xcom.py
[2023-12-01T11:54:20.737+0000] {processor.py:839} INFO - DAG(s) dict_keys(['example_xcom']) retrieved from /home/airflow/.local/lib/python3.8/site-packages/airflow/example_dags/example_xcom.py
[2023-12-01T11:54:20.772+0000] {logging_mixin.py:151} INFO - [2023-12-01T11:54:20.772+0000] {dag.py:2915} INFO - Sync 1 DAGs
[2023-12-01T11:54:20.790+0000] {logging_mixin.py:151} INFO - [2023-12-01T11:54:20.790+0000] {dag.py:3696} INFO - Setting next_dagrun for example_xcom to 2021-01-01T00:00:00+00:00, run_after=2021-01-01T00:00:00+00:00
[2023-12-01T11:54:20.817+0000] {processor.py:179} INFO - Processing /home/airflow/.local/lib/python3.8/site-packages/airflow/example_dags/example_xcom.py took 0.094 seconds
[2023-12-01T11:54:51.799+0000] {processor.py:157} INFO - Started process (PID=46824) to work on /home/airflow/.local/lib/python3.8/site-packages/airflow/example_dags/example_xcom.py
[2023-12-01T11:54:51.801+0000] {processor.py:829} INFO - Processing file /home/airflow/.local/lib/python3.8/site-packages/airflow/example_dags/example_xcom.py for tasks to queue
[2023-12-01T11:54:51.810+0000] {logging_mixin.py:151} INFO - [2023-12-01T11:54:51.808+0000] {dagbag.py:539} INFO - Filling up the DagBag from /home/airflow/.local/lib/python3.8/site-packages/airflow/example_dags/example_xcom.py
[2023-12-01T11:54:51.828+0000] {processor.py:839} INFO - DAG(s) dict_keys(['example_xcom']) retrieved from /home/airflow/.local/lib/python3.8/site-packages/airflow/example_dags/example_xcom.py
[2023-12-01T11:54:51.858+0000] {logging_mixin.py:151} INFO - [2023-12-01T11:54:51.858+0000] {dag.py:2915} INFO - Sync 1 DAGs
[2023-12-01T11:54:51.904+0000] {logging_mixin.py:151} INFO - [2023-12-01T11:54:51.904+0000] {dag.py:3696} INFO - Setting next_dagrun for example_xcom to 2021-01-01T00:00:00+00:00, run_after=2021-01-01T00:00:00+00:00
[2023-12-01T11:54:51.919+0000] {processor.py:179} INFO - Processing /home/airflow/.local/lib/python3.8/site-packages/airflow/example_dags/example_xcom.py took 0.126 seconds
[2023-12-01T11:55:22.357+0000] {processor.py:157} INFO - Started process (PID=46878) to work on /home/airflow/.local/lib/python3.8/site-packages/airflow/example_dags/example_xcom.py
[2023-12-01T11:55:22.359+0000] {processor.py:829} INFO - Processing file /home/airflow/.local/lib/python3.8/site-packages/airflow/example_dags/example_xcom.py for tasks to queue
[2023-12-01T11:55:22.364+0000] {logging_mixin.py:151} INFO - [2023-12-01T11:55:22.364+0000] {dagbag.py:539} INFO - Filling up the DagBag from /home/airflow/.local/lib/python3.8/site-packages/airflow/example_dags/example_xcom.py
[2023-12-01T11:55:22.375+0000] {processor.py:839} INFO - DAG(s) dict_keys(['example_xcom']) retrieved from /home/airflow/.local/lib/python3.8/site-packages/airflow/example_dags/example_xcom.py
[2023-12-01T11:55:22.416+0000] {logging_mixin.py:151} INFO - [2023-12-01T11:55:22.415+0000] {dag.py:2915} INFO - Sync 1 DAGs
[2023-12-01T11:55:22.441+0000] {logging_mixin.py:151} INFO - [2023-12-01T11:55:22.441+0000] {dag.py:3696} INFO - Setting next_dagrun for example_xcom to 2021-01-01T00:00:00+00:00, run_after=2021-01-01T00:00:00+00:00
[2023-12-01T11:55:22.458+0000] {processor.py:179} INFO - Processing /home/airflow/.local/lib/python3.8/site-packages/airflow/example_dags/example_xcom.py took 0.109 seconds
[2023-12-01T11:55:52.846+0000] {processor.py:157} INFO - Started process (PID=46932) to work on /home/airflow/.local/lib/python3.8/site-packages/airflow/example_dags/example_xcom.py
[2023-12-01T11:55:52.849+0000] {processor.py:829} INFO - Processing file /home/airflow/.local/lib/python3.8/site-packages/airflow/example_dags/example_xcom.py for tasks to queue
[2023-12-01T11:55:52.854+0000] {logging_mixin.py:151} INFO - [2023-12-01T11:55:52.854+0000] {dagbag.py:539} INFO - Filling up the DagBag from /home/airflow/.local/lib/python3.8/site-packages/airflow/example_dags/example_xcom.py
[2023-12-01T11:55:52.869+0000] {processor.py:839} INFO - DAG(s) dict_keys(['example_xcom']) retrieved from /home/airflow/.local/lib/python3.8/site-packages/airflow/example_dags/example_xcom.py
[2023-12-01T11:55:52.892+0000] {logging_mixin.py:151} INFO - [2023-12-01T11:55:52.892+0000] {dag.py:2915} INFO - Sync 1 DAGs
[2023-12-01T11:55:52.907+0000] {logging_mixin.py:151} INFO - [2023-12-01T11:55:52.907+0000] {dag.py:3696} INFO - Setting next_dagrun for example_xcom to 2021-01-01T00:00:00+00:00, run_after=2021-01-01T00:00:00+00:00
[2023-12-01T11:55:52.919+0000] {processor.py:179} INFO - Processing /home/airflow/.local/lib/python3.8/site-packages/airflow/example_dags/example_xcom.py took 0.083 seconds
[2023-12-01T11:56:23.723+0000] {processor.py:157} INFO - Started process (PID=46986) to work on /home/airflow/.local/lib/python3.8/site-packages/airflow/example_dags/example_xcom.py
[2023-12-01T11:56:23.725+0000] {processor.py:829} INFO - Processing file /home/airflow/.local/lib/python3.8/site-packages/airflow/example_dags/example_xcom.py for tasks to queue
[2023-12-01T11:56:23.728+0000] {logging_mixin.py:151} INFO - [2023-12-01T11:56:23.728+0000] {dagbag.py:539} INFO - Filling up the DagBag from /home/airflow/.local/lib/python3.8/site-packages/airflow/example_dags/example_xcom.py
[2023-12-01T11:56:23.735+0000] {processor.py:839} INFO - DAG(s) dict_keys(['example_xcom']) retrieved from /home/airflow/.local/lib/python3.8/site-packages/airflow/example_dags/example_xcom.py
[2023-12-01T11:56:23.752+0000] {logging_mixin.py:151} INFO - [2023-12-01T11:56:23.752+0000] {dag.py:2915} INFO - Sync 1 DAGs
[2023-12-01T11:56:23.763+0000] {logging_mixin.py:151} INFO - [2023-12-01T11:56:23.763+0000] {dag.py:3696} INFO - Setting next_dagrun for example_xcom to 2021-01-01T00:00:00+00:00, run_after=2021-01-01T00:00:00+00:00
[2023-12-01T11:56:23.772+0000] {processor.py:179} INFO - Processing /home/airflow/.local/lib/python3.8/site-packages/airflow/example_dags/example_xcom.py took 0.054 seconds
[2023-12-01T12:09:26.222+0000] {processor.py:157} INFO - Started process (PID=47028) to work on /home/airflow/.local/lib/python3.8/site-packages/airflow/example_dags/example_xcom.py
[2023-12-01T12:09:26.223+0000] {processor.py:829} INFO - Processing file /home/airflow/.local/lib/python3.8/site-packages/airflow/example_dags/example_xcom.py for tasks to queue
[2023-12-01T12:09:26.225+0000] {logging_mixin.py:151} INFO - [2023-12-01T12:09:26.225+0000] {dagbag.py:539} INFO - Filling up the DagBag from /home/airflow/.local/lib/python3.8/site-packages/airflow/example_dags/example_xcom.py
[2023-12-01T12:09:26.231+0000] {processor.py:839} INFO - DAG(s) dict_keys(['example_xcom']) retrieved from /home/airflow/.local/lib/python3.8/site-packages/airflow/example_dags/example_xcom.py
[2023-12-01T12:09:26.247+0000] {logging_mixin.py:151} INFO - [2023-12-01T12:09:26.247+0000] {dag.py:2915} INFO - Sync 1 DAGs
[2023-12-01T12:09:26.263+0000] {logging_mixin.py:151} INFO - [2023-12-01T12:09:26.263+0000] {dag.py:3696} INFO - Setting next_dagrun for example_xcom to 2021-01-01T00:00:00+00:00, run_after=2021-01-01T00:00:00+00:00
[2023-12-01T12:09:26.276+0000] {processor.py:179} INFO - Processing /home/airflow/.local/lib/python3.8/site-packages/airflow/example_dags/example_xcom.py took 0.056 seconds
[2023-12-01T12:43:13.494+0000] {processor.py:157} INFO - Started process (PID=47082) to work on /home/airflow/.local/lib/python3.8/site-packages/airflow/example_dags/example_xcom.py
[2023-12-01T12:43:13.495+0000] {processor.py:829} INFO - Processing file /home/airflow/.local/lib/python3.8/site-packages/airflow/example_dags/example_xcom.py for tasks to queue
[2023-12-01T12:43:13.496+0000] {logging_mixin.py:151} INFO - [2023-12-01T12:43:13.496+0000] {dagbag.py:539} INFO - Filling up the DagBag from /home/airflow/.local/lib/python3.8/site-packages/airflow/example_dags/example_xcom.py
[2023-12-01T12:43:13.501+0000] {processor.py:839} INFO - DAG(s) dict_keys(['example_xcom']) retrieved from /home/airflow/.local/lib/python3.8/site-packages/airflow/example_dags/example_xcom.py
[2023-12-01T12:43:13.514+0000] {logging_mixin.py:151} INFO - [2023-12-01T12:43:13.514+0000] {dag.py:2915} INFO - Sync 1 DAGs
[2023-12-01T12:43:13.525+0000] {logging_mixin.py:151} INFO - [2023-12-01T12:43:13.525+0000] {dag.py:3696} INFO - Setting next_dagrun for example_xcom to 2021-01-01T00:00:00+00:00, run_after=2021-01-01T00:00:00+00:00
[2023-12-01T12:43:13.534+0000] {processor.py:179} INFO - Processing /home/airflow/.local/lib/python3.8/site-packages/airflow/example_dags/example_xcom.py took 0.042 seconds
[2023-12-01T12:53:58.883+0000] {processor.py:157} INFO - Started process (PID=47136) to work on /home/airflow/.local/lib/python3.8/site-packages/airflow/example_dags/example_xcom.py
[2023-12-01T12:53:58.884+0000] {processor.py:829} INFO - Processing file /home/airflow/.local/lib/python3.8/site-packages/airflow/example_dags/example_xcom.py for tasks to queue
[2023-12-01T12:53:58.887+0000] {logging_mixin.py:151} INFO - [2023-12-01T12:53:58.887+0000] {dagbag.py:539} INFO - Filling up the DagBag from /home/airflow/.local/lib/python3.8/site-packages/airflow/example_dags/example_xcom.py
[2023-12-01T12:53:58.893+0000] {processor.py:839} INFO - DAG(s) dict_keys(['example_xcom']) retrieved from /home/airflow/.local/lib/python3.8/site-packages/airflow/example_dags/example_xcom.py
[2023-12-01T12:53:58.912+0000] {logging_mixin.py:151} INFO - [2023-12-01T12:53:58.912+0000] {dag.py:2915} INFO - Sync 1 DAGs
[2023-12-01T12:53:58.933+0000] {logging_mixin.py:151} INFO - [2023-12-01T12:53:58.933+0000] {dag.py:3696} INFO - Setting next_dagrun for example_xcom to 2021-01-01T00:00:00+00:00, run_after=2021-01-01T00:00:00+00:00
[2023-12-01T12:53:58.946+0000] {processor.py:179} INFO - Processing /home/airflow/.local/lib/python3.8/site-packages/airflow/example_dags/example_xcom.py took 0.067 seconds
[2023-12-01T13:07:30.472+0000] {processor.py:157} INFO - Started process (PID=47190) to work on /home/airflow/.local/lib/python3.8/site-packages/airflow/example_dags/example_xcom.py
[2023-12-01T13:07:30.473+0000] {processor.py:829} INFO - Processing file /home/airflow/.local/lib/python3.8/site-packages/airflow/example_dags/example_xcom.py for tasks to queue
[2023-12-01T13:07:30.475+0000] {logging_mixin.py:151} INFO - [2023-12-01T13:07:30.475+0000] {dagbag.py:539} INFO - Filling up the DagBag from /home/airflow/.local/lib/python3.8/site-packages/airflow/example_dags/example_xcom.py
[2023-12-01T13:07:30.479+0000] {processor.py:839} INFO - DAG(s) dict_keys(['example_xcom']) retrieved from /home/airflow/.local/lib/python3.8/site-packages/airflow/example_dags/example_xcom.py
[2023-12-01T13:07:30.492+0000] {logging_mixin.py:151} INFO - [2023-12-01T13:07:30.492+0000] {dag.py:2915} INFO - Sync 1 DAGs
[2023-12-01T13:07:30.503+0000] {logging_mixin.py:151} INFO - [2023-12-01T13:07:30.503+0000] {dag.py:3696} INFO - Setting next_dagrun for example_xcom to 2021-01-01T00:00:00+00:00, run_after=2021-01-01T00:00:00+00:00
[2023-12-01T13:07:30.512+0000] {processor.py:179} INFO - Processing /home/airflow/.local/lib/python3.8/site-packages/airflow/example_dags/example_xcom.py took 0.042 seconds
[2023-12-01T13:10:48.334+0000] {processor.py:157} INFO - Started process (PID=47244) to work on /home/airflow/.local/lib/python3.8/site-packages/airflow/example_dags/example_xcom.py
[2023-12-01T13:10:48.336+0000] {processor.py:829} INFO - Processing file /home/airflow/.local/lib/python3.8/site-packages/airflow/example_dags/example_xcom.py for tasks to queue
[2023-12-01T13:10:48.338+0000] {logging_mixin.py:151} INFO - [2023-12-01T13:10:48.337+0000] {dagbag.py:539} INFO - Filling up the DagBag from /home/airflow/.local/lib/python3.8/site-packages/airflow/example_dags/example_xcom.py
[2023-12-01T13:10:48.345+0000] {processor.py:839} INFO - DAG(s) dict_keys(['example_xcom']) retrieved from /home/airflow/.local/lib/python3.8/site-packages/airflow/example_dags/example_xcom.py
[2023-12-01T13:10:48.364+0000] {logging_mixin.py:151} INFO - [2023-12-01T13:10:48.364+0000] {dag.py:2915} INFO - Sync 1 DAGs
[2023-12-01T13:10:48.380+0000] {logging_mixin.py:151} INFO - [2023-12-01T13:10:48.380+0000] {dag.py:3696} INFO - Setting next_dagrun for example_xcom to 2021-01-01T00:00:00+00:00, run_after=2021-01-01T00:00:00+00:00
[2023-12-01T13:10:48.391+0000] {processor.py:179} INFO - Processing /home/airflow/.local/lib/python3.8/site-packages/airflow/example_dags/example_xcom.py took 0.060 seconds
[2023-12-01T14:00:29.964+0000] {processor.py:157} INFO - Started process (PID=47298) to work on /home/airflow/.local/lib/python3.8/site-packages/airflow/example_dags/example_xcom.py
[2023-12-01T14:00:29.966+0000] {processor.py:829} INFO - Processing file /home/airflow/.local/lib/python3.8/site-packages/airflow/example_dags/example_xcom.py for tasks to queue
[2023-12-01T14:00:29.968+0000] {logging_mixin.py:151} INFO - [2023-12-01T14:00:29.968+0000] {dagbag.py:539} INFO - Filling up the DagBag from /home/airflow/.local/lib/python3.8/site-packages/airflow/example_dags/example_xcom.py
[2023-12-01T14:00:29.976+0000] {processor.py:839} INFO - DAG(s) dict_keys(['example_xcom']) retrieved from /home/airflow/.local/lib/python3.8/site-packages/airflow/example_dags/example_xcom.py
[2023-12-01T14:00:30.005+0000] {logging_mixin.py:151} INFO - [2023-12-01T14:00:30.005+0000] {dag.py:2915} INFO - Sync 1 DAGs
[2023-12-01T14:00:30.021+0000] {logging_mixin.py:151} INFO - [2023-12-01T14:00:30.021+0000] {dag.py:3696} INFO - Setting next_dagrun for example_xcom to 2021-01-01T00:00:00+00:00, run_after=2021-01-01T00:00:00+00:00
[2023-12-01T14:00:30.055+0000] {processor.py:179} INFO - Processing /home/airflow/.local/lib/python3.8/site-packages/airflow/example_dags/example_xcom.py took 0.095 seconds
[2023-12-01T14:53:30.167+0000] {processor.py:157} INFO - Started process (PID=47352) to work on /home/airflow/.local/lib/python3.8/site-packages/airflow/example_dags/example_xcom.py
[2023-12-01T14:53:30.168+0000] {processor.py:829} INFO - Processing file /home/airflow/.local/lib/python3.8/site-packages/airflow/example_dags/example_xcom.py for tasks to queue
[2023-12-01T14:53:30.170+0000] {logging_mixin.py:151} INFO - [2023-12-01T14:53:30.170+0000] {dagbag.py:539} INFO - Filling up the DagBag from /home/airflow/.local/lib/python3.8/site-packages/airflow/example_dags/example_xcom.py
[2023-12-01T14:53:30.174+0000] {processor.py:839} INFO - DAG(s) dict_keys(['example_xcom']) retrieved from /home/airflow/.local/lib/python3.8/site-packages/airflow/example_dags/example_xcom.py
[2023-12-01T14:53:30.187+0000] {logging_mixin.py:151} INFO - [2023-12-01T14:53:30.187+0000] {dag.py:2915} INFO - Sync 1 DAGs
[2023-12-01T14:53:30.199+0000] {logging_mixin.py:151} INFO - [2023-12-01T14:53:30.199+0000] {dag.py:3696} INFO - Setting next_dagrun for example_xcom to 2021-01-01T00:00:00+00:00, run_after=2021-01-01T00:00:00+00:00
[2023-12-01T14:53:30.208+0000] {processor.py:179} INFO - Processing /home/airflow/.local/lib/python3.8/site-packages/airflow/example_dags/example_xcom.py took 0.043 seconds
[2023-12-01T15:51:00.702+0000] {processor.py:157} INFO - Started process (PID=47406) to work on /home/airflow/.local/lib/python3.8/site-packages/airflow/example_dags/example_xcom.py
[2023-12-01T15:51:00.703+0000] {processor.py:829} INFO - Processing file /home/airflow/.local/lib/python3.8/site-packages/airflow/example_dags/example_xcom.py for tasks to queue
[2023-12-01T15:51:00.704+0000] {logging_mixin.py:151} INFO - [2023-12-01T15:51:00.704+0000] {dagbag.py:539} INFO - Filling up the DagBag from /home/airflow/.local/lib/python3.8/site-packages/airflow/example_dags/example_xcom.py
[2023-12-01T15:51:00.709+0000] {processor.py:839} INFO - DAG(s) dict_keys(['example_xcom']) retrieved from /home/airflow/.local/lib/python3.8/site-packages/airflow/example_dags/example_xcom.py
[2023-12-01T15:51:00.725+0000] {logging_mixin.py:151} INFO - [2023-12-01T15:51:00.724+0000] {dag.py:2915} INFO - Sync 1 DAGs
[2023-12-01T15:51:00.741+0000] {logging_mixin.py:151} INFO - [2023-12-01T15:51:00.741+0000] {dag.py:3696} INFO - Setting next_dagrun for example_xcom to 2021-01-01T00:00:00+00:00, run_after=2021-01-01T00:00:00+00:00
[2023-12-01T15:51:00.754+0000] {processor.py:179} INFO - Processing /home/airflow/.local/lib/python3.8/site-packages/airflow/example_dags/example_xcom.py took 0.055 seconds
[2023-12-01T16:35:44.940+0000] {processor.py:157} INFO - Started process (PID=47460) to work on /home/airflow/.local/lib/python3.8/site-packages/airflow/example_dags/example_xcom.py
[2023-12-01T16:35:44.941+0000] {processor.py:829} INFO - Processing file /home/airflow/.local/lib/python3.8/site-packages/airflow/example_dags/example_xcom.py for tasks to queue
[2023-12-01T16:35:44.942+0000] {logging_mixin.py:151} INFO - [2023-12-01T16:35:44.942+0000] {dagbag.py:539} INFO - Filling up the DagBag from /home/airflow/.local/lib/python3.8/site-packages/airflow/example_dags/example_xcom.py
[2023-12-01T16:35:44.947+0000] {processor.py:839} INFO - DAG(s) dict_keys(['example_xcom']) retrieved from /home/airflow/.local/lib/python3.8/site-packages/airflow/example_dags/example_xcom.py
[2023-12-01T16:35:44.962+0000] {logging_mixin.py:151} INFO - [2023-12-01T16:35:44.961+0000] {dag.py:2915} INFO - Sync 1 DAGs
[2023-12-01T16:35:44.974+0000] {logging_mixin.py:151} INFO - [2023-12-01T16:35:44.974+0000] {dag.py:3696} INFO - Setting next_dagrun for example_xcom to 2021-01-01T00:00:00+00:00, run_after=2021-01-01T00:00:00+00:00
[2023-12-01T16:35:44.985+0000] {processor.py:179} INFO - Processing /home/airflow/.local/lib/python3.8/site-packages/airflow/example_dags/example_xcom.py took 0.048 seconds
[2023-12-01T17:55:40.848+0000] {processor.py:157} INFO - Started process (PID=47514) to work on /home/airflow/.local/lib/python3.8/site-packages/airflow/example_dags/example_xcom.py
[2023-12-01T17:55:40.849+0000] {processor.py:829} INFO - Processing file /home/airflow/.local/lib/python3.8/site-packages/airflow/example_dags/example_xcom.py for tasks to queue
[2023-12-01T17:55:40.850+0000] {logging_mixin.py:151} INFO - [2023-12-01T17:55:40.850+0000] {dagbag.py:539} INFO - Filling up the DagBag from /home/airflow/.local/lib/python3.8/site-packages/airflow/example_dags/example_xcom.py
[2023-12-01T17:55:40.855+0000] {processor.py:839} INFO - DAG(s) dict_keys(['example_xcom']) retrieved from /home/airflow/.local/lib/python3.8/site-packages/airflow/example_dags/example_xcom.py
[2023-12-01T17:55:40.870+0000] {logging_mixin.py:151} INFO - [2023-12-01T17:55:40.870+0000] {dag.py:2915} INFO - Sync 1 DAGs
[2023-12-01T17:55:40.889+0000] {logging_mixin.py:151} INFO - [2023-12-01T17:55:40.888+0000] {dag.py:3696} INFO - Setting next_dagrun for example_xcom to 2021-01-01T00:00:00+00:00, run_after=2021-01-01T00:00:00+00:00
[2023-12-01T17:55:40.901+0000] {processor.py:179} INFO - Processing /home/airflow/.local/lib/python3.8/site-packages/airflow/example_dags/example_xcom.py took 0.055 seconds
[2023-12-01T18:35:04.296+0000] {processor.py:157} INFO - Started process (PID=47568) to work on /home/airflow/.local/lib/python3.8/site-packages/airflow/example_dags/example_xcom.py
[2023-12-01T18:35:04.297+0000] {processor.py:829} INFO - Processing file /home/airflow/.local/lib/python3.8/site-packages/airflow/example_dags/example_xcom.py for tasks to queue
[2023-12-01T18:35:04.298+0000] {logging_mixin.py:151} INFO - [2023-12-01T18:35:04.298+0000] {dagbag.py:539} INFO - Filling up the DagBag from /home/airflow/.local/lib/python3.8/site-packages/airflow/example_dags/example_xcom.py
[2023-12-01T18:35:04.303+0000] {processor.py:839} INFO - DAG(s) dict_keys(['example_xcom']) retrieved from /home/airflow/.local/lib/python3.8/site-packages/airflow/example_dags/example_xcom.py
[2023-12-01T18:35:04.316+0000] {logging_mixin.py:151} INFO - [2023-12-01T18:35:04.316+0000] {dag.py:2915} INFO - Sync 1 DAGs
[2023-12-01T18:35:04.328+0000] {logging_mixin.py:151} INFO - [2023-12-01T18:35:04.328+0000] {dag.py:3696} INFO - Setting next_dagrun for example_xcom to 2021-01-01T00:00:00+00:00, run_after=2021-01-01T00:00:00+00:00
[2023-12-01T18:35:04.337+0000] {processor.py:179} INFO - Processing /home/airflow/.local/lib/python3.8/site-packages/airflow/example_dags/example_xcom.py took 0.044 seconds
[2023-12-01T19:05:46.157+0000] {processor.py:157} INFO - Started process (PID=47622) to work on /home/airflow/.local/lib/python3.8/site-packages/airflow/example_dags/example_xcom.py
[2023-12-01T19:05:46.158+0000] {processor.py:829} INFO - Processing file /home/airflow/.local/lib/python3.8/site-packages/airflow/example_dags/example_xcom.py for tasks to queue
[2023-12-01T19:05:46.159+0000] {logging_mixin.py:151} INFO - [2023-12-01T19:05:46.159+0000] {dagbag.py:539} INFO - Filling up the DagBag from /home/airflow/.local/lib/python3.8/site-packages/airflow/example_dags/example_xcom.py
[2023-12-01T19:05:46.164+0000] {processor.py:839} INFO - DAG(s) dict_keys(['example_xcom']) retrieved from /home/airflow/.local/lib/python3.8/site-packages/airflow/example_dags/example_xcom.py
[2023-12-01T19:05:46.177+0000] {logging_mixin.py:151} INFO - [2023-12-01T19:05:46.177+0000] {dag.py:2915} INFO - Sync 1 DAGs
[2023-12-01T19:05:46.189+0000] {logging_mixin.py:151} INFO - [2023-12-01T19:05:46.189+0000] {dag.py:3696} INFO - Setting next_dagrun for example_xcom to 2021-01-01T00:00:00+00:00, run_after=2021-01-01T00:00:00+00:00
[2023-12-01T19:05:46.198+0000] {processor.py:179} INFO - Processing /home/airflow/.local/lib/python3.8/site-packages/airflow/example_dags/example_xcom.py took 0.044 seconds
[2023-12-01T19:33:48.265+0000] {processor.py:157} INFO - Started process (PID=47676) to work on /home/airflow/.local/lib/python3.8/site-packages/airflow/example_dags/example_xcom.py
[2023-12-01T19:33:48.266+0000] {processor.py:829} INFO - Processing file /home/airflow/.local/lib/python3.8/site-packages/airflow/example_dags/example_xcom.py for tasks to queue
[2023-12-01T19:33:48.267+0000] {logging_mixin.py:151} INFO - [2023-12-01T19:33:48.267+0000] {dagbag.py:539} INFO - Filling up the DagBag from /home/airflow/.local/lib/python3.8/site-packages/airflow/example_dags/example_xcom.py
[2023-12-01T19:33:48.272+0000] {processor.py:839} INFO - DAG(s) dict_keys(['example_xcom']) retrieved from /home/airflow/.local/lib/python3.8/site-packages/airflow/example_dags/example_xcom.py
[2023-12-01T19:33:48.288+0000] {logging_mixin.py:151} INFO - [2023-12-01T19:33:48.288+0000] {dag.py:2915} INFO - Sync 1 DAGs
[2023-12-01T19:33:48.304+0000] {logging_mixin.py:151} INFO - [2023-12-01T19:33:48.303+0000] {dag.py:3696} INFO - Setting next_dagrun for example_xcom to 2021-01-01T00:00:00+00:00, run_after=2021-01-01T00:00:00+00:00
[2023-12-01T19:33:48.313+0000] {processor.py:179} INFO - Processing /home/airflow/.local/lib/python3.8/site-packages/airflow/example_dags/example_xcom.py took 0.051 seconds
[2023-12-01T20:06:45.102+0000] {processor.py:157} INFO - Started process (PID=47730) to work on /home/airflow/.local/lib/python3.8/site-packages/airflow/example_dags/example_xcom.py
[2023-12-01T20:06:45.103+0000] {processor.py:829} INFO - Processing file /home/airflow/.local/lib/python3.8/site-packages/airflow/example_dags/example_xcom.py for tasks to queue
[2023-12-01T20:06:45.104+0000] {logging_mixin.py:151} INFO - [2023-12-01T20:06:45.104+0000] {dagbag.py:539} INFO - Filling up the DagBag from /home/airflow/.local/lib/python3.8/site-packages/airflow/example_dags/example_xcom.py
[2023-12-01T20:06:45.109+0000] {processor.py:839} INFO - DAG(s) dict_keys(['example_xcom']) retrieved from /home/airflow/.local/lib/python3.8/site-packages/airflow/example_dags/example_xcom.py
[2023-12-01T20:06:45.127+0000] {logging_mixin.py:151} INFO - [2023-12-01T20:06:45.127+0000] {dag.py:2915} INFO - Sync 1 DAGs
[2023-12-01T20:06:45.140+0000] {logging_mixin.py:151} INFO - [2023-12-01T20:06:45.140+0000] {dag.py:3696} INFO - Setting next_dagrun for example_xcom to 2021-01-01T00:00:00+00:00, run_after=2021-01-01T00:00:00+00:00
[2023-12-01T20:06:45.151+0000] {processor.py:179} INFO - Processing /home/airflow/.local/lib/python3.8/site-packages/airflow/example_dags/example_xcom.py took 0.052 seconds
[2023-12-01T20:20:13.950+0000] {processor.py:157} INFO - Started process (PID=47784) to work on /home/airflow/.local/lib/python3.8/site-packages/airflow/example_dags/example_xcom.py
[2023-12-01T20:20:13.951+0000] {processor.py:829} INFO - Processing file /home/airflow/.local/lib/python3.8/site-packages/airflow/example_dags/example_xcom.py for tasks to queue
[2023-12-01T20:20:13.953+0000] {logging_mixin.py:151} INFO - [2023-12-01T20:20:13.953+0000] {dagbag.py:539} INFO - Filling up the DagBag from /home/airflow/.local/lib/python3.8/site-packages/airflow/example_dags/example_xcom.py
[2023-12-01T20:20:13.960+0000] {processor.py:839} INFO - DAG(s) dict_keys(['example_xcom']) retrieved from /home/airflow/.local/lib/python3.8/site-packages/airflow/example_dags/example_xcom.py
[2023-12-01T20:20:13.977+0000] {logging_mixin.py:151} INFO - [2023-12-01T20:20:13.977+0000] {dag.py:2915} INFO - Sync 1 DAGs
[2023-12-01T20:20:13.992+0000] {logging_mixin.py:151} INFO - [2023-12-01T20:20:13.991+0000] {dag.py:3696} INFO - Setting next_dagrun for example_xcom to 2021-01-01T00:00:00+00:00, run_after=2021-01-01T00:00:00+00:00
[2023-12-01T20:20:14.095+0000] {processor.py:179} INFO - Processing /home/airflow/.local/lib/python3.8/site-packages/airflow/example_dags/example_xcom.py took 0.148 seconds
[2023-12-01T20:46:20.342+0000] {processor.py:157} INFO - Started process (PID=47838) to work on /home/airflow/.local/lib/python3.8/site-packages/airflow/example_dags/example_xcom.py
[2023-12-01T20:46:20.344+0000] {processor.py:829} INFO - Processing file /home/airflow/.local/lib/python3.8/site-packages/airflow/example_dags/example_xcom.py for tasks to queue
[2023-12-01T20:46:20.345+0000] {logging_mixin.py:151} INFO - [2023-12-01T20:46:20.345+0000] {dagbag.py:539} INFO - Filling up the DagBag from /home/airflow/.local/lib/python3.8/site-packages/airflow/example_dags/example_xcom.py
[2023-12-01T20:46:20.350+0000] {processor.py:839} INFO - DAG(s) dict_keys(['example_xcom']) retrieved from /home/airflow/.local/lib/python3.8/site-packages/airflow/example_dags/example_xcom.py
[2023-12-01T20:46:20.365+0000] {logging_mixin.py:151} INFO - [2023-12-01T20:46:20.365+0000] {dag.py:2915} INFO - Sync 1 DAGs
[2023-12-01T20:46:20.377+0000] {logging_mixin.py:151} INFO - [2023-12-01T20:46:20.377+0000] {dag.py:3696} INFO - Setting next_dagrun for example_xcom to 2021-01-01T00:00:00+00:00, run_after=2021-01-01T00:00:00+00:00
[2023-12-01T20:46:20.389+0000] {processor.py:179} INFO - Processing /home/airflow/.local/lib/python3.8/site-packages/airflow/example_dags/example_xcom.py took 0.048 seconds
[2023-12-01T21:17:03.251+0000] {processor.py:157} INFO - Started process (PID=47892) to work on /home/airflow/.local/lib/python3.8/site-packages/airflow/example_dags/example_xcom.py
[2023-12-01T21:17:03.252+0000] {processor.py:829} INFO - Processing file /home/airflow/.local/lib/python3.8/site-packages/airflow/example_dags/example_xcom.py for tasks to queue
[2023-12-01T21:17:03.254+0000] {logging_mixin.py:151} INFO - [2023-12-01T21:17:03.253+0000] {dagbag.py:539} INFO - Filling up the DagBag from /home/airflow/.local/lib/python3.8/site-packages/airflow/example_dags/example_xcom.py
[2023-12-01T21:17:03.258+0000] {processor.py:839} INFO - DAG(s) dict_keys(['example_xcom']) retrieved from /home/airflow/.local/lib/python3.8/site-packages/airflow/example_dags/example_xcom.py
[2023-12-01T21:17:03.271+0000] {logging_mixin.py:151} INFO - [2023-12-01T21:17:03.271+0000] {dag.py:2915} INFO - Sync 1 DAGs
[2023-12-01T21:17:03.282+0000] {logging_mixin.py:151} INFO - [2023-12-01T21:17:03.282+0000] {dag.py:3696} INFO - Setting next_dagrun for example_xcom to 2021-01-01T00:00:00+00:00, run_after=2021-01-01T00:00:00+00:00
[2023-12-01T21:17:03.291+0000] {processor.py:179} INFO - Processing /home/airflow/.local/lib/python3.8/site-packages/airflow/example_dags/example_xcom.py took 0.042 seconds
[2023-12-01T22:08:38.456+0000] {processor.py:157} INFO - Started process (PID=47946) to work on /home/airflow/.local/lib/python3.8/site-packages/airflow/example_dags/example_xcom.py
[2023-12-01T22:08:38.457+0000] {processor.py:829} INFO - Processing file /home/airflow/.local/lib/python3.8/site-packages/airflow/example_dags/example_xcom.py for tasks to queue
[2023-12-01T22:08:38.458+0000] {logging_mixin.py:151} INFO - [2023-12-01T22:08:38.458+0000] {dagbag.py:539} INFO - Filling up the DagBag from /home/airflow/.local/lib/python3.8/site-packages/airflow/example_dags/example_xcom.py
[2023-12-01T22:08:38.463+0000] {processor.py:839} INFO - DAG(s) dict_keys(['example_xcom']) retrieved from /home/airflow/.local/lib/python3.8/site-packages/airflow/example_dags/example_xcom.py
[2023-12-01T22:08:38.476+0000] {logging_mixin.py:151} INFO - [2023-12-01T22:08:38.476+0000] {dag.py:2915} INFO - Sync 1 DAGs
[2023-12-01T22:08:38.498+0000] {logging_mixin.py:151} INFO - [2023-12-01T22:08:38.498+0000] {dag.py:3696} INFO - Setting next_dagrun for example_xcom to 2021-01-01T00:00:00+00:00, run_after=2021-01-01T00:00:00+00:00
[2023-12-01T22:08:38.515+0000] {processor.py:179} INFO - Processing /home/airflow/.local/lib/python3.8/site-packages/airflow/example_dags/example_xcom.py took 0.062 seconds
[2023-12-01T22:54:07.148+0000] {processor.py:157} INFO - Started process (PID=48001) to work on /home/airflow/.local/lib/python3.8/site-packages/airflow/example_dags/example_xcom.py
[2023-12-01T22:54:07.150+0000] {processor.py:829} INFO - Processing file /home/airflow/.local/lib/python3.8/site-packages/airflow/example_dags/example_xcom.py for tasks to queue
[2023-12-01T22:54:07.151+0000] {logging_mixin.py:151} INFO - [2023-12-01T22:54:07.151+0000] {dagbag.py:539} INFO - Filling up the DagBag from /home/airflow/.local/lib/python3.8/site-packages/airflow/example_dags/example_xcom.py
[2023-12-01T22:54:07.156+0000] {processor.py:839} INFO - DAG(s) dict_keys(['example_xcom']) retrieved from /home/airflow/.local/lib/python3.8/site-packages/airflow/example_dags/example_xcom.py
[2023-12-01T22:54:07.171+0000] {logging_mixin.py:151} INFO - [2023-12-01T22:54:07.171+0000] {dag.py:2915} INFO - Sync 1 DAGs
[2023-12-01T22:54:07.188+0000] {logging_mixin.py:151} INFO - [2023-12-01T22:54:07.188+0000] {dag.py:3696} INFO - Setting next_dagrun for example_xcom to 2021-01-01T00:00:00+00:00, run_after=2021-01-01T00:00:00+00:00
[2023-12-01T22:54:07.307+0000] {processor.py:179} INFO - Processing /home/airflow/.local/lib/python3.8/site-packages/airflow/example_dags/example_xcom.py took 0.162 seconds
[2023-12-01T23:41:10.190+0000] {processor.py:157} INFO - Started process (PID=48055) to work on /home/airflow/.local/lib/python3.8/site-packages/airflow/example_dags/example_xcom.py
[2023-12-01T23:41:10.191+0000] {processor.py:829} INFO - Processing file /home/airflow/.local/lib/python3.8/site-packages/airflow/example_dags/example_xcom.py for tasks to queue
[2023-12-01T23:41:10.193+0000] {logging_mixin.py:151} INFO - [2023-12-01T23:41:10.193+0000] {dagbag.py:539} INFO - Filling up the DagBag from /home/airflow/.local/lib/python3.8/site-packages/airflow/example_dags/example_xcom.py
[2023-12-01T23:41:10.199+0000] {processor.py:839} INFO - DAG(s) dict_keys(['example_xcom']) retrieved from /home/airflow/.local/lib/python3.8/site-packages/airflow/example_dags/example_xcom.py
[2023-12-01T23:41:10.214+0000] {logging_mixin.py:151} INFO - [2023-12-01T23:41:10.214+0000] {dag.py:2915} INFO - Sync 1 DAGs
[2023-12-01T23:41:10.226+0000] {logging_mixin.py:151} INFO - [2023-12-01T23:41:10.226+0000] {dag.py:3696} INFO - Setting next_dagrun for example_xcom to 2021-01-01T00:00:00+00:00, run_after=2021-01-01T00:00:00+00:00
[2023-12-01T23:41:10.236+0000] {processor.py:179} INFO - Processing /home/airflow/.local/lib/python3.8/site-packages/airflow/example_dags/example_xcom.py took 0.048 seconds
