[2023-12-01T00:05:48.958+0000] {processor.py:157} INFO - Started process (PID=45214) to work on /home/airflow/.local/lib/python3.8/site-packages/airflow/example_dags/example_latest_only.py
[2023-12-01T00:05:48.963+0000] {processor.py:829} INFO - Processing file /home/airflow/.local/lib/python3.8/site-packages/airflow/example_dags/example_latest_only.py for tasks to queue
[2023-12-01T00:05:48.968+0000] {logging_mixin.py:151} INFO - [2023-12-01T00:05:48.967+0000] {dagbag.py:539} INFO - Filling up the DagBag from /home/airflow/.local/lib/python3.8/site-packages/airflow/example_dags/example_latest_only.py
[2023-12-01T00:05:48.985+0000] {processor.py:839} INFO - DAG(s) dict_keys(['latest_only']) retrieved from /home/airflow/.local/lib/python3.8/site-packages/airflow/example_dags/example_latest_only.py
[2023-12-01T00:05:49.018+0000] {logging_mixin.py:151} INFO - [2023-12-01T00:05:49.018+0000] {dag.py:2915} INFO - Sync 1 DAGs
[2023-12-01T00:05:49.084+0000] {logging_mixin.py:151} INFO - [2023-12-01T00:05:49.082+0000] {dag.py:3696} INFO - Setting next_dagrun for latest_only to 2023-11-30T20:05:49.081879+00:00, run_after=2023-12-01T00:05:49.081879+00:00
[2023-12-01T00:05:49.115+0000] {processor.py:179} INFO - Processing /home/airflow/.local/lib/python3.8/site-packages/airflow/example_dags/example_latest_only.py took 0.185 seconds
[2023-12-01T00:33:40.605+0000] {processor.py:157} INFO - Started process (PID=45268) to work on /home/airflow/.local/lib/python3.8/site-packages/airflow/example_dags/example_latest_only.py
[2023-12-01T00:33:40.606+0000] {processor.py:829} INFO - Processing file /home/airflow/.local/lib/python3.8/site-packages/airflow/example_dags/example_latest_only.py for tasks to queue
[2023-12-01T00:33:40.609+0000] {logging_mixin.py:151} INFO - [2023-12-01T00:33:40.609+0000] {dagbag.py:539} INFO - Filling up the DagBag from /home/airflow/.local/lib/python3.8/site-packages/airflow/example_dags/example_latest_only.py
[2023-12-01T00:33:40.615+0000] {processor.py:839} INFO - DAG(s) dict_keys(['latest_only']) retrieved from /home/airflow/.local/lib/python3.8/site-packages/airflow/example_dags/example_latest_only.py
[2023-12-01T00:33:40.633+0000] {logging_mixin.py:151} INFO - [2023-12-01T00:33:40.633+0000] {dag.py:2915} INFO - Sync 1 DAGs
[2023-12-01T00:33:40.646+0000] {logging_mixin.py:151} INFO - [2023-12-01T00:33:40.646+0000] {dag.py:3696} INFO - Setting next_dagrun for latest_only to 2023-11-30T20:33:40.645861+00:00, run_after=2023-12-01T00:33:40.645861+00:00
[2023-12-01T00:33:40.659+0000] {processor.py:179} INFO - Processing /home/airflow/.local/lib/python3.8/site-packages/airflow/example_dags/example_latest_only.py took 0.057 seconds
[2023-12-01T01:27:54.813+0000] {processor.py:157} INFO - Started process (PID=45322) to work on /home/airflow/.local/lib/python3.8/site-packages/airflow/example_dags/example_latest_only.py
[2023-12-01T01:27:54.817+0000] {processor.py:829} INFO - Processing file /home/airflow/.local/lib/python3.8/site-packages/airflow/example_dags/example_latest_only.py for tasks to queue
[2023-12-01T01:27:54.836+0000] {logging_mixin.py:151} INFO - [2023-12-01T01:27:54.830+0000] {dagbag.py:539} INFO - Filling up the DagBag from /home/airflow/.local/lib/python3.8/site-packages/airflow/example_dags/example_latest_only.py
[2023-12-01T01:27:54.873+0000] {processor.py:839} INFO - DAG(s) dict_keys(['latest_only']) retrieved from /home/airflow/.local/lib/python3.8/site-packages/airflow/example_dags/example_latest_only.py
[2023-12-01T01:27:54.981+0000] {logging_mixin.py:151} INFO - [2023-12-01T01:27:54.981+0000] {dag.py:2915} INFO - Sync 1 DAGs
[2023-12-01T01:27:55.050+0000] {logging_mixin.py:151} INFO - [2023-12-01T01:27:55.050+0000] {dag.py:3696} INFO - Setting next_dagrun for latest_only to 2023-11-30T21:27:55.050001+00:00, run_after=2023-12-01T01:27:55.050001+00:00
[2023-12-01T01:27:55.088+0000] {processor.py:179} INFO - Processing /home/airflow/.local/lib/python3.8/site-packages/airflow/example_dags/example_latest_only.py took 0.297 seconds
[2023-12-01T02:09:21.157+0000] {processor.py:157} INFO - Started process (PID=45376) to work on /home/airflow/.local/lib/python3.8/site-packages/airflow/example_dags/example_latest_only.py
[2023-12-01T02:09:21.158+0000] {processor.py:829} INFO - Processing file /home/airflow/.local/lib/python3.8/site-packages/airflow/example_dags/example_latest_only.py for tasks to queue
[2023-12-01T02:09:21.160+0000] {logging_mixin.py:151} INFO - [2023-12-01T02:09:21.159+0000] {dagbag.py:539} INFO - Filling up the DagBag from /home/airflow/.local/lib/python3.8/site-packages/airflow/example_dags/example_latest_only.py
[2023-12-01T02:09:21.163+0000] {processor.py:839} INFO - DAG(s) dict_keys(['latest_only']) retrieved from /home/airflow/.local/lib/python3.8/site-packages/airflow/example_dags/example_latest_only.py
[2023-12-01T02:09:21.214+0000] {logging_mixin.py:151} INFO - [2023-12-01T02:09:21.214+0000] {dag.py:2915} INFO - Sync 1 DAGs
[2023-12-01T02:09:21.283+0000] {logging_mixin.py:151} INFO - [2023-12-01T02:09:21.283+0000] {dag.py:3696} INFO - Setting next_dagrun for latest_only to 2023-11-30T22:09:21.281245+00:00, run_after=2023-12-01T02:09:21.281245+00:00
[2023-12-01T02:09:21.331+0000] {processor.py:179} INFO - Processing /home/airflow/.local/lib/python3.8/site-packages/airflow/example_dags/example_latest_only.py took 0.176 seconds
[2023-12-01T02:45:37.647+0000] {processor.py:157} INFO - Started process (PID=45430) to work on /home/airflow/.local/lib/python3.8/site-packages/airflow/example_dags/example_latest_only.py
[2023-12-01T02:45:37.649+0000] {processor.py:829} INFO - Processing file /home/airflow/.local/lib/python3.8/site-packages/airflow/example_dags/example_latest_only.py for tasks to queue
[2023-12-01T02:45:37.654+0000] {logging_mixin.py:151} INFO - [2023-12-01T02:45:37.654+0000] {dagbag.py:539} INFO - Filling up the DagBag from /home/airflow/.local/lib/python3.8/site-packages/airflow/example_dags/example_latest_only.py
[2023-12-01T02:45:37.666+0000] {processor.py:839} INFO - DAG(s) dict_keys(['latest_only']) retrieved from /home/airflow/.local/lib/python3.8/site-packages/airflow/example_dags/example_latest_only.py
[2023-12-01T02:45:37.699+0000] {logging_mixin.py:151} INFO - [2023-12-01T02:45:37.699+0000] {dag.py:2915} INFO - Sync 1 DAGs
[2023-12-01T02:45:37.735+0000] {logging_mixin.py:151} INFO - [2023-12-01T02:45:37.735+0000] {dag.py:3696} INFO - Setting next_dagrun for latest_only to 2023-11-30T22:45:37.735268+00:00, run_after=2023-12-01T02:45:37.735268+00:00
[2023-12-01T02:45:37.748+0000] {processor.py:179} INFO - Processing /home/airflow/.local/lib/python3.8/site-packages/airflow/example_dags/example_latest_only.py took 0.111 seconds
[2023-12-01T03:20:34.581+0000] {processor.py:157} INFO - Started process (PID=45484) to work on /home/airflow/.local/lib/python3.8/site-packages/airflow/example_dags/example_latest_only.py
[2023-12-01T03:20:34.582+0000] {processor.py:829} INFO - Processing file /home/airflow/.local/lib/python3.8/site-packages/airflow/example_dags/example_latest_only.py for tasks to queue
[2023-12-01T03:20:34.583+0000] {logging_mixin.py:151} INFO - [2023-12-01T03:20:34.583+0000] {dagbag.py:539} INFO - Filling up the DagBag from /home/airflow/.local/lib/python3.8/site-packages/airflow/example_dags/example_latest_only.py
[2023-12-01T03:20:34.586+0000] {processor.py:839} INFO - DAG(s) dict_keys(['latest_only']) retrieved from /home/airflow/.local/lib/python3.8/site-packages/airflow/example_dags/example_latest_only.py
[2023-12-01T03:20:34.599+0000] {logging_mixin.py:151} INFO - [2023-12-01T03:20:34.599+0000] {dag.py:2915} INFO - Sync 1 DAGs
[2023-12-01T03:20:34.612+0000] {logging_mixin.py:151} INFO - [2023-12-01T03:20:34.611+0000] {dag.py:3696} INFO - Setting next_dagrun for latest_only to 2023-11-30T23:20:34.611736+00:00, run_after=2023-12-01T03:20:34.611736+00:00
[2023-12-01T03:20:34.620+0000] {processor.py:179} INFO - Processing /home/airflow/.local/lib/python3.8/site-packages/airflow/example_dags/example_latest_only.py took 0.041 seconds
[2023-12-01T04:21:28.876+0000] {processor.py:157} INFO - Started process (PID=45538) to work on /home/airflow/.local/lib/python3.8/site-packages/airflow/example_dags/example_latest_only.py
[2023-12-01T04:21:28.878+0000] {processor.py:829} INFO - Processing file /home/airflow/.local/lib/python3.8/site-packages/airflow/example_dags/example_latest_only.py for tasks to queue
[2023-12-01T04:21:28.880+0000] {logging_mixin.py:151} INFO - [2023-12-01T04:21:28.880+0000] {dagbag.py:539} INFO - Filling up the DagBag from /home/airflow/.local/lib/python3.8/site-packages/airflow/example_dags/example_latest_only.py
[2023-12-01T04:21:28.890+0000] {processor.py:839} INFO - DAG(s) dict_keys(['latest_only']) retrieved from /home/airflow/.local/lib/python3.8/site-packages/airflow/example_dags/example_latest_only.py
[2023-12-01T04:21:28.925+0000] {logging_mixin.py:151} INFO - [2023-12-01T04:21:28.925+0000] {dag.py:2915} INFO - Sync 1 DAGs
[2023-12-01T04:21:29.355+0000] {logging_mixin.py:151} INFO - [2023-12-01T04:21:29.353+0000] {dag.py:3696} INFO - Setting next_dagrun for latest_only to 2023-12-01T00:21:29.344112+00:00, run_after=2023-12-01T04:21:29.344112+00:00
[2023-12-01T04:21:29.765+0000] {processor.py:179} INFO - Processing /home/airflow/.local/lib/python3.8/site-packages/airflow/example_dags/example_latest_only.py took 0.892 seconds
[2023-12-01T05:30:11.567+0000] {processor.py:157} INFO - Started process (PID=45592) to work on /home/airflow/.local/lib/python3.8/site-packages/airflow/example_dags/example_latest_only.py
[2023-12-01T05:30:11.573+0000] {processor.py:829} INFO - Processing file /home/airflow/.local/lib/python3.8/site-packages/airflow/example_dags/example_latest_only.py for tasks to queue
[2023-12-01T05:30:11.584+0000] {logging_mixin.py:151} INFO - [2023-12-01T05:30:11.584+0000] {dagbag.py:539} INFO - Filling up the DagBag from /home/airflow/.local/lib/python3.8/site-packages/airflow/example_dags/example_latest_only.py
[2023-12-01T05:30:11.601+0000] {processor.py:839} INFO - DAG(s) dict_keys(['latest_only']) retrieved from /home/airflow/.local/lib/python3.8/site-packages/airflow/example_dags/example_latest_only.py
[2023-12-01T05:30:11.660+0000] {logging_mixin.py:151} INFO - [2023-12-01T05:30:11.659+0000] {dag.py:2915} INFO - Sync 1 DAGs
[2023-12-01T05:30:11.710+0000] {logging_mixin.py:151} INFO - [2023-12-01T05:30:11.709+0000] {dag.py:3696} INFO - Setting next_dagrun for latest_only to 2023-12-01T01:30:11.708883+00:00, run_after=2023-12-01T05:30:11.708883+00:00
[2023-12-01T05:30:11.763+0000] {processor.py:179} INFO - Processing /home/airflow/.local/lib/python3.8/site-packages/airflow/example_dags/example_latest_only.py took 0.207 seconds
[2023-12-01T06:23:25.347+0000] {processor.py:157} INFO - Started process (PID=45646) to work on /home/airflow/.local/lib/python3.8/site-packages/airflow/example_dags/example_latest_only.py
[2023-12-01T06:23:25.351+0000] {processor.py:829} INFO - Processing file /home/airflow/.local/lib/python3.8/site-packages/airflow/example_dags/example_latest_only.py for tasks to queue
[2023-12-01T06:23:25.358+0000] {logging_mixin.py:151} INFO - [2023-12-01T06:23:25.358+0000] {dagbag.py:539} INFO - Filling up the DagBag from /home/airflow/.local/lib/python3.8/site-packages/airflow/example_dags/example_latest_only.py
[2023-12-01T06:23:25.374+0000] {processor.py:839} INFO - DAG(s) dict_keys(['latest_only']) retrieved from /home/airflow/.local/lib/python3.8/site-packages/airflow/example_dags/example_latest_only.py
[2023-12-01T06:23:25.435+0000] {logging_mixin.py:151} INFO - [2023-12-01T06:23:25.435+0000] {dag.py:2915} INFO - Sync 1 DAGs
[2023-12-01T06:23:25.511+0000] {logging_mixin.py:151} INFO - [2023-12-01T06:23:25.510+0000] {dag.py:3696} INFO - Setting next_dagrun for latest_only to 2023-12-01T02:23:25.509546+00:00, run_after=2023-12-01T06:23:25.509546+00:00
[2023-12-01T06:23:25.565+0000] {processor.py:179} INFO - Processing /home/airflow/.local/lib/python3.8/site-packages/airflow/example_dags/example_latest_only.py took 0.228 seconds
[2023-12-01T07:10:08.003+0000] {processor.py:157} INFO - Started process (PID=45700) to work on /home/airflow/.local/lib/python3.8/site-packages/airflow/example_dags/example_latest_only.py
[2023-12-01T07:10:08.006+0000] {processor.py:829} INFO - Processing file /home/airflow/.local/lib/python3.8/site-packages/airflow/example_dags/example_latest_only.py for tasks to queue
[2023-12-01T07:10:08.013+0000] {logging_mixin.py:151} INFO - [2023-12-01T07:10:08.013+0000] {dagbag.py:539} INFO - Filling up the DagBag from /home/airflow/.local/lib/python3.8/site-packages/airflow/example_dags/example_latest_only.py
[2023-12-01T07:10:08.039+0000] {processor.py:839} INFO - DAG(s) dict_keys(['latest_only']) retrieved from /home/airflow/.local/lib/python3.8/site-packages/airflow/example_dags/example_latest_only.py
[2023-12-01T07:10:08.129+0000] {logging_mixin.py:151} INFO - [2023-12-01T07:10:08.129+0000] {dag.py:2915} INFO - Sync 1 DAGs
[2023-12-01T07:10:08.205+0000] {logging_mixin.py:151} INFO - [2023-12-01T07:10:08.204+0000] {dag.py:3696} INFO - Setting next_dagrun for latest_only to 2023-12-01T03:10:08.203076+00:00, run_after=2023-12-01T07:10:08.203076+00:00
[2023-12-01T07:10:08.247+0000] {processor.py:179} INFO - Processing /home/airflow/.local/lib/python3.8/site-packages/airflow/example_dags/example_latest_only.py took 0.251 seconds
[2023-12-01T07:45:18.998+0000] {processor.py:157} INFO - Started process (PID=45754) to work on /home/airflow/.local/lib/python3.8/site-packages/airflow/example_dags/example_latest_only.py
[2023-12-01T07:45:18.999+0000] {processor.py:829} INFO - Processing file /home/airflow/.local/lib/python3.8/site-packages/airflow/example_dags/example_latest_only.py for tasks to queue
[2023-12-01T07:45:19.001+0000] {logging_mixin.py:151} INFO - [2023-12-01T07:45:19.001+0000] {dagbag.py:539} INFO - Filling up the DagBag from /home/airflow/.local/lib/python3.8/site-packages/airflow/example_dags/example_latest_only.py
[2023-12-01T07:45:19.004+0000] {processor.py:839} INFO - DAG(s) dict_keys(['latest_only']) retrieved from /home/airflow/.local/lib/python3.8/site-packages/airflow/example_dags/example_latest_only.py
[2023-12-01T07:45:19.019+0000] {logging_mixin.py:151} INFO - [2023-12-01T07:45:19.019+0000] {dag.py:2915} INFO - Sync 1 DAGs
[2023-12-01T07:45:19.037+0000] {logging_mixin.py:151} INFO - [2023-12-01T07:45:19.037+0000] {dag.py:3696} INFO - Setting next_dagrun for latest_only to 2023-12-01T03:45:19.036326+00:00, run_after=2023-12-01T07:45:19.036326+00:00
[2023-12-01T07:45:19.058+0000] {processor.py:179} INFO - Processing /home/airflow/.local/lib/python3.8/site-packages/airflow/example_dags/example_latest_only.py took 0.062 seconds
[2023-12-01T08:25:26.505+0000] {processor.py:157} INFO - Started process (PID=45808) to work on /home/airflow/.local/lib/python3.8/site-packages/airflow/example_dags/example_latest_only.py
[2023-12-01T08:25:26.510+0000] {processor.py:829} INFO - Processing file /home/airflow/.local/lib/python3.8/site-packages/airflow/example_dags/example_latest_only.py for tasks to queue
[2023-12-01T08:25:26.519+0000] {logging_mixin.py:151} INFO - [2023-12-01T08:25:26.518+0000] {dagbag.py:539} INFO - Filling up the DagBag from /home/airflow/.local/lib/python3.8/site-packages/airflow/example_dags/example_latest_only.py
[2023-12-01T08:25:26.542+0000] {processor.py:839} INFO - DAG(s) dict_keys(['latest_only']) retrieved from /home/airflow/.local/lib/python3.8/site-packages/airflow/example_dags/example_latest_only.py
[2023-12-01T08:25:26.816+0000] {logging_mixin.py:151} INFO - [2023-12-01T08:25:26.815+0000] {dag.py:2915} INFO - Sync 1 DAGs
[2023-12-01T08:25:26.923+0000] {logging_mixin.py:151} INFO - [2023-12-01T08:25:26.922+0000] {dag.py:3696} INFO - Setting next_dagrun for latest_only to 2023-12-01T04:25:26.916877+00:00, run_after=2023-12-01T08:25:26.916877+00:00
[2023-12-01T08:25:26.983+0000] {processor.py:179} INFO - Processing /home/airflow/.local/lib/python3.8/site-packages/airflow/example_dags/example_latest_only.py took 0.489 seconds
[2023-12-01T09:26:31.466+0000] {processor.py:157} INFO - Started process (PID=45862) to work on /home/airflow/.local/lib/python3.8/site-packages/airflow/example_dags/example_latest_only.py
[2023-12-01T09:26:31.723+0000] {processor.py:829} INFO - Processing file /home/airflow/.local/lib/python3.8/site-packages/airflow/example_dags/example_latest_only.py for tasks to queue
[2023-12-01T09:26:31.876+0000] {logging_mixin.py:151} INFO - [2023-12-01T09:26:31.873+0000] {dagbag.py:539} INFO - Filling up the DagBag from /home/airflow/.local/lib/python3.8/site-packages/airflow/example_dags/example_latest_only.py
[2023-12-01T09:26:31.944+0000] {processor.py:839} INFO - DAG(s) dict_keys(['latest_only']) retrieved from /home/airflow/.local/lib/python3.8/site-packages/airflow/example_dags/example_latest_only.py
[2023-12-01T09:26:32.163+0000] {logging_mixin.py:151} INFO - [2023-12-01T09:26:32.161+0000] {dag.py:2915} INFO - Sync 1 DAGs
[2023-12-01T09:26:32.238+0000] {logging_mixin.py:151} INFO - [2023-12-01T09:26:32.238+0000] {dag.py:3696} INFO - Setting next_dagrun for latest_only to 2023-12-01T05:26:32.237831+00:00, run_after=2023-12-01T09:26:32.237831+00:00
[2023-12-01T09:26:32.291+0000] {processor.py:179} INFO - Processing /home/airflow/.local/lib/python3.8/site-packages/airflow/example_dags/example_latest_only.py took 1.202 seconds
[2023-12-01T10:22:10.018+0000] {processor.py:157} INFO - Started process (PID=45916) to work on /home/airflow/.local/lib/python3.8/site-packages/airflow/example_dags/example_latest_only.py
[2023-12-01T10:22:10.020+0000] {processor.py:829} INFO - Processing file /home/airflow/.local/lib/python3.8/site-packages/airflow/example_dags/example_latest_only.py for tasks to queue
[2023-12-01T10:22:10.027+0000] {logging_mixin.py:151} INFO - [2023-12-01T10:22:10.026+0000] {dagbag.py:539} INFO - Filling up the DagBag from /home/airflow/.local/lib/python3.8/site-packages/airflow/example_dags/example_latest_only.py
[2023-12-01T10:22:10.056+0000] {processor.py:839} INFO - DAG(s) dict_keys(['latest_only']) retrieved from /home/airflow/.local/lib/python3.8/site-packages/airflow/example_dags/example_latest_only.py
[2023-12-01T10:22:10.133+0000] {logging_mixin.py:151} INFO - [2023-12-01T10:22:10.132+0000] {dag.py:2915} INFO - Sync 1 DAGs
[2023-12-01T10:22:10.177+0000] {logging_mixin.py:151} INFO - [2023-12-01T10:22:10.177+0000] {dag.py:3696} INFO - Setting next_dagrun for latest_only to 2023-12-01T06:22:10.177163+00:00, run_after=2023-12-01T10:22:10.177163+00:00
[2023-12-01T10:22:10.216+0000] {processor.py:179} INFO - Processing /home/airflow/.local/lib/python3.8/site-packages/airflow/example_dags/example_latest_only.py took 0.201 seconds
[2023-12-01T10:50:45.728+0000] {processor.py:157} INFO - Started process (PID=45970) to work on /home/airflow/.local/lib/python3.8/site-packages/airflow/example_dags/example_latest_only.py
[2023-12-01T10:50:45.731+0000] {processor.py:829} INFO - Processing file /home/airflow/.local/lib/python3.8/site-packages/airflow/example_dags/example_latest_only.py for tasks to queue
[2023-12-01T10:50:45.751+0000] {logging_mixin.py:151} INFO - [2023-12-01T10:50:45.743+0000] {dagbag.py:539} INFO - Filling up the DagBag from /home/airflow/.local/lib/python3.8/site-packages/airflow/example_dags/example_latest_only.py
[2023-12-01T10:50:45.778+0000] {processor.py:839} INFO - DAG(s) dict_keys(['latest_only']) retrieved from /home/airflow/.local/lib/python3.8/site-packages/airflow/example_dags/example_latest_only.py
[2023-12-01T10:50:45.877+0000] {logging_mixin.py:151} INFO - [2023-12-01T10:50:45.877+0000] {dag.py:2915} INFO - Sync 1 DAGs
[2023-12-01T10:50:45.968+0000] {logging_mixin.py:151} INFO - [2023-12-01T10:50:45.967+0000] {dag.py:3696} INFO - Setting next_dagrun for latest_only to 2023-12-01T06:50:45.964142+00:00, run_after=2023-12-01T10:50:45.964142+00:00
[2023-12-01T10:50:46.045+0000] {processor.py:179} INFO - Processing /home/airflow/.local/lib/python3.8/site-packages/airflow/example_dags/example_latest_only.py took 0.323 seconds
[2023-12-01T10:51:16.363+0000] {processor.py:157} INFO - Started process (PID=46024) to work on /home/airflow/.local/lib/python3.8/site-packages/airflow/example_dags/example_latest_only.py
[2023-12-01T10:51:16.366+0000] {processor.py:829} INFO - Processing file /home/airflow/.local/lib/python3.8/site-packages/airflow/example_dags/example_latest_only.py for tasks to queue
[2023-12-01T10:51:16.368+0000] {logging_mixin.py:151} INFO - [2023-12-01T10:51:16.368+0000] {dagbag.py:539} INFO - Filling up the DagBag from /home/airflow/.local/lib/python3.8/site-packages/airflow/example_dags/example_latest_only.py
[2023-12-01T10:51:16.373+0000] {processor.py:839} INFO - DAG(s) dict_keys(['latest_only']) retrieved from /home/airflow/.local/lib/python3.8/site-packages/airflow/example_dags/example_latest_only.py
[2023-12-01T10:51:16.388+0000] {logging_mixin.py:151} INFO - [2023-12-01T10:51:16.387+0000] {dag.py:2915} INFO - Sync 1 DAGs
[2023-12-01T10:51:16.404+0000] {logging_mixin.py:151} INFO - [2023-12-01T10:51:16.404+0000] {dag.py:3696} INFO - Setting next_dagrun for latest_only to 2023-12-01T06:51:16.404235+00:00, run_after=2023-12-01T10:51:16.404235+00:00
[2023-12-01T10:51:16.413+0000] {processor.py:179} INFO - Processing /home/airflow/.local/lib/python3.8/site-packages/airflow/example_dags/example_latest_only.py took 0.052 seconds
[2023-12-01T11:15:09.987+0000] {processor.py:157} INFO - Started process (PID=46078) to work on /home/airflow/.local/lib/python3.8/site-packages/airflow/example_dags/example_latest_only.py
[2023-12-01T11:15:09.991+0000] {processor.py:829} INFO - Processing file /home/airflow/.local/lib/python3.8/site-packages/airflow/example_dags/example_latest_only.py for tasks to queue
[2023-12-01T11:15:09.998+0000] {logging_mixin.py:151} INFO - [2023-12-01T11:15:09.997+0000] {dagbag.py:539} INFO - Filling up the DagBag from /home/airflow/.local/lib/python3.8/site-packages/airflow/example_dags/example_latest_only.py
[2023-12-01T11:15:10.021+0000] {processor.py:839} INFO - DAG(s) dict_keys(['latest_only']) retrieved from /home/airflow/.local/lib/python3.8/site-packages/airflow/example_dags/example_latest_only.py
[2023-12-01T11:15:10.103+0000] {logging_mixin.py:151} INFO - [2023-12-01T11:15:10.102+0000] {dag.py:2915} INFO - Sync 1 DAGs
[2023-12-01T11:15:10.168+0000] {logging_mixin.py:151} INFO - [2023-12-01T11:15:10.168+0000] {dag.py:3696} INFO - Setting next_dagrun for latest_only to 2023-12-01T07:15:10.167181+00:00, run_after=2023-12-01T11:15:10.167181+00:00
[2023-12-01T11:15:10.211+0000] {processor.py:179} INFO - Processing /home/airflow/.local/lib/python3.8/site-packages/airflow/example_dags/example_latest_only.py took 0.233 seconds
[2023-12-01T11:28:38.516+0000] {processor.py:157} INFO - Started process (PID=46132) to work on /home/airflow/.local/lib/python3.8/site-packages/airflow/example_dags/example_latest_only.py
[2023-12-01T11:28:38.517+0000] {processor.py:829} INFO - Processing file /home/airflow/.local/lib/python3.8/site-packages/airflow/example_dags/example_latest_only.py for tasks to queue
[2023-12-01T11:28:38.518+0000] {logging_mixin.py:151} INFO - [2023-12-01T11:28:38.518+0000] {dagbag.py:539} INFO - Filling up the DagBag from /home/airflow/.local/lib/python3.8/site-packages/airflow/example_dags/example_latest_only.py
[2023-12-01T11:28:38.522+0000] {processor.py:839} INFO - DAG(s) dict_keys(['latest_only']) retrieved from /home/airflow/.local/lib/python3.8/site-packages/airflow/example_dags/example_latest_only.py
[2023-12-01T11:28:38.551+0000] {logging_mixin.py:151} INFO - [2023-12-01T11:28:38.551+0000] {dag.py:2915} INFO - Sync 1 DAGs
[2023-12-01T11:28:38.569+0000] {logging_mixin.py:151} INFO - [2023-12-01T11:28:38.569+0000] {dag.py:3696} INFO - Setting next_dagrun for latest_only to 2023-12-01T07:28:38.569123+00:00, run_after=2023-12-01T11:28:38.569123+00:00
[2023-12-01T11:28:38.582+0000] {processor.py:179} INFO - Processing /home/airflow/.local/lib/python3.8/site-packages/airflow/example_dags/example_latest_only.py took 0.069 seconds
[2023-12-01T11:48:56.232+0000] {processor.py:157} INFO - Started process (PID=46186) to work on /home/airflow/.local/lib/python3.8/site-packages/airflow/example_dags/example_latest_only.py
[2023-12-01T11:48:56.240+0000] {processor.py:829} INFO - Processing file /home/airflow/.local/lib/python3.8/site-packages/airflow/example_dags/example_latest_only.py for tasks to queue
[2023-12-01T11:48:56.245+0000] {logging_mixin.py:151} INFO - [2023-12-01T11:48:56.244+0000] {dagbag.py:539} INFO - Filling up the DagBag from /home/airflow/.local/lib/python3.8/site-packages/airflow/example_dags/example_latest_only.py
[2023-12-01T11:48:56.256+0000] {processor.py:839} INFO - DAG(s) dict_keys(['latest_only']) retrieved from /home/airflow/.local/lib/python3.8/site-packages/airflow/example_dags/example_latest_only.py
[2023-12-01T11:48:56.351+0000] {logging_mixin.py:151} INFO - [2023-12-01T11:48:56.350+0000] {dag.py:2915} INFO - Sync 1 DAGs
[2023-12-01T11:48:56.444+0000] {logging_mixin.py:151} INFO - [2023-12-01T11:48:56.444+0000] {dag.py:3696} INFO - Setting next_dagrun for latest_only to 2023-12-01T07:48:56.443206+00:00, run_after=2023-12-01T11:48:56.443206+00:00
[2023-12-01T11:48:56.487+0000] {processor.py:179} INFO - Processing /home/airflow/.local/lib/python3.8/site-packages/airflow/example_dags/example_latest_only.py took 0.268 seconds
[2023-12-01T11:49:26.805+0000] {processor.py:157} INFO - Started process (PID=46241) to work on /home/airflow/.local/lib/python3.8/site-packages/airflow/example_dags/example_latest_only.py
[2023-12-01T11:49:26.807+0000] {processor.py:829} INFO - Processing file /home/airflow/.local/lib/python3.8/site-packages/airflow/example_dags/example_latest_only.py for tasks to queue
[2023-12-01T11:49:26.809+0000] {logging_mixin.py:151} INFO - [2023-12-01T11:49:26.809+0000] {dagbag.py:539} INFO - Filling up the DagBag from /home/airflow/.local/lib/python3.8/site-packages/airflow/example_dags/example_latest_only.py
[2023-12-01T11:49:26.813+0000] {processor.py:839} INFO - DAG(s) dict_keys(['latest_only']) retrieved from /home/airflow/.local/lib/python3.8/site-packages/airflow/example_dags/example_latest_only.py
[2023-12-01T11:49:26.828+0000] {logging_mixin.py:151} INFO - [2023-12-01T11:49:26.828+0000] {dag.py:2915} INFO - Sync 1 DAGs
[2023-12-01T11:49:26.840+0000] {logging_mixin.py:151} INFO - [2023-12-01T11:49:26.840+0000] {dag.py:3696} INFO - Setting next_dagrun for latest_only to 2023-12-01T07:49:26.839983+00:00, run_after=2023-12-01T11:49:26.839983+00:00
[2023-12-01T11:49:26.853+0000] {processor.py:179} INFO - Processing /home/airflow/.local/lib/python3.8/site-packages/airflow/example_dags/example_latest_only.py took 0.050 seconds
[2023-12-01T11:49:57.871+0000] {processor.py:157} INFO - Started process (PID=46295) to work on /home/airflow/.local/lib/python3.8/site-packages/airflow/example_dags/example_latest_only.py
[2023-12-01T11:49:57.873+0000] {processor.py:829} INFO - Processing file /home/airflow/.local/lib/python3.8/site-packages/airflow/example_dags/example_latest_only.py for tasks to queue
[2023-12-01T11:49:57.877+0000] {logging_mixin.py:151} INFO - [2023-12-01T11:49:57.877+0000] {dagbag.py:539} INFO - Filling up the DagBag from /home/airflow/.local/lib/python3.8/site-packages/airflow/example_dags/example_latest_only.py
[2023-12-01T11:49:57.883+0000] {processor.py:839} INFO - DAG(s) dict_keys(['latest_only']) retrieved from /home/airflow/.local/lib/python3.8/site-packages/airflow/example_dags/example_latest_only.py
[2023-12-01T11:49:57.900+0000] {logging_mixin.py:151} INFO - [2023-12-01T11:49:57.900+0000] {dag.py:2915} INFO - Sync 1 DAGs
[2023-12-01T11:49:57.916+0000] {logging_mixin.py:151} INFO - [2023-12-01T11:49:57.915+0000] {dag.py:3696} INFO - Setting next_dagrun for latest_only to 2023-12-01T07:49:57.915679+00:00, run_after=2023-12-01T11:49:57.915679+00:00
[2023-12-01T11:49:57.928+0000] {processor.py:179} INFO - Processing /home/airflow/.local/lib/python3.8/site-packages/airflow/example_dags/example_latest_only.py took 0.065 seconds
[2023-12-01T11:50:28.160+0000] {processor.py:157} INFO - Started process (PID=46350) to work on /home/airflow/.local/lib/python3.8/site-packages/airflow/example_dags/example_latest_only.py
[2023-12-01T11:50:28.162+0000] {processor.py:829} INFO - Processing file /home/airflow/.local/lib/python3.8/site-packages/airflow/example_dags/example_latest_only.py for tasks to queue
[2023-12-01T11:50:28.164+0000] {logging_mixin.py:151} INFO - [2023-12-01T11:50:28.164+0000] {dagbag.py:539} INFO - Filling up the DagBag from /home/airflow/.local/lib/python3.8/site-packages/airflow/example_dags/example_latest_only.py
[2023-12-01T11:50:28.168+0000] {processor.py:839} INFO - DAG(s) dict_keys(['latest_only']) retrieved from /home/airflow/.local/lib/python3.8/site-packages/airflow/example_dags/example_latest_only.py
[2023-12-01T11:50:28.186+0000] {logging_mixin.py:151} INFO - [2023-12-01T11:50:28.185+0000] {dag.py:2915} INFO - Sync 1 DAGs
[2023-12-01T11:50:28.207+0000] {logging_mixin.py:151} INFO - [2023-12-01T11:50:28.206+0000] {dag.py:3696} INFO - Setting next_dagrun for latest_only to 2023-12-01T07:50:28.206547+00:00, run_after=2023-12-01T11:50:28.206547+00:00
[2023-12-01T11:50:28.231+0000] {processor.py:179} INFO - Processing /home/airflow/.local/lib/python3.8/site-packages/airflow/example_dags/example_latest_only.py took 0.074 seconds
[2023-12-01T11:50:58.787+0000] {processor.py:157} INFO - Started process (PID=46404) to work on /home/airflow/.local/lib/python3.8/site-packages/airflow/example_dags/example_latest_only.py
[2023-12-01T11:50:58.789+0000] {processor.py:829} INFO - Processing file /home/airflow/.local/lib/python3.8/site-packages/airflow/example_dags/example_latest_only.py for tasks to queue
[2023-12-01T11:50:58.791+0000] {logging_mixin.py:151} INFO - [2023-12-01T11:50:58.790+0000] {dagbag.py:539} INFO - Filling up the DagBag from /home/airflow/.local/lib/python3.8/site-packages/airflow/example_dags/example_latest_only.py
[2023-12-01T11:50:58.794+0000] {processor.py:839} INFO - DAG(s) dict_keys(['latest_only']) retrieved from /home/airflow/.local/lib/python3.8/site-packages/airflow/example_dags/example_latest_only.py
[2023-12-01T11:50:58.808+0000] {logging_mixin.py:151} INFO - [2023-12-01T11:50:58.808+0000] {dag.py:2915} INFO - Sync 1 DAGs
[2023-12-01T11:50:58.820+0000] {logging_mixin.py:151} INFO - [2023-12-01T11:50:58.820+0000] {dag.py:3696} INFO - Setting next_dagrun for latest_only to 2023-12-01T07:50:58.819839+00:00, run_after=2023-12-01T11:50:58.819839+00:00
[2023-12-01T11:50:58.828+0000] {processor.py:179} INFO - Processing /home/airflow/.local/lib/python3.8/site-packages/airflow/example_dags/example_latest_only.py took 0.044 seconds
[2023-12-01T11:51:29.701+0000] {processor.py:157} INFO - Started process (PID=46458) to work on /home/airflow/.local/lib/python3.8/site-packages/airflow/example_dags/example_latest_only.py
[2023-12-01T11:51:29.703+0000] {processor.py:829} INFO - Processing file /home/airflow/.local/lib/python3.8/site-packages/airflow/example_dags/example_latest_only.py for tasks to queue
[2023-12-01T11:51:29.705+0000] {logging_mixin.py:151} INFO - [2023-12-01T11:51:29.705+0000] {dagbag.py:539} INFO - Filling up the DagBag from /home/airflow/.local/lib/python3.8/site-packages/airflow/example_dags/example_latest_only.py
[2023-12-01T11:51:29.708+0000] {processor.py:839} INFO - DAG(s) dict_keys(['latest_only']) retrieved from /home/airflow/.local/lib/python3.8/site-packages/airflow/example_dags/example_latest_only.py
[2023-12-01T11:51:29.722+0000] {logging_mixin.py:151} INFO - [2023-12-01T11:51:29.722+0000] {dag.py:2915} INFO - Sync 1 DAGs
[2023-12-01T11:51:29.734+0000] {logging_mixin.py:151} INFO - [2023-12-01T11:51:29.734+0000] {dag.py:3696} INFO - Setting next_dagrun for latest_only to 2023-12-01T07:51:29.734443+00:00, run_after=2023-12-01T11:51:29.734443+00:00
[2023-12-01T11:51:29.743+0000] {processor.py:179} INFO - Processing /home/airflow/.local/lib/python3.8/site-packages/airflow/example_dags/example_latest_only.py took 0.044 seconds
[2023-12-01T11:52:00.148+0000] {processor.py:157} INFO - Started process (PID=46512) to work on /home/airflow/.local/lib/python3.8/site-packages/airflow/example_dags/example_latest_only.py
[2023-12-01T11:52:00.152+0000] {processor.py:829} INFO - Processing file /home/airflow/.local/lib/python3.8/site-packages/airflow/example_dags/example_latest_only.py for tasks to queue
[2023-12-01T11:52:00.157+0000] {logging_mixin.py:151} INFO - [2023-12-01T11:52:00.156+0000] {dagbag.py:539} INFO - Filling up the DagBag from /home/airflow/.local/lib/python3.8/site-packages/airflow/example_dags/example_latest_only.py
[2023-12-01T11:52:00.167+0000] {processor.py:839} INFO - DAG(s) dict_keys(['latest_only']) retrieved from /home/airflow/.local/lib/python3.8/site-packages/airflow/example_dags/example_latest_only.py
[2023-12-01T11:52:00.203+0000] {logging_mixin.py:151} INFO - [2023-12-01T11:52:00.203+0000] {dag.py:2915} INFO - Sync 1 DAGs
[2023-12-01T11:52:00.225+0000] {logging_mixin.py:151} INFO - [2023-12-01T11:52:00.225+0000] {dag.py:3696} INFO - Setting next_dagrun for latest_only to 2023-12-01T07:52:00.225237+00:00, run_after=2023-12-01T11:52:00.225237+00:00
[2023-12-01T11:52:00.244+0000] {processor.py:179} INFO - Processing /home/airflow/.local/lib/python3.8/site-packages/airflow/example_dags/example_latest_only.py took 0.105 seconds
[2023-12-01T11:52:30.808+0000] {processor.py:157} INFO - Started process (PID=46566) to work on /home/airflow/.local/lib/python3.8/site-packages/airflow/example_dags/example_latest_only.py
[2023-12-01T11:52:30.809+0000] {processor.py:829} INFO - Processing file /home/airflow/.local/lib/python3.8/site-packages/airflow/example_dags/example_latest_only.py for tasks to queue
[2023-12-01T11:52:30.812+0000] {logging_mixin.py:151} INFO - [2023-12-01T11:52:30.812+0000] {dagbag.py:539} INFO - Filling up the DagBag from /home/airflow/.local/lib/python3.8/site-packages/airflow/example_dags/example_latest_only.py
[2023-12-01T11:52:30.820+0000] {processor.py:839} INFO - DAG(s) dict_keys(['latest_only']) retrieved from /home/airflow/.local/lib/python3.8/site-packages/airflow/example_dags/example_latest_only.py
[2023-12-01T11:52:30.837+0000] {logging_mixin.py:151} INFO - [2023-12-01T11:52:30.837+0000] {dag.py:2915} INFO - Sync 1 DAGs
[2023-12-01T11:52:30.858+0000] {logging_mixin.py:151} INFO - [2023-12-01T11:52:30.857+0000] {dag.py:3696} INFO - Setting next_dagrun for latest_only to 2023-12-01T07:52:30.857560+00:00, run_after=2023-12-01T11:52:30.857560+00:00
[2023-12-01T11:52:30.872+0000] {processor.py:179} INFO - Processing /home/airflow/.local/lib/python3.8/site-packages/airflow/example_dags/example_latest_only.py took 0.071 seconds
[2023-12-01T11:53:01.371+0000] {processor.py:157} INFO - Started process (PID=46620) to work on /home/airflow/.local/lib/python3.8/site-packages/airflow/example_dags/example_latest_only.py
[2023-12-01T11:53:01.373+0000] {processor.py:829} INFO - Processing file /home/airflow/.local/lib/python3.8/site-packages/airflow/example_dags/example_latest_only.py for tasks to queue
[2023-12-01T11:53:01.374+0000] {logging_mixin.py:151} INFO - [2023-12-01T11:53:01.374+0000] {dagbag.py:539} INFO - Filling up the DagBag from /home/airflow/.local/lib/python3.8/site-packages/airflow/example_dags/example_latest_only.py
[2023-12-01T11:53:01.378+0000] {processor.py:839} INFO - DAG(s) dict_keys(['latest_only']) retrieved from /home/airflow/.local/lib/python3.8/site-packages/airflow/example_dags/example_latest_only.py
[2023-12-01T11:53:01.393+0000] {logging_mixin.py:151} INFO - [2023-12-01T11:53:01.393+0000] {dag.py:2915} INFO - Sync 1 DAGs
[2023-12-01T11:53:01.408+0000] {logging_mixin.py:151} INFO - [2023-12-01T11:53:01.407+0000] {dag.py:3696} INFO - Setting next_dagrun for latest_only to 2023-12-01T07:53:01.407588+00:00, run_after=2023-12-01T11:53:01.407588+00:00
[2023-12-01T11:53:01.417+0000] {processor.py:179} INFO - Processing /home/airflow/.local/lib/python3.8/site-packages/airflow/example_dags/example_latest_only.py took 0.049 seconds
[2023-12-01T11:53:32.383+0000] {processor.py:157} INFO - Started process (PID=46674) to work on /home/airflow/.local/lib/python3.8/site-packages/airflow/example_dags/example_latest_only.py
[2023-12-01T11:53:32.384+0000] {processor.py:829} INFO - Processing file /home/airflow/.local/lib/python3.8/site-packages/airflow/example_dags/example_latest_only.py for tasks to queue
[2023-12-01T11:53:32.386+0000] {logging_mixin.py:151} INFO - [2023-12-01T11:53:32.386+0000] {dagbag.py:539} INFO - Filling up the DagBag from /home/airflow/.local/lib/python3.8/site-packages/airflow/example_dags/example_latest_only.py
[2023-12-01T11:53:32.391+0000] {processor.py:839} INFO - DAG(s) dict_keys(['latest_only']) retrieved from /home/airflow/.local/lib/python3.8/site-packages/airflow/example_dags/example_latest_only.py
[2023-12-01T11:53:32.409+0000] {logging_mixin.py:151} INFO - [2023-12-01T11:53:32.409+0000] {dag.py:2915} INFO - Sync 1 DAGs
[2023-12-01T11:53:32.423+0000] {logging_mixin.py:151} INFO - [2023-12-01T11:53:32.423+0000] {dag.py:3696} INFO - Setting next_dagrun for latest_only to 2023-12-01T07:53:32.423113+00:00, run_after=2023-12-01T11:53:32.423113+00:00
[2023-12-01T11:53:32.431+0000] {processor.py:179} INFO - Processing /home/airflow/.local/lib/python3.8/site-packages/airflow/example_dags/example_latest_only.py took 0.050 seconds
[2023-12-01T11:54:02.799+0000] {processor.py:157} INFO - Started process (PID=46728) to work on /home/airflow/.local/lib/python3.8/site-packages/airflow/example_dags/example_latest_only.py
[2023-12-01T11:54:02.800+0000] {processor.py:829} INFO - Processing file /home/airflow/.local/lib/python3.8/site-packages/airflow/example_dags/example_latest_only.py for tasks to queue
[2023-12-01T11:54:02.802+0000] {logging_mixin.py:151} INFO - [2023-12-01T11:54:02.801+0000] {dagbag.py:539} INFO - Filling up the DagBag from /home/airflow/.local/lib/python3.8/site-packages/airflow/example_dags/example_latest_only.py
[2023-12-01T11:54:02.805+0000] {processor.py:839} INFO - DAG(s) dict_keys(['latest_only']) retrieved from /home/airflow/.local/lib/python3.8/site-packages/airflow/example_dags/example_latest_only.py
[2023-12-01T11:54:02.818+0000] {logging_mixin.py:151} INFO - [2023-12-01T11:54:02.818+0000] {dag.py:2915} INFO - Sync 1 DAGs
[2023-12-01T11:54:02.830+0000] {logging_mixin.py:151} INFO - [2023-12-01T11:54:02.830+0000] {dag.py:3696} INFO - Setting next_dagrun for latest_only to 2023-12-01T07:54:02.830162+00:00, run_after=2023-12-01T11:54:02.830162+00:00
[2023-12-01T11:54:02.838+0000] {processor.py:179} INFO - Processing /home/airflow/.local/lib/python3.8/site-packages/airflow/example_dags/example_latest_only.py took 0.043 seconds
[2023-12-01T11:54:33.181+0000] {processor.py:157} INFO - Started process (PID=46782) to work on /home/airflow/.local/lib/python3.8/site-packages/airflow/example_dags/example_latest_only.py
[2023-12-01T11:54:33.182+0000] {processor.py:829} INFO - Processing file /home/airflow/.local/lib/python3.8/site-packages/airflow/example_dags/example_latest_only.py for tasks to queue
[2023-12-01T11:54:33.184+0000] {logging_mixin.py:151} INFO - [2023-12-01T11:54:33.184+0000] {dagbag.py:539} INFO - Filling up the DagBag from /home/airflow/.local/lib/python3.8/site-packages/airflow/example_dags/example_latest_only.py
[2023-12-01T11:54:33.188+0000] {processor.py:839} INFO - DAG(s) dict_keys(['latest_only']) retrieved from /home/airflow/.local/lib/python3.8/site-packages/airflow/example_dags/example_latest_only.py
[2023-12-01T11:54:33.200+0000] {logging_mixin.py:151} INFO - [2023-12-01T11:54:33.200+0000] {dag.py:2915} INFO - Sync 1 DAGs
[2023-12-01T11:54:33.212+0000] {logging_mixin.py:151} INFO - [2023-12-01T11:54:33.211+0000] {dag.py:3696} INFO - Setting next_dagrun for latest_only to 2023-12-01T07:54:33.211644+00:00, run_after=2023-12-01T11:54:33.211644+00:00
[2023-12-01T11:54:33.220+0000] {processor.py:179} INFO - Processing /home/airflow/.local/lib/python3.8/site-packages/airflow/example_dags/example_latest_only.py took 0.041 seconds
[2023-12-01T11:55:05.058+0000] {processor.py:157} INFO - Started process (PID=46835) to work on /home/airflow/.local/lib/python3.8/site-packages/airflow/example_dags/example_latest_only.py
[2023-12-01T11:55:05.061+0000] {processor.py:829} INFO - Processing file /home/airflow/.local/lib/python3.8/site-packages/airflow/example_dags/example_latest_only.py for tasks to queue
[2023-12-01T11:55:05.067+0000] {logging_mixin.py:151} INFO - [2023-12-01T11:55:05.066+0000] {dagbag.py:539} INFO - Filling up the DagBag from /home/airflow/.local/lib/python3.8/site-packages/airflow/example_dags/example_latest_only.py
[2023-12-01T11:55:05.108+0000] {processor.py:839} INFO - DAG(s) dict_keys(['latest_only']) retrieved from /home/airflow/.local/lib/python3.8/site-packages/airflow/example_dags/example_latest_only.py
[2023-12-01T11:55:05.194+0000] {logging_mixin.py:151} INFO - [2023-12-01T11:55:05.193+0000] {dag.py:2915} INFO - Sync 1 DAGs
[2023-12-01T11:55:05.248+0000] {logging_mixin.py:151} INFO - [2023-12-01T11:55:05.247+0000] {dag.py:3696} INFO - Setting next_dagrun for latest_only to 2023-12-01T07:55:05.245348+00:00, run_after=2023-12-01T11:55:05.245348+00:00
[2023-12-01T11:55:05.287+0000] {processor.py:179} INFO - Processing /home/airflow/.local/lib/python3.8/site-packages/airflow/example_dags/example_latest_only.py took 0.236 seconds
[2023-12-01T11:55:35.803+0000] {processor.py:157} INFO - Started process (PID=46889) to work on /home/airflow/.local/lib/python3.8/site-packages/airflow/example_dags/example_latest_only.py
[2023-12-01T11:55:35.804+0000] {processor.py:829} INFO - Processing file /home/airflow/.local/lib/python3.8/site-packages/airflow/example_dags/example_latest_only.py for tasks to queue
[2023-12-01T11:55:35.806+0000] {logging_mixin.py:151} INFO - [2023-12-01T11:55:35.806+0000] {dagbag.py:539} INFO - Filling up the DagBag from /home/airflow/.local/lib/python3.8/site-packages/airflow/example_dags/example_latest_only.py
[2023-12-01T11:55:35.809+0000] {processor.py:839} INFO - DAG(s) dict_keys(['latest_only']) retrieved from /home/airflow/.local/lib/python3.8/site-packages/airflow/example_dags/example_latest_only.py
[2023-12-01T11:55:35.823+0000] {logging_mixin.py:151} INFO - [2023-12-01T11:55:35.823+0000] {dag.py:2915} INFO - Sync 1 DAGs
[2023-12-01T11:55:35.836+0000] {logging_mixin.py:151} INFO - [2023-12-01T11:55:35.836+0000] {dag.py:3696} INFO - Setting next_dagrun for latest_only to 2023-12-01T07:55:35.835774+00:00, run_after=2023-12-01T11:55:35.835774+00:00
[2023-12-01T11:55:35.852+0000] {processor.py:179} INFO - Processing /home/airflow/.local/lib/python3.8/site-packages/airflow/example_dags/example_latest_only.py took 0.052 seconds
[2023-12-01T11:56:06.554+0000] {processor.py:157} INFO - Started process (PID=46943) to work on /home/airflow/.local/lib/python3.8/site-packages/airflow/example_dags/example_latest_only.py
[2023-12-01T11:56:06.555+0000] {processor.py:829} INFO - Processing file /home/airflow/.local/lib/python3.8/site-packages/airflow/example_dags/example_latest_only.py for tasks to queue
[2023-12-01T11:56:06.559+0000] {logging_mixin.py:151} INFO - [2023-12-01T11:56:06.559+0000] {dagbag.py:539} INFO - Filling up the DagBag from /home/airflow/.local/lib/python3.8/site-packages/airflow/example_dags/example_latest_only.py
[2023-12-01T11:56:06.564+0000] {processor.py:839} INFO - DAG(s) dict_keys(['latest_only']) retrieved from /home/airflow/.local/lib/python3.8/site-packages/airflow/example_dags/example_latest_only.py
[2023-12-01T11:56:06.588+0000] {logging_mixin.py:151} INFO - [2023-12-01T11:56:06.587+0000] {dag.py:2915} INFO - Sync 1 DAGs
[2023-12-01T11:56:06.600+0000] {logging_mixin.py:151} INFO - [2023-12-01T11:56:06.600+0000] {dag.py:3696} INFO - Setting next_dagrun for latest_only to 2023-12-01T07:56:06.600536+00:00, run_after=2023-12-01T11:56:06.600536+00:00
[2023-12-01T11:56:06.610+0000] {processor.py:179} INFO - Processing /home/airflow/.local/lib/python3.8/site-packages/airflow/example_dags/example_latest_only.py took 0.059 seconds
[2023-12-01T12:09:21.891+0000] {processor.py:157} INFO - Started process (PID=46991) to work on /home/airflow/.local/lib/python3.8/site-packages/airflow/example_dags/example_latest_only.py
[2023-12-01T12:09:21.892+0000] {processor.py:829} INFO - Processing file /home/airflow/.local/lib/python3.8/site-packages/airflow/example_dags/example_latest_only.py for tasks to queue
[2023-12-01T12:09:21.895+0000] {logging_mixin.py:151} INFO - [2023-12-01T12:09:21.894+0000] {dagbag.py:539} INFO - Filling up the DagBag from /home/airflow/.local/lib/python3.8/site-packages/airflow/example_dags/example_latest_only.py
[2023-12-01T12:09:21.904+0000] {processor.py:839} INFO - DAG(s) dict_keys(['latest_only']) retrieved from /home/airflow/.local/lib/python3.8/site-packages/airflow/example_dags/example_latest_only.py
[2023-12-01T12:09:21.932+0000] {logging_mixin.py:151} INFO - [2023-12-01T12:09:21.932+0000] {dag.py:2915} INFO - Sync 1 DAGs
[2023-12-01T12:09:21.965+0000] {logging_mixin.py:151} INFO - [2023-12-01T12:09:21.965+0000] {dag.py:3696} INFO - Setting next_dagrun for latest_only to 2023-12-01T08:09:21.964905+00:00, run_after=2023-12-01T12:09:21.964905+00:00
[2023-12-01T12:09:21.981+0000] {processor.py:179} INFO - Processing /home/airflow/.local/lib/python3.8/site-packages/airflow/example_dags/example_latest_only.py took 0.098 seconds
[2023-12-01T12:43:10.646+0000] {processor.py:157} INFO - Started process (PID=47045) to work on /home/airflow/.local/lib/python3.8/site-packages/airflow/example_dags/example_latest_only.py
[2023-12-01T12:43:10.648+0000] {processor.py:829} INFO - Processing file /home/airflow/.local/lib/python3.8/site-packages/airflow/example_dags/example_latest_only.py for tasks to queue
[2023-12-01T12:43:10.652+0000] {logging_mixin.py:151} INFO - [2023-12-01T12:43:10.651+0000] {dagbag.py:539} INFO - Filling up the DagBag from /home/airflow/.local/lib/python3.8/site-packages/airflow/example_dags/example_latest_only.py
[2023-12-01T12:43:10.671+0000] {processor.py:839} INFO - DAG(s) dict_keys(['latest_only']) retrieved from /home/airflow/.local/lib/python3.8/site-packages/airflow/example_dags/example_latest_only.py
[2023-12-01T12:43:10.721+0000] {logging_mixin.py:151} INFO - [2023-12-01T12:43:10.720+0000] {dag.py:2915} INFO - Sync 1 DAGs
[2023-12-01T12:43:10.767+0000] {logging_mixin.py:151} INFO - [2023-12-01T12:43:10.767+0000] {dag.py:3696} INFO - Setting next_dagrun for latest_only to 2023-12-01T08:43:10.766859+00:00, run_after=2023-12-01T12:43:10.766859+00:00
[2023-12-01T12:43:10.812+0000] {processor.py:179} INFO - Processing /home/airflow/.local/lib/python3.8/site-packages/airflow/example_dags/example_latest_only.py took 0.174 seconds
[2023-12-01T12:53:54.617+0000] {processor.py:157} INFO - Started process (PID=47099) to work on /home/airflow/.local/lib/python3.8/site-packages/airflow/example_dags/example_latest_only.py
[2023-12-01T12:53:54.619+0000] {processor.py:829} INFO - Processing file /home/airflow/.local/lib/python3.8/site-packages/airflow/example_dags/example_latest_only.py for tasks to queue
[2023-12-01T12:53:54.621+0000] {logging_mixin.py:151} INFO - [2023-12-01T12:53:54.620+0000] {dagbag.py:539} INFO - Filling up the DagBag from /home/airflow/.local/lib/python3.8/site-packages/airflow/example_dags/example_latest_only.py
[2023-12-01T12:53:54.624+0000] {processor.py:839} INFO - DAG(s) dict_keys(['latest_only']) retrieved from /home/airflow/.local/lib/python3.8/site-packages/airflow/example_dags/example_latest_only.py
[2023-12-01T12:53:54.640+0000] {logging_mixin.py:151} INFO - [2023-12-01T12:53:54.640+0000] {dag.py:2915} INFO - Sync 1 DAGs
[2023-12-01T12:53:54.655+0000] {logging_mixin.py:151} INFO - [2023-12-01T12:53:54.654+0000] {dag.py:3696} INFO - Setting next_dagrun for latest_only to 2023-12-01T08:53:54.654681+00:00, run_after=2023-12-01T12:53:54.654681+00:00
[2023-12-01T12:53:54.671+0000] {processor.py:179} INFO - Processing /home/airflow/.local/lib/python3.8/site-packages/airflow/example_dags/example_latest_only.py took 0.056 seconds
[2023-12-01T13:07:27.721+0000] {processor.py:157} INFO - Started process (PID=47153) to work on /home/airflow/.local/lib/python3.8/site-packages/airflow/example_dags/example_latest_only.py
[2023-12-01T13:07:27.723+0000] {processor.py:829} INFO - Processing file /home/airflow/.local/lib/python3.8/site-packages/airflow/example_dags/example_latest_only.py for tasks to queue
[2023-12-01T13:07:27.726+0000] {logging_mixin.py:151} INFO - [2023-12-01T13:07:27.726+0000] {dagbag.py:539} INFO - Filling up the DagBag from /home/airflow/.local/lib/python3.8/site-packages/airflow/example_dags/example_latest_only.py
[2023-12-01T13:07:27.734+0000] {processor.py:839} INFO - DAG(s) dict_keys(['latest_only']) retrieved from /home/airflow/.local/lib/python3.8/site-packages/airflow/example_dags/example_latest_only.py
[2023-12-01T13:07:27.778+0000] {logging_mixin.py:151} INFO - [2023-12-01T13:07:27.778+0000] {dag.py:2915} INFO - Sync 1 DAGs
[2023-12-01T13:07:27.821+0000] {logging_mixin.py:151} INFO - [2023-12-01T13:07:27.821+0000] {dag.py:3696} INFO - Setting next_dagrun for latest_only to 2023-12-01T09:07:27.820606+00:00, run_after=2023-12-01T13:07:27.820606+00:00
[2023-12-01T13:07:27.847+0000] {processor.py:179} INFO - Processing /home/airflow/.local/lib/python3.8/site-packages/airflow/example_dags/example_latest_only.py took 0.133 seconds
[2023-12-01T13:10:45.457+0000] {processor.py:157} INFO - Started process (PID=47207) to work on /home/airflow/.local/lib/python3.8/site-packages/airflow/example_dags/example_latest_only.py
[2023-12-01T13:10:45.462+0000] {processor.py:829} INFO - Processing file /home/airflow/.local/lib/python3.8/site-packages/airflow/example_dags/example_latest_only.py for tasks to queue
[2023-12-01T13:10:45.473+0000] {logging_mixin.py:151} INFO - [2023-12-01T13:10:45.472+0000] {dagbag.py:539} INFO - Filling up the DagBag from /home/airflow/.local/lib/python3.8/site-packages/airflow/example_dags/example_latest_only.py
[2023-12-01T13:10:45.506+0000] {processor.py:839} INFO - DAG(s) dict_keys(['latest_only']) retrieved from /home/airflow/.local/lib/python3.8/site-packages/airflow/example_dags/example_latest_only.py
[2023-12-01T13:10:45.612+0000] {logging_mixin.py:151} INFO - [2023-12-01T13:10:45.611+0000] {dag.py:2915} INFO - Sync 1 DAGs
[2023-12-01T13:10:45.670+0000] {logging_mixin.py:151} INFO - [2023-12-01T13:10:45.670+0000] {dag.py:3696} INFO - Setting next_dagrun for latest_only to 2023-12-01T09:10:45.670158+00:00, run_after=2023-12-01T13:10:45.670158+00:00
[2023-12-01T13:10:45.723+0000] {processor.py:179} INFO - Processing /home/airflow/.local/lib/python3.8/site-packages/airflow/example_dags/example_latest_only.py took 0.279 seconds
[2023-12-01T14:00:27.629+0000] {processor.py:157} INFO - Started process (PID=47261) to work on /home/airflow/.local/lib/python3.8/site-packages/airflow/example_dags/example_latest_only.py
[2023-12-01T14:00:27.635+0000] {processor.py:829} INFO - Processing file /home/airflow/.local/lib/python3.8/site-packages/airflow/example_dags/example_latest_only.py for tasks to queue
[2023-12-01T14:00:27.643+0000] {logging_mixin.py:151} INFO - [2023-12-01T14:00:27.642+0000] {dagbag.py:539} INFO - Filling up the DagBag from /home/airflow/.local/lib/python3.8/site-packages/airflow/example_dags/example_latest_only.py
[2023-12-01T14:00:27.654+0000] {processor.py:839} INFO - DAG(s) dict_keys(['latest_only']) retrieved from /home/airflow/.local/lib/python3.8/site-packages/airflow/example_dags/example_latest_only.py
[2023-12-01T14:00:27.739+0000] {logging_mixin.py:151} INFO - [2023-12-01T14:00:27.739+0000] {dag.py:2915} INFO - Sync 1 DAGs
[2023-12-01T14:00:27.792+0000] {logging_mixin.py:151} INFO - [2023-12-01T14:00:27.791+0000] {dag.py:3696} INFO - Setting next_dagrun for latest_only to 2023-12-01T10:00:27.790477+00:00, run_after=2023-12-01T14:00:27.790477+00:00
[2023-12-01T14:00:27.838+0000] {processor.py:179} INFO - Processing /home/airflow/.local/lib/python3.8/site-packages/airflow/example_dags/example_latest_only.py took 0.233 seconds
[2023-12-01T14:53:27.103+0000] {processor.py:157} INFO - Started process (PID=47315) to work on /home/airflow/.local/lib/python3.8/site-packages/airflow/example_dags/example_latest_only.py
[2023-12-01T14:53:27.109+0000] {processor.py:829} INFO - Processing file /home/airflow/.local/lib/python3.8/site-packages/airflow/example_dags/example_latest_only.py for tasks to queue
[2023-12-01T14:53:27.122+0000] {logging_mixin.py:151} INFO - [2023-12-01T14:53:27.121+0000] {dagbag.py:539} INFO - Filling up the DagBag from /home/airflow/.local/lib/python3.8/site-packages/airflow/example_dags/example_latest_only.py
[2023-12-01T14:53:27.138+0000] {processor.py:839} INFO - DAG(s) dict_keys(['latest_only']) retrieved from /home/airflow/.local/lib/python3.8/site-packages/airflow/example_dags/example_latest_only.py
[2023-12-01T14:53:27.216+0000] {logging_mixin.py:151} INFO - [2023-12-01T14:53:27.215+0000] {dag.py:2915} INFO - Sync 1 DAGs
[2023-12-01T14:53:27.306+0000] {logging_mixin.py:151} INFO - [2023-12-01T14:53:27.305+0000] {dag.py:3696} INFO - Setting next_dagrun for latest_only to 2023-12-01T10:53:27.303870+00:00, run_after=2023-12-01T14:53:27.303870+00:00
[2023-12-01T14:53:27.378+0000] {processor.py:179} INFO - Processing /home/airflow/.local/lib/python3.8/site-packages/airflow/example_dags/example_latest_only.py took 0.293 seconds
[2023-12-01T15:50:57.768+0000] {processor.py:157} INFO - Started process (PID=47369) to work on /home/airflow/.local/lib/python3.8/site-packages/airflow/example_dags/example_latest_only.py
[2023-12-01T15:50:57.770+0000] {processor.py:829} INFO - Processing file /home/airflow/.local/lib/python3.8/site-packages/airflow/example_dags/example_latest_only.py for tasks to queue
[2023-12-01T15:50:57.778+0000] {logging_mixin.py:151} INFO - [2023-12-01T15:50:57.777+0000] {dagbag.py:539} INFO - Filling up the DagBag from /home/airflow/.local/lib/python3.8/site-packages/airflow/example_dags/example_latest_only.py
[2023-12-01T15:50:57.798+0000] {processor.py:839} INFO - DAG(s) dict_keys(['latest_only']) retrieved from /home/airflow/.local/lib/python3.8/site-packages/airflow/example_dags/example_latest_only.py
[2023-12-01T15:50:57.852+0000] {logging_mixin.py:151} INFO - [2023-12-01T15:50:57.851+0000] {dag.py:2915} INFO - Sync 1 DAGs
[2023-12-01T15:50:57.933+0000] {logging_mixin.py:151} INFO - [2023-12-01T15:50:57.932+0000] {dag.py:3696} INFO - Setting next_dagrun for latest_only to 2023-12-01T11:50:57.930886+00:00, run_after=2023-12-01T15:50:57.930886+00:00
[2023-12-01T15:50:58.008+0000] {processor.py:179} INFO - Processing /home/airflow/.local/lib/python3.8/site-packages/airflow/example_dags/example_latest_only.py took 0.242 seconds
[2023-12-01T16:35:42.190+0000] {processor.py:157} INFO - Started process (PID=47423) to work on /home/airflow/.local/lib/python3.8/site-packages/airflow/example_dags/example_latest_only.py
[2023-12-01T16:35:42.190+0000] {processor.py:829} INFO - Processing file /home/airflow/.local/lib/python3.8/site-packages/airflow/example_dags/example_latest_only.py for tasks to queue
[2023-12-01T16:35:42.192+0000] {logging_mixin.py:151} INFO - [2023-12-01T16:35:42.192+0000] {dagbag.py:539} INFO - Filling up the DagBag from /home/airflow/.local/lib/python3.8/site-packages/airflow/example_dags/example_latest_only.py
[2023-12-01T16:35:42.195+0000] {processor.py:839} INFO - DAG(s) dict_keys(['latest_only']) retrieved from /home/airflow/.local/lib/python3.8/site-packages/airflow/example_dags/example_latest_only.py
[2023-12-01T16:35:42.235+0000] {logging_mixin.py:151} INFO - [2023-12-01T16:35:42.235+0000] {dag.py:2915} INFO - Sync 1 DAGs
[2023-12-01T16:35:42.277+0000] {logging_mixin.py:151} INFO - [2023-12-01T16:35:42.276+0000] {dag.py:3696} INFO - Setting next_dagrun for latest_only to 2023-12-01T12:35:42.275661+00:00, run_after=2023-12-01T16:35:42.275661+00:00
[2023-12-01T16:35:42.309+0000] {processor.py:179} INFO - Processing /home/airflow/.local/lib/python3.8/site-packages/airflow/example_dags/example_latest_only.py took 0.122 seconds
[2023-12-01T17:55:39.052+0000] {processor.py:157} INFO - Started process (PID=47477) to work on /home/airflow/.local/lib/python3.8/site-packages/airflow/example_dags/example_latest_only.py
[2023-12-01T17:55:39.056+0000] {processor.py:829} INFO - Processing file /home/airflow/.local/lib/python3.8/site-packages/airflow/example_dags/example_latest_only.py for tasks to queue
[2023-12-01T17:55:39.066+0000] {logging_mixin.py:151} INFO - [2023-12-01T17:55:39.065+0000] {dagbag.py:539} INFO - Filling up the DagBag from /home/airflow/.local/lib/python3.8/site-packages/airflow/example_dags/example_latest_only.py
[2023-12-01T17:55:39.080+0000] {processor.py:839} INFO - DAG(s) dict_keys(['latest_only']) retrieved from /home/airflow/.local/lib/python3.8/site-packages/airflow/example_dags/example_latest_only.py
[2023-12-01T17:55:39.106+0000] {logging_mixin.py:151} INFO - [2023-12-01T17:55:39.106+0000] {dag.py:2915} INFO - Sync 1 DAGs
[2023-12-01T17:55:39.126+0000] {logging_mixin.py:151} INFO - [2023-12-01T17:55:39.126+0000] {dag.py:3696} INFO - Setting next_dagrun for latest_only to 2023-12-01T13:55:39.126243+00:00, run_after=2023-12-01T17:55:39.126243+00:00
[2023-12-01T17:55:39.152+0000] {processor.py:179} INFO - Processing /home/airflow/.local/lib/python3.8/site-packages/airflow/example_dags/example_latest_only.py took 0.109 seconds
[2023-12-01T18:35:01.009+0000] {processor.py:157} INFO - Started process (PID=47531) to work on /home/airflow/.local/lib/python3.8/site-packages/airflow/example_dags/example_latest_only.py
[2023-12-01T18:35:01.010+0000] {processor.py:829} INFO - Processing file /home/airflow/.local/lib/python3.8/site-packages/airflow/example_dags/example_latest_only.py for tasks to queue
[2023-12-01T18:35:01.011+0000] {logging_mixin.py:151} INFO - [2023-12-01T18:35:01.011+0000] {dagbag.py:539} INFO - Filling up the DagBag from /home/airflow/.local/lib/python3.8/site-packages/airflow/example_dags/example_latest_only.py
[2023-12-01T18:35:01.014+0000] {processor.py:839} INFO - DAG(s) dict_keys(['latest_only']) retrieved from /home/airflow/.local/lib/python3.8/site-packages/airflow/example_dags/example_latest_only.py
[2023-12-01T18:35:01.027+0000] {logging_mixin.py:151} INFO - [2023-12-01T18:35:01.027+0000] {dag.py:2915} INFO - Sync 1 DAGs
[2023-12-01T18:35:01.039+0000] {logging_mixin.py:151} INFO - [2023-12-01T18:35:01.039+0000] {dag.py:3696} INFO - Setting next_dagrun for latest_only to 2023-12-01T14:35:01.039038+00:00, run_after=2023-12-01T18:35:01.039038+00:00
[2023-12-01T18:35:01.075+0000] {processor.py:179} INFO - Processing /home/airflow/.local/lib/python3.8/site-packages/airflow/example_dags/example_latest_only.py took 0.067 seconds
[2023-12-01T19:05:43.645+0000] {processor.py:157} INFO - Started process (PID=47585) to work on /home/airflow/.local/lib/python3.8/site-packages/airflow/example_dags/example_latest_only.py
[2023-12-01T19:05:43.648+0000] {processor.py:829} INFO - Processing file /home/airflow/.local/lib/python3.8/site-packages/airflow/example_dags/example_latest_only.py for tasks to queue
[2023-12-01T19:05:43.653+0000] {logging_mixin.py:151} INFO - [2023-12-01T19:05:43.652+0000] {dagbag.py:539} INFO - Filling up the DagBag from /home/airflow/.local/lib/python3.8/site-packages/airflow/example_dags/example_latest_only.py
[2023-12-01T19:05:43.667+0000] {processor.py:839} INFO - DAG(s) dict_keys(['latest_only']) retrieved from /home/airflow/.local/lib/python3.8/site-packages/airflow/example_dags/example_latest_only.py
[2023-12-01T19:05:43.703+0000] {logging_mixin.py:151} INFO - [2023-12-01T19:05:43.703+0000] {dag.py:2915} INFO - Sync 1 DAGs
[2023-12-01T19:05:43.737+0000] {logging_mixin.py:151} INFO - [2023-12-01T19:05:43.737+0000] {dag.py:3696} INFO - Setting next_dagrun for latest_only to 2023-12-01T15:05:43.736637+00:00, run_after=2023-12-01T19:05:43.736637+00:00
[2023-12-01T19:05:43.749+0000] {processor.py:179} INFO - Processing /home/airflow/.local/lib/python3.8/site-packages/airflow/example_dags/example_latest_only.py took 0.114 seconds
[2023-12-01T19:33:45.647+0000] {processor.py:157} INFO - Started process (PID=47639) to work on /home/airflow/.local/lib/python3.8/site-packages/airflow/example_dags/example_latest_only.py
[2023-12-01T19:33:45.650+0000] {processor.py:829} INFO - Processing file /home/airflow/.local/lib/python3.8/site-packages/airflow/example_dags/example_latest_only.py for tasks to queue
[2023-12-01T19:33:45.655+0000] {logging_mixin.py:151} INFO - [2023-12-01T19:33:45.655+0000] {dagbag.py:539} INFO - Filling up the DagBag from /home/airflow/.local/lib/python3.8/site-packages/airflow/example_dags/example_latest_only.py
[2023-12-01T19:33:45.662+0000] {processor.py:839} INFO - DAG(s) dict_keys(['latest_only']) retrieved from /home/airflow/.local/lib/python3.8/site-packages/airflow/example_dags/example_latest_only.py
[2023-12-01T19:33:45.711+0000] {logging_mixin.py:151} INFO - [2023-12-01T19:33:45.711+0000] {dag.py:2915} INFO - Sync 1 DAGs
[2023-12-01T19:33:45.752+0000] {logging_mixin.py:151} INFO - [2023-12-01T19:33:45.752+0000] {dag.py:3696} INFO - Setting next_dagrun for latest_only to 2023-12-01T15:33:45.751406+00:00, run_after=2023-12-01T19:33:45.751406+00:00
[2023-12-01T19:33:45.786+0000] {processor.py:179} INFO - Processing /home/airflow/.local/lib/python3.8/site-packages/airflow/example_dags/example_latest_only.py took 0.154 seconds
[2023-12-01T20:06:41.109+0000] {processor.py:157} INFO - Started process (PID=47693) to work on /home/airflow/.local/lib/python3.8/site-packages/airflow/example_dags/example_latest_only.py
[2023-12-01T20:06:41.110+0000] {processor.py:829} INFO - Processing file /home/airflow/.local/lib/python3.8/site-packages/airflow/example_dags/example_latest_only.py for tasks to queue
[2023-12-01T20:06:41.111+0000] {logging_mixin.py:151} INFO - [2023-12-01T20:06:41.111+0000] {dagbag.py:539} INFO - Filling up the DagBag from /home/airflow/.local/lib/python3.8/site-packages/airflow/example_dags/example_latest_only.py
[2023-12-01T20:06:41.116+0000] {processor.py:839} INFO - DAG(s) dict_keys(['latest_only']) retrieved from /home/airflow/.local/lib/python3.8/site-packages/airflow/example_dags/example_latest_only.py
[2023-12-01T20:06:41.172+0000] {logging_mixin.py:151} INFO - [2023-12-01T20:06:41.172+0000] {dag.py:2915} INFO - Sync 1 DAGs
[2023-12-01T20:06:41.211+0000] {logging_mixin.py:151} INFO - [2023-12-01T20:06:41.211+0000] {dag.py:3696} INFO - Setting next_dagrun for latest_only to 2023-12-01T16:06:41.210581+00:00, run_after=2023-12-01T20:06:41.210581+00:00
[2023-12-01T20:06:41.257+0000] {processor.py:179} INFO - Processing /home/airflow/.local/lib/python3.8/site-packages/airflow/example_dags/example_latest_only.py took 0.151 seconds
[2023-12-01T20:20:11.414+0000] {processor.py:157} INFO - Started process (PID=47747) to work on /home/airflow/.local/lib/python3.8/site-packages/airflow/example_dags/example_latest_only.py
[2023-12-01T20:20:11.419+0000] {processor.py:829} INFO - Processing file /home/airflow/.local/lib/python3.8/site-packages/airflow/example_dags/example_latest_only.py for tasks to queue
[2023-12-01T20:20:11.443+0000] {logging_mixin.py:151} INFO - [2023-12-01T20:20:11.443+0000] {dagbag.py:539} INFO - Filling up the DagBag from /home/airflow/.local/lib/python3.8/site-packages/airflow/example_dags/example_latest_only.py
[2023-12-01T20:20:11.468+0000] {processor.py:839} INFO - DAG(s) dict_keys(['latest_only']) retrieved from /home/airflow/.local/lib/python3.8/site-packages/airflow/example_dags/example_latest_only.py
[2023-12-01T20:20:11.593+0000] {logging_mixin.py:151} INFO - [2023-12-01T20:20:11.593+0000] {dag.py:2915} INFO - Sync 1 DAGs
[2023-12-01T20:20:11.652+0000] {logging_mixin.py:151} INFO - [2023-12-01T20:20:11.652+0000] {dag.py:3696} INFO - Setting next_dagrun for latest_only to 2023-12-01T16:20:11.651716+00:00, run_after=2023-12-01T20:20:11.651716+00:00
[2023-12-01T20:20:11.685+0000] {processor.py:179} INFO - Processing /home/airflow/.local/lib/python3.8/site-packages/airflow/example_dags/example_latest_only.py took 0.277 seconds
[2023-12-01T20:46:17.866+0000] {processor.py:157} INFO - Started process (PID=47801) to work on /home/airflow/.local/lib/python3.8/site-packages/airflow/example_dags/example_latest_only.py
[2023-12-01T20:46:17.870+0000] {processor.py:829} INFO - Processing file /home/airflow/.local/lib/python3.8/site-packages/airflow/example_dags/example_latest_only.py for tasks to queue
[2023-12-01T20:46:17.884+0000] {logging_mixin.py:151} INFO - [2023-12-01T20:46:17.882+0000] {dagbag.py:539} INFO - Filling up the DagBag from /home/airflow/.local/lib/python3.8/site-packages/airflow/example_dags/example_latest_only.py
[2023-12-01T20:46:17.917+0000] {processor.py:839} INFO - DAG(s) dict_keys(['latest_only']) retrieved from /home/airflow/.local/lib/python3.8/site-packages/airflow/example_dags/example_latest_only.py
[2023-12-01T20:46:17.969+0000] {logging_mixin.py:151} INFO - [2023-12-01T20:46:17.968+0000] {dag.py:2915} INFO - Sync 1 DAGs
[2023-12-01T20:46:18.014+0000] {logging_mixin.py:151} INFO - [2023-12-01T20:46:18.014+0000] {dag.py:3696} INFO - Setting next_dagrun for latest_only to 2023-12-01T16:46:18.013834+00:00, run_after=2023-12-01T20:46:18.013834+00:00
[2023-12-01T20:46:18.045+0000] {processor.py:179} INFO - Processing /home/airflow/.local/lib/python3.8/site-packages/airflow/example_dags/example_latest_only.py took 0.194 seconds
[2023-12-01T21:16:59.037+0000] {processor.py:157} INFO - Started process (PID=47855) to work on /home/airflow/.local/lib/python3.8/site-packages/airflow/example_dags/example_latest_only.py
[2023-12-01T21:16:59.048+0000] {processor.py:829} INFO - Processing file /home/airflow/.local/lib/python3.8/site-packages/airflow/example_dags/example_latest_only.py for tasks to queue
[2023-12-01T21:16:59.274+0000] {logging_mixin.py:151} INFO - [2023-12-01T21:16:59.270+0000] {dagbag.py:539} INFO - Filling up the DagBag from /home/airflow/.local/lib/python3.8/site-packages/airflow/example_dags/example_latest_only.py
[2023-12-01T21:16:59.328+0000] {processor.py:839} INFO - DAG(s) dict_keys(['latest_only']) retrieved from /home/airflow/.local/lib/python3.8/site-packages/airflow/example_dags/example_latest_only.py
[2023-12-01T21:16:59.405+0000] {logging_mixin.py:151} INFO - [2023-12-01T21:16:59.405+0000] {dag.py:2915} INFO - Sync 1 DAGs
[2023-12-01T21:16:59.449+0000] {logging_mixin.py:151} INFO - [2023-12-01T21:16:59.449+0000] {dag.py:3696} INFO - Setting next_dagrun for latest_only to 2023-12-01T17:16:59.448782+00:00, run_after=2023-12-01T21:16:59.448782+00:00
[2023-12-01T21:16:59.892+0000] {processor.py:179} INFO - Processing /home/airflow/.local/lib/python3.8/site-packages/airflow/example_dags/example_latest_only.py took 0.934 seconds
[2023-12-01T22:08:33.456+0000] {processor.py:157} INFO - Started process (PID=47909) to work on /home/airflow/.local/lib/python3.8/site-packages/airflow/example_dags/example_latest_only.py
[2023-12-01T22:08:33.459+0000] {processor.py:829} INFO - Processing file /home/airflow/.local/lib/python3.8/site-packages/airflow/example_dags/example_latest_only.py for tasks to queue
[2023-12-01T22:08:33.469+0000] {logging_mixin.py:151} INFO - [2023-12-01T22:08:33.468+0000] {dagbag.py:539} INFO - Filling up the DagBag from /home/airflow/.local/lib/python3.8/site-packages/airflow/example_dags/example_latest_only.py
[2023-12-01T22:08:33.478+0000] {processor.py:839} INFO - DAG(s) dict_keys(['latest_only']) retrieved from /home/airflow/.local/lib/python3.8/site-packages/airflow/example_dags/example_latest_only.py
[2023-12-01T22:08:33.524+0000] {logging_mixin.py:151} INFO - [2023-12-01T22:08:33.523+0000] {dag.py:2915} INFO - Sync 1 DAGs
[2023-12-01T22:08:33.584+0000] {logging_mixin.py:151} INFO - [2023-12-01T22:08:33.583+0000] {dag.py:3696} INFO - Setting next_dagrun for latest_only to 2023-12-01T18:08:33.583353+00:00, run_after=2023-12-01T22:08:33.583353+00:00
[2023-12-01T22:08:33.626+0000] {processor.py:179} INFO - Processing /home/airflow/.local/lib/python3.8/site-packages/airflow/example_dags/example_latest_only.py took 0.180 seconds
[2023-12-01T22:54:03.975+0000] {processor.py:157} INFO - Started process (PID=47964) to work on /home/airflow/.local/lib/python3.8/site-packages/airflow/example_dags/example_latest_only.py
[2023-12-01T22:54:03.978+0000] {processor.py:829} INFO - Processing file /home/airflow/.local/lib/python3.8/site-packages/airflow/example_dags/example_latest_only.py for tasks to queue
[2023-12-01T22:54:03.984+0000] {logging_mixin.py:151} INFO - [2023-12-01T22:54:03.983+0000] {dagbag.py:539} INFO - Filling up the DagBag from /home/airflow/.local/lib/python3.8/site-packages/airflow/example_dags/example_latest_only.py
[2023-12-01T22:54:04.013+0000] {processor.py:839} INFO - DAG(s) dict_keys(['latest_only']) retrieved from /home/airflow/.local/lib/python3.8/site-packages/airflow/example_dags/example_latest_only.py
[2023-12-01T22:54:04.184+0000] {logging_mixin.py:151} INFO - [2023-12-01T22:54:04.182+0000] {dag.py:2915} INFO - Sync 1 DAGs
[2023-12-01T22:54:04.268+0000] {logging_mixin.py:151} INFO - [2023-12-01T22:54:04.268+0000] {dag.py:3696} INFO - Setting next_dagrun for latest_only to 2023-12-01T18:54:04.267363+00:00, run_after=2023-12-01T22:54:04.267363+00:00
[2023-12-01T22:54:04.315+0000] {processor.py:179} INFO - Processing /home/airflow/.local/lib/python3.8/site-packages/airflow/example_dags/example_latest_only.py took 0.359 seconds
[2023-12-01T23:41:04.633+0000] {processor.py:157} INFO - Started process (PID=48018) to work on /home/airflow/.local/lib/python3.8/site-packages/airflow/example_dags/example_latest_only.py
[2023-12-01T23:41:04.634+0000] {processor.py:829} INFO - Processing file /home/airflow/.local/lib/python3.8/site-packages/airflow/example_dags/example_latest_only.py for tasks to queue
[2023-12-01T23:41:04.635+0000] {logging_mixin.py:151} INFO - [2023-12-01T23:41:04.635+0000] {dagbag.py:539} INFO - Filling up the DagBag from /home/airflow/.local/lib/python3.8/site-packages/airflow/example_dags/example_latest_only.py
[2023-12-01T23:41:04.638+0000] {processor.py:839} INFO - DAG(s) dict_keys(['latest_only']) retrieved from /home/airflow/.local/lib/python3.8/site-packages/airflow/example_dags/example_latest_only.py
[2023-12-01T23:41:04.652+0000] {logging_mixin.py:151} INFO - [2023-12-01T23:41:04.652+0000] {dag.py:2915} INFO - Sync 1 DAGs
[2023-12-01T23:41:04.804+0000] {logging_mixin.py:151} INFO - [2023-12-01T23:41:04.804+0000] {dag.py:3696} INFO - Setting next_dagrun for latest_only to 2023-12-01T19:41:04.803800+00:00, run_after=2023-12-01T23:41:04.803800+00:00
[2023-12-01T23:41:04.822+0000] {processor.py:179} INFO - Processing /home/airflow/.local/lib/python3.8/site-packages/airflow/example_dags/example_latest_only.py took 0.192 seconds
