[2023-12-01T00:05:49.129+0000] {processor.py:157} INFO - Started process (PID=45215) to work on /home/airflow/.local/lib/python3.8/site-packages/airflow/example_dags/example_dynamic_task_mapping.py
[2023-12-01T00:05:49.130+0000] {processor.py:829} INFO - Processing file /home/airflow/.local/lib/python3.8/site-packages/airflow/example_dags/example_dynamic_task_mapping.py for tasks to queue
[2023-12-01T00:05:49.157+0000] {logging_mixin.py:151} INFO - [2023-12-01T00:05:49.155+0000] {dagbag.py:539} INFO - Filling up the DagBag from /home/airflow/.local/lib/python3.8/site-packages/airflow/example_dags/example_dynamic_task_mapping.py
[2023-12-01T00:05:49.179+0000] {processor.py:839} INFO - DAG(s) dict_keys(['example_dynamic_task_mapping']) retrieved from /home/airflow/.local/lib/python3.8/site-packages/airflow/example_dags/example_dynamic_task_mapping.py
[2023-12-01T00:05:49.227+0000] {logging_mixin.py:151} INFO - [2023-12-01T00:05:49.227+0000] {dag.py:2915} INFO - Sync 1 DAGs
[2023-12-01T00:05:49.293+0000] {logging_mixin.py:151} INFO - [2023-12-01T00:05:49.292+0000] {dag.py:3696} INFO - Setting next_dagrun for example_dynamic_task_mapping to 2022-03-04T00:00:00+00:00, run_after=2022-03-05T00:00:00+00:00
[2023-12-01T00:05:49.355+0000] {processor.py:179} INFO - Processing /home/airflow/.local/lib/python3.8/site-packages/airflow/example_dags/example_dynamic_task_mapping.py took 0.232 seconds
[2023-12-01T00:33:40.686+0000] {processor.py:157} INFO - Started process (PID=45269) to work on /home/airflow/.local/lib/python3.8/site-packages/airflow/example_dags/example_dynamic_task_mapping.py
[2023-12-01T00:33:40.687+0000] {processor.py:829} INFO - Processing file /home/airflow/.local/lib/python3.8/site-packages/airflow/example_dags/example_dynamic_task_mapping.py for tasks to queue
[2023-12-01T00:33:40.689+0000] {logging_mixin.py:151} INFO - [2023-12-01T00:33:40.688+0000] {dagbag.py:539} INFO - Filling up the DagBag from /home/airflow/.local/lib/python3.8/site-packages/airflow/example_dags/example_dynamic_task_mapping.py
[2023-12-01T00:33:40.702+0000] {processor.py:839} INFO - DAG(s) dict_keys(['example_dynamic_task_mapping']) retrieved from /home/airflow/.local/lib/python3.8/site-packages/airflow/example_dags/example_dynamic_task_mapping.py
[2023-12-01T00:33:40.730+0000] {logging_mixin.py:151} INFO - [2023-12-01T00:33:40.729+0000] {dag.py:2915} INFO - Sync 1 DAGs
[2023-12-01T00:33:40.748+0000] {logging_mixin.py:151} INFO - [2023-12-01T00:33:40.748+0000] {dag.py:3696} INFO - Setting next_dagrun for example_dynamic_task_mapping to 2022-03-04T00:00:00+00:00, run_after=2022-03-05T00:00:00+00:00
[2023-12-01T00:33:40.761+0000] {processor.py:179} INFO - Processing /home/airflow/.local/lib/python3.8/site-packages/airflow/example_dags/example_dynamic_task_mapping.py took 0.078 seconds
[2023-12-01T01:27:54.848+0000] {processor.py:157} INFO - Started process (PID=45323) to work on /home/airflow/.local/lib/python3.8/site-packages/airflow/example_dags/example_dynamic_task_mapping.py
[2023-12-01T01:27:54.859+0000] {processor.py:829} INFO - Processing file /home/airflow/.local/lib/python3.8/site-packages/airflow/example_dags/example_dynamic_task_mapping.py for tasks to queue
[2023-12-01T01:27:54.871+0000] {logging_mixin.py:151} INFO - [2023-12-01T01:27:54.871+0000] {dagbag.py:539} INFO - Filling up the DagBag from /home/airflow/.local/lib/python3.8/site-packages/airflow/example_dags/example_dynamic_task_mapping.py
[2023-12-01T01:27:54.907+0000] {processor.py:839} INFO - DAG(s) dict_keys(['example_dynamic_task_mapping']) retrieved from /home/airflow/.local/lib/python3.8/site-packages/airflow/example_dags/example_dynamic_task_mapping.py
[2023-12-01T01:27:54.982+0000] {logging_mixin.py:151} INFO - [2023-12-01T01:27:54.981+0000] {dag.py:2915} INFO - Sync 1 DAGs
[2023-12-01T01:27:55.052+0000] {logging_mixin.py:151} INFO - [2023-12-01T01:27:55.051+0000] {dag.py:3696} INFO - Setting next_dagrun for example_dynamic_task_mapping to 2022-03-04T00:00:00+00:00, run_after=2022-03-05T00:00:00+00:00
[2023-12-01T01:27:55.087+0000] {processor.py:179} INFO - Processing /home/airflow/.local/lib/python3.8/site-packages/airflow/example_dags/example_dynamic_task_mapping.py took 0.270 seconds
[2023-12-01T02:09:21.421+0000] {processor.py:157} INFO - Started process (PID=45377) to work on /home/airflow/.local/lib/python3.8/site-packages/airflow/example_dags/example_dynamic_task_mapping.py
[2023-12-01T02:09:21.424+0000] {processor.py:829} INFO - Processing file /home/airflow/.local/lib/python3.8/site-packages/airflow/example_dags/example_dynamic_task_mapping.py for tasks to queue
[2023-12-01T02:09:21.435+0000] {logging_mixin.py:151} INFO - [2023-12-01T02:09:21.432+0000] {dagbag.py:539} INFO - Filling up the DagBag from /home/airflow/.local/lib/python3.8/site-packages/airflow/example_dags/example_dynamic_task_mapping.py
[2023-12-01T02:09:21.459+0000] {processor.py:839} INFO - DAG(s) dict_keys(['example_dynamic_task_mapping']) retrieved from /home/airflow/.local/lib/python3.8/site-packages/airflow/example_dags/example_dynamic_task_mapping.py
[2023-12-01T02:09:21.536+0000] {logging_mixin.py:151} INFO - [2023-12-01T02:09:21.536+0000] {dag.py:2915} INFO - Sync 1 DAGs
[2023-12-01T02:09:21.597+0000] {logging_mixin.py:151} INFO - [2023-12-01T02:09:21.596+0000] {dag.py:3696} INFO - Setting next_dagrun for example_dynamic_task_mapping to 2022-03-04T00:00:00+00:00, run_after=2022-03-05T00:00:00+00:00
[2023-12-01T02:09:21.667+0000] {processor.py:179} INFO - Processing /home/airflow/.local/lib/python3.8/site-packages/airflow/example_dags/example_dynamic_task_mapping.py took 0.257 seconds
[2023-12-01T02:45:37.648+0000] {processor.py:157} INFO - Started process (PID=45431) to work on /home/airflow/.local/lib/python3.8/site-packages/airflow/example_dags/example_dynamic_task_mapping.py
[2023-12-01T02:45:37.650+0000] {processor.py:829} INFO - Processing file /home/airflow/.local/lib/python3.8/site-packages/airflow/example_dags/example_dynamic_task_mapping.py for tasks to queue
[2023-12-01T02:45:37.654+0000] {logging_mixin.py:151} INFO - [2023-12-01T02:45:37.654+0000] {dagbag.py:539} INFO - Filling up the DagBag from /home/airflow/.local/lib/python3.8/site-packages/airflow/example_dags/example_dynamic_task_mapping.py
[2023-12-01T02:45:37.667+0000] {processor.py:839} INFO - DAG(s) dict_keys(['example_dynamic_task_mapping']) retrieved from /home/airflow/.local/lib/python3.8/site-packages/airflow/example_dags/example_dynamic_task_mapping.py
[2023-12-01T02:45:37.701+0000] {logging_mixin.py:151} INFO - [2023-12-01T02:45:37.701+0000] {dag.py:2915} INFO - Sync 1 DAGs
[2023-12-01T02:45:37.735+0000] {logging_mixin.py:151} INFO - [2023-12-01T02:45:37.735+0000] {dag.py:3696} INFO - Setting next_dagrun for example_dynamic_task_mapping to 2022-03-04T00:00:00+00:00, run_after=2022-03-05T00:00:00+00:00
[2023-12-01T02:45:37.748+0000] {processor.py:179} INFO - Processing /home/airflow/.local/lib/python3.8/site-packages/airflow/example_dags/example_dynamic_task_mapping.py took 0.104 seconds
[2023-12-01T03:20:34.634+0000] {processor.py:157} INFO - Started process (PID=45485) to work on /home/airflow/.local/lib/python3.8/site-packages/airflow/example_dags/example_dynamic_task_mapping.py
[2023-12-01T03:20:34.635+0000] {processor.py:829} INFO - Processing file /home/airflow/.local/lib/python3.8/site-packages/airflow/example_dags/example_dynamic_task_mapping.py for tasks to queue
[2023-12-01T03:20:34.636+0000] {logging_mixin.py:151} INFO - [2023-12-01T03:20:34.636+0000] {dagbag.py:539} INFO - Filling up the DagBag from /home/airflow/.local/lib/python3.8/site-packages/airflow/example_dags/example_dynamic_task_mapping.py
[2023-12-01T03:20:34.641+0000] {processor.py:839} INFO - DAG(s) dict_keys(['example_dynamic_task_mapping']) retrieved from /home/airflow/.local/lib/python3.8/site-packages/airflow/example_dags/example_dynamic_task_mapping.py
[2023-12-01T03:20:34.656+0000] {logging_mixin.py:151} INFO - [2023-12-01T03:20:34.656+0000] {dag.py:2915} INFO - Sync 1 DAGs
[2023-12-01T03:20:34.667+0000] {logging_mixin.py:151} INFO - [2023-12-01T03:20:34.667+0000] {dag.py:3696} INFO - Setting next_dagrun for example_dynamic_task_mapping to 2022-03-04T00:00:00+00:00, run_after=2022-03-05T00:00:00+00:00
[2023-12-01T03:20:34.690+0000] {processor.py:179} INFO - Processing /home/airflow/.local/lib/python3.8/site-packages/airflow/example_dags/example_dynamic_task_mapping.py took 0.059 seconds
[2023-12-01T04:21:29.922+0000] {processor.py:157} INFO - Started process (PID=45539) to work on /home/airflow/.local/lib/python3.8/site-packages/airflow/example_dags/example_dynamic_task_mapping.py
[2023-12-01T04:21:29.927+0000] {processor.py:829} INFO - Processing file /home/airflow/.local/lib/python3.8/site-packages/airflow/example_dags/example_dynamic_task_mapping.py for tasks to queue
[2023-12-01T04:21:29.947+0000] {logging_mixin.py:151} INFO - [2023-12-01T04:21:29.946+0000] {dagbag.py:539} INFO - Filling up the DagBag from /home/airflow/.local/lib/python3.8/site-packages/airflow/example_dags/example_dynamic_task_mapping.py
[2023-12-01T04:21:29.991+0000] {processor.py:839} INFO - DAG(s) dict_keys(['example_dynamic_task_mapping']) retrieved from /home/airflow/.local/lib/python3.8/site-packages/airflow/example_dags/example_dynamic_task_mapping.py
[2023-12-01T04:21:30.069+0000] {logging_mixin.py:151} INFO - [2023-12-01T04:21:30.068+0000] {dag.py:2915} INFO - Sync 1 DAGs
[2023-12-01T04:21:30.098+0000] {logging_mixin.py:151} INFO - [2023-12-01T04:21:30.098+0000] {dag.py:3696} INFO - Setting next_dagrun for example_dynamic_task_mapping to 2022-03-04T00:00:00+00:00, run_after=2022-03-05T00:00:00+00:00
[2023-12-01T04:21:30.112+0000] {processor.py:179} INFO - Processing /home/airflow/.local/lib/python3.8/site-packages/airflow/example_dags/example_dynamic_task_mapping.py took 0.208 seconds
[2023-12-01T05:30:11.852+0000] {processor.py:157} INFO - Started process (PID=45593) to work on /home/airflow/.local/lib/python3.8/site-packages/airflow/example_dags/example_dynamic_task_mapping.py
[2023-12-01T05:30:11.857+0000] {processor.py:829} INFO - Processing file /home/airflow/.local/lib/python3.8/site-packages/airflow/example_dags/example_dynamic_task_mapping.py for tasks to queue
[2023-12-01T05:30:11.868+0000] {logging_mixin.py:151} INFO - [2023-12-01T05:30:11.866+0000] {dagbag.py:539} INFO - Filling up the DagBag from /home/airflow/.local/lib/python3.8/site-packages/airflow/example_dags/example_dynamic_task_mapping.py
[2023-12-01T05:30:11.901+0000] {processor.py:839} INFO - DAG(s) dict_keys(['example_dynamic_task_mapping']) retrieved from /home/airflow/.local/lib/python3.8/site-packages/airflow/example_dags/example_dynamic_task_mapping.py
[2023-12-01T05:30:11.965+0000] {logging_mixin.py:151} INFO - [2023-12-01T05:30:11.964+0000] {dag.py:2915} INFO - Sync 1 DAGs
[2023-12-01T05:30:12.029+0000] {logging_mixin.py:151} INFO - [2023-12-01T05:30:12.029+0000] {dag.py:3696} INFO - Setting next_dagrun for example_dynamic_task_mapping to 2022-03-04T00:00:00+00:00, run_after=2022-03-05T00:00:00+00:00
[2023-12-01T05:30:12.072+0000] {processor.py:179} INFO - Processing /home/airflow/.local/lib/python3.8/site-packages/airflow/example_dags/example_dynamic_task_mapping.py took 0.248 seconds
[2023-12-01T06:23:25.641+0000] {processor.py:157} INFO - Started process (PID=45647) to work on /home/airflow/.local/lib/python3.8/site-packages/airflow/example_dags/example_dynamic_task_mapping.py
[2023-12-01T06:23:25.645+0000] {processor.py:829} INFO - Processing file /home/airflow/.local/lib/python3.8/site-packages/airflow/example_dags/example_dynamic_task_mapping.py for tasks to queue
[2023-12-01T06:23:25.652+0000] {logging_mixin.py:151} INFO - [2023-12-01T06:23:25.651+0000] {dagbag.py:539} INFO - Filling up the DagBag from /home/airflow/.local/lib/python3.8/site-packages/airflow/example_dags/example_dynamic_task_mapping.py
[2023-12-01T06:23:25.673+0000] {processor.py:839} INFO - DAG(s) dict_keys(['example_dynamic_task_mapping']) retrieved from /home/airflow/.local/lib/python3.8/site-packages/airflow/example_dags/example_dynamic_task_mapping.py
[2023-12-01T06:23:25.731+0000] {logging_mixin.py:151} INFO - [2023-12-01T06:23:25.731+0000] {dag.py:2915} INFO - Sync 1 DAGs
[2023-12-01T06:23:25.775+0000] {logging_mixin.py:151} INFO - [2023-12-01T06:23:25.775+0000] {dag.py:3696} INFO - Setting next_dagrun for example_dynamic_task_mapping to 2022-03-04T00:00:00+00:00, run_after=2022-03-05T00:00:00+00:00
[2023-12-01T06:23:25.790+0000] {processor.py:179} INFO - Processing /home/airflow/.local/lib/python3.8/site-packages/airflow/example_dags/example_dynamic_task_mapping.py took 0.161 seconds
[2023-12-01T07:10:08.316+0000] {processor.py:157} INFO - Started process (PID=45701) to work on /home/airflow/.local/lib/python3.8/site-packages/airflow/example_dags/example_dynamic_task_mapping.py
[2023-12-01T07:10:08.318+0000] {processor.py:829} INFO - Processing file /home/airflow/.local/lib/python3.8/site-packages/airflow/example_dags/example_dynamic_task_mapping.py for tasks to queue
[2023-12-01T07:10:08.328+0000] {logging_mixin.py:151} INFO - [2023-12-01T07:10:08.327+0000] {dagbag.py:539} INFO - Filling up the DagBag from /home/airflow/.local/lib/python3.8/site-packages/airflow/example_dags/example_dynamic_task_mapping.py
[2023-12-01T07:10:08.359+0000] {processor.py:839} INFO - DAG(s) dict_keys(['example_dynamic_task_mapping']) retrieved from /home/airflow/.local/lib/python3.8/site-packages/airflow/example_dags/example_dynamic_task_mapping.py
[2023-12-01T07:10:08.391+0000] {logging_mixin.py:151} INFO - [2023-12-01T07:10:08.391+0000] {dag.py:2915} INFO - Sync 1 DAGs
[2023-12-01T07:10:08.421+0000] {logging_mixin.py:151} INFO - [2023-12-01T07:10:08.420+0000] {dag.py:3696} INFO - Setting next_dagrun for example_dynamic_task_mapping to 2022-03-04T00:00:00+00:00, run_after=2022-03-05T00:00:00+00:00
[2023-12-01T07:10:08.440+0000] {processor.py:179} INFO - Processing /home/airflow/.local/lib/python3.8/site-packages/airflow/example_dags/example_dynamic_task_mapping.py took 0.129 seconds
[2023-12-01T07:45:19.085+0000] {processor.py:157} INFO - Started process (PID=45755) to work on /home/airflow/.local/lib/python3.8/site-packages/airflow/example_dags/example_dynamic_task_mapping.py
[2023-12-01T07:45:19.087+0000] {processor.py:829} INFO - Processing file /home/airflow/.local/lib/python3.8/site-packages/airflow/example_dags/example_dynamic_task_mapping.py for tasks to queue
[2023-12-01T07:45:19.089+0000] {logging_mixin.py:151} INFO - [2023-12-01T07:45:19.089+0000] {dagbag.py:539} INFO - Filling up the DagBag from /home/airflow/.local/lib/python3.8/site-packages/airflow/example_dags/example_dynamic_task_mapping.py
[2023-12-01T07:45:19.097+0000] {processor.py:839} INFO - DAG(s) dict_keys(['example_dynamic_task_mapping']) retrieved from /home/airflow/.local/lib/python3.8/site-packages/airflow/example_dags/example_dynamic_task_mapping.py
[2023-12-01T07:45:19.132+0000] {logging_mixin.py:151} INFO - [2023-12-01T07:45:19.131+0000] {dag.py:2915} INFO - Sync 1 DAGs
[2023-12-01T07:45:19.147+0000] {logging_mixin.py:151} INFO - [2023-12-01T07:45:19.147+0000] {dag.py:3696} INFO - Setting next_dagrun for example_dynamic_task_mapping to 2022-03-04T00:00:00+00:00, run_after=2022-03-05T00:00:00+00:00
[2023-12-01T07:45:19.158+0000] {processor.py:179} INFO - Processing /home/airflow/.local/lib/python3.8/site-packages/airflow/example_dags/example_dynamic_task_mapping.py took 0.078 seconds
[2023-12-01T08:25:27.028+0000] {processor.py:157} INFO - Started process (PID=45809) to work on /home/airflow/.local/lib/python3.8/site-packages/airflow/example_dags/example_dynamic_task_mapping.py
[2023-12-01T08:25:27.034+0000] {processor.py:829} INFO - Processing file /home/airflow/.local/lib/python3.8/site-packages/airflow/example_dags/example_dynamic_task_mapping.py for tasks to queue
[2023-12-01T08:25:27.044+0000] {logging_mixin.py:151} INFO - [2023-12-01T08:25:27.043+0000] {dagbag.py:539} INFO - Filling up the DagBag from /home/airflow/.local/lib/python3.8/site-packages/airflow/example_dags/example_dynamic_task_mapping.py
[2023-12-01T08:25:27.062+0000] {processor.py:839} INFO - DAG(s) dict_keys(['example_dynamic_task_mapping']) retrieved from /home/airflow/.local/lib/python3.8/site-packages/airflow/example_dags/example_dynamic_task_mapping.py
[2023-12-01T08:25:27.090+0000] {logging_mixin.py:151} INFO - [2023-12-01T08:25:27.089+0000] {dag.py:2915} INFO - Sync 1 DAGs
[2023-12-01T08:25:27.127+0000] {logging_mixin.py:151} INFO - [2023-12-01T08:25:27.127+0000] {dag.py:3696} INFO - Setting next_dagrun for example_dynamic_task_mapping to 2022-03-04T00:00:00+00:00, run_after=2022-03-05T00:00:00+00:00
[2023-12-01T08:25:27.140+0000] {processor.py:179} INFO - Processing /home/airflow/.local/lib/python3.8/site-packages/airflow/example_dags/example_dynamic_task_mapping.py took 0.119 seconds
[2023-12-01T09:26:32.054+0000] {processor.py:157} INFO - Started process (PID=45863) to work on /home/airflow/.local/lib/python3.8/site-packages/airflow/example_dags/example_dynamic_task_mapping.py
[2023-12-01T09:26:32.061+0000] {processor.py:829} INFO - Processing file /home/airflow/.local/lib/python3.8/site-packages/airflow/example_dags/example_dynamic_task_mapping.py for tasks to queue
[2023-12-01T09:26:32.075+0000] {logging_mixin.py:151} INFO - [2023-12-01T09:26:32.075+0000] {dagbag.py:539} INFO - Filling up the DagBag from /home/airflow/.local/lib/python3.8/site-packages/airflow/example_dags/example_dynamic_task_mapping.py
[2023-12-01T09:26:32.144+0000] {processor.py:839} INFO - DAG(s) dict_keys(['example_dynamic_task_mapping']) retrieved from /home/airflow/.local/lib/python3.8/site-packages/airflow/example_dags/example_dynamic_task_mapping.py
[2023-12-01T09:26:32.213+0000] {logging_mixin.py:151} INFO - [2023-12-01T09:26:32.213+0000] {dag.py:2915} INFO - Sync 1 DAGs
[2023-12-01T09:26:32.276+0000] {logging_mixin.py:151} INFO - [2023-12-01T09:26:32.275+0000] {dag.py:3696} INFO - Setting next_dagrun for example_dynamic_task_mapping to 2022-03-04T00:00:00+00:00, run_after=2022-03-05T00:00:00+00:00
[2023-12-01T09:26:32.300+0000] {processor.py:179} INFO - Processing /home/airflow/.local/lib/python3.8/site-packages/airflow/example_dags/example_dynamic_task_mapping.py took 0.272 seconds
[2023-12-01T10:22:10.303+0000] {processor.py:157} INFO - Started process (PID=45917) to work on /home/airflow/.local/lib/python3.8/site-packages/airflow/example_dags/example_dynamic_task_mapping.py
[2023-12-01T10:22:10.309+0000] {processor.py:829} INFO - Processing file /home/airflow/.local/lib/python3.8/site-packages/airflow/example_dags/example_dynamic_task_mapping.py for tasks to queue
[2023-12-01T10:22:10.318+0000] {logging_mixin.py:151} INFO - [2023-12-01T10:22:10.316+0000] {dagbag.py:539} INFO - Filling up the DagBag from /home/airflow/.local/lib/python3.8/site-packages/airflow/example_dags/example_dynamic_task_mapping.py
[2023-12-01T10:22:10.347+0000] {processor.py:839} INFO - DAG(s) dict_keys(['example_dynamic_task_mapping']) retrieved from /home/airflow/.local/lib/python3.8/site-packages/airflow/example_dags/example_dynamic_task_mapping.py
[2023-12-01T10:22:10.452+0000] {logging_mixin.py:151} INFO - [2023-12-01T10:22:10.452+0000] {dag.py:2915} INFO - Sync 1 DAGs
[2023-12-01T10:22:10.522+0000] {logging_mixin.py:151} INFO - [2023-12-01T10:22:10.522+0000] {dag.py:3696} INFO - Setting next_dagrun for example_dynamic_task_mapping to 2022-03-04T00:00:00+00:00, run_after=2022-03-05T00:00:00+00:00
[2023-12-01T10:22:10.558+0000] {processor.py:179} INFO - Processing /home/airflow/.local/lib/python3.8/site-packages/airflow/example_dags/example_dynamic_task_mapping.py took 0.276 seconds
[2023-12-01T10:50:46.188+0000] {processor.py:157} INFO - Started process (PID=45971) to work on /home/airflow/.local/lib/python3.8/site-packages/airflow/example_dags/example_dynamic_task_mapping.py
[2023-12-01T10:50:46.190+0000] {processor.py:829} INFO - Processing file /home/airflow/.local/lib/python3.8/site-packages/airflow/example_dags/example_dynamic_task_mapping.py for tasks to queue
[2023-12-01T10:50:46.195+0000] {logging_mixin.py:151} INFO - [2023-12-01T10:50:46.195+0000] {dagbag.py:539} INFO - Filling up the DagBag from /home/airflow/.local/lib/python3.8/site-packages/airflow/example_dags/example_dynamic_task_mapping.py
[2023-12-01T10:50:46.228+0000] {processor.py:839} INFO - DAG(s) dict_keys(['example_dynamic_task_mapping']) retrieved from /home/airflow/.local/lib/python3.8/site-packages/airflow/example_dags/example_dynamic_task_mapping.py
[2023-12-01T10:50:46.269+0000] {logging_mixin.py:151} INFO - [2023-12-01T10:50:46.269+0000] {dag.py:2915} INFO - Sync 1 DAGs
[2023-12-01T10:50:46.293+0000] {logging_mixin.py:151} INFO - [2023-12-01T10:50:46.293+0000] {dag.py:3696} INFO - Setting next_dagrun for example_dynamic_task_mapping to 2022-03-04T00:00:00+00:00, run_after=2022-03-05T00:00:00+00:00
[2023-12-01T10:50:46.310+0000] {processor.py:179} INFO - Processing /home/airflow/.local/lib/python3.8/site-packages/airflow/example_dags/example_dynamic_task_mapping.py took 0.139 seconds
[2023-12-01T10:51:16.428+0000] {processor.py:157} INFO - Started process (PID=46025) to work on /home/airflow/.local/lib/python3.8/site-packages/airflow/example_dags/example_dynamic_task_mapping.py
[2023-12-01T10:51:16.430+0000] {processor.py:829} INFO - Processing file /home/airflow/.local/lib/python3.8/site-packages/airflow/example_dags/example_dynamic_task_mapping.py for tasks to queue
[2023-12-01T10:51:16.432+0000] {logging_mixin.py:151} INFO - [2023-12-01T10:51:16.432+0000] {dagbag.py:539} INFO - Filling up the DagBag from /home/airflow/.local/lib/python3.8/site-packages/airflow/example_dags/example_dynamic_task_mapping.py
[2023-12-01T10:51:16.444+0000] {processor.py:839} INFO - DAG(s) dict_keys(['example_dynamic_task_mapping']) retrieved from /home/airflow/.local/lib/python3.8/site-packages/airflow/example_dags/example_dynamic_task_mapping.py
[2023-12-01T10:51:16.459+0000] {logging_mixin.py:151} INFO - [2023-12-01T10:51:16.458+0000] {dag.py:2915} INFO - Sync 1 DAGs
[2023-12-01T10:51:16.471+0000] {logging_mixin.py:151} INFO - [2023-12-01T10:51:16.471+0000] {dag.py:3696} INFO - Setting next_dagrun for example_dynamic_task_mapping to 2022-03-04T00:00:00+00:00, run_after=2022-03-05T00:00:00+00:00
[2023-12-01T10:51:16.480+0000] {processor.py:179} INFO - Processing /home/airflow/.local/lib/python3.8/site-packages/airflow/example_dags/example_dynamic_task_mapping.py took 0.055 seconds
[2023-12-01T11:15:10.266+0000] {processor.py:157} INFO - Started process (PID=46079) to work on /home/airflow/.local/lib/python3.8/site-packages/airflow/example_dags/example_dynamic_task_mapping.py
[2023-12-01T11:15:10.267+0000] {processor.py:829} INFO - Processing file /home/airflow/.local/lib/python3.8/site-packages/airflow/example_dags/example_dynamic_task_mapping.py for tasks to queue
[2023-12-01T11:15:10.270+0000] {logging_mixin.py:151} INFO - [2023-12-01T11:15:10.270+0000] {dagbag.py:539} INFO - Filling up the DagBag from /home/airflow/.local/lib/python3.8/site-packages/airflow/example_dags/example_dynamic_task_mapping.py
[2023-12-01T11:15:10.280+0000] {processor.py:839} INFO - DAG(s) dict_keys(['example_dynamic_task_mapping']) retrieved from /home/airflow/.local/lib/python3.8/site-packages/airflow/example_dags/example_dynamic_task_mapping.py
[2023-12-01T11:15:10.325+0000] {logging_mixin.py:151} INFO - [2023-12-01T11:15:10.324+0000] {dag.py:2915} INFO - Sync 1 DAGs
[2023-12-01T11:15:10.367+0000] {logging_mixin.py:151} INFO - [2023-12-01T11:15:10.367+0000] {dag.py:3696} INFO - Setting next_dagrun for example_dynamic_task_mapping to 2022-03-04T00:00:00+00:00, run_after=2022-03-05T00:00:00+00:00
[2023-12-01T11:15:10.386+0000] {processor.py:179} INFO - Processing /home/airflow/.local/lib/python3.8/site-packages/airflow/example_dags/example_dynamic_task_mapping.py took 0.126 seconds
[2023-12-01T11:28:38.520+0000] {processor.py:157} INFO - Started process (PID=46133) to work on /home/airflow/.local/lib/python3.8/site-packages/airflow/example_dags/example_dynamic_task_mapping.py
[2023-12-01T11:28:38.521+0000] {processor.py:829} INFO - Processing file /home/airflow/.local/lib/python3.8/site-packages/airflow/example_dags/example_dynamic_task_mapping.py for tasks to queue
[2023-12-01T11:28:38.522+0000] {logging_mixin.py:151} INFO - [2023-12-01T11:28:38.522+0000] {dagbag.py:539} INFO - Filling up the DagBag from /home/airflow/.local/lib/python3.8/site-packages/airflow/example_dags/example_dynamic_task_mapping.py
[2023-12-01T11:28:38.527+0000] {processor.py:839} INFO - DAG(s) dict_keys(['example_dynamic_task_mapping']) retrieved from /home/airflow/.local/lib/python3.8/site-packages/airflow/example_dags/example_dynamic_task_mapping.py
[2023-12-01T11:28:38.557+0000] {logging_mixin.py:151} INFO - [2023-12-01T11:28:38.557+0000] {dag.py:2915} INFO - Sync 1 DAGs
[2023-12-01T11:28:38.573+0000] {logging_mixin.py:151} INFO - [2023-12-01T11:28:38.572+0000] {dag.py:3696} INFO - Setting next_dagrun for example_dynamic_task_mapping to 2022-03-04T00:00:00+00:00, run_after=2022-03-05T00:00:00+00:00
[2023-12-01T11:28:38.585+0000] {processor.py:179} INFO - Processing /home/airflow/.local/lib/python3.8/site-packages/airflow/example_dags/example_dynamic_task_mapping.py took 0.067 seconds
[2023-12-01T11:48:56.652+0000] {processor.py:157} INFO - Started process (PID=46187) to work on /home/airflow/.local/lib/python3.8/site-packages/airflow/example_dags/example_dynamic_task_mapping.py
[2023-12-01T11:48:56.666+0000] {processor.py:829} INFO - Processing file /home/airflow/.local/lib/python3.8/site-packages/airflow/example_dags/example_dynamic_task_mapping.py for tasks to queue
[2023-12-01T11:48:56.684+0000] {logging_mixin.py:151} INFO - [2023-12-01T11:48:56.682+0000] {dagbag.py:539} INFO - Filling up the DagBag from /home/airflow/.local/lib/python3.8/site-packages/airflow/example_dags/example_dynamic_task_mapping.py
[2023-12-01T11:48:56.768+0000] {processor.py:839} INFO - DAG(s) dict_keys(['example_dynamic_task_mapping']) retrieved from /home/airflow/.local/lib/python3.8/site-packages/airflow/example_dags/example_dynamic_task_mapping.py
[2023-12-01T11:48:56.895+0000] {logging_mixin.py:151} INFO - [2023-12-01T11:48:56.895+0000] {dag.py:2915} INFO - Sync 1 DAGs
[2023-12-01T11:48:56.966+0000] {logging_mixin.py:151} INFO - [2023-12-01T11:48:56.966+0000] {dag.py:3696} INFO - Setting next_dagrun for example_dynamic_task_mapping to 2022-03-04T00:00:00+00:00, run_after=2022-03-05T00:00:00+00:00
[2023-12-01T11:48:57.052+0000] {processor.py:179} INFO - Processing /home/airflow/.local/lib/python3.8/site-packages/airflow/example_dags/example_dynamic_task_mapping.py took 0.441 seconds
[2023-12-01T11:49:27.846+0000] {processor.py:157} INFO - Started process (PID=46242) to work on /home/airflow/.local/lib/python3.8/site-packages/airflow/example_dags/example_dynamic_task_mapping.py
[2023-12-01T11:49:27.847+0000] {processor.py:829} INFO - Processing file /home/airflow/.local/lib/python3.8/site-packages/airflow/example_dags/example_dynamic_task_mapping.py for tasks to queue
[2023-12-01T11:49:27.851+0000] {logging_mixin.py:151} INFO - [2023-12-01T11:49:27.851+0000] {dagbag.py:539} INFO - Filling up the DagBag from /home/airflow/.local/lib/python3.8/site-packages/airflow/example_dags/example_dynamic_task_mapping.py
[2023-12-01T11:49:27.860+0000] {processor.py:839} INFO - DAG(s) dict_keys(['example_dynamic_task_mapping']) retrieved from /home/airflow/.local/lib/python3.8/site-packages/airflow/example_dags/example_dynamic_task_mapping.py
[2023-12-01T11:49:27.898+0000] {logging_mixin.py:151} INFO - [2023-12-01T11:49:27.897+0000] {dag.py:2915} INFO - Sync 1 DAGs
[2023-12-01T11:49:27.918+0000] {logging_mixin.py:151} INFO - [2023-12-01T11:49:27.918+0000] {dag.py:3696} INFO - Setting next_dagrun for example_dynamic_task_mapping to 2022-03-04T00:00:00+00:00, run_after=2022-03-05T00:00:00+00:00
[2023-12-01T11:49:27.929+0000] {processor.py:179} INFO - Processing /home/airflow/.local/lib/python3.8/site-packages/airflow/example_dags/example_dynamic_task_mapping.py took 0.089 seconds
[2023-12-01T11:49:58.027+0000] {processor.py:157} INFO - Started process (PID=46297) to work on /home/airflow/.local/lib/python3.8/site-packages/airflow/example_dags/example_dynamic_task_mapping.py
[2023-12-01T11:49:58.028+0000] {processor.py:829} INFO - Processing file /home/airflow/.local/lib/python3.8/site-packages/airflow/example_dags/example_dynamic_task_mapping.py for tasks to queue
[2023-12-01T11:49:58.030+0000] {logging_mixin.py:151} INFO - [2023-12-01T11:49:58.030+0000] {dagbag.py:539} INFO - Filling up the DagBag from /home/airflow/.local/lib/python3.8/site-packages/airflow/example_dags/example_dynamic_task_mapping.py
[2023-12-01T11:49:58.035+0000] {processor.py:839} INFO - DAG(s) dict_keys(['example_dynamic_task_mapping']) retrieved from /home/airflow/.local/lib/python3.8/site-packages/airflow/example_dags/example_dynamic_task_mapping.py
[2023-12-01T11:49:58.061+0000] {logging_mixin.py:151} INFO - [2023-12-01T11:49:58.060+0000] {dag.py:2915} INFO - Sync 1 DAGs
[2023-12-01T11:49:58.086+0000] {logging_mixin.py:151} INFO - [2023-12-01T11:49:58.086+0000] {dag.py:3696} INFO - Setting next_dagrun for example_dynamic_task_mapping to 2022-03-04T00:00:00+00:00, run_after=2022-03-05T00:00:00+00:00
[2023-12-01T11:49:58.115+0000] {processor.py:179} INFO - Processing /home/airflow/.local/lib/python3.8/site-packages/airflow/example_dags/example_dynamic_task_mapping.py took 0.092 seconds
[2023-12-01T11:50:28.258+0000] {processor.py:157} INFO - Started process (PID=46351) to work on /home/airflow/.local/lib/python3.8/site-packages/airflow/example_dags/example_dynamic_task_mapping.py
[2023-12-01T11:50:28.259+0000] {processor.py:829} INFO - Processing file /home/airflow/.local/lib/python3.8/site-packages/airflow/example_dags/example_dynamic_task_mapping.py for tasks to queue
[2023-12-01T11:50:28.262+0000] {logging_mixin.py:151} INFO - [2023-12-01T11:50:28.262+0000] {dagbag.py:539} INFO - Filling up the DagBag from /home/airflow/.local/lib/python3.8/site-packages/airflow/example_dags/example_dynamic_task_mapping.py
[2023-12-01T11:50:28.266+0000] {processor.py:839} INFO - DAG(s) dict_keys(['example_dynamic_task_mapping']) retrieved from /home/airflow/.local/lib/python3.8/site-packages/airflow/example_dags/example_dynamic_task_mapping.py
[2023-12-01T11:50:28.286+0000] {logging_mixin.py:151} INFO - [2023-12-01T11:50:28.286+0000] {dag.py:2915} INFO - Sync 1 DAGs
[2023-12-01T11:50:28.316+0000] {logging_mixin.py:151} INFO - [2023-12-01T11:50:28.316+0000] {dag.py:3696} INFO - Setting next_dagrun for example_dynamic_task_mapping to 2022-03-04T00:00:00+00:00, run_after=2022-03-05T00:00:00+00:00
[2023-12-01T11:50:28.347+0000] {processor.py:179} INFO - Processing /home/airflow/.local/lib/python3.8/site-packages/airflow/example_dags/example_dynamic_task_mapping.py took 0.092 seconds
[2023-12-01T11:50:58.842+0000] {processor.py:157} INFO - Started process (PID=46405) to work on /home/airflow/.local/lib/python3.8/site-packages/airflow/example_dags/example_dynamic_task_mapping.py
[2023-12-01T11:50:58.843+0000] {processor.py:829} INFO - Processing file /home/airflow/.local/lib/python3.8/site-packages/airflow/example_dags/example_dynamic_task_mapping.py for tasks to queue
[2023-12-01T11:50:58.845+0000] {logging_mixin.py:151} INFO - [2023-12-01T11:50:58.845+0000] {dagbag.py:539} INFO - Filling up the DagBag from /home/airflow/.local/lib/python3.8/site-packages/airflow/example_dags/example_dynamic_task_mapping.py
[2023-12-01T11:50:58.850+0000] {processor.py:839} INFO - DAG(s) dict_keys(['example_dynamic_task_mapping']) retrieved from /home/airflow/.local/lib/python3.8/site-packages/airflow/example_dags/example_dynamic_task_mapping.py
[2023-12-01T11:50:58.863+0000] {logging_mixin.py:151} INFO - [2023-12-01T11:50:58.863+0000] {dag.py:2915} INFO - Sync 1 DAGs
[2023-12-01T11:50:58.874+0000] {logging_mixin.py:151} INFO - [2023-12-01T11:50:58.874+0000] {dag.py:3696} INFO - Setting next_dagrun for example_dynamic_task_mapping to 2022-03-04T00:00:00+00:00, run_after=2022-03-05T00:00:00+00:00
[2023-12-01T11:50:58.883+0000] {processor.py:179} INFO - Processing /home/airflow/.local/lib/python3.8/site-packages/airflow/example_dags/example_dynamic_task_mapping.py took 0.044 seconds
[2023-12-01T11:51:29.758+0000] {processor.py:157} INFO - Started process (PID=46459) to work on /home/airflow/.local/lib/python3.8/site-packages/airflow/example_dags/example_dynamic_task_mapping.py
[2023-12-01T11:51:29.759+0000] {processor.py:829} INFO - Processing file /home/airflow/.local/lib/python3.8/site-packages/airflow/example_dags/example_dynamic_task_mapping.py for tasks to queue
[2023-12-01T11:51:29.761+0000] {logging_mixin.py:151} INFO - [2023-12-01T11:51:29.761+0000] {dagbag.py:539} INFO - Filling up the DagBag from /home/airflow/.local/lib/python3.8/site-packages/airflow/example_dags/example_dynamic_task_mapping.py
[2023-12-01T11:51:29.765+0000] {processor.py:839} INFO - DAG(s) dict_keys(['example_dynamic_task_mapping']) retrieved from /home/airflow/.local/lib/python3.8/site-packages/airflow/example_dags/example_dynamic_task_mapping.py
[2023-12-01T11:51:29.778+0000] {logging_mixin.py:151} INFO - [2023-12-01T11:51:29.777+0000] {dag.py:2915} INFO - Sync 1 DAGs
[2023-12-01T11:51:29.789+0000] {logging_mixin.py:151} INFO - [2023-12-01T11:51:29.789+0000] {dag.py:3696} INFO - Setting next_dagrun for example_dynamic_task_mapping to 2022-03-04T00:00:00+00:00, run_after=2022-03-05T00:00:00+00:00
[2023-12-01T11:51:29.798+0000] {processor.py:179} INFO - Processing /home/airflow/.local/lib/python3.8/site-packages/airflow/example_dags/example_dynamic_task_mapping.py took 0.042 seconds
[2023-12-01T11:52:00.158+0000] {processor.py:157} INFO - Started process (PID=46513) to work on /home/airflow/.local/lib/python3.8/site-packages/airflow/example_dags/example_dynamic_task_mapping.py
[2023-12-01T11:52:00.160+0000] {processor.py:829} INFO - Processing file /home/airflow/.local/lib/python3.8/site-packages/airflow/example_dags/example_dynamic_task_mapping.py for tasks to queue
[2023-12-01T11:52:00.164+0000] {logging_mixin.py:151} INFO - [2023-12-01T11:52:00.163+0000] {dagbag.py:539} INFO - Filling up the DagBag from /home/airflow/.local/lib/python3.8/site-packages/airflow/example_dags/example_dynamic_task_mapping.py
[2023-12-01T11:52:00.180+0000] {processor.py:839} INFO - DAG(s) dict_keys(['example_dynamic_task_mapping']) retrieved from /home/airflow/.local/lib/python3.8/site-packages/airflow/example_dags/example_dynamic_task_mapping.py
[2023-12-01T11:52:00.204+0000] {logging_mixin.py:151} INFO - [2023-12-01T11:52:00.204+0000] {dag.py:2915} INFO - Sync 1 DAGs
[2023-12-01T11:52:00.223+0000] {logging_mixin.py:151} INFO - [2023-12-01T11:52:00.223+0000] {dag.py:3696} INFO - Setting next_dagrun for example_dynamic_task_mapping to 2022-03-04T00:00:00+00:00, run_after=2022-03-05T00:00:00+00:00
[2023-12-01T11:52:00.245+0000] {processor.py:179} INFO - Processing /home/airflow/.local/lib/python3.8/site-packages/airflow/example_dags/example_dynamic_task_mapping.py took 0.092 seconds
[2023-12-01T11:52:30.905+0000] {processor.py:157} INFO - Started process (PID=46567) to work on /home/airflow/.local/lib/python3.8/site-packages/airflow/example_dags/example_dynamic_task_mapping.py
[2023-12-01T11:52:30.907+0000] {processor.py:829} INFO - Processing file /home/airflow/.local/lib/python3.8/site-packages/airflow/example_dags/example_dynamic_task_mapping.py for tasks to queue
[2023-12-01T11:52:30.910+0000] {logging_mixin.py:151} INFO - [2023-12-01T11:52:30.909+0000] {dagbag.py:539} INFO - Filling up the DagBag from /home/airflow/.local/lib/python3.8/site-packages/airflow/example_dags/example_dynamic_task_mapping.py
[2023-12-01T11:52:30.918+0000] {processor.py:839} INFO - DAG(s) dict_keys(['example_dynamic_task_mapping']) retrieved from /home/airflow/.local/lib/python3.8/site-packages/airflow/example_dags/example_dynamic_task_mapping.py
[2023-12-01T11:52:30.950+0000] {logging_mixin.py:151} INFO - [2023-12-01T11:52:30.950+0000] {dag.py:2915} INFO - Sync 1 DAGs
[2023-12-01T11:52:30.968+0000] {logging_mixin.py:151} INFO - [2023-12-01T11:52:30.968+0000] {dag.py:3696} INFO - Setting next_dagrun for example_dynamic_task_mapping to 2022-03-04T00:00:00+00:00, run_after=2022-03-05T00:00:00+00:00
[2023-12-01T11:52:30.985+0000] {processor.py:179} INFO - Processing /home/airflow/.local/lib/python3.8/site-packages/airflow/example_dags/example_dynamic_task_mapping.py took 0.086 seconds
[2023-12-01T11:53:01.434+0000] {processor.py:157} INFO - Started process (PID=46621) to work on /home/airflow/.local/lib/python3.8/site-packages/airflow/example_dags/example_dynamic_task_mapping.py
[2023-12-01T11:53:01.435+0000] {processor.py:829} INFO - Processing file /home/airflow/.local/lib/python3.8/site-packages/airflow/example_dags/example_dynamic_task_mapping.py for tasks to queue
[2023-12-01T11:53:01.439+0000] {logging_mixin.py:151} INFO - [2023-12-01T11:53:01.439+0000] {dagbag.py:539} INFO - Filling up the DagBag from /home/airflow/.local/lib/python3.8/site-packages/airflow/example_dags/example_dynamic_task_mapping.py
[2023-12-01T11:53:01.452+0000] {processor.py:839} INFO - DAG(s) dict_keys(['example_dynamic_task_mapping']) retrieved from /home/airflow/.local/lib/python3.8/site-packages/airflow/example_dags/example_dynamic_task_mapping.py
[2023-12-01T11:53:01.480+0000] {logging_mixin.py:151} INFO - [2023-12-01T11:53:01.479+0000] {dag.py:2915} INFO - Sync 1 DAGs
[2023-12-01T11:53:01.495+0000] {logging_mixin.py:151} INFO - [2023-12-01T11:53:01.494+0000] {dag.py:3696} INFO - Setting next_dagrun for example_dynamic_task_mapping to 2022-03-04T00:00:00+00:00, run_after=2022-03-05T00:00:00+00:00
[2023-12-01T11:53:01.509+0000] {processor.py:179} INFO - Processing /home/airflow/.local/lib/python3.8/site-packages/airflow/example_dags/example_dynamic_task_mapping.py took 0.079 seconds
[2023-12-01T11:53:32.445+0000] {processor.py:157} INFO - Started process (PID=46675) to work on /home/airflow/.local/lib/python3.8/site-packages/airflow/example_dags/example_dynamic_task_mapping.py
[2023-12-01T11:53:32.446+0000] {processor.py:829} INFO - Processing file /home/airflow/.local/lib/python3.8/site-packages/airflow/example_dags/example_dynamic_task_mapping.py for tasks to queue
[2023-12-01T11:53:32.448+0000] {logging_mixin.py:151} INFO - [2023-12-01T11:53:32.448+0000] {dagbag.py:539} INFO - Filling up the DagBag from /home/airflow/.local/lib/python3.8/site-packages/airflow/example_dags/example_dynamic_task_mapping.py
[2023-12-01T11:53:32.452+0000] {processor.py:839} INFO - DAG(s) dict_keys(['example_dynamic_task_mapping']) retrieved from /home/airflow/.local/lib/python3.8/site-packages/airflow/example_dags/example_dynamic_task_mapping.py
[2023-12-01T11:53:32.465+0000] {logging_mixin.py:151} INFO - [2023-12-01T11:53:32.465+0000] {dag.py:2915} INFO - Sync 1 DAGs
[2023-12-01T11:53:32.476+0000] {logging_mixin.py:151} INFO - [2023-12-01T11:53:32.476+0000] {dag.py:3696} INFO - Setting next_dagrun for example_dynamic_task_mapping to 2022-03-04T00:00:00+00:00, run_after=2022-03-05T00:00:00+00:00
[2023-12-01T11:53:32.485+0000] {processor.py:179} INFO - Processing /home/airflow/.local/lib/python3.8/site-packages/airflow/example_dags/example_dynamic_task_mapping.py took 0.042 seconds
[2023-12-01T11:54:02.854+0000] {processor.py:157} INFO - Started process (PID=46729) to work on /home/airflow/.local/lib/python3.8/site-packages/airflow/example_dags/example_dynamic_task_mapping.py
[2023-12-01T11:54:02.855+0000] {processor.py:829} INFO - Processing file /home/airflow/.local/lib/python3.8/site-packages/airflow/example_dags/example_dynamic_task_mapping.py for tasks to queue
[2023-12-01T11:54:02.857+0000] {logging_mixin.py:151} INFO - [2023-12-01T11:54:02.857+0000] {dagbag.py:539} INFO - Filling up the DagBag from /home/airflow/.local/lib/python3.8/site-packages/airflow/example_dags/example_dynamic_task_mapping.py
[2023-12-01T11:54:02.862+0000] {processor.py:839} INFO - DAG(s) dict_keys(['example_dynamic_task_mapping']) retrieved from /home/airflow/.local/lib/python3.8/site-packages/airflow/example_dags/example_dynamic_task_mapping.py
[2023-12-01T11:54:02.875+0000] {logging_mixin.py:151} INFO - [2023-12-01T11:54:02.875+0000] {dag.py:2915} INFO - Sync 1 DAGs
[2023-12-01T11:54:02.887+0000] {logging_mixin.py:151} INFO - [2023-12-01T11:54:02.887+0000] {dag.py:3696} INFO - Setting next_dagrun for example_dynamic_task_mapping to 2022-03-04T00:00:00+00:00, run_after=2022-03-05T00:00:00+00:00
[2023-12-01T11:54:02.896+0000] {processor.py:179} INFO - Processing /home/airflow/.local/lib/python3.8/site-packages/airflow/example_dags/example_dynamic_task_mapping.py took 0.046 seconds
[2023-12-01T11:54:33.234+0000] {processor.py:157} INFO - Started process (PID=46783) to work on /home/airflow/.local/lib/python3.8/site-packages/airflow/example_dags/example_dynamic_task_mapping.py
[2023-12-01T11:54:33.235+0000] {processor.py:829} INFO - Processing file /home/airflow/.local/lib/python3.8/site-packages/airflow/example_dags/example_dynamic_task_mapping.py for tasks to queue
[2023-12-01T11:54:33.237+0000] {logging_mixin.py:151} INFO - [2023-12-01T11:54:33.237+0000] {dagbag.py:539} INFO - Filling up the DagBag from /home/airflow/.local/lib/python3.8/site-packages/airflow/example_dags/example_dynamic_task_mapping.py
[2023-12-01T11:54:33.242+0000] {processor.py:839} INFO - DAG(s) dict_keys(['example_dynamic_task_mapping']) retrieved from /home/airflow/.local/lib/python3.8/site-packages/airflow/example_dags/example_dynamic_task_mapping.py
[2023-12-01T11:54:33.255+0000] {logging_mixin.py:151} INFO - [2023-12-01T11:54:33.255+0000] {dag.py:2915} INFO - Sync 1 DAGs
[2023-12-01T11:54:33.266+0000] {logging_mixin.py:151} INFO - [2023-12-01T11:54:33.266+0000] {dag.py:3696} INFO - Setting next_dagrun for example_dynamic_task_mapping to 2022-03-04T00:00:00+00:00, run_after=2022-03-05T00:00:00+00:00
[2023-12-01T11:54:33.280+0000] {processor.py:179} INFO - Processing /home/airflow/.local/lib/python3.8/site-packages/airflow/example_dags/example_dynamic_task_mapping.py took 0.049 seconds
[2023-12-01T11:55:05.095+0000] {processor.py:157} INFO - Started process (PID=46836) to work on /home/airflow/.local/lib/python3.8/site-packages/airflow/example_dags/example_dynamic_task_mapping.py
[2023-12-01T11:55:05.103+0000] {processor.py:829} INFO - Processing file /home/airflow/.local/lib/python3.8/site-packages/airflow/example_dags/example_dynamic_task_mapping.py for tasks to queue
[2023-12-01T11:55:05.108+0000] {logging_mixin.py:151} INFO - [2023-12-01T11:55:05.107+0000] {dagbag.py:539} INFO - Filling up the DagBag from /home/airflow/.local/lib/python3.8/site-packages/airflow/example_dags/example_dynamic_task_mapping.py
[2023-12-01T11:55:05.141+0000] {processor.py:839} INFO - DAG(s) dict_keys(['example_dynamic_task_mapping']) retrieved from /home/airflow/.local/lib/python3.8/site-packages/airflow/example_dags/example_dynamic_task_mapping.py
[2023-12-01T11:55:05.196+0000] {logging_mixin.py:151} INFO - [2023-12-01T11:55:05.195+0000] {dag.py:2915} INFO - Sync 1 DAGs
[2023-12-01T11:55:05.248+0000] {logging_mixin.py:151} INFO - [2023-12-01T11:55:05.247+0000] {dag.py:3696} INFO - Setting next_dagrun for example_dynamic_task_mapping to 2022-03-04T00:00:00+00:00, run_after=2022-03-05T00:00:00+00:00
[2023-12-01T11:55:05.290+0000] {processor.py:179} INFO - Processing /home/airflow/.local/lib/python3.8/site-packages/airflow/example_dags/example_dynamic_task_mapping.py took 0.223 seconds
[2023-12-01T11:55:35.808+0000] {processor.py:157} INFO - Started process (PID=46890) to work on /home/airflow/.local/lib/python3.8/site-packages/airflow/example_dags/example_dynamic_task_mapping.py
[2023-12-01T11:55:35.809+0000] {processor.py:829} INFO - Processing file /home/airflow/.local/lib/python3.8/site-packages/airflow/example_dags/example_dynamic_task_mapping.py for tasks to queue
[2023-12-01T11:55:35.811+0000] {logging_mixin.py:151} INFO - [2023-12-01T11:55:35.811+0000] {dagbag.py:539} INFO - Filling up the DagBag from /home/airflow/.local/lib/python3.8/site-packages/airflow/example_dags/example_dynamic_task_mapping.py
[2023-12-01T11:55:35.815+0000] {processor.py:839} INFO - DAG(s) dict_keys(['example_dynamic_task_mapping']) retrieved from /home/airflow/.local/lib/python3.8/site-packages/airflow/example_dags/example_dynamic_task_mapping.py
[2023-12-01T11:55:35.828+0000] {logging_mixin.py:151} INFO - [2023-12-01T11:55:35.828+0000] {dag.py:2915} INFO - Sync 1 DAGs
[2023-12-01T11:55:35.841+0000] {logging_mixin.py:151} INFO - [2023-12-01T11:55:35.841+0000] {dag.py:3696} INFO - Setting next_dagrun for example_dynamic_task_mapping to 2022-03-04T00:00:00+00:00, run_after=2022-03-05T00:00:00+00:00
[2023-12-01T11:55:35.857+0000] {processor.py:179} INFO - Processing /home/airflow/.local/lib/python3.8/site-packages/airflow/example_dags/example_dynamic_task_mapping.py took 0.051 seconds
[2023-12-01T11:56:06.626+0000] {processor.py:157} INFO - Started process (PID=46944) to work on /home/airflow/.local/lib/python3.8/site-packages/airflow/example_dags/example_dynamic_task_mapping.py
[2023-12-01T11:56:06.628+0000] {processor.py:829} INFO - Processing file /home/airflow/.local/lib/python3.8/site-packages/airflow/example_dags/example_dynamic_task_mapping.py for tasks to queue
[2023-12-01T11:56:06.631+0000] {logging_mixin.py:151} INFO - [2023-12-01T11:56:06.630+0000] {dagbag.py:539} INFO - Filling up the DagBag from /home/airflow/.local/lib/python3.8/site-packages/airflow/example_dags/example_dynamic_task_mapping.py
[2023-12-01T11:56:06.639+0000] {processor.py:839} INFO - DAG(s) dict_keys(['example_dynamic_task_mapping']) retrieved from /home/airflow/.local/lib/python3.8/site-packages/airflow/example_dags/example_dynamic_task_mapping.py
[2023-12-01T11:56:06.654+0000] {logging_mixin.py:151} INFO - [2023-12-01T11:56:06.654+0000] {dag.py:2915} INFO - Sync 1 DAGs
[2023-12-01T11:56:06.665+0000] {logging_mixin.py:151} INFO - [2023-12-01T11:56:06.665+0000] {dag.py:3696} INFO - Setting next_dagrun for example_dynamic_task_mapping to 2022-03-04T00:00:00+00:00, run_after=2022-03-05T00:00:00+00:00
[2023-12-01T11:56:06.675+0000] {processor.py:179} INFO - Processing /home/airflow/.local/lib/python3.8/site-packages/airflow/example_dags/example_dynamic_task_mapping.py took 0.051 seconds
[2023-12-01T12:09:22.080+0000] {processor.py:157} INFO - Started process (PID=46992) to work on /home/airflow/.local/lib/python3.8/site-packages/airflow/example_dags/example_dynamic_task_mapping.py
[2023-12-01T12:09:22.084+0000] {processor.py:829} INFO - Processing file /home/airflow/.local/lib/python3.8/site-packages/airflow/example_dags/example_dynamic_task_mapping.py for tasks to queue
[2023-12-01T12:09:22.100+0000] {logging_mixin.py:151} INFO - [2023-12-01T12:09:22.099+0000] {dagbag.py:539} INFO - Filling up the DagBag from /home/airflow/.local/lib/python3.8/site-packages/airflow/example_dags/example_dynamic_task_mapping.py
[2023-12-01T12:09:22.145+0000] {processor.py:839} INFO - DAG(s) dict_keys(['example_dynamic_task_mapping']) retrieved from /home/airflow/.local/lib/python3.8/site-packages/airflow/example_dags/example_dynamic_task_mapping.py
[2023-12-01T12:09:22.269+0000] {logging_mixin.py:151} INFO - [2023-12-01T12:09:22.269+0000] {dag.py:2915} INFO - Sync 1 DAGs
[2023-12-01T12:09:22.358+0000] {logging_mixin.py:151} INFO - [2023-12-01T12:09:22.358+0000] {dag.py:3696} INFO - Setting next_dagrun for example_dynamic_task_mapping to 2022-03-04T00:00:00+00:00, run_after=2022-03-05T00:00:00+00:00
[2023-12-01T12:09:22.407+0000] {processor.py:179} INFO - Processing /home/airflow/.local/lib/python3.8/site-packages/airflow/example_dags/example_dynamic_task_mapping.py took 0.360 seconds
[2023-12-01T12:43:10.941+0000] {processor.py:157} INFO - Started process (PID=47046) to work on /home/airflow/.local/lib/python3.8/site-packages/airflow/example_dags/example_dynamic_task_mapping.py
[2023-12-01T12:43:10.952+0000] {processor.py:829} INFO - Processing file /home/airflow/.local/lib/python3.8/site-packages/airflow/example_dags/example_dynamic_task_mapping.py for tasks to queue
[2023-12-01T12:43:10.981+0000] {logging_mixin.py:151} INFO - [2023-12-01T12:43:10.978+0000] {dagbag.py:539} INFO - Filling up the DagBag from /home/airflow/.local/lib/python3.8/site-packages/airflow/example_dags/example_dynamic_task_mapping.py
[2023-12-01T12:43:11.067+0000] {processor.py:839} INFO - DAG(s) dict_keys(['example_dynamic_task_mapping']) retrieved from /home/airflow/.local/lib/python3.8/site-packages/airflow/example_dags/example_dynamic_task_mapping.py
[2023-12-01T12:43:11.161+0000] {logging_mixin.py:151} INFO - [2023-12-01T12:43:11.161+0000] {dag.py:2915} INFO - Sync 1 DAGs
[2023-12-01T12:43:11.224+0000] {logging_mixin.py:151} INFO - [2023-12-01T12:43:11.224+0000] {dag.py:3696} INFO - Setting next_dagrun for example_dynamic_task_mapping to 2022-03-04T00:00:00+00:00, run_after=2022-03-05T00:00:00+00:00
[2023-12-01T12:43:11.281+0000] {processor.py:179} INFO - Processing /home/airflow/.local/lib/python3.8/site-packages/airflow/example_dags/example_dynamic_task_mapping.py took 0.390 seconds
[2023-12-01T12:53:54.623+0000] {processor.py:157} INFO - Started process (PID=47100) to work on /home/airflow/.local/lib/python3.8/site-packages/airflow/example_dags/example_dynamic_task_mapping.py
[2023-12-01T12:53:54.626+0000] {processor.py:829} INFO - Processing file /home/airflow/.local/lib/python3.8/site-packages/airflow/example_dags/example_dynamic_task_mapping.py for tasks to queue
[2023-12-01T12:53:54.627+0000] {logging_mixin.py:151} INFO - [2023-12-01T12:53:54.627+0000] {dagbag.py:539} INFO - Filling up the DagBag from /home/airflow/.local/lib/python3.8/site-packages/airflow/example_dags/example_dynamic_task_mapping.py
[2023-12-01T12:53:54.632+0000] {processor.py:839} INFO - DAG(s) dict_keys(['example_dynamic_task_mapping']) retrieved from /home/airflow/.local/lib/python3.8/site-packages/airflow/example_dags/example_dynamic_task_mapping.py
[2023-12-01T12:53:54.646+0000] {logging_mixin.py:151} INFO - [2023-12-01T12:53:54.646+0000] {dag.py:2915} INFO - Sync 1 DAGs
[2023-12-01T12:53:54.660+0000] {logging_mixin.py:151} INFO - [2023-12-01T12:53:54.660+0000] {dag.py:3696} INFO - Setting next_dagrun for example_dynamic_task_mapping to 2022-03-04T00:00:00+00:00, run_after=2022-03-05T00:00:00+00:00
[2023-12-01T12:53:54.676+0000] {processor.py:179} INFO - Processing /home/airflow/.local/lib/python3.8/site-packages/airflow/example_dags/example_dynamic_task_mapping.py took 0.056 seconds
[2023-12-01T13:07:27.907+0000] {processor.py:157} INFO - Started process (PID=47154) to work on /home/airflow/.local/lib/python3.8/site-packages/airflow/example_dags/example_dynamic_task_mapping.py
[2023-12-01T13:07:27.910+0000] {processor.py:829} INFO - Processing file /home/airflow/.local/lib/python3.8/site-packages/airflow/example_dags/example_dynamic_task_mapping.py for tasks to queue
[2023-12-01T13:07:27.925+0000] {logging_mixin.py:151} INFO - [2023-12-01T13:07:27.924+0000] {dagbag.py:539} INFO - Filling up the DagBag from /home/airflow/.local/lib/python3.8/site-packages/airflow/example_dags/example_dynamic_task_mapping.py
[2023-12-01T13:07:27.951+0000] {processor.py:839} INFO - DAG(s) dict_keys(['example_dynamic_task_mapping']) retrieved from /home/airflow/.local/lib/python3.8/site-packages/airflow/example_dags/example_dynamic_task_mapping.py
[2023-12-01T13:07:28.024+0000] {logging_mixin.py:151} INFO - [2023-12-01T13:07:28.023+0000] {dag.py:2915} INFO - Sync 1 DAGs
[2023-12-01T13:07:28.079+0000] {logging_mixin.py:151} INFO - [2023-12-01T13:07:28.079+0000] {dag.py:3696} INFO - Setting next_dagrun for example_dynamic_task_mapping to 2022-03-04T00:00:00+00:00, run_after=2022-03-05T00:00:00+00:00
[2023-12-01T13:07:28.126+0000] {processor.py:179} INFO - Processing /home/airflow/.local/lib/python3.8/site-packages/airflow/example_dags/example_dynamic_task_mapping.py took 0.230 seconds
[2023-12-01T13:10:45.812+0000] {processor.py:157} INFO - Started process (PID=47208) to work on /home/airflow/.local/lib/python3.8/site-packages/airflow/example_dags/example_dynamic_task_mapping.py
[2023-12-01T13:10:45.815+0000] {processor.py:829} INFO - Processing file /home/airflow/.local/lib/python3.8/site-packages/airflow/example_dags/example_dynamic_task_mapping.py for tasks to queue
[2023-12-01T13:10:45.821+0000] {logging_mixin.py:151} INFO - [2023-12-01T13:10:45.819+0000] {dagbag.py:539} INFO - Filling up the DagBag from /home/airflow/.local/lib/python3.8/site-packages/airflow/example_dags/example_dynamic_task_mapping.py
[2023-12-01T13:10:45.861+0000] {processor.py:839} INFO - DAG(s) dict_keys(['example_dynamic_task_mapping']) retrieved from /home/airflow/.local/lib/python3.8/site-packages/airflow/example_dags/example_dynamic_task_mapping.py
[2023-12-01T13:10:45.958+0000] {logging_mixin.py:151} INFO - [2023-12-01T13:10:45.957+0000] {dag.py:2915} INFO - Sync 1 DAGs
[2023-12-01T13:10:46.014+0000] {logging_mixin.py:151} INFO - [2023-12-01T13:10:46.013+0000] {dag.py:3696} INFO - Setting next_dagrun for example_dynamic_task_mapping to 2022-03-04T00:00:00+00:00, run_after=2022-03-05T00:00:00+00:00
[2023-12-01T13:10:46.065+0000] {processor.py:179} INFO - Processing /home/airflow/.local/lib/python3.8/site-packages/airflow/example_dags/example_dynamic_task_mapping.py took 0.262 seconds
[2023-12-01T14:00:27.936+0000] {processor.py:157} INFO - Started process (PID=47262) to work on /home/airflow/.local/lib/python3.8/site-packages/airflow/example_dags/example_dynamic_task_mapping.py
[2023-12-01T14:00:27.942+0000] {processor.py:829} INFO - Processing file /home/airflow/.local/lib/python3.8/site-packages/airflow/example_dags/example_dynamic_task_mapping.py for tasks to queue
[2023-12-01T14:00:27.953+0000] {logging_mixin.py:151} INFO - [2023-12-01T14:00:27.952+0000] {dagbag.py:539} INFO - Filling up the DagBag from /home/airflow/.local/lib/python3.8/site-packages/airflow/example_dags/example_dynamic_task_mapping.py
[2023-12-01T14:00:28.008+0000] {processor.py:839} INFO - DAG(s) dict_keys(['example_dynamic_task_mapping']) retrieved from /home/airflow/.local/lib/python3.8/site-packages/airflow/example_dags/example_dynamic_task_mapping.py
[2023-12-01T14:00:28.063+0000] {logging_mixin.py:151} INFO - [2023-12-01T14:00:28.063+0000] {dag.py:2915} INFO - Sync 1 DAGs
[2023-12-01T14:00:28.085+0000] {logging_mixin.py:151} INFO - [2023-12-01T14:00:28.085+0000] {dag.py:3696} INFO - Setting next_dagrun for example_dynamic_task_mapping to 2022-03-04T00:00:00+00:00, run_after=2022-03-05T00:00:00+00:00
[2023-12-01T14:00:28.107+0000] {processor.py:179} INFO - Processing /home/airflow/.local/lib/python3.8/site-packages/airflow/example_dags/example_dynamic_task_mapping.py took 0.194 seconds
[2023-12-01T14:53:27.518+0000] {processor.py:157} INFO - Started process (PID=47316) to work on /home/airflow/.local/lib/python3.8/site-packages/airflow/example_dags/example_dynamic_task_mapping.py
[2023-12-01T14:53:27.522+0000] {processor.py:829} INFO - Processing file /home/airflow/.local/lib/python3.8/site-packages/airflow/example_dags/example_dynamic_task_mapping.py for tasks to queue
[2023-12-01T14:53:27.534+0000] {logging_mixin.py:151} INFO - [2023-12-01T14:53:27.532+0000] {dagbag.py:539} INFO - Filling up the DagBag from /home/airflow/.local/lib/python3.8/site-packages/airflow/example_dags/example_dynamic_task_mapping.py
[2023-12-01T14:53:27.574+0000] {processor.py:839} INFO - DAG(s) dict_keys(['example_dynamic_task_mapping']) retrieved from /home/airflow/.local/lib/python3.8/site-packages/airflow/example_dags/example_dynamic_task_mapping.py
[2023-12-01T14:53:27.742+0000] {logging_mixin.py:151} INFO - [2023-12-01T14:53:27.740+0000] {dag.py:2915} INFO - Sync 1 DAGs
[2023-12-01T14:53:27.853+0000] {logging_mixin.py:151} INFO - [2023-12-01T14:53:27.853+0000] {dag.py:3696} INFO - Setting next_dagrun for example_dynamic_task_mapping to 2022-03-04T00:00:00+00:00, run_after=2022-03-05T00:00:00+00:00
[2023-12-01T14:53:27.941+0000] {processor.py:179} INFO - Processing /home/airflow/.local/lib/python3.8/site-packages/airflow/example_dags/example_dynamic_task_mapping.py took 0.447 seconds
[2023-12-01T15:50:57.794+0000] {processor.py:157} INFO - Started process (PID=47370) to work on /home/airflow/.local/lib/python3.8/site-packages/airflow/example_dags/example_dynamic_task_mapping.py
[2023-12-01T15:50:57.797+0000] {processor.py:829} INFO - Processing file /home/airflow/.local/lib/python3.8/site-packages/airflow/example_dags/example_dynamic_task_mapping.py for tasks to queue
[2023-12-01T15:50:57.802+0000] {logging_mixin.py:151} INFO - [2023-12-01T15:50:57.802+0000] {dagbag.py:539} INFO - Filling up the DagBag from /home/airflow/.local/lib/python3.8/site-packages/airflow/example_dags/example_dynamic_task_mapping.py
[2023-12-01T15:50:57.827+0000] {processor.py:839} INFO - DAG(s) dict_keys(['example_dynamic_task_mapping']) retrieved from /home/airflow/.local/lib/python3.8/site-packages/airflow/example_dags/example_dynamic_task_mapping.py
[2023-12-01T15:50:57.902+0000] {logging_mixin.py:151} INFO - [2023-12-01T15:50:57.901+0000] {dag.py:2915} INFO - Sync 1 DAGs
[2023-12-01T15:50:57.958+0000] {logging_mixin.py:151} INFO - [2023-12-01T15:50:57.957+0000] {dag.py:3696} INFO - Setting next_dagrun for example_dynamic_task_mapping to 2022-03-04T00:00:00+00:00, run_after=2022-03-05T00:00:00+00:00
[2023-12-01T15:50:58.025+0000] {processor.py:179} INFO - Processing /home/airflow/.local/lib/python3.8/site-packages/airflow/example_dags/example_dynamic_task_mapping.py took 0.244 seconds
[2023-12-01T16:35:42.363+0000] {processor.py:157} INFO - Started process (PID=47424) to work on /home/airflow/.local/lib/python3.8/site-packages/airflow/example_dags/example_dynamic_task_mapping.py
[2023-12-01T16:35:42.365+0000] {processor.py:829} INFO - Processing file /home/airflow/.local/lib/python3.8/site-packages/airflow/example_dags/example_dynamic_task_mapping.py for tasks to queue
[2023-12-01T16:35:42.370+0000] {logging_mixin.py:151} INFO - [2023-12-01T16:35:42.369+0000] {dagbag.py:539} INFO - Filling up the DagBag from /home/airflow/.local/lib/python3.8/site-packages/airflow/example_dags/example_dynamic_task_mapping.py
[2023-12-01T16:35:42.390+0000] {processor.py:839} INFO - DAG(s) dict_keys(['example_dynamic_task_mapping']) retrieved from /home/airflow/.local/lib/python3.8/site-packages/airflow/example_dags/example_dynamic_task_mapping.py
[2023-12-01T16:35:42.441+0000] {logging_mixin.py:151} INFO - [2023-12-01T16:35:42.441+0000] {dag.py:2915} INFO - Sync 1 DAGs
[2023-12-01T16:35:42.512+0000] {logging_mixin.py:151} INFO - [2023-12-01T16:35:42.511+0000] {dag.py:3696} INFO - Setting next_dagrun for example_dynamic_task_mapping to 2022-03-04T00:00:00+00:00, run_after=2022-03-05T00:00:00+00:00
[2023-12-01T16:35:42.571+0000] {processor.py:179} INFO - Processing /home/airflow/.local/lib/python3.8/site-packages/airflow/example_dags/example_dynamic_task_mapping.py took 0.221 seconds
[2023-12-01T17:55:39.181+0000] {processor.py:157} INFO - Started process (PID=47478) to work on /home/airflow/.local/lib/python3.8/site-packages/airflow/example_dags/example_dynamic_task_mapping.py
[2023-12-01T17:55:39.182+0000] {processor.py:829} INFO - Processing file /home/airflow/.local/lib/python3.8/site-packages/airflow/example_dags/example_dynamic_task_mapping.py for tasks to queue
[2023-12-01T17:55:39.184+0000] {logging_mixin.py:151} INFO - [2023-12-01T17:55:39.184+0000] {dagbag.py:539} INFO - Filling up the DagBag from /home/airflow/.local/lib/python3.8/site-packages/airflow/example_dags/example_dynamic_task_mapping.py
[2023-12-01T17:55:39.194+0000] {processor.py:839} INFO - DAG(s) dict_keys(['example_dynamic_task_mapping']) retrieved from /home/airflow/.local/lib/python3.8/site-packages/airflow/example_dags/example_dynamic_task_mapping.py
[2023-12-01T17:55:39.256+0000] {logging_mixin.py:151} INFO - [2023-12-01T17:55:39.256+0000] {dag.py:2915} INFO - Sync 1 DAGs
[2023-12-01T17:55:39.276+0000] {logging_mixin.py:151} INFO - [2023-12-01T17:55:39.276+0000] {dag.py:3696} INFO - Setting next_dagrun for example_dynamic_task_mapping to 2022-03-04T00:00:00+00:00, run_after=2022-03-05T00:00:00+00:00
[2023-12-01T17:55:39.289+0000] {processor.py:179} INFO - Processing /home/airflow/.local/lib/python3.8/site-packages/airflow/example_dags/example_dynamic_task_mapping.py took 0.113 seconds
[2023-12-01T18:35:01.130+0000] {processor.py:157} INFO - Started process (PID=47532) to work on /home/airflow/.local/lib/python3.8/site-packages/airflow/example_dags/example_dynamic_task_mapping.py
[2023-12-01T18:35:01.133+0000] {processor.py:829} INFO - Processing file /home/airflow/.local/lib/python3.8/site-packages/airflow/example_dags/example_dynamic_task_mapping.py for tasks to queue
[2023-12-01T18:35:01.140+0000] {logging_mixin.py:151} INFO - [2023-12-01T18:35:01.139+0000] {dagbag.py:539} INFO - Filling up the DagBag from /home/airflow/.local/lib/python3.8/site-packages/airflow/example_dags/example_dynamic_task_mapping.py
[2023-12-01T18:35:01.151+0000] {processor.py:839} INFO - DAG(s) dict_keys(['example_dynamic_task_mapping']) retrieved from /home/airflow/.local/lib/python3.8/site-packages/airflow/example_dags/example_dynamic_task_mapping.py
[2023-12-01T18:35:01.206+0000] {logging_mixin.py:151} INFO - [2023-12-01T18:35:01.206+0000] {dag.py:2915} INFO - Sync 1 DAGs
[2023-12-01T18:35:01.238+0000] {logging_mixin.py:151} INFO - [2023-12-01T18:35:01.237+0000] {dag.py:3696} INFO - Setting next_dagrun for example_dynamic_task_mapping to 2022-03-04T00:00:00+00:00, run_after=2022-03-05T00:00:00+00:00
[2023-12-01T18:35:01.287+0000] {processor.py:179} INFO - Processing /home/airflow/.local/lib/python3.8/site-packages/airflow/example_dags/example_dynamic_task_mapping.py took 0.177 seconds
[2023-12-01T19:05:43.659+0000] {processor.py:157} INFO - Started process (PID=47586) to work on /home/airflow/.local/lib/python3.8/site-packages/airflow/example_dags/example_dynamic_task_mapping.py
[2023-12-01T19:05:43.662+0000] {processor.py:829} INFO - Processing file /home/airflow/.local/lib/python3.8/site-packages/airflow/example_dags/example_dynamic_task_mapping.py for tasks to queue
[2023-12-01T19:05:43.668+0000] {logging_mixin.py:151} INFO - [2023-12-01T19:05:43.667+0000] {dagbag.py:539} INFO - Filling up the DagBag from /home/airflow/.local/lib/python3.8/site-packages/airflow/example_dags/example_dynamic_task_mapping.py
[2023-12-01T19:05:43.681+0000] {processor.py:839} INFO - DAG(s) dict_keys(['example_dynamic_task_mapping']) retrieved from /home/airflow/.local/lib/python3.8/site-packages/airflow/example_dags/example_dynamic_task_mapping.py
[2023-12-01T19:05:43.723+0000] {logging_mixin.py:151} INFO - [2023-12-01T19:05:43.723+0000] {dag.py:2915} INFO - Sync 1 DAGs
[2023-12-01T19:05:43.742+0000] {logging_mixin.py:151} INFO - [2023-12-01T19:05:43.742+0000] {dag.py:3696} INFO - Setting next_dagrun for example_dynamic_task_mapping to 2022-03-04T00:00:00+00:00, run_after=2022-03-05T00:00:00+00:00
[2023-12-01T19:05:43.755+0000] {processor.py:179} INFO - Processing /home/airflow/.local/lib/python3.8/site-packages/airflow/example_dags/example_dynamic_task_mapping.py took 0.103 seconds
[2023-12-01T19:33:45.857+0000] {processor.py:157} INFO - Started process (PID=47640) to work on /home/airflow/.local/lib/python3.8/site-packages/airflow/example_dags/example_dynamic_task_mapping.py
[2023-12-01T19:33:45.861+0000] {processor.py:829} INFO - Processing file /home/airflow/.local/lib/python3.8/site-packages/airflow/example_dags/example_dynamic_task_mapping.py for tasks to queue
[2023-12-01T19:33:45.866+0000] {logging_mixin.py:151} INFO - [2023-12-01T19:33:45.866+0000] {dagbag.py:539} INFO - Filling up the DagBag from /home/airflow/.local/lib/python3.8/site-packages/airflow/example_dags/example_dynamic_task_mapping.py
[2023-12-01T19:33:45.878+0000] {processor.py:839} INFO - DAG(s) dict_keys(['example_dynamic_task_mapping']) retrieved from /home/airflow/.local/lib/python3.8/site-packages/airflow/example_dags/example_dynamic_task_mapping.py
[2023-12-01T19:33:45.926+0000] {logging_mixin.py:151} INFO - [2023-12-01T19:33:45.925+0000] {dag.py:2915} INFO - Sync 1 DAGs
[2023-12-01T19:33:45.965+0000] {logging_mixin.py:151} INFO - [2023-12-01T19:33:45.965+0000] {dag.py:3696} INFO - Setting next_dagrun for example_dynamic_task_mapping to 2022-03-04T00:00:00+00:00, run_after=2022-03-05T00:00:00+00:00
[2023-12-01T19:33:45.979+0000] {processor.py:179} INFO - Processing /home/airflow/.local/lib/python3.8/site-packages/airflow/example_dags/example_dynamic_task_mapping.py took 0.134 seconds
[2023-12-01T20:06:41.314+0000] {processor.py:157} INFO - Started process (PID=47694) to work on /home/airflow/.local/lib/python3.8/site-packages/airflow/example_dags/example_dynamic_task_mapping.py
[2023-12-01T20:06:41.322+0000] {processor.py:829} INFO - Processing file /home/airflow/.local/lib/python3.8/site-packages/airflow/example_dags/example_dynamic_task_mapping.py for tasks to queue
[2023-12-01T20:06:41.332+0000] {logging_mixin.py:151} INFO - [2023-12-01T20:06:41.332+0000] {dagbag.py:539} INFO - Filling up the DagBag from /home/airflow/.local/lib/python3.8/site-packages/airflow/example_dags/example_dynamic_task_mapping.py
[2023-12-01T20:06:41.372+0000] {processor.py:839} INFO - DAG(s) dict_keys(['example_dynamic_task_mapping']) retrieved from /home/airflow/.local/lib/python3.8/site-packages/airflow/example_dags/example_dynamic_task_mapping.py
[2023-12-01T20:06:41.471+0000] {logging_mixin.py:151} INFO - [2023-12-01T20:06:41.470+0000] {dag.py:2915} INFO - Sync 1 DAGs
[2023-12-01T20:06:41.550+0000] {logging_mixin.py:151} INFO - [2023-12-01T20:06:41.550+0000] {dag.py:3696} INFO - Setting next_dagrun for example_dynamic_task_mapping to 2022-03-04T00:00:00+00:00, run_after=2022-03-05T00:00:00+00:00
[2023-12-01T20:06:41.625+0000] {processor.py:179} INFO - Processing /home/airflow/.local/lib/python3.8/site-packages/airflow/example_dags/example_dynamic_task_mapping.py took 0.324 seconds
[2023-12-01T20:20:11.459+0000] {processor.py:157} INFO - Started process (PID=47748) to work on /home/airflow/.local/lib/python3.8/site-packages/airflow/example_dags/example_dynamic_task_mapping.py
[2023-12-01T20:20:11.462+0000] {processor.py:829} INFO - Processing file /home/airflow/.local/lib/python3.8/site-packages/airflow/example_dags/example_dynamic_task_mapping.py for tasks to queue
[2023-12-01T20:20:11.469+0000] {logging_mixin.py:151} INFO - [2023-12-01T20:20:11.468+0000] {dagbag.py:539} INFO - Filling up the DagBag from /home/airflow/.local/lib/python3.8/site-packages/airflow/example_dags/example_dynamic_task_mapping.py
[2023-12-01T20:20:11.513+0000] {processor.py:839} INFO - DAG(s) dict_keys(['example_dynamic_task_mapping']) retrieved from /home/airflow/.local/lib/python3.8/site-packages/airflow/example_dags/example_dynamic_task_mapping.py
[2023-12-01T20:20:11.593+0000] {logging_mixin.py:151} INFO - [2023-12-01T20:20:11.593+0000] {dag.py:2915} INFO - Sync 1 DAGs
[2023-12-01T20:20:11.652+0000] {logging_mixin.py:151} INFO - [2023-12-01T20:20:11.652+0000] {dag.py:3696} INFO - Setting next_dagrun for example_dynamic_task_mapping to 2022-03-04T00:00:00+00:00, run_after=2022-03-05T00:00:00+00:00
[2023-12-01T20:20:11.685+0000] {processor.py:179} INFO - Processing /home/airflow/.local/lib/python3.8/site-packages/airflow/example_dags/example_dynamic_task_mapping.py took 0.235 seconds
[2023-12-01T20:46:18.112+0000] {processor.py:157} INFO - Started process (PID=47802) to work on /home/airflow/.local/lib/python3.8/site-packages/airflow/example_dags/example_dynamic_task_mapping.py
[2023-12-01T20:46:18.121+0000] {processor.py:829} INFO - Processing file /home/airflow/.local/lib/python3.8/site-packages/airflow/example_dags/example_dynamic_task_mapping.py for tasks to queue
[2023-12-01T20:46:18.132+0000] {logging_mixin.py:151} INFO - [2023-12-01T20:46:18.131+0000] {dagbag.py:539} INFO - Filling up the DagBag from /home/airflow/.local/lib/python3.8/site-packages/airflow/example_dags/example_dynamic_task_mapping.py
[2023-12-01T20:46:18.153+0000] {processor.py:839} INFO - DAG(s) dict_keys(['example_dynamic_task_mapping']) retrieved from /home/airflow/.local/lib/python3.8/site-packages/airflow/example_dags/example_dynamic_task_mapping.py
[2023-12-01T20:46:18.203+0000] {logging_mixin.py:151} INFO - [2023-12-01T20:46:18.203+0000] {dag.py:2915} INFO - Sync 1 DAGs
[2023-12-01T20:46:18.233+0000] {logging_mixin.py:151} INFO - [2023-12-01T20:46:18.233+0000] {dag.py:3696} INFO - Setting next_dagrun for example_dynamic_task_mapping to 2022-03-04T00:00:00+00:00, run_after=2022-03-05T00:00:00+00:00
[2023-12-01T20:46:18.261+0000] {processor.py:179} INFO - Processing /home/airflow/.local/lib/python3.8/site-packages/airflow/example_dags/example_dynamic_task_mapping.py took 0.188 seconds
[2023-12-01T21:16:59.653+0000] {processor.py:157} INFO - Started process (PID=47856) to work on /home/airflow/.local/lib/python3.8/site-packages/airflow/example_dags/example_dynamic_task_mapping.py
[2023-12-01T21:16:59.655+0000] {processor.py:829} INFO - Processing file /home/airflow/.local/lib/python3.8/site-packages/airflow/example_dags/example_dynamic_task_mapping.py for tasks to queue
[2023-12-01T21:16:59.658+0000] {logging_mixin.py:151} INFO - [2023-12-01T21:16:59.658+0000] {dagbag.py:539} INFO - Filling up the DagBag from /home/airflow/.local/lib/python3.8/site-packages/airflow/example_dags/example_dynamic_task_mapping.py
[2023-12-01T21:16:59.680+0000] {processor.py:839} INFO - DAG(s) dict_keys(['example_dynamic_task_mapping']) retrieved from /home/airflow/.local/lib/python3.8/site-packages/airflow/example_dags/example_dynamic_task_mapping.py
[2023-12-01T21:16:59.716+0000] {logging_mixin.py:151} INFO - [2023-12-01T21:16:59.716+0000] {dag.py:2915} INFO - Sync 1 DAGs
[2023-12-01T21:16:59.747+0000] {logging_mixin.py:151} INFO - [2023-12-01T21:16:59.746+0000] {dag.py:3696} INFO - Setting next_dagrun for example_dynamic_task_mapping to 2022-03-04T00:00:00+00:00, run_after=2022-03-05T00:00:00+00:00
[2023-12-01T21:17:00.030+0000] {processor.py:179} INFO - Processing /home/airflow/.local/lib/python3.8/site-packages/airflow/example_dags/example_dynamic_task_mapping.py took 0.384 seconds
[2023-12-01T22:08:33.745+0000] {processor.py:157} INFO - Started process (PID=47910) to work on /home/airflow/.local/lib/python3.8/site-packages/airflow/example_dags/example_dynamic_task_mapping.py
[2023-12-01T22:08:33.756+0000] {processor.py:829} INFO - Processing file /home/airflow/.local/lib/python3.8/site-packages/airflow/example_dags/example_dynamic_task_mapping.py for tasks to queue
[2023-12-01T22:08:33.779+0000] {logging_mixin.py:151} INFO - [2023-12-01T22:08:33.776+0000] {dagbag.py:539} INFO - Filling up the DagBag from /home/airflow/.local/lib/python3.8/site-packages/airflow/example_dags/example_dynamic_task_mapping.py
[2023-12-01T22:08:33.805+0000] {processor.py:839} INFO - DAG(s) dict_keys(['example_dynamic_task_mapping']) retrieved from /home/airflow/.local/lib/python3.8/site-packages/airflow/example_dags/example_dynamic_task_mapping.py
[2023-12-01T22:08:33.954+0000] {logging_mixin.py:151} INFO - [2023-12-01T22:08:33.953+0000] {dag.py:2915} INFO - Sync 1 DAGs
[2023-12-01T22:08:34.031+0000] {logging_mixin.py:151} INFO - [2023-12-01T22:08:34.030+0000] {dag.py:3696} INFO - Setting next_dagrun for example_dynamic_task_mapping to 2022-03-04T00:00:00+00:00, run_after=2022-03-05T00:00:00+00:00
[2023-12-01T22:08:34.096+0000] {processor.py:179} INFO - Processing /home/airflow/.local/lib/python3.8/site-packages/airflow/example_dags/example_dynamic_task_mapping.py took 0.392 seconds
[2023-12-01T22:54:04.000+0000] {processor.py:157} INFO - Started process (PID=47965) to work on /home/airflow/.local/lib/python3.8/site-packages/airflow/example_dags/example_dynamic_task_mapping.py
[2023-12-01T22:54:04.008+0000] {processor.py:829} INFO - Processing file /home/airflow/.local/lib/python3.8/site-packages/airflow/example_dags/example_dynamic_task_mapping.py for tasks to queue
[2023-12-01T22:54:04.039+0000] {logging_mixin.py:151} INFO - [2023-12-01T22:54:04.036+0000] {dagbag.py:539} INFO - Filling up the DagBag from /home/airflow/.local/lib/python3.8/site-packages/airflow/example_dags/example_dynamic_task_mapping.py
[2023-12-01T22:54:04.099+0000] {processor.py:839} INFO - DAG(s) dict_keys(['example_dynamic_task_mapping']) retrieved from /home/airflow/.local/lib/python3.8/site-packages/airflow/example_dags/example_dynamic_task_mapping.py
[2023-12-01T22:54:04.228+0000] {logging_mixin.py:151} INFO - [2023-12-01T22:54:04.227+0000] {dag.py:2915} INFO - Sync 1 DAGs
[2023-12-01T22:54:04.291+0000] {logging_mixin.py:151} INFO - [2023-12-01T22:54:04.290+0000] {dag.py:3696} INFO - Setting next_dagrun for example_dynamic_task_mapping to 2022-03-04T00:00:00+00:00, run_after=2022-03-05T00:00:00+00:00
[2023-12-01T22:54:04.331+0000] {processor.py:179} INFO - Processing /home/airflow/.local/lib/python3.8/site-packages/airflow/example_dags/example_dynamic_task_mapping.py took 0.345 seconds
[2023-12-01T23:41:04.877+0000] {processor.py:157} INFO - Started process (PID=48019) to work on /home/airflow/.local/lib/python3.8/site-packages/airflow/example_dags/example_dynamic_task_mapping.py
[2023-12-01T23:41:04.879+0000] {processor.py:829} INFO - Processing file /home/airflow/.local/lib/python3.8/site-packages/airflow/example_dags/example_dynamic_task_mapping.py for tasks to queue
[2023-12-01T23:41:04.882+0000] {logging_mixin.py:151} INFO - [2023-12-01T23:41:04.882+0000] {dagbag.py:539} INFO - Filling up the DagBag from /home/airflow/.local/lib/python3.8/site-packages/airflow/example_dags/example_dynamic_task_mapping.py
[2023-12-01T23:41:04.909+0000] {processor.py:839} INFO - DAG(s) dict_keys(['example_dynamic_task_mapping']) retrieved from /home/airflow/.local/lib/python3.8/site-packages/airflow/example_dags/example_dynamic_task_mapping.py
[2023-12-01T23:41:04.963+0000] {logging_mixin.py:151} INFO - [2023-12-01T23:41:04.963+0000] {dag.py:2915} INFO - Sync 1 DAGs
[2023-12-01T23:41:05.553+0000] {logging_mixin.py:151} INFO - [2023-12-01T23:41:05.552+0000] {dag.py:3696} INFO - Setting next_dagrun for example_dynamic_task_mapping to 2022-03-04T00:00:00+00:00, run_after=2022-03-05T00:00:00+00:00
[2023-12-01T23:41:05.626+0000] {processor.py:179} INFO - Processing /home/airflow/.local/lib/python3.8/site-packages/airflow/example_dags/example_dynamic_task_mapping.py took 0.755 seconds
