[2023-12-02T00:15:14.267+0000] {processor.py:157} INFO - Started process (PID=48071) to work on /home/airflow/.local/lib/python3.8/site-packages/airflow/example_dags/example_time_delta_sensor_async.py
[2023-12-02T00:15:14.272+0000] {processor.py:829} INFO - Processing file /home/airflow/.local/lib/python3.8/site-packages/airflow/example_dags/example_time_delta_sensor_async.py for tasks to queue
[2023-12-02T00:15:14.298+0000] {logging_mixin.py:151} INFO - [2023-12-02T00:15:14.295+0000] {dagbag.py:539} INFO - Filling up the DagBag from /home/airflow/.local/lib/python3.8/site-packages/airflow/example_dags/example_time_delta_sensor_async.py
[2023-12-02T00:15:14.337+0000] {processor.py:839} INFO - DAG(s) dict_keys(['example_time_delta_sensor_async']) retrieved from /home/airflow/.local/lib/python3.8/site-packages/airflow/example_dags/example_time_delta_sensor_async.py
[2023-12-02T00:15:14.440+0000] {logging_mixin.py:151} INFO - [2023-12-02T00:15:14.440+0000] {dag.py:2915} INFO - Sync 1 DAGs
[2023-12-02T00:15:14.465+0000] {logging_mixin.py:151} INFO - [2023-12-02T00:15:14.464+0000] {dag.py:3696} INFO - Setting next_dagrun for example_time_delta_sensor_async to None, run_after=None
[2023-12-02T00:15:14.497+0000] {processor.py:179} INFO - Processing /home/airflow/.local/lib/python3.8/site-packages/airflow/example_dags/example_time_delta_sensor_async.py took 0.245 seconds
[2023-12-02T00:57:21.571+0000] {processor.py:157} INFO - Started process (PID=48125) to work on /home/airflow/.local/lib/python3.8/site-packages/airflow/example_dags/example_time_delta_sensor_async.py
[2023-12-02T00:57:21.576+0000] {processor.py:829} INFO - Processing file /home/airflow/.local/lib/python3.8/site-packages/airflow/example_dags/example_time_delta_sensor_async.py for tasks to queue
[2023-12-02T00:57:21.591+0000] {logging_mixin.py:151} INFO - [2023-12-02T00:57:21.590+0000] {dagbag.py:539} INFO - Filling up the DagBag from /home/airflow/.local/lib/python3.8/site-packages/airflow/example_dags/example_time_delta_sensor_async.py
[2023-12-02T00:57:21.607+0000] {processor.py:839} INFO - DAG(s) dict_keys(['example_time_delta_sensor_async']) retrieved from /home/airflow/.local/lib/python3.8/site-packages/airflow/example_dags/example_time_delta_sensor_async.py
[2023-12-02T00:57:21.690+0000] {logging_mixin.py:151} INFO - [2023-12-02T00:57:21.689+0000] {dag.py:2915} INFO - Sync 1 DAGs
[2023-12-02T00:57:21.745+0000] {logging_mixin.py:151} INFO - [2023-12-02T00:57:21.744+0000] {dag.py:3696} INFO - Setting next_dagrun for example_time_delta_sensor_async to None, run_after=None
[2023-12-02T00:57:21.814+0000] {processor.py:179} INFO - Processing /home/airflow/.local/lib/python3.8/site-packages/airflow/example_dags/example_time_delta_sensor_async.py took 0.254 seconds
[2023-12-02T01:08:02.778+0000] {processor.py:157} INFO - Started process (PID=48179) to work on /home/airflow/.local/lib/python3.8/site-packages/airflow/example_dags/example_time_delta_sensor_async.py
[2023-12-02T01:08:02.782+0000] {processor.py:829} INFO - Processing file /home/airflow/.local/lib/python3.8/site-packages/airflow/example_dags/example_time_delta_sensor_async.py for tasks to queue
[2023-12-02T01:08:02.790+0000] {logging_mixin.py:151} INFO - [2023-12-02T01:08:02.789+0000] {dagbag.py:539} INFO - Filling up the DagBag from /home/airflow/.local/lib/python3.8/site-packages/airflow/example_dags/example_time_delta_sensor_async.py
[2023-12-02T01:08:02.801+0000] {processor.py:839} INFO - DAG(s) dict_keys(['example_time_delta_sensor_async']) retrieved from /home/airflow/.local/lib/python3.8/site-packages/airflow/example_dags/example_time_delta_sensor_async.py
[2023-12-02T01:08:02.868+0000] {logging_mixin.py:151} INFO - [2023-12-02T01:08:02.868+0000] {dag.py:2915} INFO - Sync 1 DAGs
[2023-12-02T01:08:02.905+0000] {logging_mixin.py:151} INFO - [2023-12-02T01:08:02.905+0000] {dag.py:3696} INFO - Setting next_dagrun for example_time_delta_sensor_async to None, run_after=None
[2023-12-02T01:08:02.938+0000] {processor.py:179} INFO - Processing /home/airflow/.local/lib/python3.8/site-packages/airflow/example_dags/example_time_delta_sensor_async.py took 0.164 seconds
[2023-12-02T02:09:37.653+0000] {processor.py:157} INFO - Started process (PID=48233) to work on /home/airflow/.local/lib/python3.8/site-packages/airflow/example_dags/example_time_delta_sensor_async.py
[2023-12-02T02:09:37.655+0000] {processor.py:829} INFO - Processing file /home/airflow/.local/lib/python3.8/site-packages/airflow/example_dags/example_time_delta_sensor_async.py for tasks to queue
[2023-12-02T02:09:37.663+0000] {logging_mixin.py:151} INFO - [2023-12-02T02:09:37.662+0000] {dagbag.py:539} INFO - Filling up the DagBag from /home/airflow/.local/lib/python3.8/site-packages/airflow/example_dags/example_time_delta_sensor_async.py
[2023-12-02T02:09:37.679+0000] {processor.py:839} INFO - DAG(s) dict_keys(['example_time_delta_sensor_async']) retrieved from /home/airflow/.local/lib/python3.8/site-packages/airflow/example_dags/example_time_delta_sensor_async.py
[2023-12-02T02:09:37.733+0000] {logging_mixin.py:151} INFO - [2023-12-02T02:09:37.733+0000] {dag.py:2915} INFO - Sync 1 DAGs
[2023-12-02T02:09:37.758+0000] {logging_mixin.py:151} INFO - [2023-12-02T02:09:37.757+0000] {dag.py:3696} INFO - Setting next_dagrun for example_time_delta_sensor_async to None, run_after=None
[2023-12-02T02:09:38.236+0000] {processor.py:179} INFO - Processing /home/airflow/.local/lib/python3.8/site-packages/airflow/example_dags/example_time_delta_sensor_async.py took 0.588 seconds
[2023-12-02T02:48:08.755+0000] {processor.py:157} INFO - Started process (PID=48288) to work on /home/airflow/.local/lib/python3.8/site-packages/airflow/example_dags/example_time_delta_sensor_async.py
[2023-12-02T02:48:08.757+0000] {processor.py:829} INFO - Processing file /home/airflow/.local/lib/python3.8/site-packages/airflow/example_dags/example_time_delta_sensor_async.py for tasks to queue
[2023-12-02T02:48:08.769+0000] {logging_mixin.py:151} INFO - [2023-12-02T02:48:08.767+0000] {dagbag.py:539} INFO - Filling up the DagBag from /home/airflow/.local/lib/python3.8/site-packages/airflow/example_dags/example_time_delta_sensor_async.py
[2023-12-02T02:48:08.795+0000] {processor.py:839} INFO - DAG(s) dict_keys(['example_time_delta_sensor_async']) retrieved from /home/airflow/.local/lib/python3.8/site-packages/airflow/example_dags/example_time_delta_sensor_async.py
[2023-12-02T02:48:08.880+0000] {logging_mixin.py:151} INFO - [2023-12-02T02:48:08.879+0000] {dag.py:2915} INFO - Sync 1 DAGs
[2023-12-02T02:48:08.919+0000] {logging_mixin.py:151} INFO - [2023-12-02T02:48:08.918+0000] {dag.py:3696} INFO - Setting next_dagrun for example_time_delta_sensor_async to None, run_after=None
[2023-12-02T02:48:08.970+0000] {processor.py:179} INFO - Processing /home/airflow/.local/lib/python3.8/site-packages/airflow/example_dags/example_time_delta_sensor_async.py took 0.223 seconds
[2023-12-02T03:45:57.638+0000] {processor.py:157} INFO - Started process (PID=48342) to work on /home/airflow/.local/lib/python3.8/site-packages/airflow/example_dags/example_time_delta_sensor_async.py
[2023-12-02T03:45:57.643+0000] {processor.py:829} INFO - Processing file /home/airflow/.local/lib/python3.8/site-packages/airflow/example_dags/example_time_delta_sensor_async.py for tasks to queue
[2023-12-02T03:45:57.668+0000] {logging_mixin.py:151} INFO - [2023-12-02T03:45:57.667+0000] {dagbag.py:539} INFO - Filling up the DagBag from /home/airflow/.local/lib/python3.8/site-packages/airflow/example_dags/example_time_delta_sensor_async.py
[2023-12-02T03:45:57.689+0000] {processor.py:839} INFO - DAG(s) dict_keys(['example_time_delta_sensor_async']) retrieved from /home/airflow/.local/lib/python3.8/site-packages/airflow/example_dags/example_time_delta_sensor_async.py
[2023-12-02T03:45:57.801+0000] {logging_mixin.py:151} INFO - [2023-12-02T03:45:57.801+0000] {dag.py:2915} INFO - Sync 1 DAGs
[2023-12-02T03:45:57.841+0000] {logging_mixin.py:151} INFO - [2023-12-02T03:45:57.841+0000] {dag.py:3696} INFO - Setting next_dagrun for example_time_delta_sensor_async to None, run_after=None
[2023-12-02T03:45:57.885+0000] {processor.py:179} INFO - Processing /home/airflow/.local/lib/python3.8/site-packages/airflow/example_dags/example_time_delta_sensor_async.py took 0.264 seconds
[2023-12-02T05:04:02.021+0000] {processor.py:157} INFO - Started process (PID=48396) to work on /home/airflow/.local/lib/python3.8/site-packages/airflow/example_dags/example_time_delta_sensor_async.py
[2023-12-02T05:04:02.024+0000] {processor.py:829} INFO - Processing file /home/airflow/.local/lib/python3.8/site-packages/airflow/example_dags/example_time_delta_sensor_async.py for tasks to queue
[2023-12-02T05:04:02.028+0000] {logging_mixin.py:151} INFO - [2023-12-02T05:04:02.027+0000] {dagbag.py:539} INFO - Filling up the DagBag from /home/airflow/.local/lib/python3.8/site-packages/airflow/example_dags/example_time_delta_sensor_async.py
[2023-12-02T05:04:02.050+0000] {processor.py:839} INFO - DAG(s) dict_keys(['example_time_delta_sensor_async']) retrieved from /home/airflow/.local/lib/python3.8/site-packages/airflow/example_dags/example_time_delta_sensor_async.py
[2023-12-02T05:04:02.579+0000] {logging_mixin.py:151} INFO - [2023-12-02T05:04:02.579+0000] {dag.py:2915} INFO - Sync 1 DAGs
[2023-12-02T05:04:02.623+0000] {logging_mixin.py:151} INFO - [2023-12-02T05:04:02.623+0000] {dag.py:3696} INFO - Setting next_dagrun for example_time_delta_sensor_async to None, run_after=None
[2023-12-02T05:04:02.682+0000] {processor.py:179} INFO - Processing /home/airflow/.local/lib/python3.8/site-packages/airflow/example_dags/example_time_delta_sensor_async.py took 0.668 seconds
[2023-12-02T06:07:22.875+0000] {processor.py:157} INFO - Started process (PID=48450) to work on /home/airflow/.local/lib/python3.8/site-packages/airflow/example_dags/example_time_delta_sensor_async.py
[2023-12-02T06:07:22.881+0000] {processor.py:829} INFO - Processing file /home/airflow/.local/lib/python3.8/site-packages/airflow/example_dags/example_time_delta_sensor_async.py for tasks to queue
[2023-12-02T06:07:22.891+0000] {logging_mixin.py:151} INFO - [2023-12-02T06:07:22.891+0000] {dagbag.py:539} INFO - Filling up the DagBag from /home/airflow/.local/lib/python3.8/site-packages/airflow/example_dags/example_time_delta_sensor_async.py
[2023-12-02T06:07:22.898+0000] {processor.py:839} INFO - DAG(s) dict_keys(['example_time_delta_sensor_async']) retrieved from /home/airflow/.local/lib/python3.8/site-packages/airflow/example_dags/example_time_delta_sensor_async.py
[2023-12-02T06:07:22.934+0000] {logging_mixin.py:151} INFO - [2023-12-02T06:07:22.933+0000] {dag.py:2915} INFO - Sync 1 DAGs
[2023-12-02T06:07:22.946+0000] {logging_mixin.py:151} INFO - [2023-12-02T06:07:22.946+0000] {dag.py:3696} INFO - Setting next_dagrun for example_time_delta_sensor_async to None, run_after=None
[2023-12-02T06:07:22.959+0000] {processor.py:179} INFO - Processing /home/airflow/.local/lib/python3.8/site-packages/airflow/example_dags/example_time_delta_sensor_async.py took 0.102 seconds
[2023-12-02T07:04:07.467+0000] {processor.py:157} INFO - Started process (PID=48504) to work on /home/airflow/.local/lib/python3.8/site-packages/airflow/example_dags/example_time_delta_sensor_async.py
[2023-12-02T07:04:07.470+0000] {processor.py:829} INFO - Processing file /home/airflow/.local/lib/python3.8/site-packages/airflow/example_dags/example_time_delta_sensor_async.py for tasks to queue
[2023-12-02T07:04:07.477+0000] {logging_mixin.py:151} INFO - [2023-12-02T07:04:07.476+0000] {dagbag.py:539} INFO - Filling up the DagBag from /home/airflow/.local/lib/python3.8/site-packages/airflow/example_dags/example_time_delta_sensor_async.py
[2023-12-02T07:04:07.497+0000] {processor.py:839} INFO - DAG(s) dict_keys(['example_time_delta_sensor_async']) retrieved from /home/airflow/.local/lib/python3.8/site-packages/airflow/example_dags/example_time_delta_sensor_async.py
[2023-12-02T07:04:07.556+0000] {logging_mixin.py:151} INFO - [2023-12-02T07:04:07.556+0000] {dag.py:2915} INFO - Sync 1 DAGs
[2023-12-02T07:04:07.570+0000] {logging_mixin.py:151} INFO - [2023-12-02T07:04:07.570+0000] {dag.py:3696} INFO - Setting next_dagrun for example_time_delta_sensor_async to None, run_after=None
[2023-12-02T07:04:07.593+0000] {processor.py:179} INFO - Processing /home/airflow/.local/lib/python3.8/site-packages/airflow/example_dags/example_time_delta_sensor_async.py took 0.137 seconds
[2023-12-02T08:07:53.513+0000] {processor.py:157} INFO - Started process (PID=48558) to work on /home/airflow/.local/lib/python3.8/site-packages/airflow/example_dags/example_time_delta_sensor_async.py
[2023-12-02T08:07:53.515+0000] {processor.py:829} INFO - Processing file /home/airflow/.local/lib/python3.8/site-packages/airflow/example_dags/example_time_delta_sensor_async.py for tasks to queue
[2023-12-02T08:07:53.517+0000] {logging_mixin.py:151} INFO - [2023-12-02T08:07:53.517+0000] {dagbag.py:539} INFO - Filling up the DagBag from /home/airflow/.local/lib/python3.8/site-packages/airflow/example_dags/example_time_delta_sensor_async.py
[2023-12-02T08:07:53.533+0000] {processor.py:839} INFO - DAG(s) dict_keys(['example_time_delta_sensor_async']) retrieved from /home/airflow/.local/lib/python3.8/site-packages/airflow/example_dags/example_time_delta_sensor_async.py
[2023-12-02T08:07:53.556+0000] {logging_mixin.py:151} INFO - [2023-12-02T08:07:53.556+0000] {dag.py:2915} INFO - Sync 1 DAGs
[2023-12-02T08:07:53.568+0000] {logging_mixin.py:151} INFO - [2023-12-02T08:07:53.568+0000] {dag.py:3696} INFO - Setting next_dagrun for example_time_delta_sensor_async to None, run_after=None
[2023-12-02T08:07:53.580+0000] {processor.py:179} INFO - Processing /home/airflow/.local/lib/python3.8/site-packages/airflow/example_dags/example_time_delta_sensor_async.py took 0.072 seconds
[2023-12-02T09:19:30.553+0000] {processor.py:157} INFO - Started process (PID=48612) to work on /home/airflow/.local/lib/python3.8/site-packages/airflow/example_dags/example_time_delta_sensor_async.py
[2023-12-02T09:19:30.557+0000] {processor.py:829} INFO - Processing file /home/airflow/.local/lib/python3.8/site-packages/airflow/example_dags/example_time_delta_sensor_async.py for tasks to queue
[2023-12-02T09:19:30.566+0000] {logging_mixin.py:151} INFO - [2023-12-02T09:19:30.565+0000] {dagbag.py:539} INFO - Filling up the DagBag from /home/airflow/.local/lib/python3.8/site-packages/airflow/example_dags/example_time_delta_sensor_async.py
[2023-12-02T09:19:30.589+0000] {processor.py:839} INFO - DAG(s) dict_keys(['example_time_delta_sensor_async']) retrieved from /home/airflow/.local/lib/python3.8/site-packages/airflow/example_dags/example_time_delta_sensor_async.py
[2023-12-02T09:19:30.670+0000] {logging_mixin.py:151} INFO - [2023-12-02T09:19:30.670+0000] {dag.py:2915} INFO - Sync 1 DAGs
[2023-12-02T09:19:30.724+0000] {logging_mixin.py:151} INFO - [2023-12-02T09:19:30.723+0000] {dag.py:3696} INFO - Setting next_dagrun for example_time_delta_sensor_async to None, run_after=None
[2023-12-02T09:19:30.781+0000] {processor.py:179} INFO - Processing /home/airflow/.local/lib/python3.8/site-packages/airflow/example_dags/example_time_delta_sensor_async.py took 0.233 seconds
[2023-12-02T09:58:54.144+0000] {processor.py:157} INFO - Started process (PID=48666) to work on /home/airflow/.local/lib/python3.8/site-packages/airflow/example_dags/example_time_delta_sensor_async.py
[2023-12-02T09:58:54.147+0000] {processor.py:829} INFO - Processing file /home/airflow/.local/lib/python3.8/site-packages/airflow/example_dags/example_time_delta_sensor_async.py for tasks to queue
[2023-12-02T09:58:54.149+0000] {logging_mixin.py:151} INFO - [2023-12-02T09:58:54.149+0000] {dagbag.py:539} INFO - Filling up the DagBag from /home/airflow/.local/lib/python3.8/site-packages/airflow/example_dags/example_time_delta_sensor_async.py
[2023-12-02T09:58:54.163+0000] {processor.py:839} INFO - DAG(s) dict_keys(['example_time_delta_sensor_async']) retrieved from /home/airflow/.local/lib/python3.8/site-packages/airflow/example_dags/example_time_delta_sensor_async.py
[2023-12-02T09:58:54.214+0000] {logging_mixin.py:151} INFO - [2023-12-02T09:58:54.213+0000] {dag.py:2915} INFO - Sync 1 DAGs
[2023-12-02T09:58:54.260+0000] {logging_mixin.py:151} INFO - [2023-12-02T09:58:54.260+0000] {dag.py:3696} INFO - Setting next_dagrun for example_time_delta_sensor_async to None, run_after=None
[2023-12-02T09:58:54.319+0000] {processor.py:179} INFO - Processing /home/airflow/.local/lib/python3.8/site-packages/airflow/example_dags/example_time_delta_sensor_async.py took 0.178 seconds
[2023-12-02T10:00:55.380+0000] {processor.py:157} INFO - Started process (PID=48720) to work on /home/airflow/.local/lib/python3.8/site-packages/airflow/example_dags/example_time_delta_sensor_async.py
[2023-12-02T10:00:55.388+0000] {processor.py:829} INFO - Processing file /home/airflow/.local/lib/python3.8/site-packages/airflow/example_dags/example_time_delta_sensor_async.py for tasks to queue
[2023-12-02T10:00:55.404+0000] {logging_mixin.py:151} INFO - [2023-12-02T10:00:55.402+0000] {dagbag.py:539} INFO - Filling up the DagBag from /home/airflow/.local/lib/python3.8/site-packages/airflow/example_dags/example_time_delta_sensor_async.py
[2023-12-02T10:00:55.420+0000] {processor.py:839} INFO - DAG(s) dict_keys(['example_time_delta_sensor_async']) retrieved from /home/airflow/.local/lib/python3.8/site-packages/airflow/example_dags/example_time_delta_sensor_async.py
[2023-12-02T10:00:55.574+0000] {logging_mixin.py:151} INFO - [2023-12-02T10:00:55.573+0000] {dag.py:2915} INFO - Sync 1 DAGs
[2023-12-02T10:00:55.594+0000] {logging_mixin.py:151} INFO - [2023-12-02T10:00:55.594+0000] {dag.py:3696} INFO - Setting next_dagrun for example_time_delta_sensor_async to None, run_after=None
[2023-12-02T10:00:55.634+0000] {processor.py:179} INFO - Processing /home/airflow/.local/lib/python3.8/site-packages/airflow/example_dags/example_time_delta_sensor_async.py took 0.263 seconds
[2023-12-02T10:20:40.215+0000] {processor.py:157} INFO - Started process (PID=48774) to work on /home/airflow/.local/lib/python3.8/site-packages/airflow/example_dags/example_time_delta_sensor_async.py
[2023-12-02T10:20:40.219+0000] {processor.py:829} INFO - Processing file /home/airflow/.local/lib/python3.8/site-packages/airflow/example_dags/example_time_delta_sensor_async.py for tasks to queue
[2023-12-02T10:20:40.228+0000] {logging_mixin.py:151} INFO - [2023-12-02T10:20:40.228+0000] {dagbag.py:539} INFO - Filling up the DagBag from /home/airflow/.local/lib/python3.8/site-packages/airflow/example_dags/example_time_delta_sensor_async.py
[2023-12-02T10:20:40.240+0000] {processor.py:839} INFO - DAG(s) dict_keys(['example_time_delta_sensor_async']) retrieved from /home/airflow/.local/lib/python3.8/site-packages/airflow/example_dags/example_time_delta_sensor_async.py
[2023-12-02T10:20:40.305+0000] {logging_mixin.py:151} INFO - [2023-12-02T10:20:40.304+0000] {dag.py:2915} INFO - Sync 1 DAGs
[2023-12-02T10:20:40.348+0000] {logging_mixin.py:151} INFO - [2023-12-02T10:20:40.348+0000] {dag.py:3696} INFO - Setting next_dagrun for example_time_delta_sensor_async to None, run_after=None
[2023-12-02T10:20:40.390+0000] {processor.py:179} INFO - Processing /home/airflow/.local/lib/python3.8/site-packages/airflow/example_dags/example_time_delta_sensor_async.py took 0.186 seconds
[2023-12-02T10:41:00.883+0000] {processor.py:157} INFO - Started process (PID=48829) to work on /home/airflow/.local/lib/python3.8/site-packages/airflow/example_dags/example_time_delta_sensor_async.py
[2023-12-02T10:41:00.889+0000] {processor.py:829} INFO - Processing file /home/airflow/.local/lib/python3.8/site-packages/airflow/example_dags/example_time_delta_sensor_async.py for tasks to queue
[2023-12-02T10:41:00.907+0000] {logging_mixin.py:151} INFO - [2023-12-02T10:41:00.904+0000] {dagbag.py:539} INFO - Filling up the DagBag from /home/airflow/.local/lib/python3.8/site-packages/airflow/example_dags/example_time_delta_sensor_async.py
[2023-12-02T10:41:00.929+0000] {processor.py:839} INFO - DAG(s) dict_keys(['example_time_delta_sensor_async']) retrieved from /home/airflow/.local/lib/python3.8/site-packages/airflow/example_dags/example_time_delta_sensor_async.py
[2023-12-02T10:41:00.980+0000] {logging_mixin.py:151} INFO - [2023-12-02T10:41:00.980+0000] {dag.py:2915} INFO - Sync 1 DAGs
[2023-12-02T10:41:00.999+0000] {logging_mixin.py:151} INFO - [2023-12-02T10:41:00.999+0000] {dag.py:3696} INFO - Setting next_dagrun for example_time_delta_sensor_async to None, run_after=None
[2023-12-02T10:41:01.024+0000] {processor.py:179} INFO - Processing /home/airflow/.local/lib/python3.8/site-packages/airflow/example_dags/example_time_delta_sensor_async.py took 0.165 seconds
[2023-12-02T11:01:11.252+0000] {processor.py:157} INFO - Started process (PID=48883) to work on /home/airflow/.local/lib/python3.8/site-packages/airflow/example_dags/example_time_delta_sensor_async.py
[2023-12-02T11:01:11.255+0000] {processor.py:829} INFO - Processing file /home/airflow/.local/lib/python3.8/site-packages/airflow/example_dags/example_time_delta_sensor_async.py for tasks to queue
[2023-12-02T11:01:11.260+0000] {logging_mixin.py:151} INFO - [2023-12-02T11:01:11.260+0000] {dagbag.py:539} INFO - Filling up the DagBag from /home/airflow/.local/lib/python3.8/site-packages/airflow/example_dags/example_time_delta_sensor_async.py
[2023-12-02T11:01:11.271+0000] {processor.py:839} INFO - DAG(s) dict_keys(['example_time_delta_sensor_async']) retrieved from /home/airflow/.local/lib/python3.8/site-packages/airflow/example_dags/example_time_delta_sensor_async.py
[2023-12-02T11:01:11.308+0000] {logging_mixin.py:151} INFO - [2023-12-02T11:01:11.307+0000] {dag.py:2915} INFO - Sync 1 DAGs
[2023-12-02T11:01:11.327+0000] {logging_mixin.py:151} INFO - [2023-12-02T11:01:11.326+0000] {dag.py:3696} INFO - Setting next_dagrun for example_time_delta_sensor_async to None, run_after=None
[2023-12-02T11:01:11.347+0000] {processor.py:179} INFO - Processing /home/airflow/.local/lib/python3.8/site-packages/airflow/example_dags/example_time_delta_sensor_async.py took 0.111 seconds
[2023-12-02T11:08:49.650+0000] {processor.py:157} INFO - Started process (PID=48937) to work on /home/airflow/.local/lib/python3.8/site-packages/airflow/example_dags/example_time_delta_sensor_async.py
[2023-12-02T11:08:49.652+0000] {processor.py:829} INFO - Processing file /home/airflow/.local/lib/python3.8/site-packages/airflow/example_dags/example_time_delta_sensor_async.py for tasks to queue
[2023-12-02T11:08:49.659+0000] {logging_mixin.py:151} INFO - [2023-12-02T11:08:49.659+0000] {dagbag.py:539} INFO - Filling up the DagBag from /home/airflow/.local/lib/python3.8/site-packages/airflow/example_dags/example_time_delta_sensor_async.py
[2023-12-02T11:08:49.700+0000] {processor.py:839} INFO - DAG(s) dict_keys(['example_time_delta_sensor_async']) retrieved from /home/airflow/.local/lib/python3.8/site-packages/airflow/example_dags/example_time_delta_sensor_async.py
[2023-12-02T11:08:49.777+0000] {logging_mixin.py:151} INFO - [2023-12-02T11:08:49.777+0000] {dag.py:2915} INFO - Sync 1 DAGs
[2023-12-02T11:08:49.823+0000] {logging_mixin.py:151} INFO - [2023-12-02T11:08:49.823+0000] {dag.py:3696} INFO - Setting next_dagrun for example_time_delta_sensor_async to None, run_after=None
[2023-12-02T11:08:49.875+0000] {processor.py:179} INFO - Processing /home/airflow/.local/lib/python3.8/site-packages/airflow/example_dags/example_time_delta_sensor_async.py took 0.231 seconds
[2023-12-02T11:21:30.381+0000] {processor.py:157} INFO - Started process (PID=48991) to work on /home/airflow/.local/lib/python3.8/site-packages/airflow/example_dags/example_time_delta_sensor_async.py
[2023-12-02T11:21:30.382+0000] {processor.py:829} INFO - Processing file /home/airflow/.local/lib/python3.8/site-packages/airflow/example_dags/example_time_delta_sensor_async.py for tasks to queue
[2023-12-02T11:21:30.384+0000] {logging_mixin.py:151} INFO - [2023-12-02T11:21:30.384+0000] {dagbag.py:539} INFO - Filling up the DagBag from /home/airflow/.local/lib/python3.8/site-packages/airflow/example_dags/example_time_delta_sensor_async.py
[2023-12-02T11:21:30.394+0000] {processor.py:839} INFO - DAG(s) dict_keys(['example_time_delta_sensor_async']) retrieved from /home/airflow/.local/lib/python3.8/site-packages/airflow/example_dags/example_time_delta_sensor_async.py
[2023-12-02T11:21:30.424+0000] {logging_mixin.py:151} INFO - [2023-12-02T11:21:30.424+0000] {dag.py:2915} INFO - Sync 1 DAGs
[2023-12-02T11:21:30.437+0000] {logging_mixin.py:151} INFO - [2023-12-02T11:21:30.436+0000] {dag.py:3696} INFO - Setting next_dagrun for example_time_delta_sensor_async to None, run_after=None
[2023-12-02T11:21:30.452+0000] {processor.py:179} INFO - Processing /home/airflow/.local/lib/python3.8/site-packages/airflow/example_dags/example_time_delta_sensor_async.py took 0.076 seconds
[2023-12-02T11:33:20.846+0000] {processor.py:157} INFO - Started process (PID=49045) to work on /home/airflow/.local/lib/python3.8/site-packages/airflow/example_dags/example_time_delta_sensor_async.py
[2023-12-02T11:33:20.847+0000] {processor.py:829} INFO - Processing file /home/airflow/.local/lib/python3.8/site-packages/airflow/example_dags/example_time_delta_sensor_async.py for tasks to queue
[2023-12-02T11:33:20.851+0000] {logging_mixin.py:151} INFO - [2023-12-02T11:33:20.850+0000] {dagbag.py:539} INFO - Filling up the DagBag from /home/airflow/.local/lib/python3.8/site-packages/airflow/example_dags/example_time_delta_sensor_async.py
[2023-12-02T11:33:20.859+0000] {processor.py:839} INFO - DAG(s) dict_keys(['example_time_delta_sensor_async']) retrieved from /home/airflow/.local/lib/python3.8/site-packages/airflow/example_dags/example_time_delta_sensor_async.py
[2023-12-02T11:33:20.898+0000] {logging_mixin.py:151} INFO - [2023-12-02T11:33:20.897+0000] {dag.py:2915} INFO - Sync 1 DAGs
[2023-12-02T11:33:20.911+0000] {logging_mixin.py:151} INFO - [2023-12-02T11:33:20.910+0000] {dag.py:3696} INFO - Setting next_dagrun for example_time_delta_sensor_async to None, run_after=None
[2023-12-02T11:33:20.927+0000] {processor.py:179} INFO - Processing /home/airflow/.local/lib/python3.8/site-packages/airflow/example_dags/example_time_delta_sensor_async.py took 0.087 seconds
[2023-12-02T11:36:38.269+0000] {processor.py:157} INFO - Started process (PID=49099) to work on /home/airflow/.local/lib/python3.8/site-packages/airflow/example_dags/example_time_delta_sensor_async.py
[2023-12-02T11:36:38.271+0000] {processor.py:829} INFO - Processing file /home/airflow/.local/lib/python3.8/site-packages/airflow/example_dags/example_time_delta_sensor_async.py for tasks to queue
[2023-12-02T11:36:38.275+0000] {logging_mixin.py:151} INFO - [2023-12-02T11:36:38.274+0000] {dagbag.py:539} INFO - Filling up the DagBag from /home/airflow/.local/lib/python3.8/site-packages/airflow/example_dags/example_time_delta_sensor_async.py
[2023-12-02T11:36:38.296+0000] {processor.py:839} INFO - DAG(s) dict_keys(['example_time_delta_sensor_async']) retrieved from /home/airflow/.local/lib/python3.8/site-packages/airflow/example_dags/example_time_delta_sensor_async.py
[2023-12-02T11:36:38.326+0000] {logging_mixin.py:151} INFO - [2023-12-02T11:36:38.325+0000] {dag.py:2915} INFO - Sync 1 DAGs
[2023-12-02T11:36:38.347+0000] {logging_mixin.py:151} INFO - [2023-12-02T11:36:38.347+0000] {dag.py:3696} INFO - Setting next_dagrun for example_time_delta_sensor_async to None, run_after=None
[2023-12-02T11:36:38.362+0000] {processor.py:179} INFO - Processing /home/airflow/.local/lib/python3.8/site-packages/airflow/example_dags/example_time_delta_sensor_async.py took 0.097 seconds
[2023-12-02T11:56:16.803+0000] {processor.py:157} INFO - Started process (PID=49153) to work on /home/airflow/.local/lib/python3.8/site-packages/airflow/example_dags/example_time_delta_sensor_async.py
[2023-12-02T11:56:16.804+0000] {processor.py:829} INFO - Processing file /home/airflow/.local/lib/python3.8/site-packages/airflow/example_dags/example_time_delta_sensor_async.py for tasks to queue
[2023-12-02T11:56:16.806+0000] {logging_mixin.py:151} INFO - [2023-12-02T11:56:16.806+0000] {dagbag.py:539} INFO - Filling up the DagBag from /home/airflow/.local/lib/python3.8/site-packages/airflow/example_dags/example_time_delta_sensor_async.py
[2023-12-02T11:56:16.811+0000] {processor.py:839} INFO - DAG(s) dict_keys(['example_time_delta_sensor_async']) retrieved from /home/airflow/.local/lib/python3.8/site-packages/airflow/example_dags/example_time_delta_sensor_async.py
[2023-12-02T11:56:16.833+0000] {logging_mixin.py:151} INFO - [2023-12-02T11:56:16.833+0000] {dag.py:2915} INFO - Sync 1 DAGs
[2023-12-02T11:56:16.845+0000] {logging_mixin.py:151} INFO - [2023-12-02T11:56:16.844+0000] {dag.py:3696} INFO - Setting next_dagrun for example_time_delta_sensor_async to None, run_after=None
[2023-12-02T11:56:16.860+0000] {processor.py:179} INFO - Processing /home/airflow/.local/lib/python3.8/site-packages/airflow/example_dags/example_time_delta_sensor_async.py took 0.061 seconds
[2023-12-02T12:13:11.792+0000] {processor.py:157} INFO - Started process (PID=49208) to work on /home/airflow/.local/lib/python3.8/site-packages/airflow/example_dags/example_time_delta_sensor_async.py
[2023-12-02T12:13:11.794+0000] {processor.py:829} INFO - Processing file /home/airflow/.local/lib/python3.8/site-packages/airflow/example_dags/example_time_delta_sensor_async.py for tasks to queue
[2023-12-02T12:13:11.799+0000] {logging_mixin.py:151} INFO - [2023-12-02T12:13:11.798+0000] {dagbag.py:539} INFO - Filling up the DagBag from /home/airflow/.local/lib/python3.8/site-packages/airflow/example_dags/example_time_delta_sensor_async.py
[2023-12-02T12:13:11.812+0000] {processor.py:839} INFO - DAG(s) dict_keys(['example_time_delta_sensor_async']) retrieved from /home/airflow/.local/lib/python3.8/site-packages/airflow/example_dags/example_time_delta_sensor_async.py
[2023-12-02T12:13:11.857+0000] {logging_mixin.py:151} INFO - [2023-12-02T12:13:11.857+0000] {dag.py:2915} INFO - Sync 1 DAGs
[2023-12-02T12:13:11.901+0000] {logging_mixin.py:151} INFO - [2023-12-02T12:13:11.900+0000] {dag.py:3696} INFO - Setting next_dagrun for example_time_delta_sensor_async to None, run_after=None
[2023-12-02T12:13:11.921+0000] {processor.py:179} INFO - Processing /home/airflow/.local/lib/python3.8/site-packages/airflow/example_dags/example_time_delta_sensor_async.py took 0.133 seconds
[2023-12-02T12:38:00.134+0000] {processor.py:157} INFO - Started process (PID=49262) to work on /home/airflow/.local/lib/python3.8/site-packages/airflow/example_dags/example_time_delta_sensor_async.py
[2023-12-02T12:38:00.198+0000] {processor.py:829} INFO - Processing file /home/airflow/.local/lib/python3.8/site-packages/airflow/example_dags/example_time_delta_sensor_async.py for tasks to queue
[2023-12-02T12:38:00.244+0000] {logging_mixin.py:151} INFO - [2023-12-02T12:38:00.240+0000] {dagbag.py:539} INFO - Filling up the DagBag from /home/airflow/.local/lib/python3.8/site-packages/airflow/example_dags/example_time_delta_sensor_async.py
[2023-12-02T12:38:00.304+0000] {processor.py:839} INFO - DAG(s) dict_keys(['example_time_delta_sensor_async']) retrieved from /home/airflow/.local/lib/python3.8/site-packages/airflow/example_dags/example_time_delta_sensor_async.py
[2023-12-02T12:38:00.399+0000] {logging_mixin.py:151} INFO - [2023-12-02T12:38:00.399+0000] {dag.py:2915} INFO - Sync 1 DAGs
[2023-12-02T12:38:00.440+0000] {logging_mixin.py:151} INFO - [2023-12-02T12:38:00.440+0000] {dag.py:3696} INFO - Setting next_dagrun for example_time_delta_sensor_async to None, run_after=None
[2023-12-02T12:38:00.459+0000] {processor.py:179} INFO - Processing /home/airflow/.local/lib/python3.8/site-packages/airflow/example_dags/example_time_delta_sensor_async.py took 0.364 seconds
[2023-12-02T12:38:34.513+0000] {processor.py:157} INFO - Started process (PID=49309) to work on /home/airflow/.local/lib/python3.8/site-packages/airflow/example_dags/example_time_delta_sensor_async.py
[2023-12-02T12:38:34.515+0000] {processor.py:829} INFO - Processing file /home/airflow/.local/lib/python3.8/site-packages/airflow/example_dags/example_time_delta_sensor_async.py for tasks to queue
[2023-12-02T12:38:34.522+0000] {logging_mixin.py:151} INFO - [2023-12-02T12:38:34.520+0000] {dagbag.py:539} INFO - Filling up the DagBag from /home/airflow/.local/lib/python3.8/site-packages/airflow/example_dags/example_time_delta_sensor_async.py
[2023-12-02T12:38:34.534+0000] {processor.py:839} INFO - DAG(s) dict_keys(['example_time_delta_sensor_async']) retrieved from /home/airflow/.local/lib/python3.8/site-packages/airflow/example_dags/example_time_delta_sensor_async.py
[2023-12-02T12:38:34.577+0000] {logging_mixin.py:151} INFO - [2023-12-02T12:38:34.576+0000] {dag.py:2915} INFO - Sync 1 DAGs
[2023-12-02T12:38:34.590+0000] {logging_mixin.py:151} INFO - [2023-12-02T12:38:34.589+0000] {dag.py:3696} INFO - Setting next_dagrun for example_time_delta_sensor_async to None, run_after=None
[2023-12-02T12:38:34.603+0000] {processor.py:179} INFO - Processing /home/airflow/.local/lib/python3.8/site-packages/airflow/example_dags/example_time_delta_sensor_async.py took 0.096 seconds
[2023-12-02T12:40:32.991+0000] {processor.py:157} INFO - Started process (PID=49363) to work on /home/airflow/.local/lib/python3.8/site-packages/airflow/example_dags/example_time_delta_sensor_async.py
[2023-12-02T12:40:32.996+0000] {processor.py:829} INFO - Processing file /home/airflow/.local/lib/python3.8/site-packages/airflow/example_dags/example_time_delta_sensor_async.py for tasks to queue
[2023-12-02T12:40:33.014+0000] {logging_mixin.py:151} INFO - [2023-12-02T12:40:33.009+0000] {dagbag.py:539} INFO - Filling up the DagBag from /home/airflow/.local/lib/python3.8/site-packages/airflow/example_dags/example_time_delta_sensor_async.py
[2023-12-02T12:40:33.042+0000] {processor.py:839} INFO - DAG(s) dict_keys(['example_time_delta_sensor_async']) retrieved from /home/airflow/.local/lib/python3.8/site-packages/airflow/example_dags/example_time_delta_sensor_async.py
[2023-12-02T12:40:33.115+0000] {logging_mixin.py:151} INFO - [2023-12-02T12:40:33.114+0000] {dag.py:2915} INFO - Sync 1 DAGs
[2023-12-02T12:40:33.140+0000] {logging_mixin.py:151} INFO - [2023-12-02T12:40:33.140+0000] {dag.py:3696} INFO - Setting next_dagrun for example_time_delta_sensor_async to None, run_after=None
[2023-12-02T12:40:33.159+0000] {processor.py:179} INFO - Processing /home/airflow/.local/lib/python3.8/site-packages/airflow/example_dags/example_time_delta_sensor_async.py took 0.178 seconds
[2023-12-02T13:06:16.608+0000] {processor.py:157} INFO - Started process (PID=49417) to work on /home/airflow/.local/lib/python3.8/site-packages/airflow/example_dags/example_time_delta_sensor_async.py
[2023-12-02T13:06:16.610+0000] {processor.py:829} INFO - Processing file /home/airflow/.local/lib/python3.8/site-packages/airflow/example_dags/example_time_delta_sensor_async.py for tasks to queue
[2023-12-02T13:06:16.613+0000] {logging_mixin.py:151} INFO - [2023-12-02T13:06:16.612+0000] {dagbag.py:539} INFO - Filling up the DagBag from /home/airflow/.local/lib/python3.8/site-packages/airflow/example_dags/example_time_delta_sensor_async.py
[2023-12-02T13:06:16.632+0000] {processor.py:839} INFO - DAG(s) dict_keys(['example_time_delta_sensor_async']) retrieved from /home/airflow/.local/lib/python3.8/site-packages/airflow/example_dags/example_time_delta_sensor_async.py
[2023-12-02T13:06:16.673+0000] {logging_mixin.py:151} INFO - [2023-12-02T13:06:16.672+0000] {dag.py:2915} INFO - Sync 1 DAGs
[2023-12-02T13:06:16.687+0000] {logging_mixin.py:151} INFO - [2023-12-02T13:06:16.686+0000] {dag.py:3696} INFO - Setting next_dagrun for example_time_delta_sensor_async to None, run_after=None
[2023-12-02T13:06:16.700+0000] {processor.py:179} INFO - Processing /home/airflow/.local/lib/python3.8/site-packages/airflow/example_dags/example_time_delta_sensor_async.py took 0.103 seconds
[2023-12-02T13:41:06.113+0000] {processor.py:157} INFO - Started process (PID=49471) to work on /home/airflow/.local/lib/python3.8/site-packages/airflow/example_dags/example_time_delta_sensor_async.py
[2023-12-02T13:41:06.119+0000] {processor.py:829} INFO - Processing file /home/airflow/.local/lib/python3.8/site-packages/airflow/example_dags/example_time_delta_sensor_async.py for tasks to queue
[2023-12-02T13:41:06.128+0000] {logging_mixin.py:151} INFO - [2023-12-02T13:41:06.128+0000] {dagbag.py:539} INFO - Filling up the DagBag from /home/airflow/.local/lib/python3.8/site-packages/airflow/example_dags/example_time_delta_sensor_async.py
[2023-12-02T13:41:06.160+0000] {processor.py:839} INFO - DAG(s) dict_keys(['example_time_delta_sensor_async']) retrieved from /home/airflow/.local/lib/python3.8/site-packages/airflow/example_dags/example_time_delta_sensor_async.py
[2023-12-02T13:41:06.226+0000] {logging_mixin.py:151} INFO - [2023-12-02T13:41:06.226+0000] {dag.py:2915} INFO - Sync 1 DAGs
[2023-12-02T13:41:06.263+0000] {logging_mixin.py:151} INFO - [2023-12-02T13:41:06.262+0000] {dag.py:3696} INFO - Setting next_dagrun for example_time_delta_sensor_async to None, run_after=None
[2023-12-02T13:41:06.305+0000] {processor.py:179} INFO - Processing /home/airflow/.local/lib/python3.8/site-packages/airflow/example_dags/example_time_delta_sensor_async.py took 0.215 seconds
[2023-12-02T14:24:07.282+0000] {processor.py:157} INFO - Started process (PID=49525) to work on /home/airflow/.local/lib/python3.8/site-packages/airflow/example_dags/example_time_delta_sensor_async.py
[2023-12-02T14:24:07.284+0000] {processor.py:829} INFO - Processing file /home/airflow/.local/lib/python3.8/site-packages/airflow/example_dags/example_time_delta_sensor_async.py for tasks to queue
[2023-12-02T14:24:07.287+0000] {logging_mixin.py:151} INFO - [2023-12-02T14:24:07.287+0000] {dagbag.py:539} INFO - Filling up the DagBag from /home/airflow/.local/lib/python3.8/site-packages/airflow/example_dags/example_time_delta_sensor_async.py
[2023-12-02T14:24:07.295+0000] {processor.py:839} INFO - DAG(s) dict_keys(['example_time_delta_sensor_async']) retrieved from /home/airflow/.local/lib/python3.8/site-packages/airflow/example_dags/example_time_delta_sensor_async.py
[2023-12-02T14:24:07.327+0000] {logging_mixin.py:151} INFO - [2023-12-02T14:24:07.327+0000] {dag.py:2915} INFO - Sync 1 DAGs
[2023-12-02T14:24:07.338+0000] {logging_mixin.py:151} INFO - [2023-12-02T14:24:07.338+0000] {dag.py:3696} INFO - Setting next_dagrun for example_time_delta_sensor_async to None, run_after=None
[2023-12-02T14:24:07.355+0000] {processor.py:179} INFO - Processing /home/airflow/.local/lib/python3.8/site-packages/airflow/example_dags/example_time_delta_sensor_async.py took 0.084 seconds
[2023-12-02T14:49:29.707+0000] {processor.py:157} INFO - Started process (PID=49579) to work on /home/airflow/.local/lib/python3.8/site-packages/airflow/example_dags/example_time_delta_sensor_async.py
[2023-12-02T14:49:29.710+0000] {processor.py:829} INFO - Processing file /home/airflow/.local/lib/python3.8/site-packages/airflow/example_dags/example_time_delta_sensor_async.py for tasks to queue
[2023-12-02T14:49:29.715+0000] {logging_mixin.py:151} INFO - [2023-12-02T14:49:29.714+0000] {dagbag.py:539} INFO - Filling up the DagBag from /home/airflow/.local/lib/python3.8/site-packages/airflow/example_dags/example_time_delta_sensor_async.py
[2023-12-02T14:49:29.737+0000] {processor.py:839} INFO - DAG(s) dict_keys(['example_time_delta_sensor_async']) retrieved from /home/airflow/.local/lib/python3.8/site-packages/airflow/example_dags/example_time_delta_sensor_async.py
[2023-12-02T14:49:29.813+0000] {logging_mixin.py:151} INFO - [2023-12-02T14:49:29.813+0000] {dag.py:2915} INFO - Sync 1 DAGs
[2023-12-02T14:49:29.843+0000] {logging_mixin.py:151} INFO - [2023-12-02T14:49:29.843+0000] {dag.py:3696} INFO - Setting next_dagrun for example_time_delta_sensor_async to None, run_after=None
[2023-12-02T14:49:29.880+0000] {processor.py:179} INFO - Processing /home/airflow/.local/lib/python3.8/site-packages/airflow/example_dags/example_time_delta_sensor_async.py took 0.179 seconds
[2023-12-02T15:25:06.160+0000] {processor.py:157} INFO - Started process (PID=49633) to work on /home/airflow/.local/lib/python3.8/site-packages/airflow/example_dags/example_time_delta_sensor_async.py
[2023-12-02T15:25:06.166+0000] {processor.py:829} INFO - Processing file /home/airflow/.local/lib/python3.8/site-packages/airflow/example_dags/example_time_delta_sensor_async.py for tasks to queue
[2023-12-02T15:25:06.170+0000] {logging_mixin.py:151} INFO - [2023-12-02T15:25:06.170+0000] {dagbag.py:539} INFO - Filling up the DagBag from /home/airflow/.local/lib/python3.8/site-packages/airflow/example_dags/example_time_delta_sensor_async.py
[2023-12-02T15:25:06.176+0000] {processor.py:839} INFO - DAG(s) dict_keys(['example_time_delta_sensor_async']) retrieved from /home/airflow/.local/lib/python3.8/site-packages/airflow/example_dags/example_time_delta_sensor_async.py
[2023-12-02T15:25:06.207+0000] {logging_mixin.py:151} INFO - [2023-12-02T15:25:06.207+0000] {dag.py:2915} INFO - Sync 1 DAGs
[2023-12-02T15:25:06.230+0000] {logging_mixin.py:151} INFO - [2023-12-02T15:25:06.230+0000] {dag.py:3696} INFO - Setting next_dagrun for example_time_delta_sensor_async to None, run_after=None
[2023-12-02T15:25:06.243+0000] {processor.py:179} INFO - Processing /home/airflow/.local/lib/python3.8/site-packages/airflow/example_dags/example_time_delta_sensor_async.py took 0.094 seconds
[2023-12-02T16:14:04.415+0000] {processor.py:157} INFO - Started process (PID=49687) to work on /home/airflow/.local/lib/python3.8/site-packages/airflow/example_dags/example_time_delta_sensor_async.py
[2023-12-02T16:14:04.416+0000] {processor.py:829} INFO - Processing file /home/airflow/.local/lib/python3.8/site-packages/airflow/example_dags/example_time_delta_sensor_async.py for tasks to queue
[2023-12-02T16:14:04.419+0000] {logging_mixin.py:151} INFO - [2023-12-02T16:14:04.418+0000] {dagbag.py:539} INFO - Filling up the DagBag from /home/airflow/.local/lib/python3.8/site-packages/airflow/example_dags/example_time_delta_sensor_async.py
[2023-12-02T16:14:04.443+0000] {processor.py:839} INFO - DAG(s) dict_keys(['example_time_delta_sensor_async']) retrieved from /home/airflow/.local/lib/python3.8/site-packages/airflow/example_dags/example_time_delta_sensor_async.py
[2023-12-02T16:14:04.468+0000] {logging_mixin.py:151} INFO - [2023-12-02T16:14:04.467+0000] {dag.py:2915} INFO - Sync 1 DAGs
[2023-12-02T16:14:04.479+0000] {logging_mixin.py:151} INFO - [2023-12-02T16:14:04.479+0000] {dag.py:3696} INFO - Setting next_dagrun for example_time_delta_sensor_async to None, run_after=None
[2023-12-02T16:14:04.526+0000] {processor.py:179} INFO - Processing /home/airflow/.local/lib/python3.8/site-packages/airflow/example_dags/example_time_delta_sensor_async.py took 0.118 seconds
[2023-12-02T16:26:14.441+0000] {processor.py:157} INFO - Started process (PID=49741) to work on /home/airflow/.local/lib/python3.8/site-packages/airflow/example_dags/example_time_delta_sensor_async.py
[2023-12-02T16:26:14.443+0000] {processor.py:829} INFO - Processing file /home/airflow/.local/lib/python3.8/site-packages/airflow/example_dags/example_time_delta_sensor_async.py for tasks to queue
[2023-12-02T16:26:14.447+0000] {logging_mixin.py:151} INFO - [2023-12-02T16:26:14.447+0000] {dagbag.py:539} INFO - Filling up the DagBag from /home/airflow/.local/lib/python3.8/site-packages/airflow/example_dags/example_time_delta_sensor_async.py
[2023-12-02T16:26:14.463+0000] {processor.py:839} INFO - DAG(s) dict_keys(['example_time_delta_sensor_async']) retrieved from /home/airflow/.local/lib/python3.8/site-packages/airflow/example_dags/example_time_delta_sensor_async.py
[2023-12-02T16:26:14.516+0000] {logging_mixin.py:151} INFO - [2023-12-02T16:26:14.515+0000] {dag.py:2915} INFO - Sync 1 DAGs
[2023-12-02T16:26:14.536+0000] {logging_mixin.py:151} INFO - [2023-12-02T16:26:14.536+0000] {dag.py:3696} INFO - Setting next_dagrun for example_time_delta_sensor_async to None, run_after=None
[2023-12-02T16:26:14.551+0000] {processor.py:179} INFO - Processing /home/airflow/.local/lib/python3.8/site-packages/airflow/example_dags/example_time_delta_sensor_async.py took 0.124 seconds
[2023-12-02T17:27:08.861+0000] {processor.py:157} INFO - Started process (PID=49795) to work on /home/airflow/.local/lib/python3.8/site-packages/airflow/example_dags/example_time_delta_sensor_async.py
[2023-12-02T17:27:08.866+0000] {processor.py:829} INFO - Processing file /home/airflow/.local/lib/python3.8/site-packages/airflow/example_dags/example_time_delta_sensor_async.py for tasks to queue
[2023-12-02T17:27:08.872+0000] {logging_mixin.py:151} INFO - [2023-12-02T17:27:08.872+0000] {dagbag.py:539} INFO - Filling up the DagBag from /home/airflow/.local/lib/python3.8/site-packages/airflow/example_dags/example_time_delta_sensor_async.py
[2023-12-02T17:27:08.884+0000] {processor.py:839} INFO - DAG(s) dict_keys(['example_time_delta_sensor_async']) retrieved from /home/airflow/.local/lib/python3.8/site-packages/airflow/example_dags/example_time_delta_sensor_async.py
[2023-12-02T17:27:08.966+0000] {logging_mixin.py:151} INFO - [2023-12-02T17:27:08.966+0000] {dag.py:2915} INFO - Sync 1 DAGs
[2023-12-02T17:27:09.021+0000] {logging_mixin.py:151} INFO - [2023-12-02T17:27:09.021+0000] {dag.py:3696} INFO - Setting next_dagrun for example_time_delta_sensor_async to None, run_after=None
[2023-12-02T17:27:09.070+0000] {processor.py:179} INFO - Processing /home/airflow/.local/lib/python3.8/site-packages/airflow/example_dags/example_time_delta_sensor_async.py took 0.225 seconds
[2023-12-02T18:03:58.519+0000] {processor.py:157} INFO - Started process (PID=49849) to work on /home/airflow/.local/lib/python3.8/site-packages/airflow/example_dags/example_time_delta_sensor_async.py
[2023-12-02T18:03:58.524+0000] {processor.py:829} INFO - Processing file /home/airflow/.local/lib/python3.8/site-packages/airflow/example_dags/example_time_delta_sensor_async.py for tasks to queue
[2023-12-02T18:03:58.541+0000] {logging_mixin.py:151} INFO - [2023-12-02T18:03:58.538+0000] {dagbag.py:539} INFO - Filling up the DagBag from /home/airflow/.local/lib/python3.8/site-packages/airflow/example_dags/example_time_delta_sensor_async.py
[2023-12-02T18:03:58.560+0000] {processor.py:839} INFO - DAG(s) dict_keys(['example_time_delta_sensor_async']) retrieved from /home/airflow/.local/lib/python3.8/site-packages/airflow/example_dags/example_time_delta_sensor_async.py
[2023-12-02T18:03:58.593+0000] {logging_mixin.py:151} INFO - [2023-12-02T18:03:58.593+0000] {dag.py:2915} INFO - Sync 1 DAGs
[2023-12-02T18:03:58.606+0000] {logging_mixin.py:151} INFO - [2023-12-02T18:03:58.606+0000] {dag.py:3696} INFO - Setting next_dagrun for example_time_delta_sensor_async to None, run_after=None
[2023-12-02T18:03:58.627+0000] {processor.py:179} INFO - Processing /home/airflow/.local/lib/python3.8/site-packages/airflow/example_dags/example_time_delta_sensor_async.py took 0.121 seconds
[2023-12-02T18:26:20.706+0000] {processor.py:157} INFO - Started process (PID=49903) to work on /home/airflow/.local/lib/python3.8/site-packages/airflow/example_dags/example_time_delta_sensor_async.py
[2023-12-02T18:26:20.708+0000] {processor.py:829} INFO - Processing file /home/airflow/.local/lib/python3.8/site-packages/airflow/example_dags/example_time_delta_sensor_async.py for tasks to queue
[2023-12-02T18:26:20.715+0000] {logging_mixin.py:151} INFO - [2023-12-02T18:26:20.713+0000] {dagbag.py:539} INFO - Filling up the DagBag from /home/airflow/.local/lib/python3.8/site-packages/airflow/example_dags/example_time_delta_sensor_async.py
[2023-12-02T18:26:20.727+0000] {processor.py:839} INFO - DAG(s) dict_keys(['example_time_delta_sensor_async']) retrieved from /home/airflow/.local/lib/python3.8/site-packages/airflow/example_dags/example_time_delta_sensor_async.py
[2023-12-02T18:26:20.796+0000] {logging_mixin.py:151} INFO - [2023-12-02T18:26:20.795+0000] {dag.py:2915} INFO - Sync 1 DAGs
[2023-12-02T18:26:20.836+0000] {logging_mixin.py:151} INFO - [2023-12-02T18:26:20.836+0000] {dag.py:3696} INFO - Setting next_dagrun for example_time_delta_sensor_async to None, run_after=None
[2023-12-02T18:26:20.892+0000] {processor.py:179} INFO - Processing /home/airflow/.local/lib/python3.8/site-packages/airflow/example_dags/example_time_delta_sensor_async.py took 0.189 seconds
[2023-12-02T19:14:08.791+0000] {processor.py:157} INFO - Started process (PID=49957) to work on /home/airflow/.local/lib/python3.8/site-packages/airflow/example_dags/example_time_delta_sensor_async.py
[2023-12-02T19:14:08.797+0000] {processor.py:829} INFO - Processing file /home/airflow/.local/lib/python3.8/site-packages/airflow/example_dags/example_time_delta_sensor_async.py for tasks to queue
[2023-12-02T19:14:08.805+0000] {logging_mixin.py:151} INFO - [2023-12-02T19:14:08.804+0000] {dagbag.py:539} INFO - Filling up the DagBag from /home/airflow/.local/lib/python3.8/site-packages/airflow/example_dags/example_time_delta_sensor_async.py
[2023-12-02T19:14:08.840+0000] {processor.py:839} INFO - DAG(s) dict_keys(['example_time_delta_sensor_async']) retrieved from /home/airflow/.local/lib/python3.8/site-packages/airflow/example_dags/example_time_delta_sensor_async.py
[2023-12-02T19:14:08.931+0000] {logging_mixin.py:151} INFO - [2023-12-02T19:14:08.931+0000] {dag.py:2915} INFO - Sync 1 DAGs
[2023-12-02T19:14:08.965+0000] {logging_mixin.py:151} INFO - [2023-12-02T19:14:08.965+0000] {dag.py:3696} INFO - Setting next_dagrun for example_time_delta_sensor_async to None, run_after=None
[2023-12-02T19:14:09.015+0000] {processor.py:179} INFO - Processing /home/airflow/.local/lib/python3.8/site-packages/airflow/example_dags/example_time_delta_sensor_async.py took 0.245 seconds
[2023-12-02T19:44:45.313+0000] {processor.py:157} INFO - Started process (PID=50011) to work on /home/airflow/.local/lib/python3.8/site-packages/airflow/example_dags/example_time_delta_sensor_async.py
[2023-12-02T19:44:45.317+0000] {processor.py:829} INFO - Processing file /home/airflow/.local/lib/python3.8/site-packages/airflow/example_dags/example_time_delta_sensor_async.py for tasks to queue
[2023-12-02T19:44:45.324+0000] {logging_mixin.py:151} INFO - [2023-12-02T19:44:45.323+0000] {dagbag.py:539} INFO - Filling up the DagBag from /home/airflow/.local/lib/python3.8/site-packages/airflow/example_dags/example_time_delta_sensor_async.py
[2023-12-02T19:44:45.336+0000] {processor.py:839} INFO - DAG(s) dict_keys(['example_time_delta_sensor_async']) retrieved from /home/airflow/.local/lib/python3.8/site-packages/airflow/example_dags/example_time_delta_sensor_async.py
[2023-12-02T19:44:45.438+0000] {logging_mixin.py:151} INFO - [2023-12-02T19:44:45.438+0000] {dag.py:2915} INFO - Sync 1 DAGs
[2023-12-02T19:44:45.493+0000] {logging_mixin.py:151} INFO - [2023-12-02T19:44:45.493+0000] {dag.py:3696} INFO - Setting next_dagrun for example_time_delta_sensor_async to None, run_after=None
[2023-12-02T19:44:45.693+0000] {processor.py:179} INFO - Processing /home/airflow/.local/lib/python3.8/site-packages/airflow/example_dags/example_time_delta_sensor_async.py took 0.397 seconds
[2023-12-02T20:21:18.137+0000] {processor.py:157} INFO - Started process (PID=50065) to work on /home/airflow/.local/lib/python3.8/site-packages/airflow/example_dags/example_time_delta_sensor_async.py
[2023-12-02T20:21:18.139+0000] {processor.py:829} INFO - Processing file /home/airflow/.local/lib/python3.8/site-packages/airflow/example_dags/example_time_delta_sensor_async.py for tasks to queue
[2023-12-02T20:21:18.144+0000] {logging_mixin.py:151} INFO - [2023-12-02T20:21:18.144+0000] {dagbag.py:539} INFO - Filling up the DagBag from /home/airflow/.local/lib/python3.8/site-packages/airflow/example_dags/example_time_delta_sensor_async.py
[2023-12-02T20:21:18.154+0000] {processor.py:839} INFO - DAG(s) dict_keys(['example_time_delta_sensor_async']) retrieved from /home/airflow/.local/lib/python3.8/site-packages/airflow/example_dags/example_time_delta_sensor_async.py
[2023-12-02T20:21:18.215+0000] {logging_mixin.py:151} INFO - [2023-12-02T20:21:18.215+0000] {dag.py:2915} INFO - Sync 1 DAGs
[2023-12-02T20:21:18.270+0000] {logging_mixin.py:151} INFO - [2023-12-02T20:21:18.270+0000] {dag.py:3696} INFO - Setting next_dagrun for example_time_delta_sensor_async to None, run_after=None
[2023-12-02T20:21:18.323+0000] {processor.py:179} INFO - Processing /home/airflow/.local/lib/python3.8/site-packages/airflow/example_dags/example_time_delta_sensor_async.py took 0.200 seconds
[2023-12-02T21:31:08.445+0000] {processor.py:157} INFO - Started process (PID=50120) to work on /home/airflow/.local/lib/python3.8/site-packages/airflow/example_dags/example_time_delta_sensor_async.py
[2023-12-02T21:31:08.447+0000] {processor.py:829} INFO - Processing file /home/airflow/.local/lib/python3.8/site-packages/airflow/example_dags/example_time_delta_sensor_async.py for tasks to queue
[2023-12-02T21:31:08.452+0000] {logging_mixin.py:151} INFO - [2023-12-02T21:31:08.452+0000] {dagbag.py:539} INFO - Filling up the DagBag from /home/airflow/.local/lib/python3.8/site-packages/airflow/example_dags/example_time_delta_sensor_async.py
[2023-12-02T21:31:08.461+0000] {processor.py:839} INFO - DAG(s) dict_keys(['example_time_delta_sensor_async']) retrieved from /home/airflow/.local/lib/python3.8/site-packages/airflow/example_dags/example_time_delta_sensor_async.py
[2023-12-02T21:31:08.486+0000] {logging_mixin.py:151} INFO - [2023-12-02T21:31:08.486+0000] {dag.py:2915} INFO - Sync 1 DAGs
[2023-12-02T21:31:08.498+0000] {logging_mixin.py:151} INFO - [2023-12-02T21:31:08.498+0000] {dag.py:3696} INFO - Setting next_dagrun for example_time_delta_sensor_async to None, run_after=None
[2023-12-02T21:31:08.512+0000] {processor.py:179} INFO - Processing /home/airflow/.local/lib/python3.8/site-packages/airflow/example_dags/example_time_delta_sensor_async.py took 0.075 seconds
[2023-12-02T22:08:21.612+0000] {processor.py:157} INFO - Started process (PID=50174) to work on /home/airflow/.local/lib/python3.8/site-packages/airflow/example_dags/example_time_delta_sensor_async.py
[2023-12-02T22:08:21.614+0000] {processor.py:829} INFO - Processing file /home/airflow/.local/lib/python3.8/site-packages/airflow/example_dags/example_time_delta_sensor_async.py for tasks to queue
[2023-12-02T22:08:21.620+0000] {logging_mixin.py:151} INFO - [2023-12-02T22:08:21.619+0000] {dagbag.py:539} INFO - Filling up the DagBag from /home/airflow/.local/lib/python3.8/site-packages/airflow/example_dags/example_time_delta_sensor_async.py
[2023-12-02T22:08:21.633+0000] {processor.py:839} INFO - DAG(s) dict_keys(['example_time_delta_sensor_async']) retrieved from /home/airflow/.local/lib/python3.8/site-packages/airflow/example_dags/example_time_delta_sensor_async.py
[2023-12-02T22:08:21.702+0000] {logging_mixin.py:151} INFO - [2023-12-02T22:08:21.702+0000] {dag.py:2915} INFO - Sync 1 DAGs
[2023-12-02T22:08:21.717+0000] {logging_mixin.py:151} INFO - [2023-12-02T22:08:21.717+0000] {dag.py:3696} INFO - Setting next_dagrun for example_time_delta_sensor_async to None, run_after=None
[2023-12-02T22:08:21.733+0000] {processor.py:179} INFO - Processing /home/airflow/.local/lib/python3.8/site-packages/airflow/example_dags/example_time_delta_sensor_async.py took 0.129 seconds
[2023-12-02T23:05:12.575+0000] {processor.py:157} INFO - Started process (PID=50228) to work on /home/airflow/.local/lib/python3.8/site-packages/airflow/example_dags/example_time_delta_sensor_async.py
[2023-12-02T23:05:12.576+0000] {processor.py:829} INFO - Processing file /home/airflow/.local/lib/python3.8/site-packages/airflow/example_dags/example_time_delta_sensor_async.py for tasks to queue
[2023-12-02T23:05:12.579+0000] {logging_mixin.py:151} INFO - [2023-12-02T23:05:12.579+0000] {dagbag.py:539} INFO - Filling up the DagBag from /home/airflow/.local/lib/python3.8/site-packages/airflow/example_dags/example_time_delta_sensor_async.py
[2023-12-02T23:05:12.589+0000] {processor.py:839} INFO - DAG(s) dict_keys(['example_time_delta_sensor_async']) retrieved from /home/airflow/.local/lib/python3.8/site-packages/airflow/example_dags/example_time_delta_sensor_async.py
[2023-12-02T23:05:12.648+0000] {logging_mixin.py:151} INFO - [2023-12-02T23:05:12.648+0000] {dag.py:2915} INFO - Sync 1 DAGs
[2023-12-02T23:05:12.662+0000] {logging_mixin.py:151} INFO - [2023-12-02T23:05:12.662+0000] {dag.py:3696} INFO - Setting next_dagrun for example_time_delta_sensor_async to None, run_after=None
[2023-12-02T23:05:12.678+0000] {processor.py:179} INFO - Processing /home/airflow/.local/lib/python3.8/site-packages/airflow/example_dags/example_time_delta_sensor_async.py took 0.108 seconds
[2023-12-02T23:30:57.121+0000] {processor.py:157} INFO - Started process (PID=50282) to work on /home/airflow/.local/lib/python3.8/site-packages/airflow/example_dags/example_time_delta_sensor_async.py
[2023-12-02T23:30:57.124+0000] {processor.py:829} INFO - Processing file /home/airflow/.local/lib/python3.8/site-packages/airflow/example_dags/example_time_delta_sensor_async.py for tasks to queue
[2023-12-02T23:30:57.128+0000] {logging_mixin.py:151} INFO - [2023-12-02T23:30:57.127+0000] {dagbag.py:539} INFO - Filling up the DagBag from /home/airflow/.local/lib/python3.8/site-packages/airflow/example_dags/example_time_delta_sensor_async.py
[2023-12-02T23:30:57.156+0000] {processor.py:839} INFO - DAG(s) dict_keys(['example_time_delta_sensor_async']) retrieved from /home/airflow/.local/lib/python3.8/site-packages/airflow/example_dags/example_time_delta_sensor_async.py
[2023-12-02T23:30:57.253+0000] {logging_mixin.py:151} INFO - [2023-12-02T23:30:57.252+0000] {dag.py:2915} INFO - Sync 1 DAGs
[2023-12-02T23:30:57.305+0000] {logging_mixin.py:151} INFO - [2023-12-02T23:30:57.305+0000] {dag.py:3696} INFO - Setting next_dagrun for example_time_delta_sensor_async to None, run_after=None
[2023-12-02T23:30:57.345+0000] {processor.py:179} INFO - Processing /home/airflow/.local/lib/python3.8/site-packages/airflow/example_dags/example_time_delta_sensor_async.py took 0.232 seconds
[2023-12-02T23:33:12.468+0000] {processor.py:157} INFO - Started process (PID=50335) to work on /home/airflow/.local/lib/python3.8/site-packages/airflow/example_dags/example_time_delta_sensor_async.py
[2023-12-02T23:33:12.471+0000] {processor.py:829} INFO - Processing file /home/airflow/.local/lib/python3.8/site-packages/airflow/example_dags/example_time_delta_sensor_async.py for tasks to queue
[2023-12-02T23:33:12.480+0000] {logging_mixin.py:151} INFO - [2023-12-02T23:33:12.477+0000] {dagbag.py:539} INFO - Filling up the DagBag from /home/airflow/.local/lib/python3.8/site-packages/airflow/example_dags/example_time_delta_sensor_async.py
[2023-12-02T23:33:12.512+0000] {processor.py:839} INFO - DAG(s) dict_keys(['example_time_delta_sensor_async']) retrieved from /home/airflow/.local/lib/python3.8/site-packages/airflow/example_dags/example_time_delta_sensor_async.py
[2023-12-02T23:33:12.607+0000] {logging_mixin.py:151} INFO - [2023-12-02T23:33:12.606+0000] {dag.py:2915} INFO - Sync 1 DAGs
[2023-12-02T23:33:12.634+0000] {logging_mixin.py:151} INFO - [2023-12-02T23:33:12.634+0000] {dag.py:3696} INFO - Setting next_dagrun for example_time_delta_sensor_async to None, run_after=None
[2023-12-02T23:33:12.659+0000] {processor.py:179} INFO - Processing /home/airflow/.local/lib/python3.8/site-packages/airflow/example_dags/example_time_delta_sensor_async.py took 0.197 seconds
[2023-12-02T23:52:07.169+0000] {processor.py:157} INFO - Started process (PID=50389) to work on /home/airflow/.local/lib/python3.8/site-packages/airflow/example_dags/example_time_delta_sensor_async.py
[2023-12-02T23:52:07.177+0000] {processor.py:829} INFO - Processing file /home/airflow/.local/lib/python3.8/site-packages/airflow/example_dags/example_time_delta_sensor_async.py for tasks to queue
[2023-12-02T23:52:07.185+0000] {logging_mixin.py:151} INFO - [2023-12-02T23:52:07.185+0000] {dagbag.py:539} INFO - Filling up the DagBag from /home/airflow/.local/lib/python3.8/site-packages/airflow/example_dags/example_time_delta_sensor_async.py
[2023-12-02T23:52:07.229+0000] {processor.py:839} INFO - DAG(s) dict_keys(['example_time_delta_sensor_async']) retrieved from /home/airflow/.local/lib/python3.8/site-packages/airflow/example_dags/example_time_delta_sensor_async.py
[2023-12-02T23:52:07.301+0000] {logging_mixin.py:151} INFO - [2023-12-02T23:52:07.301+0000] {dag.py:2915} INFO - Sync 1 DAGs
[2023-12-02T23:52:07.341+0000] {logging_mixin.py:151} INFO - [2023-12-02T23:52:07.341+0000] {dag.py:3696} INFO - Setting next_dagrun for example_time_delta_sensor_async to None, run_after=None
[2023-12-02T23:52:07.386+0000] {processor.py:179} INFO - Processing /home/airflow/.local/lib/python3.8/site-packages/airflow/example_dags/example_time_delta_sensor_async.py took 0.237 seconds
