[2023-12-02T00:15:16.251+0000] {processor.py:157} INFO - Started process (PID=48088) to work on /home/airflow/.local/lib/python3.8/site-packages/airflow/example_dags/example_external_task_marker_dag.py
[2023-12-02T00:15:16.251+0000] {processor.py:829} INFO - Processing file /home/airflow/.local/lib/python3.8/site-packages/airflow/example_dags/example_external_task_marker_dag.py for tasks to queue
[2023-12-02T00:15:16.253+0000] {logging_mixin.py:151} INFO - [2023-12-02T00:15:16.253+0000] {dagbag.py:539} INFO - Filling up the DagBag from /home/airflow/.local/lib/python3.8/site-packages/airflow/example_dags/example_external_task_marker_dag.py
[2023-12-02T00:15:16.257+0000] {processor.py:839} INFO - DAG(s) dict_keys(['example_external_task_marker_child', 'example_external_task_marker_parent']) retrieved from /home/airflow/.local/lib/python3.8/site-packages/airflow/example_dags/example_external_task_marker_dag.py
[2023-12-02T00:15:16.270+0000] {logging_mixin.py:151} INFO - [2023-12-02T00:15:16.270+0000] {dag.py:2915} INFO - Sync 2 DAGs
[2023-12-02T00:15:16.277+0000] {logging_mixin.py:151} INFO - [2023-12-02T00:15:16.277+0000] {dag.py:3696} INFO - Setting next_dagrun for example_external_task_marker_child to None, run_after=None
[2023-12-02T00:15:16.279+0000] {logging_mixin.py:151} INFO - [2023-12-02T00:15:16.279+0000] {dag.py:3696} INFO - Setting next_dagrun for example_external_task_marker_parent to None, run_after=None
[2023-12-02T00:15:16.379+0000] {processor.py:179} INFO - Processing /home/airflow/.local/lib/python3.8/site-packages/airflow/example_dags/example_external_task_marker_dag.py took 0.130 seconds
[2023-12-02T00:57:23.552+0000] {processor.py:157} INFO - Started process (PID=48142) to work on /home/airflow/.local/lib/python3.8/site-packages/airflow/example_dags/example_external_task_marker_dag.py
[2023-12-02T00:57:23.553+0000] {processor.py:829} INFO - Processing file /home/airflow/.local/lib/python3.8/site-packages/airflow/example_dags/example_external_task_marker_dag.py for tasks to queue
[2023-12-02T00:57:23.554+0000] {logging_mixin.py:151} INFO - [2023-12-02T00:57:23.554+0000] {dagbag.py:539} INFO - Filling up the DagBag from /home/airflow/.local/lib/python3.8/site-packages/airflow/example_dags/example_external_task_marker_dag.py
[2023-12-02T00:57:23.566+0000] {processor.py:839} INFO - DAG(s) dict_keys(['example_external_task_marker_child', 'example_external_task_marker_parent']) retrieved from /home/airflow/.local/lib/python3.8/site-packages/airflow/example_dags/example_external_task_marker_dag.py
[2023-12-02T00:57:23.590+0000] {logging_mixin.py:151} INFO - [2023-12-02T00:57:23.590+0000] {dag.py:2915} INFO - Sync 2 DAGs
[2023-12-02T00:57:23.607+0000] {logging_mixin.py:151} INFO - [2023-12-02T00:57:23.607+0000] {dag.py:3696} INFO - Setting next_dagrun for example_external_task_marker_child to None, run_after=None
[2023-12-02T00:57:23.612+0000] {logging_mixin.py:151} INFO - [2023-12-02T00:57:23.611+0000] {dag.py:3696} INFO - Setting next_dagrun for example_external_task_marker_parent to None, run_after=None
[2023-12-02T00:57:23.628+0000] {processor.py:179} INFO - Processing /home/airflow/.local/lib/python3.8/site-packages/airflow/example_dags/example_external_task_marker_dag.py took 0.079 seconds
[2023-12-02T01:08:03.785+0000] {processor.py:157} INFO - Started process (PID=48196) to work on /home/airflow/.local/lib/python3.8/site-packages/airflow/example_dags/example_external_task_marker_dag.py
[2023-12-02T01:08:03.786+0000] {processor.py:829} INFO - Processing file /home/airflow/.local/lib/python3.8/site-packages/airflow/example_dags/example_external_task_marker_dag.py for tasks to queue
[2023-12-02T01:08:03.791+0000] {logging_mixin.py:151} INFO - [2023-12-02T01:08:03.790+0000] {dagbag.py:539} INFO - Filling up the DagBag from /home/airflow/.local/lib/python3.8/site-packages/airflow/example_dags/example_external_task_marker_dag.py
[2023-12-02T01:08:03.798+0000] {processor.py:839} INFO - DAG(s) dict_keys(['example_external_task_marker_parent', 'example_external_task_marker_child']) retrieved from /home/airflow/.local/lib/python3.8/site-packages/airflow/example_dags/example_external_task_marker_dag.py
[2023-12-02T01:08:03.819+0000] {logging_mixin.py:151} INFO - [2023-12-02T01:08:03.819+0000] {dag.py:2915} INFO - Sync 2 DAGs
[2023-12-02T01:08:03.830+0000] {logging_mixin.py:151} INFO - [2023-12-02T01:08:03.830+0000] {dag.py:3696} INFO - Setting next_dagrun for example_external_task_marker_child to None, run_after=None
[2023-12-02T01:08:03.832+0000] {logging_mixin.py:151} INFO - [2023-12-02T01:08:03.832+0000] {dag.py:3696} INFO - Setting next_dagrun for example_external_task_marker_parent to None, run_after=None
[2023-12-02T01:08:03.843+0000] {processor.py:179} INFO - Processing /home/airflow/.local/lib/python3.8/site-packages/airflow/example_dags/example_external_task_marker_dag.py took 0.063 seconds
[2023-12-02T02:09:41.648+0000] {processor.py:157} INFO - Started process (PID=48250) to work on /home/airflow/.local/lib/python3.8/site-packages/airflow/example_dags/example_external_task_marker_dag.py
[2023-12-02T02:09:41.649+0000] {processor.py:829} INFO - Processing file /home/airflow/.local/lib/python3.8/site-packages/airflow/example_dags/example_external_task_marker_dag.py for tasks to queue
[2023-12-02T02:09:41.651+0000] {logging_mixin.py:151} INFO - [2023-12-02T02:09:41.651+0000] {dagbag.py:539} INFO - Filling up the DagBag from /home/airflow/.local/lib/python3.8/site-packages/airflow/example_dags/example_external_task_marker_dag.py
[2023-12-02T02:09:41.655+0000] {processor.py:839} INFO - DAG(s) dict_keys(['example_external_task_marker_child', 'example_external_task_marker_parent']) retrieved from /home/airflow/.local/lib/python3.8/site-packages/airflow/example_dags/example_external_task_marker_dag.py
[2023-12-02T02:09:41.778+0000] {logging_mixin.py:151} INFO - [2023-12-02T02:09:41.778+0000] {dag.py:2915} INFO - Sync 2 DAGs
[2023-12-02T02:09:41.784+0000] {logging_mixin.py:151} INFO - [2023-12-02T02:09:41.784+0000] {dag.py:3696} INFO - Setting next_dagrun for example_external_task_marker_child to None, run_after=None
[2023-12-02T02:09:41.786+0000] {logging_mixin.py:151} INFO - [2023-12-02T02:09:41.786+0000] {dag.py:3696} INFO - Setting next_dagrun for example_external_task_marker_parent to None, run_after=None
[2023-12-02T02:09:41.794+0000] {processor.py:179} INFO - Processing /home/airflow/.local/lib/python3.8/site-packages/airflow/example_dags/example_external_task_marker_dag.py took 0.148 seconds
[2023-12-02T02:48:11.104+0000] {processor.py:157} INFO - Started process (PID=48305) to work on /home/airflow/.local/lib/python3.8/site-packages/airflow/example_dags/example_external_task_marker_dag.py
[2023-12-02T02:48:11.105+0000] {processor.py:829} INFO - Processing file /home/airflow/.local/lib/python3.8/site-packages/airflow/example_dags/example_external_task_marker_dag.py for tasks to queue
[2023-12-02T02:48:11.108+0000] {logging_mixin.py:151} INFO - [2023-12-02T02:48:11.107+0000] {dagbag.py:539} INFO - Filling up the DagBag from /home/airflow/.local/lib/python3.8/site-packages/airflow/example_dags/example_external_task_marker_dag.py
[2023-12-02T02:48:11.125+0000] {processor.py:839} INFO - DAG(s) dict_keys(['example_external_task_marker_parent', 'example_external_task_marker_child']) retrieved from /home/airflow/.local/lib/python3.8/site-packages/airflow/example_dags/example_external_task_marker_dag.py
[2023-12-02T02:48:11.150+0000] {logging_mixin.py:151} INFO - [2023-12-02T02:48:11.149+0000] {dag.py:2915} INFO - Sync 2 DAGs
[2023-12-02T02:48:11.161+0000] {logging_mixin.py:151} INFO - [2023-12-02T02:48:11.160+0000] {dag.py:3696} INFO - Setting next_dagrun for example_external_task_marker_child to None, run_after=None
[2023-12-02T02:48:11.164+0000] {logging_mixin.py:151} INFO - [2023-12-02T02:48:11.163+0000] {dag.py:3696} INFO - Setting next_dagrun for example_external_task_marker_parent to None, run_after=None
[2023-12-02T02:48:11.272+0000] {processor.py:179} INFO - Processing /home/airflow/.local/lib/python3.8/site-packages/airflow/example_dags/example_external_task_marker_dag.py took 0.171 seconds
[2023-12-02T03:45:59.233+0000] {processor.py:157} INFO - Started process (PID=48359) to work on /home/airflow/.local/lib/python3.8/site-packages/airflow/example_dags/example_external_task_marker_dag.py
[2023-12-02T03:45:59.234+0000] {processor.py:829} INFO - Processing file /home/airflow/.local/lib/python3.8/site-packages/airflow/example_dags/example_external_task_marker_dag.py for tasks to queue
[2023-12-02T03:45:59.235+0000] {logging_mixin.py:151} INFO - [2023-12-02T03:45:59.235+0000] {dagbag.py:539} INFO - Filling up the DagBag from /home/airflow/.local/lib/python3.8/site-packages/airflow/example_dags/example_external_task_marker_dag.py
[2023-12-02T03:45:59.240+0000] {processor.py:839} INFO - DAG(s) dict_keys(['example_external_task_marker_parent', 'example_external_task_marker_child']) retrieved from /home/airflow/.local/lib/python3.8/site-packages/airflow/example_dags/example_external_task_marker_dag.py
[2023-12-02T03:45:59.256+0000] {logging_mixin.py:151} INFO - [2023-12-02T03:45:59.255+0000] {dag.py:2915} INFO - Sync 2 DAGs
[2023-12-02T03:45:59.263+0000] {logging_mixin.py:151} INFO - [2023-12-02T03:45:59.263+0000] {dag.py:3696} INFO - Setting next_dagrun for example_external_task_marker_child to None, run_after=None
[2023-12-02T03:45:59.266+0000] {logging_mixin.py:151} INFO - [2023-12-02T03:45:59.266+0000] {dag.py:3696} INFO - Setting next_dagrun for example_external_task_marker_parent to None, run_after=None
[2023-12-02T03:45:59.275+0000] {processor.py:179} INFO - Processing /home/airflow/.local/lib/python3.8/site-packages/airflow/example_dags/example_external_task_marker_dag.py took 0.045 seconds
[2023-12-02T05:04:05.305+0000] {processor.py:157} INFO - Started process (PID=48413) to work on /home/airflow/.local/lib/python3.8/site-packages/airflow/example_dags/example_external_task_marker_dag.py
[2023-12-02T05:04:05.306+0000] {processor.py:829} INFO - Processing file /home/airflow/.local/lib/python3.8/site-packages/airflow/example_dags/example_external_task_marker_dag.py for tasks to queue
[2023-12-02T05:04:05.307+0000] {logging_mixin.py:151} INFO - [2023-12-02T05:04:05.307+0000] {dagbag.py:539} INFO - Filling up the DagBag from /home/airflow/.local/lib/python3.8/site-packages/airflow/example_dags/example_external_task_marker_dag.py
[2023-12-02T05:04:05.398+0000] {processor.py:839} INFO - DAG(s) dict_keys(['example_external_task_marker_parent', 'example_external_task_marker_child']) retrieved from /home/airflow/.local/lib/python3.8/site-packages/airflow/example_dags/example_external_task_marker_dag.py
[2023-12-02T05:04:05.412+0000] {logging_mixin.py:151} INFO - [2023-12-02T05:04:05.412+0000] {dag.py:2915} INFO - Sync 2 DAGs
[2023-12-02T05:04:05.422+0000] {logging_mixin.py:151} INFO - [2023-12-02T05:04:05.422+0000] {dag.py:3696} INFO - Setting next_dagrun for example_external_task_marker_child to None, run_after=None
[2023-12-02T05:04:05.424+0000] {logging_mixin.py:151} INFO - [2023-12-02T05:04:05.424+0000] {dag.py:3696} INFO - Setting next_dagrun for example_external_task_marker_parent to None, run_after=None
[2023-12-02T05:04:05.432+0000] {processor.py:179} INFO - Processing /home/airflow/.local/lib/python3.8/site-packages/airflow/example_dags/example_external_task_marker_dag.py took 0.130 seconds
[2023-12-02T06:07:24.766+0000] {processor.py:157} INFO - Started process (PID=48467) to work on /home/airflow/.local/lib/python3.8/site-packages/airflow/example_dags/example_external_task_marker_dag.py
[2023-12-02T06:07:24.767+0000] {processor.py:829} INFO - Processing file /home/airflow/.local/lib/python3.8/site-packages/airflow/example_dags/example_external_task_marker_dag.py for tasks to queue
[2023-12-02T06:07:24.768+0000] {logging_mixin.py:151} INFO - [2023-12-02T06:07:24.768+0000] {dagbag.py:539} INFO - Filling up the DagBag from /home/airflow/.local/lib/python3.8/site-packages/airflow/example_dags/example_external_task_marker_dag.py
[2023-12-02T06:07:24.773+0000] {processor.py:839} INFO - DAG(s) dict_keys(['example_external_task_marker_child', 'example_external_task_marker_parent']) retrieved from /home/airflow/.local/lib/python3.8/site-packages/airflow/example_dags/example_external_task_marker_dag.py
[2023-12-02T06:07:24.790+0000] {logging_mixin.py:151} INFO - [2023-12-02T06:07:24.790+0000] {dag.py:2915} INFO - Sync 2 DAGs
[2023-12-02T06:07:24.799+0000] {logging_mixin.py:151} INFO - [2023-12-02T06:07:24.799+0000] {dag.py:3696} INFO - Setting next_dagrun for example_external_task_marker_child to None, run_after=None
[2023-12-02T06:07:24.801+0000] {logging_mixin.py:151} INFO - [2023-12-02T06:07:24.801+0000] {dag.py:3696} INFO - Setting next_dagrun for example_external_task_marker_parent to None, run_after=None
[2023-12-02T06:07:24.810+0000] {processor.py:179} INFO - Processing /home/airflow/.local/lib/python3.8/site-packages/airflow/example_dags/example_external_task_marker_dag.py took 0.048 seconds
[2023-12-02T07:04:09.833+0000] {processor.py:157} INFO - Started process (PID=48521) to work on /home/airflow/.local/lib/python3.8/site-packages/airflow/example_dags/example_external_task_marker_dag.py
[2023-12-02T07:04:09.834+0000] {processor.py:829} INFO - Processing file /home/airflow/.local/lib/python3.8/site-packages/airflow/example_dags/example_external_task_marker_dag.py for tasks to queue
[2023-12-02T07:04:09.835+0000] {logging_mixin.py:151} INFO - [2023-12-02T07:04:09.835+0000] {dagbag.py:539} INFO - Filling up the DagBag from /home/airflow/.local/lib/python3.8/site-packages/airflow/example_dags/example_external_task_marker_dag.py
[2023-12-02T07:04:09.839+0000] {processor.py:839} INFO - DAG(s) dict_keys(['example_external_task_marker_parent', 'example_external_task_marker_child']) retrieved from /home/airflow/.local/lib/python3.8/site-packages/airflow/example_dags/example_external_task_marker_dag.py
[2023-12-02T07:04:09.856+0000] {logging_mixin.py:151} INFO - [2023-12-02T07:04:09.856+0000] {dag.py:2915} INFO - Sync 2 DAGs
[2023-12-02T07:04:09.863+0000] {logging_mixin.py:151} INFO - [2023-12-02T07:04:09.863+0000] {dag.py:3696} INFO - Setting next_dagrun for example_external_task_marker_child to None, run_after=None
[2023-12-02T07:04:09.865+0000] {logging_mixin.py:151} INFO - [2023-12-02T07:04:09.865+0000] {dag.py:3696} INFO - Setting next_dagrun for example_external_task_marker_parent to None, run_after=None
[2023-12-02T07:04:09.880+0000] {processor.py:179} INFO - Processing /home/airflow/.local/lib/python3.8/site-packages/airflow/example_dags/example_external_task_marker_dag.py took 0.050 seconds
[2023-12-02T08:07:55.232+0000] {processor.py:157} INFO - Started process (PID=48575) to work on /home/airflow/.local/lib/python3.8/site-packages/airflow/example_dags/example_external_task_marker_dag.py
[2023-12-02T08:07:55.233+0000] {processor.py:829} INFO - Processing file /home/airflow/.local/lib/python3.8/site-packages/airflow/example_dags/example_external_task_marker_dag.py for tasks to queue
[2023-12-02T08:07:55.235+0000] {logging_mixin.py:151} INFO - [2023-12-02T08:07:55.235+0000] {dagbag.py:539} INFO - Filling up the DagBag from /home/airflow/.local/lib/python3.8/site-packages/airflow/example_dags/example_external_task_marker_dag.py
[2023-12-02T08:07:55.244+0000] {processor.py:839} INFO - DAG(s) dict_keys(['example_external_task_marker_parent', 'example_external_task_marker_child']) retrieved from /home/airflow/.local/lib/python3.8/site-packages/airflow/example_dags/example_external_task_marker_dag.py
[2023-12-02T08:07:55.264+0000] {logging_mixin.py:151} INFO - [2023-12-02T08:07:55.264+0000] {dag.py:2915} INFO - Sync 2 DAGs
[2023-12-02T08:07:55.272+0000] {logging_mixin.py:151} INFO - [2023-12-02T08:07:55.272+0000] {dag.py:3696} INFO - Setting next_dagrun for example_external_task_marker_child to None, run_after=None
[2023-12-02T08:07:55.274+0000] {logging_mixin.py:151} INFO - [2023-12-02T08:07:55.274+0000] {dag.py:3696} INFO - Setting next_dagrun for example_external_task_marker_parent to None, run_after=None
[2023-12-02T08:07:55.291+0000] {processor.py:179} INFO - Processing /home/airflow/.local/lib/python3.8/site-packages/airflow/example_dags/example_external_task_marker_dag.py took 0.061 seconds
[2023-12-02T09:19:32.010+0000] {processor.py:157} INFO - Started process (PID=48629) to work on /home/airflow/.local/lib/python3.8/site-packages/airflow/example_dags/example_external_task_marker_dag.py
[2023-12-02T09:19:32.011+0000] {processor.py:829} INFO - Processing file /home/airflow/.local/lib/python3.8/site-packages/airflow/example_dags/example_external_task_marker_dag.py for tasks to queue
[2023-12-02T09:19:32.013+0000] {logging_mixin.py:151} INFO - [2023-12-02T09:19:32.013+0000] {dagbag.py:539} INFO - Filling up the DagBag from /home/airflow/.local/lib/python3.8/site-packages/airflow/example_dags/example_external_task_marker_dag.py
[2023-12-02T09:19:32.017+0000] {processor.py:839} INFO - DAG(s) dict_keys(['example_external_task_marker_parent', 'example_external_task_marker_child']) retrieved from /home/airflow/.local/lib/python3.8/site-packages/airflow/example_dags/example_external_task_marker_dag.py
[2023-12-02T09:19:32.032+0000] {logging_mixin.py:151} INFO - [2023-12-02T09:19:32.031+0000] {dag.py:2915} INFO - Sync 2 DAGs
[2023-12-02T09:19:32.039+0000] {logging_mixin.py:151} INFO - [2023-12-02T09:19:32.039+0000] {dag.py:3696} INFO - Setting next_dagrun for example_external_task_marker_child to None, run_after=None
[2023-12-02T09:19:32.041+0000] {logging_mixin.py:151} INFO - [2023-12-02T09:19:32.041+0000] {dag.py:3696} INFO - Setting next_dagrun for example_external_task_marker_parent to None, run_after=None
[2023-12-02T09:19:32.049+0000] {processor.py:179} INFO - Processing /home/airflow/.local/lib/python3.8/site-packages/airflow/example_dags/example_external_task_marker_dag.py took 0.041 seconds
[2023-12-02T09:58:55.954+0000] {processor.py:157} INFO - Started process (PID=48683) to work on /home/airflow/.local/lib/python3.8/site-packages/airflow/example_dags/example_external_task_marker_dag.py
[2023-12-02T09:58:56.004+0000] {processor.py:829} INFO - Processing file /home/airflow/.local/lib/python3.8/site-packages/airflow/example_dags/example_external_task_marker_dag.py for tasks to queue
[2023-12-02T09:58:56.013+0000] {logging_mixin.py:151} INFO - [2023-12-02T09:58:56.011+0000] {dagbag.py:539} INFO - Filling up the DagBag from /home/airflow/.local/lib/python3.8/site-packages/airflow/example_dags/example_external_task_marker_dag.py
[2023-12-02T09:58:56.027+0000] {processor.py:839} INFO - DAG(s) dict_keys(['example_external_task_marker_parent', 'example_external_task_marker_child']) retrieved from /home/airflow/.local/lib/python3.8/site-packages/airflow/example_dags/example_external_task_marker_dag.py
[2023-12-02T09:58:56.072+0000] {logging_mixin.py:151} INFO - [2023-12-02T09:58:56.072+0000] {dag.py:2915} INFO - Sync 2 DAGs
[2023-12-02T09:58:56.084+0000] {logging_mixin.py:151} INFO - [2023-12-02T09:58:56.083+0000] {dag.py:3696} INFO - Setting next_dagrun for example_external_task_marker_child to None, run_after=None
[2023-12-02T09:58:56.088+0000] {logging_mixin.py:151} INFO - [2023-12-02T09:58:56.088+0000] {dag.py:3696} INFO - Setting next_dagrun for example_external_task_marker_parent to None, run_after=None
[2023-12-02T09:58:56.111+0000] {processor.py:179} INFO - Processing /home/airflow/.local/lib/python3.8/site-packages/airflow/example_dags/example_external_task_marker_dag.py took 0.168 seconds
[2023-12-02T10:00:56.399+0000] {processor.py:157} INFO - Started process (PID=48737) to work on /home/airflow/.local/lib/python3.8/site-packages/airflow/example_dags/example_external_task_marker_dag.py
[2023-12-02T10:00:56.400+0000] {processor.py:829} INFO - Processing file /home/airflow/.local/lib/python3.8/site-packages/airflow/example_dags/example_external_task_marker_dag.py for tasks to queue
[2023-12-02T10:00:56.401+0000] {logging_mixin.py:151} INFO - [2023-12-02T10:00:56.401+0000] {dagbag.py:539} INFO - Filling up the DagBag from /home/airflow/.local/lib/python3.8/site-packages/airflow/example_dags/example_external_task_marker_dag.py
[2023-12-02T10:00:56.405+0000] {processor.py:839} INFO - DAG(s) dict_keys(['example_external_task_marker_child', 'example_external_task_marker_parent']) retrieved from /home/airflow/.local/lib/python3.8/site-packages/airflow/example_dags/example_external_task_marker_dag.py
[2023-12-02T10:00:56.423+0000] {logging_mixin.py:151} INFO - [2023-12-02T10:00:56.423+0000] {dag.py:2915} INFO - Sync 2 DAGs
[2023-12-02T10:00:56.430+0000] {logging_mixin.py:151} INFO - [2023-12-02T10:00:56.430+0000] {dag.py:3696} INFO - Setting next_dagrun for example_external_task_marker_child to None, run_after=None
[2023-12-02T10:00:56.432+0000] {logging_mixin.py:151} INFO - [2023-12-02T10:00:56.432+0000] {dag.py:3696} INFO - Setting next_dagrun for example_external_task_marker_parent to None, run_after=None
[2023-12-02T10:00:56.442+0000] {processor.py:179} INFO - Processing /home/airflow/.local/lib/python3.8/site-packages/airflow/example_dags/example_external_task_marker_dag.py took 0.046 seconds
[2023-12-02T10:20:42.080+0000] {processor.py:157} INFO - Started process (PID=48791) to work on /home/airflow/.local/lib/python3.8/site-packages/airflow/example_dags/example_external_task_marker_dag.py
[2023-12-02T10:20:42.082+0000] {processor.py:829} INFO - Processing file /home/airflow/.local/lib/python3.8/site-packages/airflow/example_dags/example_external_task_marker_dag.py for tasks to queue
[2023-12-02T10:20:42.084+0000] {logging_mixin.py:151} INFO - [2023-12-02T10:20:42.083+0000] {dagbag.py:539} INFO - Filling up the DagBag from /home/airflow/.local/lib/python3.8/site-packages/airflow/example_dags/example_external_task_marker_dag.py
[2023-12-02T10:20:42.089+0000] {processor.py:839} INFO - DAG(s) dict_keys(['example_external_task_marker_child', 'example_external_task_marker_parent']) retrieved from /home/airflow/.local/lib/python3.8/site-packages/airflow/example_dags/example_external_task_marker_dag.py
[2023-12-02T10:20:42.107+0000] {logging_mixin.py:151} INFO - [2023-12-02T10:20:42.106+0000] {dag.py:2915} INFO - Sync 2 DAGs
[2023-12-02T10:20:42.121+0000] {logging_mixin.py:151} INFO - [2023-12-02T10:20:42.121+0000] {dag.py:3696} INFO - Setting next_dagrun for example_external_task_marker_child to None, run_after=None
[2023-12-02T10:20:42.125+0000] {logging_mixin.py:151} INFO - [2023-12-02T10:20:42.125+0000] {dag.py:3696} INFO - Setting next_dagrun for example_external_task_marker_parent to None, run_after=None
[2023-12-02T10:20:42.137+0000] {processor.py:179} INFO - Processing /home/airflow/.local/lib/python3.8/site-packages/airflow/example_dags/example_external_task_marker_dag.py took 0.059 seconds
[2023-12-02T10:41:01.788+0000] {processor.py:157} INFO - Started process (PID=48846) to work on /home/airflow/.local/lib/python3.8/site-packages/airflow/example_dags/example_external_task_marker_dag.py
[2023-12-02T10:41:01.789+0000] {processor.py:829} INFO - Processing file /home/airflow/.local/lib/python3.8/site-packages/airflow/example_dags/example_external_task_marker_dag.py for tasks to queue
[2023-12-02T10:41:01.790+0000] {logging_mixin.py:151} INFO - [2023-12-02T10:41:01.790+0000] {dagbag.py:539} INFO - Filling up the DagBag from /home/airflow/.local/lib/python3.8/site-packages/airflow/example_dags/example_external_task_marker_dag.py
[2023-12-02T10:41:01.794+0000] {processor.py:839} INFO - DAG(s) dict_keys(['example_external_task_marker_child', 'example_external_task_marker_parent']) retrieved from /home/airflow/.local/lib/python3.8/site-packages/airflow/example_dags/example_external_task_marker_dag.py
[2023-12-02T10:41:01.809+0000] {logging_mixin.py:151} INFO - [2023-12-02T10:41:01.809+0000] {dag.py:2915} INFO - Sync 2 DAGs
[2023-12-02T10:41:01.816+0000] {logging_mixin.py:151} INFO - [2023-12-02T10:41:01.816+0000] {dag.py:3696} INFO - Setting next_dagrun for example_external_task_marker_child to None, run_after=None
[2023-12-02T10:41:01.818+0000] {logging_mixin.py:151} INFO - [2023-12-02T10:41:01.818+0000] {dag.py:3696} INFO - Setting next_dagrun for example_external_task_marker_parent to None, run_after=None
[2023-12-02T10:41:01.828+0000] {processor.py:179} INFO - Processing /home/airflow/.local/lib/python3.8/site-packages/airflow/example_dags/example_external_task_marker_dag.py took 0.042 seconds
[2023-12-02T11:01:13.621+0000] {processor.py:157} INFO - Started process (PID=48900) to work on /home/airflow/.local/lib/python3.8/site-packages/airflow/example_dags/example_external_task_marker_dag.py
[2023-12-02T11:01:13.622+0000] {processor.py:829} INFO - Processing file /home/airflow/.local/lib/python3.8/site-packages/airflow/example_dags/example_external_task_marker_dag.py for tasks to queue
[2023-12-02T11:01:13.624+0000] {logging_mixin.py:151} INFO - [2023-12-02T11:01:13.624+0000] {dagbag.py:539} INFO - Filling up the DagBag from /home/airflow/.local/lib/python3.8/site-packages/airflow/example_dags/example_external_task_marker_dag.py
[2023-12-02T11:01:13.632+0000] {processor.py:839} INFO - DAG(s) dict_keys(['example_external_task_marker_parent', 'example_external_task_marker_child']) retrieved from /home/airflow/.local/lib/python3.8/site-packages/airflow/example_dags/example_external_task_marker_dag.py
[2023-12-02T11:01:13.666+0000] {logging_mixin.py:151} INFO - [2023-12-02T11:01:13.666+0000] {dag.py:2915} INFO - Sync 2 DAGs
[2023-12-02T11:01:13.690+0000] {logging_mixin.py:151} INFO - [2023-12-02T11:01:13.690+0000] {dag.py:3696} INFO - Setting next_dagrun for example_external_task_marker_child to None, run_after=None
[2023-12-02T11:01:13.700+0000] {logging_mixin.py:151} INFO - [2023-12-02T11:01:13.700+0000] {dag.py:3696} INFO - Setting next_dagrun for example_external_task_marker_parent to None, run_after=None
[2023-12-02T11:01:13.711+0000] {processor.py:179} INFO - Processing /home/airflow/.local/lib/python3.8/site-packages/airflow/example_dags/example_external_task_marker_dag.py took 0.095 seconds
[2023-12-02T11:08:50.901+0000] {processor.py:157} INFO - Started process (PID=48954) to work on /home/airflow/.local/lib/python3.8/site-packages/airflow/example_dags/example_external_task_marker_dag.py
[2023-12-02T11:08:50.902+0000] {processor.py:829} INFO - Processing file /home/airflow/.local/lib/python3.8/site-packages/airflow/example_dags/example_external_task_marker_dag.py for tasks to queue
[2023-12-02T11:08:50.904+0000] {logging_mixin.py:151} INFO - [2023-12-02T11:08:50.904+0000] {dagbag.py:539} INFO - Filling up the DagBag from /home/airflow/.local/lib/python3.8/site-packages/airflow/example_dags/example_external_task_marker_dag.py
[2023-12-02T11:08:50.909+0000] {processor.py:839} INFO - DAG(s) dict_keys(['example_external_task_marker_child', 'example_external_task_marker_parent']) retrieved from /home/airflow/.local/lib/python3.8/site-packages/airflow/example_dags/example_external_task_marker_dag.py
[2023-12-02T11:08:50.924+0000] {logging_mixin.py:151} INFO - [2023-12-02T11:08:50.924+0000] {dag.py:2915} INFO - Sync 2 DAGs
[2023-12-02T11:08:50.931+0000] {logging_mixin.py:151} INFO - [2023-12-02T11:08:50.930+0000] {dag.py:3696} INFO - Setting next_dagrun for example_external_task_marker_child to None, run_after=None
[2023-12-02T11:08:50.933+0000] {logging_mixin.py:151} INFO - [2023-12-02T11:08:50.933+0000] {dag.py:3696} INFO - Setting next_dagrun for example_external_task_marker_parent to None, run_after=None
[2023-12-02T11:08:50.941+0000] {processor.py:179} INFO - Processing /home/airflow/.local/lib/python3.8/site-packages/airflow/example_dags/example_external_task_marker_dag.py took 0.042 seconds
[2023-12-02T11:21:32.119+0000] {processor.py:157} INFO - Started process (PID=49008) to work on /home/airflow/.local/lib/python3.8/site-packages/airflow/example_dags/example_external_task_marker_dag.py
[2023-12-02T11:21:32.120+0000] {processor.py:829} INFO - Processing file /home/airflow/.local/lib/python3.8/site-packages/airflow/example_dags/example_external_task_marker_dag.py for tasks to queue
[2023-12-02T11:21:32.121+0000] {logging_mixin.py:151} INFO - [2023-12-02T11:21:32.121+0000] {dagbag.py:539} INFO - Filling up the DagBag from /home/airflow/.local/lib/python3.8/site-packages/airflow/example_dags/example_external_task_marker_dag.py
[2023-12-02T11:21:32.126+0000] {processor.py:839} INFO - DAG(s) dict_keys(['example_external_task_marker_child', 'example_external_task_marker_parent']) retrieved from /home/airflow/.local/lib/python3.8/site-packages/airflow/example_dags/example_external_task_marker_dag.py
[2023-12-02T11:21:32.140+0000] {logging_mixin.py:151} INFO - [2023-12-02T11:21:32.140+0000] {dag.py:2915} INFO - Sync 2 DAGs
[2023-12-02T11:21:32.147+0000] {logging_mixin.py:151} INFO - [2023-12-02T11:21:32.147+0000] {dag.py:3696} INFO - Setting next_dagrun for example_external_task_marker_child to None, run_after=None
[2023-12-02T11:21:32.150+0000] {logging_mixin.py:151} INFO - [2023-12-02T11:21:32.150+0000] {dag.py:3696} INFO - Setting next_dagrun for example_external_task_marker_parent to None, run_after=None
[2023-12-02T11:21:32.162+0000] {processor.py:179} INFO - Processing /home/airflow/.local/lib/python3.8/site-packages/airflow/example_dags/example_external_task_marker_dag.py took 0.046 seconds
[2023-12-02T11:33:22.386+0000] {processor.py:157} INFO - Started process (PID=49062) to work on /home/airflow/.local/lib/python3.8/site-packages/airflow/example_dags/example_external_task_marker_dag.py
[2023-12-02T11:33:22.387+0000] {processor.py:829} INFO - Processing file /home/airflow/.local/lib/python3.8/site-packages/airflow/example_dags/example_external_task_marker_dag.py for tasks to queue
[2023-12-02T11:33:22.389+0000] {logging_mixin.py:151} INFO - [2023-12-02T11:33:22.389+0000] {dagbag.py:539} INFO - Filling up the DagBag from /home/airflow/.local/lib/python3.8/site-packages/airflow/example_dags/example_external_task_marker_dag.py
[2023-12-02T11:33:22.393+0000] {processor.py:839} INFO - DAG(s) dict_keys(['example_external_task_marker_parent', 'example_external_task_marker_child']) retrieved from /home/airflow/.local/lib/python3.8/site-packages/airflow/example_dags/example_external_task_marker_dag.py
[2023-12-02T11:33:22.408+0000] {logging_mixin.py:151} INFO - [2023-12-02T11:33:22.408+0000] {dag.py:2915} INFO - Sync 2 DAGs
[2023-12-02T11:33:22.415+0000] {logging_mixin.py:151} INFO - [2023-12-02T11:33:22.415+0000] {dag.py:3696} INFO - Setting next_dagrun for example_external_task_marker_child to None, run_after=None
[2023-12-02T11:33:22.416+0000] {logging_mixin.py:151} INFO - [2023-12-02T11:33:22.416+0000] {dag.py:3696} INFO - Setting next_dagrun for example_external_task_marker_parent to None, run_after=None
[2023-12-02T11:33:22.425+0000] {processor.py:179} INFO - Processing /home/airflow/.local/lib/python3.8/site-packages/airflow/example_dags/example_external_task_marker_dag.py took 0.041 seconds
[2023-12-02T11:36:39.169+0000] {processor.py:157} INFO - Started process (PID=49116) to work on /home/airflow/.local/lib/python3.8/site-packages/airflow/example_dags/example_external_task_marker_dag.py
[2023-12-02T11:36:39.170+0000] {processor.py:829} INFO - Processing file /home/airflow/.local/lib/python3.8/site-packages/airflow/example_dags/example_external_task_marker_dag.py for tasks to queue
[2023-12-02T11:36:39.174+0000] {logging_mixin.py:151} INFO - [2023-12-02T11:36:39.174+0000] {dagbag.py:539} INFO - Filling up the DagBag from /home/airflow/.local/lib/python3.8/site-packages/airflow/example_dags/example_external_task_marker_dag.py
[2023-12-02T11:36:39.183+0000] {processor.py:839} INFO - DAG(s) dict_keys(['example_external_task_marker_child', 'example_external_task_marker_parent']) retrieved from /home/airflow/.local/lib/python3.8/site-packages/airflow/example_dags/example_external_task_marker_dag.py
[2023-12-02T11:36:39.200+0000] {logging_mixin.py:151} INFO - [2023-12-02T11:36:39.200+0000] {dag.py:2915} INFO - Sync 2 DAGs
[2023-12-02T11:36:39.211+0000] {logging_mixin.py:151} INFO - [2023-12-02T11:36:39.211+0000] {dag.py:3696} INFO - Setting next_dagrun for example_external_task_marker_child to None, run_after=None
[2023-12-02T11:36:39.214+0000] {logging_mixin.py:151} INFO - [2023-12-02T11:36:39.213+0000] {dag.py:3696} INFO - Setting next_dagrun for example_external_task_marker_parent to None, run_after=None
[2023-12-02T11:36:39.237+0000] {processor.py:179} INFO - Processing /home/airflow/.local/lib/python3.8/site-packages/airflow/example_dags/example_external_task_marker_dag.py took 0.072 seconds
[2023-12-02T11:56:17.572+0000] {processor.py:157} INFO - Started process (PID=49170) to work on /home/airflow/.local/lib/python3.8/site-packages/airflow/example_dags/example_external_task_marker_dag.py
[2023-12-02T11:56:17.573+0000] {processor.py:829} INFO - Processing file /home/airflow/.local/lib/python3.8/site-packages/airflow/example_dags/example_external_task_marker_dag.py for tasks to queue
[2023-12-02T11:56:17.574+0000] {logging_mixin.py:151} INFO - [2023-12-02T11:56:17.574+0000] {dagbag.py:539} INFO - Filling up the DagBag from /home/airflow/.local/lib/python3.8/site-packages/airflow/example_dags/example_external_task_marker_dag.py
[2023-12-02T11:56:17.579+0000] {processor.py:839} INFO - DAG(s) dict_keys(['example_external_task_marker_child', 'example_external_task_marker_parent']) retrieved from /home/airflow/.local/lib/python3.8/site-packages/airflow/example_dags/example_external_task_marker_dag.py
[2023-12-02T11:56:17.592+0000] {logging_mixin.py:151} INFO - [2023-12-02T11:56:17.592+0000] {dag.py:2915} INFO - Sync 2 DAGs
[2023-12-02T11:56:17.599+0000] {logging_mixin.py:151} INFO - [2023-12-02T11:56:17.599+0000] {dag.py:3696} INFO - Setting next_dagrun for example_external_task_marker_child to None, run_after=None
[2023-12-02T11:56:17.601+0000] {logging_mixin.py:151} INFO - [2023-12-02T11:56:17.601+0000] {dag.py:3696} INFO - Setting next_dagrun for example_external_task_marker_parent to None, run_after=None
[2023-12-02T11:56:17.615+0000] {processor.py:179} INFO - Processing /home/airflow/.local/lib/python3.8/site-packages/airflow/example_dags/example_external_task_marker_dag.py took 0.045 seconds
[2023-12-02T12:13:12.612+0000] {processor.py:157} INFO - Started process (PID=49225) to work on /home/airflow/.local/lib/python3.8/site-packages/airflow/example_dags/example_external_task_marker_dag.py
[2023-12-02T12:13:12.613+0000] {processor.py:829} INFO - Processing file /home/airflow/.local/lib/python3.8/site-packages/airflow/example_dags/example_external_task_marker_dag.py for tasks to queue
[2023-12-02T12:13:12.614+0000] {logging_mixin.py:151} INFO - [2023-12-02T12:13:12.614+0000] {dagbag.py:539} INFO - Filling up the DagBag from /home/airflow/.local/lib/python3.8/site-packages/airflow/example_dags/example_external_task_marker_dag.py
[2023-12-02T12:13:12.618+0000] {processor.py:839} INFO - DAG(s) dict_keys(['example_external_task_marker_parent', 'example_external_task_marker_child']) retrieved from /home/airflow/.local/lib/python3.8/site-packages/airflow/example_dags/example_external_task_marker_dag.py
[2023-12-02T12:13:12.633+0000] {logging_mixin.py:151} INFO - [2023-12-02T12:13:12.633+0000] {dag.py:2915} INFO - Sync 2 DAGs
[2023-12-02T12:13:12.640+0000] {logging_mixin.py:151} INFO - [2023-12-02T12:13:12.640+0000] {dag.py:3696} INFO - Setting next_dagrun for example_external_task_marker_child to None, run_after=None
[2023-12-02T12:13:12.642+0000] {logging_mixin.py:151} INFO - [2023-12-02T12:13:12.642+0000] {dag.py:3696} INFO - Setting next_dagrun for example_external_task_marker_parent to None, run_after=None
[2023-12-02T12:13:12.650+0000] {processor.py:179} INFO - Processing /home/airflow/.local/lib/python3.8/site-packages/airflow/example_dags/example_external_task_marker_dag.py took 0.042 seconds
[2023-12-02T12:38:01.414+0000] {processor.py:157} INFO - Started process (PID=49279) to work on /home/airflow/.local/lib/python3.8/site-packages/airflow/example_dags/example_external_task_marker_dag.py
[2023-12-02T12:38:01.414+0000] {processor.py:829} INFO - Processing file /home/airflow/.local/lib/python3.8/site-packages/airflow/example_dags/example_external_task_marker_dag.py for tasks to queue
[2023-12-02T12:38:01.416+0000] {logging_mixin.py:151} INFO - [2023-12-02T12:38:01.416+0000] {dagbag.py:539} INFO - Filling up the DagBag from /home/airflow/.local/lib/python3.8/site-packages/airflow/example_dags/example_external_task_marker_dag.py
[2023-12-02T12:38:01.420+0000] {processor.py:839} INFO - DAG(s) dict_keys(['example_external_task_marker_parent', 'example_external_task_marker_child']) retrieved from /home/airflow/.local/lib/python3.8/site-packages/airflow/example_dags/example_external_task_marker_dag.py
[2023-12-02T12:38:01.436+0000] {logging_mixin.py:151} INFO - [2023-12-02T12:38:01.436+0000] {dag.py:2915} INFO - Sync 2 DAGs
[2023-12-02T12:38:01.443+0000] {logging_mixin.py:151} INFO - [2023-12-02T12:38:01.443+0000] {dag.py:3696} INFO - Setting next_dagrun for example_external_task_marker_child to None, run_after=None
[2023-12-02T12:38:01.445+0000] {logging_mixin.py:151} INFO - [2023-12-02T12:38:01.445+0000] {dag.py:3696} INFO - Setting next_dagrun for example_external_task_marker_parent to None, run_after=None
[2023-12-02T12:38:01.457+0000] {processor.py:179} INFO - Processing /home/airflow/.local/lib/python3.8/site-packages/airflow/example_dags/example_external_task_marker_dag.py took 0.046 seconds
[2023-12-02T12:38:35.282+0000] {processor.py:157} INFO - Started process (PID=49333) to work on /home/airflow/.local/lib/python3.8/site-packages/airflow/example_dags/example_external_task_marker_dag.py
[2023-12-02T12:38:35.283+0000] {processor.py:829} INFO - Processing file /home/airflow/.local/lib/python3.8/site-packages/airflow/example_dags/example_external_task_marker_dag.py for tasks to queue
[2023-12-02T12:38:35.284+0000] {logging_mixin.py:151} INFO - [2023-12-02T12:38:35.284+0000] {dagbag.py:539} INFO - Filling up the DagBag from /home/airflow/.local/lib/python3.8/site-packages/airflow/example_dags/example_external_task_marker_dag.py
[2023-12-02T12:38:35.289+0000] {processor.py:839} INFO - DAG(s) dict_keys(['example_external_task_marker_child', 'example_external_task_marker_parent']) retrieved from /home/airflow/.local/lib/python3.8/site-packages/airflow/example_dags/example_external_task_marker_dag.py
[2023-12-02T12:38:35.303+0000] {logging_mixin.py:151} INFO - [2023-12-02T12:38:35.303+0000] {dag.py:2915} INFO - Sync 2 DAGs
[2023-12-02T12:38:35.310+0000] {logging_mixin.py:151} INFO - [2023-12-02T12:38:35.310+0000] {dag.py:3696} INFO - Setting next_dagrun for example_external_task_marker_child to None, run_after=None
[2023-12-02T12:38:35.312+0000] {logging_mixin.py:151} INFO - [2023-12-02T12:38:35.312+0000] {dag.py:3696} INFO - Setting next_dagrun for example_external_task_marker_parent to None, run_after=None
[2023-12-02T12:38:35.320+0000] {processor.py:179} INFO - Processing /home/airflow/.local/lib/python3.8/site-packages/airflow/example_dags/example_external_task_marker_dag.py took 0.040 seconds
[2023-12-02T12:40:34.123+0000] {processor.py:157} INFO - Started process (PID=49387) to work on /home/airflow/.local/lib/python3.8/site-packages/airflow/example_dags/example_external_task_marker_dag.py
[2023-12-02T12:40:34.124+0000] {processor.py:829} INFO - Processing file /home/airflow/.local/lib/python3.8/site-packages/airflow/example_dags/example_external_task_marker_dag.py for tasks to queue
[2023-12-02T12:40:34.126+0000] {logging_mixin.py:151} INFO - [2023-12-02T12:40:34.126+0000] {dagbag.py:539} INFO - Filling up the DagBag from /home/airflow/.local/lib/python3.8/site-packages/airflow/example_dags/example_external_task_marker_dag.py
[2023-12-02T12:40:34.134+0000] {processor.py:839} INFO - DAG(s) dict_keys(['example_external_task_marker_child', 'example_external_task_marker_parent']) retrieved from /home/airflow/.local/lib/python3.8/site-packages/airflow/example_dags/example_external_task_marker_dag.py
[2023-12-02T12:40:34.162+0000] {logging_mixin.py:151} INFO - [2023-12-02T12:40:34.161+0000] {dag.py:2915} INFO - Sync 2 DAGs
[2023-12-02T12:40:34.170+0000] {logging_mixin.py:151} INFO - [2023-12-02T12:40:34.170+0000] {dag.py:3696} INFO - Setting next_dagrun for example_external_task_marker_child to None, run_after=None
[2023-12-02T12:40:34.172+0000] {logging_mixin.py:151} INFO - [2023-12-02T12:40:34.172+0000] {dag.py:3696} INFO - Setting next_dagrun for example_external_task_marker_parent to None, run_after=None
[2023-12-02T12:40:34.184+0000] {processor.py:179} INFO - Processing /home/airflow/.local/lib/python3.8/site-packages/airflow/example_dags/example_external_task_marker_dag.py took 0.064 seconds
[2023-12-02T13:06:18.909+0000] {processor.py:157} INFO - Started process (PID=49441) to work on /home/airflow/.local/lib/python3.8/site-packages/airflow/example_dags/example_external_task_marker_dag.py
[2023-12-02T13:06:18.909+0000] {processor.py:829} INFO - Processing file /home/airflow/.local/lib/python3.8/site-packages/airflow/example_dags/example_external_task_marker_dag.py for tasks to queue
[2023-12-02T13:06:18.911+0000] {logging_mixin.py:151} INFO - [2023-12-02T13:06:18.911+0000] {dagbag.py:539} INFO - Filling up the DagBag from /home/airflow/.local/lib/python3.8/site-packages/airflow/example_dags/example_external_task_marker_dag.py
[2023-12-02T13:06:18.915+0000] {processor.py:839} INFO - DAG(s) dict_keys(['example_external_task_marker_parent', 'example_external_task_marker_child']) retrieved from /home/airflow/.local/lib/python3.8/site-packages/airflow/example_dags/example_external_task_marker_dag.py
[2023-12-02T13:06:18.931+0000] {logging_mixin.py:151} INFO - [2023-12-02T13:06:18.930+0000] {dag.py:2915} INFO - Sync 2 DAGs
[2023-12-02T13:06:18.938+0000] {logging_mixin.py:151} INFO - [2023-12-02T13:06:18.938+0000] {dag.py:3696} INFO - Setting next_dagrun for example_external_task_marker_child to None, run_after=None
[2023-12-02T13:06:18.940+0000] {logging_mixin.py:151} INFO - [2023-12-02T13:06:18.940+0000] {dag.py:3696} INFO - Setting next_dagrun for example_external_task_marker_parent to None, run_after=None
[2023-12-02T13:06:18.953+0000] {processor.py:179} INFO - Processing /home/airflow/.local/lib/python3.8/site-packages/airflow/example_dags/example_external_task_marker_dag.py took 0.047 seconds
[2023-12-02T13:41:07.906+0000] {processor.py:157} INFO - Started process (PID=49488) to work on /home/airflow/.local/lib/python3.8/site-packages/airflow/example_dags/example_external_task_marker_dag.py
[2023-12-02T13:41:07.911+0000] {processor.py:829} INFO - Processing file /home/airflow/.local/lib/python3.8/site-packages/airflow/example_dags/example_external_task_marker_dag.py for tasks to queue
[2023-12-02T13:41:07.914+0000] {logging_mixin.py:151} INFO - [2023-12-02T13:41:07.914+0000] {dagbag.py:539} INFO - Filling up the DagBag from /home/airflow/.local/lib/python3.8/site-packages/airflow/example_dags/example_external_task_marker_dag.py
[2023-12-02T13:41:07.924+0000] {processor.py:839} INFO - DAG(s) dict_keys(['example_external_task_marker_parent', 'example_external_task_marker_child']) retrieved from /home/airflow/.local/lib/python3.8/site-packages/airflow/example_dags/example_external_task_marker_dag.py
[2023-12-02T13:41:07.945+0000] {logging_mixin.py:151} INFO - [2023-12-02T13:41:07.945+0000] {dag.py:2915} INFO - Sync 2 DAGs
[2023-12-02T13:41:07.953+0000] {logging_mixin.py:151} INFO - [2023-12-02T13:41:07.952+0000] {dag.py:3696} INFO - Setting next_dagrun for example_external_task_marker_child to None, run_after=None
[2023-12-02T13:41:07.955+0000] {logging_mixin.py:151} INFO - [2023-12-02T13:41:07.955+0000] {dag.py:3696} INFO - Setting next_dagrun for example_external_task_marker_parent to None, run_after=None
[2023-12-02T13:41:07.969+0000] {processor.py:179} INFO - Processing /home/airflow/.local/lib/python3.8/site-packages/airflow/example_dags/example_external_task_marker_dag.py took 0.071 seconds
[2023-12-02T14:24:09.209+0000] {processor.py:157} INFO - Started process (PID=49549) to work on /home/airflow/.local/lib/python3.8/site-packages/airflow/example_dags/example_external_task_marker_dag.py
[2023-12-02T14:24:09.210+0000] {processor.py:829} INFO - Processing file /home/airflow/.local/lib/python3.8/site-packages/airflow/example_dags/example_external_task_marker_dag.py for tasks to queue
[2023-12-02T14:24:09.212+0000] {logging_mixin.py:151} INFO - [2023-12-02T14:24:09.211+0000] {dagbag.py:539} INFO - Filling up the DagBag from /home/airflow/.local/lib/python3.8/site-packages/airflow/example_dags/example_external_task_marker_dag.py
[2023-12-02T14:24:09.216+0000] {processor.py:839} INFO - DAG(s) dict_keys(['example_external_task_marker_parent', 'example_external_task_marker_child']) retrieved from /home/airflow/.local/lib/python3.8/site-packages/airflow/example_dags/example_external_task_marker_dag.py
[2023-12-02T14:24:09.232+0000] {logging_mixin.py:151} INFO - [2023-12-02T14:24:09.232+0000] {dag.py:2915} INFO - Sync 2 DAGs
[2023-12-02T14:24:09.240+0000] {logging_mixin.py:151} INFO - [2023-12-02T14:24:09.239+0000] {dag.py:3696} INFO - Setting next_dagrun for example_external_task_marker_child to None, run_after=None
[2023-12-02T14:24:09.242+0000] {logging_mixin.py:151} INFO - [2023-12-02T14:24:09.241+0000] {dag.py:3696} INFO - Setting next_dagrun for example_external_task_marker_parent to None, run_after=None
[2023-12-02T14:24:09.251+0000] {processor.py:179} INFO - Processing /home/airflow/.local/lib/python3.8/site-packages/airflow/example_dags/example_external_task_marker_dag.py took 0.044 seconds
[2023-12-02T14:49:30.890+0000] {processor.py:157} INFO - Started process (PID=49596) to work on /home/airflow/.local/lib/python3.8/site-packages/airflow/example_dags/example_external_task_marker_dag.py
[2023-12-02T14:49:30.891+0000] {processor.py:829} INFO - Processing file /home/airflow/.local/lib/python3.8/site-packages/airflow/example_dags/example_external_task_marker_dag.py for tasks to queue
[2023-12-02T14:49:30.893+0000] {logging_mixin.py:151} INFO - [2023-12-02T14:49:30.892+0000] {dagbag.py:539} INFO - Filling up the DagBag from /home/airflow/.local/lib/python3.8/site-packages/airflow/example_dags/example_external_task_marker_dag.py
[2023-12-02T14:49:30.897+0000] {processor.py:839} INFO - DAG(s) dict_keys(['example_external_task_marker_parent', 'example_external_task_marker_child']) retrieved from /home/airflow/.local/lib/python3.8/site-packages/airflow/example_dags/example_external_task_marker_dag.py
[2023-12-02T14:49:30.916+0000] {logging_mixin.py:151} INFO - [2023-12-02T14:49:30.916+0000] {dag.py:2915} INFO - Sync 2 DAGs
[2023-12-02T14:49:30.925+0000] {logging_mixin.py:151} INFO - [2023-12-02T14:49:30.925+0000] {dag.py:3696} INFO - Setting next_dagrun for example_external_task_marker_child to None, run_after=None
[2023-12-02T14:49:30.927+0000] {logging_mixin.py:151} INFO - [2023-12-02T14:49:30.927+0000] {dag.py:3696} INFO - Setting next_dagrun for example_external_task_marker_parent to None, run_after=None
[2023-12-02T14:49:30.936+0000] {processor.py:179} INFO - Processing /home/airflow/.local/lib/python3.8/site-packages/airflow/example_dags/example_external_task_marker_dag.py took 0.048 seconds
[2023-12-02T15:25:07.579+0000] {processor.py:157} INFO - Started process (PID=49650) to work on /home/airflow/.local/lib/python3.8/site-packages/airflow/example_dags/example_external_task_marker_dag.py
[2023-12-02T15:25:07.582+0000] {processor.py:829} INFO - Processing file /home/airflow/.local/lib/python3.8/site-packages/airflow/example_dags/example_external_task_marker_dag.py for tasks to queue
[2023-12-02T15:25:07.587+0000] {logging_mixin.py:151} INFO - [2023-12-02T15:25:07.586+0000] {dagbag.py:539} INFO - Filling up the DagBag from /home/airflow/.local/lib/python3.8/site-packages/airflow/example_dags/example_external_task_marker_dag.py
[2023-12-02T15:25:07.608+0000] {processor.py:839} INFO - DAG(s) dict_keys(['example_external_task_marker_parent', 'example_external_task_marker_child']) retrieved from /home/airflow/.local/lib/python3.8/site-packages/airflow/example_dags/example_external_task_marker_dag.py
[2023-12-02T15:25:07.682+0000] {logging_mixin.py:151} INFO - [2023-12-02T15:25:07.681+0000] {dag.py:2915} INFO - Sync 2 DAGs
[2023-12-02T15:25:07.713+0000] {logging_mixin.py:151} INFO - [2023-12-02T15:25:07.713+0000] {dag.py:3696} INFO - Setting next_dagrun for example_external_task_marker_child to None, run_after=None
[2023-12-02T15:25:07.720+0000] {logging_mixin.py:151} INFO - [2023-12-02T15:25:07.719+0000] {dag.py:3696} INFO - Setting next_dagrun for example_external_task_marker_parent to None, run_after=None
[2023-12-02T15:25:07.777+0000] {processor.py:179} INFO - Processing /home/airflow/.local/lib/python3.8/site-packages/airflow/example_dags/example_external_task_marker_dag.py took 0.204 seconds
[2023-12-02T16:14:05.974+0000] {processor.py:157} INFO - Started process (PID=49704) to work on /home/airflow/.local/lib/python3.8/site-packages/airflow/example_dags/example_external_task_marker_dag.py
[2023-12-02T16:14:05.975+0000] {processor.py:829} INFO - Processing file /home/airflow/.local/lib/python3.8/site-packages/airflow/example_dags/example_external_task_marker_dag.py for tasks to queue
[2023-12-02T16:14:05.977+0000] {logging_mixin.py:151} INFO - [2023-12-02T16:14:05.977+0000] {dagbag.py:539} INFO - Filling up the DagBag from /home/airflow/.local/lib/python3.8/site-packages/airflow/example_dags/example_external_task_marker_dag.py
[2023-12-02T16:14:05.981+0000] {processor.py:839} INFO - DAG(s) dict_keys(['example_external_task_marker_child', 'example_external_task_marker_parent']) retrieved from /home/airflow/.local/lib/python3.8/site-packages/airflow/example_dags/example_external_task_marker_dag.py
[2023-12-02T16:14:05.995+0000] {logging_mixin.py:151} INFO - [2023-12-02T16:14:05.995+0000] {dag.py:2915} INFO - Sync 2 DAGs
[2023-12-02T16:14:06.001+0000] {logging_mixin.py:151} INFO - [2023-12-02T16:14:06.001+0000] {dag.py:3696} INFO - Setting next_dagrun for example_external_task_marker_child to None, run_after=None
[2023-12-02T16:14:06.003+0000] {logging_mixin.py:151} INFO - [2023-12-02T16:14:06.003+0000] {dag.py:3696} INFO - Setting next_dagrun for example_external_task_marker_parent to None, run_after=None
[2023-12-02T16:14:06.011+0000] {processor.py:179} INFO - Processing /home/airflow/.local/lib/python3.8/site-packages/airflow/example_dags/example_external_task_marker_dag.py took 0.039 seconds
[2023-12-02T16:26:16.705+0000] {processor.py:157} INFO - Started process (PID=49758) to work on /home/airflow/.local/lib/python3.8/site-packages/airflow/example_dags/example_external_task_marker_dag.py
[2023-12-02T16:26:16.706+0000] {processor.py:829} INFO - Processing file /home/airflow/.local/lib/python3.8/site-packages/airflow/example_dags/example_external_task_marker_dag.py for tasks to queue
[2023-12-02T16:26:16.709+0000] {logging_mixin.py:151} INFO - [2023-12-02T16:26:16.708+0000] {dagbag.py:539} INFO - Filling up the DagBag from /home/airflow/.local/lib/python3.8/site-packages/airflow/example_dags/example_external_task_marker_dag.py
[2023-12-02T16:26:16.718+0000] {processor.py:839} INFO - DAG(s) dict_keys(['example_external_task_marker_parent', 'example_external_task_marker_child']) retrieved from /home/airflow/.local/lib/python3.8/site-packages/airflow/example_dags/example_external_task_marker_dag.py
[2023-12-02T16:26:16.746+0000] {logging_mixin.py:151} INFO - [2023-12-02T16:26:16.746+0000] {dag.py:2915} INFO - Sync 2 DAGs
[2023-12-02T16:26:16.754+0000] {logging_mixin.py:151} INFO - [2023-12-02T16:26:16.754+0000] {dag.py:3696} INFO - Setting next_dagrun for example_external_task_marker_child to None, run_after=None
[2023-12-02T16:26:16.756+0000] {logging_mixin.py:151} INFO - [2023-12-02T16:26:16.756+0000] {dag.py:3696} INFO - Setting next_dagrun for example_external_task_marker_parent to None, run_after=None
[2023-12-02T16:26:16.765+0000] {processor.py:179} INFO - Processing /home/airflow/.local/lib/python3.8/site-packages/airflow/example_dags/example_external_task_marker_dag.py took 0.064 seconds
[2023-12-02T17:27:10.359+0000] {processor.py:157} INFO - Started process (PID=49812) to work on /home/airflow/.local/lib/python3.8/site-packages/airflow/example_dags/example_external_task_marker_dag.py
[2023-12-02T17:27:10.360+0000] {processor.py:829} INFO - Processing file /home/airflow/.local/lib/python3.8/site-packages/airflow/example_dags/example_external_task_marker_dag.py for tasks to queue
[2023-12-02T17:27:10.362+0000] {logging_mixin.py:151} INFO - [2023-12-02T17:27:10.362+0000] {dagbag.py:539} INFO - Filling up the DagBag from /home/airflow/.local/lib/python3.8/site-packages/airflow/example_dags/example_external_task_marker_dag.py
[2023-12-02T17:27:10.366+0000] {processor.py:839} INFO - DAG(s) dict_keys(['example_external_task_marker_child', 'example_external_task_marker_parent']) retrieved from /home/airflow/.local/lib/python3.8/site-packages/airflow/example_dags/example_external_task_marker_dag.py
[2023-12-02T17:27:10.381+0000] {logging_mixin.py:151} INFO - [2023-12-02T17:27:10.381+0000] {dag.py:2915} INFO - Sync 2 DAGs
[2023-12-02T17:27:10.388+0000] {logging_mixin.py:151} INFO - [2023-12-02T17:27:10.388+0000] {dag.py:3696} INFO - Setting next_dagrun for example_external_task_marker_child to None, run_after=None
[2023-12-02T17:27:10.390+0000] {logging_mixin.py:151} INFO - [2023-12-02T17:27:10.390+0000] {dag.py:3696} INFO - Setting next_dagrun for example_external_task_marker_parent to None, run_after=None
[2023-12-02T17:27:10.398+0000] {processor.py:179} INFO - Processing /home/airflow/.local/lib/python3.8/site-packages/airflow/example_dags/example_external_task_marker_dag.py took 0.041 seconds
[2023-12-02T18:03:59.334+0000] {processor.py:157} INFO - Started process (PID=49866) to work on /home/airflow/.local/lib/python3.8/site-packages/airflow/example_dags/example_external_task_marker_dag.py
[2023-12-02T18:03:59.335+0000] {processor.py:829} INFO - Processing file /home/airflow/.local/lib/python3.8/site-packages/airflow/example_dags/example_external_task_marker_dag.py for tasks to queue
[2023-12-02T18:03:59.339+0000] {logging_mixin.py:151} INFO - [2023-12-02T18:03:59.339+0000] {dagbag.py:539} INFO - Filling up the DagBag from /home/airflow/.local/lib/python3.8/site-packages/airflow/example_dags/example_external_task_marker_dag.py
[2023-12-02T18:03:59.346+0000] {processor.py:839} INFO - DAG(s) dict_keys(['example_external_task_marker_parent', 'example_external_task_marker_child']) retrieved from /home/airflow/.local/lib/python3.8/site-packages/airflow/example_dags/example_external_task_marker_dag.py
[2023-12-02T18:03:59.369+0000] {logging_mixin.py:151} INFO - [2023-12-02T18:03:59.369+0000] {dag.py:2915} INFO - Sync 2 DAGs
[2023-12-02T18:03:59.377+0000] {logging_mixin.py:151} INFO - [2023-12-02T18:03:59.377+0000] {dag.py:3696} INFO - Setting next_dagrun for example_external_task_marker_child to None, run_after=None
[2023-12-02T18:03:59.379+0000] {logging_mixin.py:151} INFO - [2023-12-02T18:03:59.379+0000] {dag.py:3696} INFO - Setting next_dagrun for example_external_task_marker_parent to None, run_after=None
[2023-12-02T18:03:59.388+0000] {processor.py:179} INFO - Processing /home/airflow/.local/lib/python3.8/site-packages/airflow/example_dags/example_external_task_marker_dag.py took 0.060 seconds
[2023-12-02T18:26:22.467+0000] {processor.py:157} INFO - Started process (PID=49920) to work on /home/airflow/.local/lib/python3.8/site-packages/airflow/example_dags/example_external_task_marker_dag.py
[2023-12-02T18:26:22.468+0000] {processor.py:829} INFO - Processing file /home/airflow/.local/lib/python3.8/site-packages/airflow/example_dags/example_external_task_marker_dag.py for tasks to queue
[2023-12-02T18:26:22.470+0000] {logging_mixin.py:151} INFO - [2023-12-02T18:26:22.469+0000] {dagbag.py:539} INFO - Filling up the DagBag from /home/airflow/.local/lib/python3.8/site-packages/airflow/example_dags/example_external_task_marker_dag.py
[2023-12-02T18:26:22.474+0000] {processor.py:839} INFO - DAG(s) dict_keys(['example_external_task_marker_parent', 'example_external_task_marker_child']) retrieved from /home/airflow/.local/lib/python3.8/site-packages/airflow/example_dags/example_external_task_marker_dag.py
[2023-12-02T18:26:22.488+0000] {logging_mixin.py:151} INFO - [2023-12-02T18:26:22.488+0000] {dag.py:2915} INFO - Sync 2 DAGs
[2023-12-02T18:26:22.495+0000] {logging_mixin.py:151} INFO - [2023-12-02T18:26:22.495+0000] {dag.py:3696} INFO - Setting next_dagrun for example_external_task_marker_child to None, run_after=None
[2023-12-02T18:26:22.497+0000] {logging_mixin.py:151} INFO - [2023-12-02T18:26:22.497+0000] {dag.py:3696} INFO - Setting next_dagrun for example_external_task_marker_parent to None, run_after=None
[2023-12-02T18:26:22.505+0000] {processor.py:179} INFO - Processing /home/airflow/.local/lib/python3.8/site-packages/airflow/example_dags/example_external_task_marker_dag.py took 0.040 seconds
[2023-12-02T19:14:10.614+0000] {processor.py:157} INFO - Started process (PID=49974) to work on /home/airflow/.local/lib/python3.8/site-packages/airflow/example_dags/example_external_task_marker_dag.py
[2023-12-02T19:14:10.616+0000] {processor.py:829} INFO - Processing file /home/airflow/.local/lib/python3.8/site-packages/airflow/example_dags/example_external_task_marker_dag.py for tasks to queue
[2023-12-02T19:14:10.619+0000] {logging_mixin.py:151} INFO - [2023-12-02T19:14:10.619+0000] {dagbag.py:539} INFO - Filling up the DagBag from /home/airflow/.local/lib/python3.8/site-packages/airflow/example_dags/example_external_task_marker_dag.py
[2023-12-02T19:14:10.627+0000] {processor.py:839} INFO - DAG(s) dict_keys(['example_external_task_marker_parent', 'example_external_task_marker_child']) retrieved from /home/airflow/.local/lib/python3.8/site-packages/airflow/example_dags/example_external_task_marker_dag.py
[2023-12-02T19:14:10.674+0000] {logging_mixin.py:151} INFO - [2023-12-02T19:14:10.674+0000] {dag.py:2915} INFO - Sync 2 DAGs
[2023-12-02T19:14:10.689+0000] {logging_mixin.py:151} INFO - [2023-12-02T19:14:10.689+0000] {dag.py:3696} INFO - Setting next_dagrun for example_external_task_marker_child to None, run_after=None
[2023-12-02T19:14:10.694+0000] {logging_mixin.py:151} INFO - [2023-12-02T19:14:10.694+0000] {dag.py:3696} INFO - Setting next_dagrun for example_external_task_marker_parent to None, run_after=None
[2023-12-02T19:14:10.715+0000] {processor.py:179} INFO - Processing /home/airflow/.local/lib/python3.8/site-packages/airflow/example_dags/example_external_task_marker_dag.py took 0.105 seconds
[2023-12-02T19:44:46.747+0000] {processor.py:157} INFO - Started process (PID=50028) to work on /home/airflow/.local/lib/python3.8/site-packages/airflow/example_dags/example_external_task_marker_dag.py
[2023-12-02T19:44:46.748+0000] {processor.py:829} INFO - Processing file /home/airflow/.local/lib/python3.8/site-packages/airflow/example_dags/example_external_task_marker_dag.py for tasks to queue
[2023-12-02T19:44:46.750+0000] {logging_mixin.py:151} INFO - [2023-12-02T19:44:46.750+0000] {dagbag.py:539} INFO - Filling up the DagBag from /home/airflow/.local/lib/python3.8/site-packages/airflow/example_dags/example_external_task_marker_dag.py
[2023-12-02T19:44:46.756+0000] {processor.py:839} INFO - DAG(s) dict_keys(['example_external_task_marker_child', 'example_external_task_marker_parent']) retrieved from /home/airflow/.local/lib/python3.8/site-packages/airflow/example_dags/example_external_task_marker_dag.py
[2023-12-02T19:44:46.791+0000] {logging_mixin.py:151} INFO - [2023-12-02T19:44:46.790+0000] {dag.py:2915} INFO - Sync 2 DAGs
[2023-12-02T19:44:46.801+0000] {logging_mixin.py:151} INFO - [2023-12-02T19:44:46.801+0000] {dag.py:3696} INFO - Setting next_dagrun for example_external_task_marker_child to None, run_after=None
[2023-12-02T19:44:46.803+0000] {logging_mixin.py:151} INFO - [2023-12-02T19:44:46.803+0000] {dag.py:3696} INFO - Setting next_dagrun for example_external_task_marker_parent to None, run_after=None
[2023-12-02T19:44:46.812+0000] {processor.py:179} INFO - Processing /home/airflow/.local/lib/python3.8/site-packages/airflow/example_dags/example_external_task_marker_dag.py took 0.068 seconds
[2023-12-02T20:21:19.730+0000] {processor.py:157} INFO - Started process (PID=50082) to work on /home/airflow/.local/lib/python3.8/site-packages/airflow/example_dags/example_external_task_marker_dag.py
[2023-12-02T20:21:19.731+0000] {processor.py:829} INFO - Processing file /home/airflow/.local/lib/python3.8/site-packages/airflow/example_dags/example_external_task_marker_dag.py for tasks to queue
[2023-12-02T20:21:19.732+0000] {logging_mixin.py:151} INFO - [2023-12-02T20:21:19.732+0000] {dagbag.py:539} INFO - Filling up the DagBag from /home/airflow/.local/lib/python3.8/site-packages/airflow/example_dags/example_external_task_marker_dag.py
[2023-12-02T20:21:19.737+0000] {processor.py:839} INFO - DAG(s) dict_keys(['example_external_task_marker_child', 'example_external_task_marker_parent']) retrieved from /home/airflow/.local/lib/python3.8/site-packages/airflow/example_dags/example_external_task_marker_dag.py
[2023-12-02T20:21:19.751+0000] {logging_mixin.py:151} INFO - [2023-12-02T20:21:19.751+0000] {dag.py:2915} INFO - Sync 2 DAGs
[2023-12-02T20:21:19.758+0000] {logging_mixin.py:151} INFO - [2023-12-02T20:21:19.758+0000] {dag.py:3696} INFO - Setting next_dagrun for example_external_task_marker_child to None, run_after=None
[2023-12-02T20:21:19.760+0000] {logging_mixin.py:151} INFO - [2023-12-02T20:21:19.760+0000] {dag.py:3696} INFO - Setting next_dagrun for example_external_task_marker_parent to None, run_after=None
[2023-12-02T20:21:19.769+0000] {processor.py:179} INFO - Processing /home/airflow/.local/lib/python3.8/site-packages/airflow/example_dags/example_external_task_marker_dag.py took 0.042 seconds
[2023-12-02T21:31:10.299+0000] {processor.py:157} INFO - Started process (PID=50137) to work on /home/airflow/.local/lib/python3.8/site-packages/airflow/example_dags/example_external_task_marker_dag.py
[2023-12-02T21:31:10.300+0000] {processor.py:829} INFO - Processing file /home/airflow/.local/lib/python3.8/site-packages/airflow/example_dags/example_external_task_marker_dag.py for tasks to queue
[2023-12-02T21:31:10.302+0000] {logging_mixin.py:151} INFO - [2023-12-02T21:31:10.302+0000] {dagbag.py:539} INFO - Filling up the DagBag from /home/airflow/.local/lib/python3.8/site-packages/airflow/example_dags/example_external_task_marker_dag.py
[2023-12-02T21:31:10.306+0000] {processor.py:839} INFO - DAG(s) dict_keys(['example_external_task_marker_parent', 'example_external_task_marker_child']) retrieved from /home/airflow/.local/lib/python3.8/site-packages/airflow/example_dags/example_external_task_marker_dag.py
[2023-12-02T21:31:10.331+0000] {logging_mixin.py:151} INFO - [2023-12-02T21:31:10.330+0000] {dag.py:2915} INFO - Sync 2 DAGs
[2023-12-02T21:31:10.345+0000] {logging_mixin.py:151} INFO - [2023-12-02T21:31:10.345+0000] {dag.py:3696} INFO - Setting next_dagrun for example_external_task_marker_child to None, run_after=None
[2023-12-02T21:31:10.348+0000] {logging_mixin.py:151} INFO - [2023-12-02T21:31:10.348+0000] {dag.py:3696} INFO - Setting next_dagrun for example_external_task_marker_parent to None, run_after=None
[2023-12-02T21:31:10.358+0000] {processor.py:179} INFO - Processing /home/airflow/.local/lib/python3.8/site-packages/airflow/example_dags/example_external_task_marker_dag.py took 0.060 seconds
[2023-12-02T22:08:22.512+0000] {processor.py:157} INFO - Started process (PID=50191) to work on /home/airflow/.local/lib/python3.8/site-packages/airflow/example_dags/example_external_task_marker_dag.py
[2023-12-02T22:08:22.513+0000] {processor.py:829} INFO - Processing file /home/airflow/.local/lib/python3.8/site-packages/airflow/example_dags/example_external_task_marker_dag.py for tasks to queue
[2023-12-02T22:08:22.514+0000] {logging_mixin.py:151} INFO - [2023-12-02T22:08:22.514+0000] {dagbag.py:539} INFO - Filling up the DagBag from /home/airflow/.local/lib/python3.8/site-packages/airflow/example_dags/example_external_task_marker_dag.py
[2023-12-02T22:08:22.518+0000] {processor.py:839} INFO - DAG(s) dict_keys(['example_external_task_marker_parent', 'example_external_task_marker_child']) retrieved from /home/airflow/.local/lib/python3.8/site-packages/airflow/example_dags/example_external_task_marker_dag.py
[2023-12-02T22:08:22.533+0000] {logging_mixin.py:151} INFO - [2023-12-02T22:08:22.533+0000] {dag.py:2915} INFO - Sync 2 DAGs
[2023-12-02T22:08:22.540+0000] {logging_mixin.py:151} INFO - [2023-12-02T22:08:22.540+0000] {dag.py:3696} INFO - Setting next_dagrun for example_external_task_marker_child to None, run_after=None
[2023-12-02T22:08:22.542+0000] {logging_mixin.py:151} INFO - [2023-12-02T22:08:22.542+0000] {dag.py:3696} INFO - Setting next_dagrun for example_external_task_marker_parent to None, run_after=None
[2023-12-02T22:08:22.550+0000] {processor.py:179} INFO - Processing /home/airflow/.local/lib/python3.8/site-packages/airflow/example_dags/example_external_task_marker_dag.py took 0.041 seconds
[2023-12-02T23:05:13.305+0000] {processor.py:157} INFO - Started process (PID=50245) to work on /home/airflow/.local/lib/python3.8/site-packages/airflow/example_dags/example_external_task_marker_dag.py
[2023-12-02T23:05:13.306+0000] {processor.py:829} INFO - Processing file /home/airflow/.local/lib/python3.8/site-packages/airflow/example_dags/example_external_task_marker_dag.py for tasks to queue
[2023-12-02T23:05:13.308+0000] {logging_mixin.py:151} INFO - [2023-12-02T23:05:13.307+0000] {dagbag.py:539} INFO - Filling up the DagBag from /home/airflow/.local/lib/python3.8/site-packages/airflow/example_dags/example_external_task_marker_dag.py
[2023-12-02T23:05:13.311+0000] {processor.py:839} INFO - DAG(s) dict_keys(['example_external_task_marker_child', 'example_external_task_marker_parent']) retrieved from /home/airflow/.local/lib/python3.8/site-packages/airflow/example_dags/example_external_task_marker_dag.py
[2023-12-02T23:05:13.326+0000] {logging_mixin.py:151} INFO - [2023-12-02T23:05:13.326+0000] {dag.py:2915} INFO - Sync 2 DAGs
[2023-12-02T23:05:13.332+0000] {logging_mixin.py:151} INFO - [2023-12-02T23:05:13.332+0000] {dag.py:3696} INFO - Setting next_dagrun for example_external_task_marker_child to None, run_after=None
[2023-12-02T23:05:13.334+0000] {logging_mixin.py:151} INFO - [2023-12-02T23:05:13.334+0000] {dag.py:3696} INFO - Setting next_dagrun for example_external_task_marker_parent to None, run_after=None
[2023-12-02T23:05:13.343+0000] {processor.py:179} INFO - Processing /home/airflow/.local/lib/python3.8/site-packages/airflow/example_dags/example_external_task_marker_dag.py took 0.040 seconds
[2023-12-02T23:30:58.472+0000] {processor.py:157} INFO - Started process (PID=50299) to work on /home/airflow/.local/lib/python3.8/site-packages/airflow/example_dags/example_external_task_marker_dag.py
[2023-12-02T23:30:58.473+0000] {processor.py:829} INFO - Processing file /home/airflow/.local/lib/python3.8/site-packages/airflow/example_dags/example_external_task_marker_dag.py for tasks to queue
[2023-12-02T23:30:58.475+0000] {logging_mixin.py:151} INFO - [2023-12-02T23:30:58.475+0000] {dagbag.py:539} INFO - Filling up the DagBag from /home/airflow/.local/lib/python3.8/site-packages/airflow/example_dags/example_external_task_marker_dag.py
[2023-12-02T23:30:58.479+0000] {processor.py:839} INFO - DAG(s) dict_keys(['example_external_task_marker_parent', 'example_external_task_marker_child']) retrieved from /home/airflow/.local/lib/python3.8/site-packages/airflow/example_dags/example_external_task_marker_dag.py
[2023-12-02T23:30:58.494+0000] {logging_mixin.py:151} INFO - [2023-12-02T23:30:58.493+0000] {dag.py:2915} INFO - Sync 2 DAGs
[2023-12-02T23:30:58.501+0000] {logging_mixin.py:151} INFO - [2023-12-02T23:30:58.500+0000] {dag.py:3696} INFO - Setting next_dagrun for example_external_task_marker_child to None, run_after=None
[2023-12-02T23:30:58.502+0000] {logging_mixin.py:151} INFO - [2023-12-02T23:30:58.502+0000] {dag.py:3696} INFO - Setting next_dagrun for example_external_task_marker_parent to None, run_after=None
[2023-12-02T23:30:58.510+0000] {processor.py:179} INFO - Processing /home/airflow/.local/lib/python3.8/site-packages/airflow/example_dags/example_external_task_marker_dag.py took 0.041 seconds
[2023-12-02T23:33:13.523+0000] {processor.py:157} INFO - Started process (PID=50352) to work on /home/airflow/.local/lib/python3.8/site-packages/airflow/example_dags/example_external_task_marker_dag.py
[2023-12-02T23:33:13.524+0000] {processor.py:829} INFO - Processing file /home/airflow/.local/lib/python3.8/site-packages/airflow/example_dags/example_external_task_marker_dag.py for tasks to queue
[2023-12-02T23:33:13.525+0000] {logging_mixin.py:151} INFO - [2023-12-02T23:33:13.525+0000] {dagbag.py:539} INFO - Filling up the DagBag from /home/airflow/.local/lib/python3.8/site-packages/airflow/example_dags/example_external_task_marker_dag.py
[2023-12-02T23:33:13.529+0000] {processor.py:839} INFO - DAG(s) dict_keys(['example_external_task_marker_child', 'example_external_task_marker_parent']) retrieved from /home/airflow/.local/lib/python3.8/site-packages/airflow/example_dags/example_external_task_marker_dag.py
[2023-12-02T23:33:13.544+0000] {logging_mixin.py:151} INFO - [2023-12-02T23:33:13.544+0000] {dag.py:2915} INFO - Sync 2 DAGs
[2023-12-02T23:33:13.551+0000] {logging_mixin.py:151} INFO - [2023-12-02T23:33:13.551+0000] {dag.py:3696} INFO - Setting next_dagrun for example_external_task_marker_child to None, run_after=None
[2023-12-02T23:33:13.553+0000] {logging_mixin.py:151} INFO - [2023-12-02T23:33:13.552+0000] {dag.py:3696} INFO - Setting next_dagrun for example_external_task_marker_parent to None, run_after=None
[2023-12-02T23:33:13.561+0000] {processor.py:179} INFO - Processing /home/airflow/.local/lib/python3.8/site-packages/airflow/example_dags/example_external_task_marker_dag.py took 0.041 seconds
[2023-12-02T23:52:08.676+0000] {processor.py:157} INFO - Started process (PID=50406) to work on /home/airflow/.local/lib/python3.8/site-packages/airflow/example_dags/example_external_task_marker_dag.py
[2023-12-02T23:52:08.677+0000] {processor.py:829} INFO - Processing file /home/airflow/.local/lib/python3.8/site-packages/airflow/example_dags/example_external_task_marker_dag.py for tasks to queue
[2023-12-02T23:52:08.678+0000] {logging_mixin.py:151} INFO - [2023-12-02T23:52:08.678+0000] {dagbag.py:539} INFO - Filling up the DagBag from /home/airflow/.local/lib/python3.8/site-packages/airflow/example_dags/example_external_task_marker_dag.py
[2023-12-02T23:52:08.683+0000] {processor.py:839} INFO - DAG(s) dict_keys(['example_external_task_marker_parent', 'example_external_task_marker_child']) retrieved from /home/airflow/.local/lib/python3.8/site-packages/airflow/example_dags/example_external_task_marker_dag.py
[2023-12-02T23:52:08.698+0000] {logging_mixin.py:151} INFO - [2023-12-02T23:52:08.698+0000] {dag.py:2915} INFO - Sync 2 DAGs
[2023-12-02T23:52:08.706+0000] {logging_mixin.py:151} INFO - [2023-12-02T23:52:08.705+0000] {dag.py:3696} INFO - Setting next_dagrun for example_external_task_marker_child to None, run_after=None
[2023-12-02T23:52:08.707+0000] {logging_mixin.py:151} INFO - [2023-12-02T23:52:08.707+0000] {dag.py:3696} INFO - Setting next_dagrun for example_external_task_marker_parent to None, run_after=None
[2023-12-02T23:52:08.716+0000] {processor.py:179} INFO - Processing /home/airflow/.local/lib/python3.8/site-packages/airflow/example_dags/example_external_task_marker_dag.py took 0.048 seconds
