[2023-12-02T00:15:15.884+0000] {processor.py:157} INFO - Started process (PID=48084) to work on /home/airflow/.local/lib/python3.8/site-packages/airflow/example_dags/example_sensor_decorator.py
[2023-12-02T00:15:15.885+0000] {processor.py:829} INFO - Processing file /home/airflow/.local/lib/python3.8/site-packages/airflow/example_dags/example_sensor_decorator.py for tasks to queue
[2023-12-02T00:15:15.887+0000] {logging_mixin.py:151} INFO - [2023-12-02T00:15:15.887+0000] {dagbag.py:539} INFO - Filling up the DagBag from /home/airflow/.local/lib/python3.8/site-packages/airflow/example_dags/example_sensor_decorator.py
[2023-12-02T00:15:15.892+0000] {processor.py:839} INFO - DAG(s) dict_keys(['example_sensor_decorator']) retrieved from /home/airflow/.local/lib/python3.8/site-packages/airflow/example_dags/example_sensor_decorator.py
[2023-12-02T00:15:15.906+0000] {logging_mixin.py:151} INFO - [2023-12-02T00:15:15.906+0000] {dag.py:2915} INFO - Sync 1 DAGs
[2023-12-02T00:15:15.913+0000] {logging_mixin.py:151} INFO - [2023-12-02T00:15:15.913+0000] {dag.py:3696} INFO - Setting next_dagrun for example_sensor_decorator to None, run_after=None
[2023-12-02T00:15:16.030+0000] {processor.py:179} INFO - Processing /home/airflow/.local/lib/python3.8/site-packages/airflow/example_dags/example_sensor_decorator.py took 0.149 seconds
[2023-12-02T00:57:23.117+0000] {processor.py:157} INFO - Started process (PID=48138) to work on /home/airflow/.local/lib/python3.8/site-packages/airflow/example_dags/example_sensor_decorator.py
[2023-12-02T00:57:23.118+0000] {processor.py:829} INFO - Processing file /home/airflow/.local/lib/python3.8/site-packages/airflow/example_dags/example_sensor_decorator.py for tasks to queue
[2023-12-02T00:57:23.122+0000] {logging_mixin.py:151} INFO - [2023-12-02T00:57:23.122+0000] {dagbag.py:539} INFO - Filling up the DagBag from /home/airflow/.local/lib/python3.8/site-packages/airflow/example_dags/example_sensor_decorator.py
[2023-12-02T00:57:23.140+0000] {processor.py:839} INFO - DAG(s) dict_keys(['example_sensor_decorator']) retrieved from /home/airflow/.local/lib/python3.8/site-packages/airflow/example_dags/example_sensor_decorator.py
[2023-12-02T00:57:23.183+0000] {logging_mixin.py:151} INFO - [2023-12-02T00:57:23.183+0000] {dag.py:2915} INFO - Sync 1 DAGs
[2023-12-02T00:57:23.220+0000] {logging_mixin.py:151} INFO - [2023-12-02T00:57:23.220+0000] {dag.py:3696} INFO - Setting next_dagrun for example_sensor_decorator to None, run_after=None
[2023-12-02T00:57:23.273+0000] {processor.py:179} INFO - Processing /home/airflow/.local/lib/python3.8/site-packages/airflow/example_dags/example_sensor_decorator.py took 0.163 seconds
[2023-12-02T01:08:03.653+0000] {processor.py:157} INFO - Started process (PID=48192) to work on /home/airflow/.local/lib/python3.8/site-packages/airflow/example_dags/example_sensor_decorator.py
[2023-12-02T01:08:03.654+0000] {processor.py:829} INFO - Processing file /home/airflow/.local/lib/python3.8/site-packages/airflow/example_dags/example_sensor_decorator.py for tasks to queue
[2023-12-02T01:08:03.655+0000] {logging_mixin.py:151} INFO - [2023-12-02T01:08:03.655+0000] {dagbag.py:539} INFO - Filling up the DagBag from /home/airflow/.local/lib/python3.8/site-packages/airflow/example_dags/example_sensor_decorator.py
[2023-12-02T01:08:03.659+0000] {processor.py:839} INFO - DAG(s) dict_keys(['example_sensor_decorator']) retrieved from /home/airflow/.local/lib/python3.8/site-packages/airflow/example_dags/example_sensor_decorator.py
[2023-12-02T01:08:03.682+0000] {logging_mixin.py:151} INFO - [2023-12-02T01:08:03.682+0000] {dag.py:2915} INFO - Sync 1 DAGs
[2023-12-02T01:08:03.693+0000] {logging_mixin.py:151} INFO - [2023-12-02T01:08:03.693+0000] {dag.py:3696} INFO - Setting next_dagrun for example_sensor_decorator to None, run_after=None
[2023-12-02T01:08:03.704+0000] {processor.py:179} INFO - Processing /home/airflow/.local/lib/python3.8/site-packages/airflow/example_dags/example_sensor_decorator.py took 0.054 seconds
[2023-12-02T02:09:40.941+0000] {processor.py:157} INFO - Started process (PID=48246) to work on /home/airflow/.local/lib/python3.8/site-packages/airflow/example_dags/example_sensor_decorator.py
[2023-12-02T02:09:40.942+0000] {processor.py:829} INFO - Processing file /home/airflow/.local/lib/python3.8/site-packages/airflow/example_dags/example_sensor_decorator.py for tasks to queue
[2023-12-02T02:09:40.944+0000] {logging_mixin.py:151} INFO - [2023-12-02T02:09:40.944+0000] {dagbag.py:539} INFO - Filling up the DagBag from /home/airflow/.local/lib/python3.8/site-packages/airflow/example_dags/example_sensor_decorator.py
[2023-12-02T02:09:40.950+0000] {processor.py:839} INFO - DAG(s) dict_keys(['example_sensor_decorator']) retrieved from /home/airflow/.local/lib/python3.8/site-packages/airflow/example_dags/example_sensor_decorator.py
[2023-12-02T02:09:40.966+0000] {logging_mixin.py:151} INFO - [2023-12-02T02:09:40.966+0000] {dag.py:2915} INFO - Sync 1 DAGs
[2023-12-02T02:09:41.072+0000] {logging_mixin.py:151} INFO - [2023-12-02T02:09:41.072+0000] {dag.py:3696} INFO - Setting next_dagrun for example_sensor_decorator to None, run_after=None
[2023-12-02T02:09:41.085+0000] {processor.py:179} INFO - Processing /home/airflow/.local/lib/python3.8/site-packages/airflow/example_dags/example_sensor_decorator.py took 0.147 seconds
[2023-12-02T02:48:10.783+0000] {processor.py:157} INFO - Started process (PID=48301) to work on /home/airflow/.local/lib/python3.8/site-packages/airflow/example_dags/example_sensor_decorator.py
[2023-12-02T02:48:10.784+0000] {processor.py:829} INFO - Processing file /home/airflow/.local/lib/python3.8/site-packages/airflow/example_dags/example_sensor_decorator.py for tasks to queue
[2023-12-02T02:48:10.786+0000] {logging_mixin.py:151} INFO - [2023-12-02T02:48:10.786+0000] {dagbag.py:539} INFO - Filling up the DagBag from /home/airflow/.local/lib/python3.8/site-packages/airflow/example_dags/example_sensor_decorator.py
[2023-12-02T02:48:10.793+0000] {processor.py:839} INFO - DAG(s) dict_keys(['example_sensor_decorator']) retrieved from /home/airflow/.local/lib/python3.8/site-packages/airflow/example_dags/example_sensor_decorator.py
[2023-12-02T02:48:10.809+0000] {logging_mixin.py:151} INFO - [2023-12-02T02:48:10.809+0000] {dag.py:2915} INFO - Sync 1 DAGs
[2023-12-02T02:48:10.817+0000] {logging_mixin.py:151} INFO - [2023-12-02T02:48:10.817+0000] {dag.py:3696} INFO - Setting next_dagrun for example_sensor_decorator to None, run_after=None
[2023-12-02T02:48:10.916+0000] {processor.py:179} INFO - Processing /home/airflow/.local/lib/python3.8/site-packages/airflow/example_dags/example_sensor_decorator.py took 0.135 seconds
[2023-12-02T03:45:59.047+0000] {processor.py:157} INFO - Started process (PID=48355) to work on /home/airflow/.local/lib/python3.8/site-packages/airflow/example_dags/example_sensor_decorator.py
[2023-12-02T03:45:59.049+0000] {processor.py:829} INFO - Processing file /home/airflow/.local/lib/python3.8/site-packages/airflow/example_dags/example_sensor_decorator.py for tasks to queue
[2023-12-02T03:45:59.053+0000] {logging_mixin.py:151} INFO - [2023-12-02T03:45:59.053+0000] {dagbag.py:539} INFO - Filling up the DagBag from /home/airflow/.local/lib/python3.8/site-packages/airflow/example_dags/example_sensor_decorator.py
[2023-12-02T03:45:59.063+0000] {processor.py:839} INFO - DAG(s) dict_keys(['example_sensor_decorator']) retrieved from /home/airflow/.local/lib/python3.8/site-packages/airflow/example_dags/example_sensor_decorator.py
[2023-12-02T03:45:59.080+0000] {logging_mixin.py:151} INFO - [2023-12-02T03:45:59.079+0000] {dag.py:2915} INFO - Sync 1 DAGs
[2023-12-02T03:45:59.088+0000] {logging_mixin.py:151} INFO - [2023-12-02T03:45:59.088+0000] {dag.py:3696} INFO - Setting next_dagrun for example_sensor_decorator to None, run_after=None
[2023-12-02T03:45:59.099+0000] {processor.py:179} INFO - Processing /home/airflow/.local/lib/python3.8/site-packages/airflow/example_dags/example_sensor_decorator.py took 0.057 seconds
[2023-12-02T05:04:05.011+0000] {processor.py:157} INFO - Started process (PID=48409) to work on /home/airflow/.local/lib/python3.8/site-packages/airflow/example_dags/example_sensor_decorator.py
[2023-12-02T05:04:05.012+0000] {processor.py:829} INFO - Processing file /home/airflow/.local/lib/python3.8/site-packages/airflow/example_dags/example_sensor_decorator.py for tasks to queue
[2023-12-02T05:04:05.014+0000] {logging_mixin.py:151} INFO - [2023-12-02T05:04:05.013+0000] {dagbag.py:539} INFO - Filling up the DagBag from /home/airflow/.local/lib/python3.8/site-packages/airflow/example_dags/example_sensor_decorator.py
[2023-12-02T05:04:05.105+0000] {processor.py:839} INFO - DAG(s) dict_keys(['example_sensor_decorator']) retrieved from /home/airflow/.local/lib/python3.8/site-packages/airflow/example_dags/example_sensor_decorator.py
[2023-12-02T05:04:05.116+0000] {logging_mixin.py:151} INFO - [2023-12-02T05:04:05.116+0000] {dag.py:2915} INFO - Sync 1 DAGs
[2023-12-02T05:04:05.122+0000] {logging_mixin.py:151} INFO - [2023-12-02T05:04:05.122+0000] {dag.py:3696} INFO - Setting next_dagrun for example_sensor_decorator to None, run_after=None
[2023-12-02T05:04:05.131+0000] {processor.py:179} INFO - Processing /home/airflow/.local/lib/python3.8/site-packages/airflow/example_dags/example_sensor_decorator.py took 0.124 seconds
[2023-12-02T06:07:24.563+0000] {processor.py:157} INFO - Started process (PID=48463) to work on /home/airflow/.local/lib/python3.8/site-packages/airflow/example_dags/example_sensor_decorator.py
[2023-12-02T06:07:24.567+0000] {processor.py:829} INFO - Processing file /home/airflow/.local/lib/python3.8/site-packages/airflow/example_dags/example_sensor_decorator.py for tasks to queue
[2023-12-02T06:07:24.575+0000] {logging_mixin.py:151} INFO - [2023-12-02T06:07:24.574+0000] {dagbag.py:539} INFO - Filling up the DagBag from /home/airflow/.local/lib/python3.8/site-packages/airflow/example_dags/example_sensor_decorator.py
[2023-12-02T06:07:24.590+0000] {processor.py:839} INFO - DAG(s) dict_keys(['example_sensor_decorator']) retrieved from /home/airflow/.local/lib/python3.8/site-packages/airflow/example_dags/example_sensor_decorator.py
[2023-12-02T06:07:24.610+0000] {logging_mixin.py:151} INFO - [2023-12-02T06:07:24.609+0000] {dag.py:2915} INFO - Sync 1 DAGs
[2023-12-02T06:07:24.620+0000] {logging_mixin.py:151} INFO - [2023-12-02T06:07:24.619+0000] {dag.py:3696} INFO - Setting next_dagrun for example_sensor_decorator to None, run_after=None
[2023-12-02T06:07:24.649+0000] {processor.py:179} INFO - Processing /home/airflow/.local/lib/python3.8/site-packages/airflow/example_dags/example_sensor_decorator.py took 0.091 seconds
[2023-12-02T07:04:09.669+0000] {processor.py:157} INFO - Started process (PID=48517) to work on /home/airflow/.local/lib/python3.8/site-packages/airflow/example_dags/example_sensor_decorator.py
[2023-12-02T07:04:09.670+0000] {processor.py:829} INFO - Processing file /home/airflow/.local/lib/python3.8/site-packages/airflow/example_dags/example_sensor_decorator.py for tasks to queue
[2023-12-02T07:04:09.674+0000] {logging_mixin.py:151} INFO - [2023-12-02T07:04:09.673+0000] {dagbag.py:539} INFO - Filling up the DagBag from /home/airflow/.local/lib/python3.8/site-packages/airflow/example_dags/example_sensor_decorator.py
[2023-12-02T07:04:09.684+0000] {processor.py:839} INFO - DAG(s) dict_keys(['example_sensor_decorator']) retrieved from /home/airflow/.local/lib/python3.8/site-packages/airflow/example_dags/example_sensor_decorator.py
[2023-12-02T07:04:09.721+0000] {logging_mixin.py:151} INFO - [2023-12-02T07:04:09.721+0000] {dag.py:2915} INFO - Sync 1 DAGs
[2023-12-02T07:04:09.731+0000] {logging_mixin.py:151} INFO - [2023-12-02T07:04:09.731+0000] {dag.py:3696} INFO - Setting next_dagrun for example_sensor_decorator to None, run_after=None
[2023-12-02T07:04:09.745+0000] {processor.py:179} INFO - Processing /home/airflow/.local/lib/python3.8/site-packages/airflow/example_dags/example_sensor_decorator.py took 0.079 seconds
[2023-12-02T08:07:55.112+0000] {processor.py:157} INFO - Started process (PID=48571) to work on /home/airflow/.local/lib/python3.8/site-packages/airflow/example_dags/example_sensor_decorator.py
[2023-12-02T08:07:55.113+0000] {processor.py:829} INFO - Processing file /home/airflow/.local/lib/python3.8/site-packages/airflow/example_dags/example_sensor_decorator.py for tasks to queue
[2023-12-02T08:07:55.115+0000] {logging_mixin.py:151} INFO - [2023-12-02T08:07:55.115+0000] {dagbag.py:539} INFO - Filling up the DagBag from /home/airflow/.local/lib/python3.8/site-packages/airflow/example_dags/example_sensor_decorator.py
[2023-12-02T08:07:55.119+0000] {processor.py:839} INFO - DAG(s) dict_keys(['example_sensor_decorator']) retrieved from /home/airflow/.local/lib/python3.8/site-packages/airflow/example_dags/example_sensor_decorator.py
[2023-12-02T08:07:55.135+0000] {logging_mixin.py:151} INFO - [2023-12-02T08:07:55.135+0000] {dag.py:2915} INFO - Sync 1 DAGs
[2023-12-02T08:07:55.143+0000] {logging_mixin.py:151} INFO - [2023-12-02T08:07:55.142+0000] {dag.py:3696} INFO - Setting next_dagrun for example_sensor_decorator to None, run_after=None
[2023-12-02T08:07:55.154+0000] {processor.py:179} INFO - Processing /home/airflow/.local/lib/python3.8/site-packages/airflow/example_dags/example_sensor_decorator.py took 0.044 seconds
[2023-12-02T09:19:31.874+0000] {processor.py:157} INFO - Started process (PID=48625) to work on /home/airflow/.local/lib/python3.8/site-packages/airflow/example_dags/example_sensor_decorator.py
[2023-12-02T09:19:31.875+0000] {processor.py:829} INFO - Processing file /home/airflow/.local/lib/python3.8/site-packages/airflow/example_dags/example_sensor_decorator.py for tasks to queue
[2023-12-02T09:19:31.876+0000] {logging_mixin.py:151} INFO - [2023-12-02T09:19:31.876+0000] {dagbag.py:539} INFO - Filling up the DagBag from /home/airflow/.local/lib/python3.8/site-packages/airflow/example_dags/example_sensor_decorator.py
[2023-12-02T09:19:31.881+0000] {processor.py:839} INFO - DAG(s) dict_keys(['example_sensor_decorator']) retrieved from /home/airflow/.local/lib/python3.8/site-packages/airflow/example_dags/example_sensor_decorator.py
[2023-12-02T09:19:31.893+0000] {logging_mixin.py:151} INFO - [2023-12-02T09:19:31.893+0000] {dag.py:2915} INFO - Sync 1 DAGs
[2023-12-02T09:19:31.900+0000] {logging_mixin.py:151} INFO - [2023-12-02T09:19:31.900+0000] {dag.py:3696} INFO - Setting next_dagrun for example_sensor_decorator to None, run_after=None
[2023-12-02T09:19:31.909+0000] {processor.py:179} INFO - Processing /home/airflow/.local/lib/python3.8/site-packages/airflow/example_dags/example_sensor_decorator.py took 0.038 seconds
[2023-12-02T09:58:55.807+0000] {processor.py:157} INFO - Started process (PID=48679) to work on /home/airflow/.local/lib/python3.8/site-packages/airflow/example_dags/example_sensor_decorator.py
[2023-12-02T09:58:55.808+0000] {processor.py:829} INFO - Processing file /home/airflow/.local/lib/python3.8/site-packages/airflow/example_dags/example_sensor_decorator.py for tasks to queue
[2023-12-02T09:58:55.810+0000] {logging_mixin.py:151} INFO - [2023-12-02T09:58:55.810+0000] {dagbag.py:539} INFO - Filling up the DagBag from /home/airflow/.local/lib/python3.8/site-packages/airflow/example_dags/example_sensor_decorator.py
[2023-12-02T09:58:55.815+0000] {processor.py:839} INFO - DAG(s) dict_keys(['example_sensor_decorator']) retrieved from /home/airflow/.local/lib/python3.8/site-packages/airflow/example_dags/example_sensor_decorator.py
[2023-12-02T09:58:55.837+0000] {logging_mixin.py:151} INFO - [2023-12-02T09:58:55.837+0000] {dag.py:2915} INFO - Sync 1 DAGs
[2023-12-02T09:58:55.846+0000] {logging_mixin.py:151} INFO - [2023-12-02T09:58:55.846+0000] {dag.py:3696} INFO - Setting next_dagrun for example_sensor_decorator to None, run_after=None
[2023-12-02T09:58:55.856+0000] {processor.py:179} INFO - Processing /home/airflow/.local/lib/python3.8/site-packages/airflow/example_dags/example_sensor_decorator.py took 0.052 seconds
[2023-12-02T10:00:56.258+0000] {processor.py:157} INFO - Started process (PID=48733) to work on /home/airflow/.local/lib/python3.8/site-packages/airflow/example_dags/example_sensor_decorator.py
[2023-12-02T10:00:56.260+0000] {processor.py:829} INFO - Processing file /home/airflow/.local/lib/python3.8/site-packages/airflow/example_dags/example_sensor_decorator.py for tasks to queue
[2023-12-02T10:00:56.261+0000] {logging_mixin.py:151} INFO - [2023-12-02T10:00:56.261+0000] {dagbag.py:539} INFO - Filling up the DagBag from /home/airflow/.local/lib/python3.8/site-packages/airflow/example_dags/example_sensor_decorator.py
[2023-12-02T10:00:56.265+0000] {processor.py:839} INFO - DAG(s) dict_keys(['example_sensor_decorator']) retrieved from /home/airflow/.local/lib/python3.8/site-packages/airflow/example_dags/example_sensor_decorator.py
[2023-12-02T10:00:56.278+0000] {logging_mixin.py:151} INFO - [2023-12-02T10:00:56.278+0000] {dag.py:2915} INFO - Sync 1 DAGs
[2023-12-02T10:00:56.285+0000] {logging_mixin.py:151} INFO - [2023-12-02T10:00:56.285+0000] {dag.py:3696} INFO - Setting next_dagrun for example_sensor_decorator to None, run_after=None
[2023-12-02T10:00:56.294+0000] {processor.py:179} INFO - Processing /home/airflow/.local/lib/python3.8/site-packages/airflow/example_dags/example_sensor_decorator.py took 0.038 seconds
[2023-12-02T10:20:41.947+0000] {processor.py:157} INFO - Started process (PID=48787) to work on /home/airflow/.local/lib/python3.8/site-packages/airflow/example_dags/example_sensor_decorator.py
[2023-12-02T10:20:41.947+0000] {processor.py:829} INFO - Processing file /home/airflow/.local/lib/python3.8/site-packages/airflow/example_dags/example_sensor_decorator.py for tasks to queue
[2023-12-02T10:20:41.949+0000] {logging_mixin.py:151} INFO - [2023-12-02T10:20:41.949+0000] {dagbag.py:539} INFO - Filling up the DagBag from /home/airflow/.local/lib/python3.8/site-packages/airflow/example_dags/example_sensor_decorator.py
[2023-12-02T10:20:41.953+0000] {processor.py:839} INFO - DAG(s) dict_keys(['example_sensor_decorator']) retrieved from /home/airflow/.local/lib/python3.8/site-packages/airflow/example_dags/example_sensor_decorator.py
[2023-12-02T10:20:41.968+0000] {logging_mixin.py:151} INFO - [2023-12-02T10:20:41.968+0000] {dag.py:2915} INFO - Sync 1 DAGs
[2023-12-02T10:20:41.982+0000] {logging_mixin.py:151} INFO - [2023-12-02T10:20:41.982+0000] {dag.py:3696} INFO - Setting next_dagrun for example_sensor_decorator to None, run_after=None
[2023-12-02T10:20:41.995+0000] {processor.py:179} INFO - Processing /home/airflow/.local/lib/python3.8/site-packages/airflow/example_dags/example_sensor_decorator.py took 0.051 seconds
[2023-12-02T10:41:01.665+0000] {processor.py:157} INFO - Started process (PID=48842) to work on /home/airflow/.local/lib/python3.8/site-packages/airflow/example_dags/example_sensor_decorator.py
[2023-12-02T10:41:01.666+0000] {processor.py:829} INFO - Processing file /home/airflow/.local/lib/python3.8/site-packages/airflow/example_dags/example_sensor_decorator.py for tasks to queue
[2023-12-02T10:41:01.667+0000] {logging_mixin.py:151} INFO - [2023-12-02T10:41:01.667+0000] {dagbag.py:539} INFO - Filling up the DagBag from /home/airflow/.local/lib/python3.8/site-packages/airflow/example_dags/example_sensor_decorator.py
[2023-12-02T10:41:01.671+0000] {processor.py:839} INFO - DAG(s) dict_keys(['example_sensor_decorator']) retrieved from /home/airflow/.local/lib/python3.8/site-packages/airflow/example_dags/example_sensor_decorator.py
[2023-12-02T10:41:01.684+0000] {logging_mixin.py:151} INFO - [2023-12-02T10:41:01.684+0000] {dag.py:2915} INFO - Sync 1 DAGs
[2023-12-02T10:41:01.691+0000] {logging_mixin.py:151} INFO - [2023-12-02T10:41:01.691+0000] {dag.py:3696} INFO - Setting next_dagrun for example_sensor_decorator to None, run_after=None
[2023-12-02T10:41:01.700+0000] {processor.py:179} INFO - Processing /home/airflow/.local/lib/python3.8/site-packages/airflow/example_dags/example_sensor_decorator.py took 0.038 seconds
[2023-12-02T11:01:13.378+0000] {processor.py:157} INFO - Started process (PID=48896) to work on /home/airflow/.local/lib/python3.8/site-packages/airflow/example_dags/example_sensor_decorator.py
[2023-12-02T11:01:13.379+0000] {processor.py:829} INFO - Processing file /home/airflow/.local/lib/python3.8/site-packages/airflow/example_dags/example_sensor_decorator.py for tasks to queue
[2023-12-02T11:01:13.382+0000] {logging_mixin.py:151} INFO - [2023-12-02T11:01:13.382+0000] {dagbag.py:539} INFO - Filling up the DagBag from /home/airflow/.local/lib/python3.8/site-packages/airflow/example_dags/example_sensor_decorator.py
[2023-12-02T11:01:13.393+0000] {processor.py:839} INFO - DAG(s) dict_keys(['example_sensor_decorator']) retrieved from /home/airflow/.local/lib/python3.8/site-packages/airflow/example_dags/example_sensor_decorator.py
[2023-12-02T11:01:13.437+0000] {logging_mixin.py:151} INFO - [2023-12-02T11:01:13.436+0000] {dag.py:2915} INFO - Sync 1 DAGs
[2023-12-02T11:01:13.450+0000] {logging_mixin.py:151} INFO - [2023-12-02T11:01:13.450+0000] {dag.py:3696} INFO - Setting next_dagrun for example_sensor_decorator to None, run_after=None
[2023-12-02T11:01:13.470+0000] {processor.py:179} INFO - Processing /home/airflow/.local/lib/python3.8/site-packages/airflow/example_dags/example_sensor_decorator.py took 0.098 seconds
[2023-12-02T11:08:50.790+0000] {processor.py:157} INFO - Started process (PID=48950) to work on /home/airflow/.local/lib/python3.8/site-packages/airflow/example_dags/example_sensor_decorator.py
[2023-12-02T11:08:50.791+0000] {processor.py:829} INFO - Processing file /home/airflow/.local/lib/python3.8/site-packages/airflow/example_dags/example_sensor_decorator.py for tasks to queue
[2023-12-02T11:08:50.792+0000] {logging_mixin.py:151} INFO - [2023-12-02T11:08:50.792+0000] {dagbag.py:539} INFO - Filling up the DagBag from /home/airflow/.local/lib/python3.8/site-packages/airflow/example_dags/example_sensor_decorator.py
[2023-12-02T11:08:50.797+0000] {processor.py:839} INFO - DAG(s) dict_keys(['example_sensor_decorator']) retrieved from /home/airflow/.local/lib/python3.8/site-packages/airflow/example_dags/example_sensor_decorator.py
[2023-12-02T11:08:50.809+0000] {logging_mixin.py:151} INFO - [2023-12-02T11:08:50.809+0000] {dag.py:2915} INFO - Sync 1 DAGs
[2023-12-02T11:08:50.816+0000] {logging_mixin.py:151} INFO - [2023-12-02T11:08:50.815+0000] {dag.py:3696} INFO - Setting next_dagrun for example_sensor_decorator to None, run_after=None
[2023-12-02T11:08:50.825+0000] {processor.py:179} INFO - Processing /home/airflow/.local/lib/python3.8/site-packages/airflow/example_dags/example_sensor_decorator.py took 0.037 seconds
[2023-12-02T11:21:32.011+0000] {processor.py:157} INFO - Started process (PID=49004) to work on /home/airflow/.local/lib/python3.8/site-packages/airflow/example_dags/example_sensor_decorator.py
[2023-12-02T11:21:32.012+0000] {processor.py:829} INFO - Processing file /home/airflow/.local/lib/python3.8/site-packages/airflow/example_dags/example_sensor_decorator.py for tasks to queue
[2023-12-02T11:21:32.014+0000] {logging_mixin.py:151} INFO - [2023-12-02T11:21:32.013+0000] {dagbag.py:539} INFO - Filling up the DagBag from /home/airflow/.local/lib/python3.8/site-packages/airflow/example_dags/example_sensor_decorator.py
[2023-12-02T11:21:32.018+0000] {processor.py:839} INFO - DAG(s) dict_keys(['example_sensor_decorator']) retrieved from /home/airflow/.local/lib/python3.8/site-packages/airflow/example_dags/example_sensor_decorator.py
[2023-12-02T11:21:32.029+0000] {logging_mixin.py:151} INFO - [2023-12-02T11:21:32.029+0000] {dag.py:2915} INFO - Sync 1 DAGs
[2023-12-02T11:21:32.035+0000] {logging_mixin.py:151} INFO - [2023-12-02T11:21:32.035+0000] {dag.py:3696} INFO - Setting next_dagrun for example_sensor_decorator to None, run_after=None
[2023-12-02T11:21:32.043+0000] {processor.py:179} INFO - Processing /home/airflow/.local/lib/python3.8/site-packages/airflow/example_dags/example_sensor_decorator.py took 0.034 seconds
[2023-12-02T11:33:22.230+0000] {processor.py:157} INFO - Started process (PID=49058) to work on /home/airflow/.local/lib/python3.8/site-packages/airflow/example_dags/example_sensor_decorator.py
[2023-12-02T11:33:22.234+0000] {processor.py:829} INFO - Processing file /home/airflow/.local/lib/python3.8/site-packages/airflow/example_dags/example_sensor_decorator.py for tasks to queue
[2023-12-02T11:33:22.241+0000] {logging_mixin.py:151} INFO - [2023-12-02T11:33:22.240+0000] {dagbag.py:539} INFO - Filling up the DagBag from /home/airflow/.local/lib/python3.8/site-packages/airflow/example_dags/example_sensor_decorator.py
[2023-12-02T11:33:22.251+0000] {processor.py:839} INFO - DAG(s) dict_keys(['example_sensor_decorator']) retrieved from /home/airflow/.local/lib/python3.8/site-packages/airflow/example_dags/example_sensor_decorator.py
[2023-12-02T11:33:22.269+0000] {logging_mixin.py:151} INFO - [2023-12-02T11:33:22.269+0000] {dag.py:2915} INFO - Sync 1 DAGs
[2023-12-02T11:33:22.279+0000] {logging_mixin.py:151} INFO - [2023-12-02T11:33:22.278+0000] {dag.py:3696} INFO - Setting next_dagrun for example_sensor_decorator to None, run_after=None
[2023-12-02T11:33:22.292+0000] {processor.py:179} INFO - Processing /home/airflow/.local/lib/python3.8/site-packages/airflow/example_dags/example_sensor_decorator.py took 0.072 seconds
[2023-12-02T11:36:38.990+0000] {processor.py:157} INFO - Started process (PID=49112) to work on /home/airflow/.local/lib/python3.8/site-packages/airflow/example_dags/example_sensor_decorator.py
[2023-12-02T11:36:38.992+0000] {processor.py:829} INFO - Processing file /home/airflow/.local/lib/python3.8/site-packages/airflow/example_dags/example_sensor_decorator.py for tasks to queue
[2023-12-02T11:36:38.996+0000] {logging_mixin.py:151} INFO - [2023-12-02T11:36:38.996+0000] {dagbag.py:539} INFO - Filling up the DagBag from /home/airflow/.local/lib/python3.8/site-packages/airflow/example_dags/example_sensor_decorator.py
[2023-12-02T11:36:39.004+0000] {processor.py:839} INFO - DAG(s) dict_keys(['example_sensor_decorator']) retrieved from /home/airflow/.local/lib/python3.8/site-packages/airflow/example_dags/example_sensor_decorator.py
[2023-12-02T11:36:39.020+0000] {logging_mixin.py:151} INFO - [2023-12-02T11:36:39.020+0000] {dag.py:2915} INFO - Sync 1 DAGs
[2023-12-02T11:36:39.027+0000] {logging_mixin.py:151} INFO - [2023-12-02T11:36:39.027+0000] {dag.py:3696} INFO - Setting next_dagrun for example_sensor_decorator to None, run_after=None
[2023-12-02T11:36:39.039+0000] {processor.py:179} INFO - Processing /home/airflow/.local/lib/python3.8/site-packages/airflow/example_dags/example_sensor_decorator.py took 0.053 seconds
[2023-12-02T11:56:17.429+0000] {processor.py:157} INFO - Started process (PID=49166) to work on /home/airflow/.local/lib/python3.8/site-packages/airflow/example_dags/example_sensor_decorator.py
[2023-12-02T11:56:17.430+0000] {processor.py:829} INFO - Processing file /home/airflow/.local/lib/python3.8/site-packages/airflow/example_dags/example_sensor_decorator.py for tasks to queue
[2023-12-02T11:56:17.431+0000] {logging_mixin.py:151} INFO - [2023-12-02T11:56:17.431+0000] {dagbag.py:539} INFO - Filling up the DagBag from /home/airflow/.local/lib/python3.8/site-packages/airflow/example_dags/example_sensor_decorator.py
[2023-12-02T11:56:17.435+0000] {processor.py:839} INFO - DAG(s) dict_keys(['example_sensor_decorator']) retrieved from /home/airflow/.local/lib/python3.8/site-packages/airflow/example_dags/example_sensor_decorator.py
[2023-12-02T11:56:17.448+0000] {logging_mixin.py:151} INFO - [2023-12-02T11:56:17.448+0000] {dag.py:2915} INFO - Sync 1 DAGs
[2023-12-02T11:56:17.455+0000] {logging_mixin.py:151} INFO - [2023-12-02T11:56:17.455+0000] {dag.py:3696} INFO - Setting next_dagrun for example_sensor_decorator to None, run_after=None
[2023-12-02T11:56:17.471+0000] {processor.py:179} INFO - Processing /home/airflow/.local/lib/python3.8/site-packages/airflow/example_dags/example_sensor_decorator.py took 0.045 seconds
[2023-12-02T12:13:12.479+0000] {processor.py:157} INFO - Started process (PID=49221) to work on /home/airflow/.local/lib/python3.8/site-packages/airflow/example_dags/example_sensor_decorator.py
[2023-12-02T12:13:12.480+0000] {processor.py:829} INFO - Processing file /home/airflow/.local/lib/python3.8/site-packages/airflow/example_dags/example_sensor_decorator.py for tasks to queue
[2023-12-02T12:13:12.482+0000] {logging_mixin.py:151} INFO - [2023-12-02T12:13:12.482+0000] {dagbag.py:539} INFO - Filling up the DagBag from /home/airflow/.local/lib/python3.8/site-packages/airflow/example_dags/example_sensor_decorator.py
[2023-12-02T12:13:12.486+0000] {processor.py:839} INFO - DAG(s) dict_keys(['example_sensor_decorator']) retrieved from /home/airflow/.local/lib/python3.8/site-packages/airflow/example_dags/example_sensor_decorator.py
[2023-12-02T12:13:12.499+0000] {logging_mixin.py:151} INFO - [2023-12-02T12:13:12.499+0000] {dag.py:2915} INFO - Sync 1 DAGs
[2023-12-02T12:13:12.507+0000] {logging_mixin.py:151} INFO - [2023-12-02T12:13:12.507+0000] {dag.py:3696} INFO - Setting next_dagrun for example_sensor_decorator to None, run_after=None
[2023-12-02T12:13:12.521+0000] {processor.py:179} INFO - Processing /home/airflow/.local/lib/python3.8/site-packages/airflow/example_dags/example_sensor_decorator.py took 0.044 seconds
[2023-12-02T12:38:01.269+0000] {processor.py:157} INFO - Started process (PID=49275) to work on /home/airflow/.local/lib/python3.8/site-packages/airflow/example_dags/example_sensor_decorator.py
[2023-12-02T12:38:01.270+0000] {processor.py:829} INFO - Processing file /home/airflow/.local/lib/python3.8/site-packages/airflow/example_dags/example_sensor_decorator.py for tasks to queue
[2023-12-02T12:38:01.272+0000] {logging_mixin.py:151} INFO - [2023-12-02T12:38:01.271+0000] {dagbag.py:539} INFO - Filling up the DagBag from /home/airflow/.local/lib/python3.8/site-packages/airflow/example_dags/example_sensor_decorator.py
[2023-12-02T12:38:01.276+0000] {processor.py:839} INFO - DAG(s) dict_keys(['example_sensor_decorator']) retrieved from /home/airflow/.local/lib/python3.8/site-packages/airflow/example_dags/example_sensor_decorator.py
[2023-12-02T12:38:01.289+0000] {logging_mixin.py:151} INFO - [2023-12-02T12:38:01.289+0000] {dag.py:2915} INFO - Sync 1 DAGs
[2023-12-02T12:38:01.297+0000] {logging_mixin.py:151} INFO - [2023-12-02T12:38:01.297+0000] {dag.py:3696} INFO - Setting next_dagrun for example_sensor_decorator to None, run_after=None
[2023-12-02T12:38:01.306+0000] {processor.py:179} INFO - Processing /home/airflow/.local/lib/python3.8/site-packages/airflow/example_dags/example_sensor_decorator.py took 0.041 seconds
[2023-12-02T12:38:35.175+0000] {processor.py:157} INFO - Started process (PID=49329) to work on /home/airflow/.local/lib/python3.8/site-packages/airflow/example_dags/example_sensor_decorator.py
[2023-12-02T12:38:35.176+0000] {processor.py:829} INFO - Processing file /home/airflow/.local/lib/python3.8/site-packages/airflow/example_dags/example_sensor_decorator.py for tasks to queue
[2023-12-02T12:38:35.178+0000] {logging_mixin.py:151} INFO - [2023-12-02T12:38:35.178+0000] {dagbag.py:539} INFO - Filling up the DagBag from /home/airflow/.local/lib/python3.8/site-packages/airflow/example_dags/example_sensor_decorator.py
[2023-12-02T12:38:35.182+0000] {processor.py:839} INFO - DAG(s) dict_keys(['example_sensor_decorator']) retrieved from /home/airflow/.local/lib/python3.8/site-packages/airflow/example_dags/example_sensor_decorator.py
[2023-12-02T12:38:35.195+0000] {logging_mixin.py:151} INFO - [2023-12-02T12:38:35.195+0000] {dag.py:2915} INFO - Sync 1 DAGs
[2023-12-02T12:38:35.202+0000] {logging_mixin.py:151} INFO - [2023-12-02T12:38:35.202+0000] {dag.py:3696} INFO - Setting next_dagrun for example_sensor_decorator to None, run_after=None
[2023-12-02T12:38:35.210+0000] {processor.py:179} INFO - Processing /home/airflow/.local/lib/python3.8/site-packages/airflow/example_dags/example_sensor_decorator.py took 0.037 seconds
[2023-12-02T12:40:33.978+0000] {processor.py:157} INFO - Started process (PID=49383) to work on /home/airflow/.local/lib/python3.8/site-packages/airflow/example_dags/example_sensor_decorator.py
[2023-12-02T12:40:33.980+0000] {processor.py:829} INFO - Processing file /home/airflow/.local/lib/python3.8/site-packages/airflow/example_dags/example_sensor_decorator.py for tasks to queue
[2023-12-02T12:40:33.982+0000] {logging_mixin.py:151} INFO - [2023-12-02T12:40:33.981+0000] {dagbag.py:539} INFO - Filling up the DagBag from /home/airflow/.local/lib/python3.8/site-packages/airflow/example_dags/example_sensor_decorator.py
[2023-12-02T12:40:33.988+0000] {processor.py:839} INFO - DAG(s) dict_keys(['example_sensor_decorator']) retrieved from /home/airflow/.local/lib/python3.8/site-packages/airflow/example_dags/example_sensor_decorator.py
[2023-12-02T12:40:34.002+0000] {logging_mixin.py:151} INFO - [2023-12-02T12:40:34.002+0000] {dag.py:2915} INFO - Sync 1 DAGs
[2023-12-02T12:40:34.010+0000] {logging_mixin.py:151} INFO - [2023-12-02T12:40:34.009+0000] {dag.py:3696} INFO - Setting next_dagrun for example_sensor_decorator to None, run_after=None
[2023-12-02T12:40:34.022+0000] {processor.py:179} INFO - Processing /home/airflow/.local/lib/python3.8/site-packages/airflow/example_dags/example_sensor_decorator.py took 0.047 seconds
[2023-12-02T13:06:18.785+0000] {processor.py:157} INFO - Started process (PID=49437) to work on /home/airflow/.local/lib/python3.8/site-packages/airflow/example_dags/example_sensor_decorator.py
[2023-12-02T13:06:18.786+0000] {processor.py:829} INFO - Processing file /home/airflow/.local/lib/python3.8/site-packages/airflow/example_dags/example_sensor_decorator.py for tasks to queue
[2023-12-02T13:06:18.788+0000] {logging_mixin.py:151} INFO - [2023-12-02T13:06:18.788+0000] {dagbag.py:539} INFO - Filling up the DagBag from /home/airflow/.local/lib/python3.8/site-packages/airflow/example_dags/example_sensor_decorator.py
[2023-12-02T13:06:18.792+0000] {processor.py:839} INFO - DAG(s) dict_keys(['example_sensor_decorator']) retrieved from /home/airflow/.local/lib/python3.8/site-packages/airflow/example_dags/example_sensor_decorator.py
[2023-12-02T13:06:18.810+0000] {logging_mixin.py:151} INFO - [2023-12-02T13:06:18.810+0000] {dag.py:2915} INFO - Sync 1 DAGs
[2023-12-02T13:06:18.825+0000] {logging_mixin.py:151} INFO - [2023-12-02T13:06:18.824+0000] {dag.py:3696} INFO - Setting next_dagrun for example_sensor_decorator to None, run_after=None
[2023-12-02T13:06:18.835+0000] {processor.py:179} INFO - Processing /home/airflow/.local/lib/python3.8/site-packages/airflow/example_dags/example_sensor_decorator.py took 0.052 seconds
[2023-12-02T13:41:07.765+0000] {processor.py:157} INFO - Started process (PID=49484) to work on /home/airflow/.local/lib/python3.8/site-packages/airflow/example_dags/example_sensor_decorator.py
[2023-12-02T13:41:07.766+0000] {processor.py:829} INFO - Processing file /home/airflow/.local/lib/python3.8/site-packages/airflow/example_dags/example_sensor_decorator.py for tasks to queue
[2023-12-02T13:41:07.767+0000] {logging_mixin.py:151} INFO - [2023-12-02T13:41:07.767+0000] {dagbag.py:539} INFO - Filling up the DagBag from /home/airflow/.local/lib/python3.8/site-packages/airflow/example_dags/example_sensor_decorator.py
[2023-12-02T13:41:07.771+0000] {processor.py:839} INFO - DAG(s) dict_keys(['example_sensor_decorator']) retrieved from /home/airflow/.local/lib/python3.8/site-packages/airflow/example_dags/example_sensor_decorator.py
[2023-12-02T13:41:07.785+0000] {logging_mixin.py:151} INFO - [2023-12-02T13:41:07.785+0000] {dag.py:2915} INFO - Sync 1 DAGs
[2023-12-02T13:41:07.792+0000] {logging_mixin.py:151} INFO - [2023-12-02T13:41:07.792+0000] {dag.py:3696} INFO - Setting next_dagrun for example_sensor_decorator to None, run_after=None
[2023-12-02T13:41:07.801+0000] {processor.py:179} INFO - Processing /home/airflow/.local/lib/python3.8/site-packages/airflow/example_dags/example_sensor_decorator.py took 0.039 seconds
[2023-12-02T14:24:09.067+0000] {processor.py:157} INFO - Started process (PID=49545) to work on /home/airflow/.local/lib/python3.8/site-packages/airflow/example_dags/example_sensor_decorator.py
[2023-12-02T14:24:09.069+0000] {processor.py:829} INFO - Processing file /home/airflow/.local/lib/python3.8/site-packages/airflow/example_dags/example_sensor_decorator.py for tasks to queue
[2023-12-02T14:24:09.071+0000] {logging_mixin.py:151} INFO - [2023-12-02T14:24:09.070+0000] {dagbag.py:539} INFO - Filling up the DagBag from /home/airflow/.local/lib/python3.8/site-packages/airflow/example_dags/example_sensor_decorator.py
[2023-12-02T14:24:09.076+0000] {processor.py:839} INFO - DAG(s) dict_keys(['example_sensor_decorator']) retrieved from /home/airflow/.local/lib/python3.8/site-packages/airflow/example_dags/example_sensor_decorator.py
[2023-12-02T14:24:09.091+0000] {logging_mixin.py:151} INFO - [2023-12-02T14:24:09.091+0000] {dag.py:2915} INFO - Sync 1 DAGs
[2023-12-02T14:24:09.099+0000] {logging_mixin.py:151} INFO - [2023-12-02T14:24:09.099+0000] {dag.py:3696} INFO - Setting next_dagrun for example_sensor_decorator to None, run_after=None
[2023-12-02T14:24:09.109+0000] {processor.py:179} INFO - Processing /home/airflow/.local/lib/python3.8/site-packages/airflow/example_dags/example_sensor_decorator.py took 0.045 seconds
[2023-12-02T14:49:30.772+0000] {processor.py:157} INFO - Started process (PID=49592) to work on /home/airflow/.local/lib/python3.8/site-packages/airflow/example_dags/example_sensor_decorator.py
[2023-12-02T14:49:30.773+0000] {processor.py:829} INFO - Processing file /home/airflow/.local/lib/python3.8/site-packages/airflow/example_dags/example_sensor_decorator.py for tasks to queue
[2023-12-02T14:49:30.775+0000] {logging_mixin.py:151} INFO - [2023-12-02T14:49:30.775+0000] {dagbag.py:539} INFO - Filling up the DagBag from /home/airflow/.local/lib/python3.8/site-packages/airflow/example_dags/example_sensor_decorator.py
[2023-12-02T14:49:30.779+0000] {processor.py:839} INFO - DAG(s) dict_keys(['example_sensor_decorator']) retrieved from /home/airflow/.local/lib/python3.8/site-packages/airflow/example_dags/example_sensor_decorator.py
[2023-12-02T14:49:30.793+0000] {logging_mixin.py:151} INFO - [2023-12-02T14:49:30.793+0000] {dag.py:2915} INFO - Sync 1 DAGs
[2023-12-02T14:49:30.800+0000] {logging_mixin.py:151} INFO - [2023-12-02T14:49:30.800+0000] {dag.py:3696} INFO - Setting next_dagrun for example_sensor_decorator to None, run_after=None
[2023-12-02T14:49:30.809+0000] {processor.py:179} INFO - Processing /home/airflow/.local/lib/python3.8/site-packages/airflow/example_dags/example_sensor_decorator.py took 0.040 seconds
[2023-12-02T15:25:06.994+0000] {processor.py:157} INFO - Started process (PID=49646) to work on /home/airflow/.local/lib/python3.8/site-packages/airflow/example_dags/example_sensor_decorator.py
[2023-12-02T15:25:06.998+0000] {processor.py:829} INFO - Processing file /home/airflow/.local/lib/python3.8/site-packages/airflow/example_dags/example_sensor_decorator.py for tasks to queue
[2023-12-02T15:25:07.002+0000] {logging_mixin.py:151} INFO - [2023-12-02T15:25:07.001+0000] {dagbag.py:539} INFO - Filling up the DagBag from /home/airflow/.local/lib/python3.8/site-packages/airflow/example_dags/example_sensor_decorator.py
[2023-12-02T15:25:07.019+0000] {processor.py:839} INFO - DAG(s) dict_keys(['example_sensor_decorator']) retrieved from /home/airflow/.local/lib/python3.8/site-packages/airflow/example_dags/example_sensor_decorator.py
[2023-12-02T15:25:07.130+0000] {logging_mixin.py:151} INFO - [2023-12-02T15:25:07.129+0000] {dag.py:2915} INFO - Sync 1 DAGs
[2023-12-02T15:25:07.187+0000] {logging_mixin.py:151} INFO - [2023-12-02T15:25:07.187+0000] {dag.py:3696} INFO - Setting next_dagrun for example_sensor_decorator to None, run_after=None
[2023-12-02T15:25:07.233+0000] {processor.py:179} INFO - Processing /home/airflow/.local/lib/python3.8/site-packages/airflow/example_dags/example_sensor_decorator.py took 0.245 seconds
[2023-12-02T16:14:05.840+0000] {processor.py:157} INFO - Started process (PID=49700) to work on /home/airflow/.local/lib/python3.8/site-packages/airflow/example_dags/example_sensor_decorator.py
[2023-12-02T16:14:05.840+0000] {processor.py:829} INFO - Processing file /home/airflow/.local/lib/python3.8/site-packages/airflow/example_dags/example_sensor_decorator.py for tasks to queue
[2023-12-02T16:14:05.842+0000] {logging_mixin.py:151} INFO - [2023-12-02T16:14:05.842+0000] {dagbag.py:539} INFO - Filling up the DagBag from /home/airflow/.local/lib/python3.8/site-packages/airflow/example_dags/example_sensor_decorator.py
[2023-12-02T16:14:05.846+0000] {processor.py:839} INFO - DAG(s) dict_keys(['example_sensor_decorator']) retrieved from /home/airflow/.local/lib/python3.8/site-packages/airflow/example_dags/example_sensor_decorator.py
[2023-12-02T16:14:05.859+0000] {logging_mixin.py:151} INFO - [2023-12-02T16:14:05.859+0000] {dag.py:2915} INFO - Sync 1 DAGs
[2023-12-02T16:14:05.866+0000] {logging_mixin.py:151} INFO - [2023-12-02T16:14:05.866+0000] {dag.py:3696} INFO - Setting next_dagrun for example_sensor_decorator to None, run_after=None
[2023-12-02T16:14:05.875+0000] {processor.py:179} INFO - Processing /home/airflow/.local/lib/python3.8/site-packages/airflow/example_dags/example_sensor_decorator.py took 0.038 seconds
[2023-12-02T16:26:16.518+0000] {processor.py:157} INFO - Started process (PID=49754) to work on /home/airflow/.local/lib/python3.8/site-packages/airflow/example_dags/example_sensor_decorator.py
[2023-12-02T16:26:16.522+0000] {processor.py:829} INFO - Processing file /home/airflow/.local/lib/python3.8/site-packages/airflow/example_dags/example_sensor_decorator.py for tasks to queue
[2023-12-02T16:26:16.524+0000] {logging_mixin.py:151} INFO - [2023-12-02T16:26:16.524+0000] {dagbag.py:539} INFO - Filling up the DagBag from /home/airflow/.local/lib/python3.8/site-packages/airflow/example_dags/example_sensor_decorator.py
[2023-12-02T16:26:16.531+0000] {processor.py:839} INFO - DAG(s) dict_keys(['example_sensor_decorator']) retrieved from /home/airflow/.local/lib/python3.8/site-packages/airflow/example_dags/example_sensor_decorator.py
[2023-12-02T16:26:16.549+0000] {logging_mixin.py:151} INFO - [2023-12-02T16:26:16.549+0000] {dag.py:2915} INFO - Sync 1 DAGs
[2023-12-02T16:26:16.562+0000] {logging_mixin.py:151} INFO - [2023-12-02T16:26:16.562+0000] {dag.py:3696} INFO - Setting next_dagrun for example_sensor_decorator to None, run_after=None
[2023-12-02T16:26:16.573+0000] {processor.py:179} INFO - Processing /home/airflow/.local/lib/python3.8/site-packages/airflow/example_dags/example_sensor_decorator.py took 0.057 seconds
[2023-12-02T17:27:10.238+0000] {processor.py:157} INFO - Started process (PID=49808) to work on /home/airflow/.local/lib/python3.8/site-packages/airflow/example_dags/example_sensor_decorator.py
[2023-12-02T17:27:10.239+0000] {processor.py:829} INFO - Processing file /home/airflow/.local/lib/python3.8/site-packages/airflow/example_dags/example_sensor_decorator.py for tasks to queue
[2023-12-02T17:27:10.241+0000] {logging_mixin.py:151} INFO - [2023-12-02T17:27:10.241+0000] {dagbag.py:539} INFO - Filling up the DagBag from /home/airflow/.local/lib/python3.8/site-packages/airflow/example_dags/example_sensor_decorator.py
[2023-12-02T17:27:10.245+0000] {processor.py:839} INFO - DAG(s) dict_keys(['example_sensor_decorator']) retrieved from /home/airflow/.local/lib/python3.8/site-packages/airflow/example_dags/example_sensor_decorator.py
[2023-12-02T17:27:10.258+0000] {logging_mixin.py:151} INFO - [2023-12-02T17:27:10.257+0000] {dag.py:2915} INFO - Sync 1 DAGs
[2023-12-02T17:27:10.265+0000] {logging_mixin.py:151} INFO - [2023-12-02T17:27:10.265+0000] {dag.py:3696} INFO - Setting next_dagrun for example_sensor_decorator to None, run_after=None
[2023-12-02T17:27:10.274+0000] {processor.py:179} INFO - Processing /home/airflow/.local/lib/python3.8/site-packages/airflow/example_dags/example_sensor_decorator.py took 0.038 seconds
[2023-12-02T18:03:59.172+0000] {processor.py:157} INFO - Started process (PID=49862) to work on /home/airflow/.local/lib/python3.8/site-packages/airflow/example_dags/example_sensor_decorator.py
[2023-12-02T18:03:59.174+0000] {processor.py:829} INFO - Processing file /home/airflow/.local/lib/python3.8/site-packages/airflow/example_dags/example_sensor_decorator.py for tasks to queue
[2023-12-02T18:03:59.177+0000] {logging_mixin.py:151} INFO - [2023-12-02T18:03:59.176+0000] {dagbag.py:539} INFO - Filling up the DagBag from /home/airflow/.local/lib/python3.8/site-packages/airflow/example_dags/example_sensor_decorator.py
[2023-12-02T18:03:59.185+0000] {processor.py:839} INFO - DAG(s) dict_keys(['example_sensor_decorator']) retrieved from /home/airflow/.local/lib/python3.8/site-packages/airflow/example_dags/example_sensor_decorator.py
[2023-12-02T18:03:59.201+0000] {logging_mixin.py:151} INFO - [2023-12-02T18:03:59.201+0000] {dag.py:2915} INFO - Sync 1 DAGs
[2023-12-02T18:03:59.215+0000] {logging_mixin.py:151} INFO - [2023-12-02T18:03:59.215+0000] {dag.py:3696} INFO - Setting next_dagrun for example_sensor_decorator to None, run_after=None
[2023-12-02T18:03:59.227+0000] {processor.py:179} INFO - Processing /home/airflow/.local/lib/python3.8/site-packages/airflow/example_dags/example_sensor_decorator.py took 0.059 seconds
[2023-12-02T18:26:22.300+0000] {processor.py:157} INFO - Started process (PID=49916) to work on /home/airflow/.local/lib/python3.8/site-packages/airflow/example_dags/example_sensor_decorator.py
[2023-12-02T18:26:22.301+0000] {processor.py:829} INFO - Processing file /home/airflow/.local/lib/python3.8/site-packages/airflow/example_dags/example_sensor_decorator.py for tasks to queue
[2023-12-02T18:26:22.302+0000] {logging_mixin.py:151} INFO - [2023-12-02T18:26:22.302+0000] {dagbag.py:539} INFO - Filling up the DagBag from /home/airflow/.local/lib/python3.8/site-packages/airflow/example_dags/example_sensor_decorator.py
[2023-12-02T18:26:22.306+0000] {processor.py:839} INFO - DAG(s) dict_keys(['example_sensor_decorator']) retrieved from /home/airflow/.local/lib/python3.8/site-packages/airflow/example_dags/example_sensor_decorator.py
[2023-12-02T18:26:22.318+0000] {logging_mixin.py:151} INFO - [2023-12-02T18:26:22.318+0000] {dag.py:2915} INFO - Sync 1 DAGs
[2023-12-02T18:26:22.324+0000] {logging_mixin.py:151} INFO - [2023-12-02T18:26:22.324+0000] {dag.py:3696} INFO - Setting next_dagrun for example_sensor_decorator to None, run_after=None
[2023-12-02T18:26:22.333+0000] {processor.py:179} INFO - Processing /home/airflow/.local/lib/python3.8/site-packages/airflow/example_dags/example_sensor_decorator.py took 0.035 seconds
[2023-12-02T19:14:10.374+0000] {processor.py:157} INFO - Started process (PID=49970) to work on /home/airflow/.local/lib/python3.8/site-packages/airflow/example_dags/example_sensor_decorator.py
[2023-12-02T19:14:10.376+0000] {processor.py:829} INFO - Processing file /home/airflow/.local/lib/python3.8/site-packages/airflow/example_dags/example_sensor_decorator.py for tasks to queue
[2023-12-02T19:14:10.380+0000] {logging_mixin.py:151} INFO - [2023-12-02T19:14:10.379+0000] {dagbag.py:539} INFO - Filling up the DagBag from /home/airflow/.local/lib/python3.8/site-packages/airflow/example_dags/example_sensor_decorator.py
[2023-12-02T19:14:10.388+0000] {processor.py:839} INFO - DAG(s) dict_keys(['example_sensor_decorator']) retrieved from /home/airflow/.local/lib/python3.8/site-packages/airflow/example_dags/example_sensor_decorator.py
[2023-12-02T19:14:10.414+0000] {logging_mixin.py:151} INFO - [2023-12-02T19:14:10.413+0000] {dag.py:2915} INFO - Sync 1 DAGs
[2023-12-02T19:14:10.423+0000] {logging_mixin.py:151} INFO - [2023-12-02T19:14:10.423+0000] {dag.py:3696} INFO - Setting next_dagrun for example_sensor_decorator to None, run_after=None
[2023-12-02T19:14:10.456+0000] {processor.py:179} INFO - Processing /home/airflow/.local/lib/python3.8/site-packages/airflow/example_dags/example_sensor_decorator.py took 0.086 seconds
[2023-12-02T19:44:46.597+0000] {processor.py:157} INFO - Started process (PID=50024) to work on /home/airflow/.local/lib/python3.8/site-packages/airflow/example_dags/example_sensor_decorator.py
[2023-12-02T19:44:46.599+0000] {processor.py:829} INFO - Processing file /home/airflow/.local/lib/python3.8/site-packages/airflow/example_dags/example_sensor_decorator.py for tasks to queue
[2023-12-02T19:44:46.601+0000] {logging_mixin.py:151} INFO - [2023-12-02T19:44:46.600+0000] {dagbag.py:539} INFO - Filling up the DagBag from /home/airflow/.local/lib/python3.8/site-packages/airflow/example_dags/example_sensor_decorator.py
[2023-12-02T19:44:46.607+0000] {processor.py:839} INFO - DAG(s) dict_keys(['example_sensor_decorator']) retrieved from /home/airflow/.local/lib/python3.8/site-packages/airflow/example_dags/example_sensor_decorator.py
[2023-12-02T19:44:46.623+0000] {logging_mixin.py:151} INFO - [2023-12-02T19:44:46.622+0000] {dag.py:2915} INFO - Sync 1 DAGs
[2023-12-02T19:44:46.630+0000] {logging_mixin.py:151} INFO - [2023-12-02T19:44:46.630+0000] {dag.py:3696} INFO - Setting next_dagrun for example_sensor_decorator to None, run_after=None
[2023-12-02T19:44:46.639+0000] {processor.py:179} INFO - Processing /home/airflow/.local/lib/python3.8/site-packages/airflow/example_dags/example_sensor_decorator.py took 0.046 seconds
[2023-12-02T20:21:19.617+0000] {processor.py:157} INFO - Started process (PID=50078) to work on /home/airflow/.local/lib/python3.8/site-packages/airflow/example_dags/example_sensor_decorator.py
[2023-12-02T20:21:19.618+0000] {processor.py:829} INFO - Processing file /home/airflow/.local/lib/python3.8/site-packages/airflow/example_dags/example_sensor_decorator.py for tasks to queue
[2023-12-02T20:21:19.620+0000] {logging_mixin.py:151} INFO - [2023-12-02T20:21:19.620+0000] {dagbag.py:539} INFO - Filling up the DagBag from /home/airflow/.local/lib/python3.8/site-packages/airflow/example_dags/example_sensor_decorator.py
[2023-12-02T20:21:19.625+0000] {processor.py:839} INFO - DAG(s) dict_keys(['example_sensor_decorator']) retrieved from /home/airflow/.local/lib/python3.8/site-packages/airflow/example_dags/example_sensor_decorator.py
[2023-12-02T20:21:19.639+0000] {logging_mixin.py:151} INFO - [2023-12-02T20:21:19.639+0000] {dag.py:2915} INFO - Sync 1 DAGs
[2023-12-02T20:21:19.646+0000] {logging_mixin.py:151} INFO - [2023-12-02T20:21:19.646+0000] {dag.py:3696} INFO - Setting next_dagrun for example_sensor_decorator to None, run_after=None
[2023-12-02T20:21:19.656+0000] {processor.py:179} INFO - Processing /home/airflow/.local/lib/python3.8/site-packages/airflow/example_dags/example_sensor_decorator.py took 0.042 seconds
[2023-12-02T21:31:10.186+0000] {processor.py:157} INFO - Started process (PID=50133) to work on /home/airflow/.local/lib/python3.8/site-packages/airflow/example_dags/example_sensor_decorator.py
[2023-12-02T21:31:10.187+0000] {processor.py:829} INFO - Processing file /home/airflow/.local/lib/python3.8/site-packages/airflow/example_dags/example_sensor_decorator.py for tasks to queue
[2023-12-02T21:31:10.189+0000] {logging_mixin.py:151} INFO - [2023-12-02T21:31:10.188+0000] {dagbag.py:539} INFO - Filling up the DagBag from /home/airflow/.local/lib/python3.8/site-packages/airflow/example_dags/example_sensor_decorator.py
[2023-12-02T21:31:10.193+0000] {processor.py:839} INFO - DAG(s) dict_keys(['example_sensor_decorator']) retrieved from /home/airflow/.local/lib/python3.8/site-packages/airflow/example_dags/example_sensor_decorator.py
[2023-12-02T21:31:10.207+0000] {logging_mixin.py:151} INFO - [2023-12-02T21:31:10.207+0000] {dag.py:2915} INFO - Sync 1 DAGs
[2023-12-02T21:31:10.215+0000] {logging_mixin.py:151} INFO - [2023-12-02T21:31:10.215+0000] {dag.py:3696} INFO - Setting next_dagrun for example_sensor_decorator to None, run_after=None
[2023-12-02T21:31:10.224+0000] {processor.py:179} INFO - Processing /home/airflow/.local/lib/python3.8/site-packages/airflow/example_dags/example_sensor_decorator.py took 0.041 seconds
[2023-12-02T22:08:22.377+0000] {processor.py:157} INFO - Started process (PID=50187) to work on /home/airflow/.local/lib/python3.8/site-packages/airflow/example_dags/example_sensor_decorator.py
[2023-12-02T22:08:22.378+0000] {processor.py:829} INFO - Processing file /home/airflow/.local/lib/python3.8/site-packages/airflow/example_dags/example_sensor_decorator.py for tasks to queue
[2023-12-02T22:08:22.380+0000] {logging_mixin.py:151} INFO - [2023-12-02T22:08:22.380+0000] {dagbag.py:539} INFO - Filling up the DagBag from /home/airflow/.local/lib/python3.8/site-packages/airflow/example_dags/example_sensor_decorator.py
[2023-12-02T22:08:22.385+0000] {processor.py:839} INFO - DAG(s) dict_keys(['example_sensor_decorator']) retrieved from /home/airflow/.local/lib/python3.8/site-packages/airflow/example_dags/example_sensor_decorator.py
[2023-12-02T22:08:22.398+0000] {logging_mixin.py:151} INFO - [2023-12-02T22:08:22.398+0000] {dag.py:2915} INFO - Sync 1 DAGs
[2023-12-02T22:08:22.405+0000] {logging_mixin.py:151} INFO - [2023-12-02T22:08:22.405+0000] {dag.py:3696} INFO - Setting next_dagrun for example_sensor_decorator to None, run_after=None
[2023-12-02T22:08:22.414+0000] {processor.py:179} INFO - Processing /home/airflow/.local/lib/python3.8/site-packages/airflow/example_dags/example_sensor_decorator.py took 0.039 seconds
[2023-12-02T23:05:13.200+0000] {processor.py:157} INFO - Started process (PID=50241) to work on /home/airflow/.local/lib/python3.8/site-packages/airflow/example_dags/example_sensor_decorator.py
[2023-12-02T23:05:13.201+0000] {processor.py:829} INFO - Processing file /home/airflow/.local/lib/python3.8/site-packages/airflow/example_dags/example_sensor_decorator.py for tasks to queue
[2023-12-02T23:05:13.202+0000] {logging_mixin.py:151} INFO - [2023-12-02T23:05:13.202+0000] {dagbag.py:539} INFO - Filling up the DagBag from /home/airflow/.local/lib/python3.8/site-packages/airflow/example_dags/example_sensor_decorator.py
[2023-12-02T23:05:13.206+0000] {processor.py:839} INFO - DAG(s) dict_keys(['example_sensor_decorator']) retrieved from /home/airflow/.local/lib/python3.8/site-packages/airflow/example_dags/example_sensor_decorator.py
[2023-12-02T23:05:13.219+0000] {logging_mixin.py:151} INFO - [2023-12-02T23:05:13.218+0000] {dag.py:2915} INFO - Sync 1 DAGs
[2023-12-02T23:05:13.225+0000] {logging_mixin.py:151} INFO - [2023-12-02T23:05:13.225+0000] {dag.py:3696} INFO - Setting next_dagrun for example_sensor_decorator to None, run_after=None
[2023-12-02T23:05:13.234+0000] {processor.py:179} INFO - Processing /home/airflow/.local/lib/python3.8/site-packages/airflow/example_dags/example_sensor_decorator.py took 0.036 seconds
[2023-12-02T23:30:58.343+0000] {processor.py:157} INFO - Started process (PID=50295) to work on /home/airflow/.local/lib/python3.8/site-packages/airflow/example_dags/example_sensor_decorator.py
[2023-12-02T23:30:58.344+0000] {processor.py:829} INFO - Processing file /home/airflow/.local/lib/python3.8/site-packages/airflow/example_dags/example_sensor_decorator.py for tasks to queue
[2023-12-02T23:30:58.346+0000] {logging_mixin.py:151} INFO - [2023-12-02T23:30:58.345+0000] {dagbag.py:539} INFO - Filling up the DagBag from /home/airflow/.local/lib/python3.8/site-packages/airflow/example_dags/example_sensor_decorator.py
[2023-12-02T23:30:58.350+0000] {processor.py:839} INFO - DAG(s) dict_keys(['example_sensor_decorator']) retrieved from /home/airflow/.local/lib/python3.8/site-packages/airflow/example_dags/example_sensor_decorator.py
[2023-12-02T23:30:58.362+0000] {logging_mixin.py:151} INFO - [2023-12-02T23:30:58.362+0000] {dag.py:2915} INFO - Sync 1 DAGs
[2023-12-02T23:30:58.369+0000] {logging_mixin.py:151} INFO - [2023-12-02T23:30:58.369+0000] {dag.py:3696} INFO - Setting next_dagrun for example_sensor_decorator to None, run_after=None
[2023-12-02T23:30:58.379+0000] {processor.py:179} INFO - Processing /home/airflow/.local/lib/python3.8/site-packages/airflow/example_dags/example_sensor_decorator.py took 0.039 seconds
[2023-12-02T23:33:13.393+0000] {processor.py:157} INFO - Started process (PID=50348) to work on /home/airflow/.local/lib/python3.8/site-packages/airflow/example_dags/example_sensor_decorator.py
[2023-12-02T23:33:13.394+0000] {processor.py:829} INFO - Processing file /home/airflow/.local/lib/python3.8/site-packages/airflow/example_dags/example_sensor_decorator.py for tasks to queue
[2023-12-02T23:33:13.396+0000] {logging_mixin.py:151} INFO - [2023-12-02T23:33:13.395+0000] {dagbag.py:539} INFO - Filling up the DagBag from /home/airflow/.local/lib/python3.8/site-packages/airflow/example_dags/example_sensor_decorator.py
[2023-12-02T23:33:13.400+0000] {processor.py:839} INFO - DAG(s) dict_keys(['example_sensor_decorator']) retrieved from /home/airflow/.local/lib/python3.8/site-packages/airflow/example_dags/example_sensor_decorator.py
[2023-12-02T23:33:13.413+0000] {logging_mixin.py:151} INFO - [2023-12-02T23:33:13.413+0000] {dag.py:2915} INFO - Sync 1 DAGs
[2023-12-02T23:33:13.420+0000] {logging_mixin.py:151} INFO - [2023-12-02T23:33:13.420+0000] {dag.py:3696} INFO - Setting next_dagrun for example_sensor_decorator to None, run_after=None
[2023-12-02T23:33:13.429+0000] {processor.py:179} INFO - Processing /home/airflow/.local/lib/python3.8/site-packages/airflow/example_dags/example_sensor_decorator.py took 0.039 seconds
[2023-12-02T23:52:08.494+0000] {processor.py:157} INFO - Started process (PID=50402) to work on /home/airflow/.local/lib/python3.8/site-packages/airflow/example_dags/example_sensor_decorator.py
[2023-12-02T23:52:08.496+0000] {processor.py:829} INFO - Processing file /home/airflow/.local/lib/python3.8/site-packages/airflow/example_dags/example_sensor_decorator.py for tasks to queue
[2023-12-02T23:52:08.497+0000] {logging_mixin.py:151} INFO - [2023-12-02T23:52:08.497+0000] {dagbag.py:539} INFO - Filling up the DagBag from /home/airflow/.local/lib/python3.8/site-packages/airflow/example_dags/example_sensor_decorator.py
[2023-12-02T23:52:08.503+0000] {processor.py:839} INFO - DAG(s) dict_keys(['example_sensor_decorator']) retrieved from /home/airflow/.local/lib/python3.8/site-packages/airflow/example_dags/example_sensor_decorator.py
[2023-12-02T23:52:08.519+0000] {logging_mixin.py:151} INFO - [2023-12-02T23:52:08.518+0000] {dag.py:2915} INFO - Sync 1 DAGs
[2023-12-02T23:52:08.527+0000] {logging_mixin.py:151} INFO - [2023-12-02T23:52:08.527+0000] {dag.py:3696} INFO - Setting next_dagrun for example_sensor_decorator to None, run_after=None
[2023-12-02T23:52:08.542+0000] {processor.py:179} INFO - Processing /home/airflow/.local/lib/python3.8/site-packages/airflow/example_dags/example_sensor_decorator.py took 0.051 seconds
