[2023-12-02T00:15:16.045+0000] {processor.py:157} INFO - Started process (PID=48085) to work on /home/airflow/.local/lib/python3.8/site-packages/airflow/example_dags/example_dynamic_task_mapping_with_no_taskflow_operators.py
[2023-12-02T00:15:16.046+0000] {processor.py:829} INFO - Processing file /home/airflow/.local/lib/python3.8/site-packages/airflow/example_dags/example_dynamic_task_mapping_with_no_taskflow_operators.py for tasks to queue
[2023-12-02T00:15:16.048+0000] {logging_mixin.py:151} INFO - [2023-12-02T00:15:16.048+0000] {dagbag.py:539} INFO - Filling up the DagBag from /home/airflow/.local/lib/python3.8/site-packages/airflow/example_dags/example_dynamic_task_mapping_with_no_taskflow_operators.py
[2023-12-02T00:15:16.053+0000] {processor.py:839} INFO - DAG(s) dict_keys(['example_dynamic_task_mapping_with_no_taskflow_operators']) retrieved from /home/airflow/.local/lib/python3.8/site-packages/airflow/example_dags/example_dynamic_task_mapping_with_no_taskflow_operators.py
[2023-12-02T00:15:16.066+0000] {logging_mixin.py:151} INFO - [2023-12-02T00:15:16.066+0000] {dag.py:2915} INFO - Sync 1 DAGs
[2023-12-02T00:15:16.217+0000] {logging_mixin.py:151} INFO - [2023-12-02T00:15:16.217+0000] {dag.py:3696} INFO - Setting next_dagrun for example_dynamic_task_mapping_with_no_taskflow_operators to 2023-12-01T00:15:16.217157+00:00, run_after=2023-12-02T00:15:16.217157+00:00
[2023-12-02T00:15:16.226+0000] {processor.py:179} INFO - Processing /home/airflow/.local/lib/python3.8/site-packages/airflow/example_dags/example_dynamic_task_mapping_with_no_taskflow_operators.py took 0.183 seconds
[2023-12-02T00:57:23.359+0000] {processor.py:157} INFO - Started process (PID=48139) to work on /home/airflow/.local/lib/python3.8/site-packages/airflow/example_dags/example_dynamic_task_mapping_with_no_taskflow_operators.py
[2023-12-02T00:57:23.361+0000] {processor.py:829} INFO - Processing file /home/airflow/.local/lib/python3.8/site-packages/airflow/example_dags/example_dynamic_task_mapping_with_no_taskflow_operators.py for tasks to queue
[2023-12-02T00:57:23.365+0000] {logging_mixin.py:151} INFO - [2023-12-02T00:57:23.364+0000] {dagbag.py:539} INFO - Filling up the DagBag from /home/airflow/.local/lib/python3.8/site-packages/airflow/example_dags/example_dynamic_task_mapping_with_no_taskflow_operators.py
[2023-12-02T00:57:23.377+0000] {processor.py:839} INFO - DAG(s) dict_keys(['example_dynamic_task_mapping_with_no_taskflow_operators']) retrieved from /home/airflow/.local/lib/python3.8/site-packages/airflow/example_dags/example_dynamic_task_mapping_with_no_taskflow_operators.py
[2023-12-02T00:57:23.425+0000] {logging_mixin.py:151} INFO - [2023-12-02T00:57:23.425+0000] {dag.py:2915} INFO - Sync 1 DAGs
[2023-12-02T00:57:23.447+0000] {logging_mixin.py:151} INFO - [2023-12-02T00:57:23.447+0000] {dag.py:3696} INFO - Setting next_dagrun for example_dynamic_task_mapping_with_no_taskflow_operators to 2023-12-01T00:57:23.446835+00:00, run_after=2023-12-02T00:57:23.446835+00:00
[2023-12-02T00:57:23.462+0000] {processor.py:179} INFO - Processing /home/airflow/.local/lib/python3.8/site-packages/airflow/example_dags/example_dynamic_task_mapping_with_no_taskflow_operators.py took 0.110 seconds
[2023-12-02T01:08:03.689+0000] {processor.py:157} INFO - Started process (PID=48193) to work on /home/airflow/.local/lib/python3.8/site-packages/airflow/example_dags/example_dynamic_task_mapping_with_no_taskflow_operators.py
[2023-12-02T01:08:03.690+0000] {processor.py:829} INFO - Processing file /home/airflow/.local/lib/python3.8/site-packages/airflow/example_dags/example_dynamic_task_mapping_with_no_taskflow_operators.py for tasks to queue
[2023-12-02T01:08:03.692+0000] {logging_mixin.py:151} INFO - [2023-12-02T01:08:03.692+0000] {dagbag.py:539} INFO - Filling up the DagBag from /home/airflow/.local/lib/python3.8/site-packages/airflow/example_dags/example_dynamic_task_mapping_with_no_taskflow_operators.py
[2023-12-02T01:08:03.698+0000] {processor.py:839} INFO - DAG(s) dict_keys(['example_dynamic_task_mapping_with_no_taskflow_operators']) retrieved from /home/airflow/.local/lib/python3.8/site-packages/airflow/example_dags/example_dynamic_task_mapping_with_no_taskflow_operators.py
[2023-12-02T01:08:03.711+0000] {logging_mixin.py:151} INFO - [2023-12-02T01:08:03.711+0000] {dag.py:2915} INFO - Sync 1 DAGs
[2023-12-02T01:08:03.724+0000] {logging_mixin.py:151} INFO - [2023-12-02T01:08:03.724+0000] {dag.py:3696} INFO - Setting next_dagrun for example_dynamic_task_mapping_with_no_taskflow_operators to 2023-12-01T01:08:03.724014+00:00, run_after=2023-12-02T01:08:03.724014+00:00
[2023-12-02T01:08:03.733+0000] {processor.py:179} INFO - Processing /home/airflow/.local/lib/python3.8/site-packages/airflow/example_dags/example_dynamic_task_mapping_with_no_taskflow_operators.py took 0.048 seconds
[2023-12-02T02:09:41.091+0000] {processor.py:157} INFO - Started process (PID=48247) to work on /home/airflow/.local/lib/python3.8/site-packages/airflow/example_dags/example_dynamic_task_mapping_with_no_taskflow_operators.py
[2023-12-02T02:09:41.092+0000] {processor.py:829} INFO - Processing file /home/airflow/.local/lib/python3.8/site-packages/airflow/example_dags/example_dynamic_task_mapping_with_no_taskflow_operators.py for tasks to queue
[2023-12-02T02:09:41.094+0000] {logging_mixin.py:151} INFO - [2023-12-02T02:09:41.094+0000] {dagbag.py:539} INFO - Filling up the DagBag from /home/airflow/.local/lib/python3.8/site-packages/airflow/example_dags/example_dynamic_task_mapping_with_no_taskflow_operators.py
[2023-12-02T02:09:41.100+0000] {processor.py:839} INFO - DAG(s) dict_keys(['example_dynamic_task_mapping_with_no_taskflow_operators']) retrieved from /home/airflow/.local/lib/python3.8/site-packages/airflow/example_dags/example_dynamic_task_mapping_with_no_taskflow_operators.py
[2023-12-02T02:09:41.327+0000] {logging_mixin.py:151} INFO - [2023-12-02T02:09:41.326+0000] {dag.py:2915} INFO - Sync 1 DAGs
[2023-12-02T02:09:41.344+0000] {logging_mixin.py:151} INFO - [2023-12-02T02:09:41.344+0000] {dag.py:3696} INFO - Setting next_dagrun for example_dynamic_task_mapping_with_no_taskflow_operators to 2023-12-01T02:09:41.344004+00:00, run_after=2023-12-02T02:09:41.344004+00:00
[2023-12-02T02:09:41.367+0000] {processor.py:179} INFO - Processing /home/airflow/.local/lib/python3.8/site-packages/airflow/example_dags/example_dynamic_task_mapping_with_no_taskflow_operators.py took 0.280 seconds
[2023-12-02T02:48:10.898+0000] {processor.py:157} INFO - Started process (PID=48302) to work on /home/airflow/.local/lib/python3.8/site-packages/airflow/example_dags/example_dynamic_task_mapping_with_no_taskflow_operators.py
[2023-12-02T02:48:10.899+0000] {processor.py:829} INFO - Processing file /home/airflow/.local/lib/python3.8/site-packages/airflow/example_dags/example_dynamic_task_mapping_with_no_taskflow_operators.py for tasks to queue
[2023-12-02T02:48:10.901+0000] {logging_mixin.py:151} INFO - [2023-12-02T02:48:10.901+0000] {dagbag.py:539} INFO - Filling up the DagBag from /home/airflow/.local/lib/python3.8/site-packages/airflow/example_dags/example_dynamic_task_mapping_with_no_taskflow_operators.py
[2023-12-02T02:48:10.908+0000] {processor.py:839} INFO - DAG(s) dict_keys(['example_dynamic_task_mapping_with_no_taskflow_operators']) retrieved from /home/airflow/.local/lib/python3.8/site-packages/airflow/example_dags/example_dynamic_task_mapping_with_no_taskflow_operators.py
[2023-12-02T02:48:10.921+0000] {logging_mixin.py:151} INFO - [2023-12-02T02:48:10.921+0000] {dag.py:2915} INFO - Sync 1 DAGs
[2023-12-02T02:48:11.019+0000] {logging_mixin.py:151} INFO - [2023-12-02T02:48:11.019+0000] {dag.py:3696} INFO - Setting next_dagrun for example_dynamic_task_mapping_with_no_taskflow_operators to 2023-12-01T02:48:11.019148+00:00, run_after=2023-12-02T02:48:11.019148+00:00
[2023-12-02T02:48:11.033+0000] {processor.py:179} INFO - Processing /home/airflow/.local/lib/python3.8/site-packages/airflow/example_dags/example_dynamic_task_mapping_with_no_taskflow_operators.py took 0.137 seconds
[2023-12-02T03:45:59.115+0000] {processor.py:157} INFO - Started process (PID=48356) to work on /home/airflow/.local/lib/python3.8/site-packages/airflow/example_dags/example_dynamic_task_mapping_with_no_taskflow_operators.py
[2023-12-02T03:45:59.118+0000] {processor.py:829} INFO - Processing file /home/airflow/.local/lib/python3.8/site-packages/airflow/example_dags/example_dynamic_task_mapping_with_no_taskflow_operators.py for tasks to queue
[2023-12-02T03:45:59.123+0000] {logging_mixin.py:151} INFO - [2023-12-02T03:45:59.122+0000] {dagbag.py:539} INFO - Filling up the DagBag from /home/airflow/.local/lib/python3.8/site-packages/airflow/example_dags/example_dynamic_task_mapping_with_no_taskflow_operators.py
[2023-12-02T03:45:59.136+0000] {processor.py:839} INFO - DAG(s) dict_keys(['example_dynamic_task_mapping_with_no_taskflow_operators']) retrieved from /home/airflow/.local/lib/python3.8/site-packages/airflow/example_dags/example_dynamic_task_mapping_with_no_taskflow_operators.py
[2023-12-02T03:45:59.153+0000] {logging_mixin.py:151} INFO - [2023-12-02T03:45:59.153+0000] {dag.py:2915} INFO - Sync 1 DAGs
[2023-12-02T03:45:59.168+0000] {logging_mixin.py:151} INFO - [2023-12-02T03:45:59.168+0000] {dag.py:3696} INFO - Setting next_dagrun for example_dynamic_task_mapping_with_no_taskflow_operators to 2023-12-01T03:45:59.168155+00:00, run_after=2023-12-02T03:45:59.168155+00:00
[2023-12-02T03:45:59.179+0000] {processor.py:179} INFO - Processing /home/airflow/.local/lib/python3.8/site-packages/airflow/example_dags/example_dynamic_task_mapping_with_no_taskflow_operators.py took 0.067 seconds
[2023-12-02T05:04:05.130+0000] {processor.py:157} INFO - Started process (PID=48410) to work on /home/airflow/.local/lib/python3.8/site-packages/airflow/example_dags/example_dynamic_task_mapping_with_no_taskflow_operators.py
[2023-12-02T05:04:05.131+0000] {processor.py:829} INFO - Processing file /home/airflow/.local/lib/python3.8/site-packages/airflow/example_dags/example_dynamic_task_mapping_with_no_taskflow_operators.py for tasks to queue
[2023-12-02T05:04:05.133+0000] {logging_mixin.py:151} INFO - [2023-12-02T05:04:05.132+0000] {dagbag.py:539} INFO - Filling up the DagBag from /home/airflow/.local/lib/python3.8/site-packages/airflow/example_dags/example_dynamic_task_mapping_with_no_taskflow_operators.py
[2023-12-02T05:04:05.234+0000] {processor.py:839} INFO - DAG(s) dict_keys(['example_dynamic_task_mapping_with_no_taskflow_operators']) retrieved from /home/airflow/.local/lib/python3.8/site-packages/airflow/example_dags/example_dynamic_task_mapping_with_no_taskflow_operators.py
[2023-12-02T05:04:05.247+0000] {logging_mixin.py:151} INFO - [2023-12-02T05:04:05.247+0000] {dag.py:2915} INFO - Sync 1 DAGs
[2023-12-02T05:04:05.259+0000] {logging_mixin.py:151} INFO - [2023-12-02T05:04:05.259+0000] {dag.py:3696} INFO - Setting next_dagrun for example_dynamic_task_mapping_with_no_taskflow_operators to 2023-12-01T05:04:05.259109+00:00, run_after=2023-12-02T05:04:05.259109+00:00
[2023-12-02T05:04:05.267+0000] {processor.py:179} INFO - Processing /home/airflow/.local/lib/python3.8/site-packages/airflow/example_dags/example_dynamic_task_mapping_with_no_taskflow_operators.py took 0.140 seconds
[2023-12-02T06:07:24.584+0000] {processor.py:157} INFO - Started process (PID=48464) to work on /home/airflow/.local/lib/python3.8/site-packages/airflow/example_dags/example_dynamic_task_mapping_with_no_taskflow_operators.py
[2023-12-02T06:07:24.586+0000] {processor.py:829} INFO - Processing file /home/airflow/.local/lib/python3.8/site-packages/airflow/example_dags/example_dynamic_task_mapping_with_no_taskflow_operators.py for tasks to queue
[2023-12-02T06:07:24.589+0000] {logging_mixin.py:151} INFO - [2023-12-02T06:07:24.589+0000] {dagbag.py:539} INFO - Filling up the DagBag from /home/airflow/.local/lib/python3.8/site-packages/airflow/example_dags/example_dynamic_task_mapping_with_no_taskflow_operators.py
[2023-12-02T06:07:24.597+0000] {processor.py:839} INFO - DAG(s) dict_keys(['example_dynamic_task_mapping_with_no_taskflow_operators']) retrieved from /home/airflow/.local/lib/python3.8/site-packages/airflow/example_dags/example_dynamic_task_mapping_with_no_taskflow_operators.py
[2023-12-02T06:07:24.615+0000] {logging_mixin.py:151} INFO - [2023-12-02T06:07:24.615+0000] {dag.py:2915} INFO - Sync 1 DAGs
[2023-12-02T06:07:24.644+0000] {logging_mixin.py:151} INFO - [2023-12-02T06:07:24.644+0000] {dag.py:3696} INFO - Setting next_dagrun for example_dynamic_task_mapping_with_no_taskflow_operators to 2023-12-01T06:07:24.644052+00:00, run_after=2023-12-02T06:07:24.644052+00:00
[2023-12-02T06:07:24.661+0000] {processor.py:179} INFO - Processing /home/airflow/.local/lib/python3.8/site-packages/airflow/example_dags/example_dynamic_task_mapping_with_no_taskflow_operators.py took 0.089 seconds
[2023-12-02T07:04:09.750+0000] {processor.py:157} INFO - Started process (PID=48518) to work on /home/airflow/.local/lib/python3.8/site-packages/airflow/example_dags/example_dynamic_task_mapping_with_no_taskflow_operators.py
[2023-12-02T07:04:09.750+0000] {processor.py:829} INFO - Processing file /home/airflow/.local/lib/python3.8/site-packages/airflow/example_dags/example_dynamic_task_mapping_with_no_taskflow_operators.py for tasks to queue
[2023-12-02T07:04:09.752+0000] {logging_mixin.py:151} INFO - [2023-12-02T07:04:09.752+0000] {dagbag.py:539} INFO - Filling up the DagBag from /home/airflow/.local/lib/python3.8/site-packages/airflow/example_dags/example_dynamic_task_mapping_with_no_taskflow_operators.py
[2023-12-02T07:04:09.757+0000] {processor.py:839} INFO - DAG(s) dict_keys(['example_dynamic_task_mapping_with_no_taskflow_operators']) retrieved from /home/airflow/.local/lib/python3.8/site-packages/airflow/example_dags/example_dynamic_task_mapping_with_no_taskflow_operators.py
[2023-12-02T07:04:09.770+0000] {logging_mixin.py:151} INFO - [2023-12-02T07:04:09.769+0000] {dag.py:2915} INFO - Sync 1 DAGs
[2023-12-02T07:04:09.781+0000] {logging_mixin.py:151} INFO - [2023-12-02T07:04:09.781+0000] {dag.py:3696} INFO - Setting next_dagrun for example_dynamic_task_mapping_with_no_taskflow_operators to 2023-12-01T07:04:09.781656+00:00, run_after=2023-12-02T07:04:09.781656+00:00
[2023-12-02T07:04:09.791+0000] {processor.py:179} INFO - Processing /home/airflow/.local/lib/python3.8/site-packages/airflow/example_dags/example_dynamic_task_mapping_with_no_taskflow_operators.py took 0.044 seconds
[2023-12-02T08:07:55.126+0000] {processor.py:157} INFO - Started process (PID=48572) to work on /home/airflow/.local/lib/python3.8/site-packages/airflow/example_dags/example_dynamic_task_mapping_with_no_taskflow_operators.py
[2023-12-02T08:07:55.127+0000] {processor.py:829} INFO - Processing file /home/airflow/.local/lib/python3.8/site-packages/airflow/example_dags/example_dynamic_task_mapping_with_no_taskflow_operators.py for tasks to queue
[2023-12-02T08:07:55.129+0000] {logging_mixin.py:151} INFO - [2023-12-02T08:07:55.129+0000] {dagbag.py:539} INFO - Filling up the DagBag from /home/airflow/.local/lib/python3.8/site-packages/airflow/example_dags/example_dynamic_task_mapping_with_no_taskflow_operators.py
[2023-12-02T08:07:55.134+0000] {processor.py:839} INFO - DAG(s) dict_keys(['example_dynamic_task_mapping_with_no_taskflow_operators']) retrieved from /home/airflow/.local/lib/python3.8/site-packages/airflow/example_dags/example_dynamic_task_mapping_with_no_taskflow_operators.py
[2023-12-02T08:07:55.148+0000] {logging_mixin.py:151} INFO - [2023-12-02T08:07:55.147+0000] {dag.py:2915} INFO - Sync 1 DAGs
[2023-12-02T08:07:55.160+0000] {logging_mixin.py:151} INFO - [2023-12-02T08:07:55.160+0000] {dag.py:3696} INFO - Setting next_dagrun for example_dynamic_task_mapping_with_no_taskflow_operators to 2023-12-01T08:07:55.160255+00:00, run_after=2023-12-02T08:07:55.160255+00:00
[2023-12-02T08:07:55.170+0000] {processor.py:179} INFO - Processing /home/airflow/.local/lib/python3.8/site-packages/airflow/example_dags/example_dynamic_task_mapping_with_no_taskflow_operators.py took 0.046 seconds
[2023-12-02T09:19:31.889+0000] {processor.py:157} INFO - Started process (PID=48626) to work on /home/airflow/.local/lib/python3.8/site-packages/airflow/example_dags/example_dynamic_task_mapping_with_no_taskflow_operators.py
[2023-12-02T09:19:31.890+0000] {processor.py:829} INFO - Processing file /home/airflow/.local/lib/python3.8/site-packages/airflow/example_dags/example_dynamic_task_mapping_with_no_taskflow_operators.py for tasks to queue
[2023-12-02T09:19:31.891+0000] {logging_mixin.py:151} INFO - [2023-12-02T09:19:31.891+0000] {dagbag.py:539} INFO - Filling up the DagBag from /home/airflow/.local/lib/python3.8/site-packages/airflow/example_dags/example_dynamic_task_mapping_with_no_taskflow_operators.py
[2023-12-02T09:19:31.895+0000] {processor.py:839} INFO - DAG(s) dict_keys(['example_dynamic_task_mapping_with_no_taskflow_operators']) retrieved from /home/airflow/.local/lib/python3.8/site-packages/airflow/example_dags/example_dynamic_task_mapping_with_no_taskflow_operators.py
[2023-12-02T09:19:31.907+0000] {logging_mixin.py:151} INFO - [2023-12-02T09:19:31.907+0000] {dag.py:2915} INFO - Sync 1 DAGs
[2023-12-02T09:19:31.918+0000] {logging_mixin.py:151} INFO - [2023-12-02T09:19:31.918+0000] {dag.py:3696} INFO - Setting next_dagrun for example_dynamic_task_mapping_with_no_taskflow_operators to 2023-12-01T09:19:31.918542+00:00, run_after=2023-12-02T09:19:31.918542+00:00
[2023-12-02T09:19:31.929+0000] {processor.py:179} INFO - Processing /home/airflow/.local/lib/python3.8/site-packages/airflow/example_dags/example_dynamic_task_mapping_with_no_taskflow_operators.py took 0.043 seconds
[2023-12-02T09:58:55.830+0000] {processor.py:157} INFO - Started process (PID=48680) to work on /home/airflow/.local/lib/python3.8/site-packages/airflow/example_dags/example_dynamic_task_mapping_with_no_taskflow_operators.py
[2023-12-02T09:58:55.831+0000] {processor.py:829} INFO - Processing file /home/airflow/.local/lib/python3.8/site-packages/airflow/example_dags/example_dynamic_task_mapping_with_no_taskflow_operators.py for tasks to queue
[2023-12-02T09:58:55.833+0000] {logging_mixin.py:151} INFO - [2023-12-02T09:58:55.833+0000] {dagbag.py:539} INFO - Filling up the DagBag from /home/airflow/.local/lib/python3.8/site-packages/airflow/example_dags/example_dynamic_task_mapping_with_no_taskflow_operators.py
[2023-12-02T09:58:55.840+0000] {processor.py:839} INFO - DAG(s) dict_keys(['example_dynamic_task_mapping_with_no_taskflow_operators']) retrieved from /home/airflow/.local/lib/python3.8/site-packages/airflow/example_dags/example_dynamic_task_mapping_with_no_taskflow_operators.py
[2023-12-02T09:58:55.854+0000] {logging_mixin.py:151} INFO - [2023-12-02T09:58:55.854+0000] {dag.py:2915} INFO - Sync 1 DAGs
[2023-12-02T09:58:55.867+0000] {logging_mixin.py:151} INFO - [2023-12-02T09:58:55.867+0000] {dag.py:3696} INFO - Setting next_dagrun for example_dynamic_task_mapping_with_no_taskflow_operators to 2023-12-01T09:58:55.866893+00:00, run_after=2023-12-02T09:58:55.866893+00:00
[2023-12-02T09:58:55.877+0000] {processor.py:179} INFO - Processing /home/airflow/.local/lib/python3.8/site-packages/airflow/example_dags/example_dynamic_task_mapping_with_no_taskflow_operators.py took 0.051 seconds
[2023-12-02T10:00:56.270+0000] {processor.py:157} INFO - Started process (PID=48734) to work on /home/airflow/.local/lib/python3.8/site-packages/airflow/example_dags/example_dynamic_task_mapping_with_no_taskflow_operators.py
[2023-12-02T10:00:56.270+0000] {processor.py:829} INFO - Processing file /home/airflow/.local/lib/python3.8/site-packages/airflow/example_dags/example_dynamic_task_mapping_with_no_taskflow_operators.py for tasks to queue
[2023-12-02T10:00:56.272+0000] {logging_mixin.py:151} INFO - [2023-12-02T10:00:56.272+0000] {dagbag.py:539} INFO - Filling up the DagBag from /home/airflow/.local/lib/python3.8/site-packages/airflow/example_dags/example_dynamic_task_mapping_with_no_taskflow_operators.py
[2023-12-02T10:00:56.276+0000] {processor.py:839} INFO - DAG(s) dict_keys(['example_dynamic_task_mapping_with_no_taskflow_operators']) retrieved from /home/airflow/.local/lib/python3.8/site-packages/airflow/example_dags/example_dynamic_task_mapping_with_no_taskflow_operators.py
[2023-12-02T10:00:56.288+0000] {logging_mixin.py:151} INFO - [2023-12-02T10:00:56.287+0000] {dag.py:2915} INFO - Sync 1 DAGs
[2023-12-02T10:00:56.302+0000] {logging_mixin.py:151} INFO - [2023-12-02T10:00:56.302+0000] {dag.py:3696} INFO - Setting next_dagrun for example_dynamic_task_mapping_with_no_taskflow_operators to 2023-12-01T10:00:56.302514+00:00, run_after=2023-12-02T10:00:56.302514+00:00
[2023-12-02T10:00:56.315+0000] {processor.py:179} INFO - Processing /home/airflow/.local/lib/python3.8/site-packages/airflow/example_dags/example_dynamic_task_mapping_with_no_taskflow_operators.py took 0.048 seconds
[2023-12-02T10:20:41.951+0000] {processor.py:157} INFO - Started process (PID=48788) to work on /home/airflow/.local/lib/python3.8/site-packages/airflow/example_dags/example_dynamic_task_mapping_with_no_taskflow_operators.py
[2023-12-02T10:20:41.952+0000] {processor.py:829} INFO - Processing file /home/airflow/.local/lib/python3.8/site-packages/airflow/example_dags/example_dynamic_task_mapping_with_no_taskflow_operators.py for tasks to queue
[2023-12-02T10:20:41.953+0000] {logging_mixin.py:151} INFO - [2023-12-02T10:20:41.953+0000] {dagbag.py:539} INFO - Filling up the DagBag from /home/airflow/.local/lib/python3.8/site-packages/airflow/example_dags/example_dynamic_task_mapping_with_no_taskflow_operators.py
[2023-12-02T10:20:41.958+0000] {processor.py:839} INFO - DAG(s) dict_keys(['example_dynamic_task_mapping_with_no_taskflow_operators']) retrieved from /home/airflow/.local/lib/python3.8/site-packages/airflow/example_dags/example_dynamic_task_mapping_with_no_taskflow_operators.py
[2023-12-02T10:20:41.975+0000] {logging_mixin.py:151} INFO - [2023-12-02T10:20:41.975+0000] {dag.py:2915} INFO - Sync 1 DAGs
[2023-12-02T10:20:41.994+0000] {logging_mixin.py:151} INFO - [2023-12-02T10:20:41.994+0000] {dag.py:3696} INFO - Setting next_dagrun for example_dynamic_task_mapping_with_no_taskflow_operators to 2023-12-01T10:20:41.993889+00:00, run_after=2023-12-02T10:20:41.993889+00:00
[2023-12-02T10:20:42.006+0000] {processor.py:179} INFO - Processing /home/airflow/.local/lib/python3.8/site-packages/airflow/example_dags/example_dynamic_task_mapping_with_no_taskflow_operators.py took 0.057 seconds
[2023-12-02T10:41:01.677+0000] {processor.py:157} INFO - Started process (PID=48843) to work on /home/airflow/.local/lib/python3.8/site-packages/airflow/example_dags/example_dynamic_task_mapping_with_no_taskflow_operators.py
[2023-12-02T10:41:01.678+0000] {processor.py:829} INFO - Processing file /home/airflow/.local/lib/python3.8/site-packages/airflow/example_dags/example_dynamic_task_mapping_with_no_taskflow_operators.py for tasks to queue
[2023-12-02T10:41:01.680+0000] {logging_mixin.py:151} INFO - [2023-12-02T10:41:01.680+0000] {dagbag.py:539} INFO - Filling up the DagBag from /home/airflow/.local/lib/python3.8/site-packages/airflow/example_dags/example_dynamic_task_mapping_with_no_taskflow_operators.py
[2023-12-02T10:41:01.684+0000] {processor.py:839} INFO - DAG(s) dict_keys(['example_dynamic_task_mapping_with_no_taskflow_operators']) retrieved from /home/airflow/.local/lib/python3.8/site-packages/airflow/example_dags/example_dynamic_task_mapping_with_no_taskflow_operators.py
[2023-12-02T10:41:01.696+0000] {logging_mixin.py:151} INFO - [2023-12-02T10:41:01.696+0000] {dag.py:2915} INFO - Sync 1 DAGs
[2023-12-02T10:41:01.708+0000] {logging_mixin.py:151} INFO - [2023-12-02T10:41:01.708+0000] {dag.py:3696} INFO - Setting next_dagrun for example_dynamic_task_mapping_with_no_taskflow_operators to 2023-12-01T10:41:01.708222+00:00, run_after=2023-12-02T10:41:01.708222+00:00
[2023-12-02T10:41:01.717+0000] {processor.py:179} INFO - Processing /home/airflow/.local/lib/python3.8/site-packages/airflow/example_dags/example_dynamic_task_mapping_with_no_taskflow_operators.py took 0.042 seconds
[2023-12-02T11:01:13.470+0000] {processor.py:157} INFO - Started process (PID=48897) to work on /home/airflow/.local/lib/python3.8/site-packages/airflow/example_dags/example_dynamic_task_mapping_with_no_taskflow_operators.py
[2023-12-02T11:01:13.472+0000] {processor.py:829} INFO - Processing file /home/airflow/.local/lib/python3.8/site-packages/airflow/example_dags/example_dynamic_task_mapping_with_no_taskflow_operators.py for tasks to queue
[2023-12-02T11:01:13.475+0000] {logging_mixin.py:151} INFO - [2023-12-02T11:01:13.475+0000] {dagbag.py:539} INFO - Filling up the DagBag from /home/airflow/.local/lib/python3.8/site-packages/airflow/example_dags/example_dynamic_task_mapping_with_no_taskflow_operators.py
[2023-12-02T11:01:13.483+0000] {processor.py:839} INFO - DAG(s) dict_keys(['example_dynamic_task_mapping_with_no_taskflow_operators']) retrieved from /home/airflow/.local/lib/python3.8/site-packages/airflow/example_dags/example_dynamic_task_mapping_with_no_taskflow_operators.py
[2023-12-02T11:01:13.505+0000] {logging_mixin.py:151} INFO - [2023-12-02T11:01:13.505+0000] {dag.py:2915} INFO - Sync 1 DAGs
[2023-12-02T11:01:13.526+0000] {logging_mixin.py:151} INFO - [2023-12-02T11:01:13.525+0000] {dag.py:3696} INFO - Setting next_dagrun for example_dynamic_task_mapping_with_no_taskflow_operators to 2023-12-01T11:01:13.525668+00:00, run_after=2023-12-02T11:01:13.525668+00:00
[2023-12-02T11:01:13.545+0000] {processor.py:179} INFO - Processing /home/airflow/.local/lib/python3.8/site-packages/airflow/example_dags/example_dynamic_task_mapping_with_no_taskflow_operators.py took 0.080 seconds
[2023-12-02T11:08:50.808+0000] {processor.py:157} INFO - Started process (PID=48951) to work on /home/airflow/.local/lib/python3.8/site-packages/airflow/example_dags/example_dynamic_task_mapping_with_no_taskflow_operators.py
[2023-12-02T11:08:50.809+0000] {processor.py:829} INFO - Processing file /home/airflow/.local/lib/python3.8/site-packages/airflow/example_dags/example_dynamic_task_mapping_with_no_taskflow_operators.py for tasks to queue
[2023-12-02T11:08:50.810+0000] {logging_mixin.py:151} INFO - [2023-12-02T11:08:50.810+0000] {dagbag.py:539} INFO - Filling up the DagBag from /home/airflow/.local/lib/python3.8/site-packages/airflow/example_dags/example_dynamic_task_mapping_with_no_taskflow_operators.py
[2023-12-02T11:08:50.814+0000] {processor.py:839} INFO - DAG(s) dict_keys(['example_dynamic_task_mapping_with_no_taskflow_operators']) retrieved from /home/airflow/.local/lib/python3.8/site-packages/airflow/example_dags/example_dynamic_task_mapping_with_no_taskflow_operators.py
[2023-12-02T11:08:50.827+0000] {logging_mixin.py:151} INFO - [2023-12-02T11:08:50.826+0000] {dag.py:2915} INFO - Sync 1 DAGs
[2023-12-02T11:08:50.838+0000] {logging_mixin.py:151} INFO - [2023-12-02T11:08:50.838+0000] {dag.py:3696} INFO - Setting next_dagrun for example_dynamic_task_mapping_with_no_taskflow_operators to 2023-12-01T11:08:50.838511+00:00, run_after=2023-12-02T11:08:50.838511+00:00
[2023-12-02T11:08:50.847+0000] {processor.py:179} INFO - Processing /home/airflow/.local/lib/python3.8/site-packages/airflow/example_dags/example_dynamic_task_mapping_with_no_taskflow_operators.py took 0.042 seconds
[2023-12-02T11:21:32.058+0000] {processor.py:157} INFO - Started process (PID=49005) to work on /home/airflow/.local/lib/python3.8/site-packages/airflow/example_dags/example_dynamic_task_mapping_with_no_taskflow_operators.py
[2023-12-02T11:21:32.059+0000] {processor.py:829} INFO - Processing file /home/airflow/.local/lib/python3.8/site-packages/airflow/example_dags/example_dynamic_task_mapping_with_no_taskflow_operators.py for tasks to queue
[2023-12-02T11:21:32.060+0000] {logging_mixin.py:151} INFO - [2023-12-02T11:21:32.060+0000] {dagbag.py:539} INFO - Filling up the DagBag from /home/airflow/.local/lib/python3.8/site-packages/airflow/example_dags/example_dynamic_task_mapping_with_no_taskflow_operators.py
[2023-12-02T11:21:32.065+0000] {processor.py:839} INFO - DAG(s) dict_keys(['example_dynamic_task_mapping_with_no_taskflow_operators']) retrieved from /home/airflow/.local/lib/python3.8/site-packages/airflow/example_dags/example_dynamic_task_mapping_with_no_taskflow_operators.py
[2023-12-02T11:21:32.077+0000] {logging_mixin.py:151} INFO - [2023-12-02T11:21:32.077+0000] {dag.py:2915} INFO - Sync 1 DAGs
[2023-12-02T11:21:32.088+0000] {logging_mixin.py:151} INFO - [2023-12-02T11:21:32.088+0000] {dag.py:3696} INFO - Setting next_dagrun for example_dynamic_task_mapping_with_no_taskflow_operators to 2023-12-01T11:21:32.088221+00:00, run_after=2023-12-02T11:21:32.088221+00:00
[2023-12-02T11:21:32.096+0000] {processor.py:179} INFO - Processing /home/airflow/.local/lib/python3.8/site-packages/airflow/example_dags/example_dynamic_task_mapping_with_no_taskflow_operators.py took 0.042 seconds
[2023-12-02T11:33:22.298+0000] {processor.py:157} INFO - Started process (PID=49059) to work on /home/airflow/.local/lib/python3.8/site-packages/airflow/example_dags/example_dynamic_task_mapping_with_no_taskflow_operators.py
[2023-12-02T11:33:22.299+0000] {processor.py:829} INFO - Processing file /home/airflow/.local/lib/python3.8/site-packages/airflow/example_dags/example_dynamic_task_mapping_with_no_taskflow_operators.py for tasks to queue
[2023-12-02T11:33:22.301+0000] {logging_mixin.py:151} INFO - [2023-12-02T11:33:22.301+0000] {dagbag.py:539} INFO - Filling up the DagBag from /home/airflow/.local/lib/python3.8/site-packages/airflow/example_dags/example_dynamic_task_mapping_with_no_taskflow_operators.py
[2023-12-02T11:33:22.311+0000] {processor.py:839} INFO - DAG(s) dict_keys(['example_dynamic_task_mapping_with_no_taskflow_operators']) retrieved from /home/airflow/.local/lib/python3.8/site-packages/airflow/example_dags/example_dynamic_task_mapping_with_no_taskflow_operators.py
[2023-12-02T11:33:22.331+0000] {logging_mixin.py:151} INFO - [2023-12-02T11:33:22.330+0000] {dag.py:2915} INFO - Sync 1 DAGs
[2023-12-02T11:33:22.344+0000] {logging_mixin.py:151} INFO - [2023-12-02T11:33:22.344+0000] {dag.py:3696} INFO - Setting next_dagrun for example_dynamic_task_mapping_with_no_taskflow_operators to 2023-12-01T11:33:22.344018+00:00, run_after=2023-12-02T11:33:22.344018+00:00
[2023-12-02T11:33:22.353+0000] {processor.py:179} INFO - Processing /home/airflow/.local/lib/python3.8/site-packages/airflow/example_dags/example_dynamic_task_mapping_with_no_taskflow_operators.py took 0.058 seconds
[2023-12-02T11:36:39.041+0000] {processor.py:157} INFO - Started process (PID=49113) to work on /home/airflow/.local/lib/python3.8/site-packages/airflow/example_dags/example_dynamic_task_mapping_with_no_taskflow_operators.py
[2023-12-02T11:36:39.042+0000] {processor.py:829} INFO - Processing file /home/airflow/.local/lib/python3.8/site-packages/airflow/example_dags/example_dynamic_task_mapping_with_no_taskflow_operators.py for tasks to queue
[2023-12-02T11:36:39.044+0000] {logging_mixin.py:151} INFO - [2023-12-02T11:36:39.043+0000] {dagbag.py:539} INFO - Filling up the DagBag from /home/airflow/.local/lib/python3.8/site-packages/airflow/example_dags/example_dynamic_task_mapping_with_no_taskflow_operators.py
[2023-12-02T11:36:39.048+0000] {processor.py:839} INFO - DAG(s) dict_keys(['example_dynamic_task_mapping_with_no_taskflow_operators']) retrieved from /home/airflow/.local/lib/python3.8/site-packages/airflow/example_dags/example_dynamic_task_mapping_with_no_taskflow_operators.py
[2023-12-02T11:36:39.062+0000] {logging_mixin.py:151} INFO - [2023-12-02T11:36:39.061+0000] {dag.py:2915} INFO - Sync 1 DAGs
[2023-12-02T11:36:39.075+0000] {logging_mixin.py:151} INFO - [2023-12-02T11:36:39.074+0000] {dag.py:3696} INFO - Setting next_dagrun for example_dynamic_task_mapping_with_no_taskflow_operators to 2023-12-01T11:36:39.074746+00:00, run_after=2023-12-02T11:36:39.074746+00:00
[2023-12-02T11:36:39.087+0000] {processor.py:179} INFO - Processing /home/airflow/.local/lib/python3.8/site-packages/airflow/example_dags/example_dynamic_task_mapping_with_no_taskflow_operators.py took 0.048 seconds
[2023-12-02T11:56:17.493+0000] {processor.py:157} INFO - Started process (PID=49167) to work on /home/airflow/.local/lib/python3.8/site-packages/airflow/example_dags/example_dynamic_task_mapping_with_no_taskflow_operators.py
[2023-12-02T11:56:17.494+0000] {processor.py:829} INFO - Processing file /home/airflow/.local/lib/python3.8/site-packages/airflow/example_dags/example_dynamic_task_mapping_with_no_taskflow_operators.py for tasks to queue
[2023-12-02T11:56:17.495+0000] {logging_mixin.py:151} INFO - [2023-12-02T11:56:17.495+0000] {dagbag.py:539} INFO - Filling up the DagBag from /home/airflow/.local/lib/python3.8/site-packages/airflow/example_dags/example_dynamic_task_mapping_with_no_taskflow_operators.py
[2023-12-02T11:56:17.500+0000] {processor.py:839} INFO - DAG(s) dict_keys(['example_dynamic_task_mapping_with_no_taskflow_operators']) retrieved from /home/airflow/.local/lib/python3.8/site-packages/airflow/example_dags/example_dynamic_task_mapping_with_no_taskflow_operators.py
[2023-12-02T11:56:17.514+0000] {logging_mixin.py:151} INFO - [2023-12-02T11:56:17.514+0000] {dag.py:2915} INFO - Sync 1 DAGs
[2023-12-02T11:56:17.526+0000] {logging_mixin.py:151} INFO - [2023-12-02T11:56:17.526+0000] {dag.py:3696} INFO - Setting next_dagrun for example_dynamic_task_mapping_with_no_taskflow_operators to 2023-12-01T11:56:17.525895+00:00, run_after=2023-12-02T11:56:17.525895+00:00
[2023-12-02T11:56:17.540+0000] {processor.py:179} INFO - Processing /home/airflow/.local/lib/python3.8/site-packages/airflow/example_dags/example_dynamic_task_mapping_with_no_taskflow_operators.py took 0.050 seconds
[2023-12-02T12:13:12.511+0000] {processor.py:157} INFO - Started process (PID=49222) to work on /home/airflow/.local/lib/python3.8/site-packages/airflow/example_dags/example_dynamic_task_mapping_with_no_taskflow_operators.py
[2023-12-02T12:13:12.512+0000] {processor.py:829} INFO - Processing file /home/airflow/.local/lib/python3.8/site-packages/airflow/example_dags/example_dynamic_task_mapping_with_no_taskflow_operators.py for tasks to queue
[2023-12-02T12:13:12.514+0000] {logging_mixin.py:151} INFO - [2023-12-02T12:13:12.514+0000] {dagbag.py:539} INFO - Filling up the DagBag from /home/airflow/.local/lib/python3.8/site-packages/airflow/example_dags/example_dynamic_task_mapping_with_no_taskflow_operators.py
[2023-12-02T12:13:12.519+0000] {processor.py:839} INFO - DAG(s) dict_keys(['example_dynamic_task_mapping_with_no_taskflow_operators']) retrieved from /home/airflow/.local/lib/python3.8/site-packages/airflow/example_dags/example_dynamic_task_mapping_with_no_taskflow_operators.py
[2023-12-02T12:13:12.534+0000] {logging_mixin.py:151} INFO - [2023-12-02T12:13:12.534+0000] {dag.py:2915} INFO - Sync 1 DAGs
[2023-12-02T12:13:12.547+0000] {logging_mixin.py:151} INFO - [2023-12-02T12:13:12.547+0000] {dag.py:3696} INFO - Setting next_dagrun for example_dynamic_task_mapping_with_no_taskflow_operators to 2023-12-01T12:13:12.546988+00:00, run_after=2023-12-02T12:13:12.546988+00:00
[2023-12-02T12:13:12.556+0000] {processor.py:179} INFO - Processing /home/airflow/.local/lib/python3.8/site-packages/airflow/example_dags/example_dynamic_task_mapping_with_no_taskflow_operators.py took 0.049 seconds
[2023-12-02T12:38:01.302+0000] {processor.py:157} INFO - Started process (PID=49276) to work on /home/airflow/.local/lib/python3.8/site-packages/airflow/example_dags/example_dynamic_task_mapping_with_no_taskflow_operators.py
[2023-12-02T12:38:01.302+0000] {processor.py:829} INFO - Processing file /home/airflow/.local/lib/python3.8/site-packages/airflow/example_dags/example_dynamic_task_mapping_with_no_taskflow_operators.py for tasks to queue
[2023-12-02T12:38:01.304+0000] {logging_mixin.py:151} INFO - [2023-12-02T12:38:01.304+0000] {dagbag.py:539} INFO - Filling up the DagBag from /home/airflow/.local/lib/python3.8/site-packages/airflow/example_dags/example_dynamic_task_mapping_with_no_taskflow_operators.py
[2023-12-02T12:38:01.309+0000] {processor.py:839} INFO - DAG(s) dict_keys(['example_dynamic_task_mapping_with_no_taskflow_operators']) retrieved from /home/airflow/.local/lib/python3.8/site-packages/airflow/example_dags/example_dynamic_task_mapping_with_no_taskflow_operators.py
[2023-12-02T12:38:01.321+0000] {logging_mixin.py:151} INFO - [2023-12-02T12:38:01.320+0000] {dag.py:2915} INFO - Sync 1 DAGs
[2023-12-02T12:38:01.335+0000] {logging_mixin.py:151} INFO - [2023-12-02T12:38:01.335+0000] {dag.py:3696} INFO - Setting next_dagrun for example_dynamic_task_mapping_with_no_taskflow_operators to 2023-12-01T12:38:01.335082+00:00, run_after=2023-12-02T12:38:01.335082+00:00
[2023-12-02T12:38:01.353+0000] {processor.py:179} INFO - Processing /home/airflow/.local/lib/python3.8/site-packages/airflow/example_dags/example_dynamic_task_mapping_with_no_taskflow_operators.py took 0.054 seconds
[2023-12-02T12:38:35.188+0000] {processor.py:157} INFO - Started process (PID=49330) to work on /home/airflow/.local/lib/python3.8/site-packages/airflow/example_dags/example_dynamic_task_mapping_with_no_taskflow_operators.py
[2023-12-02T12:38:35.189+0000] {processor.py:829} INFO - Processing file /home/airflow/.local/lib/python3.8/site-packages/airflow/example_dags/example_dynamic_task_mapping_with_no_taskflow_operators.py for tasks to queue
[2023-12-02T12:38:35.190+0000] {logging_mixin.py:151} INFO - [2023-12-02T12:38:35.190+0000] {dagbag.py:539} INFO - Filling up the DagBag from /home/airflow/.local/lib/python3.8/site-packages/airflow/example_dags/example_dynamic_task_mapping_with_no_taskflow_operators.py
[2023-12-02T12:38:35.194+0000] {processor.py:839} INFO - DAG(s) dict_keys(['example_dynamic_task_mapping_with_no_taskflow_operators']) retrieved from /home/airflow/.local/lib/python3.8/site-packages/airflow/example_dags/example_dynamic_task_mapping_with_no_taskflow_operators.py
[2023-12-02T12:38:35.206+0000] {logging_mixin.py:151} INFO - [2023-12-02T12:38:35.205+0000] {dag.py:2915} INFO - Sync 1 DAGs
[2023-12-02T12:38:35.217+0000] {logging_mixin.py:151} INFO - [2023-12-02T12:38:35.217+0000] {dag.py:3696} INFO - Setting next_dagrun for example_dynamic_task_mapping_with_no_taskflow_operators to 2023-12-01T12:38:35.217244+00:00, run_after=2023-12-02T12:38:35.217244+00:00
[2023-12-02T12:38:35.226+0000] {processor.py:179} INFO - Processing /home/airflow/.local/lib/python3.8/site-packages/airflow/example_dags/example_dynamic_task_mapping_with_no_taskflow_operators.py took 0.040 seconds
[2023-12-02T12:40:34.003+0000] {processor.py:157} INFO - Started process (PID=49384) to work on /home/airflow/.local/lib/python3.8/site-packages/airflow/example_dags/example_dynamic_task_mapping_with_no_taskflow_operators.py
[2023-12-02T12:40:34.004+0000] {processor.py:829} INFO - Processing file /home/airflow/.local/lib/python3.8/site-packages/airflow/example_dags/example_dynamic_task_mapping_with_no_taskflow_operators.py for tasks to queue
[2023-12-02T12:40:34.005+0000] {logging_mixin.py:151} INFO - [2023-12-02T12:40:34.005+0000] {dagbag.py:539} INFO - Filling up the DagBag from /home/airflow/.local/lib/python3.8/site-packages/airflow/example_dags/example_dynamic_task_mapping_with_no_taskflow_operators.py
[2023-12-02T12:40:34.010+0000] {processor.py:839} INFO - DAG(s) dict_keys(['example_dynamic_task_mapping_with_no_taskflow_operators']) retrieved from /home/airflow/.local/lib/python3.8/site-packages/airflow/example_dags/example_dynamic_task_mapping_with_no_taskflow_operators.py
[2023-12-02T12:40:34.025+0000] {logging_mixin.py:151} INFO - [2023-12-02T12:40:34.025+0000] {dag.py:2915} INFO - Sync 1 DAGs
[2023-12-02T12:40:34.040+0000] {logging_mixin.py:151} INFO - [2023-12-02T12:40:34.040+0000] {dag.py:3696} INFO - Setting next_dagrun for example_dynamic_task_mapping_with_no_taskflow_operators to 2023-12-01T12:40:34.040179+00:00, run_after=2023-12-02T12:40:34.040179+00:00
[2023-12-02T12:40:34.050+0000] {processor.py:179} INFO - Processing /home/airflow/.local/lib/python3.8/site-packages/airflow/example_dags/example_dynamic_task_mapping_with_no_taskflow_operators.py took 0.049 seconds
[2023-12-02T13:06:18.790+0000] {processor.py:157} INFO - Started process (PID=49438) to work on /home/airflow/.local/lib/python3.8/site-packages/airflow/example_dags/example_dynamic_task_mapping_with_no_taskflow_operators.py
[2023-12-02T13:06:18.791+0000] {processor.py:829} INFO - Processing file /home/airflow/.local/lib/python3.8/site-packages/airflow/example_dags/example_dynamic_task_mapping_with_no_taskflow_operators.py for tasks to queue
[2023-12-02T13:06:18.792+0000] {logging_mixin.py:151} INFO - [2023-12-02T13:06:18.792+0000] {dagbag.py:539} INFO - Filling up the DagBag from /home/airflow/.local/lib/python3.8/site-packages/airflow/example_dags/example_dynamic_task_mapping_with_no_taskflow_operators.py
[2023-12-02T13:06:18.797+0000] {processor.py:839} INFO - DAG(s) dict_keys(['example_dynamic_task_mapping_with_no_taskflow_operators']) retrieved from /home/airflow/.local/lib/python3.8/site-packages/airflow/example_dags/example_dynamic_task_mapping_with_no_taskflow_operators.py
[2023-12-02T13:06:18.820+0000] {logging_mixin.py:151} INFO - [2023-12-02T13:06:18.819+0000] {dag.py:2915} INFO - Sync 1 DAGs
[2023-12-02T13:06:18.833+0000] {logging_mixin.py:151} INFO - [2023-12-02T13:06:18.833+0000] {dag.py:3696} INFO - Setting next_dagrun for example_dynamic_task_mapping_with_no_taskflow_operators to 2023-12-01T13:06:18.833646+00:00, run_after=2023-12-02T13:06:18.833646+00:00
[2023-12-02T13:06:18.843+0000] {processor.py:179} INFO - Processing /home/airflow/.local/lib/python3.8/site-packages/airflow/example_dags/example_dynamic_task_mapping_with_no_taskflow_operators.py took 0.056 seconds
[2023-12-02T13:41:07.778+0000] {processor.py:157} INFO - Started process (PID=49485) to work on /home/airflow/.local/lib/python3.8/site-packages/airflow/example_dags/example_dynamic_task_mapping_with_no_taskflow_operators.py
[2023-12-02T13:41:07.779+0000] {processor.py:829} INFO - Processing file /home/airflow/.local/lib/python3.8/site-packages/airflow/example_dags/example_dynamic_task_mapping_with_no_taskflow_operators.py for tasks to queue
[2023-12-02T13:41:07.781+0000] {logging_mixin.py:151} INFO - [2023-12-02T13:41:07.781+0000] {dagbag.py:539} INFO - Filling up the DagBag from /home/airflow/.local/lib/python3.8/site-packages/airflow/example_dags/example_dynamic_task_mapping_with_no_taskflow_operators.py
[2023-12-02T13:41:07.786+0000] {processor.py:839} INFO - DAG(s) dict_keys(['example_dynamic_task_mapping_with_no_taskflow_operators']) retrieved from /home/airflow/.local/lib/python3.8/site-packages/airflow/example_dags/example_dynamic_task_mapping_with_no_taskflow_operators.py
[2023-12-02T13:41:07.798+0000] {logging_mixin.py:151} INFO - [2023-12-02T13:41:07.798+0000] {dag.py:2915} INFO - Sync 1 DAGs
[2023-12-02T13:41:07.811+0000] {logging_mixin.py:151} INFO - [2023-12-02T13:41:07.810+0000] {dag.py:3696} INFO - Setting next_dagrun for example_dynamic_task_mapping_with_no_taskflow_operators to 2023-12-01T13:41:07.810477+00:00, run_after=2023-12-02T13:41:07.810477+00:00
[2023-12-02T13:41:07.830+0000] {processor.py:179} INFO - Processing /home/airflow/.local/lib/python3.8/site-packages/airflow/example_dags/example_dynamic_task_mapping_with_no_taskflow_operators.py took 0.054 seconds
[2023-12-02T14:24:09.094+0000] {processor.py:157} INFO - Started process (PID=49546) to work on /home/airflow/.local/lib/python3.8/site-packages/airflow/example_dags/example_dynamic_task_mapping_with_no_taskflow_operators.py
[2023-12-02T14:24:09.095+0000] {processor.py:829} INFO - Processing file /home/airflow/.local/lib/python3.8/site-packages/airflow/example_dags/example_dynamic_task_mapping_with_no_taskflow_operators.py for tasks to queue
[2023-12-02T14:24:09.097+0000] {logging_mixin.py:151} INFO - [2023-12-02T14:24:09.097+0000] {dagbag.py:539} INFO - Filling up the DagBag from /home/airflow/.local/lib/python3.8/site-packages/airflow/example_dags/example_dynamic_task_mapping_with_no_taskflow_operators.py
[2023-12-02T14:24:09.102+0000] {processor.py:839} INFO - DAG(s) dict_keys(['example_dynamic_task_mapping_with_no_taskflow_operators']) retrieved from /home/airflow/.local/lib/python3.8/site-packages/airflow/example_dags/example_dynamic_task_mapping_with_no_taskflow_operators.py
[2023-12-02T14:24:09.115+0000] {logging_mixin.py:151} INFO - [2023-12-02T14:24:09.114+0000] {dag.py:2915} INFO - Sync 1 DAGs
[2023-12-02T14:24:09.128+0000] {logging_mixin.py:151} INFO - [2023-12-02T14:24:09.128+0000] {dag.py:3696} INFO - Setting next_dagrun for example_dynamic_task_mapping_with_no_taskflow_operators to 2023-12-01T14:24:09.127838+00:00, run_after=2023-12-02T14:24:09.127838+00:00
[2023-12-02T14:24:09.144+0000] {processor.py:179} INFO - Processing /home/airflow/.local/lib/python3.8/site-packages/airflow/example_dags/example_dynamic_task_mapping_with_no_taskflow_operators.py took 0.052 seconds
[2023-12-02T14:49:30.777+0000] {processor.py:157} INFO - Started process (PID=49593) to work on /home/airflow/.local/lib/python3.8/site-packages/airflow/example_dags/example_dynamic_task_mapping_with_no_taskflow_operators.py
[2023-12-02T14:49:30.778+0000] {processor.py:829} INFO - Processing file /home/airflow/.local/lib/python3.8/site-packages/airflow/example_dags/example_dynamic_task_mapping_with_no_taskflow_operators.py for tasks to queue
[2023-12-02T14:49:30.779+0000] {logging_mixin.py:151} INFO - [2023-12-02T14:49:30.779+0000] {dagbag.py:539} INFO - Filling up the DagBag from /home/airflow/.local/lib/python3.8/site-packages/airflow/example_dags/example_dynamic_task_mapping_with_no_taskflow_operators.py
[2023-12-02T14:49:30.784+0000] {processor.py:839} INFO - DAG(s) dict_keys(['example_dynamic_task_mapping_with_no_taskflow_operators']) retrieved from /home/airflow/.local/lib/python3.8/site-packages/airflow/example_dags/example_dynamic_task_mapping_with_no_taskflow_operators.py
[2023-12-02T14:49:30.796+0000] {logging_mixin.py:151} INFO - [2023-12-02T14:49:30.796+0000] {dag.py:2915} INFO - Sync 1 DAGs
[2023-12-02T14:49:30.808+0000] {logging_mixin.py:151} INFO - [2023-12-02T14:49:30.808+0000] {dag.py:3696} INFO - Setting next_dagrun for example_dynamic_task_mapping_with_no_taskflow_operators to 2023-12-01T14:49:30.808025+00:00, run_after=2023-12-02T14:49:30.808025+00:00
[2023-12-02T14:49:30.817+0000] {processor.py:179} INFO - Processing /home/airflow/.local/lib/python3.8/site-packages/airflow/example_dags/example_dynamic_task_mapping_with_no_taskflow_operators.py took 0.043 seconds
[2023-12-02T15:25:07.020+0000] {processor.py:157} INFO - Started process (PID=49647) to work on /home/airflow/.local/lib/python3.8/site-packages/airflow/example_dags/example_dynamic_task_mapping_with_no_taskflow_operators.py
[2023-12-02T15:25:07.024+0000] {processor.py:829} INFO - Processing file /home/airflow/.local/lib/python3.8/site-packages/airflow/example_dags/example_dynamic_task_mapping_with_no_taskflow_operators.py for tasks to queue
[2023-12-02T15:25:07.056+0000] {logging_mixin.py:151} INFO - [2023-12-02T15:25:07.054+0000] {dagbag.py:539} INFO - Filling up the DagBag from /home/airflow/.local/lib/python3.8/site-packages/airflow/example_dags/example_dynamic_task_mapping_with_no_taskflow_operators.py
[2023-12-02T15:25:07.128+0000] {processor.py:839} INFO - DAG(s) dict_keys(['example_dynamic_task_mapping_with_no_taskflow_operators']) retrieved from /home/airflow/.local/lib/python3.8/site-packages/airflow/example_dags/example_dynamic_task_mapping_with_no_taskflow_operators.py
[2023-12-02T15:25:07.216+0000] {logging_mixin.py:151} INFO - [2023-12-02T15:25:07.216+0000] {dag.py:2915} INFO - Sync 1 DAGs
[2023-12-02T15:25:07.255+0000] {logging_mixin.py:151} INFO - [2023-12-02T15:25:07.255+0000] {dag.py:3696} INFO - Setting next_dagrun for example_dynamic_task_mapping_with_no_taskflow_operators to 2023-12-01T15:25:07.254834+00:00, run_after=2023-12-02T15:25:07.254834+00:00
[2023-12-02T15:25:07.297+0000] {processor.py:179} INFO - Processing /home/airflow/.local/lib/python3.8/site-packages/airflow/example_dags/example_dynamic_task_mapping_with_no_taskflow_operators.py took 0.288 seconds
[2023-12-02T16:14:05.876+0000] {processor.py:157} INFO - Started process (PID=49701) to work on /home/airflow/.local/lib/python3.8/site-packages/airflow/example_dags/example_dynamic_task_mapping_with_no_taskflow_operators.py
[2023-12-02T16:14:05.877+0000] {processor.py:829} INFO - Processing file /home/airflow/.local/lib/python3.8/site-packages/airflow/example_dags/example_dynamic_task_mapping_with_no_taskflow_operators.py for tasks to queue
[2023-12-02T16:14:05.879+0000] {logging_mixin.py:151} INFO - [2023-12-02T16:14:05.879+0000] {dagbag.py:539} INFO - Filling up the DagBag from /home/airflow/.local/lib/python3.8/site-packages/airflow/example_dags/example_dynamic_task_mapping_with_no_taskflow_operators.py
[2023-12-02T16:14:05.884+0000] {processor.py:839} INFO - DAG(s) dict_keys(['example_dynamic_task_mapping_with_no_taskflow_operators']) retrieved from /home/airflow/.local/lib/python3.8/site-packages/airflow/example_dags/example_dynamic_task_mapping_with_no_taskflow_operators.py
[2023-12-02T16:14:05.896+0000] {logging_mixin.py:151} INFO - [2023-12-02T16:14:05.896+0000] {dag.py:2915} INFO - Sync 1 DAGs
[2023-12-02T16:14:05.908+0000] {logging_mixin.py:151} INFO - [2023-12-02T16:14:05.908+0000] {dag.py:3696} INFO - Setting next_dagrun for example_dynamic_task_mapping_with_no_taskflow_operators to 2023-12-01T16:14:05.908157+00:00, run_after=2023-12-02T16:14:05.908157+00:00
[2023-12-02T16:14:05.933+0000] {processor.py:179} INFO - Processing /home/airflow/.local/lib/python3.8/site-packages/airflow/example_dags/example_dynamic_task_mapping_with_no_taskflow_operators.py took 0.059 seconds
[2023-12-02T16:26:16.565+0000] {processor.py:157} INFO - Started process (PID=49755) to work on /home/airflow/.local/lib/python3.8/site-packages/airflow/example_dags/example_dynamic_task_mapping_with_no_taskflow_operators.py
[2023-12-02T16:26:16.566+0000] {processor.py:829} INFO - Processing file /home/airflow/.local/lib/python3.8/site-packages/airflow/example_dags/example_dynamic_task_mapping_with_no_taskflow_operators.py for tasks to queue
[2023-12-02T16:26:16.568+0000] {logging_mixin.py:151} INFO - [2023-12-02T16:26:16.567+0000] {dagbag.py:539} INFO - Filling up the DagBag from /home/airflow/.local/lib/python3.8/site-packages/airflow/example_dags/example_dynamic_task_mapping_with_no_taskflow_operators.py
[2023-12-02T16:26:16.572+0000] {processor.py:839} INFO - DAG(s) dict_keys(['example_dynamic_task_mapping_with_no_taskflow_operators']) retrieved from /home/airflow/.local/lib/python3.8/site-packages/airflow/example_dags/example_dynamic_task_mapping_with_no_taskflow_operators.py
[2023-12-02T16:26:16.592+0000] {logging_mixin.py:151} INFO - [2023-12-02T16:26:16.592+0000] {dag.py:2915} INFO - Sync 1 DAGs
[2023-12-02T16:26:16.611+0000] {logging_mixin.py:151} INFO - [2023-12-02T16:26:16.611+0000] {dag.py:3696} INFO - Setting next_dagrun for example_dynamic_task_mapping_with_no_taskflow_operators to 2023-12-01T16:26:16.611516+00:00, run_after=2023-12-02T16:26:16.611516+00:00
[2023-12-02T16:26:16.622+0000] {processor.py:179} INFO - Processing /home/airflow/.local/lib/python3.8/site-packages/airflow/example_dags/example_dynamic_task_mapping_with_no_taskflow_operators.py took 0.060 seconds
[2023-12-02T17:27:10.254+0000] {processor.py:157} INFO - Started process (PID=49809) to work on /home/airflow/.local/lib/python3.8/site-packages/airflow/example_dags/example_dynamic_task_mapping_with_no_taskflow_operators.py
[2023-12-02T17:27:10.255+0000] {processor.py:829} INFO - Processing file /home/airflow/.local/lib/python3.8/site-packages/airflow/example_dags/example_dynamic_task_mapping_with_no_taskflow_operators.py for tasks to queue
[2023-12-02T17:27:10.257+0000] {logging_mixin.py:151} INFO - [2023-12-02T17:27:10.256+0000] {dagbag.py:539} INFO - Filling up the DagBag from /home/airflow/.local/lib/python3.8/site-packages/airflow/example_dags/example_dynamic_task_mapping_with_no_taskflow_operators.py
[2023-12-02T17:27:10.261+0000] {processor.py:839} INFO - DAG(s) dict_keys(['example_dynamic_task_mapping_with_no_taskflow_operators']) retrieved from /home/airflow/.local/lib/python3.8/site-packages/airflow/example_dags/example_dynamic_task_mapping_with_no_taskflow_operators.py
[2023-12-02T17:27:10.272+0000] {logging_mixin.py:151} INFO - [2023-12-02T17:27:10.272+0000] {dag.py:2915} INFO - Sync 1 DAGs
[2023-12-02T17:27:10.285+0000] {logging_mixin.py:151} INFO - [2023-12-02T17:27:10.284+0000] {dag.py:3696} INFO - Setting next_dagrun for example_dynamic_task_mapping_with_no_taskflow_operators to 2023-12-01T17:27:10.284720+00:00, run_after=2023-12-02T17:27:10.284720+00:00
[2023-12-02T17:27:10.294+0000] {processor.py:179} INFO - Processing /home/airflow/.local/lib/python3.8/site-packages/airflow/example_dags/example_dynamic_task_mapping_with_no_taskflow_operators.py took 0.043 seconds
[2023-12-02T18:03:59.236+0000] {processor.py:157} INFO - Started process (PID=49863) to work on /home/airflow/.local/lib/python3.8/site-packages/airflow/example_dags/example_dynamic_task_mapping_with_no_taskflow_operators.py
[2023-12-02T18:03:59.238+0000] {processor.py:829} INFO - Processing file /home/airflow/.local/lib/python3.8/site-packages/airflow/example_dags/example_dynamic_task_mapping_with_no_taskflow_operators.py for tasks to queue
[2023-12-02T18:03:59.239+0000] {logging_mixin.py:151} INFO - [2023-12-02T18:03:59.239+0000] {dagbag.py:539} INFO - Filling up the DagBag from /home/airflow/.local/lib/python3.8/site-packages/airflow/example_dags/example_dynamic_task_mapping_with_no_taskflow_operators.py
[2023-12-02T18:03:59.245+0000] {processor.py:839} INFO - DAG(s) dict_keys(['example_dynamic_task_mapping_with_no_taskflow_operators']) retrieved from /home/airflow/.local/lib/python3.8/site-packages/airflow/example_dags/example_dynamic_task_mapping_with_no_taskflow_operators.py
[2023-12-02T18:03:59.262+0000] {logging_mixin.py:151} INFO - [2023-12-02T18:03:59.261+0000] {dag.py:2915} INFO - Sync 1 DAGs
[2023-12-02T18:03:59.282+0000] {logging_mixin.py:151} INFO - [2023-12-02T18:03:59.282+0000] {dag.py:3696} INFO - Setting next_dagrun for example_dynamic_task_mapping_with_no_taskflow_operators to 2023-12-01T18:03:59.282058+00:00, run_after=2023-12-02T18:03:59.282058+00:00
[2023-12-02T18:03:59.292+0000] {processor.py:179} INFO - Processing /home/airflow/.local/lib/python3.8/site-packages/airflow/example_dags/example_dynamic_task_mapping_with_no_taskflow_operators.py took 0.059 seconds
[2023-12-02T18:26:22.347+0000] {processor.py:157} INFO - Started process (PID=49917) to work on /home/airflow/.local/lib/python3.8/site-packages/airflow/example_dags/example_dynamic_task_mapping_with_no_taskflow_operators.py
[2023-12-02T18:26:22.348+0000] {processor.py:829} INFO - Processing file /home/airflow/.local/lib/python3.8/site-packages/airflow/example_dags/example_dynamic_task_mapping_with_no_taskflow_operators.py for tasks to queue
[2023-12-02T18:26:22.349+0000] {logging_mixin.py:151} INFO - [2023-12-02T18:26:22.349+0000] {dagbag.py:539} INFO - Filling up the DagBag from /home/airflow/.local/lib/python3.8/site-packages/airflow/example_dags/example_dynamic_task_mapping_with_no_taskflow_operators.py
[2023-12-02T18:26:22.353+0000] {processor.py:839} INFO - DAG(s) dict_keys(['example_dynamic_task_mapping_with_no_taskflow_operators']) retrieved from /home/airflow/.local/lib/python3.8/site-packages/airflow/example_dags/example_dynamic_task_mapping_with_no_taskflow_operators.py
[2023-12-02T18:26:22.364+0000] {logging_mixin.py:151} INFO - [2023-12-02T18:26:22.364+0000] {dag.py:2915} INFO - Sync 1 DAGs
[2023-12-02T18:26:22.383+0000] {logging_mixin.py:151} INFO - [2023-12-02T18:26:22.383+0000] {dag.py:3696} INFO - Setting next_dagrun for example_dynamic_task_mapping_with_no_taskflow_operators to 2023-12-01T18:26:22.383193+00:00, run_after=2023-12-02T18:26:22.383193+00:00
[2023-12-02T18:26:22.394+0000] {processor.py:179} INFO - Processing /home/airflow/.local/lib/python3.8/site-packages/airflow/example_dags/example_dynamic_task_mapping_with_no_taskflow_operators.py took 0.050 seconds
[2023-12-02T19:14:10.456+0000] {processor.py:157} INFO - Started process (PID=49971) to work on /home/airflow/.local/lib/python3.8/site-packages/airflow/example_dags/example_dynamic_task_mapping_with_no_taskflow_operators.py
[2023-12-02T19:14:10.457+0000] {processor.py:829} INFO - Processing file /home/airflow/.local/lib/python3.8/site-packages/airflow/example_dags/example_dynamic_task_mapping_with_no_taskflow_operators.py for tasks to queue
[2023-12-02T19:14:10.460+0000] {logging_mixin.py:151} INFO - [2023-12-02T19:14:10.459+0000] {dagbag.py:539} INFO - Filling up the DagBag from /home/airflow/.local/lib/python3.8/site-packages/airflow/example_dags/example_dynamic_task_mapping_with_no_taskflow_operators.py
[2023-12-02T19:14:10.466+0000] {processor.py:839} INFO - DAG(s) dict_keys(['example_dynamic_task_mapping_with_no_taskflow_operators']) retrieved from /home/airflow/.local/lib/python3.8/site-packages/airflow/example_dags/example_dynamic_task_mapping_with_no_taskflow_operators.py
[2023-12-02T19:14:10.486+0000] {logging_mixin.py:151} INFO - [2023-12-02T19:14:10.486+0000] {dag.py:2915} INFO - Sync 1 DAGs
[2023-12-02T19:14:10.505+0000] {logging_mixin.py:151} INFO - [2023-12-02T19:14:10.505+0000] {dag.py:3696} INFO - Setting next_dagrun for example_dynamic_task_mapping_with_no_taskflow_operators to 2023-12-01T19:14:10.505421+00:00, run_after=2023-12-02T19:14:10.505421+00:00
[2023-12-02T19:14:10.523+0000] {processor.py:179} INFO - Processing /home/airflow/.local/lib/python3.8/site-packages/airflow/example_dags/example_dynamic_task_mapping_with_no_taskflow_operators.py took 0.069 seconds
[2023-12-02T19:44:46.603+0000] {processor.py:157} INFO - Started process (PID=50025) to work on /home/airflow/.local/lib/python3.8/site-packages/airflow/example_dags/example_dynamic_task_mapping_with_no_taskflow_operators.py
[2023-12-02T19:44:46.604+0000] {processor.py:829} INFO - Processing file /home/airflow/.local/lib/python3.8/site-packages/airflow/example_dags/example_dynamic_task_mapping_with_no_taskflow_operators.py for tasks to queue
[2023-12-02T19:44:46.606+0000] {logging_mixin.py:151} INFO - [2023-12-02T19:44:46.606+0000] {dagbag.py:539} INFO - Filling up the DagBag from /home/airflow/.local/lib/python3.8/site-packages/airflow/example_dags/example_dynamic_task_mapping_with_no_taskflow_operators.py
[2023-12-02T19:44:46.612+0000] {processor.py:839} INFO - DAG(s) dict_keys(['example_dynamic_task_mapping_with_no_taskflow_operators']) retrieved from /home/airflow/.local/lib/python3.8/site-packages/airflow/example_dags/example_dynamic_task_mapping_with_no_taskflow_operators.py
[2023-12-02T19:44:46.625+0000] {logging_mixin.py:151} INFO - [2023-12-02T19:44:46.625+0000] {dag.py:2915} INFO - Sync 1 DAGs
[2023-12-02T19:44:46.637+0000] {logging_mixin.py:151} INFO - [2023-12-02T19:44:46.637+0000] {dag.py:3696} INFO - Setting next_dagrun for example_dynamic_task_mapping_with_no_taskflow_operators to 2023-12-01T19:44:46.637144+00:00, run_after=2023-12-02T19:44:46.637144+00:00
[2023-12-02T19:44:46.647+0000] {processor.py:179} INFO - Processing /home/airflow/.local/lib/python3.8/site-packages/airflow/example_dags/example_dynamic_task_mapping_with_no_taskflow_operators.py took 0.047 seconds
[2023-12-02T20:21:19.639+0000] {processor.py:157} INFO - Started process (PID=50079) to work on /home/airflow/.local/lib/python3.8/site-packages/airflow/example_dags/example_dynamic_task_mapping_with_no_taskflow_operators.py
[2023-12-02T20:21:19.640+0000] {processor.py:829} INFO - Processing file /home/airflow/.local/lib/python3.8/site-packages/airflow/example_dags/example_dynamic_task_mapping_with_no_taskflow_operators.py for tasks to queue
[2023-12-02T20:21:19.641+0000] {logging_mixin.py:151} INFO - [2023-12-02T20:21:19.641+0000] {dagbag.py:539} INFO - Filling up the DagBag from /home/airflow/.local/lib/python3.8/site-packages/airflow/example_dags/example_dynamic_task_mapping_with_no_taskflow_operators.py
[2023-12-02T20:21:19.645+0000] {processor.py:839} INFO - DAG(s) dict_keys(['example_dynamic_task_mapping_with_no_taskflow_operators']) retrieved from /home/airflow/.local/lib/python3.8/site-packages/airflow/example_dags/example_dynamic_task_mapping_with_no_taskflow_operators.py
[2023-12-02T20:21:19.658+0000] {logging_mixin.py:151} INFO - [2023-12-02T20:21:19.658+0000] {dag.py:2915} INFO - Sync 1 DAGs
[2023-12-02T20:21:19.671+0000] {logging_mixin.py:151} INFO - [2023-12-02T20:21:19.670+0000] {dag.py:3696} INFO - Setting next_dagrun for example_dynamic_task_mapping_with_no_taskflow_operators to 2023-12-01T20:21:19.670755+00:00, run_after=2023-12-02T20:21:19.670755+00:00
[2023-12-02T20:21:19.680+0000] {processor.py:179} INFO - Processing /home/airflow/.local/lib/python3.8/site-packages/airflow/example_dags/example_dynamic_task_mapping_with_no_taskflow_operators.py took 0.044 seconds
[2023-12-02T21:31:10.200+0000] {processor.py:157} INFO - Started process (PID=50134) to work on /home/airflow/.local/lib/python3.8/site-packages/airflow/example_dags/example_dynamic_task_mapping_with_no_taskflow_operators.py
[2023-12-02T21:31:10.201+0000] {processor.py:829} INFO - Processing file /home/airflow/.local/lib/python3.8/site-packages/airflow/example_dags/example_dynamic_task_mapping_with_no_taskflow_operators.py for tasks to queue
[2023-12-02T21:31:10.203+0000] {logging_mixin.py:151} INFO - [2023-12-02T21:31:10.203+0000] {dagbag.py:539} INFO - Filling up the DagBag from /home/airflow/.local/lib/python3.8/site-packages/airflow/example_dags/example_dynamic_task_mapping_with_no_taskflow_operators.py
[2023-12-02T21:31:10.208+0000] {processor.py:839} INFO - DAG(s) dict_keys(['example_dynamic_task_mapping_with_no_taskflow_operators']) retrieved from /home/airflow/.local/lib/python3.8/site-packages/airflow/example_dags/example_dynamic_task_mapping_with_no_taskflow_operators.py
[2023-12-02T21:31:10.221+0000] {logging_mixin.py:151} INFO - [2023-12-02T21:31:10.221+0000] {dag.py:2915} INFO - Sync 1 DAGs
[2023-12-02T21:31:10.233+0000] {logging_mixin.py:151} INFO - [2023-12-02T21:31:10.233+0000] {dag.py:3696} INFO - Setting next_dagrun for example_dynamic_task_mapping_with_no_taskflow_operators to 2023-12-01T21:31:10.233257+00:00, run_after=2023-12-02T21:31:10.233257+00:00
[2023-12-02T21:31:10.244+0000] {processor.py:179} INFO - Processing /home/airflow/.local/lib/python3.8/site-packages/airflow/example_dags/example_dynamic_task_mapping_with_no_taskflow_operators.py took 0.046 seconds
[2023-12-02T22:08:22.395+0000] {processor.py:157} INFO - Started process (PID=50188) to work on /home/airflow/.local/lib/python3.8/site-packages/airflow/example_dags/example_dynamic_task_mapping_with_no_taskflow_operators.py
[2023-12-02T22:08:22.396+0000] {processor.py:829} INFO - Processing file /home/airflow/.local/lib/python3.8/site-packages/airflow/example_dags/example_dynamic_task_mapping_with_no_taskflow_operators.py for tasks to queue
[2023-12-02T22:08:22.398+0000] {logging_mixin.py:151} INFO - [2023-12-02T22:08:22.398+0000] {dagbag.py:539} INFO - Filling up the DagBag from /home/airflow/.local/lib/python3.8/site-packages/airflow/example_dags/example_dynamic_task_mapping_with_no_taskflow_operators.py
[2023-12-02T22:08:22.402+0000] {processor.py:839} INFO - DAG(s) dict_keys(['example_dynamic_task_mapping_with_no_taskflow_operators']) retrieved from /home/airflow/.local/lib/python3.8/site-packages/airflow/example_dags/example_dynamic_task_mapping_with_no_taskflow_operators.py
[2023-12-02T22:08:22.414+0000] {logging_mixin.py:151} INFO - [2023-12-02T22:08:22.414+0000] {dag.py:2915} INFO - Sync 1 DAGs
[2023-12-02T22:08:22.431+0000] {logging_mixin.py:151} INFO - [2023-12-02T22:08:22.431+0000] {dag.py:3696} INFO - Setting next_dagrun for example_dynamic_task_mapping_with_no_taskflow_operators to 2023-12-01T22:08:22.431052+00:00, run_after=2023-12-02T22:08:22.431052+00:00
[2023-12-02T22:08:22.448+0000] {processor.py:179} INFO - Processing /home/airflow/.local/lib/python3.8/site-packages/airflow/example_dags/example_dynamic_task_mapping_with_no_taskflow_operators.py took 0.055 seconds
[2023-12-02T23:05:13.211+0000] {processor.py:157} INFO - Started process (PID=50242) to work on /home/airflow/.local/lib/python3.8/site-packages/airflow/example_dags/example_dynamic_task_mapping_with_no_taskflow_operators.py
[2023-12-02T23:05:13.212+0000] {processor.py:829} INFO - Processing file /home/airflow/.local/lib/python3.8/site-packages/airflow/example_dags/example_dynamic_task_mapping_with_no_taskflow_operators.py for tasks to queue
[2023-12-02T23:05:13.214+0000] {logging_mixin.py:151} INFO - [2023-12-02T23:05:13.213+0000] {dagbag.py:539} INFO - Filling up the DagBag from /home/airflow/.local/lib/python3.8/site-packages/airflow/example_dags/example_dynamic_task_mapping_with_no_taskflow_operators.py
[2023-12-02T23:05:13.218+0000] {processor.py:839} INFO - DAG(s) dict_keys(['example_dynamic_task_mapping_with_no_taskflow_operators']) retrieved from /home/airflow/.local/lib/python3.8/site-packages/airflow/example_dags/example_dynamic_task_mapping_with_no_taskflow_operators.py
[2023-12-02T23:05:13.229+0000] {logging_mixin.py:151} INFO - [2023-12-02T23:05:13.229+0000] {dag.py:2915} INFO - Sync 1 DAGs
[2023-12-02T23:05:13.240+0000] {logging_mixin.py:151} INFO - [2023-12-02T23:05:13.240+0000] {dag.py:3696} INFO - Setting next_dagrun for example_dynamic_task_mapping_with_no_taskflow_operators to 2023-12-01T23:05:13.240673+00:00, run_after=2023-12-02T23:05:13.240673+00:00
[2023-12-02T23:05:13.249+0000] {processor.py:179} INFO - Processing /home/airflow/.local/lib/python3.8/site-packages/airflow/example_dags/example_dynamic_task_mapping_with_no_taskflow_operators.py took 0.040 seconds
[2023-12-02T23:30:58.372+0000] {processor.py:157} INFO - Started process (PID=50296) to work on /home/airflow/.local/lib/python3.8/site-packages/airflow/example_dags/example_dynamic_task_mapping_with_no_taskflow_operators.py
[2023-12-02T23:30:58.373+0000] {processor.py:829} INFO - Processing file /home/airflow/.local/lib/python3.8/site-packages/airflow/example_dags/example_dynamic_task_mapping_with_no_taskflow_operators.py for tasks to queue
[2023-12-02T23:30:58.374+0000] {logging_mixin.py:151} INFO - [2023-12-02T23:30:58.374+0000] {dagbag.py:539} INFO - Filling up the DagBag from /home/airflow/.local/lib/python3.8/site-packages/airflow/example_dags/example_dynamic_task_mapping_with_no_taskflow_operators.py
[2023-12-02T23:30:58.379+0000] {processor.py:839} INFO - DAG(s) dict_keys(['example_dynamic_task_mapping_with_no_taskflow_operators']) retrieved from /home/airflow/.local/lib/python3.8/site-packages/airflow/example_dags/example_dynamic_task_mapping_with_no_taskflow_operators.py
[2023-12-02T23:30:58.391+0000] {logging_mixin.py:151} INFO - [2023-12-02T23:30:58.391+0000] {dag.py:2915} INFO - Sync 1 DAGs
[2023-12-02T23:30:58.408+0000] {logging_mixin.py:151} INFO - [2023-12-02T23:30:58.408+0000] {dag.py:3696} INFO - Setting next_dagrun for example_dynamic_task_mapping_with_no_taskflow_operators to 2023-12-01T23:30:58.407919+00:00, run_after=2023-12-02T23:30:58.407919+00:00
[2023-12-02T23:30:58.418+0000] {processor.py:179} INFO - Processing /home/airflow/.local/lib/python3.8/site-packages/airflow/example_dags/example_dynamic_task_mapping_with_no_taskflow_operators.py took 0.049 seconds
[2023-12-02T23:33:13.413+0000] {processor.py:157} INFO - Started process (PID=50349) to work on /home/airflow/.local/lib/python3.8/site-packages/airflow/example_dags/example_dynamic_task_mapping_with_no_taskflow_operators.py
[2023-12-02T23:33:13.414+0000] {processor.py:829} INFO - Processing file /home/airflow/.local/lib/python3.8/site-packages/airflow/example_dags/example_dynamic_task_mapping_with_no_taskflow_operators.py for tasks to queue
[2023-12-02T23:33:13.415+0000] {logging_mixin.py:151} INFO - [2023-12-02T23:33:13.415+0000] {dagbag.py:539} INFO - Filling up the DagBag from /home/airflow/.local/lib/python3.8/site-packages/airflow/example_dags/example_dynamic_task_mapping_with_no_taskflow_operators.py
[2023-12-02T23:33:13.420+0000] {processor.py:839} INFO - DAG(s) dict_keys(['example_dynamic_task_mapping_with_no_taskflow_operators']) retrieved from /home/airflow/.local/lib/python3.8/site-packages/airflow/example_dags/example_dynamic_task_mapping_with_no_taskflow_operators.py
[2023-12-02T23:33:13.431+0000] {logging_mixin.py:151} INFO - [2023-12-02T23:33:13.431+0000] {dag.py:2915} INFO - Sync 1 DAGs
[2023-12-02T23:33:13.443+0000] {logging_mixin.py:151} INFO - [2023-12-02T23:33:13.443+0000] {dag.py:3696} INFO - Setting next_dagrun for example_dynamic_task_mapping_with_no_taskflow_operators to 2023-12-01T23:33:13.443473+00:00, run_after=2023-12-02T23:33:13.443473+00:00
[2023-12-02T23:33:13.452+0000] {processor.py:179} INFO - Processing /home/airflow/.local/lib/python3.8/site-packages/airflow/example_dags/example_dynamic_task_mapping_with_no_taskflow_operators.py took 0.042 seconds
[2023-12-02T23:52:08.557+0000] {processor.py:157} INFO - Started process (PID=50403) to work on /home/airflow/.local/lib/python3.8/site-packages/airflow/example_dags/example_dynamic_task_mapping_with_no_taskflow_operators.py
[2023-12-02T23:52:08.558+0000] {processor.py:829} INFO - Processing file /home/airflow/.local/lib/python3.8/site-packages/airflow/example_dags/example_dynamic_task_mapping_with_no_taskflow_operators.py for tasks to queue
[2023-12-02T23:52:08.560+0000] {logging_mixin.py:151} INFO - [2023-12-02T23:52:08.559+0000] {dagbag.py:539} INFO - Filling up the DagBag from /home/airflow/.local/lib/python3.8/site-packages/airflow/example_dags/example_dynamic_task_mapping_with_no_taskflow_operators.py
[2023-12-02T23:52:08.565+0000] {processor.py:839} INFO - DAG(s) dict_keys(['example_dynamic_task_mapping_with_no_taskflow_operators']) retrieved from /home/airflow/.local/lib/python3.8/site-packages/airflow/example_dags/example_dynamic_task_mapping_with_no_taskflow_operators.py
[2023-12-02T23:52:08.586+0000] {logging_mixin.py:151} INFO - [2023-12-02T23:52:08.586+0000] {dag.py:2915} INFO - Sync 1 DAGs
[2023-12-02T23:52:08.602+0000] {logging_mixin.py:151} INFO - [2023-12-02T23:52:08.602+0000] {dag.py:3696} INFO - Setting next_dagrun for example_dynamic_task_mapping_with_no_taskflow_operators to 2023-12-01T23:52:08.602452+00:00, run_after=2023-12-02T23:52:08.602452+00:00
[2023-12-02T23:52:08.614+0000] {processor.py:179} INFO - Processing /home/airflow/.local/lib/python3.8/site-packages/airflow/example_dags/example_dynamic_task_mapping_with_no_taskflow_operators.py took 0.064 seconds
