[2023-12-02T00:15:16.055+0000] {processor.py:157} INFO - Started process (PID=48086) to work on /home/airflow/.local/lib/python3.8/site-packages/airflow/example_dags/example_short_circuit_decorator.py
[2023-12-02T00:15:16.056+0000] {processor.py:829} INFO - Processing file /home/airflow/.local/lib/python3.8/site-packages/airflow/example_dags/example_short_circuit_decorator.py for tasks to queue
[2023-12-02T00:15:16.057+0000] {logging_mixin.py:151} INFO - [2023-12-02T00:15:16.057+0000] {dagbag.py:539} INFO - Filling up the DagBag from /home/airflow/.local/lib/python3.8/site-packages/airflow/example_dags/example_short_circuit_decorator.py
[2023-12-02T00:15:16.064+0000] {processor.py:839} INFO - DAG(s) dict_keys(['example_short_circuit_decorator']) retrieved from /home/airflow/.local/lib/python3.8/site-packages/airflow/example_dags/example_short_circuit_decorator.py
[2023-12-02T00:15:16.079+0000] {logging_mixin.py:151} INFO - [2023-12-02T00:15:16.079+0000] {dag.py:2915} INFO - Sync 1 DAGs
[2023-12-02T00:15:16.218+0000] {logging_mixin.py:151} INFO - [2023-12-02T00:15:16.218+0000] {dag.py:3696} INFO - Setting next_dagrun for example_short_circuit_decorator to 2023-12-01T00:15:16.217951+00:00, run_after=2023-12-02T00:15:16.217951+00:00
[2023-12-02T00:15:16.226+0000] {processor.py:179} INFO - Processing /home/airflow/.local/lib/python3.8/site-packages/airflow/example_dags/example_short_circuit_decorator.py took 0.173 seconds
[2023-12-02T00:57:23.444+0000] {processor.py:157} INFO - Started process (PID=48140) to work on /home/airflow/.local/lib/python3.8/site-packages/airflow/example_dags/example_short_circuit_decorator.py
[2023-12-02T00:57:23.446+0000] {processor.py:829} INFO - Processing file /home/airflow/.local/lib/python3.8/site-packages/airflow/example_dags/example_short_circuit_decorator.py for tasks to queue
[2023-12-02T00:57:23.448+0000] {logging_mixin.py:151} INFO - [2023-12-02T00:57:23.448+0000] {dagbag.py:539} INFO - Filling up the DagBag from /home/airflow/.local/lib/python3.8/site-packages/airflow/example_dags/example_short_circuit_decorator.py
[2023-12-02T00:57:23.457+0000] {processor.py:839} INFO - DAG(s) dict_keys(['example_short_circuit_decorator']) retrieved from /home/airflow/.local/lib/python3.8/site-packages/airflow/example_dags/example_short_circuit_decorator.py
[2023-12-02T00:57:23.483+0000] {logging_mixin.py:151} INFO - [2023-12-02T00:57:23.483+0000] {dag.py:2915} INFO - Sync 1 DAGs
[2023-12-02T00:57:23.504+0000] {logging_mixin.py:151} INFO - [2023-12-02T00:57:23.504+0000] {dag.py:3696} INFO - Setting next_dagrun for example_short_circuit_decorator to 2023-12-01T00:57:23.503820+00:00, run_after=2023-12-02T00:57:23.503820+00:00
[2023-12-02T00:57:23.529+0000] {processor.py:179} INFO - Processing /home/airflow/.local/lib/python3.8/site-packages/airflow/example_dags/example_short_circuit_decorator.py took 0.089 seconds
[2023-12-02T01:08:03.720+0000] {processor.py:157} INFO - Started process (PID=48194) to work on /home/airflow/.local/lib/python3.8/site-packages/airflow/example_dags/example_short_circuit_decorator.py
[2023-12-02T01:08:03.721+0000] {processor.py:829} INFO - Processing file /home/airflow/.local/lib/python3.8/site-packages/airflow/example_dags/example_short_circuit_decorator.py for tasks to queue
[2023-12-02T01:08:03.723+0000] {logging_mixin.py:151} INFO - [2023-12-02T01:08:03.722+0000] {dagbag.py:539} INFO - Filling up the DagBag from /home/airflow/.local/lib/python3.8/site-packages/airflow/example_dags/example_short_circuit_decorator.py
[2023-12-02T01:08:03.728+0000] {processor.py:839} INFO - DAG(s) dict_keys(['example_short_circuit_decorator']) retrieved from /home/airflow/.local/lib/python3.8/site-packages/airflow/example_dags/example_short_circuit_decorator.py
[2023-12-02T01:08:03.742+0000] {logging_mixin.py:151} INFO - [2023-12-02T01:08:03.742+0000] {dag.py:2915} INFO - Sync 1 DAGs
[2023-12-02T01:08:03.754+0000] {logging_mixin.py:151} INFO - [2023-12-02T01:08:03.754+0000] {dag.py:3696} INFO - Setting next_dagrun for example_short_circuit_decorator to 2023-12-01T01:08:03.754280+00:00, run_after=2023-12-02T01:08:03.754280+00:00
[2023-12-02T01:08:03.763+0000] {processor.py:179} INFO - Processing /home/airflow/.local/lib/python3.8/site-packages/airflow/example_dags/example_short_circuit_decorator.py took 0.045 seconds
[2023-12-02T02:09:41.109+0000] {processor.py:157} INFO - Started process (PID=48248) to work on /home/airflow/.local/lib/python3.8/site-packages/airflow/example_dags/example_short_circuit_decorator.py
[2023-12-02T02:09:41.110+0000] {processor.py:829} INFO - Processing file /home/airflow/.local/lib/python3.8/site-packages/airflow/example_dags/example_short_circuit_decorator.py for tasks to queue
[2023-12-02T02:09:41.112+0000] {logging_mixin.py:151} INFO - [2023-12-02T02:09:41.112+0000] {dagbag.py:539} INFO - Filling up the DagBag from /home/airflow/.local/lib/python3.8/site-packages/airflow/example_dags/example_short_circuit_decorator.py
[2023-12-02T02:09:41.120+0000] {processor.py:839} INFO - DAG(s) dict_keys(['example_short_circuit_decorator']) retrieved from /home/airflow/.local/lib/python3.8/site-packages/airflow/example_dags/example_short_circuit_decorator.py
[2023-12-02T02:09:41.327+0000] {logging_mixin.py:151} INFO - [2023-12-02T02:09:41.327+0000] {dag.py:2915} INFO - Sync 1 DAGs
[2023-12-02T02:09:41.344+0000] {logging_mixin.py:151} INFO - [2023-12-02T02:09:41.344+0000] {dag.py:3696} INFO - Setting next_dagrun for example_short_circuit_decorator to 2023-12-01T02:09:41.343918+00:00, run_after=2023-12-02T02:09:41.343918+00:00
[2023-12-02T02:09:41.366+0000] {processor.py:179} INFO - Processing /home/airflow/.local/lib/python3.8/site-packages/airflow/example_dags/example_short_circuit_decorator.py took 0.260 seconds
[2023-12-02T02:48:10.934+0000] {processor.py:157} INFO - Started process (PID=48303) to work on /home/airflow/.local/lib/python3.8/site-packages/airflow/example_dags/example_short_circuit_decorator.py
[2023-12-02T02:48:10.935+0000] {processor.py:829} INFO - Processing file /home/airflow/.local/lib/python3.8/site-packages/airflow/example_dags/example_short_circuit_decorator.py for tasks to queue
[2023-12-02T02:48:10.937+0000] {logging_mixin.py:151} INFO - [2023-12-02T02:48:10.936+0000] {dagbag.py:539} INFO - Filling up the DagBag from /home/airflow/.local/lib/python3.8/site-packages/airflow/example_dags/example_short_circuit_decorator.py
[2023-12-02T02:48:10.942+0000] {processor.py:839} INFO - DAG(s) dict_keys(['example_short_circuit_decorator']) retrieved from /home/airflow/.local/lib/python3.8/site-packages/airflow/example_dags/example_short_circuit_decorator.py
[2023-12-02T02:48:10.958+0000] {logging_mixin.py:151} INFO - [2023-12-02T02:48:10.958+0000] {dag.py:2915} INFO - Sync 1 DAGs
[2023-12-02T02:48:11.072+0000] {logging_mixin.py:151} INFO - [2023-12-02T02:48:11.072+0000] {dag.py:3696} INFO - Setting next_dagrun for example_short_circuit_decorator to 2023-12-01T02:48:11.071915+00:00, run_after=2023-12-02T02:48:11.071915+00:00
[2023-12-02T02:48:11.083+0000] {processor.py:179} INFO - Processing /home/airflow/.local/lib/python3.8/site-packages/airflow/example_dags/example_short_circuit_decorator.py took 0.152 seconds
[2023-12-02T03:45:59.158+0000] {processor.py:157} INFO - Started process (PID=48357) to work on /home/airflow/.local/lib/python3.8/site-packages/airflow/example_dags/example_short_circuit_decorator.py
[2023-12-02T03:45:59.159+0000] {processor.py:829} INFO - Processing file /home/airflow/.local/lib/python3.8/site-packages/airflow/example_dags/example_short_circuit_decorator.py for tasks to queue
[2023-12-02T03:45:59.160+0000] {logging_mixin.py:151} INFO - [2023-12-02T03:45:59.160+0000] {dagbag.py:539} INFO - Filling up the DagBag from /home/airflow/.local/lib/python3.8/site-packages/airflow/example_dags/example_short_circuit_decorator.py
[2023-12-02T03:45:59.167+0000] {processor.py:839} INFO - DAG(s) dict_keys(['example_short_circuit_decorator']) retrieved from /home/airflow/.local/lib/python3.8/site-packages/airflow/example_dags/example_short_circuit_decorator.py
[2023-12-02T03:45:59.182+0000] {logging_mixin.py:151} INFO - [2023-12-02T03:45:59.182+0000] {dag.py:2915} INFO - Sync 1 DAGs
[2023-12-02T03:45:59.196+0000] {logging_mixin.py:151} INFO - [2023-12-02T03:45:59.196+0000] {dag.py:3696} INFO - Setting next_dagrun for example_short_circuit_decorator to 2023-12-01T03:45:59.196205+00:00, run_after=2023-12-02T03:45:59.196205+00:00
[2023-12-02T03:45:59.208+0000] {processor.py:179} INFO - Processing /home/airflow/.local/lib/python3.8/site-packages/airflow/example_dags/example_short_circuit_decorator.py took 0.053 seconds
[2023-12-02T05:04:05.159+0000] {processor.py:157} INFO - Started process (PID=48411) to work on /home/airflow/.local/lib/python3.8/site-packages/airflow/example_dags/example_short_circuit_decorator.py
[2023-12-02T05:04:05.160+0000] {processor.py:829} INFO - Processing file /home/airflow/.local/lib/python3.8/site-packages/airflow/example_dags/example_short_circuit_decorator.py for tasks to queue
[2023-12-02T05:04:05.162+0000] {logging_mixin.py:151} INFO - [2023-12-02T05:04:05.162+0000] {dagbag.py:539} INFO - Filling up the DagBag from /home/airflow/.local/lib/python3.8/site-packages/airflow/example_dags/example_short_circuit_decorator.py
[2023-12-02T05:04:05.255+0000] {processor.py:839} INFO - DAG(s) dict_keys(['example_short_circuit_decorator']) retrieved from /home/airflow/.local/lib/python3.8/site-packages/airflow/example_dags/example_short_circuit_decorator.py
[2023-12-02T05:04:05.267+0000] {logging_mixin.py:151} INFO - [2023-12-02T05:04:05.267+0000] {dag.py:2915} INFO - Sync 1 DAGs
[2023-12-02T05:04:05.277+0000] {logging_mixin.py:151} INFO - [2023-12-02T05:04:05.277+0000] {dag.py:3696} INFO - Setting next_dagrun for example_short_circuit_decorator to 2023-12-01T05:04:05.277306+00:00, run_after=2023-12-02T05:04:05.277306+00:00
[2023-12-02T05:04:05.285+0000] {processor.py:179} INFO - Processing /home/airflow/.local/lib/python3.8/site-packages/airflow/example_dags/example_short_circuit_decorator.py took 0.130 seconds
[2023-12-02T06:07:24.686+0000] {processor.py:157} INFO - Started process (PID=48465) to work on /home/airflow/.local/lib/python3.8/site-packages/airflow/example_dags/example_short_circuit_decorator.py
[2023-12-02T06:07:24.688+0000] {processor.py:829} INFO - Processing file /home/airflow/.local/lib/python3.8/site-packages/airflow/example_dags/example_short_circuit_decorator.py for tasks to queue
[2023-12-02T06:07:24.689+0000] {logging_mixin.py:151} INFO - [2023-12-02T06:07:24.689+0000] {dagbag.py:539} INFO - Filling up the DagBag from /home/airflow/.local/lib/python3.8/site-packages/airflow/example_dags/example_short_circuit_decorator.py
[2023-12-02T06:07:24.698+0000] {processor.py:839} INFO - DAG(s) dict_keys(['example_short_circuit_decorator']) retrieved from /home/airflow/.local/lib/python3.8/site-packages/airflow/example_dags/example_short_circuit_decorator.py
[2023-12-02T06:07:24.716+0000] {logging_mixin.py:151} INFO - [2023-12-02T06:07:24.715+0000] {dag.py:2915} INFO - Sync 1 DAGs
[2023-12-02T06:07:24.729+0000] {logging_mixin.py:151} INFO - [2023-12-02T06:07:24.728+0000] {dag.py:3696} INFO - Setting next_dagrun for example_short_circuit_decorator to 2023-12-01T06:07:24.728786+00:00, run_after=2023-12-02T06:07:24.728786+00:00
[2023-12-02T06:07:24.738+0000] {processor.py:179} INFO - Processing /home/airflow/.local/lib/python3.8/site-packages/airflow/example_dags/example_short_circuit_decorator.py took 0.054 seconds
[2023-12-02T07:04:09.762+0000] {processor.py:157} INFO - Started process (PID=48519) to work on /home/airflow/.local/lib/python3.8/site-packages/airflow/example_dags/example_short_circuit_decorator.py
[2023-12-02T07:04:09.763+0000] {processor.py:829} INFO - Processing file /home/airflow/.local/lib/python3.8/site-packages/airflow/example_dags/example_short_circuit_decorator.py for tasks to queue
[2023-12-02T07:04:09.764+0000] {logging_mixin.py:151} INFO - [2023-12-02T07:04:09.764+0000] {dagbag.py:539} INFO - Filling up the DagBag from /home/airflow/.local/lib/python3.8/site-packages/airflow/example_dags/example_short_circuit_decorator.py
[2023-12-02T07:04:09.770+0000] {processor.py:839} INFO - DAG(s) dict_keys(['example_short_circuit_decorator']) retrieved from /home/airflow/.local/lib/python3.8/site-packages/airflow/example_dags/example_short_circuit_decorator.py
[2023-12-02T07:04:09.784+0000] {logging_mixin.py:151} INFO - [2023-12-02T07:04:09.784+0000] {dag.py:2915} INFO - Sync 1 DAGs
[2023-12-02T07:04:09.798+0000] {logging_mixin.py:151} INFO - [2023-12-02T07:04:09.797+0000] {dag.py:3696} INFO - Setting next_dagrun for example_short_circuit_decorator to 2023-12-01T07:04:09.797723+00:00, run_after=2023-12-02T07:04:09.797723+00:00
[2023-12-02T07:04:09.812+0000] {processor.py:179} INFO - Processing /home/airflow/.local/lib/python3.8/site-packages/airflow/example_dags/example_short_circuit_decorator.py took 0.053 seconds
[2023-12-02T08:07:55.170+0000] {processor.py:157} INFO - Started process (PID=48573) to work on /home/airflow/.local/lib/python3.8/site-packages/airflow/example_dags/example_short_circuit_decorator.py
[2023-12-02T08:07:55.171+0000] {processor.py:829} INFO - Processing file /home/airflow/.local/lib/python3.8/site-packages/airflow/example_dags/example_short_circuit_decorator.py for tasks to queue
[2023-12-02T08:07:55.173+0000] {logging_mixin.py:151} INFO - [2023-12-02T08:07:55.173+0000] {dagbag.py:539} INFO - Filling up the DagBag from /home/airflow/.local/lib/python3.8/site-packages/airflow/example_dags/example_short_circuit_decorator.py
[2023-12-02T08:07:55.179+0000] {processor.py:839} INFO - DAG(s) dict_keys(['example_short_circuit_decorator']) retrieved from /home/airflow/.local/lib/python3.8/site-packages/airflow/example_dags/example_short_circuit_decorator.py
[2023-12-02T08:07:55.194+0000] {logging_mixin.py:151} INFO - [2023-12-02T08:07:55.194+0000] {dag.py:2915} INFO - Sync 1 DAGs
[2023-12-02T08:07:55.207+0000] {logging_mixin.py:151} INFO - [2023-12-02T08:07:55.207+0000] {dag.py:3696} INFO - Setting next_dagrun for example_short_circuit_decorator to 2023-12-01T08:07:55.207212+00:00, run_after=2023-12-02T08:07:55.207212+00:00
[2023-12-02T08:07:55.216+0000] {processor.py:179} INFO - Processing /home/airflow/.local/lib/python3.8/site-packages/airflow/example_dags/example_short_circuit_decorator.py took 0.049 seconds
[2023-12-02T09:19:31.923+0000] {processor.py:157} INFO - Started process (PID=48627) to work on /home/airflow/.local/lib/python3.8/site-packages/airflow/example_dags/example_short_circuit_decorator.py
[2023-12-02T09:19:31.924+0000] {processor.py:829} INFO - Processing file /home/airflow/.local/lib/python3.8/site-packages/airflow/example_dags/example_short_circuit_decorator.py for tasks to queue
[2023-12-02T09:19:31.926+0000] {logging_mixin.py:151} INFO - [2023-12-02T09:19:31.926+0000] {dagbag.py:539} INFO - Filling up the DagBag from /home/airflow/.local/lib/python3.8/site-packages/airflow/example_dags/example_short_circuit_decorator.py
[2023-12-02T09:19:31.933+0000] {processor.py:839} INFO - DAG(s) dict_keys(['example_short_circuit_decorator']) retrieved from /home/airflow/.local/lib/python3.8/site-packages/airflow/example_dags/example_short_circuit_decorator.py
[2023-12-02T09:19:31.969+0000] {logging_mixin.py:151} INFO - [2023-12-02T09:19:31.968+0000] {dag.py:2915} INFO - Sync 1 DAGs
[2023-12-02T09:19:31.985+0000] {logging_mixin.py:151} INFO - [2023-12-02T09:19:31.985+0000] {dag.py:3696} INFO - Setting next_dagrun for example_short_circuit_decorator to 2023-12-01T09:19:31.984787+00:00, run_after=2023-12-02T09:19:31.984787+00:00
[2023-12-02T09:19:31.995+0000] {processor.py:179} INFO - Processing /home/airflow/.local/lib/python3.8/site-packages/airflow/example_dags/example_short_circuit_decorator.py took 0.074 seconds
[2023-12-02T09:58:55.872+0000] {processor.py:157} INFO - Started process (PID=48681) to work on /home/airflow/.local/lib/python3.8/site-packages/airflow/example_dags/example_short_circuit_decorator.py
[2023-12-02T09:58:55.873+0000] {processor.py:829} INFO - Processing file /home/airflow/.local/lib/python3.8/site-packages/airflow/example_dags/example_short_circuit_decorator.py for tasks to queue
[2023-12-02T09:58:55.875+0000] {logging_mixin.py:151} INFO - [2023-12-02T09:58:55.875+0000] {dagbag.py:539} INFO - Filling up the DagBag from /home/airflow/.local/lib/python3.8/site-packages/airflow/example_dags/example_short_circuit_decorator.py
[2023-12-02T09:58:55.881+0000] {processor.py:839} INFO - DAG(s) dict_keys(['example_short_circuit_decorator']) retrieved from /home/airflow/.local/lib/python3.8/site-packages/airflow/example_dags/example_short_circuit_decorator.py
[2023-12-02T09:58:55.896+0000] {logging_mixin.py:151} INFO - [2023-12-02T09:58:55.896+0000] {dag.py:2915} INFO - Sync 1 DAGs
[2023-12-02T09:58:55.908+0000] {logging_mixin.py:151} INFO - [2023-12-02T09:58:55.908+0000] {dag.py:3696} INFO - Setting next_dagrun for example_short_circuit_decorator to 2023-12-01T09:58:55.908404+00:00, run_after=2023-12-02T09:58:55.908404+00:00
[2023-12-02T09:58:55.918+0000] {processor.py:179} INFO - Processing /home/airflow/.local/lib/python3.8/site-packages/airflow/example_dags/example_short_circuit_decorator.py took 0.048 seconds
[2023-12-02T10:00:56.314+0000] {processor.py:157} INFO - Started process (PID=48735) to work on /home/airflow/.local/lib/python3.8/site-packages/airflow/example_dags/example_short_circuit_decorator.py
[2023-12-02T10:00:56.315+0000] {processor.py:829} INFO - Processing file /home/airflow/.local/lib/python3.8/site-packages/airflow/example_dags/example_short_circuit_decorator.py for tasks to queue
[2023-12-02T10:00:56.317+0000] {logging_mixin.py:151} INFO - [2023-12-02T10:00:56.317+0000] {dagbag.py:539} INFO - Filling up the DagBag from /home/airflow/.local/lib/python3.8/site-packages/airflow/example_dags/example_short_circuit_decorator.py
[2023-12-02T10:00:56.324+0000] {processor.py:839} INFO - DAG(s) dict_keys(['example_short_circuit_decorator']) retrieved from /home/airflow/.local/lib/python3.8/site-packages/airflow/example_dags/example_short_circuit_decorator.py
[2023-12-02T10:00:56.339+0000] {logging_mixin.py:151} INFO - [2023-12-02T10:00:56.339+0000] {dag.py:2915} INFO - Sync 1 DAGs
[2023-12-02T10:00:56.351+0000] {logging_mixin.py:151} INFO - [2023-12-02T10:00:56.351+0000] {dag.py:3696} INFO - Setting next_dagrun for example_short_circuit_decorator to 2023-12-01T10:00:56.351390+00:00, run_after=2023-12-02T10:00:56.351390+00:00
[2023-12-02T10:00:56.360+0000] {processor.py:179} INFO - Processing /home/airflow/.local/lib/python3.8/site-packages/airflow/example_dags/example_short_circuit_decorator.py took 0.049 seconds
[2023-12-02T10:20:42.013+0000] {processor.py:157} INFO - Started process (PID=48789) to work on /home/airflow/.local/lib/python3.8/site-packages/airflow/example_dags/example_short_circuit_decorator.py
[2023-12-02T10:20:42.013+0000] {processor.py:829} INFO - Processing file /home/airflow/.local/lib/python3.8/site-packages/airflow/example_dags/example_short_circuit_decorator.py for tasks to queue
[2023-12-02T10:20:42.015+0000] {logging_mixin.py:151} INFO - [2023-12-02T10:20:42.015+0000] {dagbag.py:539} INFO - Filling up the DagBag from /home/airflow/.local/lib/python3.8/site-packages/airflow/example_dags/example_short_circuit_decorator.py
[2023-12-02T10:20:42.021+0000] {processor.py:839} INFO - DAG(s) dict_keys(['example_short_circuit_decorator']) retrieved from /home/airflow/.local/lib/python3.8/site-packages/airflow/example_dags/example_short_circuit_decorator.py
[2023-12-02T10:20:42.036+0000] {logging_mixin.py:151} INFO - [2023-12-02T10:20:42.036+0000] {dag.py:2915} INFO - Sync 1 DAGs
[2023-12-02T10:20:42.048+0000] {logging_mixin.py:151} INFO - [2023-12-02T10:20:42.048+0000] {dag.py:3696} INFO - Setting next_dagrun for example_short_circuit_decorator to 2023-12-01T10:20:42.047872+00:00, run_after=2023-12-02T10:20:42.047872+00:00
[2023-12-02T10:20:42.057+0000] {processor.py:179} INFO - Processing /home/airflow/.local/lib/python3.8/site-packages/airflow/example_dags/example_short_circuit_decorator.py took 0.047 seconds
[2023-12-02T10:41:01.715+0000] {processor.py:157} INFO - Started process (PID=48844) to work on /home/airflow/.local/lib/python3.8/site-packages/airflow/example_dags/example_short_circuit_decorator.py
[2023-12-02T10:41:01.717+0000] {processor.py:829} INFO - Processing file /home/airflow/.local/lib/python3.8/site-packages/airflow/example_dags/example_short_circuit_decorator.py for tasks to queue
[2023-12-02T10:41:01.718+0000] {logging_mixin.py:151} INFO - [2023-12-02T10:41:01.718+0000] {dagbag.py:539} INFO - Filling up the DagBag from /home/airflow/.local/lib/python3.8/site-packages/airflow/example_dags/example_short_circuit_decorator.py
[2023-12-02T10:41:01.724+0000] {processor.py:839} INFO - DAG(s) dict_keys(['example_short_circuit_decorator']) retrieved from /home/airflow/.local/lib/python3.8/site-packages/airflow/example_dags/example_short_circuit_decorator.py
[2023-12-02T10:41:01.738+0000] {logging_mixin.py:151} INFO - [2023-12-02T10:41:01.738+0000] {dag.py:2915} INFO - Sync 1 DAGs
[2023-12-02T10:41:01.759+0000] {logging_mixin.py:151} INFO - [2023-12-02T10:41:01.758+0000] {dag.py:3696} INFO - Setting next_dagrun for example_short_circuit_decorator to 2023-12-01T10:41:01.758648+00:00, run_after=2023-12-02T10:41:01.758648+00:00
[2023-12-02T10:41:01.770+0000] {processor.py:179} INFO - Processing /home/airflow/.local/lib/python3.8/site-packages/airflow/example_dags/example_short_circuit_decorator.py took 0.056 seconds
[2023-12-02T11:01:13.500+0000] {processor.py:157} INFO - Started process (PID=48898) to work on /home/airflow/.local/lib/python3.8/site-packages/airflow/example_dags/example_short_circuit_decorator.py
[2023-12-02T11:01:13.501+0000] {processor.py:829} INFO - Processing file /home/airflow/.local/lib/python3.8/site-packages/airflow/example_dags/example_short_circuit_decorator.py for tasks to queue
[2023-12-02T11:01:13.503+0000] {logging_mixin.py:151} INFO - [2023-12-02T11:01:13.503+0000] {dagbag.py:539} INFO - Filling up the DagBag from /home/airflow/.local/lib/python3.8/site-packages/airflow/example_dags/example_short_circuit_decorator.py
[2023-12-02T11:01:13.512+0000] {processor.py:839} INFO - DAG(s) dict_keys(['example_short_circuit_decorator']) retrieved from /home/airflow/.local/lib/python3.8/site-packages/airflow/example_dags/example_short_circuit_decorator.py
[2023-12-02T11:01:13.540+0000] {logging_mixin.py:151} INFO - [2023-12-02T11:01:13.540+0000] {dag.py:2915} INFO - Sync 1 DAGs
[2023-12-02T11:01:13.560+0000] {logging_mixin.py:151} INFO - [2023-12-02T11:01:13.560+0000] {dag.py:3696} INFO - Setting next_dagrun for example_short_circuit_decorator to 2023-12-01T11:01:13.560213+00:00, run_after=2023-12-02T11:01:13.560213+00:00
[2023-12-02T11:01:13.590+0000] {processor.py:179} INFO - Processing /home/airflow/.local/lib/python3.8/site-packages/airflow/example_dags/example_short_circuit_decorator.py took 0.094 seconds
[2023-12-02T11:08:50.840+0000] {processor.py:157} INFO - Started process (PID=48952) to work on /home/airflow/.local/lib/python3.8/site-packages/airflow/example_dags/example_short_circuit_decorator.py
[2023-12-02T11:08:50.840+0000] {processor.py:829} INFO - Processing file /home/airflow/.local/lib/python3.8/site-packages/airflow/example_dags/example_short_circuit_decorator.py for tasks to queue
[2023-12-02T11:08:50.842+0000] {logging_mixin.py:151} INFO - [2023-12-02T11:08:50.842+0000] {dagbag.py:539} INFO - Filling up the DagBag from /home/airflow/.local/lib/python3.8/site-packages/airflow/example_dags/example_short_circuit_decorator.py
[2023-12-02T11:08:50.847+0000] {processor.py:839} INFO - DAG(s) dict_keys(['example_short_circuit_decorator']) retrieved from /home/airflow/.local/lib/python3.8/site-packages/airflow/example_dags/example_short_circuit_decorator.py
[2023-12-02T11:08:50.861+0000] {logging_mixin.py:151} INFO - [2023-12-02T11:08:50.861+0000] {dag.py:2915} INFO - Sync 1 DAGs
[2023-12-02T11:08:50.873+0000] {logging_mixin.py:151} INFO - [2023-12-02T11:08:50.872+0000] {dag.py:3696} INFO - Setting next_dagrun for example_short_circuit_decorator to 2023-12-01T11:08:50.872750+00:00, run_after=2023-12-02T11:08:50.872750+00:00
[2023-12-02T11:08:50.886+0000] {processor.py:179} INFO - Processing /home/airflow/.local/lib/python3.8/site-packages/airflow/example_dags/example_short_circuit_decorator.py took 0.048 seconds
[2023-12-02T11:21:32.063+0000] {processor.py:157} INFO - Started process (PID=49006) to work on /home/airflow/.local/lib/python3.8/site-packages/airflow/example_dags/example_short_circuit_decorator.py
[2023-12-02T11:21:32.063+0000] {processor.py:829} INFO - Processing file /home/airflow/.local/lib/python3.8/site-packages/airflow/example_dags/example_short_circuit_decorator.py for tasks to queue
[2023-12-02T11:21:32.065+0000] {logging_mixin.py:151} INFO - [2023-12-02T11:21:32.065+0000] {dagbag.py:539} INFO - Filling up the DagBag from /home/airflow/.local/lib/python3.8/site-packages/airflow/example_dags/example_short_circuit_decorator.py
[2023-12-02T11:21:32.071+0000] {processor.py:839} INFO - DAG(s) dict_keys(['example_short_circuit_decorator']) retrieved from /home/airflow/.local/lib/python3.8/site-packages/airflow/example_dags/example_short_circuit_decorator.py
[2023-12-02T11:21:32.084+0000] {logging_mixin.py:151} INFO - [2023-12-02T11:21:32.083+0000] {dag.py:2915} INFO - Sync 1 DAGs
[2023-12-02T11:21:32.094+0000] {logging_mixin.py:151} INFO - [2023-12-02T11:21:32.094+0000] {dag.py:3696} INFO - Setting next_dagrun for example_short_circuit_decorator to 2023-12-01T11:21:32.094420+00:00, run_after=2023-12-02T11:21:32.094420+00:00
[2023-12-02T11:21:32.103+0000] {processor.py:179} INFO - Processing /home/airflow/.local/lib/python3.8/site-packages/airflow/example_dags/example_short_circuit_decorator.py took 0.043 seconds
[2023-12-02T11:33:22.319+0000] {processor.py:157} INFO - Started process (PID=49060) to work on /home/airflow/.local/lib/python3.8/site-packages/airflow/example_dags/example_short_circuit_decorator.py
[2023-12-02T11:33:22.320+0000] {processor.py:829} INFO - Processing file /home/airflow/.local/lib/python3.8/site-packages/airflow/example_dags/example_short_circuit_decorator.py for tasks to queue
[2023-12-02T11:33:22.322+0000] {logging_mixin.py:151} INFO - [2023-12-02T11:33:22.322+0000] {dagbag.py:539} INFO - Filling up the DagBag from /home/airflow/.local/lib/python3.8/site-packages/airflow/example_dags/example_short_circuit_decorator.py
[2023-12-02T11:33:22.330+0000] {processor.py:839} INFO - DAG(s) dict_keys(['example_short_circuit_decorator']) retrieved from /home/airflow/.local/lib/python3.8/site-packages/airflow/example_dags/example_short_circuit_decorator.py
[2023-12-02T11:33:22.345+0000] {logging_mixin.py:151} INFO - [2023-12-02T11:33:22.345+0000] {dag.py:2915} INFO - Sync 1 DAGs
[2023-12-02T11:33:22.358+0000] {logging_mixin.py:151} INFO - [2023-12-02T11:33:22.358+0000] {dag.py:3696} INFO - Setting next_dagrun for example_short_circuit_decorator to 2023-12-01T11:33:22.358007+00:00, run_after=2023-12-02T11:33:22.358007+00:00
[2023-12-02T11:33:22.367+0000] {processor.py:179} INFO - Processing /home/airflow/.local/lib/python3.8/site-packages/airflow/example_dags/example_short_circuit_decorator.py took 0.052 seconds
[2023-12-02T11:36:39.057+0000] {processor.py:157} INFO - Started process (PID=49114) to work on /home/airflow/.local/lib/python3.8/site-packages/airflow/example_dags/example_short_circuit_decorator.py
[2023-12-02T11:36:39.058+0000] {processor.py:829} INFO - Processing file /home/airflow/.local/lib/python3.8/site-packages/airflow/example_dags/example_short_circuit_decorator.py for tasks to queue
[2023-12-02T11:36:39.059+0000] {logging_mixin.py:151} INFO - [2023-12-02T11:36:39.059+0000] {dagbag.py:539} INFO - Filling up the DagBag from /home/airflow/.local/lib/python3.8/site-packages/airflow/example_dags/example_short_circuit_decorator.py
[2023-12-02T11:36:39.065+0000] {processor.py:839} INFO - DAG(s) dict_keys(['example_short_circuit_decorator']) retrieved from /home/airflow/.local/lib/python3.8/site-packages/airflow/example_dags/example_short_circuit_decorator.py
[2023-12-02T11:36:39.079+0000] {logging_mixin.py:151} INFO - [2023-12-02T11:36:39.079+0000] {dag.py:2915} INFO - Sync 1 DAGs
[2023-12-02T11:36:39.102+0000] {logging_mixin.py:151} INFO - [2023-12-02T11:36:39.102+0000] {dag.py:3696} INFO - Setting next_dagrun for example_short_circuit_decorator to 2023-12-01T11:36:39.101810+00:00, run_after=2023-12-02T11:36:39.101810+00:00
[2023-12-02T11:36:39.141+0000] {processor.py:179} INFO - Processing /home/airflow/.local/lib/python3.8/site-packages/airflow/example_dags/example_short_circuit_decorator.py took 0.088 seconds
[2023-12-02T11:56:17.497+0000] {processor.py:157} INFO - Started process (PID=49168) to work on /home/airflow/.local/lib/python3.8/site-packages/airflow/example_dags/example_short_circuit_decorator.py
[2023-12-02T11:56:17.498+0000] {processor.py:829} INFO - Processing file /home/airflow/.local/lib/python3.8/site-packages/airflow/example_dags/example_short_circuit_decorator.py for tasks to queue
[2023-12-02T11:56:17.499+0000] {logging_mixin.py:151} INFO - [2023-12-02T11:56:17.499+0000] {dagbag.py:539} INFO - Filling up the DagBag from /home/airflow/.local/lib/python3.8/site-packages/airflow/example_dags/example_short_circuit_decorator.py
[2023-12-02T11:56:17.506+0000] {processor.py:839} INFO - DAG(s) dict_keys(['example_short_circuit_decorator']) retrieved from /home/airflow/.local/lib/python3.8/site-packages/airflow/example_dags/example_short_circuit_decorator.py
[2023-12-02T11:56:17.520+0000] {logging_mixin.py:151} INFO - [2023-12-02T11:56:17.520+0000] {dag.py:2915} INFO - Sync 1 DAGs
[2023-12-02T11:56:17.533+0000] {logging_mixin.py:151} INFO - [2023-12-02T11:56:17.533+0000] {dag.py:3696} INFO - Setting next_dagrun for example_short_circuit_decorator to 2023-12-01T11:56:17.533488+00:00, run_after=2023-12-02T11:56:17.533488+00:00
[2023-12-02T11:56:17.551+0000] {processor.py:179} INFO - Processing /home/airflow/.local/lib/python3.8/site-packages/airflow/example_dags/example_short_circuit_decorator.py took 0.057 seconds
[2023-12-02T12:13:12.539+0000] {processor.py:157} INFO - Started process (PID=49223) to work on /home/airflow/.local/lib/python3.8/site-packages/airflow/example_dags/example_short_circuit_decorator.py
[2023-12-02T12:13:12.539+0000] {processor.py:829} INFO - Processing file /home/airflow/.local/lib/python3.8/site-packages/airflow/example_dags/example_short_circuit_decorator.py for tasks to queue
[2023-12-02T12:13:12.541+0000] {logging_mixin.py:151} INFO - [2023-12-02T12:13:12.541+0000] {dagbag.py:539} INFO - Filling up the DagBag from /home/airflow/.local/lib/python3.8/site-packages/airflow/example_dags/example_short_circuit_decorator.py
[2023-12-02T12:13:12.546+0000] {processor.py:839} INFO - DAG(s) dict_keys(['example_short_circuit_decorator']) retrieved from /home/airflow/.local/lib/python3.8/site-packages/airflow/example_dags/example_short_circuit_decorator.py
[2023-12-02T12:13:12.560+0000] {logging_mixin.py:151} INFO - [2023-12-02T12:13:12.560+0000] {dag.py:2915} INFO - Sync 1 DAGs
[2023-12-02T12:13:12.573+0000] {logging_mixin.py:151} INFO - [2023-12-02T12:13:12.573+0000] {dag.py:3696} INFO - Setting next_dagrun for example_short_circuit_decorator to 2023-12-01T12:13:12.573335+00:00, run_after=2023-12-02T12:13:12.573335+00:00
[2023-12-02T12:13:12.590+0000] {processor.py:179} INFO - Processing /home/airflow/.local/lib/python3.8/site-packages/airflow/example_dags/example_short_circuit_decorator.py took 0.054 seconds
[2023-12-02T12:38:01.322+0000] {processor.py:157} INFO - Started process (PID=49277) to work on /home/airflow/.local/lib/python3.8/site-packages/airflow/example_dags/example_short_circuit_decorator.py
[2023-12-02T12:38:01.323+0000] {processor.py:829} INFO - Processing file /home/airflow/.local/lib/python3.8/site-packages/airflow/example_dags/example_short_circuit_decorator.py for tasks to queue
[2023-12-02T12:38:01.324+0000] {logging_mixin.py:151} INFO - [2023-12-02T12:38:01.324+0000] {dagbag.py:539} INFO - Filling up the DagBag from /home/airflow/.local/lib/python3.8/site-packages/airflow/example_dags/example_short_circuit_decorator.py
[2023-12-02T12:38:01.330+0000] {processor.py:839} INFO - DAG(s) dict_keys(['example_short_circuit_decorator']) retrieved from /home/airflow/.local/lib/python3.8/site-packages/airflow/example_dags/example_short_circuit_decorator.py
[2023-12-02T12:38:01.356+0000] {logging_mixin.py:151} INFO - [2023-12-02T12:38:01.356+0000] {dag.py:2915} INFO - Sync 1 DAGs
[2023-12-02T12:38:01.371+0000] {logging_mixin.py:151} INFO - [2023-12-02T12:38:01.371+0000] {dag.py:3696} INFO - Setting next_dagrun for example_short_circuit_decorator to 2023-12-01T12:38:01.371404+00:00, run_after=2023-12-02T12:38:01.371404+00:00
[2023-12-02T12:38:01.384+0000] {processor.py:179} INFO - Processing /home/airflow/.local/lib/python3.8/site-packages/airflow/example_dags/example_short_circuit_decorator.py took 0.065 seconds
[2023-12-02T12:38:35.225+0000] {processor.py:157} INFO - Started process (PID=49331) to work on /home/airflow/.local/lib/python3.8/site-packages/airflow/example_dags/example_short_circuit_decorator.py
[2023-12-02T12:38:35.226+0000] {processor.py:829} INFO - Processing file /home/airflow/.local/lib/python3.8/site-packages/airflow/example_dags/example_short_circuit_decorator.py for tasks to queue
[2023-12-02T12:38:35.228+0000] {logging_mixin.py:151} INFO - [2023-12-02T12:38:35.228+0000] {dagbag.py:539} INFO - Filling up the DagBag from /home/airflow/.local/lib/python3.8/site-packages/airflow/example_dags/example_short_circuit_decorator.py
[2023-12-02T12:38:35.234+0000] {processor.py:839} INFO - DAG(s) dict_keys(['example_short_circuit_decorator']) retrieved from /home/airflow/.local/lib/python3.8/site-packages/airflow/example_dags/example_short_circuit_decorator.py
[2023-12-02T12:38:35.248+0000] {logging_mixin.py:151} INFO - [2023-12-02T12:38:35.247+0000] {dag.py:2915} INFO - Sync 1 DAGs
[2023-12-02T12:38:35.259+0000] {logging_mixin.py:151} INFO - [2023-12-02T12:38:35.259+0000] {dag.py:3696} INFO - Setting next_dagrun for example_short_circuit_decorator to 2023-12-01T12:38:35.258950+00:00, run_after=2023-12-02T12:38:35.258950+00:00
[2023-12-02T12:38:35.268+0000] {processor.py:179} INFO - Processing /home/airflow/.local/lib/python3.8/site-packages/airflow/example_dags/example_short_circuit_decorator.py took 0.044 seconds
[2023-12-02T12:40:34.040+0000] {processor.py:157} INFO - Started process (PID=49385) to work on /home/airflow/.local/lib/python3.8/site-packages/airflow/example_dags/example_short_circuit_decorator.py
[2023-12-02T12:40:34.041+0000] {processor.py:829} INFO - Processing file /home/airflow/.local/lib/python3.8/site-packages/airflow/example_dags/example_short_circuit_decorator.py for tasks to queue
[2023-12-02T12:40:34.043+0000] {logging_mixin.py:151} INFO - [2023-12-02T12:40:34.043+0000] {dagbag.py:539} INFO - Filling up the DagBag from /home/airflow/.local/lib/python3.8/site-packages/airflow/example_dags/example_short_circuit_decorator.py
[2023-12-02T12:40:34.049+0000] {processor.py:839} INFO - DAG(s) dict_keys(['example_short_circuit_decorator']) retrieved from /home/airflow/.local/lib/python3.8/site-packages/airflow/example_dags/example_short_circuit_decorator.py
[2023-12-02T12:40:34.073+0000] {logging_mixin.py:151} INFO - [2023-12-02T12:40:34.073+0000] {dag.py:2915} INFO - Sync 1 DAGs
[2023-12-02T12:40:34.087+0000] {logging_mixin.py:151} INFO - [2023-12-02T12:40:34.087+0000] {dag.py:3696} INFO - Setting next_dagrun for example_short_circuit_decorator to 2023-12-01T12:40:34.087023+00:00, run_after=2023-12-02T12:40:34.087023+00:00
[2023-12-02T12:40:34.097+0000] {processor.py:179} INFO - Processing /home/airflow/.local/lib/python3.8/site-packages/airflow/example_dags/example_short_circuit_decorator.py took 0.059 seconds
[2023-12-02T13:06:18.850+0000] {processor.py:157} INFO - Started process (PID=49439) to work on /home/airflow/.local/lib/python3.8/site-packages/airflow/example_dags/example_short_circuit_decorator.py
[2023-12-02T13:06:18.851+0000] {processor.py:829} INFO - Processing file /home/airflow/.local/lib/python3.8/site-packages/airflow/example_dags/example_short_circuit_decorator.py for tasks to queue
[2023-12-02T13:06:18.853+0000] {logging_mixin.py:151} INFO - [2023-12-02T13:06:18.853+0000] {dagbag.py:539} INFO - Filling up the DagBag from /home/airflow/.local/lib/python3.8/site-packages/airflow/example_dags/example_short_circuit_decorator.py
[2023-12-02T13:06:18.859+0000] {processor.py:839} INFO - DAG(s) dict_keys(['example_short_circuit_decorator']) retrieved from /home/airflow/.local/lib/python3.8/site-packages/airflow/example_dags/example_short_circuit_decorator.py
[2023-12-02T13:06:18.873+0000] {logging_mixin.py:151} INFO - [2023-12-02T13:06:18.872+0000] {dag.py:2915} INFO - Sync 1 DAGs
[2023-12-02T13:06:18.884+0000] {logging_mixin.py:151} INFO - [2023-12-02T13:06:18.884+0000] {dag.py:3696} INFO - Setting next_dagrun for example_short_circuit_decorator to 2023-12-01T13:06:18.884004+00:00, run_after=2023-12-02T13:06:18.884004+00:00
[2023-12-02T13:06:18.893+0000] {processor.py:179} INFO - Processing /home/airflow/.local/lib/python3.8/site-packages/airflow/example_dags/example_short_circuit_decorator.py took 0.045 seconds
[2023-12-02T13:41:07.826+0000] {processor.py:157} INFO - Started process (PID=49486) to work on /home/airflow/.local/lib/python3.8/site-packages/airflow/example_dags/example_short_circuit_decorator.py
[2023-12-02T13:41:07.827+0000] {processor.py:829} INFO - Processing file /home/airflow/.local/lib/python3.8/site-packages/airflow/example_dags/example_short_circuit_decorator.py for tasks to queue
[2023-12-02T13:41:07.829+0000] {logging_mixin.py:151} INFO - [2023-12-02T13:41:07.829+0000] {dagbag.py:539} INFO - Filling up the DagBag from /home/airflow/.local/lib/python3.8/site-packages/airflow/example_dags/example_short_circuit_decorator.py
[2023-12-02T13:41:07.837+0000] {processor.py:839} INFO - DAG(s) dict_keys(['example_short_circuit_decorator']) retrieved from /home/airflow/.local/lib/python3.8/site-packages/airflow/example_dags/example_short_circuit_decorator.py
[2023-12-02T13:41:07.851+0000] {logging_mixin.py:151} INFO - [2023-12-02T13:41:07.851+0000] {dag.py:2915} INFO - Sync 1 DAGs
[2023-12-02T13:41:07.866+0000] {logging_mixin.py:151} INFO - [2023-12-02T13:41:07.866+0000] {dag.py:3696} INFO - Setting next_dagrun for example_short_circuit_decorator to 2023-12-01T13:41:07.866711+00:00, run_after=2023-12-02T13:41:07.866711+00:00
[2023-12-02T13:41:07.876+0000] {processor.py:179} INFO - Processing /home/airflow/.local/lib/python3.8/site-packages/airflow/example_dags/example_short_circuit_decorator.py took 0.055 seconds
[2023-12-02T14:24:09.126+0000] {processor.py:157} INFO - Started process (PID=49547) to work on /home/airflow/.local/lib/python3.8/site-packages/airflow/example_dags/example_short_circuit_decorator.py
[2023-12-02T14:24:09.127+0000] {processor.py:829} INFO - Processing file /home/airflow/.local/lib/python3.8/site-packages/airflow/example_dags/example_short_circuit_decorator.py for tasks to queue
[2023-12-02T14:24:09.128+0000] {logging_mixin.py:151} INFO - [2023-12-02T14:24:09.128+0000] {dagbag.py:539} INFO - Filling up the DagBag from /home/airflow/.local/lib/python3.8/site-packages/airflow/example_dags/example_short_circuit_decorator.py
[2023-12-02T14:24:09.138+0000] {processor.py:839} INFO - DAG(s) dict_keys(['example_short_circuit_decorator']) retrieved from /home/airflow/.local/lib/python3.8/site-packages/airflow/example_dags/example_short_circuit_decorator.py
[2023-12-02T14:24:09.159+0000] {logging_mixin.py:151} INFO - [2023-12-02T14:24:09.158+0000] {dag.py:2915} INFO - Sync 1 DAGs
[2023-12-02T14:24:09.174+0000] {logging_mixin.py:151} INFO - [2023-12-02T14:24:09.174+0000] {dag.py:3696} INFO - Setting next_dagrun for example_short_circuit_decorator to 2023-12-01T14:24:09.174041+00:00, run_after=2023-12-02T14:24:09.174041+00:00
[2023-12-02T14:24:09.186+0000] {processor.py:179} INFO - Processing /home/airflow/.local/lib/python3.8/site-packages/airflow/example_dags/example_short_circuit_decorator.py took 0.062 seconds
[2023-12-02T14:49:30.824+0000] {processor.py:157} INFO - Started process (PID=49594) to work on /home/airflow/.local/lib/python3.8/site-packages/airflow/example_dags/example_short_circuit_decorator.py
[2023-12-02T14:49:30.825+0000] {processor.py:829} INFO - Processing file /home/airflow/.local/lib/python3.8/site-packages/airflow/example_dags/example_short_circuit_decorator.py for tasks to queue
[2023-12-02T14:49:30.827+0000] {logging_mixin.py:151} INFO - [2023-12-02T14:49:30.826+0000] {dagbag.py:539} INFO - Filling up the DagBag from /home/airflow/.local/lib/python3.8/site-packages/airflow/example_dags/example_short_circuit_decorator.py
[2023-12-02T14:49:30.832+0000] {processor.py:839} INFO - DAG(s) dict_keys(['example_short_circuit_decorator']) retrieved from /home/airflow/.local/lib/python3.8/site-packages/airflow/example_dags/example_short_circuit_decorator.py
[2023-12-02T14:49:30.849+0000] {logging_mixin.py:151} INFO - [2023-12-02T14:49:30.849+0000] {dag.py:2915} INFO - Sync 1 DAGs
[2023-12-02T14:49:30.865+0000] {logging_mixin.py:151} INFO - [2023-12-02T14:49:30.865+0000] {dag.py:3696} INFO - Setting next_dagrun for example_short_circuit_decorator to 2023-12-01T14:49:30.865366+00:00, run_after=2023-12-02T14:49:30.865366+00:00
[2023-12-02T14:49:30.874+0000] {processor.py:179} INFO - Processing /home/airflow/.local/lib/python3.8/site-packages/airflow/example_dags/example_short_circuit_decorator.py took 0.052 seconds
[2023-12-02T15:25:07.297+0000] {processor.py:157} INFO - Started process (PID=49648) to work on /home/airflow/.local/lib/python3.8/site-packages/airflow/example_dags/example_short_circuit_decorator.py
[2023-12-02T15:25:07.304+0000] {processor.py:829} INFO - Processing file /home/airflow/.local/lib/python3.8/site-packages/airflow/example_dags/example_short_circuit_decorator.py for tasks to queue
[2023-12-02T15:25:07.307+0000] {logging_mixin.py:151} INFO - [2023-12-02T15:25:07.307+0000] {dagbag.py:539} INFO - Filling up the DagBag from /home/airflow/.local/lib/python3.8/site-packages/airflow/example_dags/example_short_circuit_decorator.py
[2023-12-02T15:25:07.335+0000] {processor.py:839} INFO - DAG(s) dict_keys(['example_short_circuit_decorator']) retrieved from /home/airflow/.local/lib/python3.8/site-packages/airflow/example_dags/example_short_circuit_decorator.py
[2023-12-02T15:25:07.389+0000] {logging_mixin.py:151} INFO - [2023-12-02T15:25:07.389+0000] {dag.py:2915} INFO - Sync 1 DAGs
[2023-12-02T15:25:07.435+0000] {logging_mixin.py:151} INFO - [2023-12-02T15:25:07.434+0000] {dag.py:3696} INFO - Setting next_dagrun for example_short_circuit_decorator to 2023-12-01T15:25:07.434621+00:00, run_after=2023-12-02T15:25:07.434621+00:00
[2023-12-02T15:25:07.493+0000] {processor.py:179} INFO - Processing /home/airflow/.local/lib/python3.8/site-packages/airflow/example_dags/example_short_circuit_decorator.py took 0.201 seconds
[2023-12-02T16:14:05.891+0000] {processor.py:157} INFO - Started process (PID=49702) to work on /home/airflow/.local/lib/python3.8/site-packages/airflow/example_dags/example_short_circuit_decorator.py
[2023-12-02T16:14:05.892+0000] {processor.py:829} INFO - Processing file /home/airflow/.local/lib/python3.8/site-packages/airflow/example_dags/example_short_circuit_decorator.py for tasks to queue
[2023-12-02T16:14:05.893+0000] {logging_mixin.py:151} INFO - [2023-12-02T16:14:05.893+0000] {dagbag.py:539} INFO - Filling up the DagBag from /home/airflow/.local/lib/python3.8/site-packages/airflow/example_dags/example_short_circuit_decorator.py
[2023-12-02T16:14:05.899+0000] {processor.py:839} INFO - DAG(s) dict_keys(['example_short_circuit_decorator']) retrieved from /home/airflow/.local/lib/python3.8/site-packages/airflow/example_dags/example_short_circuit_decorator.py
[2023-12-02T16:14:05.923+0000] {logging_mixin.py:151} INFO - [2023-12-02T16:14:05.923+0000] {dag.py:2915} INFO - Sync 1 DAGs
[2023-12-02T16:14:05.948+0000] {logging_mixin.py:151} INFO - [2023-12-02T16:14:05.947+0000] {dag.py:3696} INFO - Setting next_dagrun for example_short_circuit_decorator to 2023-12-01T16:14:05.947748+00:00, run_after=2023-12-02T16:14:05.947748+00:00
[2023-12-02T16:14:05.958+0000] {processor.py:179} INFO - Processing /home/airflow/.local/lib/python3.8/site-packages/airflow/example_dags/example_short_circuit_decorator.py took 0.070 seconds
[2023-12-02T16:26:16.596+0000] {processor.py:157} INFO - Started process (PID=49756) to work on /home/airflow/.local/lib/python3.8/site-packages/airflow/example_dags/example_short_circuit_decorator.py
[2023-12-02T16:26:16.598+0000] {processor.py:829} INFO - Processing file /home/airflow/.local/lib/python3.8/site-packages/airflow/example_dags/example_short_circuit_decorator.py for tasks to queue
[2023-12-02T16:26:16.600+0000] {logging_mixin.py:151} INFO - [2023-12-02T16:26:16.600+0000] {dagbag.py:539} INFO - Filling up the DagBag from /home/airflow/.local/lib/python3.8/site-packages/airflow/example_dags/example_short_circuit_decorator.py
[2023-12-02T16:26:16.611+0000] {processor.py:839} INFO - DAG(s) dict_keys(['example_short_circuit_decorator']) retrieved from /home/airflow/.local/lib/python3.8/site-packages/airflow/example_dags/example_short_circuit_decorator.py
[2023-12-02T16:26:16.627+0000] {logging_mixin.py:151} INFO - [2023-12-02T16:26:16.627+0000] {dag.py:2915} INFO - Sync 1 DAGs
[2023-12-02T16:26:16.647+0000] {logging_mixin.py:151} INFO - [2023-12-02T16:26:16.646+0000] {dag.py:3696} INFO - Setting next_dagrun for example_short_circuit_decorator to 2023-12-01T16:26:16.646726+00:00, run_after=2023-12-02T16:26:16.646726+00:00
[2023-12-02T16:26:16.667+0000] {processor.py:179} INFO - Processing /home/airflow/.local/lib/python3.8/site-packages/airflow/example_dags/example_short_circuit_decorator.py took 0.074 seconds
[2023-12-02T17:27:10.289+0000] {processor.py:157} INFO - Started process (PID=49810) to work on /home/airflow/.local/lib/python3.8/site-packages/airflow/example_dags/example_short_circuit_decorator.py
[2023-12-02T17:27:10.290+0000] {processor.py:829} INFO - Processing file /home/airflow/.local/lib/python3.8/site-packages/airflow/example_dags/example_short_circuit_decorator.py for tasks to queue
[2023-12-02T17:27:10.292+0000] {logging_mixin.py:151} INFO - [2023-12-02T17:27:10.292+0000] {dagbag.py:539} INFO - Filling up the DagBag from /home/airflow/.local/lib/python3.8/site-packages/airflow/example_dags/example_short_circuit_decorator.py
[2023-12-02T17:27:10.298+0000] {processor.py:839} INFO - DAG(s) dict_keys(['example_short_circuit_decorator']) retrieved from /home/airflow/.local/lib/python3.8/site-packages/airflow/example_dags/example_short_circuit_decorator.py
[2023-12-02T17:27:10.311+0000] {logging_mixin.py:151} INFO - [2023-12-02T17:27:10.311+0000] {dag.py:2915} INFO - Sync 1 DAGs
[2023-12-02T17:27:10.329+0000] {logging_mixin.py:151} INFO - [2023-12-02T17:27:10.329+0000] {dag.py:3696} INFO - Setting next_dagrun for example_short_circuit_decorator to 2023-12-01T17:27:10.329271+00:00, run_after=2023-12-02T17:27:10.329271+00:00
[2023-12-02T17:27:10.343+0000] {processor.py:179} INFO - Processing /home/airflow/.local/lib/python3.8/site-packages/airflow/example_dags/example_short_circuit_decorator.py took 0.056 seconds
[2023-12-02T18:03:59.246+0000] {processor.py:157} INFO - Started process (PID=49864) to work on /home/airflow/.local/lib/python3.8/site-packages/airflow/example_dags/example_short_circuit_decorator.py
[2023-12-02T18:03:59.247+0000] {processor.py:829} INFO - Processing file /home/airflow/.local/lib/python3.8/site-packages/airflow/example_dags/example_short_circuit_decorator.py for tasks to queue
[2023-12-02T18:03:59.249+0000] {logging_mixin.py:151} INFO - [2023-12-02T18:03:59.249+0000] {dagbag.py:539} INFO - Filling up the DagBag from /home/airflow/.local/lib/python3.8/site-packages/airflow/example_dags/example_short_circuit_decorator.py
[2023-12-02T18:03:59.256+0000] {processor.py:839} INFO - DAG(s) dict_keys(['example_short_circuit_decorator']) retrieved from /home/airflow/.local/lib/python3.8/site-packages/airflow/example_dags/example_short_circuit_decorator.py
[2023-12-02T18:03:59.280+0000] {logging_mixin.py:151} INFO - [2023-12-02T18:03:59.280+0000] {dag.py:2915} INFO - Sync 1 DAGs
[2023-12-02T18:03:59.292+0000] {logging_mixin.py:151} INFO - [2023-12-02T18:03:59.292+0000] {dag.py:3696} INFO - Setting next_dagrun for example_short_circuit_decorator to 2023-12-01T18:03:59.292618+00:00, run_after=2023-12-02T18:03:59.292618+00:00
[2023-12-02T18:03:59.304+0000] {processor.py:179} INFO - Processing /home/airflow/.local/lib/python3.8/site-packages/airflow/example_dags/example_short_circuit_decorator.py took 0.061 seconds
[2023-12-02T18:26:22.409+0000] {processor.py:157} INFO - Started process (PID=49918) to work on /home/airflow/.local/lib/python3.8/site-packages/airflow/example_dags/example_short_circuit_decorator.py
[2023-12-02T18:26:22.410+0000] {processor.py:829} INFO - Processing file /home/airflow/.local/lib/python3.8/site-packages/airflow/example_dags/example_short_circuit_decorator.py for tasks to queue
[2023-12-02T18:26:22.412+0000] {logging_mixin.py:151} INFO - [2023-12-02T18:26:22.412+0000] {dagbag.py:539} INFO - Filling up the DagBag from /home/airflow/.local/lib/python3.8/site-packages/airflow/example_dags/example_short_circuit_decorator.py
[2023-12-02T18:26:22.418+0000] {processor.py:839} INFO - DAG(s) dict_keys(['example_short_circuit_decorator']) retrieved from /home/airflow/.local/lib/python3.8/site-packages/airflow/example_dags/example_short_circuit_decorator.py
[2023-12-02T18:26:22.433+0000] {logging_mixin.py:151} INFO - [2023-12-02T18:26:22.433+0000] {dag.py:2915} INFO - Sync 1 DAGs
[2023-12-02T18:26:22.444+0000] {logging_mixin.py:151} INFO - [2023-12-02T18:26:22.443+0000] {dag.py:3696} INFO - Setting next_dagrun for example_short_circuit_decorator to 2023-12-01T18:26:22.443746+00:00, run_after=2023-12-02T18:26:22.443746+00:00
[2023-12-02T18:26:22.452+0000] {processor.py:179} INFO - Processing /home/airflow/.local/lib/python3.8/site-packages/airflow/example_dags/example_short_circuit_decorator.py took 0.045 seconds
[2023-12-02T19:14:10.481+0000] {processor.py:157} INFO - Started process (PID=49972) to work on /home/airflow/.local/lib/python3.8/site-packages/airflow/example_dags/example_short_circuit_decorator.py
[2023-12-02T19:14:10.483+0000] {processor.py:829} INFO - Processing file /home/airflow/.local/lib/python3.8/site-packages/airflow/example_dags/example_short_circuit_decorator.py for tasks to queue
[2023-12-02T19:14:10.486+0000] {logging_mixin.py:151} INFO - [2023-12-02T19:14:10.485+0000] {dagbag.py:539} INFO - Filling up the DagBag from /home/airflow/.local/lib/python3.8/site-packages/airflow/example_dags/example_short_circuit_decorator.py
[2023-12-02T19:14:10.492+0000] {processor.py:839} INFO - DAG(s) dict_keys(['example_short_circuit_decorator']) retrieved from /home/airflow/.local/lib/python3.8/site-packages/airflow/example_dags/example_short_circuit_decorator.py
[2023-12-02T19:14:10.519+0000] {logging_mixin.py:151} INFO - [2023-12-02T19:14:10.519+0000] {dag.py:2915} INFO - Sync 1 DAGs
[2023-12-02T19:14:10.558+0000] {logging_mixin.py:151} INFO - [2023-12-02T19:14:10.558+0000] {dag.py:3696} INFO - Setting next_dagrun for example_short_circuit_decorator to 2023-12-01T19:14:10.558142+00:00, run_after=2023-12-02T19:14:10.558142+00:00
[2023-12-02T19:14:10.588+0000] {processor.py:179} INFO - Processing /home/airflow/.local/lib/python3.8/site-packages/airflow/example_dags/example_short_circuit_decorator.py took 0.110 seconds
[2023-12-02T19:44:46.660+0000] {processor.py:157} INFO - Started process (PID=50026) to work on /home/airflow/.local/lib/python3.8/site-packages/airflow/example_dags/example_short_circuit_decorator.py
[2023-12-02T19:44:46.663+0000] {processor.py:829} INFO - Processing file /home/airflow/.local/lib/python3.8/site-packages/airflow/example_dags/example_short_circuit_decorator.py for tasks to queue
[2023-12-02T19:44:46.667+0000] {logging_mixin.py:151} INFO - [2023-12-02T19:44:46.666+0000] {dagbag.py:539} INFO - Filling up the DagBag from /home/airflow/.local/lib/python3.8/site-packages/airflow/example_dags/example_short_circuit_decorator.py
[2023-12-02T19:44:46.674+0000] {processor.py:839} INFO - DAG(s) dict_keys(['example_short_circuit_decorator']) retrieved from /home/airflow/.local/lib/python3.8/site-packages/airflow/example_dags/example_short_circuit_decorator.py
[2023-12-02T19:44:46.692+0000] {logging_mixin.py:151} INFO - [2023-12-02T19:44:46.692+0000] {dag.py:2915} INFO - Sync 1 DAGs
[2023-12-02T19:44:46.709+0000] {logging_mixin.py:151} INFO - [2023-12-02T19:44:46.709+0000] {dag.py:3696} INFO - Setting next_dagrun for example_short_circuit_decorator to 2023-12-01T19:44:46.708848+00:00, run_after=2023-12-02T19:44:46.708848+00:00
[2023-12-02T19:44:46.725+0000] {processor.py:179} INFO - Processing /home/airflow/.local/lib/python3.8/site-packages/airflow/example_dags/example_short_circuit_decorator.py took 0.072 seconds
[2023-12-02T20:21:19.672+0000] {processor.py:157} INFO - Started process (PID=50080) to work on /home/airflow/.local/lib/python3.8/site-packages/airflow/example_dags/example_short_circuit_decorator.py
[2023-12-02T20:21:19.673+0000] {processor.py:829} INFO - Processing file /home/airflow/.local/lib/python3.8/site-packages/airflow/example_dags/example_short_circuit_decorator.py for tasks to queue
[2023-12-02T20:21:19.675+0000] {logging_mixin.py:151} INFO - [2023-12-02T20:21:19.674+0000] {dagbag.py:539} INFO - Filling up the DagBag from /home/airflow/.local/lib/python3.8/site-packages/airflow/example_dags/example_short_circuit_decorator.py
[2023-12-02T20:21:19.681+0000] {processor.py:839} INFO - DAG(s) dict_keys(['example_short_circuit_decorator']) retrieved from /home/airflow/.local/lib/python3.8/site-packages/airflow/example_dags/example_short_circuit_decorator.py
[2023-12-02T20:21:19.694+0000] {logging_mixin.py:151} INFO - [2023-12-02T20:21:19.694+0000] {dag.py:2915} INFO - Sync 1 DAGs
[2023-12-02T20:21:19.706+0000] {logging_mixin.py:151} INFO - [2023-12-02T20:21:19.706+0000] {dag.py:3696} INFO - Setting next_dagrun for example_short_circuit_decorator to 2023-12-01T20:21:19.706516+00:00, run_after=2023-12-02T20:21:19.706516+00:00
[2023-12-02T20:21:19.715+0000] {processor.py:179} INFO - Processing /home/airflow/.local/lib/python3.8/site-packages/airflow/example_dags/example_short_circuit_decorator.py took 0.045 seconds
[2023-12-02T21:31:10.240+0000] {processor.py:157} INFO - Started process (PID=50135) to work on /home/airflow/.local/lib/python3.8/site-packages/airflow/example_dags/example_short_circuit_decorator.py
[2023-12-02T21:31:10.241+0000] {processor.py:829} INFO - Processing file /home/airflow/.local/lib/python3.8/site-packages/airflow/example_dags/example_short_circuit_decorator.py for tasks to queue
[2023-12-02T21:31:10.243+0000] {logging_mixin.py:151} INFO - [2023-12-02T21:31:10.243+0000] {dagbag.py:539} INFO - Filling up the DagBag from /home/airflow/.local/lib/python3.8/site-packages/airflow/example_dags/example_short_circuit_decorator.py
[2023-12-02T21:31:10.249+0000] {processor.py:839} INFO - DAG(s) dict_keys(['example_short_circuit_decorator']) retrieved from /home/airflow/.local/lib/python3.8/site-packages/airflow/example_dags/example_short_circuit_decorator.py
[2023-12-02T21:31:10.262+0000] {logging_mixin.py:151} INFO - [2023-12-02T21:31:10.262+0000] {dag.py:2915} INFO - Sync 1 DAGs
[2023-12-02T21:31:10.275+0000] {logging_mixin.py:151} INFO - [2023-12-02T21:31:10.274+0000] {dag.py:3696} INFO - Setting next_dagrun for example_short_circuit_decorator to 2023-12-01T21:31:10.274760+00:00, run_after=2023-12-02T21:31:10.274760+00:00
[2023-12-02T21:31:10.284+0000] {processor.py:179} INFO - Processing /home/airflow/.local/lib/python3.8/site-packages/airflow/example_dags/example_short_circuit_decorator.py took 0.046 seconds
[2023-12-02T22:08:22.437+0000] {processor.py:157} INFO - Started process (PID=50189) to work on /home/airflow/.local/lib/python3.8/site-packages/airflow/example_dags/example_short_circuit_decorator.py
[2023-12-02T22:08:22.438+0000] {processor.py:829} INFO - Processing file /home/airflow/.local/lib/python3.8/site-packages/airflow/example_dags/example_short_circuit_decorator.py for tasks to queue
[2023-12-02T22:08:22.442+0000] {logging_mixin.py:151} INFO - [2023-12-02T22:08:22.441+0000] {dagbag.py:539} INFO - Filling up the DagBag from /home/airflow/.local/lib/python3.8/site-packages/airflow/example_dags/example_short_circuit_decorator.py
[2023-12-02T22:08:22.450+0000] {processor.py:839} INFO - DAG(s) dict_keys(['example_short_circuit_decorator']) retrieved from /home/airflow/.local/lib/python3.8/site-packages/airflow/example_dags/example_short_circuit_decorator.py
[2023-12-02T22:08:22.467+0000] {logging_mixin.py:151} INFO - [2023-12-02T22:08:22.466+0000] {dag.py:2915} INFO - Sync 1 DAGs
[2023-12-02T22:08:22.485+0000] {logging_mixin.py:151} INFO - [2023-12-02T22:08:22.485+0000] {dag.py:3696} INFO - Setting next_dagrun for example_short_circuit_decorator to 2023-12-01T22:08:22.485134+00:00, run_after=2023-12-02T22:08:22.485134+00:00
[2023-12-02T22:08:22.496+0000] {processor.py:179} INFO - Processing /home/airflow/.local/lib/python3.8/site-packages/airflow/example_dags/example_short_circuit_decorator.py took 0.065 seconds
[2023-12-02T23:05:13.249+0000] {processor.py:157} INFO - Started process (PID=50243) to work on /home/airflow/.local/lib/python3.8/site-packages/airflow/example_dags/example_short_circuit_decorator.py
[2023-12-02T23:05:13.249+0000] {processor.py:829} INFO - Processing file /home/airflow/.local/lib/python3.8/site-packages/airflow/example_dags/example_short_circuit_decorator.py for tasks to queue
[2023-12-02T23:05:13.251+0000] {logging_mixin.py:151} INFO - [2023-12-02T23:05:13.251+0000] {dagbag.py:539} INFO - Filling up the DagBag from /home/airflow/.local/lib/python3.8/site-packages/airflow/example_dags/example_short_circuit_decorator.py
[2023-12-02T23:05:13.257+0000] {processor.py:839} INFO - DAG(s) dict_keys(['example_short_circuit_decorator']) retrieved from /home/airflow/.local/lib/python3.8/site-packages/airflow/example_dags/example_short_circuit_decorator.py
[2023-12-02T23:05:13.271+0000] {logging_mixin.py:151} INFO - [2023-12-02T23:05:13.270+0000] {dag.py:2915} INFO - Sync 1 DAGs
[2023-12-02T23:05:13.282+0000] {logging_mixin.py:151} INFO - [2023-12-02T23:05:13.282+0000] {dag.py:3696} INFO - Setting next_dagrun for example_short_circuit_decorator to 2023-12-01T23:05:13.281933+00:00, run_after=2023-12-02T23:05:13.281933+00:00
[2023-12-02T23:05:13.291+0000] {processor.py:179} INFO - Processing /home/airflow/.local/lib/python3.8/site-packages/airflow/example_dags/example_short_circuit_decorator.py took 0.044 seconds
[2023-12-02T23:30:58.395+0000] {processor.py:157} INFO - Started process (PID=50297) to work on /home/airflow/.local/lib/python3.8/site-packages/airflow/example_dags/example_short_circuit_decorator.py
[2023-12-02T23:30:58.396+0000] {processor.py:829} INFO - Processing file /home/airflow/.local/lib/python3.8/site-packages/airflow/example_dags/example_short_circuit_decorator.py for tasks to queue
[2023-12-02T23:30:58.399+0000] {logging_mixin.py:151} INFO - [2023-12-02T23:30:58.398+0000] {dagbag.py:539} INFO - Filling up the DagBag from /home/airflow/.local/lib/python3.8/site-packages/airflow/example_dags/example_short_circuit_decorator.py
[2023-12-02T23:30:58.407+0000] {processor.py:839} INFO - DAG(s) dict_keys(['example_short_circuit_decorator']) retrieved from /home/airflow/.local/lib/python3.8/site-packages/airflow/example_dags/example_short_circuit_decorator.py
[2023-12-02T23:30:58.428+0000] {logging_mixin.py:151} INFO - [2023-12-02T23:30:58.427+0000] {dag.py:2915} INFO - Sync 1 DAGs
[2023-12-02T23:30:58.448+0000] {logging_mixin.py:151} INFO - [2023-12-02T23:30:58.447+0000] {dag.py:3696} INFO - Setting next_dagrun for example_short_circuit_decorator to 2023-12-01T23:30:58.447737+00:00, run_after=2023-12-02T23:30:58.447737+00:00
[2023-12-02T23:30:58.457+0000] {processor.py:179} INFO - Processing /home/airflow/.local/lib/python3.8/site-packages/airflow/example_dags/example_short_circuit_decorator.py took 0.065 seconds
[2023-12-02T23:33:13.444+0000] {processor.py:157} INFO - Started process (PID=50350) to work on /home/airflow/.local/lib/python3.8/site-packages/airflow/example_dags/example_short_circuit_decorator.py
[2023-12-02T23:33:13.445+0000] {processor.py:829} INFO - Processing file /home/airflow/.local/lib/python3.8/site-packages/airflow/example_dags/example_short_circuit_decorator.py for tasks to queue
[2023-12-02T23:33:13.447+0000] {logging_mixin.py:151} INFO - [2023-12-02T23:33:13.447+0000] {dagbag.py:539} INFO - Filling up the DagBag from /home/airflow/.local/lib/python3.8/site-packages/airflow/example_dags/example_short_circuit_decorator.py
[2023-12-02T23:33:13.452+0000] {processor.py:839} INFO - DAG(s) dict_keys(['example_short_circuit_decorator']) retrieved from /home/airflow/.local/lib/python3.8/site-packages/airflow/example_dags/example_short_circuit_decorator.py
[2023-12-02T23:33:13.466+0000] {logging_mixin.py:151} INFO - [2023-12-02T23:33:13.466+0000] {dag.py:2915} INFO - Sync 1 DAGs
[2023-12-02T23:33:13.487+0000] {logging_mixin.py:151} INFO - [2023-12-02T23:33:13.486+0000] {dag.py:3696} INFO - Setting next_dagrun for example_short_circuit_decorator to 2023-12-01T23:33:13.486031+00:00, run_after=2023-12-02T23:33:13.486031+00:00
[2023-12-02T23:33:13.508+0000] {processor.py:179} INFO - Processing /home/airflow/.local/lib/python3.8/site-packages/airflow/example_dags/example_short_circuit_decorator.py took 0.066 seconds
[2023-12-02T23:52:08.573+0000] {processor.py:157} INFO - Started process (PID=50404) to work on /home/airflow/.local/lib/python3.8/site-packages/airflow/example_dags/example_short_circuit_decorator.py
[2023-12-02T23:52:08.575+0000] {processor.py:829} INFO - Processing file /home/airflow/.local/lib/python3.8/site-packages/airflow/example_dags/example_short_circuit_decorator.py for tasks to queue
[2023-12-02T23:52:08.578+0000] {logging_mixin.py:151} INFO - [2023-12-02T23:52:08.577+0000] {dagbag.py:539} INFO - Filling up the DagBag from /home/airflow/.local/lib/python3.8/site-packages/airflow/example_dags/example_short_circuit_decorator.py
[2023-12-02T23:52:08.585+0000] {processor.py:839} INFO - DAG(s) dict_keys(['example_short_circuit_decorator']) retrieved from /home/airflow/.local/lib/python3.8/site-packages/airflow/example_dags/example_short_circuit_decorator.py
[2023-12-02T23:52:08.603+0000] {logging_mixin.py:151} INFO - [2023-12-02T23:52:08.603+0000] {dag.py:2915} INFO - Sync 1 DAGs
[2023-12-02T23:52:08.618+0000] {logging_mixin.py:151} INFO - [2023-12-02T23:52:08.618+0000] {dag.py:3696} INFO - Setting next_dagrun for example_short_circuit_decorator to 2023-12-01T23:52:08.618301+00:00, run_after=2023-12-02T23:52:08.618301+00:00
[2023-12-02T23:52:08.652+0000] {processor.py:179} INFO - Processing /home/airflow/.local/lib/python3.8/site-packages/airflow/example_dags/example_short_circuit_decorator.py took 0.084 seconds
