[2023-12-02T00:15:16.835+0000] {processor.py:157} INFO - Started process (PID=48092) to work on /home/airflow/.local/lib/python3.8/site-packages/airflow/example_dags/example_trigger_controller_dag.py
[2023-12-02T00:15:16.836+0000] {processor.py:829} INFO - Processing file /home/airflow/.local/lib/python3.8/site-packages/airflow/example_dags/example_trigger_controller_dag.py for tasks to queue
[2023-12-02T00:15:16.838+0000] {logging_mixin.py:151} INFO - [2023-12-02T00:15:16.837+0000] {dagbag.py:539} INFO - Filling up the DagBag from /home/airflow/.local/lib/python3.8/site-packages/airflow/example_dags/example_trigger_controller_dag.py
[2023-12-02T00:15:16.842+0000] {processor.py:839} INFO - DAG(s) dict_keys(['example_trigger_controller_dag']) retrieved from /home/airflow/.local/lib/python3.8/site-packages/airflow/example_dags/example_trigger_controller_dag.py
[2023-12-02T00:15:16.857+0000] {logging_mixin.py:151} INFO - [2023-12-02T00:15:16.857+0000] {dag.py:2915} INFO - Sync 1 DAGs
[2023-12-02T00:15:16.973+0000] {logging_mixin.py:151} INFO - [2023-12-02T00:15:16.973+0000] {dag.py:3696} INFO - Setting next_dagrun for example_trigger_controller_dag to 2021-01-01T00:00:00+00:00, run_after=2021-01-01T00:00:00+00:00
[2023-12-02T00:15:16.982+0000] {processor.py:179} INFO - Processing /home/airflow/.local/lib/python3.8/site-packages/airflow/example_dags/example_trigger_controller_dag.py took 0.151 seconds
[2023-12-02T00:57:24.146+0000] {processor.py:157} INFO - Started process (PID=48146) to work on /home/airflow/.local/lib/python3.8/site-packages/airflow/example_dags/example_trigger_controller_dag.py
[2023-12-02T00:57:24.148+0000] {processor.py:829} INFO - Processing file /home/airflow/.local/lib/python3.8/site-packages/airflow/example_dags/example_trigger_controller_dag.py for tasks to queue
[2023-12-02T00:57:24.151+0000] {logging_mixin.py:151} INFO - [2023-12-02T00:57:24.151+0000] {dagbag.py:539} INFO - Filling up the DagBag from /home/airflow/.local/lib/python3.8/site-packages/airflow/example_dags/example_trigger_controller_dag.py
[2023-12-02T00:57:24.158+0000] {processor.py:839} INFO - DAG(s) dict_keys(['example_trigger_controller_dag']) retrieved from /home/airflow/.local/lib/python3.8/site-packages/airflow/example_dags/example_trigger_controller_dag.py
[2023-12-02T00:57:24.432+0000] {logging_mixin.py:151} INFO - [2023-12-02T00:57:24.431+0000] {dag.py:2915} INFO - Sync 1 DAGs
[2023-12-02T00:57:24.467+0000] {logging_mixin.py:151} INFO - [2023-12-02T00:57:24.466+0000] {dag.py:3696} INFO - Setting next_dagrun for example_trigger_controller_dag to 2021-01-01T00:00:00+00:00, run_after=2021-01-01T00:00:00+00:00
[2023-12-02T00:57:24.933+0000] {processor.py:179} INFO - Processing /home/airflow/.local/lib/python3.8/site-packages/airflow/example_dags/example_trigger_controller_dag.py took 0.794 seconds
[2023-12-02T01:08:04.012+0000] {processor.py:157} INFO - Started process (PID=48200) to work on /home/airflow/.local/lib/python3.8/site-packages/airflow/example_dags/example_trigger_controller_dag.py
[2023-12-02T01:08:04.013+0000] {processor.py:829} INFO - Processing file /home/airflow/.local/lib/python3.8/site-packages/airflow/example_dags/example_trigger_controller_dag.py for tasks to queue
[2023-12-02T01:08:04.015+0000] {logging_mixin.py:151} INFO - [2023-12-02T01:08:04.015+0000] {dagbag.py:539} INFO - Filling up the DagBag from /home/airflow/.local/lib/python3.8/site-packages/airflow/example_dags/example_trigger_controller_dag.py
[2023-12-02T01:08:04.020+0000] {processor.py:839} INFO - DAG(s) dict_keys(['example_trigger_controller_dag']) retrieved from /home/airflow/.local/lib/python3.8/site-packages/airflow/example_dags/example_trigger_controller_dag.py
[2023-12-02T01:08:04.035+0000] {logging_mixin.py:151} INFO - [2023-12-02T01:08:04.035+0000] {dag.py:2915} INFO - Sync 1 DAGs
[2023-12-02T01:08:04.049+0000] {logging_mixin.py:151} INFO - [2023-12-02T01:08:04.049+0000] {dag.py:3696} INFO - Setting next_dagrun for example_trigger_controller_dag to 2021-01-01T00:00:00+00:00, run_after=2021-01-01T00:00:00+00:00
[2023-12-02T01:08:04.065+0000] {processor.py:179} INFO - Processing /home/airflow/.local/lib/python3.8/site-packages/airflow/example_dags/example_trigger_controller_dag.py took 0.058 seconds
[2023-12-02T02:09:42.165+0000] {processor.py:157} INFO - Started process (PID=48254) to work on /home/airflow/.local/lib/python3.8/site-packages/airflow/example_dags/example_trigger_controller_dag.py
[2023-12-02T02:09:42.166+0000] {processor.py:829} INFO - Processing file /home/airflow/.local/lib/python3.8/site-packages/airflow/example_dags/example_trigger_controller_dag.py for tasks to queue
[2023-12-02T02:09:42.168+0000] {logging_mixin.py:151} INFO - [2023-12-02T02:09:42.167+0000] {dagbag.py:539} INFO - Filling up the DagBag from /home/airflow/.local/lib/python3.8/site-packages/airflow/example_dags/example_trigger_controller_dag.py
[2023-12-02T02:09:42.174+0000] {processor.py:839} INFO - DAG(s) dict_keys(['example_trigger_controller_dag']) retrieved from /home/airflow/.local/lib/python3.8/site-packages/airflow/example_dags/example_trigger_controller_dag.py
[2023-12-02T02:09:42.306+0000] {logging_mixin.py:151} INFO - [2023-12-02T02:09:42.305+0000] {dag.py:2915} INFO - Sync 1 DAGs
[2023-12-02T02:09:42.317+0000] {logging_mixin.py:151} INFO - [2023-12-02T02:09:42.317+0000] {dag.py:3696} INFO - Setting next_dagrun for example_trigger_controller_dag to 2021-01-01T00:00:00+00:00, run_after=2021-01-01T00:00:00+00:00
[2023-12-02T02:09:42.327+0000] {processor.py:179} INFO - Processing /home/airflow/.local/lib/python3.8/site-packages/airflow/example_dags/example_trigger_controller_dag.py took 0.165 seconds
[2023-12-02T02:48:11.634+0000] {processor.py:157} INFO - Started process (PID=48309) to work on /home/airflow/.local/lib/python3.8/site-packages/airflow/example_dags/example_trigger_controller_dag.py
[2023-12-02T02:48:11.635+0000] {processor.py:829} INFO - Processing file /home/airflow/.local/lib/python3.8/site-packages/airflow/example_dags/example_trigger_controller_dag.py for tasks to queue
[2023-12-02T02:48:11.637+0000] {logging_mixin.py:151} INFO - [2023-12-02T02:48:11.637+0000] {dagbag.py:539} INFO - Filling up the DagBag from /home/airflow/.local/lib/python3.8/site-packages/airflow/example_dags/example_trigger_controller_dag.py
[2023-12-02T02:48:11.642+0000] {processor.py:839} INFO - DAG(s) dict_keys(['example_trigger_controller_dag']) retrieved from /home/airflow/.local/lib/python3.8/site-packages/airflow/example_dags/example_trigger_controller_dag.py
[2023-12-02T02:48:11.662+0000] {logging_mixin.py:151} INFO - [2023-12-02T02:48:11.662+0000] {dag.py:2915} INFO - Sync 1 DAGs
[2023-12-02T02:48:11.774+0000] {logging_mixin.py:151} INFO - [2023-12-02T02:48:11.774+0000] {dag.py:3696} INFO - Setting next_dagrun for example_trigger_controller_dag to 2021-01-01T00:00:00+00:00, run_after=2021-01-01T00:00:00+00:00
[2023-12-02T02:48:11.793+0000] {processor.py:179} INFO - Processing /home/airflow/.local/lib/python3.8/site-packages/airflow/example_dags/example_trigger_controller_dag.py took 0.164 seconds
[2023-12-02T03:45:59.588+0000] {processor.py:157} INFO - Started process (PID=48363) to work on /home/airflow/.local/lib/python3.8/site-packages/airflow/example_dags/example_trigger_controller_dag.py
[2023-12-02T03:45:59.590+0000] {processor.py:829} INFO - Processing file /home/airflow/.local/lib/python3.8/site-packages/airflow/example_dags/example_trigger_controller_dag.py for tasks to queue
[2023-12-02T03:45:59.593+0000] {logging_mixin.py:151} INFO - [2023-12-02T03:45:59.592+0000] {dagbag.py:539} INFO - Filling up the DagBag from /home/airflow/.local/lib/python3.8/site-packages/airflow/example_dags/example_trigger_controller_dag.py
[2023-12-02T03:45:59.599+0000] {processor.py:839} INFO - DAG(s) dict_keys(['example_trigger_controller_dag']) retrieved from /home/airflow/.local/lib/python3.8/site-packages/airflow/example_dags/example_trigger_controller_dag.py
[2023-12-02T03:45:59.617+0000] {logging_mixin.py:151} INFO - [2023-12-02T03:45:59.617+0000] {dag.py:2915} INFO - Sync 1 DAGs
[2023-12-02T03:45:59.634+0000] {logging_mixin.py:151} INFO - [2023-12-02T03:45:59.634+0000] {dag.py:3696} INFO - Setting next_dagrun for example_trigger_controller_dag to 2021-01-01T00:00:00+00:00, run_after=2021-01-01T00:00:00+00:00
[2023-12-02T03:45:59.743+0000] {processor.py:179} INFO - Processing /home/airflow/.local/lib/python3.8/site-packages/airflow/example_dags/example_trigger_controller_dag.py took 0.159 seconds
[2023-12-02T05:04:05.703+0000] {processor.py:157} INFO - Started process (PID=48417) to work on /home/airflow/.local/lib/python3.8/site-packages/airflow/example_dags/example_trigger_controller_dag.py
[2023-12-02T05:04:05.704+0000] {processor.py:829} INFO - Processing file /home/airflow/.local/lib/python3.8/site-packages/airflow/example_dags/example_trigger_controller_dag.py for tasks to queue
[2023-12-02T05:04:05.706+0000] {logging_mixin.py:151} INFO - [2023-12-02T05:04:05.706+0000] {dagbag.py:539} INFO - Filling up the DagBag from /home/airflow/.local/lib/python3.8/site-packages/airflow/example_dags/example_trigger_controller_dag.py
[2023-12-02T05:04:05.711+0000] {processor.py:839} INFO - DAG(s) dict_keys(['example_trigger_controller_dag']) retrieved from /home/airflow/.local/lib/python3.8/site-packages/airflow/example_dags/example_trigger_controller_dag.py
[2023-12-02T05:04:05.727+0000] {logging_mixin.py:151} INFO - [2023-12-02T05:04:05.727+0000] {dag.py:2915} INFO - Sync 1 DAGs
[2023-12-02T05:04:05.739+0000] {logging_mixin.py:151} INFO - [2023-12-02T05:04:05.739+0000] {dag.py:3696} INFO - Setting next_dagrun for example_trigger_controller_dag to 2021-01-01T00:00:00+00:00, run_after=2021-01-01T00:00:00+00:00
[2023-12-02T05:04:05.749+0000] {processor.py:179} INFO - Processing /home/airflow/.local/lib/python3.8/site-packages/airflow/example_dags/example_trigger_controller_dag.py took 0.050 seconds
[2023-12-02T06:07:24.959+0000] {processor.py:157} INFO - Started process (PID=48471) to work on /home/airflow/.local/lib/python3.8/site-packages/airflow/example_dags/example_trigger_controller_dag.py
[2023-12-02T06:07:24.960+0000] {processor.py:829} INFO - Processing file /home/airflow/.local/lib/python3.8/site-packages/airflow/example_dags/example_trigger_controller_dag.py for tasks to queue
[2023-12-02T06:07:24.962+0000] {logging_mixin.py:151} INFO - [2023-12-02T06:07:24.962+0000] {dagbag.py:539} INFO - Filling up the DagBag from /home/airflow/.local/lib/python3.8/site-packages/airflow/example_dags/example_trigger_controller_dag.py
[2023-12-02T06:07:24.966+0000] {processor.py:839} INFO - DAG(s) dict_keys(['example_trigger_controller_dag']) retrieved from /home/airflow/.local/lib/python3.8/site-packages/airflow/example_dags/example_trigger_controller_dag.py
[2023-12-02T06:07:24.982+0000] {logging_mixin.py:151} INFO - [2023-12-02T06:07:24.982+0000] {dag.py:2915} INFO - Sync 1 DAGs
[2023-12-02T06:07:24.995+0000] {logging_mixin.py:151} INFO - [2023-12-02T06:07:24.995+0000] {dag.py:3696} INFO - Setting next_dagrun for example_trigger_controller_dag to 2021-01-01T00:00:00+00:00, run_after=2021-01-01T00:00:00+00:00
[2023-12-02T06:07:25.005+0000] {processor.py:179} INFO - Processing /home/airflow/.local/lib/python3.8/site-packages/airflow/example_dags/example_trigger_controller_dag.py took 0.050 seconds
[2023-12-02T07:04:10.101+0000] {processor.py:157} INFO - Started process (PID=48525) to work on /home/airflow/.local/lib/python3.8/site-packages/airflow/example_dags/example_trigger_controller_dag.py
[2023-12-02T07:04:10.102+0000] {processor.py:829} INFO - Processing file /home/airflow/.local/lib/python3.8/site-packages/airflow/example_dags/example_trigger_controller_dag.py for tasks to queue
[2023-12-02T07:04:10.104+0000] {logging_mixin.py:151} INFO - [2023-12-02T07:04:10.104+0000] {dagbag.py:539} INFO - Filling up the DagBag from /home/airflow/.local/lib/python3.8/site-packages/airflow/example_dags/example_trigger_controller_dag.py
[2023-12-02T07:04:10.109+0000] {processor.py:839} INFO - DAG(s) dict_keys(['example_trigger_controller_dag']) retrieved from /home/airflow/.local/lib/python3.8/site-packages/airflow/example_dags/example_trigger_controller_dag.py
[2023-12-02T07:04:10.134+0000] {logging_mixin.py:151} INFO - [2023-12-02T07:04:10.134+0000] {dag.py:2915} INFO - Sync 1 DAGs
[2023-12-02T07:04:10.158+0000] {logging_mixin.py:151} INFO - [2023-12-02T07:04:10.158+0000] {dag.py:3696} INFO - Setting next_dagrun for example_trigger_controller_dag to 2021-01-01T00:00:00+00:00, run_after=2021-01-01T00:00:00+00:00
[2023-12-02T07:04:10.174+0000] {processor.py:179} INFO - Processing /home/airflow/.local/lib/python3.8/site-packages/airflow/example_dags/example_trigger_controller_dag.py took 0.076 seconds
[2023-12-02T08:07:55.455+0000] {processor.py:157} INFO - Started process (PID=48579) to work on /home/airflow/.local/lib/python3.8/site-packages/airflow/example_dags/example_trigger_controller_dag.py
[2023-12-02T08:07:55.456+0000] {processor.py:829} INFO - Processing file /home/airflow/.local/lib/python3.8/site-packages/airflow/example_dags/example_trigger_controller_dag.py for tasks to queue
[2023-12-02T08:07:55.458+0000] {logging_mixin.py:151} INFO - [2023-12-02T08:07:55.458+0000] {dagbag.py:539} INFO - Filling up the DagBag from /home/airflow/.local/lib/python3.8/site-packages/airflow/example_dags/example_trigger_controller_dag.py
[2023-12-02T08:07:55.464+0000] {processor.py:839} INFO - DAG(s) dict_keys(['example_trigger_controller_dag']) retrieved from /home/airflow/.local/lib/python3.8/site-packages/airflow/example_dags/example_trigger_controller_dag.py
[2023-12-02T08:07:55.483+0000] {logging_mixin.py:151} INFO - [2023-12-02T08:07:55.483+0000] {dag.py:2915} INFO - Sync 1 DAGs
[2023-12-02T08:07:55.503+0000] {logging_mixin.py:151} INFO - [2023-12-02T08:07:55.502+0000] {dag.py:3696} INFO - Setting next_dagrun for example_trigger_controller_dag to 2021-01-01T00:00:00+00:00, run_after=2021-01-01T00:00:00+00:00
[2023-12-02T08:07:55.518+0000] {processor.py:179} INFO - Processing /home/airflow/.local/lib/python3.8/site-packages/airflow/example_dags/example_trigger_controller_dag.py took 0.068 seconds
[2023-12-02T09:19:32.211+0000] {processor.py:157} INFO - Started process (PID=48633) to work on /home/airflow/.local/lib/python3.8/site-packages/airflow/example_dags/example_trigger_controller_dag.py
[2023-12-02T09:19:32.213+0000] {processor.py:829} INFO - Processing file /home/airflow/.local/lib/python3.8/site-packages/airflow/example_dags/example_trigger_controller_dag.py for tasks to queue
[2023-12-02T09:19:32.215+0000] {logging_mixin.py:151} INFO - [2023-12-02T09:19:32.215+0000] {dagbag.py:539} INFO - Filling up the DagBag from /home/airflow/.local/lib/python3.8/site-packages/airflow/example_dags/example_trigger_controller_dag.py
[2023-12-02T09:19:32.219+0000] {processor.py:839} INFO - DAG(s) dict_keys(['example_trigger_controller_dag']) retrieved from /home/airflow/.local/lib/python3.8/site-packages/airflow/example_dags/example_trigger_controller_dag.py
[2023-12-02T09:19:32.237+0000] {logging_mixin.py:151} INFO - [2023-12-02T09:19:32.237+0000] {dag.py:2915} INFO - Sync 1 DAGs
[2023-12-02T09:19:32.251+0000] {logging_mixin.py:151} INFO - [2023-12-02T09:19:32.250+0000] {dag.py:3696} INFO - Setting next_dagrun for example_trigger_controller_dag to 2021-01-01T00:00:00+00:00, run_after=2021-01-01T00:00:00+00:00
[2023-12-02T09:19:32.262+0000] {processor.py:179} INFO - Processing /home/airflow/.local/lib/python3.8/site-packages/airflow/example_dags/example_trigger_controller_dag.py took 0.055 seconds
[2023-12-02T09:58:56.280+0000] {processor.py:157} INFO - Started process (PID=48687) to work on /home/airflow/.local/lib/python3.8/site-packages/airflow/example_dags/example_trigger_controller_dag.py
[2023-12-02T09:58:56.281+0000] {processor.py:829} INFO - Processing file /home/airflow/.local/lib/python3.8/site-packages/airflow/example_dags/example_trigger_controller_dag.py for tasks to queue
[2023-12-02T09:58:56.283+0000] {logging_mixin.py:151} INFO - [2023-12-02T09:58:56.283+0000] {dagbag.py:539} INFO - Filling up the DagBag from /home/airflow/.local/lib/python3.8/site-packages/airflow/example_dags/example_trigger_controller_dag.py
[2023-12-02T09:58:56.287+0000] {processor.py:839} INFO - DAG(s) dict_keys(['example_trigger_controller_dag']) retrieved from /home/airflow/.local/lib/python3.8/site-packages/airflow/example_dags/example_trigger_controller_dag.py
[2023-12-02T09:58:56.306+0000] {logging_mixin.py:151} INFO - [2023-12-02T09:58:56.306+0000] {dag.py:2915} INFO - Sync 1 DAGs
[2023-12-02T09:58:56.324+0000] {logging_mixin.py:151} INFO - [2023-12-02T09:58:56.323+0000] {dag.py:3696} INFO - Setting next_dagrun for example_trigger_controller_dag to 2021-01-01T00:00:00+00:00, run_after=2021-01-01T00:00:00+00:00
[2023-12-02T09:58:56.335+0000] {processor.py:179} INFO - Processing /home/airflow/.local/lib/python3.8/site-packages/airflow/example_dags/example_trigger_controller_dag.py took 0.058 seconds
[2023-12-02T10:00:56.606+0000] {processor.py:157} INFO - Started process (PID=48741) to work on /home/airflow/.local/lib/python3.8/site-packages/airflow/example_dags/example_trigger_controller_dag.py
[2023-12-02T10:00:56.607+0000] {processor.py:829} INFO - Processing file /home/airflow/.local/lib/python3.8/site-packages/airflow/example_dags/example_trigger_controller_dag.py for tasks to queue
[2023-12-02T10:00:56.611+0000] {logging_mixin.py:151} INFO - [2023-12-02T10:00:56.610+0000] {dagbag.py:539} INFO - Filling up the DagBag from /home/airflow/.local/lib/python3.8/site-packages/airflow/example_dags/example_trigger_controller_dag.py
[2023-12-02T10:00:56.617+0000] {processor.py:839} INFO - DAG(s) dict_keys(['example_trigger_controller_dag']) retrieved from /home/airflow/.local/lib/python3.8/site-packages/airflow/example_dags/example_trigger_controller_dag.py
[2023-12-02T10:00:56.636+0000] {logging_mixin.py:151} INFO - [2023-12-02T10:00:56.636+0000] {dag.py:2915} INFO - Sync 1 DAGs
[2023-12-02T10:00:56.657+0000] {logging_mixin.py:151} INFO - [2023-12-02T10:00:56.656+0000] {dag.py:3696} INFO - Setting next_dagrun for example_trigger_controller_dag to 2021-01-01T00:00:00+00:00, run_after=2021-01-01T00:00:00+00:00
[2023-12-02T10:00:56.670+0000] {processor.py:179} INFO - Processing /home/airflow/.local/lib/python3.8/site-packages/airflow/example_dags/example_trigger_controller_dag.py took 0.068 seconds
[2023-12-02T10:20:42.262+0000] {processor.py:157} INFO - Started process (PID=48795) to work on /home/airflow/.local/lib/python3.8/site-packages/airflow/example_dags/example_trigger_controller_dag.py
[2023-12-02T10:20:42.263+0000] {processor.py:829} INFO - Processing file /home/airflow/.local/lib/python3.8/site-packages/airflow/example_dags/example_trigger_controller_dag.py for tasks to queue
[2023-12-02T10:20:42.266+0000] {logging_mixin.py:151} INFO - [2023-12-02T10:20:42.265+0000] {dagbag.py:539} INFO - Filling up the DagBag from /home/airflow/.local/lib/python3.8/site-packages/airflow/example_dags/example_trigger_controller_dag.py
[2023-12-02T10:20:42.270+0000] {processor.py:839} INFO - DAG(s) dict_keys(['example_trigger_controller_dag']) retrieved from /home/airflow/.local/lib/python3.8/site-packages/airflow/example_dags/example_trigger_controller_dag.py
[2023-12-02T10:20:42.290+0000] {logging_mixin.py:151} INFO - [2023-12-02T10:20:42.290+0000] {dag.py:2915} INFO - Sync 1 DAGs
[2023-12-02T10:20:42.309+0000] {logging_mixin.py:151} INFO - [2023-12-02T10:20:42.309+0000] {dag.py:3696} INFO - Setting next_dagrun for example_trigger_controller_dag to 2021-01-01T00:00:00+00:00, run_after=2021-01-01T00:00:00+00:00
[2023-12-02T10:20:42.325+0000] {processor.py:179} INFO - Processing /home/airflow/.local/lib/python3.8/site-packages/airflow/example_dags/example_trigger_controller_dag.py took 0.067 seconds
[2023-12-02T10:41:01.975+0000] {processor.py:157} INFO - Started process (PID=48850) to work on /home/airflow/.local/lib/python3.8/site-packages/airflow/example_dags/example_trigger_controller_dag.py
[2023-12-02T10:41:01.976+0000] {processor.py:829} INFO - Processing file /home/airflow/.local/lib/python3.8/site-packages/airflow/example_dags/example_trigger_controller_dag.py for tasks to queue
[2023-12-02T10:41:01.978+0000] {logging_mixin.py:151} INFO - [2023-12-02T10:41:01.978+0000] {dagbag.py:539} INFO - Filling up the DagBag from /home/airflow/.local/lib/python3.8/site-packages/airflow/example_dags/example_trigger_controller_dag.py
[2023-12-02T10:41:01.982+0000] {processor.py:839} INFO - DAG(s) dict_keys(['example_trigger_controller_dag']) retrieved from /home/airflow/.local/lib/python3.8/site-packages/airflow/example_dags/example_trigger_controller_dag.py
[2023-12-02T10:41:01.995+0000] {logging_mixin.py:151} INFO - [2023-12-02T10:41:01.995+0000] {dag.py:2915} INFO - Sync 1 DAGs
[2023-12-02T10:41:02.008+0000] {logging_mixin.py:151} INFO - [2023-12-02T10:41:02.008+0000] {dag.py:3696} INFO - Setting next_dagrun for example_trigger_controller_dag to 2021-01-01T00:00:00+00:00, run_after=2021-01-01T00:00:00+00:00
[2023-12-02T10:41:02.019+0000] {processor.py:179} INFO - Processing /home/airflow/.local/lib/python3.8/site-packages/airflow/example_dags/example_trigger_controller_dag.py took 0.047 seconds
[2023-12-02T11:01:13.876+0000] {processor.py:157} INFO - Started process (PID=48904) to work on /home/airflow/.local/lib/python3.8/site-packages/airflow/example_dags/example_trigger_controller_dag.py
[2023-12-02T11:01:13.877+0000] {processor.py:829} INFO - Processing file /home/airflow/.local/lib/python3.8/site-packages/airflow/example_dags/example_trigger_controller_dag.py for tasks to queue
[2023-12-02T11:01:13.879+0000] {logging_mixin.py:151} INFO - [2023-12-02T11:01:13.879+0000] {dagbag.py:539} INFO - Filling up the DagBag from /home/airflow/.local/lib/python3.8/site-packages/airflow/example_dags/example_trigger_controller_dag.py
[2023-12-02T11:01:13.884+0000] {processor.py:839} INFO - DAG(s) dict_keys(['example_trigger_controller_dag']) retrieved from /home/airflow/.local/lib/python3.8/site-packages/airflow/example_dags/example_trigger_controller_dag.py
[2023-12-02T11:01:13.901+0000] {logging_mixin.py:151} INFO - [2023-12-02T11:01:13.901+0000] {dag.py:2915} INFO - Sync 1 DAGs
[2023-12-02T11:01:13.916+0000] {logging_mixin.py:151} INFO - [2023-12-02T11:01:13.915+0000] {dag.py:3696} INFO - Setting next_dagrun for example_trigger_controller_dag to 2021-01-01T00:00:00+00:00, run_after=2021-01-01T00:00:00+00:00
[2023-12-02T11:01:13.927+0000] {processor.py:179} INFO - Processing /home/airflow/.local/lib/python3.8/site-packages/airflow/example_dags/example_trigger_controller_dag.py took 0.054 seconds
[2023-12-02T11:08:51.078+0000] {processor.py:157} INFO - Started process (PID=48958) to work on /home/airflow/.local/lib/python3.8/site-packages/airflow/example_dags/example_trigger_controller_dag.py
[2023-12-02T11:08:51.079+0000] {processor.py:829} INFO - Processing file /home/airflow/.local/lib/python3.8/site-packages/airflow/example_dags/example_trigger_controller_dag.py for tasks to queue
[2023-12-02T11:08:51.082+0000] {logging_mixin.py:151} INFO - [2023-12-02T11:08:51.082+0000] {dagbag.py:539} INFO - Filling up the DagBag from /home/airflow/.local/lib/python3.8/site-packages/airflow/example_dags/example_trigger_controller_dag.py
[2023-12-02T11:08:51.088+0000] {processor.py:839} INFO - DAG(s) dict_keys(['example_trigger_controller_dag']) retrieved from /home/airflow/.local/lib/python3.8/site-packages/airflow/example_dags/example_trigger_controller_dag.py
[2023-12-02T11:08:51.106+0000] {logging_mixin.py:151} INFO - [2023-12-02T11:08:51.106+0000] {dag.py:2915} INFO - Sync 1 DAGs
[2023-12-02T11:08:51.125+0000] {logging_mixin.py:151} INFO - [2023-12-02T11:08:51.124+0000] {dag.py:3696} INFO - Setting next_dagrun for example_trigger_controller_dag to 2021-01-01T00:00:00+00:00, run_after=2021-01-01T00:00:00+00:00
[2023-12-02T11:08:51.139+0000] {processor.py:179} INFO - Processing /home/airflow/.local/lib/python3.8/site-packages/airflow/example_dags/example_trigger_controller_dag.py took 0.064 seconds
[2023-12-02T11:21:32.373+0000] {processor.py:157} INFO - Started process (PID=49012) to work on /home/airflow/.local/lib/python3.8/site-packages/airflow/example_dags/example_trigger_controller_dag.py
[2023-12-02T11:21:32.374+0000] {processor.py:829} INFO - Processing file /home/airflow/.local/lib/python3.8/site-packages/airflow/example_dags/example_trigger_controller_dag.py for tasks to queue
[2023-12-02T11:21:32.377+0000] {logging_mixin.py:151} INFO - [2023-12-02T11:21:32.377+0000] {dagbag.py:539} INFO - Filling up the DagBag from /home/airflow/.local/lib/python3.8/site-packages/airflow/example_dags/example_trigger_controller_dag.py
[2023-12-02T11:21:32.382+0000] {processor.py:839} INFO - DAG(s) dict_keys(['example_trigger_controller_dag']) retrieved from /home/airflow/.local/lib/python3.8/site-packages/airflow/example_dags/example_trigger_controller_dag.py
[2023-12-02T11:21:32.398+0000] {logging_mixin.py:151} INFO - [2023-12-02T11:21:32.398+0000] {dag.py:2915} INFO - Sync 1 DAGs
[2023-12-02T11:21:32.410+0000] {logging_mixin.py:151} INFO - [2023-12-02T11:21:32.410+0000] {dag.py:3696} INFO - Setting next_dagrun for example_trigger_controller_dag to 2021-01-01T00:00:00+00:00, run_after=2021-01-01T00:00:00+00:00
[2023-12-02T11:21:32.421+0000] {processor.py:179} INFO - Processing /home/airflow/.local/lib/python3.8/site-packages/airflow/example_dags/example_trigger_controller_dag.py took 0.053 seconds
[2023-12-02T11:33:22.590+0000] {processor.py:157} INFO - Started process (PID=49066) to work on /home/airflow/.local/lib/python3.8/site-packages/airflow/example_dags/example_trigger_controller_dag.py
[2023-12-02T11:33:22.591+0000] {processor.py:829} INFO - Processing file /home/airflow/.local/lib/python3.8/site-packages/airflow/example_dags/example_trigger_controller_dag.py for tasks to queue
[2023-12-02T11:33:22.593+0000] {logging_mixin.py:151} INFO - [2023-12-02T11:33:22.593+0000] {dagbag.py:539} INFO - Filling up the DagBag from /home/airflow/.local/lib/python3.8/site-packages/airflow/example_dags/example_trigger_controller_dag.py
[2023-12-02T11:33:22.596+0000] {processor.py:839} INFO - DAG(s) dict_keys(['example_trigger_controller_dag']) retrieved from /home/airflow/.local/lib/python3.8/site-packages/airflow/example_dags/example_trigger_controller_dag.py
[2023-12-02T11:33:22.613+0000] {logging_mixin.py:151} INFO - [2023-12-02T11:33:22.613+0000] {dag.py:2915} INFO - Sync 1 DAGs
[2023-12-02T11:33:22.636+0000] {logging_mixin.py:151} INFO - [2023-12-02T11:33:22.636+0000] {dag.py:3696} INFO - Setting next_dagrun for example_trigger_controller_dag to 2021-01-01T00:00:00+00:00, run_after=2021-01-01T00:00:00+00:00
[2023-12-02T11:33:22.648+0000] {processor.py:179} INFO - Processing /home/airflow/.local/lib/python3.8/site-packages/airflow/example_dags/example_trigger_controller_dag.py took 0.060 seconds
[2023-12-02T11:36:39.408+0000] {processor.py:157} INFO - Started process (PID=49120) to work on /home/airflow/.local/lib/python3.8/site-packages/airflow/example_dags/example_trigger_controller_dag.py
[2023-12-02T11:36:39.409+0000] {processor.py:829} INFO - Processing file /home/airflow/.local/lib/python3.8/site-packages/airflow/example_dags/example_trigger_controller_dag.py for tasks to queue
[2023-12-02T11:36:39.410+0000] {logging_mixin.py:151} INFO - [2023-12-02T11:36:39.410+0000] {dagbag.py:539} INFO - Filling up the DagBag from /home/airflow/.local/lib/python3.8/site-packages/airflow/example_dags/example_trigger_controller_dag.py
[2023-12-02T11:36:39.414+0000] {processor.py:839} INFO - DAG(s) dict_keys(['example_trigger_controller_dag']) retrieved from /home/airflow/.local/lib/python3.8/site-packages/airflow/example_dags/example_trigger_controller_dag.py
[2023-12-02T11:36:39.428+0000] {logging_mixin.py:151} INFO - [2023-12-02T11:36:39.428+0000] {dag.py:2915} INFO - Sync 1 DAGs
[2023-12-02T11:36:39.443+0000] {logging_mixin.py:151} INFO - [2023-12-02T11:36:39.443+0000] {dag.py:3696} INFO - Setting next_dagrun for example_trigger_controller_dag to 2021-01-01T00:00:00+00:00, run_after=2021-01-01T00:00:00+00:00
[2023-12-02T11:36:39.462+0000] {processor.py:179} INFO - Processing /home/airflow/.local/lib/python3.8/site-packages/airflow/example_dags/example_trigger_controller_dag.py took 0.058 seconds
[2023-12-02T11:56:17.858+0000] {processor.py:157} INFO - Started process (PID=49174) to work on /home/airflow/.local/lib/python3.8/site-packages/airflow/example_dags/example_trigger_controller_dag.py
[2023-12-02T11:56:17.859+0000] {processor.py:829} INFO - Processing file /home/airflow/.local/lib/python3.8/site-packages/airflow/example_dags/example_trigger_controller_dag.py for tasks to queue
[2023-12-02T11:56:17.860+0000] {logging_mixin.py:151} INFO - [2023-12-02T11:56:17.860+0000] {dagbag.py:539} INFO - Filling up the DagBag from /home/airflow/.local/lib/python3.8/site-packages/airflow/example_dags/example_trigger_controller_dag.py
[2023-12-02T11:56:17.864+0000] {processor.py:839} INFO - DAG(s) dict_keys(['example_trigger_controller_dag']) retrieved from /home/airflow/.local/lib/python3.8/site-packages/airflow/example_dags/example_trigger_controller_dag.py
[2023-12-02T11:56:17.883+0000] {logging_mixin.py:151} INFO - [2023-12-02T11:56:17.883+0000] {dag.py:2915} INFO - Sync 1 DAGs
[2023-12-02T11:56:17.901+0000] {logging_mixin.py:151} INFO - [2023-12-02T11:56:17.900+0000] {dag.py:3696} INFO - Setting next_dagrun for example_trigger_controller_dag to 2021-01-01T00:00:00+00:00, run_after=2021-01-01T00:00:00+00:00
[2023-12-02T11:56:17.914+0000] {processor.py:179} INFO - Processing /home/airflow/.local/lib/python3.8/site-packages/airflow/example_dags/example_trigger_controller_dag.py took 0.060 seconds
[2023-12-02T12:13:12.821+0000] {processor.py:157} INFO - Started process (PID=49229) to work on /home/airflow/.local/lib/python3.8/site-packages/airflow/example_dags/example_trigger_controller_dag.py
[2023-12-02T12:13:12.822+0000] {processor.py:829} INFO - Processing file /home/airflow/.local/lib/python3.8/site-packages/airflow/example_dags/example_trigger_controller_dag.py for tasks to queue
[2023-12-02T12:13:12.824+0000] {logging_mixin.py:151} INFO - [2023-12-02T12:13:12.824+0000] {dagbag.py:539} INFO - Filling up the DagBag from /home/airflow/.local/lib/python3.8/site-packages/airflow/example_dags/example_trigger_controller_dag.py
[2023-12-02T12:13:12.827+0000] {processor.py:839} INFO - DAG(s) dict_keys(['example_trigger_controller_dag']) retrieved from /home/airflow/.local/lib/python3.8/site-packages/airflow/example_dags/example_trigger_controller_dag.py
[2023-12-02T12:13:12.851+0000] {logging_mixin.py:151} INFO - [2023-12-02T12:13:12.851+0000] {dag.py:2915} INFO - Sync 1 DAGs
[2023-12-02T12:13:12.866+0000] {logging_mixin.py:151} INFO - [2023-12-02T12:13:12.866+0000] {dag.py:3696} INFO - Setting next_dagrun for example_trigger_controller_dag to 2021-01-01T00:00:00+00:00, run_after=2021-01-01T00:00:00+00:00
[2023-12-02T12:13:12.882+0000] {processor.py:179} INFO - Processing /home/airflow/.local/lib/python3.8/site-packages/airflow/example_dags/example_trigger_controller_dag.py took 0.064 seconds
[2023-12-02T12:38:01.611+0000] {processor.py:157} INFO - Started process (PID=49283) to work on /home/airflow/.local/lib/python3.8/site-packages/airflow/example_dags/example_trigger_controller_dag.py
[2023-12-02T12:38:01.612+0000] {processor.py:829} INFO - Processing file /home/airflow/.local/lib/python3.8/site-packages/airflow/example_dags/example_trigger_controller_dag.py for tasks to queue
[2023-12-02T12:38:01.614+0000] {logging_mixin.py:151} INFO - [2023-12-02T12:38:01.614+0000] {dagbag.py:539} INFO - Filling up the DagBag from /home/airflow/.local/lib/python3.8/site-packages/airflow/example_dags/example_trigger_controller_dag.py
[2023-12-02T12:38:01.618+0000] {processor.py:839} INFO - DAG(s) dict_keys(['example_trigger_controller_dag']) retrieved from /home/airflow/.local/lib/python3.8/site-packages/airflow/example_dags/example_trigger_controller_dag.py
[2023-12-02T12:38:01.635+0000] {logging_mixin.py:151} INFO - [2023-12-02T12:38:01.635+0000] {dag.py:2915} INFO - Sync 1 DAGs
[2023-12-02T12:38:01.650+0000] {logging_mixin.py:151} INFO - [2023-12-02T12:38:01.650+0000] {dag.py:3696} INFO - Setting next_dagrun for example_trigger_controller_dag to 2021-01-01T00:00:00+00:00, run_after=2021-01-01T00:00:00+00:00
[2023-12-02T12:38:01.660+0000] {processor.py:179} INFO - Processing /home/airflow/.local/lib/python3.8/site-packages/airflow/example_dags/example_trigger_controller_dag.py took 0.053 seconds
[2023-12-02T12:38:35.451+0000] {processor.py:157} INFO - Started process (PID=49337) to work on /home/airflow/.local/lib/python3.8/site-packages/airflow/example_dags/example_trigger_controller_dag.py
[2023-12-02T12:38:35.452+0000] {processor.py:829} INFO - Processing file /home/airflow/.local/lib/python3.8/site-packages/airflow/example_dags/example_trigger_controller_dag.py for tasks to queue
[2023-12-02T12:38:35.454+0000] {logging_mixin.py:151} INFO - [2023-12-02T12:38:35.454+0000] {dagbag.py:539} INFO - Filling up the DagBag from /home/airflow/.local/lib/python3.8/site-packages/airflow/example_dags/example_trigger_controller_dag.py
[2023-12-02T12:38:35.461+0000] {processor.py:839} INFO - DAG(s) dict_keys(['example_trigger_controller_dag']) retrieved from /home/airflow/.local/lib/python3.8/site-packages/airflow/example_dags/example_trigger_controller_dag.py
[2023-12-02T12:38:35.484+0000] {logging_mixin.py:151} INFO - [2023-12-02T12:38:35.484+0000] {dag.py:2915} INFO - Sync 1 DAGs
[2023-12-02T12:38:35.497+0000] {logging_mixin.py:151} INFO - [2023-12-02T12:38:35.497+0000] {dag.py:3696} INFO - Setting next_dagrun for example_trigger_controller_dag to 2021-01-01T00:00:00+00:00, run_after=2021-01-01T00:00:00+00:00
[2023-12-02T12:38:35.509+0000] {processor.py:179} INFO - Processing /home/airflow/.local/lib/python3.8/site-packages/airflow/example_dags/example_trigger_controller_dag.py took 0.062 seconds
[2023-12-02T12:40:34.455+0000] {processor.py:157} INFO - Started process (PID=49391) to work on /home/airflow/.local/lib/python3.8/site-packages/airflow/example_dags/example_trigger_controller_dag.py
[2023-12-02T12:40:34.457+0000] {processor.py:829} INFO - Processing file /home/airflow/.local/lib/python3.8/site-packages/airflow/example_dags/example_trigger_controller_dag.py for tasks to queue
[2023-12-02T12:40:34.460+0000] {logging_mixin.py:151} INFO - [2023-12-02T12:40:34.460+0000] {dagbag.py:539} INFO - Filling up the DagBag from /home/airflow/.local/lib/python3.8/site-packages/airflow/example_dags/example_trigger_controller_dag.py
[2023-12-02T12:40:34.468+0000] {processor.py:839} INFO - DAG(s) dict_keys(['example_trigger_controller_dag']) retrieved from /home/airflow/.local/lib/python3.8/site-packages/airflow/example_dags/example_trigger_controller_dag.py
[2023-12-02T12:40:34.511+0000] {logging_mixin.py:151} INFO - [2023-12-02T12:40:34.511+0000] {dag.py:2915} INFO - Sync 1 DAGs
[2023-12-02T12:40:34.531+0000] {logging_mixin.py:151} INFO - [2023-12-02T12:40:34.531+0000] {dag.py:3696} INFO - Setting next_dagrun for example_trigger_controller_dag to 2021-01-01T00:00:00+00:00, run_after=2021-01-01T00:00:00+00:00
[2023-12-02T12:40:34.547+0000] {processor.py:179} INFO - Processing /home/airflow/.local/lib/python3.8/site-packages/airflow/example_dags/example_trigger_controller_dag.py took 0.098 seconds
[2023-12-02T13:06:19.099+0000] {processor.py:157} INFO - Started process (PID=49445) to work on /home/airflow/.local/lib/python3.8/site-packages/airflow/example_dags/example_trigger_controller_dag.py
[2023-12-02T13:06:19.100+0000] {processor.py:829} INFO - Processing file /home/airflow/.local/lib/python3.8/site-packages/airflow/example_dags/example_trigger_controller_dag.py for tasks to queue
[2023-12-02T13:06:19.102+0000] {logging_mixin.py:151} INFO - [2023-12-02T13:06:19.102+0000] {dagbag.py:539} INFO - Filling up the DagBag from /home/airflow/.local/lib/python3.8/site-packages/airflow/example_dags/example_trigger_controller_dag.py
[2023-12-02T13:06:19.106+0000] {processor.py:839} INFO - DAG(s) dict_keys(['example_trigger_controller_dag']) retrieved from /home/airflow/.local/lib/python3.8/site-packages/airflow/example_dags/example_trigger_controller_dag.py
[2023-12-02T13:06:19.121+0000] {logging_mixin.py:151} INFO - [2023-12-02T13:06:19.121+0000] {dag.py:2915} INFO - Sync 1 DAGs
[2023-12-02T13:06:19.139+0000] {logging_mixin.py:151} INFO - [2023-12-02T13:06:19.139+0000] {dag.py:3696} INFO - Setting next_dagrun for example_trigger_controller_dag to 2021-01-01T00:00:00+00:00, run_after=2021-01-01T00:00:00+00:00
[2023-12-02T13:06:19.153+0000] {processor.py:179} INFO - Processing /home/airflow/.local/lib/python3.8/site-packages/airflow/example_dags/example_trigger_controller_dag.py took 0.057 seconds
[2023-12-02T13:41:08.201+0000] {processor.py:157} INFO - Started process (PID=49499) to work on /home/airflow/.local/lib/python3.8/site-packages/airflow/example_dags/example_trigger_controller_dag.py
[2023-12-02T13:41:08.204+0000] {processor.py:829} INFO - Processing file /home/airflow/.local/lib/python3.8/site-packages/airflow/example_dags/example_trigger_controller_dag.py for tasks to queue
[2023-12-02T13:41:08.208+0000] {logging_mixin.py:151} INFO - [2023-12-02T13:41:08.208+0000] {dagbag.py:539} INFO - Filling up the DagBag from /home/airflow/.local/lib/python3.8/site-packages/airflow/example_dags/example_trigger_controller_dag.py
[2023-12-02T13:41:08.215+0000] {processor.py:839} INFO - DAG(s) dict_keys(['example_trigger_controller_dag']) retrieved from /home/airflow/.local/lib/python3.8/site-packages/airflow/example_dags/example_trigger_controller_dag.py
[2023-12-02T13:41:08.235+0000] {logging_mixin.py:151} INFO - [2023-12-02T13:41:08.235+0000] {dag.py:2915} INFO - Sync 1 DAGs
[2023-12-02T13:41:08.251+0000] {logging_mixin.py:151} INFO - [2023-12-02T13:41:08.251+0000] {dag.py:3696} INFO - Setting next_dagrun for example_trigger_controller_dag to 2021-01-01T00:00:00+00:00, run_after=2021-01-01T00:00:00+00:00
[2023-12-02T13:41:08.321+0000] {processor.py:179} INFO - Processing /home/airflow/.local/lib/python3.8/site-packages/airflow/example_dags/example_trigger_controller_dag.py took 0.134 seconds
[2023-12-02T14:24:09.523+0000] {processor.py:157} INFO - Started process (PID=49553) to work on /home/airflow/.local/lib/python3.8/site-packages/airflow/example_dags/example_trigger_controller_dag.py
[2023-12-02T14:24:09.524+0000] {processor.py:829} INFO - Processing file /home/airflow/.local/lib/python3.8/site-packages/airflow/example_dags/example_trigger_controller_dag.py for tasks to queue
[2023-12-02T14:24:09.526+0000] {logging_mixin.py:151} INFO - [2023-12-02T14:24:09.526+0000] {dagbag.py:539} INFO - Filling up the DagBag from /home/airflow/.local/lib/python3.8/site-packages/airflow/example_dags/example_trigger_controller_dag.py
[2023-12-02T14:24:09.530+0000] {processor.py:839} INFO - DAG(s) dict_keys(['example_trigger_controller_dag']) retrieved from /home/airflow/.local/lib/python3.8/site-packages/airflow/example_dags/example_trigger_controller_dag.py
[2023-12-02T14:24:09.559+0000] {logging_mixin.py:151} INFO - [2023-12-02T14:24:09.559+0000] {dag.py:2915} INFO - Sync 1 DAGs
[2023-12-02T14:24:09.597+0000] {logging_mixin.py:151} INFO - [2023-12-02T14:24:09.596+0000] {dag.py:3696} INFO - Setting next_dagrun for example_trigger_controller_dag to 2021-01-01T00:00:00+00:00, run_after=2021-01-01T00:00:00+00:00
[2023-12-02T14:24:09.614+0000] {processor.py:179} INFO - Processing /home/airflow/.local/lib/python3.8/site-packages/airflow/example_dags/example_trigger_controller_dag.py took 0.094 seconds
[2023-12-02T14:49:31.309+0000] {processor.py:157} INFO - Started process (PID=49600) to work on /home/airflow/.local/lib/python3.8/site-packages/airflow/example_dags/example_trigger_controller_dag.py
[2023-12-02T14:49:31.376+0000] {processor.py:829} INFO - Processing file /home/airflow/.local/lib/python3.8/site-packages/airflow/example_dags/example_trigger_controller_dag.py for tasks to queue
[2023-12-02T14:49:31.383+0000] {logging_mixin.py:151} INFO - [2023-12-02T14:49:31.382+0000] {dagbag.py:539} INFO - Filling up the DagBag from /home/airflow/.local/lib/python3.8/site-packages/airflow/example_dags/example_trigger_controller_dag.py
[2023-12-02T14:49:31.389+0000] {processor.py:839} INFO - DAG(s) dict_keys(['example_trigger_controller_dag']) retrieved from /home/airflow/.local/lib/python3.8/site-packages/airflow/example_dags/example_trigger_controller_dag.py
[2023-12-02T14:49:31.671+0000] {logging_mixin.py:151} INFO - [2023-12-02T14:49:31.670+0000] {dag.py:2915} INFO - Sync 1 DAGs
[2023-12-02T14:49:31.718+0000] {logging_mixin.py:151} INFO - [2023-12-02T14:49:31.717+0000] {dag.py:3696} INFO - Setting next_dagrun for example_trigger_controller_dag to 2021-01-01T00:00:00+00:00, run_after=2021-01-01T00:00:00+00:00
[2023-12-02T14:49:31.798+0000] {processor.py:179} INFO - Processing /home/airflow/.local/lib/python3.8/site-packages/airflow/example_dags/example_trigger_controller_dag.py took 0.500 seconds
[2023-12-02T15:25:08.054+0000] {processor.py:157} INFO - Started process (PID=49654) to work on /home/airflow/.local/lib/python3.8/site-packages/airflow/example_dags/example_trigger_controller_dag.py
[2023-12-02T15:25:08.057+0000] {processor.py:829} INFO - Processing file /home/airflow/.local/lib/python3.8/site-packages/airflow/example_dags/example_trigger_controller_dag.py for tasks to queue
[2023-12-02T15:25:08.059+0000] {logging_mixin.py:151} INFO - [2023-12-02T15:25:08.058+0000] {dagbag.py:539} INFO - Filling up the DagBag from /home/airflow/.local/lib/python3.8/site-packages/airflow/example_dags/example_trigger_controller_dag.py
[2023-12-02T15:25:08.066+0000] {processor.py:839} INFO - DAG(s) dict_keys(['example_trigger_controller_dag']) retrieved from /home/airflow/.local/lib/python3.8/site-packages/airflow/example_dags/example_trigger_controller_dag.py
[2023-12-02T15:25:08.087+0000] {logging_mixin.py:151} INFO - [2023-12-02T15:25:08.087+0000] {dag.py:2915} INFO - Sync 1 DAGs
[2023-12-02T15:25:08.107+0000] {logging_mixin.py:151} INFO - [2023-12-02T15:25:08.107+0000] {dag.py:3696} INFO - Setting next_dagrun for example_trigger_controller_dag to 2021-01-01T00:00:00+00:00, run_after=2021-01-01T00:00:00+00:00
[2023-12-02T15:25:08.119+0000] {processor.py:179} INFO - Processing /home/airflow/.local/lib/python3.8/site-packages/airflow/example_dags/example_trigger_controller_dag.py took 0.068 seconds
[2023-12-02T16:14:06.153+0000] {processor.py:157} INFO - Started process (PID=49708) to work on /home/airflow/.local/lib/python3.8/site-packages/airflow/example_dags/example_trigger_controller_dag.py
[2023-12-02T16:14:06.154+0000] {processor.py:829} INFO - Processing file /home/airflow/.local/lib/python3.8/site-packages/airflow/example_dags/example_trigger_controller_dag.py for tasks to queue
[2023-12-02T16:14:06.156+0000] {logging_mixin.py:151} INFO - [2023-12-02T16:14:06.156+0000] {dagbag.py:539} INFO - Filling up the DagBag from /home/airflow/.local/lib/python3.8/site-packages/airflow/example_dags/example_trigger_controller_dag.py
[2023-12-02T16:14:06.159+0000] {processor.py:839} INFO - DAG(s) dict_keys(['example_trigger_controller_dag']) retrieved from /home/airflow/.local/lib/python3.8/site-packages/airflow/example_dags/example_trigger_controller_dag.py
[2023-12-02T16:14:06.186+0000] {logging_mixin.py:151} INFO - [2023-12-02T16:14:06.186+0000] {dag.py:2915} INFO - Sync 1 DAGs
[2023-12-02T16:14:06.235+0000] {logging_mixin.py:151} INFO - [2023-12-02T16:14:06.235+0000] {dag.py:3696} INFO - Setting next_dagrun for example_trigger_controller_dag to 2021-01-01T00:00:00+00:00, run_after=2021-01-01T00:00:00+00:00
[2023-12-02T16:14:06.252+0000] {processor.py:179} INFO - Processing /home/airflow/.local/lib/python3.8/site-packages/airflow/example_dags/example_trigger_controller_dag.py took 0.101 seconds
[2023-12-02T16:26:16.937+0000] {processor.py:157} INFO - Started process (PID=49762) to work on /home/airflow/.local/lib/python3.8/site-packages/airflow/example_dags/example_trigger_controller_dag.py
[2023-12-02T16:26:16.939+0000] {processor.py:829} INFO - Processing file /home/airflow/.local/lib/python3.8/site-packages/airflow/example_dags/example_trigger_controller_dag.py for tasks to queue
[2023-12-02T16:26:16.942+0000] {logging_mixin.py:151} INFO - [2023-12-02T16:26:16.941+0000] {dagbag.py:539} INFO - Filling up the DagBag from /home/airflow/.local/lib/python3.8/site-packages/airflow/example_dags/example_trigger_controller_dag.py
[2023-12-02T16:26:16.948+0000] {processor.py:839} INFO - DAG(s) dict_keys(['example_trigger_controller_dag']) retrieved from /home/airflow/.local/lib/python3.8/site-packages/airflow/example_dags/example_trigger_controller_dag.py
[2023-12-02T16:26:16.964+0000] {logging_mixin.py:151} INFO - [2023-12-02T16:26:16.964+0000] {dag.py:2915} INFO - Sync 1 DAGs
[2023-12-02T16:26:16.977+0000] {logging_mixin.py:151} INFO - [2023-12-02T16:26:16.977+0000] {dag.py:3696} INFO - Setting next_dagrun for example_trigger_controller_dag to 2021-01-01T00:00:00+00:00, run_after=2021-01-01T00:00:00+00:00
[2023-12-02T16:26:16.990+0000] {processor.py:179} INFO - Processing /home/airflow/.local/lib/python3.8/site-packages/airflow/example_dags/example_trigger_controller_dag.py took 0.057 seconds
[2023-12-02T17:27:10.537+0000] {processor.py:157} INFO - Started process (PID=49816) to work on /home/airflow/.local/lib/python3.8/site-packages/airflow/example_dags/example_trigger_controller_dag.py
[2023-12-02T17:27:10.539+0000] {processor.py:829} INFO - Processing file /home/airflow/.local/lib/python3.8/site-packages/airflow/example_dags/example_trigger_controller_dag.py for tasks to queue
[2023-12-02T17:27:10.542+0000] {logging_mixin.py:151} INFO - [2023-12-02T17:27:10.542+0000] {dagbag.py:539} INFO - Filling up the DagBag from /home/airflow/.local/lib/python3.8/site-packages/airflow/example_dags/example_trigger_controller_dag.py
[2023-12-02T17:27:10.546+0000] {processor.py:839} INFO - DAG(s) dict_keys(['example_trigger_controller_dag']) retrieved from /home/airflow/.local/lib/python3.8/site-packages/airflow/example_dags/example_trigger_controller_dag.py
[2023-12-02T17:27:10.563+0000] {logging_mixin.py:151} INFO - [2023-12-02T17:27:10.563+0000] {dag.py:2915} INFO - Sync 1 DAGs
[2023-12-02T17:27:10.578+0000] {logging_mixin.py:151} INFO - [2023-12-02T17:27:10.578+0000] {dag.py:3696} INFO - Setting next_dagrun for example_trigger_controller_dag to 2021-01-01T00:00:00+00:00, run_after=2021-01-01T00:00:00+00:00
[2023-12-02T17:27:10.590+0000] {processor.py:179} INFO - Processing /home/airflow/.local/lib/python3.8/site-packages/airflow/example_dags/example_trigger_controller_dag.py took 0.059 seconds
[2023-12-02T18:03:59.591+0000] {processor.py:157} INFO - Started process (PID=49870) to work on /home/airflow/.local/lib/python3.8/site-packages/airflow/example_dags/example_trigger_controller_dag.py
[2023-12-02T18:03:59.595+0000] {processor.py:829} INFO - Processing file /home/airflow/.local/lib/python3.8/site-packages/airflow/example_dags/example_trigger_controller_dag.py for tasks to queue
[2023-12-02T18:03:59.601+0000] {logging_mixin.py:151} INFO - [2023-12-02T18:03:59.600+0000] {dagbag.py:539} INFO - Filling up the DagBag from /home/airflow/.local/lib/python3.8/site-packages/airflow/example_dags/example_trigger_controller_dag.py
[2023-12-02T18:03:59.610+0000] {processor.py:839} INFO - DAG(s) dict_keys(['example_trigger_controller_dag']) retrieved from /home/airflow/.local/lib/python3.8/site-packages/airflow/example_dags/example_trigger_controller_dag.py
[2023-12-02T18:03:59.636+0000] {logging_mixin.py:151} INFO - [2023-12-02T18:03:59.636+0000] {dag.py:2915} INFO - Sync 1 DAGs
[2023-12-02T18:03:59.653+0000] {logging_mixin.py:151} INFO - [2023-12-02T18:03:59.653+0000] {dag.py:3696} INFO - Setting next_dagrun for example_trigger_controller_dag to 2021-01-01T00:00:00+00:00, run_after=2021-01-01T00:00:00+00:00
[2023-12-02T18:03:59.669+0000] {processor.py:179} INFO - Processing /home/airflow/.local/lib/python3.8/site-packages/airflow/example_dags/example_trigger_controller_dag.py took 0.084 seconds
[2023-12-02T18:26:22.626+0000] {processor.py:157} INFO - Started process (PID=49924) to work on /home/airflow/.local/lib/python3.8/site-packages/airflow/example_dags/example_trigger_controller_dag.py
[2023-12-02T18:26:22.628+0000] {processor.py:829} INFO - Processing file /home/airflow/.local/lib/python3.8/site-packages/airflow/example_dags/example_trigger_controller_dag.py for tasks to queue
[2023-12-02T18:26:22.632+0000] {logging_mixin.py:151} INFO - [2023-12-02T18:26:22.631+0000] {dagbag.py:539} INFO - Filling up the DagBag from /home/airflow/.local/lib/python3.8/site-packages/airflow/example_dags/example_trigger_controller_dag.py
[2023-12-02T18:26:22.640+0000] {processor.py:839} INFO - DAG(s) dict_keys(['example_trigger_controller_dag']) retrieved from /home/airflow/.local/lib/python3.8/site-packages/airflow/example_dags/example_trigger_controller_dag.py
[2023-12-02T18:26:22.660+0000] {logging_mixin.py:151} INFO - [2023-12-02T18:26:22.660+0000] {dag.py:2915} INFO - Sync 1 DAGs
[2023-12-02T18:26:22.952+0000] {logging_mixin.py:151} INFO - [2023-12-02T18:26:22.951+0000] {dag.py:3696} INFO - Setting next_dagrun for example_trigger_controller_dag to 2021-01-01T00:00:00+00:00, run_after=2021-01-01T00:00:00+00:00
[2023-12-02T18:26:22.999+0000] {processor.py:179} INFO - Processing /home/airflow/.local/lib/python3.8/site-packages/airflow/example_dags/example_trigger_controller_dag.py took 0.377 seconds
[2023-12-02T19:14:10.928+0000] {processor.py:157} INFO - Started process (PID=49978) to work on /home/airflow/.local/lib/python3.8/site-packages/airflow/example_dags/example_trigger_controller_dag.py
[2023-12-02T19:14:10.929+0000] {processor.py:829} INFO - Processing file /home/airflow/.local/lib/python3.8/site-packages/airflow/example_dags/example_trigger_controller_dag.py for tasks to queue
[2023-12-02T19:14:10.931+0000] {logging_mixin.py:151} INFO - [2023-12-02T19:14:10.931+0000] {dagbag.py:539} INFO - Filling up the DagBag from /home/airflow/.local/lib/python3.8/site-packages/airflow/example_dags/example_trigger_controller_dag.py
[2023-12-02T19:14:10.934+0000] {processor.py:839} INFO - DAG(s) dict_keys(['example_trigger_controller_dag']) retrieved from /home/airflow/.local/lib/python3.8/site-packages/airflow/example_dags/example_trigger_controller_dag.py
[2023-12-02T19:14:10.948+0000] {logging_mixin.py:151} INFO - [2023-12-02T19:14:10.948+0000] {dag.py:2915} INFO - Sync 1 DAGs
[2023-12-02T19:14:10.964+0000] {logging_mixin.py:151} INFO - [2023-12-02T19:14:10.964+0000] {dag.py:3696} INFO - Setting next_dagrun for example_trigger_controller_dag to 2021-01-01T00:00:00+00:00, run_after=2021-01-01T00:00:00+00:00
[2023-12-02T19:14:10.977+0000] {processor.py:179} INFO - Processing /home/airflow/.local/lib/python3.8/site-packages/airflow/example_dags/example_trigger_controller_dag.py took 0.051 seconds
[2023-12-02T19:44:46.959+0000] {processor.py:157} INFO - Started process (PID=50032) to work on /home/airflow/.local/lib/python3.8/site-packages/airflow/example_dags/example_trigger_controller_dag.py
[2023-12-02T19:44:46.960+0000] {processor.py:829} INFO - Processing file /home/airflow/.local/lib/python3.8/site-packages/airflow/example_dags/example_trigger_controller_dag.py for tasks to queue
[2023-12-02T19:44:46.962+0000] {logging_mixin.py:151} INFO - [2023-12-02T19:44:46.961+0000] {dagbag.py:539} INFO - Filling up the DagBag from /home/airflow/.local/lib/python3.8/site-packages/airflow/example_dags/example_trigger_controller_dag.py
[2023-12-02T19:44:46.967+0000] {processor.py:839} INFO - DAG(s) dict_keys(['example_trigger_controller_dag']) retrieved from /home/airflow/.local/lib/python3.8/site-packages/airflow/example_dags/example_trigger_controller_dag.py
[2023-12-02T19:44:46.985+0000] {logging_mixin.py:151} INFO - [2023-12-02T19:44:46.985+0000] {dag.py:2915} INFO - Sync 1 DAGs
[2023-12-02T19:44:47.003+0000] {logging_mixin.py:151} INFO - [2023-12-02T19:44:47.003+0000] {dag.py:3696} INFO - Setting next_dagrun for example_trigger_controller_dag to 2021-01-01T00:00:00+00:00, run_after=2021-01-01T00:00:00+00:00
[2023-12-02T19:44:47.017+0000] {processor.py:179} INFO - Processing /home/airflow/.local/lib/python3.8/site-packages/airflow/example_dags/example_trigger_controller_dag.py took 0.062 seconds
[2023-12-02T20:21:19.921+0000] {processor.py:157} INFO - Started process (PID=50086) to work on /home/airflow/.local/lib/python3.8/site-packages/airflow/example_dags/example_trigger_controller_dag.py
[2023-12-02T20:21:19.922+0000] {processor.py:829} INFO - Processing file /home/airflow/.local/lib/python3.8/site-packages/airflow/example_dags/example_trigger_controller_dag.py for tasks to queue
[2023-12-02T20:21:19.924+0000] {logging_mixin.py:151} INFO - [2023-12-02T20:21:19.924+0000] {dagbag.py:539} INFO - Filling up the DagBag from /home/airflow/.local/lib/python3.8/site-packages/airflow/example_dags/example_trigger_controller_dag.py
[2023-12-02T20:21:19.929+0000] {processor.py:839} INFO - DAG(s) dict_keys(['example_trigger_controller_dag']) retrieved from /home/airflow/.local/lib/python3.8/site-packages/airflow/example_dags/example_trigger_controller_dag.py
[2023-12-02T20:21:19.948+0000] {logging_mixin.py:151} INFO - [2023-12-02T20:21:19.947+0000] {dag.py:2915} INFO - Sync 1 DAGs
[2023-12-02T20:21:19.963+0000] {logging_mixin.py:151} INFO - [2023-12-02T20:21:19.962+0000] {dag.py:3696} INFO - Setting next_dagrun for example_trigger_controller_dag to 2021-01-01T00:00:00+00:00, run_after=2021-01-01T00:00:00+00:00
[2023-12-02T20:21:19.975+0000] {processor.py:179} INFO - Processing /home/airflow/.local/lib/python3.8/site-packages/airflow/example_dags/example_trigger_controller_dag.py took 0.059 seconds
[2023-12-02T21:31:10.505+0000] {processor.py:157} INFO - Started process (PID=50141) to work on /home/airflow/.local/lib/python3.8/site-packages/airflow/example_dags/example_trigger_controller_dag.py
[2023-12-02T21:31:10.507+0000] {processor.py:829} INFO - Processing file /home/airflow/.local/lib/python3.8/site-packages/airflow/example_dags/example_trigger_controller_dag.py for tasks to queue
[2023-12-02T21:31:10.511+0000] {logging_mixin.py:151} INFO - [2023-12-02T21:31:10.510+0000] {dagbag.py:539} INFO - Filling up the DagBag from /home/airflow/.local/lib/python3.8/site-packages/airflow/example_dags/example_trigger_controller_dag.py
[2023-12-02T21:31:10.516+0000] {processor.py:839} INFO - DAG(s) dict_keys(['example_trigger_controller_dag']) retrieved from /home/airflow/.local/lib/python3.8/site-packages/airflow/example_dags/example_trigger_controller_dag.py
[2023-12-02T21:31:10.534+0000] {logging_mixin.py:151} INFO - [2023-12-02T21:31:10.534+0000] {dag.py:2915} INFO - Sync 1 DAGs
[2023-12-02T21:31:10.550+0000] {logging_mixin.py:151} INFO - [2023-12-02T21:31:10.550+0000] {dag.py:3696} INFO - Setting next_dagrun for example_trigger_controller_dag to 2021-01-01T00:00:00+00:00, run_after=2021-01-01T00:00:00+00:00
[2023-12-02T21:31:10.562+0000] {processor.py:179} INFO - Processing /home/airflow/.local/lib/python3.8/site-packages/airflow/example_dags/example_trigger_controller_dag.py took 0.062 seconds
[2023-12-02T22:08:22.699+0000] {processor.py:157} INFO - Started process (PID=50195) to work on /home/airflow/.local/lib/python3.8/site-packages/airflow/example_dags/example_trigger_controller_dag.py
[2023-12-02T22:08:22.700+0000] {processor.py:829} INFO - Processing file /home/airflow/.local/lib/python3.8/site-packages/airflow/example_dags/example_trigger_controller_dag.py for tasks to queue
[2023-12-02T22:08:22.702+0000] {logging_mixin.py:151} INFO - [2023-12-02T22:08:22.702+0000] {dagbag.py:539} INFO - Filling up the DagBag from /home/airflow/.local/lib/python3.8/site-packages/airflow/example_dags/example_trigger_controller_dag.py
[2023-12-02T22:08:22.706+0000] {processor.py:839} INFO - DAG(s) dict_keys(['example_trigger_controller_dag']) retrieved from /home/airflow/.local/lib/python3.8/site-packages/airflow/example_dags/example_trigger_controller_dag.py
[2023-12-02T22:08:22.720+0000] {logging_mixin.py:151} INFO - [2023-12-02T22:08:22.720+0000] {dag.py:2915} INFO - Sync 1 DAGs
[2023-12-02T22:08:22.736+0000] {logging_mixin.py:151} INFO - [2023-12-02T22:08:22.736+0000] {dag.py:3696} INFO - Setting next_dagrun for example_trigger_controller_dag to 2021-01-01T00:00:00+00:00, run_after=2021-01-01T00:00:00+00:00
[2023-12-02T22:08:22.753+0000] {processor.py:179} INFO - Processing /home/airflow/.local/lib/python3.8/site-packages/airflow/example_dags/example_trigger_controller_dag.py took 0.057 seconds
[2023-12-02T23:05:13.831+0000] {processor.py:157} INFO - Started process (PID=50249) to work on /home/airflow/.local/lib/python3.8/site-packages/airflow/example_dags/example_trigger_controller_dag.py
[2023-12-02T23:05:13.833+0000] {processor.py:829} INFO - Processing file /home/airflow/.local/lib/python3.8/site-packages/airflow/example_dags/example_trigger_controller_dag.py for tasks to queue
[2023-12-02T23:05:13.840+0000] {logging_mixin.py:151} INFO - [2023-12-02T23:05:13.840+0000] {dagbag.py:539} INFO - Filling up the DagBag from /home/airflow/.local/lib/python3.8/site-packages/airflow/example_dags/example_trigger_controller_dag.py
[2023-12-02T23:05:13.868+0000] {processor.py:839} INFO - DAG(s) dict_keys(['example_trigger_controller_dag']) retrieved from /home/airflow/.local/lib/python3.8/site-packages/airflow/example_dags/example_trigger_controller_dag.py
[2023-12-02T23:05:13.971+0000] {logging_mixin.py:151} INFO - [2023-12-02T23:05:13.971+0000] {dag.py:2915} INFO - Sync 1 DAGs
[2023-12-02T23:05:14.033+0000] {logging_mixin.py:151} INFO - [2023-12-02T23:05:14.032+0000] {dag.py:3696} INFO - Setting next_dagrun for example_trigger_controller_dag to 2021-01-01T00:00:00+00:00, run_after=2021-01-01T00:00:00+00:00
[2023-12-02T23:05:14.104+0000] {processor.py:179} INFO - Processing /home/airflow/.local/lib/python3.8/site-packages/airflow/example_dags/example_trigger_controller_dag.py took 0.299 seconds
[2023-12-02T23:30:58.667+0000] {processor.py:157} INFO - Started process (PID=50303) to work on /home/airflow/.local/lib/python3.8/site-packages/airflow/example_dags/example_trigger_controller_dag.py
[2023-12-02T23:30:58.669+0000] {processor.py:829} INFO - Processing file /home/airflow/.local/lib/python3.8/site-packages/airflow/example_dags/example_trigger_controller_dag.py for tasks to queue
[2023-12-02T23:30:58.671+0000] {logging_mixin.py:151} INFO - [2023-12-02T23:30:58.671+0000] {dagbag.py:539} INFO - Filling up the DagBag from /home/airflow/.local/lib/python3.8/site-packages/airflow/example_dags/example_trigger_controller_dag.py
[2023-12-02T23:30:58.675+0000] {processor.py:839} INFO - DAG(s) dict_keys(['example_trigger_controller_dag']) retrieved from /home/airflow/.local/lib/python3.8/site-packages/airflow/example_dags/example_trigger_controller_dag.py
[2023-12-02T23:30:58.691+0000] {logging_mixin.py:151} INFO - [2023-12-02T23:30:58.691+0000] {dag.py:2915} INFO - Sync 1 DAGs
[2023-12-02T23:30:58.709+0000] {logging_mixin.py:151} INFO - [2023-12-02T23:30:58.709+0000] {dag.py:3696} INFO - Setting next_dagrun for example_trigger_controller_dag to 2021-01-01T00:00:00+00:00, run_after=2021-01-01T00:00:00+00:00
[2023-12-02T23:30:58.726+0000] {processor.py:179} INFO - Processing /home/airflow/.local/lib/python3.8/site-packages/airflow/example_dags/example_trigger_controller_dag.py took 0.063 seconds
[2023-12-02T23:33:13.702+0000] {processor.py:157} INFO - Started process (PID=50356) to work on /home/airflow/.local/lib/python3.8/site-packages/airflow/example_dags/example_trigger_controller_dag.py
[2023-12-02T23:33:13.703+0000] {processor.py:829} INFO - Processing file /home/airflow/.local/lib/python3.8/site-packages/airflow/example_dags/example_trigger_controller_dag.py for tasks to queue
[2023-12-02T23:33:13.704+0000] {logging_mixin.py:151} INFO - [2023-12-02T23:33:13.704+0000] {dagbag.py:539} INFO - Filling up the DagBag from /home/airflow/.local/lib/python3.8/site-packages/airflow/example_dags/example_trigger_controller_dag.py
[2023-12-02T23:33:13.708+0000] {processor.py:839} INFO - DAG(s) dict_keys(['example_trigger_controller_dag']) retrieved from /home/airflow/.local/lib/python3.8/site-packages/airflow/example_dags/example_trigger_controller_dag.py
[2023-12-02T23:33:13.722+0000] {logging_mixin.py:151} INFO - [2023-12-02T23:33:13.722+0000] {dag.py:2915} INFO - Sync 1 DAGs
[2023-12-02T23:33:13.751+0000] {logging_mixin.py:151} INFO - [2023-12-02T23:33:13.750+0000] {dag.py:3696} INFO - Setting next_dagrun for example_trigger_controller_dag to 2021-01-01T00:00:00+00:00, run_after=2021-01-01T00:00:00+00:00
[2023-12-02T23:33:13.765+0000] {processor.py:179} INFO - Processing /home/airflow/.local/lib/python3.8/site-packages/airflow/example_dags/example_trigger_controller_dag.py took 0.066 seconds
[2023-12-02T23:52:08.903+0000] {processor.py:157} INFO - Started process (PID=50410) to work on /home/airflow/.local/lib/python3.8/site-packages/airflow/example_dags/example_trigger_controller_dag.py
[2023-12-02T23:52:08.904+0000] {processor.py:829} INFO - Processing file /home/airflow/.local/lib/python3.8/site-packages/airflow/example_dags/example_trigger_controller_dag.py for tasks to queue
[2023-12-02T23:52:08.907+0000] {logging_mixin.py:151} INFO - [2023-12-02T23:52:08.906+0000] {dagbag.py:539} INFO - Filling up the DagBag from /home/airflow/.local/lib/python3.8/site-packages/airflow/example_dags/example_trigger_controller_dag.py
[2023-12-02T23:52:08.911+0000] {processor.py:839} INFO - DAG(s) dict_keys(['example_trigger_controller_dag']) retrieved from /home/airflow/.local/lib/python3.8/site-packages/airflow/example_dags/example_trigger_controller_dag.py
[2023-12-02T23:52:08.930+0000] {logging_mixin.py:151} INFO - [2023-12-02T23:52:08.930+0000] {dag.py:2915} INFO - Sync 1 DAGs
[2023-12-02T23:52:08.958+0000] {logging_mixin.py:151} INFO - [2023-12-02T23:52:08.958+0000] {dag.py:3696} INFO - Setting next_dagrun for example_trigger_controller_dag to 2021-01-01T00:00:00+00:00, run_after=2021-01-01T00:00:00+00:00
[2023-12-02T23:52:08.970+0000] {processor.py:179} INFO - Processing /home/airflow/.local/lib/python3.8/site-packages/airflow/example_dags/example_trigger_controller_dag.py took 0.071 seconds
