[2023-12-02T00:15:14.257+0000] {processor.py:157} INFO - Started process (PID=48070) to work on /home/airflow/.local/lib/python3.8/site-packages/airflow/example_dags/tutorial_dag.py
[2023-12-02T00:15:14.268+0000] {processor.py:829} INFO - Processing file /home/airflow/.local/lib/python3.8/site-packages/airflow/example_dags/tutorial_dag.py for tasks to queue
[2023-12-02T00:15:14.298+0000] {logging_mixin.py:151} INFO - [2023-12-02T00:15:14.297+0000] {dagbag.py:539} INFO - Filling up the DagBag from /home/airflow/.local/lib/python3.8/site-packages/airflow/example_dags/tutorial_dag.py
[2023-12-02T00:15:14.340+0000] {processor.py:839} INFO - DAG(s) dict_keys(['tutorial_dag']) retrieved from /home/airflow/.local/lib/python3.8/site-packages/airflow/example_dags/tutorial_dag.py
[2023-12-02T00:15:14.440+0000] {logging_mixin.py:151} INFO - [2023-12-02T00:15:14.440+0000] {dag.py:2915} INFO - Sync 1 DAGs
[2023-12-02T00:15:14.469+0000] {logging_mixin.py:151} INFO - [2023-12-02T00:15:14.469+0000] {dag.py:3696} INFO - Setting next_dagrun for tutorial_dag to None, run_after=None
[2023-12-02T00:15:14.500+0000] {processor.py:179} INFO - Processing /home/airflow/.local/lib/python3.8/site-packages/airflow/example_dags/tutorial_dag.py took 0.260 seconds
[2023-12-02T00:57:21.556+0000] {processor.py:157} INFO - Started process (PID=48124) to work on /home/airflow/.local/lib/python3.8/site-packages/airflow/example_dags/tutorial_dag.py
[2023-12-02T00:57:21.559+0000] {processor.py:829} INFO - Processing file /home/airflow/.local/lib/python3.8/site-packages/airflow/example_dags/tutorial_dag.py for tasks to queue
[2023-12-02T00:57:21.577+0000] {logging_mixin.py:151} INFO - [2023-12-02T00:57:21.573+0000] {dagbag.py:539} INFO - Filling up the DagBag from /home/airflow/.local/lib/python3.8/site-packages/airflow/example_dags/tutorial_dag.py
[2023-12-02T00:57:21.608+0000] {processor.py:839} INFO - DAG(s) dict_keys(['tutorial_dag']) retrieved from /home/airflow/.local/lib/python3.8/site-packages/airflow/example_dags/tutorial_dag.py
[2023-12-02T00:57:21.691+0000] {logging_mixin.py:151} INFO - [2023-12-02T00:57:21.690+0000] {dag.py:2915} INFO - Sync 1 DAGs
[2023-12-02T00:57:21.745+0000] {logging_mixin.py:151} INFO - [2023-12-02T00:57:21.744+0000] {dag.py:3696} INFO - Setting next_dagrun for tutorial_dag to None, run_after=None
[2023-12-02T00:57:21.814+0000] {processor.py:179} INFO - Processing /home/airflow/.local/lib/python3.8/site-packages/airflow/example_dags/tutorial_dag.py took 0.272 seconds
[2023-12-02T01:08:02.777+0000] {processor.py:157} INFO - Started process (PID=48178) to work on /home/airflow/.local/lib/python3.8/site-packages/airflow/example_dags/tutorial_dag.py
[2023-12-02T01:08:02.780+0000] {processor.py:829} INFO - Processing file /home/airflow/.local/lib/python3.8/site-packages/airflow/example_dags/tutorial_dag.py for tasks to queue
[2023-12-02T01:08:02.788+0000] {logging_mixin.py:151} INFO - [2023-12-02T01:08:02.787+0000] {dagbag.py:539} INFO - Filling up the DagBag from /home/airflow/.local/lib/python3.8/site-packages/airflow/example_dags/tutorial_dag.py
[2023-12-02T01:08:02.801+0000] {processor.py:839} INFO - DAG(s) dict_keys(['tutorial_dag']) retrieved from /home/airflow/.local/lib/python3.8/site-packages/airflow/example_dags/tutorial_dag.py
[2023-12-02T01:08:02.886+0000] {logging_mixin.py:151} INFO - [2023-12-02T01:08:02.885+0000] {dag.py:2915} INFO - Sync 1 DAGs
[2023-12-02T01:08:02.906+0000] {logging_mixin.py:151} INFO - [2023-12-02T01:08:02.906+0000] {dag.py:3696} INFO - Setting next_dagrun for tutorial_dag to None, run_after=None
[2023-12-02T01:08:02.938+0000] {processor.py:179} INFO - Processing /home/airflow/.local/lib/python3.8/site-packages/airflow/example_dags/tutorial_dag.py took 0.169 seconds
[2023-12-02T02:09:37.647+0000] {processor.py:157} INFO - Started process (PID=48232) to work on /home/airflow/.local/lib/python3.8/site-packages/airflow/example_dags/tutorial_dag.py
[2023-12-02T02:09:37.649+0000] {processor.py:829} INFO - Processing file /home/airflow/.local/lib/python3.8/site-packages/airflow/example_dags/tutorial_dag.py for tasks to queue
[2023-12-02T02:09:37.656+0000] {logging_mixin.py:151} INFO - [2023-12-02T02:09:37.654+0000] {dagbag.py:539} INFO - Filling up the DagBag from /home/airflow/.local/lib/python3.8/site-packages/airflow/example_dags/tutorial_dag.py
[2023-12-02T02:09:37.680+0000] {processor.py:839} INFO - DAG(s) dict_keys(['tutorial_dag']) retrieved from /home/airflow/.local/lib/python3.8/site-packages/airflow/example_dags/tutorial_dag.py
[2023-12-02T02:09:37.733+0000] {logging_mixin.py:151} INFO - [2023-12-02T02:09:37.733+0000] {dag.py:2915} INFO - Sync 1 DAGs
[2023-12-02T02:09:37.758+0000] {logging_mixin.py:151} INFO - [2023-12-02T02:09:37.757+0000] {dag.py:3696} INFO - Setting next_dagrun for tutorial_dag to None, run_after=None
[2023-12-02T02:09:38.241+0000] {processor.py:179} INFO - Processing /home/airflow/.local/lib/python3.8/site-packages/airflow/example_dags/tutorial_dag.py took 0.602 seconds
[2023-12-02T02:48:08.749+0000] {processor.py:157} INFO - Started process (PID=48287) to work on /home/airflow/.local/lib/python3.8/site-packages/airflow/example_dags/tutorial_dag.py
[2023-12-02T02:48:08.752+0000] {processor.py:829} INFO - Processing file /home/airflow/.local/lib/python3.8/site-packages/airflow/example_dags/tutorial_dag.py for tasks to queue
[2023-12-02T02:48:08.759+0000] {logging_mixin.py:151} INFO - [2023-12-02T02:48:08.758+0000] {dagbag.py:539} INFO - Filling up the DagBag from /home/airflow/.local/lib/python3.8/site-packages/airflow/example_dags/tutorial_dag.py
[2023-12-02T02:48:08.797+0000] {processor.py:839} INFO - DAG(s) dict_keys(['tutorial_dag']) retrieved from /home/airflow/.local/lib/python3.8/site-packages/airflow/example_dags/tutorial_dag.py
[2023-12-02T02:48:08.879+0000] {logging_mixin.py:151} INFO - [2023-12-02T02:48:08.879+0000] {dag.py:2915} INFO - Sync 1 DAGs
[2023-12-02T02:48:08.918+0000] {logging_mixin.py:151} INFO - [2023-12-02T02:48:08.917+0000] {dag.py:3696} INFO - Setting next_dagrun for tutorial_dag to None, run_after=None
[2023-12-02T02:48:08.983+0000] {processor.py:179} INFO - Processing /home/airflow/.local/lib/python3.8/site-packages/airflow/example_dags/tutorial_dag.py took 0.244 seconds
[2023-12-02T03:45:57.638+0000] {processor.py:157} INFO - Started process (PID=48341) to work on /home/airflow/.local/lib/python3.8/site-packages/airflow/example_dags/tutorial_dag.py
[2023-12-02T03:45:57.643+0000] {processor.py:829} INFO - Processing file /home/airflow/.local/lib/python3.8/site-packages/airflow/example_dags/tutorial_dag.py for tasks to queue
[2023-12-02T03:45:57.698+0000] {logging_mixin.py:151} INFO - [2023-12-02T03:45:57.696+0000] {dagbag.py:539} INFO - Filling up the DagBag from /home/airflow/.local/lib/python3.8/site-packages/airflow/example_dags/tutorial_dag.py
[2023-12-02T03:45:57.723+0000] {processor.py:839} INFO - DAG(s) dict_keys(['tutorial_dag']) retrieved from /home/airflow/.local/lib/python3.8/site-packages/airflow/example_dags/tutorial_dag.py
[2023-12-02T03:45:57.801+0000] {logging_mixin.py:151} INFO - [2023-12-02T03:45:57.801+0000] {dag.py:2915} INFO - Sync 1 DAGs
[2023-12-02T03:45:57.841+0000] {logging_mixin.py:151} INFO - [2023-12-02T03:45:57.841+0000] {dag.py:3696} INFO - Setting next_dagrun for tutorial_dag to None, run_after=None
[2023-12-02T03:45:57.885+0000] {processor.py:179} INFO - Processing /home/airflow/.local/lib/python3.8/site-packages/airflow/example_dags/tutorial_dag.py took 0.264 seconds
[2023-12-02T05:04:02.017+0000] {processor.py:157} INFO - Started process (PID=48395) to work on /home/airflow/.local/lib/python3.8/site-packages/airflow/example_dags/tutorial_dag.py
[2023-12-02T05:04:02.020+0000] {processor.py:829} INFO - Processing file /home/airflow/.local/lib/python3.8/site-packages/airflow/example_dags/tutorial_dag.py for tasks to queue
[2023-12-02T05:04:02.028+0000] {logging_mixin.py:151} INFO - [2023-12-02T05:04:02.027+0000] {dagbag.py:539} INFO - Filling up the DagBag from /home/airflow/.local/lib/python3.8/site-packages/airflow/example_dags/tutorial_dag.py
[2023-12-02T05:04:02.050+0000] {processor.py:839} INFO - DAG(s) dict_keys(['tutorial_dag']) retrieved from /home/airflow/.local/lib/python3.8/site-packages/airflow/example_dags/tutorial_dag.py
[2023-12-02T05:04:02.579+0000] {logging_mixin.py:151} INFO - [2023-12-02T05:04:02.579+0000] {dag.py:2915} INFO - Sync 1 DAGs
[2023-12-02T05:04:02.626+0000] {logging_mixin.py:151} INFO - [2023-12-02T05:04:02.625+0000] {dag.py:3696} INFO - Setting next_dagrun for tutorial_dag to None, run_after=None
[2023-12-02T05:04:02.683+0000] {processor.py:179} INFO - Processing /home/airflow/.local/lib/python3.8/site-packages/airflow/example_dags/tutorial_dag.py took 0.683 seconds
[2023-12-02T06:07:22.855+0000] {processor.py:157} INFO - Started process (PID=48449) to work on /home/airflow/.local/lib/python3.8/site-packages/airflow/example_dags/tutorial_dag.py
[2023-12-02T06:07:22.860+0000] {processor.py:829} INFO - Processing file /home/airflow/.local/lib/python3.8/site-packages/airflow/example_dags/tutorial_dag.py for tasks to queue
[2023-12-02T06:07:22.880+0000] {logging_mixin.py:151} INFO - [2023-12-02T06:07:22.878+0000] {dagbag.py:539} INFO - Filling up the DagBag from /home/airflow/.local/lib/python3.8/site-packages/airflow/example_dags/tutorial_dag.py
[2023-12-02T06:07:22.899+0000] {processor.py:839} INFO - DAG(s) dict_keys(['tutorial_dag']) retrieved from /home/airflow/.local/lib/python3.8/site-packages/airflow/example_dags/tutorial_dag.py
[2023-12-02T06:07:22.934+0000] {logging_mixin.py:151} INFO - [2023-12-02T06:07:22.933+0000] {dag.py:2915} INFO - Sync 1 DAGs
[2023-12-02T06:07:22.946+0000] {logging_mixin.py:151} INFO - [2023-12-02T06:07:22.946+0000] {dag.py:3696} INFO - Setting next_dagrun for tutorial_dag to None, run_after=None
[2023-12-02T06:07:22.959+0000] {processor.py:179} INFO - Processing /home/airflow/.local/lib/python3.8/site-packages/airflow/example_dags/tutorial_dag.py took 0.116 seconds
[2023-12-02T07:04:07.456+0000] {processor.py:157} INFO - Started process (PID=48503) to work on /home/airflow/.local/lib/python3.8/site-packages/airflow/example_dags/tutorial_dag.py
[2023-12-02T07:04:07.461+0000] {processor.py:829} INFO - Processing file /home/airflow/.local/lib/python3.8/site-packages/airflow/example_dags/tutorial_dag.py for tasks to queue
[2023-12-02T07:04:07.472+0000] {logging_mixin.py:151} INFO - [2023-12-02T07:04:07.471+0000] {dagbag.py:539} INFO - Filling up the DagBag from /home/airflow/.local/lib/python3.8/site-packages/airflow/example_dags/tutorial_dag.py
[2023-12-02T07:04:07.498+0000] {processor.py:839} INFO - DAG(s) dict_keys(['tutorial_dag']) retrieved from /home/airflow/.local/lib/python3.8/site-packages/airflow/example_dags/tutorial_dag.py
[2023-12-02T07:04:07.556+0000] {logging_mixin.py:151} INFO - [2023-12-02T07:04:07.556+0000] {dag.py:2915} INFO - Sync 1 DAGs
[2023-12-02T07:04:07.570+0000] {logging_mixin.py:151} INFO - [2023-12-02T07:04:07.570+0000] {dag.py:3696} INFO - Setting next_dagrun for tutorial_dag to None, run_after=None
[2023-12-02T07:04:07.593+0000] {processor.py:179} INFO - Processing /home/airflow/.local/lib/python3.8/site-packages/airflow/example_dags/tutorial_dag.py took 0.150 seconds
[2023-12-02T08:07:53.510+0000] {processor.py:157} INFO - Started process (PID=48557) to work on /home/airflow/.local/lib/python3.8/site-packages/airflow/example_dags/tutorial_dag.py
[2023-12-02T08:07:53.512+0000] {processor.py:829} INFO - Processing file /home/airflow/.local/lib/python3.8/site-packages/airflow/example_dags/tutorial_dag.py for tasks to queue
[2023-12-02T08:07:53.516+0000] {logging_mixin.py:151} INFO - [2023-12-02T08:07:53.516+0000] {dagbag.py:539} INFO - Filling up the DagBag from /home/airflow/.local/lib/python3.8/site-packages/airflow/example_dags/tutorial_dag.py
[2023-12-02T08:07:53.533+0000] {processor.py:839} INFO - DAG(s) dict_keys(['tutorial_dag']) retrieved from /home/airflow/.local/lib/python3.8/site-packages/airflow/example_dags/tutorial_dag.py
[2023-12-02T08:07:53.556+0000] {logging_mixin.py:151} INFO - [2023-12-02T08:07:53.556+0000] {dag.py:2915} INFO - Sync 1 DAGs
[2023-12-02T08:07:53.568+0000] {logging_mixin.py:151} INFO - [2023-12-02T08:07:53.568+0000] {dag.py:3696} INFO - Setting next_dagrun for tutorial_dag to None, run_after=None
[2023-12-02T08:07:53.580+0000] {processor.py:179} INFO - Processing /home/airflow/.local/lib/python3.8/site-packages/airflow/example_dags/tutorial_dag.py took 0.078 seconds
[2023-12-02T09:19:30.544+0000] {processor.py:157} INFO - Started process (PID=48611) to work on /home/airflow/.local/lib/python3.8/site-packages/airflow/example_dags/tutorial_dag.py
[2023-12-02T09:19:30.546+0000] {processor.py:829} INFO - Processing file /home/airflow/.local/lib/python3.8/site-packages/airflow/example_dags/tutorial_dag.py for tasks to queue
[2023-12-02T09:19:30.552+0000] {logging_mixin.py:151} INFO - [2023-12-02T09:19:30.552+0000] {dagbag.py:539} INFO - Filling up the DagBag from /home/airflow/.local/lib/python3.8/site-packages/airflow/example_dags/tutorial_dag.py
[2023-12-02T09:19:30.589+0000] {processor.py:839} INFO - DAG(s) dict_keys(['tutorial_dag']) retrieved from /home/airflow/.local/lib/python3.8/site-packages/airflow/example_dags/tutorial_dag.py
[2023-12-02T09:19:30.672+0000] {logging_mixin.py:151} INFO - [2023-12-02T09:19:30.672+0000] {dag.py:2915} INFO - Sync 1 DAGs
[2023-12-02T09:19:30.724+0000] {logging_mixin.py:151} INFO - [2023-12-02T09:19:30.723+0000] {dag.py:3696} INFO - Setting next_dagrun for tutorial_dag to None, run_after=None
[2023-12-02T09:19:30.780+0000] {processor.py:179} INFO - Processing /home/airflow/.local/lib/python3.8/site-packages/airflow/example_dags/tutorial_dag.py took 0.246 seconds
[2023-12-02T09:58:54.140+0000] {processor.py:157} INFO - Started process (PID=48665) to work on /home/airflow/.local/lib/python3.8/site-packages/airflow/example_dags/tutorial_dag.py
[2023-12-02T09:58:54.142+0000] {processor.py:829} INFO - Processing file /home/airflow/.local/lib/python3.8/site-packages/airflow/example_dags/tutorial_dag.py for tasks to queue
[2023-12-02T09:58:54.146+0000] {logging_mixin.py:151} INFO - [2023-12-02T09:58:54.145+0000] {dagbag.py:539} INFO - Filling up the DagBag from /home/airflow/.local/lib/python3.8/site-packages/airflow/example_dags/tutorial_dag.py
[2023-12-02T09:58:54.164+0000] {processor.py:839} INFO - DAG(s) dict_keys(['tutorial_dag']) retrieved from /home/airflow/.local/lib/python3.8/site-packages/airflow/example_dags/tutorial_dag.py
[2023-12-02T09:58:54.214+0000] {logging_mixin.py:151} INFO - [2023-12-02T09:58:54.213+0000] {dag.py:2915} INFO - Sync 1 DAGs
[2023-12-02T09:58:54.247+0000] {logging_mixin.py:151} INFO - [2023-12-02T09:58:54.246+0000] {dag.py:3696} INFO - Setting next_dagrun for tutorial_dag to None, run_after=None
[2023-12-02T09:58:54.319+0000] {processor.py:179} INFO - Processing /home/airflow/.local/lib/python3.8/site-packages/airflow/example_dags/tutorial_dag.py took 0.186 seconds
[2023-12-02T10:00:55.380+0000] {processor.py:157} INFO - Started process (PID=48719) to work on /home/airflow/.local/lib/python3.8/site-packages/airflow/example_dags/tutorial_dag.py
[2023-12-02T10:00:55.389+0000] {processor.py:829} INFO - Processing file /home/airflow/.local/lib/python3.8/site-packages/airflow/example_dags/tutorial_dag.py for tasks to queue
[2023-12-02T10:00:55.404+0000] {logging_mixin.py:151} INFO - [2023-12-02T10:00:55.403+0000] {dagbag.py:539} INFO - Filling up the DagBag from /home/airflow/.local/lib/python3.8/site-packages/airflow/example_dags/tutorial_dag.py
[2023-12-02T10:00:55.420+0000] {processor.py:839} INFO - DAG(s) dict_keys(['tutorial_dag']) retrieved from /home/airflow/.local/lib/python3.8/site-packages/airflow/example_dags/tutorial_dag.py
[2023-12-02T10:00:55.574+0000] {logging_mixin.py:151} INFO - [2023-12-02T10:00:55.573+0000] {dag.py:2915} INFO - Sync 1 DAGs
[2023-12-02T10:00:55.595+0000] {logging_mixin.py:151} INFO - [2023-12-02T10:00:55.594+0000] {dag.py:3696} INFO - Setting next_dagrun for tutorial_dag to None, run_after=None
[2023-12-02T10:00:55.634+0000] {processor.py:179} INFO - Processing /home/airflow/.local/lib/python3.8/site-packages/airflow/example_dags/tutorial_dag.py took 0.263 seconds
[2023-12-02T10:20:40.201+0000] {processor.py:157} INFO - Started process (PID=48773) to work on /home/airflow/.local/lib/python3.8/site-packages/airflow/example_dags/tutorial_dag.py
[2023-12-02T10:20:40.206+0000] {processor.py:829} INFO - Processing file /home/airflow/.local/lib/python3.8/site-packages/airflow/example_dags/tutorial_dag.py for tasks to queue
[2023-12-02T10:20:40.217+0000] {logging_mixin.py:151} INFO - [2023-12-02T10:20:40.214+0000] {dagbag.py:539} INFO - Filling up the DagBag from /home/airflow/.local/lib/python3.8/site-packages/airflow/example_dags/tutorial_dag.py
[2023-12-02T10:20:40.235+0000] {processor.py:839} INFO - DAG(s) dict_keys(['tutorial_dag']) retrieved from /home/airflow/.local/lib/python3.8/site-packages/airflow/example_dags/tutorial_dag.py
[2023-12-02T10:20:40.307+0000] {logging_mixin.py:151} INFO - [2023-12-02T10:20:40.306+0000] {dag.py:2915} INFO - Sync 1 DAGs
[2023-12-02T10:20:40.348+0000] {logging_mixin.py:151} INFO - [2023-12-02T10:20:40.348+0000] {dag.py:3696} INFO - Setting next_dagrun for tutorial_dag to None, run_after=None
[2023-12-02T10:20:40.390+0000] {processor.py:179} INFO - Processing /home/airflow/.local/lib/python3.8/site-packages/airflow/example_dags/tutorial_dag.py took 0.208 seconds
[2023-12-02T10:41:00.883+0000] {processor.py:157} INFO - Started process (PID=48828) to work on /home/airflow/.local/lib/python3.8/site-packages/airflow/example_dags/tutorial_dag.py
[2023-12-02T10:41:00.889+0000] {processor.py:829} INFO - Processing file /home/airflow/.local/lib/python3.8/site-packages/airflow/example_dags/tutorial_dag.py for tasks to queue
[2023-12-02T10:41:00.907+0000] {logging_mixin.py:151} INFO - [2023-12-02T10:41:00.904+0000] {dagbag.py:539} INFO - Filling up the DagBag from /home/airflow/.local/lib/python3.8/site-packages/airflow/example_dags/tutorial_dag.py
[2023-12-02T10:41:00.929+0000] {processor.py:839} INFO - DAG(s) dict_keys(['tutorial_dag']) retrieved from /home/airflow/.local/lib/python3.8/site-packages/airflow/example_dags/tutorial_dag.py
[2023-12-02T10:41:00.980+0000] {logging_mixin.py:151} INFO - [2023-12-02T10:41:00.980+0000] {dag.py:2915} INFO - Sync 1 DAGs
[2023-12-02T10:41:00.999+0000] {logging_mixin.py:151} INFO - [2023-12-02T10:41:00.999+0000] {dag.py:3696} INFO - Setting next_dagrun for tutorial_dag to None, run_after=None
[2023-12-02T10:41:01.024+0000] {processor.py:179} INFO - Processing /home/airflow/.local/lib/python3.8/site-packages/airflow/example_dags/tutorial_dag.py took 0.166 seconds
[2023-12-02T11:01:11.237+0000] {processor.py:157} INFO - Started process (PID=48882) to work on /home/airflow/.local/lib/python3.8/site-packages/airflow/example_dags/tutorial_dag.py
[2023-12-02T11:01:11.247+0000] {processor.py:829} INFO - Processing file /home/airflow/.local/lib/python3.8/site-packages/airflow/example_dags/tutorial_dag.py for tasks to queue
[2023-12-02T11:01:11.255+0000] {logging_mixin.py:151} INFO - [2023-12-02T11:01:11.254+0000] {dagbag.py:539} INFO - Filling up the DagBag from /home/airflow/.local/lib/python3.8/site-packages/airflow/example_dags/tutorial_dag.py
[2023-12-02T11:01:11.270+0000] {processor.py:839} INFO - DAG(s) dict_keys(['tutorial_dag']) retrieved from /home/airflow/.local/lib/python3.8/site-packages/airflow/example_dags/tutorial_dag.py
[2023-12-02T11:01:11.308+0000] {logging_mixin.py:151} INFO - [2023-12-02T11:01:11.307+0000] {dag.py:2915} INFO - Sync 1 DAGs
[2023-12-02T11:01:11.327+0000] {logging_mixin.py:151} INFO - [2023-12-02T11:01:11.326+0000] {dag.py:3696} INFO - Setting next_dagrun for tutorial_dag to None, run_after=None
[2023-12-02T11:01:11.347+0000] {processor.py:179} INFO - Processing /home/airflow/.local/lib/python3.8/site-packages/airflow/example_dags/tutorial_dag.py took 0.118 seconds
[2023-12-02T11:08:49.642+0000] {processor.py:157} INFO - Started process (PID=48936) to work on /home/airflow/.local/lib/python3.8/site-packages/airflow/example_dags/tutorial_dag.py
[2023-12-02T11:08:49.645+0000] {processor.py:829} INFO - Processing file /home/airflow/.local/lib/python3.8/site-packages/airflow/example_dags/tutorial_dag.py for tasks to queue
[2023-12-02T11:08:49.651+0000] {logging_mixin.py:151} INFO - [2023-12-02T11:08:49.651+0000] {dagbag.py:539} INFO - Filling up the DagBag from /home/airflow/.local/lib/python3.8/site-packages/airflow/example_dags/tutorial_dag.py
[2023-12-02T11:08:49.695+0000] {processor.py:839} INFO - DAG(s) dict_keys(['tutorial_dag']) retrieved from /home/airflow/.local/lib/python3.8/site-packages/airflow/example_dags/tutorial_dag.py
[2023-12-02T11:08:49.787+0000] {logging_mixin.py:151} INFO - [2023-12-02T11:08:49.787+0000] {dag.py:2915} INFO - Sync 1 DAGs
[2023-12-02T11:08:49.835+0000] {logging_mixin.py:151} INFO - [2023-12-02T11:08:49.834+0000] {dag.py:3696} INFO - Setting next_dagrun for tutorial_dag to None, run_after=None
[2023-12-02T11:08:49.875+0000] {processor.py:179} INFO - Processing /home/airflow/.local/lib/python3.8/site-packages/airflow/example_dags/tutorial_dag.py took 0.250 seconds
[2023-12-02T11:21:30.378+0000] {processor.py:157} INFO - Started process (PID=48990) to work on /home/airflow/.local/lib/python3.8/site-packages/airflow/example_dags/tutorial_dag.py
[2023-12-02T11:21:30.380+0000] {processor.py:829} INFO - Processing file /home/airflow/.local/lib/python3.8/site-packages/airflow/example_dags/tutorial_dag.py for tasks to queue
[2023-12-02T11:21:30.383+0000] {logging_mixin.py:151} INFO - [2023-12-02T11:21:30.383+0000] {dagbag.py:539} INFO - Filling up the DagBag from /home/airflow/.local/lib/python3.8/site-packages/airflow/example_dags/tutorial_dag.py
[2023-12-02T11:21:30.394+0000] {processor.py:839} INFO - DAG(s) dict_keys(['tutorial_dag']) retrieved from /home/airflow/.local/lib/python3.8/site-packages/airflow/example_dags/tutorial_dag.py
[2023-12-02T11:21:30.424+0000] {logging_mixin.py:151} INFO - [2023-12-02T11:21:30.424+0000] {dag.py:2915} INFO - Sync 1 DAGs
[2023-12-02T11:21:30.437+0000] {logging_mixin.py:151} INFO - [2023-12-02T11:21:30.436+0000] {dag.py:3696} INFO - Setting next_dagrun for tutorial_dag to None, run_after=None
[2023-12-02T11:21:30.452+0000] {processor.py:179} INFO - Processing /home/airflow/.local/lib/python3.8/site-packages/airflow/example_dags/tutorial_dag.py took 0.081 seconds
[2023-12-02T11:33:20.844+0000] {processor.py:157} INFO - Started process (PID=49044) to work on /home/airflow/.local/lib/python3.8/site-packages/airflow/example_dags/tutorial_dag.py
[2023-12-02T11:33:20.846+0000] {processor.py:829} INFO - Processing file /home/airflow/.local/lib/python3.8/site-packages/airflow/example_dags/tutorial_dag.py for tasks to queue
[2023-12-02T11:33:20.851+0000] {logging_mixin.py:151} INFO - [2023-12-02T11:33:20.850+0000] {dagbag.py:539} INFO - Filling up the DagBag from /home/airflow/.local/lib/python3.8/site-packages/airflow/example_dags/tutorial_dag.py
[2023-12-02T11:33:20.859+0000] {processor.py:839} INFO - DAG(s) dict_keys(['tutorial_dag']) retrieved from /home/airflow/.local/lib/python3.8/site-packages/airflow/example_dags/tutorial_dag.py
[2023-12-02T11:33:20.898+0000] {logging_mixin.py:151} INFO - [2023-12-02T11:33:20.897+0000] {dag.py:2915} INFO - Sync 1 DAGs
[2023-12-02T11:33:20.911+0000] {logging_mixin.py:151} INFO - [2023-12-02T11:33:20.910+0000] {dag.py:3696} INFO - Setting next_dagrun for tutorial_dag to None, run_after=None
[2023-12-02T11:33:20.927+0000] {processor.py:179} INFO - Processing /home/airflow/.local/lib/python3.8/site-packages/airflow/example_dags/tutorial_dag.py took 0.093 seconds
[2023-12-02T11:36:38.267+0000] {processor.py:157} INFO - Started process (PID=49098) to work on /home/airflow/.local/lib/python3.8/site-packages/airflow/example_dags/tutorial_dag.py
[2023-12-02T11:36:38.269+0000] {processor.py:829} INFO - Processing file /home/airflow/.local/lib/python3.8/site-packages/airflow/example_dags/tutorial_dag.py for tasks to queue
[2023-12-02T11:36:38.275+0000] {logging_mixin.py:151} INFO - [2023-12-02T11:36:38.274+0000] {dagbag.py:539} INFO - Filling up the DagBag from /home/airflow/.local/lib/python3.8/site-packages/airflow/example_dags/tutorial_dag.py
[2023-12-02T11:36:38.296+0000] {processor.py:839} INFO - DAG(s) dict_keys(['tutorial_dag']) retrieved from /home/airflow/.local/lib/python3.8/site-packages/airflow/example_dags/tutorial_dag.py
[2023-12-02T11:36:38.326+0000] {logging_mixin.py:151} INFO - [2023-12-02T11:36:38.325+0000] {dag.py:2915} INFO - Sync 1 DAGs
[2023-12-02T11:36:38.347+0000] {logging_mixin.py:151} INFO - [2023-12-02T11:36:38.347+0000] {dag.py:3696} INFO - Setting next_dagrun for tutorial_dag to None, run_after=None
[2023-12-02T11:36:38.362+0000] {processor.py:179} INFO - Processing /home/airflow/.local/lib/python3.8/site-packages/airflow/example_dags/tutorial_dag.py took 0.104 seconds
[2023-12-02T11:56:16.798+0000] {processor.py:157} INFO - Started process (PID=49152) to work on /home/airflow/.local/lib/python3.8/site-packages/airflow/example_dags/tutorial_dag.py
[2023-12-02T11:56:16.800+0000] {processor.py:829} INFO - Processing file /home/airflow/.local/lib/python3.8/site-packages/airflow/example_dags/tutorial_dag.py for tasks to queue
[2023-12-02T11:56:16.804+0000] {logging_mixin.py:151} INFO - [2023-12-02T11:56:16.803+0000] {dagbag.py:539} INFO - Filling up the DagBag from /home/airflow/.local/lib/python3.8/site-packages/airflow/example_dags/tutorial_dag.py
[2023-12-02T11:56:16.812+0000] {processor.py:839} INFO - DAG(s) dict_keys(['tutorial_dag']) retrieved from /home/airflow/.local/lib/python3.8/site-packages/airflow/example_dags/tutorial_dag.py
[2023-12-02T11:56:16.833+0000] {logging_mixin.py:151} INFO - [2023-12-02T11:56:16.833+0000] {dag.py:2915} INFO - Sync 1 DAGs
[2023-12-02T11:56:16.845+0000] {logging_mixin.py:151} INFO - [2023-12-02T11:56:16.844+0000] {dag.py:3696} INFO - Setting next_dagrun for tutorial_dag to None, run_after=None
[2023-12-02T11:56:16.860+0000] {processor.py:179} INFO - Processing /home/airflow/.local/lib/python3.8/site-packages/airflow/example_dags/tutorial_dag.py took 0.081 seconds
[2023-12-02T12:13:11.781+0000] {processor.py:157} INFO - Started process (PID=49207) to work on /home/airflow/.local/lib/python3.8/site-packages/airflow/example_dags/tutorial_dag.py
[2023-12-02T12:13:11.784+0000] {processor.py:829} INFO - Processing file /home/airflow/.local/lib/python3.8/site-packages/airflow/example_dags/tutorial_dag.py for tasks to queue
[2023-12-02T12:13:11.795+0000] {logging_mixin.py:151} INFO - [2023-12-02T12:13:11.794+0000] {dagbag.py:539} INFO - Filling up the DagBag from /home/airflow/.local/lib/python3.8/site-packages/airflow/example_dags/tutorial_dag.py
[2023-12-02T12:13:11.813+0000] {processor.py:839} INFO - DAG(s) dict_keys(['tutorial_dag']) retrieved from /home/airflow/.local/lib/python3.8/site-packages/airflow/example_dags/tutorial_dag.py
[2023-12-02T12:13:11.857+0000] {logging_mixin.py:151} INFO - [2023-12-02T12:13:11.857+0000] {dag.py:2915} INFO - Sync 1 DAGs
[2023-12-02T12:13:11.899+0000] {logging_mixin.py:151} INFO - [2023-12-02T12:13:11.899+0000] {dag.py:3696} INFO - Setting next_dagrun for tutorial_dag to None, run_after=None
[2023-12-02T12:13:11.921+0000] {processor.py:179} INFO - Processing /home/airflow/.local/lib/python3.8/site-packages/airflow/example_dags/tutorial_dag.py took 0.153 seconds
[2023-12-02T12:38:00.005+0000] {processor.py:157} INFO - Started process (PID=49261) to work on /home/airflow/.local/lib/python3.8/site-packages/airflow/example_dags/tutorial_dag.py
[2023-12-02T12:38:00.020+0000] {processor.py:829} INFO - Processing file /home/airflow/.local/lib/python3.8/site-packages/airflow/example_dags/tutorial_dag.py for tasks to queue
[2023-12-02T12:38:00.136+0000] {logging_mixin.py:151} INFO - [2023-12-02T12:38:00.133+0000] {dagbag.py:539} INFO - Filling up the DagBag from /home/airflow/.local/lib/python3.8/site-packages/airflow/example_dags/tutorial_dag.py
[2023-12-02T12:38:00.310+0000] {processor.py:839} INFO - DAG(s) dict_keys(['tutorial_dag']) retrieved from /home/airflow/.local/lib/python3.8/site-packages/airflow/example_dags/tutorial_dag.py
[2023-12-02T12:38:00.397+0000] {logging_mixin.py:151} INFO - [2023-12-02T12:38:00.396+0000] {dag.py:2915} INFO - Sync 1 DAGs
[2023-12-02T12:38:00.440+0000] {logging_mixin.py:151} INFO - [2023-12-02T12:38:00.440+0000] {dag.py:3696} INFO - Setting next_dagrun for tutorial_dag to None, run_after=None
[2023-12-02T12:38:00.459+0000] {processor.py:179} INFO - Processing /home/airflow/.local/lib/python3.8/site-packages/airflow/example_dags/tutorial_dag.py took 0.495 seconds
[2023-12-02T12:38:34.509+0000] {processor.py:157} INFO - Started process (PID=49308) to work on /home/airflow/.local/lib/python3.8/site-packages/airflow/example_dags/tutorial_dag.py
[2023-12-02T12:38:34.512+0000] {processor.py:829} INFO - Processing file /home/airflow/.local/lib/python3.8/site-packages/airflow/example_dags/tutorial_dag.py for tasks to queue
[2023-12-02T12:38:34.517+0000] {logging_mixin.py:151} INFO - [2023-12-02T12:38:34.516+0000] {dagbag.py:539} INFO - Filling up the DagBag from /home/airflow/.local/lib/python3.8/site-packages/airflow/example_dags/tutorial_dag.py
[2023-12-02T12:38:34.535+0000] {processor.py:839} INFO - DAG(s) dict_keys(['tutorial_dag']) retrieved from /home/airflow/.local/lib/python3.8/site-packages/airflow/example_dags/tutorial_dag.py
[2023-12-02T12:38:34.577+0000] {logging_mixin.py:151} INFO - [2023-12-02T12:38:34.576+0000] {dag.py:2915} INFO - Sync 1 DAGs
[2023-12-02T12:38:34.590+0000] {logging_mixin.py:151} INFO - [2023-12-02T12:38:34.590+0000] {dag.py:3696} INFO - Setting next_dagrun for tutorial_dag to None, run_after=None
[2023-12-02T12:38:34.603+0000] {processor.py:179} INFO - Processing /home/airflow/.local/lib/python3.8/site-packages/airflow/example_dags/tutorial_dag.py took 0.104 seconds
[2023-12-02T12:40:32.991+0000] {processor.py:157} INFO - Started process (PID=49362) to work on /home/airflow/.local/lib/python3.8/site-packages/airflow/example_dags/tutorial_dag.py
[2023-12-02T12:40:32.996+0000] {processor.py:829} INFO - Processing file /home/airflow/.local/lib/python3.8/site-packages/airflow/example_dags/tutorial_dag.py for tasks to queue
[2023-12-02T12:40:33.014+0000] {logging_mixin.py:151} INFO - [2023-12-02T12:40:33.012+0000] {dagbag.py:539} INFO - Filling up the DagBag from /home/airflow/.local/lib/python3.8/site-packages/airflow/example_dags/tutorial_dag.py
[2023-12-02T12:40:33.042+0000] {processor.py:839} INFO - DAG(s) dict_keys(['tutorial_dag']) retrieved from /home/airflow/.local/lib/python3.8/site-packages/airflow/example_dags/tutorial_dag.py
[2023-12-02T12:40:33.115+0000] {logging_mixin.py:151} INFO - [2023-12-02T12:40:33.115+0000] {dag.py:2915} INFO - Sync 1 DAGs
[2023-12-02T12:40:33.140+0000] {logging_mixin.py:151} INFO - [2023-12-02T12:40:33.140+0000] {dag.py:3696} INFO - Setting next_dagrun for tutorial_dag to None, run_after=None
[2023-12-02T12:40:33.159+0000] {processor.py:179} INFO - Processing /home/airflow/.local/lib/python3.8/site-packages/airflow/example_dags/tutorial_dag.py took 0.179 seconds
[2023-12-02T13:06:16.601+0000] {processor.py:157} INFO - Started process (PID=49416) to work on /home/airflow/.local/lib/python3.8/site-packages/airflow/example_dags/tutorial_dag.py
[2023-12-02T13:06:16.604+0000] {processor.py:829} INFO - Processing file /home/airflow/.local/lib/python3.8/site-packages/airflow/example_dags/tutorial_dag.py for tasks to queue
[2023-12-02T13:06:16.611+0000] {logging_mixin.py:151} INFO - [2023-12-02T13:06:16.610+0000] {dagbag.py:539} INFO - Filling up the DagBag from /home/airflow/.local/lib/python3.8/site-packages/airflow/example_dags/tutorial_dag.py
[2023-12-02T13:06:16.632+0000] {processor.py:839} INFO - DAG(s) dict_keys(['tutorial_dag']) retrieved from /home/airflow/.local/lib/python3.8/site-packages/airflow/example_dags/tutorial_dag.py
[2023-12-02T13:06:16.672+0000] {logging_mixin.py:151} INFO - [2023-12-02T13:06:16.672+0000] {dag.py:2915} INFO - Sync 1 DAGs
[2023-12-02T13:06:16.687+0000] {logging_mixin.py:151} INFO - [2023-12-02T13:06:16.686+0000] {dag.py:3696} INFO - Setting next_dagrun for tutorial_dag to None, run_after=None
[2023-12-02T13:06:16.700+0000] {processor.py:179} INFO - Processing /home/airflow/.local/lib/python3.8/site-packages/airflow/example_dags/tutorial_dag.py took 0.122 seconds
[2023-12-02T13:41:06.087+0000] {processor.py:157} INFO - Started process (PID=49470) to work on /home/airflow/.local/lib/python3.8/site-packages/airflow/example_dags/tutorial_dag.py
[2023-12-02T13:41:06.090+0000] {processor.py:829} INFO - Processing file /home/airflow/.local/lib/python3.8/site-packages/airflow/example_dags/tutorial_dag.py for tasks to queue
[2023-12-02T13:41:06.107+0000] {logging_mixin.py:151} INFO - [2023-12-02T13:41:06.106+0000] {dagbag.py:539} INFO - Filling up the DagBag from /home/airflow/.local/lib/python3.8/site-packages/airflow/example_dags/tutorial_dag.py
[2023-12-02T13:41:06.134+0000] {processor.py:839} INFO - DAG(s) dict_keys(['tutorial_dag']) retrieved from /home/airflow/.local/lib/python3.8/site-packages/airflow/example_dags/tutorial_dag.py
[2023-12-02T13:41:06.215+0000] {logging_mixin.py:151} INFO - [2023-12-02T13:41:06.215+0000] {dag.py:2915} INFO - Sync 1 DAGs
[2023-12-02T13:41:06.262+0000] {logging_mixin.py:151} INFO - [2023-12-02T13:41:06.261+0000] {dag.py:3696} INFO - Setting next_dagrun for tutorial_dag to None, run_after=None
[2023-12-02T13:41:06.297+0000] {processor.py:179} INFO - Processing /home/airflow/.local/lib/python3.8/site-packages/airflow/example_dags/tutorial_dag.py took 0.219 seconds
[2023-12-02T14:24:07.273+0000] {processor.py:157} INFO - Started process (PID=49524) to work on /home/airflow/.local/lib/python3.8/site-packages/airflow/example_dags/tutorial_dag.py
[2023-12-02T14:24:07.276+0000] {processor.py:829} INFO - Processing file /home/airflow/.local/lib/python3.8/site-packages/airflow/example_dags/tutorial_dag.py for tasks to queue
[2023-12-02T14:24:07.286+0000] {logging_mixin.py:151} INFO - [2023-12-02T14:24:07.285+0000] {dagbag.py:539} INFO - Filling up the DagBag from /home/airflow/.local/lib/python3.8/site-packages/airflow/example_dags/tutorial_dag.py
[2023-12-02T14:24:07.296+0000] {processor.py:839} INFO - DAG(s) dict_keys(['tutorial_dag']) retrieved from /home/airflow/.local/lib/python3.8/site-packages/airflow/example_dags/tutorial_dag.py
[2023-12-02T14:24:07.327+0000] {logging_mixin.py:151} INFO - [2023-12-02T14:24:07.327+0000] {dag.py:2915} INFO - Sync 1 DAGs
[2023-12-02T14:24:07.338+0000] {logging_mixin.py:151} INFO - [2023-12-02T14:24:07.338+0000] {dag.py:3696} INFO - Setting next_dagrun for tutorial_dag to None, run_after=None
[2023-12-02T14:24:07.355+0000] {processor.py:179} INFO - Processing /home/airflow/.local/lib/python3.8/site-packages/airflow/example_dags/tutorial_dag.py took 0.100 seconds
[2023-12-02T14:49:29.694+0000] {processor.py:157} INFO - Started process (PID=49578) to work on /home/airflow/.local/lib/python3.8/site-packages/airflow/example_dags/tutorial_dag.py
[2023-12-02T14:49:29.699+0000] {processor.py:829} INFO - Processing file /home/airflow/.local/lib/python3.8/site-packages/airflow/example_dags/tutorial_dag.py for tasks to queue
[2023-12-02T14:49:29.710+0000] {logging_mixin.py:151} INFO - [2023-12-02T14:49:29.708+0000] {dagbag.py:539} INFO - Filling up the DagBag from /home/airflow/.local/lib/python3.8/site-packages/airflow/example_dags/tutorial_dag.py
[2023-12-02T14:49:29.737+0000] {processor.py:839} INFO - DAG(s) dict_keys(['tutorial_dag']) retrieved from /home/airflow/.local/lib/python3.8/site-packages/airflow/example_dags/tutorial_dag.py
[2023-12-02T14:49:29.813+0000] {logging_mixin.py:151} INFO - [2023-12-02T14:49:29.813+0000] {dag.py:2915} INFO - Sync 1 DAGs
[2023-12-02T14:49:29.843+0000] {logging_mixin.py:151} INFO - [2023-12-02T14:49:29.843+0000] {dag.py:3696} INFO - Setting next_dagrun for tutorial_dag to None, run_after=None
[2023-12-02T14:49:29.879+0000] {processor.py:179} INFO - Processing /home/airflow/.local/lib/python3.8/site-packages/airflow/example_dags/tutorial_dag.py took 0.217 seconds
[2023-12-02T15:25:06.151+0000] {processor.py:157} INFO - Started process (PID=49632) to work on /home/airflow/.local/lib/python3.8/site-packages/airflow/example_dags/tutorial_dag.py
[2023-12-02T15:25:06.153+0000] {processor.py:829} INFO - Processing file /home/airflow/.local/lib/python3.8/site-packages/airflow/example_dags/tutorial_dag.py for tasks to queue
[2023-12-02T15:25:06.167+0000] {logging_mixin.py:151} INFO - [2023-12-02T15:25:06.166+0000] {dagbag.py:539} INFO - Filling up the DagBag from /home/airflow/.local/lib/python3.8/site-packages/airflow/example_dags/tutorial_dag.py
[2023-12-02T15:25:06.177+0000] {processor.py:839} INFO - DAG(s) dict_keys(['tutorial_dag']) retrieved from /home/airflow/.local/lib/python3.8/site-packages/airflow/example_dags/tutorial_dag.py
[2023-12-02T15:25:06.207+0000] {logging_mixin.py:151} INFO - [2023-12-02T15:25:06.207+0000] {dag.py:2915} INFO - Sync 1 DAGs
[2023-12-02T15:25:06.230+0000] {logging_mixin.py:151} INFO - [2023-12-02T15:25:06.230+0000] {dag.py:3696} INFO - Setting next_dagrun for tutorial_dag to None, run_after=None
[2023-12-02T15:25:06.243+0000] {processor.py:179} INFO - Processing /home/airflow/.local/lib/python3.8/site-packages/airflow/example_dags/tutorial_dag.py took 0.099 seconds
[2023-12-02T16:14:04.411+0000] {processor.py:157} INFO - Started process (PID=49686) to work on /home/airflow/.local/lib/python3.8/site-packages/airflow/example_dags/tutorial_dag.py
[2023-12-02T16:14:04.413+0000] {processor.py:829} INFO - Processing file /home/airflow/.local/lib/python3.8/site-packages/airflow/example_dags/tutorial_dag.py for tasks to queue
[2023-12-02T16:14:04.417+0000] {logging_mixin.py:151} INFO - [2023-12-02T16:14:04.417+0000] {dagbag.py:539} INFO - Filling up the DagBag from /home/airflow/.local/lib/python3.8/site-packages/airflow/example_dags/tutorial_dag.py
[2023-12-02T16:14:04.443+0000] {processor.py:839} INFO - DAG(s) dict_keys(['tutorial_dag']) retrieved from /home/airflow/.local/lib/python3.8/site-packages/airflow/example_dags/tutorial_dag.py
[2023-12-02T16:14:04.468+0000] {logging_mixin.py:151} INFO - [2023-12-02T16:14:04.467+0000] {dag.py:2915} INFO - Sync 1 DAGs
[2023-12-02T16:14:04.479+0000] {logging_mixin.py:151} INFO - [2023-12-02T16:14:04.479+0000] {dag.py:3696} INFO - Setting next_dagrun for tutorial_dag to None, run_after=None
[2023-12-02T16:14:04.526+0000] {processor.py:179} INFO - Processing /home/airflow/.local/lib/python3.8/site-packages/airflow/example_dags/tutorial_dag.py took 0.125 seconds
[2023-12-02T16:26:14.427+0000] {processor.py:157} INFO - Started process (PID=49740) to work on /home/airflow/.local/lib/python3.8/site-packages/airflow/example_dags/tutorial_dag.py
[2023-12-02T16:26:14.429+0000] {processor.py:829} INFO - Processing file /home/airflow/.local/lib/python3.8/site-packages/airflow/example_dags/tutorial_dag.py for tasks to queue
[2023-12-02T16:26:14.443+0000] {logging_mixin.py:151} INFO - [2023-12-02T16:26:14.442+0000] {dagbag.py:539} INFO - Filling up the DagBag from /home/airflow/.local/lib/python3.8/site-packages/airflow/example_dags/tutorial_dag.py
[2023-12-02T16:26:14.464+0000] {processor.py:839} INFO - DAG(s) dict_keys(['tutorial_dag']) retrieved from /home/airflow/.local/lib/python3.8/site-packages/airflow/example_dags/tutorial_dag.py
[2023-12-02T16:26:14.516+0000] {logging_mixin.py:151} INFO - [2023-12-02T16:26:14.515+0000] {dag.py:2915} INFO - Sync 1 DAGs
[2023-12-02T16:26:14.536+0000] {logging_mixin.py:151} INFO - [2023-12-02T16:26:14.536+0000] {dag.py:3696} INFO - Setting next_dagrun for tutorial_dag to None, run_after=None
[2023-12-02T16:26:14.551+0000] {processor.py:179} INFO - Processing /home/airflow/.local/lib/python3.8/site-packages/airflow/example_dags/tutorial_dag.py took 0.143 seconds
[2023-12-02T17:27:08.846+0000] {processor.py:157} INFO - Started process (PID=49794) to work on /home/airflow/.local/lib/python3.8/site-packages/airflow/example_dags/tutorial_dag.py
[2023-12-02T17:27:08.848+0000] {processor.py:829} INFO - Processing file /home/airflow/.local/lib/python3.8/site-packages/airflow/example_dags/tutorial_dag.py for tasks to queue
[2023-12-02T17:27:08.870+0000] {logging_mixin.py:151} INFO - [2023-12-02T17:27:08.869+0000] {dagbag.py:539} INFO - Filling up the DagBag from /home/airflow/.local/lib/python3.8/site-packages/airflow/example_dags/tutorial_dag.py
[2023-12-02T17:27:08.891+0000] {processor.py:839} INFO - DAG(s) dict_keys(['tutorial_dag']) retrieved from /home/airflow/.local/lib/python3.8/site-packages/airflow/example_dags/tutorial_dag.py
[2023-12-02T17:27:08.966+0000] {logging_mixin.py:151} INFO - [2023-12-02T17:27:08.965+0000] {dag.py:2915} INFO - Sync 1 DAGs
[2023-12-02T17:27:09.020+0000] {logging_mixin.py:151} INFO - [2023-12-02T17:27:09.020+0000] {dag.py:3696} INFO - Setting next_dagrun for tutorial_dag to None, run_after=None
[2023-12-02T17:27:09.072+0000] {processor.py:179} INFO - Processing /home/airflow/.local/lib/python3.8/site-packages/airflow/example_dags/tutorial_dag.py took 0.232 seconds
[2023-12-02T18:03:58.522+0000] {processor.py:157} INFO - Started process (PID=49848) to work on /home/airflow/.local/lib/python3.8/site-packages/airflow/example_dags/tutorial_dag.py
[2023-12-02T18:03:58.529+0000] {processor.py:829} INFO - Processing file /home/airflow/.local/lib/python3.8/site-packages/airflow/example_dags/tutorial_dag.py for tasks to queue
[2023-12-02T18:03:58.541+0000] {logging_mixin.py:151} INFO - [2023-12-02T18:03:58.536+0000] {dagbag.py:539} INFO - Filling up the DagBag from /home/airflow/.local/lib/python3.8/site-packages/airflow/example_dags/tutorial_dag.py
[2023-12-02T18:03:58.562+0000] {processor.py:839} INFO - DAG(s) dict_keys(['tutorial_dag']) retrieved from /home/airflow/.local/lib/python3.8/site-packages/airflow/example_dags/tutorial_dag.py
[2023-12-02T18:03:58.593+0000] {logging_mixin.py:151} INFO - [2023-12-02T18:03:58.593+0000] {dag.py:2915} INFO - Sync 1 DAGs
[2023-12-02T18:03:58.606+0000] {logging_mixin.py:151} INFO - [2023-12-02T18:03:58.606+0000] {dag.py:3696} INFO - Setting next_dagrun for tutorial_dag to None, run_after=None
[2023-12-02T18:03:58.627+0000] {processor.py:179} INFO - Processing /home/airflow/.local/lib/python3.8/site-packages/airflow/example_dags/tutorial_dag.py took 0.124 seconds
[2023-12-02T18:26:20.701+0000] {processor.py:157} INFO - Started process (PID=49902) to work on /home/airflow/.local/lib/python3.8/site-packages/airflow/example_dags/tutorial_dag.py
[2023-12-02T18:26:20.702+0000] {processor.py:829} INFO - Processing file /home/airflow/.local/lib/python3.8/site-packages/airflow/example_dags/tutorial_dag.py for tasks to queue
[2023-12-02T18:26:20.715+0000] {logging_mixin.py:151} INFO - [2023-12-02T18:26:20.713+0000] {dagbag.py:539} INFO - Filling up the DagBag from /home/airflow/.local/lib/python3.8/site-packages/airflow/example_dags/tutorial_dag.py
[2023-12-02T18:26:20.728+0000] {processor.py:839} INFO - DAG(s) dict_keys(['tutorial_dag']) retrieved from /home/airflow/.local/lib/python3.8/site-packages/airflow/example_dags/tutorial_dag.py
[2023-12-02T18:26:20.796+0000] {logging_mixin.py:151} INFO - [2023-12-02T18:26:20.795+0000] {dag.py:2915} INFO - Sync 1 DAGs
[2023-12-02T18:26:20.836+0000] {logging_mixin.py:151} INFO - [2023-12-02T18:26:20.836+0000] {dag.py:3696} INFO - Setting next_dagrun for tutorial_dag to None, run_after=None
[2023-12-02T18:26:20.891+0000] {processor.py:179} INFO - Processing /home/airflow/.local/lib/python3.8/site-packages/airflow/example_dags/tutorial_dag.py took 0.195 seconds
[2023-12-02T19:14:08.758+0000] {processor.py:157} INFO - Started process (PID=49956) to work on /home/airflow/.local/lib/python3.8/site-packages/airflow/example_dags/tutorial_dag.py
[2023-12-02T19:14:08.765+0000] {processor.py:829} INFO - Processing file /home/airflow/.local/lib/python3.8/site-packages/airflow/example_dags/tutorial_dag.py for tasks to queue
[2023-12-02T19:14:08.772+0000] {logging_mixin.py:151} INFO - [2023-12-02T19:14:08.771+0000] {dagbag.py:539} INFO - Filling up the DagBag from /home/airflow/.local/lib/python3.8/site-packages/airflow/example_dags/tutorial_dag.py
[2023-12-02T19:14:08.813+0000] {processor.py:839} INFO - DAG(s) dict_keys(['tutorial_dag']) retrieved from /home/airflow/.local/lib/python3.8/site-packages/airflow/example_dags/tutorial_dag.py
[2023-12-02T19:14:08.915+0000] {logging_mixin.py:151} INFO - [2023-12-02T19:14:08.915+0000] {dag.py:2915} INFO - Sync 1 DAGs
[2023-12-02T19:14:08.955+0000] {logging_mixin.py:151} INFO - [2023-12-02T19:14:08.955+0000] {dag.py:3696} INFO - Setting next_dagrun for tutorial_dag to None, run_after=None
[2023-12-02T19:14:08.987+0000] {processor.py:179} INFO - Processing /home/airflow/.local/lib/python3.8/site-packages/airflow/example_dags/tutorial_dag.py took 0.239 seconds
[2023-12-02T19:44:45.288+0000] {processor.py:157} INFO - Started process (PID=50010) to work on /home/airflow/.local/lib/python3.8/site-packages/airflow/example_dags/tutorial_dag.py
[2023-12-02T19:44:45.294+0000] {processor.py:829} INFO - Processing file /home/airflow/.local/lib/python3.8/site-packages/airflow/example_dags/tutorial_dag.py for tasks to queue
[2023-12-02T19:44:45.312+0000] {logging_mixin.py:151} INFO - [2023-12-02T19:44:45.309+0000] {dagbag.py:539} INFO - Filling up the DagBag from /home/airflow/.local/lib/python3.8/site-packages/airflow/example_dags/tutorial_dag.py
[2023-12-02T19:44:45.334+0000] {processor.py:839} INFO - DAG(s) dict_keys(['tutorial_dag']) retrieved from /home/airflow/.local/lib/python3.8/site-packages/airflow/example_dags/tutorial_dag.py
[2023-12-02T19:44:45.438+0000] {logging_mixin.py:151} INFO - [2023-12-02T19:44:45.437+0000] {dag.py:2915} INFO - Sync 1 DAGs
[2023-12-02T19:44:45.493+0000] {logging_mixin.py:151} INFO - [2023-12-02T19:44:45.493+0000] {dag.py:3696} INFO - Setting next_dagrun for tutorial_dag to None, run_after=None
[2023-12-02T19:44:45.675+0000] {processor.py:179} INFO - Processing /home/airflow/.local/lib/python3.8/site-packages/airflow/example_dags/tutorial_dag.py took 0.378 seconds
[2023-12-02T20:21:18.136+0000] {processor.py:157} INFO - Started process (PID=50064) to work on /home/airflow/.local/lib/python3.8/site-packages/airflow/example_dags/tutorial_dag.py
[2023-12-02T20:21:18.139+0000] {processor.py:829} INFO - Processing file /home/airflow/.local/lib/python3.8/site-packages/airflow/example_dags/tutorial_dag.py for tasks to queue
[2023-12-02T20:21:18.144+0000] {logging_mixin.py:151} INFO - [2023-12-02T20:21:18.143+0000] {dagbag.py:539} INFO - Filling up the DagBag from /home/airflow/.local/lib/python3.8/site-packages/airflow/example_dags/tutorial_dag.py
[2023-12-02T20:21:18.155+0000] {processor.py:839} INFO - DAG(s) dict_keys(['tutorial_dag']) retrieved from /home/airflow/.local/lib/python3.8/site-packages/airflow/example_dags/tutorial_dag.py
[2023-12-02T20:21:18.215+0000] {logging_mixin.py:151} INFO - [2023-12-02T20:21:18.215+0000] {dag.py:2915} INFO - Sync 1 DAGs
[2023-12-02T20:21:18.272+0000] {logging_mixin.py:151} INFO - [2023-12-02T20:21:18.271+0000] {dag.py:3696} INFO - Setting next_dagrun for tutorial_dag to None, run_after=None
[2023-12-02T20:21:18.323+0000] {processor.py:179} INFO - Processing /home/airflow/.local/lib/python3.8/site-packages/airflow/example_dags/tutorial_dag.py took 0.214 seconds
[2023-12-02T21:31:08.437+0000] {processor.py:157} INFO - Started process (PID=50119) to work on /home/airflow/.local/lib/python3.8/site-packages/airflow/example_dags/tutorial_dag.py
[2023-12-02T21:31:08.440+0000] {processor.py:829} INFO - Processing file /home/airflow/.local/lib/python3.8/site-packages/airflow/example_dags/tutorial_dag.py for tasks to queue
[2023-12-02T21:31:08.450+0000] {logging_mixin.py:151} INFO - [2023-12-02T21:31:08.449+0000] {dagbag.py:539} INFO - Filling up the DagBag from /home/airflow/.local/lib/python3.8/site-packages/airflow/example_dags/tutorial_dag.py
[2023-12-02T21:31:08.461+0000] {processor.py:839} INFO - DAG(s) dict_keys(['tutorial_dag']) retrieved from /home/airflow/.local/lib/python3.8/site-packages/airflow/example_dags/tutorial_dag.py
[2023-12-02T21:31:08.486+0000] {logging_mixin.py:151} INFO - [2023-12-02T21:31:08.486+0000] {dag.py:2915} INFO - Sync 1 DAGs
[2023-12-02T21:31:08.498+0000] {logging_mixin.py:151} INFO - [2023-12-02T21:31:08.498+0000] {dag.py:3696} INFO - Setting next_dagrun for tutorial_dag to None, run_after=None
[2023-12-02T21:31:08.512+0000] {processor.py:179} INFO - Processing /home/airflow/.local/lib/python3.8/site-packages/airflow/example_dags/tutorial_dag.py took 0.081 seconds
[2023-12-02T22:08:21.604+0000] {processor.py:157} INFO - Started process (PID=50173) to work on /home/airflow/.local/lib/python3.8/site-packages/airflow/example_dags/tutorial_dag.py
[2023-12-02T22:08:21.608+0000] {processor.py:829} INFO - Processing file /home/airflow/.local/lib/python3.8/site-packages/airflow/example_dags/tutorial_dag.py for tasks to queue
[2023-12-02T22:08:21.615+0000] {logging_mixin.py:151} INFO - [2023-12-02T22:08:21.614+0000] {dagbag.py:539} INFO - Filling up the DagBag from /home/airflow/.local/lib/python3.8/site-packages/airflow/example_dags/tutorial_dag.py
[2023-12-02T22:08:21.635+0000] {processor.py:839} INFO - DAG(s) dict_keys(['tutorial_dag']) retrieved from /home/airflow/.local/lib/python3.8/site-packages/airflow/example_dags/tutorial_dag.py
[2023-12-02T22:08:21.702+0000] {logging_mixin.py:151} INFO - [2023-12-02T22:08:21.702+0000] {dag.py:2915} INFO - Sync 1 DAGs
[2023-12-02T22:08:21.717+0000] {logging_mixin.py:151} INFO - [2023-12-02T22:08:21.717+0000] {dag.py:3696} INFO - Setting next_dagrun for tutorial_dag to None, run_after=None
[2023-12-02T22:08:21.733+0000] {processor.py:179} INFO - Processing /home/airflow/.local/lib/python3.8/site-packages/airflow/example_dags/tutorial_dag.py took 0.146 seconds
[2023-12-02T23:05:12.570+0000] {processor.py:157} INFO - Started process (PID=50227) to work on /home/airflow/.local/lib/python3.8/site-packages/airflow/example_dags/tutorial_dag.py
[2023-12-02T23:05:12.572+0000] {processor.py:829} INFO - Processing file /home/airflow/.local/lib/python3.8/site-packages/airflow/example_dags/tutorial_dag.py for tasks to queue
[2023-12-02T23:05:12.577+0000] {logging_mixin.py:151} INFO - [2023-12-02T23:05:12.577+0000] {dagbag.py:539} INFO - Filling up the DagBag from /home/airflow/.local/lib/python3.8/site-packages/airflow/example_dags/tutorial_dag.py
[2023-12-02T23:05:12.590+0000] {processor.py:839} INFO - DAG(s) dict_keys(['tutorial_dag']) retrieved from /home/airflow/.local/lib/python3.8/site-packages/airflow/example_dags/tutorial_dag.py
[2023-12-02T23:05:12.648+0000] {logging_mixin.py:151} INFO - [2023-12-02T23:05:12.648+0000] {dag.py:2915} INFO - Sync 1 DAGs
[2023-12-02T23:05:12.664+0000] {logging_mixin.py:151} INFO - [2023-12-02T23:05:12.663+0000] {dag.py:3696} INFO - Setting next_dagrun for tutorial_dag to None, run_after=None
[2023-12-02T23:05:12.678+0000] {processor.py:179} INFO - Processing /home/airflow/.local/lib/python3.8/site-packages/airflow/example_dags/tutorial_dag.py took 0.124 seconds
[2023-12-02T23:30:57.118+0000] {processor.py:157} INFO - Started process (PID=50281) to work on /home/airflow/.local/lib/python3.8/site-packages/airflow/example_dags/tutorial_dag.py
[2023-12-02T23:30:57.121+0000] {processor.py:829} INFO - Processing file /home/airflow/.local/lib/python3.8/site-packages/airflow/example_dags/tutorial_dag.py for tasks to queue
[2023-12-02T23:30:57.128+0000] {logging_mixin.py:151} INFO - [2023-12-02T23:30:57.127+0000] {dagbag.py:539} INFO - Filling up the DagBag from /home/airflow/.local/lib/python3.8/site-packages/airflow/example_dags/tutorial_dag.py
[2023-12-02T23:30:57.155+0000] {processor.py:839} INFO - DAG(s) dict_keys(['tutorial_dag']) retrieved from /home/airflow/.local/lib/python3.8/site-packages/airflow/example_dags/tutorial_dag.py
[2023-12-02T23:30:57.253+0000] {logging_mixin.py:151} INFO - [2023-12-02T23:30:57.252+0000] {dag.py:2915} INFO - Sync 1 DAGs
[2023-12-02T23:30:57.304+0000] {logging_mixin.py:151} INFO - [2023-12-02T23:30:57.304+0000] {dag.py:3696} INFO - Setting next_dagrun for tutorial_dag to None, run_after=None
[2023-12-02T23:30:57.345+0000] {processor.py:179} INFO - Processing /home/airflow/.local/lib/python3.8/site-packages/airflow/example_dags/tutorial_dag.py took 0.249 seconds
[2023-12-02T23:33:12.465+0000] {processor.py:157} INFO - Started process (PID=50334) to work on /home/airflow/.local/lib/python3.8/site-packages/airflow/example_dags/tutorial_dag.py
[2023-12-02T23:33:12.469+0000] {processor.py:829} INFO - Processing file /home/airflow/.local/lib/python3.8/site-packages/airflow/example_dags/tutorial_dag.py for tasks to queue
[2023-12-02T23:33:12.479+0000] {logging_mixin.py:151} INFO - [2023-12-02T23:33:12.477+0000] {dagbag.py:539} INFO - Filling up the DagBag from /home/airflow/.local/lib/python3.8/site-packages/airflow/example_dags/tutorial_dag.py
[2023-12-02T23:33:12.514+0000] {processor.py:839} INFO - DAG(s) dict_keys(['tutorial_dag']) retrieved from /home/airflow/.local/lib/python3.8/site-packages/airflow/example_dags/tutorial_dag.py
[2023-12-02T23:33:12.606+0000] {logging_mixin.py:151} INFO - [2023-12-02T23:33:12.606+0000] {dag.py:2915} INFO - Sync 1 DAGs
[2023-12-02T23:33:12.627+0000] {logging_mixin.py:151} INFO - [2023-12-02T23:33:12.626+0000] {dag.py:3696} INFO - Setting next_dagrun for tutorial_dag to None, run_after=None
[2023-12-02T23:33:12.655+0000] {processor.py:179} INFO - Processing /home/airflow/.local/lib/python3.8/site-packages/airflow/example_dags/tutorial_dag.py took 0.207 seconds
[2023-12-02T23:52:07.141+0000] {processor.py:157} INFO - Started process (PID=50388) to work on /home/airflow/.local/lib/python3.8/site-packages/airflow/example_dags/tutorial_dag.py
[2023-12-02T23:52:07.144+0000] {processor.py:829} INFO - Processing file /home/airflow/.local/lib/python3.8/site-packages/airflow/example_dags/tutorial_dag.py for tasks to queue
[2023-12-02T23:52:07.153+0000] {logging_mixin.py:151} INFO - [2023-12-02T23:52:07.151+0000] {dagbag.py:539} INFO - Filling up the DagBag from /home/airflow/.local/lib/python3.8/site-packages/airflow/example_dags/tutorial_dag.py
[2023-12-02T23:52:07.207+0000] {processor.py:839} INFO - DAG(s) dict_keys(['tutorial_dag']) retrieved from /home/airflow/.local/lib/python3.8/site-packages/airflow/example_dags/tutorial_dag.py
[2023-12-02T23:52:07.301+0000] {logging_mixin.py:151} INFO - [2023-12-02T23:52:07.301+0000] {dag.py:2915} INFO - Sync 1 DAGs
[2023-12-02T23:52:07.341+0000] {logging_mixin.py:151} INFO - [2023-12-02T23:52:07.341+0000] {dag.py:3696} INFO - Setting next_dagrun for tutorial_dag to None, run_after=None
[2023-12-02T23:52:07.386+0000] {processor.py:179} INFO - Processing /home/airflow/.local/lib/python3.8/site-packages/airflow/example_dags/tutorial_dag.py took 0.260 seconds
