[2023-11-27T10:09:19.864+0000] {processor.py:157} INFO - Started process (PID=38) to work on /home/airflow/.local/lib/python3.8/site-packages/airflow/example_dags/example_latest_only.py
[2023-11-27T10:09:19.881+0000] {processor.py:829} INFO - Processing file /home/airflow/.local/lib/python3.8/site-packages/airflow/example_dags/example_latest_only.py for tasks to queue
[2023-11-27T10:09:19.886+0000] {logging_mixin.py:151} INFO - [2023-11-27T10:09:19.885+0000] {dagbag.py:539} INFO - Filling up the DagBag from /home/airflow/.local/lib/python3.8/site-packages/airflow/example_dags/example_latest_only.py
[2023-11-27T10:09:19.908+0000] {processor.py:839} INFO - DAG(s) dict_keys(['latest_only']) retrieved from /home/airflow/.local/lib/python3.8/site-packages/airflow/example_dags/example_latest_only.py
[2023-11-27T10:09:19.940+0000] {logging_mixin.py:151} INFO - [2023-11-27T10:09:19.940+0000] {dag.py:2915} INFO - Sync 1 DAGs
[2023-11-27T10:09:19.969+0000] {logging_mixin.py:151} INFO - [2023-11-27T10:09:19.969+0000] {dag.py:3696} INFO - Setting next_dagrun for latest_only to 2023-11-27T06:09:19.969213+00:00, run_after=2023-11-27T10:09:19.969213+00:00
[2023-11-27T10:09:20.336+0000] {processor.py:179} INFO - Processing /home/airflow/.local/lib/python3.8/site-packages/airflow/example_dags/example_latest_only.py took 0.489 seconds
[2023-11-27T10:09:50.538+0000] {processor.py:157} INFO - Started process (PID=93) to work on /home/airflow/.local/lib/python3.8/site-packages/airflow/example_dags/example_latest_only.py
[2023-11-27T10:09:50.539+0000] {processor.py:829} INFO - Processing file /home/airflow/.local/lib/python3.8/site-packages/airflow/example_dags/example_latest_only.py for tasks to queue
[2023-11-27T10:09:50.542+0000] {logging_mixin.py:151} INFO - [2023-11-27T10:09:50.542+0000] {dagbag.py:539} INFO - Filling up the DagBag from /home/airflow/.local/lib/python3.8/site-packages/airflow/example_dags/example_latest_only.py
[2023-11-27T10:09:50.546+0000] {processor.py:839} INFO - DAG(s) dict_keys(['latest_only']) retrieved from /home/airflow/.local/lib/python3.8/site-packages/airflow/example_dags/example_latest_only.py
[2023-11-27T10:09:50.564+0000] {logging_mixin.py:151} INFO - [2023-11-27T10:09:50.563+0000] {dag.py:2915} INFO - Sync 1 DAGs
[2023-11-27T10:09:50.581+0000] {logging_mixin.py:151} INFO - [2023-11-27T10:09:50.581+0000] {dag.py:3696} INFO - Setting next_dagrun for latest_only to 2023-11-27T06:09:50.581244+00:00, run_after=2023-11-27T10:09:50.581244+00:00
[2023-11-27T10:09:50.591+0000] {processor.py:179} INFO - Processing /home/airflow/.local/lib/python3.8/site-packages/airflow/example_dags/example_latest_only.py took 0.057 seconds
[2023-11-27T10:10:20.857+0000] {processor.py:157} INFO - Started process (PID=147) to work on /home/airflow/.local/lib/python3.8/site-packages/airflow/example_dags/example_latest_only.py
[2023-11-27T10:10:20.858+0000] {processor.py:829} INFO - Processing file /home/airflow/.local/lib/python3.8/site-packages/airflow/example_dags/example_latest_only.py for tasks to queue
[2023-11-27T10:10:20.860+0000] {logging_mixin.py:151} INFO - [2023-11-27T10:10:20.860+0000] {dagbag.py:539} INFO - Filling up the DagBag from /home/airflow/.local/lib/python3.8/site-packages/airflow/example_dags/example_latest_only.py
[2023-11-27T10:10:20.865+0000] {processor.py:839} INFO - DAG(s) dict_keys(['latest_only']) retrieved from /home/airflow/.local/lib/python3.8/site-packages/airflow/example_dags/example_latest_only.py
[2023-11-27T10:10:20.883+0000] {logging_mixin.py:151} INFO - [2023-11-27T10:10:20.883+0000] {dag.py:2915} INFO - Sync 1 DAGs
[2023-11-27T10:10:20.910+0000] {logging_mixin.py:151} INFO - [2023-11-27T10:10:20.910+0000] {dag.py:3696} INFO - Setting next_dagrun for latest_only to 2023-11-27T06:10:20.910019+00:00, run_after=2023-11-27T10:10:20.910019+00:00
[2023-11-27T10:10:20.922+0000] {processor.py:179} INFO - Processing /home/airflow/.local/lib/python3.8/site-packages/airflow/example_dags/example_latest_only.py took 0.067 seconds
[2023-11-27T10:10:51.241+0000] {processor.py:157} INFO - Started process (PID=201) to work on /home/airflow/.local/lib/python3.8/site-packages/airflow/example_dags/example_latest_only.py
[2023-11-27T10:10:51.242+0000] {processor.py:829} INFO - Processing file /home/airflow/.local/lib/python3.8/site-packages/airflow/example_dags/example_latest_only.py for tasks to queue
[2023-11-27T10:10:51.244+0000] {logging_mixin.py:151} INFO - [2023-11-27T10:10:51.243+0000] {dagbag.py:539} INFO - Filling up the DagBag from /home/airflow/.local/lib/python3.8/site-packages/airflow/example_dags/example_latest_only.py
[2023-11-27T10:10:51.247+0000] {processor.py:839} INFO - DAG(s) dict_keys(['latest_only']) retrieved from /home/airflow/.local/lib/python3.8/site-packages/airflow/example_dags/example_latest_only.py
[2023-11-27T10:10:51.261+0000] {logging_mixin.py:151} INFO - [2023-11-27T10:10:51.260+0000] {dag.py:2915} INFO - Sync 1 DAGs
[2023-11-27T10:10:51.273+0000] {logging_mixin.py:151} INFO - [2023-11-27T10:10:51.273+0000] {dag.py:3696} INFO - Setting next_dagrun for latest_only to 2023-11-27T06:10:51.272970+00:00, run_after=2023-11-27T10:10:51.272970+00:00
[2023-11-27T10:10:51.281+0000] {processor.py:179} INFO - Processing /home/airflow/.local/lib/python3.8/site-packages/airflow/example_dags/example_latest_only.py took 0.042 seconds
[2023-11-27T10:11:21.514+0000] {processor.py:157} INFO - Started process (PID=255) to work on /home/airflow/.local/lib/python3.8/site-packages/airflow/example_dags/example_latest_only.py
[2023-11-27T10:11:21.515+0000] {processor.py:829} INFO - Processing file /home/airflow/.local/lib/python3.8/site-packages/airflow/example_dags/example_latest_only.py for tasks to queue
[2023-11-27T10:11:21.517+0000] {logging_mixin.py:151} INFO - [2023-11-27T10:11:21.517+0000] {dagbag.py:539} INFO - Filling up the DagBag from /home/airflow/.local/lib/python3.8/site-packages/airflow/example_dags/example_latest_only.py
[2023-11-27T10:11:21.521+0000] {processor.py:839} INFO - DAG(s) dict_keys(['latest_only']) retrieved from /home/airflow/.local/lib/python3.8/site-packages/airflow/example_dags/example_latest_only.py
[2023-11-27T10:11:21.540+0000] {logging_mixin.py:151} INFO - [2023-11-27T10:11:21.540+0000] {dag.py:2915} INFO - Sync 1 DAGs
[2023-11-27T10:11:21.555+0000] {logging_mixin.py:151} INFO - [2023-11-27T10:11:21.555+0000] {dag.py:3696} INFO - Setting next_dagrun for latest_only to 2023-11-27T06:11:21.554713+00:00, run_after=2023-11-27T10:11:21.554713+00:00
[2023-11-27T10:11:21.564+0000] {processor.py:179} INFO - Processing /home/airflow/.local/lib/python3.8/site-packages/airflow/example_dags/example_latest_only.py took 0.051 seconds
[2023-11-27T10:11:51.940+0000] {processor.py:157} INFO - Started process (PID=309) to work on /home/airflow/.local/lib/python3.8/site-packages/airflow/example_dags/example_latest_only.py
[2023-11-27T10:11:51.942+0000] {processor.py:829} INFO - Processing file /home/airflow/.local/lib/python3.8/site-packages/airflow/example_dags/example_latest_only.py for tasks to queue
[2023-11-27T10:11:51.945+0000] {logging_mixin.py:151} INFO - [2023-11-27T10:11:51.944+0000] {dagbag.py:539} INFO - Filling up the DagBag from /home/airflow/.local/lib/python3.8/site-packages/airflow/example_dags/example_latest_only.py
[2023-11-27T10:11:51.952+0000] {processor.py:839} INFO - DAG(s) dict_keys(['latest_only']) retrieved from /home/airflow/.local/lib/python3.8/site-packages/airflow/example_dags/example_latest_only.py
[2023-11-27T10:11:51.967+0000] {logging_mixin.py:151} INFO - [2023-11-27T10:11:51.967+0000] {dag.py:2915} INFO - Sync 1 DAGs
[2023-11-27T10:11:51.982+0000] {logging_mixin.py:151} INFO - [2023-11-27T10:11:51.982+0000] {dag.py:3696} INFO - Setting next_dagrun for latest_only to 2023-11-27T06:11:51.981708+00:00, run_after=2023-11-27T10:11:51.981708+00:00
[2023-11-27T10:11:51.991+0000] {processor.py:179} INFO - Processing /home/airflow/.local/lib/python3.8/site-packages/airflow/example_dags/example_latest_only.py took 0.053 seconds
[2023-11-27T10:12:22.167+0000] {processor.py:157} INFO - Started process (PID=363) to work on /home/airflow/.local/lib/python3.8/site-packages/airflow/example_dags/example_latest_only.py
[2023-11-27T10:12:22.168+0000] {processor.py:829} INFO - Processing file /home/airflow/.local/lib/python3.8/site-packages/airflow/example_dags/example_latest_only.py for tasks to queue
[2023-11-27T10:12:22.171+0000] {logging_mixin.py:151} INFO - [2023-11-27T10:12:22.171+0000] {dagbag.py:539} INFO - Filling up the DagBag from /home/airflow/.local/lib/python3.8/site-packages/airflow/example_dags/example_latest_only.py
[2023-11-27T10:12:22.175+0000] {processor.py:839} INFO - DAG(s) dict_keys(['latest_only']) retrieved from /home/airflow/.local/lib/python3.8/site-packages/airflow/example_dags/example_latest_only.py
[2023-11-27T10:12:22.194+0000] {logging_mixin.py:151} INFO - [2023-11-27T10:12:22.194+0000] {dag.py:2915} INFO - Sync 1 DAGs
[2023-11-27T10:12:22.207+0000] {logging_mixin.py:151} INFO - [2023-11-27T10:12:22.207+0000] {dag.py:3696} INFO - Setting next_dagrun for latest_only to 2023-11-27T06:12:22.207211+00:00, run_after=2023-11-27T10:12:22.207211+00:00
[2023-11-27T10:12:22.216+0000] {processor.py:179} INFO - Processing /home/airflow/.local/lib/python3.8/site-packages/airflow/example_dags/example_latest_only.py took 0.052 seconds
[2023-11-27T10:12:52.566+0000] {processor.py:157} INFO - Started process (PID=417) to work on /home/airflow/.local/lib/python3.8/site-packages/airflow/example_dags/example_latest_only.py
[2023-11-27T10:12:52.568+0000] {processor.py:829} INFO - Processing file /home/airflow/.local/lib/python3.8/site-packages/airflow/example_dags/example_latest_only.py for tasks to queue
[2023-11-27T10:12:52.570+0000] {logging_mixin.py:151} INFO - [2023-11-27T10:12:52.570+0000] {dagbag.py:539} INFO - Filling up the DagBag from /home/airflow/.local/lib/python3.8/site-packages/airflow/example_dags/example_latest_only.py
[2023-11-27T10:12:52.575+0000] {processor.py:839} INFO - DAG(s) dict_keys(['latest_only']) retrieved from /home/airflow/.local/lib/python3.8/site-packages/airflow/example_dags/example_latest_only.py
[2023-11-27T10:12:52.600+0000] {logging_mixin.py:151} INFO - [2023-11-27T10:12:52.600+0000] {dag.py:2915} INFO - Sync 1 DAGs
[2023-11-27T10:12:52.620+0000] {logging_mixin.py:151} INFO - [2023-11-27T10:12:52.620+0000] {dag.py:3696} INFO - Setting next_dagrun for latest_only to 2023-11-27T06:12:52.619839+00:00, run_after=2023-11-27T10:12:52.619839+00:00
[2023-11-27T10:12:52.637+0000] {processor.py:179} INFO - Processing /home/airflow/.local/lib/python3.8/site-packages/airflow/example_dags/example_latest_only.py took 0.075 seconds
[2023-11-27T10:13:22.830+0000] {processor.py:157} INFO - Started process (PID=471) to work on /home/airflow/.local/lib/python3.8/site-packages/airflow/example_dags/example_latest_only.py
[2023-11-27T10:13:22.831+0000] {processor.py:829} INFO - Processing file /home/airflow/.local/lib/python3.8/site-packages/airflow/example_dags/example_latest_only.py for tasks to queue
[2023-11-27T10:13:22.832+0000] {logging_mixin.py:151} INFO - [2023-11-27T10:13:22.832+0000] {dagbag.py:539} INFO - Filling up the DagBag from /home/airflow/.local/lib/python3.8/site-packages/airflow/example_dags/example_latest_only.py
[2023-11-27T10:13:22.836+0000] {processor.py:839} INFO - DAG(s) dict_keys(['latest_only']) retrieved from /home/airflow/.local/lib/python3.8/site-packages/airflow/example_dags/example_latest_only.py
[2023-11-27T10:13:22.848+0000] {logging_mixin.py:151} INFO - [2023-11-27T10:13:22.848+0000] {dag.py:2915} INFO - Sync 1 DAGs
[2023-11-27T10:13:22.860+0000] {logging_mixin.py:151} INFO - [2023-11-27T10:13:22.859+0000] {dag.py:3696} INFO - Setting next_dagrun for latest_only to 2023-11-27T06:13:22.859703+00:00, run_after=2023-11-27T10:13:22.859703+00:00
[2023-11-27T10:13:22.867+0000] {processor.py:179} INFO - Processing /home/airflow/.local/lib/python3.8/site-packages/airflow/example_dags/example_latest_only.py took 0.039 seconds
[2023-11-27T10:13:53.602+0000] {processor.py:157} INFO - Started process (PID=525) to work on /home/airflow/.local/lib/python3.8/site-packages/airflow/example_dags/example_latest_only.py
[2023-11-27T10:13:53.603+0000] {processor.py:829} INFO - Processing file /home/airflow/.local/lib/python3.8/site-packages/airflow/example_dags/example_latest_only.py for tasks to queue
[2023-11-27T10:13:53.605+0000] {logging_mixin.py:151} INFO - [2023-11-27T10:13:53.604+0000] {dagbag.py:539} INFO - Filling up the DagBag from /home/airflow/.local/lib/python3.8/site-packages/airflow/example_dags/example_latest_only.py
[2023-11-27T10:13:53.608+0000] {processor.py:839} INFO - DAG(s) dict_keys(['latest_only']) retrieved from /home/airflow/.local/lib/python3.8/site-packages/airflow/example_dags/example_latest_only.py
[2023-11-27T10:13:53.619+0000] {logging_mixin.py:151} INFO - [2023-11-27T10:13:53.619+0000] {dag.py:2915} INFO - Sync 1 DAGs
[2023-11-27T10:13:53.631+0000] {logging_mixin.py:151} INFO - [2023-11-27T10:13:53.630+0000] {dag.py:3696} INFO - Setting next_dagrun for latest_only to 2023-11-27T06:13:53.630667+00:00, run_after=2023-11-27T10:13:53.630667+00:00
[2023-11-27T10:13:53.639+0000] {processor.py:179} INFO - Processing /home/airflow/.local/lib/python3.8/site-packages/airflow/example_dags/example_latest_only.py took 0.039 seconds
[2023-11-27T10:14:23.917+0000] {processor.py:157} INFO - Started process (PID=579) to work on /home/airflow/.local/lib/python3.8/site-packages/airflow/example_dags/example_latest_only.py
[2023-11-27T10:14:23.918+0000] {processor.py:829} INFO - Processing file /home/airflow/.local/lib/python3.8/site-packages/airflow/example_dags/example_latest_only.py for tasks to queue
[2023-11-27T10:14:23.921+0000] {logging_mixin.py:151} INFO - [2023-11-27T10:14:23.921+0000] {dagbag.py:539} INFO - Filling up the DagBag from /home/airflow/.local/lib/python3.8/site-packages/airflow/example_dags/example_latest_only.py
[2023-11-27T10:14:23.925+0000] {processor.py:839} INFO - DAG(s) dict_keys(['latest_only']) retrieved from /home/airflow/.local/lib/python3.8/site-packages/airflow/example_dags/example_latest_only.py
[2023-11-27T10:14:23.937+0000] {logging_mixin.py:151} INFO - [2023-11-27T10:14:23.937+0000] {dag.py:2915} INFO - Sync 1 DAGs
[2023-11-27T10:14:23.948+0000] {logging_mixin.py:151} INFO - [2023-11-27T10:14:23.948+0000] {dag.py:3696} INFO - Setting next_dagrun for latest_only to 2023-11-27T06:14:23.948582+00:00, run_after=2023-11-27T10:14:23.948582+00:00
[2023-11-27T10:14:23.956+0000] {processor.py:179} INFO - Processing /home/airflow/.local/lib/python3.8/site-packages/airflow/example_dags/example_latest_only.py took 0.041 seconds
[2023-11-27T10:14:54.246+0000] {processor.py:157} INFO - Started process (PID=633) to work on /home/airflow/.local/lib/python3.8/site-packages/airflow/example_dags/example_latest_only.py
[2023-11-27T10:14:54.248+0000] {processor.py:829} INFO - Processing file /home/airflow/.local/lib/python3.8/site-packages/airflow/example_dags/example_latest_only.py for tasks to queue
[2023-11-27T10:14:54.249+0000] {logging_mixin.py:151} INFO - [2023-11-27T10:14:54.249+0000] {dagbag.py:539} INFO - Filling up the DagBag from /home/airflow/.local/lib/python3.8/site-packages/airflow/example_dags/example_latest_only.py
[2023-11-27T10:14:54.253+0000] {processor.py:839} INFO - DAG(s) dict_keys(['latest_only']) retrieved from /home/airflow/.local/lib/python3.8/site-packages/airflow/example_dags/example_latest_only.py
[2023-11-27T10:14:54.264+0000] {logging_mixin.py:151} INFO - [2023-11-27T10:14:54.264+0000] {dag.py:2915} INFO - Sync 1 DAGs
[2023-11-27T10:14:54.275+0000] {logging_mixin.py:151} INFO - [2023-11-27T10:14:54.275+0000] {dag.py:3696} INFO - Setting next_dagrun for latest_only to 2023-11-27T06:14:54.275452+00:00, run_after=2023-11-27T10:14:54.275452+00:00
[2023-11-27T10:14:54.283+0000] {processor.py:179} INFO - Processing /home/airflow/.local/lib/python3.8/site-packages/airflow/example_dags/example_latest_only.py took 0.039 seconds
[2023-11-27T10:15:24.935+0000] {processor.py:157} INFO - Started process (PID=687) to work on /home/airflow/.local/lib/python3.8/site-packages/airflow/example_dags/example_latest_only.py
[2023-11-27T10:15:24.937+0000] {processor.py:829} INFO - Processing file /home/airflow/.local/lib/python3.8/site-packages/airflow/example_dags/example_latest_only.py for tasks to queue
[2023-11-27T10:15:24.938+0000] {logging_mixin.py:151} INFO - [2023-11-27T10:15:24.938+0000] {dagbag.py:539} INFO - Filling up the DagBag from /home/airflow/.local/lib/python3.8/site-packages/airflow/example_dags/example_latest_only.py
[2023-11-27T10:15:24.942+0000] {processor.py:839} INFO - DAG(s) dict_keys(['latest_only']) retrieved from /home/airflow/.local/lib/python3.8/site-packages/airflow/example_dags/example_latest_only.py
[2023-11-27T10:15:24.956+0000] {logging_mixin.py:151} INFO - [2023-11-27T10:15:24.956+0000] {dag.py:2915} INFO - Sync 1 DAGs
[2023-11-27T10:15:24.967+0000] {logging_mixin.py:151} INFO - [2023-11-27T10:15:24.967+0000] {dag.py:3696} INFO - Setting next_dagrun for latest_only to 2023-11-27T06:15:24.967154+00:00, run_after=2023-11-27T10:15:24.967154+00:00
[2023-11-27T10:15:24.975+0000] {processor.py:179} INFO - Processing /home/airflow/.local/lib/python3.8/site-packages/airflow/example_dags/example_latest_only.py took 0.043 seconds
[2023-11-27T10:15:55.222+0000] {processor.py:157} INFO - Started process (PID=741) to work on /home/airflow/.local/lib/python3.8/site-packages/airflow/example_dags/example_latest_only.py
[2023-11-27T10:15:55.223+0000] {processor.py:829} INFO - Processing file /home/airflow/.local/lib/python3.8/site-packages/airflow/example_dags/example_latest_only.py for tasks to queue
[2023-11-27T10:15:55.225+0000] {logging_mixin.py:151} INFO - [2023-11-27T10:15:55.225+0000] {dagbag.py:539} INFO - Filling up the DagBag from /home/airflow/.local/lib/python3.8/site-packages/airflow/example_dags/example_latest_only.py
[2023-11-27T10:15:55.229+0000] {processor.py:839} INFO - DAG(s) dict_keys(['latest_only']) retrieved from /home/airflow/.local/lib/python3.8/site-packages/airflow/example_dags/example_latest_only.py
[2023-11-27T10:15:55.241+0000] {logging_mixin.py:151} INFO - [2023-11-27T10:15:55.241+0000] {dag.py:2915} INFO - Sync 1 DAGs
[2023-11-27T10:15:55.252+0000] {logging_mixin.py:151} INFO - [2023-11-27T10:15:55.252+0000] {dag.py:3696} INFO - Setting next_dagrun for latest_only to 2023-11-27T06:15:55.252450+00:00, run_after=2023-11-27T10:15:55.252450+00:00
[2023-11-27T10:15:55.261+0000] {processor.py:179} INFO - Processing /home/airflow/.local/lib/python3.8/site-packages/airflow/example_dags/example_latest_only.py took 0.042 seconds
[2023-11-27T10:16:25.835+0000] {processor.py:157} INFO - Started process (PID=795) to work on /home/airflow/.local/lib/python3.8/site-packages/airflow/example_dags/example_latest_only.py
[2023-11-27T10:16:25.836+0000] {processor.py:829} INFO - Processing file /home/airflow/.local/lib/python3.8/site-packages/airflow/example_dags/example_latest_only.py for tasks to queue
[2023-11-27T10:16:25.838+0000] {logging_mixin.py:151} INFO - [2023-11-27T10:16:25.838+0000] {dagbag.py:539} INFO - Filling up the DagBag from /home/airflow/.local/lib/python3.8/site-packages/airflow/example_dags/example_latest_only.py
[2023-11-27T10:16:25.843+0000] {processor.py:839} INFO - DAG(s) dict_keys(['latest_only']) retrieved from /home/airflow/.local/lib/python3.8/site-packages/airflow/example_dags/example_latest_only.py
[2023-11-27T10:16:25.854+0000] {logging_mixin.py:151} INFO - [2023-11-27T10:16:25.854+0000] {dag.py:2915} INFO - Sync 1 DAGs
[2023-11-27T10:16:25.866+0000] {logging_mixin.py:151} INFO - [2023-11-27T10:16:25.866+0000] {dag.py:3696} INFO - Setting next_dagrun for latest_only to 2023-11-27T06:16:25.866078+00:00, run_after=2023-11-27T10:16:25.866078+00:00
[2023-11-27T10:16:25.874+0000] {processor.py:179} INFO - Processing /home/airflow/.local/lib/python3.8/site-packages/airflow/example_dags/example_latest_only.py took 0.041 seconds
[2023-11-27T10:16:56.529+0000] {processor.py:157} INFO - Started process (PID=849) to work on /home/airflow/.local/lib/python3.8/site-packages/airflow/example_dags/example_latest_only.py
[2023-11-27T10:16:56.530+0000] {processor.py:829} INFO - Processing file /home/airflow/.local/lib/python3.8/site-packages/airflow/example_dags/example_latest_only.py for tasks to queue
[2023-11-27T10:16:56.531+0000] {logging_mixin.py:151} INFO - [2023-11-27T10:16:56.531+0000] {dagbag.py:539} INFO - Filling up the DagBag from /home/airflow/.local/lib/python3.8/site-packages/airflow/example_dags/example_latest_only.py
[2023-11-27T10:16:56.535+0000] {processor.py:839} INFO - DAG(s) dict_keys(['latest_only']) retrieved from /home/airflow/.local/lib/python3.8/site-packages/airflow/example_dags/example_latest_only.py
[2023-11-27T10:16:56.547+0000] {logging_mixin.py:151} INFO - [2023-11-27T10:16:56.547+0000] {dag.py:2915} INFO - Sync 1 DAGs
[2023-11-27T10:16:56.558+0000] {logging_mixin.py:151} INFO - [2023-11-27T10:16:56.558+0000] {dag.py:3696} INFO - Setting next_dagrun for latest_only to 2023-11-27T06:16:56.558204+00:00, run_after=2023-11-27T10:16:56.558204+00:00
[2023-11-27T10:16:56.568+0000] {processor.py:179} INFO - Processing /home/airflow/.local/lib/python3.8/site-packages/airflow/example_dags/example_latest_only.py took 0.041 seconds
[2023-11-27T10:17:26.823+0000] {processor.py:157} INFO - Started process (PID=903) to work on /home/airflow/.local/lib/python3.8/site-packages/airflow/example_dags/example_latest_only.py
[2023-11-27T10:17:26.825+0000] {processor.py:829} INFO - Processing file /home/airflow/.local/lib/python3.8/site-packages/airflow/example_dags/example_latest_only.py for tasks to queue
[2023-11-27T10:17:26.826+0000] {logging_mixin.py:151} INFO - [2023-11-27T10:17:26.826+0000] {dagbag.py:539} INFO - Filling up the DagBag from /home/airflow/.local/lib/python3.8/site-packages/airflow/example_dags/example_latest_only.py
[2023-11-27T10:17:26.830+0000] {processor.py:839} INFO - DAG(s) dict_keys(['latest_only']) retrieved from /home/airflow/.local/lib/python3.8/site-packages/airflow/example_dags/example_latest_only.py
[2023-11-27T10:17:26.843+0000] {logging_mixin.py:151} INFO - [2023-11-27T10:17:26.843+0000] {dag.py:2915} INFO - Sync 1 DAGs
[2023-11-27T10:17:26.854+0000] {logging_mixin.py:151} INFO - [2023-11-27T10:17:26.854+0000] {dag.py:3696} INFO - Setting next_dagrun for latest_only to 2023-11-27T06:17:26.854514+00:00, run_after=2023-11-27T10:17:26.854514+00:00
[2023-11-27T10:17:26.863+0000] {processor.py:179} INFO - Processing /home/airflow/.local/lib/python3.8/site-packages/airflow/example_dags/example_latest_only.py took 0.043 seconds
[2023-11-27T10:17:57.462+0000] {processor.py:157} INFO - Started process (PID=957) to work on /home/airflow/.local/lib/python3.8/site-packages/airflow/example_dags/example_latest_only.py
[2023-11-27T10:17:57.463+0000] {processor.py:829} INFO - Processing file /home/airflow/.local/lib/python3.8/site-packages/airflow/example_dags/example_latest_only.py for tasks to queue
[2023-11-27T10:17:57.465+0000] {logging_mixin.py:151} INFO - [2023-11-27T10:17:57.465+0000] {dagbag.py:539} INFO - Filling up the DagBag from /home/airflow/.local/lib/python3.8/site-packages/airflow/example_dags/example_latest_only.py
[2023-11-27T10:17:57.470+0000] {processor.py:839} INFO - DAG(s) dict_keys(['latest_only']) retrieved from /home/airflow/.local/lib/python3.8/site-packages/airflow/example_dags/example_latest_only.py
[2023-11-27T10:17:57.484+0000] {logging_mixin.py:151} INFO - [2023-11-27T10:17:57.484+0000] {dag.py:2915} INFO - Sync 1 DAGs
[2023-11-27T10:17:57.498+0000] {logging_mixin.py:151} INFO - [2023-11-27T10:17:57.498+0000] {dag.py:3696} INFO - Setting next_dagrun for latest_only to 2023-11-27T06:17:57.498293+00:00, run_after=2023-11-27T10:17:57.498293+00:00
[2023-11-27T10:17:57.506+0000] {processor.py:179} INFO - Processing /home/airflow/.local/lib/python3.8/site-packages/airflow/example_dags/example_latest_only.py took 0.047 seconds
[2023-11-27T10:18:27.832+0000] {processor.py:157} INFO - Started process (PID=1011) to work on /home/airflow/.local/lib/python3.8/site-packages/airflow/example_dags/example_latest_only.py
[2023-11-27T10:18:27.833+0000] {processor.py:829} INFO - Processing file /home/airflow/.local/lib/python3.8/site-packages/airflow/example_dags/example_latest_only.py for tasks to queue
[2023-11-27T10:18:27.836+0000] {logging_mixin.py:151} INFO - [2023-11-27T10:18:27.836+0000] {dagbag.py:539} INFO - Filling up the DagBag from /home/airflow/.local/lib/python3.8/site-packages/airflow/example_dags/example_latest_only.py
[2023-11-27T10:18:27.840+0000] {processor.py:839} INFO - DAG(s) dict_keys(['latest_only']) retrieved from /home/airflow/.local/lib/python3.8/site-packages/airflow/example_dags/example_latest_only.py
[2023-11-27T10:18:27.855+0000] {logging_mixin.py:151} INFO - [2023-11-27T10:18:27.855+0000] {dag.py:2915} INFO - Sync 1 DAGs
[2023-11-27T10:18:27.868+0000] {logging_mixin.py:151} INFO - [2023-11-27T10:18:27.868+0000] {dag.py:3696} INFO - Setting next_dagrun for latest_only to 2023-11-27T06:18:27.868083+00:00, run_after=2023-11-27T10:18:27.868083+00:00
[2023-11-27T10:18:27.876+0000] {processor.py:179} INFO - Processing /home/airflow/.local/lib/python3.8/site-packages/airflow/example_dags/example_latest_only.py took 0.048 seconds
[2023-11-27T10:18:58.618+0000] {processor.py:157} INFO - Started process (PID=1065) to work on /home/airflow/.local/lib/python3.8/site-packages/airflow/example_dags/example_latest_only.py
[2023-11-27T10:18:58.619+0000] {processor.py:829} INFO - Processing file /home/airflow/.local/lib/python3.8/site-packages/airflow/example_dags/example_latest_only.py for tasks to queue
[2023-11-27T10:18:58.620+0000] {logging_mixin.py:151} INFO - [2023-11-27T10:18:58.620+0000] {dagbag.py:539} INFO - Filling up the DagBag from /home/airflow/.local/lib/python3.8/site-packages/airflow/example_dags/example_latest_only.py
[2023-11-27T10:18:58.625+0000] {processor.py:839} INFO - DAG(s) dict_keys(['latest_only']) retrieved from /home/airflow/.local/lib/python3.8/site-packages/airflow/example_dags/example_latest_only.py
[2023-11-27T10:18:58.636+0000] {logging_mixin.py:151} INFO - [2023-11-27T10:18:58.636+0000] {dag.py:2915} INFO - Sync 1 DAGs
[2023-11-27T10:18:58.648+0000] {logging_mixin.py:151} INFO - [2023-11-27T10:18:58.647+0000] {dag.py:3696} INFO - Setting next_dagrun for latest_only to 2023-11-27T06:18:58.647621+00:00, run_after=2023-11-27T10:18:58.647621+00:00
[2023-11-27T10:18:58.656+0000] {processor.py:179} INFO - Processing /home/airflow/.local/lib/python3.8/site-packages/airflow/example_dags/example_latest_only.py took 0.040 seconds
[2023-11-27T10:19:29.215+0000] {processor.py:157} INFO - Started process (PID=1119) to work on /home/airflow/.local/lib/python3.8/site-packages/airflow/example_dags/example_latest_only.py
[2023-11-27T10:19:29.216+0000] {processor.py:829} INFO - Processing file /home/airflow/.local/lib/python3.8/site-packages/airflow/example_dags/example_latest_only.py for tasks to queue
[2023-11-27T10:19:29.218+0000] {logging_mixin.py:151} INFO - [2023-11-27T10:19:29.218+0000] {dagbag.py:539} INFO - Filling up the DagBag from /home/airflow/.local/lib/python3.8/site-packages/airflow/example_dags/example_latest_only.py
[2023-11-27T10:19:29.225+0000] {processor.py:839} INFO - DAG(s) dict_keys(['latest_only']) retrieved from /home/airflow/.local/lib/python3.8/site-packages/airflow/example_dags/example_latest_only.py
[2023-11-27T10:19:29.243+0000] {logging_mixin.py:151} INFO - [2023-11-27T10:19:29.243+0000] {dag.py:2915} INFO - Sync 1 DAGs
[2023-11-27T10:19:29.256+0000] {logging_mixin.py:151} INFO - [2023-11-27T10:19:29.255+0000] {dag.py:3696} INFO - Setting next_dagrun for latest_only to 2023-11-27T06:19:29.255629+00:00, run_after=2023-11-27T10:19:29.255629+00:00
[2023-11-27T10:19:29.265+0000] {processor.py:179} INFO - Processing /home/airflow/.local/lib/python3.8/site-packages/airflow/example_dags/example_latest_only.py took 0.053 seconds
[2023-11-27T10:19:59.876+0000] {processor.py:157} INFO - Started process (PID=1173) to work on /home/airflow/.local/lib/python3.8/site-packages/airflow/example_dags/example_latest_only.py
[2023-11-27T10:19:59.877+0000] {processor.py:829} INFO - Processing file /home/airflow/.local/lib/python3.8/site-packages/airflow/example_dags/example_latest_only.py for tasks to queue
[2023-11-27T10:19:59.878+0000] {logging_mixin.py:151} INFO - [2023-11-27T10:19:59.878+0000] {dagbag.py:539} INFO - Filling up the DagBag from /home/airflow/.local/lib/python3.8/site-packages/airflow/example_dags/example_latest_only.py
[2023-11-27T10:19:59.882+0000] {processor.py:839} INFO - DAG(s) dict_keys(['latest_only']) retrieved from /home/airflow/.local/lib/python3.8/site-packages/airflow/example_dags/example_latest_only.py
[2023-11-27T10:19:59.898+0000] {logging_mixin.py:151} INFO - [2023-11-27T10:19:59.898+0000] {dag.py:2915} INFO - Sync 1 DAGs
[2023-11-27T10:19:59.909+0000] {logging_mixin.py:151} INFO - [2023-11-27T10:19:59.909+0000] {dag.py:3696} INFO - Setting next_dagrun for latest_only to 2023-11-27T06:19:59.909532+00:00, run_after=2023-11-27T10:19:59.909532+00:00
[2023-11-27T10:19:59.918+0000] {processor.py:179} INFO - Processing /home/airflow/.local/lib/python3.8/site-packages/airflow/example_dags/example_latest_only.py took 0.046 seconds
[2023-11-27T10:20:30.305+0000] {processor.py:157} INFO - Started process (PID=1227) to work on /home/airflow/.local/lib/python3.8/site-packages/airflow/example_dags/example_latest_only.py
[2023-11-27T10:20:30.306+0000] {processor.py:829} INFO - Processing file /home/airflow/.local/lib/python3.8/site-packages/airflow/example_dags/example_latest_only.py for tasks to queue
[2023-11-27T10:20:30.308+0000] {logging_mixin.py:151} INFO - [2023-11-27T10:20:30.308+0000] {dagbag.py:539} INFO - Filling up the DagBag from /home/airflow/.local/lib/python3.8/site-packages/airflow/example_dags/example_latest_only.py
[2023-11-27T10:20:30.311+0000] {processor.py:839} INFO - DAG(s) dict_keys(['latest_only']) retrieved from /home/airflow/.local/lib/python3.8/site-packages/airflow/example_dags/example_latest_only.py
[2023-11-27T10:20:30.323+0000] {logging_mixin.py:151} INFO - [2023-11-27T10:20:30.323+0000] {dag.py:2915} INFO - Sync 1 DAGs
[2023-11-27T10:20:30.335+0000] {logging_mixin.py:151} INFO - [2023-11-27T10:20:30.335+0000] {dag.py:3696} INFO - Setting next_dagrun for latest_only to 2023-11-27T06:20:30.334828+00:00, run_after=2023-11-27T10:20:30.334828+00:00
[2023-11-27T10:20:30.345+0000] {processor.py:179} INFO - Processing /home/airflow/.local/lib/python3.8/site-packages/airflow/example_dags/example_latest_only.py took 0.042 seconds
[2023-11-27T10:21:00.665+0000] {processor.py:157} INFO - Started process (PID=1281) to work on /home/airflow/.local/lib/python3.8/site-packages/airflow/example_dags/example_latest_only.py
[2023-11-27T10:21:00.666+0000] {processor.py:829} INFO - Processing file /home/airflow/.local/lib/python3.8/site-packages/airflow/example_dags/example_latest_only.py for tasks to queue
[2023-11-27T10:21:00.669+0000] {logging_mixin.py:151} INFO - [2023-11-27T10:21:00.668+0000] {dagbag.py:539} INFO - Filling up the DagBag from /home/airflow/.local/lib/python3.8/site-packages/airflow/example_dags/example_latest_only.py
[2023-11-27T10:21:00.676+0000] {processor.py:839} INFO - DAG(s) dict_keys(['latest_only']) retrieved from /home/airflow/.local/lib/python3.8/site-packages/airflow/example_dags/example_latest_only.py
[2023-11-27T10:21:00.692+0000] {logging_mixin.py:151} INFO - [2023-11-27T10:21:00.692+0000] {dag.py:2915} INFO - Sync 1 DAGs
[2023-11-27T10:21:00.705+0000] {logging_mixin.py:151} INFO - [2023-11-27T10:21:00.704+0000] {dag.py:3696} INFO - Setting next_dagrun for latest_only to 2023-11-27T06:21:00.704630+00:00, run_after=2023-11-27T10:21:00.704630+00:00
[2023-11-27T10:21:00.713+0000] {processor.py:179} INFO - Processing /home/airflow/.local/lib/python3.8/site-packages/airflow/example_dags/example_latest_only.py took 0.050 seconds
[2023-11-27T10:32:33.808+0000] {processor.py:157} INFO - Started process (PID=36) to work on /home/airflow/.local/lib/python3.8/site-packages/airflow/example_dags/example_latest_only.py
[2023-11-27T10:32:33.809+0000] {processor.py:829} INFO - Processing file /home/airflow/.local/lib/python3.8/site-packages/airflow/example_dags/example_latest_only.py for tasks to queue
[2023-11-27T10:32:33.811+0000] {logging_mixin.py:151} INFO - [2023-11-27T10:32:33.811+0000] {dagbag.py:539} INFO - Filling up the DagBag from /home/airflow/.local/lib/python3.8/site-packages/airflow/example_dags/example_latest_only.py
[2023-11-27T10:32:33.817+0000] {processor.py:839} INFO - DAG(s) dict_keys(['latest_only']) retrieved from /home/airflow/.local/lib/python3.8/site-packages/airflow/example_dags/example_latest_only.py
[2023-11-27T10:32:33.920+0000] {logging_mixin.py:151} INFO - [2023-11-27T10:32:33.920+0000] {dag.py:2915} INFO - Sync 1 DAGs
[2023-11-27T10:32:33.931+0000] {logging_mixin.py:151} INFO - [2023-11-27T10:32:33.931+0000] {dag.py:3696} INFO - Setting next_dagrun for latest_only to 2023-11-27T06:32:33.931002+00:00, run_after=2023-11-27T10:32:33.931002+00:00
[2023-11-27T10:32:33.939+0000] {processor.py:179} INFO - Processing /home/airflow/.local/lib/python3.8/site-packages/airflow/example_dags/example_latest_only.py took 0.133 seconds
[2023-11-27T10:33:04.294+0000] {processor.py:157} INFO - Started process (PID=90) to work on /home/airflow/.local/lib/python3.8/site-packages/airflow/example_dags/example_latest_only.py
[2023-11-27T10:33:04.294+0000] {processor.py:829} INFO - Processing file /home/airflow/.local/lib/python3.8/site-packages/airflow/example_dags/example_latest_only.py for tasks to queue
[2023-11-27T10:33:04.296+0000] {logging_mixin.py:151} INFO - [2023-11-27T10:33:04.295+0000] {dagbag.py:539} INFO - Filling up the DagBag from /home/airflow/.local/lib/python3.8/site-packages/airflow/example_dags/example_latest_only.py
[2023-11-27T10:33:04.299+0000] {processor.py:839} INFO - DAG(s) dict_keys(['latest_only']) retrieved from /home/airflow/.local/lib/python3.8/site-packages/airflow/example_dags/example_latest_only.py
[2023-11-27T10:33:04.311+0000] {logging_mixin.py:151} INFO - [2023-11-27T10:33:04.311+0000] {dag.py:2915} INFO - Sync 1 DAGs
[2023-11-27T10:33:04.322+0000] {logging_mixin.py:151} INFO - [2023-11-27T10:33:04.322+0000] {dag.py:3696} INFO - Setting next_dagrun for latest_only to 2023-11-27T06:33:04.321817+00:00, run_after=2023-11-27T10:33:04.321817+00:00
[2023-11-27T10:33:04.329+0000] {processor.py:179} INFO - Processing /home/airflow/.local/lib/python3.8/site-packages/airflow/example_dags/example_latest_only.py took 0.038 seconds
[2023-11-27T10:33:34.742+0000] {processor.py:157} INFO - Started process (PID=144) to work on /home/airflow/.local/lib/python3.8/site-packages/airflow/example_dags/example_latest_only.py
[2023-11-27T10:33:34.743+0000] {processor.py:829} INFO - Processing file /home/airflow/.local/lib/python3.8/site-packages/airflow/example_dags/example_latest_only.py for tasks to queue
[2023-11-27T10:33:34.745+0000] {logging_mixin.py:151} INFO - [2023-11-27T10:33:34.744+0000] {dagbag.py:539} INFO - Filling up the DagBag from /home/airflow/.local/lib/python3.8/site-packages/airflow/example_dags/example_latest_only.py
[2023-11-27T10:33:34.748+0000] {processor.py:839} INFO - DAG(s) dict_keys(['latest_only']) retrieved from /home/airflow/.local/lib/python3.8/site-packages/airflow/example_dags/example_latest_only.py
[2023-11-27T10:33:34.762+0000] {logging_mixin.py:151} INFO - [2023-11-27T10:33:34.762+0000] {dag.py:2915} INFO - Sync 1 DAGs
[2023-11-27T10:33:34.773+0000] {logging_mixin.py:151} INFO - [2023-11-27T10:33:34.773+0000] {dag.py:3696} INFO - Setting next_dagrun for latest_only to 2023-11-27T06:33:34.773368+00:00, run_after=2023-11-27T10:33:34.773368+00:00
[2023-11-27T10:33:34.786+0000] {processor.py:179} INFO - Processing /home/airflow/.local/lib/python3.8/site-packages/airflow/example_dags/example_latest_only.py took 0.046 seconds
[2023-11-27T10:34:05.106+0000] {processor.py:157} INFO - Started process (PID=198) to work on /home/airflow/.local/lib/python3.8/site-packages/airflow/example_dags/example_latest_only.py
[2023-11-27T10:34:05.106+0000] {processor.py:829} INFO - Processing file /home/airflow/.local/lib/python3.8/site-packages/airflow/example_dags/example_latest_only.py for tasks to queue
[2023-11-27T10:34:05.108+0000] {logging_mixin.py:151} INFO - [2023-11-27T10:34:05.107+0000] {dagbag.py:539} INFO - Filling up the DagBag from /home/airflow/.local/lib/python3.8/site-packages/airflow/example_dags/example_latest_only.py
[2023-11-27T10:34:05.112+0000] {processor.py:839} INFO - DAG(s) dict_keys(['latest_only']) retrieved from /home/airflow/.local/lib/python3.8/site-packages/airflow/example_dags/example_latest_only.py
[2023-11-27T10:34:05.128+0000] {logging_mixin.py:151} INFO - [2023-11-27T10:34:05.128+0000] {dag.py:2915} INFO - Sync 1 DAGs
[2023-11-27T10:34:05.140+0000] {logging_mixin.py:151} INFO - [2023-11-27T10:34:05.140+0000] {dag.py:3696} INFO - Setting next_dagrun for latest_only to 2023-11-27T06:34:05.140048+00:00, run_after=2023-11-27T10:34:05.140048+00:00
[2023-11-27T10:34:05.148+0000] {processor.py:179} INFO - Processing /home/airflow/.local/lib/python3.8/site-packages/airflow/example_dags/example_latest_only.py took 0.045 seconds
[2023-11-27T10:34:35.491+0000] {processor.py:157} INFO - Started process (PID=252) to work on /home/airflow/.local/lib/python3.8/site-packages/airflow/example_dags/example_latest_only.py
[2023-11-27T10:34:35.492+0000] {processor.py:829} INFO - Processing file /home/airflow/.local/lib/python3.8/site-packages/airflow/example_dags/example_latest_only.py for tasks to queue
[2023-11-27T10:34:35.493+0000] {logging_mixin.py:151} INFO - [2023-11-27T10:34:35.493+0000] {dagbag.py:539} INFO - Filling up the DagBag from /home/airflow/.local/lib/python3.8/site-packages/airflow/example_dags/example_latest_only.py
[2023-11-27T10:34:35.496+0000] {processor.py:839} INFO - DAG(s) dict_keys(['latest_only']) retrieved from /home/airflow/.local/lib/python3.8/site-packages/airflow/example_dags/example_latest_only.py
[2023-11-27T10:34:35.509+0000] {logging_mixin.py:151} INFO - [2023-11-27T10:34:35.509+0000] {dag.py:2915} INFO - Sync 1 DAGs
[2023-11-27T10:34:35.521+0000] {logging_mixin.py:151} INFO - [2023-11-27T10:34:35.521+0000] {dag.py:3696} INFO - Setting next_dagrun for latest_only to 2023-11-27T06:34:35.520735+00:00, run_after=2023-11-27T10:34:35.520735+00:00
[2023-11-27T10:34:35.531+0000] {processor.py:179} INFO - Processing /home/airflow/.local/lib/python3.8/site-packages/airflow/example_dags/example_latest_only.py took 0.043 seconds
[2023-11-27T10:35:05.976+0000] {processor.py:157} INFO - Started process (PID=306) to work on /home/airflow/.local/lib/python3.8/site-packages/airflow/example_dags/example_latest_only.py
[2023-11-27T10:35:05.977+0000] {processor.py:829} INFO - Processing file /home/airflow/.local/lib/python3.8/site-packages/airflow/example_dags/example_latest_only.py for tasks to queue
[2023-11-27T10:35:05.978+0000] {logging_mixin.py:151} INFO - [2023-11-27T10:35:05.978+0000] {dagbag.py:539} INFO - Filling up the DagBag from /home/airflow/.local/lib/python3.8/site-packages/airflow/example_dags/example_latest_only.py
[2023-11-27T10:35:05.982+0000] {processor.py:839} INFO - DAG(s) dict_keys(['latest_only']) retrieved from /home/airflow/.local/lib/python3.8/site-packages/airflow/example_dags/example_latest_only.py
[2023-11-27T10:35:05.996+0000] {logging_mixin.py:151} INFO - [2023-11-27T10:35:05.996+0000] {dag.py:2915} INFO - Sync 1 DAGs
[2023-11-27T10:35:06.007+0000] {logging_mixin.py:151} INFO - [2023-11-27T10:35:06.007+0000] {dag.py:3696} INFO - Setting next_dagrun for latest_only to 2023-11-27T06:35:06.007630+00:00, run_after=2023-11-27T10:35:06.007630+00:00
[2023-11-27T10:35:06.016+0000] {processor.py:179} INFO - Processing /home/airflow/.local/lib/python3.8/site-packages/airflow/example_dags/example_latest_only.py took 0.042 seconds
[2023-11-27T10:35:36.360+0000] {processor.py:157} INFO - Started process (PID=360) to work on /home/airflow/.local/lib/python3.8/site-packages/airflow/example_dags/example_latest_only.py
[2023-11-27T10:35:36.361+0000] {processor.py:829} INFO - Processing file /home/airflow/.local/lib/python3.8/site-packages/airflow/example_dags/example_latest_only.py for tasks to queue
[2023-11-27T10:35:36.362+0000] {logging_mixin.py:151} INFO - [2023-11-27T10:35:36.362+0000] {dagbag.py:539} INFO - Filling up the DagBag from /home/airflow/.local/lib/python3.8/site-packages/airflow/example_dags/example_latest_only.py
[2023-11-27T10:35:36.366+0000] {processor.py:839} INFO - DAG(s) dict_keys(['latest_only']) retrieved from /home/airflow/.local/lib/python3.8/site-packages/airflow/example_dags/example_latest_only.py
[2023-11-27T10:35:36.380+0000] {logging_mixin.py:151} INFO - [2023-11-27T10:35:36.380+0000] {dag.py:2915} INFO - Sync 1 DAGs
[2023-11-27T10:35:36.391+0000] {logging_mixin.py:151} INFO - [2023-11-27T10:35:36.391+0000] {dag.py:3696} INFO - Setting next_dagrun for latest_only to 2023-11-27T06:35:36.391612+00:00, run_after=2023-11-27T10:35:36.391612+00:00
[2023-11-27T10:35:36.400+0000] {processor.py:179} INFO - Processing /home/airflow/.local/lib/python3.8/site-packages/airflow/example_dags/example_latest_only.py took 0.043 seconds
[2023-11-27T10:36:06.499+0000] {processor.py:157} INFO - Started process (PID=414) to work on /home/airflow/.local/lib/python3.8/site-packages/airflow/example_dags/example_latest_only.py
[2023-11-27T10:36:06.499+0000] {processor.py:829} INFO - Processing file /home/airflow/.local/lib/python3.8/site-packages/airflow/example_dags/example_latest_only.py for tasks to queue
[2023-11-27T10:36:06.501+0000] {logging_mixin.py:151} INFO - [2023-11-27T10:36:06.501+0000] {dagbag.py:539} INFO - Filling up the DagBag from /home/airflow/.local/lib/python3.8/site-packages/airflow/example_dags/example_latest_only.py
[2023-11-27T10:36:06.504+0000] {processor.py:839} INFO - DAG(s) dict_keys(['latest_only']) retrieved from /home/airflow/.local/lib/python3.8/site-packages/airflow/example_dags/example_latest_only.py
[2023-11-27T10:36:06.516+0000] {logging_mixin.py:151} INFO - [2023-11-27T10:36:06.515+0000] {dag.py:2915} INFO - Sync 1 DAGs
[2023-11-27T10:36:06.526+0000] {logging_mixin.py:151} INFO - [2023-11-27T10:36:06.526+0000] {dag.py:3696} INFO - Setting next_dagrun for latest_only to 2023-11-27T06:36:06.526534+00:00, run_after=2023-11-27T10:36:06.526534+00:00
[2023-11-27T10:36:06.535+0000] {processor.py:179} INFO - Processing /home/airflow/.local/lib/python3.8/site-packages/airflow/example_dags/example_latest_only.py took 0.038 seconds
[2023-11-27T10:36:36.802+0000] {processor.py:157} INFO - Started process (PID=468) to work on /home/airflow/.local/lib/python3.8/site-packages/airflow/example_dags/example_latest_only.py
[2023-11-27T10:36:36.804+0000] {processor.py:829} INFO - Processing file /home/airflow/.local/lib/python3.8/site-packages/airflow/example_dags/example_latest_only.py for tasks to queue
[2023-11-27T10:36:36.807+0000] {logging_mixin.py:151} INFO - [2023-11-27T10:36:36.806+0000] {dagbag.py:539} INFO - Filling up the DagBag from /home/airflow/.local/lib/python3.8/site-packages/airflow/example_dags/example_latest_only.py
[2023-11-27T10:36:36.814+0000] {processor.py:839} INFO - DAG(s) dict_keys(['latest_only']) retrieved from /home/airflow/.local/lib/python3.8/site-packages/airflow/example_dags/example_latest_only.py
[2023-11-27T10:36:36.830+0000] {logging_mixin.py:151} INFO - [2023-11-27T10:36:36.829+0000] {dag.py:2915} INFO - Sync 1 DAGs
[2023-11-27T10:36:36.844+0000] {logging_mixin.py:151} INFO - [2023-11-27T10:36:36.844+0000] {dag.py:3696} INFO - Setting next_dagrun for latest_only to 2023-11-27T06:36:36.844273+00:00, run_after=2023-11-27T10:36:36.844273+00:00
[2023-11-27T10:36:36.856+0000] {processor.py:179} INFO - Processing /home/airflow/.local/lib/python3.8/site-packages/airflow/example_dags/example_latest_only.py took 0.058 seconds
[2023-11-27T10:37:07.187+0000] {processor.py:157} INFO - Started process (PID=522) to work on /home/airflow/.local/lib/python3.8/site-packages/airflow/example_dags/example_latest_only.py
[2023-11-27T10:37:07.188+0000] {processor.py:829} INFO - Processing file /home/airflow/.local/lib/python3.8/site-packages/airflow/example_dags/example_latest_only.py for tasks to queue
[2023-11-27T10:37:07.190+0000] {logging_mixin.py:151} INFO - [2023-11-27T10:37:07.190+0000] {dagbag.py:539} INFO - Filling up the DagBag from /home/airflow/.local/lib/python3.8/site-packages/airflow/example_dags/example_latest_only.py
[2023-11-27T10:37:07.197+0000] {processor.py:839} INFO - DAG(s) dict_keys(['latest_only']) retrieved from /home/airflow/.local/lib/python3.8/site-packages/airflow/example_dags/example_latest_only.py
[2023-11-27T10:37:07.216+0000] {logging_mixin.py:151} INFO - [2023-11-27T10:37:07.216+0000] {dag.py:2915} INFO - Sync 1 DAGs
[2023-11-27T10:37:07.239+0000] {logging_mixin.py:151} INFO - [2023-11-27T10:37:07.239+0000] {dag.py:3696} INFO - Setting next_dagrun for latest_only to 2023-11-27T06:37:07.238661+00:00, run_after=2023-11-27T10:37:07.238661+00:00
[2023-11-27T10:37:07.257+0000] {processor.py:179} INFO - Processing /home/airflow/.local/lib/python3.8/site-packages/airflow/example_dags/example_latest_only.py took 0.075 seconds
[2023-11-27T10:37:38.215+0000] {processor.py:157} INFO - Started process (PID=576) to work on /home/airflow/.local/lib/python3.8/site-packages/airflow/example_dags/example_latest_only.py
[2023-11-27T10:37:38.217+0000] {processor.py:829} INFO - Processing file /home/airflow/.local/lib/python3.8/site-packages/airflow/example_dags/example_latest_only.py for tasks to queue
[2023-11-27T10:37:38.220+0000] {logging_mixin.py:151} INFO - [2023-11-27T10:37:38.219+0000] {dagbag.py:539} INFO - Filling up the DagBag from /home/airflow/.local/lib/python3.8/site-packages/airflow/example_dags/example_latest_only.py
[2023-11-27T10:37:38.229+0000] {processor.py:839} INFO - DAG(s) dict_keys(['latest_only']) retrieved from /home/airflow/.local/lib/python3.8/site-packages/airflow/example_dags/example_latest_only.py
[2023-11-27T10:37:38.250+0000] {logging_mixin.py:151} INFO - [2023-11-27T10:37:38.249+0000] {dag.py:2915} INFO - Sync 1 DAGs
[2023-11-27T10:37:38.279+0000] {logging_mixin.py:151} INFO - [2023-11-27T10:37:38.279+0000] {dag.py:3696} INFO - Setting next_dagrun for latest_only to 2023-11-27T06:37:38.279214+00:00, run_after=2023-11-27T10:37:38.279214+00:00
[2023-11-27T10:37:38.296+0000] {processor.py:179} INFO - Processing /home/airflow/.local/lib/python3.8/site-packages/airflow/example_dags/example_latest_only.py took 0.084 seconds
[2023-11-27T10:38:09.159+0000] {processor.py:157} INFO - Started process (PID=630) to work on /home/airflow/.local/lib/python3.8/site-packages/airflow/example_dags/example_latest_only.py
[2023-11-27T10:38:09.160+0000] {processor.py:829} INFO - Processing file /home/airflow/.local/lib/python3.8/site-packages/airflow/example_dags/example_latest_only.py for tasks to queue
[2023-11-27T10:38:09.162+0000] {logging_mixin.py:151} INFO - [2023-11-27T10:38:09.162+0000] {dagbag.py:539} INFO - Filling up the DagBag from /home/airflow/.local/lib/python3.8/site-packages/airflow/example_dags/example_latest_only.py
[2023-11-27T10:38:09.166+0000] {processor.py:839} INFO - DAG(s) dict_keys(['latest_only']) retrieved from /home/airflow/.local/lib/python3.8/site-packages/airflow/example_dags/example_latest_only.py
[2023-11-27T10:38:09.180+0000] {logging_mixin.py:151} INFO - [2023-11-27T10:38:09.180+0000] {dag.py:2915} INFO - Sync 1 DAGs
[2023-11-27T10:38:09.193+0000] {logging_mixin.py:151} INFO - [2023-11-27T10:38:09.193+0000] {dag.py:3696} INFO - Setting next_dagrun for latest_only to 2023-11-27T06:38:09.192910+00:00, run_after=2023-11-27T10:38:09.192910+00:00
[2023-11-27T10:38:09.202+0000] {processor.py:179} INFO - Processing /home/airflow/.local/lib/python3.8/site-packages/airflow/example_dags/example_latest_only.py took 0.045 seconds
[2023-11-27T10:38:39.636+0000] {processor.py:157} INFO - Started process (PID=684) to work on /home/airflow/.local/lib/python3.8/site-packages/airflow/example_dags/example_latest_only.py
[2023-11-27T10:38:39.636+0000] {processor.py:829} INFO - Processing file /home/airflow/.local/lib/python3.8/site-packages/airflow/example_dags/example_latest_only.py for tasks to queue
[2023-11-27T10:38:39.638+0000] {logging_mixin.py:151} INFO - [2023-11-27T10:38:39.638+0000] {dagbag.py:539} INFO - Filling up the DagBag from /home/airflow/.local/lib/python3.8/site-packages/airflow/example_dags/example_latest_only.py
[2023-11-27T10:38:39.641+0000] {processor.py:839} INFO - DAG(s) dict_keys(['latest_only']) retrieved from /home/airflow/.local/lib/python3.8/site-packages/airflow/example_dags/example_latest_only.py
[2023-11-27T10:38:39.652+0000] {logging_mixin.py:151} INFO - [2023-11-27T10:38:39.652+0000] {dag.py:2915} INFO - Sync 1 DAGs
[2023-11-27T10:38:39.663+0000] {logging_mixin.py:151} INFO - [2023-11-27T10:38:39.663+0000] {dag.py:3696} INFO - Setting next_dagrun for latest_only to 2023-11-27T06:38:39.663224+00:00, run_after=2023-11-27T10:38:39.663224+00:00
[2023-11-27T10:38:39.672+0000] {processor.py:179} INFO - Processing /home/airflow/.local/lib/python3.8/site-packages/airflow/example_dags/example_latest_only.py took 0.038 seconds
[2023-11-27T10:39:10.101+0000] {processor.py:157} INFO - Started process (PID=739) to work on /home/airflow/.local/lib/python3.8/site-packages/airflow/example_dags/example_latest_only.py
[2023-11-27T10:39:10.102+0000] {processor.py:829} INFO - Processing file /home/airflow/.local/lib/python3.8/site-packages/airflow/example_dags/example_latest_only.py for tasks to queue
[2023-11-27T10:39:10.106+0000] {logging_mixin.py:151} INFO - [2023-11-27T10:39:10.106+0000] {dagbag.py:539} INFO - Filling up the DagBag from /home/airflow/.local/lib/python3.8/site-packages/airflow/example_dags/example_latest_only.py
[2023-11-27T10:39:10.117+0000] {processor.py:839} INFO - DAG(s) dict_keys(['latest_only']) retrieved from /home/airflow/.local/lib/python3.8/site-packages/airflow/example_dags/example_latest_only.py
[2023-11-27T10:39:10.139+0000] {logging_mixin.py:151} INFO - [2023-11-27T10:39:10.138+0000] {dag.py:2915} INFO - Sync 1 DAGs
[2023-11-27T10:39:10.152+0000] {logging_mixin.py:151} INFO - [2023-11-27T10:39:10.152+0000] {dag.py:3696} INFO - Setting next_dagrun for latest_only to 2023-11-27T06:39:10.151886+00:00, run_after=2023-11-27T10:39:10.151886+00:00
[2023-11-27T10:39:10.162+0000] {processor.py:179} INFO - Processing /home/airflow/.local/lib/python3.8/site-packages/airflow/example_dags/example_latest_only.py took 0.065 seconds
[2023-11-27T10:39:40.745+0000] {processor.py:157} INFO - Started process (PID=793) to work on /home/airflow/.local/lib/python3.8/site-packages/airflow/example_dags/example_latest_only.py
[2023-11-27T10:39:40.746+0000] {processor.py:829} INFO - Processing file /home/airflow/.local/lib/python3.8/site-packages/airflow/example_dags/example_latest_only.py for tasks to queue
[2023-11-27T10:39:40.747+0000] {logging_mixin.py:151} INFO - [2023-11-27T10:39:40.747+0000] {dagbag.py:539} INFO - Filling up the DagBag from /home/airflow/.local/lib/python3.8/site-packages/airflow/example_dags/example_latest_only.py
[2023-11-27T10:39:40.751+0000] {processor.py:839} INFO - DAG(s) dict_keys(['latest_only']) retrieved from /home/airflow/.local/lib/python3.8/site-packages/airflow/example_dags/example_latest_only.py
[2023-11-27T10:39:40.766+0000] {logging_mixin.py:151} INFO - [2023-11-27T10:39:40.766+0000] {dag.py:2915} INFO - Sync 1 DAGs
[2023-11-27T10:39:40.778+0000] {logging_mixin.py:151} INFO - [2023-11-27T10:39:40.778+0000] {dag.py:3696} INFO - Setting next_dagrun for latest_only to 2023-11-27T06:39:40.777904+00:00, run_after=2023-11-27T10:39:40.777904+00:00
[2023-11-27T10:39:40.789+0000] {processor.py:179} INFO - Processing /home/airflow/.local/lib/python3.8/site-packages/airflow/example_dags/example_latest_only.py took 0.046 seconds
