[2023-11-27T10:09:22.118+0000] {processor.py:157} INFO - Started process (PID=49) to work on /home/airflow/.local/lib/python3.8/site-packages/airflow/example_dags/example_short_circuit_operator.py
[2023-11-27T10:09:22.119+0000] {processor.py:829} INFO - Processing file /home/airflow/.local/lib/python3.8/site-packages/airflow/example_dags/example_short_circuit_operator.py for tasks to queue
[2023-11-27T10:09:22.122+0000] {logging_mixin.py:151} INFO - [2023-11-27T10:09:22.121+0000] {dagbag.py:539} INFO - Filling up the DagBag from /home/airflow/.local/lib/python3.8/site-packages/airflow/example_dags/example_short_circuit_operator.py
[2023-11-27T10:09:22.167+0000] {processor.py:839} INFO - DAG(s) dict_keys(['example_short_circuit_operator']) retrieved from /home/airflow/.local/lib/python3.8/site-packages/airflow/example_dags/example_short_circuit_operator.py
[2023-11-27T10:09:22.218+0000] {logging_mixin.py:151} INFO - [2023-11-27T10:09:22.217+0000] {dag.py:2915} INFO - Sync 1 DAGs
[2023-11-27T10:09:22.262+0000] {logging_mixin.py:151} INFO - [2023-11-27T10:09:22.262+0000] {dag.py:3696} INFO - Setting next_dagrun for example_short_circuit_operator to 2023-11-26T10:09:22.259239+00:00, run_after=2023-11-27T10:09:22.259239+00:00
[2023-11-27T10:09:22.301+0000] {processor.py:179} INFO - Processing /home/airflow/.local/lib/python3.8/site-packages/airflow/example_dags/example_short_circuit_operator.py took 0.242 seconds
[2023-11-27T10:09:53.367+0000] {processor.py:157} INFO - Started process (PID=104) to work on /home/airflow/.local/lib/python3.8/site-packages/airflow/example_dags/example_short_circuit_operator.py
[2023-11-27T10:09:53.370+0000] {processor.py:829} INFO - Processing file /home/airflow/.local/lib/python3.8/site-packages/airflow/example_dags/example_short_circuit_operator.py for tasks to queue
[2023-11-27T10:09:53.376+0000] {logging_mixin.py:151} INFO - [2023-11-27T10:09:53.375+0000] {dagbag.py:539} INFO - Filling up the DagBag from /home/airflow/.local/lib/python3.8/site-packages/airflow/example_dags/example_short_circuit_operator.py
[2023-11-27T10:09:53.389+0000] {processor.py:839} INFO - DAG(s) dict_keys(['example_short_circuit_operator']) retrieved from /home/airflow/.local/lib/python3.8/site-packages/airflow/example_dags/example_short_circuit_operator.py
[2023-11-27T10:09:53.438+0000] {logging_mixin.py:151} INFO - [2023-11-27T10:09:53.437+0000] {dag.py:2915} INFO - Sync 1 DAGs
[2023-11-27T10:09:53.461+0000] {logging_mixin.py:151} INFO - [2023-11-27T10:09:53.460+0000] {dag.py:3696} INFO - Setting next_dagrun for example_short_circuit_operator to 2023-11-26T10:09:53.460119+00:00, run_after=2023-11-27T10:09:53.460119+00:00
[2023-11-27T10:09:53.482+0000] {processor.py:179} INFO - Processing /home/airflow/.local/lib/python3.8/site-packages/airflow/example_dags/example_short_circuit_operator.py took 0.129 seconds
[2023-11-27T10:10:23.684+0000] {processor.py:157} INFO - Started process (PID=158) to work on /home/airflow/.local/lib/python3.8/site-packages/airflow/example_dags/example_short_circuit_operator.py
[2023-11-27T10:10:23.685+0000] {processor.py:829} INFO - Processing file /home/airflow/.local/lib/python3.8/site-packages/airflow/example_dags/example_short_circuit_operator.py for tasks to queue
[2023-11-27T10:10:23.690+0000] {logging_mixin.py:151} INFO - [2023-11-27T10:10:23.689+0000] {dagbag.py:539} INFO - Filling up the DagBag from /home/airflow/.local/lib/python3.8/site-packages/airflow/example_dags/example_short_circuit_operator.py
[2023-11-27T10:10:23.723+0000] {processor.py:839} INFO - DAG(s) dict_keys(['example_short_circuit_operator']) retrieved from /home/airflow/.local/lib/python3.8/site-packages/airflow/example_dags/example_short_circuit_operator.py
[2023-11-27T10:10:23.821+0000] {logging_mixin.py:151} INFO - [2023-11-27T10:10:23.820+0000] {dag.py:2915} INFO - Sync 1 DAGs
[2023-11-27T10:10:23.853+0000] {logging_mixin.py:151} INFO - [2023-11-27T10:10:23.853+0000] {dag.py:3696} INFO - Setting next_dagrun for example_short_circuit_operator to 2023-11-26T10:10:23.852834+00:00, run_after=2023-11-27T10:10:23.852834+00:00
[2023-11-27T10:10:23.875+0000] {processor.py:179} INFO - Processing /home/airflow/.local/lib/python3.8/site-packages/airflow/example_dags/example_short_circuit_operator.py took 0.213 seconds
[2023-11-27T10:10:54.653+0000] {processor.py:157} INFO - Started process (PID=212) to work on /home/airflow/.local/lib/python3.8/site-packages/airflow/example_dags/example_short_circuit_operator.py
[2023-11-27T10:10:54.655+0000] {processor.py:829} INFO - Processing file /home/airflow/.local/lib/python3.8/site-packages/airflow/example_dags/example_short_circuit_operator.py for tasks to queue
[2023-11-27T10:10:54.659+0000] {logging_mixin.py:151} INFO - [2023-11-27T10:10:54.658+0000] {dagbag.py:539} INFO - Filling up the DagBag from /home/airflow/.local/lib/python3.8/site-packages/airflow/example_dags/example_short_circuit_operator.py
[2023-11-27T10:10:54.671+0000] {processor.py:839} INFO - DAG(s) dict_keys(['example_short_circuit_operator']) retrieved from /home/airflow/.local/lib/python3.8/site-packages/airflow/example_dags/example_short_circuit_operator.py
[2023-11-27T10:10:54.696+0000] {logging_mixin.py:151} INFO - [2023-11-27T10:10:54.696+0000] {dag.py:2915} INFO - Sync 1 DAGs
[2023-11-27T10:10:54.709+0000] {logging_mixin.py:151} INFO - [2023-11-27T10:10:54.709+0000] {dag.py:3696} INFO - Setting next_dagrun for example_short_circuit_operator to 2023-11-26T10:10:54.709204+00:00, run_after=2023-11-27T10:10:54.709204+00:00
[2023-11-27T10:10:54.718+0000] {processor.py:179} INFO - Processing /home/airflow/.local/lib/python3.8/site-packages/airflow/example_dags/example_short_circuit_operator.py took 0.073 seconds
[2023-11-27T10:11:25.011+0000] {processor.py:157} INFO - Started process (PID=266) to work on /home/airflow/.local/lib/python3.8/site-packages/airflow/example_dags/example_short_circuit_operator.py
[2023-11-27T10:11:25.014+0000] {processor.py:829} INFO - Processing file /home/airflow/.local/lib/python3.8/site-packages/airflow/example_dags/example_short_circuit_operator.py for tasks to queue
[2023-11-27T10:11:25.019+0000] {logging_mixin.py:151} INFO - [2023-11-27T10:11:25.019+0000] {dagbag.py:539} INFO - Filling up the DagBag from /home/airflow/.local/lib/python3.8/site-packages/airflow/example_dags/example_short_circuit_operator.py
[2023-11-27T10:11:25.030+0000] {processor.py:839} INFO - DAG(s) dict_keys(['example_short_circuit_operator']) retrieved from /home/airflow/.local/lib/python3.8/site-packages/airflow/example_dags/example_short_circuit_operator.py
[2023-11-27T10:11:25.050+0000] {logging_mixin.py:151} INFO - [2023-11-27T10:11:25.050+0000] {dag.py:2915} INFO - Sync 1 DAGs
[2023-11-27T10:11:25.064+0000] {logging_mixin.py:151} INFO - [2023-11-27T10:11:25.064+0000] {dag.py:3696} INFO - Setting next_dagrun for example_short_circuit_operator to 2023-11-26T10:11:25.064265+00:00, run_after=2023-11-27T10:11:25.064265+00:00
[2023-11-27T10:11:25.075+0000] {processor.py:179} INFO - Processing /home/airflow/.local/lib/python3.8/site-packages/airflow/example_dags/example_short_circuit_operator.py took 0.074 seconds
[2023-11-27T10:11:55.367+0000] {processor.py:157} INFO - Started process (PID=320) to work on /home/airflow/.local/lib/python3.8/site-packages/airflow/example_dags/example_short_circuit_operator.py
[2023-11-27T10:11:55.370+0000] {processor.py:829} INFO - Processing file /home/airflow/.local/lib/python3.8/site-packages/airflow/example_dags/example_short_circuit_operator.py for tasks to queue
[2023-11-27T10:11:55.374+0000] {logging_mixin.py:151} INFO - [2023-11-27T10:11:55.373+0000] {dagbag.py:539} INFO - Filling up the DagBag from /home/airflow/.local/lib/python3.8/site-packages/airflow/example_dags/example_short_circuit_operator.py
[2023-11-27T10:11:55.388+0000] {processor.py:839} INFO - DAG(s) dict_keys(['example_short_circuit_operator']) retrieved from /home/airflow/.local/lib/python3.8/site-packages/airflow/example_dags/example_short_circuit_operator.py
[2023-11-27T10:11:55.411+0000] {logging_mixin.py:151} INFO - [2023-11-27T10:11:55.410+0000] {dag.py:2915} INFO - Sync 1 DAGs
[2023-11-27T10:11:55.425+0000] {logging_mixin.py:151} INFO - [2023-11-27T10:11:55.425+0000] {dag.py:3696} INFO - Setting next_dagrun for example_short_circuit_operator to 2023-11-26T10:11:55.424812+00:00, run_after=2023-11-27T10:11:55.424812+00:00
[2023-11-27T10:11:55.434+0000] {processor.py:179} INFO - Processing /home/airflow/.local/lib/python3.8/site-packages/airflow/example_dags/example_short_circuit_operator.py took 0.076 seconds
[2023-11-27T10:12:25.736+0000] {processor.py:157} INFO - Started process (PID=374) to work on /home/airflow/.local/lib/python3.8/site-packages/airflow/example_dags/example_short_circuit_operator.py
[2023-11-27T10:12:25.738+0000] {processor.py:829} INFO - Processing file /home/airflow/.local/lib/python3.8/site-packages/airflow/example_dags/example_short_circuit_operator.py for tasks to queue
[2023-11-27T10:12:25.743+0000] {logging_mixin.py:151} INFO - [2023-11-27T10:12:25.742+0000] {dagbag.py:539} INFO - Filling up the DagBag from /home/airflow/.local/lib/python3.8/site-packages/airflow/example_dags/example_short_circuit_operator.py
[2023-11-27T10:12:25.768+0000] {processor.py:839} INFO - DAG(s) dict_keys(['example_short_circuit_operator']) retrieved from /home/airflow/.local/lib/python3.8/site-packages/airflow/example_dags/example_short_circuit_operator.py
[2023-11-27T10:12:25.792+0000] {logging_mixin.py:151} INFO - [2023-11-27T10:12:25.792+0000] {dag.py:2915} INFO - Sync 1 DAGs
[2023-11-27T10:12:25.809+0000] {logging_mixin.py:151} INFO - [2023-11-27T10:12:25.808+0000] {dag.py:3696} INFO - Setting next_dagrun for example_short_circuit_operator to 2023-11-26T10:12:25.808640+00:00, run_after=2023-11-27T10:12:25.808640+00:00
[2023-11-27T10:12:25.819+0000] {processor.py:179} INFO - Processing /home/airflow/.local/lib/python3.8/site-packages/airflow/example_dags/example_short_circuit_operator.py took 0.090 seconds
[2023-11-27T10:12:56.076+0000] {processor.py:157} INFO - Started process (PID=428) to work on /home/airflow/.local/lib/python3.8/site-packages/airflow/example_dags/example_short_circuit_operator.py
[2023-11-27T10:12:56.079+0000] {processor.py:829} INFO - Processing file /home/airflow/.local/lib/python3.8/site-packages/airflow/example_dags/example_short_circuit_operator.py for tasks to queue
[2023-11-27T10:12:56.083+0000] {logging_mixin.py:151} INFO - [2023-11-27T10:12:56.083+0000] {dagbag.py:539} INFO - Filling up the DagBag from /home/airflow/.local/lib/python3.8/site-packages/airflow/example_dags/example_short_circuit_operator.py
[2023-11-27T10:12:56.099+0000] {processor.py:839} INFO - DAG(s) dict_keys(['example_short_circuit_operator']) retrieved from /home/airflow/.local/lib/python3.8/site-packages/airflow/example_dags/example_short_circuit_operator.py
[2023-11-27T10:12:56.132+0000] {logging_mixin.py:151} INFO - [2023-11-27T10:12:56.132+0000] {dag.py:2915} INFO - Sync 1 DAGs
[2023-11-27T10:12:56.149+0000] {logging_mixin.py:151} INFO - [2023-11-27T10:12:56.149+0000] {dag.py:3696} INFO - Setting next_dagrun for example_short_circuit_operator to 2023-11-26T10:12:56.148723+00:00, run_after=2023-11-27T10:12:56.148723+00:00
[2023-11-27T10:12:56.159+0000] {processor.py:179} INFO - Processing /home/airflow/.local/lib/python3.8/site-packages/airflow/example_dags/example_short_circuit_operator.py took 0.092 seconds
[2023-11-27T10:13:26.780+0000] {processor.py:157} INFO - Started process (PID=482) to work on /home/airflow/.local/lib/python3.8/site-packages/airflow/example_dags/example_short_circuit_operator.py
[2023-11-27T10:13:26.782+0000] {processor.py:829} INFO - Processing file /home/airflow/.local/lib/python3.8/site-packages/airflow/example_dags/example_short_circuit_operator.py for tasks to queue
[2023-11-27T10:13:26.787+0000] {logging_mixin.py:151} INFO - [2023-11-27T10:13:26.786+0000] {dagbag.py:539} INFO - Filling up the DagBag from /home/airflow/.local/lib/python3.8/site-packages/airflow/example_dags/example_short_circuit_operator.py
[2023-11-27T10:13:26.812+0000] {processor.py:839} INFO - DAG(s) dict_keys(['example_short_circuit_operator']) retrieved from /home/airflow/.local/lib/python3.8/site-packages/airflow/example_dags/example_short_circuit_operator.py
[2023-11-27T10:13:26.839+0000] {logging_mixin.py:151} INFO - [2023-11-27T10:13:26.839+0000] {dag.py:2915} INFO - Sync 1 DAGs
[2023-11-27T10:13:26.856+0000] {logging_mixin.py:151} INFO - [2023-11-27T10:13:26.856+0000] {dag.py:3696} INFO - Setting next_dagrun for example_short_circuit_operator to 2023-11-26T10:13:26.856125+00:00, run_after=2023-11-27T10:13:26.856125+00:00
[2023-11-27T10:13:26.868+0000] {processor.py:179} INFO - Processing /home/airflow/.local/lib/python3.8/site-packages/airflow/example_dags/example_short_circuit_operator.py took 0.096 seconds
[2023-11-27T10:13:57.095+0000] {processor.py:157} INFO - Started process (PID=536) to work on /home/airflow/.local/lib/python3.8/site-packages/airflow/example_dags/example_short_circuit_operator.py
[2023-11-27T10:13:57.097+0000] {processor.py:829} INFO - Processing file /home/airflow/.local/lib/python3.8/site-packages/airflow/example_dags/example_short_circuit_operator.py for tasks to queue
[2023-11-27T10:13:57.101+0000] {logging_mixin.py:151} INFO - [2023-11-27T10:13:57.101+0000] {dagbag.py:539} INFO - Filling up the DagBag from /home/airflow/.local/lib/python3.8/site-packages/airflow/example_dags/example_short_circuit_operator.py
[2023-11-27T10:13:57.110+0000] {processor.py:839} INFO - DAG(s) dict_keys(['example_short_circuit_operator']) retrieved from /home/airflow/.local/lib/python3.8/site-packages/airflow/example_dags/example_short_circuit_operator.py
[2023-11-27T10:13:57.131+0000] {logging_mixin.py:151} INFO - [2023-11-27T10:13:57.131+0000] {dag.py:2915} INFO - Sync 1 DAGs
[2023-11-27T10:13:57.144+0000] {logging_mixin.py:151} INFO - [2023-11-27T10:13:57.144+0000] {dag.py:3696} INFO - Setting next_dagrun for example_short_circuit_operator to 2023-11-26T10:13:57.144425+00:00, run_after=2023-11-27T10:13:57.144425+00:00
[2023-11-27T10:13:57.153+0000] {processor.py:179} INFO - Processing /home/airflow/.local/lib/python3.8/site-packages/airflow/example_dags/example_short_circuit_operator.py took 0.065 seconds
[2023-11-27T10:14:27.389+0000] {processor.py:157} INFO - Started process (PID=590) to work on /home/airflow/.local/lib/python3.8/site-packages/airflow/example_dags/example_short_circuit_operator.py
[2023-11-27T10:14:27.391+0000] {processor.py:829} INFO - Processing file /home/airflow/.local/lib/python3.8/site-packages/airflow/example_dags/example_short_circuit_operator.py for tasks to queue
[2023-11-27T10:14:27.394+0000] {logging_mixin.py:151} INFO - [2023-11-27T10:14:27.394+0000] {dagbag.py:539} INFO - Filling up the DagBag from /home/airflow/.local/lib/python3.8/site-packages/airflow/example_dags/example_short_circuit_operator.py
[2023-11-27T10:14:27.402+0000] {processor.py:839} INFO - DAG(s) dict_keys(['example_short_circuit_operator']) retrieved from /home/airflow/.local/lib/python3.8/site-packages/airflow/example_dags/example_short_circuit_operator.py
[2023-11-27T10:14:27.418+0000] {logging_mixin.py:151} INFO - [2023-11-27T10:14:27.417+0000] {dag.py:2915} INFO - Sync 1 DAGs
[2023-11-27T10:14:27.430+0000] {logging_mixin.py:151} INFO - [2023-11-27T10:14:27.430+0000] {dag.py:3696} INFO - Setting next_dagrun for example_short_circuit_operator to 2023-11-26T10:14:27.430118+00:00, run_after=2023-11-27T10:14:27.430118+00:00
[2023-11-27T10:14:27.441+0000] {processor.py:179} INFO - Processing /home/airflow/.local/lib/python3.8/site-packages/airflow/example_dags/example_short_circuit_operator.py took 0.056 seconds
[2023-11-27T10:14:57.845+0000] {processor.py:157} INFO - Started process (PID=644) to work on /home/airflow/.local/lib/python3.8/site-packages/airflow/example_dags/example_short_circuit_operator.py
[2023-11-27T10:14:57.856+0000] {processor.py:829} INFO - Processing file /home/airflow/.local/lib/python3.8/site-packages/airflow/example_dags/example_short_circuit_operator.py for tasks to queue
[2023-11-27T10:14:57.863+0000] {logging_mixin.py:151} INFO - [2023-11-27T10:14:57.862+0000] {dagbag.py:539} INFO - Filling up the DagBag from /home/airflow/.local/lib/python3.8/site-packages/airflow/example_dags/example_short_circuit_operator.py
[2023-11-27T10:14:57.878+0000] {processor.py:839} INFO - DAG(s) dict_keys(['example_short_circuit_operator']) retrieved from /home/airflow/.local/lib/python3.8/site-packages/airflow/example_dags/example_short_circuit_operator.py
[2023-11-27T10:14:57.906+0000] {logging_mixin.py:151} INFO - [2023-11-27T10:14:57.906+0000] {dag.py:2915} INFO - Sync 1 DAGs
[2023-11-27T10:14:57.934+0000] {logging_mixin.py:151} INFO - [2023-11-27T10:14:57.934+0000] {dag.py:3696} INFO - Setting next_dagrun for example_short_circuit_operator to 2023-11-26T10:14:57.933754+00:00, run_after=2023-11-27T10:14:57.933754+00:00
[2023-11-27T10:14:57.953+0000] {processor.py:179} INFO - Processing /home/airflow/.local/lib/python3.8/site-packages/airflow/example_dags/example_short_circuit_operator.py took 0.115 seconds
[2023-11-27T10:15:28.434+0000] {processor.py:157} INFO - Started process (PID=698) to work on /home/airflow/.local/lib/python3.8/site-packages/airflow/example_dags/example_short_circuit_operator.py
[2023-11-27T10:15:28.436+0000] {processor.py:829} INFO - Processing file /home/airflow/.local/lib/python3.8/site-packages/airflow/example_dags/example_short_circuit_operator.py for tasks to queue
[2023-11-27T10:15:28.440+0000] {logging_mixin.py:151} INFO - [2023-11-27T10:15:28.440+0000] {dagbag.py:539} INFO - Filling up the DagBag from /home/airflow/.local/lib/python3.8/site-packages/airflow/example_dags/example_short_circuit_operator.py
[2023-11-27T10:15:28.450+0000] {processor.py:839} INFO - DAG(s) dict_keys(['example_short_circuit_operator']) retrieved from /home/airflow/.local/lib/python3.8/site-packages/airflow/example_dags/example_short_circuit_operator.py
[2023-11-27T10:15:28.472+0000] {logging_mixin.py:151} INFO - [2023-11-27T10:15:28.472+0000] {dag.py:2915} INFO - Sync 1 DAGs
[2023-11-27T10:15:28.484+0000] {logging_mixin.py:151} INFO - [2023-11-27T10:15:28.484+0000] {dag.py:3696} INFO - Setting next_dagrun for example_short_circuit_operator to 2023-11-26T10:15:28.484108+00:00, run_after=2023-11-27T10:15:28.484108+00:00
[2023-11-27T10:15:28.493+0000] {processor.py:179} INFO - Processing /home/airflow/.local/lib/python3.8/site-packages/airflow/example_dags/example_short_circuit_operator.py took 0.067 seconds
[2023-11-27T10:15:58.721+0000] {processor.py:157} INFO - Started process (PID=752) to work on /home/airflow/.local/lib/python3.8/site-packages/airflow/example_dags/example_short_circuit_operator.py
[2023-11-27T10:15:58.723+0000] {processor.py:829} INFO - Processing file /home/airflow/.local/lib/python3.8/site-packages/airflow/example_dags/example_short_circuit_operator.py for tasks to queue
[2023-11-27T10:15:58.727+0000] {logging_mixin.py:151} INFO - [2023-11-27T10:15:58.726+0000] {dagbag.py:539} INFO - Filling up the DagBag from /home/airflow/.local/lib/python3.8/site-packages/airflow/example_dags/example_short_circuit_operator.py
[2023-11-27T10:15:58.736+0000] {processor.py:839} INFO - DAG(s) dict_keys(['example_short_circuit_operator']) retrieved from /home/airflow/.local/lib/python3.8/site-packages/airflow/example_dags/example_short_circuit_operator.py
[2023-11-27T10:15:58.757+0000] {logging_mixin.py:151} INFO - [2023-11-27T10:15:58.756+0000] {dag.py:2915} INFO - Sync 1 DAGs
[2023-11-27T10:15:58.770+0000] {logging_mixin.py:151} INFO - [2023-11-27T10:15:58.769+0000] {dag.py:3696} INFO - Setting next_dagrun for example_short_circuit_operator to 2023-11-26T10:15:58.769750+00:00, run_after=2023-11-27T10:15:58.769750+00:00
[2023-11-27T10:15:58.780+0000] {processor.py:179} INFO - Processing /home/airflow/.local/lib/python3.8/site-packages/airflow/example_dags/example_short_circuit_operator.py took 0.066 seconds
[2023-11-27T10:16:29.456+0000] {processor.py:157} INFO - Started process (PID=806) to work on /home/airflow/.local/lib/python3.8/site-packages/airflow/example_dags/example_short_circuit_operator.py
[2023-11-27T10:16:29.459+0000] {processor.py:829} INFO - Processing file /home/airflow/.local/lib/python3.8/site-packages/airflow/example_dags/example_short_circuit_operator.py for tasks to queue
[2023-11-27T10:16:29.468+0000] {logging_mixin.py:151} INFO - [2023-11-27T10:16:29.466+0000] {dagbag.py:539} INFO - Filling up the DagBag from /home/airflow/.local/lib/python3.8/site-packages/airflow/example_dags/example_short_circuit_operator.py
[2023-11-27T10:16:29.481+0000] {processor.py:839} INFO - DAG(s) dict_keys(['example_short_circuit_operator']) retrieved from /home/airflow/.local/lib/python3.8/site-packages/airflow/example_dags/example_short_circuit_operator.py
[2023-11-27T10:16:29.512+0000] {logging_mixin.py:151} INFO - [2023-11-27T10:16:29.512+0000] {dag.py:2915} INFO - Sync 1 DAGs
[2023-11-27T10:16:29.531+0000] {logging_mixin.py:151} INFO - [2023-11-27T10:16:29.531+0000] {dag.py:3696} INFO - Setting next_dagrun for example_short_circuit_operator to 2023-11-26T10:16:29.531160+00:00, run_after=2023-11-27T10:16:29.531160+00:00
[2023-11-27T10:16:29.542+0000] {processor.py:179} INFO - Processing /home/airflow/.local/lib/python3.8/site-packages/airflow/example_dags/example_short_circuit_operator.py took 0.111 seconds
[2023-11-27T10:17:00.001+0000] {processor.py:157} INFO - Started process (PID=860) to work on /home/airflow/.local/lib/python3.8/site-packages/airflow/example_dags/example_short_circuit_operator.py
[2023-11-27T10:17:00.003+0000] {processor.py:829} INFO - Processing file /home/airflow/.local/lib/python3.8/site-packages/airflow/example_dags/example_short_circuit_operator.py for tasks to queue
[2023-11-27T10:17:00.006+0000] {logging_mixin.py:151} INFO - [2023-11-27T10:17:00.006+0000] {dagbag.py:539} INFO - Filling up the DagBag from /home/airflow/.local/lib/python3.8/site-packages/airflow/example_dags/example_short_circuit_operator.py
[2023-11-27T10:17:00.015+0000] {processor.py:839} INFO - DAG(s) dict_keys(['example_short_circuit_operator']) retrieved from /home/airflow/.local/lib/python3.8/site-packages/airflow/example_dags/example_short_circuit_operator.py
[2023-11-27T10:17:00.034+0000] {logging_mixin.py:151} INFO - [2023-11-27T10:17:00.034+0000] {dag.py:2915} INFO - Sync 1 DAGs
[2023-11-27T10:17:00.049+0000] {logging_mixin.py:151} INFO - [2023-11-27T10:17:00.048+0000] {dag.py:3696} INFO - Setting next_dagrun for example_short_circuit_operator to 2023-11-26T10:17:00.048793+00:00, run_after=2023-11-27T10:17:00.048793+00:00
[2023-11-27T10:17:00.058+0000] {processor.py:179} INFO - Processing /home/airflow/.local/lib/python3.8/site-packages/airflow/example_dags/example_short_circuit_operator.py took 0.064 seconds
[2023-11-27T10:17:30.352+0000] {processor.py:157} INFO - Started process (PID=914) to work on /home/airflow/.local/lib/python3.8/site-packages/airflow/example_dags/example_short_circuit_operator.py
[2023-11-27T10:17:30.354+0000] {processor.py:829} INFO - Processing file /home/airflow/.local/lib/python3.8/site-packages/airflow/example_dags/example_short_circuit_operator.py for tasks to queue
[2023-11-27T10:17:30.360+0000] {logging_mixin.py:151} INFO - [2023-11-27T10:17:30.359+0000] {dagbag.py:539} INFO - Filling up the DagBag from /home/airflow/.local/lib/python3.8/site-packages/airflow/example_dags/example_short_circuit_operator.py
[2023-11-27T10:17:30.368+0000] {processor.py:839} INFO - DAG(s) dict_keys(['example_short_circuit_operator']) retrieved from /home/airflow/.local/lib/python3.8/site-packages/airflow/example_dags/example_short_circuit_operator.py
[2023-11-27T10:17:30.385+0000] {logging_mixin.py:151} INFO - [2023-11-27T10:17:30.385+0000] {dag.py:2915} INFO - Sync 1 DAGs
[2023-11-27T10:17:30.396+0000] {logging_mixin.py:151} INFO - [2023-11-27T10:17:30.396+0000] {dag.py:3696} INFO - Setting next_dagrun for example_short_circuit_operator to 2023-11-26T10:17:30.396558+00:00, run_after=2023-11-27T10:17:30.396558+00:00
[2023-11-27T10:17:30.409+0000] {processor.py:179} INFO - Processing /home/airflow/.local/lib/python3.8/site-packages/airflow/example_dags/example_short_circuit_operator.py took 0.069 seconds
[2023-11-27T10:18:00.913+0000] {processor.py:157} INFO - Started process (PID=968) to work on /home/airflow/.local/lib/python3.8/site-packages/airflow/example_dags/example_short_circuit_operator.py
[2023-11-27T10:18:00.915+0000] {processor.py:829} INFO - Processing file /home/airflow/.local/lib/python3.8/site-packages/airflow/example_dags/example_short_circuit_operator.py for tasks to queue
[2023-11-27T10:18:00.919+0000] {logging_mixin.py:151} INFO - [2023-11-27T10:18:00.918+0000] {dagbag.py:539} INFO - Filling up the DagBag from /home/airflow/.local/lib/python3.8/site-packages/airflow/example_dags/example_short_circuit_operator.py
[2023-11-27T10:18:00.929+0000] {processor.py:839} INFO - DAG(s) dict_keys(['example_short_circuit_operator']) retrieved from /home/airflow/.local/lib/python3.8/site-packages/airflow/example_dags/example_short_circuit_operator.py
[2023-11-27T10:18:00.950+0000] {logging_mixin.py:151} INFO - [2023-11-27T10:18:00.950+0000] {dag.py:2915} INFO - Sync 1 DAGs
[2023-11-27T10:18:00.963+0000] {logging_mixin.py:151} INFO - [2023-11-27T10:18:00.963+0000] {dag.py:3696} INFO - Setting next_dagrun for example_short_circuit_operator to 2023-11-26T10:18:00.963483+00:00, run_after=2023-11-27T10:18:00.963483+00:00
[2023-11-27T10:18:00.973+0000] {processor.py:179} INFO - Processing /home/airflow/.local/lib/python3.8/site-packages/airflow/example_dags/example_short_circuit_operator.py took 0.066 seconds
[2023-11-27T10:18:31.336+0000] {processor.py:157} INFO - Started process (PID=1022) to work on /home/airflow/.local/lib/python3.8/site-packages/airflow/example_dags/example_short_circuit_operator.py
[2023-11-27T10:18:31.339+0000] {processor.py:829} INFO - Processing file /home/airflow/.local/lib/python3.8/site-packages/airflow/example_dags/example_short_circuit_operator.py for tasks to queue
[2023-11-27T10:18:31.342+0000] {logging_mixin.py:151} INFO - [2023-11-27T10:18:31.341+0000] {dagbag.py:539} INFO - Filling up the DagBag from /home/airflow/.local/lib/python3.8/site-packages/airflow/example_dags/example_short_circuit_operator.py
[2023-11-27T10:18:31.350+0000] {processor.py:839} INFO - DAG(s) dict_keys(['example_short_circuit_operator']) retrieved from /home/airflow/.local/lib/python3.8/site-packages/airflow/example_dags/example_short_circuit_operator.py
[2023-11-27T10:18:31.370+0000] {logging_mixin.py:151} INFO - [2023-11-27T10:18:31.369+0000] {dag.py:2915} INFO - Sync 1 DAGs
[2023-11-27T10:18:31.383+0000] {logging_mixin.py:151} INFO - [2023-11-27T10:18:31.382+0000] {dag.py:3696} INFO - Setting next_dagrun for example_short_circuit_operator to 2023-11-26T10:18:31.382812+00:00, run_after=2023-11-27T10:18:31.382812+00:00
[2023-11-27T10:18:31.391+0000] {processor.py:179} INFO - Processing /home/airflow/.local/lib/python3.8/site-packages/airflow/example_dags/example_short_circuit_operator.py took 0.061 seconds
[2023-11-27T10:19:02.202+0000] {processor.py:157} INFO - Started process (PID=1076) to work on /home/airflow/.local/lib/python3.8/site-packages/airflow/example_dags/example_short_circuit_operator.py
[2023-11-27T10:19:02.205+0000] {processor.py:829} INFO - Processing file /home/airflow/.local/lib/python3.8/site-packages/airflow/example_dags/example_short_circuit_operator.py for tasks to queue
[2023-11-27T10:19:02.208+0000] {logging_mixin.py:151} INFO - [2023-11-27T10:19:02.208+0000] {dagbag.py:539} INFO - Filling up the DagBag from /home/airflow/.local/lib/python3.8/site-packages/airflow/example_dags/example_short_circuit_operator.py
[2023-11-27T10:19:02.219+0000] {processor.py:839} INFO - DAG(s) dict_keys(['example_short_circuit_operator']) retrieved from /home/airflow/.local/lib/python3.8/site-packages/airflow/example_dags/example_short_circuit_operator.py
[2023-11-27T10:19:02.264+0000] {logging_mixin.py:151} INFO - [2023-11-27T10:19:02.264+0000] {dag.py:2915} INFO - Sync 1 DAGs
[2023-11-27T10:19:02.286+0000] {logging_mixin.py:151} INFO - [2023-11-27T10:19:02.285+0000] {dag.py:3696} INFO - Setting next_dagrun for example_short_circuit_operator to 2023-11-26T10:19:02.285497+00:00, run_after=2023-11-27T10:19:02.285497+00:00
[2023-11-27T10:19:02.297+0000] {processor.py:179} INFO - Processing /home/airflow/.local/lib/python3.8/site-packages/airflow/example_dags/example_short_circuit_operator.py took 0.101 seconds
[2023-11-27T10:19:32.731+0000] {processor.py:157} INFO - Started process (PID=1130) to work on /home/airflow/.local/lib/python3.8/site-packages/airflow/example_dags/example_short_circuit_operator.py
[2023-11-27T10:19:32.733+0000] {processor.py:829} INFO - Processing file /home/airflow/.local/lib/python3.8/site-packages/airflow/example_dags/example_short_circuit_operator.py for tasks to queue
[2023-11-27T10:19:32.736+0000] {logging_mixin.py:151} INFO - [2023-11-27T10:19:32.735+0000] {dagbag.py:539} INFO - Filling up the DagBag from /home/airflow/.local/lib/python3.8/site-packages/airflow/example_dags/example_short_circuit_operator.py
[2023-11-27T10:19:32.745+0000] {processor.py:839} INFO - DAG(s) dict_keys(['example_short_circuit_operator']) retrieved from /home/airflow/.local/lib/python3.8/site-packages/airflow/example_dags/example_short_circuit_operator.py
[2023-11-27T10:19:32.772+0000] {logging_mixin.py:151} INFO - [2023-11-27T10:19:32.772+0000] {dag.py:2915} INFO - Sync 1 DAGs
[2023-11-27T10:19:32.791+0000] {logging_mixin.py:151} INFO - [2023-11-27T10:19:32.790+0000] {dag.py:3696} INFO - Setting next_dagrun for example_short_circuit_operator to 2023-11-26T10:19:32.790709+00:00, run_after=2023-11-27T10:19:32.790709+00:00
[2023-11-27T10:19:32.804+0000] {processor.py:179} INFO - Processing /home/airflow/.local/lib/python3.8/site-packages/airflow/example_dags/example_short_circuit_operator.py took 0.079 seconds
[2023-11-27T10:20:03.344+0000] {processor.py:157} INFO - Started process (PID=1184) to work on /home/airflow/.local/lib/python3.8/site-packages/airflow/example_dags/example_short_circuit_operator.py
[2023-11-27T10:20:03.346+0000] {processor.py:829} INFO - Processing file /home/airflow/.local/lib/python3.8/site-packages/airflow/example_dags/example_short_circuit_operator.py for tasks to queue
[2023-11-27T10:20:03.350+0000] {logging_mixin.py:151} INFO - [2023-11-27T10:20:03.349+0000] {dagbag.py:539} INFO - Filling up the DagBag from /home/airflow/.local/lib/python3.8/site-packages/airflow/example_dags/example_short_circuit_operator.py
[2023-11-27T10:20:03.360+0000] {processor.py:839} INFO - DAG(s) dict_keys(['example_short_circuit_operator']) retrieved from /home/airflow/.local/lib/python3.8/site-packages/airflow/example_dags/example_short_circuit_operator.py
[2023-11-27T10:20:03.383+0000] {logging_mixin.py:151} INFO - [2023-11-27T10:20:03.383+0000] {dag.py:2915} INFO - Sync 1 DAGs
[2023-11-27T10:20:03.397+0000] {logging_mixin.py:151} INFO - [2023-11-27T10:20:03.397+0000] {dag.py:3696} INFO - Setting next_dagrun for example_short_circuit_operator to 2023-11-26T10:20:03.397506+00:00, run_after=2023-11-27T10:20:03.397506+00:00
[2023-11-27T10:20:03.407+0000] {processor.py:179} INFO - Processing /home/airflow/.local/lib/python3.8/site-packages/airflow/example_dags/example_short_circuit_operator.py took 0.071 seconds
[2023-11-27T10:20:33.765+0000] {processor.py:157} INFO - Started process (PID=1238) to work on /home/airflow/.local/lib/python3.8/site-packages/airflow/example_dags/example_short_circuit_operator.py
[2023-11-27T10:20:33.767+0000] {processor.py:829} INFO - Processing file /home/airflow/.local/lib/python3.8/site-packages/airflow/example_dags/example_short_circuit_operator.py for tasks to queue
[2023-11-27T10:20:33.770+0000] {logging_mixin.py:151} INFO - [2023-11-27T10:20:33.769+0000] {dagbag.py:539} INFO - Filling up the DagBag from /home/airflow/.local/lib/python3.8/site-packages/airflow/example_dags/example_short_circuit_operator.py
[2023-11-27T10:20:33.776+0000] {processor.py:839} INFO - DAG(s) dict_keys(['example_short_circuit_operator']) retrieved from /home/airflow/.local/lib/python3.8/site-packages/airflow/example_dags/example_short_circuit_operator.py
[2023-11-27T10:20:33.793+0000] {logging_mixin.py:151} INFO - [2023-11-27T10:20:33.793+0000] {dag.py:2915} INFO - Sync 1 DAGs
[2023-11-27T10:20:33.804+0000] {logging_mixin.py:151} INFO - [2023-11-27T10:20:33.804+0000] {dag.py:3696} INFO - Setting next_dagrun for example_short_circuit_operator to 2023-11-26T10:20:33.804261+00:00, run_after=2023-11-27T10:20:33.804261+00:00
[2023-11-27T10:20:33.814+0000] {processor.py:179} INFO - Processing /home/airflow/.local/lib/python3.8/site-packages/airflow/example_dags/example_short_circuit_operator.py took 0.053 seconds
[2023-11-27T10:21:04.073+0000] {processor.py:157} INFO - Started process (PID=1292) to work on /home/airflow/.local/lib/python3.8/site-packages/airflow/example_dags/example_short_circuit_operator.py
[2023-11-27T10:21:04.075+0000] {processor.py:829} INFO - Processing file /home/airflow/.local/lib/python3.8/site-packages/airflow/example_dags/example_short_circuit_operator.py for tasks to queue
[2023-11-27T10:21:04.078+0000] {logging_mixin.py:151} INFO - [2023-11-27T10:21:04.078+0000] {dagbag.py:539} INFO - Filling up the DagBag from /home/airflow/.local/lib/python3.8/site-packages/airflow/example_dags/example_short_circuit_operator.py
[2023-11-27T10:21:04.087+0000] {processor.py:839} INFO - DAG(s) dict_keys(['example_short_circuit_operator']) retrieved from /home/airflow/.local/lib/python3.8/site-packages/airflow/example_dags/example_short_circuit_operator.py
[2023-11-27T10:21:04.108+0000] {logging_mixin.py:151} INFO - [2023-11-27T10:21:04.108+0000] {dag.py:2915} INFO - Sync 1 DAGs
[2023-11-27T10:21:04.121+0000] {logging_mixin.py:151} INFO - [2023-11-27T10:21:04.121+0000] {dag.py:3696} INFO - Setting next_dagrun for example_short_circuit_operator to 2023-11-26T10:21:04.121212+00:00, run_after=2023-11-27T10:21:04.121212+00:00
[2023-11-27T10:21:04.130+0000] {processor.py:179} INFO - Processing /home/airflow/.local/lib/python3.8/site-packages/airflow/example_dags/example_short_circuit_operator.py took 0.063 seconds
[2023-11-27T10:32:35.550+0000] {processor.py:157} INFO - Started process (PID=47) to work on /home/airflow/.local/lib/python3.8/site-packages/airflow/example_dags/example_short_circuit_operator.py
[2023-11-27T10:32:35.555+0000] {processor.py:829} INFO - Processing file /home/airflow/.local/lib/python3.8/site-packages/airflow/example_dags/example_short_circuit_operator.py for tasks to queue
[2023-11-27T10:32:35.558+0000] {logging_mixin.py:151} INFO - [2023-11-27T10:32:35.558+0000] {dagbag.py:539} INFO - Filling up the DagBag from /home/airflow/.local/lib/python3.8/site-packages/airflow/example_dags/example_short_circuit_operator.py
[2023-11-27T10:32:35.717+0000] {processor.py:839} INFO - DAG(s) dict_keys(['example_short_circuit_operator']) retrieved from /home/airflow/.local/lib/python3.8/site-packages/airflow/example_dags/example_short_circuit_operator.py
[2023-11-27T10:32:35.767+0000] {logging_mixin.py:151} INFO - [2023-11-27T10:32:35.767+0000] {dag.py:2915} INFO - Sync 1 DAGs
[2023-11-27T10:32:35.809+0000] {logging_mixin.py:151} INFO - [2023-11-27T10:32:35.809+0000] {dag.py:3696} INFO - Setting next_dagrun for example_short_circuit_operator to 2023-11-26T10:32:35.808977+00:00, run_after=2023-11-27T10:32:35.808977+00:00
[2023-11-27T10:32:35.858+0000] {processor.py:179} INFO - Processing /home/airflow/.local/lib/python3.8/site-packages/airflow/example_dags/example_short_circuit_operator.py took 0.316 seconds
[2023-11-27T10:33:06.720+0000] {processor.py:157} INFO - Started process (PID=101) to work on /home/airflow/.local/lib/python3.8/site-packages/airflow/example_dags/example_short_circuit_operator.py
[2023-11-27T10:33:06.722+0000] {processor.py:829} INFO - Processing file /home/airflow/.local/lib/python3.8/site-packages/airflow/example_dags/example_short_circuit_operator.py for tasks to queue
[2023-11-27T10:33:06.725+0000] {logging_mixin.py:151} INFO - [2023-11-27T10:33:06.725+0000] {dagbag.py:539} INFO - Filling up the DagBag from /home/airflow/.local/lib/python3.8/site-packages/airflow/example_dags/example_short_circuit_operator.py
[2023-11-27T10:33:06.734+0000] {processor.py:839} INFO - DAG(s) dict_keys(['example_short_circuit_operator']) retrieved from /home/airflow/.local/lib/python3.8/site-packages/airflow/example_dags/example_short_circuit_operator.py
[2023-11-27T10:33:06.752+0000] {logging_mixin.py:151} INFO - [2023-11-27T10:33:06.752+0000] {dag.py:2915} INFO - Sync 1 DAGs
[2023-11-27T10:33:06.765+0000] {logging_mixin.py:151} INFO - [2023-11-27T10:33:06.765+0000] {dag.py:3696} INFO - Setting next_dagrun for example_short_circuit_operator to 2023-11-26T10:33:06.765058+00:00, run_after=2023-11-27T10:33:06.765058+00:00
[2023-11-27T10:33:06.774+0000] {processor.py:179} INFO - Processing /home/airflow/.local/lib/python3.8/site-packages/airflow/example_dags/example_short_circuit_operator.py took 0.060 seconds
[2023-11-27T10:33:37.177+0000] {processor.py:157} INFO - Started process (PID=155) to work on /home/airflow/.local/lib/python3.8/site-packages/airflow/example_dags/example_short_circuit_operator.py
[2023-11-27T10:33:37.179+0000] {processor.py:829} INFO - Processing file /home/airflow/.local/lib/python3.8/site-packages/airflow/example_dags/example_short_circuit_operator.py for tasks to queue
[2023-11-27T10:33:37.183+0000] {logging_mixin.py:151} INFO - [2023-11-27T10:33:37.182+0000] {dagbag.py:539} INFO - Filling up the DagBag from /home/airflow/.local/lib/python3.8/site-packages/airflow/example_dags/example_short_circuit_operator.py
[2023-11-27T10:33:37.194+0000] {processor.py:839} INFO - DAG(s) dict_keys(['example_short_circuit_operator']) retrieved from /home/airflow/.local/lib/python3.8/site-packages/airflow/example_dags/example_short_circuit_operator.py
[2023-11-27T10:33:37.223+0000] {logging_mixin.py:151} INFO - [2023-11-27T10:33:37.223+0000] {dag.py:2915} INFO - Sync 1 DAGs
[2023-11-27T10:33:37.237+0000] {logging_mixin.py:151} INFO - [2023-11-27T10:33:37.237+0000] {dag.py:3696} INFO - Setting next_dagrun for example_short_circuit_operator to 2023-11-26T10:33:37.237124+00:00, run_after=2023-11-27T10:33:37.237124+00:00
[2023-11-27T10:33:37.251+0000] {processor.py:179} INFO - Processing /home/airflow/.local/lib/python3.8/site-packages/airflow/example_dags/example_short_circuit_operator.py took 0.080 seconds
[2023-11-27T10:34:07.515+0000] {processor.py:157} INFO - Started process (PID=209) to work on /home/airflow/.local/lib/python3.8/site-packages/airflow/example_dags/example_short_circuit_operator.py
[2023-11-27T10:34:07.516+0000] {processor.py:829} INFO - Processing file /home/airflow/.local/lib/python3.8/site-packages/airflow/example_dags/example_short_circuit_operator.py for tasks to queue
[2023-11-27T10:34:07.519+0000] {logging_mixin.py:151} INFO - [2023-11-27T10:34:07.518+0000] {dagbag.py:539} INFO - Filling up the DagBag from /home/airflow/.local/lib/python3.8/site-packages/airflow/example_dags/example_short_circuit_operator.py
[2023-11-27T10:34:07.525+0000] {processor.py:839} INFO - DAG(s) dict_keys(['example_short_circuit_operator']) retrieved from /home/airflow/.local/lib/python3.8/site-packages/airflow/example_dags/example_short_circuit_operator.py
[2023-11-27T10:34:07.540+0000] {logging_mixin.py:151} INFO - [2023-11-27T10:34:07.540+0000] {dag.py:2915} INFO - Sync 1 DAGs
[2023-11-27T10:34:07.551+0000] {logging_mixin.py:151} INFO - [2023-11-27T10:34:07.551+0000] {dag.py:3696} INFO - Setting next_dagrun for example_short_circuit_operator to 2023-11-26T10:34:07.551213+00:00, run_after=2023-11-27T10:34:07.551213+00:00
[2023-11-27T10:34:07.559+0000] {processor.py:179} INFO - Processing /home/airflow/.local/lib/python3.8/site-packages/airflow/example_dags/example_short_circuit_operator.py took 0.048 seconds
[2023-11-27T10:34:37.924+0000] {processor.py:157} INFO - Started process (PID=263) to work on /home/airflow/.local/lib/python3.8/site-packages/airflow/example_dags/example_short_circuit_operator.py
[2023-11-27T10:34:37.926+0000] {processor.py:829} INFO - Processing file /home/airflow/.local/lib/python3.8/site-packages/airflow/example_dags/example_short_circuit_operator.py for tasks to queue
[2023-11-27T10:34:37.928+0000] {logging_mixin.py:151} INFO - [2023-11-27T10:34:37.927+0000] {dagbag.py:539} INFO - Filling up the DagBag from /home/airflow/.local/lib/python3.8/site-packages/airflow/example_dags/example_short_circuit_operator.py
[2023-11-27T10:34:37.933+0000] {processor.py:839} INFO - DAG(s) dict_keys(['example_short_circuit_operator']) retrieved from /home/airflow/.local/lib/python3.8/site-packages/airflow/example_dags/example_short_circuit_operator.py
[2023-11-27T10:34:37.946+0000] {logging_mixin.py:151} INFO - [2023-11-27T10:34:37.946+0000] {dag.py:2915} INFO - Sync 1 DAGs
[2023-11-27T10:34:37.956+0000] {logging_mixin.py:151} INFO - [2023-11-27T10:34:37.956+0000] {dag.py:3696} INFO - Setting next_dagrun for example_short_circuit_operator to 2023-11-26T10:34:37.956444+00:00, run_after=2023-11-27T10:34:37.956444+00:00
[2023-11-27T10:34:37.965+0000] {processor.py:179} INFO - Processing /home/airflow/.local/lib/python3.8/site-packages/airflow/example_dags/example_short_circuit_operator.py took 0.044 seconds
[2023-11-27T10:35:08.404+0000] {processor.py:157} INFO - Started process (PID=317) to work on /home/airflow/.local/lib/python3.8/site-packages/airflow/example_dags/example_short_circuit_operator.py
[2023-11-27T10:35:08.406+0000] {processor.py:829} INFO - Processing file /home/airflow/.local/lib/python3.8/site-packages/airflow/example_dags/example_short_circuit_operator.py for tasks to queue
[2023-11-27T10:35:08.409+0000] {logging_mixin.py:151} INFO - [2023-11-27T10:35:08.409+0000] {dagbag.py:539} INFO - Filling up the DagBag from /home/airflow/.local/lib/python3.8/site-packages/airflow/example_dags/example_short_circuit_operator.py
[2023-11-27T10:35:08.418+0000] {processor.py:839} INFO - DAG(s) dict_keys(['example_short_circuit_operator']) retrieved from /home/airflow/.local/lib/python3.8/site-packages/airflow/example_dags/example_short_circuit_operator.py
[2023-11-27T10:35:08.438+0000] {logging_mixin.py:151} INFO - [2023-11-27T10:35:08.438+0000] {dag.py:2915} INFO - Sync 1 DAGs
[2023-11-27T10:35:08.450+0000] {logging_mixin.py:151} INFO - [2023-11-27T10:35:08.450+0000] {dag.py:3696} INFO - Setting next_dagrun for example_short_circuit_operator to 2023-11-26T10:35:08.450533+00:00, run_after=2023-11-27T10:35:08.450533+00:00
[2023-11-27T10:35:08.460+0000] {processor.py:179} INFO - Processing /home/airflow/.local/lib/python3.8/site-packages/airflow/example_dags/example_short_circuit_operator.py took 0.062 seconds
[2023-11-27T10:35:38.780+0000] {processor.py:157} INFO - Started process (PID=371) to work on /home/airflow/.local/lib/python3.8/site-packages/airflow/example_dags/example_short_circuit_operator.py
[2023-11-27T10:35:38.782+0000] {processor.py:829} INFO - Processing file /home/airflow/.local/lib/python3.8/site-packages/airflow/example_dags/example_short_circuit_operator.py for tasks to queue
[2023-11-27T10:35:38.786+0000] {logging_mixin.py:151} INFO - [2023-11-27T10:35:38.785+0000] {dagbag.py:539} INFO - Filling up the DagBag from /home/airflow/.local/lib/python3.8/site-packages/airflow/example_dags/example_short_circuit_operator.py
[2023-11-27T10:35:38.795+0000] {processor.py:839} INFO - DAG(s) dict_keys(['example_short_circuit_operator']) retrieved from /home/airflow/.local/lib/python3.8/site-packages/airflow/example_dags/example_short_circuit_operator.py
[2023-11-27T10:35:38.815+0000] {logging_mixin.py:151} INFO - [2023-11-27T10:35:38.814+0000] {dag.py:2915} INFO - Sync 1 DAGs
[2023-11-27T10:35:38.827+0000] {logging_mixin.py:151} INFO - [2023-11-27T10:35:38.827+0000] {dag.py:3696} INFO - Setting next_dagrun for example_short_circuit_operator to 2023-11-26T10:35:38.827063+00:00, run_after=2023-11-27T10:35:38.827063+00:00
[2023-11-27T10:35:38.837+0000] {processor.py:179} INFO - Processing /home/airflow/.local/lib/python3.8/site-packages/airflow/example_dags/example_short_circuit_operator.py took 0.064 seconds
[2023-11-27T10:36:08.879+0000] {processor.py:157} INFO - Started process (PID=425) to work on /home/airflow/.local/lib/python3.8/site-packages/airflow/example_dags/example_short_circuit_operator.py
[2023-11-27T10:36:08.880+0000] {processor.py:829} INFO - Processing file /home/airflow/.local/lib/python3.8/site-packages/airflow/example_dags/example_short_circuit_operator.py for tasks to queue
[2023-11-27T10:36:08.883+0000] {logging_mixin.py:151} INFO - [2023-11-27T10:36:08.883+0000] {dagbag.py:539} INFO - Filling up the DagBag from /home/airflow/.local/lib/python3.8/site-packages/airflow/example_dags/example_short_circuit_operator.py
[2023-11-27T10:36:08.893+0000] {processor.py:839} INFO - DAG(s) dict_keys(['example_short_circuit_operator']) retrieved from /home/airflow/.local/lib/python3.8/site-packages/airflow/example_dags/example_short_circuit_operator.py
[2023-11-27T10:36:08.914+0000] {logging_mixin.py:151} INFO - [2023-11-27T10:36:08.914+0000] {dag.py:2915} INFO - Sync 1 DAGs
[2023-11-27T10:36:08.933+0000] {logging_mixin.py:151} INFO - [2023-11-27T10:36:08.932+0000] {dag.py:3696} INFO - Setting next_dagrun for example_short_circuit_operator to 2023-11-26T10:36:08.932671+00:00, run_after=2023-11-27T10:36:08.932671+00:00
[2023-11-27T10:36:08.954+0000] {processor.py:179} INFO - Processing /home/airflow/.local/lib/python3.8/site-packages/airflow/example_dags/example_short_circuit_operator.py took 0.081 seconds
[2023-11-27T10:36:39.202+0000] {processor.py:157} INFO - Started process (PID=479) to work on /home/airflow/.local/lib/python3.8/site-packages/airflow/example_dags/example_short_circuit_operator.py
[2023-11-27T10:36:39.208+0000] {processor.py:829} INFO - Processing file /home/airflow/.local/lib/python3.8/site-packages/airflow/example_dags/example_short_circuit_operator.py for tasks to queue
[2023-11-27T10:36:39.213+0000] {logging_mixin.py:151} INFO - [2023-11-27T10:36:39.213+0000] {dagbag.py:539} INFO - Filling up the DagBag from /home/airflow/.local/lib/python3.8/site-packages/airflow/example_dags/example_short_circuit_operator.py
[2023-11-27T10:36:39.223+0000] {processor.py:839} INFO - DAG(s) dict_keys(['example_short_circuit_operator']) retrieved from /home/airflow/.local/lib/python3.8/site-packages/airflow/example_dags/example_short_circuit_operator.py
[2023-11-27T10:36:39.243+0000] {logging_mixin.py:151} INFO - [2023-11-27T10:36:39.243+0000] {dag.py:2915} INFO - Sync 1 DAGs
[2023-11-27T10:36:39.258+0000] {logging_mixin.py:151} INFO - [2023-11-27T10:36:39.258+0000] {dag.py:3696} INFO - Setting next_dagrun for example_short_circuit_operator to 2023-11-26T10:36:39.257978+00:00, run_after=2023-11-27T10:36:39.257978+00:00
[2023-11-27T10:36:39.267+0000] {processor.py:179} INFO - Processing /home/airflow/.local/lib/python3.8/site-packages/airflow/example_dags/example_short_circuit_operator.py took 0.073 seconds
[2023-11-27T10:37:09.957+0000] {processor.py:157} INFO - Started process (PID=533) to work on /home/airflow/.local/lib/python3.8/site-packages/airflow/example_dags/example_short_circuit_operator.py
[2023-11-27T10:37:09.959+0000] {processor.py:829} INFO - Processing file /home/airflow/.local/lib/python3.8/site-packages/airflow/example_dags/example_short_circuit_operator.py for tasks to queue
[2023-11-27T10:37:09.964+0000] {logging_mixin.py:151} INFO - [2023-11-27T10:37:09.963+0000] {dagbag.py:539} INFO - Filling up the DagBag from /home/airflow/.local/lib/python3.8/site-packages/airflow/example_dags/example_short_circuit_operator.py
[2023-11-27T10:37:09.979+0000] {processor.py:839} INFO - DAG(s) dict_keys(['example_short_circuit_operator']) retrieved from /home/airflow/.local/lib/python3.8/site-packages/airflow/example_dags/example_short_circuit_operator.py
[2023-11-27T10:37:10.028+0000] {logging_mixin.py:151} INFO - [2023-11-27T10:37:10.028+0000] {dag.py:2915} INFO - Sync 1 DAGs
[2023-11-27T10:37:10.048+0000] {logging_mixin.py:151} INFO - [2023-11-27T10:37:10.048+0000] {dag.py:3696} INFO - Setting next_dagrun for example_short_circuit_operator to 2023-11-26T10:37:10.047735+00:00, run_after=2023-11-27T10:37:10.047735+00:00
[2023-11-27T10:37:10.058+0000] {processor.py:179} INFO - Processing /home/airflow/.local/lib/python3.8/site-packages/airflow/example_dags/example_short_circuit_operator.py took 0.105 seconds
[2023-11-27T10:37:40.870+0000] {processor.py:157} INFO - Started process (PID=587) to work on /home/airflow/.local/lib/python3.8/site-packages/airflow/example_dags/example_short_circuit_operator.py
[2023-11-27T10:37:40.872+0000] {processor.py:829} INFO - Processing file /home/airflow/.local/lib/python3.8/site-packages/airflow/example_dags/example_short_circuit_operator.py for tasks to queue
[2023-11-27T10:37:40.876+0000] {logging_mixin.py:151} INFO - [2023-11-27T10:37:40.875+0000] {dagbag.py:539} INFO - Filling up the DagBag from /home/airflow/.local/lib/python3.8/site-packages/airflow/example_dags/example_short_circuit_operator.py
[2023-11-27T10:37:40.893+0000] {processor.py:839} INFO - DAG(s) dict_keys(['example_short_circuit_operator']) retrieved from /home/airflow/.local/lib/python3.8/site-packages/airflow/example_dags/example_short_circuit_operator.py
[2023-11-27T10:37:40.948+0000] {logging_mixin.py:151} INFO - [2023-11-27T10:37:40.948+0000] {dag.py:2915} INFO - Sync 1 DAGs
[2023-11-27T10:37:40.992+0000] {logging_mixin.py:151} INFO - [2023-11-27T10:37:40.992+0000] {dag.py:3696} INFO - Setting next_dagrun for example_short_circuit_operator to 2023-11-26T10:37:40.992184+00:00, run_after=2023-11-27T10:37:40.992184+00:00
[2023-11-27T10:37:41.031+0000] {processor.py:179} INFO - Processing /home/airflow/.local/lib/python3.8/site-packages/airflow/example_dags/example_short_circuit_operator.py took 0.167 seconds
[2023-11-27T10:38:11.636+0000] {processor.py:157} INFO - Started process (PID=641) to work on /home/airflow/.local/lib/python3.8/site-packages/airflow/example_dags/example_short_circuit_operator.py
[2023-11-27T10:38:11.637+0000] {processor.py:829} INFO - Processing file /home/airflow/.local/lib/python3.8/site-packages/airflow/example_dags/example_short_circuit_operator.py for tasks to queue
[2023-11-27T10:38:11.639+0000] {logging_mixin.py:151} INFO - [2023-11-27T10:38:11.639+0000] {dagbag.py:539} INFO - Filling up the DagBag from /home/airflow/.local/lib/python3.8/site-packages/airflow/example_dags/example_short_circuit_operator.py
[2023-11-27T10:38:11.644+0000] {processor.py:839} INFO - DAG(s) dict_keys(['example_short_circuit_operator']) retrieved from /home/airflow/.local/lib/python3.8/site-packages/airflow/example_dags/example_short_circuit_operator.py
[2023-11-27T10:38:11.656+0000] {logging_mixin.py:151} INFO - [2023-11-27T10:38:11.656+0000] {dag.py:2915} INFO - Sync 1 DAGs
[2023-11-27T10:38:11.673+0000] {logging_mixin.py:151} INFO - [2023-11-27T10:38:11.673+0000] {dag.py:3696} INFO - Setting next_dagrun for example_short_circuit_operator to 2023-11-26T10:38:11.672430+00:00, run_after=2023-11-27T10:38:11.672430+00:00
[2023-11-27T10:38:11.689+0000] {processor.py:179} INFO - Processing /home/airflow/.local/lib/python3.8/site-packages/airflow/example_dags/example_short_circuit_operator.py took 0.055 seconds
[2023-11-27T10:38:42.027+0000] {processor.py:157} INFO - Started process (PID=695) to work on /home/airflow/.local/lib/python3.8/site-packages/airflow/example_dags/example_short_circuit_operator.py
[2023-11-27T10:38:42.027+0000] {processor.py:829} INFO - Processing file /home/airflow/.local/lib/python3.8/site-packages/airflow/example_dags/example_short_circuit_operator.py for tasks to queue
[2023-11-27T10:38:42.029+0000] {logging_mixin.py:151} INFO - [2023-11-27T10:38:42.029+0000] {dagbag.py:539} INFO - Filling up the DagBag from /home/airflow/.local/lib/python3.8/site-packages/airflow/example_dags/example_short_circuit_operator.py
[2023-11-27T10:38:42.034+0000] {processor.py:839} INFO - DAG(s) dict_keys(['example_short_circuit_operator']) retrieved from /home/airflow/.local/lib/python3.8/site-packages/airflow/example_dags/example_short_circuit_operator.py
[2023-11-27T10:38:42.050+0000] {logging_mixin.py:151} INFO - [2023-11-27T10:38:42.050+0000] {dag.py:2915} INFO - Sync 1 DAGs
[2023-11-27T10:38:42.064+0000] {logging_mixin.py:151} INFO - [2023-11-27T10:38:42.064+0000] {dag.py:3696} INFO - Setting next_dagrun for example_short_circuit_operator to 2023-11-26T10:38:42.064335+00:00, run_after=2023-11-27T10:38:42.064335+00:00
[2023-11-27T10:38:42.075+0000] {processor.py:179} INFO - Processing /home/airflow/.local/lib/python3.8/site-packages/airflow/example_dags/example_short_circuit_operator.py took 0.051 seconds
[2023-11-27T10:39:12.718+0000] {processor.py:157} INFO - Started process (PID=750) to work on /home/airflow/.local/lib/python3.8/site-packages/airflow/example_dags/example_short_circuit_operator.py
[2023-11-27T10:39:12.719+0000] {processor.py:829} INFO - Processing file /home/airflow/.local/lib/python3.8/site-packages/airflow/example_dags/example_short_circuit_operator.py for tasks to queue
[2023-11-27T10:39:12.721+0000] {logging_mixin.py:151} INFO - [2023-11-27T10:39:12.721+0000] {dagbag.py:539} INFO - Filling up the DagBag from /home/airflow/.local/lib/python3.8/site-packages/airflow/example_dags/example_short_circuit_operator.py
[2023-11-27T10:39:12.728+0000] {processor.py:839} INFO - DAG(s) dict_keys(['example_short_circuit_operator']) retrieved from /home/airflow/.local/lib/python3.8/site-packages/airflow/example_dags/example_short_circuit_operator.py
[2023-11-27T10:39:12.751+0000] {logging_mixin.py:151} INFO - [2023-11-27T10:39:12.750+0000] {dag.py:2915} INFO - Sync 1 DAGs
[2023-11-27T10:39:12.766+0000] {logging_mixin.py:151} INFO - [2023-11-27T10:39:12.766+0000] {dag.py:3696} INFO - Setting next_dagrun for example_short_circuit_operator to 2023-11-26T10:39:12.766061+00:00, run_after=2023-11-27T10:39:12.766061+00:00
[2023-11-27T10:39:12.778+0000] {processor.py:179} INFO - Processing /home/airflow/.local/lib/python3.8/site-packages/airflow/example_dags/example_short_circuit_operator.py took 0.063 seconds
[2023-11-27T10:39:43.365+0000] {processor.py:157} INFO - Started process (PID=804) to work on /home/airflow/.local/lib/python3.8/site-packages/airflow/example_dags/example_short_circuit_operator.py
[2023-11-27T10:39:43.366+0000] {processor.py:829} INFO - Processing file /home/airflow/.local/lib/python3.8/site-packages/airflow/example_dags/example_short_circuit_operator.py for tasks to queue
[2023-11-27T10:39:43.367+0000] {logging_mixin.py:151} INFO - [2023-11-27T10:39:43.367+0000] {dagbag.py:539} INFO - Filling up the DagBag from /home/airflow/.local/lib/python3.8/site-packages/airflow/example_dags/example_short_circuit_operator.py
[2023-11-27T10:39:43.372+0000] {processor.py:839} INFO - DAG(s) dict_keys(['example_short_circuit_operator']) retrieved from /home/airflow/.local/lib/python3.8/site-packages/airflow/example_dags/example_short_circuit_operator.py
[2023-11-27T10:39:43.385+0000] {logging_mixin.py:151} INFO - [2023-11-27T10:39:43.385+0000] {dag.py:2915} INFO - Sync 1 DAGs
[2023-11-27T10:39:43.399+0000] {logging_mixin.py:151} INFO - [2023-11-27T10:39:43.399+0000] {dag.py:3696} INFO - Setting next_dagrun for example_short_circuit_operator to 2023-11-26T10:39:43.399134+00:00, run_after=2023-11-27T10:39:43.399134+00:00
[2023-11-27T10:39:43.415+0000] {processor.py:179} INFO - Processing /home/airflow/.local/lib/python3.8/site-packages/airflow/example_dags/example_short_circuit_operator.py took 0.053 seconds
