[2023-11-27T10:09:22.982+0000] {processor.py:157} INFO - Started process (PID=56) to work on /home/airflow/.local/lib/python3.8/site-packages/airflow/example_dags/example_kubernetes_executor.py
[2023-11-27T10:09:22.984+0000] {processor.py:829} INFO - Processing file /home/airflow/.local/lib/python3.8/site-packages/airflow/example_dags/example_kubernetes_executor.py for tasks to queue
[2023-11-27T10:09:22.986+0000] {logging_mixin.py:151} INFO - [2023-11-27T10:09:22.985+0000] {dagbag.py:539} INFO - Filling up the DagBag from /home/airflow/.local/lib/python3.8/site-packages/airflow/example_dags/example_kubernetes_executor.py
[2023-11-27T10:09:26.094+0000] {processor.py:839} INFO - DAG(s) dict_keys(['example_kubernetes_executor']) retrieved from /home/airflow/.local/lib/python3.8/site-packages/airflow/example_dags/example_kubernetes_executor.py
[2023-11-27T10:09:26.241+0000] {logging_mixin.py:151} INFO - [2023-11-27T10:09:26.240+0000] {dag.py:2915} INFO - Sync 1 DAGs
[2023-11-27T10:09:26.309+0000] {logging_mixin.py:151} INFO - [2023-11-27T10:09:26.309+0000] {dag.py:3696} INFO - Setting next_dagrun for example_kubernetes_executor to None, run_after=None
[2023-11-27T10:09:26.514+0000] {processor.py:179} INFO - Processing /home/airflow/.local/lib/python3.8/site-packages/airflow/example_dags/example_kubernetes_executor.py took 3.534 seconds
[2023-11-27T10:09:57.216+0000] {processor.py:157} INFO - Started process (PID=118) to work on /home/airflow/.local/lib/python3.8/site-packages/airflow/example_dags/example_kubernetes_executor.py
[2023-11-27T10:09:57.218+0000] {processor.py:829} INFO - Processing file /home/airflow/.local/lib/python3.8/site-packages/airflow/example_dags/example_kubernetes_executor.py for tasks to queue
[2023-11-27T10:09:57.223+0000] {logging_mixin.py:151} INFO - [2023-11-27T10:09:57.222+0000] {dagbag.py:539} INFO - Filling up the DagBag from /home/airflow/.local/lib/python3.8/site-packages/airflow/example_dags/example_kubernetes_executor.py
[2023-11-27T10:09:57.954+0000] {processor.py:839} INFO - DAG(s) dict_keys(['example_kubernetes_executor']) retrieved from /home/airflow/.local/lib/python3.8/site-packages/airflow/example_dags/example_kubernetes_executor.py
[2023-11-27T10:09:58.026+0000] {logging_mixin.py:151} INFO - [2023-11-27T10:09:58.025+0000] {dag.py:2915} INFO - Sync 1 DAGs
[2023-11-27T10:09:58.050+0000] {logging_mixin.py:151} INFO - [2023-11-27T10:09:58.049+0000] {dag.py:3696} INFO - Setting next_dagrun for example_kubernetes_executor to None, run_after=None
[2023-11-27T10:09:58.069+0000] {processor.py:179} INFO - Processing /home/airflow/.local/lib/python3.8/site-packages/airflow/example_dags/example_kubernetes_executor.py took 0.864 seconds
[2023-11-27T10:10:29.070+0000] {processor.py:157} INFO - Started process (PID=173) to work on /home/airflow/.local/lib/python3.8/site-packages/airflow/example_dags/example_kubernetes_executor.py
[2023-11-27T10:10:29.072+0000] {processor.py:829} INFO - Processing file /home/airflow/.local/lib/python3.8/site-packages/airflow/example_dags/example_kubernetes_executor.py for tasks to queue
[2023-11-27T10:10:29.074+0000] {logging_mixin.py:151} INFO - [2023-11-27T10:10:29.074+0000] {dagbag.py:539} INFO - Filling up the DagBag from /home/airflow/.local/lib/python3.8/site-packages/airflow/example_dags/example_kubernetes_executor.py
[2023-11-27T10:10:29.655+0000] {processor.py:839} INFO - DAG(s) dict_keys(['example_kubernetes_executor']) retrieved from /home/airflow/.local/lib/python3.8/site-packages/airflow/example_dags/example_kubernetes_executor.py
[2023-11-27T10:10:29.779+0000] {logging_mixin.py:151} INFO - [2023-11-27T10:10:29.779+0000] {dag.py:2915} INFO - Sync 1 DAGs
[2023-11-27T10:10:29.795+0000] {logging_mixin.py:151} INFO - [2023-11-27T10:10:29.795+0000] {dag.py:3696} INFO - Setting next_dagrun for example_kubernetes_executor to None, run_after=None
[2023-11-27T10:10:29.820+0000] {processor.py:179} INFO - Processing /home/airflow/.local/lib/python3.8/site-packages/airflow/example_dags/example_kubernetes_executor.py took 0.753 seconds
[2023-11-27T10:11:00.264+0000] {processor.py:157} INFO - Started process (PID=227) to work on /home/airflow/.local/lib/python3.8/site-packages/airflow/example_dags/example_kubernetes_executor.py
[2023-11-27T10:11:00.265+0000] {processor.py:829} INFO - Processing file /home/airflow/.local/lib/python3.8/site-packages/airflow/example_dags/example_kubernetes_executor.py for tasks to queue
[2023-11-27T10:11:00.268+0000] {logging_mixin.py:151} INFO - [2023-11-27T10:11:00.267+0000] {dagbag.py:539} INFO - Filling up the DagBag from /home/airflow/.local/lib/python3.8/site-packages/airflow/example_dags/example_kubernetes_executor.py
[2023-11-27T10:11:00.482+0000] {processor.py:839} INFO - DAG(s) dict_keys(['example_kubernetes_executor']) retrieved from /home/airflow/.local/lib/python3.8/site-packages/airflow/example_dags/example_kubernetes_executor.py
[2023-11-27T10:11:00.536+0000] {logging_mixin.py:151} INFO - [2023-11-27T10:11:00.536+0000] {dag.py:2915} INFO - Sync 1 DAGs
[2023-11-27T10:11:00.567+0000] {logging_mixin.py:151} INFO - [2023-11-27T10:11:00.567+0000] {dag.py:3696} INFO - Setting next_dagrun for example_kubernetes_executor to None, run_after=None
[2023-11-27T10:11:00.589+0000] {processor.py:179} INFO - Processing /home/airflow/.local/lib/python3.8/site-packages/airflow/example_dags/example_kubernetes_executor.py took 0.328 seconds
[2023-11-27T10:11:30.676+0000] {processor.py:157} INFO - Started process (PID=281) to work on /home/airflow/.local/lib/python3.8/site-packages/airflow/example_dags/example_kubernetes_executor.py
[2023-11-27T10:11:30.678+0000] {processor.py:829} INFO - Processing file /home/airflow/.local/lib/python3.8/site-packages/airflow/example_dags/example_kubernetes_executor.py for tasks to queue
[2023-11-27T10:11:30.683+0000] {logging_mixin.py:151} INFO - [2023-11-27T10:11:30.682+0000] {dagbag.py:539} INFO - Filling up the DagBag from /home/airflow/.local/lib/python3.8/site-packages/airflow/example_dags/example_kubernetes_executor.py
[2023-11-27T10:11:30.886+0000] {processor.py:839} INFO - DAG(s) dict_keys(['example_kubernetes_executor']) retrieved from /home/airflow/.local/lib/python3.8/site-packages/airflow/example_dags/example_kubernetes_executor.py
[2023-11-27T10:11:30.910+0000] {logging_mixin.py:151} INFO - [2023-11-27T10:11:30.909+0000] {dag.py:2915} INFO - Sync 1 DAGs
[2023-11-27T10:11:30.916+0000] {logging_mixin.py:151} INFO - [2023-11-27T10:11:30.916+0000] {dag.py:3696} INFO - Setting next_dagrun for example_kubernetes_executor to None, run_after=None
[2023-11-27T10:11:30.926+0000] {processor.py:179} INFO - Processing /home/airflow/.local/lib/python3.8/site-packages/airflow/example_dags/example_kubernetes_executor.py took 0.258 seconds
[2023-11-27T10:12:00.983+0000] {processor.py:157} INFO - Started process (PID=335) to work on /home/airflow/.local/lib/python3.8/site-packages/airflow/example_dags/example_kubernetes_executor.py
[2023-11-27T10:12:00.985+0000] {processor.py:829} INFO - Processing file /home/airflow/.local/lib/python3.8/site-packages/airflow/example_dags/example_kubernetes_executor.py for tasks to queue
[2023-11-27T10:12:00.989+0000] {logging_mixin.py:151} INFO - [2023-11-27T10:12:00.989+0000] {dagbag.py:539} INFO - Filling up the DagBag from /home/airflow/.local/lib/python3.8/site-packages/airflow/example_dags/example_kubernetes_executor.py
[2023-11-27T10:12:01.199+0000] {processor.py:839} INFO - DAG(s) dict_keys(['example_kubernetes_executor']) retrieved from /home/airflow/.local/lib/python3.8/site-packages/airflow/example_dags/example_kubernetes_executor.py
[2023-11-27T10:12:01.228+0000] {logging_mixin.py:151} INFO - [2023-11-27T10:12:01.228+0000] {dag.py:2915} INFO - Sync 1 DAGs
[2023-11-27T10:12:01.236+0000] {logging_mixin.py:151} INFO - [2023-11-27T10:12:01.236+0000] {dag.py:3696} INFO - Setting next_dagrun for example_kubernetes_executor to None, run_after=None
[2023-11-27T10:12:01.246+0000] {processor.py:179} INFO - Processing /home/airflow/.local/lib/python3.8/site-packages/airflow/example_dags/example_kubernetes_executor.py took 0.269 seconds
[2023-11-27T10:12:31.387+0000] {processor.py:157} INFO - Started process (PID=389) to work on /home/airflow/.local/lib/python3.8/site-packages/airflow/example_dags/example_kubernetes_executor.py
[2023-11-27T10:12:31.390+0000] {processor.py:829} INFO - Processing file /home/airflow/.local/lib/python3.8/site-packages/airflow/example_dags/example_kubernetes_executor.py for tasks to queue
[2023-11-27T10:12:31.393+0000] {logging_mixin.py:151} INFO - [2023-11-27T10:12:31.393+0000] {dagbag.py:539} INFO - Filling up the DagBag from /home/airflow/.local/lib/python3.8/site-packages/airflow/example_dags/example_kubernetes_executor.py
[2023-11-27T10:12:31.606+0000] {processor.py:839} INFO - DAG(s) dict_keys(['example_kubernetes_executor']) retrieved from /home/airflow/.local/lib/python3.8/site-packages/airflow/example_dags/example_kubernetes_executor.py
[2023-11-27T10:12:31.629+0000] {logging_mixin.py:151} INFO - [2023-11-27T10:12:31.629+0000] {dag.py:2915} INFO - Sync 1 DAGs
[2023-11-27T10:12:31.637+0000] {logging_mixin.py:151} INFO - [2023-11-27T10:12:31.637+0000] {dag.py:3696} INFO - Setting next_dagrun for example_kubernetes_executor to None, run_after=None
[2023-11-27T10:12:31.647+0000] {processor.py:179} INFO - Processing /home/airflow/.local/lib/python3.8/site-packages/airflow/example_dags/example_kubernetes_executor.py took 0.268 seconds
[2023-11-27T10:13:01.809+0000] {processor.py:157} INFO - Started process (PID=446) to work on /home/airflow/.local/lib/python3.8/site-packages/airflow/example_dags/example_kubernetes_executor.py
[2023-11-27T10:13:01.810+0000] {processor.py:829} INFO - Processing file /home/airflow/.local/lib/python3.8/site-packages/airflow/example_dags/example_kubernetes_executor.py for tasks to queue
[2023-11-27T10:13:01.812+0000] {logging_mixin.py:151} INFO - [2023-11-27T10:13:01.812+0000] {dagbag.py:539} INFO - Filling up the DagBag from /home/airflow/.local/lib/python3.8/site-packages/airflow/example_dags/example_kubernetes_executor.py
[2023-11-27T10:13:01.998+0000] {processor.py:839} INFO - DAG(s) dict_keys(['example_kubernetes_executor']) retrieved from /home/airflow/.local/lib/python3.8/site-packages/airflow/example_dags/example_kubernetes_executor.py
[2023-11-27T10:13:02.022+0000] {logging_mixin.py:151} INFO - [2023-11-27T10:13:02.022+0000] {dag.py:2915} INFO - Sync 1 DAGs
[2023-11-27T10:13:02.030+0000] {logging_mixin.py:151} INFO - [2023-11-27T10:13:02.030+0000] {dag.py:3696} INFO - Setting next_dagrun for example_kubernetes_executor to None, run_after=None
[2023-11-27T10:13:02.039+0000] {processor.py:179} INFO - Processing /home/airflow/.local/lib/python3.8/site-packages/airflow/example_dags/example_kubernetes_executor.py took 0.231 seconds
[2023-11-27T10:13:32.460+0000] {processor.py:157} INFO - Started process (PID=497) to work on /home/airflow/.local/lib/python3.8/site-packages/airflow/example_dags/example_kubernetes_executor.py
[2023-11-27T10:13:32.462+0000] {processor.py:829} INFO - Processing file /home/airflow/.local/lib/python3.8/site-packages/airflow/example_dags/example_kubernetes_executor.py for tasks to queue
[2023-11-27T10:13:32.466+0000] {logging_mixin.py:151} INFO - [2023-11-27T10:13:32.465+0000] {dagbag.py:539} INFO - Filling up the DagBag from /home/airflow/.local/lib/python3.8/site-packages/airflow/example_dags/example_kubernetes_executor.py
[2023-11-27T10:13:32.691+0000] {processor.py:839} INFO - DAG(s) dict_keys(['example_kubernetes_executor']) retrieved from /home/airflow/.local/lib/python3.8/site-packages/airflow/example_dags/example_kubernetes_executor.py
[2023-11-27T10:13:32.716+0000] {logging_mixin.py:151} INFO - [2023-11-27T10:13:32.716+0000] {dag.py:2915} INFO - Sync 1 DAGs
[2023-11-27T10:13:32.725+0000] {logging_mixin.py:151} INFO - [2023-11-27T10:13:32.724+0000] {dag.py:3696} INFO - Setting next_dagrun for example_kubernetes_executor to None, run_after=None
[2023-11-27T10:13:32.735+0000] {processor.py:179} INFO - Processing /home/airflow/.local/lib/python3.8/site-packages/airflow/example_dags/example_kubernetes_executor.py took 0.280 seconds
[2023-11-27T10:14:02.820+0000] {processor.py:157} INFO - Started process (PID=554) to work on /home/airflow/.local/lib/python3.8/site-packages/airflow/example_dags/example_kubernetes_executor.py
[2023-11-27T10:14:02.822+0000] {processor.py:829} INFO - Processing file /home/airflow/.local/lib/python3.8/site-packages/airflow/example_dags/example_kubernetes_executor.py for tasks to queue
[2023-11-27T10:14:02.823+0000] {logging_mixin.py:151} INFO - [2023-11-27T10:14:02.823+0000] {dagbag.py:539} INFO - Filling up the DagBag from /home/airflow/.local/lib/python3.8/site-packages/airflow/example_dags/example_kubernetes_executor.py
[2023-11-27T10:14:02.990+0000] {processor.py:839} INFO - DAG(s) dict_keys(['example_kubernetes_executor']) retrieved from /home/airflow/.local/lib/python3.8/site-packages/airflow/example_dags/example_kubernetes_executor.py
[2023-11-27T10:14:03.011+0000] {logging_mixin.py:151} INFO - [2023-11-27T10:14:03.011+0000] {dag.py:2915} INFO - Sync 1 DAGs
[2023-11-27T10:14:03.019+0000] {logging_mixin.py:151} INFO - [2023-11-27T10:14:03.019+0000] {dag.py:3696} INFO - Setting next_dagrun for example_kubernetes_executor to None, run_after=None
[2023-11-27T10:14:03.028+0000] {processor.py:179} INFO - Processing /home/airflow/.local/lib/python3.8/site-packages/airflow/example_dags/example_kubernetes_executor.py took 0.209 seconds
[2023-11-27T10:14:33.232+0000] {processor.py:157} INFO - Started process (PID=609) to work on /home/airflow/.local/lib/python3.8/site-packages/airflow/example_dags/example_kubernetes_executor.py
[2023-11-27T10:14:33.233+0000] {processor.py:829} INFO - Processing file /home/airflow/.local/lib/python3.8/site-packages/airflow/example_dags/example_kubernetes_executor.py for tasks to queue
[2023-11-27T10:14:33.234+0000] {logging_mixin.py:151} INFO - [2023-11-27T10:14:33.234+0000] {dagbag.py:539} INFO - Filling up the DagBag from /home/airflow/.local/lib/python3.8/site-packages/airflow/example_dags/example_kubernetes_executor.py
[2023-11-27T10:14:33.401+0000] {processor.py:839} INFO - DAG(s) dict_keys(['example_kubernetes_executor']) retrieved from /home/airflow/.local/lib/python3.8/site-packages/airflow/example_dags/example_kubernetes_executor.py
[2023-11-27T10:14:33.427+0000] {logging_mixin.py:151} INFO - [2023-11-27T10:14:33.426+0000] {dag.py:2915} INFO - Sync 1 DAGs
[2023-11-27T10:14:33.434+0000] {logging_mixin.py:151} INFO - [2023-11-27T10:14:33.434+0000] {dag.py:3696} INFO - Setting next_dagrun for example_kubernetes_executor to None, run_after=None
[2023-11-27T10:14:33.443+0000] {processor.py:179} INFO - Processing /home/airflow/.local/lib/python3.8/site-packages/airflow/example_dags/example_kubernetes_executor.py took 0.213 seconds
[2023-11-27T10:15:03.594+0000] {processor.py:157} INFO - Started process (PID=659) to work on /home/airflow/.local/lib/python3.8/site-packages/airflow/example_dags/example_kubernetes_executor.py
[2023-11-27T10:15:03.598+0000] {processor.py:829} INFO - Processing file /home/airflow/.local/lib/python3.8/site-packages/airflow/example_dags/example_kubernetes_executor.py for tasks to queue
[2023-11-27T10:15:03.603+0000] {logging_mixin.py:151} INFO - [2023-11-27T10:15:03.603+0000] {dagbag.py:539} INFO - Filling up the DagBag from /home/airflow/.local/lib/python3.8/site-packages/airflow/example_dags/example_kubernetes_executor.py
[2023-11-27T10:15:03.890+0000] {processor.py:839} INFO - DAG(s) dict_keys(['example_kubernetes_executor']) retrieved from /home/airflow/.local/lib/python3.8/site-packages/airflow/example_dags/example_kubernetes_executor.py
[2023-11-27T10:15:03.919+0000] {logging_mixin.py:151} INFO - [2023-11-27T10:15:03.918+0000] {dag.py:2915} INFO - Sync 1 DAGs
[2023-11-27T10:15:03.926+0000] {logging_mixin.py:151} INFO - [2023-11-27T10:15:03.926+0000] {dag.py:3696} INFO - Setting next_dagrun for example_kubernetes_executor to None, run_after=None
[2023-11-27T10:15:03.935+0000] {processor.py:179} INFO - Processing /home/airflow/.local/lib/python3.8/site-packages/airflow/example_dags/example_kubernetes_executor.py took 0.352 seconds
[2023-11-27T10:15:34.002+0000] {processor.py:157} INFO - Started process (PID=713) to work on /home/airflow/.local/lib/python3.8/site-packages/airflow/example_dags/example_kubernetes_executor.py
[2023-11-27T10:15:34.005+0000] {processor.py:829} INFO - Processing file /home/airflow/.local/lib/python3.8/site-packages/airflow/example_dags/example_kubernetes_executor.py for tasks to queue
[2023-11-27T10:15:34.008+0000] {logging_mixin.py:151} INFO - [2023-11-27T10:15:34.008+0000] {dagbag.py:539} INFO - Filling up the DagBag from /home/airflow/.local/lib/python3.8/site-packages/airflow/example_dags/example_kubernetes_executor.py
[2023-11-27T10:15:34.204+0000] {processor.py:839} INFO - DAG(s) dict_keys(['example_kubernetes_executor']) retrieved from /home/airflow/.local/lib/python3.8/site-packages/airflow/example_dags/example_kubernetes_executor.py
[2023-11-27T10:15:34.228+0000] {logging_mixin.py:151} INFO - [2023-11-27T10:15:34.227+0000] {dag.py:2915} INFO - Sync 1 DAGs
[2023-11-27T10:15:34.238+0000] {logging_mixin.py:151} INFO - [2023-11-27T10:15:34.237+0000] {dag.py:3696} INFO - Setting next_dagrun for example_kubernetes_executor to None, run_after=None
[2023-11-27T10:15:34.248+0000] {processor.py:179} INFO - Processing /home/airflow/.local/lib/python3.8/site-packages/airflow/example_dags/example_kubernetes_executor.py took 0.251 seconds
[2023-11-27T10:16:04.553+0000] {processor.py:157} INFO - Started process (PID=767) to work on /home/airflow/.local/lib/python3.8/site-packages/airflow/example_dags/example_kubernetes_executor.py
[2023-11-27T10:16:04.555+0000] {processor.py:829} INFO - Processing file /home/airflow/.local/lib/python3.8/site-packages/airflow/example_dags/example_kubernetes_executor.py for tasks to queue
[2023-11-27T10:16:04.558+0000] {logging_mixin.py:151} INFO - [2023-11-27T10:16:04.558+0000] {dagbag.py:539} INFO - Filling up the DagBag from /home/airflow/.local/lib/python3.8/site-packages/airflow/example_dags/example_kubernetes_executor.py
[2023-11-27T10:16:04.842+0000] {processor.py:839} INFO - DAG(s) dict_keys(['example_kubernetes_executor']) retrieved from /home/airflow/.local/lib/python3.8/site-packages/airflow/example_dags/example_kubernetes_executor.py
[2023-11-27T10:16:04.870+0000] {logging_mixin.py:151} INFO - [2023-11-27T10:16:04.870+0000] {dag.py:2915} INFO - Sync 1 DAGs
[2023-11-27T10:16:04.880+0000] {logging_mixin.py:151} INFO - [2023-11-27T10:16:04.880+0000] {dag.py:3696} INFO - Setting next_dagrun for example_kubernetes_executor to None, run_after=None
[2023-11-27T10:16:04.893+0000] {processor.py:179} INFO - Processing /home/airflow/.local/lib/python3.8/site-packages/airflow/example_dags/example_kubernetes_executor.py took 0.345 seconds
[2023-11-27T10:16:35.222+0000] {processor.py:157} INFO - Started process (PID=821) to work on /home/airflow/.local/lib/python3.8/site-packages/airflow/example_dags/example_kubernetes_executor.py
[2023-11-27T10:16:35.224+0000] {processor.py:829} INFO - Processing file /home/airflow/.local/lib/python3.8/site-packages/airflow/example_dags/example_kubernetes_executor.py for tasks to queue
[2023-11-27T10:16:35.227+0000] {logging_mixin.py:151} INFO - [2023-11-27T10:16:35.227+0000] {dagbag.py:539} INFO - Filling up the DagBag from /home/airflow/.local/lib/python3.8/site-packages/airflow/example_dags/example_kubernetes_executor.py
[2023-11-27T10:16:35.426+0000] {processor.py:839} INFO - DAG(s) dict_keys(['example_kubernetes_executor']) retrieved from /home/airflow/.local/lib/python3.8/site-packages/airflow/example_dags/example_kubernetes_executor.py
[2023-11-27T10:16:35.452+0000] {logging_mixin.py:151} INFO - [2023-11-27T10:16:35.452+0000] {dag.py:2915} INFO - Sync 1 DAGs
[2023-11-27T10:16:35.459+0000] {logging_mixin.py:151} INFO - [2023-11-27T10:16:35.459+0000] {dag.py:3696} INFO - Setting next_dagrun for example_kubernetes_executor to None, run_after=None
[2023-11-27T10:16:35.468+0000] {processor.py:179} INFO - Processing /home/airflow/.local/lib/python3.8/site-packages/airflow/example_dags/example_kubernetes_executor.py took 0.253 seconds
[2023-11-27T10:17:05.581+0000] {processor.py:157} INFO - Started process (PID=875) to work on /home/airflow/.local/lib/python3.8/site-packages/airflow/example_dags/example_kubernetes_executor.py
[2023-11-27T10:17:05.583+0000] {processor.py:829} INFO - Processing file /home/airflow/.local/lib/python3.8/site-packages/airflow/example_dags/example_kubernetes_executor.py for tasks to queue
[2023-11-27T10:17:05.587+0000] {logging_mixin.py:151} INFO - [2023-11-27T10:17:05.586+0000] {dagbag.py:539} INFO - Filling up the DagBag from /home/airflow/.local/lib/python3.8/site-packages/airflow/example_dags/example_kubernetes_executor.py
[2023-11-27T10:17:05.783+0000] {processor.py:839} INFO - DAG(s) dict_keys(['example_kubernetes_executor']) retrieved from /home/airflow/.local/lib/python3.8/site-packages/airflow/example_dags/example_kubernetes_executor.py
[2023-11-27T10:17:05.805+0000] {logging_mixin.py:151} INFO - [2023-11-27T10:17:05.805+0000] {dag.py:2915} INFO - Sync 1 DAGs
[2023-11-27T10:17:05.811+0000] {logging_mixin.py:151} INFO - [2023-11-27T10:17:05.811+0000] {dag.py:3696} INFO - Setting next_dagrun for example_kubernetes_executor to None, run_after=None
[2023-11-27T10:17:05.820+0000] {processor.py:179} INFO - Processing /home/airflow/.local/lib/python3.8/site-packages/airflow/example_dags/example_kubernetes_executor.py took 0.248 seconds
[2023-11-27T10:17:35.996+0000] {processor.py:157} INFO - Started process (PID=929) to work on /home/airflow/.local/lib/python3.8/site-packages/airflow/example_dags/example_kubernetes_executor.py
[2023-11-27T10:17:35.998+0000] {processor.py:829} INFO - Processing file /home/airflow/.local/lib/python3.8/site-packages/airflow/example_dags/example_kubernetes_executor.py for tasks to queue
[2023-11-27T10:17:36.001+0000] {logging_mixin.py:151} INFO - [2023-11-27T10:17:36.001+0000] {dagbag.py:539} INFO - Filling up the DagBag from /home/airflow/.local/lib/python3.8/site-packages/airflow/example_dags/example_kubernetes_executor.py
[2023-11-27T10:17:36.224+0000] {processor.py:839} INFO - DAG(s) dict_keys(['example_kubernetes_executor']) retrieved from /home/airflow/.local/lib/python3.8/site-packages/airflow/example_dags/example_kubernetes_executor.py
[2023-11-27T10:17:36.248+0000] {logging_mixin.py:151} INFO - [2023-11-27T10:17:36.248+0000] {dag.py:2915} INFO - Sync 1 DAGs
[2023-11-27T10:17:36.255+0000] {logging_mixin.py:151} INFO - [2023-11-27T10:17:36.255+0000] {dag.py:3696} INFO - Setting next_dagrun for example_kubernetes_executor to None, run_after=None
[2023-11-27T10:17:36.266+0000] {processor.py:179} INFO - Processing /home/airflow/.local/lib/python3.8/site-packages/airflow/example_dags/example_kubernetes_executor.py took 0.276 seconds
[2023-11-27T10:18:06.505+0000] {processor.py:157} INFO - Started process (PID=983) to work on /home/airflow/.local/lib/python3.8/site-packages/airflow/example_dags/example_kubernetes_executor.py
[2023-11-27T10:18:06.513+0000] {processor.py:829} INFO - Processing file /home/airflow/.local/lib/python3.8/site-packages/airflow/example_dags/example_kubernetes_executor.py for tasks to queue
[2023-11-27T10:18:06.527+0000] {logging_mixin.py:151} INFO - [2023-11-27T10:18:06.527+0000] {dagbag.py:539} INFO - Filling up the DagBag from /home/airflow/.local/lib/python3.8/site-packages/airflow/example_dags/example_kubernetes_executor.py
[2023-11-27T10:18:07.134+0000] {processor.py:839} INFO - DAG(s) dict_keys(['example_kubernetes_executor']) retrieved from /home/airflow/.local/lib/python3.8/site-packages/airflow/example_dags/example_kubernetes_executor.py
[2023-11-27T10:18:07.223+0000] {logging_mixin.py:151} INFO - [2023-11-27T10:18:07.221+0000] {dag.py:2915} INFO - Sync 1 DAGs
[2023-11-27T10:18:07.266+0000] {logging_mixin.py:151} INFO - [2023-11-27T10:18:07.266+0000] {dag.py:3696} INFO - Setting next_dagrun for example_kubernetes_executor to None, run_after=None
[2023-11-27T10:18:07.383+0000] {processor.py:179} INFO - Processing /home/airflow/.local/lib/python3.8/site-packages/airflow/example_dags/example_kubernetes_executor.py took 0.885 seconds
[2023-11-27T10:18:37.941+0000] {processor.py:157} INFO - Started process (PID=1038) to work on /home/airflow/.local/lib/python3.8/site-packages/airflow/example_dags/example_kubernetes_executor.py
[2023-11-27T10:18:37.944+0000] {processor.py:829} INFO - Processing file /home/airflow/.local/lib/python3.8/site-packages/airflow/example_dags/example_kubernetes_executor.py for tasks to queue
[2023-11-27T10:18:37.947+0000] {logging_mixin.py:151} INFO - [2023-11-27T10:18:37.947+0000] {dagbag.py:539} INFO - Filling up the DagBag from /home/airflow/.local/lib/python3.8/site-packages/airflow/example_dags/example_kubernetes_executor.py
[2023-11-27T10:18:38.303+0000] {processor.py:839} INFO - DAG(s) dict_keys(['example_kubernetes_executor']) retrieved from /home/airflow/.local/lib/python3.8/site-packages/airflow/example_dags/example_kubernetes_executor.py
[2023-11-27T10:18:38.360+0000] {logging_mixin.py:151} INFO - [2023-11-27T10:18:38.359+0000] {dag.py:2915} INFO - Sync 1 DAGs
[2023-11-27T10:18:38.373+0000] {logging_mixin.py:151} INFO - [2023-11-27T10:18:38.372+0000] {dag.py:3696} INFO - Setting next_dagrun for example_kubernetes_executor to None, run_after=None
[2023-11-27T10:18:38.387+0000] {processor.py:179} INFO - Processing /home/airflow/.local/lib/python3.8/site-packages/airflow/example_dags/example_kubernetes_executor.py took 0.452 seconds
[2023-11-27T10:19:08.912+0000] {processor.py:157} INFO - Started process (PID=1092) to work on /home/airflow/.local/lib/python3.8/site-packages/airflow/example_dags/example_kubernetes_executor.py
[2023-11-27T10:19:08.913+0000] {processor.py:829} INFO - Processing file /home/airflow/.local/lib/python3.8/site-packages/airflow/example_dags/example_kubernetes_executor.py for tasks to queue
[2023-11-27T10:19:08.915+0000] {logging_mixin.py:151} INFO - [2023-11-27T10:19:08.915+0000] {dagbag.py:539} INFO - Filling up the DagBag from /home/airflow/.local/lib/python3.8/site-packages/airflow/example_dags/example_kubernetes_executor.py
[2023-11-27T10:19:09.171+0000] {processor.py:839} INFO - DAG(s) dict_keys(['example_kubernetes_executor']) retrieved from /home/airflow/.local/lib/python3.8/site-packages/airflow/example_dags/example_kubernetes_executor.py
[2023-11-27T10:19:09.196+0000] {logging_mixin.py:151} INFO - [2023-11-27T10:19:09.196+0000] {dag.py:2915} INFO - Sync 1 DAGs
[2023-11-27T10:19:09.203+0000] {logging_mixin.py:151} INFO - [2023-11-27T10:19:09.203+0000] {dag.py:3696} INFO - Setting next_dagrun for example_kubernetes_executor to None, run_after=None
[2023-11-27T10:19:09.214+0000] {processor.py:179} INFO - Processing /home/airflow/.local/lib/python3.8/site-packages/airflow/example_dags/example_kubernetes_executor.py took 0.305 seconds
[2023-11-27T10:19:39.596+0000] {processor.py:157} INFO - Started process (PID=1146) to work on /home/airflow/.local/lib/python3.8/site-packages/airflow/example_dags/example_kubernetes_executor.py
[2023-11-27T10:19:39.599+0000] {processor.py:829} INFO - Processing file /home/airflow/.local/lib/python3.8/site-packages/airflow/example_dags/example_kubernetes_executor.py for tasks to queue
[2023-11-27T10:19:39.604+0000] {logging_mixin.py:151} INFO - [2023-11-27T10:19:39.603+0000] {dagbag.py:539} INFO - Filling up the DagBag from /home/airflow/.local/lib/python3.8/site-packages/airflow/example_dags/example_kubernetes_executor.py
[2023-11-27T10:19:39.856+0000] {processor.py:839} INFO - DAG(s) dict_keys(['example_kubernetes_executor']) retrieved from /home/airflow/.local/lib/python3.8/site-packages/airflow/example_dags/example_kubernetes_executor.py
[2023-11-27T10:19:39.880+0000] {logging_mixin.py:151} INFO - [2023-11-27T10:19:39.879+0000] {dag.py:2915} INFO - Sync 1 DAGs
[2023-11-27T10:19:39.886+0000] {logging_mixin.py:151} INFO - [2023-11-27T10:19:39.886+0000] {dag.py:3696} INFO - Setting next_dagrun for example_kubernetes_executor to None, run_after=None
[2023-11-27T10:19:39.897+0000] {processor.py:179} INFO - Processing /home/airflow/.local/lib/python3.8/site-packages/airflow/example_dags/example_kubernetes_executor.py took 0.310 seconds
[2023-11-27T10:20:10.035+0000] {processor.py:157} INFO - Started process (PID=1200) to work on /home/airflow/.local/lib/python3.8/site-packages/airflow/example_dags/example_kubernetes_executor.py
[2023-11-27T10:20:10.040+0000] {processor.py:829} INFO - Processing file /home/airflow/.local/lib/python3.8/site-packages/airflow/example_dags/example_kubernetes_executor.py for tasks to queue
[2023-11-27T10:20:10.045+0000] {logging_mixin.py:151} INFO - [2023-11-27T10:20:10.045+0000] {dagbag.py:539} INFO - Filling up the DagBag from /home/airflow/.local/lib/python3.8/site-packages/airflow/example_dags/example_kubernetes_executor.py
[2023-11-27T10:20:10.272+0000] {processor.py:839} INFO - DAG(s) dict_keys(['example_kubernetes_executor']) retrieved from /home/airflow/.local/lib/python3.8/site-packages/airflow/example_dags/example_kubernetes_executor.py
[2023-11-27T10:20:10.310+0000] {logging_mixin.py:151} INFO - [2023-11-27T10:20:10.309+0000] {dag.py:2915} INFO - Sync 1 DAGs
[2023-11-27T10:20:10.318+0000] {logging_mixin.py:151} INFO - [2023-11-27T10:20:10.318+0000] {dag.py:3696} INFO - Setting next_dagrun for example_kubernetes_executor to None, run_after=None
[2023-11-27T10:20:10.329+0000] {processor.py:179} INFO - Processing /home/airflow/.local/lib/python3.8/site-packages/airflow/example_dags/example_kubernetes_executor.py took 0.304 seconds
[2023-11-27T10:20:40.409+0000] {processor.py:157} INFO - Started process (PID=1261) to work on /home/airflow/.local/lib/python3.8/site-packages/airflow/example_dags/example_kubernetes_executor.py
[2023-11-27T10:20:40.410+0000] {processor.py:829} INFO - Processing file /home/airflow/.local/lib/python3.8/site-packages/airflow/example_dags/example_kubernetes_executor.py for tasks to queue
[2023-11-27T10:20:40.413+0000] {logging_mixin.py:151} INFO - [2023-11-27T10:20:40.413+0000] {dagbag.py:539} INFO - Filling up the DagBag from /home/airflow/.local/lib/python3.8/site-packages/airflow/example_dags/example_kubernetes_executor.py
[2023-11-27T10:20:40.650+0000] {processor.py:839} INFO - DAG(s) dict_keys(['example_kubernetes_executor']) retrieved from /home/airflow/.local/lib/python3.8/site-packages/airflow/example_dags/example_kubernetes_executor.py
[2023-11-27T10:20:40.674+0000] {logging_mixin.py:151} INFO - [2023-11-27T10:20:40.673+0000] {dag.py:2915} INFO - Sync 1 DAGs
[2023-11-27T10:20:40.681+0000] {logging_mixin.py:151} INFO - [2023-11-27T10:20:40.681+0000] {dag.py:3696} INFO - Setting next_dagrun for example_kubernetes_executor to None, run_after=None
[2023-11-27T10:20:40.691+0000] {processor.py:179} INFO - Processing /home/airflow/.local/lib/python3.8/site-packages/airflow/example_dags/example_kubernetes_executor.py took 0.289 seconds
[2023-11-27T10:21:10.894+0000] {processor.py:157} INFO - Started process (PID=1318) to work on /home/airflow/.local/lib/python3.8/site-packages/airflow/example_dags/example_kubernetes_executor.py
[2023-11-27T10:21:10.896+0000] {processor.py:829} INFO - Processing file /home/airflow/.local/lib/python3.8/site-packages/airflow/example_dags/example_kubernetes_executor.py for tasks to queue
[2023-11-27T10:21:10.899+0000] {logging_mixin.py:151} INFO - [2023-11-27T10:21:10.898+0000] {dagbag.py:539} INFO - Filling up the DagBag from /home/airflow/.local/lib/python3.8/site-packages/airflow/example_dags/example_kubernetes_executor.py
[2023-11-27T10:21:11.108+0000] {processor.py:839} INFO - DAG(s) dict_keys(['example_kubernetes_executor']) retrieved from /home/airflow/.local/lib/python3.8/site-packages/airflow/example_dags/example_kubernetes_executor.py
[2023-11-27T10:21:11.135+0000] {logging_mixin.py:151} INFO - [2023-11-27T10:21:11.134+0000] {dag.py:2915} INFO - Sync 1 DAGs
[2023-11-27T10:21:11.147+0000] {logging_mixin.py:151} INFO - [2023-11-27T10:21:11.147+0000] {dag.py:3696} INFO - Setting next_dagrun for example_kubernetes_executor to None, run_after=None
[2023-11-27T10:21:11.157+0000] {processor.py:179} INFO - Processing /home/airflow/.local/lib/python3.8/site-packages/airflow/example_dags/example_kubernetes_executor.py took 0.267 seconds
[2023-11-27T10:32:36.848+0000] {processor.py:157} INFO - Started process (PID=54) to work on /home/airflow/.local/lib/python3.8/site-packages/airflow/example_dags/example_kubernetes_executor.py
[2023-11-27T10:32:36.850+0000] {processor.py:829} INFO - Processing file /home/airflow/.local/lib/python3.8/site-packages/airflow/example_dags/example_kubernetes_executor.py for tasks to queue
[2023-11-27T10:32:36.854+0000] {logging_mixin.py:151} INFO - [2023-11-27T10:32:36.854+0000] {dagbag.py:539} INFO - Filling up the DagBag from /home/airflow/.local/lib/python3.8/site-packages/airflow/example_dags/example_kubernetes_executor.py
[2023-11-27T10:32:37.366+0000] {processor.py:839} INFO - DAG(s) dict_keys(['example_kubernetes_executor']) retrieved from /home/airflow/.local/lib/python3.8/site-packages/airflow/example_dags/example_kubernetes_executor.py
[2023-11-27T10:32:37.417+0000] {logging_mixin.py:151} INFO - [2023-11-27T10:32:37.416+0000] {dag.py:2915} INFO - Sync 1 DAGs
[2023-11-27T10:32:37.444+0000] {logging_mixin.py:151} INFO - [2023-11-27T10:32:37.443+0000] {dag.py:3696} INFO - Setting next_dagrun for example_kubernetes_executor to None, run_after=None
[2023-11-27T10:32:37.470+0000] {processor.py:179} INFO - Processing /home/airflow/.local/lib/python3.8/site-packages/airflow/example_dags/example_kubernetes_executor.py took 0.632 seconds
[2023-11-27T10:33:07.942+0000] {processor.py:157} INFO - Started process (PID=108) to work on /home/airflow/.local/lib/python3.8/site-packages/airflow/example_dags/example_kubernetes_executor.py
[2023-11-27T10:33:07.943+0000] {processor.py:829} INFO - Processing file /home/airflow/.local/lib/python3.8/site-packages/airflow/example_dags/example_kubernetes_executor.py for tasks to queue
[2023-11-27T10:33:07.945+0000] {logging_mixin.py:151} INFO - [2023-11-27T10:33:07.944+0000] {dagbag.py:539} INFO - Filling up the DagBag from /home/airflow/.local/lib/python3.8/site-packages/airflow/example_dags/example_kubernetes_executor.py
[2023-11-27T10:33:08.131+0000] {processor.py:839} INFO - DAG(s) dict_keys(['example_kubernetes_executor']) retrieved from /home/airflow/.local/lib/python3.8/site-packages/airflow/example_dags/example_kubernetes_executor.py
[2023-11-27T10:33:08.156+0000] {logging_mixin.py:151} INFO - [2023-11-27T10:33:08.156+0000] {dag.py:2915} INFO - Sync 1 DAGs
[2023-11-27T10:33:08.164+0000] {logging_mixin.py:151} INFO - [2023-11-27T10:33:08.164+0000] {dag.py:3696} INFO - Setting next_dagrun for example_kubernetes_executor to None, run_after=None
[2023-11-27T10:33:08.175+0000] {processor.py:179} INFO - Processing /home/airflow/.local/lib/python3.8/site-packages/airflow/example_dags/example_kubernetes_executor.py took 0.236 seconds
[2023-11-27T10:33:38.433+0000] {processor.py:157} INFO - Started process (PID=162) to work on /home/airflow/.local/lib/python3.8/site-packages/airflow/example_dags/example_kubernetes_executor.py
[2023-11-27T10:33:38.436+0000] {processor.py:829} INFO - Processing file /home/airflow/.local/lib/python3.8/site-packages/airflow/example_dags/example_kubernetes_executor.py for tasks to queue
[2023-11-27T10:33:38.438+0000] {logging_mixin.py:151} INFO - [2023-11-27T10:33:38.438+0000] {dagbag.py:539} INFO - Filling up the DagBag from /home/airflow/.local/lib/python3.8/site-packages/airflow/example_dags/example_kubernetes_executor.py
[2023-11-27T10:33:38.623+0000] {processor.py:839} INFO - DAG(s) dict_keys(['example_kubernetes_executor']) retrieved from /home/airflow/.local/lib/python3.8/site-packages/airflow/example_dags/example_kubernetes_executor.py
[2023-11-27T10:33:38.645+0000] {logging_mixin.py:151} INFO - [2023-11-27T10:33:38.645+0000] {dag.py:2915} INFO - Sync 1 DAGs
[2023-11-27T10:33:38.655+0000] {logging_mixin.py:151} INFO - [2023-11-27T10:33:38.655+0000] {dag.py:3696} INFO - Setting next_dagrun for example_kubernetes_executor to None, run_after=None
[2023-11-27T10:33:38.666+0000] {processor.py:179} INFO - Processing /home/airflow/.local/lib/python3.8/site-packages/airflow/example_dags/example_kubernetes_executor.py took 0.238 seconds
[2023-11-27T10:34:08.735+0000] {processor.py:157} INFO - Started process (PID=216) to work on /home/airflow/.local/lib/python3.8/site-packages/airflow/example_dags/example_kubernetes_executor.py
[2023-11-27T10:34:08.738+0000] {processor.py:829} INFO - Processing file /home/airflow/.local/lib/python3.8/site-packages/airflow/example_dags/example_kubernetes_executor.py for tasks to queue
[2023-11-27T10:34:08.741+0000] {logging_mixin.py:151} INFO - [2023-11-27T10:34:08.741+0000] {dagbag.py:539} INFO - Filling up the DagBag from /home/airflow/.local/lib/python3.8/site-packages/airflow/example_dags/example_kubernetes_executor.py
[2023-11-27T10:34:08.935+0000] {processor.py:839} INFO - DAG(s) dict_keys(['example_kubernetes_executor']) retrieved from /home/airflow/.local/lib/python3.8/site-packages/airflow/example_dags/example_kubernetes_executor.py
[2023-11-27T10:34:08.965+0000] {logging_mixin.py:151} INFO - [2023-11-27T10:34:08.965+0000] {dag.py:2915} INFO - Sync 1 DAGs
[2023-11-27T10:34:08.975+0000] {logging_mixin.py:151} INFO - [2023-11-27T10:34:08.975+0000] {dag.py:3696} INFO - Setting next_dagrun for example_kubernetes_executor to None, run_after=None
[2023-11-27T10:34:08.988+0000] {processor.py:179} INFO - Processing /home/airflow/.local/lib/python3.8/site-packages/airflow/example_dags/example_kubernetes_executor.py took 0.258 seconds
[2023-11-27T10:34:39.182+0000] {processor.py:157} INFO - Started process (PID=270) to work on /home/airflow/.local/lib/python3.8/site-packages/airflow/example_dags/example_kubernetes_executor.py
[2023-11-27T10:34:39.187+0000] {processor.py:829} INFO - Processing file /home/airflow/.local/lib/python3.8/site-packages/airflow/example_dags/example_kubernetes_executor.py for tasks to queue
[2023-11-27T10:34:39.192+0000] {logging_mixin.py:151} INFO - [2023-11-27T10:34:39.191+0000] {dagbag.py:539} INFO - Filling up the DagBag from /home/airflow/.local/lib/python3.8/site-packages/airflow/example_dags/example_kubernetes_executor.py
[2023-11-27T10:34:39.448+0000] {processor.py:839} INFO - DAG(s) dict_keys(['example_kubernetes_executor']) retrieved from /home/airflow/.local/lib/python3.8/site-packages/airflow/example_dags/example_kubernetes_executor.py
[2023-11-27T10:34:39.474+0000] {logging_mixin.py:151} INFO - [2023-11-27T10:34:39.474+0000] {dag.py:2915} INFO - Sync 1 DAGs
[2023-11-27T10:34:39.483+0000] {logging_mixin.py:151} INFO - [2023-11-27T10:34:39.483+0000] {dag.py:3696} INFO - Setting next_dagrun for example_kubernetes_executor to None, run_after=None
[2023-11-27T10:34:39.499+0000] {processor.py:179} INFO - Processing /home/airflow/.local/lib/python3.8/site-packages/airflow/example_dags/example_kubernetes_executor.py took 0.332 seconds
[2023-11-27T10:35:09.649+0000] {processor.py:157} INFO - Started process (PID=324) to work on /home/airflow/.local/lib/python3.8/site-packages/airflow/example_dags/example_kubernetes_executor.py
[2023-11-27T10:35:09.652+0000] {processor.py:829} INFO - Processing file /home/airflow/.local/lib/python3.8/site-packages/airflow/example_dags/example_kubernetes_executor.py for tasks to queue
[2023-11-27T10:35:09.656+0000] {logging_mixin.py:151} INFO - [2023-11-27T10:35:09.656+0000] {dagbag.py:539} INFO - Filling up the DagBag from /home/airflow/.local/lib/python3.8/site-packages/airflow/example_dags/example_kubernetes_executor.py
[2023-11-27T10:35:09.850+0000] {processor.py:839} INFO - DAG(s) dict_keys(['example_kubernetes_executor']) retrieved from /home/airflow/.local/lib/python3.8/site-packages/airflow/example_dags/example_kubernetes_executor.py
[2023-11-27T10:35:09.882+0000] {logging_mixin.py:151} INFO - [2023-11-27T10:35:09.881+0000] {dag.py:2915} INFO - Sync 1 DAGs
[2023-11-27T10:35:09.891+0000] {logging_mixin.py:151} INFO - [2023-11-27T10:35:09.891+0000] {dag.py:3696} INFO - Setting next_dagrun for example_kubernetes_executor to None, run_after=None
[2023-11-27T10:35:09.903+0000] {processor.py:179} INFO - Processing /home/airflow/.local/lib/python3.8/site-packages/airflow/example_dags/example_kubernetes_executor.py took 0.261 seconds
[2023-11-27T10:35:40.011+0000] {processor.py:157} INFO - Started process (PID=378) to work on /home/airflow/.local/lib/python3.8/site-packages/airflow/example_dags/example_kubernetes_executor.py
[2023-11-27T10:35:40.013+0000] {processor.py:829} INFO - Processing file /home/airflow/.local/lib/python3.8/site-packages/airflow/example_dags/example_kubernetes_executor.py for tasks to queue
[2023-11-27T10:35:40.017+0000] {logging_mixin.py:151} INFO - [2023-11-27T10:35:40.016+0000] {dagbag.py:539} INFO - Filling up the DagBag from /home/airflow/.local/lib/python3.8/site-packages/airflow/example_dags/example_kubernetes_executor.py
[2023-11-27T10:35:40.201+0000] {processor.py:839} INFO - DAG(s) dict_keys(['example_kubernetes_executor']) retrieved from /home/airflow/.local/lib/python3.8/site-packages/airflow/example_dags/example_kubernetes_executor.py
[2023-11-27T10:35:40.228+0000] {logging_mixin.py:151} INFO - [2023-11-27T10:35:40.228+0000] {dag.py:2915} INFO - Sync 1 DAGs
[2023-11-27T10:35:40.238+0000] {logging_mixin.py:151} INFO - [2023-11-27T10:35:40.237+0000] {dag.py:3696} INFO - Setting next_dagrun for example_kubernetes_executor to None, run_after=None
[2023-11-27T10:35:40.249+0000] {processor.py:179} INFO - Processing /home/airflow/.local/lib/python3.8/site-packages/airflow/example_dags/example_kubernetes_executor.py took 0.244 seconds
[2023-11-27T10:36:10.278+0000] {processor.py:157} INFO - Started process (PID=435) to work on /home/airflow/.local/lib/python3.8/site-packages/airflow/example_dags/example_kubernetes_executor.py
[2023-11-27T10:36:10.279+0000] {processor.py:829} INFO - Processing file /home/airflow/.local/lib/python3.8/site-packages/airflow/example_dags/example_kubernetes_executor.py for tasks to queue
[2023-11-27T10:36:10.281+0000] {logging_mixin.py:151} INFO - [2023-11-27T10:36:10.280+0000] {dagbag.py:539} INFO - Filling up the DagBag from /home/airflow/.local/lib/python3.8/site-packages/airflow/example_dags/example_kubernetes_executor.py
[2023-11-27T10:36:10.429+0000] {processor.py:839} INFO - DAG(s) dict_keys(['example_kubernetes_executor']) retrieved from /home/airflow/.local/lib/python3.8/site-packages/airflow/example_dags/example_kubernetes_executor.py
[2023-11-27T10:36:10.450+0000] {logging_mixin.py:151} INFO - [2023-11-27T10:36:10.450+0000] {dag.py:2915} INFO - Sync 1 DAGs
[2023-11-27T10:36:10.457+0000] {logging_mixin.py:151} INFO - [2023-11-27T10:36:10.456+0000] {dag.py:3696} INFO - Setting next_dagrun for example_kubernetes_executor to None, run_after=None
[2023-11-27T10:36:10.465+0000] {processor.py:179} INFO - Processing /home/airflow/.local/lib/python3.8/site-packages/airflow/example_dags/example_kubernetes_executor.py took 0.189 seconds
[2023-11-27T10:36:40.614+0000] {processor.py:157} INFO - Started process (PID=491) to work on /home/airflow/.local/lib/python3.8/site-packages/airflow/example_dags/example_kubernetes_executor.py
[2023-11-27T10:36:40.615+0000] {processor.py:829} INFO - Processing file /home/airflow/.local/lib/python3.8/site-packages/airflow/example_dags/example_kubernetes_executor.py for tasks to queue
[2023-11-27T10:36:40.616+0000] {logging_mixin.py:151} INFO - [2023-11-27T10:36:40.616+0000] {dagbag.py:539} INFO - Filling up the DagBag from /home/airflow/.local/lib/python3.8/site-packages/airflow/example_dags/example_kubernetes_executor.py
[2023-11-27T10:36:40.761+0000] {processor.py:839} INFO - DAG(s) dict_keys(['example_kubernetes_executor']) retrieved from /home/airflow/.local/lib/python3.8/site-packages/airflow/example_dags/example_kubernetes_executor.py
[2023-11-27T10:36:40.817+0000] {logging_mixin.py:151} INFO - [2023-11-27T10:36:40.816+0000] {dag.py:2915} INFO - Sync 1 DAGs
[2023-11-27T10:36:40.829+0000] {logging_mixin.py:151} INFO - [2023-11-27T10:36:40.829+0000] {dag.py:3696} INFO - Setting next_dagrun for example_kubernetes_executor to None, run_after=None
[2023-11-27T10:36:40.843+0000] {processor.py:179} INFO - Processing /home/airflow/.local/lib/python3.8/site-packages/airflow/example_dags/example_kubernetes_executor.py took 0.231 seconds
[2023-11-27T10:37:11.310+0000] {processor.py:157} INFO - Started process (PID=540) to work on /home/airflow/.local/lib/python3.8/site-packages/airflow/example_dags/example_kubernetes_executor.py
[2023-11-27T10:37:11.312+0000] {processor.py:829} INFO - Processing file /home/airflow/.local/lib/python3.8/site-packages/airflow/example_dags/example_kubernetes_executor.py for tasks to queue
[2023-11-27T10:37:11.315+0000] {logging_mixin.py:151} INFO - [2023-11-27T10:37:11.315+0000] {dagbag.py:539} INFO - Filling up the DagBag from /home/airflow/.local/lib/python3.8/site-packages/airflow/example_dags/example_kubernetes_executor.py
[2023-11-27T10:37:11.527+0000] {processor.py:839} INFO - DAG(s) dict_keys(['example_kubernetes_executor']) retrieved from /home/airflow/.local/lib/python3.8/site-packages/airflow/example_dags/example_kubernetes_executor.py
[2023-11-27T10:37:11.553+0000] {logging_mixin.py:151} INFO - [2023-11-27T10:37:11.552+0000] {dag.py:2915} INFO - Sync 1 DAGs
[2023-11-27T10:37:11.563+0000] {logging_mixin.py:151} INFO - [2023-11-27T10:37:11.563+0000] {dag.py:3696} INFO - Setting next_dagrun for example_kubernetes_executor to None, run_after=None
[2023-11-27T10:37:11.573+0000] {processor.py:179} INFO - Processing /home/airflow/.local/lib/python3.8/site-packages/airflow/example_dags/example_kubernetes_executor.py took 0.271 seconds
[2023-11-27T10:37:42.353+0000] {processor.py:157} INFO - Started process (PID=594) to work on /home/airflow/.local/lib/python3.8/site-packages/airflow/example_dags/example_kubernetes_executor.py
[2023-11-27T10:37:42.360+0000] {processor.py:829} INFO - Processing file /home/airflow/.local/lib/python3.8/site-packages/airflow/example_dags/example_kubernetes_executor.py for tasks to queue
[2023-11-27T10:37:42.369+0000] {logging_mixin.py:151} INFO - [2023-11-27T10:37:42.369+0000] {dagbag.py:539} INFO - Filling up the DagBag from /home/airflow/.local/lib/python3.8/site-packages/airflow/example_dags/example_kubernetes_executor.py
[2023-11-27T10:37:43.162+0000] {processor.py:839} INFO - DAG(s) dict_keys(['example_kubernetes_executor']) retrieved from /home/airflow/.local/lib/python3.8/site-packages/airflow/example_dags/example_kubernetes_executor.py
[2023-11-27T10:37:43.344+0000] {logging_mixin.py:151} INFO - [2023-11-27T10:37:43.342+0000] {dag.py:2915} INFO - Sync 1 DAGs
[2023-11-27T10:37:43.400+0000] {logging_mixin.py:151} INFO - [2023-11-27T10:37:43.400+0000] {dag.py:3696} INFO - Setting next_dagrun for example_kubernetes_executor to None, run_after=None
[2023-11-27T10:37:43.463+0000] {processor.py:179} INFO - Processing /home/airflow/.local/lib/python3.8/site-packages/airflow/example_dags/example_kubernetes_executor.py took 1.126 seconds
[2023-11-27T10:38:13.952+0000] {processor.py:157} INFO - Started process (PID=649) to work on /home/airflow/.local/lib/python3.8/site-packages/airflow/example_dags/example_kubernetes_executor.py
[2023-11-27T10:38:13.954+0000] {processor.py:829} INFO - Processing file /home/airflow/.local/lib/python3.8/site-packages/airflow/example_dags/example_kubernetes_executor.py for tasks to queue
[2023-11-27T10:38:13.956+0000] {logging_mixin.py:151} INFO - [2023-11-27T10:38:13.955+0000] {dagbag.py:539} INFO - Filling up the DagBag from /home/airflow/.local/lib/python3.8/site-packages/airflow/example_dags/example_kubernetes_executor.py
[2023-11-27T10:38:14.140+0000] {processor.py:839} INFO - DAG(s) dict_keys(['example_kubernetes_executor']) retrieved from /home/airflow/.local/lib/python3.8/site-packages/airflow/example_dags/example_kubernetes_executor.py
[2023-11-27T10:38:14.164+0000] {logging_mixin.py:151} INFO - [2023-11-27T10:38:14.164+0000] {dag.py:2915} INFO - Sync 1 DAGs
[2023-11-27T10:38:14.175+0000] {logging_mixin.py:151} INFO - [2023-11-27T10:38:14.175+0000] {dag.py:3696} INFO - Setting next_dagrun for example_kubernetes_executor to None, run_after=None
[2023-11-27T10:38:14.189+0000] {processor.py:179} INFO - Processing /home/airflow/.local/lib/python3.8/site-packages/airflow/example_dags/example_kubernetes_executor.py took 0.241 seconds
[2023-11-27T10:38:44.337+0000] {processor.py:157} INFO - Started process (PID=703) to work on /home/airflow/.local/lib/python3.8/site-packages/airflow/example_dags/example_kubernetes_executor.py
[2023-11-27T10:38:44.338+0000] {processor.py:829} INFO - Processing file /home/airflow/.local/lib/python3.8/site-packages/airflow/example_dags/example_kubernetes_executor.py for tasks to queue
[2023-11-27T10:38:44.340+0000] {logging_mixin.py:151} INFO - [2023-11-27T10:38:44.340+0000] {dagbag.py:539} INFO - Filling up the DagBag from /home/airflow/.local/lib/python3.8/site-packages/airflow/example_dags/example_kubernetes_executor.py
[2023-11-27T10:38:44.518+0000] {processor.py:839} INFO - DAG(s) dict_keys(['example_kubernetes_executor']) retrieved from /home/airflow/.local/lib/python3.8/site-packages/airflow/example_dags/example_kubernetes_executor.py
[2023-11-27T10:38:44.542+0000] {logging_mixin.py:151} INFO - [2023-11-27T10:38:44.541+0000] {dag.py:2915} INFO - Sync 1 DAGs
[2023-11-27T10:38:44.551+0000] {logging_mixin.py:151} INFO - [2023-11-27T10:38:44.551+0000] {dag.py:3696} INFO - Setting next_dagrun for example_kubernetes_executor to None, run_after=None
[2023-11-27T10:38:44.571+0000] {processor.py:179} INFO - Processing /home/airflow/.local/lib/python3.8/site-packages/airflow/example_dags/example_kubernetes_executor.py took 0.238 seconds
[2023-11-27T10:39:15.065+0000] {processor.py:157} INFO - Started process (PID=758) to work on /home/airflow/.local/lib/python3.8/site-packages/airflow/example_dags/example_kubernetes_executor.py
[2023-11-27T10:39:15.067+0000] {processor.py:829} INFO - Processing file /home/airflow/.local/lib/python3.8/site-packages/airflow/example_dags/example_kubernetes_executor.py for tasks to queue
[2023-11-27T10:39:15.069+0000] {logging_mixin.py:151} INFO - [2023-11-27T10:39:15.069+0000] {dagbag.py:539} INFO - Filling up the DagBag from /home/airflow/.local/lib/python3.8/site-packages/airflow/example_dags/example_kubernetes_executor.py
[2023-11-27T10:39:15.264+0000] {processor.py:839} INFO - DAG(s) dict_keys(['example_kubernetes_executor']) retrieved from /home/airflow/.local/lib/python3.8/site-packages/airflow/example_dags/example_kubernetes_executor.py
[2023-11-27T10:39:15.297+0000] {logging_mixin.py:151} INFO - [2023-11-27T10:39:15.296+0000] {dag.py:2915} INFO - Sync 1 DAGs
[2023-11-27T10:39:15.308+0000] {logging_mixin.py:151} INFO - [2023-11-27T10:39:15.308+0000] {dag.py:3696} INFO - Setting next_dagrun for example_kubernetes_executor to None, run_after=None
[2023-11-27T10:39:15.320+0000] {processor.py:179} INFO - Processing /home/airflow/.local/lib/python3.8/site-packages/airflow/example_dags/example_kubernetes_executor.py took 0.261 seconds
[2023-11-27T10:39:45.692+0000] {processor.py:157} INFO - Started process (PID=812) to work on /home/airflow/.local/lib/python3.8/site-packages/airflow/example_dags/example_kubernetes_executor.py
[2023-11-27T10:39:45.693+0000] {processor.py:829} INFO - Processing file /home/airflow/.local/lib/python3.8/site-packages/airflow/example_dags/example_kubernetes_executor.py for tasks to queue
[2023-11-27T10:39:45.696+0000] {logging_mixin.py:151} INFO - [2023-11-27T10:39:45.696+0000] {dagbag.py:539} INFO - Filling up the DagBag from /home/airflow/.local/lib/python3.8/site-packages/airflow/example_dags/example_kubernetes_executor.py
[2023-11-27T10:39:45.893+0000] {processor.py:839} INFO - DAG(s) dict_keys(['example_kubernetes_executor']) retrieved from /home/airflow/.local/lib/python3.8/site-packages/airflow/example_dags/example_kubernetes_executor.py
[2023-11-27T10:39:45.940+0000] {logging_mixin.py:151} INFO - [2023-11-27T10:39:45.940+0000] {dag.py:2915} INFO - Sync 1 DAGs
[2023-11-27T10:39:45.964+0000] {logging_mixin.py:151} INFO - [2023-11-27T10:39:45.964+0000] {dag.py:3696} INFO - Setting next_dagrun for example_kubernetes_executor to None, run_after=None
[2023-11-27T10:39:45.978+0000] {processor.py:179} INFO - Processing /home/airflow/.local/lib/python3.8/site-packages/airflow/example_dags/example_kubernetes_executor.py took 0.290 seconds
