[2023-11-27T10:09:23.487+0000] {processor.py:157} INFO - Started process (PID=60) to work on /home/airflow/.local/lib/python3.8/site-packages/airflow/example_dags/example_setup_teardown_taskflow.py
[2023-11-27T10:09:23.499+0000] {processor.py:829} INFO - Processing file /home/airflow/.local/lib/python3.8/site-packages/airflow/example_dags/example_setup_teardown_taskflow.py for tasks to queue
[2023-11-27T10:09:23.571+0000] {logging_mixin.py:151} INFO - [2023-11-27T10:09:23.568+0000] {dagbag.py:539} INFO - Filling up the DagBag from /home/airflow/.local/lib/python3.8/site-packages/airflow/example_dags/example_setup_teardown_taskflow.py
[2023-11-27T10:09:23.791+0000] {processor.py:839} INFO - DAG(s) dict_keys(['example_setup_teardown_taskflow']) retrieved from /home/airflow/.local/lib/python3.8/site-packages/airflow/example_dags/example_setup_teardown_taskflow.py
[2023-11-27T10:09:24.077+0000] {logging_mixin.py:151} INFO - [2023-11-27T10:09:24.072+0000] {dag.py:2915} INFO - Sync 1 DAGs
[2023-11-27T10:09:24.387+0000] {logging_mixin.py:151} INFO - [2023-11-27T10:09:24.387+0000] {dag.py:3696} INFO - Setting next_dagrun for example_setup_teardown_taskflow to 2023-11-26T10:09:24.376714+00:00, run_after=2023-11-27T10:09:24.376714+00:00
[2023-11-27T10:09:24.507+0000] {processor.py:179} INFO - Processing /home/airflow/.local/lib/python3.8/site-packages/airflow/example_dags/example_setup_teardown_taskflow.py took 1.103 seconds
[2023-11-27T10:09:55.515+0000] {processor.py:157} INFO - Started process (PID=114) to work on /home/airflow/.local/lib/python3.8/site-packages/airflow/example_dags/example_setup_teardown_taskflow.py
[2023-11-27T10:09:55.528+0000] {processor.py:829} INFO - Processing file /home/airflow/.local/lib/python3.8/site-packages/airflow/example_dags/example_setup_teardown_taskflow.py for tasks to queue
[2023-11-27T10:09:55.535+0000] {logging_mixin.py:151} INFO - [2023-11-27T10:09:55.534+0000] {dagbag.py:539} INFO - Filling up the DagBag from /home/airflow/.local/lib/python3.8/site-packages/airflow/example_dags/example_setup_teardown_taskflow.py
[2023-11-27T10:09:55.579+0000] {processor.py:839} INFO - DAG(s) dict_keys(['example_setup_teardown_taskflow']) retrieved from /home/airflow/.local/lib/python3.8/site-packages/airflow/example_dags/example_setup_teardown_taskflow.py
[2023-11-27T10:09:55.633+0000] {logging_mixin.py:151} INFO - [2023-11-27T10:09:55.633+0000] {dag.py:2915} INFO - Sync 1 DAGs
[2023-11-27T10:09:55.674+0000] {logging_mixin.py:151} INFO - [2023-11-27T10:09:55.674+0000] {dag.py:3696} INFO - Setting next_dagrun for example_setup_teardown_taskflow to 2023-11-26T10:09:55.673171+00:00, run_after=2023-11-27T10:09:55.673171+00:00
[2023-11-27T10:09:55.702+0000] {processor.py:179} INFO - Processing /home/airflow/.local/lib/python3.8/site-packages/airflow/example_dags/example_setup_teardown_taskflow.py took 0.221 seconds
[2023-11-27T10:10:26.599+0000] {processor.py:157} INFO - Started process (PID=168) to work on /home/airflow/.local/lib/python3.8/site-packages/airflow/example_dags/example_setup_teardown_taskflow.py
[2023-11-27T10:10:26.603+0000] {processor.py:829} INFO - Processing file /home/airflow/.local/lib/python3.8/site-packages/airflow/example_dags/example_setup_teardown_taskflow.py for tasks to queue
[2023-11-27T10:10:26.621+0000] {logging_mixin.py:151} INFO - [2023-11-27T10:10:26.620+0000] {dagbag.py:539} INFO - Filling up the DagBag from /home/airflow/.local/lib/python3.8/site-packages/airflow/example_dags/example_setup_teardown_taskflow.py
[2023-11-27T10:10:26.654+0000] {processor.py:839} INFO - DAG(s) dict_keys(['example_setup_teardown_taskflow']) retrieved from /home/airflow/.local/lib/python3.8/site-packages/airflow/example_dags/example_setup_teardown_taskflow.py
[2023-11-27T10:10:26.743+0000] {logging_mixin.py:151} INFO - [2023-11-27T10:10:26.743+0000] {dag.py:2915} INFO - Sync 1 DAGs
[2023-11-27T10:10:26.777+0000] {logging_mixin.py:151} INFO - [2023-11-27T10:10:26.776+0000] {dag.py:3696} INFO - Setting next_dagrun for example_setup_teardown_taskflow to 2023-11-26T10:10:26.774523+00:00, run_after=2023-11-27T10:10:26.774523+00:00
[2023-11-27T10:10:26.793+0000] {processor.py:179} INFO - Processing /home/airflow/.local/lib/python3.8/site-packages/airflow/example_dags/example_setup_teardown_taskflow.py took 0.204 seconds
[2023-11-27T10:10:57.014+0000] {processor.py:157} INFO - Started process (PID=222) to work on /home/airflow/.local/lib/python3.8/site-packages/airflow/example_dags/example_setup_teardown_taskflow.py
[2023-11-27T10:10:57.017+0000] {processor.py:829} INFO - Processing file /home/airflow/.local/lib/python3.8/site-packages/airflow/example_dags/example_setup_teardown_taskflow.py for tasks to queue
[2023-11-27T10:10:57.021+0000] {logging_mixin.py:151} INFO - [2023-11-27T10:10:57.021+0000] {dagbag.py:539} INFO - Filling up the DagBag from /home/airflow/.local/lib/python3.8/site-packages/airflow/example_dags/example_setup_teardown_taskflow.py
[2023-11-27T10:10:57.030+0000] {processor.py:839} INFO - DAG(s) dict_keys(['example_setup_teardown_taskflow']) retrieved from /home/airflow/.local/lib/python3.8/site-packages/airflow/example_dags/example_setup_teardown_taskflow.py
[2023-11-27T10:10:57.051+0000] {logging_mixin.py:151} INFO - [2023-11-27T10:10:57.051+0000] {dag.py:2915} INFO - Sync 1 DAGs
[2023-11-27T10:10:57.073+0000] {logging_mixin.py:151} INFO - [2023-11-27T10:10:57.073+0000] {dag.py:3696} INFO - Setting next_dagrun for example_setup_teardown_taskflow to 2023-11-26T10:10:57.072835+00:00, run_after=2023-11-27T10:10:57.072835+00:00
[2023-11-27T10:10:57.086+0000] {processor.py:179} INFO - Processing /home/airflow/.local/lib/python3.8/site-packages/airflow/example_dags/example_setup_teardown_taskflow.py took 0.077 seconds
[2023-11-27T10:11:27.409+0000] {processor.py:157} INFO - Started process (PID=276) to work on /home/airflow/.local/lib/python3.8/site-packages/airflow/example_dags/example_setup_teardown_taskflow.py
[2023-11-27T10:11:27.413+0000] {processor.py:829} INFO - Processing file /home/airflow/.local/lib/python3.8/site-packages/airflow/example_dags/example_setup_teardown_taskflow.py for tasks to queue
[2023-11-27T10:11:27.419+0000] {logging_mixin.py:151} INFO - [2023-11-27T10:11:27.419+0000] {dagbag.py:539} INFO - Filling up the DagBag from /home/airflow/.local/lib/python3.8/site-packages/airflow/example_dags/example_setup_teardown_taskflow.py
[2023-11-27T10:11:27.429+0000] {processor.py:839} INFO - DAG(s) dict_keys(['example_setup_teardown_taskflow']) retrieved from /home/airflow/.local/lib/python3.8/site-packages/airflow/example_dags/example_setup_teardown_taskflow.py
[2023-11-27T10:11:27.455+0000] {logging_mixin.py:151} INFO - [2023-11-27T10:11:27.454+0000] {dag.py:2915} INFO - Sync 1 DAGs
[2023-11-27T10:11:27.469+0000] {logging_mixin.py:151} INFO - [2023-11-27T10:11:27.468+0000] {dag.py:3696} INFO - Setting next_dagrun for example_setup_teardown_taskflow to 2023-11-26T10:11:27.468736+00:00, run_after=2023-11-27T10:11:27.468736+00:00
[2023-11-27T10:11:27.479+0000] {processor.py:179} INFO - Processing /home/airflow/.local/lib/python3.8/site-packages/airflow/example_dags/example_setup_teardown_taskflow.py took 0.078 seconds
[2023-11-27T10:11:57.730+0000] {processor.py:157} INFO - Started process (PID=330) to work on /home/airflow/.local/lib/python3.8/site-packages/airflow/example_dags/example_setup_teardown_taskflow.py
[2023-11-27T10:11:57.732+0000] {processor.py:829} INFO - Processing file /home/airflow/.local/lib/python3.8/site-packages/airflow/example_dags/example_setup_teardown_taskflow.py for tasks to queue
[2023-11-27T10:11:57.738+0000] {logging_mixin.py:151} INFO - [2023-11-27T10:11:57.737+0000] {dagbag.py:539} INFO - Filling up the DagBag from /home/airflow/.local/lib/python3.8/site-packages/airflow/example_dags/example_setup_teardown_taskflow.py
[2023-11-27T10:11:57.751+0000] {processor.py:839} INFO - DAG(s) dict_keys(['example_setup_teardown_taskflow']) retrieved from /home/airflow/.local/lib/python3.8/site-packages/airflow/example_dags/example_setup_teardown_taskflow.py
[2023-11-27T10:11:57.771+0000] {logging_mixin.py:151} INFO - [2023-11-27T10:11:57.771+0000] {dag.py:2915} INFO - Sync 1 DAGs
[2023-11-27T10:11:57.792+0000] {logging_mixin.py:151} INFO - [2023-11-27T10:11:57.792+0000] {dag.py:3696} INFO - Setting next_dagrun for example_setup_teardown_taskflow to 2023-11-26T10:11:57.792031+00:00, run_after=2023-11-27T10:11:57.792031+00:00
[2023-11-27T10:11:57.804+0000] {processor.py:179} INFO - Processing /home/airflow/.local/lib/python3.8/site-packages/airflow/example_dags/example_setup_teardown_taskflow.py took 0.083 seconds
[2023-11-27T10:12:28.140+0000] {processor.py:157} INFO - Started process (PID=384) to work on /home/airflow/.local/lib/python3.8/site-packages/airflow/example_dags/example_setup_teardown_taskflow.py
[2023-11-27T10:12:28.141+0000] {processor.py:829} INFO - Processing file /home/airflow/.local/lib/python3.8/site-packages/airflow/example_dags/example_setup_teardown_taskflow.py for tasks to queue
[2023-11-27T10:12:28.144+0000] {logging_mixin.py:151} INFO - [2023-11-27T10:12:28.143+0000] {dagbag.py:539} INFO - Filling up the DagBag from /home/airflow/.local/lib/python3.8/site-packages/airflow/example_dags/example_setup_teardown_taskflow.py
[2023-11-27T10:12:28.162+0000] {processor.py:839} INFO - DAG(s) dict_keys(['example_setup_teardown_taskflow']) retrieved from /home/airflow/.local/lib/python3.8/site-packages/airflow/example_dags/example_setup_teardown_taskflow.py
[2023-11-27T10:12:28.182+0000] {logging_mixin.py:151} INFO - [2023-11-27T10:12:28.182+0000] {dag.py:2915} INFO - Sync 1 DAGs
[2023-11-27T10:12:28.194+0000] {logging_mixin.py:151} INFO - [2023-11-27T10:12:28.194+0000] {dag.py:3696} INFO - Setting next_dagrun for example_setup_teardown_taskflow to 2023-11-26T10:12:28.194447+00:00, run_after=2023-11-27T10:12:28.194447+00:00
[2023-11-27T10:12:28.204+0000] {processor.py:179} INFO - Processing /home/airflow/.local/lib/python3.8/site-packages/airflow/example_dags/example_setup_teardown_taskflow.py took 0.072 seconds
[2023-11-27T10:12:58.441+0000] {processor.py:157} INFO - Started process (PID=438) to work on /home/airflow/.local/lib/python3.8/site-packages/airflow/example_dags/example_setup_teardown_taskflow.py
[2023-11-27T10:12:58.443+0000] {processor.py:829} INFO - Processing file /home/airflow/.local/lib/python3.8/site-packages/airflow/example_dags/example_setup_teardown_taskflow.py for tasks to queue
[2023-11-27T10:12:58.445+0000] {logging_mixin.py:151} INFO - [2023-11-27T10:12:58.445+0000] {dagbag.py:539} INFO - Filling up the DagBag from /home/airflow/.local/lib/python3.8/site-packages/airflow/example_dags/example_setup_teardown_taskflow.py
[2023-11-27T10:12:58.454+0000] {processor.py:839} INFO - DAG(s) dict_keys(['example_setup_teardown_taskflow']) retrieved from /home/airflow/.local/lib/python3.8/site-packages/airflow/example_dags/example_setup_teardown_taskflow.py
[2023-11-27T10:12:58.472+0000] {logging_mixin.py:151} INFO - [2023-11-27T10:12:58.472+0000] {dag.py:2915} INFO - Sync 1 DAGs
[2023-11-27T10:12:58.489+0000] {logging_mixin.py:151} INFO - [2023-11-27T10:12:58.489+0000] {dag.py:3696} INFO - Setting next_dagrun for example_setup_teardown_taskflow to 2023-11-26T10:12:58.489123+00:00, run_after=2023-11-27T10:12:58.489123+00:00
[2023-11-27T10:12:58.500+0000] {processor.py:179} INFO - Processing /home/airflow/.local/lib/python3.8/site-packages/airflow/example_dags/example_setup_teardown_taskflow.py took 0.064 seconds
[2023-11-27T10:13:29.190+0000] {processor.py:157} INFO - Started process (PID=492) to work on /home/airflow/.local/lib/python3.8/site-packages/airflow/example_dags/example_setup_teardown_taskflow.py
[2023-11-27T10:13:29.193+0000] {processor.py:829} INFO - Processing file /home/airflow/.local/lib/python3.8/site-packages/airflow/example_dags/example_setup_teardown_taskflow.py for tasks to queue
[2023-11-27T10:13:29.197+0000] {logging_mixin.py:151} INFO - [2023-11-27T10:13:29.196+0000] {dagbag.py:539} INFO - Filling up the DagBag from /home/airflow/.local/lib/python3.8/site-packages/airflow/example_dags/example_setup_teardown_taskflow.py
[2023-11-27T10:13:29.207+0000] {processor.py:839} INFO - DAG(s) dict_keys(['example_setup_teardown_taskflow']) retrieved from /home/airflow/.local/lib/python3.8/site-packages/airflow/example_dags/example_setup_teardown_taskflow.py
[2023-11-27T10:13:29.226+0000] {logging_mixin.py:151} INFO - [2023-11-27T10:13:29.226+0000] {dag.py:2915} INFO - Sync 1 DAGs
[2023-11-27T10:13:29.240+0000] {logging_mixin.py:151} INFO - [2023-11-27T10:13:29.240+0000] {dag.py:3696} INFO - Setting next_dagrun for example_setup_teardown_taskflow to 2023-11-26T10:13:29.240059+00:00, run_after=2023-11-27T10:13:29.240059+00:00
[2023-11-27T10:13:29.262+0000] {processor.py:179} INFO - Processing /home/airflow/.local/lib/python3.8/site-packages/airflow/example_dags/example_setup_teardown_taskflow.py took 0.079 seconds
[2023-11-27T10:13:59.457+0000] {processor.py:157} INFO - Started process (PID=546) to work on /home/airflow/.local/lib/python3.8/site-packages/airflow/example_dags/example_setup_teardown_taskflow.py
[2023-11-27T10:13:59.459+0000] {processor.py:829} INFO - Processing file /home/airflow/.local/lib/python3.8/site-packages/airflow/example_dags/example_setup_teardown_taskflow.py for tasks to queue
[2023-11-27T10:13:59.462+0000] {logging_mixin.py:151} INFO - [2023-11-27T10:13:59.462+0000] {dagbag.py:539} INFO - Filling up the DagBag from /home/airflow/.local/lib/python3.8/site-packages/airflow/example_dags/example_setup_teardown_taskflow.py
[2023-11-27T10:13:59.473+0000] {processor.py:839} INFO - DAG(s) dict_keys(['example_setup_teardown_taskflow']) retrieved from /home/airflow/.local/lib/python3.8/site-packages/airflow/example_dags/example_setup_teardown_taskflow.py
[2023-11-27T10:13:59.497+0000] {logging_mixin.py:151} INFO - [2023-11-27T10:13:59.497+0000] {dag.py:2915} INFO - Sync 1 DAGs
[2023-11-27T10:13:59.514+0000] {logging_mixin.py:151} INFO - [2023-11-27T10:13:59.514+0000] {dag.py:3696} INFO - Setting next_dagrun for example_setup_teardown_taskflow to 2023-11-26T10:13:59.514150+00:00, run_after=2023-11-27T10:13:59.514150+00:00
[2023-11-27T10:13:59.525+0000] {processor.py:179} INFO - Processing /home/airflow/.local/lib/python3.8/site-packages/airflow/example_dags/example_setup_teardown_taskflow.py took 0.074 seconds
[2023-11-27T10:14:29.755+0000] {processor.py:157} INFO - Started process (PID=600) to work on /home/airflow/.local/lib/python3.8/site-packages/airflow/example_dags/example_setup_teardown_taskflow.py
[2023-11-27T10:14:29.757+0000] {processor.py:829} INFO - Processing file /home/airflow/.local/lib/python3.8/site-packages/airflow/example_dags/example_setup_teardown_taskflow.py for tasks to queue
[2023-11-27T10:14:29.761+0000] {logging_mixin.py:151} INFO - [2023-11-27T10:14:29.761+0000] {dagbag.py:539} INFO - Filling up the DagBag from /home/airflow/.local/lib/python3.8/site-packages/airflow/example_dags/example_setup_teardown_taskflow.py
[2023-11-27T10:14:29.772+0000] {processor.py:839} INFO - DAG(s) dict_keys(['example_setup_teardown_taskflow']) retrieved from /home/airflow/.local/lib/python3.8/site-packages/airflow/example_dags/example_setup_teardown_taskflow.py
[2023-11-27T10:14:29.797+0000] {logging_mixin.py:151} INFO - [2023-11-27T10:14:29.797+0000] {dag.py:2915} INFO - Sync 1 DAGs
[2023-11-27T10:14:29.828+0000] {logging_mixin.py:151} INFO - [2023-11-27T10:14:29.828+0000] {dag.py:3696} INFO - Setting next_dagrun for example_setup_teardown_taskflow to 2023-11-26T10:14:29.823026+00:00, run_after=2023-11-27T10:14:29.823026+00:00
[2023-11-27T10:14:29.843+0000] {processor.py:179} INFO - Processing /home/airflow/.local/lib/python3.8/site-packages/airflow/example_dags/example_setup_teardown_taskflow.py took 0.094 seconds
[2023-11-27T10:15:00.312+0000] {processor.py:157} INFO - Started process (PID=654) to work on /home/airflow/.local/lib/python3.8/site-packages/airflow/example_dags/example_setup_teardown_taskflow.py
[2023-11-27T10:15:00.314+0000] {processor.py:829} INFO - Processing file /home/airflow/.local/lib/python3.8/site-packages/airflow/example_dags/example_setup_teardown_taskflow.py for tasks to queue
[2023-11-27T10:15:00.317+0000] {logging_mixin.py:151} INFO - [2023-11-27T10:15:00.317+0000] {dagbag.py:539} INFO - Filling up the DagBag from /home/airflow/.local/lib/python3.8/site-packages/airflow/example_dags/example_setup_teardown_taskflow.py
[2023-11-27T10:15:00.325+0000] {processor.py:839} INFO - DAG(s) dict_keys(['example_setup_teardown_taskflow']) retrieved from /home/airflow/.local/lib/python3.8/site-packages/airflow/example_dags/example_setup_teardown_taskflow.py
[2023-11-27T10:15:00.342+0000] {logging_mixin.py:151} INFO - [2023-11-27T10:15:00.342+0000] {dag.py:2915} INFO - Sync 1 DAGs
[2023-11-27T10:15:00.354+0000] {logging_mixin.py:151} INFO - [2023-11-27T10:15:00.354+0000] {dag.py:3696} INFO - Setting next_dagrun for example_setup_teardown_taskflow to 2023-11-26T10:15:00.354123+00:00, run_after=2023-11-27T10:15:00.354123+00:00
[2023-11-27T10:15:00.364+0000] {processor.py:179} INFO - Processing /home/airflow/.local/lib/python3.8/site-packages/airflow/example_dags/example_setup_teardown_taskflow.py took 0.058 seconds
[2023-11-27T10:15:30.787+0000] {processor.py:157} INFO - Started process (PID=708) to work on /home/airflow/.local/lib/python3.8/site-packages/airflow/example_dags/example_setup_teardown_taskflow.py
[2023-11-27T10:15:30.789+0000] {processor.py:829} INFO - Processing file /home/airflow/.local/lib/python3.8/site-packages/airflow/example_dags/example_setup_teardown_taskflow.py for tasks to queue
[2023-11-27T10:15:30.794+0000] {logging_mixin.py:151} INFO - [2023-11-27T10:15:30.793+0000] {dagbag.py:539} INFO - Filling up the DagBag from /home/airflow/.local/lib/python3.8/site-packages/airflow/example_dags/example_setup_teardown_taskflow.py
[2023-11-27T10:15:30.807+0000] {processor.py:839} INFO - DAG(s) dict_keys(['example_setup_teardown_taskflow']) retrieved from /home/airflow/.local/lib/python3.8/site-packages/airflow/example_dags/example_setup_teardown_taskflow.py
[2023-11-27T10:15:30.831+0000] {logging_mixin.py:151} INFO - [2023-11-27T10:15:30.831+0000] {dag.py:2915} INFO - Sync 1 DAGs
[2023-11-27T10:15:30.861+0000] {logging_mixin.py:151} INFO - [2023-11-27T10:15:30.861+0000] {dag.py:3696} INFO - Setting next_dagrun for example_setup_teardown_taskflow to 2023-11-26T10:15:30.860956+00:00, run_after=2023-11-27T10:15:30.860956+00:00
[2023-11-27T10:15:30.874+0000] {processor.py:179} INFO - Processing /home/airflow/.local/lib/python3.8/site-packages/airflow/example_dags/example_setup_teardown_taskflow.py took 0.096 seconds
[2023-11-27T10:16:01.077+0000] {processor.py:157} INFO - Started process (PID=762) to work on /home/airflow/.local/lib/python3.8/site-packages/airflow/example_dags/example_setup_teardown_taskflow.py
[2023-11-27T10:16:01.084+0000] {processor.py:829} INFO - Processing file /home/airflow/.local/lib/python3.8/site-packages/airflow/example_dags/example_setup_teardown_taskflow.py for tasks to queue
[2023-11-27T10:16:01.097+0000] {logging_mixin.py:151} INFO - [2023-11-27T10:16:01.096+0000] {dagbag.py:539} INFO - Filling up the DagBag from /home/airflow/.local/lib/python3.8/site-packages/airflow/example_dags/example_setup_teardown_taskflow.py
[2023-11-27T10:16:01.111+0000] {processor.py:839} INFO - DAG(s) dict_keys(['example_setup_teardown_taskflow']) retrieved from /home/airflow/.local/lib/python3.8/site-packages/airflow/example_dags/example_setup_teardown_taskflow.py
[2023-11-27T10:16:01.179+0000] {logging_mixin.py:151} INFO - [2023-11-27T10:16:01.179+0000] {dag.py:2915} INFO - Sync 1 DAGs
[2023-11-27T10:16:01.236+0000] {logging_mixin.py:151} INFO - [2023-11-27T10:16:01.236+0000] {dag.py:3696} INFO - Setting next_dagrun for example_setup_teardown_taskflow to 2023-11-26T10:16:01.235735+00:00, run_after=2023-11-27T10:16:01.235735+00:00
[2023-11-27T10:16:01.265+0000] {processor.py:179} INFO - Processing /home/airflow/.local/lib/python3.8/site-packages/airflow/example_dags/example_setup_teardown_taskflow.py took 0.200 seconds
[2023-11-27T10:16:31.866+0000] {processor.py:157} INFO - Started process (PID=816) to work on /home/airflow/.local/lib/python3.8/site-packages/airflow/example_dags/example_setup_teardown_taskflow.py
[2023-11-27T10:16:31.868+0000] {processor.py:829} INFO - Processing file /home/airflow/.local/lib/python3.8/site-packages/airflow/example_dags/example_setup_teardown_taskflow.py for tasks to queue
[2023-11-27T10:16:31.872+0000] {logging_mixin.py:151} INFO - [2023-11-27T10:16:31.872+0000] {dagbag.py:539} INFO - Filling up the DagBag from /home/airflow/.local/lib/python3.8/site-packages/airflow/example_dags/example_setup_teardown_taskflow.py
[2023-11-27T10:16:31.901+0000] {processor.py:839} INFO - DAG(s) dict_keys(['example_setup_teardown_taskflow']) retrieved from /home/airflow/.local/lib/python3.8/site-packages/airflow/example_dags/example_setup_teardown_taskflow.py
[2023-11-27T10:16:31.937+0000] {logging_mixin.py:151} INFO - [2023-11-27T10:16:31.936+0000] {dag.py:2915} INFO - Sync 1 DAGs
[2023-11-27T10:16:31.977+0000] {logging_mixin.py:151} INFO - [2023-11-27T10:16:31.977+0000] {dag.py:3696} INFO - Setting next_dagrun for example_setup_teardown_taskflow to 2023-11-26T10:16:31.977330+00:00, run_after=2023-11-27T10:16:31.977330+00:00
[2023-11-27T10:16:31.996+0000] {processor.py:179} INFO - Processing /home/airflow/.local/lib/python3.8/site-packages/airflow/example_dags/example_setup_teardown_taskflow.py took 0.135 seconds
[2023-11-27T10:17:02.339+0000] {processor.py:157} INFO - Started process (PID=870) to work on /home/airflow/.local/lib/python3.8/site-packages/airflow/example_dags/example_setup_teardown_taskflow.py
[2023-11-27T10:17:02.341+0000] {processor.py:829} INFO - Processing file /home/airflow/.local/lib/python3.8/site-packages/airflow/example_dags/example_setup_teardown_taskflow.py for tasks to queue
[2023-11-27T10:17:02.343+0000] {logging_mixin.py:151} INFO - [2023-11-27T10:17:02.343+0000] {dagbag.py:539} INFO - Filling up the DagBag from /home/airflow/.local/lib/python3.8/site-packages/airflow/example_dags/example_setup_teardown_taskflow.py
[2023-11-27T10:17:02.351+0000] {processor.py:839} INFO - DAG(s) dict_keys(['example_setup_teardown_taskflow']) retrieved from /home/airflow/.local/lib/python3.8/site-packages/airflow/example_dags/example_setup_teardown_taskflow.py
[2023-11-27T10:17:02.366+0000] {logging_mixin.py:151} INFO - [2023-11-27T10:17:02.366+0000] {dag.py:2915} INFO - Sync 1 DAGs
[2023-11-27T10:17:02.378+0000] {logging_mixin.py:151} INFO - [2023-11-27T10:17:02.378+0000] {dag.py:3696} INFO - Setting next_dagrun for example_setup_teardown_taskflow to 2023-11-26T10:17:02.378580+00:00, run_after=2023-11-27T10:17:02.378580+00:00
[2023-11-27T10:17:02.387+0000] {processor.py:179} INFO - Processing /home/airflow/.local/lib/python3.8/site-packages/airflow/example_dags/example_setup_teardown_taskflow.py took 0.056 seconds
[2023-11-27T10:17:32.723+0000] {processor.py:157} INFO - Started process (PID=924) to work on /home/airflow/.local/lib/python3.8/site-packages/airflow/example_dags/example_setup_teardown_taskflow.py
[2023-11-27T10:17:32.725+0000] {processor.py:829} INFO - Processing file /home/airflow/.local/lib/python3.8/site-packages/airflow/example_dags/example_setup_teardown_taskflow.py for tasks to queue
[2023-11-27T10:17:32.729+0000] {logging_mixin.py:151} INFO - [2023-11-27T10:17:32.728+0000] {dagbag.py:539} INFO - Filling up the DagBag from /home/airflow/.local/lib/python3.8/site-packages/airflow/example_dags/example_setup_teardown_taskflow.py
[2023-11-27T10:17:32.741+0000] {processor.py:839} INFO - DAG(s) dict_keys(['example_setup_teardown_taskflow']) retrieved from /home/airflow/.local/lib/python3.8/site-packages/airflow/example_dags/example_setup_teardown_taskflow.py
[2023-11-27T10:17:32.765+0000] {logging_mixin.py:151} INFO - [2023-11-27T10:17:32.765+0000] {dag.py:2915} INFO - Sync 1 DAGs
[2023-11-27T10:17:32.781+0000] {logging_mixin.py:151} INFO - [2023-11-27T10:17:32.781+0000] {dag.py:3696} INFO - Setting next_dagrun for example_setup_teardown_taskflow to 2023-11-26T10:17:32.780916+00:00, run_after=2023-11-27T10:17:32.780916+00:00
[2023-11-27T10:17:32.791+0000] {processor.py:179} INFO - Processing /home/airflow/.local/lib/python3.8/site-packages/airflow/example_dags/example_setup_teardown_taskflow.py took 0.080 seconds
[2023-11-27T10:18:03.251+0000] {processor.py:157} INFO - Started process (PID=978) to work on /home/airflow/.local/lib/python3.8/site-packages/airflow/example_dags/example_setup_teardown_taskflow.py
[2023-11-27T10:18:03.254+0000] {processor.py:829} INFO - Processing file /home/airflow/.local/lib/python3.8/site-packages/airflow/example_dags/example_setup_teardown_taskflow.py for tasks to queue
[2023-11-27T10:18:03.257+0000] {logging_mixin.py:151} INFO - [2023-11-27T10:18:03.257+0000] {dagbag.py:539} INFO - Filling up the DagBag from /home/airflow/.local/lib/python3.8/site-packages/airflow/example_dags/example_setup_teardown_taskflow.py
[2023-11-27T10:18:03.267+0000] {processor.py:839} INFO - DAG(s) dict_keys(['example_setup_teardown_taskflow']) retrieved from /home/airflow/.local/lib/python3.8/site-packages/airflow/example_dags/example_setup_teardown_taskflow.py
[2023-11-27T10:18:03.285+0000] {logging_mixin.py:151} INFO - [2023-11-27T10:18:03.285+0000] {dag.py:2915} INFO - Sync 1 DAGs
[2023-11-27T10:18:03.298+0000] {logging_mixin.py:151} INFO - [2023-11-27T10:18:03.298+0000] {dag.py:3696} INFO - Setting next_dagrun for example_setup_teardown_taskflow to 2023-11-26T10:18:03.298219+00:00, run_after=2023-11-27T10:18:03.298219+00:00
[2023-11-27T10:18:03.307+0000] {processor.py:179} INFO - Processing /home/airflow/.local/lib/python3.8/site-packages/airflow/example_dags/example_setup_teardown_taskflow.py took 0.061 seconds
[2023-11-27T10:18:33.671+0000] {processor.py:157} INFO - Started process (PID=1032) to work on /home/airflow/.local/lib/python3.8/site-packages/airflow/example_dags/example_setup_teardown_taskflow.py
[2023-11-27T10:18:33.674+0000] {processor.py:829} INFO - Processing file /home/airflow/.local/lib/python3.8/site-packages/airflow/example_dags/example_setup_teardown_taskflow.py for tasks to queue
[2023-11-27T10:18:33.677+0000] {logging_mixin.py:151} INFO - [2023-11-27T10:18:33.676+0000] {dagbag.py:539} INFO - Filling up the DagBag from /home/airflow/.local/lib/python3.8/site-packages/airflow/example_dags/example_setup_teardown_taskflow.py
[2023-11-27T10:18:33.685+0000] {processor.py:839} INFO - DAG(s) dict_keys(['example_setup_teardown_taskflow']) retrieved from /home/airflow/.local/lib/python3.8/site-packages/airflow/example_dags/example_setup_teardown_taskflow.py
[2023-11-27T10:18:33.700+0000] {logging_mixin.py:151} INFO - [2023-11-27T10:18:33.700+0000] {dag.py:2915} INFO - Sync 1 DAGs
[2023-11-27T10:18:33.712+0000] {logging_mixin.py:151} INFO - [2023-11-27T10:18:33.712+0000] {dag.py:3696} INFO - Setting next_dagrun for example_setup_teardown_taskflow to 2023-11-26T10:18:33.712115+00:00, run_after=2023-11-27T10:18:33.712115+00:00
[2023-11-27T10:18:33.721+0000] {processor.py:179} INFO - Processing /home/airflow/.local/lib/python3.8/site-packages/airflow/example_dags/example_setup_teardown_taskflow.py took 0.057 seconds
[2023-11-27T10:19:04.589+0000] {processor.py:157} INFO - Started process (PID=1086) to work on /home/airflow/.local/lib/python3.8/site-packages/airflow/example_dags/example_setup_teardown_taskflow.py
[2023-11-27T10:19:04.591+0000] {processor.py:829} INFO - Processing file /home/airflow/.local/lib/python3.8/site-packages/airflow/example_dags/example_setup_teardown_taskflow.py for tasks to queue
[2023-11-27T10:19:04.594+0000] {logging_mixin.py:151} INFO - [2023-11-27T10:19:04.594+0000] {dagbag.py:539} INFO - Filling up the DagBag from /home/airflow/.local/lib/python3.8/site-packages/airflow/example_dags/example_setup_teardown_taskflow.py
[2023-11-27T10:19:04.605+0000] {processor.py:839} INFO - DAG(s) dict_keys(['example_setup_teardown_taskflow']) retrieved from /home/airflow/.local/lib/python3.8/site-packages/airflow/example_dags/example_setup_teardown_taskflow.py
[2023-11-27T10:19:04.625+0000] {logging_mixin.py:151} INFO - [2023-11-27T10:19:04.625+0000] {dag.py:2915} INFO - Sync 1 DAGs
[2023-11-27T10:19:04.640+0000] {logging_mixin.py:151} INFO - [2023-11-27T10:19:04.640+0000] {dag.py:3696} INFO - Setting next_dagrun for example_setup_teardown_taskflow to 2023-11-26T10:19:04.640425+00:00, run_after=2023-11-27T10:19:04.640425+00:00
[2023-11-27T10:19:04.650+0000] {processor.py:179} INFO - Processing /home/airflow/.local/lib/python3.8/site-packages/airflow/example_dags/example_setup_teardown_taskflow.py took 0.067 seconds
[2023-11-27T10:19:35.239+0000] {processor.py:157} INFO - Started process (PID=1140) to work on /home/airflow/.local/lib/python3.8/site-packages/airflow/example_dags/example_setup_teardown_taskflow.py
[2023-11-27T10:19:35.247+0000] {processor.py:829} INFO - Processing file /home/airflow/.local/lib/python3.8/site-packages/airflow/example_dags/example_setup_teardown_taskflow.py for tasks to queue
[2023-11-27T10:19:35.251+0000] {logging_mixin.py:151} INFO - [2023-11-27T10:19:35.250+0000] {dagbag.py:539} INFO - Filling up the DagBag from /home/airflow/.local/lib/python3.8/site-packages/airflow/example_dags/example_setup_teardown_taskflow.py
[2023-11-27T10:19:35.265+0000] {processor.py:839} INFO - DAG(s) dict_keys(['example_setup_teardown_taskflow']) retrieved from /home/airflow/.local/lib/python3.8/site-packages/airflow/example_dags/example_setup_teardown_taskflow.py
[2023-11-27T10:19:35.295+0000] {logging_mixin.py:151} INFO - [2023-11-27T10:19:35.295+0000] {dag.py:2915} INFO - Sync 1 DAGs
[2023-11-27T10:19:35.317+0000] {logging_mixin.py:151} INFO - [2023-11-27T10:19:35.317+0000] {dag.py:3696} INFO - Setting next_dagrun for example_setup_teardown_taskflow to 2023-11-26T10:19:35.316833+00:00, run_after=2023-11-27T10:19:35.316833+00:00
[2023-11-27T10:19:35.330+0000] {processor.py:179} INFO - Processing /home/airflow/.local/lib/python3.8/site-packages/airflow/example_dags/example_setup_teardown_taskflow.py took 0.103 seconds
[2023-11-27T10:20:05.712+0000] {processor.py:157} INFO - Started process (PID=1194) to work on /home/airflow/.local/lib/python3.8/site-packages/airflow/example_dags/example_setup_teardown_taskflow.py
[2023-11-27T10:20:05.715+0000] {processor.py:829} INFO - Processing file /home/airflow/.local/lib/python3.8/site-packages/airflow/example_dags/example_setup_teardown_taskflow.py for tasks to queue
[2023-11-27T10:20:05.718+0000] {logging_mixin.py:151} INFO - [2023-11-27T10:20:05.718+0000] {dagbag.py:539} INFO - Filling up the DagBag from /home/airflow/.local/lib/python3.8/site-packages/airflow/example_dags/example_setup_teardown_taskflow.py
[2023-11-27T10:20:05.730+0000] {processor.py:839} INFO - DAG(s) dict_keys(['example_setup_teardown_taskflow']) retrieved from /home/airflow/.local/lib/python3.8/site-packages/airflow/example_dags/example_setup_teardown_taskflow.py
[2023-11-27T10:20:05.751+0000] {logging_mixin.py:151} INFO - [2023-11-27T10:20:05.751+0000] {dag.py:2915} INFO - Sync 1 DAGs
[2023-11-27T10:20:05.768+0000] {logging_mixin.py:151} INFO - [2023-11-27T10:20:05.768+0000] {dag.py:3696} INFO - Setting next_dagrun for example_setup_teardown_taskflow to 2023-11-26T10:20:05.767943+00:00, run_after=2023-11-27T10:20:05.767943+00:00
[2023-11-27T10:20:05.778+0000] {processor.py:179} INFO - Processing /home/airflow/.local/lib/python3.8/site-packages/airflow/example_dags/example_setup_teardown_taskflow.py took 0.073 seconds
[2023-11-27T10:20:36.087+0000] {processor.py:157} INFO - Started process (PID=1248) to work on /home/airflow/.local/lib/python3.8/site-packages/airflow/example_dags/example_setup_teardown_taskflow.py
[2023-11-27T10:20:36.088+0000] {processor.py:829} INFO - Processing file /home/airflow/.local/lib/python3.8/site-packages/airflow/example_dags/example_setup_teardown_taskflow.py for tasks to queue
[2023-11-27T10:20:36.090+0000] {logging_mixin.py:151} INFO - [2023-11-27T10:20:36.090+0000] {dagbag.py:539} INFO - Filling up the DagBag from /home/airflow/.local/lib/python3.8/site-packages/airflow/example_dags/example_setup_teardown_taskflow.py
[2023-11-27T10:20:36.097+0000] {processor.py:839} INFO - DAG(s) dict_keys(['example_setup_teardown_taskflow']) retrieved from /home/airflow/.local/lib/python3.8/site-packages/airflow/example_dags/example_setup_teardown_taskflow.py
[2023-11-27T10:20:36.111+0000] {logging_mixin.py:151} INFO - [2023-11-27T10:20:36.111+0000] {dag.py:2915} INFO - Sync 1 DAGs
[2023-11-27T10:20:36.124+0000] {logging_mixin.py:151} INFO - [2023-11-27T10:20:36.124+0000] {dag.py:3696} INFO - Setting next_dagrun for example_setup_teardown_taskflow to 2023-11-26T10:20:36.124019+00:00, run_after=2023-11-27T10:20:36.124019+00:00
[2023-11-27T10:20:36.134+0000] {processor.py:179} INFO - Processing /home/airflow/.local/lib/python3.8/site-packages/airflow/example_dags/example_setup_teardown_taskflow.py took 0.051 seconds
[2023-11-27T10:21:06.411+0000] {processor.py:157} INFO - Started process (PID=1302) to work on /home/airflow/.local/lib/python3.8/site-packages/airflow/example_dags/example_setup_teardown_taskflow.py
[2023-11-27T10:21:06.413+0000] {processor.py:829} INFO - Processing file /home/airflow/.local/lib/python3.8/site-packages/airflow/example_dags/example_setup_teardown_taskflow.py for tasks to queue
[2023-11-27T10:21:06.416+0000] {logging_mixin.py:151} INFO - [2023-11-27T10:21:06.415+0000] {dagbag.py:539} INFO - Filling up the DagBag from /home/airflow/.local/lib/python3.8/site-packages/airflow/example_dags/example_setup_teardown_taskflow.py
[2023-11-27T10:21:06.426+0000] {processor.py:839} INFO - DAG(s) dict_keys(['example_setup_teardown_taskflow']) retrieved from /home/airflow/.local/lib/python3.8/site-packages/airflow/example_dags/example_setup_teardown_taskflow.py
[2023-11-27T10:21:06.444+0000] {logging_mixin.py:151} INFO - [2023-11-27T10:21:06.444+0000] {dag.py:2915} INFO - Sync 1 DAGs
[2023-11-27T10:21:06.457+0000] {logging_mixin.py:151} INFO - [2023-11-27T10:21:06.457+0000] {dag.py:3696} INFO - Setting next_dagrun for example_setup_teardown_taskflow to 2023-11-26T10:21:06.457544+00:00, run_after=2023-11-27T10:21:06.457544+00:00
[2023-11-27T10:21:06.467+0000] {processor.py:179} INFO - Processing /home/airflow/.local/lib/python3.8/site-packages/airflow/example_dags/example_setup_teardown_taskflow.py took 0.062 seconds
[2023-11-27T10:32:37.705+0000] {processor.py:157} INFO - Started process (PID=58) to work on /home/airflow/.local/lib/python3.8/site-packages/airflow/example_dags/example_setup_teardown_taskflow.py
[2023-11-27T10:32:37.706+0000] {processor.py:829} INFO - Processing file /home/airflow/.local/lib/python3.8/site-packages/airflow/example_dags/example_setup_teardown_taskflow.py for tasks to queue
[2023-11-27T10:32:37.708+0000] {logging_mixin.py:151} INFO - [2023-11-27T10:32:37.708+0000] {dagbag.py:539} INFO - Filling up the DagBag from /home/airflow/.local/lib/python3.8/site-packages/airflow/example_dags/example_setup_teardown_taskflow.py
[2023-11-27T10:32:37.714+0000] {processor.py:839} INFO - DAG(s) dict_keys(['example_setup_teardown_taskflow']) retrieved from /home/airflow/.local/lib/python3.8/site-packages/airflow/example_dags/example_setup_teardown_taskflow.py
[2023-11-27T10:32:37.730+0000] {logging_mixin.py:151} INFO - [2023-11-27T10:32:37.730+0000] {dag.py:2915} INFO - Sync 1 DAGs
[2023-11-27T10:32:37.743+0000] {logging_mixin.py:151} INFO - [2023-11-27T10:32:37.743+0000] {dag.py:3696} INFO - Setting next_dagrun for example_setup_teardown_taskflow to 2023-11-26T10:32:37.743696+00:00, run_after=2023-11-27T10:32:37.743696+00:00
[2023-11-27T10:32:37.758+0000] {processor.py:179} INFO - Processing /home/airflow/.local/lib/python3.8/site-packages/airflow/example_dags/example_setup_teardown_taskflow.py took 0.055 seconds
[2023-11-27T10:33:08.134+0000] {processor.py:157} INFO - Started process (PID=112) to work on /home/airflow/.local/lib/python3.8/site-packages/airflow/example_dags/example_setup_teardown_taskflow.py
[2023-11-27T10:33:08.135+0000] {processor.py:829} INFO - Processing file /home/airflow/.local/lib/python3.8/site-packages/airflow/example_dags/example_setup_teardown_taskflow.py for tasks to queue
[2023-11-27T10:33:08.137+0000] {logging_mixin.py:151} INFO - [2023-11-27T10:33:08.137+0000] {dagbag.py:539} INFO - Filling up the DagBag from /home/airflow/.local/lib/python3.8/site-packages/airflow/example_dags/example_setup_teardown_taskflow.py
[2023-11-27T10:33:08.144+0000] {processor.py:839} INFO - DAG(s) dict_keys(['example_setup_teardown_taskflow']) retrieved from /home/airflow/.local/lib/python3.8/site-packages/airflow/example_dags/example_setup_teardown_taskflow.py
[2023-11-27T10:33:08.159+0000] {logging_mixin.py:151} INFO - [2023-11-27T10:33:08.159+0000] {dag.py:2915} INFO - Sync 1 DAGs
[2023-11-27T10:33:08.172+0000] {logging_mixin.py:151} INFO - [2023-11-27T10:33:08.172+0000] {dag.py:3696} INFO - Setting next_dagrun for example_setup_teardown_taskflow to 2023-11-26T10:33:08.172368+00:00, run_after=2023-11-27T10:33:08.172368+00:00
[2023-11-27T10:33:08.183+0000] {processor.py:179} INFO - Processing /home/airflow/.local/lib/python3.8/site-packages/airflow/example_dags/example_setup_teardown_taskflow.py took 0.052 seconds
[2023-11-27T10:33:38.620+0000] {processor.py:157} INFO - Started process (PID=166) to work on /home/airflow/.local/lib/python3.8/site-packages/airflow/example_dags/example_setup_teardown_taskflow.py
[2023-11-27T10:33:38.621+0000] {processor.py:829} INFO - Processing file /home/airflow/.local/lib/python3.8/site-packages/airflow/example_dags/example_setup_teardown_taskflow.py for tasks to queue
[2023-11-27T10:33:38.623+0000] {logging_mixin.py:151} INFO - [2023-11-27T10:33:38.623+0000] {dagbag.py:539} INFO - Filling up the DagBag from /home/airflow/.local/lib/python3.8/site-packages/airflow/example_dags/example_setup_teardown_taskflow.py
[2023-11-27T10:33:38.628+0000] {processor.py:839} INFO - DAG(s) dict_keys(['example_setup_teardown_taskflow']) retrieved from /home/airflow/.local/lib/python3.8/site-packages/airflow/example_dags/example_setup_teardown_taskflow.py
[2023-11-27T10:33:38.644+0000] {logging_mixin.py:151} INFO - [2023-11-27T10:33:38.644+0000] {dag.py:2915} INFO - Sync 1 DAGs
[2023-11-27T10:33:38.660+0000] {logging_mixin.py:151} INFO - [2023-11-27T10:33:38.660+0000] {dag.py:3696} INFO - Setting next_dagrun for example_setup_teardown_taskflow to 2023-11-26T10:33:38.660062+00:00, run_after=2023-11-27T10:33:38.660062+00:00
[2023-11-27T10:33:38.670+0000] {processor.py:179} INFO - Processing /home/airflow/.local/lib/python3.8/site-packages/airflow/example_dags/example_setup_teardown_taskflow.py took 0.052 seconds
[2023-11-27T10:34:08.936+0000] {processor.py:157} INFO - Started process (PID=220) to work on /home/airflow/.local/lib/python3.8/site-packages/airflow/example_dags/example_setup_teardown_taskflow.py
[2023-11-27T10:34:08.937+0000] {processor.py:829} INFO - Processing file /home/airflow/.local/lib/python3.8/site-packages/airflow/example_dags/example_setup_teardown_taskflow.py for tasks to queue
[2023-11-27T10:34:08.939+0000] {logging_mixin.py:151} INFO - [2023-11-27T10:34:08.939+0000] {dagbag.py:539} INFO - Filling up the DagBag from /home/airflow/.local/lib/python3.8/site-packages/airflow/example_dags/example_setup_teardown_taskflow.py
[2023-11-27T10:34:08.945+0000] {processor.py:839} INFO - DAG(s) dict_keys(['example_setup_teardown_taskflow']) retrieved from /home/airflow/.local/lib/python3.8/site-packages/airflow/example_dags/example_setup_teardown_taskflow.py
[2023-11-27T10:34:08.965+0000] {logging_mixin.py:151} INFO - [2023-11-27T10:34:08.965+0000] {dag.py:2915} INFO - Sync 1 DAGs
[2023-11-27T10:34:08.982+0000] {logging_mixin.py:151} INFO - [2023-11-27T10:34:08.982+0000] {dag.py:3696} INFO - Setting next_dagrun for example_setup_teardown_taskflow to 2023-11-26T10:34:08.981911+00:00, run_after=2023-11-27T10:34:08.981911+00:00
[2023-11-27T10:34:08.993+0000] {processor.py:179} INFO - Processing /home/airflow/.local/lib/python3.8/site-packages/airflow/example_dags/example_setup_teardown_taskflow.py took 0.060 seconds
[2023-11-27T10:34:39.454+0000] {processor.py:157} INFO - Started process (PID=274) to work on /home/airflow/.local/lib/python3.8/site-packages/airflow/example_dags/example_setup_teardown_taskflow.py
[2023-11-27T10:34:39.455+0000] {processor.py:829} INFO - Processing file /home/airflow/.local/lib/python3.8/site-packages/airflow/example_dags/example_setup_teardown_taskflow.py for tasks to queue
[2023-11-27T10:34:39.457+0000] {logging_mixin.py:151} INFO - [2023-11-27T10:34:39.457+0000] {dagbag.py:539} INFO - Filling up the DagBag from /home/airflow/.local/lib/python3.8/site-packages/airflow/example_dags/example_setup_teardown_taskflow.py
[2023-11-27T10:34:39.464+0000] {processor.py:839} INFO - DAG(s) dict_keys(['example_setup_teardown_taskflow']) retrieved from /home/airflow/.local/lib/python3.8/site-packages/airflow/example_dags/example_setup_teardown_taskflow.py
[2023-11-27T10:34:39.482+0000] {logging_mixin.py:151} INFO - [2023-11-27T10:34:39.482+0000] {dag.py:2915} INFO - Sync 1 DAGs
[2023-11-27T10:34:39.503+0000] {logging_mixin.py:151} INFO - [2023-11-27T10:34:39.503+0000] {dag.py:3696} INFO - Setting next_dagrun for example_setup_teardown_taskflow to 2023-11-26T10:34:39.503152+00:00, run_after=2023-11-27T10:34:39.503152+00:00
[2023-11-27T10:34:39.513+0000] {processor.py:179} INFO - Processing /home/airflow/.local/lib/python3.8/site-packages/airflow/example_dags/example_setup_teardown_taskflow.py took 0.062 seconds
[2023-11-27T10:35:09.847+0000] {processor.py:157} INFO - Started process (PID=328) to work on /home/airflow/.local/lib/python3.8/site-packages/airflow/example_dags/example_setup_teardown_taskflow.py
[2023-11-27T10:35:09.848+0000] {processor.py:829} INFO - Processing file /home/airflow/.local/lib/python3.8/site-packages/airflow/example_dags/example_setup_teardown_taskflow.py for tasks to queue
[2023-11-27T10:35:09.849+0000] {logging_mixin.py:151} INFO - [2023-11-27T10:35:09.849+0000] {dagbag.py:539} INFO - Filling up the DagBag from /home/airflow/.local/lib/python3.8/site-packages/airflow/example_dags/example_setup_teardown_taskflow.py
[2023-11-27T10:35:09.854+0000] {processor.py:839} INFO - DAG(s) dict_keys(['example_setup_teardown_taskflow']) retrieved from /home/airflow/.local/lib/python3.8/site-packages/airflow/example_dags/example_setup_teardown_taskflow.py
[2023-11-27T10:35:09.877+0000] {logging_mixin.py:151} INFO - [2023-11-27T10:35:09.876+0000] {dag.py:2915} INFO - Sync 1 DAGs
[2023-11-27T10:35:09.894+0000] {logging_mixin.py:151} INFO - [2023-11-27T10:35:09.894+0000] {dag.py:3696} INFO - Setting next_dagrun for example_setup_teardown_taskflow to 2023-11-26T10:35:09.893765+00:00, run_after=2023-11-27T10:35:09.893765+00:00
[2023-11-27T10:35:09.906+0000] {processor.py:179} INFO - Processing /home/airflow/.local/lib/python3.8/site-packages/airflow/example_dags/example_setup_teardown_taskflow.py took 0.061 seconds
[2023-11-27T10:35:40.198+0000] {processor.py:157} INFO - Started process (PID=382) to work on /home/airflow/.local/lib/python3.8/site-packages/airflow/example_dags/example_setup_teardown_taskflow.py
[2023-11-27T10:35:40.199+0000] {processor.py:829} INFO - Processing file /home/airflow/.local/lib/python3.8/site-packages/airflow/example_dags/example_setup_teardown_taskflow.py for tasks to queue
[2023-11-27T10:35:40.201+0000] {logging_mixin.py:151} INFO - [2023-11-27T10:35:40.201+0000] {dagbag.py:539} INFO - Filling up the DagBag from /home/airflow/.local/lib/python3.8/site-packages/airflow/example_dags/example_setup_teardown_taskflow.py
[2023-11-27T10:35:40.208+0000] {processor.py:839} INFO - DAG(s) dict_keys(['example_setup_teardown_taskflow']) retrieved from /home/airflow/.local/lib/python3.8/site-packages/airflow/example_dags/example_setup_teardown_taskflow.py
[2023-11-27T10:35:40.223+0000] {logging_mixin.py:151} INFO - [2023-11-27T10:35:40.223+0000] {dag.py:2915} INFO - Sync 1 DAGs
[2023-11-27T10:35:40.241+0000] {logging_mixin.py:151} INFO - [2023-11-27T10:35:40.241+0000] {dag.py:3696} INFO - Setting next_dagrun for example_setup_teardown_taskflow to 2023-11-26T10:35:40.241359+00:00, run_after=2023-11-27T10:35:40.241359+00:00
[2023-11-27T10:35:40.252+0000] {processor.py:179} INFO - Processing /home/airflow/.local/lib/python3.8/site-packages/airflow/example_dags/example_setup_teardown_taskflow.py took 0.056 seconds
[2023-11-27T10:36:10.282+0000] {processor.py:157} INFO - Started process (PID=436) to work on /home/airflow/.local/lib/python3.8/site-packages/airflow/example_dags/example_setup_teardown_taskflow.py
[2023-11-27T10:36:10.283+0000] {processor.py:829} INFO - Processing file /home/airflow/.local/lib/python3.8/site-packages/airflow/example_dags/example_setup_teardown_taskflow.py for tasks to queue
[2023-11-27T10:36:10.284+0000] {logging_mixin.py:151} INFO - [2023-11-27T10:36:10.284+0000] {dagbag.py:539} INFO - Filling up the DagBag from /home/airflow/.local/lib/python3.8/site-packages/airflow/example_dags/example_setup_teardown_taskflow.py
[2023-11-27T10:36:10.289+0000] {processor.py:839} INFO - DAG(s) dict_keys(['example_setup_teardown_taskflow']) retrieved from /home/airflow/.local/lib/python3.8/site-packages/airflow/example_dags/example_setup_teardown_taskflow.py
[2023-11-27T10:36:10.302+0000] {logging_mixin.py:151} INFO - [2023-11-27T10:36:10.302+0000] {dag.py:2915} INFO - Sync 1 DAGs
[2023-11-27T10:36:10.313+0000] {logging_mixin.py:151} INFO - [2023-11-27T10:36:10.313+0000] {dag.py:3696} INFO - Setting next_dagrun for example_setup_teardown_taskflow to 2023-11-26T10:36:10.313190+00:00, run_after=2023-11-27T10:36:10.313190+00:00
[2023-11-27T10:36:10.322+0000] {processor.py:179} INFO - Processing /home/airflow/.local/lib/python3.8/site-packages/airflow/example_dags/example_setup_teardown_taskflow.py took 0.043 seconds
[2023-11-27T10:36:40.562+0000] {processor.py:157} INFO - Started process (PID=489) to work on /home/airflow/.local/lib/python3.8/site-packages/airflow/example_dags/example_setup_teardown_taskflow.py
[2023-11-27T10:36:40.562+0000] {processor.py:829} INFO - Processing file /home/airflow/.local/lib/python3.8/site-packages/airflow/example_dags/example_setup_teardown_taskflow.py for tasks to queue
[2023-11-27T10:36:40.564+0000] {logging_mixin.py:151} INFO - [2023-11-27T10:36:40.564+0000] {dagbag.py:539} INFO - Filling up the DagBag from /home/airflow/.local/lib/python3.8/site-packages/airflow/example_dags/example_setup_teardown_taskflow.py
[2023-11-27T10:36:40.570+0000] {processor.py:839} INFO - DAG(s) dict_keys(['example_setup_teardown_taskflow']) retrieved from /home/airflow/.local/lib/python3.8/site-packages/airflow/example_dags/example_setup_teardown_taskflow.py
[2023-11-27T10:36:40.582+0000] {logging_mixin.py:151} INFO - [2023-11-27T10:36:40.581+0000] {dag.py:2915} INFO - Sync 1 DAGs
[2023-11-27T10:36:40.592+0000] {logging_mixin.py:151} INFO - [2023-11-27T10:36:40.592+0000] {dag.py:3696} INFO - Setting next_dagrun for example_setup_teardown_taskflow to 2023-11-26T10:36:40.592143+00:00, run_after=2023-11-27T10:36:40.592143+00:00
[2023-11-27T10:36:40.600+0000] {processor.py:179} INFO - Processing /home/airflow/.local/lib/python3.8/site-packages/airflow/example_dags/example_setup_teardown_taskflow.py took 0.041 seconds
[2023-11-27T10:37:11.508+0000] {processor.py:157} INFO - Started process (PID=544) to work on /home/airflow/.local/lib/python3.8/site-packages/airflow/example_dags/example_setup_teardown_taskflow.py
[2023-11-27T10:37:11.510+0000] {processor.py:829} INFO - Processing file /home/airflow/.local/lib/python3.8/site-packages/airflow/example_dags/example_setup_teardown_taskflow.py for tasks to queue
[2023-11-27T10:37:11.512+0000] {logging_mixin.py:151} INFO - [2023-11-27T10:37:11.511+0000] {dagbag.py:539} INFO - Filling up the DagBag from /home/airflow/.local/lib/python3.8/site-packages/airflow/example_dags/example_setup_teardown_taskflow.py
[2023-11-27T10:37:11.518+0000] {processor.py:839} INFO - DAG(s) dict_keys(['example_setup_teardown_taskflow']) retrieved from /home/airflow/.local/lib/python3.8/site-packages/airflow/example_dags/example_setup_teardown_taskflow.py
[2023-11-27T10:37:11.533+0000] {logging_mixin.py:151} INFO - [2023-11-27T10:37:11.533+0000] {dag.py:2915} INFO - Sync 1 DAGs
[2023-11-27T10:37:11.549+0000] {logging_mixin.py:151} INFO - [2023-11-27T10:37:11.549+0000] {dag.py:3696} INFO - Setting next_dagrun for example_setup_teardown_taskflow to 2023-11-26T10:37:11.549413+00:00, run_after=2023-11-27T10:37:11.549413+00:00
[2023-11-27T10:37:11.561+0000] {processor.py:179} INFO - Processing /home/airflow/.local/lib/python3.8/site-packages/airflow/example_dags/example_setup_teardown_taskflow.py took 0.056 seconds
[2023-11-27T10:37:43.686+0000] {processor.py:157} INFO - Started process (PID=598) to work on /home/airflow/.local/lib/python3.8/site-packages/airflow/example_dags/example_setup_teardown_taskflow.py
[2023-11-27T10:37:43.691+0000] {processor.py:829} INFO - Processing file /home/airflow/.local/lib/python3.8/site-packages/airflow/example_dags/example_setup_teardown_taskflow.py for tasks to queue
[2023-11-27T10:37:43.704+0000] {logging_mixin.py:151} INFO - [2023-11-27T10:37:43.703+0000] {dagbag.py:539} INFO - Filling up the DagBag from /home/airflow/.local/lib/python3.8/site-packages/airflow/example_dags/example_setup_teardown_taskflow.py
[2023-11-27T10:37:43.741+0000] {processor.py:839} INFO - DAG(s) dict_keys(['example_setup_teardown_taskflow']) retrieved from /home/airflow/.local/lib/python3.8/site-packages/airflow/example_dags/example_setup_teardown_taskflow.py
[2023-11-27T10:37:43.800+0000] {logging_mixin.py:151} INFO - [2023-11-27T10:37:43.799+0000] {dag.py:2915} INFO - Sync 1 DAGs
[2023-11-27T10:37:43.872+0000] {logging_mixin.py:151} INFO - [2023-11-27T10:37:43.872+0000] {dag.py:3696} INFO - Setting next_dagrun for example_setup_teardown_taskflow to 2023-11-26T10:37:43.871613+00:00, run_after=2023-11-27T10:37:43.871613+00:00
[2023-11-27T10:37:43.925+0000] {processor.py:179} INFO - Processing /home/airflow/.local/lib/python3.8/site-packages/airflow/example_dags/example_setup_teardown_taskflow.py took 0.313 seconds
[2023-11-27T10:38:14.076+0000] {processor.py:157} INFO - Started process (PID=652) to work on /home/airflow/.local/lib/python3.8/site-packages/airflow/example_dags/example_setup_teardown_taskflow.py
[2023-11-27T10:38:14.077+0000] {processor.py:829} INFO - Processing file /home/airflow/.local/lib/python3.8/site-packages/airflow/example_dags/example_setup_teardown_taskflow.py for tasks to queue
[2023-11-27T10:38:14.079+0000] {logging_mixin.py:151} INFO - [2023-11-27T10:38:14.079+0000] {dagbag.py:539} INFO - Filling up the DagBag from /home/airflow/.local/lib/python3.8/site-packages/airflow/example_dags/example_setup_teardown_taskflow.py
[2023-11-27T10:38:14.085+0000] {processor.py:839} INFO - DAG(s) dict_keys(['example_setup_teardown_taskflow']) retrieved from /home/airflow/.local/lib/python3.8/site-packages/airflow/example_dags/example_setup_teardown_taskflow.py
[2023-11-27T10:38:14.100+0000] {logging_mixin.py:151} INFO - [2023-11-27T10:38:14.100+0000] {dag.py:2915} INFO - Sync 1 DAGs
[2023-11-27T10:38:14.112+0000] {logging_mixin.py:151} INFO - [2023-11-27T10:38:14.112+0000] {dag.py:3696} INFO - Setting next_dagrun for example_setup_teardown_taskflow to 2023-11-26T10:38:14.112164+00:00, run_after=2023-11-27T10:38:14.112164+00:00
[2023-11-27T10:38:14.125+0000] {processor.py:179} INFO - Processing /home/airflow/.local/lib/python3.8/site-packages/airflow/example_dags/example_setup_teardown_taskflow.py took 0.051 seconds
[2023-11-27T10:38:44.456+0000] {processor.py:157} INFO - Started process (PID=706) to work on /home/airflow/.local/lib/python3.8/site-packages/airflow/example_dags/example_setup_teardown_taskflow.py
[2023-11-27T10:38:44.457+0000] {processor.py:829} INFO - Processing file /home/airflow/.local/lib/python3.8/site-packages/airflow/example_dags/example_setup_teardown_taskflow.py for tasks to queue
[2023-11-27T10:38:44.459+0000] {logging_mixin.py:151} INFO - [2023-11-27T10:38:44.459+0000] {dagbag.py:539} INFO - Filling up the DagBag from /home/airflow/.local/lib/python3.8/site-packages/airflow/example_dags/example_setup_teardown_taskflow.py
[2023-11-27T10:38:44.466+0000] {processor.py:839} INFO - DAG(s) dict_keys(['example_setup_teardown_taskflow']) retrieved from /home/airflow/.local/lib/python3.8/site-packages/airflow/example_dags/example_setup_teardown_taskflow.py
[2023-11-27T10:38:44.484+0000] {logging_mixin.py:151} INFO - [2023-11-27T10:38:44.484+0000] {dag.py:2915} INFO - Sync 1 DAGs
[2023-11-27T10:38:44.498+0000] {logging_mixin.py:151} INFO - [2023-11-27T10:38:44.497+0000] {dag.py:3696} INFO - Setting next_dagrun for example_setup_teardown_taskflow to 2023-11-26T10:38:44.497736+00:00, run_after=2023-11-27T10:38:44.497736+00:00
[2023-11-27T10:38:44.508+0000] {processor.py:179} INFO - Processing /home/airflow/.local/lib/python3.8/site-packages/airflow/example_dags/example_setup_teardown_taskflow.py took 0.054 seconds
[2023-11-27T10:39:15.188+0000] {processor.py:157} INFO - Started process (PID=761) to work on /home/airflow/.local/lib/python3.8/site-packages/airflow/example_dags/example_setup_teardown_taskflow.py
[2023-11-27T10:39:15.189+0000] {processor.py:829} INFO - Processing file /home/airflow/.local/lib/python3.8/site-packages/airflow/example_dags/example_setup_teardown_taskflow.py for tasks to queue
[2023-11-27T10:39:15.190+0000] {logging_mixin.py:151} INFO - [2023-11-27T10:39:15.190+0000] {dagbag.py:539} INFO - Filling up the DagBag from /home/airflow/.local/lib/python3.8/site-packages/airflow/example_dags/example_setup_teardown_taskflow.py
[2023-11-27T10:39:15.196+0000] {processor.py:839} INFO - DAG(s) dict_keys(['example_setup_teardown_taskflow']) retrieved from /home/airflow/.local/lib/python3.8/site-packages/airflow/example_dags/example_setup_teardown_taskflow.py
[2023-11-27T10:39:15.213+0000] {logging_mixin.py:151} INFO - [2023-11-27T10:39:15.212+0000] {dag.py:2915} INFO - Sync 1 DAGs
[2023-11-27T10:39:15.231+0000] {logging_mixin.py:151} INFO - [2023-11-27T10:39:15.231+0000] {dag.py:3696} INFO - Setting next_dagrun for example_setup_teardown_taskflow to 2023-11-26T10:39:15.231150+00:00, run_after=2023-11-27T10:39:15.231150+00:00
[2023-11-27T10:39:15.241+0000] {processor.py:179} INFO - Processing /home/airflow/.local/lib/python3.8/site-packages/airflow/example_dags/example_setup_teardown_taskflow.py took 0.057 seconds
[2023-11-27T10:39:45.807+0000] {processor.py:157} INFO - Started process (PID=815) to work on /home/airflow/.local/lib/python3.8/site-packages/airflow/example_dags/example_setup_teardown_taskflow.py
[2023-11-27T10:39:45.808+0000] {processor.py:829} INFO - Processing file /home/airflow/.local/lib/python3.8/site-packages/airflow/example_dags/example_setup_teardown_taskflow.py for tasks to queue
[2023-11-27T10:39:45.810+0000] {logging_mixin.py:151} INFO - [2023-11-27T10:39:45.810+0000] {dagbag.py:539} INFO - Filling up the DagBag from /home/airflow/.local/lib/python3.8/site-packages/airflow/example_dags/example_setup_teardown_taskflow.py
[2023-11-27T10:39:45.818+0000] {processor.py:839} INFO - DAG(s) dict_keys(['example_setup_teardown_taskflow']) retrieved from /home/airflow/.local/lib/python3.8/site-packages/airflow/example_dags/example_setup_teardown_taskflow.py
[2023-11-27T10:39:45.833+0000] {logging_mixin.py:151} INFO - [2023-11-27T10:39:45.833+0000] {dag.py:2915} INFO - Sync 1 DAGs
[2023-11-27T10:39:45.850+0000] {logging_mixin.py:151} INFO - [2023-11-27T10:39:45.850+0000] {dag.py:3696} INFO - Setting next_dagrun for example_setup_teardown_taskflow to 2023-11-26T10:39:45.850300+00:00, run_after=2023-11-27T10:39:45.850300+00:00
[2023-11-27T10:39:45.869+0000] {processor.py:179} INFO - Processing /home/airflow/.local/lib/python3.8/site-packages/airflow/example_dags/example_setup_teardown_taskflow.py took 0.064 seconds
