[2023-11-27T10:09:25.936+0000] {processor.py:157} INFO - Started process (PID=64) to work on /home/airflow/.local/lib/python3.8/site-packages/airflow/example_dags/example_branch_operator.py
[2023-11-27T10:09:25.940+0000] {processor.py:829} INFO - Processing file /home/airflow/.local/lib/python3.8/site-packages/airflow/example_dags/example_branch_operator.py for tasks to queue
[2023-11-27T10:09:25.943+0000] {logging_mixin.py:151} INFO - [2023-11-27T10:09:25.943+0000] {dagbag.py:539} INFO - Filling up the DagBag from /home/airflow/.local/lib/python3.8/site-packages/airflow/example_dags/example_branch_operator.py
[2023-11-27T10:09:26.001+0000] {processor.py:839} INFO - DAG(s) dict_keys(['example_branch_operator']) retrieved from /home/airflow/.local/lib/python3.8/site-packages/airflow/example_dags/example_branch_operator.py
[2023-11-27T10:09:26.142+0000] {logging_mixin.py:151} INFO - [2023-11-27T10:09:26.141+0000] {dag.py:2915} INFO - Sync 1 DAGs
[2023-11-27T10:09:26.314+0000] {logging_mixin.py:151} INFO - [2023-11-27T10:09:26.314+0000] {dag.py:3696} INFO - Setting next_dagrun for example_branch_operator to 2023-11-26T00:00:00+00:00, run_after=2023-11-27T00:00:00+00:00
[2023-11-27T10:09:26.558+0000] {processor.py:179} INFO - Processing /home/airflow/.local/lib/python3.8/site-packages/airflow/example_dags/example_branch_operator.py took 0.628 seconds
[2023-11-27T10:09:57.222+0000] {processor.py:157} INFO - Started process (PID=119) to work on /home/airflow/.local/lib/python3.8/site-packages/airflow/example_dags/example_branch_operator.py
[2023-11-27T10:09:57.224+0000] {processor.py:829} INFO - Processing file /home/airflow/.local/lib/python3.8/site-packages/airflow/example_dags/example_branch_operator.py for tasks to queue
[2023-11-27T10:09:57.227+0000] {logging_mixin.py:151} INFO - [2023-11-27T10:09:57.227+0000] {dagbag.py:539} INFO - Filling up the DagBag from /home/airflow/.local/lib/python3.8/site-packages/airflow/example_dags/example_branch_operator.py
[2023-11-27T10:09:57.261+0000] {processor.py:839} INFO - DAG(s) dict_keys(['example_branch_operator']) retrieved from /home/airflow/.local/lib/python3.8/site-packages/airflow/example_dags/example_branch_operator.py
[2023-11-27T10:09:57.317+0000] {logging_mixin.py:151} INFO - [2023-11-27T10:09:57.317+0000] {dag.py:2915} INFO - Sync 1 DAGs
[2023-11-27T10:09:57.347+0000] {logging_mixin.py:151} INFO - [2023-11-27T10:09:57.347+0000] {dag.py:3696} INFO - Setting next_dagrun for example_branch_operator to 2023-11-26T00:00:00+00:00, run_after=2023-11-27T00:00:00+00:00
[2023-11-27T10:09:57.378+0000] {processor.py:179} INFO - Processing /home/airflow/.local/lib/python3.8/site-packages/airflow/example_dags/example_branch_operator.py took 0.161 seconds
[2023-11-27T10:10:27.991+0000] {processor.py:157} INFO - Started process (PID=172) to work on /home/airflow/.local/lib/python3.8/site-packages/airflow/example_dags/example_branch_operator.py
[2023-11-27T10:10:27.992+0000] {processor.py:829} INFO - Processing file /home/airflow/.local/lib/python3.8/site-packages/airflow/example_dags/example_branch_operator.py for tasks to queue
[2023-11-27T10:10:27.996+0000] {logging_mixin.py:151} INFO - [2023-11-27T10:10:27.995+0000] {dagbag.py:539} INFO - Filling up the DagBag from /home/airflow/.local/lib/python3.8/site-packages/airflow/example_dags/example_branch_operator.py
[2023-11-27T10:10:28.006+0000] {processor.py:839} INFO - DAG(s) dict_keys(['example_branch_operator']) retrieved from /home/airflow/.local/lib/python3.8/site-packages/airflow/example_dags/example_branch_operator.py
[2023-11-27T10:10:28.026+0000] {logging_mixin.py:151} INFO - [2023-11-27T10:10:28.026+0000] {dag.py:2915} INFO - Sync 1 DAGs
[2023-11-27T10:10:28.043+0000] {logging_mixin.py:151} INFO - [2023-11-27T10:10:28.043+0000] {dag.py:3696} INFO - Setting next_dagrun for example_branch_operator to 2023-11-26T00:00:00+00:00, run_after=2023-11-27T00:00:00+00:00
[2023-11-27T10:10:28.056+0000] {processor.py:179} INFO - Processing /home/airflow/.local/lib/python3.8/site-packages/airflow/example_dags/example_branch_operator.py took 0.070 seconds
[2023-11-27T10:10:58.205+0000] {processor.py:157} INFO - Started process (PID=226) to work on /home/airflow/.local/lib/python3.8/site-packages/airflow/example_dags/example_branch_operator.py
[2023-11-27T10:10:58.208+0000] {processor.py:829} INFO - Processing file /home/airflow/.local/lib/python3.8/site-packages/airflow/example_dags/example_branch_operator.py for tasks to queue
[2023-11-27T10:10:58.213+0000] {logging_mixin.py:151} INFO - [2023-11-27T10:10:58.212+0000] {dagbag.py:539} INFO - Filling up the DagBag from /home/airflow/.local/lib/python3.8/site-packages/airflow/example_dags/example_branch_operator.py
[2023-11-27T10:10:58.228+0000] {processor.py:839} INFO - DAG(s) dict_keys(['example_branch_operator']) retrieved from /home/airflow/.local/lib/python3.8/site-packages/airflow/example_dags/example_branch_operator.py
[2023-11-27T10:10:58.247+0000] {logging_mixin.py:151} INFO - [2023-11-27T10:10:58.247+0000] {dag.py:2915} INFO - Sync 1 DAGs
[2023-11-27T10:10:58.260+0000] {logging_mixin.py:151} INFO - [2023-11-27T10:10:58.260+0000] {dag.py:3696} INFO - Setting next_dagrun for example_branch_operator to 2023-11-26T00:00:00+00:00, run_after=2023-11-27T00:00:00+00:00
[2023-11-27T10:10:58.270+0000] {processor.py:179} INFO - Processing /home/airflow/.local/lib/python3.8/site-packages/airflow/example_dags/example_branch_operator.py took 0.070 seconds
[2023-11-27T10:11:28.599+0000] {processor.py:157} INFO - Started process (PID=280) to work on /home/airflow/.local/lib/python3.8/site-packages/airflow/example_dags/example_branch_operator.py
[2023-11-27T10:11:28.602+0000] {processor.py:829} INFO - Processing file /home/airflow/.local/lib/python3.8/site-packages/airflow/example_dags/example_branch_operator.py for tasks to queue
[2023-11-27T10:11:28.606+0000] {logging_mixin.py:151} INFO - [2023-11-27T10:11:28.606+0000] {dagbag.py:539} INFO - Filling up the DagBag from /home/airflow/.local/lib/python3.8/site-packages/airflow/example_dags/example_branch_operator.py
[2023-11-27T10:11:28.617+0000] {processor.py:839} INFO - DAG(s) dict_keys(['example_branch_operator']) retrieved from /home/airflow/.local/lib/python3.8/site-packages/airflow/example_dags/example_branch_operator.py
[2023-11-27T10:11:28.638+0000] {logging_mixin.py:151} INFO - [2023-11-27T10:11:28.638+0000] {dag.py:2915} INFO - Sync 1 DAGs
[2023-11-27T10:11:28.652+0000] {logging_mixin.py:151} INFO - [2023-11-27T10:11:28.651+0000] {dag.py:3696} INFO - Setting next_dagrun for example_branch_operator to 2023-11-26T00:00:00+00:00, run_after=2023-11-27T00:00:00+00:00
[2023-11-27T10:11:28.661+0000] {processor.py:179} INFO - Processing /home/airflow/.local/lib/python3.8/site-packages/airflow/example_dags/example_branch_operator.py took 0.068 seconds
[2023-11-27T10:11:58.911+0000] {processor.py:157} INFO - Started process (PID=334) to work on /home/airflow/.local/lib/python3.8/site-packages/airflow/example_dags/example_branch_operator.py
[2023-11-27T10:11:58.913+0000] {processor.py:829} INFO - Processing file /home/airflow/.local/lib/python3.8/site-packages/airflow/example_dags/example_branch_operator.py for tasks to queue
[2023-11-27T10:11:58.916+0000] {logging_mixin.py:151} INFO - [2023-11-27T10:11:58.916+0000] {dagbag.py:539} INFO - Filling up the DagBag from /home/airflow/.local/lib/python3.8/site-packages/airflow/example_dags/example_branch_operator.py
[2023-11-27T10:11:58.927+0000] {processor.py:839} INFO - DAG(s) dict_keys(['example_branch_operator']) retrieved from /home/airflow/.local/lib/python3.8/site-packages/airflow/example_dags/example_branch_operator.py
[2023-11-27T10:11:58.947+0000] {logging_mixin.py:151} INFO - [2023-11-27T10:11:58.947+0000] {dag.py:2915} INFO - Sync 1 DAGs
[2023-11-27T10:11:58.961+0000] {logging_mixin.py:151} INFO - [2023-11-27T10:11:58.961+0000] {dag.py:3696} INFO - Setting next_dagrun for example_branch_operator to 2023-11-26T00:00:00+00:00, run_after=2023-11-27T00:00:00+00:00
[2023-11-27T10:11:58.969+0000] {processor.py:179} INFO - Processing /home/airflow/.local/lib/python3.8/site-packages/airflow/example_dags/example_branch_operator.py took 0.064 seconds
[2023-11-27T10:12:29.305+0000] {processor.py:157} INFO - Started process (PID=388) to work on /home/airflow/.local/lib/python3.8/site-packages/airflow/example_dags/example_branch_operator.py
[2023-11-27T10:12:29.306+0000] {processor.py:829} INFO - Processing file /home/airflow/.local/lib/python3.8/site-packages/airflow/example_dags/example_branch_operator.py for tasks to queue
[2023-11-27T10:12:29.311+0000] {logging_mixin.py:151} INFO - [2023-11-27T10:12:29.310+0000] {dagbag.py:539} INFO - Filling up the DagBag from /home/airflow/.local/lib/python3.8/site-packages/airflow/example_dags/example_branch_operator.py
[2023-11-27T10:12:29.324+0000] {processor.py:839} INFO - DAG(s) dict_keys(['example_branch_operator']) retrieved from /home/airflow/.local/lib/python3.8/site-packages/airflow/example_dags/example_branch_operator.py
[2023-11-27T10:12:29.345+0000] {logging_mixin.py:151} INFO - [2023-11-27T10:12:29.345+0000] {dag.py:2915} INFO - Sync 1 DAGs
[2023-11-27T10:12:29.363+0000] {logging_mixin.py:151} INFO - [2023-11-27T10:12:29.363+0000] {dag.py:3696} INFO - Setting next_dagrun for example_branch_operator to 2023-11-26T00:00:00+00:00, run_after=2023-11-27T00:00:00+00:00
[2023-11-27T10:12:29.373+0000] {processor.py:179} INFO - Processing /home/airflow/.local/lib/python3.8/site-packages/airflow/example_dags/example_branch_operator.py took 0.075 seconds
[2023-11-27T10:12:59.585+0000] {processor.py:157} INFO - Started process (PID=442) to work on /home/airflow/.local/lib/python3.8/site-packages/airflow/example_dags/example_branch_operator.py
[2023-11-27T10:12:59.587+0000] {processor.py:829} INFO - Processing file /home/airflow/.local/lib/python3.8/site-packages/airflow/example_dags/example_branch_operator.py for tasks to queue
[2023-11-27T10:12:59.589+0000] {logging_mixin.py:151} INFO - [2023-11-27T10:12:59.589+0000] {dagbag.py:539} INFO - Filling up the DagBag from /home/airflow/.local/lib/python3.8/site-packages/airflow/example_dags/example_branch_operator.py
[2023-11-27T10:12:59.598+0000] {processor.py:839} INFO - DAG(s) dict_keys(['example_branch_operator']) retrieved from /home/airflow/.local/lib/python3.8/site-packages/airflow/example_dags/example_branch_operator.py
[2023-11-27T10:12:59.616+0000] {logging_mixin.py:151} INFO - [2023-11-27T10:12:59.615+0000] {dag.py:2915} INFO - Sync 1 DAGs
[2023-11-27T10:12:59.628+0000] {logging_mixin.py:151} INFO - [2023-11-27T10:12:59.628+0000] {dag.py:3696} INFO - Setting next_dagrun for example_branch_operator to 2023-11-26T00:00:00+00:00, run_after=2023-11-27T00:00:00+00:00
[2023-11-27T10:12:59.636+0000] {processor.py:179} INFO - Processing /home/airflow/.local/lib/python3.8/site-packages/airflow/example_dags/example_branch_operator.py took 0.055 seconds
[2023-11-27T10:13:30.390+0000] {processor.py:157} INFO - Started process (PID=496) to work on /home/airflow/.local/lib/python3.8/site-packages/airflow/example_dags/example_branch_operator.py
[2023-11-27T10:13:30.393+0000] {processor.py:829} INFO - Processing file /home/airflow/.local/lib/python3.8/site-packages/airflow/example_dags/example_branch_operator.py for tasks to queue
[2023-11-27T10:13:30.396+0000] {logging_mixin.py:151} INFO - [2023-11-27T10:13:30.395+0000] {dagbag.py:539} INFO - Filling up the DagBag from /home/airflow/.local/lib/python3.8/site-packages/airflow/example_dags/example_branch_operator.py
[2023-11-27T10:13:30.407+0000] {processor.py:839} INFO - DAG(s) dict_keys(['example_branch_operator']) retrieved from /home/airflow/.local/lib/python3.8/site-packages/airflow/example_dags/example_branch_operator.py
[2023-11-27T10:13:30.427+0000] {logging_mixin.py:151} INFO - [2023-11-27T10:13:30.427+0000] {dag.py:2915} INFO - Sync 1 DAGs
[2023-11-27T10:13:30.440+0000] {logging_mixin.py:151} INFO - [2023-11-27T10:13:30.440+0000] {dag.py:3696} INFO - Setting next_dagrun for example_branch_operator to 2023-11-26T00:00:00+00:00, run_after=2023-11-27T00:00:00+00:00
[2023-11-27T10:13:30.448+0000] {processor.py:179} INFO - Processing /home/airflow/.local/lib/python3.8/site-packages/airflow/example_dags/example_branch_operator.py took 0.064 seconds
[2023-11-27T10:14:00.624+0000] {processor.py:157} INFO - Started process (PID=550) to work on /home/airflow/.local/lib/python3.8/site-packages/airflow/example_dags/example_branch_operator.py
[2023-11-27T10:14:00.626+0000] {processor.py:829} INFO - Processing file /home/airflow/.local/lib/python3.8/site-packages/airflow/example_dags/example_branch_operator.py for tasks to queue
[2023-11-27T10:14:00.628+0000] {logging_mixin.py:151} INFO - [2023-11-27T10:14:00.628+0000] {dagbag.py:539} INFO - Filling up the DagBag from /home/airflow/.local/lib/python3.8/site-packages/airflow/example_dags/example_branch_operator.py
[2023-11-27T10:14:00.638+0000] {processor.py:839} INFO - DAG(s) dict_keys(['example_branch_operator']) retrieved from /home/airflow/.local/lib/python3.8/site-packages/airflow/example_dags/example_branch_operator.py
[2023-11-27T10:14:00.654+0000] {logging_mixin.py:151} INFO - [2023-11-27T10:14:00.654+0000] {dag.py:2915} INFO - Sync 1 DAGs
[2023-11-27T10:14:00.666+0000] {logging_mixin.py:151} INFO - [2023-11-27T10:14:00.666+0000] {dag.py:3696} INFO - Setting next_dagrun for example_branch_operator to 2023-11-26T00:00:00+00:00, run_after=2023-11-27T00:00:00+00:00
[2023-11-27T10:14:00.674+0000] {processor.py:179} INFO - Processing /home/airflow/.local/lib/python3.8/site-packages/airflow/example_dags/example_branch_operator.py took 0.056 seconds
[2023-11-27T10:14:30.960+0000] {processor.py:157} INFO - Started process (PID=604) to work on /home/airflow/.local/lib/python3.8/site-packages/airflow/example_dags/example_branch_operator.py
[2023-11-27T10:14:30.962+0000] {processor.py:829} INFO - Processing file /home/airflow/.local/lib/python3.8/site-packages/airflow/example_dags/example_branch_operator.py for tasks to queue
[2023-11-27T10:14:30.966+0000] {logging_mixin.py:151} INFO - [2023-11-27T10:14:30.965+0000] {dagbag.py:539} INFO - Filling up the DagBag from /home/airflow/.local/lib/python3.8/site-packages/airflow/example_dags/example_branch_operator.py
[2023-11-27T10:14:30.976+0000] {processor.py:839} INFO - DAG(s) dict_keys(['example_branch_operator']) retrieved from /home/airflow/.local/lib/python3.8/site-packages/airflow/example_dags/example_branch_operator.py
[2023-11-27T10:14:30.997+0000] {logging_mixin.py:151} INFO - [2023-11-27T10:14:30.996+0000] {dag.py:2915} INFO - Sync 1 DAGs
[2023-11-27T10:14:31.009+0000] {logging_mixin.py:151} INFO - [2023-11-27T10:14:31.009+0000] {dag.py:3696} INFO - Setting next_dagrun for example_branch_operator to 2023-11-26T00:00:00+00:00, run_after=2023-11-27T00:00:00+00:00
[2023-11-27T10:14:31.017+0000] {processor.py:179} INFO - Processing /home/airflow/.local/lib/python3.8/site-packages/airflow/example_dags/example_branch_operator.py took 0.063 seconds
[2023-11-27T10:15:01.473+0000] {processor.py:157} INFO - Started process (PID=658) to work on /home/airflow/.local/lib/python3.8/site-packages/airflow/example_dags/example_branch_operator.py
[2023-11-27T10:15:01.475+0000] {processor.py:829} INFO - Processing file /home/airflow/.local/lib/python3.8/site-packages/airflow/example_dags/example_branch_operator.py for tasks to queue
[2023-11-27T10:15:01.478+0000] {logging_mixin.py:151} INFO - [2023-11-27T10:15:01.478+0000] {dagbag.py:539} INFO - Filling up the DagBag from /home/airflow/.local/lib/python3.8/site-packages/airflow/example_dags/example_branch_operator.py
[2023-11-27T10:15:01.490+0000] {processor.py:839} INFO - DAG(s) dict_keys(['example_branch_operator']) retrieved from /home/airflow/.local/lib/python3.8/site-packages/airflow/example_dags/example_branch_operator.py
[2023-11-27T10:15:01.508+0000] {logging_mixin.py:151} INFO - [2023-11-27T10:15:01.508+0000] {dag.py:2915} INFO - Sync 1 DAGs
[2023-11-27T10:15:01.522+0000] {logging_mixin.py:151} INFO - [2023-11-27T10:15:01.522+0000] {dag.py:3696} INFO - Setting next_dagrun for example_branch_operator to 2023-11-26T00:00:00+00:00, run_after=2023-11-27T00:00:00+00:00
[2023-11-27T10:15:01.532+0000] {processor.py:179} INFO - Processing /home/airflow/.local/lib/python3.8/site-packages/airflow/example_dags/example_branch_operator.py took 0.065 seconds
[2023-11-27T10:15:31.922+0000] {processor.py:157} INFO - Started process (PID=712) to work on /home/airflow/.local/lib/python3.8/site-packages/airflow/example_dags/example_branch_operator.py
[2023-11-27T10:15:31.923+0000] {processor.py:829} INFO - Processing file /home/airflow/.local/lib/python3.8/site-packages/airflow/example_dags/example_branch_operator.py for tasks to queue
[2023-11-27T10:15:31.926+0000] {logging_mixin.py:151} INFO - [2023-11-27T10:15:31.925+0000] {dagbag.py:539} INFO - Filling up the DagBag from /home/airflow/.local/lib/python3.8/site-packages/airflow/example_dags/example_branch_operator.py
[2023-11-27T10:15:31.932+0000] {processor.py:839} INFO - DAG(s) dict_keys(['example_branch_operator']) retrieved from /home/airflow/.local/lib/python3.8/site-packages/airflow/example_dags/example_branch_operator.py
[2023-11-27T10:15:31.948+0000] {logging_mixin.py:151} INFO - [2023-11-27T10:15:31.947+0000] {dag.py:2915} INFO - Sync 1 DAGs
[2023-11-27T10:15:31.960+0000] {logging_mixin.py:151} INFO - [2023-11-27T10:15:31.960+0000] {dag.py:3696} INFO - Setting next_dagrun for example_branch_operator to 2023-11-26T00:00:00+00:00, run_after=2023-11-27T00:00:00+00:00
[2023-11-27T10:15:31.969+0000] {processor.py:179} INFO - Processing /home/airflow/.local/lib/python3.8/site-packages/airflow/example_dags/example_branch_operator.py took 0.050 seconds
[2023-11-27T10:16:02.447+0000] {processor.py:157} INFO - Started process (PID=766) to work on /home/airflow/.local/lib/python3.8/site-packages/airflow/example_dags/example_branch_operator.py
[2023-11-27T10:16:02.451+0000] {processor.py:829} INFO - Processing file /home/airflow/.local/lib/python3.8/site-packages/airflow/example_dags/example_branch_operator.py for tasks to queue
[2023-11-27T10:16:02.456+0000] {logging_mixin.py:151} INFO - [2023-11-27T10:16:02.456+0000] {dagbag.py:539} INFO - Filling up the DagBag from /home/airflow/.local/lib/python3.8/site-packages/airflow/example_dags/example_branch_operator.py
[2023-11-27T10:16:02.468+0000] {processor.py:839} INFO - DAG(s) dict_keys(['example_branch_operator']) retrieved from /home/airflow/.local/lib/python3.8/site-packages/airflow/example_dags/example_branch_operator.py
[2023-11-27T10:16:02.487+0000] {logging_mixin.py:151} INFO - [2023-11-27T10:16:02.486+0000] {dag.py:2915} INFO - Sync 1 DAGs
[2023-11-27T10:16:02.500+0000] {logging_mixin.py:151} INFO - [2023-11-27T10:16:02.499+0000] {dag.py:3696} INFO - Setting next_dagrun for example_branch_operator to 2023-11-26T00:00:00+00:00, run_after=2023-11-27T00:00:00+00:00
[2023-11-27T10:16:02.509+0000] {processor.py:179} INFO - Processing /home/airflow/.local/lib/python3.8/site-packages/airflow/example_dags/example_branch_operator.py took 0.073 seconds
[2023-11-27T10:16:33.127+0000] {processor.py:157} INFO - Started process (PID=820) to work on /home/airflow/.local/lib/python3.8/site-packages/airflow/example_dags/example_branch_operator.py
[2023-11-27T10:16:33.129+0000] {processor.py:829} INFO - Processing file /home/airflow/.local/lib/python3.8/site-packages/airflow/example_dags/example_branch_operator.py for tasks to queue
[2023-11-27T10:16:33.131+0000] {logging_mixin.py:151} INFO - [2023-11-27T10:16:33.131+0000] {dagbag.py:539} INFO - Filling up the DagBag from /home/airflow/.local/lib/python3.8/site-packages/airflow/example_dags/example_branch_operator.py
[2023-11-27T10:16:33.138+0000] {processor.py:839} INFO - DAG(s) dict_keys(['example_branch_operator']) retrieved from /home/airflow/.local/lib/python3.8/site-packages/airflow/example_dags/example_branch_operator.py
[2023-11-27T10:16:33.153+0000] {logging_mixin.py:151} INFO - [2023-11-27T10:16:33.153+0000] {dag.py:2915} INFO - Sync 1 DAGs
[2023-11-27T10:16:33.165+0000] {logging_mixin.py:151} INFO - [2023-11-27T10:16:33.165+0000] {dag.py:3696} INFO - Setting next_dagrun for example_branch_operator to 2023-11-26T00:00:00+00:00, run_after=2023-11-27T00:00:00+00:00
[2023-11-27T10:16:33.173+0000] {processor.py:179} INFO - Processing /home/airflow/.local/lib/python3.8/site-packages/airflow/example_dags/example_branch_operator.py took 0.049 seconds
[2023-11-27T10:17:03.476+0000] {processor.py:157} INFO - Started process (PID=874) to work on /home/airflow/.local/lib/python3.8/site-packages/airflow/example_dags/example_branch_operator.py
[2023-11-27T10:17:03.478+0000] {processor.py:829} INFO - Processing file /home/airflow/.local/lib/python3.8/site-packages/airflow/example_dags/example_branch_operator.py for tasks to queue
[2023-11-27T10:17:03.481+0000] {logging_mixin.py:151} INFO - [2023-11-27T10:17:03.481+0000] {dagbag.py:539} INFO - Filling up the DagBag from /home/airflow/.local/lib/python3.8/site-packages/airflow/example_dags/example_branch_operator.py
[2023-11-27T10:17:03.492+0000] {processor.py:839} INFO - DAG(s) dict_keys(['example_branch_operator']) retrieved from /home/airflow/.local/lib/python3.8/site-packages/airflow/example_dags/example_branch_operator.py
[2023-11-27T10:17:03.526+0000] {logging_mixin.py:151} INFO - [2023-11-27T10:17:03.526+0000] {dag.py:2915} INFO - Sync 1 DAGs
[2023-11-27T10:17:03.545+0000] {logging_mixin.py:151} INFO - [2023-11-27T10:17:03.545+0000] {dag.py:3696} INFO - Setting next_dagrun for example_branch_operator to 2023-11-26T00:00:00+00:00, run_after=2023-11-27T00:00:00+00:00
[2023-11-27T10:17:03.567+0000] {processor.py:179} INFO - Processing /home/airflow/.local/lib/python3.8/site-packages/airflow/example_dags/example_branch_operator.py took 0.095 seconds
[2023-11-27T10:17:33.899+0000] {processor.py:157} INFO - Started process (PID=928) to work on /home/airflow/.local/lib/python3.8/site-packages/airflow/example_dags/example_branch_operator.py
[2023-11-27T10:17:33.901+0000] {processor.py:829} INFO - Processing file /home/airflow/.local/lib/python3.8/site-packages/airflow/example_dags/example_branch_operator.py for tasks to queue
[2023-11-27T10:17:33.904+0000] {logging_mixin.py:151} INFO - [2023-11-27T10:17:33.904+0000] {dagbag.py:539} INFO - Filling up the DagBag from /home/airflow/.local/lib/python3.8/site-packages/airflow/example_dags/example_branch_operator.py
[2023-11-27T10:17:33.915+0000] {processor.py:839} INFO - DAG(s) dict_keys(['example_branch_operator']) retrieved from /home/airflow/.local/lib/python3.8/site-packages/airflow/example_dags/example_branch_operator.py
[2023-11-27T10:17:33.934+0000] {logging_mixin.py:151} INFO - [2023-11-27T10:17:33.934+0000] {dag.py:2915} INFO - Sync 1 DAGs
[2023-11-27T10:17:33.947+0000] {logging_mixin.py:151} INFO - [2023-11-27T10:17:33.947+0000] {dag.py:3696} INFO - Setting next_dagrun for example_branch_operator to 2023-11-26T00:00:00+00:00, run_after=2023-11-27T00:00:00+00:00
[2023-11-27T10:17:33.955+0000] {processor.py:179} INFO - Processing /home/airflow/.local/lib/python3.8/site-packages/airflow/example_dags/example_branch_operator.py took 0.062 seconds
[2023-11-27T10:18:04.420+0000] {processor.py:157} INFO - Started process (PID=982) to work on /home/airflow/.local/lib/python3.8/site-packages/airflow/example_dags/example_branch_operator.py
[2023-11-27T10:18:04.422+0000] {processor.py:829} INFO - Processing file /home/airflow/.local/lib/python3.8/site-packages/airflow/example_dags/example_branch_operator.py for tasks to queue
[2023-11-27T10:18:04.425+0000] {logging_mixin.py:151} INFO - [2023-11-27T10:18:04.425+0000] {dagbag.py:539} INFO - Filling up the DagBag from /home/airflow/.local/lib/python3.8/site-packages/airflow/example_dags/example_branch_operator.py
[2023-11-27T10:18:04.435+0000] {processor.py:839} INFO - DAG(s) dict_keys(['example_branch_operator']) retrieved from /home/airflow/.local/lib/python3.8/site-packages/airflow/example_dags/example_branch_operator.py
[2023-11-27T10:18:04.455+0000] {logging_mixin.py:151} INFO - [2023-11-27T10:18:04.455+0000] {dag.py:2915} INFO - Sync 1 DAGs
[2023-11-27T10:18:04.470+0000] {logging_mixin.py:151} INFO - [2023-11-27T10:18:04.470+0000] {dag.py:3696} INFO - Setting next_dagrun for example_branch_operator to 2023-11-26T00:00:00+00:00, run_after=2023-11-27T00:00:00+00:00
[2023-11-27T10:18:04.479+0000] {processor.py:179} INFO - Processing /home/airflow/.local/lib/python3.8/site-packages/airflow/example_dags/example_branch_operator.py took 0.064 seconds
[2023-11-27T10:18:34.827+0000] {processor.py:157} INFO - Started process (PID=1036) to work on /home/airflow/.local/lib/python3.8/site-packages/airflow/example_dags/example_branch_operator.py
[2023-11-27T10:18:34.829+0000] {processor.py:829} INFO - Processing file /home/airflow/.local/lib/python3.8/site-packages/airflow/example_dags/example_branch_operator.py for tasks to queue
[2023-11-27T10:18:34.834+0000] {logging_mixin.py:151} INFO - [2023-11-27T10:18:34.834+0000] {dagbag.py:539} INFO - Filling up the DagBag from /home/airflow/.local/lib/python3.8/site-packages/airflow/example_dags/example_branch_operator.py
[2023-11-27T10:18:34.849+0000] {processor.py:839} INFO - DAG(s) dict_keys(['example_branch_operator']) retrieved from /home/airflow/.local/lib/python3.8/site-packages/airflow/example_dags/example_branch_operator.py
[2023-11-27T10:18:34.872+0000] {logging_mixin.py:151} INFO - [2023-11-27T10:18:34.872+0000] {dag.py:2915} INFO - Sync 1 DAGs
[2023-11-27T10:18:34.884+0000] {logging_mixin.py:151} INFO - [2023-11-27T10:18:34.884+0000] {dag.py:3696} INFO - Setting next_dagrun for example_branch_operator to 2023-11-26T00:00:00+00:00, run_after=2023-11-27T00:00:00+00:00
[2023-11-27T10:18:34.893+0000] {processor.py:179} INFO - Processing /home/airflow/.local/lib/python3.8/site-packages/airflow/example_dags/example_branch_operator.py took 0.075 seconds
[2023-11-27T10:19:05.764+0000] {processor.py:157} INFO - Started process (PID=1090) to work on /home/airflow/.local/lib/python3.8/site-packages/airflow/example_dags/example_branch_operator.py
[2023-11-27T10:19:05.766+0000] {processor.py:829} INFO - Processing file /home/airflow/.local/lib/python3.8/site-packages/airflow/example_dags/example_branch_operator.py for tasks to queue
[2023-11-27T10:19:05.769+0000] {logging_mixin.py:151} INFO - [2023-11-27T10:19:05.768+0000] {dagbag.py:539} INFO - Filling up the DagBag from /home/airflow/.local/lib/python3.8/site-packages/airflow/example_dags/example_branch_operator.py
[2023-11-27T10:19:05.780+0000] {processor.py:839} INFO - DAG(s) dict_keys(['example_branch_operator']) retrieved from /home/airflow/.local/lib/python3.8/site-packages/airflow/example_dags/example_branch_operator.py
[2023-11-27T10:19:05.807+0000] {logging_mixin.py:151} INFO - [2023-11-27T10:19:05.807+0000] {dag.py:2915} INFO - Sync 1 DAGs
[2023-11-27T10:19:05.824+0000] {logging_mixin.py:151} INFO - [2023-11-27T10:19:05.823+0000] {dag.py:3696} INFO - Setting next_dagrun for example_branch_operator to 2023-11-26T00:00:00+00:00, run_after=2023-11-27T00:00:00+00:00
[2023-11-27T10:19:05.833+0000] {processor.py:179} INFO - Processing /home/airflow/.local/lib/python3.8/site-packages/airflow/example_dags/example_branch_operator.py took 0.074 seconds
[2023-11-27T10:19:36.445+0000] {processor.py:157} INFO - Started process (PID=1144) to work on /home/airflow/.local/lib/python3.8/site-packages/airflow/example_dags/example_branch_operator.py
[2023-11-27T10:19:36.447+0000] {processor.py:829} INFO - Processing file /home/airflow/.local/lib/python3.8/site-packages/airflow/example_dags/example_branch_operator.py for tasks to queue
[2023-11-27T10:19:36.449+0000] {logging_mixin.py:151} INFO - [2023-11-27T10:19:36.449+0000] {dagbag.py:539} INFO - Filling up the DagBag from /home/airflow/.local/lib/python3.8/site-packages/airflow/example_dags/example_branch_operator.py
[2023-11-27T10:19:36.458+0000] {processor.py:839} INFO - DAG(s) dict_keys(['example_branch_operator']) retrieved from /home/airflow/.local/lib/python3.8/site-packages/airflow/example_dags/example_branch_operator.py
[2023-11-27T10:19:36.476+0000] {logging_mixin.py:151} INFO - [2023-11-27T10:19:36.476+0000] {dag.py:2915} INFO - Sync 1 DAGs
[2023-11-27T10:19:36.493+0000] {logging_mixin.py:151} INFO - [2023-11-27T10:19:36.493+0000] {dag.py:3696} INFO - Setting next_dagrun for example_branch_operator to 2023-11-26T00:00:00+00:00, run_after=2023-11-27T00:00:00+00:00
[2023-11-27T10:19:36.503+0000] {processor.py:179} INFO - Processing /home/airflow/.local/lib/python3.8/site-packages/airflow/example_dags/example_branch_operator.py took 0.062 seconds
[2023-11-27T10:20:06.891+0000] {processor.py:157} INFO - Started process (PID=1198) to work on /home/airflow/.local/lib/python3.8/site-packages/airflow/example_dags/example_branch_operator.py
[2023-11-27T10:20:06.893+0000] {processor.py:829} INFO - Processing file /home/airflow/.local/lib/python3.8/site-packages/airflow/example_dags/example_branch_operator.py for tasks to queue
[2023-11-27T10:20:06.896+0000] {logging_mixin.py:151} INFO - [2023-11-27T10:20:06.896+0000] {dagbag.py:539} INFO - Filling up the DagBag from /home/airflow/.local/lib/python3.8/site-packages/airflow/example_dags/example_branch_operator.py
[2023-11-27T10:20:06.907+0000] {processor.py:839} INFO - DAG(s) dict_keys(['example_branch_operator']) retrieved from /home/airflow/.local/lib/python3.8/site-packages/airflow/example_dags/example_branch_operator.py
[2023-11-27T10:20:06.926+0000] {logging_mixin.py:151} INFO - [2023-11-27T10:20:06.926+0000] {dag.py:2915} INFO - Sync 1 DAGs
[2023-11-27T10:20:06.940+0000] {logging_mixin.py:151} INFO - [2023-11-27T10:20:06.940+0000] {dag.py:3696} INFO - Setting next_dagrun for example_branch_operator to 2023-11-26T00:00:00+00:00, run_after=2023-11-27T00:00:00+00:00
[2023-11-27T10:20:06.948+0000] {processor.py:179} INFO - Processing /home/airflow/.local/lib/python3.8/site-packages/airflow/example_dags/example_branch_operator.py took 0.064 seconds
[2023-11-27T10:20:37.267+0000] {processor.py:157} INFO - Started process (PID=1252) to work on /home/airflow/.local/lib/python3.8/site-packages/airflow/example_dags/example_branch_operator.py
[2023-11-27T10:20:37.269+0000] {processor.py:829} INFO - Processing file /home/airflow/.local/lib/python3.8/site-packages/airflow/example_dags/example_branch_operator.py for tasks to queue
[2023-11-27T10:20:37.274+0000] {logging_mixin.py:151} INFO - [2023-11-27T10:20:37.273+0000] {dagbag.py:539} INFO - Filling up the DagBag from /home/airflow/.local/lib/python3.8/site-packages/airflow/example_dags/example_branch_operator.py
[2023-11-27T10:20:37.289+0000] {processor.py:839} INFO - DAG(s) dict_keys(['example_branch_operator']) retrieved from /home/airflow/.local/lib/python3.8/site-packages/airflow/example_dags/example_branch_operator.py
[2023-11-27T10:20:37.310+0000] {logging_mixin.py:151} INFO - [2023-11-27T10:20:37.310+0000] {dag.py:2915} INFO - Sync 1 DAGs
[2023-11-27T10:20:37.326+0000] {logging_mixin.py:151} INFO - [2023-11-27T10:20:37.326+0000] {dag.py:3696} INFO - Setting next_dagrun for example_branch_operator to 2023-11-26T00:00:00+00:00, run_after=2023-11-27T00:00:00+00:00
[2023-11-27T10:20:37.338+0000] {processor.py:179} INFO - Processing /home/airflow/.local/lib/python3.8/site-packages/airflow/example_dags/example_branch_operator.py took 0.079 seconds
[2023-11-27T10:21:07.560+0000] {processor.py:157} INFO - Started process (PID=1306) to work on /home/airflow/.local/lib/python3.8/site-packages/airflow/example_dags/example_branch_operator.py
[2023-11-27T10:21:07.562+0000] {processor.py:829} INFO - Processing file /home/airflow/.local/lib/python3.8/site-packages/airflow/example_dags/example_branch_operator.py for tasks to queue
[2023-11-27T10:21:07.565+0000] {logging_mixin.py:151} INFO - [2023-11-27T10:21:07.565+0000] {dagbag.py:539} INFO - Filling up the DagBag from /home/airflow/.local/lib/python3.8/site-packages/airflow/example_dags/example_branch_operator.py
[2023-11-27T10:21:07.575+0000] {processor.py:839} INFO - DAG(s) dict_keys(['example_branch_operator']) retrieved from /home/airflow/.local/lib/python3.8/site-packages/airflow/example_dags/example_branch_operator.py
[2023-11-27T10:21:07.593+0000] {logging_mixin.py:151} INFO - [2023-11-27T10:21:07.593+0000] {dag.py:2915} INFO - Sync 1 DAGs
[2023-11-27T10:21:07.607+0000] {logging_mixin.py:151} INFO - [2023-11-27T10:21:07.606+0000] {dag.py:3696} INFO - Setting next_dagrun for example_branch_operator to 2023-11-26T00:00:00+00:00, run_after=2023-11-27T00:00:00+00:00
[2023-11-27T10:21:07.615+0000] {processor.py:179} INFO - Processing /home/airflow/.local/lib/python3.8/site-packages/airflow/example_dags/example_branch_operator.py took 0.061 seconds
[2023-11-27T10:32:37.859+0000] {processor.py:157} INFO - Started process (PID=62) to work on /home/airflow/.local/lib/python3.8/site-packages/airflow/example_dags/example_branch_operator.py
[2023-11-27T10:32:37.861+0000] {processor.py:829} INFO - Processing file /home/airflow/.local/lib/python3.8/site-packages/airflow/example_dags/example_branch_operator.py for tasks to queue
[2023-11-27T10:32:37.864+0000] {logging_mixin.py:151} INFO - [2023-11-27T10:32:37.863+0000] {dagbag.py:539} INFO - Filling up the DagBag from /home/airflow/.local/lib/python3.8/site-packages/airflow/example_dags/example_branch_operator.py
[2023-11-27T10:32:37.874+0000] {processor.py:839} INFO - DAG(s) dict_keys(['example_branch_operator']) retrieved from /home/airflow/.local/lib/python3.8/site-packages/airflow/example_dags/example_branch_operator.py
[2023-11-27T10:32:37.907+0000] {logging_mixin.py:151} INFO - [2023-11-27T10:32:37.907+0000] {dag.py:2915} INFO - Sync 1 DAGs
[2023-11-27T10:32:37.925+0000] {logging_mixin.py:151} INFO - [2023-11-27T10:32:37.925+0000] {dag.py:3696} INFO - Setting next_dagrun for example_branch_operator to 2023-11-26T00:00:00+00:00, run_after=2023-11-27T00:00:00+00:00
[2023-11-27T10:32:37.937+0000] {processor.py:179} INFO - Processing /home/airflow/.local/lib/python3.8/site-packages/airflow/example_dags/example_branch_operator.py took 0.082 seconds
[2023-11-27T10:33:08.312+0000] {processor.py:157} INFO - Started process (PID=116) to work on /home/airflow/.local/lib/python3.8/site-packages/airflow/example_dags/example_branch_operator.py
[2023-11-27T10:33:08.313+0000] {processor.py:829} INFO - Processing file /home/airflow/.local/lib/python3.8/site-packages/airflow/example_dags/example_branch_operator.py for tasks to queue
[2023-11-27T10:33:08.315+0000] {logging_mixin.py:151} INFO - [2023-11-27T10:33:08.314+0000] {dagbag.py:539} INFO - Filling up the DagBag from /home/airflow/.local/lib/python3.8/site-packages/airflow/example_dags/example_branch_operator.py
[2023-11-27T10:33:08.321+0000] {processor.py:839} INFO - DAG(s) dict_keys(['example_branch_operator']) retrieved from /home/airflow/.local/lib/python3.8/site-packages/airflow/example_dags/example_branch_operator.py
[2023-11-27T10:33:08.334+0000] {logging_mixin.py:151} INFO - [2023-11-27T10:33:08.334+0000] {dag.py:2915} INFO - Sync 1 DAGs
[2023-11-27T10:33:08.347+0000] {logging_mixin.py:151} INFO - [2023-11-27T10:33:08.347+0000] {dag.py:3696} INFO - Setting next_dagrun for example_branch_operator to 2023-11-26T00:00:00+00:00, run_after=2023-11-27T00:00:00+00:00
[2023-11-27T10:33:08.356+0000] {processor.py:179} INFO - Processing /home/airflow/.local/lib/python3.8/site-packages/airflow/example_dags/example_branch_operator.py took 0.046 seconds
[2023-11-27T10:33:38.784+0000] {processor.py:157} INFO - Started process (PID=170) to work on /home/airflow/.local/lib/python3.8/site-packages/airflow/example_dags/example_branch_operator.py
[2023-11-27T10:33:38.785+0000] {processor.py:829} INFO - Processing file /home/airflow/.local/lib/python3.8/site-packages/airflow/example_dags/example_branch_operator.py for tasks to queue
[2023-11-27T10:33:38.786+0000] {logging_mixin.py:151} INFO - [2023-11-27T10:33:38.786+0000] {dagbag.py:539} INFO - Filling up the DagBag from /home/airflow/.local/lib/python3.8/site-packages/airflow/example_dags/example_branch_operator.py
[2023-11-27T10:33:38.792+0000] {processor.py:839} INFO - DAG(s) dict_keys(['example_branch_operator']) retrieved from /home/airflow/.local/lib/python3.8/site-packages/airflow/example_dags/example_branch_operator.py
[2023-11-27T10:33:38.810+0000] {logging_mixin.py:151} INFO - [2023-11-27T10:33:38.810+0000] {dag.py:2915} INFO - Sync 1 DAGs
[2023-11-27T10:33:38.827+0000] {logging_mixin.py:151} INFO - [2023-11-27T10:33:38.827+0000] {dag.py:3696} INFO - Setting next_dagrun for example_branch_operator to 2023-11-26T00:00:00+00:00, run_after=2023-11-27T00:00:00+00:00
[2023-11-27T10:33:38.838+0000] {processor.py:179} INFO - Processing /home/airflow/.local/lib/python3.8/site-packages/airflow/example_dags/example_branch_operator.py took 0.056 seconds
[2023-11-27T10:34:09.124+0000] {processor.py:157} INFO - Started process (PID=224) to work on /home/airflow/.local/lib/python3.8/site-packages/airflow/example_dags/example_branch_operator.py
[2023-11-27T10:34:09.125+0000] {processor.py:829} INFO - Processing file /home/airflow/.local/lib/python3.8/site-packages/airflow/example_dags/example_branch_operator.py for tasks to queue
[2023-11-27T10:34:09.126+0000] {logging_mixin.py:151} INFO - [2023-11-27T10:34:09.126+0000] {dagbag.py:539} INFO - Filling up the DagBag from /home/airflow/.local/lib/python3.8/site-packages/airflow/example_dags/example_branch_operator.py
[2023-11-27T10:34:09.132+0000] {processor.py:839} INFO - DAG(s) dict_keys(['example_branch_operator']) retrieved from /home/airflow/.local/lib/python3.8/site-packages/airflow/example_dags/example_branch_operator.py
[2023-11-27T10:34:09.143+0000] {logging_mixin.py:151} INFO - [2023-11-27T10:34:09.143+0000] {dag.py:2915} INFO - Sync 1 DAGs
[2023-11-27T10:34:09.156+0000] {logging_mixin.py:151} INFO - [2023-11-27T10:34:09.156+0000] {dag.py:3696} INFO - Setting next_dagrun for example_branch_operator to 2023-11-26T00:00:00+00:00, run_after=2023-11-27T00:00:00+00:00
[2023-11-27T10:34:09.163+0000] {processor.py:179} INFO - Processing /home/airflow/.local/lib/python3.8/site-packages/airflow/example_dags/example_branch_operator.py took 0.041 seconds
[2023-11-27T10:34:39.599+0000] {processor.py:157} INFO - Started process (PID=278) to work on /home/airflow/.local/lib/python3.8/site-packages/airflow/example_dags/example_branch_operator.py
[2023-11-27T10:34:39.600+0000] {processor.py:829} INFO - Processing file /home/airflow/.local/lib/python3.8/site-packages/airflow/example_dags/example_branch_operator.py for tasks to queue
[2023-11-27T10:34:39.602+0000] {logging_mixin.py:151} INFO - [2023-11-27T10:34:39.601+0000] {dagbag.py:539} INFO - Filling up the DagBag from /home/airflow/.local/lib/python3.8/site-packages/airflow/example_dags/example_branch_operator.py
[2023-11-27T10:34:39.607+0000] {processor.py:839} INFO - DAG(s) dict_keys(['example_branch_operator']) retrieved from /home/airflow/.local/lib/python3.8/site-packages/airflow/example_dags/example_branch_operator.py
[2023-11-27T10:34:39.620+0000] {logging_mixin.py:151} INFO - [2023-11-27T10:34:39.620+0000] {dag.py:2915} INFO - Sync 1 DAGs
[2023-11-27T10:34:39.632+0000] {logging_mixin.py:151} INFO - [2023-11-27T10:34:39.632+0000] {dag.py:3696} INFO - Setting next_dagrun for example_branch_operator to 2023-11-26T00:00:00+00:00, run_after=2023-11-27T00:00:00+00:00
[2023-11-27T10:34:39.641+0000] {processor.py:179} INFO - Processing /home/airflow/.local/lib/python3.8/site-packages/airflow/example_dags/example_branch_operator.py took 0.044 seconds
[2023-11-27T10:35:10.025+0000] {processor.py:157} INFO - Started process (PID=332) to work on /home/airflow/.local/lib/python3.8/site-packages/airflow/example_dags/example_branch_operator.py
[2023-11-27T10:35:10.026+0000] {processor.py:829} INFO - Processing file /home/airflow/.local/lib/python3.8/site-packages/airflow/example_dags/example_branch_operator.py for tasks to queue
[2023-11-27T10:35:10.027+0000] {logging_mixin.py:151} INFO - [2023-11-27T10:35:10.027+0000] {dagbag.py:539} INFO - Filling up the DagBag from /home/airflow/.local/lib/python3.8/site-packages/airflow/example_dags/example_branch_operator.py
[2023-11-27T10:35:10.032+0000] {processor.py:839} INFO - DAG(s) dict_keys(['example_branch_operator']) retrieved from /home/airflow/.local/lib/python3.8/site-packages/airflow/example_dags/example_branch_operator.py
[2023-11-27T10:35:10.044+0000] {logging_mixin.py:151} INFO - [2023-11-27T10:35:10.044+0000] {dag.py:2915} INFO - Sync 1 DAGs
[2023-11-27T10:35:10.055+0000] {logging_mixin.py:151} INFO - [2023-11-27T10:35:10.055+0000] {dag.py:3696} INFO - Setting next_dagrun for example_branch_operator to 2023-11-26T00:00:00+00:00, run_after=2023-11-27T00:00:00+00:00
[2023-11-27T10:35:10.063+0000] {processor.py:179} INFO - Processing /home/airflow/.local/lib/python3.8/site-packages/airflow/example_dags/example_branch_operator.py took 0.041 seconds
[2023-11-27T10:35:40.365+0000] {processor.py:157} INFO - Started process (PID=386) to work on /home/airflow/.local/lib/python3.8/site-packages/airflow/example_dags/example_branch_operator.py
[2023-11-27T10:35:40.366+0000] {processor.py:829} INFO - Processing file /home/airflow/.local/lib/python3.8/site-packages/airflow/example_dags/example_branch_operator.py for tasks to queue
[2023-11-27T10:35:40.367+0000] {logging_mixin.py:151} INFO - [2023-11-27T10:35:40.367+0000] {dagbag.py:539} INFO - Filling up the DagBag from /home/airflow/.local/lib/python3.8/site-packages/airflow/example_dags/example_branch_operator.py
[2023-11-27T10:35:40.372+0000] {processor.py:839} INFO - DAG(s) dict_keys(['example_branch_operator']) retrieved from /home/airflow/.local/lib/python3.8/site-packages/airflow/example_dags/example_branch_operator.py
[2023-11-27T10:35:40.384+0000] {logging_mixin.py:151} INFO - [2023-11-27T10:35:40.384+0000] {dag.py:2915} INFO - Sync 1 DAGs
[2023-11-27T10:35:40.395+0000] {logging_mixin.py:151} INFO - [2023-11-27T10:35:40.394+0000] {dag.py:3696} INFO - Setting next_dagrun for example_branch_operator to 2023-11-26T00:00:00+00:00, run_after=2023-11-27T00:00:00+00:00
[2023-11-27T10:35:40.402+0000] {processor.py:179} INFO - Processing /home/airflow/.local/lib/python3.8/site-packages/airflow/example_dags/example_branch_operator.py took 0.039 seconds
[2023-11-27T10:36:10.481+0000] {processor.py:157} INFO - Started process (PID=440) to work on /home/airflow/.local/lib/python3.8/site-packages/airflow/example_dags/example_branch_operator.py
[2023-11-27T10:36:10.482+0000] {processor.py:829} INFO - Processing file /home/airflow/.local/lib/python3.8/site-packages/airflow/example_dags/example_branch_operator.py for tasks to queue
[2023-11-27T10:36:10.484+0000] {logging_mixin.py:151} INFO - [2023-11-27T10:36:10.483+0000] {dagbag.py:539} INFO - Filling up the DagBag from /home/airflow/.local/lib/python3.8/site-packages/airflow/example_dags/example_branch_operator.py
[2023-11-27T10:36:10.490+0000] {processor.py:839} INFO - DAG(s) dict_keys(['example_branch_operator']) retrieved from /home/airflow/.local/lib/python3.8/site-packages/airflow/example_dags/example_branch_operator.py
[2023-11-27T10:36:10.503+0000] {logging_mixin.py:151} INFO - [2023-11-27T10:36:10.503+0000] {dag.py:2915} INFO - Sync 1 DAGs
[2023-11-27T10:36:10.516+0000] {logging_mixin.py:151} INFO - [2023-11-27T10:36:10.516+0000] {dag.py:3696} INFO - Setting next_dagrun for example_branch_operator to 2023-11-26T00:00:00+00:00, run_after=2023-11-27T00:00:00+00:00
[2023-11-27T10:36:10.526+0000] {processor.py:179} INFO - Processing /home/airflow/.local/lib/python3.8/site-packages/airflow/example_dags/example_branch_operator.py took 0.047 seconds
[2023-11-27T10:36:40.928+0000] {processor.py:157} INFO - Started process (PID=494) to work on /home/airflow/.local/lib/python3.8/site-packages/airflow/example_dags/example_branch_operator.py
[2023-11-27T10:36:40.928+0000] {processor.py:829} INFO - Processing file /home/airflow/.local/lib/python3.8/site-packages/airflow/example_dags/example_branch_operator.py for tasks to queue
[2023-11-27T10:36:40.930+0000] {logging_mixin.py:151} INFO - [2023-11-27T10:36:40.930+0000] {dagbag.py:539} INFO - Filling up the DagBag from /home/airflow/.local/lib/python3.8/site-packages/airflow/example_dags/example_branch_operator.py
[2023-11-27T10:36:40.936+0000] {processor.py:839} INFO - DAG(s) dict_keys(['example_branch_operator']) retrieved from /home/airflow/.local/lib/python3.8/site-packages/airflow/example_dags/example_branch_operator.py
[2023-11-27T10:36:40.948+0000] {logging_mixin.py:151} INFO - [2023-11-27T10:36:40.948+0000] {dag.py:2915} INFO - Sync 1 DAGs
[2023-11-27T10:36:40.959+0000] {logging_mixin.py:151} INFO - [2023-11-27T10:36:40.958+0000] {dag.py:3696} INFO - Setting next_dagrun for example_branch_operator to 2023-11-26T00:00:00+00:00, run_after=2023-11-27T00:00:00+00:00
[2023-11-27T10:36:40.967+0000] {processor.py:179} INFO - Processing /home/airflow/.local/lib/python3.8/site-packages/airflow/example_dags/example_branch_operator.py took 0.041 seconds
[2023-11-27T10:37:11.647+0000] {processor.py:157} INFO - Started process (PID=548) to work on /home/airflow/.local/lib/python3.8/site-packages/airflow/example_dags/example_branch_operator.py
[2023-11-27T10:37:11.648+0000] {processor.py:829} INFO - Processing file /home/airflow/.local/lib/python3.8/site-packages/airflow/example_dags/example_branch_operator.py for tasks to queue
[2023-11-27T10:37:11.649+0000] {logging_mixin.py:151} INFO - [2023-11-27T10:37:11.649+0000] {dagbag.py:539} INFO - Filling up the DagBag from /home/airflow/.local/lib/python3.8/site-packages/airflow/example_dags/example_branch_operator.py
[2023-11-27T10:37:11.654+0000] {processor.py:839} INFO - DAG(s) dict_keys(['example_branch_operator']) retrieved from /home/airflow/.local/lib/python3.8/site-packages/airflow/example_dags/example_branch_operator.py
[2023-11-27T10:37:11.667+0000] {logging_mixin.py:151} INFO - [2023-11-27T10:37:11.667+0000] {dag.py:2915} INFO - Sync 1 DAGs
[2023-11-27T10:37:11.679+0000] {logging_mixin.py:151} INFO - [2023-11-27T10:37:11.679+0000] {dag.py:3696} INFO - Setting next_dagrun for example_branch_operator to 2023-11-26T00:00:00+00:00, run_after=2023-11-27T00:00:00+00:00
[2023-11-27T10:37:11.689+0000] {processor.py:179} INFO - Processing /home/airflow/.local/lib/python3.8/site-packages/airflow/example_dags/example_branch_operator.py took 0.044 seconds
[2023-11-27T10:37:44.270+0000] {processor.py:157} INFO - Started process (PID=602) to work on /home/airflow/.local/lib/python3.8/site-packages/airflow/example_dags/example_branch_operator.py
[2023-11-27T10:37:44.272+0000] {processor.py:829} INFO - Processing file /home/airflow/.local/lib/python3.8/site-packages/airflow/example_dags/example_branch_operator.py for tasks to queue
[2023-11-27T10:37:44.280+0000] {logging_mixin.py:151} INFO - [2023-11-27T10:37:44.278+0000] {dagbag.py:539} INFO - Filling up the DagBag from /home/airflow/.local/lib/python3.8/site-packages/airflow/example_dags/example_branch_operator.py
[2023-11-27T10:37:44.295+0000] {processor.py:839} INFO - DAG(s) dict_keys(['example_branch_operator']) retrieved from /home/airflow/.local/lib/python3.8/site-packages/airflow/example_dags/example_branch_operator.py
[2023-11-27T10:37:44.345+0000] {logging_mixin.py:151} INFO - [2023-11-27T10:37:44.345+0000] {dag.py:2915} INFO - Sync 1 DAGs
[2023-11-27T10:37:44.377+0000] {logging_mixin.py:151} INFO - [2023-11-27T10:37:44.377+0000] {dag.py:3696} INFO - Setting next_dagrun for example_branch_operator to 2023-11-26T00:00:00+00:00, run_after=2023-11-27T00:00:00+00:00
[2023-11-27T10:37:44.396+0000] {processor.py:179} INFO - Processing /home/airflow/.local/lib/python3.8/site-packages/airflow/example_dags/example_branch_operator.py took 0.135 seconds
[2023-11-27T10:38:15.282+0000] {processor.py:157} INFO - Started process (PID=656) to work on /home/airflow/.local/lib/python3.8/site-packages/airflow/example_dags/example_branch_operator.py
[2023-11-27T10:38:15.286+0000] {processor.py:829} INFO - Processing file /home/airflow/.local/lib/python3.8/site-packages/airflow/example_dags/example_branch_operator.py for tasks to queue
[2023-11-27T10:38:15.291+0000] {logging_mixin.py:151} INFO - [2023-11-27T10:38:15.290+0000] {dagbag.py:539} INFO - Filling up the DagBag from /home/airflow/.local/lib/python3.8/site-packages/airflow/example_dags/example_branch_operator.py
[2023-11-27T10:38:15.303+0000] {processor.py:839} INFO - DAG(s) dict_keys(['example_branch_operator']) retrieved from /home/airflow/.local/lib/python3.8/site-packages/airflow/example_dags/example_branch_operator.py
[2023-11-27T10:38:15.327+0000] {logging_mixin.py:151} INFO - [2023-11-27T10:38:15.327+0000] {dag.py:2915} INFO - Sync 1 DAGs
[2023-11-27T10:38:15.345+0000] {logging_mixin.py:151} INFO - [2023-11-27T10:38:15.345+0000] {dag.py:3696} INFO - Setting next_dagrun for example_branch_operator to 2023-11-26T00:00:00+00:00, run_after=2023-11-27T00:00:00+00:00
[2023-11-27T10:38:15.358+0000] {processor.py:179} INFO - Processing /home/airflow/.local/lib/python3.8/site-packages/airflow/example_dags/example_branch_operator.py took 0.083 seconds
[2023-11-27T10:38:45.689+0000] {processor.py:157} INFO - Started process (PID=710) to work on /home/airflow/.local/lib/python3.8/site-packages/airflow/example_dags/example_branch_operator.py
[2023-11-27T10:38:45.692+0000] {processor.py:829} INFO - Processing file /home/airflow/.local/lib/python3.8/site-packages/airflow/example_dags/example_branch_operator.py for tasks to queue
[2023-11-27T10:38:45.695+0000] {logging_mixin.py:151} INFO - [2023-11-27T10:38:45.694+0000] {dagbag.py:539} INFO - Filling up the DagBag from /home/airflow/.local/lib/python3.8/site-packages/airflow/example_dags/example_branch_operator.py
[2023-11-27T10:38:45.705+0000] {processor.py:839} INFO - DAG(s) dict_keys(['example_branch_operator']) retrieved from /home/airflow/.local/lib/python3.8/site-packages/airflow/example_dags/example_branch_operator.py
[2023-11-27T10:38:45.723+0000] {logging_mixin.py:151} INFO - [2023-11-27T10:38:45.723+0000] {dag.py:2915} INFO - Sync 1 DAGs
[2023-11-27T10:38:45.736+0000] {logging_mixin.py:151} INFO - [2023-11-27T10:38:45.736+0000] {dag.py:3696} INFO - Setting next_dagrun for example_branch_operator to 2023-11-26T00:00:00+00:00, run_after=2023-11-27T00:00:00+00:00
[2023-11-27T10:38:45.745+0000] {processor.py:179} INFO - Processing /home/airflow/.local/lib/python3.8/site-packages/airflow/example_dags/example_branch_operator.py took 0.062 seconds
[2023-11-27T10:39:16.409+0000] {processor.py:157} INFO - Started process (PID=765) to work on /home/airflow/.local/lib/python3.8/site-packages/airflow/example_dags/example_branch_operator.py
[2023-11-27T10:39:16.410+0000] {processor.py:829} INFO - Processing file /home/airflow/.local/lib/python3.8/site-packages/airflow/example_dags/example_branch_operator.py for tasks to queue
[2023-11-27T10:39:16.412+0000] {logging_mixin.py:151} INFO - [2023-11-27T10:39:16.411+0000] {dagbag.py:539} INFO - Filling up the DagBag from /home/airflow/.local/lib/python3.8/site-packages/airflow/example_dags/example_branch_operator.py
[2023-11-27T10:39:16.418+0000] {processor.py:839} INFO - DAG(s) dict_keys(['example_branch_operator']) retrieved from /home/airflow/.local/lib/python3.8/site-packages/airflow/example_dags/example_branch_operator.py
[2023-11-27T10:39:16.431+0000] {logging_mixin.py:151} INFO - [2023-11-27T10:39:16.431+0000] {dag.py:2915} INFO - Sync 1 DAGs
[2023-11-27T10:39:16.443+0000] {logging_mixin.py:151} INFO - [2023-11-27T10:39:16.443+0000] {dag.py:3696} INFO - Setting next_dagrun for example_branch_operator to 2023-11-26T00:00:00+00:00, run_after=2023-11-27T00:00:00+00:00
[2023-11-27T10:39:16.452+0000] {processor.py:179} INFO - Processing /home/airflow/.local/lib/python3.8/site-packages/airflow/example_dags/example_branch_operator.py took 0.046 seconds
[2023-11-27T10:39:47.065+0000] {processor.py:157} INFO - Started process (PID=819) to work on /home/airflow/.local/lib/python3.8/site-packages/airflow/example_dags/example_branch_operator.py
[2023-11-27T10:39:47.067+0000] {processor.py:829} INFO - Processing file /home/airflow/.local/lib/python3.8/site-packages/airflow/example_dags/example_branch_operator.py for tasks to queue
[2023-11-27T10:39:47.070+0000] {logging_mixin.py:151} INFO - [2023-11-27T10:39:47.070+0000] {dagbag.py:539} INFO - Filling up the DagBag from /home/airflow/.local/lib/python3.8/site-packages/airflow/example_dags/example_branch_operator.py
[2023-11-27T10:39:47.081+0000] {processor.py:839} INFO - DAG(s) dict_keys(['example_branch_operator']) retrieved from /home/airflow/.local/lib/python3.8/site-packages/airflow/example_dags/example_branch_operator.py
[2023-11-27T10:39:47.101+0000] {logging_mixin.py:151} INFO - [2023-11-27T10:39:47.101+0000] {dag.py:2915} INFO - Sync 1 DAGs
[2023-11-27T10:39:47.120+0000] {logging_mixin.py:151} INFO - [2023-11-27T10:39:47.120+0000] {dag.py:3696} INFO - Setting next_dagrun for example_branch_operator to 2023-11-26T00:00:00+00:00, run_after=2023-11-27T00:00:00+00:00
[2023-11-27T10:39:47.134+0000] {processor.py:179} INFO - Processing /home/airflow/.local/lib/python3.8/site-packages/airflow/example_dags/example_branch_operator.py took 0.074 seconds
