[2023-11-27T10:09:22.651+0000] {processor.py:157} INFO - Started process (PID=52) to work on /home/airflow/.local/lib/python3.8/site-packages/airflow/example_dags/example_short_circuit_decorator.py
[2023-11-27T10:09:22.656+0000] {processor.py:829} INFO - Processing file /home/airflow/.local/lib/python3.8/site-packages/airflow/example_dags/example_short_circuit_decorator.py for tasks to queue
[2023-11-27T10:09:22.676+0000] {logging_mixin.py:151} INFO - [2023-11-27T10:09:22.675+0000] {dagbag.py:539} INFO - Filling up the DagBag from /home/airflow/.local/lib/python3.8/site-packages/airflow/example_dags/example_short_circuit_decorator.py
[2023-11-27T10:09:22.687+0000] {processor.py:839} INFO - DAG(s) dict_keys(['example_short_circuit_decorator']) retrieved from /home/airflow/.local/lib/python3.8/site-packages/airflow/example_dags/example_short_circuit_decorator.py
[2023-11-27T10:09:22.742+0000] {logging_mixin.py:151} INFO - [2023-11-27T10:09:22.742+0000] {dag.py:2915} INFO - Sync 1 DAGs
[2023-11-27T10:09:22.776+0000] {logging_mixin.py:151} INFO - [2023-11-27T10:09:22.776+0000] {dag.py:3696} INFO - Setting next_dagrun for example_short_circuit_decorator to 2023-11-26T10:09:22.775993+00:00, run_after=2023-11-27T10:09:22.775993+00:00
[2023-11-27T10:09:22.810+0000] {processor.py:179} INFO - Processing /home/airflow/.local/lib/python3.8/site-packages/airflow/example_dags/example_short_circuit_decorator.py took 0.169 seconds
[2023-11-27T10:09:53.778+0000] {processor.py:157} INFO - Started process (PID=107) to work on /home/airflow/.local/lib/python3.8/site-packages/airflow/example_dags/example_short_circuit_decorator.py
[2023-11-27T10:09:53.780+0000] {processor.py:829} INFO - Processing file /home/airflow/.local/lib/python3.8/site-packages/airflow/example_dags/example_short_circuit_decorator.py for tasks to queue
[2023-11-27T10:09:53.786+0000] {logging_mixin.py:151} INFO - [2023-11-27T10:09:53.786+0000] {dagbag.py:539} INFO - Filling up the DagBag from /home/airflow/.local/lib/python3.8/site-packages/airflow/example_dags/example_short_circuit_decorator.py
[2023-11-27T10:09:53.807+0000] {processor.py:839} INFO - DAG(s) dict_keys(['example_short_circuit_decorator']) retrieved from /home/airflow/.local/lib/python3.8/site-packages/airflow/example_dags/example_short_circuit_decorator.py
[2023-11-27T10:09:53.845+0000] {logging_mixin.py:151} INFO - [2023-11-27T10:09:53.844+0000] {dag.py:2915} INFO - Sync 1 DAGs
[2023-11-27T10:09:53.903+0000] {logging_mixin.py:151} INFO - [2023-11-27T10:09:53.902+0000] {dag.py:3696} INFO - Setting next_dagrun for example_short_circuit_decorator to 2023-11-26T10:09:53.902016+00:00, run_after=2023-11-27T10:09:53.902016+00:00
[2023-11-27T10:09:53.947+0000] {processor.py:179} INFO - Processing /home/airflow/.local/lib/python3.8/site-packages/airflow/example_dags/example_short_circuit_decorator.py took 0.185 seconds
[2023-11-27T10:10:24.000+0000] {processor.py:157} INFO - Started process (PID=161) to work on /home/airflow/.local/lib/python3.8/site-packages/airflow/example_dags/example_short_circuit_decorator.py
[2023-11-27T10:10:24.004+0000] {processor.py:829} INFO - Processing file /home/airflow/.local/lib/python3.8/site-packages/airflow/example_dags/example_short_circuit_decorator.py for tasks to queue
[2023-11-27T10:10:24.006+0000] {logging_mixin.py:151} INFO - [2023-11-27T10:10:24.006+0000] {dagbag.py:539} INFO - Filling up the DagBag from /home/airflow/.local/lib/python3.8/site-packages/airflow/example_dags/example_short_circuit_decorator.py
[2023-11-27T10:10:24.013+0000] {processor.py:839} INFO - DAG(s) dict_keys(['example_short_circuit_decorator']) retrieved from /home/airflow/.local/lib/python3.8/site-packages/airflow/example_dags/example_short_circuit_decorator.py
[2023-11-27T10:10:24.030+0000] {logging_mixin.py:151} INFO - [2023-11-27T10:10:24.030+0000] {dag.py:2915} INFO - Sync 1 DAGs
[2023-11-27T10:10:24.057+0000] {logging_mixin.py:151} INFO - [2023-11-27T10:10:24.057+0000] {dag.py:3696} INFO - Setting next_dagrun for example_short_circuit_decorator to 2023-11-26T10:10:24.056568+00:00, run_after=2023-11-27T10:10:24.056568+00:00
[2023-11-27T10:10:24.085+0000] {processor.py:179} INFO - Processing /home/airflow/.local/lib/python3.8/site-packages/airflow/example_dags/example_short_circuit_decorator.py took 0.088 seconds
[2023-11-27T10:10:54.777+0000] {processor.py:157} INFO - Started process (PID=215) to work on /home/airflow/.local/lib/python3.8/site-packages/airflow/example_dags/example_short_circuit_decorator.py
[2023-11-27T10:10:54.778+0000] {processor.py:829} INFO - Processing file /home/airflow/.local/lib/python3.8/site-packages/airflow/example_dags/example_short_circuit_decorator.py for tasks to queue
[2023-11-27T10:10:54.779+0000] {logging_mixin.py:151} INFO - [2023-11-27T10:10:54.779+0000] {dagbag.py:539} INFO - Filling up the DagBag from /home/airflow/.local/lib/python3.8/site-packages/airflow/example_dags/example_short_circuit_decorator.py
[2023-11-27T10:10:54.785+0000] {processor.py:839} INFO - DAG(s) dict_keys(['example_short_circuit_decorator']) retrieved from /home/airflow/.local/lib/python3.8/site-packages/airflow/example_dags/example_short_circuit_decorator.py
[2023-11-27T10:10:54.798+0000] {logging_mixin.py:151} INFO - [2023-11-27T10:10:54.798+0000] {dag.py:2915} INFO - Sync 1 DAGs
[2023-11-27T10:10:54.810+0000] {logging_mixin.py:151} INFO - [2023-11-27T10:10:54.810+0000] {dag.py:3696} INFO - Setting next_dagrun for example_short_circuit_decorator to 2023-11-26T10:10:54.810246+00:00, run_after=2023-11-27T10:10:54.810246+00:00
[2023-11-27T10:10:54.819+0000] {processor.py:179} INFO - Processing /home/airflow/.local/lib/python3.8/site-packages/airflow/example_dags/example_short_circuit_decorator.py took 0.044 seconds
[2023-11-27T10:11:25.093+0000] {processor.py:157} INFO - Started process (PID=269) to work on /home/airflow/.local/lib/python3.8/site-packages/airflow/example_dags/example_short_circuit_decorator.py
[2023-11-27T10:11:25.094+0000] {processor.py:829} INFO - Processing file /home/airflow/.local/lib/python3.8/site-packages/airflow/example_dags/example_short_circuit_decorator.py for tasks to queue
[2023-11-27T10:11:25.096+0000] {logging_mixin.py:151} INFO - [2023-11-27T10:11:25.096+0000] {dagbag.py:539} INFO - Filling up the DagBag from /home/airflow/.local/lib/python3.8/site-packages/airflow/example_dags/example_short_circuit_decorator.py
[2023-11-27T10:11:25.102+0000] {processor.py:839} INFO - DAG(s) dict_keys(['example_short_circuit_decorator']) retrieved from /home/airflow/.local/lib/python3.8/site-packages/airflow/example_dags/example_short_circuit_decorator.py
[2023-11-27T10:11:25.116+0000] {logging_mixin.py:151} INFO - [2023-11-27T10:11:25.116+0000] {dag.py:2915} INFO - Sync 1 DAGs
[2023-11-27T10:11:25.131+0000] {logging_mixin.py:151} INFO - [2023-11-27T10:11:25.130+0000] {dag.py:3696} INFO - Setting next_dagrun for example_short_circuit_decorator to 2023-11-26T10:11:25.130591+00:00, run_after=2023-11-27T10:11:25.130591+00:00
[2023-11-27T10:11:25.147+0000] {processor.py:179} INFO - Processing /home/airflow/.local/lib/python3.8/site-packages/airflow/example_dags/example_short_circuit_decorator.py took 0.056 seconds
[2023-11-27T10:11:55.451+0000] {processor.py:157} INFO - Started process (PID=323) to work on /home/airflow/.local/lib/python3.8/site-packages/airflow/example_dags/example_short_circuit_decorator.py
[2023-11-27T10:11:55.452+0000] {processor.py:829} INFO - Processing file /home/airflow/.local/lib/python3.8/site-packages/airflow/example_dags/example_short_circuit_decorator.py for tasks to queue
[2023-11-27T10:11:55.454+0000] {logging_mixin.py:151} INFO - [2023-11-27T10:11:55.453+0000] {dagbag.py:539} INFO - Filling up the DagBag from /home/airflow/.local/lib/python3.8/site-packages/airflow/example_dags/example_short_circuit_decorator.py
[2023-11-27T10:11:55.459+0000] {processor.py:839} INFO - DAG(s) dict_keys(['example_short_circuit_decorator']) retrieved from /home/airflow/.local/lib/python3.8/site-packages/airflow/example_dags/example_short_circuit_decorator.py
[2023-11-27T10:11:55.472+0000] {logging_mixin.py:151} INFO - [2023-11-27T10:11:55.472+0000] {dag.py:2915} INFO - Sync 1 DAGs
[2023-11-27T10:11:55.483+0000] {logging_mixin.py:151} INFO - [2023-11-27T10:11:55.483+0000] {dag.py:3696} INFO - Setting next_dagrun for example_short_circuit_decorator to 2023-11-26T10:11:55.483306+00:00, run_after=2023-11-27T10:11:55.483306+00:00
[2023-11-27T10:11:55.492+0000] {processor.py:179} INFO - Processing /home/airflow/.local/lib/python3.8/site-packages/airflow/example_dags/example_short_circuit_decorator.py took 0.043 seconds
[2023-11-27T10:12:25.846+0000] {processor.py:157} INFO - Started process (PID=377) to work on /home/airflow/.local/lib/python3.8/site-packages/airflow/example_dags/example_short_circuit_decorator.py
[2023-11-27T10:12:25.847+0000] {processor.py:829} INFO - Processing file /home/airflow/.local/lib/python3.8/site-packages/airflow/example_dags/example_short_circuit_decorator.py for tasks to queue
[2023-11-27T10:12:25.849+0000] {logging_mixin.py:151} INFO - [2023-11-27T10:12:25.849+0000] {dagbag.py:539} INFO - Filling up the DagBag from /home/airflow/.local/lib/python3.8/site-packages/airflow/example_dags/example_short_circuit_decorator.py
[2023-11-27T10:12:25.856+0000] {processor.py:839} INFO - DAG(s) dict_keys(['example_short_circuit_decorator']) retrieved from /home/airflow/.local/lib/python3.8/site-packages/airflow/example_dags/example_short_circuit_decorator.py
[2023-11-27T10:12:25.870+0000] {logging_mixin.py:151} INFO - [2023-11-27T10:12:25.870+0000] {dag.py:2915} INFO - Sync 1 DAGs
[2023-11-27T10:12:25.882+0000] {logging_mixin.py:151} INFO - [2023-11-27T10:12:25.882+0000] {dag.py:3696} INFO - Setting next_dagrun for example_short_circuit_decorator to 2023-11-26T10:12:25.882322+00:00, run_after=2023-11-27T10:12:25.882322+00:00
[2023-11-27T10:12:25.892+0000] {processor.py:179} INFO - Processing /home/airflow/.local/lib/python3.8/site-packages/airflow/example_dags/example_short_circuit_decorator.py took 0.048 seconds
[2023-11-27T10:12:56.217+0000] {processor.py:157} INFO - Started process (PID=431) to work on /home/airflow/.local/lib/python3.8/site-packages/airflow/example_dags/example_short_circuit_decorator.py
[2023-11-27T10:12:56.218+0000] {processor.py:829} INFO - Processing file /home/airflow/.local/lib/python3.8/site-packages/airflow/example_dags/example_short_circuit_decorator.py for tasks to queue
[2023-11-27T10:12:56.220+0000] {logging_mixin.py:151} INFO - [2023-11-27T10:12:56.220+0000] {dagbag.py:539} INFO - Filling up the DagBag from /home/airflow/.local/lib/python3.8/site-packages/airflow/example_dags/example_short_circuit_decorator.py
[2023-11-27T10:12:56.226+0000] {processor.py:839} INFO - DAG(s) dict_keys(['example_short_circuit_decorator']) retrieved from /home/airflow/.local/lib/python3.8/site-packages/airflow/example_dags/example_short_circuit_decorator.py
[2023-11-27T10:12:56.239+0000] {logging_mixin.py:151} INFO - [2023-11-27T10:12:56.239+0000] {dag.py:2915} INFO - Sync 1 DAGs
[2023-11-27T10:12:56.250+0000] {logging_mixin.py:151} INFO - [2023-11-27T10:12:56.250+0000] {dag.py:3696} INFO - Setting next_dagrun for example_short_circuit_decorator to 2023-11-26T10:12:56.250353+00:00, run_after=2023-11-27T10:12:56.250353+00:00
[2023-11-27T10:12:56.259+0000] {processor.py:179} INFO - Processing /home/airflow/.local/lib/python3.8/site-packages/airflow/example_dags/example_short_circuit_decorator.py took 0.044 seconds
[2023-11-27T10:13:26.945+0000] {processor.py:157} INFO - Started process (PID=485) to work on /home/airflow/.local/lib/python3.8/site-packages/airflow/example_dags/example_short_circuit_decorator.py
[2023-11-27T10:13:26.946+0000] {processor.py:829} INFO - Processing file /home/airflow/.local/lib/python3.8/site-packages/airflow/example_dags/example_short_circuit_decorator.py for tasks to queue
[2023-11-27T10:13:26.947+0000] {logging_mixin.py:151} INFO - [2023-11-27T10:13:26.947+0000] {dagbag.py:539} INFO - Filling up the DagBag from /home/airflow/.local/lib/python3.8/site-packages/airflow/example_dags/example_short_circuit_decorator.py
[2023-11-27T10:13:26.953+0000] {processor.py:839} INFO - DAG(s) dict_keys(['example_short_circuit_decorator']) retrieved from /home/airflow/.local/lib/python3.8/site-packages/airflow/example_dags/example_short_circuit_decorator.py
[2023-11-27T10:13:26.965+0000] {logging_mixin.py:151} INFO - [2023-11-27T10:13:26.965+0000] {dag.py:2915} INFO - Sync 1 DAGs
[2023-11-27T10:13:26.977+0000] {logging_mixin.py:151} INFO - [2023-11-27T10:13:26.977+0000] {dag.py:3696} INFO - Setting next_dagrun for example_short_circuit_decorator to 2023-11-26T10:13:26.977491+00:00, run_after=2023-11-27T10:13:26.977491+00:00
[2023-11-27T10:13:26.987+0000] {processor.py:179} INFO - Processing /home/airflow/.local/lib/python3.8/site-packages/airflow/example_dags/example_short_circuit_decorator.py took 0.048 seconds
[2023-11-27T10:13:57.170+0000] {processor.py:157} INFO - Started process (PID=539) to work on /home/airflow/.local/lib/python3.8/site-packages/airflow/example_dags/example_short_circuit_decorator.py
[2023-11-27T10:13:57.171+0000] {processor.py:829} INFO - Processing file /home/airflow/.local/lib/python3.8/site-packages/airflow/example_dags/example_short_circuit_decorator.py for tasks to queue
[2023-11-27T10:13:57.172+0000] {logging_mixin.py:151} INFO - [2023-11-27T10:13:57.172+0000] {dagbag.py:539} INFO - Filling up the DagBag from /home/airflow/.local/lib/python3.8/site-packages/airflow/example_dags/example_short_circuit_decorator.py
[2023-11-27T10:13:57.179+0000] {processor.py:839} INFO - DAG(s) dict_keys(['example_short_circuit_decorator']) retrieved from /home/airflow/.local/lib/python3.8/site-packages/airflow/example_dags/example_short_circuit_decorator.py
[2023-11-27T10:13:57.195+0000] {logging_mixin.py:151} INFO - [2023-11-27T10:13:57.195+0000] {dag.py:2915} INFO - Sync 1 DAGs
[2023-11-27T10:13:57.210+0000] {logging_mixin.py:151} INFO - [2023-11-27T10:13:57.210+0000] {dag.py:3696} INFO - Setting next_dagrun for example_short_circuit_decorator to 2023-11-26T10:13:57.210271+00:00, run_after=2023-11-27T10:13:57.210271+00:00
[2023-11-27T10:13:57.222+0000] {processor.py:179} INFO - Processing /home/airflow/.local/lib/python3.8/site-packages/airflow/example_dags/example_short_circuit_decorator.py took 0.054 seconds
[2023-11-27T10:14:27.458+0000] {processor.py:157} INFO - Started process (PID=593) to work on /home/airflow/.local/lib/python3.8/site-packages/airflow/example_dags/example_short_circuit_decorator.py
[2023-11-27T10:14:27.459+0000] {processor.py:829} INFO - Processing file /home/airflow/.local/lib/python3.8/site-packages/airflow/example_dags/example_short_circuit_decorator.py for tasks to queue
[2023-11-27T10:14:27.460+0000] {logging_mixin.py:151} INFO - [2023-11-27T10:14:27.460+0000] {dagbag.py:539} INFO - Filling up the DagBag from /home/airflow/.local/lib/python3.8/site-packages/airflow/example_dags/example_short_circuit_decorator.py
[2023-11-27T10:14:27.466+0000] {processor.py:839} INFO - DAG(s) dict_keys(['example_short_circuit_decorator']) retrieved from /home/airflow/.local/lib/python3.8/site-packages/airflow/example_dags/example_short_circuit_decorator.py
[2023-11-27T10:14:27.481+0000] {logging_mixin.py:151} INFO - [2023-11-27T10:14:27.481+0000] {dag.py:2915} INFO - Sync 1 DAGs
[2023-11-27T10:14:27.493+0000] {logging_mixin.py:151} INFO - [2023-11-27T10:14:27.493+0000] {dag.py:3696} INFO - Setting next_dagrun for example_short_circuit_decorator to 2023-11-26T10:14:27.493374+00:00, run_after=2023-11-27T10:14:27.493374+00:00
[2023-11-27T10:14:27.504+0000] {processor.py:179} INFO - Processing /home/airflow/.local/lib/python3.8/site-packages/airflow/example_dags/example_short_circuit_decorator.py took 0.048 seconds
[2023-11-27T10:14:57.978+0000] {processor.py:157} INFO - Started process (PID=647) to work on /home/airflow/.local/lib/python3.8/site-packages/airflow/example_dags/example_short_circuit_decorator.py
[2023-11-27T10:14:57.979+0000] {processor.py:829} INFO - Processing file /home/airflow/.local/lib/python3.8/site-packages/airflow/example_dags/example_short_circuit_decorator.py for tasks to queue
[2023-11-27T10:14:57.982+0000] {logging_mixin.py:151} INFO - [2023-11-27T10:14:57.981+0000] {dagbag.py:539} INFO - Filling up the DagBag from /home/airflow/.local/lib/python3.8/site-packages/airflow/example_dags/example_short_circuit_decorator.py
[2023-11-27T10:14:57.991+0000] {processor.py:839} INFO - DAG(s) dict_keys(['example_short_circuit_decorator']) retrieved from /home/airflow/.local/lib/python3.8/site-packages/airflow/example_dags/example_short_circuit_decorator.py
[2023-11-27T10:14:58.009+0000] {logging_mixin.py:151} INFO - [2023-11-27T10:14:58.009+0000] {dag.py:2915} INFO - Sync 1 DAGs
[2023-11-27T10:14:58.026+0000] {logging_mixin.py:151} INFO - [2023-11-27T10:14:58.025+0000] {dag.py:3696} INFO - Setting next_dagrun for example_short_circuit_decorator to 2023-11-26T10:14:58.025348+00:00, run_after=2023-11-27T10:14:58.025348+00:00
[2023-11-27T10:14:58.042+0000] {processor.py:179} INFO - Processing /home/airflow/.local/lib/python3.8/site-packages/airflow/example_dags/example_short_circuit_decorator.py took 0.066 seconds
[2023-11-27T10:15:28.508+0000] {processor.py:157} INFO - Started process (PID=701) to work on /home/airflow/.local/lib/python3.8/site-packages/airflow/example_dags/example_short_circuit_decorator.py
[2023-11-27T10:15:28.509+0000] {processor.py:829} INFO - Processing file /home/airflow/.local/lib/python3.8/site-packages/airflow/example_dags/example_short_circuit_decorator.py for tasks to queue
[2023-11-27T10:15:28.511+0000] {logging_mixin.py:151} INFO - [2023-11-27T10:15:28.510+0000] {dagbag.py:539} INFO - Filling up the DagBag from /home/airflow/.local/lib/python3.8/site-packages/airflow/example_dags/example_short_circuit_decorator.py
[2023-11-27T10:15:28.516+0000] {processor.py:839} INFO - DAG(s) dict_keys(['example_short_circuit_decorator']) retrieved from /home/airflow/.local/lib/python3.8/site-packages/airflow/example_dags/example_short_circuit_decorator.py
[2023-11-27T10:15:28.529+0000] {logging_mixin.py:151} INFO - [2023-11-27T10:15:28.529+0000] {dag.py:2915} INFO - Sync 1 DAGs
[2023-11-27T10:15:28.540+0000] {logging_mixin.py:151} INFO - [2023-11-27T10:15:28.540+0000] {dag.py:3696} INFO - Setting next_dagrun for example_short_circuit_decorator to 2023-11-26T10:15:28.540336+00:00, run_after=2023-11-27T10:15:28.540336+00:00
[2023-11-27T10:15:28.552+0000] {processor.py:179} INFO - Processing /home/airflow/.local/lib/python3.8/site-packages/airflow/example_dags/example_short_circuit_decorator.py took 0.046 seconds
[2023-11-27T10:15:58.837+0000] {processor.py:157} INFO - Started process (PID=755) to work on /home/airflow/.local/lib/python3.8/site-packages/airflow/example_dags/example_short_circuit_decorator.py
[2023-11-27T10:15:58.838+0000] {processor.py:829} INFO - Processing file /home/airflow/.local/lib/python3.8/site-packages/airflow/example_dags/example_short_circuit_decorator.py for tasks to queue
[2023-11-27T10:15:58.839+0000] {logging_mixin.py:151} INFO - [2023-11-27T10:15:58.839+0000] {dagbag.py:539} INFO - Filling up the DagBag from /home/airflow/.local/lib/python3.8/site-packages/airflow/example_dags/example_short_circuit_decorator.py
[2023-11-27T10:15:58.845+0000] {processor.py:839} INFO - DAG(s) dict_keys(['example_short_circuit_decorator']) retrieved from /home/airflow/.local/lib/python3.8/site-packages/airflow/example_dags/example_short_circuit_decorator.py
[2023-11-27T10:15:58.858+0000] {logging_mixin.py:151} INFO - [2023-11-27T10:15:58.858+0000] {dag.py:2915} INFO - Sync 1 DAGs
[2023-11-27T10:15:58.869+0000] {logging_mixin.py:151} INFO - [2023-11-27T10:15:58.869+0000] {dag.py:3696} INFO - Setting next_dagrun for example_short_circuit_decorator to 2023-11-26T10:15:58.869333+00:00, run_after=2023-11-27T10:15:58.869333+00:00
[2023-11-27T10:15:58.878+0000] {processor.py:179} INFO - Processing /home/airflow/.local/lib/python3.8/site-packages/airflow/example_dags/example_short_circuit_decorator.py took 0.043 seconds
[2023-11-27T10:16:29.605+0000] {processor.py:157} INFO - Started process (PID=809) to work on /home/airflow/.local/lib/python3.8/site-packages/airflow/example_dags/example_short_circuit_decorator.py
[2023-11-27T10:16:29.606+0000] {processor.py:829} INFO - Processing file /home/airflow/.local/lib/python3.8/site-packages/airflow/example_dags/example_short_circuit_decorator.py for tasks to queue
[2023-11-27T10:16:29.609+0000] {logging_mixin.py:151} INFO - [2023-11-27T10:16:29.609+0000] {dagbag.py:539} INFO - Filling up the DagBag from /home/airflow/.local/lib/python3.8/site-packages/airflow/example_dags/example_short_circuit_decorator.py
[2023-11-27T10:16:29.622+0000] {processor.py:839} INFO - DAG(s) dict_keys(['example_short_circuit_decorator']) retrieved from /home/airflow/.local/lib/python3.8/site-packages/airflow/example_dags/example_short_circuit_decorator.py
[2023-11-27T10:16:29.640+0000] {logging_mixin.py:151} INFO - [2023-11-27T10:16:29.640+0000] {dag.py:2915} INFO - Sync 1 DAGs
[2023-11-27T10:16:29.651+0000] {logging_mixin.py:151} INFO - [2023-11-27T10:16:29.651+0000] {dag.py:3696} INFO - Setting next_dagrun for example_short_circuit_decorator to 2023-11-26T10:16:29.651429+00:00, run_after=2023-11-27T10:16:29.651429+00:00
[2023-11-27T10:16:29.660+0000] {processor.py:179} INFO - Processing /home/airflow/.local/lib/python3.8/site-packages/airflow/example_dags/example_short_circuit_decorator.py took 0.057 seconds
[2023-11-27T10:17:00.075+0000] {processor.py:157} INFO - Started process (PID=863) to work on /home/airflow/.local/lib/python3.8/site-packages/airflow/example_dags/example_short_circuit_decorator.py
[2023-11-27T10:17:00.075+0000] {processor.py:829} INFO - Processing file /home/airflow/.local/lib/python3.8/site-packages/airflow/example_dags/example_short_circuit_decorator.py for tasks to queue
[2023-11-27T10:17:00.077+0000] {logging_mixin.py:151} INFO - [2023-11-27T10:17:00.077+0000] {dagbag.py:539} INFO - Filling up the DagBag from /home/airflow/.local/lib/python3.8/site-packages/airflow/example_dags/example_short_circuit_decorator.py
[2023-11-27T10:17:00.082+0000] {processor.py:839} INFO - DAG(s) dict_keys(['example_short_circuit_decorator']) retrieved from /home/airflow/.local/lib/python3.8/site-packages/airflow/example_dags/example_short_circuit_decorator.py
[2023-11-27T10:17:00.095+0000] {logging_mixin.py:151} INFO - [2023-11-27T10:17:00.095+0000] {dag.py:2915} INFO - Sync 1 DAGs
[2023-11-27T10:17:00.107+0000] {logging_mixin.py:151} INFO - [2023-11-27T10:17:00.107+0000] {dag.py:3696} INFO - Setting next_dagrun for example_short_circuit_decorator to 2023-11-26T10:17:00.107485+00:00, run_after=2023-11-27T10:17:00.107485+00:00
[2023-11-27T10:17:00.116+0000] {processor.py:179} INFO - Processing /home/airflow/.local/lib/python3.8/site-packages/airflow/example_dags/example_short_circuit_decorator.py took 0.044 seconds
[2023-11-27T10:17:30.434+0000] {processor.py:157} INFO - Started process (PID=917) to work on /home/airflow/.local/lib/python3.8/site-packages/airflow/example_dags/example_short_circuit_decorator.py
[2023-11-27T10:17:30.435+0000] {processor.py:829} INFO - Processing file /home/airflow/.local/lib/python3.8/site-packages/airflow/example_dags/example_short_circuit_decorator.py for tasks to queue
[2023-11-27T10:17:30.437+0000] {logging_mixin.py:151} INFO - [2023-11-27T10:17:30.437+0000] {dagbag.py:539} INFO - Filling up the DagBag from /home/airflow/.local/lib/python3.8/site-packages/airflow/example_dags/example_short_circuit_decorator.py
[2023-11-27T10:17:30.444+0000] {processor.py:839} INFO - DAG(s) dict_keys(['example_short_circuit_decorator']) retrieved from /home/airflow/.local/lib/python3.8/site-packages/airflow/example_dags/example_short_circuit_decorator.py
[2023-11-27T10:17:30.461+0000] {logging_mixin.py:151} INFO - [2023-11-27T10:17:30.461+0000] {dag.py:2915} INFO - Sync 1 DAGs
[2023-11-27T10:17:30.474+0000] {logging_mixin.py:151} INFO - [2023-11-27T10:17:30.474+0000] {dag.py:3696} INFO - Setting next_dagrun for example_short_circuit_decorator to 2023-11-26T10:17:30.473945+00:00, run_after=2023-11-27T10:17:30.473945+00:00
[2023-11-27T10:17:30.484+0000] {processor.py:179} INFO - Processing /home/airflow/.local/lib/python3.8/site-packages/airflow/example_dags/example_short_circuit_decorator.py took 0.053 seconds
[2023-11-27T10:18:00.988+0000] {processor.py:157} INFO - Started process (PID=971) to work on /home/airflow/.local/lib/python3.8/site-packages/airflow/example_dags/example_short_circuit_decorator.py
[2023-11-27T10:18:00.989+0000] {processor.py:829} INFO - Processing file /home/airflow/.local/lib/python3.8/site-packages/airflow/example_dags/example_short_circuit_decorator.py for tasks to queue
[2023-11-27T10:18:00.991+0000] {logging_mixin.py:151} INFO - [2023-11-27T10:18:00.991+0000] {dagbag.py:539} INFO - Filling up the DagBag from /home/airflow/.local/lib/python3.8/site-packages/airflow/example_dags/example_short_circuit_decorator.py
[2023-11-27T10:18:00.996+0000] {processor.py:839} INFO - DAG(s) dict_keys(['example_short_circuit_decorator']) retrieved from /home/airflow/.local/lib/python3.8/site-packages/airflow/example_dags/example_short_circuit_decorator.py
[2023-11-27T10:18:01.009+0000] {logging_mixin.py:151} INFO - [2023-11-27T10:18:01.008+0000] {dag.py:2915} INFO - Sync 1 DAGs
[2023-11-27T10:18:01.019+0000] {logging_mixin.py:151} INFO - [2023-11-27T10:18:01.019+0000] {dag.py:3696} INFO - Setting next_dagrun for example_short_circuit_decorator to 2023-11-26T10:18:01.019610+00:00, run_after=2023-11-27T10:18:01.019610+00:00
[2023-11-27T10:18:01.028+0000] {processor.py:179} INFO - Processing /home/airflow/.local/lib/python3.8/site-packages/airflow/example_dags/example_short_circuit_decorator.py took 0.042 seconds
[2023-11-27T10:18:31.407+0000] {processor.py:157} INFO - Started process (PID=1025) to work on /home/airflow/.local/lib/python3.8/site-packages/airflow/example_dags/example_short_circuit_decorator.py
[2023-11-27T10:18:31.408+0000] {processor.py:829} INFO - Processing file /home/airflow/.local/lib/python3.8/site-packages/airflow/example_dags/example_short_circuit_decorator.py for tasks to queue
[2023-11-27T10:18:31.409+0000] {logging_mixin.py:151} INFO - [2023-11-27T10:18:31.409+0000] {dagbag.py:539} INFO - Filling up the DagBag from /home/airflow/.local/lib/python3.8/site-packages/airflow/example_dags/example_short_circuit_decorator.py
[2023-11-27T10:18:31.415+0000] {processor.py:839} INFO - DAG(s) dict_keys(['example_short_circuit_decorator']) retrieved from /home/airflow/.local/lib/python3.8/site-packages/airflow/example_dags/example_short_circuit_decorator.py
[2023-11-27T10:18:31.428+0000] {logging_mixin.py:151} INFO - [2023-11-27T10:18:31.428+0000] {dag.py:2915} INFO - Sync 1 DAGs
[2023-11-27T10:18:31.439+0000] {logging_mixin.py:151} INFO - [2023-11-27T10:18:31.439+0000] {dag.py:3696} INFO - Setting next_dagrun for example_short_circuit_decorator to 2023-11-26T10:18:31.438960+00:00, run_after=2023-11-27T10:18:31.438960+00:00
[2023-11-27T10:18:31.447+0000] {processor.py:179} INFO - Processing /home/airflow/.local/lib/python3.8/site-packages/airflow/example_dags/example_short_circuit_decorator.py took 0.043 seconds
[2023-11-27T10:19:02.322+0000] {processor.py:157} INFO - Started process (PID=1079) to work on /home/airflow/.local/lib/python3.8/site-packages/airflow/example_dags/example_short_circuit_decorator.py
[2023-11-27T10:19:02.323+0000] {processor.py:829} INFO - Processing file /home/airflow/.local/lib/python3.8/site-packages/airflow/example_dags/example_short_circuit_decorator.py for tasks to queue
[2023-11-27T10:19:02.325+0000] {logging_mixin.py:151} INFO - [2023-11-27T10:19:02.325+0000] {dagbag.py:539} INFO - Filling up the DagBag from /home/airflow/.local/lib/python3.8/site-packages/airflow/example_dags/example_short_circuit_decorator.py
[2023-11-27T10:19:02.331+0000] {processor.py:839} INFO - DAG(s) dict_keys(['example_short_circuit_decorator']) retrieved from /home/airflow/.local/lib/python3.8/site-packages/airflow/example_dags/example_short_circuit_decorator.py
[2023-11-27T10:19:02.345+0000] {logging_mixin.py:151} INFO - [2023-11-27T10:19:02.345+0000] {dag.py:2915} INFO - Sync 1 DAGs
[2023-11-27T10:19:02.358+0000] {logging_mixin.py:151} INFO - [2023-11-27T10:19:02.358+0000] {dag.py:3696} INFO - Setting next_dagrun for example_short_circuit_decorator to 2023-11-26T10:19:02.358293+00:00, run_after=2023-11-27T10:19:02.358293+00:00
[2023-11-27T10:19:02.368+0000] {processor.py:179} INFO - Processing /home/airflow/.local/lib/python3.8/site-packages/airflow/example_dags/example_short_circuit_decorator.py took 0.049 seconds
[2023-11-27T10:19:32.827+0000] {processor.py:157} INFO - Started process (PID=1133) to work on /home/airflow/.local/lib/python3.8/site-packages/airflow/example_dags/example_short_circuit_decorator.py
[2023-11-27T10:19:32.828+0000] {processor.py:829} INFO - Processing file /home/airflow/.local/lib/python3.8/site-packages/airflow/example_dags/example_short_circuit_decorator.py for tasks to queue
[2023-11-27T10:19:32.830+0000] {logging_mixin.py:151} INFO - [2023-11-27T10:19:32.830+0000] {dagbag.py:539} INFO - Filling up the DagBag from /home/airflow/.local/lib/python3.8/site-packages/airflow/example_dags/example_short_circuit_decorator.py
[2023-11-27T10:19:32.838+0000] {processor.py:839} INFO - DAG(s) dict_keys(['example_short_circuit_decorator']) retrieved from /home/airflow/.local/lib/python3.8/site-packages/airflow/example_dags/example_short_circuit_decorator.py
[2023-11-27T10:19:32.862+0000] {logging_mixin.py:151} INFO - [2023-11-27T10:19:32.862+0000] {dag.py:2915} INFO - Sync 1 DAGs
[2023-11-27T10:19:32.882+0000] {logging_mixin.py:151} INFO - [2023-11-27T10:19:32.881+0000] {dag.py:3696} INFO - Setting next_dagrun for example_short_circuit_decorator to 2023-11-26T10:19:32.881631+00:00, run_after=2023-11-27T10:19:32.881631+00:00
[2023-11-27T10:19:32.894+0000] {processor.py:179} INFO - Processing /home/airflow/.local/lib/python3.8/site-packages/airflow/example_dags/example_short_circuit_decorator.py took 0.072 seconds
[2023-11-27T10:20:03.423+0000] {processor.py:157} INFO - Started process (PID=1187) to work on /home/airflow/.local/lib/python3.8/site-packages/airflow/example_dags/example_short_circuit_decorator.py
[2023-11-27T10:20:03.424+0000] {processor.py:829} INFO - Processing file /home/airflow/.local/lib/python3.8/site-packages/airflow/example_dags/example_short_circuit_decorator.py for tasks to queue
[2023-11-27T10:20:03.426+0000] {logging_mixin.py:151} INFO - [2023-11-27T10:20:03.425+0000] {dagbag.py:539} INFO - Filling up the DagBag from /home/airflow/.local/lib/python3.8/site-packages/airflow/example_dags/example_short_circuit_decorator.py
[2023-11-27T10:20:03.432+0000] {processor.py:839} INFO - DAG(s) dict_keys(['example_short_circuit_decorator']) retrieved from /home/airflow/.local/lib/python3.8/site-packages/airflow/example_dags/example_short_circuit_decorator.py
[2023-11-27T10:20:03.448+0000] {logging_mixin.py:151} INFO - [2023-11-27T10:20:03.448+0000] {dag.py:2915} INFO - Sync 1 DAGs
[2023-11-27T10:20:03.460+0000] {logging_mixin.py:151} INFO - [2023-11-27T10:20:03.460+0000] {dag.py:3696} INFO - Setting next_dagrun for example_short_circuit_decorator to 2023-11-26T10:20:03.459924+00:00, run_after=2023-11-27T10:20:03.459924+00:00
[2023-11-27T10:20:03.468+0000] {processor.py:179} INFO - Processing /home/airflow/.local/lib/python3.8/site-packages/airflow/example_dags/example_short_circuit_decorator.py took 0.048 seconds
[2023-11-27T10:20:33.829+0000] {processor.py:157} INFO - Started process (PID=1241) to work on /home/airflow/.local/lib/python3.8/site-packages/airflow/example_dags/example_short_circuit_decorator.py
[2023-11-27T10:20:33.830+0000] {processor.py:829} INFO - Processing file /home/airflow/.local/lib/python3.8/site-packages/airflow/example_dags/example_short_circuit_decorator.py for tasks to queue
[2023-11-27T10:20:33.832+0000] {logging_mixin.py:151} INFO - [2023-11-27T10:20:33.831+0000] {dagbag.py:539} INFO - Filling up the DagBag from /home/airflow/.local/lib/python3.8/site-packages/airflow/example_dags/example_short_circuit_decorator.py
[2023-11-27T10:20:33.837+0000] {processor.py:839} INFO - DAG(s) dict_keys(['example_short_circuit_decorator']) retrieved from /home/airflow/.local/lib/python3.8/site-packages/airflow/example_dags/example_short_circuit_decorator.py
[2023-11-27T10:20:33.850+0000] {logging_mixin.py:151} INFO - [2023-11-27T10:20:33.850+0000] {dag.py:2915} INFO - Sync 1 DAGs
[2023-11-27T10:20:33.861+0000] {logging_mixin.py:151} INFO - [2023-11-27T10:20:33.861+0000] {dag.py:3696} INFO - Setting next_dagrun for example_short_circuit_decorator to 2023-11-26T10:20:33.861446+00:00, run_after=2023-11-27T10:20:33.861446+00:00
[2023-11-27T10:20:33.871+0000] {processor.py:179} INFO - Processing /home/airflow/.local/lib/python3.8/site-packages/airflow/example_dags/example_short_circuit_decorator.py took 0.044 seconds
[2023-11-27T10:21:04.146+0000] {processor.py:157} INFO - Started process (PID=1295) to work on /home/airflow/.local/lib/python3.8/site-packages/airflow/example_dags/example_short_circuit_decorator.py
[2023-11-27T10:21:04.146+0000] {processor.py:829} INFO - Processing file /home/airflow/.local/lib/python3.8/site-packages/airflow/example_dags/example_short_circuit_decorator.py for tasks to queue
[2023-11-27T10:21:04.148+0000] {logging_mixin.py:151} INFO - [2023-11-27T10:21:04.148+0000] {dagbag.py:539} INFO - Filling up the DagBag from /home/airflow/.local/lib/python3.8/site-packages/airflow/example_dags/example_short_circuit_decorator.py
[2023-11-27T10:21:04.153+0000] {processor.py:839} INFO - DAG(s) dict_keys(['example_short_circuit_decorator']) retrieved from /home/airflow/.local/lib/python3.8/site-packages/airflow/example_dags/example_short_circuit_decorator.py
[2023-11-27T10:21:04.166+0000] {logging_mixin.py:151} INFO - [2023-11-27T10:21:04.166+0000] {dag.py:2915} INFO - Sync 1 DAGs
[2023-11-27T10:21:04.177+0000] {logging_mixin.py:151} INFO - [2023-11-27T10:21:04.177+0000] {dag.py:3696} INFO - Setting next_dagrun for example_short_circuit_decorator to 2023-11-26T10:21:04.177378+00:00, run_after=2023-11-27T10:21:04.177378+00:00
[2023-11-27T10:21:04.186+0000] {processor.py:179} INFO - Processing /home/airflow/.local/lib/python3.8/site-packages/airflow/example_dags/example_short_circuit_decorator.py took 0.043 seconds
[2023-11-27T10:32:36.066+0000] {processor.py:157} INFO - Started process (PID=50) to work on /home/airflow/.local/lib/python3.8/site-packages/airflow/example_dags/example_short_circuit_decorator.py
[2023-11-27T10:32:36.067+0000] {processor.py:829} INFO - Processing file /home/airflow/.local/lib/python3.8/site-packages/airflow/example_dags/example_short_circuit_decorator.py for tasks to queue
[2023-11-27T10:32:36.268+0000] {logging_mixin.py:151} INFO - [2023-11-27T10:32:36.268+0000] {dagbag.py:539} INFO - Filling up the DagBag from /home/airflow/.local/lib/python3.8/site-packages/airflow/example_dags/example_short_circuit_decorator.py
[2023-11-27T10:32:36.276+0000] {processor.py:839} INFO - DAG(s) dict_keys(['example_short_circuit_decorator']) retrieved from /home/airflow/.local/lib/python3.8/site-packages/airflow/example_dags/example_short_circuit_decorator.py
[2023-11-27T10:32:36.311+0000] {logging_mixin.py:151} INFO - [2023-11-27T10:32:36.311+0000] {dag.py:2915} INFO - Sync 1 DAGs
[2023-11-27T10:32:36.337+0000] {logging_mixin.py:151} INFO - [2023-11-27T10:32:36.337+0000] {dag.py:3696} INFO - Setting next_dagrun for example_short_circuit_decorator to 2023-11-26T10:32:36.337146+00:00, run_after=2023-11-27T10:32:36.337146+00:00
[2023-11-27T10:32:36.357+0000] {processor.py:179} INFO - Processing /home/airflow/.local/lib/python3.8/site-packages/airflow/example_dags/example_short_circuit_decorator.py took 0.295 seconds
[2023-11-27T10:33:06.788+0000] {processor.py:157} INFO - Started process (PID=104) to work on /home/airflow/.local/lib/python3.8/site-packages/airflow/example_dags/example_short_circuit_decorator.py
[2023-11-27T10:33:06.789+0000] {processor.py:829} INFO - Processing file /home/airflow/.local/lib/python3.8/site-packages/airflow/example_dags/example_short_circuit_decorator.py for tasks to queue
[2023-11-27T10:33:06.791+0000] {logging_mixin.py:151} INFO - [2023-11-27T10:33:06.790+0000] {dagbag.py:539} INFO - Filling up the DagBag from /home/airflow/.local/lib/python3.8/site-packages/airflow/example_dags/example_short_circuit_decorator.py
[2023-11-27T10:33:06.796+0000] {processor.py:839} INFO - DAG(s) dict_keys(['example_short_circuit_decorator']) retrieved from /home/airflow/.local/lib/python3.8/site-packages/airflow/example_dags/example_short_circuit_decorator.py
[2023-11-27T10:33:06.811+0000] {logging_mixin.py:151} INFO - [2023-11-27T10:33:06.811+0000] {dag.py:2915} INFO - Sync 1 DAGs
[2023-11-27T10:33:06.827+0000] {logging_mixin.py:151} INFO - [2023-11-27T10:33:06.827+0000] {dag.py:3696} INFO - Setting next_dagrun for example_short_circuit_decorator to 2023-11-26T10:33:06.826914+00:00, run_after=2023-11-27T10:33:06.826914+00:00
[2023-11-27T10:33:06.837+0000] {processor.py:179} INFO - Processing /home/airflow/.local/lib/python3.8/site-packages/airflow/example_dags/example_short_circuit_decorator.py took 0.051 seconds
[2023-11-27T10:33:37.272+0000] {processor.py:157} INFO - Started process (PID=158) to work on /home/airflow/.local/lib/python3.8/site-packages/airflow/example_dags/example_short_circuit_decorator.py
[2023-11-27T10:33:37.273+0000] {processor.py:829} INFO - Processing file /home/airflow/.local/lib/python3.8/site-packages/airflow/example_dags/example_short_circuit_decorator.py for tasks to queue
[2023-11-27T10:33:37.275+0000] {logging_mixin.py:151} INFO - [2023-11-27T10:33:37.274+0000] {dagbag.py:539} INFO - Filling up the DagBag from /home/airflow/.local/lib/python3.8/site-packages/airflow/example_dags/example_short_circuit_decorator.py
[2023-11-27T10:33:37.283+0000] {processor.py:839} INFO - DAG(s) dict_keys(['example_short_circuit_decorator']) retrieved from /home/airflow/.local/lib/python3.8/site-packages/airflow/example_dags/example_short_circuit_decorator.py
[2023-11-27T10:33:37.299+0000] {logging_mixin.py:151} INFO - [2023-11-27T10:33:37.299+0000] {dag.py:2915} INFO - Sync 1 DAGs
[2023-11-27T10:33:37.312+0000] {logging_mixin.py:151} INFO - [2023-11-27T10:33:37.312+0000] {dag.py:3696} INFO - Setting next_dagrun for example_short_circuit_decorator to 2023-11-26T10:33:37.312256+00:00, run_after=2023-11-27T10:33:37.312256+00:00
[2023-11-27T10:33:37.322+0000] {processor.py:179} INFO - Processing /home/airflow/.local/lib/python3.8/site-packages/airflow/example_dags/example_short_circuit_decorator.py took 0.055 seconds
[2023-11-27T10:34:07.576+0000] {processor.py:157} INFO - Started process (PID=212) to work on /home/airflow/.local/lib/python3.8/site-packages/airflow/example_dags/example_short_circuit_decorator.py
[2023-11-27T10:34:07.577+0000] {processor.py:829} INFO - Processing file /home/airflow/.local/lib/python3.8/site-packages/airflow/example_dags/example_short_circuit_decorator.py for tasks to queue
[2023-11-27T10:34:07.578+0000] {logging_mixin.py:151} INFO - [2023-11-27T10:34:07.578+0000] {dagbag.py:539} INFO - Filling up the DagBag from /home/airflow/.local/lib/python3.8/site-packages/airflow/example_dags/example_short_circuit_decorator.py
[2023-11-27T10:34:07.583+0000] {processor.py:839} INFO - DAG(s) dict_keys(['example_short_circuit_decorator']) retrieved from /home/airflow/.local/lib/python3.8/site-packages/airflow/example_dags/example_short_circuit_decorator.py
[2023-11-27T10:34:07.598+0000] {logging_mixin.py:151} INFO - [2023-11-27T10:34:07.598+0000] {dag.py:2915} INFO - Sync 1 DAGs
[2023-11-27T10:34:07.610+0000] {logging_mixin.py:151} INFO - [2023-11-27T10:34:07.610+0000] {dag.py:3696} INFO - Setting next_dagrun for example_short_circuit_decorator to 2023-11-26T10:34:07.610293+00:00, run_after=2023-11-27T10:34:07.610293+00:00
[2023-11-27T10:34:07.620+0000] {processor.py:179} INFO - Processing /home/airflow/.local/lib/python3.8/site-packages/airflow/example_dags/example_short_circuit_decorator.py took 0.047 seconds
[2023-11-27T10:34:37.979+0000] {processor.py:157} INFO - Started process (PID=266) to work on /home/airflow/.local/lib/python3.8/site-packages/airflow/example_dags/example_short_circuit_decorator.py
[2023-11-27T10:34:37.980+0000] {processor.py:829} INFO - Processing file /home/airflow/.local/lib/python3.8/site-packages/airflow/example_dags/example_short_circuit_decorator.py for tasks to queue
[2023-11-27T10:34:37.982+0000] {logging_mixin.py:151} INFO - [2023-11-27T10:34:37.981+0000] {dagbag.py:539} INFO - Filling up the DagBag from /home/airflow/.local/lib/python3.8/site-packages/airflow/example_dags/example_short_circuit_decorator.py
[2023-11-27T10:34:37.987+0000] {processor.py:839} INFO - DAG(s) dict_keys(['example_short_circuit_decorator']) retrieved from /home/airflow/.local/lib/python3.8/site-packages/airflow/example_dags/example_short_circuit_decorator.py
[2023-11-27T10:34:37.999+0000] {logging_mixin.py:151} INFO - [2023-11-27T10:34:37.999+0000] {dag.py:2915} INFO - Sync 1 DAGs
[2023-11-27T10:34:38.011+0000] {logging_mixin.py:151} INFO - [2023-11-27T10:34:38.010+0000] {dag.py:3696} INFO - Setting next_dagrun for example_short_circuit_decorator to 2023-11-26T10:34:38.010744+00:00, run_after=2023-11-27T10:34:38.010744+00:00
[2023-11-27T10:34:38.020+0000] {processor.py:179} INFO - Processing /home/airflow/.local/lib/python3.8/site-packages/airflow/example_dags/example_short_circuit_decorator.py took 0.043 seconds
[2023-11-27T10:35:08.475+0000] {processor.py:157} INFO - Started process (PID=320) to work on /home/airflow/.local/lib/python3.8/site-packages/airflow/example_dags/example_short_circuit_decorator.py
[2023-11-27T10:35:08.476+0000] {processor.py:829} INFO - Processing file /home/airflow/.local/lib/python3.8/site-packages/airflow/example_dags/example_short_circuit_decorator.py for tasks to queue
[2023-11-27T10:35:08.477+0000] {logging_mixin.py:151} INFO - [2023-11-27T10:35:08.477+0000] {dagbag.py:539} INFO - Filling up the DagBag from /home/airflow/.local/lib/python3.8/site-packages/airflow/example_dags/example_short_circuit_decorator.py
[2023-11-27T10:35:08.482+0000] {processor.py:839} INFO - DAG(s) dict_keys(['example_short_circuit_decorator']) retrieved from /home/airflow/.local/lib/python3.8/site-packages/airflow/example_dags/example_short_circuit_decorator.py
[2023-11-27T10:35:08.495+0000] {logging_mixin.py:151} INFO - [2023-11-27T10:35:08.495+0000] {dag.py:2915} INFO - Sync 1 DAGs
[2023-11-27T10:35:08.507+0000] {logging_mixin.py:151} INFO - [2023-11-27T10:35:08.507+0000] {dag.py:3696} INFO - Setting next_dagrun for example_short_circuit_decorator to 2023-11-26T10:35:08.507523+00:00, run_after=2023-11-27T10:35:08.507523+00:00
[2023-11-27T10:35:08.517+0000] {processor.py:179} INFO - Processing /home/airflow/.local/lib/python3.8/site-packages/airflow/example_dags/example_short_circuit_decorator.py took 0.044 seconds
[2023-11-27T10:35:38.851+0000] {processor.py:157} INFO - Started process (PID=374) to work on /home/airflow/.local/lib/python3.8/site-packages/airflow/example_dags/example_short_circuit_decorator.py
[2023-11-27T10:35:38.852+0000] {processor.py:829} INFO - Processing file /home/airflow/.local/lib/python3.8/site-packages/airflow/example_dags/example_short_circuit_decorator.py for tasks to queue
[2023-11-27T10:35:38.853+0000] {logging_mixin.py:151} INFO - [2023-11-27T10:35:38.853+0000] {dagbag.py:539} INFO - Filling up the DagBag from /home/airflow/.local/lib/python3.8/site-packages/airflow/example_dags/example_short_circuit_decorator.py
[2023-11-27T10:35:38.859+0000] {processor.py:839} INFO - DAG(s) dict_keys(['example_short_circuit_decorator']) retrieved from /home/airflow/.local/lib/python3.8/site-packages/airflow/example_dags/example_short_circuit_decorator.py
[2023-11-27T10:35:38.871+0000] {logging_mixin.py:151} INFO - [2023-11-27T10:35:38.871+0000] {dag.py:2915} INFO - Sync 1 DAGs
[2023-11-27T10:35:38.882+0000] {logging_mixin.py:151} INFO - [2023-11-27T10:35:38.882+0000] {dag.py:3696} INFO - Setting next_dagrun for example_short_circuit_decorator to 2023-11-26T10:35:38.882206+00:00, run_after=2023-11-27T10:35:38.882206+00:00
[2023-11-27T10:35:38.891+0000] {processor.py:179} INFO - Processing /home/airflow/.local/lib/python3.8/site-packages/airflow/example_dags/example_short_circuit_decorator.py took 0.042 seconds
[2023-11-27T10:36:09.015+0000] {processor.py:157} INFO - Started process (PID=428) to work on /home/airflow/.local/lib/python3.8/site-packages/airflow/example_dags/example_short_circuit_decorator.py
[2023-11-27T10:36:09.016+0000] {processor.py:829} INFO - Processing file /home/airflow/.local/lib/python3.8/site-packages/airflow/example_dags/example_short_circuit_decorator.py for tasks to queue
[2023-11-27T10:36:09.017+0000] {logging_mixin.py:151} INFO - [2023-11-27T10:36:09.017+0000] {dagbag.py:539} INFO - Filling up the DagBag from /home/airflow/.local/lib/python3.8/site-packages/airflow/example_dags/example_short_circuit_decorator.py
[2023-11-27T10:36:09.023+0000] {processor.py:839} INFO - DAG(s) dict_keys(['example_short_circuit_decorator']) retrieved from /home/airflow/.local/lib/python3.8/site-packages/airflow/example_dags/example_short_circuit_decorator.py
[2023-11-27T10:36:09.036+0000] {logging_mixin.py:151} INFO - [2023-11-27T10:36:09.036+0000] {dag.py:2915} INFO - Sync 1 DAGs
[2023-11-27T10:36:09.047+0000] {logging_mixin.py:151} INFO - [2023-11-27T10:36:09.047+0000] {dag.py:3696} INFO - Setting next_dagrun for example_short_circuit_decorator to 2023-11-26T10:36:09.047481+00:00, run_after=2023-11-27T10:36:09.047481+00:00
[2023-11-27T10:36:09.056+0000] {processor.py:179} INFO - Processing /home/airflow/.local/lib/python3.8/site-packages/airflow/example_dags/example_short_circuit_decorator.py took 0.044 seconds
[2023-11-27T10:36:39.283+0000] {processor.py:157} INFO - Started process (PID=482) to work on /home/airflow/.local/lib/python3.8/site-packages/airflow/example_dags/example_short_circuit_decorator.py
[2023-11-27T10:36:39.283+0000] {processor.py:829} INFO - Processing file /home/airflow/.local/lib/python3.8/site-packages/airflow/example_dags/example_short_circuit_decorator.py for tasks to queue
[2023-11-27T10:36:39.285+0000] {logging_mixin.py:151} INFO - [2023-11-27T10:36:39.285+0000] {dagbag.py:539} INFO - Filling up the DagBag from /home/airflow/.local/lib/python3.8/site-packages/airflow/example_dags/example_short_circuit_decorator.py
[2023-11-27T10:36:39.291+0000] {processor.py:839} INFO - DAG(s) dict_keys(['example_short_circuit_decorator']) retrieved from /home/airflow/.local/lib/python3.8/site-packages/airflow/example_dags/example_short_circuit_decorator.py
[2023-11-27T10:36:39.310+0000] {logging_mixin.py:151} INFO - [2023-11-27T10:36:39.310+0000] {dag.py:2915} INFO - Sync 1 DAGs
[2023-11-27T10:36:39.325+0000] {logging_mixin.py:151} INFO - [2023-11-27T10:36:39.325+0000] {dag.py:3696} INFO - Setting next_dagrun for example_short_circuit_decorator to 2023-11-26T10:36:39.325648+00:00, run_after=2023-11-27T10:36:39.325648+00:00
[2023-11-27T10:36:39.335+0000] {processor.py:179} INFO - Processing /home/airflow/.local/lib/python3.8/site-packages/airflow/example_dags/example_short_circuit_decorator.py took 0.055 seconds
[2023-11-27T10:37:10.144+0000] {processor.py:157} INFO - Started process (PID=536) to work on /home/airflow/.local/lib/python3.8/site-packages/airflow/example_dags/example_short_circuit_decorator.py
[2023-11-27T10:37:10.145+0000] {processor.py:829} INFO - Processing file /home/airflow/.local/lib/python3.8/site-packages/airflow/example_dags/example_short_circuit_decorator.py for tasks to queue
[2023-11-27T10:37:10.147+0000] {logging_mixin.py:151} INFO - [2023-11-27T10:37:10.147+0000] {dagbag.py:539} INFO - Filling up the DagBag from /home/airflow/.local/lib/python3.8/site-packages/airflow/example_dags/example_short_circuit_decorator.py
[2023-11-27T10:37:10.154+0000] {processor.py:839} INFO - DAG(s) dict_keys(['example_short_circuit_decorator']) retrieved from /home/airflow/.local/lib/python3.8/site-packages/airflow/example_dags/example_short_circuit_decorator.py
[2023-11-27T10:37:10.170+0000] {logging_mixin.py:151} INFO - [2023-11-27T10:37:10.170+0000] {dag.py:2915} INFO - Sync 1 DAGs
[2023-11-27T10:37:10.182+0000] {logging_mixin.py:151} INFO - [2023-11-27T10:37:10.182+0000] {dag.py:3696} INFO - Setting next_dagrun for example_short_circuit_decorator to 2023-11-26T10:37:10.182604+00:00, run_after=2023-11-27T10:37:10.182604+00:00
[2023-11-27T10:37:10.193+0000] {processor.py:179} INFO - Processing /home/airflow/.local/lib/python3.8/site-packages/airflow/example_dags/example_short_circuit_decorator.py took 0.052 seconds
[2023-11-27T10:37:41.639+0000] {processor.py:157} INFO - Started process (PID=590) to work on /home/airflow/.local/lib/python3.8/site-packages/airflow/example_dags/example_short_circuit_decorator.py
[2023-11-27T10:37:41.646+0000] {processor.py:829} INFO - Processing file /home/airflow/.local/lib/python3.8/site-packages/airflow/example_dags/example_short_circuit_decorator.py for tasks to queue
[2023-11-27T10:37:41.694+0000] {logging_mixin.py:151} INFO - [2023-11-27T10:37:41.693+0000] {dagbag.py:539} INFO - Filling up the DagBag from /home/airflow/.local/lib/python3.8/site-packages/airflow/example_dags/example_short_circuit_decorator.py
[2023-11-27T10:37:41.742+0000] {processor.py:839} INFO - DAG(s) dict_keys(['example_short_circuit_decorator']) retrieved from /home/airflow/.local/lib/python3.8/site-packages/airflow/example_dags/example_short_circuit_decorator.py
[2023-11-27T10:37:41.842+0000] {logging_mixin.py:151} INFO - [2023-11-27T10:37:41.842+0000] {dag.py:2915} INFO - Sync 1 DAGs
[2023-11-27T10:37:41.918+0000] {logging_mixin.py:151} INFO - [2023-11-27T10:37:41.918+0000] {dag.py:3696} INFO - Setting next_dagrun for example_short_circuit_decorator to 2023-11-26T10:37:41.917144+00:00, run_after=2023-11-27T10:37:41.917144+00:00
[2023-11-27T10:37:41.966+0000] {processor.py:179} INFO - Processing /home/airflow/.local/lib/python3.8/site-packages/airflow/example_dags/example_short_circuit_decorator.py took 0.355 seconds
[2023-11-27T10:38:12.769+0000] {processor.py:157} INFO - Started process (PID=644) to work on /home/airflow/.local/lib/python3.8/site-packages/airflow/example_dags/example_short_circuit_decorator.py
[2023-11-27T10:38:12.771+0000] {processor.py:829} INFO - Processing file /home/airflow/.local/lib/python3.8/site-packages/airflow/example_dags/example_short_circuit_decorator.py for tasks to queue
[2023-11-27T10:38:12.773+0000] {logging_mixin.py:151} INFO - [2023-11-27T10:38:12.773+0000] {dagbag.py:539} INFO - Filling up the DagBag from /home/airflow/.local/lib/python3.8/site-packages/airflow/example_dags/example_short_circuit_decorator.py
[2023-11-27T10:38:12.779+0000] {processor.py:839} INFO - DAG(s) dict_keys(['example_short_circuit_decorator']) retrieved from /home/airflow/.local/lib/python3.8/site-packages/airflow/example_dags/example_short_circuit_decorator.py
[2023-11-27T10:38:12.796+0000] {logging_mixin.py:151} INFO - [2023-11-27T10:38:12.795+0000] {dag.py:2915} INFO - Sync 1 DAGs
[2023-11-27T10:38:12.810+0000] {logging_mixin.py:151} INFO - [2023-11-27T10:38:12.810+0000] {dag.py:3696} INFO - Setting next_dagrun for example_short_circuit_decorator to 2023-11-26T10:38:12.810589+00:00, run_after=2023-11-27T10:38:12.810589+00:00
[2023-11-27T10:38:12.822+0000] {processor.py:179} INFO - Processing /home/airflow/.local/lib/python3.8/site-packages/airflow/example_dags/example_short_circuit_decorator.py took 0.057 seconds
[2023-11-27T10:38:43.172+0000] {processor.py:157} INFO - Started process (PID=698) to work on /home/airflow/.local/lib/python3.8/site-packages/airflow/example_dags/example_short_circuit_decorator.py
[2023-11-27T10:38:43.174+0000] {processor.py:829} INFO - Processing file /home/airflow/.local/lib/python3.8/site-packages/airflow/example_dags/example_short_circuit_decorator.py for tasks to queue
[2023-11-27T10:38:43.177+0000] {logging_mixin.py:151} INFO - [2023-11-27T10:38:43.177+0000] {dagbag.py:539} INFO - Filling up the DagBag from /home/airflow/.local/lib/python3.8/site-packages/airflow/example_dags/example_short_circuit_decorator.py
[2023-11-27T10:38:43.187+0000] {processor.py:839} INFO - DAG(s) dict_keys(['example_short_circuit_decorator']) retrieved from /home/airflow/.local/lib/python3.8/site-packages/airflow/example_dags/example_short_circuit_decorator.py
[2023-11-27T10:38:43.206+0000] {logging_mixin.py:151} INFO - [2023-11-27T10:38:43.206+0000] {dag.py:2915} INFO - Sync 1 DAGs
[2023-11-27T10:38:43.219+0000] {logging_mixin.py:151} INFO - [2023-11-27T10:38:43.219+0000] {dag.py:3696} INFO - Setting next_dagrun for example_short_circuit_decorator to 2023-11-26T10:38:43.219168+00:00, run_after=2023-11-27T10:38:43.219168+00:00
[2023-11-27T10:38:43.228+0000] {processor.py:179} INFO - Processing /home/airflow/.local/lib/python3.8/site-packages/airflow/example_dags/example_short_circuit_decorator.py took 0.062 seconds
[2023-11-27T10:39:13.870+0000] {processor.py:157} INFO - Started process (PID=753) to work on /home/airflow/.local/lib/python3.8/site-packages/airflow/example_dags/example_short_circuit_decorator.py
[2023-11-27T10:39:13.872+0000] {processor.py:829} INFO - Processing file /home/airflow/.local/lib/python3.8/site-packages/airflow/example_dags/example_short_circuit_decorator.py for tasks to queue
[2023-11-27T10:39:13.874+0000] {logging_mixin.py:151} INFO - [2023-11-27T10:39:13.873+0000] {dagbag.py:539} INFO - Filling up the DagBag from /home/airflow/.local/lib/python3.8/site-packages/airflow/example_dags/example_short_circuit_decorator.py
[2023-11-27T10:39:13.883+0000] {processor.py:839} INFO - DAG(s) dict_keys(['example_short_circuit_decorator']) retrieved from /home/airflow/.local/lib/python3.8/site-packages/airflow/example_dags/example_short_circuit_decorator.py
[2023-11-27T10:39:13.914+0000] {logging_mixin.py:151} INFO - [2023-11-27T10:39:13.913+0000] {dag.py:2915} INFO - Sync 1 DAGs
[2023-11-27T10:39:13.931+0000] {logging_mixin.py:151} INFO - [2023-11-27T10:39:13.931+0000] {dag.py:3696} INFO - Setting next_dagrun for example_short_circuit_decorator to 2023-11-26T10:39:13.930880+00:00, run_after=2023-11-27T10:39:13.930880+00:00
[2023-11-27T10:39:13.943+0000] {processor.py:179} INFO - Processing /home/airflow/.local/lib/python3.8/site-packages/airflow/example_dags/example_short_circuit_decorator.py took 0.078 seconds
[2023-11-27T10:39:44.511+0000] {processor.py:157} INFO - Started process (PID=807) to work on /home/airflow/.local/lib/python3.8/site-packages/airflow/example_dags/example_short_circuit_decorator.py
[2023-11-27T10:39:44.513+0000] {processor.py:829} INFO - Processing file /home/airflow/.local/lib/python3.8/site-packages/airflow/example_dags/example_short_circuit_decorator.py for tasks to queue
[2023-11-27T10:39:44.516+0000] {logging_mixin.py:151} INFO - [2023-11-27T10:39:44.516+0000] {dagbag.py:539} INFO - Filling up the DagBag from /home/airflow/.local/lib/python3.8/site-packages/airflow/example_dags/example_short_circuit_decorator.py
[2023-11-27T10:39:44.526+0000] {processor.py:839} INFO - DAG(s) dict_keys(['example_short_circuit_decorator']) retrieved from /home/airflow/.local/lib/python3.8/site-packages/airflow/example_dags/example_short_circuit_decorator.py
[2023-11-27T10:39:44.546+0000] {logging_mixin.py:151} INFO - [2023-11-27T10:39:44.546+0000] {dag.py:2915} INFO - Sync 1 DAGs
[2023-11-27T10:39:44.559+0000] {logging_mixin.py:151} INFO - [2023-11-27T10:39:44.559+0000] {dag.py:3696} INFO - Setting next_dagrun for example_short_circuit_decorator to 2023-11-26T10:39:44.559442+00:00, run_after=2023-11-27T10:39:44.559442+00:00
[2023-11-27T10:39:44.569+0000] {processor.py:179} INFO - Processing /home/airflow/.local/lib/python3.8/site-packages/airflow/example_dags/example_short_circuit_decorator.py took 0.064 seconds
