[2023-11-27T10:09:25.133+0000] {processor.py:157} INFO - Started process (PID=62) to work on /home/airflow/.local/lib/python3.8/site-packages/airflow/example_dags/example_branch_python_dop_operator_3.py
[2023-11-27T10:09:25.135+0000] {processor.py:829} INFO - Processing file /home/airflow/.local/lib/python3.8/site-packages/airflow/example_dags/example_branch_python_dop_operator_3.py for tasks to queue
[2023-11-27T10:09:25.146+0000] {logging_mixin.py:151} INFO - [2023-11-27T10:09:25.144+0000] {dagbag.py:539} INFO - Filling up the DagBag from /home/airflow/.local/lib/python3.8/site-packages/airflow/example_dags/example_branch_python_dop_operator_3.py
[2023-11-27T10:09:25.201+0000] {processor.py:839} INFO - DAG(s) dict_keys(['example_branch_dop_operator_v3']) retrieved from /home/airflow/.local/lib/python3.8/site-packages/airflow/example_dags/example_branch_python_dop_operator_3.py
[2023-11-27T10:09:25.253+0000] {logging_mixin.py:151} INFO - [2023-11-27T10:09:25.253+0000] {dag.py:2915} INFO - Sync 1 DAGs
[2023-11-27T10:09:25.339+0000] {logging_mixin.py:151} INFO - [2023-11-27T10:09:25.338+0000] {dag.py:3696} INFO - Setting next_dagrun for example_branch_dop_operator_v3 to 2023-11-27T10:08:00+00:00, run_after=2023-11-27T10:09:00+00:00
[2023-11-27T10:09:25.390+0000] {processor.py:179} INFO - Processing /home/airflow/.local/lib/python3.8/site-packages/airflow/example_dags/example_branch_python_dop_operator_3.py took 0.263 seconds
[2023-11-27T10:09:55.728+0000] {processor.py:157} INFO - Started process (PID=116) to work on /home/airflow/.local/lib/python3.8/site-packages/airflow/example_dags/example_branch_python_dop_operator_3.py
[2023-11-27T10:09:55.738+0000] {processor.py:829} INFO - Processing file /home/airflow/.local/lib/python3.8/site-packages/airflow/example_dags/example_branch_python_dop_operator_3.py for tasks to queue
[2023-11-27T10:09:55.761+0000] {logging_mixin.py:151} INFO - [2023-11-27T10:09:55.755+0000] {dagbag.py:539} INFO - Filling up the DagBag from /home/airflow/.local/lib/python3.8/site-packages/airflow/example_dags/example_branch_python_dop_operator_3.py
[2023-11-27T10:09:55.819+0000] {processor.py:839} INFO - DAG(s) dict_keys(['example_branch_dop_operator_v3']) retrieved from /home/airflow/.local/lib/python3.8/site-packages/airflow/example_dags/example_branch_python_dop_operator_3.py
[2023-11-27T10:09:55.910+0000] {logging_mixin.py:151} INFO - [2023-11-27T10:09:55.907+0000] {dag.py:2915} INFO - Sync 1 DAGs
[2023-11-27T10:09:56.067+0000] {logging_mixin.py:151} INFO - [2023-11-27T10:09:56.066+0000] {dag.py:3696} INFO - Setting next_dagrun for example_branch_dop_operator_v3 to 2023-11-27T10:08:00+00:00, run_after=2023-11-27T10:09:00+00:00
[2023-11-27T10:09:56.116+0000] {processor.py:179} INFO - Processing /home/airflow/.local/lib/python3.8/site-packages/airflow/example_dags/example_branch_python_dop_operator_3.py took 0.394 seconds
[2023-11-27T10:10:26.817+0000] {processor.py:157} INFO - Started process (PID=170) to work on /home/airflow/.local/lib/python3.8/site-packages/airflow/example_dags/example_branch_python_dop_operator_3.py
[2023-11-27T10:10:26.818+0000] {processor.py:829} INFO - Processing file /home/airflow/.local/lib/python3.8/site-packages/airflow/example_dags/example_branch_python_dop_operator_3.py for tasks to queue
[2023-11-27T10:10:26.820+0000] {logging_mixin.py:151} INFO - [2023-11-27T10:10:26.820+0000] {dagbag.py:539} INFO - Filling up the DagBag from /home/airflow/.local/lib/python3.8/site-packages/airflow/example_dags/example_branch_python_dop_operator_3.py
[2023-11-27T10:10:26.827+0000] {processor.py:839} INFO - DAG(s) dict_keys(['example_branch_dop_operator_v3']) retrieved from /home/airflow/.local/lib/python3.8/site-packages/airflow/example_dags/example_branch_python_dop_operator_3.py
[2023-11-27T10:10:26.858+0000] {logging_mixin.py:151} INFO - [2023-11-27T10:10:26.858+0000] {dag.py:2915} INFO - Sync 1 DAGs
[2023-11-27T10:10:26.886+0000] {logging_mixin.py:151} INFO - [2023-11-27T10:10:26.885+0000] {dag.py:3696} INFO - Setting next_dagrun for example_branch_dop_operator_v3 to 2023-11-27T10:09:00+00:00, run_after=2023-11-27T10:10:00+00:00
[2023-11-27T10:10:26.930+0000] {processor.py:179} INFO - Processing /home/airflow/.local/lib/python3.8/site-packages/airflow/example_dags/example_branch_python_dop_operator_3.py took 0.116 seconds
[2023-11-27T10:10:57.107+0000] {processor.py:157} INFO - Started process (PID=224) to work on /home/airflow/.local/lib/python3.8/site-packages/airflow/example_dags/example_branch_python_dop_operator_3.py
[2023-11-27T10:10:57.109+0000] {processor.py:829} INFO - Processing file /home/airflow/.local/lib/python3.8/site-packages/airflow/example_dags/example_branch_python_dop_operator_3.py for tasks to queue
[2023-11-27T10:10:57.110+0000] {logging_mixin.py:151} INFO - [2023-11-27T10:10:57.110+0000] {dagbag.py:539} INFO - Filling up the DagBag from /home/airflow/.local/lib/python3.8/site-packages/airflow/example_dags/example_branch_python_dop_operator_3.py
[2023-11-27T10:10:57.116+0000] {processor.py:839} INFO - DAG(s) dict_keys(['example_branch_dop_operator_v3']) retrieved from /home/airflow/.local/lib/python3.8/site-packages/airflow/example_dags/example_branch_python_dop_operator_3.py
[2023-11-27T10:10:57.127+0000] {logging_mixin.py:151} INFO - [2023-11-27T10:10:57.127+0000] {dag.py:2915} INFO - Sync 1 DAGs
[2023-11-27T10:10:57.140+0000] {logging_mixin.py:151} INFO - [2023-11-27T10:10:57.140+0000] {dag.py:3696} INFO - Setting next_dagrun for example_branch_dop_operator_v3 to 2023-11-27T10:09:00+00:00, run_after=2023-11-27T10:10:00+00:00
[2023-11-27T10:10:57.148+0000] {processor.py:179} INFO - Processing /home/airflow/.local/lib/python3.8/site-packages/airflow/example_dags/example_branch_python_dop_operator_3.py took 0.045 seconds
[2023-11-27T10:11:27.493+0000] {processor.py:157} INFO - Started process (PID=278) to work on /home/airflow/.local/lib/python3.8/site-packages/airflow/example_dags/example_branch_python_dop_operator_3.py
[2023-11-27T10:11:27.494+0000] {processor.py:829} INFO - Processing file /home/airflow/.local/lib/python3.8/site-packages/airflow/example_dags/example_branch_python_dop_operator_3.py for tasks to queue
[2023-11-27T10:11:27.495+0000] {logging_mixin.py:151} INFO - [2023-11-27T10:11:27.495+0000] {dagbag.py:539} INFO - Filling up the DagBag from /home/airflow/.local/lib/python3.8/site-packages/airflow/example_dags/example_branch_python_dop_operator_3.py
[2023-11-27T10:11:27.501+0000] {processor.py:839} INFO - DAG(s) dict_keys(['example_branch_dop_operator_v3']) retrieved from /home/airflow/.local/lib/python3.8/site-packages/airflow/example_dags/example_branch_python_dop_operator_3.py
[2023-11-27T10:11:27.512+0000] {logging_mixin.py:151} INFO - [2023-11-27T10:11:27.512+0000] {dag.py:2915} INFO - Sync 1 DAGs
[2023-11-27T10:11:27.525+0000] {logging_mixin.py:151} INFO - [2023-11-27T10:11:27.525+0000] {dag.py:3696} INFO - Setting next_dagrun for example_branch_dop_operator_v3 to 2023-11-27T10:10:00+00:00, run_after=2023-11-27T10:11:00+00:00
[2023-11-27T10:11:27.534+0000] {processor.py:179} INFO - Processing /home/airflow/.local/lib/python3.8/site-packages/airflow/example_dags/example_branch_python_dop_operator_3.py took 0.043 seconds
[2023-11-27T10:11:57.817+0000] {processor.py:157} INFO - Started process (PID=332) to work on /home/airflow/.local/lib/python3.8/site-packages/airflow/example_dags/example_branch_python_dop_operator_3.py
[2023-11-27T10:11:57.818+0000] {processor.py:829} INFO - Processing file /home/airflow/.local/lib/python3.8/site-packages/airflow/example_dags/example_branch_python_dop_operator_3.py for tasks to queue
[2023-11-27T10:11:57.819+0000] {logging_mixin.py:151} INFO - [2023-11-27T10:11:57.819+0000] {dagbag.py:539} INFO - Filling up the DagBag from /home/airflow/.local/lib/python3.8/site-packages/airflow/example_dags/example_branch_python_dop_operator_3.py
[2023-11-27T10:11:57.825+0000] {processor.py:839} INFO - DAG(s) dict_keys(['example_branch_dop_operator_v3']) retrieved from /home/airflow/.local/lib/python3.8/site-packages/airflow/example_dags/example_branch_python_dop_operator_3.py
[2023-11-27T10:11:57.837+0000] {logging_mixin.py:151} INFO - [2023-11-27T10:11:57.836+0000] {dag.py:2915} INFO - Sync 1 DAGs
[2023-11-27T10:11:57.849+0000] {logging_mixin.py:151} INFO - [2023-11-27T10:11:57.849+0000] {dag.py:3696} INFO - Setting next_dagrun for example_branch_dop_operator_v3 to 2023-11-27T10:10:00+00:00, run_after=2023-11-27T10:11:00+00:00
[2023-11-27T10:11:57.857+0000] {processor.py:179} INFO - Processing /home/airflow/.local/lib/python3.8/site-packages/airflow/example_dags/example_branch_python_dop_operator_3.py took 0.043 seconds
[2023-11-27T10:12:28.217+0000] {processor.py:157} INFO - Started process (PID=386) to work on /home/airflow/.local/lib/python3.8/site-packages/airflow/example_dags/example_branch_python_dop_operator_3.py
[2023-11-27T10:12:28.218+0000] {processor.py:829} INFO - Processing file /home/airflow/.local/lib/python3.8/site-packages/airflow/example_dags/example_branch_python_dop_operator_3.py for tasks to queue
[2023-11-27T10:12:28.220+0000] {logging_mixin.py:151} INFO - [2023-11-27T10:12:28.219+0000] {dagbag.py:539} INFO - Filling up the DagBag from /home/airflow/.local/lib/python3.8/site-packages/airflow/example_dags/example_branch_python_dop_operator_3.py
[2023-11-27T10:12:28.226+0000] {processor.py:839} INFO - DAG(s) dict_keys(['example_branch_dop_operator_v3']) retrieved from /home/airflow/.local/lib/python3.8/site-packages/airflow/example_dags/example_branch_python_dop_operator_3.py
[2023-11-27T10:12:28.242+0000] {logging_mixin.py:151} INFO - [2023-11-27T10:12:28.242+0000] {dag.py:2915} INFO - Sync 1 DAGs
[2023-11-27T10:12:28.255+0000] {logging_mixin.py:151} INFO - [2023-11-27T10:12:28.255+0000] {dag.py:3696} INFO - Setting next_dagrun for example_branch_dop_operator_v3 to 2023-11-27T10:11:00+00:00, run_after=2023-11-27T10:12:00+00:00
[2023-11-27T10:12:28.263+0000] {processor.py:179} INFO - Processing /home/airflow/.local/lib/python3.8/site-packages/airflow/example_dags/example_branch_python_dop_operator_3.py took 0.049 seconds
[2023-11-27T10:12:58.513+0000] {processor.py:157} INFO - Started process (PID=440) to work on /home/airflow/.local/lib/python3.8/site-packages/airflow/example_dags/example_branch_python_dop_operator_3.py
[2023-11-27T10:12:58.513+0000] {processor.py:829} INFO - Processing file /home/airflow/.local/lib/python3.8/site-packages/airflow/example_dags/example_branch_python_dop_operator_3.py for tasks to queue
[2023-11-27T10:12:58.515+0000] {logging_mixin.py:151} INFO - [2023-11-27T10:12:58.514+0000] {dagbag.py:539} INFO - Filling up the DagBag from /home/airflow/.local/lib/python3.8/site-packages/airflow/example_dags/example_branch_python_dop_operator_3.py
[2023-11-27T10:12:58.521+0000] {processor.py:839} INFO - DAG(s) dict_keys(['example_branch_dop_operator_v3']) retrieved from /home/airflow/.local/lib/python3.8/site-packages/airflow/example_dags/example_branch_python_dop_operator_3.py
[2023-11-27T10:12:58.532+0000] {logging_mixin.py:151} INFO - [2023-11-27T10:12:58.532+0000] {dag.py:2915} INFO - Sync 1 DAGs
[2023-11-27T10:12:58.545+0000] {logging_mixin.py:151} INFO - [2023-11-27T10:12:58.544+0000] {dag.py:3696} INFO - Setting next_dagrun for example_branch_dop_operator_v3 to 2023-11-27T10:11:00+00:00, run_after=2023-11-27T10:12:00+00:00
[2023-11-27T10:12:58.552+0000] {processor.py:179} INFO - Processing /home/airflow/.local/lib/python3.8/site-packages/airflow/example_dags/example_branch_python_dop_operator_3.py took 0.042 seconds
[2023-11-27T10:13:29.278+0000] {processor.py:157} INFO - Started process (PID=494) to work on /home/airflow/.local/lib/python3.8/site-packages/airflow/example_dags/example_branch_python_dop_operator_3.py
[2023-11-27T10:13:29.279+0000] {processor.py:829} INFO - Processing file /home/airflow/.local/lib/python3.8/site-packages/airflow/example_dags/example_branch_python_dop_operator_3.py for tasks to queue
[2023-11-27T10:13:29.281+0000] {logging_mixin.py:151} INFO - [2023-11-27T10:13:29.281+0000] {dagbag.py:539} INFO - Filling up the DagBag from /home/airflow/.local/lib/python3.8/site-packages/airflow/example_dags/example_branch_python_dop_operator_3.py
[2023-11-27T10:13:29.290+0000] {processor.py:839} INFO - DAG(s) dict_keys(['example_branch_dop_operator_v3']) retrieved from /home/airflow/.local/lib/python3.8/site-packages/airflow/example_dags/example_branch_python_dop_operator_3.py
[2023-11-27T10:13:29.307+0000] {logging_mixin.py:151} INFO - [2023-11-27T10:13:29.307+0000] {dag.py:2915} INFO - Sync 1 DAGs
[2023-11-27T10:13:29.320+0000] {logging_mixin.py:151} INFO - [2023-11-27T10:13:29.320+0000] {dag.py:3696} INFO - Setting next_dagrun for example_branch_dop_operator_v3 to 2023-11-27T10:12:00+00:00, run_after=2023-11-27T10:13:00+00:00
[2023-11-27T10:13:29.329+0000] {processor.py:179} INFO - Processing /home/airflow/.local/lib/python3.8/site-packages/airflow/example_dags/example_branch_python_dop_operator_3.py took 0.053 seconds
[2023-11-27T10:13:59.538+0000] {processor.py:157} INFO - Started process (PID=548) to work on /home/airflow/.local/lib/python3.8/site-packages/airflow/example_dags/example_branch_python_dop_operator_3.py
[2023-11-27T10:13:59.538+0000] {processor.py:829} INFO - Processing file /home/airflow/.local/lib/python3.8/site-packages/airflow/example_dags/example_branch_python_dop_operator_3.py for tasks to queue
[2023-11-27T10:13:59.540+0000] {logging_mixin.py:151} INFO - [2023-11-27T10:13:59.540+0000] {dagbag.py:539} INFO - Filling up the DagBag from /home/airflow/.local/lib/python3.8/site-packages/airflow/example_dags/example_branch_python_dop_operator_3.py
[2023-11-27T10:13:59.546+0000] {processor.py:839} INFO - DAG(s) dict_keys(['example_branch_dop_operator_v3']) retrieved from /home/airflow/.local/lib/python3.8/site-packages/airflow/example_dags/example_branch_python_dop_operator_3.py
[2023-11-27T10:13:59.557+0000] {logging_mixin.py:151} INFO - [2023-11-27T10:13:59.557+0000] {dag.py:2915} INFO - Sync 1 DAGs
[2023-11-27T10:13:59.569+0000] {logging_mixin.py:151} INFO - [2023-11-27T10:13:59.569+0000] {dag.py:3696} INFO - Setting next_dagrun for example_branch_dop_operator_v3 to 2023-11-27T10:12:00+00:00, run_after=2023-11-27T10:13:00+00:00
[2023-11-27T10:13:59.577+0000] {processor.py:179} INFO - Processing /home/airflow/.local/lib/python3.8/site-packages/airflow/example_dags/example_branch_python_dop_operator_3.py took 0.041 seconds
[2023-11-27T10:14:29.859+0000] {processor.py:157} INFO - Started process (PID=602) to work on /home/airflow/.local/lib/python3.8/site-packages/airflow/example_dags/example_branch_python_dop_operator_3.py
[2023-11-27T10:14:29.860+0000] {processor.py:829} INFO - Processing file /home/airflow/.local/lib/python3.8/site-packages/airflow/example_dags/example_branch_python_dop_operator_3.py for tasks to queue
[2023-11-27T10:14:29.862+0000] {logging_mixin.py:151} INFO - [2023-11-27T10:14:29.862+0000] {dagbag.py:539} INFO - Filling up the DagBag from /home/airflow/.local/lib/python3.8/site-packages/airflow/example_dags/example_branch_python_dop_operator_3.py
[2023-11-27T10:14:29.869+0000] {processor.py:839} INFO - DAG(s) dict_keys(['example_branch_dop_operator_v3']) retrieved from /home/airflow/.local/lib/python3.8/site-packages/airflow/example_dags/example_branch_python_dop_operator_3.py
[2023-11-27T10:14:29.882+0000] {logging_mixin.py:151} INFO - [2023-11-27T10:14:29.882+0000] {dag.py:2915} INFO - Sync 1 DAGs
[2023-11-27T10:14:29.894+0000] {logging_mixin.py:151} INFO - [2023-11-27T10:14:29.894+0000] {dag.py:3696} INFO - Setting next_dagrun for example_branch_dop_operator_v3 to 2023-11-27T10:13:00+00:00, run_after=2023-11-27T10:14:00+00:00
[2023-11-27T10:14:29.902+0000] {processor.py:179} INFO - Processing /home/airflow/.local/lib/python3.8/site-packages/airflow/example_dags/example_branch_python_dop_operator_3.py took 0.046 seconds
[2023-11-27T10:15:00.383+0000] {processor.py:157} INFO - Started process (PID=656) to work on /home/airflow/.local/lib/python3.8/site-packages/airflow/example_dags/example_branch_python_dop_operator_3.py
[2023-11-27T10:15:00.385+0000] {processor.py:829} INFO - Processing file /home/airflow/.local/lib/python3.8/site-packages/airflow/example_dags/example_branch_python_dop_operator_3.py for tasks to queue
[2023-11-27T10:15:00.386+0000] {logging_mixin.py:151} INFO - [2023-11-27T10:15:00.386+0000] {dagbag.py:539} INFO - Filling up the DagBag from /home/airflow/.local/lib/python3.8/site-packages/airflow/example_dags/example_branch_python_dop_operator_3.py
[2023-11-27T10:15:00.392+0000] {processor.py:839} INFO - DAG(s) dict_keys(['example_branch_dop_operator_v3']) retrieved from /home/airflow/.local/lib/python3.8/site-packages/airflow/example_dags/example_branch_python_dop_operator_3.py
[2023-11-27T10:15:00.405+0000] {logging_mixin.py:151} INFO - [2023-11-27T10:15:00.405+0000] {dag.py:2915} INFO - Sync 1 DAGs
[2023-11-27T10:15:00.419+0000] {logging_mixin.py:151} INFO - [2023-11-27T10:15:00.419+0000] {dag.py:3696} INFO - Setting next_dagrun for example_branch_dop_operator_v3 to 2023-11-27T10:14:00+00:00, run_after=2023-11-27T10:15:00+00:00
[2023-11-27T10:15:00.429+0000] {processor.py:179} INFO - Processing /home/airflow/.local/lib/python3.8/site-packages/airflow/example_dags/example_branch_python_dop_operator_3.py took 0.048 seconds
[2023-11-27T10:15:30.883+0000] {processor.py:157} INFO - Started process (PID=710) to work on /home/airflow/.local/lib/python3.8/site-packages/airflow/example_dags/example_branch_python_dop_operator_3.py
[2023-11-27T10:15:30.884+0000] {processor.py:829} INFO - Processing file /home/airflow/.local/lib/python3.8/site-packages/airflow/example_dags/example_branch_python_dop_operator_3.py for tasks to queue
[2023-11-27T10:15:30.887+0000] {logging_mixin.py:151} INFO - [2023-11-27T10:15:30.886+0000] {dagbag.py:539} INFO - Filling up the DagBag from /home/airflow/.local/lib/python3.8/site-packages/airflow/example_dags/example_branch_python_dop_operator_3.py
[2023-11-27T10:15:30.893+0000] {processor.py:839} INFO - DAG(s) dict_keys(['example_branch_dop_operator_v3']) retrieved from /home/airflow/.local/lib/python3.8/site-packages/airflow/example_dags/example_branch_python_dop_operator_3.py
[2023-11-27T10:15:30.906+0000] {logging_mixin.py:151} INFO - [2023-11-27T10:15:30.906+0000] {dag.py:2915} INFO - Sync 1 DAGs
[2023-11-27T10:15:30.921+0000] {logging_mixin.py:151} INFO - [2023-11-27T10:15:30.921+0000] {dag.py:3696} INFO - Setting next_dagrun for example_branch_dop_operator_v3 to 2023-11-27T10:14:00+00:00, run_after=2023-11-27T10:15:00+00:00
[2023-11-27T10:15:30.933+0000] {processor.py:179} INFO - Processing /home/airflow/.local/lib/python3.8/site-packages/airflow/example_dags/example_branch_python_dop_operator_3.py took 0.051 seconds
[2023-11-27T10:16:01.288+0000] {processor.py:157} INFO - Started process (PID=764) to work on /home/airflow/.local/lib/python3.8/site-packages/airflow/example_dags/example_branch_python_dop_operator_3.py
[2023-11-27T10:16:01.292+0000] {processor.py:829} INFO - Processing file /home/airflow/.local/lib/python3.8/site-packages/airflow/example_dags/example_branch_python_dop_operator_3.py for tasks to queue
[2023-11-27T10:16:01.297+0000] {logging_mixin.py:151} INFO - [2023-11-27T10:16:01.296+0000] {dagbag.py:539} INFO - Filling up the DagBag from /home/airflow/.local/lib/python3.8/site-packages/airflow/example_dags/example_branch_python_dop_operator_3.py
[2023-11-27T10:16:01.307+0000] {processor.py:839} INFO - DAG(s) dict_keys(['example_branch_dop_operator_v3']) retrieved from /home/airflow/.local/lib/python3.8/site-packages/airflow/example_dags/example_branch_python_dop_operator_3.py
[2023-11-27T10:16:01.331+0000] {logging_mixin.py:151} INFO - [2023-11-27T10:16:01.330+0000] {dag.py:2915} INFO - Sync 1 DAGs
[2023-11-27T10:16:01.355+0000] {logging_mixin.py:151} INFO - [2023-11-27T10:16:01.355+0000] {dag.py:3696} INFO - Setting next_dagrun for example_branch_dop_operator_v3 to 2023-11-27T10:15:00+00:00, run_after=2023-11-27T10:16:00+00:00
[2023-11-27T10:16:01.372+0000] {processor.py:179} INFO - Processing /home/airflow/.local/lib/python3.8/site-packages/airflow/example_dags/example_branch_python_dop_operator_3.py took 0.090 seconds
[2023-11-27T10:16:32.011+0000] {processor.py:157} INFO - Started process (PID=818) to work on /home/airflow/.local/lib/python3.8/site-packages/airflow/example_dags/example_branch_python_dop_operator_3.py
[2023-11-27T10:16:32.012+0000] {processor.py:829} INFO - Processing file /home/airflow/.local/lib/python3.8/site-packages/airflow/example_dags/example_branch_python_dop_operator_3.py for tasks to queue
[2023-11-27T10:16:32.016+0000] {logging_mixin.py:151} INFO - [2023-11-27T10:16:32.016+0000] {dagbag.py:539} INFO - Filling up the DagBag from /home/airflow/.local/lib/python3.8/site-packages/airflow/example_dags/example_branch_python_dop_operator_3.py
[2023-11-27T10:16:32.030+0000] {processor.py:839} INFO - DAG(s) dict_keys(['example_branch_dop_operator_v3']) retrieved from /home/airflow/.local/lib/python3.8/site-packages/airflow/example_dags/example_branch_python_dop_operator_3.py
[2023-11-27T10:16:32.048+0000] {logging_mixin.py:151} INFO - [2023-11-27T10:16:32.047+0000] {dag.py:2915} INFO - Sync 1 DAGs
[2023-11-27T10:16:32.065+0000] {logging_mixin.py:151} INFO - [2023-11-27T10:16:32.065+0000] {dag.py:3696} INFO - Setting next_dagrun for example_branch_dop_operator_v3 to 2023-11-27T10:15:00+00:00, run_after=2023-11-27T10:16:00+00:00
[2023-11-27T10:16:32.077+0000] {processor.py:179} INFO - Processing /home/airflow/.local/lib/python3.8/site-packages/airflow/example_dags/example_branch_python_dop_operator_3.py took 0.069 seconds
[2023-11-27T10:17:02.400+0000] {processor.py:157} INFO - Started process (PID=872) to work on /home/airflow/.local/lib/python3.8/site-packages/airflow/example_dags/example_branch_python_dop_operator_3.py
[2023-11-27T10:17:02.400+0000] {processor.py:829} INFO - Processing file /home/airflow/.local/lib/python3.8/site-packages/airflow/example_dags/example_branch_python_dop_operator_3.py for tasks to queue
[2023-11-27T10:17:02.402+0000] {logging_mixin.py:151} INFO - [2023-11-27T10:17:02.402+0000] {dagbag.py:539} INFO - Filling up the DagBag from /home/airflow/.local/lib/python3.8/site-packages/airflow/example_dags/example_branch_python_dop_operator_3.py
[2023-11-27T10:17:02.407+0000] {processor.py:839} INFO - DAG(s) dict_keys(['example_branch_dop_operator_v3']) retrieved from /home/airflow/.local/lib/python3.8/site-packages/airflow/example_dags/example_branch_python_dop_operator_3.py
[2023-11-27T10:17:02.419+0000] {logging_mixin.py:151} INFO - [2023-11-27T10:17:02.419+0000] {dag.py:2915} INFO - Sync 1 DAGs
[2023-11-27T10:17:02.431+0000] {logging_mixin.py:151} INFO - [2023-11-27T10:17:02.431+0000] {dag.py:3696} INFO - Setting next_dagrun for example_branch_dop_operator_v3 to 2023-11-27T10:16:00+00:00, run_after=2023-11-27T10:17:00+00:00
[2023-11-27T10:17:02.439+0000] {processor.py:179} INFO - Processing /home/airflow/.local/lib/python3.8/site-packages/airflow/example_dags/example_branch_python_dop_operator_3.py took 0.041 seconds
[2023-11-27T10:17:32.806+0000] {processor.py:157} INFO - Started process (PID=926) to work on /home/airflow/.local/lib/python3.8/site-packages/airflow/example_dags/example_branch_python_dop_operator_3.py
[2023-11-27T10:17:32.807+0000] {processor.py:829} INFO - Processing file /home/airflow/.local/lib/python3.8/site-packages/airflow/example_dags/example_branch_python_dop_operator_3.py for tasks to queue
[2023-11-27T10:17:32.809+0000] {logging_mixin.py:151} INFO - [2023-11-27T10:17:32.808+0000] {dagbag.py:539} INFO - Filling up the DagBag from /home/airflow/.local/lib/python3.8/site-packages/airflow/example_dags/example_branch_python_dop_operator_3.py
[2023-11-27T10:17:32.816+0000] {processor.py:839} INFO - DAG(s) dict_keys(['example_branch_dop_operator_v3']) retrieved from /home/airflow/.local/lib/python3.8/site-packages/airflow/example_dags/example_branch_python_dop_operator_3.py
[2023-11-27T10:17:32.829+0000] {logging_mixin.py:151} INFO - [2023-11-27T10:17:32.828+0000] {dag.py:2915} INFO - Sync 1 DAGs
[2023-11-27T10:17:32.844+0000] {logging_mixin.py:151} INFO - [2023-11-27T10:17:32.844+0000] {dag.py:3696} INFO - Setting next_dagrun for example_branch_dop_operator_v3 to 2023-11-27T10:16:00+00:00, run_after=2023-11-27T10:17:00+00:00
[2023-11-27T10:17:32.854+0000] {processor.py:179} INFO - Processing /home/airflow/.local/lib/python3.8/site-packages/airflow/example_dags/example_branch_python_dop_operator_3.py took 0.050 seconds
[2023-11-27T10:18:03.320+0000] {processor.py:157} INFO - Started process (PID=980) to work on /home/airflow/.local/lib/python3.8/site-packages/airflow/example_dags/example_branch_python_dop_operator_3.py
[2023-11-27T10:18:03.320+0000] {processor.py:829} INFO - Processing file /home/airflow/.local/lib/python3.8/site-packages/airflow/example_dags/example_branch_python_dop_operator_3.py for tasks to queue
[2023-11-27T10:18:03.322+0000] {logging_mixin.py:151} INFO - [2023-11-27T10:18:03.322+0000] {dagbag.py:539} INFO - Filling up the DagBag from /home/airflow/.local/lib/python3.8/site-packages/airflow/example_dags/example_branch_python_dop_operator_3.py
[2023-11-27T10:18:03.328+0000] {processor.py:839} INFO - DAG(s) dict_keys(['example_branch_dop_operator_v3']) retrieved from /home/airflow/.local/lib/python3.8/site-packages/airflow/example_dags/example_branch_python_dop_operator_3.py
[2023-11-27T10:18:03.341+0000] {logging_mixin.py:151} INFO - [2023-11-27T10:18:03.341+0000] {dag.py:2915} INFO - Sync 1 DAGs
[2023-11-27T10:18:03.354+0000] {logging_mixin.py:151} INFO - [2023-11-27T10:18:03.354+0000] {dag.py:3696} INFO - Setting next_dagrun for example_branch_dop_operator_v3 to 2023-11-27T10:17:00+00:00, run_after=2023-11-27T10:18:00+00:00
[2023-11-27T10:18:03.364+0000] {processor.py:179} INFO - Processing /home/airflow/.local/lib/python3.8/site-packages/airflow/example_dags/example_branch_python_dop_operator_3.py took 0.046 seconds
[2023-11-27T10:18:33.734+0000] {processor.py:157} INFO - Started process (PID=1034) to work on /home/airflow/.local/lib/python3.8/site-packages/airflow/example_dags/example_branch_python_dop_operator_3.py
[2023-11-27T10:18:33.734+0000] {processor.py:829} INFO - Processing file /home/airflow/.local/lib/python3.8/site-packages/airflow/example_dags/example_branch_python_dop_operator_3.py for tasks to queue
[2023-11-27T10:18:33.736+0000] {logging_mixin.py:151} INFO - [2023-11-27T10:18:33.736+0000] {dagbag.py:539} INFO - Filling up the DagBag from /home/airflow/.local/lib/python3.8/site-packages/airflow/example_dags/example_branch_python_dop_operator_3.py
[2023-11-27T10:18:33.741+0000] {processor.py:839} INFO - DAG(s) dict_keys(['example_branch_dop_operator_v3']) retrieved from /home/airflow/.local/lib/python3.8/site-packages/airflow/example_dags/example_branch_python_dop_operator_3.py
[2023-11-27T10:18:33.752+0000] {logging_mixin.py:151} INFO - [2023-11-27T10:18:33.752+0000] {dag.py:2915} INFO - Sync 1 DAGs
[2023-11-27T10:18:33.764+0000] {logging_mixin.py:151} INFO - [2023-11-27T10:18:33.764+0000] {dag.py:3696} INFO - Setting next_dagrun for example_branch_dop_operator_v3 to 2023-11-27T10:17:00+00:00, run_after=2023-11-27T10:18:00+00:00
[2023-11-27T10:18:33.771+0000] {processor.py:179} INFO - Processing /home/airflow/.local/lib/python3.8/site-packages/airflow/example_dags/example_branch_python_dop_operator_3.py took 0.040 seconds
[2023-11-27T10:19:04.662+0000] {processor.py:157} INFO - Started process (PID=1088) to work on /home/airflow/.local/lib/python3.8/site-packages/airflow/example_dags/example_branch_python_dop_operator_3.py
[2023-11-27T10:19:04.663+0000] {processor.py:829} INFO - Processing file /home/airflow/.local/lib/python3.8/site-packages/airflow/example_dags/example_branch_python_dop_operator_3.py for tasks to queue
[2023-11-27T10:19:04.664+0000] {logging_mixin.py:151} INFO - [2023-11-27T10:19:04.664+0000] {dagbag.py:539} INFO - Filling up the DagBag from /home/airflow/.local/lib/python3.8/site-packages/airflow/example_dags/example_branch_python_dop_operator_3.py
[2023-11-27T10:19:04.670+0000] {processor.py:839} INFO - DAG(s) dict_keys(['example_branch_dop_operator_v3']) retrieved from /home/airflow/.local/lib/python3.8/site-packages/airflow/example_dags/example_branch_python_dop_operator_3.py
[2023-11-27T10:19:04.681+0000] {logging_mixin.py:151} INFO - [2023-11-27T10:19:04.681+0000] {dag.py:2915} INFO - Sync 1 DAGs
[2023-11-27T10:19:04.694+0000] {logging_mixin.py:151} INFO - [2023-11-27T10:19:04.694+0000] {dag.py:3696} INFO - Setting next_dagrun for example_branch_dop_operator_v3 to 2023-11-27T10:18:00+00:00, run_after=2023-11-27T10:19:00+00:00
[2023-11-27T10:19:04.707+0000] {processor.py:179} INFO - Processing /home/airflow/.local/lib/python3.8/site-packages/airflow/example_dags/example_branch_python_dop_operator_3.py took 0.046 seconds
[2023-11-27T10:19:35.348+0000] {processor.py:157} INFO - Started process (PID=1142) to work on /home/airflow/.local/lib/python3.8/site-packages/airflow/example_dags/example_branch_python_dop_operator_3.py
[2023-11-27T10:19:35.349+0000] {processor.py:829} INFO - Processing file /home/airflow/.local/lib/python3.8/site-packages/airflow/example_dags/example_branch_python_dop_operator_3.py for tasks to queue
[2023-11-27T10:19:35.351+0000] {logging_mixin.py:151} INFO - [2023-11-27T10:19:35.351+0000] {dagbag.py:539} INFO - Filling up the DagBag from /home/airflow/.local/lib/python3.8/site-packages/airflow/example_dags/example_branch_python_dop_operator_3.py
[2023-11-27T10:19:35.358+0000] {processor.py:839} INFO - DAG(s) dict_keys(['example_branch_dop_operator_v3']) retrieved from /home/airflow/.local/lib/python3.8/site-packages/airflow/example_dags/example_branch_python_dop_operator_3.py
[2023-11-27T10:19:35.373+0000] {logging_mixin.py:151} INFO - [2023-11-27T10:19:35.373+0000] {dag.py:2915} INFO - Sync 1 DAGs
[2023-11-27T10:19:35.386+0000] {logging_mixin.py:151} INFO - [2023-11-27T10:19:35.386+0000] {dag.py:3696} INFO - Setting next_dagrun for example_branch_dop_operator_v3 to 2023-11-27T10:18:00+00:00, run_after=2023-11-27T10:19:00+00:00
[2023-11-27T10:19:35.395+0000] {processor.py:179} INFO - Processing /home/airflow/.local/lib/python3.8/site-packages/airflow/example_dags/example_branch_python_dop_operator_3.py took 0.051 seconds
[2023-11-27T10:20:05.793+0000] {processor.py:157} INFO - Started process (PID=1196) to work on /home/airflow/.local/lib/python3.8/site-packages/airflow/example_dags/example_branch_python_dop_operator_3.py
[2023-11-27T10:20:05.793+0000] {processor.py:829} INFO - Processing file /home/airflow/.local/lib/python3.8/site-packages/airflow/example_dags/example_branch_python_dop_operator_3.py for tasks to queue
[2023-11-27T10:20:05.795+0000] {logging_mixin.py:151} INFO - [2023-11-27T10:20:05.795+0000] {dagbag.py:539} INFO - Filling up the DagBag from /home/airflow/.local/lib/python3.8/site-packages/airflow/example_dags/example_branch_python_dop_operator_3.py
[2023-11-27T10:20:05.801+0000] {processor.py:839} INFO - DAG(s) dict_keys(['example_branch_dop_operator_v3']) retrieved from /home/airflow/.local/lib/python3.8/site-packages/airflow/example_dags/example_branch_python_dop_operator_3.py
[2023-11-27T10:20:05.812+0000] {logging_mixin.py:151} INFO - [2023-11-27T10:20:05.812+0000] {dag.py:2915} INFO - Sync 1 DAGs
[2023-11-27T10:20:05.824+0000] {logging_mixin.py:151} INFO - [2023-11-27T10:20:05.824+0000] {dag.py:3696} INFO - Setting next_dagrun for example_branch_dop_operator_v3 to 2023-11-27T10:19:00+00:00, run_after=2023-11-27T10:20:00+00:00
[2023-11-27T10:20:05.832+0000] {processor.py:179} INFO - Processing /home/airflow/.local/lib/python3.8/site-packages/airflow/example_dags/example_branch_python_dop_operator_3.py took 0.042 seconds
[2023-11-27T10:20:36.148+0000] {processor.py:157} INFO - Started process (PID=1250) to work on /home/airflow/.local/lib/python3.8/site-packages/airflow/example_dags/example_branch_python_dop_operator_3.py
[2023-11-27T10:20:36.149+0000] {processor.py:829} INFO - Processing file /home/airflow/.local/lib/python3.8/site-packages/airflow/example_dags/example_branch_python_dop_operator_3.py for tasks to queue
[2023-11-27T10:20:36.150+0000] {logging_mixin.py:151} INFO - [2023-11-27T10:20:36.150+0000] {dagbag.py:539} INFO - Filling up the DagBag from /home/airflow/.local/lib/python3.8/site-packages/airflow/example_dags/example_branch_python_dop_operator_3.py
[2023-11-27T10:20:36.157+0000] {processor.py:839} INFO - DAG(s) dict_keys(['example_branch_dop_operator_v3']) retrieved from /home/airflow/.local/lib/python3.8/site-packages/airflow/example_dags/example_branch_python_dop_operator_3.py
[2023-11-27T10:20:36.170+0000] {logging_mixin.py:151} INFO - [2023-11-27T10:20:36.170+0000] {dag.py:2915} INFO - Sync 1 DAGs
[2023-11-27T10:20:36.184+0000] {logging_mixin.py:151} INFO - [2023-11-27T10:20:36.184+0000] {dag.py:3696} INFO - Setting next_dagrun for example_branch_dop_operator_v3 to 2023-11-27T10:19:00+00:00, run_after=2023-11-27T10:20:00+00:00
[2023-11-27T10:20:36.194+0000] {processor.py:179} INFO - Processing /home/airflow/.local/lib/python3.8/site-packages/airflow/example_dags/example_branch_python_dop_operator_3.py took 0.049 seconds
[2023-11-27T10:21:06.480+0000] {processor.py:157} INFO - Started process (PID=1304) to work on /home/airflow/.local/lib/python3.8/site-packages/airflow/example_dags/example_branch_python_dop_operator_3.py
[2023-11-27T10:21:06.480+0000] {processor.py:829} INFO - Processing file /home/airflow/.local/lib/python3.8/site-packages/airflow/example_dags/example_branch_python_dop_operator_3.py for tasks to queue
[2023-11-27T10:21:06.482+0000] {logging_mixin.py:151} INFO - [2023-11-27T10:21:06.482+0000] {dagbag.py:539} INFO - Filling up the DagBag from /home/airflow/.local/lib/python3.8/site-packages/airflow/example_dags/example_branch_python_dop_operator_3.py
[2023-11-27T10:21:06.487+0000] {processor.py:839} INFO - DAG(s) dict_keys(['example_branch_dop_operator_v3']) retrieved from /home/airflow/.local/lib/python3.8/site-packages/airflow/example_dags/example_branch_python_dop_operator_3.py
[2023-11-27T10:21:06.498+0000] {logging_mixin.py:151} INFO - [2023-11-27T10:21:06.498+0000] {dag.py:2915} INFO - Sync 1 DAGs
[2023-11-27T10:21:06.510+0000] {logging_mixin.py:151} INFO - [2023-11-27T10:21:06.510+0000] {dag.py:3696} INFO - Setting next_dagrun for example_branch_dop_operator_v3 to 2023-11-27T10:20:00+00:00, run_after=2023-11-27T10:21:00+00:00
[2023-11-27T10:21:06.518+0000] {processor.py:179} INFO - Processing /home/airflow/.local/lib/python3.8/site-packages/airflow/example_dags/example_branch_python_dop_operator_3.py took 0.041 seconds
[2023-11-27T10:32:37.773+0000] {processor.py:157} INFO - Started process (PID=60) to work on /home/airflow/.local/lib/python3.8/site-packages/airflow/example_dags/example_branch_python_dop_operator_3.py
[2023-11-27T10:32:37.774+0000] {processor.py:829} INFO - Processing file /home/airflow/.local/lib/python3.8/site-packages/airflow/example_dags/example_branch_python_dop_operator_3.py for tasks to queue
[2023-11-27T10:32:37.776+0000] {logging_mixin.py:151} INFO - [2023-11-27T10:32:37.776+0000] {dagbag.py:539} INFO - Filling up the DagBag from /home/airflow/.local/lib/python3.8/site-packages/airflow/example_dags/example_branch_python_dop_operator_3.py
[2023-11-27T10:32:37.781+0000] {processor.py:839} INFO - DAG(s) dict_keys(['example_branch_dop_operator_v3']) retrieved from /home/airflow/.local/lib/python3.8/site-packages/airflow/example_dags/example_branch_python_dop_operator_3.py
[2023-11-27T10:32:37.794+0000] {logging_mixin.py:151} INFO - [2023-11-27T10:32:37.794+0000] {dag.py:2915} INFO - Sync 1 DAGs
[2023-11-27T10:32:37.818+0000] {logging_mixin.py:151} INFO - [2023-11-27T10:32:37.818+0000] {dag.py:3696} INFO - Setting next_dagrun for example_branch_dop_operator_v3 to 2023-11-27T10:31:00+00:00, run_after=2023-11-27T10:32:00+00:00
[2023-11-27T10:32:37.830+0000] {processor.py:179} INFO - Processing /home/airflow/.local/lib/python3.8/site-packages/airflow/example_dags/example_branch_python_dop_operator_3.py took 0.060 seconds
[2023-11-27T10:33:08.244+0000] {processor.py:157} INFO - Started process (PID=114) to work on /home/airflow/.local/lib/python3.8/site-packages/airflow/example_dags/example_branch_python_dop_operator_3.py
[2023-11-27T10:33:08.245+0000] {processor.py:829} INFO - Processing file /home/airflow/.local/lib/python3.8/site-packages/airflow/example_dags/example_branch_python_dop_operator_3.py for tasks to queue
[2023-11-27T10:33:08.247+0000] {logging_mixin.py:151} INFO - [2023-11-27T10:33:08.247+0000] {dagbag.py:539} INFO - Filling up the DagBag from /home/airflow/.local/lib/python3.8/site-packages/airflow/example_dags/example_branch_python_dop_operator_3.py
[2023-11-27T10:33:08.256+0000] {processor.py:839} INFO - DAG(s) dict_keys(['example_branch_dop_operator_v3']) retrieved from /home/airflow/.local/lib/python3.8/site-packages/airflow/example_dags/example_branch_python_dop_operator_3.py
[2023-11-27T10:33:08.271+0000] {logging_mixin.py:151} INFO - [2023-11-27T10:33:08.271+0000] {dag.py:2915} INFO - Sync 1 DAGs
[2023-11-27T10:33:08.284+0000] {logging_mixin.py:151} INFO - [2023-11-27T10:33:08.284+0000] {dag.py:3696} INFO - Setting next_dagrun for example_branch_dop_operator_v3 to 2023-11-27T10:32:00+00:00, run_after=2023-11-27T10:33:00+00:00
[2023-11-27T10:33:08.293+0000] {processor.py:179} INFO - Processing /home/airflow/.local/lib/python3.8/site-packages/airflow/example_dags/example_branch_python_dop_operator_3.py took 0.051 seconds
[2023-11-27T10:33:38.731+0000] {processor.py:157} INFO - Started process (PID=168) to work on /home/airflow/.local/lib/python3.8/site-packages/airflow/example_dags/example_branch_python_dop_operator_3.py
[2023-11-27T10:33:38.732+0000] {processor.py:829} INFO - Processing file /home/airflow/.local/lib/python3.8/site-packages/airflow/example_dags/example_branch_python_dop_operator_3.py for tasks to queue
[2023-11-27T10:33:38.734+0000] {logging_mixin.py:151} INFO - [2023-11-27T10:33:38.734+0000] {dagbag.py:539} INFO - Filling up the DagBag from /home/airflow/.local/lib/python3.8/site-packages/airflow/example_dags/example_branch_python_dop_operator_3.py
[2023-11-27T10:33:38.739+0000] {processor.py:839} INFO - DAG(s) dict_keys(['example_branch_dop_operator_v3']) retrieved from /home/airflow/.local/lib/python3.8/site-packages/airflow/example_dags/example_branch_python_dop_operator_3.py
[2023-11-27T10:33:38.751+0000] {logging_mixin.py:151} INFO - [2023-11-27T10:33:38.751+0000] {dag.py:2915} INFO - Sync 1 DAGs
[2023-11-27T10:33:38.763+0000] {logging_mixin.py:151} INFO - [2023-11-27T10:33:38.763+0000] {dag.py:3696} INFO - Setting next_dagrun for example_branch_dop_operator_v3 to 2023-11-27T10:32:00+00:00, run_after=2023-11-27T10:33:00+00:00
[2023-11-27T10:33:38.771+0000] {processor.py:179} INFO - Processing /home/airflow/.local/lib/python3.8/site-packages/airflow/example_dags/example_branch_python_dop_operator_3.py took 0.042 seconds
[2023-11-27T10:34:09.067+0000] {processor.py:157} INFO - Started process (PID=222) to work on /home/airflow/.local/lib/python3.8/site-packages/airflow/example_dags/example_branch_python_dop_operator_3.py
[2023-11-27T10:34:09.068+0000] {processor.py:829} INFO - Processing file /home/airflow/.local/lib/python3.8/site-packages/airflow/example_dags/example_branch_python_dop_operator_3.py for tasks to queue
[2023-11-27T10:34:09.069+0000] {logging_mixin.py:151} INFO - [2023-11-27T10:34:09.069+0000] {dagbag.py:539} INFO - Filling up the DagBag from /home/airflow/.local/lib/python3.8/site-packages/airflow/example_dags/example_branch_python_dop_operator_3.py
[2023-11-27T10:34:09.075+0000] {processor.py:839} INFO - DAG(s) dict_keys(['example_branch_dop_operator_v3']) retrieved from /home/airflow/.local/lib/python3.8/site-packages/airflow/example_dags/example_branch_python_dop_operator_3.py
[2023-11-27T10:34:09.089+0000] {logging_mixin.py:151} INFO - [2023-11-27T10:34:09.089+0000] {dag.py:2915} INFO - Sync 1 DAGs
[2023-11-27T10:34:09.104+0000] {logging_mixin.py:151} INFO - [2023-11-27T10:34:09.103+0000] {dag.py:3696} INFO - Setting next_dagrun for example_branch_dop_operator_v3 to 2023-11-27T10:33:00+00:00, run_after=2023-11-27T10:34:00+00:00
[2023-11-27T10:34:09.113+0000] {processor.py:179} INFO - Processing /home/airflow/.local/lib/python3.8/site-packages/airflow/example_dags/example_branch_python_dop_operator_3.py took 0.048 seconds
[2023-11-27T10:34:39.530+0000] {processor.py:157} INFO - Started process (PID=276) to work on /home/airflow/.local/lib/python3.8/site-packages/airflow/example_dags/example_branch_python_dop_operator_3.py
[2023-11-27T10:34:39.530+0000] {processor.py:829} INFO - Processing file /home/airflow/.local/lib/python3.8/site-packages/airflow/example_dags/example_branch_python_dop_operator_3.py for tasks to queue
[2023-11-27T10:34:39.532+0000] {logging_mixin.py:151} INFO - [2023-11-27T10:34:39.532+0000] {dagbag.py:539} INFO - Filling up the DagBag from /home/airflow/.local/lib/python3.8/site-packages/airflow/example_dags/example_branch_python_dop_operator_3.py
[2023-11-27T10:34:39.537+0000] {processor.py:839} INFO - DAG(s) dict_keys(['example_branch_dop_operator_v3']) retrieved from /home/airflow/.local/lib/python3.8/site-packages/airflow/example_dags/example_branch_python_dop_operator_3.py
[2023-11-27T10:34:39.551+0000] {logging_mixin.py:151} INFO - [2023-11-27T10:34:39.551+0000] {dag.py:2915} INFO - Sync 1 DAGs
[2023-11-27T10:34:39.574+0000] {logging_mixin.py:151} INFO - [2023-11-27T10:34:39.574+0000] {dag.py:3696} INFO - Setting next_dagrun for example_branch_dop_operator_v3 to 2023-11-27T10:33:00+00:00, run_after=2023-11-27T10:34:00+00:00
[2023-11-27T10:34:39.584+0000] {processor.py:179} INFO - Processing /home/airflow/.local/lib/python3.8/site-packages/airflow/example_dags/example_branch_python_dop_operator_3.py took 0.056 seconds
[2023-11-27T10:35:09.971+0000] {processor.py:157} INFO - Started process (PID=330) to work on /home/airflow/.local/lib/python3.8/site-packages/airflow/example_dags/example_branch_python_dop_operator_3.py
[2023-11-27T10:35:09.971+0000] {processor.py:829} INFO - Processing file /home/airflow/.local/lib/python3.8/site-packages/airflow/example_dags/example_branch_python_dop_operator_3.py for tasks to queue
[2023-11-27T10:35:09.973+0000] {logging_mixin.py:151} INFO - [2023-11-27T10:35:09.973+0000] {dagbag.py:539} INFO - Filling up the DagBag from /home/airflow/.local/lib/python3.8/site-packages/airflow/example_dags/example_branch_python_dop_operator_3.py
[2023-11-27T10:35:09.978+0000] {processor.py:839} INFO - DAG(s) dict_keys(['example_branch_dop_operator_v3']) retrieved from /home/airflow/.local/lib/python3.8/site-packages/airflow/example_dags/example_branch_python_dop_operator_3.py
[2023-11-27T10:35:09.989+0000] {logging_mixin.py:151} INFO - [2023-11-27T10:35:09.989+0000] {dag.py:2915} INFO - Sync 1 DAGs
[2023-11-27T10:35:10.001+0000] {logging_mixin.py:151} INFO - [2023-11-27T10:35:10.001+0000] {dag.py:3696} INFO - Setting next_dagrun for example_branch_dop_operator_v3 to 2023-11-27T10:34:00+00:00, run_after=2023-11-27T10:35:00+00:00
[2023-11-27T10:35:10.009+0000] {processor.py:179} INFO - Processing /home/airflow/.local/lib/python3.8/site-packages/airflow/example_dags/example_branch_python_dop_operator_3.py took 0.040 seconds
[2023-11-27T10:35:40.314+0000] {processor.py:157} INFO - Started process (PID=384) to work on /home/airflow/.local/lib/python3.8/site-packages/airflow/example_dags/example_branch_python_dop_operator_3.py
[2023-11-27T10:35:40.315+0000] {processor.py:829} INFO - Processing file /home/airflow/.local/lib/python3.8/site-packages/airflow/example_dags/example_branch_python_dop_operator_3.py for tasks to queue
[2023-11-27T10:35:40.316+0000] {logging_mixin.py:151} INFO - [2023-11-27T10:35:40.316+0000] {dagbag.py:539} INFO - Filling up the DagBag from /home/airflow/.local/lib/python3.8/site-packages/airflow/example_dags/example_branch_python_dop_operator_3.py
[2023-11-27T10:35:40.322+0000] {processor.py:839} INFO - DAG(s) dict_keys(['example_branch_dop_operator_v3']) retrieved from /home/airflow/.local/lib/python3.8/site-packages/airflow/example_dags/example_branch_python_dop_operator_3.py
[2023-11-27T10:35:40.333+0000] {logging_mixin.py:151} INFO - [2023-11-27T10:35:40.333+0000] {dag.py:2915} INFO - Sync 1 DAGs
[2023-11-27T10:35:40.345+0000] {logging_mixin.py:151} INFO - [2023-11-27T10:35:40.345+0000] {dag.py:3696} INFO - Setting next_dagrun for example_branch_dop_operator_v3 to 2023-11-27T10:34:00+00:00, run_after=2023-11-27T10:35:00+00:00
[2023-11-27T10:35:40.354+0000] {processor.py:179} INFO - Processing /home/airflow/.local/lib/python3.8/site-packages/airflow/example_dags/example_branch_python_dop_operator_3.py took 0.042 seconds
[2023-11-27T10:36:10.393+0000] {processor.py:157} INFO - Started process (PID=438) to work on /home/airflow/.local/lib/python3.8/site-packages/airflow/example_dags/example_branch_python_dop_operator_3.py
[2023-11-27T10:36:10.394+0000] {processor.py:829} INFO - Processing file /home/airflow/.local/lib/python3.8/site-packages/airflow/example_dags/example_branch_python_dop_operator_3.py for tasks to queue
[2023-11-27T10:36:10.395+0000] {logging_mixin.py:151} INFO - [2023-11-27T10:36:10.395+0000] {dagbag.py:539} INFO - Filling up the DagBag from /home/airflow/.local/lib/python3.8/site-packages/airflow/example_dags/example_branch_python_dop_operator_3.py
[2023-11-27T10:36:10.401+0000] {processor.py:839} INFO - DAG(s) dict_keys(['example_branch_dop_operator_v3']) retrieved from /home/airflow/.local/lib/python3.8/site-packages/airflow/example_dags/example_branch_python_dop_operator_3.py
[2023-11-27T10:36:10.413+0000] {logging_mixin.py:151} INFO - [2023-11-27T10:36:10.413+0000] {dag.py:2915} INFO - Sync 1 DAGs
[2023-11-27T10:36:10.426+0000] {logging_mixin.py:151} INFO - [2023-11-27T10:36:10.426+0000] {dag.py:3696} INFO - Setting next_dagrun for example_branch_dop_operator_v3 to 2023-11-27T10:35:00+00:00, run_after=2023-11-27T10:36:00+00:00
[2023-11-27T10:36:10.435+0000] {processor.py:179} INFO - Processing /home/airflow/.local/lib/python3.8/site-packages/airflow/example_dags/example_branch_python_dop_operator_3.py took 0.045 seconds
[2023-11-27T10:36:40.863+0000] {processor.py:157} INFO - Started process (PID=492) to work on /home/airflow/.local/lib/python3.8/site-packages/airflow/example_dags/example_branch_python_dop_operator_3.py
[2023-11-27T10:36:40.866+0000] {processor.py:829} INFO - Processing file /home/airflow/.local/lib/python3.8/site-packages/airflow/example_dags/example_branch_python_dop_operator_3.py for tasks to queue
[2023-11-27T10:36:40.868+0000] {logging_mixin.py:151} INFO - [2023-11-27T10:36:40.868+0000] {dagbag.py:539} INFO - Filling up the DagBag from /home/airflow/.local/lib/python3.8/site-packages/airflow/example_dags/example_branch_python_dop_operator_3.py
[2023-11-27T10:36:40.877+0000] {processor.py:839} INFO - DAG(s) dict_keys(['example_branch_dop_operator_v3']) retrieved from /home/airflow/.local/lib/python3.8/site-packages/airflow/example_dags/example_branch_python_dop_operator_3.py
[2023-11-27T10:36:40.892+0000] {logging_mixin.py:151} INFO - [2023-11-27T10:36:40.892+0000] {dag.py:2915} INFO - Sync 1 DAGs
[2023-11-27T10:36:40.906+0000] {logging_mixin.py:151} INFO - [2023-11-27T10:36:40.906+0000] {dag.py:3696} INFO - Setting next_dagrun for example_branch_dop_operator_v3 to 2023-11-27T10:35:00+00:00, run_after=2023-11-27T10:36:00+00:00
[2023-11-27T10:36:40.916+0000] {processor.py:179} INFO - Processing /home/airflow/.local/lib/python3.8/site-packages/airflow/example_dags/example_branch_python_dop_operator_3.py took 0.056 seconds
[2023-11-27T10:37:11.590+0000] {processor.py:157} INFO - Started process (PID=546) to work on /home/airflow/.local/lib/python3.8/site-packages/airflow/example_dags/example_branch_python_dop_operator_3.py
[2023-11-27T10:37:11.591+0000] {processor.py:829} INFO - Processing file /home/airflow/.local/lib/python3.8/site-packages/airflow/example_dags/example_branch_python_dop_operator_3.py for tasks to queue
[2023-11-27T10:37:11.593+0000] {logging_mixin.py:151} INFO - [2023-11-27T10:37:11.593+0000] {dagbag.py:539} INFO - Filling up the DagBag from /home/airflow/.local/lib/python3.8/site-packages/airflow/example_dags/example_branch_python_dop_operator_3.py
[2023-11-27T10:37:11.598+0000] {processor.py:839} INFO - DAG(s) dict_keys(['example_branch_dop_operator_v3']) retrieved from /home/airflow/.local/lib/python3.8/site-packages/airflow/example_dags/example_branch_python_dop_operator_3.py
[2023-11-27T10:37:11.610+0000] {logging_mixin.py:151} INFO - [2023-11-27T10:37:11.610+0000] {dag.py:2915} INFO - Sync 1 DAGs
[2023-11-27T10:37:11.623+0000] {logging_mixin.py:151} INFO - [2023-11-27T10:37:11.623+0000] {dag.py:3696} INFO - Setting next_dagrun for example_branch_dop_operator_v3 to 2023-11-27T10:36:00+00:00, run_after=2023-11-27T10:37:00+00:00
[2023-11-27T10:37:11.632+0000] {processor.py:179} INFO - Processing /home/airflow/.local/lib/python3.8/site-packages/airflow/example_dags/example_branch_python_dop_operator_3.py took 0.044 seconds
[2023-11-27T10:37:43.981+0000] {processor.py:157} INFO - Started process (PID=600) to work on /home/airflow/.local/lib/python3.8/site-packages/airflow/example_dags/example_branch_python_dop_operator_3.py
[2023-11-27T10:37:43.983+0000] {processor.py:829} INFO - Processing file /home/airflow/.local/lib/python3.8/site-packages/airflow/example_dags/example_branch_python_dop_operator_3.py for tasks to queue
[2023-11-27T10:37:43.988+0000] {logging_mixin.py:151} INFO - [2023-11-27T10:37:43.987+0000] {dagbag.py:539} INFO - Filling up the DagBag from /home/airflow/.local/lib/python3.8/site-packages/airflow/example_dags/example_branch_python_dop_operator_3.py
[2023-11-27T10:37:44.007+0000] {processor.py:839} INFO - DAG(s) dict_keys(['example_branch_dop_operator_v3']) retrieved from /home/airflow/.local/lib/python3.8/site-packages/airflow/example_dags/example_branch_python_dop_operator_3.py
[2023-11-27T10:37:44.037+0000] {logging_mixin.py:151} INFO - [2023-11-27T10:37:44.037+0000] {dag.py:2915} INFO - Sync 1 DAGs
[2023-11-27T10:37:44.078+0000] {logging_mixin.py:151} INFO - [2023-11-27T10:37:44.078+0000] {dag.py:3696} INFO - Setting next_dagrun for example_branch_dop_operator_v3 to 2023-11-27T10:36:00+00:00, run_after=2023-11-27T10:37:00+00:00
[2023-11-27T10:37:44.105+0000] {processor.py:179} INFO - Processing /home/airflow/.local/lib/python3.8/site-packages/airflow/example_dags/example_branch_python_dop_operator_3.py took 0.127 seconds
[2023-11-27T10:38:14.210+0000] {processor.py:157} INFO - Started process (PID=654) to work on /home/airflow/.local/lib/python3.8/site-packages/airflow/example_dags/example_branch_python_dop_operator_3.py
[2023-11-27T10:38:14.211+0000] {processor.py:829} INFO - Processing file /home/airflow/.local/lib/python3.8/site-packages/airflow/example_dags/example_branch_python_dop_operator_3.py for tasks to queue
[2023-11-27T10:38:14.213+0000] {logging_mixin.py:151} INFO - [2023-11-27T10:38:14.213+0000] {dagbag.py:539} INFO - Filling up the DagBag from /home/airflow/.local/lib/python3.8/site-packages/airflow/example_dags/example_branch_python_dop_operator_3.py
[2023-11-27T10:38:14.218+0000] {processor.py:839} INFO - DAG(s) dict_keys(['example_branch_dop_operator_v3']) retrieved from /home/airflow/.local/lib/python3.8/site-packages/airflow/example_dags/example_branch_python_dop_operator_3.py
[2023-11-27T10:38:14.229+0000] {logging_mixin.py:151} INFO - [2023-11-27T10:38:14.229+0000] {dag.py:2915} INFO - Sync 1 DAGs
[2023-11-27T10:38:14.241+0000] {logging_mixin.py:151} INFO - [2023-11-27T10:38:14.240+0000] {dag.py:3696} INFO - Setting next_dagrun for example_branch_dop_operator_v3 to 2023-11-27T10:37:00+00:00, run_after=2023-11-27T10:38:00+00:00
[2023-11-27T10:38:14.248+0000] {processor.py:179} INFO - Processing /home/airflow/.local/lib/python3.8/site-packages/airflow/example_dags/example_branch_python_dop_operator_3.py took 0.041 seconds
[2023-11-27T10:38:44.590+0000] {processor.py:157} INFO - Started process (PID=708) to work on /home/airflow/.local/lib/python3.8/site-packages/airflow/example_dags/example_branch_python_dop_operator_3.py
[2023-11-27T10:38:44.591+0000] {processor.py:829} INFO - Processing file /home/airflow/.local/lib/python3.8/site-packages/airflow/example_dags/example_branch_python_dop_operator_3.py for tasks to queue
[2023-11-27T10:38:44.593+0000] {logging_mixin.py:151} INFO - [2023-11-27T10:38:44.593+0000] {dagbag.py:539} INFO - Filling up the DagBag from /home/airflow/.local/lib/python3.8/site-packages/airflow/example_dags/example_branch_python_dop_operator_3.py
[2023-11-27T10:38:44.599+0000] {processor.py:839} INFO - DAG(s) dict_keys(['example_branch_dop_operator_v3']) retrieved from /home/airflow/.local/lib/python3.8/site-packages/airflow/example_dags/example_branch_python_dop_operator_3.py
[2023-11-27T10:38:44.612+0000] {logging_mixin.py:151} INFO - [2023-11-27T10:38:44.612+0000] {dag.py:2915} INFO - Sync 1 DAGs
[2023-11-27T10:38:44.626+0000] {logging_mixin.py:151} INFO - [2023-11-27T10:38:44.626+0000] {dag.py:3696} INFO - Setting next_dagrun for example_branch_dop_operator_v3 to 2023-11-27T10:37:00+00:00, run_after=2023-11-27T10:38:00+00:00
[2023-11-27T10:38:44.636+0000] {processor.py:179} INFO - Processing /home/airflow/.local/lib/python3.8/site-packages/airflow/example_dags/example_branch_python_dop_operator_3.py took 0.048 seconds
[2023-11-27T10:39:15.327+0000] {processor.py:157} INFO - Started process (PID=763) to work on /home/airflow/.local/lib/python3.8/site-packages/airflow/example_dags/example_branch_python_dop_operator_3.py
[2023-11-27T10:39:15.329+0000] {processor.py:829} INFO - Processing file /home/airflow/.local/lib/python3.8/site-packages/airflow/example_dags/example_branch_python_dop_operator_3.py for tasks to queue
[2023-11-27T10:39:15.330+0000] {logging_mixin.py:151} INFO - [2023-11-27T10:39:15.330+0000] {dagbag.py:539} INFO - Filling up the DagBag from /home/airflow/.local/lib/python3.8/site-packages/airflow/example_dags/example_branch_python_dop_operator_3.py
[2023-11-27T10:39:15.336+0000] {processor.py:839} INFO - DAG(s) dict_keys(['example_branch_dop_operator_v3']) retrieved from /home/airflow/.local/lib/python3.8/site-packages/airflow/example_dags/example_branch_python_dop_operator_3.py
[2023-11-27T10:39:15.348+0000] {logging_mixin.py:151} INFO - [2023-11-27T10:39:15.348+0000] {dag.py:2915} INFO - Sync 1 DAGs
[2023-11-27T10:39:15.361+0000] {logging_mixin.py:151} INFO - [2023-11-27T10:39:15.361+0000] {dag.py:3696} INFO - Setting next_dagrun for example_branch_dop_operator_v3 to 2023-11-27T10:38:00+00:00, run_after=2023-11-27T10:39:00+00:00
[2023-11-27T10:39:15.370+0000] {processor.py:179} INFO - Processing /home/airflow/.local/lib/python3.8/site-packages/airflow/example_dags/example_branch_python_dop_operator_3.py took 0.044 seconds
[2023-11-27T10:39:45.984+0000] {processor.py:157} INFO - Started process (PID=817) to work on /home/airflow/.local/lib/python3.8/site-packages/airflow/example_dags/example_branch_python_dop_operator_3.py
[2023-11-27T10:39:45.984+0000] {processor.py:829} INFO - Processing file /home/airflow/.local/lib/python3.8/site-packages/airflow/example_dags/example_branch_python_dop_operator_3.py for tasks to queue
[2023-11-27T10:39:45.986+0000] {logging_mixin.py:151} INFO - [2023-11-27T10:39:45.986+0000] {dagbag.py:539} INFO - Filling up the DagBag from /home/airflow/.local/lib/python3.8/site-packages/airflow/example_dags/example_branch_python_dop_operator_3.py
[2023-11-27T10:39:45.993+0000] {processor.py:839} INFO - DAG(s) dict_keys(['example_branch_dop_operator_v3']) retrieved from /home/airflow/.local/lib/python3.8/site-packages/airflow/example_dags/example_branch_python_dop_operator_3.py
[2023-11-27T10:39:46.006+0000] {logging_mixin.py:151} INFO - [2023-11-27T10:39:46.006+0000] {dag.py:2915} INFO - Sync 1 DAGs
[2023-11-27T10:39:46.020+0000] {logging_mixin.py:151} INFO - [2023-11-27T10:39:46.020+0000] {dag.py:3696} INFO - Setting next_dagrun for example_branch_dop_operator_v3 to 2023-11-27T10:38:00+00:00, run_after=2023-11-27T10:39:00+00:00
[2023-11-27T10:39:46.029+0000] {processor.py:179} INFO - Processing /home/airflow/.local/lib/python3.8/site-packages/airflow/example_dags/example_branch_python_dop_operator_3.py took 0.049 seconds
