[2023-11-27T10:09:23.124+0000] {processor.py:157} INFO - Started process (PID=58) to work on /home/airflow/.local/lib/python3.8/site-packages/airflow/example_dags/example_trigger_controller_dag.py
[2023-11-27T10:09:23.126+0000] {processor.py:829} INFO - Processing file /home/airflow/.local/lib/python3.8/site-packages/airflow/example_dags/example_trigger_controller_dag.py for tasks to queue
[2023-11-27T10:09:23.127+0000] {logging_mixin.py:151} INFO - [2023-11-27T10:09:23.127+0000] {dagbag.py:539} INFO - Filling up the DagBag from /home/airflow/.local/lib/python3.8/site-packages/airflow/example_dags/example_trigger_controller_dag.py
[2023-11-27T10:09:23.132+0000] {processor.py:839} INFO - DAG(s) dict_keys(['example_trigger_controller_dag']) retrieved from /home/airflow/.local/lib/python3.8/site-packages/airflow/example_dags/example_trigger_controller_dag.py
[2023-11-27T10:09:23.154+0000] {logging_mixin.py:151} INFO - [2023-11-27T10:09:23.154+0000] {dag.py:2915} INFO - Sync 1 DAGs
[2023-11-27T10:09:23.180+0000] {logging_mixin.py:151} INFO - [2023-11-27T10:09:23.180+0000] {dag.py:3696} INFO - Setting next_dagrun for example_trigger_controller_dag to 2021-01-01T00:00:00+00:00, run_after=2021-01-01T00:00:00+00:00
[2023-11-27T10:09:23.208+0000] {processor.py:179} INFO - Processing /home/airflow/.local/lib/python3.8/site-packages/airflow/example_dags/example_trigger_controller_dag.py took 0.087 seconds
[2023-11-27T10:09:54.267+0000] {processor.py:157} INFO - Started process (PID=112) to work on /home/airflow/.local/lib/python3.8/site-packages/airflow/example_dags/example_trigger_controller_dag.py
[2023-11-27T10:09:54.273+0000] {processor.py:829} INFO - Processing file /home/airflow/.local/lib/python3.8/site-packages/airflow/example_dags/example_trigger_controller_dag.py for tasks to queue
[2023-11-27T10:09:54.286+0000] {logging_mixin.py:151} INFO - [2023-11-27T10:09:54.286+0000] {dagbag.py:539} INFO - Filling up the DagBag from /home/airflow/.local/lib/python3.8/site-packages/airflow/example_dags/example_trigger_controller_dag.py
[2023-11-27T10:09:54.294+0000] {processor.py:839} INFO - DAG(s) dict_keys(['example_trigger_controller_dag']) retrieved from /home/airflow/.local/lib/python3.8/site-packages/airflow/example_dags/example_trigger_controller_dag.py
[2023-11-27T10:09:54.315+0000] {logging_mixin.py:151} INFO - [2023-11-27T10:09:54.315+0000] {dag.py:2915} INFO - Sync 1 DAGs
[2023-11-27T10:09:54.329+0000] {logging_mixin.py:151} INFO - [2023-11-27T10:09:54.329+0000] {dag.py:3696} INFO - Setting next_dagrun for example_trigger_controller_dag to 2021-01-01T00:00:00+00:00, run_after=2021-01-01T00:00:00+00:00
[2023-11-27T10:09:54.348+0000] {processor.py:179} INFO - Processing /home/airflow/.local/lib/python3.8/site-packages/airflow/example_dags/example_trigger_controller_dag.py took 0.088 seconds
[2023-11-27T10:10:24.429+0000] {processor.py:157} INFO - Started process (PID=166) to work on /home/airflow/.local/lib/python3.8/site-packages/airflow/example_dags/example_trigger_controller_dag.py
[2023-11-27T10:10:24.430+0000] {processor.py:829} INFO - Processing file /home/airflow/.local/lib/python3.8/site-packages/airflow/example_dags/example_trigger_controller_dag.py for tasks to queue
[2023-11-27T10:10:24.433+0000] {logging_mixin.py:151} INFO - [2023-11-27T10:10:24.432+0000] {dagbag.py:539} INFO - Filling up the DagBag from /home/airflow/.local/lib/python3.8/site-packages/airflow/example_dags/example_trigger_controller_dag.py
[2023-11-27T10:10:24.436+0000] {processor.py:839} INFO - DAG(s) dict_keys(['example_trigger_controller_dag']) retrieved from /home/airflow/.local/lib/python3.8/site-packages/airflow/example_dags/example_trigger_controller_dag.py
[2023-11-27T10:10:24.456+0000] {logging_mixin.py:151} INFO - [2023-11-27T10:10:24.455+0000] {dag.py:2915} INFO - Sync 1 DAGs
[2023-11-27T10:10:24.476+0000] {logging_mixin.py:151} INFO - [2023-11-27T10:10:24.476+0000] {dag.py:3696} INFO - Setting next_dagrun for example_trigger_controller_dag to 2021-01-01T00:00:00+00:00, run_after=2021-01-01T00:00:00+00:00
[2023-11-27T10:10:24.489+0000] {processor.py:179} INFO - Processing /home/airflow/.local/lib/python3.8/site-packages/airflow/example_dags/example_trigger_controller_dag.py took 0.063 seconds
[2023-11-27T10:10:54.907+0000] {processor.py:157} INFO - Started process (PID=220) to work on /home/airflow/.local/lib/python3.8/site-packages/airflow/example_dags/example_trigger_controller_dag.py
[2023-11-27T10:10:54.908+0000] {processor.py:829} INFO - Processing file /home/airflow/.local/lib/python3.8/site-packages/airflow/example_dags/example_trigger_controller_dag.py for tasks to queue
[2023-11-27T10:10:54.910+0000] {logging_mixin.py:151} INFO - [2023-11-27T10:10:54.909+0000] {dagbag.py:539} INFO - Filling up the DagBag from /home/airflow/.local/lib/python3.8/site-packages/airflow/example_dags/example_trigger_controller_dag.py
[2023-11-27T10:10:54.913+0000] {processor.py:839} INFO - DAG(s) dict_keys(['example_trigger_controller_dag']) retrieved from /home/airflow/.local/lib/python3.8/site-packages/airflow/example_dags/example_trigger_controller_dag.py
[2023-11-27T10:10:54.925+0000] {logging_mixin.py:151} INFO - [2023-11-27T10:10:54.925+0000] {dag.py:2915} INFO - Sync 1 DAGs
[2023-11-27T10:10:54.937+0000] {logging_mixin.py:151} INFO - [2023-11-27T10:10:54.937+0000] {dag.py:3696} INFO - Setting next_dagrun for example_trigger_controller_dag to 2021-01-01T00:00:00+00:00, run_after=2021-01-01T00:00:00+00:00
[2023-11-27T10:10:54.947+0000] {processor.py:179} INFO - Processing /home/airflow/.local/lib/python3.8/site-packages/airflow/example_dags/example_trigger_controller_dag.py took 0.042 seconds
[2023-11-27T10:11:25.280+0000] {processor.py:157} INFO - Started process (PID=274) to work on /home/airflow/.local/lib/python3.8/site-packages/airflow/example_dags/example_trigger_controller_dag.py
[2023-11-27T10:11:25.281+0000] {processor.py:829} INFO - Processing file /home/airflow/.local/lib/python3.8/site-packages/airflow/example_dags/example_trigger_controller_dag.py for tasks to queue
[2023-11-27T10:11:25.283+0000] {logging_mixin.py:151} INFO - [2023-11-27T10:11:25.283+0000] {dagbag.py:539} INFO - Filling up the DagBag from /home/airflow/.local/lib/python3.8/site-packages/airflow/example_dags/example_trigger_controller_dag.py
[2023-11-27T10:11:25.286+0000] {processor.py:839} INFO - DAG(s) dict_keys(['example_trigger_controller_dag']) retrieved from /home/airflow/.local/lib/python3.8/site-packages/airflow/example_dags/example_trigger_controller_dag.py
[2023-11-27T10:11:25.300+0000] {logging_mixin.py:151} INFO - [2023-11-27T10:11:25.300+0000] {dag.py:2915} INFO - Sync 1 DAGs
[2023-11-27T10:11:25.312+0000] {logging_mixin.py:151} INFO - [2023-11-27T10:11:25.312+0000] {dag.py:3696} INFO - Setting next_dagrun for example_trigger_controller_dag to 2021-01-01T00:00:00+00:00, run_after=2021-01-01T00:00:00+00:00
[2023-11-27T10:11:25.323+0000] {processor.py:179} INFO - Processing /home/airflow/.local/lib/python3.8/site-packages/airflow/example_dags/example_trigger_controller_dag.py took 0.045 seconds
[2023-11-27T10:11:55.611+0000] {processor.py:157} INFO - Started process (PID=328) to work on /home/airflow/.local/lib/python3.8/site-packages/airflow/example_dags/example_trigger_controller_dag.py
[2023-11-27T10:11:55.612+0000] {processor.py:829} INFO - Processing file /home/airflow/.local/lib/python3.8/site-packages/airflow/example_dags/example_trigger_controller_dag.py for tasks to queue
[2023-11-27T10:11:55.614+0000] {logging_mixin.py:151} INFO - [2023-11-27T10:11:55.613+0000] {dagbag.py:539} INFO - Filling up the DagBag from /home/airflow/.local/lib/python3.8/site-packages/airflow/example_dags/example_trigger_controller_dag.py
[2023-11-27T10:11:55.617+0000] {processor.py:839} INFO - DAG(s) dict_keys(['example_trigger_controller_dag']) retrieved from /home/airflow/.local/lib/python3.8/site-packages/airflow/example_dags/example_trigger_controller_dag.py
[2023-11-27T10:11:55.629+0000] {logging_mixin.py:151} INFO - [2023-11-27T10:11:55.629+0000] {dag.py:2915} INFO - Sync 1 DAGs
[2023-11-27T10:11:55.640+0000] {logging_mixin.py:151} INFO - [2023-11-27T10:11:55.640+0000] {dag.py:3696} INFO - Setting next_dagrun for example_trigger_controller_dag to 2021-01-01T00:00:00+00:00, run_after=2021-01-01T00:00:00+00:00
[2023-11-27T10:11:55.649+0000] {processor.py:179} INFO - Processing /home/airflow/.local/lib/python3.8/site-packages/airflow/example_dags/example_trigger_controller_dag.py took 0.040 seconds
[2023-11-27T10:12:26.038+0000] {processor.py:157} INFO - Started process (PID=382) to work on /home/airflow/.local/lib/python3.8/site-packages/airflow/example_dags/example_trigger_controller_dag.py
[2023-11-27T10:12:26.039+0000] {processor.py:829} INFO - Processing file /home/airflow/.local/lib/python3.8/site-packages/airflow/example_dags/example_trigger_controller_dag.py for tasks to queue
[2023-11-27T10:12:26.040+0000] {logging_mixin.py:151} INFO - [2023-11-27T10:12:26.040+0000] {dagbag.py:539} INFO - Filling up the DagBag from /home/airflow/.local/lib/python3.8/site-packages/airflow/example_dags/example_trigger_controller_dag.py
[2023-11-27T10:12:26.043+0000] {processor.py:839} INFO - DAG(s) dict_keys(['example_trigger_controller_dag']) retrieved from /home/airflow/.local/lib/python3.8/site-packages/airflow/example_dags/example_trigger_controller_dag.py
[2023-11-27T10:12:26.056+0000] {logging_mixin.py:151} INFO - [2023-11-27T10:12:26.056+0000] {dag.py:2915} INFO - Sync 1 DAGs
[2023-11-27T10:12:26.068+0000] {logging_mixin.py:151} INFO - [2023-11-27T10:12:26.067+0000] {dag.py:3696} INFO - Setting next_dagrun for example_trigger_controller_dag to 2021-01-01T00:00:00+00:00, run_after=2021-01-01T00:00:00+00:00
[2023-11-27T10:12:26.076+0000] {processor.py:179} INFO - Processing /home/airflow/.local/lib/python3.8/site-packages/airflow/example_dags/example_trigger_controller_dag.py took 0.041 seconds
[2023-11-27T10:12:56.350+0000] {processor.py:157} INFO - Started process (PID=436) to work on /home/airflow/.local/lib/python3.8/site-packages/airflow/example_dags/example_trigger_controller_dag.py
[2023-11-27T10:12:56.351+0000] {processor.py:829} INFO - Processing file /home/airflow/.local/lib/python3.8/site-packages/airflow/example_dags/example_trigger_controller_dag.py for tasks to queue
[2023-11-27T10:12:56.353+0000] {logging_mixin.py:151} INFO - [2023-11-27T10:12:56.353+0000] {dagbag.py:539} INFO - Filling up the DagBag from /home/airflow/.local/lib/python3.8/site-packages/airflow/example_dags/example_trigger_controller_dag.py
[2023-11-27T10:12:56.356+0000] {processor.py:839} INFO - DAG(s) dict_keys(['example_trigger_controller_dag']) retrieved from /home/airflow/.local/lib/python3.8/site-packages/airflow/example_dags/example_trigger_controller_dag.py
[2023-11-27T10:12:56.369+0000] {logging_mixin.py:151} INFO - [2023-11-27T10:12:56.369+0000] {dag.py:2915} INFO - Sync 1 DAGs
[2023-11-27T10:12:56.380+0000] {logging_mixin.py:151} INFO - [2023-11-27T10:12:56.380+0000] {dag.py:3696} INFO - Setting next_dagrun for example_trigger_controller_dag to 2021-01-01T00:00:00+00:00, run_after=2021-01-01T00:00:00+00:00
[2023-11-27T10:12:56.390+0000] {processor.py:179} INFO - Processing /home/airflow/.local/lib/python3.8/site-packages/airflow/example_dags/example_trigger_controller_dag.py took 0.041 seconds
[2023-11-27T10:13:27.078+0000] {processor.py:157} INFO - Started process (PID=490) to work on /home/airflow/.local/lib/python3.8/site-packages/airflow/example_dags/example_trigger_controller_dag.py
[2023-11-27T10:13:27.079+0000] {processor.py:829} INFO - Processing file /home/airflow/.local/lib/python3.8/site-packages/airflow/example_dags/example_trigger_controller_dag.py for tasks to queue
[2023-11-27T10:13:27.081+0000] {logging_mixin.py:151} INFO - [2023-11-27T10:13:27.081+0000] {dagbag.py:539} INFO - Filling up the DagBag from /home/airflow/.local/lib/python3.8/site-packages/airflow/example_dags/example_trigger_controller_dag.py
[2023-11-27T10:13:27.084+0000] {processor.py:839} INFO - DAG(s) dict_keys(['example_trigger_controller_dag']) retrieved from /home/airflow/.local/lib/python3.8/site-packages/airflow/example_dags/example_trigger_controller_dag.py
[2023-11-27T10:13:27.095+0000] {logging_mixin.py:151} INFO - [2023-11-27T10:13:27.095+0000] {dag.py:2915} INFO - Sync 1 DAGs
[2023-11-27T10:13:27.108+0000] {logging_mixin.py:151} INFO - [2023-11-27T10:13:27.108+0000] {dag.py:3696} INFO - Setting next_dagrun for example_trigger_controller_dag to 2021-01-01T00:00:00+00:00, run_after=2021-01-01T00:00:00+00:00
[2023-11-27T10:13:27.117+0000] {processor.py:179} INFO - Processing /home/airflow/.local/lib/python3.8/site-packages/airflow/example_dags/example_trigger_controller_dag.py took 0.041 seconds
[2023-11-27T10:13:57.349+0000] {processor.py:157} INFO - Started process (PID=544) to work on /home/airflow/.local/lib/python3.8/site-packages/airflow/example_dags/example_trigger_controller_dag.py
[2023-11-27T10:13:57.350+0000] {processor.py:829} INFO - Processing file /home/airflow/.local/lib/python3.8/site-packages/airflow/example_dags/example_trigger_controller_dag.py for tasks to queue
[2023-11-27T10:13:57.352+0000] {logging_mixin.py:151} INFO - [2023-11-27T10:13:57.352+0000] {dagbag.py:539} INFO - Filling up the DagBag from /home/airflow/.local/lib/python3.8/site-packages/airflow/example_dags/example_trigger_controller_dag.py
[2023-11-27T10:13:57.355+0000] {processor.py:839} INFO - DAG(s) dict_keys(['example_trigger_controller_dag']) retrieved from /home/airflow/.local/lib/python3.8/site-packages/airflow/example_dags/example_trigger_controller_dag.py
[2023-11-27T10:13:57.367+0000] {logging_mixin.py:151} INFO - [2023-11-27T10:13:57.367+0000] {dag.py:2915} INFO - Sync 1 DAGs
[2023-11-27T10:13:57.380+0000] {logging_mixin.py:151} INFO - [2023-11-27T10:13:57.379+0000] {dag.py:3696} INFO - Setting next_dagrun for example_trigger_controller_dag to 2021-01-01T00:00:00+00:00, run_after=2021-01-01T00:00:00+00:00
[2023-11-27T10:13:57.389+0000] {processor.py:179} INFO - Processing /home/airflow/.local/lib/python3.8/site-packages/airflow/example_dags/example_trigger_controller_dag.py took 0.042 seconds
[2023-11-27T10:14:27.636+0000] {processor.py:157} INFO - Started process (PID=598) to work on /home/airflow/.local/lib/python3.8/site-packages/airflow/example_dags/example_trigger_controller_dag.py
[2023-11-27T10:14:27.637+0000] {processor.py:829} INFO - Processing file /home/airflow/.local/lib/python3.8/site-packages/airflow/example_dags/example_trigger_controller_dag.py for tasks to queue
[2023-11-27T10:14:27.640+0000] {logging_mixin.py:151} INFO - [2023-11-27T10:14:27.639+0000] {dagbag.py:539} INFO - Filling up the DagBag from /home/airflow/.local/lib/python3.8/site-packages/airflow/example_dags/example_trigger_controller_dag.py
[2023-11-27T10:14:27.644+0000] {processor.py:839} INFO - DAG(s) dict_keys(['example_trigger_controller_dag']) retrieved from /home/airflow/.local/lib/python3.8/site-packages/airflow/example_dags/example_trigger_controller_dag.py
[2023-11-27T10:14:27.661+0000] {logging_mixin.py:151} INFO - [2023-11-27T10:14:27.661+0000] {dag.py:2915} INFO - Sync 1 DAGs
[2023-11-27T10:14:27.674+0000] {logging_mixin.py:151} INFO - [2023-11-27T10:14:27.674+0000] {dag.py:3696} INFO - Setting next_dagrun for example_trigger_controller_dag to 2021-01-01T00:00:00+00:00, run_after=2021-01-01T00:00:00+00:00
[2023-11-27T10:14:27.686+0000] {processor.py:179} INFO - Processing /home/airflow/.local/lib/python3.8/site-packages/airflow/example_dags/example_trigger_controller_dag.py took 0.053 seconds
[2023-11-27T10:14:58.201+0000] {processor.py:157} INFO - Started process (PID=652) to work on /home/airflow/.local/lib/python3.8/site-packages/airflow/example_dags/example_trigger_controller_dag.py
[2023-11-27T10:14:58.202+0000] {processor.py:829} INFO - Processing file /home/airflow/.local/lib/python3.8/site-packages/airflow/example_dags/example_trigger_controller_dag.py for tasks to queue
[2023-11-27T10:14:58.204+0000] {logging_mixin.py:151} INFO - [2023-11-27T10:14:58.204+0000] {dagbag.py:539} INFO - Filling up the DagBag from /home/airflow/.local/lib/python3.8/site-packages/airflow/example_dags/example_trigger_controller_dag.py
[2023-11-27T10:14:58.208+0000] {processor.py:839} INFO - DAG(s) dict_keys(['example_trigger_controller_dag']) retrieved from /home/airflow/.local/lib/python3.8/site-packages/airflow/example_dags/example_trigger_controller_dag.py
[2023-11-27T10:14:58.224+0000] {logging_mixin.py:151} INFO - [2023-11-27T10:14:58.224+0000] {dag.py:2915} INFO - Sync 1 DAGs
[2023-11-27T10:14:58.239+0000] {logging_mixin.py:151} INFO - [2023-11-27T10:14:58.239+0000] {dag.py:3696} INFO - Setting next_dagrun for example_trigger_controller_dag to 2021-01-01T00:00:00+00:00, run_after=2021-01-01T00:00:00+00:00
[2023-11-27T10:14:58.251+0000] {processor.py:179} INFO - Processing /home/airflow/.local/lib/python3.8/site-packages/airflow/example_dags/example_trigger_controller_dag.py took 0.053 seconds
[2023-11-27T10:15:28.677+0000] {processor.py:157} INFO - Started process (PID=706) to work on /home/airflow/.local/lib/python3.8/site-packages/airflow/example_dags/example_trigger_controller_dag.py
[2023-11-27T10:15:28.678+0000] {processor.py:829} INFO - Processing file /home/airflow/.local/lib/python3.8/site-packages/airflow/example_dags/example_trigger_controller_dag.py for tasks to queue
[2023-11-27T10:15:28.680+0000] {logging_mixin.py:151} INFO - [2023-11-27T10:15:28.680+0000] {dagbag.py:539} INFO - Filling up the DagBag from /home/airflow/.local/lib/python3.8/site-packages/airflow/example_dags/example_trigger_controller_dag.py
[2023-11-27T10:15:28.683+0000] {processor.py:839} INFO - DAG(s) dict_keys(['example_trigger_controller_dag']) retrieved from /home/airflow/.local/lib/python3.8/site-packages/airflow/example_dags/example_trigger_controller_dag.py
[2023-11-27T10:15:28.695+0000] {logging_mixin.py:151} INFO - [2023-11-27T10:15:28.695+0000] {dag.py:2915} INFO - Sync 1 DAGs
[2023-11-27T10:15:28.707+0000] {logging_mixin.py:151} INFO - [2023-11-27T10:15:28.706+0000] {dag.py:3696} INFO - Setting next_dagrun for example_trigger_controller_dag to 2021-01-01T00:00:00+00:00, run_after=2021-01-01T00:00:00+00:00
[2023-11-27T10:15:28.715+0000] {processor.py:179} INFO - Processing /home/airflow/.local/lib/python3.8/site-packages/airflow/example_dags/example_trigger_controller_dag.py took 0.040 seconds
[2023-11-27T10:15:58.975+0000] {processor.py:157} INFO - Started process (PID=760) to work on /home/airflow/.local/lib/python3.8/site-packages/airflow/example_dags/example_trigger_controller_dag.py
[2023-11-27T10:15:58.977+0000] {processor.py:829} INFO - Processing file /home/airflow/.local/lib/python3.8/site-packages/airflow/example_dags/example_trigger_controller_dag.py for tasks to queue
[2023-11-27T10:15:58.980+0000] {logging_mixin.py:151} INFO - [2023-11-27T10:15:58.980+0000] {dagbag.py:539} INFO - Filling up the DagBag from /home/airflow/.local/lib/python3.8/site-packages/airflow/example_dags/example_trigger_controller_dag.py
[2023-11-27T10:15:58.984+0000] {processor.py:839} INFO - DAG(s) dict_keys(['example_trigger_controller_dag']) retrieved from /home/airflow/.local/lib/python3.8/site-packages/airflow/example_dags/example_trigger_controller_dag.py
[2023-11-27T10:15:59.000+0000] {logging_mixin.py:151} INFO - [2023-11-27T10:15:59.000+0000] {dag.py:2915} INFO - Sync 1 DAGs
[2023-11-27T10:15:59.015+0000] {logging_mixin.py:151} INFO - [2023-11-27T10:15:59.015+0000] {dag.py:3696} INFO - Setting next_dagrun for example_trigger_controller_dag to 2021-01-01T00:00:00+00:00, run_after=2021-01-01T00:00:00+00:00
[2023-11-27T10:15:59.024+0000] {processor.py:179} INFO - Processing /home/airflow/.local/lib/python3.8/site-packages/airflow/example_dags/example_trigger_controller_dag.py took 0.054 seconds
[2023-11-27T10:16:29.763+0000] {processor.py:157} INFO - Started process (PID=814) to work on /home/airflow/.local/lib/python3.8/site-packages/airflow/example_dags/example_trigger_controller_dag.py
[2023-11-27T10:16:29.764+0000] {processor.py:829} INFO - Processing file /home/airflow/.local/lib/python3.8/site-packages/airflow/example_dags/example_trigger_controller_dag.py for tasks to queue
[2023-11-27T10:16:29.765+0000] {logging_mixin.py:151} INFO - [2023-11-27T10:16:29.765+0000] {dagbag.py:539} INFO - Filling up the DagBag from /home/airflow/.local/lib/python3.8/site-packages/airflow/example_dags/example_trigger_controller_dag.py
[2023-11-27T10:16:29.769+0000] {processor.py:839} INFO - DAG(s) dict_keys(['example_trigger_controller_dag']) retrieved from /home/airflow/.local/lib/python3.8/site-packages/airflow/example_dags/example_trigger_controller_dag.py
[2023-11-27T10:16:29.781+0000] {logging_mixin.py:151} INFO - [2023-11-27T10:16:29.780+0000] {dag.py:2915} INFO - Sync 1 DAGs
[2023-11-27T10:16:29.792+0000] {logging_mixin.py:151} INFO - [2023-11-27T10:16:29.792+0000] {dag.py:3696} INFO - Setting next_dagrun for example_trigger_controller_dag to 2021-01-01T00:00:00+00:00, run_after=2021-01-01T00:00:00+00:00
[2023-11-27T10:16:29.802+0000] {processor.py:179} INFO - Processing /home/airflow/.local/lib/python3.8/site-packages/airflow/example_dags/example_trigger_controller_dag.py took 0.041 seconds
[2023-11-27T10:17:00.233+0000] {processor.py:157} INFO - Started process (PID=868) to work on /home/airflow/.local/lib/python3.8/site-packages/airflow/example_dags/example_trigger_controller_dag.py
[2023-11-27T10:17:00.234+0000] {processor.py:829} INFO - Processing file /home/airflow/.local/lib/python3.8/site-packages/airflow/example_dags/example_trigger_controller_dag.py for tasks to queue
[2023-11-27T10:17:00.236+0000] {logging_mixin.py:151} INFO - [2023-11-27T10:17:00.235+0000] {dagbag.py:539} INFO - Filling up the DagBag from /home/airflow/.local/lib/python3.8/site-packages/airflow/example_dags/example_trigger_controller_dag.py
[2023-11-27T10:17:00.239+0000] {processor.py:839} INFO - DAG(s) dict_keys(['example_trigger_controller_dag']) retrieved from /home/airflow/.local/lib/python3.8/site-packages/airflow/example_dags/example_trigger_controller_dag.py
[2023-11-27T10:17:00.251+0000] {logging_mixin.py:151} INFO - [2023-11-27T10:17:00.251+0000] {dag.py:2915} INFO - Sync 1 DAGs
[2023-11-27T10:17:00.262+0000] {logging_mixin.py:151} INFO - [2023-11-27T10:17:00.262+0000] {dag.py:3696} INFO - Setting next_dagrun for example_trigger_controller_dag to 2021-01-01T00:00:00+00:00, run_after=2021-01-01T00:00:00+00:00
[2023-11-27T10:17:00.271+0000] {processor.py:179} INFO - Processing /home/airflow/.local/lib/python3.8/site-packages/airflow/example_dags/example_trigger_controller_dag.py took 0.040 seconds
[2023-11-27T10:17:30.607+0000] {processor.py:157} INFO - Started process (PID=922) to work on /home/airflow/.local/lib/python3.8/site-packages/airflow/example_dags/example_trigger_controller_dag.py
[2023-11-27T10:17:30.609+0000] {processor.py:829} INFO - Processing file /home/airflow/.local/lib/python3.8/site-packages/airflow/example_dags/example_trigger_controller_dag.py for tasks to queue
[2023-11-27T10:17:30.610+0000] {logging_mixin.py:151} INFO - [2023-11-27T10:17:30.610+0000] {dagbag.py:539} INFO - Filling up the DagBag from /home/airflow/.local/lib/python3.8/site-packages/airflow/example_dags/example_trigger_controller_dag.py
[2023-11-27T10:17:30.613+0000] {processor.py:839} INFO - DAG(s) dict_keys(['example_trigger_controller_dag']) retrieved from /home/airflow/.local/lib/python3.8/site-packages/airflow/example_dags/example_trigger_controller_dag.py
[2023-11-27T10:17:30.627+0000] {logging_mixin.py:151} INFO - [2023-11-27T10:17:30.626+0000] {dag.py:2915} INFO - Sync 1 DAGs
[2023-11-27T10:17:30.638+0000] {logging_mixin.py:151} INFO - [2023-11-27T10:17:30.638+0000] {dag.py:3696} INFO - Setting next_dagrun for example_trigger_controller_dag to 2021-01-01T00:00:00+00:00, run_after=2021-01-01T00:00:00+00:00
[2023-11-27T10:17:30.649+0000] {processor.py:179} INFO - Processing /home/airflow/.local/lib/python3.8/site-packages/airflow/example_dags/example_trigger_controller_dag.py took 0.044 seconds
[2023-11-27T10:18:01.147+0000] {processor.py:157} INFO - Started process (PID=976) to work on /home/airflow/.local/lib/python3.8/site-packages/airflow/example_dags/example_trigger_controller_dag.py
[2023-11-27T10:18:01.148+0000] {processor.py:829} INFO - Processing file /home/airflow/.local/lib/python3.8/site-packages/airflow/example_dags/example_trigger_controller_dag.py for tasks to queue
[2023-11-27T10:18:01.150+0000] {logging_mixin.py:151} INFO - [2023-11-27T10:18:01.149+0000] {dagbag.py:539} INFO - Filling up the DagBag from /home/airflow/.local/lib/python3.8/site-packages/airflow/example_dags/example_trigger_controller_dag.py
[2023-11-27T10:18:01.153+0000] {processor.py:839} INFO - DAG(s) dict_keys(['example_trigger_controller_dag']) retrieved from /home/airflow/.local/lib/python3.8/site-packages/airflow/example_dags/example_trigger_controller_dag.py
[2023-11-27T10:18:01.165+0000] {logging_mixin.py:151} INFO - [2023-11-27T10:18:01.165+0000] {dag.py:2915} INFO - Sync 1 DAGs
[2023-11-27T10:18:01.176+0000] {logging_mixin.py:151} INFO - [2023-11-27T10:18:01.176+0000] {dag.py:3696} INFO - Setting next_dagrun for example_trigger_controller_dag to 2021-01-01T00:00:00+00:00, run_after=2021-01-01T00:00:00+00:00
[2023-11-27T10:18:01.185+0000] {processor.py:179} INFO - Processing /home/airflow/.local/lib/python3.8/site-packages/airflow/example_dags/example_trigger_controller_dag.py took 0.040 seconds
[2023-11-27T10:18:31.567+0000] {processor.py:157} INFO - Started process (PID=1030) to work on /home/airflow/.local/lib/python3.8/site-packages/airflow/example_dags/example_trigger_controller_dag.py
[2023-11-27T10:18:31.568+0000] {processor.py:829} INFO - Processing file /home/airflow/.local/lib/python3.8/site-packages/airflow/example_dags/example_trigger_controller_dag.py for tasks to queue
[2023-11-27T10:18:31.569+0000] {logging_mixin.py:151} INFO - [2023-11-27T10:18:31.569+0000] {dagbag.py:539} INFO - Filling up the DagBag from /home/airflow/.local/lib/python3.8/site-packages/airflow/example_dags/example_trigger_controller_dag.py
[2023-11-27T10:18:31.573+0000] {processor.py:839} INFO - DAG(s) dict_keys(['example_trigger_controller_dag']) retrieved from /home/airflow/.local/lib/python3.8/site-packages/airflow/example_dags/example_trigger_controller_dag.py
[2023-11-27T10:18:31.585+0000] {logging_mixin.py:151} INFO - [2023-11-27T10:18:31.585+0000] {dag.py:2915} INFO - Sync 1 DAGs
[2023-11-27T10:18:31.596+0000] {logging_mixin.py:151} INFO - [2023-11-27T10:18:31.596+0000] {dag.py:3696} INFO - Setting next_dagrun for example_trigger_controller_dag to 2021-01-01T00:00:00+00:00, run_after=2021-01-01T00:00:00+00:00
[2023-11-27T10:18:31.605+0000] {processor.py:179} INFO - Processing /home/airflow/.local/lib/python3.8/site-packages/airflow/example_dags/example_trigger_controller_dag.py took 0.041 seconds
[2023-11-27T10:19:02.489+0000] {processor.py:157} INFO - Started process (PID=1084) to work on /home/airflow/.local/lib/python3.8/site-packages/airflow/example_dags/example_trigger_controller_dag.py
[2023-11-27T10:19:02.490+0000] {processor.py:829} INFO - Processing file /home/airflow/.local/lib/python3.8/site-packages/airflow/example_dags/example_trigger_controller_dag.py for tasks to queue
[2023-11-27T10:19:02.492+0000] {logging_mixin.py:151} INFO - [2023-11-27T10:19:02.492+0000] {dagbag.py:539} INFO - Filling up the DagBag from /home/airflow/.local/lib/python3.8/site-packages/airflow/example_dags/example_trigger_controller_dag.py
[2023-11-27T10:19:02.495+0000] {processor.py:839} INFO - DAG(s) dict_keys(['example_trigger_controller_dag']) retrieved from /home/airflow/.local/lib/python3.8/site-packages/airflow/example_dags/example_trigger_controller_dag.py
[2023-11-27T10:19:02.508+0000] {logging_mixin.py:151} INFO - [2023-11-27T10:19:02.508+0000] {dag.py:2915} INFO - Sync 1 DAGs
[2023-11-27T10:19:02.519+0000] {logging_mixin.py:151} INFO - [2023-11-27T10:19:02.519+0000] {dag.py:3696} INFO - Setting next_dagrun for example_trigger_controller_dag to 2021-01-01T00:00:00+00:00, run_after=2021-01-01T00:00:00+00:00
[2023-11-27T10:19:02.528+0000] {processor.py:179} INFO - Processing /home/airflow/.local/lib/python3.8/site-packages/airflow/example_dags/example_trigger_controller_dag.py took 0.041 seconds
[2023-11-27T10:19:33.052+0000] {processor.py:157} INFO - Started process (PID=1138) to work on /home/airflow/.local/lib/python3.8/site-packages/airflow/example_dags/example_trigger_controller_dag.py
[2023-11-27T10:19:33.053+0000] {processor.py:829} INFO - Processing file /home/airflow/.local/lib/python3.8/site-packages/airflow/example_dags/example_trigger_controller_dag.py for tasks to queue
[2023-11-27T10:19:33.055+0000] {logging_mixin.py:151} INFO - [2023-11-27T10:19:33.055+0000] {dagbag.py:539} INFO - Filling up the DagBag from /home/airflow/.local/lib/python3.8/site-packages/airflow/example_dags/example_trigger_controller_dag.py
[2023-11-27T10:19:33.059+0000] {processor.py:839} INFO - DAG(s) dict_keys(['example_trigger_controller_dag']) retrieved from /home/airflow/.local/lib/python3.8/site-packages/airflow/example_dags/example_trigger_controller_dag.py
[2023-11-27T10:19:33.073+0000] {logging_mixin.py:151} INFO - [2023-11-27T10:19:33.072+0000] {dag.py:2915} INFO - Sync 1 DAGs
[2023-11-27T10:19:33.084+0000] {logging_mixin.py:151} INFO - [2023-11-27T10:19:33.084+0000] {dag.py:3696} INFO - Setting next_dagrun for example_trigger_controller_dag to 2021-01-01T00:00:00+00:00, run_after=2021-01-01T00:00:00+00:00
[2023-11-27T10:19:33.094+0000] {processor.py:179} INFO - Processing /home/airflow/.local/lib/python3.8/site-packages/airflow/example_dags/example_trigger_controller_dag.py took 0.045 seconds
[2023-11-27T10:20:03.603+0000] {processor.py:157} INFO - Started process (PID=1192) to work on /home/airflow/.local/lib/python3.8/site-packages/airflow/example_dags/example_trigger_controller_dag.py
[2023-11-27T10:20:03.604+0000] {processor.py:829} INFO - Processing file /home/airflow/.local/lib/python3.8/site-packages/airflow/example_dags/example_trigger_controller_dag.py for tasks to queue
[2023-11-27T10:20:03.606+0000] {logging_mixin.py:151} INFO - [2023-11-27T10:20:03.606+0000] {dagbag.py:539} INFO - Filling up the DagBag from /home/airflow/.local/lib/python3.8/site-packages/airflow/example_dags/example_trigger_controller_dag.py
[2023-11-27T10:20:03.609+0000] {processor.py:839} INFO - DAG(s) dict_keys(['example_trigger_controller_dag']) retrieved from /home/airflow/.local/lib/python3.8/site-packages/airflow/example_dags/example_trigger_controller_dag.py
[2023-11-27T10:20:03.621+0000] {logging_mixin.py:151} INFO - [2023-11-27T10:20:03.621+0000] {dag.py:2915} INFO - Sync 1 DAGs
[2023-11-27T10:20:03.633+0000] {logging_mixin.py:151} INFO - [2023-11-27T10:20:03.633+0000] {dag.py:3696} INFO - Setting next_dagrun for example_trigger_controller_dag to 2021-01-01T00:00:00+00:00, run_after=2021-01-01T00:00:00+00:00
[2023-11-27T10:20:03.642+0000] {processor.py:179} INFO - Processing /home/airflow/.local/lib/python3.8/site-packages/airflow/example_dags/example_trigger_controller_dag.py took 0.041 seconds
[2023-11-27T10:20:33.991+0000] {processor.py:157} INFO - Started process (PID=1246) to work on /home/airflow/.local/lib/python3.8/site-packages/airflow/example_dags/example_trigger_controller_dag.py
[2023-11-27T10:20:33.992+0000] {processor.py:829} INFO - Processing file /home/airflow/.local/lib/python3.8/site-packages/airflow/example_dags/example_trigger_controller_dag.py for tasks to queue
[2023-11-27T10:20:33.994+0000] {logging_mixin.py:151} INFO - [2023-11-27T10:20:33.993+0000] {dagbag.py:539} INFO - Filling up the DagBag from /home/airflow/.local/lib/python3.8/site-packages/airflow/example_dags/example_trigger_controller_dag.py
[2023-11-27T10:20:33.997+0000] {processor.py:839} INFO - DAG(s) dict_keys(['example_trigger_controller_dag']) retrieved from /home/airflow/.local/lib/python3.8/site-packages/airflow/example_dags/example_trigger_controller_dag.py
[2023-11-27T10:20:34.009+0000] {logging_mixin.py:151} INFO - [2023-11-27T10:20:34.009+0000] {dag.py:2915} INFO - Sync 1 DAGs
[2023-11-27T10:20:34.021+0000] {logging_mixin.py:151} INFO - [2023-11-27T10:20:34.021+0000] {dag.py:3696} INFO - Setting next_dagrun for example_trigger_controller_dag to 2021-01-01T00:00:00+00:00, run_after=2021-01-01T00:00:00+00:00
[2023-11-27T10:20:34.030+0000] {processor.py:179} INFO - Processing /home/airflow/.local/lib/python3.8/site-packages/airflow/example_dags/example_trigger_controller_dag.py took 0.041 seconds
[2023-11-27T10:21:04.304+0000] {processor.py:157} INFO - Started process (PID=1300) to work on /home/airflow/.local/lib/python3.8/site-packages/airflow/example_dags/example_trigger_controller_dag.py
[2023-11-27T10:21:04.305+0000] {processor.py:829} INFO - Processing file /home/airflow/.local/lib/python3.8/site-packages/airflow/example_dags/example_trigger_controller_dag.py for tasks to queue
[2023-11-27T10:21:04.307+0000] {logging_mixin.py:151} INFO - [2023-11-27T10:21:04.307+0000] {dagbag.py:539} INFO - Filling up the DagBag from /home/airflow/.local/lib/python3.8/site-packages/airflow/example_dags/example_trigger_controller_dag.py
[2023-11-27T10:21:04.310+0000] {processor.py:839} INFO - DAG(s) dict_keys(['example_trigger_controller_dag']) retrieved from /home/airflow/.local/lib/python3.8/site-packages/airflow/example_dags/example_trigger_controller_dag.py
[2023-11-27T10:21:04.322+0000] {logging_mixin.py:151} INFO - [2023-11-27T10:21:04.322+0000] {dag.py:2915} INFO - Sync 1 DAGs
[2023-11-27T10:21:04.333+0000] {logging_mixin.py:151} INFO - [2023-11-27T10:21:04.333+0000] {dag.py:3696} INFO - Setting next_dagrun for example_trigger_controller_dag to 2021-01-01T00:00:00+00:00, run_after=2021-01-01T00:00:00+00:00
[2023-11-27T10:21:04.343+0000] {processor.py:179} INFO - Processing /home/airflow/.local/lib/python3.8/site-packages/airflow/example_dags/example_trigger_controller_dag.py took 0.041 seconds
[2023-11-27T10:32:37.530+0000] {processor.py:157} INFO - Started process (PID=56) to work on /home/airflow/.local/lib/python3.8/site-packages/airflow/example_dags/example_trigger_controller_dag.py
[2023-11-27T10:32:37.532+0000] {processor.py:829} INFO - Processing file /home/airflow/.local/lib/python3.8/site-packages/airflow/example_dags/example_trigger_controller_dag.py for tasks to queue
[2023-11-27T10:32:37.534+0000] {logging_mixin.py:151} INFO - [2023-11-27T10:32:37.534+0000] {dagbag.py:539} INFO - Filling up the DagBag from /home/airflow/.local/lib/python3.8/site-packages/airflow/example_dags/example_trigger_controller_dag.py
[2023-11-27T10:32:37.544+0000] {processor.py:839} INFO - DAG(s) dict_keys(['example_trigger_controller_dag']) retrieved from /home/airflow/.local/lib/python3.8/site-packages/airflow/example_dags/example_trigger_controller_dag.py
[2023-11-27T10:32:37.580+0000] {logging_mixin.py:151} INFO - [2023-11-27T10:32:37.580+0000] {dag.py:2915} INFO - Sync 1 DAGs
[2023-11-27T10:32:37.598+0000] {logging_mixin.py:151} INFO - [2023-11-27T10:32:37.598+0000] {dag.py:3696} INFO - Setting next_dagrun for example_trigger_controller_dag to 2021-01-01T00:00:00+00:00, run_after=2021-01-01T00:00:00+00:00
[2023-11-27T10:32:37.614+0000] {processor.py:179} INFO - Processing /home/airflow/.local/lib/python3.8/site-packages/airflow/example_dags/example_trigger_controller_dag.py took 0.088 seconds
[2023-11-27T10:33:08.002+0000] {processor.py:157} INFO - Started process (PID=110) to work on /home/airflow/.local/lib/python3.8/site-packages/airflow/example_dags/example_trigger_controller_dag.py
[2023-11-27T10:33:08.003+0000] {processor.py:829} INFO - Processing file /home/airflow/.local/lib/python3.8/site-packages/airflow/example_dags/example_trigger_controller_dag.py for tasks to queue
[2023-11-27T10:33:08.005+0000] {logging_mixin.py:151} INFO - [2023-11-27T10:33:08.004+0000] {dagbag.py:539} INFO - Filling up the DagBag from /home/airflow/.local/lib/python3.8/site-packages/airflow/example_dags/example_trigger_controller_dag.py
[2023-11-27T10:33:08.010+0000] {processor.py:839} INFO - DAG(s) dict_keys(['example_trigger_controller_dag']) retrieved from /home/airflow/.local/lib/python3.8/site-packages/airflow/example_dags/example_trigger_controller_dag.py
[2023-11-27T10:33:08.029+0000] {logging_mixin.py:151} INFO - [2023-11-27T10:33:08.029+0000] {dag.py:2915} INFO - Sync 1 DAGs
[2023-11-27T10:33:08.046+0000] {logging_mixin.py:151} INFO - [2023-11-27T10:33:08.046+0000] {dag.py:3696} INFO - Setting next_dagrun for example_trigger_controller_dag to 2021-01-01T00:00:00+00:00, run_after=2021-01-01T00:00:00+00:00
[2023-11-27T10:33:08.057+0000] {processor.py:179} INFO - Processing /home/airflow/.local/lib/python3.8/site-packages/airflow/example_dags/example_trigger_controller_dag.py took 0.057 seconds
[2023-11-27T10:33:38.505+0000] {processor.py:157} INFO - Started process (PID=164) to work on /home/airflow/.local/lib/python3.8/site-packages/airflow/example_dags/example_trigger_controller_dag.py
[2023-11-27T10:33:38.506+0000] {processor.py:829} INFO - Processing file /home/airflow/.local/lib/python3.8/site-packages/airflow/example_dags/example_trigger_controller_dag.py for tasks to queue
[2023-11-27T10:33:38.507+0000] {logging_mixin.py:151} INFO - [2023-11-27T10:33:38.507+0000] {dagbag.py:539} INFO - Filling up the DagBag from /home/airflow/.local/lib/python3.8/site-packages/airflow/example_dags/example_trigger_controller_dag.py
[2023-11-27T10:33:38.510+0000] {processor.py:839} INFO - DAG(s) dict_keys(['example_trigger_controller_dag']) retrieved from /home/airflow/.local/lib/python3.8/site-packages/airflow/example_dags/example_trigger_controller_dag.py
[2023-11-27T10:33:38.523+0000] {logging_mixin.py:151} INFO - [2023-11-27T10:33:38.523+0000] {dag.py:2915} INFO - Sync 1 DAGs
[2023-11-27T10:33:38.542+0000] {logging_mixin.py:151} INFO - [2023-11-27T10:33:38.542+0000] {dag.py:3696} INFO - Setting next_dagrun for example_trigger_controller_dag to 2021-01-01T00:00:00+00:00, run_after=2021-01-01T00:00:00+00:00
[2023-11-27T10:33:38.552+0000] {processor.py:179} INFO - Processing /home/airflow/.local/lib/python3.8/site-packages/airflow/example_dags/example_trigger_controller_dag.py took 0.049 seconds
[2023-11-27T10:34:08.808+0000] {processor.py:157} INFO - Started process (PID=218) to work on /home/airflow/.local/lib/python3.8/site-packages/airflow/example_dags/example_trigger_controller_dag.py
[2023-11-27T10:34:08.809+0000] {processor.py:829} INFO - Processing file /home/airflow/.local/lib/python3.8/site-packages/airflow/example_dags/example_trigger_controller_dag.py for tasks to queue
[2023-11-27T10:34:08.810+0000] {logging_mixin.py:151} INFO - [2023-11-27T10:34:08.810+0000] {dagbag.py:539} INFO - Filling up the DagBag from /home/airflow/.local/lib/python3.8/site-packages/airflow/example_dags/example_trigger_controller_dag.py
[2023-11-27T10:34:08.813+0000] {processor.py:839} INFO - DAG(s) dict_keys(['example_trigger_controller_dag']) retrieved from /home/airflow/.local/lib/python3.8/site-packages/airflow/example_dags/example_trigger_controller_dag.py
[2023-11-27T10:34:08.825+0000] {logging_mixin.py:151} INFO - [2023-11-27T10:34:08.825+0000] {dag.py:2915} INFO - Sync 1 DAGs
[2023-11-27T10:34:08.836+0000] {logging_mixin.py:151} INFO - [2023-11-27T10:34:08.836+0000] {dag.py:3696} INFO - Setting next_dagrun for example_trigger_controller_dag to 2021-01-01T00:00:00+00:00, run_after=2021-01-01T00:00:00+00:00
[2023-11-27T10:34:08.845+0000] {processor.py:179} INFO - Processing /home/airflow/.local/lib/python3.8/site-packages/airflow/example_dags/example_trigger_controller_dag.py took 0.039 seconds
[2023-11-27T10:34:39.282+0000] {processor.py:157} INFO - Started process (PID=272) to work on /home/airflow/.local/lib/python3.8/site-packages/airflow/example_dags/example_trigger_controller_dag.py
[2023-11-27T10:34:39.284+0000] {processor.py:829} INFO - Processing file /home/airflow/.local/lib/python3.8/site-packages/airflow/example_dags/example_trigger_controller_dag.py for tasks to queue
[2023-11-27T10:34:39.285+0000] {logging_mixin.py:151} INFO - [2023-11-27T10:34:39.285+0000] {dagbag.py:539} INFO - Filling up the DagBag from /home/airflow/.local/lib/python3.8/site-packages/airflow/example_dags/example_trigger_controller_dag.py
[2023-11-27T10:34:39.290+0000] {processor.py:839} INFO - DAG(s) dict_keys(['example_trigger_controller_dag']) retrieved from /home/airflow/.local/lib/python3.8/site-packages/airflow/example_dags/example_trigger_controller_dag.py
[2023-11-27T10:34:39.310+0000] {logging_mixin.py:151} INFO - [2023-11-27T10:34:39.310+0000] {dag.py:2915} INFO - Sync 1 DAGs
[2023-11-27T10:34:39.337+0000] {logging_mixin.py:151} INFO - [2023-11-27T10:34:39.336+0000] {dag.py:3696} INFO - Setting next_dagrun for example_trigger_controller_dag to 2021-01-01T00:00:00+00:00, run_after=2021-01-01T00:00:00+00:00
[2023-11-27T10:34:39.349+0000] {processor.py:179} INFO - Processing /home/airflow/.local/lib/python3.8/site-packages/airflow/example_dags/example_trigger_controller_dag.py took 0.069 seconds
[2023-11-27T10:35:09.726+0000] {processor.py:157} INFO - Started process (PID=326) to work on /home/airflow/.local/lib/python3.8/site-packages/airflow/example_dags/example_trigger_controller_dag.py
[2023-11-27T10:35:09.727+0000] {processor.py:829} INFO - Processing file /home/airflow/.local/lib/python3.8/site-packages/airflow/example_dags/example_trigger_controller_dag.py for tasks to queue
[2023-11-27T10:35:09.728+0000] {logging_mixin.py:151} INFO - [2023-11-27T10:35:09.728+0000] {dagbag.py:539} INFO - Filling up the DagBag from /home/airflow/.local/lib/python3.8/site-packages/airflow/example_dags/example_trigger_controller_dag.py
[2023-11-27T10:35:09.732+0000] {processor.py:839} INFO - DAG(s) dict_keys(['example_trigger_controller_dag']) retrieved from /home/airflow/.local/lib/python3.8/site-packages/airflow/example_dags/example_trigger_controller_dag.py
[2023-11-27T10:35:09.747+0000] {logging_mixin.py:151} INFO - [2023-11-27T10:35:09.747+0000] {dag.py:2915} INFO - Sync 1 DAGs
[2023-11-27T10:35:09.759+0000] {logging_mixin.py:151} INFO - [2023-11-27T10:35:09.759+0000] {dag.py:3696} INFO - Setting next_dagrun for example_trigger_controller_dag to 2021-01-01T00:00:00+00:00, run_after=2021-01-01T00:00:00+00:00
[2023-11-27T10:35:09.769+0000] {processor.py:179} INFO - Processing /home/airflow/.local/lib/python3.8/site-packages/airflow/example_dags/example_trigger_controller_dag.py took 0.045 seconds
[2023-11-27T10:35:40.085+0000] {processor.py:157} INFO - Started process (PID=380) to work on /home/airflow/.local/lib/python3.8/site-packages/airflow/example_dags/example_trigger_controller_dag.py
[2023-11-27T10:35:40.086+0000] {processor.py:829} INFO - Processing file /home/airflow/.local/lib/python3.8/site-packages/airflow/example_dags/example_trigger_controller_dag.py for tasks to queue
[2023-11-27T10:35:40.087+0000] {logging_mixin.py:151} INFO - [2023-11-27T10:35:40.087+0000] {dagbag.py:539} INFO - Filling up the DagBag from /home/airflow/.local/lib/python3.8/site-packages/airflow/example_dags/example_trigger_controller_dag.py
[2023-11-27T10:35:40.090+0000] {processor.py:839} INFO - DAG(s) dict_keys(['example_trigger_controller_dag']) retrieved from /home/airflow/.local/lib/python3.8/site-packages/airflow/example_dags/example_trigger_controller_dag.py
[2023-11-27T10:35:40.103+0000] {logging_mixin.py:151} INFO - [2023-11-27T10:35:40.103+0000] {dag.py:2915} INFO - Sync 1 DAGs
[2023-11-27T10:35:40.115+0000] {logging_mixin.py:151} INFO - [2023-11-27T10:35:40.115+0000] {dag.py:3696} INFO - Setting next_dagrun for example_trigger_controller_dag to 2021-01-01T00:00:00+00:00, run_after=2021-01-01T00:00:00+00:00
[2023-11-27T10:35:40.125+0000] {processor.py:179} INFO - Processing /home/airflow/.local/lib/python3.8/site-packages/airflow/example_dags/example_trigger_controller_dag.py took 0.042 seconds
[2023-11-27T10:36:10.178+0000] {processor.py:157} INFO - Started process (PID=433) to work on /home/airflow/.local/lib/python3.8/site-packages/airflow/example_dags/example_trigger_controller_dag.py
[2023-11-27T10:36:10.179+0000] {processor.py:829} INFO - Processing file /home/airflow/.local/lib/python3.8/site-packages/airflow/example_dags/example_trigger_controller_dag.py for tasks to queue
[2023-11-27T10:36:10.183+0000] {logging_mixin.py:151} INFO - [2023-11-27T10:36:10.183+0000] {dagbag.py:539} INFO - Filling up the DagBag from /home/airflow/.local/lib/python3.8/site-packages/airflow/example_dags/example_trigger_controller_dag.py
[2023-11-27T10:36:10.189+0000] {processor.py:839} INFO - DAG(s) dict_keys(['example_trigger_controller_dag']) retrieved from /home/airflow/.local/lib/python3.8/site-packages/airflow/example_dags/example_trigger_controller_dag.py
[2023-11-27T10:36:10.205+0000] {logging_mixin.py:151} INFO - [2023-11-27T10:36:10.205+0000] {dag.py:2915} INFO - Sync 1 DAGs
[2023-11-27T10:36:10.216+0000] {logging_mixin.py:151} INFO - [2023-11-27T10:36:10.216+0000] {dag.py:3696} INFO - Setting next_dagrun for example_trigger_controller_dag to 2021-01-01T00:00:00+00:00, run_after=2021-01-01T00:00:00+00:00
[2023-11-27T10:36:10.225+0000] {processor.py:179} INFO - Processing /home/airflow/.local/lib/python3.8/site-packages/airflow/example_dags/example_trigger_controller_dag.py took 0.053 seconds
[2023-11-27T10:36:40.460+0000] {processor.py:157} INFO - Started process (PID=487) to work on /home/airflow/.local/lib/python3.8/site-packages/airflow/example_dags/example_trigger_controller_dag.py
[2023-11-27T10:36:40.462+0000] {processor.py:829} INFO - Processing file /home/airflow/.local/lib/python3.8/site-packages/airflow/example_dags/example_trigger_controller_dag.py for tasks to queue
[2023-11-27T10:36:40.464+0000] {logging_mixin.py:151} INFO - [2023-11-27T10:36:40.464+0000] {dagbag.py:539} INFO - Filling up the DagBag from /home/airflow/.local/lib/python3.8/site-packages/airflow/example_dags/example_trigger_controller_dag.py
[2023-11-27T10:36:40.469+0000] {processor.py:839} INFO - DAG(s) dict_keys(['example_trigger_controller_dag']) retrieved from /home/airflow/.local/lib/python3.8/site-packages/airflow/example_dags/example_trigger_controller_dag.py
[2023-11-27T10:36:40.486+0000] {logging_mixin.py:151} INFO - [2023-11-27T10:36:40.486+0000] {dag.py:2915} INFO - Sync 1 DAGs
[2023-11-27T10:36:40.498+0000] {logging_mixin.py:151} INFO - [2023-11-27T10:36:40.498+0000] {dag.py:3696} INFO - Setting next_dagrun for example_trigger_controller_dag to 2021-01-01T00:00:00+00:00, run_after=2021-01-01T00:00:00+00:00
[2023-11-27T10:36:40.508+0000] {processor.py:179} INFO - Processing /home/airflow/.local/lib/python3.8/site-packages/airflow/example_dags/example_trigger_controller_dag.py took 0.052 seconds
[2023-11-27T10:37:11.392+0000] {processor.py:157} INFO - Started process (PID=542) to work on /home/airflow/.local/lib/python3.8/site-packages/airflow/example_dags/example_trigger_controller_dag.py
[2023-11-27T10:37:11.393+0000] {processor.py:829} INFO - Processing file /home/airflow/.local/lib/python3.8/site-packages/airflow/example_dags/example_trigger_controller_dag.py for tasks to queue
[2023-11-27T10:37:11.394+0000] {logging_mixin.py:151} INFO - [2023-11-27T10:37:11.394+0000] {dagbag.py:539} INFO - Filling up the DagBag from /home/airflow/.local/lib/python3.8/site-packages/airflow/example_dags/example_trigger_controller_dag.py
[2023-11-27T10:37:11.398+0000] {processor.py:839} INFO - DAG(s) dict_keys(['example_trigger_controller_dag']) retrieved from /home/airflow/.local/lib/python3.8/site-packages/airflow/example_dags/example_trigger_controller_dag.py
[2023-11-27T10:37:11.411+0000] {logging_mixin.py:151} INFO - [2023-11-27T10:37:11.411+0000] {dag.py:2915} INFO - Sync 1 DAGs
[2023-11-27T10:37:11.426+0000] {logging_mixin.py:151} INFO - [2023-11-27T10:37:11.426+0000] {dag.py:3696} INFO - Setting next_dagrun for example_trigger_controller_dag to 2021-01-01T00:00:00+00:00, run_after=2021-01-01T00:00:00+00:00
[2023-11-27T10:37:11.437+0000] {processor.py:179} INFO - Processing /home/airflow/.local/lib/python3.8/site-packages/airflow/example_dags/example_trigger_controller_dag.py took 0.049 seconds
[2023-11-27T10:37:42.801+0000] {processor.py:157} INFO - Started process (PID=596) to work on /home/airflow/.local/lib/python3.8/site-packages/airflow/example_dags/example_trigger_controller_dag.py
[2023-11-27T10:37:42.804+0000] {processor.py:829} INFO - Processing file /home/airflow/.local/lib/python3.8/site-packages/airflow/example_dags/example_trigger_controller_dag.py for tasks to queue
[2023-11-27T10:37:42.811+0000] {logging_mixin.py:151} INFO - [2023-11-27T10:37:42.810+0000] {dagbag.py:539} INFO - Filling up the DagBag from /home/airflow/.local/lib/python3.8/site-packages/airflow/example_dags/example_trigger_controller_dag.py
[2023-11-27T10:37:42.820+0000] {processor.py:839} INFO - DAG(s) dict_keys(['example_trigger_controller_dag']) retrieved from /home/airflow/.local/lib/python3.8/site-packages/airflow/example_dags/example_trigger_controller_dag.py
[2023-11-27T10:37:42.906+0000] {logging_mixin.py:151} INFO - [2023-11-27T10:37:42.905+0000] {dag.py:2915} INFO - Sync 1 DAGs
[2023-11-27T10:37:43.009+0000] {logging_mixin.py:151} INFO - [2023-11-27T10:37:43.007+0000] {dag.py:3696} INFO - Setting next_dagrun for example_trigger_controller_dag to 2021-01-01T00:00:00+00:00, run_after=2021-01-01T00:00:00+00:00
[2023-11-27T10:37:43.072+0000] {processor.py:179} INFO - Processing /home/airflow/.local/lib/python3.8/site-packages/airflow/example_dags/example_trigger_controller_dag.py took 0.279 seconds
[2023-11-27T10:38:13.958+0000] {processor.py:157} INFO - Started process (PID=650) to work on /home/airflow/.local/lib/python3.8/site-packages/airflow/example_dags/example_trigger_controller_dag.py
[2023-11-27T10:38:13.959+0000] {processor.py:829} INFO - Processing file /home/airflow/.local/lib/python3.8/site-packages/airflow/example_dags/example_trigger_controller_dag.py for tasks to queue
[2023-11-27T10:38:13.961+0000] {logging_mixin.py:151} INFO - [2023-11-27T10:38:13.961+0000] {dagbag.py:539} INFO - Filling up the DagBag from /home/airflow/.local/lib/python3.8/site-packages/airflow/example_dags/example_trigger_controller_dag.py
[2023-11-27T10:38:13.965+0000] {processor.py:839} INFO - DAG(s) dict_keys(['example_trigger_controller_dag']) retrieved from /home/airflow/.local/lib/python3.8/site-packages/airflow/example_dags/example_trigger_controller_dag.py
[2023-11-27T10:38:13.987+0000] {logging_mixin.py:151} INFO - [2023-11-27T10:38:13.987+0000] {dag.py:2915} INFO - Sync 1 DAGs
[2023-11-27T10:38:14.003+0000] {logging_mixin.py:151} INFO - [2023-11-27T10:38:14.003+0000] {dag.py:3696} INFO - Setting next_dagrun for example_trigger_controller_dag to 2021-01-01T00:00:00+00:00, run_after=2021-01-01T00:00:00+00:00
[2023-11-27T10:38:14.013+0000] {processor.py:179} INFO - Processing /home/airflow/.local/lib/python3.8/site-packages/airflow/example_dags/example_trigger_controller_dag.py took 0.059 seconds
[2023-11-27T10:38:44.340+0000] {processor.py:157} INFO - Started process (PID=704) to work on /home/airflow/.local/lib/python3.8/site-packages/airflow/example_dags/example_trigger_controller_dag.py
[2023-11-27T10:38:44.341+0000] {processor.py:829} INFO - Processing file /home/airflow/.local/lib/python3.8/site-packages/airflow/example_dags/example_trigger_controller_dag.py for tasks to queue
[2023-11-27T10:38:44.344+0000] {logging_mixin.py:151} INFO - [2023-11-27T10:38:44.343+0000] {dagbag.py:539} INFO - Filling up the DagBag from /home/airflow/.local/lib/python3.8/site-packages/airflow/example_dags/example_trigger_controller_dag.py
[2023-11-27T10:38:44.347+0000] {processor.py:839} INFO - DAG(s) dict_keys(['example_trigger_controller_dag']) retrieved from /home/airflow/.local/lib/python3.8/site-packages/airflow/example_dags/example_trigger_controller_dag.py
[2023-11-27T10:38:44.363+0000] {logging_mixin.py:151} INFO - [2023-11-27T10:38:44.363+0000] {dag.py:2915} INFO - Sync 1 DAGs
[2023-11-27T10:38:44.377+0000] {logging_mixin.py:151} INFO - [2023-11-27T10:38:44.376+0000] {dag.py:3696} INFO - Setting next_dagrun for example_trigger_controller_dag to 2021-01-01T00:00:00+00:00, run_after=2021-01-01T00:00:00+00:00
[2023-11-27T10:38:44.388+0000] {processor.py:179} INFO - Processing /home/airflow/.local/lib/python3.8/site-packages/airflow/example_dags/example_trigger_controller_dag.py took 0.050 seconds
[2023-11-27T10:39:15.070+0000] {processor.py:157} INFO - Started process (PID=759) to work on /home/airflow/.local/lib/python3.8/site-packages/airflow/example_dags/example_trigger_controller_dag.py
[2023-11-27T10:39:15.072+0000] {processor.py:829} INFO - Processing file /home/airflow/.local/lib/python3.8/site-packages/airflow/example_dags/example_trigger_controller_dag.py for tasks to queue
[2023-11-27T10:39:15.074+0000] {logging_mixin.py:151} INFO - [2023-11-27T10:39:15.074+0000] {dagbag.py:539} INFO - Filling up the DagBag from /home/airflow/.local/lib/python3.8/site-packages/airflow/example_dags/example_trigger_controller_dag.py
[2023-11-27T10:39:15.079+0000] {processor.py:839} INFO - DAG(s) dict_keys(['example_trigger_controller_dag']) retrieved from /home/airflow/.local/lib/python3.8/site-packages/airflow/example_dags/example_trigger_controller_dag.py
[2023-11-27T10:39:15.098+0000] {logging_mixin.py:151} INFO - [2023-11-27T10:39:15.097+0000] {dag.py:2915} INFO - Sync 1 DAGs
[2023-11-27T10:39:15.112+0000] {logging_mixin.py:151} INFO - [2023-11-27T10:39:15.112+0000] {dag.py:3696} INFO - Setting next_dagrun for example_trigger_controller_dag to 2021-01-01T00:00:00+00:00, run_after=2021-01-01T00:00:00+00:00
[2023-11-27T10:39:15.122+0000] {processor.py:179} INFO - Processing /home/airflow/.local/lib/python3.8/site-packages/airflow/example_dags/example_trigger_controller_dag.py took 0.056 seconds
[2023-11-27T10:39:45.696+0000] {processor.py:157} INFO - Started process (PID=813) to work on /home/airflow/.local/lib/python3.8/site-packages/airflow/example_dags/example_trigger_controller_dag.py
[2023-11-27T10:39:45.697+0000] {processor.py:829} INFO - Processing file /home/airflow/.local/lib/python3.8/site-packages/airflow/example_dags/example_trigger_controller_dag.py for tasks to queue
[2023-11-27T10:39:45.699+0000] {logging_mixin.py:151} INFO - [2023-11-27T10:39:45.699+0000] {dagbag.py:539} INFO - Filling up the DagBag from /home/airflow/.local/lib/python3.8/site-packages/airflow/example_dags/example_trigger_controller_dag.py
[2023-11-27T10:39:45.703+0000] {processor.py:839} INFO - DAG(s) dict_keys(['example_trigger_controller_dag']) retrieved from /home/airflow/.local/lib/python3.8/site-packages/airflow/example_dags/example_trigger_controller_dag.py
[2023-11-27T10:39:45.719+0000] {logging_mixin.py:151} INFO - [2023-11-27T10:39:45.719+0000] {dag.py:2915} INFO - Sync 1 DAGs
[2023-11-27T10:39:45.732+0000] {logging_mixin.py:151} INFO - [2023-11-27T10:39:45.732+0000] {dag.py:3696} INFO - Setting next_dagrun for example_trigger_controller_dag to 2021-01-01T00:00:00+00:00, run_after=2021-01-01T00:00:00+00:00
[2023-11-27T10:39:45.742+0000] {processor.py:179} INFO - Processing /home/airflow/.local/lib/python3.8/site-packages/airflow/example_dags/example_trigger_controller_dag.py took 0.049 seconds
