[2023-12-05T00:42:51.639+0000] {processor.py:157} INFO - Started process (PID=58373) to work on /home/airflow/.local/lib/python3.8/site-packages/airflow/example_dags/example_subdag_operator.py
[2023-12-05T00:42:51.640+0000] {processor.py:829} INFO - Processing file /home/airflow/.local/lib/python3.8/site-packages/airflow/example_dags/example_subdag_operator.py for tasks to queue
[2023-12-05T00:42:51.641+0000] {logging_mixin.py:151} INFO - [2023-12-05T00:42:51.641+0000] {dagbag.py:539} INFO - Filling up the DagBag from /home/airflow/.local/lib/python3.8/site-packages/airflow/example_dags/example_subdag_operator.py
[2023-12-05T00:42:51.658+0000] {processor.py:839} INFO - DAG(s) dict_keys(['example_subdag_operator.section-1', 'example_subdag_operator.section-2', 'example_subdag_operator']) retrieved from /home/airflow/.local/lib/python3.8/site-packages/airflow/example_dags/example_subdag_operator.py
[2023-12-05T00:42:51.666+0000] {logging_mixin.py:151} INFO - [2023-12-05T00:42:51.666+0000] {dag.py:2915} INFO - Sync 3 DAGs
[2023-12-05T00:42:51.679+0000] {logging_mixin.py:151} INFO - [2023-12-05T00:42:51.679+0000] {dag.py:3696} INFO - Setting next_dagrun for example_subdag_operator to 2022-01-01T00:00:00+00:00, run_after=2022-01-01T00:00:00+00:00
[2023-12-05T00:42:51.682+0000] {logging_mixin.py:151} INFO - [2023-12-05T00:42:51.682+0000] {dag.py:3696} INFO - Setting next_dagrun for example_subdag_operator.section-1 to None, run_after=None
[2023-12-05T00:42:51.683+0000] {logging_mixin.py:151} INFO - [2023-12-05T00:42:51.683+0000] {dag.py:3696} INFO - Setting next_dagrun for example_subdag_operator.section-2 to None, run_after=None
[2023-12-05T00:42:51.690+0000] {logging_mixin.py:151} INFO - [2023-12-05T00:42:51.690+0000] {dag.py:2915} INFO - Sync 2 DAGs
[2023-12-05T00:42:51.693+0000] {logging_mixin.py:151} INFO - [2023-12-05T00:42:51.693+0000] {dag.py:3696} INFO - Setting next_dagrun for example_subdag_operator.section-1 to None, run_after=None
[2023-12-05T00:42:51.694+0000] {logging_mixin.py:151} INFO - [2023-12-05T00:42:51.694+0000] {dag.py:3696} INFO - Setting next_dagrun for example_subdag_operator.section-2 to None, run_after=None
[2023-12-05T00:42:51.699+0000] {processor.py:179} INFO - Processing /home/airflow/.local/lib/python3.8/site-packages/airflow/example_dags/example_subdag_operator.py took 0.063 seconds
[2023-12-05T01:15:41.818+0000] {processor.py:157} INFO - Started process (PID=58427) to work on /home/airflow/.local/lib/python3.8/site-packages/airflow/example_dags/example_subdag_operator.py
[2023-12-05T01:15:41.819+0000] {processor.py:829} INFO - Processing file /home/airflow/.local/lib/python3.8/site-packages/airflow/example_dags/example_subdag_operator.py for tasks to queue
[2023-12-05T01:15:41.820+0000] {logging_mixin.py:151} INFO - [2023-12-05T01:15:41.820+0000] {dagbag.py:539} INFO - Filling up the DagBag from /home/airflow/.local/lib/python3.8/site-packages/airflow/example_dags/example_subdag_operator.py
[2023-12-05T01:15:41.847+0000] {processor.py:839} INFO - DAG(s) dict_keys(['example_subdag_operator.section-1', 'example_subdag_operator.section-2', 'example_subdag_operator']) retrieved from /home/airflow/.local/lib/python3.8/site-packages/airflow/example_dags/example_subdag_operator.py
[2023-12-05T01:15:41.854+0000] {logging_mixin.py:151} INFO - [2023-12-05T01:15:41.854+0000] {dag.py:2915} INFO - Sync 3 DAGs
[2023-12-05T01:15:41.865+0000] {logging_mixin.py:151} INFO - [2023-12-05T01:15:41.865+0000] {dag.py:3696} INFO - Setting next_dagrun for example_subdag_operator to 2022-01-01T00:00:00+00:00, run_after=2022-01-01T00:00:00+00:00
[2023-12-05T01:15:41.867+0000] {logging_mixin.py:151} INFO - [2023-12-05T01:15:41.867+0000] {dag.py:3696} INFO - Setting next_dagrun for example_subdag_operator.section-1 to None, run_after=None
[2023-12-05T01:15:41.867+0000] {logging_mixin.py:151} INFO - [2023-12-05T01:15:41.867+0000] {dag.py:3696} INFO - Setting next_dagrun for example_subdag_operator.section-2 to None, run_after=None
[2023-12-05T01:15:41.871+0000] {logging_mixin.py:151} INFO - [2023-12-05T01:15:41.871+0000] {dag.py:2915} INFO - Sync 2 DAGs
[2023-12-05T01:15:41.873+0000] {logging_mixin.py:151} INFO - [2023-12-05T01:15:41.873+0000] {dag.py:3696} INFO - Setting next_dagrun for example_subdag_operator.section-1 to None, run_after=None
[2023-12-05T01:15:41.873+0000] {logging_mixin.py:151} INFO - [2023-12-05T01:15:41.873+0000] {dag.py:3696} INFO - Setting next_dagrun for example_subdag_operator.section-2 to None, run_after=None
[2023-12-05T01:15:41.878+0000] {processor.py:179} INFO - Processing /home/airflow/.local/lib/python3.8/site-packages/airflow/example_dags/example_subdag_operator.py took 0.062 seconds
[2023-12-05T01:37:01.636+0000] {processor.py:157} INFO - Started process (PID=58481) to work on /home/airflow/.local/lib/python3.8/site-packages/airflow/example_dags/example_subdag_operator.py
[2023-12-05T01:37:01.637+0000] {processor.py:829} INFO - Processing file /home/airflow/.local/lib/python3.8/site-packages/airflow/example_dags/example_subdag_operator.py for tasks to queue
[2023-12-05T01:37:01.639+0000] {logging_mixin.py:151} INFO - [2023-12-05T01:37:01.638+0000] {dagbag.py:539} INFO - Filling up the DagBag from /home/airflow/.local/lib/python3.8/site-packages/airflow/example_dags/example_subdag_operator.py
[2023-12-05T01:37:01.660+0000] {processor.py:839} INFO - DAG(s) dict_keys(['example_subdag_operator.section-1', 'example_subdag_operator.section-2', 'example_subdag_operator']) retrieved from /home/airflow/.local/lib/python3.8/site-packages/airflow/example_dags/example_subdag_operator.py
[2023-12-05T01:37:01.676+0000] {logging_mixin.py:151} INFO - [2023-12-05T01:37:01.676+0000] {dag.py:2915} INFO - Sync 3 DAGs
[2023-12-05T01:37:01.695+0000] {logging_mixin.py:151} INFO - [2023-12-05T01:37:01.695+0000] {dag.py:3696} INFO - Setting next_dagrun for example_subdag_operator to 2022-01-01T00:00:00+00:00, run_after=2022-01-01T00:00:00+00:00
[2023-12-05T01:37:01.699+0000] {logging_mixin.py:151} INFO - [2023-12-05T01:37:01.698+0000] {dag.py:3696} INFO - Setting next_dagrun for example_subdag_operator.section-1 to None, run_after=None
[2023-12-05T01:37:01.700+0000] {logging_mixin.py:151} INFO - [2023-12-05T01:37:01.700+0000] {dag.py:3696} INFO - Setting next_dagrun for example_subdag_operator.section-2 to None, run_after=None
[2023-12-05T01:37:01.708+0000] {logging_mixin.py:151} INFO - [2023-12-05T01:37:01.708+0000] {dag.py:2915} INFO - Sync 2 DAGs
[2023-12-05T01:37:01.714+0000] {logging_mixin.py:151} INFO - [2023-12-05T01:37:01.714+0000] {dag.py:3696} INFO - Setting next_dagrun for example_subdag_operator.section-1 to None, run_after=None
[2023-12-05T01:37:01.715+0000] {logging_mixin.py:151} INFO - [2023-12-05T01:37:01.715+0000] {dag.py:3696} INFO - Setting next_dagrun for example_subdag_operator.section-2 to None, run_after=None
[2023-12-05T01:37:01.729+0000] {processor.py:179} INFO - Processing /home/airflow/.local/lib/python3.8/site-packages/airflow/example_dags/example_subdag_operator.py took 0.095 seconds
[2023-12-05T02:26:52.858+0000] {processor.py:157} INFO - Started process (PID=58535) to work on /home/airflow/.local/lib/python3.8/site-packages/airflow/example_dags/example_subdag_operator.py
[2023-12-05T02:26:52.859+0000] {processor.py:829} INFO - Processing file /home/airflow/.local/lib/python3.8/site-packages/airflow/example_dags/example_subdag_operator.py for tasks to queue
[2023-12-05T02:26:52.860+0000] {logging_mixin.py:151} INFO - [2023-12-05T02:26:52.860+0000] {dagbag.py:539} INFO - Filling up the DagBag from /home/airflow/.local/lib/python3.8/site-packages/airflow/example_dags/example_subdag_operator.py
[2023-12-05T02:26:52.883+0000] {processor.py:839} INFO - DAG(s) dict_keys(['example_subdag_operator.section-1', 'example_subdag_operator.section-2', 'example_subdag_operator']) retrieved from /home/airflow/.local/lib/python3.8/site-packages/airflow/example_dags/example_subdag_operator.py
[2023-12-05T02:26:52.892+0000] {logging_mixin.py:151} INFO - [2023-12-05T02:26:52.892+0000] {dag.py:2915} INFO - Sync 3 DAGs
[2023-12-05T02:26:52.905+0000] {logging_mixin.py:151} INFO - [2023-12-05T02:26:52.905+0000] {dag.py:3696} INFO - Setting next_dagrun for example_subdag_operator to 2022-01-01T00:00:00+00:00, run_after=2022-01-01T00:00:00+00:00
[2023-12-05T02:26:52.907+0000] {logging_mixin.py:151} INFO - [2023-12-05T02:26:52.907+0000] {dag.py:3696} INFO - Setting next_dagrun for example_subdag_operator.section-1 to None, run_after=None
[2023-12-05T02:26:52.908+0000] {logging_mixin.py:151} INFO - [2023-12-05T02:26:52.908+0000] {dag.py:3696} INFO - Setting next_dagrun for example_subdag_operator.section-2 to None, run_after=None
[2023-12-05T02:26:52.912+0000] {logging_mixin.py:151} INFO - [2023-12-05T02:26:52.912+0000] {dag.py:2915} INFO - Sync 2 DAGs
[2023-12-05T02:26:52.914+0000] {logging_mixin.py:151} INFO - [2023-12-05T02:26:52.914+0000] {dag.py:3696} INFO - Setting next_dagrun for example_subdag_operator.section-1 to None, run_after=None
[2023-12-05T02:26:52.914+0000] {logging_mixin.py:151} INFO - [2023-12-05T02:26:52.914+0000] {dag.py:3696} INFO - Setting next_dagrun for example_subdag_operator.section-2 to None, run_after=None
[2023-12-05T02:26:52.919+0000] {processor.py:179} INFO - Processing /home/airflow/.local/lib/python3.8/site-packages/airflow/example_dags/example_subdag_operator.py took 0.064 seconds
[2023-12-05T03:26:09.589+0000] {processor.py:157} INFO - Started process (PID=58589) to work on /home/airflow/.local/lib/python3.8/site-packages/airflow/example_dags/example_subdag_operator.py
[2023-12-05T03:26:09.590+0000] {processor.py:829} INFO - Processing file /home/airflow/.local/lib/python3.8/site-packages/airflow/example_dags/example_subdag_operator.py for tasks to queue
[2023-12-05T03:26:09.591+0000] {logging_mixin.py:151} INFO - [2023-12-05T03:26:09.591+0000] {dagbag.py:539} INFO - Filling up the DagBag from /home/airflow/.local/lib/python3.8/site-packages/airflow/example_dags/example_subdag_operator.py
[2023-12-05T03:26:09.619+0000] {processor.py:839} INFO - DAG(s) dict_keys(['example_subdag_operator.section-1', 'example_subdag_operator.section-2', 'example_subdag_operator']) retrieved from /home/airflow/.local/lib/python3.8/site-packages/airflow/example_dags/example_subdag_operator.py
[2023-12-05T03:26:09.629+0000] {logging_mixin.py:151} INFO - [2023-12-05T03:26:09.629+0000] {dag.py:2915} INFO - Sync 3 DAGs
[2023-12-05T03:26:09.642+0000] {logging_mixin.py:151} INFO - [2023-12-05T03:26:09.642+0000] {dag.py:3696} INFO - Setting next_dagrun for example_subdag_operator to 2022-01-01T00:00:00+00:00, run_after=2022-01-01T00:00:00+00:00
[2023-12-05T03:26:09.644+0000] {logging_mixin.py:151} INFO - [2023-12-05T03:26:09.644+0000] {dag.py:3696} INFO - Setting next_dagrun for example_subdag_operator.section-1 to None, run_after=None
[2023-12-05T03:26:09.645+0000] {logging_mixin.py:151} INFO - [2023-12-05T03:26:09.645+0000] {dag.py:3696} INFO - Setting next_dagrun for example_subdag_operator.section-2 to None, run_after=None
[2023-12-05T03:26:09.648+0000] {logging_mixin.py:151} INFO - [2023-12-05T03:26:09.648+0000] {dag.py:2915} INFO - Sync 2 DAGs
[2023-12-05T03:26:09.651+0000] {logging_mixin.py:151} INFO - [2023-12-05T03:26:09.651+0000] {dag.py:3696} INFO - Setting next_dagrun for example_subdag_operator.section-1 to None, run_after=None
[2023-12-05T03:26:09.652+0000] {logging_mixin.py:151} INFO - [2023-12-05T03:26:09.652+0000] {dag.py:3696} INFO - Setting next_dagrun for example_subdag_operator.section-2 to None, run_after=None
[2023-12-05T03:26:09.659+0000] {processor.py:179} INFO - Processing /home/airflow/.local/lib/python3.8/site-packages/airflow/example_dags/example_subdag_operator.py took 0.072 seconds
[2023-12-05T03:59:17.497+0000] {processor.py:157} INFO - Started process (PID=58643) to work on /home/airflow/.local/lib/python3.8/site-packages/airflow/example_dags/example_subdag_operator.py
[2023-12-05T03:59:17.498+0000] {processor.py:829} INFO - Processing file /home/airflow/.local/lib/python3.8/site-packages/airflow/example_dags/example_subdag_operator.py for tasks to queue
[2023-12-05T03:59:17.500+0000] {logging_mixin.py:151} INFO - [2023-12-05T03:59:17.499+0000] {dagbag.py:539} INFO - Filling up the DagBag from /home/airflow/.local/lib/python3.8/site-packages/airflow/example_dags/example_subdag_operator.py
[2023-12-05T03:59:17.518+0000] {processor.py:839} INFO - DAG(s) dict_keys(['example_subdag_operator.section-1', 'example_subdag_operator.section-2', 'example_subdag_operator']) retrieved from /home/airflow/.local/lib/python3.8/site-packages/airflow/example_dags/example_subdag_operator.py
[2023-12-05T03:59:17.526+0000] {logging_mixin.py:151} INFO - [2023-12-05T03:59:17.526+0000] {dag.py:2915} INFO - Sync 3 DAGs
[2023-12-05T03:59:17.537+0000] {logging_mixin.py:151} INFO - [2023-12-05T03:59:17.537+0000] {dag.py:3696} INFO - Setting next_dagrun for example_subdag_operator to 2022-01-01T00:00:00+00:00, run_after=2022-01-01T00:00:00+00:00
[2023-12-05T03:59:17.539+0000] {logging_mixin.py:151} INFO - [2023-12-05T03:59:17.539+0000] {dag.py:3696} INFO - Setting next_dagrun for example_subdag_operator.section-1 to None, run_after=None
[2023-12-05T03:59:17.539+0000] {logging_mixin.py:151} INFO - [2023-12-05T03:59:17.539+0000] {dag.py:3696} INFO - Setting next_dagrun for example_subdag_operator.section-2 to None, run_after=None
[2023-12-05T03:59:17.542+0000] {logging_mixin.py:151} INFO - [2023-12-05T03:59:17.542+0000] {dag.py:2915} INFO - Sync 2 DAGs
[2023-12-05T03:59:17.545+0000] {logging_mixin.py:151} INFO - [2023-12-05T03:59:17.545+0000] {dag.py:3696} INFO - Setting next_dagrun for example_subdag_operator.section-1 to None, run_after=None
[2023-12-05T03:59:17.545+0000] {logging_mixin.py:151} INFO - [2023-12-05T03:59:17.545+0000] {dag.py:3696} INFO - Setting next_dagrun for example_subdag_operator.section-2 to None, run_after=None
[2023-12-05T03:59:17.550+0000] {processor.py:179} INFO - Processing /home/airflow/.local/lib/python3.8/site-packages/airflow/example_dags/example_subdag_operator.py took 0.055 seconds
[2023-12-05T04:55:33.813+0000] {processor.py:157} INFO - Started process (PID=58698) to work on /home/airflow/.local/lib/python3.8/site-packages/airflow/example_dags/example_subdag_operator.py
[2023-12-05T04:55:33.814+0000] {processor.py:829} INFO - Processing file /home/airflow/.local/lib/python3.8/site-packages/airflow/example_dags/example_subdag_operator.py for tasks to queue
[2023-12-05T04:55:33.815+0000] {logging_mixin.py:151} INFO - [2023-12-05T04:55:33.815+0000] {dagbag.py:539} INFO - Filling up the DagBag from /home/airflow/.local/lib/python3.8/site-packages/airflow/example_dags/example_subdag_operator.py
[2023-12-05T04:55:33.832+0000] {processor.py:839} INFO - DAG(s) dict_keys(['example_subdag_operator.section-1', 'example_subdag_operator.section-2', 'example_subdag_operator']) retrieved from /home/airflow/.local/lib/python3.8/site-packages/airflow/example_dags/example_subdag_operator.py
[2023-12-05T04:55:33.839+0000] {logging_mixin.py:151} INFO - [2023-12-05T04:55:33.839+0000] {dag.py:2915} INFO - Sync 3 DAGs
[2023-12-05T04:55:33.850+0000] {logging_mixin.py:151} INFO - [2023-12-05T04:55:33.849+0000] {dag.py:3696} INFO - Setting next_dagrun for example_subdag_operator to 2022-01-01T00:00:00+00:00, run_after=2022-01-01T00:00:00+00:00
[2023-12-05T04:55:33.851+0000] {logging_mixin.py:151} INFO - [2023-12-05T04:55:33.851+0000] {dag.py:3696} INFO - Setting next_dagrun for example_subdag_operator.section-1 to None, run_after=None
[2023-12-05T04:55:33.852+0000] {logging_mixin.py:151} INFO - [2023-12-05T04:55:33.852+0000] {dag.py:3696} INFO - Setting next_dagrun for example_subdag_operator.section-2 to None, run_after=None
[2023-12-05T04:55:33.855+0000] {logging_mixin.py:151} INFO - [2023-12-05T04:55:33.855+0000] {dag.py:2915} INFO - Sync 2 DAGs
[2023-12-05T04:55:33.857+0000] {logging_mixin.py:151} INFO - [2023-12-05T04:55:33.857+0000] {dag.py:3696} INFO - Setting next_dagrun for example_subdag_operator.section-1 to None, run_after=None
[2023-12-05T04:55:33.858+0000] {logging_mixin.py:151} INFO - [2023-12-05T04:55:33.858+0000] {dag.py:3696} INFO - Setting next_dagrun for example_subdag_operator.section-2 to None, run_after=None
[2023-12-05T04:55:33.863+0000] {processor.py:179} INFO - Processing /home/airflow/.local/lib/python3.8/site-packages/airflow/example_dags/example_subdag_operator.py took 0.052 seconds
[2023-12-05T06:01:03.144+0000] {processor.py:157} INFO - Started process (PID=58752) to work on /home/airflow/.local/lib/python3.8/site-packages/airflow/example_dags/example_subdag_operator.py
[2023-12-05T06:01:03.145+0000] {processor.py:829} INFO - Processing file /home/airflow/.local/lib/python3.8/site-packages/airflow/example_dags/example_subdag_operator.py for tasks to queue
[2023-12-05T06:01:03.147+0000] {logging_mixin.py:151} INFO - [2023-12-05T06:01:03.146+0000] {dagbag.py:539} INFO - Filling up the DagBag from /home/airflow/.local/lib/python3.8/site-packages/airflow/example_dags/example_subdag_operator.py
[2023-12-05T06:01:03.164+0000] {processor.py:839} INFO - DAG(s) dict_keys(['example_subdag_operator.section-1', 'example_subdag_operator.section-2', 'example_subdag_operator']) retrieved from /home/airflow/.local/lib/python3.8/site-packages/airflow/example_dags/example_subdag_operator.py
[2023-12-05T06:01:03.175+0000] {logging_mixin.py:151} INFO - [2023-12-05T06:01:03.175+0000] {dag.py:2915} INFO - Sync 3 DAGs
[2023-12-05T06:01:03.198+0000] {logging_mixin.py:151} INFO - [2023-12-05T06:01:03.197+0000] {dag.py:3696} INFO - Setting next_dagrun for example_subdag_operator to 2022-01-01T00:00:00+00:00, run_after=2022-01-01T00:00:00+00:00
[2023-12-05T06:01:03.204+0000] {logging_mixin.py:151} INFO - [2023-12-05T06:01:03.204+0000] {dag.py:3696} INFO - Setting next_dagrun for example_subdag_operator.section-1 to None, run_after=None
[2023-12-05T06:01:03.205+0000] {logging_mixin.py:151} INFO - [2023-12-05T06:01:03.205+0000] {dag.py:3696} INFO - Setting next_dagrun for example_subdag_operator.section-2 to None, run_after=None
[2023-12-05T06:01:03.213+0000] {logging_mixin.py:151} INFO - [2023-12-05T06:01:03.213+0000] {dag.py:2915} INFO - Sync 2 DAGs
[2023-12-05T06:01:03.217+0000] {logging_mixin.py:151} INFO - [2023-12-05T06:01:03.217+0000] {dag.py:3696} INFO - Setting next_dagrun for example_subdag_operator.section-1 to None, run_after=None
[2023-12-05T06:01:03.217+0000] {logging_mixin.py:151} INFO - [2023-12-05T06:01:03.217+0000] {dag.py:3696} INFO - Setting next_dagrun for example_subdag_operator.section-2 to None, run_after=None
[2023-12-05T06:01:03.224+0000] {processor.py:179} INFO - Processing /home/airflow/.local/lib/python3.8/site-packages/airflow/example_dags/example_subdag_operator.py took 0.082 seconds
[2023-12-05T07:19:27.597+0000] {processor.py:157} INFO - Started process (PID=58806) to work on /home/airflow/.local/lib/python3.8/site-packages/airflow/example_dags/example_subdag_operator.py
[2023-12-05T07:19:27.598+0000] {processor.py:829} INFO - Processing file /home/airflow/.local/lib/python3.8/site-packages/airflow/example_dags/example_subdag_operator.py for tasks to queue
[2023-12-05T07:19:27.602+0000] {logging_mixin.py:151} INFO - [2023-12-05T07:19:27.602+0000] {dagbag.py:539} INFO - Filling up the DagBag from /home/airflow/.local/lib/python3.8/site-packages/airflow/example_dags/example_subdag_operator.py
[2023-12-05T07:19:27.643+0000] {processor.py:839} INFO - DAG(s) dict_keys(['example_subdag_operator.section-1', 'example_subdag_operator.section-2', 'example_subdag_operator']) retrieved from /home/airflow/.local/lib/python3.8/site-packages/airflow/example_dags/example_subdag_operator.py
[2023-12-05T07:19:27.653+0000] {logging_mixin.py:151} INFO - [2023-12-05T07:19:27.653+0000] {dag.py:2915} INFO - Sync 3 DAGs
[2023-12-05T07:19:27.667+0000] {logging_mixin.py:151} INFO - [2023-12-05T07:19:27.667+0000] {dag.py:3696} INFO - Setting next_dagrun for example_subdag_operator to 2022-01-01T00:00:00+00:00, run_after=2022-01-01T00:00:00+00:00
[2023-12-05T07:19:27.669+0000] {logging_mixin.py:151} INFO - [2023-12-05T07:19:27.669+0000] {dag.py:3696} INFO - Setting next_dagrun for example_subdag_operator.section-1 to None, run_after=None
[2023-12-05T07:19:27.669+0000] {logging_mixin.py:151} INFO - [2023-12-05T07:19:27.669+0000] {dag.py:3696} INFO - Setting next_dagrun for example_subdag_operator.section-2 to None, run_after=None
[2023-12-05T07:19:27.673+0000] {logging_mixin.py:151} INFO - [2023-12-05T07:19:27.673+0000] {dag.py:2915} INFO - Sync 2 DAGs
[2023-12-05T07:19:27.676+0000] {logging_mixin.py:151} INFO - [2023-12-05T07:19:27.675+0000] {dag.py:3696} INFO - Setting next_dagrun for example_subdag_operator.section-1 to None, run_after=None
[2023-12-05T07:19:27.676+0000] {logging_mixin.py:151} INFO - [2023-12-05T07:19:27.676+0000] {dag.py:3696} INFO - Setting next_dagrun for example_subdag_operator.section-2 to None, run_after=None
[2023-12-05T07:19:27.681+0000] {processor.py:179} INFO - Processing /home/airflow/.local/lib/python3.8/site-packages/airflow/example_dags/example_subdag_operator.py took 0.088 seconds
[2023-12-05T08:25:29.004+0000] {processor.py:157} INFO - Started process (PID=58860) to work on /home/airflow/.local/lib/python3.8/site-packages/airflow/example_dags/example_subdag_operator.py
[2023-12-05T08:25:29.005+0000] {processor.py:829} INFO - Processing file /home/airflow/.local/lib/python3.8/site-packages/airflow/example_dags/example_subdag_operator.py for tasks to queue
[2023-12-05T08:25:29.006+0000] {logging_mixin.py:151} INFO - [2023-12-05T08:25:29.006+0000] {dagbag.py:539} INFO - Filling up the DagBag from /home/airflow/.local/lib/python3.8/site-packages/airflow/example_dags/example_subdag_operator.py
[2023-12-05T08:25:29.027+0000] {processor.py:839} INFO - DAG(s) dict_keys(['example_subdag_operator.section-1', 'example_subdag_operator.section-2', 'example_subdag_operator']) retrieved from /home/airflow/.local/lib/python3.8/site-packages/airflow/example_dags/example_subdag_operator.py
[2023-12-05T08:25:29.036+0000] {logging_mixin.py:151} INFO - [2023-12-05T08:25:29.036+0000] {dag.py:2915} INFO - Sync 3 DAGs
[2023-12-05T08:25:29.049+0000] {logging_mixin.py:151} INFO - [2023-12-05T08:25:29.049+0000] {dag.py:3696} INFO - Setting next_dagrun for example_subdag_operator to 2022-01-01T00:00:00+00:00, run_after=2022-01-01T00:00:00+00:00
[2023-12-05T08:25:29.051+0000] {logging_mixin.py:151} INFO - [2023-12-05T08:25:29.050+0000] {dag.py:3696} INFO - Setting next_dagrun for example_subdag_operator.section-1 to None, run_after=None
[2023-12-05T08:25:29.051+0000] {logging_mixin.py:151} INFO - [2023-12-05T08:25:29.051+0000] {dag.py:3696} INFO - Setting next_dagrun for example_subdag_operator.section-2 to None, run_after=None
[2023-12-05T08:25:29.055+0000] {logging_mixin.py:151} INFO - [2023-12-05T08:25:29.055+0000] {dag.py:2915} INFO - Sync 2 DAGs
[2023-12-05T08:25:29.058+0000] {logging_mixin.py:151} INFO - [2023-12-05T08:25:29.058+0000] {dag.py:3696} INFO - Setting next_dagrun for example_subdag_operator.section-1 to None, run_after=None
[2023-12-05T08:25:29.058+0000] {logging_mixin.py:151} INFO - [2023-12-05T08:25:29.058+0000] {dag.py:3696} INFO - Setting next_dagrun for example_subdag_operator.section-2 to None, run_after=None
[2023-12-05T08:25:29.063+0000] {processor.py:179} INFO - Processing /home/airflow/.local/lib/python3.8/site-packages/airflow/example_dags/example_subdag_operator.py took 0.063 seconds
[2023-12-05T08:31:43.880+0000] {processor.py:157} INFO - Started process (PID=58914) to work on /home/airflow/.local/lib/python3.8/site-packages/airflow/example_dags/example_subdag_operator.py
[2023-12-05T08:31:43.881+0000] {processor.py:829} INFO - Processing file /home/airflow/.local/lib/python3.8/site-packages/airflow/example_dags/example_subdag_operator.py for tasks to queue
[2023-12-05T08:31:43.883+0000] {logging_mixin.py:151} INFO - [2023-12-05T08:31:43.883+0000] {dagbag.py:539} INFO - Filling up the DagBag from /home/airflow/.local/lib/python3.8/site-packages/airflow/example_dags/example_subdag_operator.py
[2023-12-05T08:31:43.903+0000] {processor.py:839} INFO - DAG(s) dict_keys(['example_subdag_operator.section-1', 'example_subdag_operator.section-2', 'example_subdag_operator']) retrieved from /home/airflow/.local/lib/python3.8/site-packages/airflow/example_dags/example_subdag_operator.py
[2023-12-05T08:31:43.912+0000] {logging_mixin.py:151} INFO - [2023-12-05T08:31:43.912+0000] {dag.py:2915} INFO - Sync 3 DAGs
[2023-12-05T08:31:43.927+0000] {logging_mixin.py:151} INFO - [2023-12-05T08:31:43.927+0000] {dag.py:3696} INFO - Setting next_dagrun for example_subdag_operator to 2022-01-01T00:00:00+00:00, run_after=2022-01-01T00:00:00+00:00
[2023-12-05T08:31:43.930+0000] {logging_mixin.py:151} INFO - [2023-12-05T08:31:43.929+0000] {dag.py:3696} INFO - Setting next_dagrun for example_subdag_operator.section-1 to None, run_after=None
[2023-12-05T08:31:43.930+0000] {logging_mixin.py:151} INFO - [2023-12-05T08:31:43.930+0000] {dag.py:3696} INFO - Setting next_dagrun for example_subdag_operator.section-2 to None, run_after=None
[2023-12-05T08:31:43.934+0000] {logging_mixin.py:151} INFO - [2023-12-05T08:31:43.934+0000] {dag.py:2915} INFO - Sync 2 DAGs
[2023-12-05T08:31:43.936+0000] {logging_mixin.py:151} INFO - [2023-12-05T08:31:43.936+0000] {dag.py:3696} INFO - Setting next_dagrun for example_subdag_operator.section-1 to None, run_after=None
[2023-12-05T08:31:43.936+0000] {logging_mixin.py:151} INFO - [2023-12-05T08:31:43.936+0000] {dag.py:3696} INFO - Setting next_dagrun for example_subdag_operator.section-2 to None, run_after=None
[2023-12-05T08:31:43.944+0000] {processor.py:179} INFO - Processing /home/airflow/.local/lib/python3.8/site-packages/airflow/example_dags/example_subdag_operator.py took 0.066 seconds
[2023-12-05T08:32:16.747+0000] {processor.py:157} INFO - Started process (PID=58968) to work on /home/airflow/.local/lib/python3.8/site-packages/airflow/example_dags/example_subdag_operator.py
[2023-12-05T08:32:16.748+0000] {processor.py:829} INFO - Processing file /home/airflow/.local/lib/python3.8/site-packages/airflow/example_dags/example_subdag_operator.py for tasks to queue
[2023-12-05T08:32:16.750+0000] {logging_mixin.py:151} INFO - [2023-12-05T08:32:16.750+0000] {dagbag.py:539} INFO - Filling up the DagBag from /home/airflow/.local/lib/python3.8/site-packages/airflow/example_dags/example_subdag_operator.py
[2023-12-05T08:32:16.771+0000] {processor.py:839} INFO - DAG(s) dict_keys(['example_subdag_operator.section-1', 'example_subdag_operator.section-2', 'example_subdag_operator']) retrieved from /home/airflow/.local/lib/python3.8/site-packages/airflow/example_dags/example_subdag_operator.py
[2023-12-05T08:32:16.779+0000] {logging_mixin.py:151} INFO - [2023-12-05T08:32:16.779+0000] {dag.py:2915} INFO - Sync 3 DAGs
[2023-12-05T08:32:16.791+0000] {logging_mixin.py:151} INFO - [2023-12-05T08:32:16.791+0000] {dag.py:3696} INFO - Setting next_dagrun for example_subdag_operator to 2022-01-01T00:00:00+00:00, run_after=2022-01-01T00:00:00+00:00
[2023-12-05T08:32:16.792+0000] {logging_mixin.py:151} INFO - [2023-12-05T08:32:16.792+0000] {dag.py:3696} INFO - Setting next_dagrun for example_subdag_operator.section-1 to None, run_after=None
[2023-12-05T08:32:16.793+0000] {logging_mixin.py:151} INFO - [2023-12-05T08:32:16.793+0000] {dag.py:3696} INFO - Setting next_dagrun for example_subdag_operator.section-2 to None, run_after=None
[2023-12-05T08:32:16.797+0000] {logging_mixin.py:151} INFO - [2023-12-05T08:32:16.797+0000] {dag.py:2915} INFO - Sync 2 DAGs
[2023-12-05T08:32:16.799+0000] {logging_mixin.py:151} INFO - [2023-12-05T08:32:16.799+0000] {dag.py:3696} INFO - Setting next_dagrun for example_subdag_operator.section-1 to None, run_after=None
[2023-12-05T08:32:16.799+0000] {logging_mixin.py:151} INFO - [2023-12-05T08:32:16.799+0000] {dag.py:3696} INFO - Setting next_dagrun for example_subdag_operator.section-2 to None, run_after=None
[2023-12-05T08:32:16.804+0000] {processor.py:179} INFO - Processing /home/airflow/.local/lib/python3.8/site-packages/airflow/example_dags/example_subdag_operator.py took 0.059 seconds
[2023-12-05T08:34:02.118+0000] {processor.py:157} INFO - Started process (PID=59022) to work on /home/airflow/.local/lib/python3.8/site-packages/airflow/example_dags/example_subdag_operator.py
[2023-12-05T08:34:02.119+0000] {processor.py:829} INFO - Processing file /home/airflow/.local/lib/python3.8/site-packages/airflow/example_dags/example_subdag_operator.py for tasks to queue
[2023-12-05T08:34:02.120+0000] {logging_mixin.py:151} INFO - [2023-12-05T08:34:02.120+0000] {dagbag.py:539} INFO - Filling up the DagBag from /home/airflow/.local/lib/python3.8/site-packages/airflow/example_dags/example_subdag_operator.py
[2023-12-05T08:34:02.138+0000] {processor.py:839} INFO - DAG(s) dict_keys(['example_subdag_operator.section-1', 'example_subdag_operator.section-2', 'example_subdag_operator']) retrieved from /home/airflow/.local/lib/python3.8/site-packages/airflow/example_dags/example_subdag_operator.py
[2023-12-05T08:34:02.145+0000] {logging_mixin.py:151} INFO - [2023-12-05T08:34:02.145+0000] {dag.py:2915} INFO - Sync 3 DAGs
[2023-12-05T08:34:02.156+0000] {logging_mixin.py:151} INFO - [2023-12-05T08:34:02.156+0000] {dag.py:3696} INFO - Setting next_dagrun for example_subdag_operator to 2022-01-01T00:00:00+00:00, run_after=2022-01-01T00:00:00+00:00
[2023-12-05T08:34:02.157+0000] {logging_mixin.py:151} INFO - [2023-12-05T08:34:02.157+0000] {dag.py:3696} INFO - Setting next_dagrun for example_subdag_operator.section-1 to None, run_after=None
[2023-12-05T08:34:02.158+0000] {logging_mixin.py:151} INFO - [2023-12-05T08:34:02.158+0000] {dag.py:3696} INFO - Setting next_dagrun for example_subdag_operator.section-2 to None, run_after=None
[2023-12-05T08:34:02.162+0000] {logging_mixin.py:151} INFO - [2023-12-05T08:34:02.162+0000] {dag.py:2915} INFO - Sync 2 DAGs
[2023-12-05T08:34:02.165+0000] {logging_mixin.py:151} INFO - [2023-12-05T08:34:02.165+0000] {dag.py:3696} INFO - Setting next_dagrun for example_subdag_operator.section-1 to None, run_after=None
[2023-12-05T08:34:02.165+0000] {logging_mixin.py:151} INFO - [2023-12-05T08:34:02.165+0000] {dag.py:3696} INFO - Setting next_dagrun for example_subdag_operator.section-2 to None, run_after=None
[2023-12-05T08:34:02.170+0000] {processor.py:179} INFO - Processing /home/airflow/.local/lib/python3.8/site-packages/airflow/example_dags/example_subdag_operator.py took 0.055 seconds
[2023-12-05T08:55:45.403+0000] {processor.py:157} INFO - Started process (PID=59076) to work on /home/airflow/.local/lib/python3.8/site-packages/airflow/example_dags/example_subdag_operator.py
[2023-12-05T08:55:45.404+0000] {processor.py:829} INFO - Processing file /home/airflow/.local/lib/python3.8/site-packages/airflow/example_dags/example_subdag_operator.py for tasks to queue
[2023-12-05T08:55:45.405+0000] {logging_mixin.py:151} INFO - [2023-12-05T08:55:45.405+0000] {dagbag.py:539} INFO - Filling up the DagBag from /home/airflow/.local/lib/python3.8/site-packages/airflow/example_dags/example_subdag_operator.py
[2023-12-05T08:55:45.430+0000] {processor.py:839} INFO - DAG(s) dict_keys(['example_subdag_operator.section-1', 'example_subdag_operator.section-2', 'example_subdag_operator']) retrieved from /home/airflow/.local/lib/python3.8/site-packages/airflow/example_dags/example_subdag_operator.py
[2023-12-05T08:55:45.439+0000] {logging_mixin.py:151} INFO - [2023-12-05T08:55:45.439+0000] {dag.py:2915} INFO - Sync 3 DAGs
[2023-12-05T08:55:45.451+0000] {logging_mixin.py:151} INFO - [2023-12-05T08:55:45.451+0000] {dag.py:3696} INFO - Setting next_dagrun for example_subdag_operator to 2022-01-01T00:00:00+00:00, run_after=2022-01-01T00:00:00+00:00
[2023-12-05T08:55:45.453+0000] {logging_mixin.py:151} INFO - [2023-12-05T08:55:45.453+0000] {dag.py:3696} INFO - Setting next_dagrun for example_subdag_operator.section-1 to None, run_after=None
[2023-12-05T08:55:45.454+0000] {logging_mixin.py:151} INFO - [2023-12-05T08:55:45.453+0000] {dag.py:3696} INFO - Setting next_dagrun for example_subdag_operator.section-2 to None, run_after=None
[2023-12-05T08:55:45.457+0000] {logging_mixin.py:151} INFO - [2023-12-05T08:55:45.457+0000] {dag.py:2915} INFO - Sync 2 DAGs
[2023-12-05T08:55:45.460+0000] {logging_mixin.py:151} INFO - [2023-12-05T08:55:45.460+0000] {dag.py:3696} INFO - Setting next_dagrun for example_subdag_operator.section-1 to None, run_after=None
[2023-12-05T08:55:45.460+0000] {logging_mixin.py:151} INFO - [2023-12-05T08:55:45.460+0000] {dag.py:3696} INFO - Setting next_dagrun for example_subdag_operator.section-2 to None, run_after=None
[2023-12-05T08:55:45.466+0000] {processor.py:179} INFO - Processing /home/airflow/.local/lib/python3.8/site-packages/airflow/example_dags/example_subdag_operator.py took 0.065 seconds
[2023-12-05T10:11:03.576+0000] {processor.py:157} INFO - Started process (PID=59130) to work on /home/airflow/.local/lib/python3.8/site-packages/airflow/example_dags/example_subdag_operator.py
[2023-12-05T10:11:03.577+0000] {processor.py:829} INFO - Processing file /home/airflow/.local/lib/python3.8/site-packages/airflow/example_dags/example_subdag_operator.py for tasks to queue
[2023-12-05T10:11:03.579+0000] {logging_mixin.py:151} INFO - [2023-12-05T10:11:03.579+0000] {dagbag.py:539} INFO - Filling up the DagBag from /home/airflow/.local/lib/python3.8/site-packages/airflow/example_dags/example_subdag_operator.py
[2023-12-05T10:11:03.599+0000] {processor.py:839} INFO - DAG(s) dict_keys(['example_subdag_operator.section-1', 'example_subdag_operator.section-2', 'example_subdag_operator']) retrieved from /home/airflow/.local/lib/python3.8/site-packages/airflow/example_dags/example_subdag_operator.py
[2023-12-05T10:11:03.611+0000] {logging_mixin.py:151} INFO - [2023-12-05T10:11:03.611+0000] {dag.py:2915} INFO - Sync 3 DAGs
[2023-12-05T10:11:03.623+0000] {logging_mixin.py:151} INFO - [2023-12-05T10:11:03.623+0000] {dag.py:3696} INFO - Setting next_dagrun for example_subdag_operator to 2022-01-01T00:00:00+00:00, run_after=2022-01-01T00:00:00+00:00
[2023-12-05T10:11:03.624+0000] {logging_mixin.py:151} INFO - [2023-12-05T10:11:03.624+0000] {dag.py:3696} INFO - Setting next_dagrun for example_subdag_operator.section-1 to None, run_after=None
[2023-12-05T10:11:03.625+0000] {logging_mixin.py:151} INFO - [2023-12-05T10:11:03.625+0000] {dag.py:3696} INFO - Setting next_dagrun for example_subdag_operator.section-2 to None, run_after=None
[2023-12-05T10:11:03.629+0000] {logging_mixin.py:151} INFO - [2023-12-05T10:11:03.629+0000] {dag.py:2915} INFO - Sync 2 DAGs
[2023-12-05T10:11:03.633+0000] {logging_mixin.py:151} INFO - [2023-12-05T10:11:03.632+0000] {dag.py:3696} INFO - Setting next_dagrun for example_subdag_operator.section-1 to None, run_after=None
[2023-12-05T10:11:03.633+0000] {logging_mixin.py:151} INFO - [2023-12-05T10:11:03.633+0000] {dag.py:3696} INFO - Setting next_dagrun for example_subdag_operator.section-2 to None, run_after=None
[2023-12-05T10:11:03.638+0000] {processor.py:179} INFO - Processing /home/airflow/.local/lib/python3.8/site-packages/airflow/example_dags/example_subdag_operator.py took 0.065 seconds
[2023-12-05T10:30:49.020+0000] {processor.py:157} INFO - Started process (PID=59184) to work on /home/airflow/.local/lib/python3.8/site-packages/airflow/example_dags/example_subdag_operator.py
[2023-12-05T10:30:49.021+0000] {processor.py:829} INFO - Processing file /home/airflow/.local/lib/python3.8/site-packages/airflow/example_dags/example_subdag_operator.py for tasks to queue
[2023-12-05T10:30:49.022+0000] {logging_mixin.py:151} INFO - [2023-12-05T10:30:49.022+0000] {dagbag.py:539} INFO - Filling up the DagBag from /home/airflow/.local/lib/python3.8/site-packages/airflow/example_dags/example_subdag_operator.py
[2023-12-05T10:30:49.041+0000] {processor.py:839} INFO - DAG(s) dict_keys(['example_subdag_operator.section-1', 'example_subdag_operator.section-2', 'example_subdag_operator']) retrieved from /home/airflow/.local/lib/python3.8/site-packages/airflow/example_dags/example_subdag_operator.py
[2023-12-05T10:30:49.059+0000] {logging_mixin.py:151} INFO - [2023-12-05T10:30:49.059+0000] {dag.py:2915} INFO - Sync 3 DAGs
[2023-12-05T10:30:49.073+0000] {logging_mixin.py:151} INFO - [2023-12-05T10:30:49.072+0000] {dag.py:3696} INFO - Setting next_dagrun for example_subdag_operator to 2022-01-01T00:00:00+00:00, run_after=2022-01-01T00:00:00+00:00
[2023-12-05T10:30:49.074+0000] {logging_mixin.py:151} INFO - [2023-12-05T10:30:49.074+0000] {dag.py:3696} INFO - Setting next_dagrun for example_subdag_operator.section-1 to None, run_after=None
[2023-12-05T10:30:49.075+0000] {logging_mixin.py:151} INFO - [2023-12-05T10:30:49.075+0000] {dag.py:3696} INFO - Setting next_dagrun for example_subdag_operator.section-2 to None, run_after=None
[2023-12-05T10:30:49.079+0000] {logging_mixin.py:151} INFO - [2023-12-05T10:30:49.079+0000] {dag.py:2915} INFO - Sync 2 DAGs
[2023-12-05T10:30:49.081+0000] {logging_mixin.py:151} INFO - [2023-12-05T10:30:49.081+0000] {dag.py:3696} INFO - Setting next_dagrun for example_subdag_operator.section-1 to None, run_after=None
[2023-12-05T10:30:49.081+0000] {logging_mixin.py:151} INFO - [2023-12-05T10:30:49.081+0000] {dag.py:3696} INFO - Setting next_dagrun for example_subdag_operator.section-2 to None, run_after=None
[2023-12-05T10:30:49.086+0000] {processor.py:179} INFO - Processing /home/airflow/.local/lib/python3.8/site-packages/airflow/example_dags/example_subdag_operator.py took 0.069 seconds
[2023-12-05T11:07:00.766+0000] {processor.py:157} INFO - Started process (PID=59238) to work on /home/airflow/.local/lib/python3.8/site-packages/airflow/example_dags/example_subdag_operator.py
[2023-12-05T11:07:00.768+0000] {processor.py:829} INFO - Processing file /home/airflow/.local/lib/python3.8/site-packages/airflow/example_dags/example_subdag_operator.py for tasks to queue
[2023-12-05T11:07:00.774+0000] {logging_mixin.py:151} INFO - [2023-12-05T11:07:00.773+0000] {dagbag.py:539} INFO - Filling up the DagBag from /home/airflow/.local/lib/python3.8/site-packages/airflow/example_dags/example_subdag_operator.py
[2023-12-05T11:07:00.826+0000] {processor.py:839} INFO - DAG(s) dict_keys(['example_subdag_operator.section-1', 'example_subdag_operator.section-2', 'example_subdag_operator']) retrieved from /home/airflow/.local/lib/python3.8/site-packages/airflow/example_dags/example_subdag_operator.py
[2023-12-05T11:07:00.854+0000] {logging_mixin.py:151} INFO - [2023-12-05T11:07:00.853+0000] {dag.py:2915} INFO - Sync 3 DAGs
[2023-12-05T11:07:00.881+0000] {logging_mixin.py:151} INFO - [2023-12-05T11:07:00.881+0000] {dag.py:3696} INFO - Setting next_dagrun for example_subdag_operator to 2022-01-01T00:00:00+00:00, run_after=2022-01-01T00:00:00+00:00
[2023-12-05T11:07:00.885+0000] {logging_mixin.py:151} INFO - [2023-12-05T11:07:00.885+0000] {dag.py:3696} INFO - Setting next_dagrun for example_subdag_operator.section-1 to None, run_after=None
[2023-12-05T11:07:00.890+0000] {logging_mixin.py:151} INFO - [2023-12-05T11:07:00.890+0000] {dag.py:3696} INFO - Setting next_dagrun for example_subdag_operator.section-2 to None, run_after=None
[2023-12-05T11:07:00.908+0000] {logging_mixin.py:151} INFO - [2023-12-05T11:07:00.907+0000] {dag.py:2915} INFO - Sync 2 DAGs
[2023-12-05T11:07:00.912+0000] {logging_mixin.py:151} INFO - [2023-12-05T11:07:00.911+0000] {dag.py:3696} INFO - Setting next_dagrun for example_subdag_operator.section-1 to None, run_after=None
[2023-12-05T11:07:00.912+0000] {logging_mixin.py:151} INFO - [2023-12-05T11:07:00.912+0000] {dag.py:3696} INFO - Setting next_dagrun for example_subdag_operator.section-2 to None, run_after=None
[2023-12-05T11:07:00.923+0000] {processor.py:179} INFO - Processing /home/airflow/.local/lib/python3.8/site-packages/airflow/example_dags/example_subdag_operator.py took 0.167 seconds
[2023-12-05T12:00:57.701+0000] {processor.py:157} INFO - Started process (PID=59292) to work on /home/airflow/.local/lib/python3.8/site-packages/airflow/example_dags/example_subdag_operator.py
[2023-12-05T12:00:57.706+0000] {processor.py:829} INFO - Processing file /home/airflow/.local/lib/python3.8/site-packages/airflow/example_dags/example_subdag_operator.py for tasks to queue
[2023-12-05T12:00:57.711+0000] {logging_mixin.py:151} INFO - [2023-12-05T12:00:57.711+0000] {dagbag.py:539} INFO - Filling up the DagBag from /home/airflow/.local/lib/python3.8/site-packages/airflow/example_dags/example_subdag_operator.py
[2023-12-05T12:00:57.746+0000] {processor.py:839} INFO - DAG(s) dict_keys(['example_subdag_operator.section-1', 'example_subdag_operator.section-2', 'example_subdag_operator']) retrieved from /home/airflow/.local/lib/python3.8/site-packages/airflow/example_dags/example_subdag_operator.py
[2023-12-05T12:00:57.771+0000] {logging_mixin.py:151} INFO - [2023-12-05T12:00:57.771+0000] {dag.py:2915} INFO - Sync 3 DAGs
[2023-12-05T12:00:57.870+0000] {logging_mixin.py:151} INFO - [2023-12-05T12:00:57.869+0000] {dag.py:3696} INFO - Setting next_dagrun for example_subdag_operator to 2022-01-01T00:00:00+00:00, run_after=2022-01-01T00:00:00+00:00
[2023-12-05T12:00:57.875+0000] {logging_mixin.py:151} INFO - [2023-12-05T12:00:57.875+0000] {dag.py:3696} INFO - Setting next_dagrun for example_subdag_operator.section-1 to None, run_after=None
[2023-12-05T12:00:57.877+0000] {logging_mixin.py:151} INFO - [2023-12-05T12:00:57.877+0000] {dag.py:3696} INFO - Setting next_dagrun for example_subdag_operator.section-2 to None, run_after=None
[2023-12-05T12:00:57.886+0000] {logging_mixin.py:151} INFO - [2023-12-05T12:00:57.886+0000] {dag.py:2915} INFO - Sync 2 DAGs
[2023-12-05T12:00:57.891+0000] {logging_mixin.py:151} INFO - [2023-12-05T12:00:57.891+0000] {dag.py:3696} INFO - Setting next_dagrun for example_subdag_operator.section-1 to None, run_after=None
[2023-12-05T12:00:57.893+0000] {logging_mixin.py:151} INFO - [2023-12-05T12:00:57.893+0000] {dag.py:3696} INFO - Setting next_dagrun for example_subdag_operator.section-2 to None, run_after=None
[2023-12-05T12:00:57.922+0000] {processor.py:179} INFO - Processing /home/airflow/.local/lib/python3.8/site-packages/airflow/example_dags/example_subdag_operator.py took 0.224 seconds
[2023-12-05T13:02:50.920+0000] {processor.py:157} INFO - Started process (PID=59346) to work on /home/airflow/.local/lib/python3.8/site-packages/airflow/example_dags/example_subdag_operator.py
[2023-12-05T13:02:50.921+0000] {processor.py:829} INFO - Processing file /home/airflow/.local/lib/python3.8/site-packages/airflow/example_dags/example_subdag_operator.py for tasks to queue
[2023-12-05T13:02:50.922+0000] {logging_mixin.py:151} INFO - [2023-12-05T13:02:50.922+0000] {dagbag.py:539} INFO - Filling up the DagBag from /home/airflow/.local/lib/python3.8/site-packages/airflow/example_dags/example_subdag_operator.py
[2023-12-05T13:02:50.939+0000] {processor.py:839} INFO - DAG(s) dict_keys(['example_subdag_operator.section-1', 'example_subdag_operator.section-2', 'example_subdag_operator']) retrieved from /home/airflow/.local/lib/python3.8/site-packages/airflow/example_dags/example_subdag_operator.py
[2023-12-05T13:02:50.951+0000] {logging_mixin.py:151} INFO - [2023-12-05T13:02:50.951+0000] {dag.py:2915} INFO - Sync 3 DAGs
[2023-12-05T13:02:50.963+0000] {logging_mixin.py:151} INFO - [2023-12-05T13:02:50.963+0000] {dag.py:3696} INFO - Setting next_dagrun for example_subdag_operator to 2022-01-01T00:00:00+00:00, run_after=2022-01-01T00:00:00+00:00
[2023-12-05T13:02:50.965+0000] {logging_mixin.py:151} INFO - [2023-12-05T13:02:50.965+0000] {dag.py:3696} INFO - Setting next_dagrun for example_subdag_operator.section-1 to None, run_after=None
[2023-12-05T13:02:50.965+0000] {logging_mixin.py:151} INFO - [2023-12-05T13:02:50.965+0000] {dag.py:3696} INFO - Setting next_dagrun for example_subdag_operator.section-2 to None, run_after=None
[2023-12-05T13:02:50.969+0000] {logging_mixin.py:151} INFO - [2023-12-05T13:02:50.969+0000] {dag.py:2915} INFO - Sync 2 DAGs
[2023-12-05T13:02:50.971+0000] {logging_mixin.py:151} INFO - [2023-12-05T13:02:50.971+0000] {dag.py:3696} INFO - Setting next_dagrun for example_subdag_operator.section-1 to None, run_after=None
[2023-12-05T13:02:50.971+0000] {logging_mixin.py:151} INFO - [2023-12-05T13:02:50.971+0000] {dag.py:3696} INFO - Setting next_dagrun for example_subdag_operator.section-2 to None, run_after=None
[2023-12-05T13:02:50.976+0000] {processor.py:179} INFO - Processing /home/airflow/.local/lib/python3.8/site-packages/airflow/example_dags/example_subdag_operator.py took 0.057 seconds
[2023-12-05T13:15:01.005+0000] {processor.py:157} INFO - Started process (PID=59400) to work on /home/airflow/.local/lib/python3.8/site-packages/airflow/example_dags/example_subdag_operator.py
[2023-12-05T13:15:01.008+0000] {processor.py:829} INFO - Processing file /home/airflow/.local/lib/python3.8/site-packages/airflow/example_dags/example_subdag_operator.py for tasks to queue
[2023-12-05T13:15:01.013+0000] {logging_mixin.py:151} INFO - [2023-12-05T13:15:01.012+0000] {dagbag.py:539} INFO - Filling up the DagBag from /home/airflow/.local/lib/python3.8/site-packages/airflow/example_dags/example_subdag_operator.py
[2023-12-05T13:15:01.085+0000] {processor.py:839} INFO - DAG(s) dict_keys(['example_subdag_operator.section-1', 'example_subdag_operator.section-2', 'example_subdag_operator']) retrieved from /home/airflow/.local/lib/python3.8/site-packages/airflow/example_dags/example_subdag_operator.py
[2023-12-05T13:15:01.111+0000] {logging_mixin.py:151} INFO - [2023-12-05T13:15:01.111+0000] {dag.py:2915} INFO - Sync 3 DAGs
[2023-12-05T13:15:01.138+0000] {logging_mixin.py:151} INFO - [2023-12-05T13:15:01.138+0000] {dag.py:3696} INFO - Setting next_dagrun for example_subdag_operator to 2022-01-01T00:00:00+00:00, run_after=2022-01-01T00:00:00+00:00
[2023-12-05T13:15:01.148+0000] {logging_mixin.py:151} INFO - [2023-12-05T13:15:01.148+0000] {dag.py:3696} INFO - Setting next_dagrun for example_subdag_operator.section-1 to None, run_after=None
[2023-12-05T13:15:01.153+0000] {logging_mixin.py:151} INFO - [2023-12-05T13:15:01.153+0000] {dag.py:3696} INFO - Setting next_dagrun for example_subdag_operator.section-2 to None, run_after=None
[2023-12-05T13:15:01.170+0000] {logging_mixin.py:151} INFO - [2023-12-05T13:15:01.170+0000] {dag.py:2915} INFO - Sync 2 DAGs
[2023-12-05T13:15:01.181+0000] {logging_mixin.py:151} INFO - [2023-12-05T13:15:01.180+0000] {dag.py:3696} INFO - Setting next_dagrun for example_subdag_operator.section-1 to None, run_after=None
[2023-12-05T13:15:01.182+0000] {logging_mixin.py:151} INFO - [2023-12-05T13:15:01.182+0000] {dag.py:3696} INFO - Setting next_dagrun for example_subdag_operator.section-2 to None, run_after=None
[2023-12-05T13:15:01.194+0000] {processor.py:179} INFO - Processing /home/airflow/.local/lib/python3.8/site-packages/airflow/example_dags/example_subdag_operator.py took 0.193 seconds
[2023-12-05T13:58:18.578+0000] {processor.py:157} INFO - Started process (PID=59454) to work on /home/airflow/.local/lib/python3.8/site-packages/airflow/example_dags/example_subdag_operator.py
[2023-12-05T13:58:18.579+0000] {processor.py:829} INFO - Processing file /home/airflow/.local/lib/python3.8/site-packages/airflow/example_dags/example_subdag_operator.py for tasks to queue
[2023-12-05T13:58:18.580+0000] {logging_mixin.py:151} INFO - [2023-12-05T13:58:18.580+0000] {dagbag.py:539} INFO - Filling up the DagBag from /home/airflow/.local/lib/python3.8/site-packages/airflow/example_dags/example_subdag_operator.py
[2023-12-05T13:58:18.613+0000] {processor.py:839} INFO - DAG(s) dict_keys(['example_subdag_operator.section-1', 'example_subdag_operator.section-2', 'example_subdag_operator']) retrieved from /home/airflow/.local/lib/python3.8/site-packages/airflow/example_dags/example_subdag_operator.py
[2023-12-05T13:58:18.624+0000] {logging_mixin.py:151} INFO - [2023-12-05T13:58:18.624+0000] {dag.py:2915} INFO - Sync 3 DAGs
[2023-12-05T13:58:18.637+0000] {logging_mixin.py:151} INFO - [2023-12-05T13:58:18.637+0000] {dag.py:3696} INFO - Setting next_dagrun for example_subdag_operator to 2022-01-01T00:00:00+00:00, run_after=2022-01-01T00:00:00+00:00
[2023-12-05T13:58:18.639+0000] {logging_mixin.py:151} INFO - [2023-12-05T13:58:18.639+0000] {dag.py:3696} INFO - Setting next_dagrun for example_subdag_operator.section-1 to None, run_after=None
[2023-12-05T13:58:18.640+0000] {logging_mixin.py:151} INFO - [2023-12-05T13:58:18.640+0000] {dag.py:3696} INFO - Setting next_dagrun for example_subdag_operator.section-2 to None, run_after=None
[2023-12-05T13:58:18.649+0000] {logging_mixin.py:151} INFO - [2023-12-05T13:58:18.648+0000] {dag.py:2915} INFO - Sync 2 DAGs
[2023-12-05T13:58:18.655+0000] {logging_mixin.py:151} INFO - [2023-12-05T13:58:18.655+0000] {dag.py:3696} INFO - Setting next_dagrun for example_subdag_operator.section-1 to None, run_after=None
[2023-12-05T13:58:18.656+0000] {logging_mixin.py:151} INFO - [2023-12-05T13:58:18.656+0000] {dag.py:3696} INFO - Setting next_dagrun for example_subdag_operator.section-2 to None, run_after=None
[2023-12-05T13:58:18.664+0000] {processor.py:179} INFO - Processing /home/airflow/.local/lib/python3.8/site-packages/airflow/example_dags/example_subdag_operator.py took 0.089 seconds
[2023-12-05T14:14:32.333+0000] {processor.py:157} INFO - Started process (PID=59508) to work on /home/airflow/.local/lib/python3.8/site-packages/airflow/example_dags/example_subdag_operator.py
[2023-12-05T14:14:32.334+0000] {processor.py:829} INFO - Processing file /home/airflow/.local/lib/python3.8/site-packages/airflow/example_dags/example_subdag_operator.py for tasks to queue
[2023-12-05T14:14:32.336+0000] {logging_mixin.py:151} INFO - [2023-12-05T14:14:32.335+0000] {dagbag.py:539} INFO - Filling up the DagBag from /home/airflow/.local/lib/python3.8/site-packages/airflow/example_dags/example_subdag_operator.py
[2023-12-05T14:14:32.353+0000] {processor.py:839} INFO - DAG(s) dict_keys(['example_subdag_operator.section-1', 'example_subdag_operator.section-2', 'example_subdag_operator']) retrieved from /home/airflow/.local/lib/python3.8/site-packages/airflow/example_dags/example_subdag_operator.py
[2023-12-05T14:14:32.362+0000] {logging_mixin.py:151} INFO - [2023-12-05T14:14:32.362+0000] {dag.py:2915} INFO - Sync 3 DAGs
[2023-12-05T14:14:32.375+0000] {logging_mixin.py:151} INFO - [2023-12-05T14:14:32.375+0000] {dag.py:3696} INFO - Setting next_dagrun for example_subdag_operator to 2022-01-01T00:00:00+00:00, run_after=2022-01-01T00:00:00+00:00
[2023-12-05T14:14:32.377+0000] {logging_mixin.py:151} INFO - [2023-12-05T14:14:32.377+0000] {dag.py:3696} INFO - Setting next_dagrun for example_subdag_operator.section-1 to None, run_after=None
[2023-12-05T14:14:32.377+0000] {logging_mixin.py:151} INFO - [2023-12-05T14:14:32.377+0000] {dag.py:3696} INFO - Setting next_dagrun for example_subdag_operator.section-2 to None, run_after=None
[2023-12-05T14:14:32.383+0000] {logging_mixin.py:151} INFO - [2023-12-05T14:14:32.382+0000] {dag.py:2915} INFO - Sync 2 DAGs
[2023-12-05T14:14:32.387+0000] {logging_mixin.py:151} INFO - [2023-12-05T14:14:32.387+0000] {dag.py:3696} INFO - Setting next_dagrun for example_subdag_operator.section-1 to None, run_after=None
[2023-12-05T14:14:32.388+0000] {logging_mixin.py:151} INFO - [2023-12-05T14:14:32.388+0000] {dag.py:3696} INFO - Setting next_dagrun for example_subdag_operator.section-2 to None, run_after=None
[2023-12-05T14:14:32.394+0000] {processor.py:179} INFO - Processing /home/airflow/.local/lib/python3.8/site-packages/airflow/example_dags/example_subdag_operator.py took 0.064 seconds
[2023-12-05T15:21:43.415+0000] {processor.py:157} INFO - Started process (PID=59555) to work on /home/airflow/.local/lib/python3.8/site-packages/airflow/example_dags/example_subdag_operator.py
[2023-12-05T15:21:43.416+0000] {processor.py:829} INFO - Processing file /home/airflow/.local/lib/python3.8/site-packages/airflow/example_dags/example_subdag_operator.py for tasks to queue
[2023-12-05T15:21:43.417+0000] {logging_mixin.py:151} INFO - [2023-12-05T15:21:43.417+0000] {dagbag.py:539} INFO - Filling up the DagBag from /home/airflow/.local/lib/python3.8/site-packages/airflow/example_dags/example_subdag_operator.py
[2023-12-05T15:21:43.436+0000] {processor.py:839} INFO - DAG(s) dict_keys(['example_subdag_operator.section-1', 'example_subdag_operator.section-2', 'example_subdag_operator']) retrieved from /home/airflow/.local/lib/python3.8/site-packages/airflow/example_dags/example_subdag_operator.py
[2023-12-05T15:21:43.443+0000] {logging_mixin.py:151} INFO - [2023-12-05T15:21:43.443+0000] {dag.py:2915} INFO - Sync 3 DAGs
[2023-12-05T15:21:43.453+0000] {logging_mixin.py:151} INFO - [2023-12-05T15:21:43.453+0000] {dag.py:3696} INFO - Setting next_dagrun for example_subdag_operator to 2022-01-01T00:00:00+00:00, run_after=2022-01-01T00:00:00+00:00
[2023-12-05T15:21:43.455+0000] {logging_mixin.py:151} INFO - [2023-12-05T15:21:43.455+0000] {dag.py:3696} INFO - Setting next_dagrun for example_subdag_operator.section-1 to None, run_after=None
[2023-12-05T15:21:43.455+0000] {logging_mixin.py:151} INFO - [2023-12-05T15:21:43.455+0000] {dag.py:3696} INFO - Setting next_dagrun for example_subdag_operator.section-2 to None, run_after=None
[2023-12-05T15:21:43.459+0000] {logging_mixin.py:151} INFO - [2023-12-05T15:21:43.459+0000] {dag.py:2915} INFO - Sync 2 DAGs
[2023-12-05T15:21:43.461+0000] {logging_mixin.py:151} INFO - [2023-12-05T15:21:43.461+0000] {dag.py:3696} INFO - Setting next_dagrun for example_subdag_operator.section-1 to None, run_after=None
[2023-12-05T15:21:43.461+0000] {logging_mixin.py:151} INFO - [2023-12-05T15:21:43.461+0000] {dag.py:3696} INFO - Setting next_dagrun for example_subdag_operator.section-2 to None, run_after=None
[2023-12-05T15:21:43.466+0000] {processor.py:179} INFO - Processing /home/airflow/.local/lib/python3.8/site-packages/airflow/example_dags/example_subdag_operator.py took 0.053 seconds
[2023-12-05T15:53:44.658+0000] {processor.py:157} INFO - Started process (PID=59617) to work on /home/airflow/.local/lib/python3.8/site-packages/airflow/example_dags/example_subdag_operator.py
[2023-12-05T15:53:44.659+0000] {processor.py:829} INFO - Processing file /home/airflow/.local/lib/python3.8/site-packages/airflow/example_dags/example_subdag_operator.py for tasks to queue
[2023-12-05T15:53:44.660+0000] {logging_mixin.py:151} INFO - [2023-12-05T15:53:44.660+0000] {dagbag.py:539} INFO - Filling up the DagBag from /home/airflow/.local/lib/python3.8/site-packages/airflow/example_dags/example_subdag_operator.py
[2023-12-05T15:53:44.679+0000] {processor.py:839} INFO - DAG(s) dict_keys(['example_subdag_operator.section-1', 'example_subdag_operator.section-2', 'example_subdag_operator']) retrieved from /home/airflow/.local/lib/python3.8/site-packages/airflow/example_dags/example_subdag_operator.py
[2023-12-05T15:53:44.688+0000] {logging_mixin.py:151} INFO - [2023-12-05T15:53:44.688+0000] {dag.py:2915} INFO - Sync 3 DAGs
[2023-12-05T15:53:44.700+0000] {logging_mixin.py:151} INFO - [2023-12-05T15:53:44.700+0000] {dag.py:3696} INFO - Setting next_dagrun for example_subdag_operator to 2022-01-01T00:00:00+00:00, run_after=2022-01-01T00:00:00+00:00
[2023-12-05T15:53:44.701+0000] {logging_mixin.py:151} INFO - [2023-12-05T15:53:44.701+0000] {dag.py:3696} INFO - Setting next_dagrun for example_subdag_operator.section-1 to None, run_after=None
[2023-12-05T15:53:44.702+0000] {logging_mixin.py:151} INFO - [2023-12-05T15:53:44.702+0000] {dag.py:3696} INFO - Setting next_dagrun for example_subdag_operator.section-2 to None, run_after=None
[2023-12-05T15:53:44.706+0000] {logging_mixin.py:151} INFO - [2023-12-05T15:53:44.706+0000] {dag.py:2915} INFO - Sync 2 DAGs
[2023-12-05T15:53:44.709+0000] {logging_mixin.py:151} INFO - [2023-12-05T15:53:44.708+0000] {dag.py:3696} INFO - Setting next_dagrun for example_subdag_operator.section-1 to None, run_after=None
[2023-12-05T15:53:44.709+0000] {logging_mixin.py:151} INFO - [2023-12-05T15:53:44.709+0000] {dag.py:3696} INFO - Setting next_dagrun for example_subdag_operator.section-2 to None, run_after=None
[2023-12-05T15:53:44.714+0000] {processor.py:179} INFO - Processing /home/airflow/.local/lib/python3.8/site-packages/airflow/example_dags/example_subdag_operator.py took 0.059 seconds
[2023-12-05T16:42:41.806+0000] {processor.py:157} INFO - Started process (PID=59671) to work on /home/airflow/.local/lib/python3.8/site-packages/airflow/example_dags/example_subdag_operator.py
[2023-12-05T16:42:41.807+0000] {processor.py:829} INFO - Processing file /home/airflow/.local/lib/python3.8/site-packages/airflow/example_dags/example_subdag_operator.py for tasks to queue
[2023-12-05T16:42:41.808+0000] {logging_mixin.py:151} INFO - [2023-12-05T16:42:41.808+0000] {dagbag.py:539} INFO - Filling up the DagBag from /home/airflow/.local/lib/python3.8/site-packages/airflow/example_dags/example_subdag_operator.py
[2023-12-05T16:42:41.825+0000] {processor.py:839} INFO - DAG(s) dict_keys(['example_subdag_operator.section-1', 'example_subdag_operator.section-2', 'example_subdag_operator']) retrieved from /home/airflow/.local/lib/python3.8/site-packages/airflow/example_dags/example_subdag_operator.py
[2023-12-05T16:42:41.834+0000] {logging_mixin.py:151} INFO - [2023-12-05T16:42:41.834+0000] {dag.py:2915} INFO - Sync 3 DAGs
[2023-12-05T16:42:41.845+0000] {logging_mixin.py:151} INFO - [2023-12-05T16:42:41.845+0000] {dag.py:3696} INFO - Setting next_dagrun for example_subdag_operator to 2022-01-01T00:00:00+00:00, run_after=2022-01-01T00:00:00+00:00
[2023-12-05T16:42:41.847+0000] {logging_mixin.py:151} INFO - [2023-12-05T16:42:41.847+0000] {dag.py:3696} INFO - Setting next_dagrun for example_subdag_operator.section-1 to None, run_after=None
[2023-12-05T16:42:41.847+0000] {logging_mixin.py:151} INFO - [2023-12-05T16:42:41.847+0000] {dag.py:3696} INFO - Setting next_dagrun for example_subdag_operator.section-2 to None, run_after=None
[2023-12-05T16:42:41.851+0000] {logging_mixin.py:151} INFO - [2023-12-05T16:42:41.851+0000] {dag.py:2915} INFO - Sync 2 DAGs
[2023-12-05T16:42:41.853+0000] {logging_mixin.py:151} INFO - [2023-12-05T16:42:41.853+0000] {dag.py:3696} INFO - Setting next_dagrun for example_subdag_operator.section-1 to None, run_after=None
[2023-12-05T16:42:41.853+0000] {logging_mixin.py:151} INFO - [2023-12-05T16:42:41.853+0000] {dag.py:3696} INFO - Setting next_dagrun for example_subdag_operator.section-2 to None, run_after=None
[2023-12-05T16:42:41.858+0000] {processor.py:179} INFO - Processing /home/airflow/.local/lib/python3.8/site-packages/airflow/example_dags/example_subdag_operator.py took 0.054 seconds
[2023-12-05T18:03:06.428+0000] {processor.py:157} INFO - Started process (PID=59724) to work on /home/airflow/.local/lib/python3.8/site-packages/airflow/example_dags/example_subdag_operator.py
[2023-12-05T18:03:06.430+0000] {processor.py:829} INFO - Processing file /home/airflow/.local/lib/python3.8/site-packages/airflow/example_dags/example_subdag_operator.py for tasks to queue
[2023-12-05T18:03:06.433+0000] {logging_mixin.py:151} INFO - [2023-12-05T18:03:06.432+0000] {dagbag.py:539} INFO - Filling up the DagBag from /home/airflow/.local/lib/python3.8/site-packages/airflow/example_dags/example_subdag_operator.py
[2023-12-05T18:03:06.457+0000] {processor.py:839} INFO - DAG(s) dict_keys(['example_subdag_operator.section-1', 'example_subdag_operator.section-2', 'example_subdag_operator']) retrieved from /home/airflow/.local/lib/python3.8/site-packages/airflow/example_dags/example_subdag_operator.py
[2023-12-05T18:03:06.468+0000] {logging_mixin.py:151} INFO - [2023-12-05T18:03:06.468+0000] {dag.py:2915} INFO - Sync 3 DAGs
[2023-12-05T18:03:06.494+0000] {logging_mixin.py:151} INFO - [2023-12-05T18:03:06.494+0000] {dag.py:3696} INFO - Setting next_dagrun for example_subdag_operator to 2022-01-01T00:00:00+00:00, run_after=2022-01-01T00:00:00+00:00
[2023-12-05T18:03:06.497+0000] {logging_mixin.py:151} INFO - [2023-12-05T18:03:06.497+0000] {dag.py:3696} INFO - Setting next_dagrun for example_subdag_operator.section-1 to None, run_after=None
[2023-12-05T18:03:06.499+0000] {logging_mixin.py:151} INFO - [2023-12-05T18:03:06.499+0000] {dag.py:3696} INFO - Setting next_dagrun for example_subdag_operator.section-2 to None, run_after=None
[2023-12-05T18:03:06.507+0000] {logging_mixin.py:151} INFO - [2023-12-05T18:03:06.507+0000] {dag.py:2915} INFO - Sync 2 DAGs
[2023-12-05T18:03:06.510+0000] {logging_mixin.py:151} INFO - [2023-12-05T18:03:06.510+0000] {dag.py:3696} INFO - Setting next_dagrun for example_subdag_operator.section-1 to None, run_after=None
[2023-12-05T18:03:06.511+0000] {logging_mixin.py:151} INFO - [2023-12-05T18:03:06.511+0000] {dag.py:3696} INFO - Setting next_dagrun for example_subdag_operator.section-2 to None, run_after=None
[2023-12-05T18:03:06.516+0000] {processor.py:179} INFO - Processing /home/airflow/.local/lib/python3.8/site-packages/airflow/example_dags/example_subdag_operator.py took 0.094 seconds
[2023-12-05T18:21:13.414+0000] {processor.py:157} INFO - Started process (PID=59771) to work on /home/airflow/.local/lib/python3.8/site-packages/airflow/example_dags/example_subdag_operator.py
[2023-12-05T18:21:13.415+0000] {processor.py:829} INFO - Processing file /home/airflow/.local/lib/python3.8/site-packages/airflow/example_dags/example_subdag_operator.py for tasks to queue
[2023-12-05T18:21:13.416+0000] {logging_mixin.py:151} INFO - [2023-12-05T18:21:13.416+0000] {dagbag.py:539} INFO - Filling up the DagBag from /home/airflow/.local/lib/python3.8/site-packages/airflow/example_dags/example_subdag_operator.py
[2023-12-05T18:21:13.441+0000] {processor.py:839} INFO - DAG(s) dict_keys(['example_subdag_operator.section-1', 'example_subdag_operator.section-2', 'example_subdag_operator']) retrieved from /home/airflow/.local/lib/python3.8/site-packages/airflow/example_dags/example_subdag_operator.py
[2023-12-05T18:21:13.449+0000] {logging_mixin.py:151} INFO - [2023-12-05T18:21:13.449+0000] {dag.py:2915} INFO - Sync 3 DAGs
[2023-12-05T18:21:13.459+0000] {logging_mixin.py:151} INFO - [2023-12-05T18:21:13.459+0000] {dag.py:3696} INFO - Setting next_dagrun for example_subdag_operator to 2022-01-01T00:00:00+00:00, run_after=2022-01-01T00:00:00+00:00
[2023-12-05T18:21:13.460+0000] {logging_mixin.py:151} INFO - [2023-12-05T18:21:13.460+0000] {dag.py:3696} INFO - Setting next_dagrun for example_subdag_operator.section-1 to None, run_after=None
[2023-12-05T18:21:13.461+0000] {logging_mixin.py:151} INFO - [2023-12-05T18:21:13.461+0000] {dag.py:3696} INFO - Setting next_dagrun for example_subdag_operator.section-2 to None, run_after=None
[2023-12-05T18:21:13.465+0000] {logging_mixin.py:151} INFO - [2023-12-05T18:21:13.465+0000] {dag.py:2915} INFO - Sync 2 DAGs
[2023-12-05T18:21:13.467+0000] {logging_mixin.py:151} INFO - [2023-12-05T18:21:13.467+0000] {dag.py:3696} INFO - Setting next_dagrun for example_subdag_operator.section-1 to None, run_after=None
[2023-12-05T18:21:13.467+0000] {logging_mixin.py:151} INFO - [2023-12-05T18:21:13.467+0000] {dag.py:3696} INFO - Setting next_dagrun for example_subdag_operator.section-2 to None, run_after=None
[2023-12-05T18:21:13.472+0000] {processor.py:179} INFO - Processing /home/airflow/.local/lib/python3.8/site-packages/airflow/example_dags/example_subdag_operator.py took 0.061 seconds
[2023-12-05T18:44:25.633+0000] {processor.py:157} INFO - Started process (PID=59825) to work on /home/airflow/.local/lib/python3.8/site-packages/airflow/example_dags/example_subdag_operator.py
[2023-12-05T18:44:25.634+0000] {processor.py:829} INFO - Processing file /home/airflow/.local/lib/python3.8/site-packages/airflow/example_dags/example_subdag_operator.py for tasks to queue
[2023-12-05T18:44:25.635+0000] {logging_mixin.py:151} INFO - [2023-12-05T18:44:25.635+0000] {dagbag.py:539} INFO - Filling up the DagBag from /home/airflow/.local/lib/python3.8/site-packages/airflow/example_dags/example_subdag_operator.py
[2023-12-05T18:44:25.652+0000] {processor.py:839} INFO - DAG(s) dict_keys(['example_subdag_operator.section-1', 'example_subdag_operator.section-2', 'example_subdag_operator']) retrieved from /home/airflow/.local/lib/python3.8/site-packages/airflow/example_dags/example_subdag_operator.py
[2023-12-05T18:44:25.660+0000] {logging_mixin.py:151} INFO - [2023-12-05T18:44:25.660+0000] {dag.py:2915} INFO - Sync 3 DAGs
[2023-12-05T18:44:25.671+0000] {logging_mixin.py:151} INFO - [2023-12-05T18:44:25.671+0000] {dag.py:3696} INFO - Setting next_dagrun for example_subdag_operator to 2022-01-01T00:00:00+00:00, run_after=2022-01-01T00:00:00+00:00
[2023-12-05T18:44:25.673+0000] {logging_mixin.py:151} INFO - [2023-12-05T18:44:25.673+0000] {dag.py:3696} INFO - Setting next_dagrun for example_subdag_operator.section-1 to None, run_after=None
[2023-12-05T18:44:25.674+0000] {logging_mixin.py:151} INFO - [2023-12-05T18:44:25.674+0000] {dag.py:3696} INFO - Setting next_dagrun for example_subdag_operator.section-2 to None, run_after=None
[2023-12-05T18:44:25.678+0000] {logging_mixin.py:151} INFO - [2023-12-05T18:44:25.678+0000] {dag.py:2915} INFO - Sync 2 DAGs
[2023-12-05T18:44:25.681+0000] {logging_mixin.py:151} INFO - [2023-12-05T18:44:25.680+0000] {dag.py:3696} INFO - Setting next_dagrun for example_subdag_operator.section-1 to None, run_after=None
[2023-12-05T18:44:25.683+0000] {logging_mixin.py:151} INFO - [2023-12-05T18:44:25.682+0000] {dag.py:3696} INFO - Setting next_dagrun for example_subdag_operator.section-2 to None, run_after=None
[2023-12-05T18:44:25.695+0000] {processor.py:179} INFO - Processing /home/airflow/.local/lib/python3.8/site-packages/airflow/example_dags/example_subdag_operator.py took 0.064 seconds
[2023-12-05T19:02:29.093+0000] {processor.py:157} INFO - Started process (PID=59879) to work on /home/airflow/.local/lib/python3.8/site-packages/airflow/example_dags/example_subdag_operator.py
[2023-12-05T19:02:29.094+0000] {processor.py:829} INFO - Processing file /home/airflow/.local/lib/python3.8/site-packages/airflow/example_dags/example_subdag_operator.py for tasks to queue
[2023-12-05T19:02:29.095+0000] {logging_mixin.py:151} INFO - [2023-12-05T19:02:29.095+0000] {dagbag.py:539} INFO - Filling up the DagBag from /home/airflow/.local/lib/python3.8/site-packages/airflow/example_dags/example_subdag_operator.py
[2023-12-05T19:02:29.112+0000] {processor.py:839} INFO - DAG(s) dict_keys(['example_subdag_operator.section-1', 'example_subdag_operator.section-2', 'example_subdag_operator']) retrieved from /home/airflow/.local/lib/python3.8/site-packages/airflow/example_dags/example_subdag_operator.py
[2023-12-05T19:02:29.119+0000] {logging_mixin.py:151} INFO - [2023-12-05T19:02:29.119+0000] {dag.py:2915} INFO - Sync 3 DAGs
[2023-12-05T19:02:29.128+0000] {logging_mixin.py:151} INFO - [2023-12-05T19:02:29.128+0000] {dag.py:3696} INFO - Setting next_dagrun for example_subdag_operator to 2022-01-01T00:00:00+00:00, run_after=2022-01-01T00:00:00+00:00
[2023-12-05T19:02:29.130+0000] {logging_mixin.py:151} INFO - [2023-12-05T19:02:29.130+0000] {dag.py:3696} INFO - Setting next_dagrun for example_subdag_operator.section-1 to None, run_after=None
[2023-12-05T19:02:29.131+0000] {logging_mixin.py:151} INFO - [2023-12-05T19:02:29.131+0000] {dag.py:3696} INFO - Setting next_dagrun for example_subdag_operator.section-2 to None, run_after=None
[2023-12-05T19:02:29.134+0000] {logging_mixin.py:151} INFO - [2023-12-05T19:02:29.134+0000] {dag.py:2915} INFO - Sync 2 DAGs
[2023-12-05T19:02:29.136+0000] {logging_mixin.py:151} INFO - [2023-12-05T19:02:29.136+0000] {dag.py:3696} INFO - Setting next_dagrun for example_subdag_operator.section-1 to None, run_after=None
[2023-12-05T19:02:29.136+0000] {logging_mixin.py:151} INFO - [2023-12-05T19:02:29.136+0000] {dag.py:3696} INFO - Setting next_dagrun for example_subdag_operator.section-2 to None, run_after=None
[2023-12-05T19:02:29.141+0000] {processor.py:179} INFO - Processing /home/airflow/.local/lib/python3.8/site-packages/airflow/example_dags/example_subdag_operator.py took 0.050 seconds
[2023-12-05T19:55:09.324+0000] {processor.py:157} INFO - Started process (PID=59933) to work on /home/airflow/.local/lib/python3.8/site-packages/airflow/example_dags/example_subdag_operator.py
[2023-12-05T19:55:09.324+0000] {processor.py:829} INFO - Processing file /home/airflow/.local/lib/python3.8/site-packages/airflow/example_dags/example_subdag_operator.py for tasks to queue
[2023-12-05T19:55:09.326+0000] {logging_mixin.py:151} INFO - [2023-12-05T19:55:09.326+0000] {dagbag.py:539} INFO - Filling up the DagBag from /home/airflow/.local/lib/python3.8/site-packages/airflow/example_dags/example_subdag_operator.py
[2023-12-05T19:55:09.352+0000] {processor.py:839} INFO - DAG(s) dict_keys(['example_subdag_operator.section-1', 'example_subdag_operator.section-2', 'example_subdag_operator']) retrieved from /home/airflow/.local/lib/python3.8/site-packages/airflow/example_dags/example_subdag_operator.py
[2023-12-05T19:55:09.361+0000] {logging_mixin.py:151} INFO - [2023-12-05T19:55:09.361+0000] {dag.py:2915} INFO - Sync 3 DAGs
[2023-12-05T19:55:09.375+0000] {logging_mixin.py:151} INFO - [2023-12-05T19:55:09.375+0000] {dag.py:3696} INFO - Setting next_dagrun for example_subdag_operator to 2022-01-01T00:00:00+00:00, run_after=2022-01-01T00:00:00+00:00
[2023-12-05T19:55:09.378+0000] {logging_mixin.py:151} INFO - [2023-12-05T19:55:09.378+0000] {dag.py:3696} INFO - Setting next_dagrun for example_subdag_operator.section-1 to None, run_after=None
[2023-12-05T19:55:09.379+0000] {logging_mixin.py:151} INFO - [2023-12-05T19:55:09.379+0000] {dag.py:3696} INFO - Setting next_dagrun for example_subdag_operator.section-2 to None, run_after=None
[2023-12-05T19:55:09.383+0000] {logging_mixin.py:151} INFO - [2023-12-05T19:55:09.383+0000] {dag.py:2915} INFO - Sync 2 DAGs
[2023-12-05T19:55:09.386+0000] {logging_mixin.py:151} INFO - [2023-12-05T19:55:09.386+0000] {dag.py:3696} INFO - Setting next_dagrun for example_subdag_operator.section-1 to None, run_after=None
[2023-12-05T19:55:09.386+0000] {logging_mixin.py:151} INFO - [2023-12-05T19:55:09.386+0000] {dag.py:3696} INFO - Setting next_dagrun for example_subdag_operator.section-2 to None, run_after=None
[2023-12-05T19:55:09.391+0000] {processor.py:179} INFO - Processing /home/airflow/.local/lib/python3.8/site-packages/airflow/example_dags/example_subdag_operator.py took 0.070 seconds
[2023-12-05T20:45:29.024+0000] {processor.py:157} INFO - Started process (PID=59987) to work on /home/airflow/.local/lib/python3.8/site-packages/airflow/example_dags/example_subdag_operator.py
[2023-12-05T20:45:29.026+0000] {processor.py:829} INFO - Processing file /home/airflow/.local/lib/python3.8/site-packages/airflow/example_dags/example_subdag_operator.py for tasks to queue
[2023-12-05T20:45:29.030+0000] {logging_mixin.py:151} INFO - [2023-12-05T20:45:29.029+0000] {dagbag.py:539} INFO - Filling up the DagBag from /home/airflow/.local/lib/python3.8/site-packages/airflow/example_dags/example_subdag_operator.py
[2023-12-05T20:45:29.063+0000] {processor.py:839} INFO - DAG(s) dict_keys(['example_subdag_operator.section-1', 'example_subdag_operator.section-2', 'example_subdag_operator']) retrieved from /home/airflow/.local/lib/python3.8/site-packages/airflow/example_dags/example_subdag_operator.py
[2023-12-05T20:45:29.072+0000] {logging_mixin.py:151} INFO - [2023-12-05T20:45:29.072+0000] {dag.py:2915} INFO - Sync 3 DAGs
[2023-12-05T20:45:29.087+0000] {logging_mixin.py:151} INFO - [2023-12-05T20:45:29.087+0000] {dag.py:3696} INFO - Setting next_dagrun for example_subdag_operator to 2022-01-01T00:00:00+00:00, run_after=2022-01-01T00:00:00+00:00
[2023-12-05T20:45:29.089+0000] {logging_mixin.py:151} INFO - [2023-12-05T20:45:29.088+0000] {dag.py:3696} INFO - Setting next_dagrun for example_subdag_operator.section-1 to None, run_after=None
[2023-12-05T20:45:29.089+0000] {logging_mixin.py:151} INFO - [2023-12-05T20:45:29.089+0000] {dag.py:3696} INFO - Setting next_dagrun for example_subdag_operator.section-2 to None, run_after=None
[2023-12-05T20:45:29.093+0000] {logging_mixin.py:151} INFO - [2023-12-05T20:45:29.093+0000] {dag.py:2915} INFO - Sync 2 DAGs
[2023-12-05T20:45:29.096+0000] {logging_mixin.py:151} INFO - [2023-12-05T20:45:29.095+0000] {dag.py:3696} INFO - Setting next_dagrun for example_subdag_operator.section-1 to None, run_after=None
[2023-12-05T20:45:29.096+0000] {logging_mixin.py:151} INFO - [2023-12-05T20:45:29.096+0000] {dag.py:3696} INFO - Setting next_dagrun for example_subdag_operator.section-2 to None, run_after=None
[2023-12-05T20:45:29.101+0000] {processor.py:179} INFO - Processing /home/airflow/.local/lib/python3.8/site-packages/airflow/example_dags/example_subdag_operator.py took 0.084 seconds
[2023-12-05T22:03:29.559+0000] {processor.py:157} INFO - Started process (PID=60041) to work on /home/airflow/.local/lib/python3.8/site-packages/airflow/example_dags/example_subdag_operator.py
[2023-12-05T22:03:29.560+0000] {processor.py:829} INFO - Processing file /home/airflow/.local/lib/python3.8/site-packages/airflow/example_dags/example_subdag_operator.py for tasks to queue
[2023-12-05T22:03:29.561+0000] {logging_mixin.py:151} INFO - [2023-12-05T22:03:29.561+0000] {dagbag.py:539} INFO - Filling up the DagBag from /home/airflow/.local/lib/python3.8/site-packages/airflow/example_dags/example_subdag_operator.py
[2023-12-05T22:03:29.584+0000] {processor.py:839} INFO - DAG(s) dict_keys(['example_subdag_operator.section-1', 'example_subdag_operator.section-2', 'example_subdag_operator']) retrieved from /home/airflow/.local/lib/python3.8/site-packages/airflow/example_dags/example_subdag_operator.py
[2023-12-05T22:03:29.591+0000] {logging_mixin.py:151} INFO - [2023-12-05T22:03:29.591+0000] {dag.py:2915} INFO - Sync 3 DAGs
[2023-12-05T22:03:29.602+0000] {logging_mixin.py:151} INFO - [2023-12-05T22:03:29.602+0000] {dag.py:3696} INFO - Setting next_dagrun for example_subdag_operator to 2022-01-01T00:00:00+00:00, run_after=2022-01-01T00:00:00+00:00
[2023-12-05T22:03:29.603+0000] {logging_mixin.py:151} INFO - [2023-12-05T22:03:29.603+0000] {dag.py:3696} INFO - Setting next_dagrun for example_subdag_operator.section-1 to None, run_after=None
[2023-12-05T22:03:29.604+0000] {logging_mixin.py:151} INFO - [2023-12-05T22:03:29.604+0000] {dag.py:3696} INFO - Setting next_dagrun for example_subdag_operator.section-2 to None, run_after=None
[2023-12-05T22:03:29.607+0000] {logging_mixin.py:151} INFO - [2023-12-05T22:03:29.607+0000] {dag.py:2915} INFO - Sync 2 DAGs
[2023-12-05T22:03:29.610+0000] {logging_mixin.py:151} INFO - [2023-12-05T22:03:29.610+0000] {dag.py:3696} INFO - Setting next_dagrun for example_subdag_operator.section-1 to None, run_after=None
[2023-12-05T22:03:29.610+0000] {logging_mixin.py:151} INFO - [2023-12-05T22:03:29.610+0000] {dag.py:3696} INFO - Setting next_dagrun for example_subdag_operator.section-2 to None, run_after=None
[2023-12-05T22:03:29.615+0000] {processor.py:179} INFO - Processing /home/airflow/.local/lib/python3.8/site-packages/airflow/example_dags/example_subdag_operator.py took 0.058 seconds
[2023-12-05T22:20:19.264+0000] {processor.py:157} INFO - Started process (PID=60095) to work on /home/airflow/.local/lib/python3.8/site-packages/airflow/example_dags/example_subdag_operator.py
[2023-12-05T22:20:19.265+0000] {processor.py:829} INFO - Processing file /home/airflow/.local/lib/python3.8/site-packages/airflow/example_dags/example_subdag_operator.py for tasks to queue
[2023-12-05T22:20:19.268+0000] {logging_mixin.py:151} INFO - [2023-12-05T22:20:19.268+0000] {dagbag.py:539} INFO - Filling up the DagBag from /home/airflow/.local/lib/python3.8/site-packages/airflow/example_dags/example_subdag_operator.py
[2023-12-05T22:20:19.309+0000] {processor.py:839} INFO - DAG(s) dict_keys(['example_subdag_operator.section-1', 'example_subdag_operator.section-2', 'example_subdag_operator']) retrieved from /home/airflow/.local/lib/python3.8/site-packages/airflow/example_dags/example_subdag_operator.py
[2023-12-05T22:20:19.320+0000] {logging_mixin.py:151} INFO - [2023-12-05T22:20:19.320+0000] {dag.py:2915} INFO - Sync 3 DAGs
[2023-12-05T22:20:19.334+0000] {logging_mixin.py:151} INFO - [2023-12-05T22:20:19.333+0000] {dag.py:3696} INFO - Setting next_dagrun for example_subdag_operator to 2022-01-01T00:00:00+00:00, run_after=2022-01-01T00:00:00+00:00
[2023-12-05T22:20:19.335+0000] {logging_mixin.py:151} INFO - [2023-12-05T22:20:19.335+0000] {dag.py:3696} INFO - Setting next_dagrun for example_subdag_operator.section-1 to None, run_after=None
[2023-12-05T22:20:19.336+0000] {logging_mixin.py:151} INFO - [2023-12-05T22:20:19.336+0000] {dag.py:3696} INFO - Setting next_dagrun for example_subdag_operator.section-2 to None, run_after=None
[2023-12-05T22:20:19.340+0000] {logging_mixin.py:151} INFO - [2023-12-05T22:20:19.340+0000] {dag.py:2915} INFO - Sync 2 DAGs
[2023-12-05T22:20:19.343+0000] {logging_mixin.py:151} INFO - [2023-12-05T22:20:19.343+0000] {dag.py:3696} INFO - Setting next_dagrun for example_subdag_operator.section-1 to None, run_after=None
[2023-12-05T22:20:19.344+0000] {logging_mixin.py:151} INFO - [2023-12-05T22:20:19.344+0000] {dag.py:3696} INFO - Setting next_dagrun for example_subdag_operator.section-2 to None, run_after=None
[2023-12-05T22:20:19.350+0000] {processor.py:179} INFO - Processing /home/airflow/.local/lib/python3.8/site-packages/airflow/example_dags/example_subdag_operator.py took 0.092 seconds
[2023-12-05T22:55:16.463+0000] {processor.py:157} INFO - Started process (PID=60149) to work on /home/airflow/.local/lib/python3.8/site-packages/airflow/example_dags/example_subdag_operator.py
[2023-12-05T22:55:16.464+0000] {processor.py:829} INFO - Processing file /home/airflow/.local/lib/python3.8/site-packages/airflow/example_dags/example_subdag_operator.py for tasks to queue
[2023-12-05T22:55:16.465+0000] {logging_mixin.py:151} INFO - [2023-12-05T22:55:16.465+0000] {dagbag.py:539} INFO - Filling up the DagBag from /home/airflow/.local/lib/python3.8/site-packages/airflow/example_dags/example_subdag_operator.py
[2023-12-05T22:55:16.485+0000] {processor.py:839} INFO - DAG(s) dict_keys(['example_subdag_operator.section-1', 'example_subdag_operator.section-2', 'example_subdag_operator']) retrieved from /home/airflow/.local/lib/python3.8/site-packages/airflow/example_dags/example_subdag_operator.py
[2023-12-05T22:55:16.493+0000] {logging_mixin.py:151} INFO - [2023-12-05T22:55:16.493+0000] {dag.py:2915} INFO - Sync 3 DAGs
[2023-12-05T22:55:16.503+0000] {logging_mixin.py:151} INFO - [2023-12-05T22:55:16.503+0000] {dag.py:3696} INFO - Setting next_dagrun for example_subdag_operator to 2022-01-01T00:00:00+00:00, run_after=2022-01-01T00:00:00+00:00
[2023-12-05T22:55:16.505+0000] {logging_mixin.py:151} INFO - [2023-12-05T22:55:16.505+0000] {dag.py:3696} INFO - Setting next_dagrun for example_subdag_operator.section-1 to None, run_after=None
[2023-12-05T22:55:16.506+0000] {logging_mixin.py:151} INFO - [2023-12-05T22:55:16.505+0000] {dag.py:3696} INFO - Setting next_dagrun for example_subdag_operator.section-2 to None, run_after=None
[2023-12-05T22:55:16.509+0000] {logging_mixin.py:151} INFO - [2023-12-05T22:55:16.509+0000] {dag.py:2915} INFO - Sync 2 DAGs
[2023-12-05T22:55:16.511+0000] {logging_mixin.py:151} INFO - [2023-12-05T22:55:16.511+0000] {dag.py:3696} INFO - Setting next_dagrun for example_subdag_operator.section-1 to None, run_after=None
[2023-12-05T22:55:16.511+0000] {logging_mixin.py:151} INFO - [2023-12-05T22:55:16.511+0000] {dag.py:3696} INFO - Setting next_dagrun for example_subdag_operator.section-2 to None, run_after=None
[2023-12-05T22:55:16.516+0000] {processor.py:179} INFO - Processing /home/airflow/.local/lib/python3.8/site-packages/airflow/example_dags/example_subdag_operator.py took 0.055 seconds
[2023-12-05T23:01:23.620+0000] {processor.py:157} INFO - Started process (PID=60203) to work on /home/airflow/.local/lib/python3.8/site-packages/airflow/example_dags/example_subdag_operator.py
[2023-12-05T23:01:23.623+0000] {processor.py:829} INFO - Processing file /home/airflow/.local/lib/python3.8/site-packages/airflow/example_dags/example_subdag_operator.py for tasks to queue
[2023-12-05T23:01:23.627+0000] {logging_mixin.py:151} INFO - [2023-12-05T23:01:23.626+0000] {dagbag.py:539} INFO - Filling up the DagBag from /home/airflow/.local/lib/python3.8/site-packages/airflow/example_dags/example_subdag_operator.py
[2023-12-05T23:01:23.661+0000] {processor.py:839} INFO - DAG(s) dict_keys(['example_subdag_operator.section-1', 'example_subdag_operator.section-2', 'example_subdag_operator']) retrieved from /home/airflow/.local/lib/python3.8/site-packages/airflow/example_dags/example_subdag_operator.py
[2023-12-05T23:01:23.674+0000] {logging_mixin.py:151} INFO - [2023-12-05T23:01:23.674+0000] {dag.py:2915} INFO - Sync 3 DAGs
[2023-12-05T23:01:23.686+0000] {logging_mixin.py:151} INFO - [2023-12-05T23:01:23.686+0000] {dag.py:3696} INFO - Setting next_dagrun for example_subdag_operator to 2022-01-01T00:00:00+00:00, run_after=2022-01-01T00:00:00+00:00
[2023-12-05T23:01:23.687+0000] {logging_mixin.py:151} INFO - [2023-12-05T23:01:23.687+0000] {dag.py:3696} INFO - Setting next_dagrun for example_subdag_operator.section-1 to None, run_after=None
[2023-12-05T23:01:23.688+0000] {logging_mixin.py:151} INFO - [2023-12-05T23:01:23.688+0000] {dag.py:3696} INFO - Setting next_dagrun for example_subdag_operator.section-2 to None, run_after=None
[2023-12-05T23:01:23.692+0000] {logging_mixin.py:151} INFO - [2023-12-05T23:01:23.692+0000] {dag.py:2915} INFO - Sync 2 DAGs
[2023-12-05T23:01:23.694+0000] {logging_mixin.py:151} INFO - [2023-12-05T23:01:23.694+0000] {dag.py:3696} INFO - Setting next_dagrun for example_subdag_operator.section-1 to None, run_after=None
[2023-12-05T23:01:23.694+0000] {logging_mixin.py:151} INFO - [2023-12-05T23:01:23.694+0000] {dag.py:3696} INFO - Setting next_dagrun for example_subdag_operator.section-2 to None, run_after=None
[2023-12-05T23:01:23.703+0000] {processor.py:179} INFO - Processing /home/airflow/.local/lib/python3.8/site-packages/airflow/example_dags/example_subdag_operator.py took 0.089 seconds
[2023-12-05T23:32:59.385+0000] {processor.py:157} INFO - Started process (PID=60257) to work on /home/airflow/.local/lib/python3.8/site-packages/airflow/example_dags/example_subdag_operator.py
[2023-12-05T23:32:59.386+0000] {processor.py:829} INFO - Processing file /home/airflow/.local/lib/python3.8/site-packages/airflow/example_dags/example_subdag_operator.py for tasks to queue
[2023-12-05T23:32:59.387+0000] {logging_mixin.py:151} INFO - [2023-12-05T23:32:59.387+0000] {dagbag.py:539} INFO - Filling up the DagBag from /home/airflow/.local/lib/python3.8/site-packages/airflow/example_dags/example_subdag_operator.py
[2023-12-05T23:32:59.405+0000] {processor.py:839} INFO - DAG(s) dict_keys(['example_subdag_operator.section-1', 'example_subdag_operator.section-2', 'example_subdag_operator']) retrieved from /home/airflow/.local/lib/python3.8/site-packages/airflow/example_dags/example_subdag_operator.py
[2023-12-05T23:32:59.413+0000] {logging_mixin.py:151} INFO - [2023-12-05T23:32:59.413+0000] {dag.py:2915} INFO - Sync 3 DAGs
[2023-12-05T23:32:59.425+0000] {logging_mixin.py:151} INFO - [2023-12-05T23:32:59.425+0000] {dag.py:3696} INFO - Setting next_dagrun for example_subdag_operator to 2022-01-01T00:00:00+00:00, run_after=2022-01-01T00:00:00+00:00
[2023-12-05T23:32:59.428+0000] {logging_mixin.py:151} INFO - [2023-12-05T23:32:59.427+0000] {dag.py:3696} INFO - Setting next_dagrun for example_subdag_operator.section-1 to None, run_after=None
[2023-12-05T23:32:59.428+0000] {logging_mixin.py:151} INFO - [2023-12-05T23:32:59.428+0000] {dag.py:3696} INFO - Setting next_dagrun for example_subdag_operator.section-2 to None, run_after=None
[2023-12-05T23:32:59.432+0000] {logging_mixin.py:151} INFO - [2023-12-05T23:32:59.432+0000] {dag.py:2915} INFO - Sync 2 DAGs
[2023-12-05T23:32:59.435+0000] {logging_mixin.py:151} INFO - [2023-12-05T23:32:59.435+0000] {dag.py:3696} INFO - Setting next_dagrun for example_subdag_operator.section-1 to None, run_after=None
[2023-12-05T23:32:59.435+0000] {logging_mixin.py:151} INFO - [2023-12-05T23:32:59.435+0000] {dag.py:3696} INFO - Setting next_dagrun for example_subdag_operator.section-2 to None, run_after=None
[2023-12-05T23:32:59.441+0000] {processor.py:179} INFO - Processing /home/airflow/.local/lib/python3.8/site-packages/airflow/example_dags/example_subdag_operator.py took 0.058 seconds
