[2023-12-05T00:42:52.004+0000] {processor.py:157} INFO - Started process (PID=58377) to work on /home/airflow/.local/lib/python3.8/site-packages/airflow/example_dags/example_branch_datetime_operator.py
[2023-12-05T00:42:52.005+0000] {processor.py:829} INFO - Processing file /home/airflow/.local/lib/python3.8/site-packages/airflow/example_dags/example_branch_datetime_operator.py for tasks to queue
[2023-12-05T00:42:52.009+0000] {logging_mixin.py:151} INFO - [2023-12-05T00:42:52.008+0000] {dagbag.py:539} INFO - Filling up the DagBag from /home/airflow/.local/lib/python3.8/site-packages/airflow/example_dags/example_branch_datetime_operator.py
[2023-12-05T00:42:52.020+0000] {processor.py:839} INFO - DAG(s) dict_keys(['example_branch_datetime_operator', 'example_branch_datetime_operator_2', 'example_branch_datetime_operator_3']) retrieved from /home/airflow/.local/lib/python3.8/site-packages/airflow/example_dags/example_branch_datetime_operator.py
[2023-12-05T00:42:52.050+0000] {logging_mixin.py:151} INFO - [2023-12-05T00:42:52.049+0000] {dag.py:2915} INFO - Sync 3 DAGs
[2023-12-05T00:42:52.079+0000] {logging_mixin.py:151} INFO - [2023-12-05T00:42:52.079+0000] {dag.py:3696} INFO - Setting next_dagrun for example_branch_datetime_operator to 2023-12-04T00:00:00+00:00, run_after=2023-12-05T00:00:00+00:00
[2023-12-05T00:42:52.084+0000] {logging_mixin.py:151} INFO - [2023-12-05T00:42:52.084+0000] {dag.py:3696} INFO - Setting next_dagrun for example_branch_datetime_operator_2 to 2023-12-04T00:00:00+00:00, run_after=2023-12-05T00:00:00+00:00
[2023-12-05T00:42:52.087+0000] {logging_mixin.py:151} INFO - [2023-12-05T00:42:52.086+0000] {dag.py:3696} INFO - Setting next_dagrun for example_branch_datetime_operator_3 to 2023-12-04T00:00:00+00:00, run_after=2023-12-05T00:00:00+00:00
[2023-12-05T00:42:52.099+0000] {processor.py:179} INFO - Processing /home/airflow/.local/lib/python3.8/site-packages/airflow/example_dags/example_branch_datetime_operator.py took 0.107 seconds
[2023-12-05T01:15:42.042+0000] {processor.py:157} INFO - Started process (PID=58431) to work on /home/airflow/.local/lib/python3.8/site-packages/airflow/example_dags/example_branch_datetime_operator.py
[2023-12-05T01:15:42.042+0000] {processor.py:829} INFO - Processing file /home/airflow/.local/lib/python3.8/site-packages/airflow/example_dags/example_branch_datetime_operator.py for tasks to queue
[2023-12-05T01:15:42.044+0000] {logging_mixin.py:151} INFO - [2023-12-05T01:15:42.044+0000] {dagbag.py:539} INFO - Filling up the DagBag from /home/airflow/.local/lib/python3.8/site-packages/airflow/example_dags/example_branch_datetime_operator.py
[2023-12-05T01:15:42.051+0000] {processor.py:839} INFO - DAG(s) dict_keys(['example_branch_datetime_operator_3', 'example_branch_datetime_operator_2', 'example_branch_datetime_operator']) retrieved from /home/airflow/.local/lib/python3.8/site-packages/airflow/example_dags/example_branch_datetime_operator.py
[2023-12-05T01:15:42.068+0000] {logging_mixin.py:151} INFO - [2023-12-05T01:15:42.068+0000] {dag.py:2915} INFO - Sync 3 DAGs
[2023-12-05T01:15:42.085+0000] {logging_mixin.py:151} INFO - [2023-12-05T01:15:42.085+0000] {dag.py:3696} INFO - Setting next_dagrun for example_branch_datetime_operator to 2023-12-04T00:00:00+00:00, run_after=2023-12-05T00:00:00+00:00
[2023-12-05T01:15:42.091+0000] {logging_mixin.py:151} INFO - [2023-12-05T01:15:42.091+0000] {dag.py:3696} INFO - Setting next_dagrun for example_branch_datetime_operator_2 to 2023-12-04T00:00:00+00:00, run_after=2023-12-05T00:00:00+00:00
[2023-12-05T01:15:42.094+0000] {logging_mixin.py:151} INFO - [2023-12-05T01:15:42.094+0000] {dag.py:3696} INFO - Setting next_dagrun for example_branch_datetime_operator_3 to 2023-12-04T00:00:00+00:00, run_after=2023-12-05T00:00:00+00:00
[2023-12-05T01:15:42.107+0000] {processor.py:179} INFO - Processing /home/airflow/.local/lib/python3.8/site-packages/airflow/example_dags/example_branch_datetime_operator.py took 0.069 seconds
[2023-12-05T01:37:01.849+0000] {processor.py:157} INFO - Started process (PID=58485) to work on /home/airflow/.local/lib/python3.8/site-packages/airflow/example_dags/example_branch_datetime_operator.py
[2023-12-05T01:37:01.851+0000] {processor.py:829} INFO - Processing file /home/airflow/.local/lib/python3.8/site-packages/airflow/example_dags/example_branch_datetime_operator.py for tasks to queue
[2023-12-05T01:37:01.852+0000] {logging_mixin.py:151} INFO - [2023-12-05T01:37:01.852+0000] {dagbag.py:539} INFO - Filling up the DagBag from /home/airflow/.local/lib/python3.8/site-packages/airflow/example_dags/example_branch_datetime_operator.py
[2023-12-05T01:37:01.858+0000] {processor.py:839} INFO - DAG(s) dict_keys(['example_branch_datetime_operator_2', 'example_branch_datetime_operator', 'example_branch_datetime_operator_3']) retrieved from /home/airflow/.local/lib/python3.8/site-packages/airflow/example_dags/example_branch_datetime_operator.py
[2023-12-05T01:37:01.876+0000] {logging_mixin.py:151} INFO - [2023-12-05T01:37:01.876+0000] {dag.py:2915} INFO - Sync 3 DAGs
[2023-12-05T01:37:01.891+0000] {logging_mixin.py:151} INFO - [2023-12-05T01:37:01.891+0000] {dag.py:3696} INFO - Setting next_dagrun for example_branch_datetime_operator to 2023-12-04T00:00:00+00:00, run_after=2023-12-05T00:00:00+00:00
[2023-12-05T01:37:01.894+0000] {logging_mixin.py:151} INFO - [2023-12-05T01:37:01.894+0000] {dag.py:3696} INFO - Setting next_dagrun for example_branch_datetime_operator_2 to 2023-12-04T00:00:00+00:00, run_after=2023-12-05T00:00:00+00:00
[2023-12-05T01:37:01.895+0000] {logging_mixin.py:151} INFO - [2023-12-05T01:37:01.895+0000] {dag.py:3696} INFO - Setting next_dagrun for example_branch_datetime_operator_3 to 2023-12-04T00:00:00+00:00, run_after=2023-12-05T00:00:00+00:00
[2023-12-05T01:37:01.917+0000] {processor.py:179} INFO - Processing /home/airflow/.local/lib/python3.8/site-packages/airflow/example_dags/example_branch_datetime_operator.py took 0.071 seconds
[2023-12-05T02:26:53.044+0000] {processor.py:157} INFO - Started process (PID=58539) to work on /home/airflow/.local/lib/python3.8/site-packages/airflow/example_dags/example_branch_datetime_operator.py
[2023-12-05T02:26:53.045+0000] {processor.py:829} INFO - Processing file /home/airflow/.local/lib/python3.8/site-packages/airflow/example_dags/example_branch_datetime_operator.py for tasks to queue
[2023-12-05T02:26:53.047+0000] {logging_mixin.py:151} INFO - [2023-12-05T02:26:53.046+0000] {dagbag.py:539} INFO - Filling up the DagBag from /home/airflow/.local/lib/python3.8/site-packages/airflow/example_dags/example_branch_datetime_operator.py
[2023-12-05T02:26:53.054+0000] {processor.py:839} INFO - DAG(s) dict_keys(['example_branch_datetime_operator', 'example_branch_datetime_operator_3', 'example_branch_datetime_operator_2']) retrieved from /home/airflow/.local/lib/python3.8/site-packages/airflow/example_dags/example_branch_datetime_operator.py
[2023-12-05T02:26:53.081+0000] {logging_mixin.py:151} INFO - [2023-12-05T02:26:53.081+0000] {dag.py:2915} INFO - Sync 3 DAGs
[2023-12-05T02:26:53.096+0000] {logging_mixin.py:151} INFO - [2023-12-05T02:26:53.096+0000] {dag.py:3696} INFO - Setting next_dagrun for example_branch_datetime_operator to 2023-12-04T00:00:00+00:00, run_after=2023-12-05T00:00:00+00:00
[2023-12-05T02:26:53.099+0000] {logging_mixin.py:151} INFO - [2023-12-05T02:26:53.098+0000] {dag.py:3696} INFO - Setting next_dagrun for example_branch_datetime_operator_2 to 2023-12-04T00:00:00+00:00, run_after=2023-12-05T00:00:00+00:00
[2023-12-05T02:26:53.100+0000] {logging_mixin.py:151} INFO - [2023-12-05T02:26:53.100+0000] {dag.py:3696} INFO - Setting next_dagrun for example_branch_datetime_operator_3 to 2023-12-04T00:00:00+00:00, run_after=2023-12-05T00:00:00+00:00
[2023-12-05T02:26:53.109+0000] {processor.py:179} INFO - Processing /home/airflow/.local/lib/python3.8/site-packages/airflow/example_dags/example_branch_datetime_operator.py took 0.069 seconds
[2023-12-05T03:26:09.805+0000] {processor.py:157} INFO - Started process (PID=58593) to work on /home/airflow/.local/lib/python3.8/site-packages/airflow/example_dags/example_branch_datetime_operator.py
[2023-12-05T03:26:09.806+0000] {processor.py:829} INFO - Processing file /home/airflow/.local/lib/python3.8/site-packages/airflow/example_dags/example_branch_datetime_operator.py for tasks to queue
[2023-12-05T03:26:09.808+0000] {logging_mixin.py:151} INFO - [2023-12-05T03:26:09.807+0000] {dagbag.py:539} INFO - Filling up the DagBag from /home/airflow/.local/lib/python3.8/site-packages/airflow/example_dags/example_branch_datetime_operator.py
[2023-12-05T03:26:09.815+0000] {processor.py:839} INFO - DAG(s) dict_keys(['example_branch_datetime_operator_3', 'example_branch_datetime_operator_2', 'example_branch_datetime_operator']) retrieved from /home/airflow/.local/lib/python3.8/site-packages/airflow/example_dags/example_branch_datetime_operator.py
[2023-12-05T03:26:09.842+0000] {logging_mixin.py:151} INFO - [2023-12-05T03:26:09.842+0000] {dag.py:2915} INFO - Sync 3 DAGs
[2023-12-05T03:26:09.860+0000] {logging_mixin.py:151} INFO - [2023-12-05T03:26:09.859+0000] {dag.py:3696} INFO - Setting next_dagrun for example_branch_datetime_operator to 2023-12-04T00:00:00+00:00, run_after=2023-12-05T00:00:00+00:00
[2023-12-05T03:26:09.863+0000] {logging_mixin.py:151} INFO - [2023-12-05T03:26:09.863+0000] {dag.py:3696} INFO - Setting next_dagrun for example_branch_datetime_operator_2 to 2023-12-04T00:00:00+00:00, run_after=2023-12-05T00:00:00+00:00
[2023-12-05T03:26:09.864+0000] {logging_mixin.py:151} INFO - [2023-12-05T03:26:09.864+0000] {dag.py:3696} INFO - Setting next_dagrun for example_branch_datetime_operator_3 to 2023-12-04T00:00:00+00:00, run_after=2023-12-05T00:00:00+00:00
[2023-12-05T03:26:09.873+0000] {processor.py:179} INFO - Processing /home/airflow/.local/lib/python3.8/site-packages/airflow/example_dags/example_branch_datetime_operator.py took 0.072 seconds
[2023-12-05T03:59:17.705+0000] {processor.py:157} INFO - Started process (PID=58647) to work on /home/airflow/.local/lib/python3.8/site-packages/airflow/example_dags/example_branch_datetime_operator.py
[2023-12-05T03:59:17.706+0000] {processor.py:829} INFO - Processing file /home/airflow/.local/lib/python3.8/site-packages/airflow/example_dags/example_branch_datetime_operator.py for tasks to queue
[2023-12-05T03:59:17.707+0000] {logging_mixin.py:151} INFO - [2023-12-05T03:59:17.707+0000] {dagbag.py:539} INFO - Filling up the DagBag from /home/airflow/.local/lib/python3.8/site-packages/airflow/example_dags/example_branch_datetime_operator.py
[2023-12-05T03:59:17.714+0000] {processor.py:839} INFO - DAG(s) dict_keys(['example_branch_datetime_operator', 'example_branch_datetime_operator_3', 'example_branch_datetime_operator_2']) retrieved from /home/airflow/.local/lib/python3.8/site-packages/airflow/example_dags/example_branch_datetime_operator.py
[2023-12-05T03:59:17.738+0000] {logging_mixin.py:151} INFO - [2023-12-05T03:59:17.738+0000] {dag.py:2915} INFO - Sync 3 DAGs
[2023-12-05T03:59:17.757+0000] {logging_mixin.py:151} INFO - [2023-12-05T03:59:17.757+0000] {dag.py:3696} INFO - Setting next_dagrun for example_branch_datetime_operator to 2023-12-04T00:00:00+00:00, run_after=2023-12-05T00:00:00+00:00
[2023-12-05T03:59:17.760+0000] {logging_mixin.py:151} INFO - [2023-12-05T03:59:17.760+0000] {dag.py:3696} INFO - Setting next_dagrun for example_branch_datetime_operator_2 to 2023-12-04T00:00:00+00:00, run_after=2023-12-05T00:00:00+00:00
[2023-12-05T03:59:17.762+0000] {logging_mixin.py:151} INFO - [2023-12-05T03:59:17.762+0000] {dag.py:3696} INFO - Setting next_dagrun for example_branch_datetime_operator_3 to 2023-12-04T00:00:00+00:00, run_after=2023-12-05T00:00:00+00:00
[2023-12-05T03:59:17.772+0000] {processor.py:179} INFO - Processing /home/airflow/.local/lib/python3.8/site-packages/airflow/example_dags/example_branch_datetime_operator.py took 0.070 seconds
[2023-12-05T04:55:33.966+0000] {processor.py:157} INFO - Started process (PID=58702) to work on /home/airflow/.local/lib/python3.8/site-packages/airflow/example_dags/example_branch_datetime_operator.py
[2023-12-05T04:55:33.967+0000] {processor.py:829} INFO - Processing file /home/airflow/.local/lib/python3.8/site-packages/airflow/example_dags/example_branch_datetime_operator.py for tasks to queue
[2023-12-05T04:55:33.969+0000] {logging_mixin.py:151} INFO - [2023-12-05T04:55:33.969+0000] {dagbag.py:539} INFO - Filling up the DagBag from /home/airflow/.local/lib/python3.8/site-packages/airflow/example_dags/example_branch_datetime_operator.py
[2023-12-05T04:55:33.976+0000] {processor.py:839} INFO - DAG(s) dict_keys(['example_branch_datetime_operator', 'example_branch_datetime_operator_2', 'example_branch_datetime_operator_3']) retrieved from /home/airflow/.local/lib/python3.8/site-packages/airflow/example_dags/example_branch_datetime_operator.py
[2023-12-05T04:55:33.991+0000] {logging_mixin.py:151} INFO - [2023-12-05T04:55:33.991+0000] {dag.py:2915} INFO - Sync 3 DAGs
[2023-12-05T04:55:34.005+0000] {logging_mixin.py:151} INFO - [2023-12-05T04:55:34.005+0000] {dag.py:3696} INFO - Setting next_dagrun for example_branch_datetime_operator to 2023-12-04T00:00:00+00:00, run_after=2023-12-05T00:00:00+00:00
[2023-12-05T04:55:34.008+0000] {logging_mixin.py:151} INFO - [2023-12-05T04:55:34.008+0000] {dag.py:3696} INFO - Setting next_dagrun for example_branch_datetime_operator_2 to 2023-12-04T00:00:00+00:00, run_after=2023-12-05T00:00:00+00:00
[2023-12-05T04:55:34.009+0000] {logging_mixin.py:151} INFO - [2023-12-05T04:55:34.009+0000] {dag.py:3696} INFO - Setting next_dagrun for example_branch_datetime_operator_3 to 2023-12-04T00:00:00+00:00, run_after=2023-12-05T00:00:00+00:00
[2023-12-05T04:55:34.016+0000] {processor.py:179} INFO - Processing /home/airflow/.local/lib/python3.8/site-packages/airflow/example_dags/example_branch_datetime_operator.py took 0.052 seconds
[2023-12-05T06:01:03.347+0000] {processor.py:157} INFO - Started process (PID=58756) to work on /home/airflow/.local/lib/python3.8/site-packages/airflow/example_dags/example_branch_datetime_operator.py
[2023-12-05T06:01:03.348+0000] {processor.py:829} INFO - Processing file /home/airflow/.local/lib/python3.8/site-packages/airflow/example_dags/example_branch_datetime_operator.py for tasks to queue
[2023-12-05T06:01:03.350+0000] {logging_mixin.py:151} INFO - [2023-12-05T06:01:03.350+0000] {dagbag.py:539} INFO - Filling up the DagBag from /home/airflow/.local/lib/python3.8/site-packages/airflow/example_dags/example_branch_datetime_operator.py
[2023-12-05T06:01:03.357+0000] {processor.py:839} INFO - DAG(s) dict_keys(['example_branch_datetime_operator', 'example_branch_datetime_operator_3', 'example_branch_datetime_operator_2']) retrieved from /home/airflow/.local/lib/python3.8/site-packages/airflow/example_dags/example_branch_datetime_operator.py
[2023-12-05T06:01:03.373+0000] {logging_mixin.py:151} INFO - [2023-12-05T06:01:03.373+0000] {dag.py:2915} INFO - Sync 3 DAGs
[2023-12-05T06:01:03.388+0000] {logging_mixin.py:151} INFO - [2023-12-05T06:01:03.388+0000] {dag.py:3696} INFO - Setting next_dagrun for example_branch_datetime_operator to 2023-12-04T00:00:00+00:00, run_after=2023-12-05T00:00:00+00:00
[2023-12-05T06:01:03.392+0000] {logging_mixin.py:151} INFO - [2023-12-05T06:01:03.392+0000] {dag.py:3696} INFO - Setting next_dagrun for example_branch_datetime_operator_2 to 2023-12-04T00:00:00+00:00, run_after=2023-12-05T00:00:00+00:00
[2023-12-05T06:01:03.394+0000] {logging_mixin.py:151} INFO - [2023-12-05T06:01:03.393+0000] {dag.py:3696} INFO - Setting next_dagrun for example_branch_datetime_operator_3 to 2023-12-04T00:00:00+00:00, run_after=2023-12-05T00:00:00+00:00
[2023-12-05T06:01:03.403+0000] {processor.py:179} INFO - Processing /home/airflow/.local/lib/python3.8/site-packages/airflow/example_dags/example_branch_datetime_operator.py took 0.058 seconds
[2023-12-05T07:19:27.826+0000] {processor.py:157} INFO - Started process (PID=58810) to work on /home/airflow/.local/lib/python3.8/site-packages/airflow/example_dags/example_branch_datetime_operator.py
[2023-12-05T07:19:27.827+0000] {processor.py:829} INFO - Processing file /home/airflow/.local/lib/python3.8/site-packages/airflow/example_dags/example_branch_datetime_operator.py for tasks to queue
[2023-12-05T07:19:27.828+0000] {logging_mixin.py:151} INFO - [2023-12-05T07:19:27.828+0000] {dagbag.py:539} INFO - Filling up the DagBag from /home/airflow/.local/lib/python3.8/site-packages/airflow/example_dags/example_branch_datetime_operator.py
[2023-12-05T07:19:27.839+0000] {processor.py:839} INFO - DAG(s) dict_keys(['example_branch_datetime_operator', 'example_branch_datetime_operator_3', 'example_branch_datetime_operator_2']) retrieved from /home/airflow/.local/lib/python3.8/site-packages/airflow/example_dags/example_branch_datetime_operator.py
[2023-12-05T07:19:27.865+0000] {logging_mixin.py:151} INFO - [2023-12-05T07:19:27.865+0000] {dag.py:2915} INFO - Sync 3 DAGs
[2023-12-05T07:19:27.880+0000] {logging_mixin.py:151} INFO - [2023-12-05T07:19:27.880+0000] {dag.py:3696} INFO - Setting next_dagrun for example_branch_datetime_operator to 2023-12-04T00:00:00+00:00, run_after=2023-12-05T00:00:00+00:00
[2023-12-05T07:19:27.883+0000] {logging_mixin.py:151} INFO - [2023-12-05T07:19:27.883+0000] {dag.py:3696} INFO - Setting next_dagrun for example_branch_datetime_operator_2 to 2023-12-04T00:00:00+00:00, run_after=2023-12-05T00:00:00+00:00
[2023-12-05T07:19:27.885+0000] {logging_mixin.py:151} INFO - [2023-12-05T07:19:27.885+0000] {dag.py:3696} INFO - Setting next_dagrun for example_branch_datetime_operator_3 to 2023-12-04T00:00:00+00:00, run_after=2023-12-05T00:00:00+00:00
[2023-12-05T07:19:27.907+0000] {processor.py:179} INFO - Processing /home/airflow/.local/lib/python3.8/site-packages/airflow/example_dags/example_branch_datetime_operator.py took 0.084 seconds
[2023-12-05T08:25:29.188+0000] {processor.py:157} INFO - Started process (PID=58864) to work on /home/airflow/.local/lib/python3.8/site-packages/airflow/example_dags/example_branch_datetime_operator.py
[2023-12-05T08:25:29.189+0000] {processor.py:829} INFO - Processing file /home/airflow/.local/lib/python3.8/site-packages/airflow/example_dags/example_branch_datetime_operator.py for tasks to queue
[2023-12-05T08:25:29.191+0000] {logging_mixin.py:151} INFO - [2023-12-05T08:25:29.191+0000] {dagbag.py:539} INFO - Filling up the DagBag from /home/airflow/.local/lib/python3.8/site-packages/airflow/example_dags/example_branch_datetime_operator.py
[2023-12-05T08:25:29.198+0000] {processor.py:839} INFO - DAG(s) dict_keys(['example_branch_datetime_operator_3', 'example_branch_datetime_operator_2', 'example_branch_datetime_operator']) retrieved from /home/airflow/.local/lib/python3.8/site-packages/airflow/example_dags/example_branch_datetime_operator.py
[2023-12-05T08:25:29.227+0000] {logging_mixin.py:151} INFO - [2023-12-05T08:25:29.226+0000] {dag.py:2915} INFO - Sync 3 DAGs
[2023-12-05T08:25:29.247+0000] {logging_mixin.py:151} INFO - [2023-12-05T08:25:29.246+0000] {dag.py:3696} INFO - Setting next_dagrun for example_branch_datetime_operator to 2023-12-04T00:00:00+00:00, run_after=2023-12-05T00:00:00+00:00
[2023-12-05T08:25:29.251+0000] {logging_mixin.py:151} INFO - [2023-12-05T08:25:29.251+0000] {dag.py:3696} INFO - Setting next_dagrun for example_branch_datetime_operator_2 to 2023-12-04T00:00:00+00:00, run_after=2023-12-05T00:00:00+00:00
[2023-12-05T08:25:29.254+0000] {logging_mixin.py:151} INFO - [2023-12-05T08:25:29.254+0000] {dag.py:3696} INFO - Setting next_dagrun for example_branch_datetime_operator_3 to 2023-12-04T00:00:00+00:00, run_after=2023-12-05T00:00:00+00:00
[2023-12-05T08:25:29.270+0000] {processor.py:179} INFO - Processing /home/airflow/.local/lib/python3.8/site-packages/airflow/example_dags/example_branch_datetime_operator.py took 0.085 seconds
[2023-12-05T08:31:44.084+0000] {processor.py:157} INFO - Started process (PID=58918) to work on /home/airflow/.local/lib/python3.8/site-packages/airflow/example_dags/example_branch_datetime_operator.py
[2023-12-05T08:31:44.086+0000] {processor.py:829} INFO - Processing file /home/airflow/.local/lib/python3.8/site-packages/airflow/example_dags/example_branch_datetime_operator.py for tasks to queue
[2023-12-05T08:31:44.088+0000] {logging_mixin.py:151} INFO - [2023-12-05T08:31:44.088+0000] {dagbag.py:539} INFO - Filling up the DagBag from /home/airflow/.local/lib/python3.8/site-packages/airflow/example_dags/example_branch_datetime_operator.py
[2023-12-05T08:31:44.096+0000] {processor.py:839} INFO - DAG(s) dict_keys(['example_branch_datetime_operator', 'example_branch_datetime_operator_2', 'example_branch_datetime_operator_3']) retrieved from /home/airflow/.local/lib/python3.8/site-packages/airflow/example_dags/example_branch_datetime_operator.py
[2023-12-05T08:31:44.115+0000] {logging_mixin.py:151} INFO - [2023-12-05T08:31:44.115+0000] {dag.py:2915} INFO - Sync 3 DAGs
[2023-12-05T08:31:44.130+0000] {logging_mixin.py:151} INFO - [2023-12-05T08:31:44.130+0000] {dag.py:3696} INFO - Setting next_dagrun for example_branch_datetime_operator to 2023-12-04T00:00:00+00:00, run_after=2023-12-05T00:00:00+00:00
[2023-12-05T08:31:44.133+0000] {logging_mixin.py:151} INFO - [2023-12-05T08:31:44.133+0000] {dag.py:3696} INFO - Setting next_dagrun for example_branch_datetime_operator_2 to 2023-12-04T00:00:00+00:00, run_after=2023-12-05T00:00:00+00:00
[2023-12-05T08:31:44.134+0000] {logging_mixin.py:151} INFO - [2023-12-05T08:31:44.134+0000] {dag.py:3696} INFO - Setting next_dagrun for example_branch_datetime_operator_3 to 2023-12-04T00:00:00+00:00, run_after=2023-12-05T00:00:00+00:00
[2023-12-05T08:31:44.143+0000] {processor.py:179} INFO - Processing /home/airflow/.local/lib/python3.8/site-packages/airflow/example_dags/example_branch_datetime_operator.py took 0.063 seconds
[2023-12-05T08:32:16.960+0000] {processor.py:157} INFO - Started process (PID=58972) to work on /home/airflow/.local/lib/python3.8/site-packages/airflow/example_dags/example_branch_datetime_operator.py
[2023-12-05T08:32:16.962+0000] {processor.py:829} INFO - Processing file /home/airflow/.local/lib/python3.8/site-packages/airflow/example_dags/example_branch_datetime_operator.py for tasks to queue
[2023-12-05T08:32:16.963+0000] {logging_mixin.py:151} INFO - [2023-12-05T08:32:16.963+0000] {dagbag.py:539} INFO - Filling up the DagBag from /home/airflow/.local/lib/python3.8/site-packages/airflow/example_dags/example_branch_datetime_operator.py
[2023-12-05T08:32:16.970+0000] {processor.py:839} INFO - DAG(s) dict_keys(['example_branch_datetime_operator', 'example_branch_datetime_operator_2', 'example_branch_datetime_operator_3']) retrieved from /home/airflow/.local/lib/python3.8/site-packages/airflow/example_dags/example_branch_datetime_operator.py
[2023-12-05T08:32:16.987+0000] {logging_mixin.py:151} INFO - [2023-12-05T08:32:16.987+0000] {dag.py:2915} INFO - Sync 3 DAGs
[2023-12-05T08:32:17.006+0000] {logging_mixin.py:151} INFO - [2023-12-05T08:32:17.005+0000] {dag.py:3696} INFO - Setting next_dagrun for example_branch_datetime_operator to 2023-12-04T00:00:00+00:00, run_after=2023-12-05T00:00:00+00:00
[2023-12-05T08:32:17.008+0000] {logging_mixin.py:151} INFO - [2023-12-05T08:32:17.008+0000] {dag.py:3696} INFO - Setting next_dagrun for example_branch_datetime_operator_2 to 2023-12-04T00:00:00+00:00, run_after=2023-12-05T00:00:00+00:00
[2023-12-05T08:32:17.010+0000] {logging_mixin.py:151} INFO - [2023-12-05T08:32:17.010+0000] {dag.py:3696} INFO - Setting next_dagrun for example_branch_datetime_operator_3 to 2023-12-04T00:00:00+00:00, run_after=2023-12-05T00:00:00+00:00
[2023-12-05T08:32:17.019+0000] {processor.py:179} INFO - Processing /home/airflow/.local/lib/python3.8/site-packages/airflow/example_dags/example_branch_datetime_operator.py took 0.061 seconds
[2023-12-05T08:34:02.259+0000] {processor.py:157} INFO - Started process (PID=59026) to work on /home/airflow/.local/lib/python3.8/site-packages/airflow/example_dags/example_branch_datetime_operator.py
[2023-12-05T08:34:02.260+0000] {processor.py:829} INFO - Processing file /home/airflow/.local/lib/python3.8/site-packages/airflow/example_dags/example_branch_datetime_operator.py for tasks to queue
[2023-12-05T08:34:02.261+0000] {logging_mixin.py:151} INFO - [2023-12-05T08:34:02.261+0000] {dagbag.py:539} INFO - Filling up the DagBag from /home/airflow/.local/lib/python3.8/site-packages/airflow/example_dags/example_branch_datetime_operator.py
[2023-12-05T08:34:02.267+0000] {processor.py:839} INFO - DAG(s) dict_keys(['example_branch_datetime_operator', 'example_branch_datetime_operator_2', 'example_branch_datetime_operator_3']) retrieved from /home/airflow/.local/lib/python3.8/site-packages/airflow/example_dags/example_branch_datetime_operator.py
[2023-12-05T08:34:02.283+0000] {logging_mixin.py:151} INFO - [2023-12-05T08:34:02.283+0000] {dag.py:2915} INFO - Sync 3 DAGs
[2023-12-05T08:34:02.295+0000] {logging_mixin.py:151} INFO - [2023-12-05T08:34:02.295+0000] {dag.py:3696} INFO - Setting next_dagrun for example_branch_datetime_operator to 2023-12-04T00:00:00+00:00, run_after=2023-12-05T00:00:00+00:00
[2023-12-05T08:34:02.298+0000] {logging_mixin.py:151} INFO - [2023-12-05T08:34:02.298+0000] {dag.py:3696} INFO - Setting next_dagrun for example_branch_datetime_operator_2 to 2023-12-04T00:00:00+00:00, run_after=2023-12-05T00:00:00+00:00
[2023-12-05T08:34:02.299+0000] {logging_mixin.py:151} INFO - [2023-12-05T08:34:02.299+0000] {dag.py:3696} INFO - Setting next_dagrun for example_branch_datetime_operator_3 to 2023-12-04T00:00:00+00:00, run_after=2023-12-05T00:00:00+00:00
[2023-12-05T08:34:02.307+0000] {processor.py:179} INFO - Processing /home/airflow/.local/lib/python3.8/site-packages/airflow/example_dags/example_branch_datetime_operator.py took 0.050 seconds
[2023-12-05T08:55:45.624+0000] {processor.py:157} INFO - Started process (PID=59080) to work on /home/airflow/.local/lib/python3.8/site-packages/airflow/example_dags/example_branch_datetime_operator.py
[2023-12-05T08:55:45.625+0000] {processor.py:829} INFO - Processing file /home/airflow/.local/lib/python3.8/site-packages/airflow/example_dags/example_branch_datetime_operator.py for tasks to queue
[2023-12-05T08:55:45.627+0000] {logging_mixin.py:151} INFO - [2023-12-05T08:55:45.627+0000] {dagbag.py:539} INFO - Filling up the DagBag from /home/airflow/.local/lib/python3.8/site-packages/airflow/example_dags/example_branch_datetime_operator.py
[2023-12-05T08:55:45.635+0000] {processor.py:839} INFO - DAG(s) dict_keys(['example_branch_datetime_operator_2', 'example_branch_datetime_operator', 'example_branch_datetime_operator_3']) retrieved from /home/airflow/.local/lib/python3.8/site-packages/airflow/example_dags/example_branch_datetime_operator.py
[2023-12-05T08:55:45.662+0000] {logging_mixin.py:151} INFO - [2023-12-05T08:55:45.662+0000] {dag.py:2915} INFO - Sync 3 DAGs
[2023-12-05T08:55:45.677+0000] {logging_mixin.py:151} INFO - [2023-12-05T08:55:45.677+0000] {dag.py:3696} INFO - Setting next_dagrun for example_branch_datetime_operator to 2023-12-04T00:00:00+00:00, run_after=2023-12-05T00:00:00+00:00
[2023-12-05T08:55:45.683+0000] {logging_mixin.py:151} INFO - [2023-12-05T08:55:45.683+0000] {dag.py:3696} INFO - Setting next_dagrun for example_branch_datetime_operator_2 to 2023-12-04T00:00:00+00:00, run_after=2023-12-05T00:00:00+00:00
[2023-12-05T08:55:45.690+0000] {logging_mixin.py:151} INFO - [2023-12-05T08:55:45.690+0000] {dag.py:3696} INFO - Setting next_dagrun for example_branch_datetime_operator_3 to 2023-12-04T00:00:00+00:00, run_after=2023-12-05T00:00:00+00:00
[2023-12-05T08:55:45.703+0000] {processor.py:179} INFO - Processing /home/airflow/.local/lib/python3.8/site-packages/airflow/example_dags/example_branch_datetime_operator.py took 0.082 seconds
[2023-12-05T10:11:03.771+0000] {processor.py:157} INFO - Started process (PID=59134) to work on /home/airflow/.local/lib/python3.8/site-packages/airflow/example_dags/example_branch_datetime_operator.py
[2023-12-05T10:11:03.772+0000] {processor.py:829} INFO - Processing file /home/airflow/.local/lib/python3.8/site-packages/airflow/example_dags/example_branch_datetime_operator.py for tasks to queue
[2023-12-05T10:11:03.774+0000] {logging_mixin.py:151} INFO - [2023-12-05T10:11:03.774+0000] {dagbag.py:539} INFO - Filling up the DagBag from /home/airflow/.local/lib/python3.8/site-packages/airflow/example_dags/example_branch_datetime_operator.py
[2023-12-05T10:11:03.781+0000] {processor.py:839} INFO - DAG(s) dict_keys(['example_branch_datetime_operator_3', 'example_branch_datetime_operator', 'example_branch_datetime_operator_2']) retrieved from /home/airflow/.local/lib/python3.8/site-packages/airflow/example_dags/example_branch_datetime_operator.py
[2023-12-05T10:11:03.801+0000] {logging_mixin.py:151} INFO - [2023-12-05T10:11:03.800+0000] {dag.py:2915} INFO - Sync 3 DAGs
[2023-12-05T10:11:03.817+0000] {logging_mixin.py:151} INFO - [2023-12-05T10:11:03.817+0000] {dag.py:3696} INFO - Setting next_dagrun for example_branch_datetime_operator to 2023-12-04T00:00:00+00:00, run_after=2023-12-05T00:00:00+00:00
[2023-12-05T10:11:03.821+0000] {logging_mixin.py:151} INFO - [2023-12-05T10:11:03.821+0000] {dag.py:3696} INFO - Setting next_dagrun for example_branch_datetime_operator_2 to 2023-12-04T00:00:00+00:00, run_after=2023-12-05T00:00:00+00:00
[2023-12-05T10:11:03.822+0000] {logging_mixin.py:151} INFO - [2023-12-05T10:11:03.822+0000] {dag.py:3696} INFO - Setting next_dagrun for example_branch_datetime_operator_3 to 2023-12-04T00:00:00+00:00, run_after=2023-12-05T00:00:00+00:00
[2023-12-05T10:11:03.834+0000] {processor.py:179} INFO - Processing /home/airflow/.local/lib/python3.8/site-packages/airflow/example_dags/example_branch_datetime_operator.py took 0.066 seconds
[2023-12-05T10:30:49.216+0000] {processor.py:157} INFO - Started process (PID=59188) to work on /home/airflow/.local/lib/python3.8/site-packages/airflow/example_dags/example_branch_datetime_operator.py
[2023-12-05T10:30:49.217+0000] {processor.py:829} INFO - Processing file /home/airflow/.local/lib/python3.8/site-packages/airflow/example_dags/example_branch_datetime_operator.py for tasks to queue
[2023-12-05T10:30:49.219+0000] {logging_mixin.py:151} INFO - [2023-12-05T10:30:49.218+0000] {dagbag.py:539} INFO - Filling up the DagBag from /home/airflow/.local/lib/python3.8/site-packages/airflow/example_dags/example_branch_datetime_operator.py
[2023-12-05T10:30:49.226+0000] {processor.py:839} INFO - DAG(s) dict_keys(['example_branch_datetime_operator', 'example_branch_datetime_operator_3', 'example_branch_datetime_operator_2']) retrieved from /home/airflow/.local/lib/python3.8/site-packages/airflow/example_dags/example_branch_datetime_operator.py
[2023-12-05T10:30:49.245+0000] {logging_mixin.py:151} INFO - [2023-12-05T10:30:49.245+0000] {dag.py:2915} INFO - Sync 3 DAGs
[2023-12-05T10:30:49.259+0000] {logging_mixin.py:151} INFO - [2023-12-05T10:30:49.259+0000] {dag.py:3696} INFO - Setting next_dagrun for example_branch_datetime_operator to 2023-12-04T00:00:00+00:00, run_after=2023-12-05T00:00:00+00:00
[2023-12-05T10:30:49.261+0000] {logging_mixin.py:151} INFO - [2023-12-05T10:30:49.261+0000] {dag.py:3696} INFO - Setting next_dagrun for example_branch_datetime_operator_2 to 2023-12-04T00:00:00+00:00, run_after=2023-12-05T00:00:00+00:00
[2023-12-05T10:30:49.262+0000] {logging_mixin.py:151} INFO - [2023-12-05T10:30:49.262+0000] {dag.py:3696} INFO - Setting next_dagrun for example_branch_datetime_operator_3 to 2023-12-04T00:00:00+00:00, run_after=2023-12-05T00:00:00+00:00
[2023-12-05T10:30:49.273+0000] {processor.py:179} INFO - Processing /home/airflow/.local/lib/python3.8/site-packages/airflow/example_dags/example_branch_datetime_operator.py took 0.060 seconds
[2023-12-05T11:07:01.281+0000] {processor.py:157} INFO - Started process (PID=59242) to work on /home/airflow/.local/lib/python3.8/site-packages/airflow/example_dags/example_branch_datetime_operator.py
[2023-12-05T11:07:01.283+0000] {processor.py:829} INFO - Processing file /home/airflow/.local/lib/python3.8/site-packages/airflow/example_dags/example_branch_datetime_operator.py for tasks to queue
[2023-12-05T11:07:01.290+0000] {logging_mixin.py:151} INFO - [2023-12-05T11:07:01.290+0000] {dagbag.py:539} INFO - Filling up the DagBag from /home/airflow/.local/lib/python3.8/site-packages/airflow/example_dags/example_branch_datetime_operator.py
[2023-12-05T11:07:01.303+0000] {processor.py:839} INFO - DAG(s) dict_keys(['example_branch_datetime_operator', 'example_branch_datetime_operator_3', 'example_branch_datetime_operator_2']) retrieved from /home/airflow/.local/lib/python3.8/site-packages/airflow/example_dags/example_branch_datetime_operator.py
[2023-12-05T11:07:01.345+0000] {logging_mixin.py:151} INFO - [2023-12-05T11:07:01.345+0000] {dag.py:2915} INFO - Sync 3 DAGs
[2023-12-05T11:07:01.380+0000] {logging_mixin.py:151} INFO - [2023-12-05T11:07:01.379+0000] {dag.py:3696} INFO - Setting next_dagrun for example_branch_datetime_operator to 2023-12-04T00:00:00+00:00, run_after=2023-12-05T00:00:00+00:00
[2023-12-05T11:07:01.383+0000] {logging_mixin.py:151} INFO - [2023-12-05T11:07:01.383+0000] {dag.py:3696} INFO - Setting next_dagrun for example_branch_datetime_operator_2 to 2023-12-04T00:00:00+00:00, run_after=2023-12-05T00:00:00+00:00
[2023-12-05T11:07:01.384+0000] {logging_mixin.py:151} INFO - [2023-12-05T11:07:01.384+0000] {dag.py:3696} INFO - Setting next_dagrun for example_branch_datetime_operator_3 to 2023-12-04T00:00:00+00:00, run_after=2023-12-05T00:00:00+00:00
[2023-12-05T11:07:01.394+0000] {processor.py:179} INFO - Processing /home/airflow/.local/lib/python3.8/site-packages/airflow/example_dags/example_branch_datetime_operator.py took 0.124 seconds
[2023-12-05T12:00:58.234+0000] {processor.py:157} INFO - Started process (PID=59296) to work on /home/airflow/.local/lib/python3.8/site-packages/airflow/example_dags/example_branch_datetime_operator.py
[2023-12-05T12:00:58.235+0000] {processor.py:829} INFO - Processing file /home/airflow/.local/lib/python3.8/site-packages/airflow/example_dags/example_branch_datetime_operator.py for tasks to queue
[2023-12-05T12:00:58.237+0000] {logging_mixin.py:151} INFO - [2023-12-05T12:00:58.237+0000] {dagbag.py:539} INFO - Filling up the DagBag from /home/airflow/.local/lib/python3.8/site-packages/airflow/example_dags/example_branch_datetime_operator.py
[2023-12-05T12:00:58.247+0000] {processor.py:839} INFO - DAG(s) dict_keys(['example_branch_datetime_operator_3', 'example_branch_datetime_operator_2', 'example_branch_datetime_operator']) retrieved from /home/airflow/.local/lib/python3.8/site-packages/airflow/example_dags/example_branch_datetime_operator.py
[2023-12-05T12:00:58.276+0000] {logging_mixin.py:151} INFO - [2023-12-05T12:00:58.275+0000] {dag.py:2915} INFO - Sync 3 DAGs
[2023-12-05T12:00:58.308+0000] {logging_mixin.py:151} INFO - [2023-12-05T12:00:58.307+0000] {dag.py:3696} INFO - Setting next_dagrun for example_branch_datetime_operator to 2023-12-04T00:00:00+00:00, run_after=2023-12-05T00:00:00+00:00
[2023-12-05T12:00:58.314+0000] {logging_mixin.py:151} INFO - [2023-12-05T12:00:58.314+0000] {dag.py:3696} INFO - Setting next_dagrun for example_branch_datetime_operator_2 to 2023-12-04T00:00:00+00:00, run_after=2023-12-05T00:00:00+00:00
[2023-12-05T12:00:58.329+0000] {logging_mixin.py:151} INFO - [2023-12-05T12:00:58.328+0000] {dag.py:3696} INFO - Setting next_dagrun for example_branch_datetime_operator_3 to 2023-12-04T00:00:00+00:00, run_after=2023-12-05T00:00:00+00:00
[2023-12-05T12:00:58.386+0000] {processor.py:179} INFO - Processing /home/airflow/.local/lib/python3.8/site-packages/airflow/example_dags/example_branch_datetime_operator.py took 0.157 seconds
[2023-12-05T13:02:51.088+0000] {processor.py:157} INFO - Started process (PID=59350) to work on /home/airflow/.local/lib/python3.8/site-packages/airflow/example_dags/example_branch_datetime_operator.py
[2023-12-05T13:02:51.089+0000] {processor.py:829} INFO - Processing file /home/airflow/.local/lib/python3.8/site-packages/airflow/example_dags/example_branch_datetime_operator.py for tasks to queue
[2023-12-05T13:02:51.091+0000] {logging_mixin.py:151} INFO - [2023-12-05T13:02:51.091+0000] {dagbag.py:539} INFO - Filling up the DagBag from /home/airflow/.local/lib/python3.8/site-packages/airflow/example_dags/example_branch_datetime_operator.py
[2023-12-05T13:02:51.099+0000] {processor.py:839} INFO - DAG(s) dict_keys(['example_branch_datetime_operator_2', 'example_branch_datetime_operator', 'example_branch_datetime_operator_3']) retrieved from /home/airflow/.local/lib/python3.8/site-packages/airflow/example_dags/example_branch_datetime_operator.py
[2023-12-05T13:02:51.119+0000] {logging_mixin.py:151} INFO - [2023-12-05T13:02:51.119+0000] {dag.py:2915} INFO - Sync 3 DAGs
[2023-12-05T13:02:51.137+0000] {logging_mixin.py:151} INFO - [2023-12-05T13:02:51.136+0000] {dag.py:3696} INFO - Setting next_dagrun for example_branch_datetime_operator to 2023-12-04T00:00:00+00:00, run_after=2023-12-05T00:00:00+00:00
[2023-12-05T13:02:51.143+0000] {logging_mixin.py:151} INFO - [2023-12-05T13:02:51.143+0000] {dag.py:3696} INFO - Setting next_dagrun for example_branch_datetime_operator_2 to 2023-12-04T00:00:00+00:00, run_after=2023-12-05T00:00:00+00:00
[2023-12-05T13:02:51.146+0000] {logging_mixin.py:151} INFO - [2023-12-05T13:02:51.146+0000] {dag.py:3696} INFO - Setting next_dagrun for example_branch_datetime_operator_3 to 2023-12-04T00:00:00+00:00, run_after=2023-12-05T00:00:00+00:00
[2023-12-05T13:02:51.156+0000] {processor.py:179} INFO - Processing /home/airflow/.local/lib/python3.8/site-packages/airflow/example_dags/example_branch_datetime_operator.py took 0.071 seconds
[2023-12-05T13:15:01.335+0000] {processor.py:157} INFO - Started process (PID=59404) to work on /home/airflow/.local/lib/python3.8/site-packages/airflow/example_dags/example_branch_datetime_operator.py
[2023-12-05T13:15:01.337+0000] {processor.py:829} INFO - Processing file /home/airflow/.local/lib/python3.8/site-packages/airflow/example_dags/example_branch_datetime_operator.py for tasks to queue
[2023-12-05T13:15:01.338+0000] {logging_mixin.py:151} INFO - [2023-12-05T13:15:01.338+0000] {dagbag.py:539} INFO - Filling up the DagBag from /home/airflow/.local/lib/python3.8/site-packages/airflow/example_dags/example_branch_datetime_operator.py
[2023-12-05T13:15:01.345+0000] {processor.py:839} INFO - DAG(s) dict_keys(['example_branch_datetime_operator_2', 'example_branch_datetime_operator_3', 'example_branch_datetime_operator']) retrieved from /home/airflow/.local/lib/python3.8/site-packages/airflow/example_dags/example_branch_datetime_operator.py
[2023-12-05T13:15:01.364+0000] {logging_mixin.py:151} INFO - [2023-12-05T13:15:01.364+0000] {dag.py:2915} INFO - Sync 3 DAGs
[2023-12-05T13:15:01.378+0000] {logging_mixin.py:151} INFO - [2023-12-05T13:15:01.378+0000] {dag.py:3696} INFO - Setting next_dagrun for example_branch_datetime_operator to 2023-12-04T00:00:00+00:00, run_after=2023-12-05T00:00:00+00:00
[2023-12-05T13:15:01.380+0000] {logging_mixin.py:151} INFO - [2023-12-05T13:15:01.380+0000] {dag.py:3696} INFO - Setting next_dagrun for example_branch_datetime_operator_2 to 2023-12-04T00:00:00+00:00, run_after=2023-12-05T00:00:00+00:00
[2023-12-05T13:15:01.382+0000] {logging_mixin.py:151} INFO - [2023-12-05T13:15:01.382+0000] {dag.py:3696} INFO - Setting next_dagrun for example_branch_datetime_operator_3 to 2023-12-04T00:00:00+00:00, run_after=2023-12-05T00:00:00+00:00
[2023-12-05T13:15:01.390+0000] {processor.py:179} INFO - Processing /home/airflow/.local/lib/python3.8/site-packages/airflow/example_dags/example_branch_datetime_operator.py took 0.058 seconds
[2023-12-05T13:58:18.794+0000] {processor.py:157} INFO - Started process (PID=59458) to work on /home/airflow/.local/lib/python3.8/site-packages/airflow/example_dags/example_branch_datetime_operator.py
[2023-12-05T13:58:18.795+0000] {processor.py:829} INFO - Processing file /home/airflow/.local/lib/python3.8/site-packages/airflow/example_dags/example_branch_datetime_operator.py for tasks to queue
[2023-12-05T13:58:18.797+0000] {logging_mixin.py:151} INFO - [2023-12-05T13:58:18.797+0000] {dagbag.py:539} INFO - Filling up the DagBag from /home/airflow/.local/lib/python3.8/site-packages/airflow/example_dags/example_branch_datetime_operator.py
[2023-12-05T13:58:18.806+0000] {processor.py:839} INFO - DAG(s) dict_keys(['example_branch_datetime_operator_3', 'example_branch_datetime_operator_2', 'example_branch_datetime_operator']) retrieved from /home/airflow/.local/lib/python3.8/site-packages/airflow/example_dags/example_branch_datetime_operator.py
[2023-12-05T13:58:18.854+0000] {logging_mixin.py:151} INFO - [2023-12-05T13:58:18.853+0000] {dag.py:2915} INFO - Sync 3 DAGs
[2023-12-05T13:58:18.879+0000] {logging_mixin.py:151} INFO - [2023-12-05T13:58:18.879+0000] {dag.py:3696} INFO - Setting next_dagrun for example_branch_datetime_operator to 2023-12-04T00:00:00+00:00, run_after=2023-12-05T00:00:00+00:00
[2023-12-05T13:58:18.886+0000] {logging_mixin.py:151} INFO - [2023-12-05T13:58:18.885+0000] {dag.py:3696} INFO - Setting next_dagrun for example_branch_datetime_operator_2 to 2023-12-04T00:00:00+00:00, run_after=2023-12-05T00:00:00+00:00
[2023-12-05T13:58:18.888+0000] {logging_mixin.py:151} INFO - [2023-12-05T13:58:18.888+0000] {dag.py:3696} INFO - Setting next_dagrun for example_branch_datetime_operator_3 to 2023-12-04T00:00:00+00:00, run_after=2023-12-05T00:00:00+00:00
[2023-12-05T13:58:18.898+0000] {processor.py:179} INFO - Processing /home/airflow/.local/lib/python3.8/site-packages/airflow/example_dags/example_branch_datetime_operator.py took 0.106 seconds
[2023-12-05T14:14:32.525+0000] {processor.py:157} INFO - Started process (PID=59512) to work on /home/airflow/.local/lib/python3.8/site-packages/airflow/example_dags/example_branch_datetime_operator.py
[2023-12-05T14:14:32.527+0000] {processor.py:829} INFO - Processing file /home/airflow/.local/lib/python3.8/site-packages/airflow/example_dags/example_branch_datetime_operator.py for tasks to queue
[2023-12-05T14:14:32.528+0000] {logging_mixin.py:151} INFO - [2023-12-05T14:14:32.528+0000] {dagbag.py:539} INFO - Filling up the DagBag from /home/airflow/.local/lib/python3.8/site-packages/airflow/example_dags/example_branch_datetime_operator.py
[2023-12-05T14:14:32.545+0000] {processor.py:839} INFO - DAG(s) dict_keys(['example_branch_datetime_operator_2', 'example_branch_datetime_operator', 'example_branch_datetime_operator_3']) retrieved from /home/airflow/.local/lib/python3.8/site-packages/airflow/example_dags/example_branch_datetime_operator.py
[2023-12-05T14:14:32.568+0000] {logging_mixin.py:151} INFO - [2023-12-05T14:14:32.568+0000] {dag.py:2915} INFO - Sync 3 DAGs
[2023-12-05T14:14:32.585+0000] {logging_mixin.py:151} INFO - [2023-12-05T14:14:32.585+0000] {dag.py:3696} INFO - Setting next_dagrun for example_branch_datetime_operator to 2023-12-04T00:00:00+00:00, run_after=2023-12-05T00:00:00+00:00
[2023-12-05T14:14:32.588+0000] {logging_mixin.py:151} INFO - [2023-12-05T14:14:32.588+0000] {dag.py:3696} INFO - Setting next_dagrun for example_branch_datetime_operator_2 to 2023-12-04T00:00:00+00:00, run_after=2023-12-05T00:00:00+00:00
[2023-12-05T14:14:32.590+0000] {logging_mixin.py:151} INFO - [2023-12-05T14:14:32.590+0000] {dag.py:3696} INFO - Setting next_dagrun for example_branch_datetime_operator_3 to 2023-12-04T00:00:00+00:00, run_after=2023-12-05T00:00:00+00:00
[2023-12-05T14:14:32.600+0000] {processor.py:179} INFO - Processing /home/airflow/.local/lib/python3.8/site-packages/airflow/example_dags/example_branch_datetime_operator.py took 0.078 seconds
[2023-12-05T15:21:43.569+0000] {processor.py:157} INFO - Started process (PID=59559) to work on /home/airflow/.local/lib/python3.8/site-packages/airflow/example_dags/example_branch_datetime_operator.py
[2023-12-05T15:21:43.571+0000] {processor.py:829} INFO - Processing file /home/airflow/.local/lib/python3.8/site-packages/airflow/example_dags/example_branch_datetime_operator.py for tasks to queue
[2023-12-05T15:21:43.572+0000] {logging_mixin.py:151} INFO - [2023-12-05T15:21:43.572+0000] {dagbag.py:539} INFO - Filling up the DagBag from /home/airflow/.local/lib/python3.8/site-packages/airflow/example_dags/example_branch_datetime_operator.py
[2023-12-05T15:21:43.579+0000] {processor.py:839} INFO - DAG(s) dict_keys(['example_branch_datetime_operator_3', 'example_branch_datetime_operator', 'example_branch_datetime_operator_2']) retrieved from /home/airflow/.local/lib/python3.8/site-packages/airflow/example_dags/example_branch_datetime_operator.py
[2023-12-05T15:21:43.595+0000] {logging_mixin.py:151} INFO - [2023-12-05T15:21:43.595+0000] {dag.py:2915} INFO - Sync 3 DAGs
[2023-12-05T15:21:43.622+0000] {logging_mixin.py:151} INFO - [2023-12-05T15:21:43.622+0000] {dag.py:3696} INFO - Setting next_dagrun for example_branch_datetime_operator to 2023-12-04T00:00:00+00:00, run_after=2023-12-05T00:00:00+00:00
[2023-12-05T15:21:43.626+0000] {logging_mixin.py:151} INFO - [2023-12-05T15:21:43.625+0000] {dag.py:3696} INFO - Setting next_dagrun for example_branch_datetime_operator_2 to 2023-12-04T00:00:00+00:00, run_after=2023-12-05T00:00:00+00:00
[2023-12-05T15:21:43.627+0000] {logging_mixin.py:151} INFO - [2023-12-05T15:21:43.627+0000] {dag.py:3696} INFO - Setting next_dagrun for example_branch_datetime_operator_3 to 2023-12-04T00:00:00+00:00, run_after=2023-12-05T00:00:00+00:00
[2023-12-05T15:21:43.636+0000] {processor.py:179} INFO - Processing /home/airflow/.local/lib/python3.8/site-packages/airflow/example_dags/example_branch_datetime_operator.py took 0.069 seconds
[2023-12-05T15:53:44.835+0000] {processor.py:157} INFO - Started process (PID=59621) to work on /home/airflow/.local/lib/python3.8/site-packages/airflow/example_dags/example_branch_datetime_operator.py
[2023-12-05T15:53:44.836+0000] {processor.py:829} INFO - Processing file /home/airflow/.local/lib/python3.8/site-packages/airflow/example_dags/example_branch_datetime_operator.py for tasks to queue
[2023-12-05T15:53:44.838+0000] {logging_mixin.py:151} INFO - [2023-12-05T15:53:44.838+0000] {dagbag.py:539} INFO - Filling up the DagBag from /home/airflow/.local/lib/python3.8/site-packages/airflow/example_dags/example_branch_datetime_operator.py
[2023-12-05T15:53:44.844+0000] {processor.py:839} INFO - DAG(s) dict_keys(['example_branch_datetime_operator_2', 'example_branch_datetime_operator', 'example_branch_datetime_operator_3']) retrieved from /home/airflow/.local/lib/python3.8/site-packages/airflow/example_dags/example_branch_datetime_operator.py
[2023-12-05T15:53:44.862+0000] {logging_mixin.py:151} INFO - [2023-12-05T15:53:44.862+0000] {dag.py:2915} INFO - Sync 3 DAGs
[2023-12-05T15:53:44.875+0000] {logging_mixin.py:151} INFO - [2023-12-05T15:53:44.875+0000] {dag.py:3696} INFO - Setting next_dagrun for example_branch_datetime_operator to 2023-12-04T00:00:00+00:00, run_after=2023-12-05T00:00:00+00:00
[2023-12-05T15:53:44.878+0000] {logging_mixin.py:151} INFO - [2023-12-05T15:53:44.878+0000] {dag.py:3696} INFO - Setting next_dagrun for example_branch_datetime_operator_2 to 2023-12-04T00:00:00+00:00, run_after=2023-12-05T00:00:00+00:00
[2023-12-05T15:53:44.879+0000] {logging_mixin.py:151} INFO - [2023-12-05T15:53:44.879+0000] {dag.py:3696} INFO - Setting next_dagrun for example_branch_datetime_operator_3 to 2023-12-04T00:00:00+00:00, run_after=2023-12-05T00:00:00+00:00
[2023-12-05T15:53:44.888+0000] {processor.py:179} INFO - Processing /home/airflow/.local/lib/python3.8/site-packages/airflow/example_dags/example_branch_datetime_operator.py took 0.057 seconds
[2023-12-05T16:42:41.985+0000] {processor.py:157} INFO - Started process (PID=59675) to work on /home/airflow/.local/lib/python3.8/site-packages/airflow/example_dags/example_branch_datetime_operator.py
[2023-12-05T16:42:41.986+0000] {processor.py:829} INFO - Processing file /home/airflow/.local/lib/python3.8/site-packages/airflow/example_dags/example_branch_datetime_operator.py for tasks to queue
[2023-12-05T16:42:41.988+0000] {logging_mixin.py:151} INFO - [2023-12-05T16:42:41.987+0000] {dagbag.py:539} INFO - Filling up the DagBag from /home/airflow/.local/lib/python3.8/site-packages/airflow/example_dags/example_branch_datetime_operator.py
[2023-12-05T16:42:41.994+0000] {processor.py:839} INFO - DAG(s) dict_keys(['example_branch_datetime_operator_3', 'example_branch_datetime_operator_2', 'example_branch_datetime_operator']) retrieved from /home/airflow/.local/lib/python3.8/site-packages/airflow/example_dags/example_branch_datetime_operator.py
[2023-12-05T16:42:42.012+0000] {logging_mixin.py:151} INFO - [2023-12-05T16:42:42.012+0000] {dag.py:2915} INFO - Sync 3 DAGs
[2023-12-05T16:42:42.036+0000] {logging_mixin.py:151} INFO - [2023-12-05T16:42:42.036+0000] {dag.py:3696} INFO - Setting next_dagrun for example_branch_datetime_operator to 2023-12-04T00:00:00+00:00, run_after=2023-12-05T00:00:00+00:00
[2023-12-05T16:42:42.040+0000] {logging_mixin.py:151} INFO - [2023-12-05T16:42:42.040+0000] {dag.py:3696} INFO - Setting next_dagrun for example_branch_datetime_operator_2 to 2023-12-04T00:00:00+00:00, run_after=2023-12-05T00:00:00+00:00
[2023-12-05T16:42:42.043+0000] {logging_mixin.py:151} INFO - [2023-12-05T16:42:42.042+0000] {dag.py:3696} INFO - Setting next_dagrun for example_branch_datetime_operator_3 to 2023-12-04T00:00:00+00:00, run_after=2023-12-05T00:00:00+00:00
[2023-12-05T16:42:42.054+0000] {processor.py:179} INFO - Processing /home/airflow/.local/lib/python3.8/site-packages/airflow/example_dags/example_branch_datetime_operator.py took 0.072 seconds
[2023-12-05T18:03:06.708+0000] {processor.py:157} INFO - Started process (PID=59728) to work on /home/airflow/.local/lib/python3.8/site-packages/airflow/example_dags/example_branch_datetime_operator.py
[2023-12-05T18:03:06.737+0000] {processor.py:829} INFO - Processing file /home/airflow/.local/lib/python3.8/site-packages/airflow/example_dags/example_branch_datetime_operator.py for tasks to queue
[2023-12-05T18:03:06.743+0000] {logging_mixin.py:151} INFO - [2023-12-05T18:03:06.742+0000] {dagbag.py:539} INFO - Filling up the DagBag from /home/airflow/.local/lib/python3.8/site-packages/airflow/example_dags/example_branch_datetime_operator.py
[2023-12-05T18:03:06.757+0000] {processor.py:839} INFO - DAG(s) dict_keys(['example_branch_datetime_operator_3', 'example_branch_datetime_operator', 'example_branch_datetime_operator_2']) retrieved from /home/airflow/.local/lib/python3.8/site-packages/airflow/example_dags/example_branch_datetime_operator.py
[2023-12-05T18:03:06.788+0000] {logging_mixin.py:151} INFO - [2023-12-05T18:03:06.788+0000] {dag.py:2915} INFO - Sync 3 DAGs
[2023-12-05T18:03:06.806+0000] {logging_mixin.py:151} INFO - [2023-12-05T18:03:06.806+0000] {dag.py:3696} INFO - Setting next_dagrun for example_branch_datetime_operator to 2023-12-04T00:00:00+00:00, run_after=2023-12-05T00:00:00+00:00
[2023-12-05T18:03:06.809+0000] {logging_mixin.py:151} INFO - [2023-12-05T18:03:06.809+0000] {dag.py:3696} INFO - Setting next_dagrun for example_branch_datetime_operator_2 to 2023-12-04T00:00:00+00:00, run_after=2023-12-05T00:00:00+00:00
[2023-12-05T18:03:06.810+0000] {logging_mixin.py:151} INFO - [2023-12-05T18:03:06.810+0000] {dag.py:3696} INFO - Setting next_dagrun for example_branch_datetime_operator_3 to 2023-12-04T00:00:00+00:00, run_after=2023-12-05T00:00:00+00:00
[2023-12-05T18:03:06.825+0000] {processor.py:179} INFO - Processing /home/airflow/.local/lib/python3.8/site-packages/airflow/example_dags/example_branch_datetime_operator.py took 0.122 seconds
[2023-12-05T18:21:13.664+0000] {processor.py:157} INFO - Started process (PID=59775) to work on /home/airflow/.local/lib/python3.8/site-packages/airflow/example_dags/example_branch_datetime_operator.py
[2023-12-05T18:21:13.671+0000] {processor.py:829} INFO - Processing file /home/airflow/.local/lib/python3.8/site-packages/airflow/example_dags/example_branch_datetime_operator.py for tasks to queue
[2023-12-05T18:21:13.677+0000] {logging_mixin.py:151} INFO - [2023-12-05T18:21:13.676+0000] {dagbag.py:539} INFO - Filling up the DagBag from /home/airflow/.local/lib/python3.8/site-packages/airflow/example_dags/example_branch_datetime_operator.py
[2023-12-05T18:21:13.728+0000] {processor.py:839} INFO - DAG(s) dict_keys(['example_branch_datetime_operator', 'example_branch_datetime_operator_2', 'example_branch_datetime_operator_3']) retrieved from /home/airflow/.local/lib/python3.8/site-packages/airflow/example_dags/example_branch_datetime_operator.py
[2023-12-05T18:21:13.806+0000] {logging_mixin.py:151} INFO - [2023-12-05T18:21:13.805+0000] {dag.py:2915} INFO - Sync 3 DAGs
[2023-12-05T18:21:13.866+0000] {logging_mixin.py:151} INFO - [2023-12-05T18:21:13.866+0000] {dag.py:3696} INFO - Setting next_dagrun for example_branch_datetime_operator to 2023-12-04T00:00:00+00:00, run_after=2023-12-05T00:00:00+00:00
[2023-12-05T18:21:13.873+0000] {logging_mixin.py:151} INFO - [2023-12-05T18:21:13.873+0000] {dag.py:3696} INFO - Setting next_dagrun for example_branch_datetime_operator_2 to 2023-12-04T00:00:00+00:00, run_after=2023-12-05T00:00:00+00:00
[2023-12-05T18:21:13.881+0000] {logging_mixin.py:151} INFO - [2023-12-05T18:21:13.880+0000] {dag.py:3696} INFO - Setting next_dagrun for example_branch_datetime_operator_3 to 2023-12-04T00:00:00+00:00, run_after=2023-12-05T00:00:00+00:00
[2023-12-05T18:21:13.918+0000] {processor.py:179} INFO - Processing /home/airflow/.local/lib/python3.8/site-packages/airflow/example_dags/example_branch_datetime_operator.py took 0.265 seconds
[2023-12-05T18:44:25.837+0000] {processor.py:157} INFO - Started process (PID=59836) to work on /home/airflow/.local/lib/python3.8/site-packages/airflow/example_dags/example_branch_datetime_operator.py
[2023-12-05T18:44:25.837+0000] {processor.py:829} INFO - Processing file /home/airflow/.local/lib/python3.8/site-packages/airflow/example_dags/example_branch_datetime_operator.py for tasks to queue
[2023-12-05T18:44:25.839+0000] {logging_mixin.py:151} INFO - [2023-12-05T18:44:25.839+0000] {dagbag.py:539} INFO - Filling up the DagBag from /home/airflow/.local/lib/python3.8/site-packages/airflow/example_dags/example_branch_datetime_operator.py
[2023-12-05T18:44:25.845+0000] {processor.py:839} INFO - DAG(s) dict_keys(['example_branch_datetime_operator_3', 'example_branch_datetime_operator_2', 'example_branch_datetime_operator']) retrieved from /home/airflow/.local/lib/python3.8/site-packages/airflow/example_dags/example_branch_datetime_operator.py
[2023-12-05T18:44:25.862+0000] {logging_mixin.py:151} INFO - [2023-12-05T18:44:25.862+0000] {dag.py:2915} INFO - Sync 3 DAGs
[2023-12-05T18:44:25.875+0000] {logging_mixin.py:151} INFO - [2023-12-05T18:44:25.875+0000] {dag.py:3696} INFO - Setting next_dagrun for example_branch_datetime_operator to 2023-12-04T00:00:00+00:00, run_after=2023-12-05T00:00:00+00:00
[2023-12-05T18:44:25.878+0000] {logging_mixin.py:151} INFO - [2023-12-05T18:44:25.878+0000] {dag.py:3696} INFO - Setting next_dagrun for example_branch_datetime_operator_2 to 2023-12-04T00:00:00+00:00, run_after=2023-12-05T00:00:00+00:00
[2023-12-05T18:44:25.879+0000] {logging_mixin.py:151} INFO - [2023-12-05T18:44:25.879+0000] {dag.py:3696} INFO - Setting next_dagrun for example_branch_datetime_operator_3 to 2023-12-04T00:00:00+00:00, run_after=2023-12-05T00:00:00+00:00
[2023-12-05T18:44:25.887+0000] {processor.py:179} INFO - Processing /home/airflow/.local/lib/python3.8/site-packages/airflow/example_dags/example_branch_datetime_operator.py took 0.053 seconds
[2023-12-05T19:02:29.241+0000] {processor.py:157} INFO - Started process (PID=59883) to work on /home/airflow/.local/lib/python3.8/site-packages/airflow/example_dags/example_branch_datetime_operator.py
[2023-12-05T19:02:29.242+0000] {processor.py:829} INFO - Processing file /home/airflow/.local/lib/python3.8/site-packages/airflow/example_dags/example_branch_datetime_operator.py for tasks to queue
[2023-12-05T19:02:29.243+0000] {logging_mixin.py:151} INFO - [2023-12-05T19:02:29.243+0000] {dagbag.py:539} INFO - Filling up the DagBag from /home/airflow/.local/lib/python3.8/site-packages/airflow/example_dags/example_branch_datetime_operator.py
[2023-12-05T19:02:29.250+0000] {processor.py:839} INFO - DAG(s) dict_keys(['example_branch_datetime_operator_2', 'example_branch_datetime_operator_3', 'example_branch_datetime_operator']) retrieved from /home/airflow/.local/lib/python3.8/site-packages/airflow/example_dags/example_branch_datetime_operator.py
[2023-12-05T19:02:29.267+0000] {logging_mixin.py:151} INFO - [2023-12-05T19:02:29.267+0000] {dag.py:2915} INFO - Sync 3 DAGs
[2023-12-05T19:02:29.280+0000] {logging_mixin.py:151} INFO - [2023-12-05T19:02:29.280+0000] {dag.py:3696} INFO - Setting next_dagrun for example_branch_datetime_operator to 2023-12-04T00:00:00+00:00, run_after=2023-12-05T00:00:00+00:00
[2023-12-05T19:02:29.283+0000] {logging_mixin.py:151} INFO - [2023-12-05T19:02:29.283+0000] {dag.py:3696} INFO - Setting next_dagrun for example_branch_datetime_operator_2 to 2023-12-04T00:00:00+00:00, run_after=2023-12-05T00:00:00+00:00
[2023-12-05T19:02:29.285+0000] {logging_mixin.py:151} INFO - [2023-12-05T19:02:29.285+0000] {dag.py:3696} INFO - Setting next_dagrun for example_branch_datetime_operator_3 to 2023-12-04T00:00:00+00:00, run_after=2023-12-05T00:00:00+00:00
[2023-12-05T19:02:29.295+0000] {processor.py:179} INFO - Processing /home/airflow/.local/lib/python3.8/site-packages/airflow/example_dags/example_branch_datetime_operator.py took 0.056 seconds
[2023-12-05T19:55:09.642+0000] {processor.py:157} INFO - Started process (PID=59937) to work on /home/airflow/.local/lib/python3.8/site-packages/airflow/example_dags/example_branch_datetime_operator.py
[2023-12-05T19:55:09.652+0000] {processor.py:829} INFO - Processing file /home/airflow/.local/lib/python3.8/site-packages/airflow/example_dags/example_branch_datetime_operator.py for tasks to queue
[2023-12-05T19:55:09.666+0000] {logging_mixin.py:151} INFO - [2023-12-05T19:55:09.665+0000] {dagbag.py:539} INFO - Filling up the DagBag from /home/airflow/.local/lib/python3.8/site-packages/airflow/example_dags/example_branch_datetime_operator.py
[2023-12-05T19:55:09.706+0000] {processor.py:839} INFO - DAG(s) dict_keys(['example_branch_datetime_operator', 'example_branch_datetime_operator_3', 'example_branch_datetime_operator_2']) retrieved from /home/airflow/.local/lib/python3.8/site-packages/airflow/example_dags/example_branch_datetime_operator.py
[2023-12-05T19:55:09.802+0000] {logging_mixin.py:151} INFO - [2023-12-05T19:55:09.802+0000] {dag.py:2915} INFO - Sync 3 DAGs
[2023-12-05T19:55:09.857+0000] {logging_mixin.py:151} INFO - [2023-12-05T19:55:09.856+0000] {dag.py:3696} INFO - Setting next_dagrun for example_branch_datetime_operator to 2023-12-04T00:00:00+00:00, run_after=2023-12-05T00:00:00+00:00
[2023-12-05T19:55:09.871+0000] {logging_mixin.py:151} INFO - [2023-12-05T19:55:09.871+0000] {dag.py:3696} INFO - Setting next_dagrun for example_branch_datetime_operator_2 to 2023-12-04T00:00:00+00:00, run_after=2023-12-05T00:00:00+00:00
[2023-12-05T19:55:09.878+0000] {logging_mixin.py:151} INFO - [2023-12-05T19:55:09.877+0000] {dag.py:3696} INFO - Setting next_dagrun for example_branch_datetime_operator_3 to 2023-12-04T00:00:00+00:00, run_after=2023-12-05T00:00:00+00:00
[2023-12-05T19:55:09.920+0000] {processor.py:179} INFO - Processing /home/airflow/.local/lib/python3.8/site-packages/airflow/example_dags/example_branch_datetime_operator.py took 0.295 seconds
[2023-12-05T20:45:29.209+0000] {processor.py:157} INFO - Started process (PID=59991) to work on /home/airflow/.local/lib/python3.8/site-packages/airflow/example_dags/example_branch_datetime_operator.py
[2023-12-05T20:45:29.210+0000] {processor.py:829} INFO - Processing file /home/airflow/.local/lib/python3.8/site-packages/airflow/example_dags/example_branch_datetime_operator.py for tasks to queue
[2023-12-05T20:45:29.211+0000] {logging_mixin.py:151} INFO - [2023-12-05T20:45:29.211+0000] {dagbag.py:539} INFO - Filling up the DagBag from /home/airflow/.local/lib/python3.8/site-packages/airflow/example_dags/example_branch_datetime_operator.py
[2023-12-05T20:45:29.218+0000] {processor.py:839} INFO - DAG(s) dict_keys(['example_branch_datetime_operator_3', 'example_branch_datetime_operator_2', 'example_branch_datetime_operator']) retrieved from /home/airflow/.local/lib/python3.8/site-packages/airflow/example_dags/example_branch_datetime_operator.py
[2023-12-05T20:45:29.235+0000] {logging_mixin.py:151} INFO - [2023-12-05T20:45:29.234+0000] {dag.py:2915} INFO - Sync 3 DAGs
[2023-12-05T20:45:29.248+0000] {logging_mixin.py:151} INFO - [2023-12-05T20:45:29.248+0000] {dag.py:3696} INFO - Setting next_dagrun for example_branch_datetime_operator to 2023-12-04T00:00:00+00:00, run_after=2023-12-05T00:00:00+00:00
[2023-12-05T20:45:29.250+0000] {logging_mixin.py:151} INFO - [2023-12-05T20:45:29.250+0000] {dag.py:3696} INFO - Setting next_dagrun for example_branch_datetime_operator_2 to 2023-12-04T00:00:00+00:00, run_after=2023-12-05T00:00:00+00:00
[2023-12-05T20:45:29.251+0000] {logging_mixin.py:151} INFO - [2023-12-05T20:45:29.251+0000] {dag.py:3696} INFO - Setting next_dagrun for example_branch_datetime_operator_3 to 2023-12-04T00:00:00+00:00, run_after=2023-12-05T00:00:00+00:00
[2023-12-05T20:45:29.259+0000] {processor.py:179} INFO - Processing /home/airflow/.local/lib/python3.8/site-packages/airflow/example_dags/example_branch_datetime_operator.py took 0.053 seconds
[2023-12-05T22:03:29.717+0000] {processor.py:157} INFO - Started process (PID=60045) to work on /home/airflow/.local/lib/python3.8/site-packages/airflow/example_dags/example_branch_datetime_operator.py
[2023-12-05T22:03:29.718+0000] {processor.py:829} INFO - Processing file /home/airflow/.local/lib/python3.8/site-packages/airflow/example_dags/example_branch_datetime_operator.py for tasks to queue
[2023-12-05T22:03:29.719+0000] {logging_mixin.py:151} INFO - [2023-12-05T22:03:29.719+0000] {dagbag.py:539} INFO - Filling up the DagBag from /home/airflow/.local/lib/python3.8/site-packages/airflow/example_dags/example_branch_datetime_operator.py
[2023-12-05T22:03:29.726+0000] {processor.py:839} INFO - DAG(s) dict_keys(['example_branch_datetime_operator_2', 'example_branch_datetime_operator', 'example_branch_datetime_operator_3']) retrieved from /home/airflow/.local/lib/python3.8/site-packages/airflow/example_dags/example_branch_datetime_operator.py
[2023-12-05T22:03:29.744+0000] {logging_mixin.py:151} INFO - [2023-12-05T22:03:29.744+0000] {dag.py:2915} INFO - Sync 3 DAGs
[2023-12-05T22:03:29.756+0000] {logging_mixin.py:151} INFO - [2023-12-05T22:03:29.756+0000] {dag.py:3696} INFO - Setting next_dagrun for example_branch_datetime_operator to 2023-12-04T00:00:00+00:00, run_after=2023-12-05T00:00:00+00:00
[2023-12-05T22:03:29.759+0000] {logging_mixin.py:151} INFO - [2023-12-05T22:03:29.758+0000] {dag.py:3696} INFO - Setting next_dagrun for example_branch_datetime_operator_2 to 2023-12-04T00:00:00+00:00, run_after=2023-12-05T00:00:00+00:00
[2023-12-05T22:03:29.760+0000] {logging_mixin.py:151} INFO - [2023-12-05T22:03:29.760+0000] {dag.py:3696} INFO - Setting next_dagrun for example_branch_datetime_operator_3 to 2023-12-04T00:00:00+00:00, run_after=2023-12-05T00:00:00+00:00
[2023-12-05T22:03:29.771+0000] {processor.py:179} INFO - Processing /home/airflow/.local/lib/python3.8/site-packages/airflow/example_dags/example_branch_datetime_operator.py took 0.057 seconds
[2023-12-05T22:20:19.461+0000] {processor.py:157} INFO - Started process (PID=60099) to work on /home/airflow/.local/lib/python3.8/site-packages/airflow/example_dags/example_branch_datetime_operator.py
[2023-12-05T22:20:19.463+0000] {processor.py:829} INFO - Processing file /home/airflow/.local/lib/python3.8/site-packages/airflow/example_dags/example_branch_datetime_operator.py for tasks to queue
[2023-12-05T22:20:19.465+0000] {logging_mixin.py:151} INFO - [2023-12-05T22:20:19.465+0000] {dagbag.py:539} INFO - Filling up the DagBag from /home/airflow/.local/lib/python3.8/site-packages/airflow/example_dags/example_branch_datetime_operator.py
[2023-12-05T22:20:19.474+0000] {processor.py:839} INFO - DAG(s) dict_keys(['example_branch_datetime_operator', 'example_branch_datetime_operator_3', 'example_branch_datetime_operator_2']) retrieved from /home/airflow/.local/lib/python3.8/site-packages/airflow/example_dags/example_branch_datetime_operator.py
[2023-12-05T22:20:19.493+0000] {logging_mixin.py:151} INFO - [2023-12-05T22:20:19.493+0000] {dag.py:2915} INFO - Sync 3 DAGs
[2023-12-05T22:20:19.506+0000] {logging_mixin.py:151} INFO - [2023-12-05T22:20:19.506+0000] {dag.py:3696} INFO - Setting next_dagrun for example_branch_datetime_operator to 2023-12-04T00:00:00+00:00, run_after=2023-12-05T00:00:00+00:00
[2023-12-05T22:20:19.509+0000] {logging_mixin.py:151} INFO - [2023-12-05T22:20:19.509+0000] {dag.py:3696} INFO - Setting next_dagrun for example_branch_datetime_operator_2 to 2023-12-04T00:00:00+00:00, run_after=2023-12-05T00:00:00+00:00
[2023-12-05T22:20:19.510+0000] {logging_mixin.py:151} INFO - [2023-12-05T22:20:19.510+0000] {dag.py:3696} INFO - Setting next_dagrun for example_branch_datetime_operator_3 to 2023-12-04T00:00:00+00:00, run_after=2023-12-05T00:00:00+00:00
[2023-12-05T22:20:19.520+0000] {processor.py:179} INFO - Processing /home/airflow/.local/lib/python3.8/site-packages/airflow/example_dags/example_branch_datetime_operator.py took 0.063 seconds
[2023-12-05T22:55:16.873+0000] {processor.py:157} INFO - Started process (PID=60153) to work on /home/airflow/.local/lib/python3.8/site-packages/airflow/example_dags/example_branch_datetime_operator.py
[2023-12-05T22:55:16.876+0000] {processor.py:829} INFO - Processing file /home/airflow/.local/lib/python3.8/site-packages/airflow/example_dags/example_branch_datetime_operator.py for tasks to queue
[2023-12-05T22:55:16.881+0000] {logging_mixin.py:151} INFO - [2023-12-05T22:55:16.880+0000] {dagbag.py:539} INFO - Filling up the DagBag from /home/airflow/.local/lib/python3.8/site-packages/airflow/example_dags/example_branch_datetime_operator.py
[2023-12-05T22:55:16.900+0000] {processor.py:839} INFO - DAG(s) dict_keys(['example_branch_datetime_operator_2', 'example_branch_datetime_operator', 'example_branch_datetime_operator_3']) retrieved from /home/airflow/.local/lib/python3.8/site-packages/airflow/example_dags/example_branch_datetime_operator.py
[2023-12-05T22:55:16.983+0000] {logging_mixin.py:151} INFO - [2023-12-05T22:55:16.983+0000] {dag.py:2915} INFO - Sync 3 DAGs
[2023-12-05T22:55:17.051+0000] {logging_mixin.py:151} INFO - [2023-12-05T22:55:17.050+0000] {dag.py:3696} INFO - Setting next_dagrun for example_branch_datetime_operator to 2023-12-04T00:00:00+00:00, run_after=2023-12-05T00:00:00+00:00
[2023-12-05T22:55:17.065+0000] {logging_mixin.py:151} INFO - [2023-12-05T22:55:17.065+0000] {dag.py:3696} INFO - Setting next_dagrun for example_branch_datetime_operator_2 to 2023-12-04T00:00:00+00:00, run_after=2023-12-05T00:00:00+00:00
[2023-12-05T22:55:17.070+0000] {logging_mixin.py:151} INFO - [2023-12-05T22:55:17.069+0000] {dag.py:3696} INFO - Setting next_dagrun for example_branch_datetime_operator_3 to 2023-12-04T00:00:00+00:00, run_after=2023-12-05T00:00:00+00:00
[2023-12-05T22:55:17.125+0000] {processor.py:179} INFO - Processing /home/airflow/.local/lib/python3.8/site-packages/airflow/example_dags/example_branch_datetime_operator.py took 0.259 seconds
[2023-12-05T23:01:23.825+0000] {processor.py:157} INFO - Started process (PID=60207) to work on /home/airflow/.local/lib/python3.8/site-packages/airflow/example_dags/example_branch_datetime_operator.py
[2023-12-05T23:01:23.826+0000] {processor.py:829} INFO - Processing file /home/airflow/.local/lib/python3.8/site-packages/airflow/example_dags/example_branch_datetime_operator.py for tasks to queue
[2023-12-05T23:01:23.828+0000] {logging_mixin.py:151} INFO - [2023-12-05T23:01:23.828+0000] {dagbag.py:539} INFO - Filling up the DagBag from /home/airflow/.local/lib/python3.8/site-packages/airflow/example_dags/example_branch_datetime_operator.py
[2023-12-05T23:01:23.834+0000] {processor.py:839} INFO - DAG(s) dict_keys(['example_branch_datetime_operator_2', 'example_branch_datetime_operator', 'example_branch_datetime_operator_3']) retrieved from /home/airflow/.local/lib/python3.8/site-packages/airflow/example_dags/example_branch_datetime_operator.py
[2023-12-05T23:01:23.856+0000] {logging_mixin.py:151} INFO - [2023-12-05T23:01:23.855+0000] {dag.py:2915} INFO - Sync 3 DAGs
[2023-12-05T23:01:23.872+0000] {logging_mixin.py:151} INFO - [2023-12-05T23:01:23.872+0000] {dag.py:3696} INFO - Setting next_dagrun for example_branch_datetime_operator to 2023-12-04T00:00:00+00:00, run_after=2023-12-05T00:00:00+00:00
[2023-12-05T23:01:23.875+0000] {logging_mixin.py:151} INFO - [2023-12-05T23:01:23.875+0000] {dag.py:3696} INFO - Setting next_dagrun for example_branch_datetime_operator_2 to 2023-12-04T00:00:00+00:00, run_after=2023-12-05T00:00:00+00:00
[2023-12-05T23:01:23.876+0000] {logging_mixin.py:151} INFO - [2023-12-05T23:01:23.876+0000] {dag.py:3696} INFO - Setting next_dagrun for example_branch_datetime_operator_3 to 2023-12-04T00:00:00+00:00, run_after=2023-12-05T00:00:00+00:00
[2023-12-05T23:01:23.886+0000] {processor.py:179} INFO - Processing /home/airflow/.local/lib/python3.8/site-packages/airflow/example_dags/example_branch_datetime_operator.py took 0.064 seconds
[2023-12-05T23:32:59.574+0000] {processor.py:157} INFO - Started process (PID=60261) to work on /home/airflow/.local/lib/python3.8/site-packages/airflow/example_dags/example_branch_datetime_operator.py
[2023-12-05T23:32:59.575+0000] {processor.py:829} INFO - Processing file /home/airflow/.local/lib/python3.8/site-packages/airflow/example_dags/example_branch_datetime_operator.py for tasks to queue
[2023-12-05T23:32:59.577+0000] {logging_mixin.py:151} INFO - [2023-12-05T23:32:59.577+0000] {dagbag.py:539} INFO - Filling up the DagBag from /home/airflow/.local/lib/python3.8/site-packages/airflow/example_dags/example_branch_datetime_operator.py
[2023-12-05T23:32:59.585+0000] {processor.py:839} INFO - DAG(s) dict_keys(['example_branch_datetime_operator', 'example_branch_datetime_operator_2', 'example_branch_datetime_operator_3']) retrieved from /home/airflow/.local/lib/python3.8/site-packages/airflow/example_dags/example_branch_datetime_operator.py
[2023-12-05T23:32:59.603+0000] {logging_mixin.py:151} INFO - [2023-12-05T23:32:59.603+0000] {dag.py:2915} INFO - Sync 3 DAGs
[2023-12-05T23:32:59.623+0000] {logging_mixin.py:151} INFO - [2023-12-05T23:32:59.622+0000] {dag.py:3696} INFO - Setting next_dagrun for example_branch_datetime_operator to 2023-12-04T00:00:00+00:00, run_after=2023-12-05T00:00:00+00:00
[2023-12-05T23:32:59.628+0000] {logging_mixin.py:151} INFO - [2023-12-05T23:32:59.628+0000] {dag.py:3696} INFO - Setting next_dagrun for example_branch_datetime_operator_2 to 2023-12-04T00:00:00+00:00, run_after=2023-12-05T00:00:00+00:00
[2023-12-05T23:32:59.630+0000] {logging_mixin.py:151} INFO - [2023-12-05T23:32:59.630+0000] {dag.py:3696} INFO - Setting next_dagrun for example_branch_datetime_operator_3 to 2023-12-04T00:00:00+00:00, run_after=2023-12-05T00:00:00+00:00
[2023-12-05T23:32:59.646+0000] {processor.py:179} INFO - Processing /home/airflow/.local/lib/python3.8/site-packages/airflow/example_dags/example_branch_datetime_operator.py took 0.076 seconds
