[2023-12-05T00:42:52.819+0000] {processor.py:157} INFO - Started process (PID=58394) to work on /home/airflow/.local/lib/python3.8/site-packages/airflow/example_dags/example_task_group.py
[2023-12-05T00:42:52.820+0000] {processor.py:829} INFO - Processing file /home/airflow/.local/lib/python3.8/site-packages/airflow/example_dags/example_task_group.py for tasks to queue
[2023-12-05T00:42:52.822+0000] {logging_mixin.py:151} INFO - [2023-12-05T00:42:52.822+0000] {dagbag.py:539} INFO - Filling up the DagBag from /home/airflow/.local/lib/python3.8/site-packages/airflow/example_dags/example_task_group.py
[2023-12-05T00:42:52.828+0000] {processor.py:839} INFO - DAG(s) dict_keys(['example_task_group']) retrieved from /home/airflow/.local/lib/python3.8/site-packages/airflow/example_dags/example_task_group.py
[2023-12-05T00:42:52.845+0000] {logging_mixin.py:151} INFO - [2023-12-05T00:42:52.844+0000] {dag.py:2915} INFO - Sync 1 DAGs
[2023-12-05T00:42:52.857+0000] {logging_mixin.py:151} INFO - [2023-12-05T00:42:52.857+0000] {dag.py:3696} INFO - Setting next_dagrun for example_task_group to 2023-12-04T00:42:52.856945+00:00, run_after=2023-12-05T00:42:52.856945+00:00
[2023-12-05T00:42:52.866+0000] {processor.py:179} INFO - Processing /home/airflow/.local/lib/python3.8/site-packages/airflow/example_dags/example_task_group.py took 0.053 seconds
[2023-12-05T01:15:42.790+0000] {processor.py:157} INFO - Started process (PID=58448) to work on /home/airflow/.local/lib/python3.8/site-packages/airflow/example_dags/example_task_group.py
[2023-12-05T01:15:42.791+0000] {processor.py:829} INFO - Processing file /home/airflow/.local/lib/python3.8/site-packages/airflow/example_dags/example_task_group.py for tasks to queue
[2023-12-05T01:15:42.793+0000] {logging_mixin.py:151} INFO - [2023-12-05T01:15:42.793+0000] {dagbag.py:539} INFO - Filling up the DagBag from /home/airflow/.local/lib/python3.8/site-packages/airflow/example_dags/example_task_group.py
[2023-12-05T01:15:42.798+0000] {processor.py:839} INFO - DAG(s) dict_keys(['example_task_group']) retrieved from /home/airflow/.local/lib/python3.8/site-packages/airflow/example_dags/example_task_group.py
[2023-12-05T01:15:42.811+0000] {logging_mixin.py:151} INFO - [2023-12-05T01:15:42.811+0000] {dag.py:2915} INFO - Sync 1 DAGs
[2023-12-05T01:15:42.822+0000] {logging_mixin.py:151} INFO - [2023-12-05T01:15:42.822+0000] {dag.py:3696} INFO - Setting next_dagrun for example_task_group to 2023-12-04T01:15:42.822368+00:00, run_after=2023-12-05T01:15:42.822368+00:00
[2023-12-05T01:15:42.832+0000] {processor.py:179} INFO - Processing /home/airflow/.local/lib/python3.8/site-packages/airflow/example_dags/example_task_group.py took 0.044 seconds
[2023-12-05T01:37:02.669+0000] {processor.py:157} INFO - Started process (PID=58502) to work on /home/airflow/.local/lib/python3.8/site-packages/airflow/example_dags/example_task_group.py
[2023-12-05T01:37:02.670+0000] {processor.py:829} INFO - Processing file /home/airflow/.local/lib/python3.8/site-packages/airflow/example_dags/example_task_group.py for tasks to queue
[2023-12-05T01:37:02.672+0000] {logging_mixin.py:151} INFO - [2023-12-05T01:37:02.672+0000] {dagbag.py:539} INFO - Filling up the DagBag from /home/airflow/.local/lib/python3.8/site-packages/airflow/example_dags/example_task_group.py
[2023-12-05T01:37:02.678+0000] {processor.py:839} INFO - DAG(s) dict_keys(['example_task_group']) retrieved from /home/airflow/.local/lib/python3.8/site-packages/airflow/example_dags/example_task_group.py
[2023-12-05T01:37:02.693+0000] {logging_mixin.py:151} INFO - [2023-12-05T01:37:02.693+0000] {dag.py:2915} INFO - Sync 1 DAGs
[2023-12-05T01:37:02.705+0000] {logging_mixin.py:151} INFO - [2023-12-05T01:37:02.705+0000] {dag.py:3696} INFO - Setting next_dagrun for example_task_group to 2023-12-04T01:37:02.705488+00:00, run_after=2023-12-05T01:37:02.705488+00:00
[2023-12-05T01:37:02.714+0000] {processor.py:179} INFO - Processing /home/airflow/.local/lib/python3.8/site-packages/airflow/example_dags/example_task_group.py took 0.048 seconds
[2023-12-05T02:26:54.479+0000] {processor.py:157} INFO - Started process (PID=58556) to work on /home/airflow/.local/lib/python3.8/site-packages/airflow/example_dags/example_task_group.py
[2023-12-05T02:26:54.482+0000] {processor.py:829} INFO - Processing file /home/airflow/.local/lib/python3.8/site-packages/airflow/example_dags/example_task_group.py for tasks to queue
[2023-12-05T02:26:54.485+0000] {logging_mixin.py:151} INFO - [2023-12-05T02:26:54.484+0000] {dagbag.py:539} INFO - Filling up the DagBag from /home/airflow/.local/lib/python3.8/site-packages/airflow/example_dags/example_task_group.py
[2023-12-05T02:26:54.494+0000] {processor.py:839} INFO - DAG(s) dict_keys(['example_task_group']) retrieved from /home/airflow/.local/lib/python3.8/site-packages/airflow/example_dags/example_task_group.py
[2023-12-05T02:26:54.513+0000] {logging_mixin.py:151} INFO - [2023-12-05T02:26:54.513+0000] {dag.py:2915} INFO - Sync 1 DAGs
[2023-12-05T02:26:54.542+0000] {logging_mixin.py:151} INFO - [2023-12-05T02:26:54.542+0000] {dag.py:3696} INFO - Setting next_dagrun for example_task_group to 2023-12-04T02:26:54.542167+00:00, run_after=2023-12-05T02:26:54.542167+00:00
[2023-12-05T02:26:54.562+0000] {processor.py:179} INFO - Processing /home/airflow/.local/lib/python3.8/site-packages/airflow/example_dags/example_task_group.py took 0.088 seconds
[2023-12-05T03:26:10.757+0000] {processor.py:157} INFO - Started process (PID=58610) to work on /home/airflow/.local/lib/python3.8/site-packages/airflow/example_dags/example_task_group.py
[2023-12-05T03:26:10.758+0000] {processor.py:829} INFO - Processing file /home/airflow/.local/lib/python3.8/site-packages/airflow/example_dags/example_task_group.py for tasks to queue
[2023-12-05T03:26:10.759+0000] {logging_mixin.py:151} INFO - [2023-12-05T03:26:10.759+0000] {dagbag.py:539} INFO - Filling up the DagBag from /home/airflow/.local/lib/python3.8/site-packages/airflow/example_dags/example_task_group.py
[2023-12-05T03:26:10.764+0000] {processor.py:839} INFO - DAG(s) dict_keys(['example_task_group']) retrieved from /home/airflow/.local/lib/python3.8/site-packages/airflow/example_dags/example_task_group.py
[2023-12-05T03:26:10.777+0000] {logging_mixin.py:151} INFO - [2023-12-05T03:26:10.777+0000] {dag.py:2915} INFO - Sync 1 DAGs
[2023-12-05T03:26:10.789+0000] {logging_mixin.py:151} INFO - [2023-12-05T03:26:10.789+0000] {dag.py:3696} INFO - Setting next_dagrun for example_task_group to 2023-12-04T03:26:10.788922+00:00, run_after=2023-12-05T03:26:10.788922+00:00
[2023-12-05T03:26:10.799+0000] {processor.py:179} INFO - Processing /home/airflow/.local/lib/python3.8/site-packages/airflow/example_dags/example_task_group.py took 0.044 seconds
[2023-12-05T03:59:18.472+0000] {processor.py:157} INFO - Started process (PID=58664) to work on /home/airflow/.local/lib/python3.8/site-packages/airflow/example_dags/example_task_group.py
[2023-12-05T03:59:18.473+0000] {processor.py:829} INFO - Processing file /home/airflow/.local/lib/python3.8/site-packages/airflow/example_dags/example_task_group.py for tasks to queue
[2023-12-05T03:59:18.474+0000] {logging_mixin.py:151} INFO - [2023-12-05T03:59:18.474+0000] {dagbag.py:539} INFO - Filling up the DagBag from /home/airflow/.local/lib/python3.8/site-packages/airflow/example_dags/example_task_group.py
[2023-12-05T03:59:18.478+0000] {processor.py:839} INFO - DAG(s) dict_keys(['example_task_group']) retrieved from /home/airflow/.local/lib/python3.8/site-packages/airflow/example_dags/example_task_group.py
[2023-12-05T03:59:18.491+0000] {logging_mixin.py:151} INFO - [2023-12-05T03:59:18.491+0000] {dag.py:2915} INFO - Sync 1 DAGs
[2023-12-05T03:59:18.502+0000] {logging_mixin.py:151} INFO - [2023-12-05T03:59:18.502+0000] {dag.py:3696} INFO - Setting next_dagrun for example_task_group to 2023-12-04T03:59:18.502537+00:00, run_after=2023-12-05T03:59:18.502537+00:00
[2023-12-05T03:59:18.512+0000] {processor.py:179} INFO - Processing /home/airflow/.local/lib/python3.8/site-packages/airflow/example_dags/example_task_group.py took 0.042 seconds
[2023-12-05T04:55:35.668+0000] {processor.py:157} INFO - Started process (PID=58719) to work on /home/airflow/.local/lib/python3.8/site-packages/airflow/example_dags/example_task_group.py
[2023-12-05T04:55:35.669+0000] {processor.py:829} INFO - Processing file /home/airflow/.local/lib/python3.8/site-packages/airflow/example_dags/example_task_group.py for tasks to queue
[2023-12-05T04:55:35.671+0000] {logging_mixin.py:151} INFO - [2023-12-05T04:55:35.671+0000] {dagbag.py:539} INFO - Filling up the DagBag from /home/airflow/.local/lib/python3.8/site-packages/airflow/example_dags/example_task_group.py
[2023-12-05T04:55:35.676+0000] {processor.py:839} INFO - DAG(s) dict_keys(['example_task_group']) retrieved from /home/airflow/.local/lib/python3.8/site-packages/airflow/example_dags/example_task_group.py
[2023-12-05T04:55:35.692+0000] {logging_mixin.py:151} INFO - [2023-12-05T04:55:35.691+0000] {dag.py:2915} INFO - Sync 1 DAGs
[2023-12-05T04:55:35.718+0000] {logging_mixin.py:151} INFO - [2023-12-05T04:55:35.718+0000] {dag.py:3696} INFO - Setting next_dagrun for example_task_group to 2023-12-04T04:55:35.718303+00:00, run_after=2023-12-05T04:55:35.718303+00:00
[2023-12-05T04:55:35.730+0000] {processor.py:179} INFO - Processing /home/airflow/.local/lib/python3.8/site-packages/airflow/example_dags/example_task_group.py took 0.066 seconds
[2023-12-05T06:01:04.141+0000] {processor.py:157} INFO - Started process (PID=58773) to work on /home/airflow/.local/lib/python3.8/site-packages/airflow/example_dags/example_task_group.py
[2023-12-05T06:01:04.142+0000] {processor.py:829} INFO - Processing file /home/airflow/.local/lib/python3.8/site-packages/airflow/example_dags/example_task_group.py for tasks to queue
[2023-12-05T06:01:04.144+0000] {logging_mixin.py:151} INFO - [2023-12-05T06:01:04.144+0000] {dagbag.py:539} INFO - Filling up the DagBag from /home/airflow/.local/lib/python3.8/site-packages/airflow/example_dags/example_task_group.py
[2023-12-05T06:01:04.149+0000] {processor.py:839} INFO - DAG(s) dict_keys(['example_task_group']) retrieved from /home/airflow/.local/lib/python3.8/site-packages/airflow/example_dags/example_task_group.py
[2023-12-05T06:01:04.165+0000] {logging_mixin.py:151} INFO - [2023-12-05T06:01:04.165+0000] {dag.py:2915} INFO - Sync 1 DAGs
[2023-12-05T06:01:04.178+0000] {logging_mixin.py:151} INFO - [2023-12-05T06:01:04.178+0000] {dag.py:3696} INFO - Setting next_dagrun for example_task_group to 2023-12-04T06:01:04.178168+00:00, run_after=2023-12-05T06:01:04.178168+00:00
[2023-12-05T06:01:04.187+0000] {processor.py:179} INFO - Processing /home/airflow/.local/lib/python3.8/site-packages/airflow/example_dags/example_task_group.py took 0.049 seconds
[2023-12-05T07:19:29.525+0000] {processor.py:157} INFO - Started process (PID=58827) to work on /home/airflow/.local/lib/python3.8/site-packages/airflow/example_dags/example_task_group.py
[2023-12-05T07:19:29.526+0000] {processor.py:829} INFO - Processing file /home/airflow/.local/lib/python3.8/site-packages/airflow/example_dags/example_task_group.py for tasks to queue
[2023-12-05T07:19:29.528+0000] {logging_mixin.py:151} INFO - [2023-12-05T07:19:29.528+0000] {dagbag.py:539} INFO - Filling up the DagBag from /home/airflow/.local/lib/python3.8/site-packages/airflow/example_dags/example_task_group.py
[2023-12-05T07:19:29.536+0000] {processor.py:839} INFO - DAG(s) dict_keys(['example_task_group']) retrieved from /home/airflow/.local/lib/python3.8/site-packages/airflow/example_dags/example_task_group.py
[2023-12-05T07:19:29.551+0000] {logging_mixin.py:151} INFO - [2023-12-05T07:19:29.551+0000] {dag.py:2915} INFO - Sync 1 DAGs
[2023-12-05T07:19:29.563+0000] {logging_mixin.py:151} INFO - [2023-12-05T07:19:29.563+0000] {dag.py:3696} INFO - Setting next_dagrun for example_task_group to 2023-12-04T07:19:29.563613+00:00, run_after=2023-12-05T07:19:29.563613+00:00
[2023-12-05T07:19:29.573+0000] {processor.py:179} INFO - Processing /home/airflow/.local/lib/python3.8/site-packages/airflow/example_dags/example_task_group.py took 0.051 seconds
[2023-12-05T08:25:30.145+0000] {processor.py:157} INFO - Started process (PID=58881) to work on /home/airflow/.local/lib/python3.8/site-packages/airflow/example_dags/example_task_group.py
[2023-12-05T08:25:30.146+0000] {processor.py:829} INFO - Processing file /home/airflow/.local/lib/python3.8/site-packages/airflow/example_dags/example_task_group.py for tasks to queue
[2023-12-05T08:25:30.148+0000] {logging_mixin.py:151} INFO - [2023-12-05T08:25:30.148+0000] {dagbag.py:539} INFO - Filling up the DagBag from /home/airflow/.local/lib/python3.8/site-packages/airflow/example_dags/example_task_group.py
[2023-12-05T08:25:30.152+0000] {processor.py:839} INFO - DAG(s) dict_keys(['example_task_group']) retrieved from /home/airflow/.local/lib/python3.8/site-packages/airflow/example_dags/example_task_group.py
[2023-12-05T08:25:30.166+0000] {logging_mixin.py:151} INFO - [2023-12-05T08:25:30.166+0000] {dag.py:2915} INFO - Sync 1 DAGs
[2023-12-05T08:25:30.177+0000] {logging_mixin.py:151} INFO - [2023-12-05T08:25:30.177+0000] {dag.py:3696} INFO - Setting next_dagrun for example_task_group to 2023-12-04T08:25:30.177510+00:00, run_after=2023-12-05T08:25:30.177510+00:00
[2023-12-05T08:25:30.187+0000] {processor.py:179} INFO - Processing /home/airflow/.local/lib/python3.8/site-packages/airflow/example_dags/example_task_group.py took 0.044 seconds
[2023-12-05T08:31:44.889+0000] {processor.py:157} INFO - Started process (PID=58935) to work on /home/airflow/.local/lib/python3.8/site-packages/airflow/example_dags/example_task_group.py
[2023-12-05T08:31:44.891+0000] {processor.py:829} INFO - Processing file /home/airflow/.local/lib/python3.8/site-packages/airflow/example_dags/example_task_group.py for tasks to queue
[2023-12-05T08:31:44.893+0000] {logging_mixin.py:151} INFO - [2023-12-05T08:31:44.892+0000] {dagbag.py:539} INFO - Filling up the DagBag from /home/airflow/.local/lib/python3.8/site-packages/airflow/example_dags/example_task_group.py
[2023-12-05T08:31:44.899+0000] {processor.py:839} INFO - DAG(s) dict_keys(['example_task_group']) retrieved from /home/airflow/.local/lib/python3.8/site-packages/airflow/example_dags/example_task_group.py
[2023-12-05T08:31:44.916+0000] {logging_mixin.py:151} INFO - [2023-12-05T08:31:44.916+0000] {dag.py:2915} INFO - Sync 1 DAGs
[2023-12-05T08:31:44.931+0000] {logging_mixin.py:151} INFO - [2023-12-05T08:31:44.931+0000] {dag.py:3696} INFO - Setting next_dagrun for example_task_group to 2023-12-04T08:31:44.930908+00:00, run_after=2023-12-05T08:31:44.930908+00:00
[2023-12-05T08:31:44.943+0000] {processor.py:179} INFO - Processing /home/airflow/.local/lib/python3.8/site-packages/airflow/example_dags/example_task_group.py took 0.058 seconds
[2023-12-05T08:32:17.724+0000] {processor.py:157} INFO - Started process (PID=58989) to work on /home/airflow/.local/lib/python3.8/site-packages/airflow/example_dags/example_task_group.py
[2023-12-05T08:32:17.725+0000] {processor.py:829} INFO - Processing file /home/airflow/.local/lib/python3.8/site-packages/airflow/example_dags/example_task_group.py for tasks to queue
[2023-12-05T08:32:17.726+0000] {logging_mixin.py:151} INFO - [2023-12-05T08:32:17.726+0000] {dagbag.py:539} INFO - Filling up the DagBag from /home/airflow/.local/lib/python3.8/site-packages/airflow/example_dags/example_task_group.py
[2023-12-05T08:32:17.731+0000] {processor.py:839} INFO - DAG(s) dict_keys(['example_task_group']) retrieved from /home/airflow/.local/lib/python3.8/site-packages/airflow/example_dags/example_task_group.py
[2023-12-05T08:32:17.744+0000] {logging_mixin.py:151} INFO - [2023-12-05T08:32:17.744+0000] {dag.py:2915} INFO - Sync 1 DAGs
[2023-12-05T08:32:17.754+0000] {logging_mixin.py:151} INFO - [2023-12-05T08:32:17.754+0000] {dag.py:3696} INFO - Setting next_dagrun for example_task_group to 2023-12-04T08:32:17.754670+00:00, run_after=2023-12-05T08:32:17.754670+00:00
[2023-12-05T08:32:17.763+0000] {processor.py:179} INFO - Processing /home/airflow/.local/lib/python3.8/site-packages/airflow/example_dags/example_task_group.py took 0.041 seconds
[2023-12-05T08:34:03.443+0000] {processor.py:157} INFO - Started process (PID=59043) to work on /home/airflow/.local/lib/python3.8/site-packages/airflow/example_dags/example_task_group.py
[2023-12-05T08:34:03.443+0000] {processor.py:829} INFO - Processing file /home/airflow/.local/lib/python3.8/site-packages/airflow/example_dags/example_task_group.py for tasks to queue
[2023-12-05T08:34:03.445+0000] {logging_mixin.py:151} INFO - [2023-12-05T08:34:03.445+0000] {dagbag.py:539} INFO - Filling up the DagBag from /home/airflow/.local/lib/python3.8/site-packages/airflow/example_dags/example_task_group.py
[2023-12-05T08:34:03.451+0000] {processor.py:839} INFO - DAG(s) dict_keys(['example_task_group']) retrieved from /home/airflow/.local/lib/python3.8/site-packages/airflow/example_dags/example_task_group.py
[2023-12-05T08:34:03.471+0000] {logging_mixin.py:151} INFO - [2023-12-05T08:34:03.471+0000] {dag.py:2915} INFO - Sync 1 DAGs
[2023-12-05T08:34:03.487+0000] {logging_mixin.py:151} INFO - [2023-12-05T08:34:03.487+0000] {dag.py:3696} INFO - Setting next_dagrun for example_task_group to 2023-12-04T08:34:03.487478+00:00, run_after=2023-12-05T08:34:03.487478+00:00
[2023-12-05T08:34:03.499+0000] {processor.py:179} INFO - Processing /home/airflow/.local/lib/python3.8/site-packages/airflow/example_dags/example_task_group.py took 0.059 seconds
[2023-12-05T08:55:46.860+0000] {processor.py:157} INFO - Started process (PID=59097) to work on /home/airflow/.local/lib/python3.8/site-packages/airflow/example_dags/example_task_group.py
[2023-12-05T08:55:46.861+0000] {processor.py:829} INFO - Processing file /home/airflow/.local/lib/python3.8/site-packages/airflow/example_dags/example_task_group.py for tasks to queue
[2023-12-05T08:55:46.864+0000] {logging_mixin.py:151} INFO - [2023-12-05T08:55:46.863+0000] {dagbag.py:539} INFO - Filling up the DagBag from /home/airflow/.local/lib/python3.8/site-packages/airflow/example_dags/example_task_group.py
[2023-12-05T08:55:46.871+0000] {processor.py:839} INFO - DAG(s) dict_keys(['example_task_group']) retrieved from /home/airflow/.local/lib/python3.8/site-packages/airflow/example_dags/example_task_group.py
[2023-12-05T08:55:46.885+0000] {logging_mixin.py:151} INFO - [2023-12-05T08:55:46.885+0000] {dag.py:2915} INFO - Sync 1 DAGs
[2023-12-05T08:55:46.898+0000] {logging_mixin.py:151} INFO - [2023-12-05T08:55:46.897+0000] {dag.py:3696} INFO - Setting next_dagrun for example_task_group to 2023-12-04T08:55:46.897824+00:00, run_after=2023-12-05T08:55:46.897824+00:00
[2023-12-05T08:55:46.907+0000] {processor.py:179} INFO - Processing /home/airflow/.local/lib/python3.8/site-packages/airflow/example_dags/example_task_group.py took 0.048 seconds
[2023-12-05T10:11:04.577+0000] {processor.py:157} INFO - Started process (PID=59151) to work on /home/airflow/.local/lib/python3.8/site-packages/airflow/example_dags/example_task_group.py
[2023-12-05T10:11:04.578+0000] {processor.py:829} INFO - Processing file /home/airflow/.local/lib/python3.8/site-packages/airflow/example_dags/example_task_group.py for tasks to queue
[2023-12-05T10:11:04.581+0000] {logging_mixin.py:151} INFO - [2023-12-05T10:11:04.581+0000] {dagbag.py:539} INFO - Filling up the DagBag from /home/airflow/.local/lib/python3.8/site-packages/airflow/example_dags/example_task_group.py
[2023-12-05T10:11:04.589+0000] {processor.py:839} INFO - DAG(s) dict_keys(['example_task_group']) retrieved from /home/airflow/.local/lib/python3.8/site-packages/airflow/example_dags/example_task_group.py
[2023-12-05T10:11:04.602+0000] {logging_mixin.py:151} INFO - [2023-12-05T10:11:04.602+0000] {dag.py:2915} INFO - Sync 1 DAGs
[2023-12-05T10:11:04.615+0000] {logging_mixin.py:151} INFO - [2023-12-05T10:11:04.615+0000] {dag.py:3696} INFO - Setting next_dagrun for example_task_group to 2023-12-04T10:11:04.615130+00:00, run_after=2023-12-05T10:11:04.615130+00:00
[2023-12-05T10:11:04.625+0000] {processor.py:179} INFO - Processing /home/airflow/.local/lib/python3.8/site-packages/airflow/example_dags/example_task_group.py took 0.053 seconds
[2023-12-05T10:30:50.141+0000] {processor.py:157} INFO - Started process (PID=59205) to work on /home/airflow/.local/lib/python3.8/site-packages/airflow/example_dags/example_task_group.py
[2023-12-05T10:30:50.142+0000] {processor.py:829} INFO - Processing file /home/airflow/.local/lib/python3.8/site-packages/airflow/example_dags/example_task_group.py for tasks to queue
[2023-12-05T10:30:50.143+0000] {logging_mixin.py:151} INFO - [2023-12-05T10:30:50.143+0000] {dagbag.py:539} INFO - Filling up the DagBag from /home/airflow/.local/lib/python3.8/site-packages/airflow/example_dags/example_task_group.py
[2023-12-05T10:30:50.148+0000] {processor.py:839} INFO - DAG(s) dict_keys(['example_task_group']) retrieved from /home/airflow/.local/lib/python3.8/site-packages/airflow/example_dags/example_task_group.py
[2023-12-05T10:30:50.165+0000] {logging_mixin.py:151} INFO - [2023-12-05T10:30:50.165+0000] {dag.py:2915} INFO - Sync 1 DAGs
[2023-12-05T10:30:50.180+0000] {logging_mixin.py:151} INFO - [2023-12-05T10:30:50.180+0000] {dag.py:3696} INFO - Setting next_dagrun for example_task_group to 2023-12-04T10:30:50.180290+00:00, run_after=2023-12-05T10:30:50.180290+00:00
[2023-12-05T10:30:50.189+0000] {processor.py:179} INFO - Processing /home/airflow/.local/lib/python3.8/site-packages/airflow/example_dags/example_task_group.py took 0.050 seconds
[2023-12-05T11:07:02.918+0000] {processor.py:157} INFO - Started process (PID=59259) to work on /home/airflow/.local/lib/python3.8/site-packages/airflow/example_dags/example_task_group.py
[2023-12-05T11:07:02.919+0000] {processor.py:829} INFO - Processing file /home/airflow/.local/lib/python3.8/site-packages/airflow/example_dags/example_task_group.py for tasks to queue
[2023-12-05T11:07:02.921+0000] {logging_mixin.py:151} INFO - [2023-12-05T11:07:02.921+0000] {dagbag.py:539} INFO - Filling up the DagBag from /home/airflow/.local/lib/python3.8/site-packages/airflow/example_dags/example_task_group.py
[2023-12-05T11:07:02.926+0000] {processor.py:839} INFO - DAG(s) dict_keys(['example_task_group']) retrieved from /home/airflow/.local/lib/python3.8/site-packages/airflow/example_dags/example_task_group.py
[2023-12-05T11:07:02.940+0000] {logging_mixin.py:151} INFO - [2023-12-05T11:07:02.940+0000] {dag.py:2915} INFO - Sync 1 DAGs
[2023-12-05T11:07:02.952+0000] {logging_mixin.py:151} INFO - [2023-12-05T11:07:02.952+0000] {dag.py:3696} INFO - Setting next_dagrun for example_task_group to 2023-12-04T11:07:02.952344+00:00, run_after=2023-12-05T11:07:02.952344+00:00
[2023-12-05T11:07:02.969+0000] {processor.py:179} INFO - Processing /home/airflow/.local/lib/python3.8/site-packages/airflow/example_dags/example_task_group.py took 0.053 seconds
[2023-12-05T12:00:59.727+0000] {processor.py:157} INFO - Started process (PID=59313) to work on /home/airflow/.local/lib/python3.8/site-packages/airflow/example_dags/example_task_group.py
[2023-12-05T12:00:59.728+0000] {processor.py:829} INFO - Processing file /home/airflow/.local/lib/python3.8/site-packages/airflow/example_dags/example_task_group.py for tasks to queue
[2023-12-05T12:00:59.730+0000] {logging_mixin.py:151} INFO - [2023-12-05T12:00:59.729+0000] {dagbag.py:539} INFO - Filling up the DagBag from /home/airflow/.local/lib/python3.8/site-packages/airflow/example_dags/example_task_group.py
[2023-12-05T12:00:59.735+0000] {processor.py:839} INFO - DAG(s) dict_keys(['example_task_group']) retrieved from /home/airflow/.local/lib/python3.8/site-packages/airflow/example_dags/example_task_group.py
[2023-12-05T12:00:59.749+0000] {logging_mixin.py:151} INFO - [2023-12-05T12:00:59.748+0000] {dag.py:2915} INFO - Sync 1 DAGs
[2023-12-05T12:00:59.762+0000] {logging_mixin.py:151} INFO - [2023-12-05T12:00:59.762+0000] {dag.py:3696} INFO - Setting next_dagrun for example_task_group to 2023-12-04T12:00:59.762112+00:00, run_after=2023-12-05T12:00:59.762112+00:00
[2023-12-05T12:00:59.777+0000] {processor.py:179} INFO - Processing /home/airflow/.local/lib/python3.8/site-packages/airflow/example_dags/example_task_group.py took 0.053 seconds
[2023-12-05T13:02:53.221+0000] {processor.py:157} INFO - Started process (PID=59367) to work on /home/airflow/.local/lib/python3.8/site-packages/airflow/example_dags/example_task_group.py
[2023-12-05T13:02:53.222+0000] {processor.py:829} INFO - Processing file /home/airflow/.local/lib/python3.8/site-packages/airflow/example_dags/example_task_group.py for tasks to queue
[2023-12-05T13:02:53.223+0000] {logging_mixin.py:151} INFO - [2023-12-05T13:02:53.223+0000] {dagbag.py:539} INFO - Filling up the DagBag from /home/airflow/.local/lib/python3.8/site-packages/airflow/example_dags/example_task_group.py
[2023-12-05T13:02:53.228+0000] {processor.py:839} INFO - DAG(s) dict_keys(['example_task_group']) retrieved from /home/airflow/.local/lib/python3.8/site-packages/airflow/example_dags/example_task_group.py
[2023-12-05T13:02:53.254+0000] {logging_mixin.py:151} INFO - [2023-12-05T13:02:53.253+0000] {dag.py:2915} INFO - Sync 1 DAGs
[2023-12-05T13:02:53.267+0000] {logging_mixin.py:151} INFO - [2023-12-05T13:02:53.267+0000] {dag.py:3696} INFO - Setting next_dagrun for example_task_group to 2023-12-04T13:02:53.267560+00:00, run_after=2023-12-05T13:02:53.267560+00:00
[2023-12-05T13:02:53.278+0000] {processor.py:179} INFO - Processing /home/airflow/.local/lib/python3.8/site-packages/airflow/example_dags/example_task_group.py took 0.059 seconds
[2023-12-05T13:15:02.160+0000] {processor.py:157} INFO - Started process (PID=59421) to work on /home/airflow/.local/lib/python3.8/site-packages/airflow/example_dags/example_task_group.py
[2023-12-05T13:15:02.161+0000] {processor.py:829} INFO - Processing file /home/airflow/.local/lib/python3.8/site-packages/airflow/example_dags/example_task_group.py for tasks to queue
[2023-12-05T13:15:02.163+0000] {logging_mixin.py:151} INFO - [2023-12-05T13:15:02.162+0000] {dagbag.py:539} INFO - Filling up the DagBag from /home/airflow/.local/lib/python3.8/site-packages/airflow/example_dags/example_task_group.py
[2023-12-05T13:15:02.167+0000] {processor.py:839} INFO - DAG(s) dict_keys(['example_task_group']) retrieved from /home/airflow/.local/lib/python3.8/site-packages/airflow/example_dags/example_task_group.py
[2023-12-05T13:15:02.180+0000] {logging_mixin.py:151} INFO - [2023-12-05T13:15:02.180+0000] {dag.py:2915} INFO - Sync 1 DAGs
[2023-12-05T13:15:02.194+0000] {logging_mixin.py:151} INFO - [2023-12-05T13:15:02.194+0000] {dag.py:3696} INFO - Setting next_dagrun for example_task_group to 2023-12-04T13:15:02.194292+00:00, run_after=2023-12-05T13:15:02.194292+00:00
[2023-12-05T13:15:02.207+0000] {processor.py:179} INFO - Processing /home/airflow/.local/lib/python3.8/site-packages/airflow/example_dags/example_task_group.py took 0.050 seconds
[2023-12-05T13:58:19.691+0000] {processor.py:157} INFO - Started process (PID=59475) to work on /home/airflow/.local/lib/python3.8/site-packages/airflow/example_dags/example_task_group.py
[2023-12-05T13:58:19.692+0000] {processor.py:829} INFO - Processing file /home/airflow/.local/lib/python3.8/site-packages/airflow/example_dags/example_task_group.py for tasks to queue
[2023-12-05T13:58:19.694+0000] {logging_mixin.py:151} INFO - [2023-12-05T13:58:19.693+0000] {dagbag.py:539} INFO - Filling up the DagBag from /home/airflow/.local/lib/python3.8/site-packages/airflow/example_dags/example_task_group.py
[2023-12-05T13:58:19.703+0000] {processor.py:839} INFO - DAG(s) dict_keys(['example_task_group']) retrieved from /home/airflow/.local/lib/python3.8/site-packages/airflow/example_dags/example_task_group.py
[2023-12-05T13:58:19.721+0000] {logging_mixin.py:151} INFO - [2023-12-05T13:58:19.721+0000] {dag.py:2915} INFO - Sync 1 DAGs
[2023-12-05T13:58:19.735+0000] {logging_mixin.py:151} INFO - [2023-12-05T13:58:19.735+0000] {dag.py:3696} INFO - Setting next_dagrun for example_task_group to 2023-12-04T13:58:19.735304+00:00, run_after=2023-12-05T13:58:19.735304+00:00
[2023-12-05T13:58:19.751+0000] {processor.py:179} INFO - Processing /home/airflow/.local/lib/python3.8/site-packages/airflow/example_dags/example_task_group.py took 0.063 seconds
[2023-12-05T14:14:34.173+0000] {processor.py:157} INFO - Started process (PID=59529) to work on /home/airflow/.local/lib/python3.8/site-packages/airflow/example_dags/example_task_group.py
[2023-12-05T14:14:34.174+0000] {processor.py:829} INFO - Processing file /home/airflow/.local/lib/python3.8/site-packages/airflow/example_dags/example_task_group.py for tasks to queue
[2023-12-05T14:14:34.176+0000] {logging_mixin.py:151} INFO - [2023-12-05T14:14:34.176+0000] {dagbag.py:539} INFO - Filling up the DagBag from /home/airflow/.local/lib/python3.8/site-packages/airflow/example_dags/example_task_group.py
[2023-12-05T14:14:34.180+0000] {processor.py:839} INFO - DAG(s) dict_keys(['example_task_group']) retrieved from /home/airflow/.local/lib/python3.8/site-packages/airflow/example_dags/example_task_group.py
[2023-12-05T14:14:34.194+0000] {logging_mixin.py:151} INFO - [2023-12-05T14:14:34.193+0000] {dag.py:2915} INFO - Sync 1 DAGs
[2023-12-05T14:14:34.206+0000] {logging_mixin.py:151} INFO - [2023-12-05T14:14:34.205+0000] {dag.py:3696} INFO - Setting next_dagrun for example_task_group to 2023-12-04T14:14:34.205831+00:00, run_after=2023-12-05T14:14:34.205831+00:00
[2023-12-05T14:14:34.216+0000] {processor.py:179} INFO - Processing /home/airflow/.local/lib/python3.8/site-packages/airflow/example_dags/example_task_group.py took 0.045 seconds
[2023-12-05T15:21:45.177+0000] {processor.py:157} INFO - Started process (PID=59583) to work on /home/airflow/.local/lib/python3.8/site-packages/airflow/example_dags/example_task_group.py
[2023-12-05T15:21:45.178+0000] {processor.py:829} INFO - Processing file /home/airflow/.local/lib/python3.8/site-packages/airflow/example_dags/example_task_group.py for tasks to queue
[2023-12-05T15:21:45.180+0000] {logging_mixin.py:151} INFO - [2023-12-05T15:21:45.180+0000] {dagbag.py:539} INFO - Filling up the DagBag from /home/airflow/.local/lib/python3.8/site-packages/airflow/example_dags/example_task_group.py
[2023-12-05T15:21:45.184+0000] {processor.py:839} INFO - DAG(s) dict_keys(['example_task_group']) retrieved from /home/airflow/.local/lib/python3.8/site-packages/airflow/example_dags/example_task_group.py
[2023-12-05T15:21:45.197+0000] {logging_mixin.py:151} INFO - [2023-12-05T15:21:45.197+0000] {dag.py:2915} INFO - Sync 1 DAGs
[2023-12-05T15:21:45.209+0000] {logging_mixin.py:151} INFO - [2023-12-05T15:21:45.209+0000] {dag.py:3696} INFO - Setting next_dagrun for example_task_group to 2023-12-04T15:21:45.209012+00:00, run_after=2023-12-05T15:21:45.209012+00:00
[2023-12-05T15:21:45.219+0000] {processor.py:179} INFO - Processing /home/airflow/.local/lib/python3.8/site-packages/airflow/example_dags/example_task_group.py took 0.044 seconds
[2023-12-05T15:53:45.612+0000] {processor.py:157} INFO - Started process (PID=59638) to work on /home/airflow/.local/lib/python3.8/site-packages/airflow/example_dags/example_task_group.py
[2023-12-05T15:53:45.612+0000] {processor.py:829} INFO - Processing file /home/airflow/.local/lib/python3.8/site-packages/airflow/example_dags/example_task_group.py for tasks to queue
[2023-12-05T15:53:45.614+0000] {logging_mixin.py:151} INFO - [2023-12-05T15:53:45.614+0000] {dagbag.py:539} INFO - Filling up the DagBag from /home/airflow/.local/lib/python3.8/site-packages/airflow/example_dags/example_task_group.py
[2023-12-05T15:53:45.618+0000] {processor.py:839} INFO - DAG(s) dict_keys(['example_task_group']) retrieved from /home/airflow/.local/lib/python3.8/site-packages/airflow/example_dags/example_task_group.py
[2023-12-05T15:53:45.629+0000] {logging_mixin.py:151} INFO - [2023-12-05T15:53:45.629+0000] {dag.py:2915} INFO - Sync 1 DAGs
[2023-12-05T15:53:45.640+0000] {logging_mixin.py:151} INFO - [2023-12-05T15:53:45.640+0000] {dag.py:3696} INFO - Setting next_dagrun for example_task_group to 2023-12-04T15:53:45.639999+00:00, run_after=2023-12-05T15:53:45.639999+00:00
[2023-12-05T15:53:45.649+0000] {processor.py:179} INFO - Processing /home/airflow/.local/lib/python3.8/site-packages/airflow/example_dags/example_task_group.py took 0.040 seconds
[2023-12-05T16:42:42.857+0000] {processor.py:157} INFO - Started process (PID=59692) to work on /home/airflow/.local/lib/python3.8/site-packages/airflow/example_dags/example_task_group.py
[2023-12-05T16:42:42.859+0000] {processor.py:829} INFO - Processing file /home/airflow/.local/lib/python3.8/site-packages/airflow/example_dags/example_task_group.py for tasks to queue
[2023-12-05T16:42:42.860+0000] {logging_mixin.py:151} INFO - [2023-12-05T16:42:42.860+0000] {dagbag.py:539} INFO - Filling up the DagBag from /home/airflow/.local/lib/python3.8/site-packages/airflow/example_dags/example_task_group.py
[2023-12-05T16:42:42.864+0000] {processor.py:839} INFO - DAG(s) dict_keys(['example_task_group']) retrieved from /home/airflow/.local/lib/python3.8/site-packages/airflow/example_dags/example_task_group.py
[2023-12-05T16:42:42.877+0000] {logging_mixin.py:151} INFO - [2023-12-05T16:42:42.877+0000] {dag.py:2915} INFO - Sync 1 DAGs
[2023-12-05T16:42:42.888+0000] {logging_mixin.py:151} INFO - [2023-12-05T16:42:42.888+0000] {dag.py:3696} INFO - Setting next_dagrun for example_task_group to 2023-12-04T16:42:42.888355+00:00, run_after=2023-12-05T16:42:42.888355+00:00
[2023-12-05T16:42:42.898+0000] {processor.py:179} INFO - Processing /home/airflow/.local/lib/python3.8/site-packages/airflow/example_dags/example_task_group.py took 0.043 seconds
[2023-12-05T18:03:07.657+0000] {processor.py:157} INFO - Started process (PID=59745) to work on /home/airflow/.local/lib/python3.8/site-packages/airflow/example_dags/example_task_group.py
[2023-12-05T18:03:07.658+0000] {processor.py:829} INFO - Processing file /home/airflow/.local/lib/python3.8/site-packages/airflow/example_dags/example_task_group.py for tasks to queue
[2023-12-05T18:03:07.660+0000] {logging_mixin.py:151} INFO - [2023-12-05T18:03:07.659+0000] {dagbag.py:539} INFO - Filling up the DagBag from /home/airflow/.local/lib/python3.8/site-packages/airflow/example_dags/example_task_group.py
[2023-12-05T18:03:07.664+0000] {processor.py:839} INFO - DAG(s) dict_keys(['example_task_group']) retrieved from /home/airflow/.local/lib/python3.8/site-packages/airflow/example_dags/example_task_group.py
[2023-12-05T18:03:07.676+0000] {logging_mixin.py:151} INFO - [2023-12-05T18:03:07.675+0000] {dag.py:2915} INFO - Sync 1 DAGs
[2023-12-05T18:03:07.687+0000] {logging_mixin.py:151} INFO - [2023-12-05T18:03:07.687+0000] {dag.py:3696} INFO - Setting next_dagrun for example_task_group to 2023-12-04T18:03:07.687007+00:00, run_after=2023-12-05T18:03:07.687007+00:00
[2023-12-05T18:03:07.696+0000] {processor.py:179} INFO - Processing /home/airflow/.local/lib/python3.8/site-packages/airflow/example_dags/example_task_group.py took 0.041 seconds
[2023-12-05T18:21:15.348+0000] {processor.py:157} INFO - Started process (PID=59799) to work on /home/airflow/.local/lib/python3.8/site-packages/airflow/example_dags/example_task_group.py
[2023-12-05T18:21:15.349+0000] {processor.py:829} INFO - Processing file /home/airflow/.local/lib/python3.8/site-packages/airflow/example_dags/example_task_group.py for tasks to queue
[2023-12-05T18:21:15.351+0000] {logging_mixin.py:151} INFO - [2023-12-05T18:21:15.350+0000] {dagbag.py:539} INFO - Filling up the DagBag from /home/airflow/.local/lib/python3.8/site-packages/airflow/example_dags/example_task_group.py
[2023-12-05T18:21:15.355+0000] {processor.py:839} INFO - DAG(s) dict_keys(['example_task_group']) retrieved from /home/airflow/.local/lib/python3.8/site-packages/airflow/example_dags/example_task_group.py
[2023-12-05T18:21:15.369+0000] {logging_mixin.py:151} INFO - [2023-12-05T18:21:15.368+0000] {dag.py:2915} INFO - Sync 1 DAGs
[2023-12-05T18:21:15.382+0000] {logging_mixin.py:151} INFO - [2023-12-05T18:21:15.382+0000] {dag.py:3696} INFO - Setting next_dagrun for example_task_group to 2023-12-04T18:21:15.382199+00:00, run_after=2023-12-05T18:21:15.382199+00:00
[2023-12-05T18:21:15.398+0000] {processor.py:179} INFO - Processing /home/airflow/.local/lib/python3.8/site-packages/airflow/example_dags/example_task_group.py took 0.055 seconds
[2023-12-05T18:44:26.613+0000] {processor.py:157} INFO - Started process (PID=59853) to work on /home/airflow/.local/lib/python3.8/site-packages/airflow/example_dags/example_task_group.py
[2023-12-05T18:44:26.613+0000] {processor.py:829} INFO - Processing file /home/airflow/.local/lib/python3.8/site-packages/airflow/example_dags/example_task_group.py for tasks to queue
[2023-12-05T18:44:26.615+0000] {logging_mixin.py:151} INFO - [2023-12-05T18:44:26.615+0000] {dagbag.py:539} INFO - Filling up the DagBag from /home/airflow/.local/lib/python3.8/site-packages/airflow/example_dags/example_task_group.py
[2023-12-05T18:44:26.619+0000] {processor.py:839} INFO - DAG(s) dict_keys(['example_task_group']) retrieved from /home/airflow/.local/lib/python3.8/site-packages/airflow/example_dags/example_task_group.py
[2023-12-05T18:44:26.631+0000] {logging_mixin.py:151} INFO - [2023-12-05T18:44:26.631+0000] {dag.py:2915} INFO - Sync 1 DAGs
[2023-12-05T18:44:26.642+0000] {logging_mixin.py:151} INFO - [2023-12-05T18:44:26.642+0000] {dag.py:3696} INFO - Setting next_dagrun for example_task_group to 2023-12-04T18:44:26.642559+00:00, run_after=2023-12-05T18:44:26.642559+00:00
[2023-12-05T18:44:26.651+0000] {processor.py:179} INFO - Processing /home/airflow/.local/lib/python3.8/site-packages/airflow/example_dags/example_task_group.py took 0.041 seconds
[2023-12-05T19:02:31.006+0000] {processor.py:157} INFO - Started process (PID=59907) to work on /home/airflow/.local/lib/python3.8/site-packages/airflow/example_dags/example_task_group.py
[2023-12-05T19:02:31.007+0000] {processor.py:829} INFO - Processing file /home/airflow/.local/lib/python3.8/site-packages/airflow/example_dags/example_task_group.py for tasks to queue
[2023-12-05T19:02:31.008+0000] {logging_mixin.py:151} INFO - [2023-12-05T19:02:31.008+0000] {dagbag.py:539} INFO - Filling up the DagBag from /home/airflow/.local/lib/python3.8/site-packages/airflow/example_dags/example_task_group.py
[2023-12-05T19:02:31.013+0000] {processor.py:839} INFO - DAG(s) dict_keys(['example_task_group']) retrieved from /home/airflow/.local/lib/python3.8/site-packages/airflow/example_dags/example_task_group.py
[2023-12-05T19:02:31.026+0000] {logging_mixin.py:151} INFO - [2023-12-05T19:02:31.026+0000] {dag.py:2915} INFO - Sync 1 DAGs
[2023-12-05T19:02:31.037+0000] {logging_mixin.py:151} INFO - [2023-12-05T19:02:31.037+0000] {dag.py:3696} INFO - Setting next_dagrun for example_task_group to 2023-12-04T19:02:31.037206+00:00, run_after=2023-12-05T19:02:31.037206+00:00
[2023-12-05T19:02:31.046+0000] {processor.py:179} INFO - Processing /home/airflow/.local/lib/python3.8/site-packages/airflow/example_dags/example_task_group.py took 0.042 seconds
[2023-12-05T19:55:11.876+0000] {processor.py:157} INFO - Started process (PID=59961) to work on /home/airflow/.local/lib/python3.8/site-packages/airflow/example_dags/example_task_group.py
[2023-12-05T19:55:11.877+0000] {processor.py:829} INFO - Processing file /home/airflow/.local/lib/python3.8/site-packages/airflow/example_dags/example_task_group.py for tasks to queue
[2023-12-05T19:55:11.879+0000] {logging_mixin.py:151} INFO - [2023-12-05T19:55:11.878+0000] {dagbag.py:539} INFO - Filling up the DagBag from /home/airflow/.local/lib/python3.8/site-packages/airflow/example_dags/example_task_group.py
[2023-12-05T19:55:11.883+0000] {processor.py:839} INFO - DAG(s) dict_keys(['example_task_group']) retrieved from /home/airflow/.local/lib/python3.8/site-packages/airflow/example_dags/example_task_group.py
[2023-12-05T19:55:11.898+0000] {logging_mixin.py:151} INFO - [2023-12-05T19:55:11.898+0000] {dag.py:2915} INFO - Sync 1 DAGs
[2023-12-05T19:55:11.911+0000] {logging_mixin.py:151} INFO - [2023-12-05T19:55:11.911+0000] {dag.py:3696} INFO - Setting next_dagrun for example_task_group to 2023-12-04T19:55:11.911174+00:00, run_after=2023-12-05T19:55:11.911174+00:00
[2023-12-05T19:55:11.920+0000] {processor.py:179} INFO - Processing /home/airflow/.local/lib/python3.8/site-packages/airflow/example_dags/example_task_group.py took 0.047 seconds
[2023-12-05T20:45:30.067+0000] {processor.py:157} INFO - Started process (PID=60015) to work on /home/airflow/.local/lib/python3.8/site-packages/airflow/example_dags/example_task_group.py
[2023-12-05T20:45:30.068+0000] {processor.py:829} INFO - Processing file /home/airflow/.local/lib/python3.8/site-packages/airflow/example_dags/example_task_group.py for tasks to queue
[2023-12-05T20:45:30.070+0000] {logging_mixin.py:151} INFO - [2023-12-05T20:45:30.069+0000] {dagbag.py:539} INFO - Filling up the DagBag from /home/airflow/.local/lib/python3.8/site-packages/airflow/example_dags/example_task_group.py
[2023-12-05T20:45:30.075+0000] {processor.py:839} INFO - DAG(s) dict_keys(['example_task_group']) retrieved from /home/airflow/.local/lib/python3.8/site-packages/airflow/example_dags/example_task_group.py
[2023-12-05T20:45:30.092+0000] {logging_mixin.py:151} INFO - [2023-12-05T20:45:30.092+0000] {dag.py:2915} INFO - Sync 1 DAGs
[2023-12-05T20:45:30.110+0000] {logging_mixin.py:151} INFO - [2023-12-05T20:45:30.110+0000] {dag.py:3696} INFO - Setting next_dagrun for example_task_group to 2023-12-04T20:45:30.110402+00:00, run_after=2023-12-05T20:45:30.110402+00:00
[2023-12-05T20:45:30.121+0000] {processor.py:179} INFO - Processing /home/airflow/.local/lib/python3.8/site-packages/airflow/example_dags/example_task_group.py took 0.057 seconds
[2023-12-05T22:03:31.862+0000] {processor.py:157} INFO - Started process (PID=60069) to work on /home/airflow/.local/lib/python3.8/site-packages/airflow/example_dags/example_task_group.py
[2023-12-05T22:03:31.863+0000] {processor.py:829} INFO - Processing file /home/airflow/.local/lib/python3.8/site-packages/airflow/example_dags/example_task_group.py for tasks to queue
[2023-12-05T22:03:31.865+0000] {logging_mixin.py:151} INFO - [2023-12-05T22:03:31.864+0000] {dagbag.py:539} INFO - Filling up the DagBag from /home/airflow/.local/lib/python3.8/site-packages/airflow/example_dags/example_task_group.py
[2023-12-05T22:03:31.869+0000] {processor.py:839} INFO - DAG(s) dict_keys(['example_task_group']) retrieved from /home/airflow/.local/lib/python3.8/site-packages/airflow/example_dags/example_task_group.py
[2023-12-05T22:03:31.883+0000] {logging_mixin.py:151} INFO - [2023-12-05T22:03:31.883+0000] {dag.py:2915} INFO - Sync 1 DAGs
[2023-12-05T22:03:31.898+0000] {logging_mixin.py:151} INFO - [2023-12-05T22:03:31.898+0000] {dag.py:3696} INFO - Setting next_dagrun for example_task_group to 2023-12-04T22:03:31.898240+00:00, run_after=2023-12-05T22:03:31.898240+00:00
[2023-12-05T22:03:31.910+0000] {processor.py:179} INFO - Processing /home/airflow/.local/lib/python3.8/site-packages/airflow/example_dags/example_task_group.py took 0.051 seconds
[2023-12-05T22:20:21.330+0000] {processor.py:157} INFO - Started process (PID=60123) to work on /home/airflow/.local/lib/python3.8/site-packages/airflow/example_dags/example_task_group.py
[2023-12-05T22:20:21.331+0000] {processor.py:829} INFO - Processing file /home/airflow/.local/lib/python3.8/site-packages/airflow/example_dags/example_task_group.py for tasks to queue
[2023-12-05T22:20:21.333+0000] {logging_mixin.py:151} INFO - [2023-12-05T22:20:21.333+0000] {dagbag.py:539} INFO - Filling up the DagBag from /home/airflow/.local/lib/python3.8/site-packages/airflow/example_dags/example_task_group.py
[2023-12-05T22:20:21.338+0000] {processor.py:839} INFO - DAG(s) dict_keys(['example_task_group']) retrieved from /home/airflow/.local/lib/python3.8/site-packages/airflow/example_dags/example_task_group.py
[2023-12-05T22:20:21.351+0000] {logging_mixin.py:151} INFO - [2023-12-05T22:20:21.351+0000] {dag.py:2915} INFO - Sync 1 DAGs
[2023-12-05T22:20:21.363+0000] {logging_mixin.py:151} INFO - [2023-12-05T22:20:21.363+0000] {dag.py:3696} INFO - Setting next_dagrun for example_task_group to 2023-12-04T22:20:21.363590+00:00, run_after=2023-12-05T22:20:21.363590+00:00
[2023-12-05T22:20:21.374+0000] {processor.py:179} INFO - Processing /home/airflow/.local/lib/python3.8/site-packages/airflow/example_dags/example_task_group.py took 0.046 seconds
[2023-12-05T22:55:18.494+0000] {processor.py:157} INFO - Started process (PID=60170) to work on /home/airflow/.local/lib/python3.8/site-packages/airflow/example_dags/example_task_group.py
[2023-12-05T22:55:18.495+0000] {processor.py:829} INFO - Processing file /home/airflow/.local/lib/python3.8/site-packages/airflow/example_dags/example_task_group.py for tasks to queue
[2023-12-05T22:55:18.497+0000] {logging_mixin.py:151} INFO - [2023-12-05T22:55:18.497+0000] {dagbag.py:539} INFO - Filling up the DagBag from /home/airflow/.local/lib/python3.8/site-packages/airflow/example_dags/example_task_group.py
[2023-12-05T22:55:18.502+0000] {processor.py:839} INFO - DAG(s) dict_keys(['example_task_group']) retrieved from /home/airflow/.local/lib/python3.8/site-packages/airflow/example_dags/example_task_group.py
[2023-12-05T22:55:18.515+0000] {logging_mixin.py:151} INFO - [2023-12-05T22:55:18.515+0000] {dag.py:2915} INFO - Sync 1 DAGs
[2023-12-05T22:55:18.528+0000] {logging_mixin.py:151} INFO - [2023-12-05T22:55:18.528+0000] {dag.py:3696} INFO - Setting next_dagrun for example_task_group to 2023-12-04T22:55:18.528087+00:00, run_after=2023-12-05T22:55:18.528087+00:00
[2023-12-05T22:55:18.538+0000] {processor.py:179} INFO - Processing /home/airflow/.local/lib/python3.8/site-packages/airflow/example_dags/example_task_group.py took 0.046 seconds
[2023-12-05T23:01:24.852+0000] {processor.py:157} INFO - Started process (PID=60224) to work on /home/airflow/.local/lib/python3.8/site-packages/airflow/example_dags/example_task_group.py
[2023-12-05T23:01:24.853+0000] {processor.py:829} INFO - Processing file /home/airflow/.local/lib/python3.8/site-packages/airflow/example_dags/example_task_group.py for tasks to queue
[2023-12-05T23:01:24.856+0000] {logging_mixin.py:151} INFO - [2023-12-05T23:01:24.855+0000] {dagbag.py:539} INFO - Filling up the DagBag from /home/airflow/.local/lib/python3.8/site-packages/airflow/example_dags/example_task_group.py
[2023-12-05T23:01:24.866+0000] {processor.py:839} INFO - DAG(s) dict_keys(['example_task_group']) retrieved from /home/airflow/.local/lib/python3.8/site-packages/airflow/example_dags/example_task_group.py
[2023-12-05T23:01:24.884+0000] {logging_mixin.py:151} INFO - [2023-12-05T23:01:24.884+0000] {dag.py:2915} INFO - Sync 1 DAGs
[2023-12-05T23:01:24.897+0000] {logging_mixin.py:151} INFO - [2023-12-05T23:01:24.897+0000] {dag.py:3696} INFO - Setting next_dagrun for example_task_group to 2023-12-04T23:01:24.896840+00:00, run_after=2023-12-05T23:01:24.896840+00:00
[2023-12-05T23:01:24.906+0000] {processor.py:179} INFO - Processing /home/airflow/.local/lib/python3.8/site-packages/airflow/example_dags/example_task_group.py took 0.057 seconds
[2023-12-05T23:33:00.664+0000] {processor.py:157} INFO - Started process (PID=60278) to work on /home/airflow/.local/lib/python3.8/site-packages/airflow/example_dags/example_task_group.py
[2023-12-05T23:33:00.665+0000] {processor.py:829} INFO - Processing file /home/airflow/.local/lib/python3.8/site-packages/airflow/example_dags/example_task_group.py for tasks to queue
[2023-12-05T23:33:00.666+0000] {logging_mixin.py:151} INFO - [2023-12-05T23:33:00.666+0000] {dagbag.py:539} INFO - Filling up the DagBag from /home/airflow/.local/lib/python3.8/site-packages/airflow/example_dags/example_task_group.py
[2023-12-05T23:33:00.671+0000] {processor.py:839} INFO - DAG(s) dict_keys(['example_task_group']) retrieved from /home/airflow/.local/lib/python3.8/site-packages/airflow/example_dags/example_task_group.py
[2023-12-05T23:33:00.684+0000] {logging_mixin.py:151} INFO - [2023-12-05T23:33:00.684+0000] {dag.py:2915} INFO - Sync 1 DAGs
[2023-12-05T23:33:00.695+0000] {logging_mixin.py:151} INFO - [2023-12-05T23:33:00.695+0000] {dag.py:3696} INFO - Setting next_dagrun for example_task_group to 2023-12-04T23:33:00.695222+00:00, run_after=2023-12-05T23:33:00.695222+00:00
[2023-12-05T23:33:00.704+0000] {processor.py:179} INFO - Processing /home/airflow/.local/lib/python3.8/site-packages/airflow/example_dags/example_task_group.py took 0.043 seconds
