[2023-12-05T00:42:52.157+0000] {processor.py:157} INFO - Started process (PID=58380) to work on /home/airflow/.local/lib/python3.8/site-packages/airflow/example_dags/example_dynamic_task_mapping_with_no_taskflow_operators.py
[2023-12-05T00:42:52.158+0000] {processor.py:829} INFO - Processing file /home/airflow/.local/lib/python3.8/site-packages/airflow/example_dags/example_dynamic_task_mapping_with_no_taskflow_operators.py for tasks to queue
[2023-12-05T00:42:52.159+0000] {logging_mixin.py:151} INFO - [2023-12-05T00:42:52.159+0000] {dagbag.py:539} INFO - Filling up the DagBag from /home/airflow/.local/lib/python3.8/site-packages/airflow/example_dags/example_dynamic_task_mapping_with_no_taskflow_operators.py
[2023-12-05T00:42:52.164+0000] {processor.py:839} INFO - DAG(s) dict_keys(['example_dynamic_task_mapping_with_no_taskflow_operators']) retrieved from /home/airflow/.local/lib/python3.8/site-packages/airflow/example_dags/example_dynamic_task_mapping_with_no_taskflow_operators.py
[2023-12-05T00:42:52.191+0000] {logging_mixin.py:151} INFO - [2023-12-05T00:42:52.191+0000] {dag.py:2915} INFO - Sync 1 DAGs
[2023-12-05T00:42:52.206+0000] {logging_mixin.py:151} INFO - [2023-12-05T00:42:52.206+0000] {dag.py:3696} INFO - Setting next_dagrun for example_dynamic_task_mapping_with_no_taskflow_operators to 2023-12-04T00:42:52.205919+00:00, run_after=2023-12-05T00:42:52.205919+00:00
[2023-12-05T00:42:52.216+0000] {processor.py:179} INFO - Processing /home/airflow/.local/lib/python3.8/site-packages/airflow/example_dags/example_dynamic_task_mapping_with_no_taskflow_operators.py took 0.062 seconds
[2023-12-05T01:15:42.206+0000] {processor.py:157} INFO - Started process (PID=58434) to work on /home/airflow/.local/lib/python3.8/site-packages/airflow/example_dags/example_dynamic_task_mapping_with_no_taskflow_operators.py
[2023-12-05T01:15:42.208+0000] {processor.py:829} INFO - Processing file /home/airflow/.local/lib/python3.8/site-packages/airflow/example_dags/example_dynamic_task_mapping_with_no_taskflow_operators.py for tasks to queue
[2023-12-05T01:15:42.210+0000] {logging_mixin.py:151} INFO - [2023-12-05T01:15:42.210+0000] {dagbag.py:539} INFO - Filling up the DagBag from /home/airflow/.local/lib/python3.8/site-packages/airflow/example_dags/example_dynamic_task_mapping_with_no_taskflow_operators.py
[2023-12-05T01:15:42.218+0000] {processor.py:839} INFO - DAG(s) dict_keys(['example_dynamic_task_mapping_with_no_taskflow_operators']) retrieved from /home/airflow/.local/lib/python3.8/site-packages/airflow/example_dags/example_dynamic_task_mapping_with_no_taskflow_operators.py
[2023-12-05T01:15:42.235+0000] {logging_mixin.py:151} INFO - [2023-12-05T01:15:42.235+0000] {dag.py:2915} INFO - Sync 1 DAGs
[2023-12-05T01:15:42.248+0000] {logging_mixin.py:151} INFO - [2023-12-05T01:15:42.248+0000] {dag.py:3696} INFO - Setting next_dagrun for example_dynamic_task_mapping_with_no_taskflow_operators to 2023-12-04T01:15:42.248533+00:00, run_after=2023-12-05T01:15:42.248533+00:00
[2023-12-05T01:15:42.258+0000] {processor.py:179} INFO - Processing /home/airflow/.local/lib/python3.8/site-packages/airflow/example_dags/example_dynamic_task_mapping_with_no_taskflow_operators.py took 0.059 seconds
[2023-12-05T01:37:02.005+0000] {processor.py:157} INFO - Started process (PID=58488) to work on /home/airflow/.local/lib/python3.8/site-packages/airflow/example_dags/example_dynamic_task_mapping_with_no_taskflow_operators.py
[2023-12-05T01:37:02.007+0000] {processor.py:829} INFO - Processing file /home/airflow/.local/lib/python3.8/site-packages/airflow/example_dags/example_dynamic_task_mapping_with_no_taskflow_operators.py for tasks to queue
[2023-12-05T01:37:02.008+0000] {logging_mixin.py:151} INFO - [2023-12-05T01:37:02.008+0000] {dagbag.py:539} INFO - Filling up the DagBag from /home/airflow/.local/lib/python3.8/site-packages/airflow/example_dags/example_dynamic_task_mapping_with_no_taskflow_operators.py
[2023-12-05T01:37:02.013+0000] {processor.py:839} INFO - DAG(s) dict_keys(['example_dynamic_task_mapping_with_no_taskflow_operators']) retrieved from /home/airflow/.local/lib/python3.8/site-packages/airflow/example_dags/example_dynamic_task_mapping_with_no_taskflow_operators.py
[2023-12-05T01:37:02.024+0000] {logging_mixin.py:151} INFO - [2023-12-05T01:37:02.024+0000] {dag.py:2915} INFO - Sync 1 DAGs
[2023-12-05T01:37:02.036+0000] {logging_mixin.py:151} INFO - [2023-12-05T01:37:02.036+0000] {dag.py:3696} INFO - Setting next_dagrun for example_dynamic_task_mapping_with_no_taskflow_operators to 2023-12-04T01:37:02.036540+00:00, run_after=2023-12-05T01:37:02.036540+00:00
[2023-12-05T01:37:02.045+0000] {processor.py:179} INFO - Processing /home/airflow/.local/lib/python3.8/site-packages/airflow/example_dags/example_dynamic_task_mapping_with_no_taskflow_operators.py took 0.043 seconds
[2023-12-05T02:26:53.215+0000] {processor.py:157} INFO - Started process (PID=58542) to work on /home/airflow/.local/lib/python3.8/site-packages/airflow/example_dags/example_dynamic_task_mapping_with_no_taskflow_operators.py
[2023-12-05T02:26:53.216+0000] {processor.py:829} INFO - Processing file /home/airflow/.local/lib/python3.8/site-packages/airflow/example_dags/example_dynamic_task_mapping_with_no_taskflow_operators.py for tasks to queue
[2023-12-05T02:26:53.218+0000] {logging_mixin.py:151} INFO - [2023-12-05T02:26:53.218+0000] {dagbag.py:539} INFO - Filling up the DagBag from /home/airflow/.local/lib/python3.8/site-packages/airflow/example_dags/example_dynamic_task_mapping_with_no_taskflow_operators.py
[2023-12-05T02:26:53.224+0000] {processor.py:839} INFO - DAG(s) dict_keys(['example_dynamic_task_mapping_with_no_taskflow_operators']) retrieved from /home/airflow/.local/lib/python3.8/site-packages/airflow/example_dags/example_dynamic_task_mapping_with_no_taskflow_operators.py
[2023-12-05T02:26:53.237+0000] {logging_mixin.py:151} INFO - [2023-12-05T02:26:53.237+0000] {dag.py:2915} INFO - Sync 1 DAGs
[2023-12-05T02:26:53.250+0000] {logging_mixin.py:151} INFO - [2023-12-05T02:26:53.250+0000] {dag.py:3696} INFO - Setting next_dagrun for example_dynamic_task_mapping_with_no_taskflow_operators to 2023-12-04T02:26:53.249878+00:00, run_after=2023-12-05T02:26:53.249878+00:00
[2023-12-05T02:26:53.260+0000] {processor.py:179} INFO - Processing /home/airflow/.local/lib/python3.8/site-packages/airflow/example_dags/example_dynamic_task_mapping_with_no_taskflow_operators.py took 0.052 seconds
[2023-12-05T03:26:09.988+0000] {processor.py:157} INFO - Started process (PID=58596) to work on /home/airflow/.local/lib/python3.8/site-packages/airflow/example_dags/example_dynamic_task_mapping_with_no_taskflow_operators.py
[2023-12-05T03:26:09.991+0000] {processor.py:829} INFO - Processing file /home/airflow/.local/lib/python3.8/site-packages/airflow/example_dags/example_dynamic_task_mapping_with_no_taskflow_operators.py for tasks to queue
[2023-12-05T03:26:09.994+0000] {logging_mixin.py:151} INFO - [2023-12-05T03:26:09.994+0000] {dagbag.py:539} INFO - Filling up the DagBag from /home/airflow/.local/lib/python3.8/site-packages/airflow/example_dags/example_dynamic_task_mapping_with_no_taskflow_operators.py
[2023-12-05T03:26:10.002+0000] {processor.py:839} INFO - DAG(s) dict_keys(['example_dynamic_task_mapping_with_no_taskflow_operators']) retrieved from /home/airflow/.local/lib/python3.8/site-packages/airflow/example_dags/example_dynamic_task_mapping_with_no_taskflow_operators.py
[2023-12-05T03:26:10.016+0000] {logging_mixin.py:151} INFO - [2023-12-05T03:26:10.016+0000] {dag.py:2915} INFO - Sync 1 DAGs
[2023-12-05T03:26:10.028+0000] {logging_mixin.py:151} INFO - [2023-12-05T03:26:10.028+0000] {dag.py:3696} INFO - Setting next_dagrun for example_dynamic_task_mapping_with_no_taskflow_operators to 2023-12-04T03:26:10.028219+00:00, run_after=2023-12-05T03:26:10.028219+00:00
[2023-12-05T03:26:10.037+0000] {processor.py:179} INFO - Processing /home/airflow/.local/lib/python3.8/site-packages/airflow/example_dags/example_dynamic_task_mapping_with_no_taskflow_operators.py took 0.057 seconds
[2023-12-05T03:59:17.869+0000] {processor.py:157} INFO - Started process (PID=58650) to work on /home/airflow/.local/lib/python3.8/site-packages/airflow/example_dags/example_dynamic_task_mapping_with_no_taskflow_operators.py
[2023-12-05T03:59:17.871+0000] {processor.py:829} INFO - Processing file /home/airflow/.local/lib/python3.8/site-packages/airflow/example_dags/example_dynamic_task_mapping_with_no_taskflow_operators.py for tasks to queue
[2023-12-05T03:59:17.872+0000] {logging_mixin.py:151} INFO - [2023-12-05T03:59:17.872+0000] {dagbag.py:539} INFO - Filling up the DagBag from /home/airflow/.local/lib/python3.8/site-packages/airflow/example_dags/example_dynamic_task_mapping_with_no_taskflow_operators.py
[2023-12-05T03:59:17.877+0000] {processor.py:839} INFO - DAG(s) dict_keys(['example_dynamic_task_mapping_with_no_taskflow_operators']) retrieved from /home/airflow/.local/lib/python3.8/site-packages/airflow/example_dags/example_dynamic_task_mapping_with_no_taskflow_operators.py
[2023-12-05T03:59:17.890+0000] {logging_mixin.py:151} INFO - [2023-12-05T03:59:17.890+0000] {dag.py:2915} INFO - Sync 1 DAGs
[2023-12-05T03:59:17.902+0000] {logging_mixin.py:151} INFO - [2023-12-05T03:59:17.902+0000] {dag.py:3696} INFO - Setting next_dagrun for example_dynamic_task_mapping_with_no_taskflow_operators to 2023-12-04T03:59:17.902109+00:00, run_after=2023-12-05T03:59:17.902109+00:00
[2023-12-05T03:59:17.920+0000] {processor.py:179} INFO - Processing /home/airflow/.local/lib/python3.8/site-packages/airflow/example_dags/example_dynamic_task_mapping_with_no_taskflow_operators.py took 0.053 seconds
[2023-12-05T04:55:34.223+0000] {processor.py:157} INFO - Started process (PID=58705) to work on /home/airflow/.local/lib/python3.8/site-packages/airflow/example_dags/example_dynamic_task_mapping_with_no_taskflow_operators.py
[2023-12-05T04:55:34.227+0000] {processor.py:829} INFO - Processing file /home/airflow/.local/lib/python3.8/site-packages/airflow/example_dags/example_dynamic_task_mapping_with_no_taskflow_operators.py for tasks to queue
[2023-12-05T04:55:34.234+0000] {logging_mixin.py:151} INFO - [2023-12-05T04:55:34.233+0000] {dagbag.py:539} INFO - Filling up the DagBag from /home/airflow/.local/lib/python3.8/site-packages/airflow/example_dags/example_dynamic_task_mapping_with_no_taskflow_operators.py
[2023-12-05T04:55:34.276+0000] {processor.py:839} INFO - DAG(s) dict_keys(['example_dynamic_task_mapping_with_no_taskflow_operators']) retrieved from /home/airflow/.local/lib/python3.8/site-packages/airflow/example_dags/example_dynamic_task_mapping_with_no_taskflow_operators.py
[2023-12-05T04:55:34.328+0000] {logging_mixin.py:151} INFO - [2023-12-05T04:55:34.327+0000] {dag.py:2915} INFO - Sync 1 DAGs
[2023-12-05T04:55:34.361+0000] {logging_mixin.py:151} INFO - [2023-12-05T04:55:34.361+0000] {dag.py:3696} INFO - Setting next_dagrun for example_dynamic_task_mapping_with_no_taskflow_operators to 2023-12-04T04:55:34.360374+00:00, run_after=2023-12-05T04:55:34.360374+00:00
[2023-12-05T04:55:34.403+0000] {processor.py:179} INFO - Processing /home/airflow/.local/lib/python3.8/site-packages/airflow/example_dags/example_dynamic_task_mapping_with_no_taskflow_operators.py took 0.199 seconds
[2023-12-05T06:01:03.468+0000] {processor.py:157} INFO - Started process (PID=58759) to work on /home/airflow/.local/lib/python3.8/site-packages/airflow/example_dags/example_dynamic_task_mapping_with_no_taskflow_operators.py
[2023-12-05T06:01:03.469+0000] {processor.py:829} INFO - Processing file /home/airflow/.local/lib/python3.8/site-packages/airflow/example_dags/example_dynamic_task_mapping_with_no_taskflow_operators.py for tasks to queue
[2023-12-05T06:01:03.471+0000] {logging_mixin.py:151} INFO - [2023-12-05T06:01:03.471+0000] {dagbag.py:539} INFO - Filling up the DagBag from /home/airflow/.local/lib/python3.8/site-packages/airflow/example_dags/example_dynamic_task_mapping_with_no_taskflow_operators.py
[2023-12-05T06:01:03.476+0000] {processor.py:839} INFO - DAG(s) dict_keys(['example_dynamic_task_mapping_with_no_taskflow_operators']) retrieved from /home/airflow/.local/lib/python3.8/site-packages/airflow/example_dags/example_dynamic_task_mapping_with_no_taskflow_operators.py
[2023-12-05T06:01:03.488+0000] {logging_mixin.py:151} INFO - [2023-12-05T06:01:03.488+0000] {dag.py:2915} INFO - Sync 1 DAGs
[2023-12-05T06:01:03.500+0000] {logging_mixin.py:151} INFO - [2023-12-05T06:01:03.500+0000] {dag.py:3696} INFO - Setting next_dagrun for example_dynamic_task_mapping_with_no_taskflow_operators to 2023-12-04T06:01:03.500330+00:00, run_after=2023-12-05T06:01:03.500330+00:00
[2023-12-05T06:01:03.509+0000] {processor.py:179} INFO - Processing /home/airflow/.local/lib/python3.8/site-packages/airflow/example_dags/example_dynamic_task_mapping_with_no_taskflow_operators.py took 0.043 seconds
[2023-12-05T07:19:27.999+0000] {processor.py:157} INFO - Started process (PID=58813) to work on /home/airflow/.local/lib/python3.8/site-packages/airflow/example_dags/example_dynamic_task_mapping_with_no_taskflow_operators.py
[2023-12-05T07:19:28.000+0000] {processor.py:829} INFO - Processing file /home/airflow/.local/lib/python3.8/site-packages/airflow/example_dags/example_dynamic_task_mapping_with_no_taskflow_operators.py for tasks to queue
[2023-12-05T07:19:28.002+0000] {logging_mixin.py:151} INFO - [2023-12-05T07:19:28.001+0000] {dagbag.py:539} INFO - Filling up the DagBag from /home/airflow/.local/lib/python3.8/site-packages/airflow/example_dags/example_dynamic_task_mapping_with_no_taskflow_operators.py
[2023-12-05T07:19:28.006+0000] {processor.py:839} INFO - DAG(s) dict_keys(['example_dynamic_task_mapping_with_no_taskflow_operators']) retrieved from /home/airflow/.local/lib/python3.8/site-packages/airflow/example_dags/example_dynamic_task_mapping_with_no_taskflow_operators.py
[2023-12-05T07:19:28.018+0000] {logging_mixin.py:151} INFO - [2023-12-05T07:19:28.018+0000] {dag.py:2915} INFO - Sync 1 DAGs
[2023-12-05T07:19:28.029+0000] {logging_mixin.py:151} INFO - [2023-12-05T07:19:28.029+0000] {dag.py:3696} INFO - Setting next_dagrun for example_dynamic_task_mapping_with_no_taskflow_operators to 2023-12-04T07:19:28.029513+00:00, run_after=2023-12-05T07:19:28.029513+00:00
[2023-12-05T07:19:28.039+0000] {processor.py:179} INFO - Processing /home/airflow/.local/lib/python3.8/site-packages/airflow/example_dags/example_dynamic_task_mapping_with_no_taskflow_operators.py took 0.043 seconds
[2023-12-05T08:25:29.375+0000] {processor.py:157} INFO - Started process (PID=58867) to work on /home/airflow/.local/lib/python3.8/site-packages/airflow/example_dags/example_dynamic_task_mapping_with_no_taskflow_operators.py
[2023-12-05T08:25:29.377+0000] {processor.py:829} INFO - Processing file /home/airflow/.local/lib/python3.8/site-packages/airflow/example_dags/example_dynamic_task_mapping_with_no_taskflow_operators.py for tasks to queue
[2023-12-05T08:25:29.379+0000] {logging_mixin.py:151} INFO - [2023-12-05T08:25:29.379+0000] {dagbag.py:539} INFO - Filling up the DagBag from /home/airflow/.local/lib/python3.8/site-packages/airflow/example_dags/example_dynamic_task_mapping_with_no_taskflow_operators.py
[2023-12-05T08:25:29.385+0000] {processor.py:839} INFO - DAG(s) dict_keys(['example_dynamic_task_mapping_with_no_taskflow_operators']) retrieved from /home/airflow/.local/lib/python3.8/site-packages/airflow/example_dags/example_dynamic_task_mapping_with_no_taskflow_operators.py
[2023-12-05T08:25:29.404+0000] {logging_mixin.py:151} INFO - [2023-12-05T08:25:29.404+0000] {dag.py:2915} INFO - Sync 1 DAGs
[2023-12-05T08:25:29.418+0000] {logging_mixin.py:151} INFO - [2023-12-05T08:25:29.418+0000] {dag.py:3696} INFO - Setting next_dagrun for example_dynamic_task_mapping_with_no_taskflow_operators to 2023-12-04T08:25:29.418426+00:00, run_after=2023-12-05T08:25:29.418426+00:00
[2023-12-05T08:25:29.428+0000] {processor.py:179} INFO - Processing /home/airflow/.local/lib/python3.8/site-packages/airflow/example_dags/example_dynamic_task_mapping_with_no_taskflow_operators.py took 0.059 seconds
[2023-12-05T08:31:44.231+0000] {processor.py:157} INFO - Started process (PID=58921) to work on /home/airflow/.local/lib/python3.8/site-packages/airflow/example_dags/example_dynamic_task_mapping_with_no_taskflow_operators.py
[2023-12-05T08:31:44.232+0000] {processor.py:829} INFO - Processing file /home/airflow/.local/lib/python3.8/site-packages/airflow/example_dags/example_dynamic_task_mapping_with_no_taskflow_operators.py for tasks to queue
[2023-12-05T08:31:44.234+0000] {logging_mixin.py:151} INFO - [2023-12-05T08:31:44.234+0000] {dagbag.py:539} INFO - Filling up the DagBag from /home/airflow/.local/lib/python3.8/site-packages/airflow/example_dags/example_dynamic_task_mapping_with_no_taskflow_operators.py
[2023-12-05T08:31:44.238+0000] {processor.py:839} INFO - DAG(s) dict_keys(['example_dynamic_task_mapping_with_no_taskflow_operators']) retrieved from /home/airflow/.local/lib/python3.8/site-packages/airflow/example_dags/example_dynamic_task_mapping_with_no_taskflow_operators.py
[2023-12-05T08:31:44.250+0000] {logging_mixin.py:151} INFO - [2023-12-05T08:31:44.250+0000] {dag.py:2915} INFO - Sync 1 DAGs
[2023-12-05T08:31:44.263+0000] {logging_mixin.py:151} INFO - [2023-12-05T08:31:44.262+0000] {dag.py:3696} INFO - Setting next_dagrun for example_dynamic_task_mapping_with_no_taskflow_operators to 2023-12-04T08:31:44.262801+00:00, run_after=2023-12-05T08:31:44.262801+00:00
[2023-12-05T08:31:44.272+0000] {processor.py:179} INFO - Processing /home/airflow/.local/lib/python3.8/site-packages/airflow/example_dags/example_dynamic_task_mapping_with_no_taskflow_operators.py took 0.043 seconds
[2023-12-05T08:32:17.094+0000] {processor.py:157} INFO - Started process (PID=58975) to work on /home/airflow/.local/lib/python3.8/site-packages/airflow/example_dags/example_dynamic_task_mapping_with_no_taskflow_operators.py
[2023-12-05T08:32:17.094+0000] {processor.py:829} INFO - Processing file /home/airflow/.local/lib/python3.8/site-packages/airflow/example_dags/example_dynamic_task_mapping_with_no_taskflow_operators.py for tasks to queue
[2023-12-05T08:32:17.096+0000] {logging_mixin.py:151} INFO - [2023-12-05T08:32:17.096+0000] {dagbag.py:539} INFO - Filling up the DagBag from /home/airflow/.local/lib/python3.8/site-packages/airflow/example_dags/example_dynamic_task_mapping_with_no_taskflow_operators.py
[2023-12-05T08:32:17.100+0000] {processor.py:839} INFO - DAG(s) dict_keys(['example_dynamic_task_mapping_with_no_taskflow_operators']) retrieved from /home/airflow/.local/lib/python3.8/site-packages/airflow/example_dags/example_dynamic_task_mapping_with_no_taskflow_operators.py
[2023-12-05T08:32:17.111+0000] {logging_mixin.py:151} INFO - [2023-12-05T08:32:17.111+0000] {dag.py:2915} INFO - Sync 1 DAGs
[2023-12-05T08:32:17.123+0000] {logging_mixin.py:151} INFO - [2023-12-05T08:32:17.123+0000] {dag.py:3696} INFO - Setting next_dagrun for example_dynamic_task_mapping_with_no_taskflow_operators to 2023-12-04T08:32:17.122888+00:00, run_after=2023-12-05T08:32:17.122888+00:00
[2023-12-05T08:32:17.132+0000] {processor.py:179} INFO - Processing /home/airflow/.local/lib/python3.8/site-packages/airflow/example_dags/example_dynamic_task_mapping_with_no_taskflow_operators.py took 0.041 seconds
[2023-12-05T08:34:02.348+0000] {processor.py:157} INFO - Started process (PID=59029) to work on /home/airflow/.local/lib/python3.8/site-packages/airflow/example_dags/example_dynamic_task_mapping_with_no_taskflow_operators.py
[2023-12-05T08:34:02.349+0000] {processor.py:829} INFO - Processing file /home/airflow/.local/lib/python3.8/site-packages/airflow/example_dags/example_dynamic_task_mapping_with_no_taskflow_operators.py for tasks to queue
[2023-12-05T08:34:02.350+0000] {logging_mixin.py:151} INFO - [2023-12-05T08:34:02.350+0000] {dagbag.py:539} INFO - Filling up the DagBag from /home/airflow/.local/lib/python3.8/site-packages/airflow/example_dags/example_dynamic_task_mapping_with_no_taskflow_operators.py
[2023-12-05T08:34:02.355+0000] {processor.py:839} INFO - DAG(s) dict_keys(['example_dynamic_task_mapping_with_no_taskflow_operators']) retrieved from /home/airflow/.local/lib/python3.8/site-packages/airflow/example_dags/example_dynamic_task_mapping_with_no_taskflow_operators.py
[2023-12-05T08:34:02.373+0000] {logging_mixin.py:151} INFO - [2023-12-05T08:34:02.373+0000] {dag.py:2915} INFO - Sync 1 DAGs
[2023-12-05T08:34:02.386+0000] {logging_mixin.py:151} INFO - [2023-12-05T08:34:02.386+0000] {dag.py:3696} INFO - Setting next_dagrun for example_dynamic_task_mapping_with_no_taskflow_operators to 2023-12-04T08:34:02.386126+00:00, run_after=2023-12-05T08:34:02.386126+00:00
[2023-12-05T08:34:02.395+0000] {processor.py:179} INFO - Processing /home/airflow/.local/lib/python3.8/site-packages/airflow/example_dags/example_dynamic_task_mapping_with_no_taskflow_operators.py took 0.050 seconds
[2023-12-05T08:55:45.837+0000] {processor.py:157} INFO - Started process (PID=59083) to work on /home/airflow/.local/lib/python3.8/site-packages/airflow/example_dags/example_dynamic_task_mapping_with_no_taskflow_operators.py
[2023-12-05T08:55:45.838+0000] {processor.py:829} INFO - Processing file /home/airflow/.local/lib/python3.8/site-packages/airflow/example_dags/example_dynamic_task_mapping_with_no_taskflow_operators.py for tasks to queue
[2023-12-05T08:55:45.840+0000] {logging_mixin.py:151} INFO - [2023-12-05T08:55:45.839+0000] {dagbag.py:539} INFO - Filling up the DagBag from /home/airflow/.local/lib/python3.8/site-packages/airflow/example_dags/example_dynamic_task_mapping_with_no_taskflow_operators.py
[2023-12-05T08:55:45.844+0000] {processor.py:839} INFO - DAG(s) dict_keys(['example_dynamic_task_mapping_with_no_taskflow_operators']) retrieved from /home/airflow/.local/lib/python3.8/site-packages/airflow/example_dags/example_dynamic_task_mapping_with_no_taskflow_operators.py
[2023-12-05T08:55:45.867+0000] {logging_mixin.py:151} INFO - [2023-12-05T08:55:45.866+0000] {dag.py:2915} INFO - Sync 1 DAGs
[2023-12-05T08:55:45.884+0000] {logging_mixin.py:151} INFO - [2023-12-05T08:55:45.883+0000] {dag.py:3696} INFO - Setting next_dagrun for example_dynamic_task_mapping_with_no_taskflow_operators to 2023-12-04T08:55:45.883729+00:00, run_after=2023-12-05T08:55:45.883729+00:00
[2023-12-05T08:55:45.896+0000] {processor.py:179} INFO - Processing /home/airflow/.local/lib/python3.8/site-packages/airflow/example_dags/example_dynamic_task_mapping_with_no_taskflow_operators.py took 0.062 seconds
[2023-12-05T10:11:03.917+0000] {processor.py:157} INFO - Started process (PID=59137) to work on /home/airflow/.local/lib/python3.8/site-packages/airflow/example_dags/example_dynamic_task_mapping_with_no_taskflow_operators.py
[2023-12-05T10:11:03.917+0000] {processor.py:829} INFO - Processing file /home/airflow/.local/lib/python3.8/site-packages/airflow/example_dags/example_dynamic_task_mapping_with_no_taskflow_operators.py for tasks to queue
[2023-12-05T10:11:03.919+0000] {logging_mixin.py:151} INFO - [2023-12-05T10:11:03.919+0000] {dagbag.py:539} INFO - Filling up the DagBag from /home/airflow/.local/lib/python3.8/site-packages/airflow/example_dags/example_dynamic_task_mapping_with_no_taskflow_operators.py
[2023-12-05T10:11:03.923+0000] {processor.py:839} INFO - DAG(s) dict_keys(['example_dynamic_task_mapping_with_no_taskflow_operators']) retrieved from /home/airflow/.local/lib/python3.8/site-packages/airflow/example_dags/example_dynamic_task_mapping_with_no_taskflow_operators.py
[2023-12-05T10:11:03.936+0000] {logging_mixin.py:151} INFO - [2023-12-05T10:11:03.936+0000] {dag.py:2915} INFO - Sync 1 DAGs
[2023-12-05T10:11:03.951+0000] {logging_mixin.py:151} INFO - [2023-12-05T10:11:03.951+0000] {dag.py:3696} INFO - Setting next_dagrun for example_dynamic_task_mapping_with_no_taskflow_operators to 2023-12-04T10:11:03.951679+00:00, run_after=2023-12-05T10:11:03.951679+00:00
[2023-12-05T10:11:03.962+0000] {processor.py:179} INFO - Processing /home/airflow/.local/lib/python3.8/site-packages/airflow/example_dags/example_dynamic_task_mapping_with_no_taskflow_operators.py took 0.048 seconds
[2023-12-05T10:30:49.343+0000] {processor.py:157} INFO - Started process (PID=59191) to work on /home/airflow/.local/lib/python3.8/site-packages/airflow/example_dags/example_dynamic_task_mapping_with_no_taskflow_operators.py
[2023-12-05T10:30:49.344+0000] {processor.py:829} INFO - Processing file /home/airflow/.local/lib/python3.8/site-packages/airflow/example_dags/example_dynamic_task_mapping_with_no_taskflow_operators.py for tasks to queue
[2023-12-05T10:30:49.348+0000] {logging_mixin.py:151} INFO - [2023-12-05T10:30:49.348+0000] {dagbag.py:539} INFO - Filling up the DagBag from /home/airflow/.local/lib/python3.8/site-packages/airflow/example_dags/example_dynamic_task_mapping_with_no_taskflow_operators.py
[2023-12-05T10:30:49.353+0000] {processor.py:839} INFO - DAG(s) dict_keys(['example_dynamic_task_mapping_with_no_taskflow_operators']) retrieved from /home/airflow/.local/lib/python3.8/site-packages/airflow/example_dags/example_dynamic_task_mapping_with_no_taskflow_operators.py
[2023-12-05T10:30:49.370+0000] {logging_mixin.py:151} INFO - [2023-12-05T10:30:49.370+0000] {dag.py:2915} INFO - Sync 1 DAGs
[2023-12-05T10:30:49.394+0000] {logging_mixin.py:151} INFO - [2023-12-05T10:30:49.394+0000] {dag.py:3696} INFO - Setting next_dagrun for example_dynamic_task_mapping_with_no_taskflow_operators to 2023-12-04T10:30:49.394236+00:00, run_after=2023-12-05T10:30:49.394236+00:00
[2023-12-05T10:30:49.419+0000] {processor.py:179} INFO - Processing /home/airflow/.local/lib/python3.8/site-packages/airflow/example_dags/example_dynamic_task_mapping_with_no_taskflow_operators.py took 0.081 seconds
[2023-12-05T11:07:01.506+0000] {processor.py:157} INFO - Started process (PID=59245) to work on /home/airflow/.local/lib/python3.8/site-packages/airflow/example_dags/example_dynamic_task_mapping_with_no_taskflow_operators.py
[2023-12-05T11:07:01.507+0000] {processor.py:829} INFO - Processing file /home/airflow/.local/lib/python3.8/site-packages/airflow/example_dags/example_dynamic_task_mapping_with_no_taskflow_operators.py for tasks to queue
[2023-12-05T11:07:01.509+0000] {logging_mixin.py:151} INFO - [2023-12-05T11:07:01.508+0000] {dagbag.py:539} INFO - Filling up the DagBag from /home/airflow/.local/lib/python3.8/site-packages/airflow/example_dags/example_dynamic_task_mapping_with_no_taskflow_operators.py
[2023-12-05T11:07:01.514+0000] {processor.py:839} INFO - DAG(s) dict_keys(['example_dynamic_task_mapping_with_no_taskflow_operators']) retrieved from /home/airflow/.local/lib/python3.8/site-packages/airflow/example_dags/example_dynamic_task_mapping_with_no_taskflow_operators.py
[2023-12-05T11:07:01.527+0000] {logging_mixin.py:151} INFO - [2023-12-05T11:07:01.527+0000] {dag.py:2915} INFO - Sync 1 DAGs
[2023-12-05T11:07:01.539+0000] {logging_mixin.py:151} INFO - [2023-12-05T11:07:01.539+0000] {dag.py:3696} INFO - Setting next_dagrun for example_dynamic_task_mapping_with_no_taskflow_operators to 2023-12-04T11:07:01.539375+00:00, run_after=2023-12-05T11:07:01.539375+00:00
[2023-12-05T11:07:01.572+0000] {processor.py:179} INFO - Processing /home/airflow/.local/lib/python3.8/site-packages/airflow/example_dags/example_dynamic_task_mapping_with_no_taskflow_operators.py took 0.069 seconds
[2023-12-05T12:00:58.496+0000] {processor.py:157} INFO - Started process (PID=59299) to work on /home/airflow/.local/lib/python3.8/site-packages/airflow/example_dags/example_dynamic_task_mapping_with_no_taskflow_operators.py
[2023-12-05T12:00:58.497+0000] {processor.py:829} INFO - Processing file /home/airflow/.local/lib/python3.8/site-packages/airflow/example_dags/example_dynamic_task_mapping_with_no_taskflow_operators.py for tasks to queue
[2023-12-05T12:00:58.499+0000] {logging_mixin.py:151} INFO - [2023-12-05T12:00:58.499+0000] {dagbag.py:539} INFO - Filling up the DagBag from /home/airflow/.local/lib/python3.8/site-packages/airflow/example_dags/example_dynamic_task_mapping_with_no_taskflow_operators.py
[2023-12-05T12:00:58.506+0000] {processor.py:839} INFO - DAG(s) dict_keys(['example_dynamic_task_mapping_with_no_taskflow_operators']) retrieved from /home/airflow/.local/lib/python3.8/site-packages/airflow/example_dags/example_dynamic_task_mapping_with_no_taskflow_operators.py
[2023-12-05T12:00:58.524+0000] {logging_mixin.py:151} INFO - [2023-12-05T12:00:58.524+0000] {dag.py:2915} INFO - Sync 1 DAGs
[2023-12-05T12:00:58.557+0000] {logging_mixin.py:151} INFO - [2023-12-05T12:00:58.556+0000] {dag.py:3696} INFO - Setting next_dagrun for example_dynamic_task_mapping_with_no_taskflow_operators to 2023-12-04T12:00:58.556557+00:00, run_after=2023-12-05T12:00:58.556557+00:00
[2023-12-05T12:00:58.585+0000] {processor.py:179} INFO - Processing /home/airflow/.local/lib/python3.8/site-packages/airflow/example_dags/example_dynamic_task_mapping_with_no_taskflow_operators.py took 0.092 seconds
[2023-12-05T13:02:51.312+0000] {processor.py:157} INFO - Started process (PID=59353) to work on /home/airflow/.local/lib/python3.8/site-packages/airflow/example_dags/example_dynamic_task_mapping_with_no_taskflow_operators.py
[2023-12-05T13:02:51.315+0000] {processor.py:829} INFO - Processing file /home/airflow/.local/lib/python3.8/site-packages/airflow/example_dags/example_dynamic_task_mapping_with_no_taskflow_operators.py for tasks to queue
[2023-12-05T13:02:51.316+0000] {logging_mixin.py:151} INFO - [2023-12-05T13:02:51.316+0000] {dagbag.py:539} INFO - Filling up the DagBag from /home/airflow/.local/lib/python3.8/site-packages/airflow/example_dags/example_dynamic_task_mapping_with_no_taskflow_operators.py
[2023-12-05T13:02:51.326+0000] {processor.py:839} INFO - DAG(s) dict_keys(['example_dynamic_task_mapping_with_no_taskflow_operators']) retrieved from /home/airflow/.local/lib/python3.8/site-packages/airflow/example_dags/example_dynamic_task_mapping_with_no_taskflow_operators.py
[2023-12-05T13:02:51.383+0000] {logging_mixin.py:151} INFO - [2023-12-05T13:02:51.383+0000] {dag.py:2915} INFO - Sync 1 DAGs
[2023-12-05T13:02:51.423+0000] {logging_mixin.py:151} INFO - [2023-12-05T13:02:51.422+0000] {dag.py:3696} INFO - Setting next_dagrun for example_dynamic_task_mapping_with_no_taskflow_operators to 2023-12-04T13:02:51.422651+00:00, run_after=2023-12-05T13:02:51.422651+00:00
[2023-12-05T13:02:51.475+0000] {processor.py:179} INFO - Processing /home/airflow/.local/lib/python3.8/site-packages/airflow/example_dags/example_dynamic_task_mapping_with_no_taskflow_operators.py took 0.167 seconds
[2023-12-05T13:15:01.483+0000] {processor.py:157} INFO - Started process (PID=59407) to work on /home/airflow/.local/lib/python3.8/site-packages/airflow/example_dags/example_dynamic_task_mapping_with_no_taskflow_operators.py
[2023-12-05T13:15:01.484+0000] {processor.py:829} INFO - Processing file /home/airflow/.local/lib/python3.8/site-packages/airflow/example_dags/example_dynamic_task_mapping_with_no_taskflow_operators.py for tasks to queue
[2023-12-05T13:15:01.485+0000] {logging_mixin.py:151} INFO - [2023-12-05T13:15:01.485+0000] {dagbag.py:539} INFO - Filling up the DagBag from /home/airflow/.local/lib/python3.8/site-packages/airflow/example_dags/example_dynamic_task_mapping_with_no_taskflow_operators.py
[2023-12-05T13:15:01.490+0000] {processor.py:839} INFO - DAG(s) dict_keys(['example_dynamic_task_mapping_with_no_taskflow_operators']) retrieved from /home/airflow/.local/lib/python3.8/site-packages/airflow/example_dags/example_dynamic_task_mapping_with_no_taskflow_operators.py
[2023-12-05T13:15:01.501+0000] {logging_mixin.py:151} INFO - [2023-12-05T13:15:01.501+0000] {dag.py:2915} INFO - Sync 1 DAGs
[2023-12-05T13:15:01.512+0000] {logging_mixin.py:151} INFO - [2023-12-05T13:15:01.512+0000] {dag.py:3696} INFO - Setting next_dagrun for example_dynamic_task_mapping_with_no_taskflow_operators to 2023-12-04T13:15:01.512627+00:00, run_after=2023-12-05T13:15:01.512627+00:00
[2023-12-05T13:15:01.522+0000] {processor.py:179} INFO - Processing /home/airflow/.local/lib/python3.8/site-packages/airflow/example_dags/example_dynamic_task_mapping_with_no_taskflow_operators.py took 0.041 seconds
[2023-12-05T13:58:18.978+0000] {processor.py:157} INFO - Started process (PID=59461) to work on /home/airflow/.local/lib/python3.8/site-packages/airflow/example_dags/example_dynamic_task_mapping_with_no_taskflow_operators.py
[2023-12-05T13:58:18.978+0000] {processor.py:829} INFO - Processing file /home/airflow/.local/lib/python3.8/site-packages/airflow/example_dags/example_dynamic_task_mapping_with_no_taskflow_operators.py for tasks to queue
[2023-12-05T13:58:18.980+0000] {logging_mixin.py:151} INFO - [2023-12-05T13:58:18.979+0000] {dagbag.py:539} INFO - Filling up the DagBag from /home/airflow/.local/lib/python3.8/site-packages/airflow/example_dags/example_dynamic_task_mapping_with_no_taskflow_operators.py
[2023-12-05T13:58:18.984+0000] {processor.py:839} INFO - DAG(s) dict_keys(['example_dynamic_task_mapping_with_no_taskflow_operators']) retrieved from /home/airflow/.local/lib/python3.8/site-packages/airflow/example_dags/example_dynamic_task_mapping_with_no_taskflow_operators.py
[2023-12-05T13:58:19.000+0000] {logging_mixin.py:151} INFO - [2023-12-05T13:58:18.999+0000] {dag.py:2915} INFO - Sync 1 DAGs
[2023-12-05T13:58:19.013+0000] {logging_mixin.py:151} INFO - [2023-12-05T13:58:19.012+0000] {dag.py:3696} INFO - Setting next_dagrun for example_dynamic_task_mapping_with_no_taskflow_operators to 2023-12-04T13:58:19.012687+00:00, run_after=2023-12-05T13:58:19.012687+00:00
[2023-12-05T13:58:19.021+0000] {processor.py:179} INFO - Processing /home/airflow/.local/lib/python3.8/site-packages/airflow/example_dags/example_dynamic_task_mapping_with_no_taskflow_operators.py took 0.046 seconds
[2023-12-05T14:14:33.289+0000] {processor.py:157} INFO - Started process (PID=59515) to work on /home/airflow/.local/lib/python3.8/site-packages/airflow/example_dags/example_dynamic_task_mapping_with_no_taskflow_operators.py
[2023-12-05T14:14:33.290+0000] {processor.py:829} INFO - Processing file /home/airflow/.local/lib/python3.8/site-packages/airflow/example_dags/example_dynamic_task_mapping_with_no_taskflow_operators.py for tasks to queue
[2023-12-05T14:14:33.292+0000] {logging_mixin.py:151} INFO - [2023-12-05T14:14:33.292+0000] {dagbag.py:539} INFO - Filling up the DagBag from /home/airflow/.local/lib/python3.8/site-packages/airflow/example_dags/example_dynamic_task_mapping_with_no_taskflow_operators.py
[2023-12-05T14:14:33.299+0000] {processor.py:839} INFO - DAG(s) dict_keys(['example_dynamic_task_mapping_with_no_taskflow_operators']) retrieved from /home/airflow/.local/lib/python3.8/site-packages/airflow/example_dags/example_dynamic_task_mapping_with_no_taskflow_operators.py
[2023-12-05T14:14:33.324+0000] {logging_mixin.py:151} INFO - [2023-12-05T14:14:33.324+0000] {dag.py:2915} INFO - Sync 1 DAGs
[2023-12-05T14:14:33.349+0000] {logging_mixin.py:151} INFO - [2023-12-05T14:14:33.349+0000] {dag.py:3696} INFO - Setting next_dagrun for example_dynamic_task_mapping_with_no_taskflow_operators to 2023-12-04T14:14:33.348858+00:00, run_after=2023-12-05T14:14:33.348858+00:00
[2023-12-05T14:14:33.368+0000] {processor.py:179} INFO - Processing /home/airflow/.local/lib/python3.8/site-packages/airflow/example_dags/example_dynamic_task_mapping_with_no_taskflow_operators.py took 0.083 seconds
[2023-12-05T15:21:43.732+0000] {processor.py:157} INFO - Started process (PID=59569) to work on /home/airflow/.local/lib/python3.8/site-packages/airflow/example_dags/example_dynamic_task_mapping_with_no_taskflow_operators.py
[2023-12-05T15:21:43.733+0000] {processor.py:829} INFO - Processing file /home/airflow/.local/lib/python3.8/site-packages/airflow/example_dags/example_dynamic_task_mapping_with_no_taskflow_operators.py for tasks to queue
[2023-12-05T15:21:43.735+0000] {logging_mixin.py:151} INFO - [2023-12-05T15:21:43.734+0000] {dagbag.py:539} INFO - Filling up the DagBag from /home/airflow/.local/lib/python3.8/site-packages/airflow/example_dags/example_dynamic_task_mapping_with_no_taskflow_operators.py
[2023-12-05T15:21:43.739+0000] {processor.py:839} INFO - DAG(s) dict_keys(['example_dynamic_task_mapping_with_no_taskflow_operators']) retrieved from /home/airflow/.local/lib/python3.8/site-packages/airflow/example_dags/example_dynamic_task_mapping_with_no_taskflow_operators.py
[2023-12-05T15:21:43.752+0000] {logging_mixin.py:151} INFO - [2023-12-05T15:21:43.751+0000] {dag.py:2915} INFO - Sync 1 DAGs
[2023-12-05T15:21:43.763+0000] {logging_mixin.py:151} INFO - [2023-12-05T15:21:43.763+0000] {dag.py:3696} INFO - Setting next_dagrun for example_dynamic_task_mapping_with_no_taskflow_operators to 2023-12-04T15:21:43.763035+00:00, run_after=2023-12-05T15:21:43.763035+00:00
[2023-12-05T15:21:43.771+0000] {processor.py:179} INFO - Processing /home/airflow/.local/lib/python3.8/site-packages/airflow/example_dags/example_dynamic_task_mapping_with_no_taskflow_operators.py took 0.042 seconds
[2023-12-05T15:53:44.939+0000] {processor.py:157} INFO - Started process (PID=59624) to work on /home/airflow/.local/lib/python3.8/site-packages/airflow/example_dags/example_dynamic_task_mapping_with_no_taskflow_operators.py
[2023-12-05T15:53:44.940+0000] {processor.py:829} INFO - Processing file /home/airflow/.local/lib/python3.8/site-packages/airflow/example_dags/example_dynamic_task_mapping_with_no_taskflow_operators.py for tasks to queue
[2023-12-05T15:53:44.942+0000] {logging_mixin.py:151} INFO - [2023-12-05T15:53:44.941+0000] {dagbag.py:539} INFO - Filling up the DagBag from /home/airflow/.local/lib/python3.8/site-packages/airflow/example_dags/example_dynamic_task_mapping_with_no_taskflow_operators.py
[2023-12-05T15:53:44.946+0000] {processor.py:839} INFO - DAG(s) dict_keys(['example_dynamic_task_mapping_with_no_taskflow_operators']) retrieved from /home/airflow/.local/lib/python3.8/site-packages/airflow/example_dags/example_dynamic_task_mapping_with_no_taskflow_operators.py
[2023-12-05T15:53:44.958+0000] {logging_mixin.py:151} INFO - [2023-12-05T15:53:44.958+0000] {dag.py:2915} INFO - Sync 1 DAGs
[2023-12-05T15:53:44.969+0000] {logging_mixin.py:151} INFO - [2023-12-05T15:53:44.969+0000] {dag.py:3696} INFO - Setting next_dagrun for example_dynamic_task_mapping_with_no_taskflow_operators to 2023-12-04T15:53:44.969336+00:00, run_after=2023-12-05T15:53:44.969336+00:00
[2023-12-05T15:53:44.977+0000] {processor.py:179} INFO - Processing /home/airflow/.local/lib/python3.8/site-packages/airflow/example_dags/example_dynamic_task_mapping_with_no_taskflow_operators.py took 0.041 seconds
[2023-12-05T16:42:42.188+0000] {processor.py:157} INFO - Started process (PID=59678) to work on /home/airflow/.local/lib/python3.8/site-packages/airflow/example_dags/example_dynamic_task_mapping_with_no_taskflow_operators.py
[2023-12-05T16:42:42.189+0000] {processor.py:829} INFO - Processing file /home/airflow/.local/lib/python3.8/site-packages/airflow/example_dags/example_dynamic_task_mapping_with_no_taskflow_operators.py for tasks to queue
[2023-12-05T16:42:42.191+0000] {logging_mixin.py:151} INFO - [2023-12-05T16:42:42.191+0000] {dagbag.py:539} INFO - Filling up the DagBag from /home/airflow/.local/lib/python3.8/site-packages/airflow/example_dags/example_dynamic_task_mapping_with_no_taskflow_operators.py
[2023-12-05T16:42:42.199+0000] {processor.py:839} INFO - DAG(s) dict_keys(['example_dynamic_task_mapping_with_no_taskflow_operators']) retrieved from /home/airflow/.local/lib/python3.8/site-packages/airflow/example_dags/example_dynamic_task_mapping_with_no_taskflow_operators.py
[2023-12-05T16:42:42.218+0000] {logging_mixin.py:151} INFO - [2023-12-05T16:42:42.217+0000] {dag.py:2915} INFO - Sync 1 DAGs
[2023-12-05T16:42:42.252+0000] {logging_mixin.py:151} INFO - [2023-12-05T16:42:42.251+0000] {dag.py:3696} INFO - Setting next_dagrun for example_dynamic_task_mapping_with_no_taskflow_operators to 2023-12-04T16:42:42.251518+00:00, run_after=2023-12-05T16:42:42.251518+00:00
[2023-12-05T16:42:42.265+0000] {processor.py:179} INFO - Processing /home/airflow/.local/lib/python3.8/site-packages/airflow/example_dags/example_dynamic_task_mapping_with_no_taskflow_operators.py took 0.080 seconds
[2023-12-05T18:03:06.920+0000] {processor.py:157} INFO - Started process (PID=59731) to work on /home/airflow/.local/lib/python3.8/site-packages/airflow/example_dags/example_dynamic_task_mapping_with_no_taskflow_operators.py
[2023-12-05T18:03:06.921+0000] {processor.py:829} INFO - Processing file /home/airflow/.local/lib/python3.8/site-packages/airflow/example_dags/example_dynamic_task_mapping_with_no_taskflow_operators.py for tasks to queue
[2023-12-05T18:03:06.923+0000] {logging_mixin.py:151} INFO - [2023-12-05T18:03:06.923+0000] {dagbag.py:539} INFO - Filling up the DagBag from /home/airflow/.local/lib/python3.8/site-packages/airflow/example_dags/example_dynamic_task_mapping_with_no_taskflow_operators.py
[2023-12-05T18:03:06.929+0000] {processor.py:839} INFO - DAG(s) dict_keys(['example_dynamic_task_mapping_with_no_taskflow_operators']) retrieved from /home/airflow/.local/lib/python3.8/site-packages/airflow/example_dags/example_dynamic_task_mapping_with_no_taskflow_operators.py
[2023-12-05T18:03:06.955+0000] {logging_mixin.py:151} INFO - [2023-12-05T18:03:06.955+0000] {dag.py:2915} INFO - Sync 1 DAGs
[2023-12-05T18:03:06.969+0000] {logging_mixin.py:151} INFO - [2023-12-05T18:03:06.969+0000] {dag.py:3696} INFO - Setting next_dagrun for example_dynamic_task_mapping_with_no_taskflow_operators to 2023-12-04T18:03:06.969536+00:00, run_after=2023-12-05T18:03:06.969536+00:00
[2023-12-05T18:03:06.981+0000] {processor.py:179} INFO - Processing /home/airflow/.local/lib/python3.8/site-packages/airflow/example_dags/example_dynamic_task_mapping_with_no_taskflow_operators.py took 0.064 seconds
[2023-12-05T18:21:14.202+0000] {processor.py:157} INFO - Started process (PID=59778) to work on /home/airflow/.local/lib/python3.8/site-packages/airflow/example_dags/example_dynamic_task_mapping_with_no_taskflow_operators.py
[2023-12-05T18:21:14.214+0000] {processor.py:829} INFO - Processing file /home/airflow/.local/lib/python3.8/site-packages/airflow/example_dags/example_dynamic_task_mapping_with_no_taskflow_operators.py for tasks to queue
[2023-12-05T18:21:14.222+0000] {logging_mixin.py:151} INFO - [2023-12-05T18:21:14.221+0000] {dagbag.py:539} INFO - Filling up the DagBag from /home/airflow/.local/lib/python3.8/site-packages/airflow/example_dags/example_dynamic_task_mapping_with_no_taskflow_operators.py
[2023-12-05T18:21:14.250+0000] {processor.py:839} INFO - DAG(s) dict_keys(['example_dynamic_task_mapping_with_no_taskflow_operators']) retrieved from /home/airflow/.local/lib/python3.8/site-packages/airflow/example_dags/example_dynamic_task_mapping_with_no_taskflow_operators.py
[2023-12-05T18:21:14.301+0000] {logging_mixin.py:151} INFO - [2023-12-05T18:21:14.301+0000] {dag.py:2915} INFO - Sync 1 DAGs
[2023-12-05T18:21:14.352+0000] {logging_mixin.py:151} INFO - [2023-12-05T18:21:14.351+0000] {dag.py:3696} INFO - Setting next_dagrun for example_dynamic_task_mapping_with_no_taskflow_operators to 2023-12-04T18:21:14.351201+00:00, run_after=2023-12-05T18:21:14.351201+00:00
[2023-12-05T18:21:14.376+0000] {processor.py:179} INFO - Processing /home/airflow/.local/lib/python3.8/site-packages/airflow/example_dags/example_dynamic_task_mapping_with_no_taskflow_operators.py took 0.192 seconds
[2023-12-05T18:44:25.970+0000] {processor.py:157} INFO - Started process (PID=59839) to work on /home/airflow/.local/lib/python3.8/site-packages/airflow/example_dags/example_dynamic_task_mapping_with_no_taskflow_operators.py
[2023-12-05T18:44:25.971+0000] {processor.py:829} INFO - Processing file /home/airflow/.local/lib/python3.8/site-packages/airflow/example_dags/example_dynamic_task_mapping_with_no_taskflow_operators.py for tasks to queue
[2023-12-05T18:44:25.973+0000] {logging_mixin.py:151} INFO - [2023-12-05T18:44:25.973+0000] {dagbag.py:539} INFO - Filling up the DagBag from /home/airflow/.local/lib/python3.8/site-packages/airflow/example_dags/example_dynamic_task_mapping_with_no_taskflow_operators.py
[2023-12-05T18:44:25.977+0000] {processor.py:839} INFO - DAG(s) dict_keys(['example_dynamic_task_mapping_with_no_taskflow_operators']) retrieved from /home/airflow/.local/lib/python3.8/site-packages/airflow/example_dags/example_dynamic_task_mapping_with_no_taskflow_operators.py
[2023-12-05T18:44:25.991+0000] {logging_mixin.py:151} INFO - [2023-12-05T18:44:25.990+0000] {dag.py:2915} INFO - Sync 1 DAGs
[2023-12-05T18:44:26.002+0000] {logging_mixin.py:151} INFO - [2023-12-05T18:44:26.001+0000] {dag.py:3696} INFO - Setting next_dagrun for example_dynamic_task_mapping_with_no_taskflow_operators to 2023-12-04T18:44:26.001850+00:00, run_after=2023-12-05T18:44:26.001850+00:00
[2023-12-05T18:44:26.010+0000] {processor.py:179} INFO - Processing /home/airflow/.local/lib/python3.8/site-packages/airflow/example_dags/example_dynamic_task_mapping_with_no_taskflow_operators.py took 0.042 seconds
[2023-12-05T19:02:29.607+0000] {processor.py:157} INFO - Started process (PID=59886) to work on /home/airflow/.local/lib/python3.8/site-packages/airflow/example_dags/example_dynamic_task_mapping_with_no_taskflow_operators.py
[2023-12-05T19:02:29.612+0000] {processor.py:829} INFO - Processing file /home/airflow/.local/lib/python3.8/site-packages/airflow/example_dags/example_dynamic_task_mapping_with_no_taskflow_operators.py for tasks to queue
[2023-12-05T19:02:29.630+0000] {logging_mixin.py:151} INFO - [2023-12-05T19:02:29.627+0000] {dagbag.py:539} INFO - Filling up the DagBag from /home/airflow/.local/lib/python3.8/site-packages/airflow/example_dags/example_dynamic_task_mapping_with_no_taskflow_operators.py
[2023-12-05T19:02:29.654+0000] {processor.py:839} INFO - DAG(s) dict_keys(['example_dynamic_task_mapping_with_no_taskflow_operators']) retrieved from /home/airflow/.local/lib/python3.8/site-packages/airflow/example_dags/example_dynamic_task_mapping_with_no_taskflow_operators.py
[2023-12-05T19:02:29.716+0000] {logging_mixin.py:151} INFO - [2023-12-05T19:02:29.715+0000] {dag.py:2915} INFO - Sync 1 DAGs
[2023-12-05T19:02:29.756+0000] {logging_mixin.py:151} INFO - [2023-12-05T19:02:29.756+0000] {dag.py:3696} INFO - Setting next_dagrun for example_dynamic_task_mapping_with_no_taskflow_operators to 2023-12-04T19:02:29.755985+00:00, run_after=2023-12-05T19:02:29.755985+00:00
[2023-12-05T19:02:29.791+0000] {processor.py:179} INFO - Processing /home/airflow/.local/lib/python3.8/site-packages/airflow/example_dags/example_dynamic_task_mapping_with_no_taskflow_operators.py took 0.208 seconds
[2023-12-05T19:55:10.727+0000] {processor.py:157} INFO - Started process (PID=59940) to work on /home/airflow/.local/lib/python3.8/site-packages/airflow/example_dags/example_dynamic_task_mapping_with_no_taskflow_operators.py
[2023-12-05T19:55:10.732+0000] {processor.py:829} INFO - Processing file /home/airflow/.local/lib/python3.8/site-packages/airflow/example_dags/example_dynamic_task_mapping_with_no_taskflow_operators.py for tasks to queue
[2023-12-05T19:55:10.745+0000] {logging_mixin.py:151} INFO - [2023-12-05T19:55:10.743+0000] {dagbag.py:539} INFO - Filling up the DagBag from /home/airflow/.local/lib/python3.8/site-packages/airflow/example_dags/example_dynamic_task_mapping_with_no_taskflow_operators.py
[2023-12-05T19:55:10.755+0000] {processor.py:839} INFO - DAG(s) dict_keys(['example_dynamic_task_mapping_with_no_taskflow_operators']) retrieved from /home/airflow/.local/lib/python3.8/site-packages/airflow/example_dags/example_dynamic_task_mapping_with_no_taskflow_operators.py
[2023-12-05T19:55:10.797+0000] {logging_mixin.py:151} INFO - [2023-12-05T19:55:10.796+0000] {dag.py:2915} INFO - Sync 1 DAGs
[2023-12-05T19:55:10.836+0000] {logging_mixin.py:151} INFO - [2023-12-05T19:55:10.836+0000] {dag.py:3696} INFO - Setting next_dagrun for example_dynamic_task_mapping_with_no_taskflow_operators to 2023-12-04T19:55:10.836319+00:00, run_after=2023-12-05T19:55:10.836319+00:00
[2023-12-05T19:55:10.849+0000] {processor.py:179} INFO - Processing /home/airflow/.local/lib/python3.8/site-packages/airflow/example_dags/example_dynamic_task_mapping_with_no_taskflow_operators.py took 0.125 seconds
[2023-12-05T20:45:29.345+0000] {processor.py:157} INFO - Started process (PID=59994) to work on /home/airflow/.local/lib/python3.8/site-packages/airflow/example_dags/example_dynamic_task_mapping_with_no_taskflow_operators.py
[2023-12-05T20:45:29.346+0000] {processor.py:829} INFO - Processing file /home/airflow/.local/lib/python3.8/site-packages/airflow/example_dags/example_dynamic_task_mapping_with_no_taskflow_operators.py for tasks to queue
[2023-12-05T20:45:29.348+0000] {logging_mixin.py:151} INFO - [2023-12-05T20:45:29.348+0000] {dagbag.py:539} INFO - Filling up the DagBag from /home/airflow/.local/lib/python3.8/site-packages/airflow/example_dags/example_dynamic_task_mapping_with_no_taskflow_operators.py
[2023-12-05T20:45:29.352+0000] {processor.py:839} INFO - DAG(s) dict_keys(['example_dynamic_task_mapping_with_no_taskflow_operators']) retrieved from /home/airflow/.local/lib/python3.8/site-packages/airflow/example_dags/example_dynamic_task_mapping_with_no_taskflow_operators.py
[2023-12-05T20:45:29.364+0000] {logging_mixin.py:151} INFO - [2023-12-05T20:45:29.364+0000] {dag.py:2915} INFO - Sync 1 DAGs
[2023-12-05T20:45:29.376+0000] {logging_mixin.py:151} INFO - [2023-12-05T20:45:29.376+0000] {dag.py:3696} INFO - Setting next_dagrun for example_dynamic_task_mapping_with_no_taskflow_operators to 2023-12-04T20:45:29.375870+00:00, run_after=2023-12-05T20:45:29.375870+00:00
[2023-12-05T20:45:29.384+0000] {processor.py:179} INFO - Processing /home/airflow/.local/lib/python3.8/site-packages/airflow/example_dags/example_dynamic_task_mapping_with_no_taskflow_operators.py took 0.041 seconds
[2023-12-05T22:03:29.850+0000] {processor.py:157} INFO - Started process (PID=60048) to work on /home/airflow/.local/lib/python3.8/site-packages/airflow/example_dags/example_dynamic_task_mapping_with_no_taskflow_operators.py
[2023-12-05T22:03:29.851+0000] {processor.py:829} INFO - Processing file /home/airflow/.local/lib/python3.8/site-packages/airflow/example_dags/example_dynamic_task_mapping_with_no_taskflow_operators.py for tasks to queue
[2023-12-05T22:03:29.852+0000] {logging_mixin.py:151} INFO - [2023-12-05T22:03:29.852+0000] {dagbag.py:539} INFO - Filling up the DagBag from /home/airflow/.local/lib/python3.8/site-packages/airflow/example_dags/example_dynamic_task_mapping_with_no_taskflow_operators.py
[2023-12-05T22:03:29.856+0000] {processor.py:839} INFO - DAG(s) dict_keys(['example_dynamic_task_mapping_with_no_taskflow_operators']) retrieved from /home/airflow/.local/lib/python3.8/site-packages/airflow/example_dags/example_dynamic_task_mapping_with_no_taskflow_operators.py
[2023-12-05T22:03:29.868+0000] {logging_mixin.py:151} INFO - [2023-12-05T22:03:29.868+0000] {dag.py:2915} INFO - Sync 1 DAGs
[2023-12-05T22:03:29.884+0000] {logging_mixin.py:151} INFO - [2023-12-05T22:03:29.884+0000] {dag.py:3696} INFO - Setting next_dagrun for example_dynamic_task_mapping_with_no_taskflow_operators to 2023-12-04T22:03:29.884494+00:00, run_after=2023-12-05T22:03:29.884494+00:00
[2023-12-05T22:03:29.897+0000] {processor.py:179} INFO - Processing /home/airflow/.local/lib/python3.8/site-packages/airflow/example_dags/example_dynamic_task_mapping_with_no_taskflow_operators.py took 0.050 seconds
[2023-12-05T22:20:19.577+0000] {processor.py:157} INFO - Started process (PID=60102) to work on /home/airflow/.local/lib/python3.8/site-packages/airflow/example_dags/example_dynamic_task_mapping_with_no_taskflow_operators.py
[2023-12-05T22:20:19.578+0000] {processor.py:829} INFO - Processing file /home/airflow/.local/lib/python3.8/site-packages/airflow/example_dags/example_dynamic_task_mapping_with_no_taskflow_operators.py for tasks to queue
[2023-12-05T22:20:19.580+0000] {logging_mixin.py:151} INFO - [2023-12-05T22:20:19.580+0000] {dagbag.py:539} INFO - Filling up the DagBag from /home/airflow/.local/lib/python3.8/site-packages/airflow/example_dags/example_dynamic_task_mapping_with_no_taskflow_operators.py
[2023-12-05T22:20:19.584+0000] {processor.py:839} INFO - DAG(s) dict_keys(['example_dynamic_task_mapping_with_no_taskflow_operators']) retrieved from /home/airflow/.local/lib/python3.8/site-packages/airflow/example_dags/example_dynamic_task_mapping_with_no_taskflow_operators.py
[2023-12-05T22:20:19.597+0000] {logging_mixin.py:151} INFO - [2023-12-05T22:20:19.597+0000] {dag.py:2915} INFO - Sync 1 DAGs
[2023-12-05T22:20:19.609+0000] {logging_mixin.py:151} INFO - [2023-12-05T22:20:19.609+0000] {dag.py:3696} INFO - Setting next_dagrun for example_dynamic_task_mapping_with_no_taskflow_operators to 2023-12-04T22:20:19.609260+00:00, run_after=2023-12-05T22:20:19.609260+00:00
[2023-12-05T22:20:19.620+0000] {processor.py:179} INFO - Processing /home/airflow/.local/lib/python3.8/site-packages/airflow/example_dags/example_dynamic_task_mapping_with_no_taskflow_operators.py took 0.045 seconds
[2023-12-05T22:55:17.503+0000] {processor.py:157} INFO - Started process (PID=60156) to work on /home/airflow/.local/lib/python3.8/site-packages/airflow/example_dags/example_dynamic_task_mapping_with_no_taskflow_operators.py
[2023-12-05T22:55:17.509+0000] {processor.py:829} INFO - Processing file /home/airflow/.local/lib/python3.8/site-packages/airflow/example_dags/example_dynamic_task_mapping_with_no_taskflow_operators.py for tasks to queue
[2023-12-05T22:55:17.518+0000] {logging_mixin.py:151} INFO - [2023-12-05T22:55:17.517+0000] {dagbag.py:539} INFO - Filling up the DagBag from /home/airflow/.local/lib/python3.8/site-packages/airflow/example_dags/example_dynamic_task_mapping_with_no_taskflow_operators.py
[2023-12-05T22:55:17.544+0000] {processor.py:839} INFO - DAG(s) dict_keys(['example_dynamic_task_mapping_with_no_taskflow_operators']) retrieved from /home/airflow/.local/lib/python3.8/site-packages/airflow/example_dags/example_dynamic_task_mapping_with_no_taskflow_operators.py
[2023-12-05T22:55:17.580+0000] {logging_mixin.py:151} INFO - [2023-12-05T22:55:17.580+0000] {dag.py:2915} INFO - Sync 1 DAGs
[2023-12-05T22:55:17.630+0000] {logging_mixin.py:151} INFO - [2023-12-05T22:55:17.630+0000] {dag.py:3696} INFO - Setting next_dagrun for example_dynamic_task_mapping_with_no_taskflow_operators to 2023-12-04T22:55:17.629555+00:00, run_after=2023-12-05T22:55:17.629555+00:00
[2023-12-05T22:55:17.663+0000] {processor.py:179} INFO - Processing /home/airflow/.local/lib/python3.8/site-packages/airflow/example_dags/example_dynamic_task_mapping_with_no_taskflow_operators.py took 0.171 seconds
[2023-12-05T23:01:23.977+0000] {processor.py:157} INFO - Started process (PID=60210) to work on /home/airflow/.local/lib/python3.8/site-packages/airflow/example_dags/example_dynamic_task_mapping_with_no_taskflow_operators.py
[2023-12-05T23:01:23.977+0000] {processor.py:829} INFO - Processing file /home/airflow/.local/lib/python3.8/site-packages/airflow/example_dags/example_dynamic_task_mapping_with_no_taskflow_operators.py for tasks to queue
[2023-12-05T23:01:23.979+0000] {logging_mixin.py:151} INFO - [2023-12-05T23:01:23.979+0000] {dagbag.py:539} INFO - Filling up the DagBag from /home/airflow/.local/lib/python3.8/site-packages/airflow/example_dags/example_dynamic_task_mapping_with_no_taskflow_operators.py
[2023-12-05T23:01:23.983+0000] {processor.py:839} INFO - DAG(s) dict_keys(['example_dynamic_task_mapping_with_no_taskflow_operators']) retrieved from /home/airflow/.local/lib/python3.8/site-packages/airflow/example_dags/example_dynamic_task_mapping_with_no_taskflow_operators.py
[2023-12-05T23:01:23.995+0000] {logging_mixin.py:151} INFO - [2023-12-05T23:01:23.994+0000] {dag.py:2915} INFO - Sync 1 DAGs
[2023-12-05T23:01:24.005+0000] {logging_mixin.py:151} INFO - [2023-12-05T23:01:24.005+0000] {dag.py:3696} INFO - Setting next_dagrun for example_dynamic_task_mapping_with_no_taskflow_operators to 2023-12-04T23:01:24.005343+00:00, run_after=2023-12-05T23:01:24.005343+00:00
[2023-12-05T23:01:24.013+0000] {processor.py:179} INFO - Processing /home/airflow/.local/lib/python3.8/site-packages/airflow/example_dags/example_dynamic_task_mapping_with_no_taskflow_operators.py took 0.039 seconds
[2023-12-05T23:32:59.712+0000] {processor.py:157} INFO - Started process (PID=60264) to work on /home/airflow/.local/lib/python3.8/site-packages/airflow/example_dags/example_dynamic_task_mapping_with_no_taskflow_operators.py
[2023-12-05T23:32:59.714+0000] {processor.py:829} INFO - Processing file /home/airflow/.local/lib/python3.8/site-packages/airflow/example_dags/example_dynamic_task_mapping_with_no_taskflow_operators.py for tasks to queue
[2023-12-05T23:32:59.715+0000] {logging_mixin.py:151} INFO - [2023-12-05T23:32:59.715+0000] {dagbag.py:539} INFO - Filling up the DagBag from /home/airflow/.local/lib/python3.8/site-packages/airflow/example_dags/example_dynamic_task_mapping_with_no_taskflow_operators.py
[2023-12-05T23:32:59.719+0000] {processor.py:839} INFO - DAG(s) dict_keys(['example_dynamic_task_mapping_with_no_taskflow_operators']) retrieved from /home/airflow/.local/lib/python3.8/site-packages/airflow/example_dags/example_dynamic_task_mapping_with_no_taskflow_operators.py
[2023-12-05T23:32:59.738+0000] {logging_mixin.py:151} INFO - [2023-12-05T23:32:59.738+0000] {dag.py:2915} INFO - Sync 1 DAGs
[2023-12-05T23:32:59.751+0000] {logging_mixin.py:151} INFO - [2023-12-05T23:32:59.751+0000] {dag.py:3696} INFO - Setting next_dagrun for example_dynamic_task_mapping_with_no_taskflow_operators to 2023-12-04T23:32:59.751308+00:00, run_after=2023-12-05T23:32:59.751308+00:00
[2023-12-05T23:32:59.760+0000] {processor.py:179} INFO - Processing /home/airflow/.local/lib/python3.8/site-packages/airflow/example_dags/example_dynamic_task_mapping_with_no_taskflow_operators.py took 0.050 seconds
