[2023-12-05T00:42:51.717+0000] {processor.py:157} INFO - Started process (PID=58374) to work on /home/airflow/.local/lib/python3.8/site-packages/airflow/example_dags/example_branch_labels.py
[2023-12-05T00:42:51.718+0000] {processor.py:829} INFO - Processing file /home/airflow/.local/lib/python3.8/site-packages/airflow/example_dags/example_branch_labels.py for tasks to queue
[2023-12-05T00:42:51.720+0000] {logging_mixin.py:151} INFO - [2023-12-05T00:42:51.720+0000] {dagbag.py:539} INFO - Filling up the DagBag from /home/airflow/.local/lib/python3.8/site-packages/airflow/example_dags/example_branch_labels.py
[2023-12-05T00:42:51.725+0000] {processor.py:839} INFO - DAG(s) dict_keys(['example_branch_labels']) retrieved from /home/airflow/.local/lib/python3.8/site-packages/airflow/example_dags/example_branch_labels.py
[2023-12-05T00:42:51.749+0000] {logging_mixin.py:151} INFO - [2023-12-05T00:42:51.749+0000] {dag.py:2915} INFO - Sync 1 DAGs
[2023-12-05T00:42:51.766+0000] {logging_mixin.py:151} INFO - [2023-12-05T00:42:51.765+0000] {dag.py:3696} INFO - Setting next_dagrun for example_branch_labels to 2023-12-04T00:00:00+00:00, run_after=2023-12-05T00:00:00+00:00
[2023-12-05T00:42:51.776+0000] {processor.py:179} INFO - Processing /home/airflow/.local/lib/python3.8/site-packages/airflow/example_dags/example_branch_labels.py took 0.062 seconds
[2023-12-05T01:15:41.896+0000] {processor.py:157} INFO - Started process (PID=58428) to work on /home/airflow/.local/lib/python3.8/site-packages/airflow/example_dags/example_branch_labels.py
[2023-12-05T01:15:41.897+0000] {processor.py:829} INFO - Processing file /home/airflow/.local/lib/python3.8/site-packages/airflow/example_dags/example_branch_labels.py for tasks to queue
[2023-12-05T01:15:41.899+0000] {logging_mixin.py:151} INFO - [2023-12-05T01:15:41.898+0000] {dagbag.py:539} INFO - Filling up the DagBag from /home/airflow/.local/lib/python3.8/site-packages/airflow/example_dags/example_branch_labels.py
[2023-12-05T01:15:41.904+0000] {processor.py:839} INFO - DAG(s) dict_keys(['example_branch_labels']) retrieved from /home/airflow/.local/lib/python3.8/site-packages/airflow/example_dags/example_branch_labels.py
[2023-12-05T01:15:41.927+0000] {logging_mixin.py:151} INFO - [2023-12-05T01:15:41.927+0000] {dag.py:2915} INFO - Sync 1 DAGs
[2023-12-05T01:15:41.949+0000] {logging_mixin.py:151} INFO - [2023-12-05T01:15:41.949+0000] {dag.py:3696} INFO - Setting next_dagrun for example_branch_labels to 2023-12-04T00:00:00+00:00, run_after=2023-12-05T00:00:00+00:00
[2023-12-05T01:15:41.963+0000] {processor.py:179} INFO - Processing /home/airflow/.local/lib/python3.8/site-packages/airflow/example_dags/example_branch_labels.py took 0.069 seconds
[2023-12-05T01:37:01.706+0000] {processor.py:157} INFO - Started process (PID=58482) to work on /home/airflow/.local/lib/python3.8/site-packages/airflow/example_dags/example_branch_labels.py
[2023-12-05T01:37:01.708+0000] {processor.py:829} INFO - Processing file /home/airflow/.local/lib/python3.8/site-packages/airflow/example_dags/example_branch_labels.py for tasks to queue
[2023-12-05T01:37:01.712+0000] {logging_mixin.py:151} INFO - [2023-12-05T01:37:01.711+0000] {dagbag.py:539} INFO - Filling up the DagBag from /home/airflow/.local/lib/python3.8/site-packages/airflow/example_dags/example_branch_labels.py
[2023-12-05T01:37:01.726+0000] {processor.py:839} INFO - DAG(s) dict_keys(['example_branch_labels']) retrieved from /home/airflow/.local/lib/python3.8/site-packages/airflow/example_dags/example_branch_labels.py
[2023-12-05T01:37:01.744+0000] {logging_mixin.py:151} INFO - [2023-12-05T01:37:01.744+0000] {dag.py:2915} INFO - Sync 1 DAGs
[2023-12-05T01:37:01.759+0000] {logging_mixin.py:151} INFO - [2023-12-05T01:37:01.759+0000] {dag.py:3696} INFO - Setting next_dagrun for example_branch_labels to 2023-12-04T00:00:00+00:00, run_after=2023-12-05T00:00:00+00:00
[2023-12-05T01:37:01.770+0000] {processor.py:179} INFO - Processing /home/airflow/.local/lib/python3.8/site-packages/airflow/example_dags/example_branch_labels.py took 0.068 seconds
[2023-12-05T02:26:52.935+0000] {processor.py:157} INFO - Started process (PID=58536) to work on /home/airflow/.local/lib/python3.8/site-packages/airflow/example_dags/example_branch_labels.py
[2023-12-05T02:26:52.936+0000] {processor.py:829} INFO - Processing file /home/airflow/.local/lib/python3.8/site-packages/airflow/example_dags/example_branch_labels.py for tasks to queue
[2023-12-05T02:26:52.938+0000] {logging_mixin.py:151} INFO - [2023-12-05T02:26:52.938+0000] {dagbag.py:539} INFO - Filling up the DagBag from /home/airflow/.local/lib/python3.8/site-packages/airflow/example_dags/example_branch_labels.py
[2023-12-05T02:26:52.944+0000] {processor.py:839} INFO - DAG(s) dict_keys(['example_branch_labels']) retrieved from /home/airflow/.local/lib/python3.8/site-packages/airflow/example_dags/example_branch_labels.py
[2023-12-05T02:26:52.958+0000] {logging_mixin.py:151} INFO - [2023-12-05T02:26:52.958+0000] {dag.py:2915} INFO - Sync 1 DAGs
[2023-12-05T02:26:52.971+0000] {logging_mixin.py:151} INFO - [2023-12-05T02:26:52.971+0000] {dag.py:3696} INFO - Setting next_dagrun for example_branch_labels to 2023-12-04T00:00:00+00:00, run_after=2023-12-05T00:00:00+00:00
[2023-12-05T02:26:52.980+0000] {processor.py:179} INFO - Processing /home/airflow/.local/lib/python3.8/site-packages/airflow/example_dags/example_branch_labels.py took 0.047 seconds
[2023-12-05T03:26:09.676+0000] {processor.py:157} INFO - Started process (PID=58590) to work on /home/airflow/.local/lib/python3.8/site-packages/airflow/example_dags/example_branch_labels.py
[2023-12-05T03:26:09.677+0000] {processor.py:829} INFO - Processing file /home/airflow/.local/lib/python3.8/site-packages/airflow/example_dags/example_branch_labels.py for tasks to queue
[2023-12-05T03:26:09.679+0000] {logging_mixin.py:151} INFO - [2023-12-05T03:26:09.679+0000] {dagbag.py:539} INFO - Filling up the DagBag from /home/airflow/.local/lib/python3.8/site-packages/airflow/example_dags/example_branch_labels.py
[2023-12-05T03:26:09.685+0000] {processor.py:839} INFO - DAG(s) dict_keys(['example_branch_labels']) retrieved from /home/airflow/.local/lib/python3.8/site-packages/airflow/example_dags/example_branch_labels.py
[2023-12-05T03:26:09.699+0000] {logging_mixin.py:151} INFO - [2023-12-05T03:26:09.699+0000] {dag.py:2915} INFO - Sync 1 DAGs
[2023-12-05T03:26:09.711+0000] {logging_mixin.py:151} INFO - [2023-12-05T03:26:09.711+0000] {dag.py:3696} INFO - Setting next_dagrun for example_branch_labels to 2023-12-04T00:00:00+00:00, run_after=2023-12-05T00:00:00+00:00
[2023-12-05T03:26:09.726+0000] {processor.py:179} INFO - Processing /home/airflow/.local/lib/python3.8/site-packages/airflow/example_dags/example_branch_labels.py took 0.053 seconds
[2023-12-05T03:59:17.569+0000] {processor.py:157} INFO - Started process (PID=58644) to work on /home/airflow/.local/lib/python3.8/site-packages/airflow/example_dags/example_branch_labels.py
[2023-12-05T03:59:17.574+0000] {processor.py:829} INFO - Processing file /home/airflow/.local/lib/python3.8/site-packages/airflow/example_dags/example_branch_labels.py for tasks to queue
[2023-12-05T03:59:17.583+0000] {logging_mixin.py:151} INFO - [2023-12-05T03:59:17.583+0000] {dagbag.py:539} INFO - Filling up the DagBag from /home/airflow/.local/lib/python3.8/site-packages/airflow/example_dags/example_branch_labels.py
[2023-12-05T03:59:17.595+0000] {processor.py:839} INFO - DAG(s) dict_keys(['example_branch_labels']) retrieved from /home/airflow/.local/lib/python3.8/site-packages/airflow/example_dags/example_branch_labels.py
[2023-12-05T03:59:17.613+0000] {logging_mixin.py:151} INFO - [2023-12-05T03:59:17.613+0000] {dag.py:2915} INFO - Sync 1 DAGs
[2023-12-05T03:59:17.636+0000] {logging_mixin.py:151} INFO - [2023-12-05T03:59:17.636+0000] {dag.py:3696} INFO - Setting next_dagrun for example_branch_labels to 2023-12-04T00:00:00+00:00, run_after=2023-12-05T00:00:00+00:00
[2023-12-05T03:59:17.652+0000] {processor.py:179} INFO - Processing /home/airflow/.local/lib/python3.8/site-packages/airflow/example_dags/example_branch_labels.py took 0.090 seconds
[2023-12-05T04:55:33.877+0000] {processor.py:157} INFO - Started process (PID=58699) to work on /home/airflow/.local/lib/python3.8/site-packages/airflow/example_dags/example_branch_labels.py
[2023-12-05T04:55:33.878+0000] {processor.py:829} INFO - Processing file /home/airflow/.local/lib/python3.8/site-packages/airflow/example_dags/example_branch_labels.py for tasks to queue
[2023-12-05T04:55:33.879+0000] {logging_mixin.py:151} INFO - [2023-12-05T04:55:33.879+0000] {dagbag.py:539} INFO - Filling up the DagBag from /home/airflow/.local/lib/python3.8/site-packages/airflow/example_dags/example_branch_labels.py
[2023-12-05T04:55:33.885+0000] {processor.py:839} INFO - DAG(s) dict_keys(['example_branch_labels']) retrieved from /home/airflow/.local/lib/python3.8/site-packages/airflow/example_dags/example_branch_labels.py
[2023-12-05T04:55:33.900+0000] {logging_mixin.py:151} INFO - [2023-12-05T04:55:33.900+0000] {dag.py:2915} INFO - Sync 1 DAGs
[2023-12-05T04:55:33.912+0000] {logging_mixin.py:151} INFO - [2023-12-05T04:55:33.912+0000] {dag.py:3696} INFO - Setting next_dagrun for example_branch_labels to 2023-12-04T00:00:00+00:00, run_after=2023-12-05T00:00:00+00:00
[2023-12-05T04:55:33.921+0000] {processor.py:179} INFO - Processing /home/airflow/.local/lib/python3.8/site-packages/airflow/example_dags/example_branch_labels.py took 0.046 seconds
[2023-12-05T06:01:03.212+0000] {processor.py:157} INFO - Started process (PID=58753) to work on /home/airflow/.local/lib/python3.8/site-packages/airflow/example_dags/example_branch_labels.py
[2023-12-05T06:01:03.213+0000] {processor.py:829} INFO - Processing file /home/airflow/.local/lib/python3.8/site-packages/airflow/example_dags/example_branch_labels.py for tasks to queue
[2023-12-05T06:01:03.215+0000] {logging_mixin.py:151} INFO - [2023-12-05T06:01:03.215+0000] {dagbag.py:539} INFO - Filling up the DagBag from /home/airflow/.local/lib/python3.8/site-packages/airflow/example_dags/example_branch_labels.py
[2023-12-05T06:01:03.223+0000] {processor.py:839} INFO - DAG(s) dict_keys(['example_branch_labels']) retrieved from /home/airflow/.local/lib/python3.8/site-packages/airflow/example_dags/example_branch_labels.py
[2023-12-05T06:01:03.239+0000] {logging_mixin.py:151} INFO - [2023-12-05T06:01:03.238+0000] {dag.py:2915} INFO - Sync 1 DAGs
[2023-12-05T06:01:03.254+0000] {logging_mixin.py:151} INFO - [2023-12-05T06:01:03.254+0000] {dag.py:3696} INFO - Setting next_dagrun for example_branch_labels to 2023-12-04T00:00:00+00:00, run_after=2023-12-05T00:00:00+00:00
[2023-12-05T06:01:03.264+0000] {processor.py:179} INFO - Processing /home/airflow/.local/lib/python3.8/site-packages/airflow/example_dags/example_branch_labels.py took 0.057 seconds
[2023-12-05T07:19:27.709+0000] {processor.py:157} INFO - Started process (PID=58807) to work on /home/airflow/.local/lib/python3.8/site-packages/airflow/example_dags/example_branch_labels.py
[2023-12-05T07:19:27.710+0000] {processor.py:829} INFO - Processing file /home/airflow/.local/lib/python3.8/site-packages/airflow/example_dags/example_branch_labels.py for tasks to queue
[2023-12-05T07:19:27.712+0000] {logging_mixin.py:151} INFO - [2023-12-05T07:19:27.712+0000] {dagbag.py:539} INFO - Filling up the DagBag from /home/airflow/.local/lib/python3.8/site-packages/airflow/example_dags/example_branch_labels.py
[2023-12-05T07:19:27.718+0000] {processor.py:839} INFO - DAG(s) dict_keys(['example_branch_labels']) retrieved from /home/airflow/.local/lib/python3.8/site-packages/airflow/example_dags/example_branch_labels.py
[2023-12-05T07:19:27.733+0000] {logging_mixin.py:151} INFO - [2023-12-05T07:19:27.733+0000] {dag.py:2915} INFO - Sync 1 DAGs
[2023-12-05T07:19:27.759+0000] {logging_mixin.py:151} INFO - [2023-12-05T07:19:27.759+0000] {dag.py:3696} INFO - Setting next_dagrun for example_branch_labels to 2023-12-04T00:00:00+00:00, run_after=2023-12-05T00:00:00+00:00
[2023-12-05T07:19:27.770+0000] {processor.py:179} INFO - Processing /home/airflow/.local/lib/python3.8/site-packages/airflow/example_dags/example_branch_labels.py took 0.065 seconds
[2023-12-05T08:25:29.051+0000] {processor.py:157} INFO - Started process (PID=58861) to work on /home/airflow/.local/lib/python3.8/site-packages/airflow/example_dags/example_branch_labels.py
[2023-12-05T08:25:29.052+0000] {processor.py:829} INFO - Processing file /home/airflow/.local/lib/python3.8/site-packages/airflow/example_dags/example_branch_labels.py for tasks to queue
[2023-12-05T08:25:29.053+0000] {logging_mixin.py:151} INFO - [2023-12-05T08:25:29.053+0000] {dagbag.py:539} INFO - Filling up the DagBag from /home/airflow/.local/lib/python3.8/site-packages/airflow/example_dags/example_branch_labels.py
[2023-12-05T08:25:29.058+0000] {processor.py:839} INFO - DAG(s) dict_keys(['example_branch_labels']) retrieved from /home/airflow/.local/lib/python3.8/site-packages/airflow/example_dags/example_branch_labels.py
[2023-12-05T08:25:29.071+0000] {logging_mixin.py:151} INFO - [2023-12-05T08:25:29.071+0000] {dag.py:2915} INFO - Sync 1 DAGs
[2023-12-05T08:25:29.091+0000] {logging_mixin.py:151} INFO - [2023-12-05T08:25:29.091+0000] {dag.py:3696} INFO - Setting next_dagrun for example_branch_labels to 2023-12-04T00:00:00+00:00, run_after=2023-12-05T00:00:00+00:00
[2023-12-05T08:25:29.102+0000] {processor.py:179} INFO - Processing /home/airflow/.local/lib/python3.8/site-packages/airflow/example_dags/example_branch_labels.py took 0.054 seconds
[2023-12-05T08:31:43.961+0000] {processor.py:157} INFO - Started process (PID=58915) to work on /home/airflow/.local/lib/python3.8/site-packages/airflow/example_dags/example_branch_labels.py
[2023-12-05T08:31:43.962+0000] {processor.py:829} INFO - Processing file /home/airflow/.local/lib/python3.8/site-packages/airflow/example_dags/example_branch_labels.py for tasks to queue
[2023-12-05T08:31:43.964+0000] {logging_mixin.py:151} INFO - [2023-12-05T08:31:43.964+0000] {dagbag.py:539} INFO - Filling up the DagBag from /home/airflow/.local/lib/python3.8/site-packages/airflow/example_dags/example_branch_labels.py
[2023-12-05T08:31:43.970+0000] {processor.py:839} INFO - DAG(s) dict_keys(['example_branch_labels']) retrieved from /home/airflow/.local/lib/python3.8/site-packages/airflow/example_dags/example_branch_labels.py
[2023-12-05T08:31:43.990+0000] {logging_mixin.py:151} INFO - [2023-12-05T08:31:43.990+0000] {dag.py:2915} INFO - Sync 1 DAGs
[2023-12-05T08:31:44.006+0000] {logging_mixin.py:151} INFO - [2023-12-05T08:31:44.006+0000] {dag.py:3696} INFO - Setting next_dagrun for example_branch_labels to 2023-12-04T00:00:00+00:00, run_after=2023-12-05T00:00:00+00:00
[2023-12-05T08:31:44.017+0000] {processor.py:179} INFO - Processing /home/airflow/.local/lib/python3.8/site-packages/airflow/example_dags/example_branch_labels.py took 0.058 seconds
[2023-12-05T08:32:16.818+0000] {processor.py:157} INFO - Started process (PID=58969) to work on /home/airflow/.local/lib/python3.8/site-packages/airflow/example_dags/example_branch_labels.py
[2023-12-05T08:32:16.819+0000] {processor.py:829} INFO - Processing file /home/airflow/.local/lib/python3.8/site-packages/airflow/example_dags/example_branch_labels.py for tasks to queue
[2023-12-05T08:32:16.821+0000] {logging_mixin.py:151} INFO - [2023-12-05T08:32:16.821+0000] {dagbag.py:539} INFO - Filling up the DagBag from /home/airflow/.local/lib/python3.8/site-packages/airflow/example_dags/example_branch_labels.py
[2023-12-05T08:32:16.827+0000] {processor.py:839} INFO - DAG(s) dict_keys(['example_branch_labels']) retrieved from /home/airflow/.local/lib/python3.8/site-packages/airflow/example_dags/example_branch_labels.py
[2023-12-05T08:32:16.842+0000] {logging_mixin.py:151} INFO - [2023-12-05T08:32:16.842+0000] {dag.py:2915} INFO - Sync 1 DAGs
[2023-12-05T08:32:16.886+0000] {logging_mixin.py:151} INFO - [2023-12-05T08:32:16.886+0000] {dag.py:3696} INFO - Setting next_dagrun for example_branch_labels to 2023-12-04T00:00:00+00:00, run_after=2023-12-05T00:00:00+00:00
[2023-12-05T08:32:16.914+0000] {processor.py:179} INFO - Processing /home/airflow/.local/lib/python3.8/site-packages/airflow/example_dags/example_branch_labels.py took 0.099 seconds
[2023-12-05T08:34:02.122+0000] {processor.py:157} INFO - Started process (PID=59023) to work on /home/airflow/.local/lib/python3.8/site-packages/airflow/example_dags/example_branch_labels.py
[2023-12-05T08:34:02.123+0000] {processor.py:829} INFO - Processing file /home/airflow/.local/lib/python3.8/site-packages/airflow/example_dags/example_branch_labels.py for tasks to queue
[2023-12-05T08:34:02.124+0000] {logging_mixin.py:151} INFO - [2023-12-05T08:34:02.124+0000] {dagbag.py:539} INFO - Filling up the DagBag from /home/airflow/.local/lib/python3.8/site-packages/airflow/example_dags/example_branch_labels.py
[2023-12-05T08:34:02.129+0000] {processor.py:839} INFO - DAG(s) dict_keys(['example_branch_labels']) retrieved from /home/airflow/.local/lib/python3.8/site-packages/airflow/example_dags/example_branch_labels.py
[2023-12-05T08:34:02.141+0000] {logging_mixin.py:151} INFO - [2023-12-05T08:34:02.141+0000] {dag.py:2915} INFO - Sync 1 DAGs
[2023-12-05T08:34:02.152+0000] {logging_mixin.py:151} INFO - [2023-12-05T08:34:02.152+0000] {dag.py:3696} INFO - Setting next_dagrun for example_branch_labels to 2023-12-04T00:00:00+00:00, run_after=2023-12-05T00:00:00+00:00
[2023-12-05T08:34:02.161+0000] {processor.py:179} INFO - Processing /home/airflow/.local/lib/python3.8/site-packages/airflow/example_dags/example_branch_labels.py took 0.042 seconds
[2023-12-05T08:55:45.488+0000] {processor.py:157} INFO - Started process (PID=59077) to work on /home/airflow/.local/lib/python3.8/site-packages/airflow/example_dags/example_branch_labels.py
[2023-12-05T08:55:45.491+0000] {processor.py:829} INFO - Processing file /home/airflow/.local/lib/python3.8/site-packages/airflow/example_dags/example_branch_labels.py for tasks to queue
[2023-12-05T08:55:45.495+0000] {logging_mixin.py:151} INFO - [2023-12-05T08:55:45.495+0000] {dagbag.py:539} INFO - Filling up the DagBag from /home/airflow/.local/lib/python3.8/site-packages/airflow/example_dags/example_branch_labels.py
[2023-12-05T08:55:45.509+0000] {processor.py:839} INFO - DAG(s) dict_keys(['example_branch_labels']) retrieved from /home/airflow/.local/lib/python3.8/site-packages/airflow/example_dags/example_branch_labels.py
[2023-12-05T08:55:45.532+0000] {logging_mixin.py:151} INFO - [2023-12-05T08:55:45.532+0000] {dag.py:2915} INFO - Sync 1 DAGs
[2023-12-05T08:55:45.553+0000] {logging_mixin.py:151} INFO - [2023-12-05T08:55:45.553+0000] {dag.py:3696} INFO - Setting next_dagrun for example_branch_labels to 2023-12-04T00:00:00+00:00, run_after=2023-12-05T00:00:00+00:00
[2023-12-05T08:55:45.567+0000] {processor.py:179} INFO - Processing /home/airflow/.local/lib/python3.8/site-packages/airflow/example_dags/example_branch_labels.py took 0.086 seconds
[2023-12-05T10:11:03.652+0000] {processor.py:157} INFO - Started process (PID=59131) to work on /home/airflow/.local/lib/python3.8/site-packages/airflow/example_dags/example_branch_labels.py
[2023-12-05T10:11:03.653+0000] {processor.py:829} INFO - Processing file /home/airflow/.local/lib/python3.8/site-packages/airflow/example_dags/example_branch_labels.py for tasks to queue
[2023-12-05T10:11:03.655+0000] {logging_mixin.py:151} INFO - [2023-12-05T10:11:03.654+0000] {dagbag.py:539} INFO - Filling up the DagBag from /home/airflow/.local/lib/python3.8/site-packages/airflow/example_dags/example_branch_labels.py
[2023-12-05T10:11:03.660+0000] {processor.py:839} INFO - DAG(s) dict_keys(['example_branch_labels']) retrieved from /home/airflow/.local/lib/python3.8/site-packages/airflow/example_dags/example_branch_labels.py
[2023-12-05T10:11:03.674+0000] {logging_mixin.py:151} INFO - [2023-12-05T10:11:03.674+0000] {dag.py:2915} INFO - Sync 1 DAGs
[2023-12-05T10:11:03.686+0000] {logging_mixin.py:151} INFO - [2023-12-05T10:11:03.686+0000] {dag.py:3696} INFO - Setting next_dagrun for example_branch_labels to 2023-12-04T00:00:00+00:00, run_after=2023-12-05T00:00:00+00:00
[2023-12-05T10:11:03.709+0000] {processor.py:179} INFO - Processing /home/airflow/.local/lib/python3.8/site-packages/airflow/example_dags/example_branch_labels.py took 0.058 seconds
[2023-12-05T10:30:49.102+0000] {processor.py:157} INFO - Started process (PID=59185) to work on /home/airflow/.local/lib/python3.8/site-packages/airflow/example_dags/example_branch_labels.py
[2023-12-05T10:30:49.103+0000] {processor.py:829} INFO - Processing file /home/airflow/.local/lib/python3.8/site-packages/airflow/example_dags/example_branch_labels.py for tasks to queue
[2023-12-05T10:30:49.105+0000] {logging_mixin.py:151} INFO - [2023-12-05T10:30:49.105+0000] {dagbag.py:539} INFO - Filling up the DagBag from /home/airflow/.local/lib/python3.8/site-packages/airflow/example_dags/example_branch_labels.py
[2023-12-05T10:30:49.110+0000] {processor.py:839} INFO - DAG(s) dict_keys(['example_branch_labels']) retrieved from /home/airflow/.local/lib/python3.8/site-packages/airflow/example_dags/example_branch_labels.py
[2023-12-05T10:30:49.125+0000] {logging_mixin.py:151} INFO - [2023-12-05T10:30:49.125+0000] {dag.py:2915} INFO - Sync 1 DAGs
[2023-12-05T10:30:49.139+0000] {logging_mixin.py:151} INFO - [2023-12-05T10:30:49.138+0000] {dag.py:3696} INFO - Setting next_dagrun for example_branch_labels to 2023-12-04T00:00:00+00:00, run_after=2023-12-05T00:00:00+00:00
[2023-12-05T10:30:49.161+0000] {processor.py:179} INFO - Processing /home/airflow/.local/lib/python3.8/site-packages/airflow/example_dags/example_branch_labels.py took 0.061 seconds
[2023-12-05T11:07:00.778+0000] {processor.py:157} INFO - Started process (PID=59239) to work on /home/airflow/.local/lib/python3.8/site-packages/airflow/example_dags/example_branch_labels.py
[2023-12-05T11:07:00.781+0000] {processor.py:829} INFO - Processing file /home/airflow/.local/lib/python3.8/site-packages/airflow/example_dags/example_branch_labels.py for tasks to queue
[2023-12-05T11:07:00.787+0000] {logging_mixin.py:151} INFO - [2023-12-05T11:07:00.786+0000] {dagbag.py:539} INFO - Filling up the DagBag from /home/airflow/.local/lib/python3.8/site-packages/airflow/example_dags/example_branch_labels.py
[2023-12-05T11:07:00.806+0000] {processor.py:839} INFO - DAG(s) dict_keys(['example_branch_labels']) retrieved from /home/airflow/.local/lib/python3.8/site-packages/airflow/example_dags/example_branch_labels.py
[2023-12-05T11:07:00.850+0000] {logging_mixin.py:151} INFO - [2023-12-05T11:07:00.849+0000] {dag.py:2915} INFO - Sync 1 DAGs
[2023-12-05T11:07:00.883+0000] {logging_mixin.py:151} INFO - [2023-12-05T11:07:00.883+0000] {dag.py:3696} INFO - Setting next_dagrun for example_branch_labels to 2023-12-04T00:00:00+00:00, run_after=2023-12-05T00:00:00+00:00
[2023-12-05T11:07:00.919+0000] {processor.py:179} INFO - Processing /home/airflow/.local/lib/python3.8/site-packages/airflow/example_dags/example_branch_labels.py took 0.146 seconds
[2023-12-05T12:00:57.720+0000] {processor.py:157} INFO - Started process (PID=59293) to work on /home/airflow/.local/lib/python3.8/site-packages/airflow/example_dags/example_branch_labels.py
[2023-12-05T12:00:57.721+0000] {processor.py:829} INFO - Processing file /home/airflow/.local/lib/python3.8/site-packages/airflow/example_dags/example_branch_labels.py for tasks to queue
[2023-12-05T12:00:57.724+0000] {logging_mixin.py:151} INFO - [2023-12-05T12:00:57.724+0000] {dagbag.py:539} INFO - Filling up the DagBag from /home/airflow/.local/lib/python3.8/site-packages/airflow/example_dags/example_branch_labels.py
[2023-12-05T12:00:57.733+0000] {processor.py:839} INFO - DAG(s) dict_keys(['example_branch_labels']) retrieved from /home/airflow/.local/lib/python3.8/site-packages/airflow/example_dags/example_branch_labels.py
[2023-12-05T12:00:57.753+0000] {logging_mixin.py:151} INFO - [2023-12-05T12:00:57.752+0000] {dag.py:2915} INFO - Sync 1 DAGs
[2023-12-05T12:00:57.815+0000] {logging_mixin.py:151} INFO - [2023-12-05T12:00:57.815+0000] {dag.py:3696} INFO - Setting next_dagrun for example_branch_labels to 2023-12-04T00:00:00+00:00, run_after=2023-12-05T00:00:00+00:00
[2023-12-05T12:00:57.881+0000] {processor.py:179} INFO - Processing /home/airflow/.local/lib/python3.8/site-packages/airflow/example_dags/example_branch_labels.py took 0.169 seconds
[2023-12-05T13:02:50.989+0000] {processor.py:157} INFO - Started process (PID=59347) to work on /home/airflow/.local/lib/python3.8/site-packages/airflow/example_dags/example_branch_labels.py
[2023-12-05T13:02:50.991+0000] {processor.py:829} INFO - Processing file /home/airflow/.local/lib/python3.8/site-packages/airflow/example_dags/example_branch_labels.py for tasks to queue
[2023-12-05T13:02:50.992+0000] {logging_mixin.py:151} INFO - [2023-12-05T13:02:50.992+0000] {dagbag.py:539} INFO - Filling up the DagBag from /home/airflow/.local/lib/python3.8/site-packages/airflow/example_dags/example_branch_labels.py
[2023-12-05T13:02:50.998+0000] {processor.py:839} INFO - DAG(s) dict_keys(['example_branch_labels']) retrieved from /home/airflow/.local/lib/python3.8/site-packages/airflow/example_dags/example_branch_labels.py
[2023-12-05T13:02:51.010+0000] {logging_mixin.py:151} INFO - [2023-12-05T13:02:51.010+0000] {dag.py:2915} INFO - Sync 1 DAGs
[2023-12-05T13:02:51.023+0000] {logging_mixin.py:151} INFO - [2023-12-05T13:02:51.023+0000] {dag.py:3696} INFO - Setting next_dagrun for example_branch_labels to 2023-12-04T00:00:00+00:00, run_after=2023-12-05T00:00:00+00:00
[2023-12-05T13:02:51.033+0000] {processor.py:179} INFO - Processing /home/airflow/.local/lib/python3.8/site-packages/airflow/example_dags/example_branch_labels.py took 0.045 seconds
[2023-12-05T13:15:01.109+0000] {processor.py:157} INFO - Started process (PID=59401) to work on /home/airflow/.local/lib/python3.8/site-packages/airflow/example_dags/example_branch_labels.py
[2023-12-05T13:15:01.111+0000] {processor.py:829} INFO - Processing file /home/airflow/.local/lib/python3.8/site-packages/airflow/example_dags/example_branch_labels.py for tasks to queue
[2023-12-05T13:15:01.115+0000] {logging_mixin.py:151} INFO - [2023-12-05T13:15:01.114+0000] {dagbag.py:539} INFO - Filling up the DagBag from /home/airflow/.local/lib/python3.8/site-packages/airflow/example_dags/example_branch_labels.py
[2023-12-05T13:15:01.128+0000] {processor.py:839} INFO - DAG(s) dict_keys(['example_branch_labels']) retrieved from /home/airflow/.local/lib/python3.8/site-packages/airflow/example_dags/example_branch_labels.py
[2023-12-05T13:15:01.162+0000] {logging_mixin.py:151} INFO - [2023-12-05T13:15:01.162+0000] {dag.py:2915} INFO - Sync 1 DAGs
[2023-12-05T13:15:01.182+0000] {logging_mixin.py:151} INFO - [2023-12-05T13:15:01.182+0000] {dag.py:3696} INFO - Setting next_dagrun for example_branch_labels to 2023-12-04T00:00:00+00:00, run_after=2023-12-05T00:00:00+00:00
[2023-12-05T13:15:01.201+0000] {processor.py:179} INFO - Processing /home/airflow/.local/lib/python3.8/site-packages/airflow/example_dags/example_branch_labels.py took 0.100 seconds
[2023-12-05T13:58:18.634+0000] {processor.py:157} INFO - Started process (PID=59455) to work on /home/airflow/.local/lib/python3.8/site-packages/airflow/example_dags/example_branch_labels.py
[2023-12-05T13:58:18.635+0000] {processor.py:829} INFO - Processing file /home/airflow/.local/lib/python3.8/site-packages/airflow/example_dags/example_branch_labels.py for tasks to queue
[2023-12-05T13:58:18.637+0000] {logging_mixin.py:151} INFO - [2023-12-05T13:58:18.637+0000] {dagbag.py:539} INFO - Filling up the DagBag from /home/airflow/.local/lib/python3.8/site-packages/airflow/example_dags/example_branch_labels.py
[2023-12-05T13:58:18.645+0000] {processor.py:839} INFO - DAG(s) dict_keys(['example_branch_labels']) retrieved from /home/airflow/.local/lib/python3.8/site-packages/airflow/example_dags/example_branch_labels.py
[2023-12-05T13:58:18.668+0000] {logging_mixin.py:151} INFO - [2023-12-05T13:58:18.668+0000] {dag.py:2915} INFO - Sync 1 DAGs
[2023-12-05T13:58:18.682+0000] {logging_mixin.py:151} INFO - [2023-12-05T13:58:18.682+0000] {dag.py:3696} INFO - Setting next_dagrun for example_branch_labels to 2023-12-04T00:00:00+00:00, run_after=2023-12-05T00:00:00+00:00
[2023-12-05T13:58:18.695+0000] {processor.py:179} INFO - Processing /home/airflow/.local/lib/python3.8/site-packages/airflow/example_dags/example_branch_labels.py took 0.063 seconds
[2023-12-05T14:14:32.412+0000] {processor.py:157} INFO - Started process (PID=59509) to work on /home/airflow/.local/lib/python3.8/site-packages/airflow/example_dags/example_branch_labels.py
[2023-12-05T14:14:32.414+0000] {processor.py:829} INFO - Processing file /home/airflow/.local/lib/python3.8/site-packages/airflow/example_dags/example_branch_labels.py for tasks to queue
[2023-12-05T14:14:32.415+0000] {logging_mixin.py:151} INFO - [2023-12-05T14:14:32.415+0000] {dagbag.py:539} INFO - Filling up the DagBag from /home/airflow/.local/lib/python3.8/site-packages/airflow/example_dags/example_branch_labels.py
[2023-12-05T14:14:32.421+0000] {processor.py:839} INFO - DAG(s) dict_keys(['example_branch_labels']) retrieved from /home/airflow/.local/lib/python3.8/site-packages/airflow/example_dags/example_branch_labels.py
[2023-12-05T14:14:32.438+0000] {logging_mixin.py:151} INFO - [2023-12-05T14:14:32.438+0000] {dag.py:2915} INFO - Sync 1 DAGs
[2023-12-05T14:14:32.452+0000] {logging_mixin.py:151} INFO - [2023-12-05T14:14:32.452+0000] {dag.py:3696} INFO - Setting next_dagrun for example_branch_labels to 2023-12-04T00:00:00+00:00, run_after=2023-12-05T00:00:00+00:00
[2023-12-05T14:14:32.467+0000] {processor.py:179} INFO - Processing /home/airflow/.local/lib/python3.8/site-packages/airflow/example_dags/example_branch_labels.py took 0.057 seconds
[2023-12-05T15:21:43.479+0000] {processor.py:157} INFO - Started process (PID=59556) to work on /home/airflow/.local/lib/python3.8/site-packages/airflow/example_dags/example_branch_labels.py
[2023-12-05T15:21:43.480+0000] {processor.py:829} INFO - Processing file /home/airflow/.local/lib/python3.8/site-packages/airflow/example_dags/example_branch_labels.py for tasks to queue
[2023-12-05T15:21:43.482+0000] {logging_mixin.py:151} INFO - [2023-12-05T15:21:43.482+0000] {dagbag.py:539} INFO - Filling up the DagBag from /home/airflow/.local/lib/python3.8/site-packages/airflow/example_dags/example_branch_labels.py
[2023-12-05T15:21:43.487+0000] {processor.py:839} INFO - DAG(s) dict_keys(['example_branch_labels']) retrieved from /home/airflow/.local/lib/python3.8/site-packages/airflow/example_dags/example_branch_labels.py
[2023-12-05T15:21:43.500+0000] {logging_mixin.py:151} INFO - [2023-12-05T15:21:43.500+0000] {dag.py:2915} INFO - Sync 1 DAGs
[2023-12-05T15:21:43.513+0000] {logging_mixin.py:151} INFO - [2023-12-05T15:21:43.512+0000] {dag.py:3696} INFO - Setting next_dagrun for example_branch_labels to 2023-12-04T00:00:00+00:00, run_after=2023-12-05T00:00:00+00:00
[2023-12-05T15:21:43.521+0000] {processor.py:179} INFO - Processing /home/airflow/.local/lib/python3.8/site-packages/airflow/example_dags/example_branch_labels.py took 0.045 seconds
[2023-12-05T15:53:44.703+0000] {processor.py:157} INFO - Started process (PID=59618) to work on /home/airflow/.local/lib/python3.8/site-packages/airflow/example_dags/example_branch_labels.py
[2023-12-05T15:53:44.704+0000] {processor.py:829} INFO - Processing file /home/airflow/.local/lib/python3.8/site-packages/airflow/example_dags/example_branch_labels.py for tasks to queue
[2023-12-05T15:53:44.705+0000] {logging_mixin.py:151} INFO - [2023-12-05T15:53:44.705+0000] {dagbag.py:539} INFO - Filling up the DagBag from /home/airflow/.local/lib/python3.8/site-packages/airflow/example_dags/example_branch_labels.py
[2023-12-05T15:53:44.711+0000] {processor.py:839} INFO - DAG(s) dict_keys(['example_branch_labels']) retrieved from /home/airflow/.local/lib/python3.8/site-packages/airflow/example_dags/example_branch_labels.py
[2023-12-05T15:53:44.723+0000] {logging_mixin.py:151} INFO - [2023-12-05T15:53:44.723+0000] {dag.py:2915} INFO - Sync 1 DAGs
[2023-12-05T15:53:44.739+0000] {logging_mixin.py:151} INFO - [2023-12-05T15:53:44.739+0000] {dag.py:3696} INFO - Setting next_dagrun for example_branch_labels to 2023-12-04T00:00:00+00:00, run_after=2023-12-05T00:00:00+00:00
[2023-12-05T15:53:44.752+0000] {processor.py:179} INFO - Processing /home/airflow/.local/lib/python3.8/site-packages/airflow/example_dags/example_branch_labels.py took 0.051 seconds
[2023-12-05T16:42:41.874+0000] {processor.py:157} INFO - Started process (PID=59672) to work on /home/airflow/.local/lib/python3.8/site-packages/airflow/example_dags/example_branch_labels.py
[2023-12-05T16:42:41.877+0000] {processor.py:829} INFO - Processing file /home/airflow/.local/lib/python3.8/site-packages/airflow/example_dags/example_branch_labels.py for tasks to queue
[2023-12-05T16:42:41.880+0000] {logging_mixin.py:151} INFO - [2023-12-05T16:42:41.880+0000] {dagbag.py:539} INFO - Filling up the DagBag from /home/airflow/.local/lib/python3.8/site-packages/airflow/example_dags/example_branch_labels.py
[2023-12-05T16:42:41.887+0000] {processor.py:839} INFO - DAG(s) dict_keys(['example_branch_labels']) retrieved from /home/airflow/.local/lib/python3.8/site-packages/airflow/example_dags/example_branch_labels.py
[2023-12-05T16:42:41.903+0000] {logging_mixin.py:151} INFO - [2023-12-05T16:42:41.902+0000] {dag.py:2915} INFO - Sync 1 DAGs
[2023-12-05T16:42:41.921+0000] {logging_mixin.py:151} INFO - [2023-12-05T16:42:41.921+0000] {dag.py:3696} INFO - Setting next_dagrun for example_branch_labels to 2023-12-04T00:00:00+00:00, run_after=2023-12-05T00:00:00+00:00
[2023-12-05T16:42:41.933+0000] {processor.py:179} INFO - Processing /home/airflow/.local/lib/python3.8/site-packages/airflow/example_dags/example_branch_labels.py took 0.062 seconds
[2023-12-05T18:03:06.538+0000] {processor.py:157} INFO - Started process (PID=59725) to work on /home/airflow/.local/lib/python3.8/site-packages/airflow/example_dags/example_branch_labels.py
[2023-12-05T18:03:06.541+0000] {processor.py:829} INFO - Processing file /home/airflow/.local/lib/python3.8/site-packages/airflow/example_dags/example_branch_labels.py for tasks to queue
[2023-12-05T18:03:06.550+0000] {logging_mixin.py:151} INFO - [2023-12-05T18:03:06.548+0000] {dagbag.py:539} INFO - Filling up the DagBag from /home/airflow/.local/lib/python3.8/site-packages/airflow/example_dags/example_branch_labels.py
[2023-12-05T18:03:06.569+0000] {processor.py:839} INFO - DAG(s) dict_keys(['example_branch_labels']) retrieved from /home/airflow/.local/lib/python3.8/site-packages/airflow/example_dags/example_branch_labels.py
[2023-12-05T18:03:06.589+0000] {logging_mixin.py:151} INFO - [2023-12-05T18:03:06.589+0000] {dag.py:2915} INFO - Sync 1 DAGs
[2023-12-05T18:03:06.605+0000] {logging_mixin.py:151} INFO - [2023-12-05T18:03:06.605+0000] {dag.py:3696} INFO - Setting next_dagrun for example_branch_labels to 2023-12-04T00:00:00+00:00, run_after=2023-12-05T00:00:00+00:00
[2023-12-05T18:03:06.624+0000] {processor.py:179} INFO - Processing /home/airflow/.local/lib/python3.8/site-packages/airflow/example_dags/example_branch_labels.py took 0.091 seconds
[2023-12-05T18:21:13.489+0000] {processor.py:157} INFO - Started process (PID=59772) to work on /home/airflow/.local/lib/python3.8/site-packages/airflow/example_dags/example_branch_labels.py
[2023-12-05T18:21:13.490+0000] {processor.py:829} INFO - Processing file /home/airflow/.local/lib/python3.8/site-packages/airflow/example_dags/example_branch_labels.py for tasks to queue
[2023-12-05T18:21:13.492+0000] {logging_mixin.py:151} INFO - [2023-12-05T18:21:13.491+0000] {dagbag.py:539} INFO - Filling up the DagBag from /home/airflow/.local/lib/python3.8/site-packages/airflow/example_dags/example_branch_labels.py
[2023-12-05T18:21:13.497+0000] {processor.py:839} INFO - DAG(s) dict_keys(['example_branch_labels']) retrieved from /home/airflow/.local/lib/python3.8/site-packages/airflow/example_dags/example_branch_labels.py
[2023-12-05T18:21:13.511+0000] {logging_mixin.py:151} INFO - [2023-12-05T18:21:13.511+0000] {dag.py:2915} INFO - Sync 1 DAGs
[2023-12-05T18:21:13.524+0000] {logging_mixin.py:151} INFO - [2023-12-05T18:21:13.524+0000] {dag.py:3696} INFO - Setting next_dagrun for example_branch_labels to 2023-12-04T00:00:00+00:00, run_after=2023-12-05T00:00:00+00:00
[2023-12-05T18:21:13.534+0000] {processor.py:179} INFO - Processing /home/airflow/.local/lib/python3.8/site-packages/airflow/example_dags/example_branch_labels.py took 0.048 seconds
[2023-12-05T18:44:25.676+0000] {processor.py:157} INFO - Started process (PID=59826) to work on /home/airflow/.local/lib/python3.8/site-packages/airflow/example_dags/example_branch_labels.py
[2023-12-05T18:44:25.676+0000] {processor.py:829} INFO - Processing file /home/airflow/.local/lib/python3.8/site-packages/airflow/example_dags/example_branch_labels.py for tasks to queue
[2023-12-05T18:44:25.678+0000] {logging_mixin.py:151} INFO - [2023-12-05T18:44:25.678+0000] {dagbag.py:539} INFO - Filling up the DagBag from /home/airflow/.local/lib/python3.8/site-packages/airflow/example_dags/example_branch_labels.py
[2023-12-05T18:44:25.686+0000] {processor.py:839} INFO - DAG(s) dict_keys(['example_branch_labels']) retrieved from /home/airflow/.local/lib/python3.8/site-packages/airflow/example_dags/example_branch_labels.py
[2023-12-05T18:44:25.710+0000] {logging_mixin.py:151} INFO - [2023-12-05T18:44:25.710+0000] {dag.py:2915} INFO - Sync 1 DAGs
[2023-12-05T18:44:25.735+0000] {logging_mixin.py:151} INFO - [2023-12-05T18:44:25.735+0000] {dag.py:3696} INFO - Setting next_dagrun for example_branch_labels to 2023-12-04T00:00:00+00:00, run_after=2023-12-05T00:00:00+00:00
[2023-12-05T18:44:25.750+0000] {processor.py:179} INFO - Processing /home/airflow/.local/lib/python3.8/site-packages/airflow/example_dags/example_branch_labels.py took 0.077 seconds
[2023-12-05T19:02:29.154+0000] {processor.py:157} INFO - Started process (PID=59880) to work on /home/airflow/.local/lib/python3.8/site-packages/airflow/example_dags/example_branch_labels.py
[2023-12-05T19:02:29.155+0000] {processor.py:829} INFO - Processing file /home/airflow/.local/lib/python3.8/site-packages/airflow/example_dags/example_branch_labels.py for tasks to queue
[2023-12-05T19:02:29.156+0000] {logging_mixin.py:151} INFO - [2023-12-05T19:02:29.156+0000] {dagbag.py:539} INFO - Filling up the DagBag from /home/airflow/.local/lib/python3.8/site-packages/airflow/example_dags/example_branch_labels.py
[2023-12-05T19:02:29.162+0000] {processor.py:839} INFO - DAG(s) dict_keys(['example_branch_labels']) retrieved from /home/airflow/.local/lib/python3.8/site-packages/airflow/example_dags/example_branch_labels.py
[2023-12-05T19:02:29.175+0000] {logging_mixin.py:151} INFO - [2023-12-05T19:02:29.175+0000] {dag.py:2915} INFO - Sync 1 DAGs
[2023-12-05T19:02:29.187+0000] {logging_mixin.py:151} INFO - [2023-12-05T19:02:29.187+0000] {dag.py:3696} INFO - Setting next_dagrun for example_branch_labels to 2023-12-04T00:00:00+00:00, run_after=2023-12-05T00:00:00+00:00
[2023-12-05T19:02:29.195+0000] {processor.py:179} INFO - Processing /home/airflow/.local/lib/python3.8/site-packages/airflow/example_dags/example_branch_labels.py took 0.044 seconds
[2023-12-05T19:55:09.374+0000] {processor.py:157} INFO - Started process (PID=59934) to work on /home/airflow/.local/lib/python3.8/site-packages/airflow/example_dags/example_branch_labels.py
[2023-12-05T19:55:09.376+0000] {processor.py:829} INFO - Processing file /home/airflow/.local/lib/python3.8/site-packages/airflow/example_dags/example_branch_labels.py for tasks to queue
[2023-12-05T19:55:09.377+0000] {logging_mixin.py:151} INFO - [2023-12-05T19:55:09.377+0000] {dagbag.py:539} INFO - Filling up the DagBag from /home/airflow/.local/lib/python3.8/site-packages/airflow/example_dags/example_branch_labels.py
[2023-12-05T19:55:09.383+0000] {processor.py:839} INFO - DAG(s) dict_keys(['example_branch_labels']) retrieved from /home/airflow/.local/lib/python3.8/site-packages/airflow/example_dags/example_branch_labels.py
[2023-12-05T19:55:09.396+0000] {logging_mixin.py:151} INFO - [2023-12-05T19:55:09.396+0000] {dag.py:2915} INFO - Sync 1 DAGs
[2023-12-05T19:55:09.411+0000] {logging_mixin.py:151} INFO - [2023-12-05T19:55:09.410+0000] {dag.py:3696} INFO - Setting next_dagrun for example_branch_labels to 2023-12-04T00:00:00+00:00, run_after=2023-12-05T00:00:00+00:00
[2023-12-05T19:55:09.421+0000] {processor.py:179} INFO - Processing /home/airflow/.local/lib/python3.8/site-packages/airflow/example_dags/example_branch_labels.py took 0.049 seconds
[2023-12-05T20:45:29.083+0000] {processor.py:157} INFO - Started process (PID=59988) to work on /home/airflow/.local/lib/python3.8/site-packages/airflow/example_dags/example_branch_labels.py
[2023-12-05T20:45:29.084+0000] {processor.py:829} INFO - Processing file /home/airflow/.local/lib/python3.8/site-packages/airflow/example_dags/example_branch_labels.py for tasks to queue
[2023-12-05T20:45:29.086+0000] {logging_mixin.py:151} INFO - [2023-12-05T20:45:29.086+0000] {dagbag.py:539} INFO - Filling up the DagBag from /home/airflow/.local/lib/python3.8/site-packages/airflow/example_dags/example_branch_labels.py
[2023-12-05T20:45:29.091+0000] {processor.py:839} INFO - DAG(s) dict_keys(['example_branch_labels']) retrieved from /home/airflow/.local/lib/python3.8/site-packages/airflow/example_dags/example_branch_labels.py
[2023-12-05T20:45:29.104+0000] {logging_mixin.py:151} INFO - [2023-12-05T20:45:29.104+0000] {dag.py:2915} INFO - Sync 1 DAGs
[2023-12-05T20:45:29.116+0000] {logging_mixin.py:151} INFO - [2023-12-05T20:45:29.116+0000] {dag.py:3696} INFO - Setting next_dagrun for example_branch_labels to 2023-12-04T00:00:00+00:00, run_after=2023-12-05T00:00:00+00:00
[2023-12-05T20:45:29.127+0000] {processor.py:179} INFO - Processing /home/airflow/.local/lib/python3.8/site-packages/airflow/example_dags/example_branch_labels.py took 0.046 seconds
[2023-12-05T22:03:29.629+0000] {processor.py:157} INFO - Started process (PID=60042) to work on /home/airflow/.local/lib/python3.8/site-packages/airflow/example_dags/example_branch_labels.py
[2023-12-05T22:03:29.630+0000] {processor.py:829} INFO - Processing file /home/airflow/.local/lib/python3.8/site-packages/airflow/example_dags/example_branch_labels.py for tasks to queue
[2023-12-05T22:03:29.631+0000] {logging_mixin.py:151} INFO - [2023-12-05T22:03:29.631+0000] {dagbag.py:539} INFO - Filling up the DagBag from /home/airflow/.local/lib/python3.8/site-packages/airflow/example_dags/example_branch_labels.py
[2023-12-05T22:03:29.637+0000] {processor.py:839} INFO - DAG(s) dict_keys(['example_branch_labels']) retrieved from /home/airflow/.local/lib/python3.8/site-packages/airflow/example_dags/example_branch_labels.py
[2023-12-05T22:03:29.650+0000] {logging_mixin.py:151} INFO - [2023-12-05T22:03:29.650+0000] {dag.py:2915} INFO - Sync 1 DAGs
[2023-12-05T22:03:29.662+0000] {logging_mixin.py:151} INFO - [2023-12-05T22:03:29.662+0000] {dag.py:3696} INFO - Setting next_dagrun for example_branch_labels to 2023-12-04T00:00:00+00:00, run_after=2023-12-05T00:00:00+00:00
[2023-12-05T22:03:29.671+0000] {processor.py:179} INFO - Processing /home/airflow/.local/lib/python3.8/site-packages/airflow/example_dags/example_branch_labels.py took 0.044 seconds
[2023-12-05T22:20:19.344+0000] {processor.py:157} INFO - Started process (PID=60096) to work on /home/airflow/.local/lib/python3.8/site-packages/airflow/example_dags/example_branch_labels.py
[2023-12-05T22:20:19.345+0000] {processor.py:829} INFO - Processing file /home/airflow/.local/lib/python3.8/site-packages/airflow/example_dags/example_branch_labels.py for tasks to queue
[2023-12-05T22:20:19.347+0000] {logging_mixin.py:151} INFO - [2023-12-05T22:20:19.346+0000] {dagbag.py:539} INFO - Filling up the DagBag from /home/airflow/.local/lib/python3.8/site-packages/airflow/example_dags/example_branch_labels.py
[2023-12-05T22:20:19.352+0000] {processor.py:839} INFO - DAG(s) dict_keys(['example_branch_labels']) retrieved from /home/airflow/.local/lib/python3.8/site-packages/airflow/example_dags/example_branch_labels.py
[2023-12-05T22:20:19.366+0000] {logging_mixin.py:151} INFO - [2023-12-05T22:20:19.366+0000] {dag.py:2915} INFO - Sync 1 DAGs
[2023-12-05T22:20:19.380+0000] {logging_mixin.py:151} INFO - [2023-12-05T22:20:19.380+0000] {dag.py:3696} INFO - Setting next_dagrun for example_branch_labels to 2023-12-04T00:00:00+00:00, run_after=2023-12-05T00:00:00+00:00
[2023-12-05T22:20:19.389+0000] {processor.py:179} INFO - Processing /home/airflow/.local/lib/python3.8/site-packages/airflow/example_dags/example_branch_labels.py took 0.047 seconds
[2023-12-05T22:55:16.530+0000] {processor.py:157} INFO - Started process (PID=60150) to work on /home/airflow/.local/lib/python3.8/site-packages/airflow/example_dags/example_branch_labels.py
[2023-12-05T22:55:16.531+0000] {processor.py:829} INFO - Processing file /home/airflow/.local/lib/python3.8/site-packages/airflow/example_dags/example_branch_labels.py for tasks to queue
[2023-12-05T22:55:16.532+0000] {logging_mixin.py:151} INFO - [2023-12-05T22:55:16.532+0000] {dagbag.py:539} INFO - Filling up the DagBag from /home/airflow/.local/lib/python3.8/site-packages/airflow/example_dags/example_branch_labels.py
[2023-12-05T22:55:16.538+0000] {processor.py:839} INFO - DAG(s) dict_keys(['example_branch_labels']) retrieved from /home/airflow/.local/lib/python3.8/site-packages/airflow/example_dags/example_branch_labels.py
[2023-12-05T22:55:16.568+0000] {logging_mixin.py:151} INFO - [2023-12-05T22:55:16.567+0000] {dag.py:2915} INFO - Sync 1 DAGs
[2023-12-05T22:55:16.618+0000] {logging_mixin.py:151} INFO - [2023-12-05T22:55:16.618+0000] {dag.py:3696} INFO - Setting next_dagrun for example_branch_labels to 2023-12-04T00:00:00+00:00, run_after=2023-12-05T00:00:00+00:00
[2023-12-05T22:55:16.657+0000] {processor.py:179} INFO - Processing /home/airflow/.local/lib/python3.8/site-packages/airflow/example_dags/example_branch_labels.py took 0.129 seconds
[2023-12-05T23:01:23.635+0000] {processor.py:157} INFO - Started process (PID=60204) to work on /home/airflow/.local/lib/python3.8/site-packages/airflow/example_dags/example_branch_labels.py
[2023-12-05T23:01:23.637+0000] {processor.py:829} INFO - Processing file /home/airflow/.local/lib/python3.8/site-packages/airflow/example_dags/example_branch_labels.py for tasks to queue
[2023-12-05T23:01:23.639+0000] {logging_mixin.py:151} INFO - [2023-12-05T23:01:23.639+0000] {dagbag.py:539} INFO - Filling up the DagBag from /home/airflow/.local/lib/python3.8/site-packages/airflow/example_dags/example_branch_labels.py
[2023-12-05T23:01:23.648+0000] {processor.py:839} INFO - DAG(s) dict_keys(['example_branch_labels']) retrieved from /home/airflow/.local/lib/python3.8/site-packages/airflow/example_dags/example_branch_labels.py
[2023-12-05T23:01:23.670+0000] {logging_mixin.py:151} INFO - [2023-12-05T23:01:23.670+0000] {dag.py:2915} INFO - Sync 1 DAGs
[2023-12-05T23:01:23.685+0000] {logging_mixin.py:151} INFO - [2023-12-05T23:01:23.685+0000] {dag.py:3696} INFO - Setting next_dagrun for example_branch_labels to 2023-12-04T00:00:00+00:00, run_after=2023-12-05T00:00:00+00:00
[2023-12-05T23:01:23.694+0000] {processor.py:179} INFO - Processing /home/airflow/.local/lib/python3.8/site-packages/airflow/example_dags/example_branch_labels.py took 0.066 seconds
[2023-12-05T23:32:59.431+0000] {processor.py:157} INFO - Started process (PID=60258) to work on /home/airflow/.local/lib/python3.8/site-packages/airflow/example_dags/example_branch_labels.py
[2023-12-05T23:32:59.432+0000] {processor.py:829} INFO - Processing file /home/airflow/.local/lib/python3.8/site-packages/airflow/example_dags/example_branch_labels.py for tasks to queue
[2023-12-05T23:32:59.433+0000] {logging_mixin.py:151} INFO - [2023-12-05T23:32:59.433+0000] {dagbag.py:539} INFO - Filling up the DagBag from /home/airflow/.local/lib/python3.8/site-packages/airflow/example_dags/example_branch_labels.py
[2023-12-05T23:32:59.438+0000] {processor.py:839} INFO - DAG(s) dict_keys(['example_branch_labels']) retrieved from /home/airflow/.local/lib/python3.8/site-packages/airflow/example_dags/example_branch_labels.py
[2023-12-05T23:32:59.452+0000] {logging_mixin.py:151} INFO - [2023-12-05T23:32:59.451+0000] {dag.py:2915} INFO - Sync 1 DAGs
[2023-12-05T23:32:59.465+0000] {logging_mixin.py:151} INFO - [2023-12-05T23:32:59.465+0000] {dag.py:3696} INFO - Setting next_dagrun for example_branch_labels to 2023-12-04T00:00:00+00:00, run_after=2023-12-05T00:00:00+00:00
[2023-12-05T23:32:59.475+0000] {processor.py:179} INFO - Processing /home/airflow/.local/lib/python3.8/site-packages/airflow/example_dags/example_branch_labels.py took 0.046 seconds
