[2023-12-06T00:13:13.199+0000] {processor.py:157} INFO - Started process (PID=60346) to work on /home/airflow/.local/lib/python3.8/site-packages/airflow/example_dags/example_branch_day_of_week_operator.py
[2023-12-06T00:13:13.200+0000] {processor.py:829} INFO - Processing file /home/airflow/.local/lib/python3.8/site-packages/airflow/example_dags/example_branch_day_of_week_operator.py for tasks to queue
[2023-12-06T00:13:13.201+0000] {logging_mixin.py:151} INFO - [2023-12-06T00:13:13.201+0000] {dagbag.py:539} INFO - Filling up the DagBag from /home/airflow/.local/lib/python3.8/site-packages/airflow/example_dags/example_branch_day_of_week_operator.py
[2023-12-06T00:13:13.207+0000] {processor.py:839} INFO - DAG(s) dict_keys(['example_weekday_branch_operator']) retrieved from /home/airflow/.local/lib/python3.8/site-packages/airflow/example_dags/example_branch_day_of_week_operator.py
[2023-12-06T00:13:13.220+0000] {logging_mixin.py:151} INFO - [2023-12-06T00:13:13.220+0000] {dag.py:2915} INFO - Sync 1 DAGs
[2023-12-06T00:13:13.233+0000] {logging_mixin.py:151} INFO - [2023-12-06T00:13:13.233+0000] {dag.py:3696} INFO - Setting next_dagrun for example_weekday_branch_operator to 2023-12-05T00:00:00+00:00, run_after=2023-12-06T00:00:00+00:00
[2023-12-06T00:13:13.242+0000] {processor.py:179} INFO - Processing /home/airflow/.local/lib/python3.8/site-packages/airflow/example_dags/example_branch_day_of_week_operator.py took 0.045 seconds
[2023-12-06T00:15:22.010+0000] {processor.py:157} INFO - Started process (PID=60393) to work on /home/airflow/.local/lib/python3.8/site-packages/airflow/example_dags/example_branch_day_of_week_operator.py
[2023-12-06T00:15:22.011+0000] {processor.py:829} INFO - Processing file /home/airflow/.local/lib/python3.8/site-packages/airflow/example_dags/example_branch_day_of_week_operator.py for tasks to queue
[2023-12-06T00:15:22.012+0000] {logging_mixin.py:151} INFO - [2023-12-06T00:15:22.012+0000] {dagbag.py:539} INFO - Filling up the DagBag from /home/airflow/.local/lib/python3.8/site-packages/airflow/example_dags/example_branch_day_of_week_operator.py
[2023-12-06T00:15:22.017+0000] {processor.py:839} INFO - DAG(s) dict_keys(['example_weekday_branch_operator']) retrieved from /home/airflow/.local/lib/python3.8/site-packages/airflow/example_dags/example_branch_day_of_week_operator.py
[2023-12-06T00:15:22.036+0000] {logging_mixin.py:151} INFO - [2023-12-06T00:15:22.036+0000] {dag.py:2915} INFO - Sync 1 DAGs
[2023-12-06T00:15:22.052+0000] {logging_mixin.py:151} INFO - [2023-12-06T00:15:22.052+0000] {dag.py:3696} INFO - Setting next_dagrun for example_weekday_branch_operator to 2023-12-05T00:00:00+00:00, run_after=2023-12-06T00:00:00+00:00
[2023-12-06T00:15:22.125+0000] {processor.py:179} INFO - Processing /home/airflow/.local/lib/python3.8/site-packages/airflow/example_dags/example_branch_day_of_week_operator.py took 0.118 seconds
[2023-12-06T00:55:19.910+0000] {processor.py:157} INFO - Started process (PID=60454) to work on /home/airflow/.local/lib/python3.8/site-packages/airflow/example_dags/example_branch_day_of_week_operator.py
[2023-12-06T00:55:19.911+0000] {processor.py:829} INFO - Processing file /home/airflow/.local/lib/python3.8/site-packages/airflow/example_dags/example_branch_day_of_week_operator.py for tasks to queue
[2023-12-06T00:55:19.912+0000] {logging_mixin.py:151} INFO - [2023-12-06T00:55:19.912+0000] {dagbag.py:539} INFO - Filling up the DagBag from /home/airflow/.local/lib/python3.8/site-packages/airflow/example_dags/example_branch_day_of_week_operator.py
[2023-12-06T00:55:19.917+0000] {processor.py:839} INFO - DAG(s) dict_keys(['example_weekday_branch_operator']) retrieved from /home/airflow/.local/lib/python3.8/site-packages/airflow/example_dags/example_branch_day_of_week_operator.py
[2023-12-06T00:55:19.930+0000] {logging_mixin.py:151} INFO - [2023-12-06T00:55:19.930+0000] {dag.py:2915} INFO - Sync 1 DAGs
[2023-12-06T00:55:19.942+0000] {logging_mixin.py:151} INFO - [2023-12-06T00:55:19.942+0000] {dag.py:3696} INFO - Setting next_dagrun for example_weekday_branch_operator to 2023-12-05T00:00:00+00:00, run_after=2023-12-06T00:00:00+00:00
[2023-12-06T00:55:19.951+0000] {processor.py:179} INFO - Processing /home/airflow/.local/lib/python3.8/site-packages/airflow/example_dags/example_branch_day_of_week_operator.py took 0.043 seconds
[2023-12-06T01:50:26.196+0000] {processor.py:157} INFO - Started process (PID=60501) to work on /home/airflow/.local/lib/python3.8/site-packages/airflow/example_dags/example_branch_day_of_week_operator.py
[2023-12-06T01:50:26.197+0000] {processor.py:829} INFO - Processing file /home/airflow/.local/lib/python3.8/site-packages/airflow/example_dags/example_branch_day_of_week_operator.py for tasks to queue
[2023-12-06T01:50:26.199+0000] {logging_mixin.py:151} INFO - [2023-12-06T01:50:26.199+0000] {dagbag.py:539} INFO - Filling up the DagBag from /home/airflow/.local/lib/python3.8/site-packages/airflow/example_dags/example_branch_day_of_week_operator.py
[2023-12-06T01:50:26.207+0000] {processor.py:839} INFO - DAG(s) dict_keys(['example_weekday_branch_operator']) retrieved from /home/airflow/.local/lib/python3.8/site-packages/airflow/example_dags/example_branch_day_of_week_operator.py
[2023-12-06T01:50:26.233+0000] {logging_mixin.py:151} INFO - [2023-12-06T01:50:26.233+0000] {dag.py:2915} INFO - Sync 1 DAGs
[2023-12-06T01:50:26.252+0000] {logging_mixin.py:151} INFO - [2023-12-06T01:50:26.252+0000] {dag.py:3696} INFO - Setting next_dagrun for example_weekday_branch_operator to 2023-12-05T00:00:00+00:00, run_after=2023-12-06T00:00:00+00:00
[2023-12-06T01:50:26.262+0000] {processor.py:179} INFO - Processing /home/airflow/.local/lib/python3.8/site-packages/airflow/example_dags/example_branch_day_of_week_operator.py took 0.069 seconds
[2023-12-06T02:57:28.069+0000] {processor.py:157} INFO - Started process (PID=60555) to work on /home/airflow/.local/lib/python3.8/site-packages/airflow/example_dags/example_branch_day_of_week_operator.py
[2023-12-06T02:57:28.070+0000] {processor.py:829} INFO - Processing file /home/airflow/.local/lib/python3.8/site-packages/airflow/example_dags/example_branch_day_of_week_operator.py for tasks to queue
[2023-12-06T02:57:28.072+0000] {logging_mixin.py:151} INFO - [2023-12-06T02:57:28.071+0000] {dagbag.py:539} INFO - Filling up the DagBag from /home/airflow/.local/lib/python3.8/site-packages/airflow/example_dags/example_branch_day_of_week_operator.py
[2023-12-06T02:57:28.077+0000] {processor.py:839} INFO - DAG(s) dict_keys(['example_weekday_branch_operator']) retrieved from /home/airflow/.local/lib/python3.8/site-packages/airflow/example_dags/example_branch_day_of_week_operator.py
[2023-12-06T02:57:28.093+0000] {logging_mixin.py:151} INFO - [2023-12-06T02:57:28.093+0000] {dag.py:2915} INFO - Sync 1 DAGs
[2023-12-06T02:57:28.106+0000] {logging_mixin.py:151} INFO - [2023-12-06T02:57:28.106+0000] {dag.py:3696} INFO - Setting next_dagrun for example_weekday_branch_operator to 2023-12-05T00:00:00+00:00, run_after=2023-12-06T00:00:00+00:00
[2023-12-06T02:57:28.115+0000] {processor.py:179} INFO - Processing /home/airflow/.local/lib/python3.8/site-packages/airflow/example_dags/example_branch_day_of_week_operator.py took 0.048 seconds
[2023-12-06T04:35:51.561+0000] {processor.py:157} INFO - Started process (PID=60610) to work on /home/airflow/.local/lib/python3.8/site-packages/airflow/example_dags/example_branch_day_of_week_operator.py
[2023-12-06T04:35:51.562+0000] {processor.py:829} INFO - Processing file /home/airflow/.local/lib/python3.8/site-packages/airflow/example_dags/example_branch_day_of_week_operator.py for tasks to queue
[2023-12-06T04:35:51.564+0000] {logging_mixin.py:151} INFO - [2023-12-06T04:35:51.564+0000] {dagbag.py:539} INFO - Filling up the DagBag from /home/airflow/.local/lib/python3.8/site-packages/airflow/example_dags/example_branch_day_of_week_operator.py
[2023-12-06T04:35:51.569+0000] {processor.py:839} INFO - DAG(s) dict_keys(['example_weekday_branch_operator']) retrieved from /home/airflow/.local/lib/python3.8/site-packages/airflow/example_dags/example_branch_day_of_week_operator.py
[2023-12-06T04:35:51.581+0000] {logging_mixin.py:151} INFO - [2023-12-06T04:35:51.581+0000] {dag.py:2915} INFO - Sync 1 DAGs
[2023-12-06T04:35:51.593+0000] {logging_mixin.py:151} INFO - [2023-12-06T04:35:51.593+0000] {dag.py:3696} INFO - Setting next_dagrun for example_weekday_branch_operator to 2023-12-05T00:00:00+00:00, run_after=2023-12-06T00:00:00+00:00
[2023-12-06T04:35:51.603+0000] {processor.py:179} INFO - Processing /home/airflow/.local/lib/python3.8/site-packages/airflow/example_dags/example_branch_day_of_week_operator.py took 0.044 seconds
[2023-12-06T05:55:09.409+0000] {processor.py:157} INFO - Started process (PID=60664) to work on /home/airflow/.local/lib/python3.8/site-packages/airflow/example_dags/example_branch_day_of_week_operator.py
[2023-12-06T05:55:09.410+0000] {processor.py:829} INFO - Processing file /home/airflow/.local/lib/python3.8/site-packages/airflow/example_dags/example_branch_day_of_week_operator.py for tasks to queue
[2023-12-06T05:55:09.412+0000] {logging_mixin.py:151} INFO - [2023-12-06T05:55:09.411+0000] {dagbag.py:539} INFO - Filling up the DagBag from /home/airflow/.local/lib/python3.8/site-packages/airflow/example_dags/example_branch_day_of_week_operator.py
[2023-12-06T05:55:09.417+0000] {processor.py:839} INFO - DAG(s) dict_keys(['example_weekday_branch_operator']) retrieved from /home/airflow/.local/lib/python3.8/site-packages/airflow/example_dags/example_branch_day_of_week_operator.py
[2023-12-06T05:55:09.430+0000] {logging_mixin.py:151} INFO - [2023-12-06T05:55:09.430+0000] {dag.py:2915} INFO - Sync 1 DAGs
[2023-12-06T05:55:09.442+0000] {logging_mixin.py:151} INFO - [2023-12-06T05:55:09.442+0000] {dag.py:3696} INFO - Setting next_dagrun for example_weekday_branch_operator to 2023-12-05T00:00:00+00:00, run_after=2023-12-06T00:00:00+00:00
[2023-12-06T05:55:09.453+0000] {processor.py:179} INFO - Processing /home/airflow/.local/lib/python3.8/site-packages/airflow/example_dags/example_branch_day_of_week_operator.py took 0.046 seconds
[2023-12-06T07:00:32.401+0000] {processor.py:157} INFO - Started process (PID=60718) to work on /home/airflow/.local/lib/python3.8/site-packages/airflow/example_dags/example_branch_day_of_week_operator.py
[2023-12-06T07:00:32.402+0000] {processor.py:829} INFO - Processing file /home/airflow/.local/lib/python3.8/site-packages/airflow/example_dags/example_branch_day_of_week_operator.py for tasks to queue
[2023-12-06T07:00:32.403+0000] {logging_mixin.py:151} INFO - [2023-12-06T07:00:32.403+0000] {dagbag.py:539} INFO - Filling up the DagBag from /home/airflow/.local/lib/python3.8/site-packages/airflow/example_dags/example_branch_day_of_week_operator.py
[2023-12-06T07:00:32.408+0000] {processor.py:839} INFO - DAG(s) dict_keys(['example_weekday_branch_operator']) retrieved from /home/airflow/.local/lib/python3.8/site-packages/airflow/example_dags/example_branch_day_of_week_operator.py
[2023-12-06T07:00:32.421+0000] {logging_mixin.py:151} INFO - [2023-12-06T07:00:32.421+0000] {dag.py:2915} INFO - Sync 1 DAGs
[2023-12-06T07:00:32.433+0000] {logging_mixin.py:151} INFO - [2023-12-06T07:00:32.433+0000] {dag.py:3696} INFO - Setting next_dagrun for example_weekday_branch_operator to 2023-12-05T00:00:00+00:00, run_after=2023-12-06T00:00:00+00:00
[2023-12-06T07:00:32.442+0000] {processor.py:179} INFO - Processing /home/airflow/.local/lib/python3.8/site-packages/airflow/example_dags/example_branch_day_of_week_operator.py took 0.044 seconds
[2023-12-06T07:21:32.136+0000] {processor.py:157} INFO - Started process (PID=60772) to work on /home/airflow/.local/lib/python3.8/site-packages/airflow/example_dags/example_branch_day_of_week_operator.py
[2023-12-06T07:21:32.137+0000] {processor.py:829} INFO - Processing file /home/airflow/.local/lib/python3.8/site-packages/airflow/example_dags/example_branch_day_of_week_operator.py for tasks to queue
[2023-12-06T07:21:32.138+0000] {logging_mixin.py:151} INFO - [2023-12-06T07:21:32.138+0000] {dagbag.py:539} INFO - Filling up the DagBag from /home/airflow/.local/lib/python3.8/site-packages/airflow/example_dags/example_branch_day_of_week_operator.py
[2023-12-06T07:21:32.144+0000] {processor.py:839} INFO - DAG(s) dict_keys(['example_weekday_branch_operator']) retrieved from /home/airflow/.local/lib/python3.8/site-packages/airflow/example_dags/example_branch_day_of_week_operator.py
[2023-12-06T07:21:32.157+0000] {logging_mixin.py:151} INFO - [2023-12-06T07:21:32.157+0000] {dag.py:2915} INFO - Sync 1 DAGs
[2023-12-06T07:21:32.169+0000] {logging_mixin.py:151} INFO - [2023-12-06T07:21:32.169+0000] {dag.py:3696} INFO - Setting next_dagrun for example_weekday_branch_operator to 2023-12-05T00:00:00+00:00, run_after=2023-12-06T00:00:00+00:00
[2023-12-06T07:21:32.179+0000] {processor.py:179} INFO - Processing /home/airflow/.local/lib/python3.8/site-packages/airflow/example_dags/example_branch_day_of_week_operator.py took 0.046 seconds
[2023-12-06T08:10:33.074+0000] {processor.py:157} INFO - Started process (PID=60826) to work on /home/airflow/.local/lib/python3.8/site-packages/airflow/example_dags/example_branch_day_of_week_operator.py
[2023-12-06T08:10:33.075+0000] {processor.py:829} INFO - Processing file /home/airflow/.local/lib/python3.8/site-packages/airflow/example_dags/example_branch_day_of_week_operator.py for tasks to queue
[2023-12-06T08:10:33.076+0000] {logging_mixin.py:151} INFO - [2023-12-06T08:10:33.076+0000] {dagbag.py:539} INFO - Filling up the DagBag from /home/airflow/.local/lib/python3.8/site-packages/airflow/example_dags/example_branch_day_of_week_operator.py
[2023-12-06T08:10:33.082+0000] {processor.py:839} INFO - DAG(s) dict_keys(['example_weekday_branch_operator']) retrieved from /home/airflow/.local/lib/python3.8/site-packages/airflow/example_dags/example_branch_day_of_week_operator.py
[2023-12-06T08:10:33.096+0000] {logging_mixin.py:151} INFO - [2023-12-06T08:10:33.096+0000] {dag.py:2915} INFO - Sync 1 DAGs
[2023-12-06T08:10:33.126+0000] {logging_mixin.py:151} INFO - [2023-12-06T08:10:33.126+0000] {dag.py:3696} INFO - Setting next_dagrun for example_weekday_branch_operator to 2023-12-05T00:00:00+00:00, run_after=2023-12-06T00:00:00+00:00
[2023-12-06T08:10:33.140+0000] {processor.py:179} INFO - Processing /home/airflow/.local/lib/python3.8/site-packages/airflow/example_dags/example_branch_day_of_week_operator.py took 0.069 seconds
[2023-12-06T09:17:51.927+0000] {processor.py:157} INFO - Started process (PID=60880) to work on /home/airflow/.local/lib/python3.8/site-packages/airflow/example_dags/example_branch_day_of_week_operator.py
[2023-12-06T09:17:51.928+0000] {processor.py:829} INFO - Processing file /home/airflow/.local/lib/python3.8/site-packages/airflow/example_dags/example_branch_day_of_week_operator.py for tasks to queue
[2023-12-06T09:17:51.930+0000] {logging_mixin.py:151} INFO - [2023-12-06T09:17:51.930+0000] {dagbag.py:539} INFO - Filling up the DagBag from /home/airflow/.local/lib/python3.8/site-packages/airflow/example_dags/example_branch_day_of_week_operator.py
[2023-12-06T09:17:51.938+0000] {processor.py:839} INFO - DAG(s) dict_keys(['example_weekday_branch_operator']) retrieved from /home/airflow/.local/lib/python3.8/site-packages/airflow/example_dags/example_branch_day_of_week_operator.py
[2023-12-06T09:17:51.955+0000] {logging_mixin.py:151} INFO - [2023-12-06T09:17:51.955+0000] {dag.py:2915} INFO - Sync 1 DAGs
[2023-12-06T09:17:51.967+0000] {logging_mixin.py:151} INFO - [2023-12-06T09:17:51.967+0000] {dag.py:3696} INFO - Setting next_dagrun for example_weekday_branch_operator to 2023-12-05T00:00:00+00:00, run_after=2023-12-06T00:00:00+00:00
[2023-12-06T09:17:51.977+0000] {processor.py:179} INFO - Processing /home/airflow/.local/lib/python3.8/site-packages/airflow/example_dags/example_branch_day_of_week_operator.py took 0.052 seconds
[2023-12-06T09:20:55.922+0000] {processor.py:157} INFO - Started process (PID=60934) to work on /home/airflow/.local/lib/python3.8/site-packages/airflow/example_dags/example_branch_day_of_week_operator.py
[2023-12-06T09:20:55.923+0000] {processor.py:829} INFO - Processing file /home/airflow/.local/lib/python3.8/site-packages/airflow/example_dags/example_branch_day_of_week_operator.py for tasks to queue
[2023-12-06T09:20:55.925+0000] {logging_mixin.py:151} INFO - [2023-12-06T09:20:55.925+0000] {dagbag.py:539} INFO - Filling up the DagBag from /home/airflow/.local/lib/python3.8/site-packages/airflow/example_dags/example_branch_day_of_week_operator.py
[2023-12-06T09:20:55.932+0000] {processor.py:839} INFO - DAG(s) dict_keys(['example_weekday_branch_operator']) retrieved from /home/airflow/.local/lib/python3.8/site-packages/airflow/example_dags/example_branch_day_of_week_operator.py
[2023-12-06T09:20:55.948+0000] {logging_mixin.py:151} INFO - [2023-12-06T09:20:55.948+0000] {dag.py:2915} INFO - Sync 1 DAGs
[2023-12-06T09:20:55.961+0000] {logging_mixin.py:151} INFO - [2023-12-06T09:20:55.961+0000] {dag.py:3696} INFO - Setting next_dagrun for example_weekday_branch_operator to 2023-12-05T00:00:00+00:00, run_after=2023-12-06T00:00:00+00:00
[2023-12-06T09:20:55.970+0000] {processor.py:179} INFO - Processing /home/airflow/.local/lib/python3.8/site-packages/airflow/example_dags/example_branch_day_of_week_operator.py took 0.053 seconds
[2023-12-06T09:34:34.634+0000] {processor.py:157} INFO - Started process (PID=60988) to work on /home/airflow/.local/lib/python3.8/site-packages/airflow/example_dags/example_branch_day_of_week_operator.py
[2023-12-06T09:34:34.635+0000] {processor.py:829} INFO - Processing file /home/airflow/.local/lib/python3.8/site-packages/airflow/example_dags/example_branch_day_of_week_operator.py for tasks to queue
[2023-12-06T09:34:34.637+0000] {logging_mixin.py:151} INFO - [2023-12-06T09:34:34.636+0000] {dagbag.py:539} INFO - Filling up the DagBag from /home/airflow/.local/lib/python3.8/site-packages/airflow/example_dags/example_branch_day_of_week_operator.py
[2023-12-06T09:34:34.642+0000] {processor.py:839} INFO - DAG(s) dict_keys(['example_weekday_branch_operator']) retrieved from /home/airflow/.local/lib/python3.8/site-packages/airflow/example_dags/example_branch_day_of_week_operator.py
[2023-12-06T09:34:34.657+0000] {logging_mixin.py:151} INFO - [2023-12-06T09:34:34.657+0000] {dag.py:2915} INFO - Sync 1 DAGs
[2023-12-06T09:34:34.731+0000] {logging_mixin.py:151} INFO - [2023-12-06T09:34:34.730+0000] {dag.py:3696} INFO - Setting next_dagrun for example_weekday_branch_operator to 2023-12-05T00:00:00+00:00, run_after=2023-12-06T00:00:00+00:00
[2023-12-06T09:34:34.744+0000] {processor.py:179} INFO - Processing /home/airflow/.local/lib/python3.8/site-packages/airflow/example_dags/example_branch_day_of_week_operator.py took 0.112 seconds
[2023-12-06T10:41:50.226+0000] {processor.py:157} INFO - Started process (PID=61042) to work on /home/airflow/.local/lib/python3.8/site-packages/airflow/example_dags/example_branch_day_of_week_operator.py
[2023-12-06T10:41:50.227+0000] {processor.py:829} INFO - Processing file /home/airflow/.local/lib/python3.8/site-packages/airflow/example_dags/example_branch_day_of_week_operator.py for tasks to queue
[2023-12-06T10:41:50.229+0000] {logging_mixin.py:151} INFO - [2023-12-06T10:41:50.229+0000] {dagbag.py:539} INFO - Filling up the DagBag from /home/airflow/.local/lib/python3.8/site-packages/airflow/example_dags/example_branch_day_of_week_operator.py
[2023-12-06T10:41:50.234+0000] {processor.py:839} INFO - DAG(s) dict_keys(['example_weekday_branch_operator']) retrieved from /home/airflow/.local/lib/python3.8/site-packages/airflow/example_dags/example_branch_day_of_week_operator.py
[2023-12-06T10:41:50.248+0000] {logging_mixin.py:151} INFO - [2023-12-06T10:41:50.247+0000] {dag.py:2915} INFO - Sync 1 DAGs
[2023-12-06T10:41:50.260+0000] {logging_mixin.py:151} INFO - [2023-12-06T10:41:50.259+0000] {dag.py:3696} INFO - Setting next_dagrun for example_weekday_branch_operator to 2023-12-05T00:00:00+00:00, run_after=2023-12-06T00:00:00+00:00
[2023-12-06T10:41:50.272+0000] {processor.py:179} INFO - Processing /home/airflow/.local/lib/python3.8/site-packages/airflow/example_dags/example_branch_day_of_week_operator.py took 0.049 seconds
[2023-12-06T11:14:07.802+0000] {processor.py:157} INFO - Started process (PID=61096) to work on /home/airflow/.local/lib/python3.8/site-packages/airflow/example_dags/example_branch_day_of_week_operator.py
[2023-12-06T11:14:07.803+0000] {processor.py:829} INFO - Processing file /home/airflow/.local/lib/python3.8/site-packages/airflow/example_dags/example_branch_day_of_week_operator.py for tasks to queue
[2023-12-06T11:14:07.805+0000] {logging_mixin.py:151} INFO - [2023-12-06T11:14:07.805+0000] {dagbag.py:539} INFO - Filling up the DagBag from /home/airflow/.local/lib/python3.8/site-packages/airflow/example_dags/example_branch_day_of_week_operator.py
[2023-12-06T11:14:07.811+0000] {processor.py:839} INFO - DAG(s) dict_keys(['example_weekday_branch_operator']) retrieved from /home/airflow/.local/lib/python3.8/site-packages/airflow/example_dags/example_branch_day_of_week_operator.py
[2023-12-06T11:14:07.825+0000] {logging_mixin.py:151} INFO - [2023-12-06T11:14:07.824+0000] {dag.py:2915} INFO - Sync 1 DAGs
[2023-12-06T11:14:07.837+0000] {logging_mixin.py:151} INFO - [2023-12-06T11:14:07.837+0000] {dag.py:3696} INFO - Setting next_dagrun for example_weekday_branch_operator to 2023-12-05T00:00:00+00:00, run_after=2023-12-06T00:00:00+00:00
[2023-12-06T11:14:07.847+0000] {processor.py:179} INFO - Processing /home/airflow/.local/lib/python3.8/site-packages/airflow/example_dags/example_branch_day_of_week_operator.py took 0.048 seconds
[2023-12-06T11:26:16.148+0000] {processor.py:157} INFO - Started process (PID=61150) to work on /home/airflow/.local/lib/python3.8/site-packages/airflow/example_dags/example_branch_day_of_week_operator.py
[2023-12-06T11:26:16.149+0000] {processor.py:829} INFO - Processing file /home/airflow/.local/lib/python3.8/site-packages/airflow/example_dags/example_branch_day_of_week_operator.py for tasks to queue
[2023-12-06T11:26:16.150+0000] {logging_mixin.py:151} INFO - [2023-12-06T11:26:16.150+0000] {dagbag.py:539} INFO - Filling up the DagBag from /home/airflow/.local/lib/python3.8/site-packages/airflow/example_dags/example_branch_day_of_week_operator.py
[2023-12-06T11:26:16.156+0000] {processor.py:839} INFO - DAG(s) dict_keys(['example_weekday_branch_operator']) retrieved from /home/airflow/.local/lib/python3.8/site-packages/airflow/example_dags/example_branch_day_of_week_operator.py
[2023-12-06T11:26:16.174+0000] {logging_mixin.py:151} INFO - [2023-12-06T11:26:16.174+0000] {dag.py:2915} INFO - Sync 1 DAGs
[2023-12-06T11:26:16.186+0000] {logging_mixin.py:151} INFO - [2023-12-06T11:26:16.186+0000] {dag.py:3696} INFO - Setting next_dagrun for example_weekday_branch_operator to 2023-12-05T00:00:00+00:00, run_after=2023-12-06T00:00:00+00:00
[2023-12-06T11:26:16.195+0000] {processor.py:179} INFO - Processing /home/airflow/.local/lib/python3.8/site-packages/airflow/example_dags/example_branch_day_of_week_operator.py took 0.050 seconds
[2023-12-06T12:27:11.462+0000] {processor.py:157} INFO - Started process (PID=61204) to work on /home/airflow/.local/lib/python3.8/site-packages/airflow/example_dags/example_branch_day_of_week_operator.py
[2023-12-06T12:27:11.463+0000] {processor.py:829} INFO - Processing file /home/airflow/.local/lib/python3.8/site-packages/airflow/example_dags/example_branch_day_of_week_operator.py for tasks to queue
[2023-12-06T12:27:11.464+0000] {logging_mixin.py:151} INFO - [2023-12-06T12:27:11.464+0000] {dagbag.py:539} INFO - Filling up the DagBag from /home/airflow/.local/lib/python3.8/site-packages/airflow/example_dags/example_branch_day_of_week_operator.py
[2023-12-06T12:27:11.469+0000] {processor.py:839} INFO - DAG(s) dict_keys(['example_weekday_branch_operator']) retrieved from /home/airflow/.local/lib/python3.8/site-packages/airflow/example_dags/example_branch_day_of_week_operator.py
[2023-12-06T12:27:11.482+0000] {logging_mixin.py:151} INFO - [2023-12-06T12:27:11.482+0000] {dag.py:2915} INFO - Sync 1 DAGs
[2023-12-06T12:27:11.494+0000] {logging_mixin.py:151} INFO - [2023-12-06T12:27:11.494+0000] {dag.py:3696} INFO - Setting next_dagrun for example_weekday_branch_operator to 2023-12-05T00:00:00+00:00, run_after=2023-12-06T00:00:00+00:00
[2023-12-06T12:27:11.503+0000] {processor.py:179} INFO - Processing /home/airflow/.local/lib/python3.8/site-packages/airflow/example_dags/example_branch_day_of_week_operator.py took 0.044 seconds
[2023-12-06T12:35:57.381+0000] {processor.py:157} INFO - Started process (PID=61258) to work on /home/airflow/.local/lib/python3.8/site-packages/airflow/example_dags/example_branch_day_of_week_operator.py
[2023-12-06T12:35:57.383+0000] {processor.py:829} INFO - Processing file /home/airflow/.local/lib/python3.8/site-packages/airflow/example_dags/example_branch_day_of_week_operator.py for tasks to queue
[2023-12-06T12:35:57.385+0000] {logging_mixin.py:151} INFO - [2023-12-06T12:35:57.385+0000] {dagbag.py:539} INFO - Filling up the DagBag from /home/airflow/.local/lib/python3.8/site-packages/airflow/example_dags/example_branch_day_of_week_operator.py
[2023-12-06T12:35:57.391+0000] {processor.py:839} INFO - DAG(s) dict_keys(['example_weekday_branch_operator']) retrieved from /home/airflow/.local/lib/python3.8/site-packages/airflow/example_dags/example_branch_day_of_week_operator.py
[2023-12-06T12:35:57.407+0000] {logging_mixin.py:151} INFO - [2023-12-06T12:35:57.407+0000] {dag.py:2915} INFO - Sync 1 DAGs
[2023-12-06T12:35:57.421+0000] {logging_mixin.py:151} INFO - [2023-12-06T12:35:57.421+0000] {dag.py:3696} INFO - Setting next_dagrun for example_weekday_branch_operator to 2023-12-05T00:00:00+00:00, run_after=2023-12-06T00:00:00+00:00
[2023-12-06T12:35:57.430+0000] {processor.py:179} INFO - Processing /home/airflow/.local/lib/python3.8/site-packages/airflow/example_dags/example_branch_day_of_week_operator.py took 0.053 seconds
[2023-12-06T12:40:02.917+0000] {processor.py:157} INFO - Started process (PID=61311) to work on /home/airflow/.local/lib/python3.8/site-packages/airflow/example_dags/example_branch_day_of_week_operator.py
[2023-12-06T12:40:02.918+0000] {processor.py:829} INFO - Processing file /home/airflow/.local/lib/python3.8/site-packages/airflow/example_dags/example_branch_day_of_week_operator.py for tasks to queue
[2023-12-06T12:40:02.924+0000] {logging_mixin.py:151} INFO - [2023-12-06T12:40:02.924+0000] {dagbag.py:539} INFO - Filling up the DagBag from /home/airflow/.local/lib/python3.8/site-packages/airflow/example_dags/example_branch_day_of_week_operator.py
[2023-12-06T12:40:02.940+0000] {processor.py:839} INFO - DAG(s) dict_keys(['example_weekday_branch_operator']) retrieved from /home/airflow/.local/lib/python3.8/site-packages/airflow/example_dags/example_branch_day_of_week_operator.py
[2023-12-06T12:40:02.972+0000] {logging_mixin.py:151} INFO - [2023-12-06T12:40:02.972+0000] {dag.py:2915} INFO - Sync 1 DAGs
[2023-12-06T12:40:02.997+0000] {logging_mixin.py:151} INFO - [2023-12-06T12:40:02.997+0000] {dag.py:3696} INFO - Setting next_dagrun for example_weekday_branch_operator to 2023-12-05T00:00:00+00:00, run_after=2023-12-06T00:00:00+00:00
[2023-12-06T12:40:03.019+0000] {processor.py:179} INFO - Processing /home/airflow/.local/lib/python3.8/site-packages/airflow/example_dags/example_branch_day_of_week_operator.py took 0.105 seconds
[2023-12-06T12:40:36.550+0000] {processor.py:157} INFO - Started process (PID=61365) to work on /home/airflow/.local/lib/python3.8/site-packages/airflow/example_dags/example_branch_day_of_week_operator.py
[2023-12-06T12:40:36.551+0000] {processor.py:829} INFO - Processing file /home/airflow/.local/lib/python3.8/site-packages/airflow/example_dags/example_branch_day_of_week_operator.py for tasks to queue
[2023-12-06T12:40:36.553+0000] {logging_mixin.py:151} INFO - [2023-12-06T12:40:36.552+0000] {dagbag.py:539} INFO - Filling up the DagBag from /home/airflow/.local/lib/python3.8/site-packages/airflow/example_dags/example_branch_day_of_week_operator.py
[2023-12-06T12:40:36.558+0000] {processor.py:839} INFO - DAG(s) dict_keys(['example_weekday_branch_operator']) retrieved from /home/airflow/.local/lib/python3.8/site-packages/airflow/example_dags/example_branch_day_of_week_operator.py
[2023-12-06T12:40:36.570+0000] {logging_mixin.py:151} INFO - [2023-12-06T12:40:36.570+0000] {dag.py:2915} INFO - Sync 1 DAGs
[2023-12-06T12:40:36.582+0000] {logging_mixin.py:151} INFO - [2023-12-06T12:40:36.582+0000] {dag.py:3696} INFO - Setting next_dagrun for example_weekday_branch_operator to 2023-12-05T00:00:00+00:00, run_after=2023-12-06T00:00:00+00:00
[2023-12-06T12:40:36.591+0000] {processor.py:179} INFO - Processing /home/airflow/.local/lib/python3.8/site-packages/airflow/example_dags/example_branch_day_of_week_operator.py took 0.043 seconds
[2023-12-06T12:43:30.995+0000] {processor.py:157} INFO - Started process (PID=61419) to work on /home/airflow/.local/lib/python3.8/site-packages/airflow/example_dags/example_branch_day_of_week_operator.py
[2023-12-06T12:43:30.996+0000] {processor.py:829} INFO - Processing file /home/airflow/.local/lib/python3.8/site-packages/airflow/example_dags/example_branch_day_of_week_operator.py for tasks to queue
[2023-12-06T12:43:30.998+0000] {logging_mixin.py:151} INFO - [2023-12-06T12:43:30.998+0000] {dagbag.py:539} INFO - Filling up the DagBag from /home/airflow/.local/lib/python3.8/site-packages/airflow/example_dags/example_branch_day_of_week_operator.py
[2023-12-06T12:43:31.003+0000] {processor.py:839} INFO - DAG(s) dict_keys(['example_weekday_branch_operator']) retrieved from /home/airflow/.local/lib/python3.8/site-packages/airflow/example_dags/example_branch_day_of_week_operator.py
[2023-12-06T12:43:31.016+0000] {logging_mixin.py:151} INFO - [2023-12-06T12:43:31.015+0000] {dag.py:2915} INFO - Sync 1 DAGs
[2023-12-06T12:43:31.027+0000] {logging_mixin.py:151} INFO - [2023-12-06T12:43:31.027+0000] {dag.py:3696} INFO - Setting next_dagrun for example_weekday_branch_operator to 2023-12-05T00:00:00+00:00, run_after=2023-12-06T00:00:00+00:00
[2023-12-06T12:43:31.035+0000] {processor.py:179} INFO - Processing /home/airflow/.local/lib/python3.8/site-packages/airflow/example_dags/example_branch_day_of_week_operator.py took 0.042 seconds
[2023-12-06T13:11:34.393+0000] {processor.py:157} INFO - Started process (PID=61473) to work on /home/airflow/.local/lib/python3.8/site-packages/airflow/example_dags/example_branch_day_of_week_operator.py
[2023-12-06T13:11:34.394+0000] {processor.py:829} INFO - Processing file /home/airflow/.local/lib/python3.8/site-packages/airflow/example_dags/example_branch_day_of_week_operator.py for tasks to queue
[2023-12-06T13:11:34.395+0000] {logging_mixin.py:151} INFO - [2023-12-06T13:11:34.395+0000] {dagbag.py:539} INFO - Filling up the DagBag from /home/airflow/.local/lib/python3.8/site-packages/airflow/example_dags/example_branch_day_of_week_operator.py
[2023-12-06T13:11:34.401+0000] {processor.py:839} INFO - DAG(s) dict_keys(['example_weekday_branch_operator']) retrieved from /home/airflow/.local/lib/python3.8/site-packages/airflow/example_dags/example_branch_day_of_week_operator.py
[2023-12-06T13:11:34.414+0000] {logging_mixin.py:151} INFO - [2023-12-06T13:11:34.414+0000] {dag.py:2915} INFO - Sync 1 DAGs
[2023-12-06T13:11:34.427+0000] {logging_mixin.py:151} INFO - [2023-12-06T13:11:34.427+0000] {dag.py:3696} INFO - Setting next_dagrun for example_weekday_branch_operator to 2023-12-05T00:00:00+00:00, run_after=2023-12-06T00:00:00+00:00
[2023-12-06T13:11:34.438+0000] {processor.py:179} INFO - Processing /home/airflow/.local/lib/python3.8/site-packages/airflow/example_dags/example_branch_day_of_week_operator.py took 0.047 seconds
[2023-12-06T13:44:33.646+0000] {processor.py:157} INFO - Started process (PID=61527) to work on /home/airflow/.local/lib/python3.8/site-packages/airflow/example_dags/example_branch_day_of_week_operator.py
[2023-12-06T13:44:33.646+0000] {processor.py:829} INFO - Processing file /home/airflow/.local/lib/python3.8/site-packages/airflow/example_dags/example_branch_day_of_week_operator.py for tasks to queue
[2023-12-06T13:44:33.648+0000] {logging_mixin.py:151} INFO - [2023-12-06T13:44:33.648+0000] {dagbag.py:539} INFO - Filling up the DagBag from /home/airflow/.local/lib/python3.8/site-packages/airflow/example_dags/example_branch_day_of_week_operator.py
[2023-12-06T13:44:33.653+0000] {processor.py:839} INFO - DAG(s) dict_keys(['example_weekday_branch_operator']) retrieved from /home/airflow/.local/lib/python3.8/site-packages/airflow/example_dags/example_branch_day_of_week_operator.py
[2023-12-06T13:44:33.665+0000] {logging_mixin.py:151} INFO - [2023-12-06T13:44:33.665+0000] {dag.py:2915} INFO - Sync 1 DAGs
[2023-12-06T13:44:33.676+0000] {logging_mixin.py:151} INFO - [2023-12-06T13:44:33.676+0000] {dag.py:3696} INFO - Setting next_dagrun for example_weekday_branch_operator to 2023-12-05T00:00:00+00:00, run_after=2023-12-06T00:00:00+00:00
[2023-12-06T13:44:33.684+0000] {processor.py:179} INFO - Processing /home/airflow/.local/lib/python3.8/site-packages/airflow/example_dags/example_branch_day_of_week_operator.py took 0.040 seconds
[2023-12-06T14:08:22.229+0000] {processor.py:157} INFO - Started process (PID=61581) to work on /home/airflow/.local/lib/python3.8/site-packages/airflow/example_dags/example_branch_day_of_week_operator.py
[2023-12-06T14:08:22.230+0000] {processor.py:829} INFO - Processing file /home/airflow/.local/lib/python3.8/site-packages/airflow/example_dags/example_branch_day_of_week_operator.py for tasks to queue
[2023-12-06T14:08:22.232+0000] {logging_mixin.py:151} INFO - [2023-12-06T14:08:22.232+0000] {dagbag.py:539} INFO - Filling up the DagBag from /home/airflow/.local/lib/python3.8/site-packages/airflow/example_dags/example_branch_day_of_week_operator.py
[2023-12-06T14:08:22.239+0000] {processor.py:839} INFO - DAG(s) dict_keys(['example_weekday_branch_operator']) retrieved from /home/airflow/.local/lib/python3.8/site-packages/airflow/example_dags/example_branch_day_of_week_operator.py
[2023-12-06T14:08:22.254+0000] {logging_mixin.py:151} INFO - [2023-12-06T14:08:22.254+0000] {dag.py:2915} INFO - Sync 1 DAGs
[2023-12-06T14:08:22.267+0000] {logging_mixin.py:151} INFO - [2023-12-06T14:08:22.267+0000] {dag.py:3696} INFO - Setting next_dagrun for example_weekday_branch_operator to 2023-12-05T00:00:00+00:00, run_after=2023-12-06T00:00:00+00:00
[2023-12-06T14:08:22.277+0000] {processor.py:179} INFO - Processing /home/airflow/.local/lib/python3.8/site-packages/airflow/example_dags/example_branch_day_of_week_operator.py took 0.053 seconds
[2023-12-06T14:24:40.925+0000] {processor.py:157} INFO - Started process (PID=61642) to work on /home/airflow/.local/lib/python3.8/site-packages/airflow/example_dags/example_branch_day_of_week_operator.py
[2023-12-06T14:24:40.926+0000] {processor.py:829} INFO - Processing file /home/airflow/.local/lib/python3.8/site-packages/airflow/example_dags/example_branch_day_of_week_operator.py for tasks to queue
[2023-12-06T14:24:40.928+0000] {logging_mixin.py:151} INFO - [2023-12-06T14:24:40.927+0000] {dagbag.py:539} INFO - Filling up the DagBag from /home/airflow/.local/lib/python3.8/site-packages/airflow/example_dags/example_branch_day_of_week_operator.py
[2023-12-06T14:24:40.937+0000] {processor.py:839} INFO - DAG(s) dict_keys(['example_weekday_branch_operator']) retrieved from /home/airflow/.local/lib/python3.8/site-packages/airflow/example_dags/example_branch_day_of_week_operator.py
[2023-12-06T14:24:40.957+0000] {logging_mixin.py:151} INFO - [2023-12-06T14:24:40.957+0000] {dag.py:2915} INFO - Sync 1 DAGs
[2023-12-06T14:24:40.978+0000] {logging_mixin.py:151} INFO - [2023-12-06T14:24:40.978+0000] {dag.py:3696} INFO - Setting next_dagrun for example_weekday_branch_operator to 2023-12-05T00:00:00+00:00, run_after=2023-12-06T00:00:00+00:00
[2023-12-06T14:24:40.999+0000] {processor.py:179} INFO - Processing /home/airflow/.local/lib/python3.8/site-packages/airflow/example_dags/example_branch_day_of_week_operator.py took 0.077 seconds
[2023-12-06T14:25:11.636+0000] {processor.py:157} INFO - Started process (PID=61696) to work on /home/airflow/.local/lib/python3.8/site-packages/airflow/example_dags/example_branch_day_of_week_operator.py
[2023-12-06T14:25:11.637+0000] {processor.py:829} INFO - Processing file /home/airflow/.local/lib/python3.8/site-packages/airflow/example_dags/example_branch_day_of_week_operator.py for tasks to queue
[2023-12-06T14:25:11.639+0000] {logging_mixin.py:151} INFO - [2023-12-06T14:25:11.639+0000] {dagbag.py:539} INFO - Filling up the DagBag from /home/airflow/.local/lib/python3.8/site-packages/airflow/example_dags/example_branch_day_of_week_operator.py
[2023-12-06T14:25:11.644+0000] {processor.py:839} INFO - DAG(s) dict_keys(['example_weekday_branch_operator']) retrieved from /home/airflow/.local/lib/python3.8/site-packages/airflow/example_dags/example_branch_day_of_week_operator.py
[2023-12-06T14:25:11.658+0000] {logging_mixin.py:151} INFO - [2023-12-06T14:25:11.658+0000] {dag.py:2915} INFO - Sync 1 DAGs
[2023-12-06T14:25:11.671+0000] {logging_mixin.py:151} INFO - [2023-12-06T14:25:11.671+0000] {dag.py:3696} INFO - Setting next_dagrun for example_weekday_branch_operator to 2023-12-05T00:00:00+00:00, run_after=2023-12-06T00:00:00+00:00
[2023-12-06T14:25:11.682+0000] {processor.py:179} INFO - Processing /home/airflow/.local/lib/python3.8/site-packages/airflow/example_dags/example_branch_day_of_week_operator.py took 0.048 seconds
[2023-12-06T14:25:42.821+0000] {processor.py:157} INFO - Started process (PID=61750) to work on /home/airflow/.local/lib/python3.8/site-packages/airflow/example_dags/example_branch_day_of_week_operator.py
[2023-12-06T14:25:42.822+0000] {processor.py:829} INFO - Processing file /home/airflow/.local/lib/python3.8/site-packages/airflow/example_dags/example_branch_day_of_week_operator.py for tasks to queue
[2023-12-06T14:25:42.823+0000] {logging_mixin.py:151} INFO - [2023-12-06T14:25:42.823+0000] {dagbag.py:539} INFO - Filling up the DagBag from /home/airflow/.local/lib/python3.8/site-packages/airflow/example_dags/example_branch_day_of_week_operator.py
[2023-12-06T14:25:42.829+0000] {processor.py:839} INFO - DAG(s) dict_keys(['example_weekday_branch_operator']) retrieved from /home/airflow/.local/lib/python3.8/site-packages/airflow/example_dags/example_branch_day_of_week_operator.py
[2023-12-06T14:25:42.843+0000] {logging_mixin.py:151} INFO - [2023-12-06T14:25:42.843+0000] {dag.py:2915} INFO - Sync 1 DAGs
[2023-12-06T14:25:42.858+0000] {logging_mixin.py:151} INFO - [2023-12-06T14:25:42.858+0000] {dag.py:3696} INFO - Setting next_dagrun for example_weekday_branch_operator to 2023-12-05T00:00:00+00:00, run_after=2023-12-06T00:00:00+00:00
[2023-12-06T14:25:42.867+0000] {processor.py:179} INFO - Processing /home/airflow/.local/lib/python3.8/site-packages/airflow/example_dags/example_branch_day_of_week_operator.py took 0.049 seconds
[2023-12-06T14:26:13.992+0000] {processor.py:157} INFO - Started process (PID=61804) to work on /home/airflow/.local/lib/python3.8/site-packages/airflow/example_dags/example_branch_day_of_week_operator.py
[2023-12-06T14:26:13.996+0000] {processor.py:829} INFO - Processing file /home/airflow/.local/lib/python3.8/site-packages/airflow/example_dags/example_branch_day_of_week_operator.py for tasks to queue
[2023-12-06T14:26:14.000+0000] {logging_mixin.py:151} INFO - [2023-12-06T14:26:14.000+0000] {dagbag.py:539} INFO - Filling up the DagBag from /home/airflow/.local/lib/python3.8/site-packages/airflow/example_dags/example_branch_day_of_week_operator.py
[2023-12-06T14:26:14.012+0000] {processor.py:839} INFO - DAG(s) dict_keys(['example_weekday_branch_operator']) retrieved from /home/airflow/.local/lib/python3.8/site-packages/airflow/example_dags/example_branch_day_of_week_operator.py
[2023-12-06T14:26:14.030+0000] {logging_mixin.py:151} INFO - [2023-12-06T14:26:14.030+0000] {dag.py:2915} INFO - Sync 1 DAGs
[2023-12-06T14:26:14.045+0000] {logging_mixin.py:151} INFO - [2023-12-06T14:26:14.044+0000] {dag.py:3696} INFO - Setting next_dagrun for example_weekday_branch_operator to 2023-12-05T00:00:00+00:00, run_after=2023-12-06T00:00:00+00:00
[2023-12-06T14:26:14.054+0000] {processor.py:179} INFO - Processing /home/airflow/.local/lib/python3.8/site-packages/airflow/example_dags/example_branch_day_of_week_operator.py took 0.067 seconds
[2023-12-06T14:26:44.127+0000] {processor.py:157} INFO - Started process (PID=61858) to work on /home/airflow/.local/lib/python3.8/site-packages/airflow/example_dags/example_branch_day_of_week_operator.py
[2023-12-06T14:26:44.128+0000] {processor.py:829} INFO - Processing file /home/airflow/.local/lib/python3.8/site-packages/airflow/example_dags/example_branch_day_of_week_operator.py for tasks to queue
[2023-12-06T14:26:44.129+0000] {logging_mixin.py:151} INFO - [2023-12-06T14:26:44.129+0000] {dagbag.py:539} INFO - Filling up the DagBag from /home/airflow/.local/lib/python3.8/site-packages/airflow/example_dags/example_branch_day_of_week_operator.py
[2023-12-06T14:26:44.135+0000] {processor.py:839} INFO - DAG(s) dict_keys(['example_weekday_branch_operator']) retrieved from /home/airflow/.local/lib/python3.8/site-packages/airflow/example_dags/example_branch_day_of_week_operator.py
[2023-12-06T14:26:44.146+0000] {logging_mixin.py:151} INFO - [2023-12-06T14:26:44.146+0000] {dag.py:2915} INFO - Sync 1 DAGs
[2023-12-06T14:26:44.158+0000] {logging_mixin.py:151} INFO - [2023-12-06T14:26:44.158+0000] {dag.py:3696} INFO - Setting next_dagrun for example_weekday_branch_operator to 2023-12-05T00:00:00+00:00, run_after=2023-12-06T00:00:00+00:00
[2023-12-06T14:26:44.257+0000] {processor.py:179} INFO - Processing /home/airflow/.local/lib/python3.8/site-packages/airflow/example_dags/example_branch_day_of_week_operator.py took 0.132 seconds
[2023-12-06T14:27:14.468+0000] {processor.py:157} INFO - Started process (PID=61912) to work on /home/airflow/.local/lib/python3.8/site-packages/airflow/example_dags/example_branch_day_of_week_operator.py
[2023-12-06T14:27:14.468+0000] {processor.py:829} INFO - Processing file /home/airflow/.local/lib/python3.8/site-packages/airflow/example_dags/example_branch_day_of_week_operator.py for tasks to queue
[2023-12-06T14:27:14.470+0000] {logging_mixin.py:151} INFO - [2023-12-06T14:27:14.470+0000] {dagbag.py:539} INFO - Filling up the DagBag from /home/airflow/.local/lib/python3.8/site-packages/airflow/example_dags/example_branch_day_of_week_operator.py
[2023-12-06T14:27:14.475+0000] {processor.py:839} INFO - DAG(s) dict_keys(['example_weekday_branch_operator']) retrieved from /home/airflow/.local/lib/python3.8/site-packages/airflow/example_dags/example_branch_day_of_week_operator.py
[2023-12-06T14:27:14.487+0000] {logging_mixin.py:151} INFO - [2023-12-06T14:27:14.487+0000] {dag.py:2915} INFO - Sync 1 DAGs
[2023-12-06T14:27:14.499+0000] {logging_mixin.py:151} INFO - [2023-12-06T14:27:14.499+0000] {dag.py:3696} INFO - Setting next_dagrun for example_weekday_branch_operator to 2023-12-05T00:00:00+00:00, run_after=2023-12-06T00:00:00+00:00
[2023-12-06T14:27:14.509+0000] {processor.py:179} INFO - Processing /home/airflow/.local/lib/python3.8/site-packages/airflow/example_dags/example_branch_day_of_week_operator.py took 0.044 seconds
[2023-12-06T14:27:45.395+0000] {processor.py:157} INFO - Started process (PID=61966) to work on /home/airflow/.local/lib/python3.8/site-packages/airflow/example_dags/example_branch_day_of_week_operator.py
[2023-12-06T14:27:45.396+0000] {processor.py:829} INFO - Processing file /home/airflow/.local/lib/python3.8/site-packages/airflow/example_dags/example_branch_day_of_week_operator.py for tasks to queue
[2023-12-06T14:27:45.398+0000] {logging_mixin.py:151} INFO - [2023-12-06T14:27:45.397+0000] {dagbag.py:539} INFO - Filling up the DagBag from /home/airflow/.local/lib/python3.8/site-packages/airflow/example_dags/example_branch_day_of_week_operator.py
[2023-12-06T14:27:45.403+0000] {processor.py:839} INFO - DAG(s) dict_keys(['example_weekday_branch_operator']) retrieved from /home/airflow/.local/lib/python3.8/site-packages/airflow/example_dags/example_branch_day_of_week_operator.py
[2023-12-06T14:27:45.417+0000] {logging_mixin.py:151} INFO - [2023-12-06T14:27:45.417+0000] {dag.py:2915} INFO - Sync 1 DAGs
[2023-12-06T14:27:45.431+0000] {logging_mixin.py:151} INFO - [2023-12-06T14:27:45.431+0000] {dag.py:3696} INFO - Setting next_dagrun for example_weekday_branch_operator to 2023-12-05T00:00:00+00:00, run_after=2023-12-06T00:00:00+00:00
[2023-12-06T14:27:45.444+0000] {processor.py:179} INFO - Processing /home/airflow/.local/lib/python3.8/site-packages/airflow/example_dags/example_branch_day_of_week_operator.py took 0.052 seconds
[2023-12-06T14:28:23.295+0000] {processor.py:157} INFO - Started process (PID=62020) to work on /home/airflow/.local/lib/python3.8/site-packages/airflow/example_dags/example_branch_day_of_week_operator.py
[2023-12-06T14:28:23.298+0000] {processor.py:829} INFO - Processing file /home/airflow/.local/lib/python3.8/site-packages/airflow/example_dags/example_branch_day_of_week_operator.py for tasks to queue
[2023-12-06T14:28:23.305+0000] {logging_mixin.py:151} INFO - [2023-12-06T14:28:23.304+0000] {dagbag.py:539} INFO - Filling up the DagBag from /home/airflow/.local/lib/python3.8/site-packages/airflow/example_dags/example_branch_day_of_week_operator.py
[2023-12-06T14:28:23.350+0000] {processor.py:839} INFO - DAG(s) dict_keys(['example_weekday_branch_operator']) retrieved from /home/airflow/.local/lib/python3.8/site-packages/airflow/example_dags/example_branch_day_of_week_operator.py
[2023-12-06T14:28:23.514+0000] {logging_mixin.py:151} INFO - [2023-12-06T14:28:23.514+0000] {dag.py:2915} INFO - Sync 1 DAGs
[2023-12-06T14:28:24.153+0000] {logging_mixin.py:151} INFO - [2023-12-06T14:28:24.152+0000] {dag.py:3696} INFO - Setting next_dagrun for example_weekday_branch_operator to 2023-12-05T00:00:00+00:00, run_after=2023-12-06T00:00:00+00:00
[2023-12-06T14:28:24.185+0000] {processor.py:179} INFO - Processing /home/airflow/.local/lib/python3.8/site-packages/airflow/example_dags/example_branch_day_of_week_operator.py took 0.896 seconds
[2023-12-06T14:28:54.507+0000] {processor.py:157} INFO - Started process (PID=62074) to work on /home/airflow/.local/lib/python3.8/site-packages/airflow/example_dags/example_branch_day_of_week_operator.py
[2023-12-06T14:28:54.508+0000] {processor.py:829} INFO - Processing file /home/airflow/.local/lib/python3.8/site-packages/airflow/example_dags/example_branch_day_of_week_operator.py for tasks to queue
[2023-12-06T14:28:54.511+0000] {logging_mixin.py:151} INFO - [2023-12-06T14:28:54.510+0000] {dagbag.py:539} INFO - Filling up the DagBag from /home/airflow/.local/lib/python3.8/site-packages/airflow/example_dags/example_branch_day_of_week_operator.py
[2023-12-06T14:28:54.524+0000] {processor.py:839} INFO - DAG(s) dict_keys(['example_weekday_branch_operator']) retrieved from /home/airflow/.local/lib/python3.8/site-packages/airflow/example_dags/example_branch_day_of_week_operator.py
[2023-12-06T14:28:54.563+0000] {logging_mixin.py:151} INFO - [2023-12-06T14:28:54.562+0000] {dag.py:2915} INFO - Sync 1 DAGs
[2023-12-06T14:28:54.582+0000] {logging_mixin.py:151} INFO - [2023-12-06T14:28:54.582+0000] {dag.py:3696} INFO - Setting next_dagrun for example_weekday_branch_operator to 2023-12-05T00:00:00+00:00, run_after=2023-12-06T00:00:00+00:00
[2023-12-06T14:28:54.960+0000] {processor.py:179} INFO - Processing /home/airflow/.local/lib/python3.8/site-packages/airflow/example_dags/example_branch_day_of_week_operator.py took 0.458 seconds
[2023-12-06T14:29:25.819+0000] {processor.py:157} INFO - Started process (PID=62128) to work on /home/airflow/.local/lib/python3.8/site-packages/airflow/example_dags/example_branch_day_of_week_operator.py
[2023-12-06T14:29:25.820+0000] {processor.py:829} INFO - Processing file /home/airflow/.local/lib/python3.8/site-packages/airflow/example_dags/example_branch_day_of_week_operator.py for tasks to queue
[2023-12-06T14:29:25.823+0000] {logging_mixin.py:151} INFO - [2023-12-06T14:29:25.822+0000] {dagbag.py:539} INFO - Filling up the DagBag from /home/airflow/.local/lib/python3.8/site-packages/airflow/example_dags/example_branch_day_of_week_operator.py
[2023-12-06T14:29:25.832+0000] {processor.py:839} INFO - DAG(s) dict_keys(['example_weekday_branch_operator']) retrieved from /home/airflow/.local/lib/python3.8/site-packages/airflow/example_dags/example_branch_day_of_week_operator.py
[2023-12-06T14:29:25.856+0000] {logging_mixin.py:151} INFO - [2023-12-06T14:29:25.855+0000] {dag.py:2915} INFO - Sync 1 DAGs
[2023-12-06T14:29:25.876+0000] {logging_mixin.py:151} INFO - [2023-12-06T14:29:25.876+0000] {dag.py:3696} INFO - Setting next_dagrun for example_weekday_branch_operator to 2023-12-05T00:00:00+00:00, run_after=2023-12-06T00:00:00+00:00
[2023-12-06T14:29:25.888+0000] {processor.py:179} INFO - Processing /home/airflow/.local/lib/python3.8/site-packages/airflow/example_dags/example_branch_day_of_week_operator.py took 0.073 seconds
[2023-12-06T14:29:56.077+0000] {processor.py:157} INFO - Started process (PID=62183) to work on /home/airflow/.local/lib/python3.8/site-packages/airflow/example_dags/example_branch_day_of_week_operator.py
[2023-12-06T14:29:56.082+0000] {processor.py:829} INFO - Processing file /home/airflow/.local/lib/python3.8/site-packages/airflow/example_dags/example_branch_day_of_week_operator.py for tasks to queue
[2023-12-06T14:29:56.098+0000] {logging_mixin.py:151} INFO - [2023-12-06T14:29:56.093+0000] {dagbag.py:539} INFO - Filling up the DagBag from /home/airflow/.local/lib/python3.8/site-packages/airflow/example_dags/example_branch_day_of_week_operator.py
[2023-12-06T14:29:56.129+0000] {processor.py:839} INFO - DAG(s) dict_keys(['example_weekday_branch_operator']) retrieved from /home/airflow/.local/lib/python3.8/site-packages/airflow/example_dags/example_branch_day_of_week_operator.py
[2023-12-06T14:29:56.205+0000] {logging_mixin.py:151} INFO - [2023-12-06T14:29:56.205+0000] {dag.py:2915} INFO - Sync 1 DAGs
[2023-12-06T14:29:56.274+0000] {logging_mixin.py:151} INFO - [2023-12-06T14:29:56.274+0000] {dag.py:3696} INFO - Setting next_dagrun for example_weekday_branch_operator to 2023-12-05T00:00:00+00:00, run_after=2023-12-06T00:00:00+00:00
[2023-12-06T14:29:56.294+0000] {processor.py:179} INFO - Processing /home/airflow/.local/lib/python3.8/site-packages/airflow/example_dags/example_branch_day_of_week_operator.py took 0.231 seconds
[2023-12-06T14:30:26.479+0000] {processor.py:157} INFO - Started process (PID=62237) to work on /home/airflow/.local/lib/python3.8/site-packages/airflow/example_dags/example_branch_day_of_week_operator.py
[2023-12-06T14:30:26.480+0000] {processor.py:829} INFO - Processing file /home/airflow/.local/lib/python3.8/site-packages/airflow/example_dags/example_branch_day_of_week_operator.py for tasks to queue
[2023-12-06T14:30:26.482+0000] {logging_mixin.py:151} INFO - [2023-12-06T14:30:26.482+0000] {dagbag.py:539} INFO - Filling up the DagBag from /home/airflow/.local/lib/python3.8/site-packages/airflow/example_dags/example_branch_day_of_week_operator.py
[2023-12-06T14:30:26.492+0000] {processor.py:839} INFO - DAG(s) dict_keys(['example_weekday_branch_operator']) retrieved from /home/airflow/.local/lib/python3.8/site-packages/airflow/example_dags/example_branch_day_of_week_operator.py
[2023-12-06T14:30:26.513+0000] {logging_mixin.py:151} INFO - [2023-12-06T14:30:26.512+0000] {dag.py:2915} INFO - Sync 1 DAGs
[2023-12-06T14:30:26.673+0000] {logging_mixin.py:151} INFO - [2023-12-06T14:30:26.673+0000] {dag.py:3696} INFO - Setting next_dagrun for example_weekday_branch_operator to 2023-12-05T00:00:00+00:00, run_after=2023-12-06T00:00:00+00:00
[2023-12-06T14:30:26.684+0000] {processor.py:179} INFO - Processing /home/airflow/.local/lib/python3.8/site-packages/airflow/example_dags/example_branch_day_of_week_operator.py took 0.209 seconds
[2023-12-06T14:30:57.224+0000] {processor.py:157} INFO - Started process (PID=62291) to work on /home/airflow/.local/lib/python3.8/site-packages/airflow/example_dags/example_branch_day_of_week_operator.py
[2023-12-06T14:30:57.226+0000] {processor.py:829} INFO - Processing file /home/airflow/.local/lib/python3.8/site-packages/airflow/example_dags/example_branch_day_of_week_operator.py for tasks to queue
[2023-12-06T14:30:57.230+0000] {logging_mixin.py:151} INFO - [2023-12-06T14:30:57.229+0000] {dagbag.py:539} INFO - Filling up the DagBag from /home/airflow/.local/lib/python3.8/site-packages/airflow/example_dags/example_branch_day_of_week_operator.py
[2023-12-06T14:30:57.254+0000] {processor.py:839} INFO - DAG(s) dict_keys(['example_weekday_branch_operator']) retrieved from /home/airflow/.local/lib/python3.8/site-packages/airflow/example_dags/example_branch_day_of_week_operator.py
[2023-12-06T14:30:57.274+0000] {logging_mixin.py:151} INFO - [2023-12-06T14:30:57.274+0000] {dag.py:2915} INFO - Sync 1 DAGs
[2023-12-06T14:30:57.318+0000] {logging_mixin.py:151} INFO - [2023-12-06T14:30:57.317+0000] {dag.py:3696} INFO - Setting next_dagrun for example_weekday_branch_operator to 2023-12-05T00:00:00+00:00, run_after=2023-12-06T00:00:00+00:00
[2023-12-06T14:30:57.338+0000] {processor.py:179} INFO - Processing /home/airflow/.local/lib/python3.8/site-packages/airflow/example_dags/example_branch_day_of_week_operator.py took 0.118 seconds
[2023-12-06T14:31:28.982+0000] {processor.py:157} INFO - Started process (PID=62344) to work on /home/airflow/.local/lib/python3.8/site-packages/airflow/example_dags/example_branch_day_of_week_operator.py
[2023-12-06T14:31:28.987+0000] {processor.py:829} INFO - Processing file /home/airflow/.local/lib/python3.8/site-packages/airflow/example_dags/example_branch_day_of_week_operator.py for tasks to queue
[2023-12-06T14:31:28.993+0000] {logging_mixin.py:151} INFO - [2023-12-06T14:31:28.992+0000] {dagbag.py:539} INFO - Filling up the DagBag from /home/airflow/.local/lib/python3.8/site-packages/airflow/example_dags/example_branch_day_of_week_operator.py
[2023-12-06T14:31:29.038+0000] {processor.py:839} INFO - DAG(s) dict_keys(['example_weekday_branch_operator']) retrieved from /home/airflow/.local/lib/python3.8/site-packages/airflow/example_dags/example_branch_day_of_week_operator.py
[2023-12-06T14:31:29.099+0000] {logging_mixin.py:151} INFO - [2023-12-06T14:31:29.099+0000] {dag.py:2915} INFO - Sync 1 DAGs
[2023-12-06T14:31:29.155+0000] {logging_mixin.py:151} INFO - [2023-12-06T14:31:29.154+0000] {dag.py:3696} INFO - Setting next_dagrun for example_weekday_branch_operator to 2023-12-05T00:00:00+00:00, run_after=2023-12-06T00:00:00+00:00
[2023-12-06T14:31:29.200+0000] {processor.py:179} INFO - Processing /home/airflow/.local/lib/python3.8/site-packages/airflow/example_dags/example_branch_day_of_week_operator.py took 0.248 seconds
[2023-12-06T14:31:59.727+0000] {processor.py:157} INFO - Started process (PID=62398) to work on /home/airflow/.local/lib/python3.8/site-packages/airflow/example_dags/example_branch_day_of_week_operator.py
[2023-12-06T14:31:59.729+0000] {processor.py:829} INFO - Processing file /home/airflow/.local/lib/python3.8/site-packages/airflow/example_dags/example_branch_day_of_week_operator.py for tasks to queue
[2023-12-06T14:31:59.730+0000] {logging_mixin.py:151} INFO - [2023-12-06T14:31:59.730+0000] {dagbag.py:539} INFO - Filling up the DagBag from /home/airflow/.local/lib/python3.8/site-packages/airflow/example_dags/example_branch_day_of_week_operator.py
[2023-12-06T14:31:59.737+0000] {processor.py:839} INFO - DAG(s) dict_keys(['example_weekday_branch_operator']) retrieved from /home/airflow/.local/lib/python3.8/site-packages/airflow/example_dags/example_branch_day_of_week_operator.py
[2023-12-06T14:31:59.754+0000] {logging_mixin.py:151} INFO - [2023-12-06T14:31:59.754+0000] {dag.py:2915} INFO - Sync 1 DAGs
[2023-12-06T14:31:59.769+0000] {logging_mixin.py:151} INFO - [2023-12-06T14:31:59.769+0000] {dag.py:3696} INFO - Setting next_dagrun for example_weekday_branch_operator to 2023-12-05T00:00:00+00:00, run_after=2023-12-06T00:00:00+00:00
[2023-12-06T14:31:59.783+0000] {processor.py:179} INFO - Processing /home/airflow/.local/lib/python3.8/site-packages/airflow/example_dags/example_branch_day_of_week_operator.py took 0.058 seconds
[2023-12-06T14:32:29.838+0000] {processor.py:157} INFO - Started process (PID=62452) to work on /home/airflow/.local/lib/python3.8/site-packages/airflow/example_dags/example_branch_day_of_week_operator.py
[2023-12-06T14:32:29.842+0000] {processor.py:829} INFO - Processing file /home/airflow/.local/lib/python3.8/site-packages/airflow/example_dags/example_branch_day_of_week_operator.py for tasks to queue
[2023-12-06T14:32:29.848+0000] {logging_mixin.py:151} INFO - [2023-12-06T14:32:29.848+0000] {dagbag.py:539} INFO - Filling up the DagBag from /home/airflow/.local/lib/python3.8/site-packages/airflow/example_dags/example_branch_day_of_week_operator.py
[2023-12-06T14:32:29.861+0000] {processor.py:839} INFO - DAG(s) dict_keys(['example_weekday_branch_operator']) retrieved from /home/airflow/.local/lib/python3.8/site-packages/airflow/example_dags/example_branch_day_of_week_operator.py
[2023-12-06T14:32:29.884+0000] {logging_mixin.py:151} INFO - [2023-12-06T14:32:29.884+0000] {dag.py:2915} INFO - Sync 1 DAGs
[2023-12-06T14:32:29.899+0000] {logging_mixin.py:151} INFO - [2023-12-06T14:32:29.899+0000] {dag.py:3696} INFO - Setting next_dagrun for example_weekday_branch_operator to 2023-12-05T00:00:00+00:00, run_after=2023-12-06T00:00:00+00:00
[2023-12-06T14:32:29.911+0000] {processor.py:179} INFO - Processing /home/airflow/.local/lib/python3.8/site-packages/airflow/example_dags/example_branch_day_of_week_operator.py took 0.088 seconds
[2023-12-06T14:33:00.156+0000] {processor.py:157} INFO - Started process (PID=62506) to work on /home/airflow/.local/lib/python3.8/site-packages/airflow/example_dags/example_branch_day_of_week_operator.py
[2023-12-06T14:33:00.158+0000] {processor.py:829} INFO - Processing file /home/airflow/.local/lib/python3.8/site-packages/airflow/example_dags/example_branch_day_of_week_operator.py for tasks to queue
[2023-12-06T14:33:00.166+0000] {logging_mixin.py:151} INFO - [2023-12-06T14:33:00.165+0000] {dagbag.py:539} INFO - Filling up the DagBag from /home/airflow/.local/lib/python3.8/site-packages/airflow/example_dags/example_branch_day_of_week_operator.py
[2023-12-06T14:33:00.188+0000] {processor.py:839} INFO - DAG(s) dict_keys(['example_weekday_branch_operator']) retrieved from /home/airflow/.local/lib/python3.8/site-packages/airflow/example_dags/example_branch_day_of_week_operator.py
[2023-12-06T14:33:00.236+0000] {logging_mixin.py:151} INFO - [2023-12-06T14:33:00.236+0000] {dag.py:2915} INFO - Sync 1 DAGs
[2023-12-06T14:33:00.271+0000] {logging_mixin.py:151} INFO - [2023-12-06T14:33:00.271+0000] {dag.py:3696} INFO - Setting next_dagrun for example_weekday_branch_operator to 2023-12-05T00:00:00+00:00, run_after=2023-12-06T00:00:00+00:00
[2023-12-06T14:33:00.294+0000] {processor.py:179} INFO - Processing /home/airflow/.local/lib/python3.8/site-packages/airflow/example_dags/example_branch_day_of_week_operator.py took 0.142 seconds
[2023-12-06T14:33:30.766+0000] {processor.py:157} INFO - Started process (PID=62560) to work on /home/airflow/.local/lib/python3.8/site-packages/airflow/example_dags/example_branch_day_of_week_operator.py
[2023-12-06T14:33:30.767+0000] {processor.py:829} INFO - Processing file /home/airflow/.local/lib/python3.8/site-packages/airflow/example_dags/example_branch_day_of_week_operator.py for tasks to queue
[2023-12-06T14:33:30.769+0000] {logging_mixin.py:151} INFO - [2023-12-06T14:33:30.769+0000] {dagbag.py:539} INFO - Filling up the DagBag from /home/airflow/.local/lib/python3.8/site-packages/airflow/example_dags/example_branch_day_of_week_operator.py
[2023-12-06T14:33:30.776+0000] {processor.py:839} INFO - DAG(s) dict_keys(['example_weekday_branch_operator']) retrieved from /home/airflow/.local/lib/python3.8/site-packages/airflow/example_dags/example_branch_day_of_week_operator.py
[2023-12-06T14:33:30.799+0000] {logging_mixin.py:151} INFO - [2023-12-06T14:33:30.799+0000] {dag.py:2915} INFO - Sync 1 DAGs
[2023-12-06T14:33:30.814+0000] {logging_mixin.py:151} INFO - [2023-12-06T14:33:30.814+0000] {dag.py:3696} INFO - Setting next_dagrun for example_weekday_branch_operator to 2023-12-05T00:00:00+00:00, run_after=2023-12-06T00:00:00+00:00
[2023-12-06T14:33:30.826+0000] {processor.py:179} INFO - Processing /home/airflow/.local/lib/python3.8/site-packages/airflow/example_dags/example_branch_day_of_week_operator.py took 0.063 seconds
[2023-12-06T14:34:01.931+0000] {processor.py:157} INFO - Started process (PID=62614) to work on /home/airflow/.local/lib/python3.8/site-packages/airflow/example_dags/example_branch_day_of_week_operator.py
[2023-12-06T14:34:01.932+0000] {processor.py:829} INFO - Processing file /home/airflow/.local/lib/python3.8/site-packages/airflow/example_dags/example_branch_day_of_week_operator.py for tasks to queue
[2023-12-06T14:34:01.934+0000] {logging_mixin.py:151} INFO - [2023-12-06T14:34:01.934+0000] {dagbag.py:539} INFO - Filling up the DagBag from /home/airflow/.local/lib/python3.8/site-packages/airflow/example_dags/example_branch_day_of_week_operator.py
[2023-12-06T14:34:01.940+0000] {processor.py:839} INFO - DAG(s) dict_keys(['example_weekday_branch_operator']) retrieved from /home/airflow/.local/lib/python3.8/site-packages/airflow/example_dags/example_branch_day_of_week_operator.py
[2023-12-06T14:34:01.958+0000] {logging_mixin.py:151} INFO - [2023-12-06T14:34:01.957+0000] {dag.py:2915} INFO - Sync 1 DAGs
[2023-12-06T14:34:01.976+0000] {logging_mixin.py:151} INFO - [2023-12-06T14:34:01.976+0000] {dag.py:3696} INFO - Setting next_dagrun for example_weekday_branch_operator to 2023-12-05T00:00:00+00:00, run_after=2023-12-06T00:00:00+00:00
[2023-12-06T14:34:01.988+0000] {processor.py:179} INFO - Processing /home/airflow/.local/lib/python3.8/site-packages/airflow/example_dags/example_branch_day_of_week_operator.py took 0.060 seconds
[2023-12-06T14:34:32.560+0000] {processor.py:157} INFO - Started process (PID=62668) to work on /home/airflow/.local/lib/python3.8/site-packages/airflow/example_dags/example_branch_day_of_week_operator.py
[2023-12-06T14:34:32.561+0000] {processor.py:829} INFO - Processing file /home/airflow/.local/lib/python3.8/site-packages/airflow/example_dags/example_branch_day_of_week_operator.py for tasks to queue
[2023-12-06T14:34:32.563+0000] {logging_mixin.py:151} INFO - [2023-12-06T14:34:32.563+0000] {dagbag.py:539} INFO - Filling up the DagBag from /home/airflow/.local/lib/python3.8/site-packages/airflow/example_dags/example_branch_day_of_week_operator.py
[2023-12-06T14:34:32.568+0000] {processor.py:839} INFO - DAG(s) dict_keys(['example_weekday_branch_operator']) retrieved from /home/airflow/.local/lib/python3.8/site-packages/airflow/example_dags/example_branch_day_of_week_operator.py
[2023-12-06T14:34:32.584+0000] {logging_mixin.py:151} INFO - [2023-12-06T14:34:32.584+0000] {dag.py:2915} INFO - Sync 1 DAGs
[2023-12-06T14:34:32.605+0000] {logging_mixin.py:151} INFO - [2023-12-06T14:34:32.605+0000] {dag.py:3696} INFO - Setting next_dagrun for example_weekday_branch_operator to 2023-12-05T00:00:00+00:00, run_after=2023-12-06T00:00:00+00:00
[2023-12-06T14:34:32.616+0000] {processor.py:179} INFO - Processing /home/airflow/.local/lib/python3.8/site-packages/airflow/example_dags/example_branch_day_of_week_operator.py took 0.058 seconds
[2023-12-06T14:35:03.645+0000] {processor.py:157} INFO - Started process (PID=62722) to work on /home/airflow/.local/lib/python3.8/site-packages/airflow/example_dags/example_branch_day_of_week_operator.py
[2023-12-06T14:35:03.646+0000] {processor.py:829} INFO - Processing file /home/airflow/.local/lib/python3.8/site-packages/airflow/example_dags/example_branch_day_of_week_operator.py for tasks to queue
[2023-12-06T14:35:03.648+0000] {logging_mixin.py:151} INFO - [2023-12-06T14:35:03.647+0000] {dagbag.py:539} INFO - Filling up the DagBag from /home/airflow/.local/lib/python3.8/site-packages/airflow/example_dags/example_branch_day_of_week_operator.py
[2023-12-06T14:35:03.653+0000] {processor.py:839} INFO - DAG(s) dict_keys(['example_weekday_branch_operator']) retrieved from /home/airflow/.local/lib/python3.8/site-packages/airflow/example_dags/example_branch_day_of_week_operator.py
[2023-12-06T14:35:03.667+0000] {logging_mixin.py:151} INFO - [2023-12-06T14:35:03.667+0000] {dag.py:2915} INFO - Sync 1 DAGs
[2023-12-06T14:35:03.681+0000] {logging_mixin.py:151} INFO - [2023-12-06T14:35:03.681+0000] {dag.py:3696} INFO - Setting next_dagrun for example_weekday_branch_operator to 2023-12-05T00:00:00+00:00, run_after=2023-12-06T00:00:00+00:00
[2023-12-06T14:35:03.691+0000] {processor.py:179} INFO - Processing /home/airflow/.local/lib/python3.8/site-packages/airflow/example_dags/example_branch_day_of_week_operator.py took 0.048 seconds
[2023-12-06T14:35:33.960+0000] {processor.py:157} INFO - Started process (PID=62776) to work on /home/airflow/.local/lib/python3.8/site-packages/airflow/example_dags/example_branch_day_of_week_operator.py
[2023-12-06T14:35:33.962+0000] {processor.py:829} INFO - Processing file /home/airflow/.local/lib/python3.8/site-packages/airflow/example_dags/example_branch_day_of_week_operator.py for tasks to queue
[2023-12-06T14:35:33.965+0000] {logging_mixin.py:151} INFO - [2023-12-06T14:35:33.964+0000] {dagbag.py:539} INFO - Filling up the DagBag from /home/airflow/.local/lib/python3.8/site-packages/airflow/example_dags/example_branch_day_of_week_operator.py
[2023-12-06T14:35:33.971+0000] {processor.py:839} INFO - DAG(s) dict_keys(['example_weekday_branch_operator']) retrieved from /home/airflow/.local/lib/python3.8/site-packages/airflow/example_dags/example_branch_day_of_week_operator.py
[2023-12-06T14:35:33.987+0000] {logging_mixin.py:151} INFO - [2023-12-06T14:35:33.987+0000] {dag.py:2915} INFO - Sync 1 DAGs
[2023-12-06T14:35:34.000+0000] {logging_mixin.py:151} INFO - [2023-12-06T14:35:34.000+0000] {dag.py:3696} INFO - Setting next_dagrun for example_weekday_branch_operator to 2023-12-05T00:00:00+00:00, run_after=2023-12-06T00:00:00+00:00
[2023-12-06T14:35:34.010+0000] {processor.py:179} INFO - Processing /home/airflow/.local/lib/python3.8/site-packages/airflow/example_dags/example_branch_day_of_week_operator.py took 0.055 seconds
[2023-12-06T14:36:05.032+0000] {processor.py:157} INFO - Started process (PID=62830) to work on /home/airflow/.local/lib/python3.8/site-packages/airflow/example_dags/example_branch_day_of_week_operator.py
[2023-12-06T14:36:05.033+0000] {processor.py:829} INFO - Processing file /home/airflow/.local/lib/python3.8/site-packages/airflow/example_dags/example_branch_day_of_week_operator.py for tasks to queue
[2023-12-06T14:36:05.036+0000] {logging_mixin.py:151} INFO - [2023-12-06T14:36:05.036+0000] {dagbag.py:539} INFO - Filling up the DagBag from /home/airflow/.local/lib/python3.8/site-packages/airflow/example_dags/example_branch_day_of_week_operator.py
[2023-12-06T14:36:05.043+0000] {processor.py:839} INFO - DAG(s) dict_keys(['example_weekday_branch_operator']) retrieved from /home/airflow/.local/lib/python3.8/site-packages/airflow/example_dags/example_branch_day_of_week_operator.py
[2023-12-06T14:36:05.058+0000] {logging_mixin.py:151} INFO - [2023-12-06T14:36:05.057+0000] {dag.py:2915} INFO - Sync 1 DAGs
[2023-12-06T14:36:05.071+0000] {logging_mixin.py:151} INFO - [2023-12-06T14:36:05.071+0000] {dag.py:3696} INFO - Setting next_dagrun for example_weekday_branch_operator to 2023-12-05T00:00:00+00:00, run_after=2023-12-06T00:00:00+00:00
[2023-12-06T14:36:05.080+0000] {processor.py:179} INFO - Processing /home/airflow/.local/lib/python3.8/site-packages/airflow/example_dags/example_branch_day_of_week_operator.py took 0.050 seconds
[2023-12-06T14:36:35.705+0000] {processor.py:157} INFO - Started process (PID=62884) to work on /home/airflow/.local/lib/python3.8/site-packages/airflow/example_dags/example_branch_day_of_week_operator.py
[2023-12-06T14:36:35.706+0000] {processor.py:829} INFO - Processing file /home/airflow/.local/lib/python3.8/site-packages/airflow/example_dags/example_branch_day_of_week_operator.py for tasks to queue
[2023-12-06T14:36:35.707+0000] {logging_mixin.py:151} INFO - [2023-12-06T14:36:35.707+0000] {dagbag.py:539} INFO - Filling up the DagBag from /home/airflow/.local/lib/python3.8/site-packages/airflow/example_dags/example_branch_day_of_week_operator.py
[2023-12-06T14:36:35.712+0000] {processor.py:839} INFO - DAG(s) dict_keys(['example_weekday_branch_operator']) retrieved from /home/airflow/.local/lib/python3.8/site-packages/airflow/example_dags/example_branch_day_of_week_operator.py
[2023-12-06T14:36:35.725+0000] {logging_mixin.py:151} INFO - [2023-12-06T14:36:35.725+0000] {dag.py:2915} INFO - Sync 1 DAGs
[2023-12-06T14:36:35.738+0000] {logging_mixin.py:151} INFO - [2023-12-06T14:36:35.738+0000] {dag.py:3696} INFO - Setting next_dagrun for example_weekday_branch_operator to 2023-12-05T00:00:00+00:00, run_after=2023-12-06T00:00:00+00:00
[2023-12-06T14:36:35.747+0000] {processor.py:179} INFO - Processing /home/airflow/.local/lib/python3.8/site-packages/airflow/example_dags/example_branch_day_of_week_operator.py took 0.044 seconds
[2023-12-06T14:37:06.447+0000] {processor.py:157} INFO - Started process (PID=62938) to work on /home/airflow/.local/lib/python3.8/site-packages/airflow/example_dags/example_branch_day_of_week_operator.py
[2023-12-06T14:37:06.448+0000] {processor.py:829} INFO - Processing file /home/airflow/.local/lib/python3.8/site-packages/airflow/example_dags/example_branch_day_of_week_operator.py for tasks to queue
[2023-12-06T14:37:06.449+0000] {logging_mixin.py:151} INFO - [2023-12-06T14:37:06.449+0000] {dagbag.py:539} INFO - Filling up the DagBag from /home/airflow/.local/lib/python3.8/site-packages/airflow/example_dags/example_branch_day_of_week_operator.py
[2023-12-06T14:37:06.454+0000] {processor.py:839} INFO - DAG(s) dict_keys(['example_weekday_branch_operator']) retrieved from /home/airflow/.local/lib/python3.8/site-packages/airflow/example_dags/example_branch_day_of_week_operator.py
[2023-12-06T14:37:06.467+0000] {logging_mixin.py:151} INFO - [2023-12-06T14:37:06.467+0000] {dag.py:2915} INFO - Sync 1 DAGs
[2023-12-06T14:37:06.480+0000] {logging_mixin.py:151} INFO - [2023-12-06T14:37:06.480+0000] {dag.py:3696} INFO - Setting next_dagrun for example_weekday_branch_operator to 2023-12-05T00:00:00+00:00, run_after=2023-12-06T00:00:00+00:00
[2023-12-06T14:37:06.489+0000] {processor.py:179} INFO - Processing /home/airflow/.local/lib/python3.8/site-packages/airflow/example_dags/example_branch_day_of_week_operator.py took 0.045 seconds
[2023-12-06T14:37:37.228+0000] {processor.py:157} INFO - Started process (PID=62992) to work on /home/airflow/.local/lib/python3.8/site-packages/airflow/example_dags/example_branch_day_of_week_operator.py
[2023-12-06T14:37:37.229+0000] {processor.py:829} INFO - Processing file /home/airflow/.local/lib/python3.8/site-packages/airflow/example_dags/example_branch_day_of_week_operator.py for tasks to queue
[2023-12-06T14:37:37.232+0000] {logging_mixin.py:151} INFO - [2023-12-06T14:37:37.231+0000] {dagbag.py:539} INFO - Filling up the DagBag from /home/airflow/.local/lib/python3.8/site-packages/airflow/example_dags/example_branch_day_of_week_operator.py
[2023-12-06T14:37:37.240+0000] {processor.py:839} INFO - DAG(s) dict_keys(['example_weekday_branch_operator']) retrieved from /home/airflow/.local/lib/python3.8/site-packages/airflow/example_dags/example_branch_day_of_week_operator.py
[2023-12-06T14:37:37.265+0000] {logging_mixin.py:151} INFO - [2023-12-06T14:37:37.265+0000] {dag.py:2915} INFO - Sync 1 DAGs
[2023-12-06T14:37:37.286+0000] {logging_mixin.py:151} INFO - [2023-12-06T14:37:37.286+0000] {dag.py:3696} INFO - Setting next_dagrun for example_weekday_branch_operator to 2023-12-05T00:00:00+00:00, run_after=2023-12-06T00:00:00+00:00
[2023-12-06T14:37:37.299+0000] {processor.py:179} INFO - Processing /home/airflow/.local/lib/python3.8/site-packages/airflow/example_dags/example_branch_day_of_week_operator.py took 0.076 seconds
[2023-12-06T14:38:08.182+0000] {processor.py:157} INFO - Started process (PID=63046) to work on /home/airflow/.local/lib/python3.8/site-packages/airflow/example_dags/example_branch_day_of_week_operator.py
[2023-12-06T14:38:08.183+0000] {processor.py:829} INFO - Processing file /home/airflow/.local/lib/python3.8/site-packages/airflow/example_dags/example_branch_day_of_week_operator.py for tasks to queue
[2023-12-06T14:38:08.185+0000] {logging_mixin.py:151} INFO - [2023-12-06T14:38:08.185+0000] {dagbag.py:539} INFO - Filling up the DagBag from /home/airflow/.local/lib/python3.8/site-packages/airflow/example_dags/example_branch_day_of_week_operator.py
[2023-12-06T14:38:08.193+0000] {processor.py:839} INFO - DAG(s) dict_keys(['example_weekday_branch_operator']) retrieved from /home/airflow/.local/lib/python3.8/site-packages/airflow/example_dags/example_branch_day_of_week_operator.py
[2023-12-06T14:38:08.213+0000] {logging_mixin.py:151} INFO - [2023-12-06T14:38:08.213+0000] {dag.py:2915} INFO - Sync 1 DAGs
[2023-12-06T14:38:08.231+0000] {logging_mixin.py:151} INFO - [2023-12-06T14:38:08.231+0000] {dag.py:3696} INFO - Setting next_dagrun for example_weekday_branch_operator to 2023-12-05T00:00:00+00:00, run_after=2023-12-06T00:00:00+00:00
[2023-12-06T14:38:08.246+0000] {processor.py:179} INFO - Processing /home/airflow/.local/lib/python3.8/site-packages/airflow/example_dags/example_branch_day_of_week_operator.py took 0.069 seconds
[2023-12-06T14:38:39.236+0000] {processor.py:157} INFO - Started process (PID=63100) to work on /home/airflow/.local/lib/python3.8/site-packages/airflow/example_dags/example_branch_day_of_week_operator.py
[2023-12-06T14:38:39.238+0000] {processor.py:829} INFO - Processing file /home/airflow/.local/lib/python3.8/site-packages/airflow/example_dags/example_branch_day_of_week_operator.py for tasks to queue
[2023-12-06T14:38:39.243+0000] {logging_mixin.py:151} INFO - [2023-12-06T14:38:39.242+0000] {dagbag.py:539} INFO - Filling up the DagBag from /home/airflow/.local/lib/python3.8/site-packages/airflow/example_dags/example_branch_day_of_week_operator.py
[2023-12-06T14:38:39.257+0000] {processor.py:839} INFO - DAG(s) dict_keys(['example_weekday_branch_operator']) retrieved from /home/airflow/.local/lib/python3.8/site-packages/airflow/example_dags/example_branch_day_of_week_operator.py
[2023-12-06T14:38:39.283+0000] {logging_mixin.py:151} INFO - [2023-12-06T14:38:39.283+0000] {dag.py:2915} INFO - Sync 1 DAGs
[2023-12-06T14:38:39.307+0000] {logging_mixin.py:151} INFO - [2023-12-06T14:38:39.307+0000] {dag.py:3696} INFO - Setting next_dagrun for example_weekday_branch_operator to 2023-12-05T00:00:00+00:00, run_after=2023-12-06T00:00:00+00:00
[2023-12-06T14:38:39.334+0000] {processor.py:179} INFO - Processing /home/airflow/.local/lib/python3.8/site-packages/airflow/example_dags/example_branch_day_of_week_operator.py took 0.102 seconds
[2023-12-06T14:39:10.207+0000] {processor.py:157} INFO - Started process (PID=63154) to work on /home/airflow/.local/lib/python3.8/site-packages/airflow/example_dags/example_branch_day_of_week_operator.py
[2023-12-06T14:39:10.208+0000] {processor.py:829} INFO - Processing file /home/airflow/.local/lib/python3.8/site-packages/airflow/example_dags/example_branch_day_of_week_operator.py for tasks to queue
[2023-12-06T14:39:10.210+0000] {logging_mixin.py:151} INFO - [2023-12-06T14:39:10.209+0000] {dagbag.py:539} INFO - Filling up the DagBag from /home/airflow/.local/lib/python3.8/site-packages/airflow/example_dags/example_branch_day_of_week_operator.py
[2023-12-06T14:39:10.215+0000] {processor.py:839} INFO - DAG(s) dict_keys(['example_weekday_branch_operator']) retrieved from /home/airflow/.local/lib/python3.8/site-packages/airflow/example_dags/example_branch_day_of_week_operator.py
[2023-12-06T14:39:10.232+0000] {logging_mixin.py:151} INFO - [2023-12-06T14:39:10.232+0000] {dag.py:2915} INFO - Sync 1 DAGs
[2023-12-06T14:39:10.248+0000] {logging_mixin.py:151} INFO - [2023-12-06T14:39:10.248+0000] {dag.py:3696} INFO - Setting next_dagrun for example_weekday_branch_operator to 2023-12-05T00:00:00+00:00, run_after=2023-12-06T00:00:00+00:00
[2023-12-06T14:39:10.261+0000] {processor.py:179} INFO - Processing /home/airflow/.local/lib/python3.8/site-packages/airflow/example_dags/example_branch_day_of_week_operator.py took 0.057 seconds
[2023-12-06T14:39:41.126+0000] {processor.py:157} INFO - Started process (PID=63208) to work on /home/airflow/.local/lib/python3.8/site-packages/airflow/example_dags/example_branch_day_of_week_operator.py
[2023-12-06T14:39:41.127+0000] {processor.py:829} INFO - Processing file /home/airflow/.local/lib/python3.8/site-packages/airflow/example_dags/example_branch_day_of_week_operator.py for tasks to queue
[2023-12-06T14:39:41.129+0000] {logging_mixin.py:151} INFO - [2023-12-06T14:39:41.129+0000] {dagbag.py:539} INFO - Filling up the DagBag from /home/airflow/.local/lib/python3.8/site-packages/airflow/example_dags/example_branch_day_of_week_operator.py
[2023-12-06T14:39:41.134+0000] {processor.py:839} INFO - DAG(s) dict_keys(['example_weekday_branch_operator']) retrieved from /home/airflow/.local/lib/python3.8/site-packages/airflow/example_dags/example_branch_day_of_week_operator.py
[2023-12-06T14:39:41.147+0000] {logging_mixin.py:151} INFO - [2023-12-06T14:39:41.147+0000] {dag.py:2915} INFO - Sync 1 DAGs
[2023-12-06T14:39:41.159+0000] {logging_mixin.py:151} INFO - [2023-12-06T14:39:41.159+0000] {dag.py:3696} INFO - Setting next_dagrun for example_weekday_branch_operator to 2023-12-05T00:00:00+00:00, run_after=2023-12-06T00:00:00+00:00
[2023-12-06T14:39:41.170+0000] {processor.py:179} INFO - Processing /home/airflow/.local/lib/python3.8/site-packages/airflow/example_dags/example_branch_day_of_week_operator.py took 0.046 seconds
[2023-12-06T14:40:11.668+0000] {processor.py:157} INFO - Started process (PID=63262) to work on /home/airflow/.local/lib/python3.8/site-packages/airflow/example_dags/example_branch_day_of_week_operator.py
[2023-12-06T14:40:11.669+0000] {processor.py:829} INFO - Processing file /home/airflow/.local/lib/python3.8/site-packages/airflow/example_dags/example_branch_day_of_week_operator.py for tasks to queue
[2023-12-06T14:40:11.671+0000] {logging_mixin.py:151} INFO - [2023-12-06T14:40:11.670+0000] {dagbag.py:539} INFO - Filling up the DagBag from /home/airflow/.local/lib/python3.8/site-packages/airflow/example_dags/example_branch_day_of_week_operator.py
[2023-12-06T14:40:11.676+0000] {processor.py:839} INFO - DAG(s) dict_keys(['example_weekday_branch_operator']) retrieved from /home/airflow/.local/lib/python3.8/site-packages/airflow/example_dags/example_branch_day_of_week_operator.py
[2023-12-06T14:40:11.689+0000] {logging_mixin.py:151} INFO - [2023-12-06T14:40:11.688+0000] {dag.py:2915} INFO - Sync 1 DAGs
[2023-12-06T14:40:11.701+0000] {logging_mixin.py:151} INFO - [2023-12-06T14:40:11.701+0000] {dag.py:3696} INFO - Setting next_dagrun for example_weekday_branch_operator to 2023-12-05T00:00:00+00:00, run_after=2023-12-06T00:00:00+00:00
[2023-12-06T14:40:11.710+0000] {processor.py:179} INFO - Processing /home/airflow/.local/lib/python3.8/site-packages/airflow/example_dags/example_branch_day_of_week_operator.py took 0.044 seconds
[2023-12-06T14:40:42.449+0000] {processor.py:157} INFO - Started process (PID=63316) to work on /home/airflow/.local/lib/python3.8/site-packages/airflow/example_dags/example_branch_day_of_week_operator.py
[2023-12-06T14:40:42.450+0000] {processor.py:829} INFO - Processing file /home/airflow/.local/lib/python3.8/site-packages/airflow/example_dags/example_branch_day_of_week_operator.py for tasks to queue
[2023-12-06T14:40:42.451+0000] {logging_mixin.py:151} INFO - [2023-12-06T14:40:42.451+0000] {dagbag.py:539} INFO - Filling up the DagBag from /home/airflow/.local/lib/python3.8/site-packages/airflow/example_dags/example_branch_day_of_week_operator.py
[2023-12-06T14:40:42.457+0000] {processor.py:839} INFO - DAG(s) dict_keys(['example_weekday_branch_operator']) retrieved from /home/airflow/.local/lib/python3.8/site-packages/airflow/example_dags/example_branch_day_of_week_operator.py
[2023-12-06T14:40:42.470+0000] {logging_mixin.py:151} INFO - [2023-12-06T14:40:42.470+0000] {dag.py:2915} INFO - Sync 1 DAGs
[2023-12-06T14:40:42.483+0000] {logging_mixin.py:151} INFO - [2023-12-06T14:40:42.483+0000] {dag.py:3696} INFO - Setting next_dagrun for example_weekday_branch_operator to 2023-12-05T00:00:00+00:00, run_after=2023-12-06T00:00:00+00:00
[2023-12-06T14:40:42.493+0000] {processor.py:179} INFO - Processing /home/airflow/.local/lib/python3.8/site-packages/airflow/example_dags/example_branch_day_of_week_operator.py took 0.046 seconds
[2023-12-06T14:41:13.105+0000] {processor.py:157} INFO - Started process (PID=63370) to work on /home/airflow/.local/lib/python3.8/site-packages/airflow/example_dags/example_branch_day_of_week_operator.py
[2023-12-06T14:41:13.107+0000] {processor.py:829} INFO - Processing file /home/airflow/.local/lib/python3.8/site-packages/airflow/example_dags/example_branch_day_of_week_operator.py for tasks to queue
[2023-12-06T14:41:13.108+0000] {logging_mixin.py:151} INFO - [2023-12-06T14:41:13.108+0000] {dagbag.py:539} INFO - Filling up the DagBag from /home/airflow/.local/lib/python3.8/site-packages/airflow/example_dags/example_branch_day_of_week_operator.py
[2023-12-06T14:41:13.113+0000] {processor.py:839} INFO - DAG(s) dict_keys(['example_weekday_branch_operator']) retrieved from /home/airflow/.local/lib/python3.8/site-packages/airflow/example_dags/example_branch_day_of_week_operator.py
[2023-12-06T14:41:13.127+0000] {logging_mixin.py:151} INFO - [2023-12-06T14:41:13.126+0000] {dag.py:2915} INFO - Sync 1 DAGs
[2023-12-06T14:41:13.143+0000] {logging_mixin.py:151} INFO - [2023-12-06T14:41:13.143+0000] {dag.py:3696} INFO - Setting next_dagrun for example_weekday_branch_operator to 2023-12-05T00:00:00+00:00, run_after=2023-12-06T00:00:00+00:00
[2023-12-06T14:41:13.153+0000] {processor.py:179} INFO - Processing /home/airflow/.local/lib/python3.8/site-packages/airflow/example_dags/example_branch_day_of_week_operator.py took 0.050 seconds
[2023-12-06T14:41:43.909+0000] {processor.py:157} INFO - Started process (PID=63424) to work on /home/airflow/.local/lib/python3.8/site-packages/airflow/example_dags/example_branch_day_of_week_operator.py
[2023-12-06T14:41:43.910+0000] {processor.py:829} INFO - Processing file /home/airflow/.local/lib/python3.8/site-packages/airflow/example_dags/example_branch_day_of_week_operator.py for tasks to queue
[2023-12-06T14:41:43.911+0000] {logging_mixin.py:151} INFO - [2023-12-06T14:41:43.911+0000] {dagbag.py:539} INFO - Filling up the DagBag from /home/airflow/.local/lib/python3.8/site-packages/airflow/example_dags/example_branch_day_of_week_operator.py
[2023-12-06T14:41:43.916+0000] {processor.py:839} INFO - DAG(s) dict_keys(['example_weekday_branch_operator']) retrieved from /home/airflow/.local/lib/python3.8/site-packages/airflow/example_dags/example_branch_day_of_week_operator.py
[2023-12-06T14:41:43.929+0000] {logging_mixin.py:151} INFO - [2023-12-06T14:41:43.929+0000] {dag.py:2915} INFO - Sync 1 DAGs
[2023-12-06T14:41:43.943+0000] {logging_mixin.py:151} INFO - [2023-12-06T14:41:43.943+0000] {dag.py:3696} INFO - Setting next_dagrun for example_weekday_branch_operator to 2023-12-05T00:00:00+00:00, run_after=2023-12-06T00:00:00+00:00
[2023-12-06T14:41:43.953+0000] {processor.py:179} INFO - Processing /home/airflow/.local/lib/python3.8/site-packages/airflow/example_dags/example_branch_day_of_week_operator.py took 0.047 seconds
[2023-12-06T14:42:14.465+0000] {processor.py:157} INFO - Started process (PID=63478) to work on /home/airflow/.local/lib/python3.8/site-packages/airflow/example_dags/example_branch_day_of_week_operator.py
[2023-12-06T14:42:14.466+0000] {processor.py:829} INFO - Processing file /home/airflow/.local/lib/python3.8/site-packages/airflow/example_dags/example_branch_day_of_week_operator.py for tasks to queue
[2023-12-06T14:42:14.467+0000] {logging_mixin.py:151} INFO - [2023-12-06T14:42:14.467+0000] {dagbag.py:539} INFO - Filling up the DagBag from /home/airflow/.local/lib/python3.8/site-packages/airflow/example_dags/example_branch_day_of_week_operator.py
[2023-12-06T14:42:14.472+0000] {processor.py:839} INFO - DAG(s) dict_keys(['example_weekday_branch_operator']) retrieved from /home/airflow/.local/lib/python3.8/site-packages/airflow/example_dags/example_branch_day_of_week_operator.py
[2023-12-06T14:42:14.485+0000] {logging_mixin.py:151} INFO - [2023-12-06T14:42:14.485+0000] {dag.py:2915} INFO - Sync 1 DAGs
[2023-12-06T14:42:14.498+0000] {logging_mixin.py:151} INFO - [2023-12-06T14:42:14.498+0000] {dag.py:3696} INFO - Setting next_dagrun for example_weekday_branch_operator to 2023-12-05T00:00:00+00:00, run_after=2023-12-06T00:00:00+00:00
[2023-12-06T14:42:14.507+0000] {processor.py:179} INFO - Processing /home/airflow/.local/lib/python3.8/site-packages/airflow/example_dags/example_branch_day_of_week_operator.py took 0.044 seconds
[2023-12-06T14:42:45.012+0000] {processor.py:157} INFO - Started process (PID=63539) to work on /home/airflow/.local/lib/python3.8/site-packages/airflow/example_dags/example_branch_day_of_week_operator.py
[2023-12-06T14:42:45.013+0000] {processor.py:829} INFO - Processing file /home/airflow/.local/lib/python3.8/site-packages/airflow/example_dags/example_branch_day_of_week_operator.py for tasks to queue
[2023-12-06T14:42:45.015+0000] {logging_mixin.py:151} INFO - [2023-12-06T14:42:45.015+0000] {dagbag.py:539} INFO - Filling up the DagBag from /home/airflow/.local/lib/python3.8/site-packages/airflow/example_dags/example_branch_day_of_week_operator.py
[2023-12-06T14:42:45.020+0000] {processor.py:839} INFO - DAG(s) dict_keys(['example_weekday_branch_operator']) retrieved from /home/airflow/.local/lib/python3.8/site-packages/airflow/example_dags/example_branch_day_of_week_operator.py
[2023-12-06T14:42:45.033+0000] {logging_mixin.py:151} INFO - [2023-12-06T14:42:45.033+0000] {dag.py:2915} INFO - Sync 1 DAGs
[2023-12-06T14:42:45.046+0000] {logging_mixin.py:151} INFO - [2023-12-06T14:42:45.045+0000] {dag.py:3696} INFO - Setting next_dagrun for example_weekday_branch_operator to 2023-12-05T00:00:00+00:00, run_after=2023-12-06T00:00:00+00:00
[2023-12-06T14:42:45.054+0000] {processor.py:179} INFO - Processing /home/airflow/.local/lib/python3.8/site-packages/airflow/example_dags/example_branch_day_of_week_operator.py took 0.045 seconds
[2023-12-06T14:43:15.355+0000] {processor.py:157} INFO - Started process (PID=63593) to work on /home/airflow/.local/lib/python3.8/site-packages/airflow/example_dags/example_branch_day_of_week_operator.py
[2023-12-06T14:43:15.356+0000] {processor.py:829} INFO - Processing file /home/airflow/.local/lib/python3.8/site-packages/airflow/example_dags/example_branch_day_of_week_operator.py for tasks to queue
[2023-12-06T14:43:15.358+0000] {logging_mixin.py:151} INFO - [2023-12-06T14:43:15.358+0000] {dagbag.py:539} INFO - Filling up the DagBag from /home/airflow/.local/lib/python3.8/site-packages/airflow/example_dags/example_branch_day_of_week_operator.py
[2023-12-06T14:43:15.364+0000] {processor.py:839} INFO - DAG(s) dict_keys(['example_weekday_branch_operator']) retrieved from /home/airflow/.local/lib/python3.8/site-packages/airflow/example_dags/example_branch_day_of_week_operator.py
[2023-12-06T14:43:15.378+0000] {logging_mixin.py:151} INFO - [2023-12-06T14:43:15.378+0000] {dag.py:2915} INFO - Sync 1 DAGs
[2023-12-06T14:43:15.390+0000] {logging_mixin.py:151} INFO - [2023-12-06T14:43:15.390+0000] {dag.py:3696} INFO - Setting next_dagrun for example_weekday_branch_operator to 2023-12-05T00:00:00+00:00, run_after=2023-12-06T00:00:00+00:00
[2023-12-06T14:43:15.400+0000] {processor.py:179} INFO - Processing /home/airflow/.local/lib/python3.8/site-packages/airflow/example_dags/example_branch_day_of_week_operator.py took 0.047 seconds
[2023-12-06T14:43:45.848+0000] {processor.py:157} INFO - Started process (PID=63647) to work on /home/airflow/.local/lib/python3.8/site-packages/airflow/example_dags/example_branch_day_of_week_operator.py
[2023-12-06T14:43:45.849+0000] {processor.py:829} INFO - Processing file /home/airflow/.local/lib/python3.8/site-packages/airflow/example_dags/example_branch_day_of_week_operator.py for tasks to queue
[2023-12-06T14:43:45.850+0000] {logging_mixin.py:151} INFO - [2023-12-06T14:43:45.850+0000] {dagbag.py:539} INFO - Filling up the DagBag from /home/airflow/.local/lib/python3.8/site-packages/airflow/example_dags/example_branch_day_of_week_operator.py
[2023-12-06T14:43:45.855+0000] {processor.py:839} INFO - DAG(s) dict_keys(['example_weekday_branch_operator']) retrieved from /home/airflow/.local/lib/python3.8/site-packages/airflow/example_dags/example_branch_day_of_week_operator.py
[2023-12-06T14:43:45.868+0000] {logging_mixin.py:151} INFO - [2023-12-06T14:43:45.868+0000] {dag.py:2915} INFO - Sync 1 DAGs
[2023-12-06T14:43:45.880+0000] {logging_mixin.py:151} INFO - [2023-12-06T14:43:45.880+0000] {dag.py:3696} INFO - Setting next_dagrun for example_weekday_branch_operator to 2023-12-05T00:00:00+00:00, run_after=2023-12-06T00:00:00+00:00
[2023-12-06T14:43:45.890+0000] {processor.py:179} INFO - Processing /home/airflow/.local/lib/python3.8/site-packages/airflow/example_dags/example_branch_day_of_week_operator.py took 0.044 seconds
[2023-12-06T14:44:16.907+0000] {processor.py:157} INFO - Started process (PID=63701) to work on /home/airflow/.local/lib/python3.8/site-packages/airflow/example_dags/example_branch_day_of_week_operator.py
[2023-12-06T14:44:16.909+0000] {processor.py:829} INFO - Processing file /home/airflow/.local/lib/python3.8/site-packages/airflow/example_dags/example_branch_day_of_week_operator.py for tasks to queue
[2023-12-06T14:44:16.911+0000] {logging_mixin.py:151} INFO - [2023-12-06T14:44:16.911+0000] {dagbag.py:539} INFO - Filling up the DagBag from /home/airflow/.local/lib/python3.8/site-packages/airflow/example_dags/example_branch_day_of_week_operator.py
[2023-12-06T14:44:16.918+0000] {processor.py:839} INFO - DAG(s) dict_keys(['example_weekday_branch_operator']) retrieved from /home/airflow/.local/lib/python3.8/site-packages/airflow/example_dags/example_branch_day_of_week_operator.py
[2023-12-06T14:44:16.932+0000] {logging_mixin.py:151} INFO - [2023-12-06T14:44:16.932+0000] {dag.py:2915} INFO - Sync 1 DAGs
[2023-12-06T14:44:16.947+0000] {logging_mixin.py:151} INFO - [2023-12-06T14:44:16.947+0000] {dag.py:3696} INFO - Setting next_dagrun for example_weekday_branch_operator to 2023-12-05T00:00:00+00:00, run_after=2023-12-06T00:00:00+00:00
[2023-12-06T14:44:16.958+0000] {processor.py:179} INFO - Processing /home/airflow/.local/lib/python3.8/site-packages/airflow/example_dags/example_branch_day_of_week_operator.py took 0.054 seconds
[2023-12-06T14:44:47.589+0000] {processor.py:157} INFO - Started process (PID=63755) to work on /home/airflow/.local/lib/python3.8/site-packages/airflow/example_dags/example_branch_day_of_week_operator.py
[2023-12-06T14:44:47.590+0000] {processor.py:829} INFO - Processing file /home/airflow/.local/lib/python3.8/site-packages/airflow/example_dags/example_branch_day_of_week_operator.py for tasks to queue
[2023-12-06T14:44:47.592+0000] {logging_mixin.py:151} INFO - [2023-12-06T14:44:47.592+0000] {dagbag.py:539} INFO - Filling up the DagBag from /home/airflow/.local/lib/python3.8/site-packages/airflow/example_dags/example_branch_day_of_week_operator.py
[2023-12-06T14:44:47.598+0000] {processor.py:839} INFO - DAG(s) dict_keys(['example_weekday_branch_operator']) retrieved from /home/airflow/.local/lib/python3.8/site-packages/airflow/example_dags/example_branch_day_of_week_operator.py
[2023-12-06T14:44:47.616+0000] {logging_mixin.py:151} INFO - [2023-12-06T14:44:47.616+0000] {dag.py:2915} INFO - Sync 1 DAGs
[2023-12-06T14:44:47.635+0000] {logging_mixin.py:151} INFO - [2023-12-06T14:44:47.635+0000] {dag.py:3696} INFO - Setting next_dagrun for example_weekday_branch_operator to 2023-12-05T00:00:00+00:00, run_after=2023-12-06T00:00:00+00:00
[2023-12-06T14:44:47.645+0000] {processor.py:179} INFO - Processing /home/airflow/.local/lib/python3.8/site-packages/airflow/example_dags/example_branch_day_of_week_operator.py took 0.059 seconds
