[2023-12-06T00:13:13.335+0000] {processor.py:157} INFO - Started process (PID=60351) to work on /home/airflow/.local/lib/python3.8/site-packages/airflow/example_dags/example_local_kubernetes_executor.py
[2023-12-06T00:13:13.336+0000] {processor.py:829} INFO - Processing file /home/airflow/.local/lib/python3.8/site-packages/airflow/example_dags/example_local_kubernetes_executor.py for tasks to queue
[2023-12-06T00:13:13.337+0000] {logging_mixin.py:151} INFO - [2023-12-06T00:13:13.337+0000] {dagbag.py:539} INFO - Filling up the DagBag from /home/airflow/.local/lib/python3.8/site-packages/airflow/example_dags/example_local_kubernetes_executor.py
[2023-12-06T00:13:13.678+0000] {processor.py:839} INFO - DAG(s) dict_keys(['example_local_kubernetes_executor']) retrieved from /home/airflow/.local/lib/python3.8/site-packages/airflow/example_dags/example_local_kubernetes_executor.py
[2023-12-06T00:13:13.712+0000] {logging_mixin.py:151} INFO - [2023-12-06T00:13:13.712+0000] {dag.py:2915} INFO - Sync 1 DAGs
[2023-12-06T00:13:13.724+0000] {logging_mixin.py:151} INFO - [2023-12-06T00:13:13.723+0000] {dag.py:3696} INFO - Setting next_dagrun for example_local_kubernetes_executor to None, run_after=None
[2023-12-06T00:13:13.737+0000] {processor.py:179} INFO - Processing /home/airflow/.local/lib/python3.8/site-packages/airflow/example_dags/example_local_kubernetes_executor.py took 0.405 seconds
[2023-12-06T00:15:22.288+0000] {processor.py:157} INFO - Started process (PID=60398) to work on /home/airflow/.local/lib/python3.8/site-packages/airflow/example_dags/example_local_kubernetes_executor.py
[2023-12-06T00:15:22.290+0000] {processor.py:829} INFO - Processing file /home/airflow/.local/lib/python3.8/site-packages/airflow/example_dags/example_local_kubernetes_executor.py for tasks to queue
[2023-12-06T00:15:22.294+0000] {logging_mixin.py:151} INFO - [2023-12-06T00:15:22.293+0000] {dagbag.py:539} INFO - Filling up the DagBag from /home/airflow/.local/lib/python3.8/site-packages/airflow/example_dags/example_local_kubernetes_executor.py
[2023-12-06T00:15:22.628+0000] {processor.py:839} INFO - DAG(s) dict_keys(['example_local_kubernetes_executor']) retrieved from /home/airflow/.local/lib/python3.8/site-packages/airflow/example_dags/example_local_kubernetes_executor.py
[2023-12-06T00:15:22.667+0000] {logging_mixin.py:151} INFO - [2023-12-06T00:15:22.667+0000] {dag.py:2915} INFO - Sync 1 DAGs
[2023-12-06T00:15:22.678+0000] {logging_mixin.py:151} INFO - [2023-12-06T00:15:22.678+0000] {dag.py:3696} INFO - Setting next_dagrun for example_local_kubernetes_executor to None, run_after=None
[2023-12-06T00:15:22.691+0000] {processor.py:179} INFO - Processing /home/airflow/.local/lib/python3.8/site-packages/airflow/example_dags/example_local_kubernetes_executor.py took 0.406 seconds
[2023-12-06T00:55:20.067+0000] {processor.py:157} INFO - Started process (PID=60459) to work on /home/airflow/.local/lib/python3.8/site-packages/airflow/example_dags/example_local_kubernetes_executor.py
[2023-12-06T00:55:20.068+0000] {processor.py:829} INFO - Processing file /home/airflow/.local/lib/python3.8/site-packages/airflow/example_dags/example_local_kubernetes_executor.py for tasks to queue
[2023-12-06T00:55:20.070+0000] {logging_mixin.py:151} INFO - [2023-12-06T00:55:20.070+0000] {dagbag.py:539} INFO - Filling up the DagBag from /home/airflow/.local/lib/python3.8/site-packages/airflow/example_dags/example_local_kubernetes_executor.py
[2023-12-06T00:55:20.464+0000] {processor.py:839} INFO - DAG(s) dict_keys(['example_local_kubernetes_executor']) retrieved from /home/airflow/.local/lib/python3.8/site-packages/airflow/example_dags/example_local_kubernetes_executor.py
[2023-12-06T00:55:20.522+0000] {logging_mixin.py:151} INFO - [2023-12-06T00:55:20.521+0000] {dag.py:2915} INFO - Sync 1 DAGs
[2023-12-06T00:55:20.537+0000] {logging_mixin.py:151} INFO - [2023-12-06T00:55:20.536+0000] {dag.py:3696} INFO - Setting next_dagrun for example_local_kubernetes_executor to None, run_after=None
[2023-12-06T00:55:20.552+0000] {processor.py:179} INFO - Processing /home/airflow/.local/lib/python3.8/site-packages/airflow/example_dags/example_local_kubernetes_executor.py took 0.487 seconds
[2023-12-06T01:50:26.363+0000] {processor.py:157} INFO - Started process (PID=60506) to work on /home/airflow/.local/lib/python3.8/site-packages/airflow/example_dags/example_local_kubernetes_executor.py
[2023-12-06T01:50:26.365+0000] {processor.py:829} INFO - Processing file /home/airflow/.local/lib/python3.8/site-packages/airflow/example_dags/example_local_kubernetes_executor.py for tasks to queue
[2023-12-06T01:50:26.367+0000] {logging_mixin.py:151} INFO - [2023-12-06T01:50:26.366+0000] {dagbag.py:539} INFO - Filling up the DagBag from /home/airflow/.local/lib/python3.8/site-packages/airflow/example_dags/example_local_kubernetes_executor.py
[2023-12-06T01:50:27.883+0000] {processor.py:839} INFO - DAG(s) dict_keys(['example_local_kubernetes_executor']) retrieved from /home/airflow/.local/lib/python3.8/site-packages/airflow/example_dags/example_local_kubernetes_executor.py
[2023-12-06T01:50:28.040+0000] {logging_mixin.py:151} INFO - [2023-12-06T01:50:28.039+0000] {dag.py:2915} INFO - Sync 1 DAGs
[2023-12-06T01:50:28.053+0000] {logging_mixin.py:151} INFO - [2023-12-06T01:50:28.052+0000] {dag.py:3696} INFO - Setting next_dagrun for example_local_kubernetes_executor to None, run_after=None
[2023-12-06T01:50:28.084+0000] {processor.py:179} INFO - Processing /home/airflow/.local/lib/python3.8/site-packages/airflow/example_dags/example_local_kubernetes_executor.py took 1.723 seconds
[2023-12-06T02:57:28.243+0000] {processor.py:157} INFO - Started process (PID=60560) to work on /home/airflow/.local/lib/python3.8/site-packages/airflow/example_dags/example_local_kubernetes_executor.py
[2023-12-06T02:57:28.244+0000] {processor.py:829} INFO - Processing file /home/airflow/.local/lib/python3.8/site-packages/airflow/example_dags/example_local_kubernetes_executor.py for tasks to queue
[2023-12-06T02:57:28.246+0000] {logging_mixin.py:151} INFO - [2023-12-06T02:57:28.246+0000] {dagbag.py:539} INFO - Filling up the DagBag from /home/airflow/.local/lib/python3.8/site-packages/airflow/example_dags/example_local_kubernetes_executor.py
[2023-12-06T02:57:28.595+0000] {processor.py:839} INFO - DAG(s) dict_keys(['example_local_kubernetes_executor']) retrieved from /home/airflow/.local/lib/python3.8/site-packages/airflow/example_dags/example_local_kubernetes_executor.py
[2023-12-06T02:57:28.663+0000] {logging_mixin.py:151} INFO - [2023-12-06T02:57:28.662+0000] {dag.py:2915} INFO - Sync 1 DAGs
[2023-12-06T02:57:28.689+0000] {logging_mixin.py:151} INFO - [2023-12-06T02:57:28.688+0000] {dag.py:3696} INFO - Setting next_dagrun for example_local_kubernetes_executor to None, run_after=None
[2023-12-06T02:57:28.717+0000] {processor.py:179} INFO - Processing /home/airflow/.local/lib/python3.8/site-packages/airflow/example_dags/example_local_kubernetes_executor.py took 0.477 seconds
[2023-12-06T04:35:51.733+0000] {processor.py:157} INFO - Started process (PID=60615) to work on /home/airflow/.local/lib/python3.8/site-packages/airflow/example_dags/example_local_kubernetes_executor.py
[2023-12-06T04:35:51.733+0000] {processor.py:829} INFO - Processing file /home/airflow/.local/lib/python3.8/site-packages/airflow/example_dags/example_local_kubernetes_executor.py for tasks to queue
[2023-12-06T04:35:51.735+0000] {logging_mixin.py:151} INFO - [2023-12-06T04:35:51.735+0000] {dagbag.py:539} INFO - Filling up the DagBag from /home/airflow/.local/lib/python3.8/site-packages/airflow/example_dags/example_local_kubernetes_executor.py
[2023-12-06T04:35:51.999+0000] {processor.py:839} INFO - DAG(s) dict_keys(['example_local_kubernetes_executor']) retrieved from /home/airflow/.local/lib/python3.8/site-packages/airflow/example_dags/example_local_kubernetes_executor.py
[2023-12-06T04:35:52.028+0000] {logging_mixin.py:151} INFO - [2023-12-06T04:35:52.027+0000] {dag.py:2915} INFO - Sync 1 DAGs
[2023-12-06T04:35:52.037+0000] {logging_mixin.py:151} INFO - [2023-12-06T04:35:52.037+0000] {dag.py:3696} INFO - Setting next_dagrun for example_local_kubernetes_executor to None, run_after=None
[2023-12-06T04:35:52.048+0000] {processor.py:179} INFO - Processing /home/airflow/.local/lib/python3.8/site-packages/airflow/example_dags/example_local_kubernetes_executor.py took 0.317 seconds
[2023-12-06T05:55:09.597+0000] {processor.py:157} INFO - Started process (PID=60669) to work on /home/airflow/.local/lib/python3.8/site-packages/airflow/example_dags/example_local_kubernetes_executor.py
[2023-12-06T05:55:09.598+0000] {processor.py:829} INFO - Processing file /home/airflow/.local/lib/python3.8/site-packages/airflow/example_dags/example_local_kubernetes_executor.py for tasks to queue
[2023-12-06T05:55:09.601+0000] {logging_mixin.py:151} INFO - [2023-12-06T05:55:09.600+0000] {dagbag.py:539} INFO - Filling up the DagBag from /home/airflow/.local/lib/python3.8/site-packages/airflow/example_dags/example_local_kubernetes_executor.py
[2023-12-06T05:55:10.157+0000] {processor.py:839} INFO - DAG(s) dict_keys(['example_local_kubernetes_executor']) retrieved from /home/airflow/.local/lib/python3.8/site-packages/airflow/example_dags/example_local_kubernetes_executor.py
[2023-12-06T05:55:10.198+0000] {logging_mixin.py:151} INFO - [2023-12-06T05:55:10.198+0000] {dag.py:2915} INFO - Sync 1 DAGs
[2023-12-06T05:55:10.208+0000] {logging_mixin.py:151} INFO - [2023-12-06T05:55:10.208+0000] {dag.py:3696} INFO - Setting next_dagrun for example_local_kubernetes_executor to None, run_after=None
[2023-12-06T05:55:10.221+0000] {processor.py:179} INFO - Processing /home/airflow/.local/lib/python3.8/site-packages/airflow/example_dags/example_local_kubernetes_executor.py took 0.627 seconds
[2023-12-06T07:00:32.655+0000] {processor.py:157} INFO - Started process (PID=60723) to work on /home/airflow/.local/lib/python3.8/site-packages/airflow/example_dags/example_local_kubernetes_executor.py
[2023-12-06T07:00:32.656+0000] {processor.py:829} INFO - Processing file /home/airflow/.local/lib/python3.8/site-packages/airflow/example_dags/example_local_kubernetes_executor.py for tasks to queue
[2023-12-06T07:00:32.659+0000] {logging_mixin.py:151} INFO - [2023-12-06T07:00:32.658+0000] {dagbag.py:539} INFO - Filling up the DagBag from /home/airflow/.local/lib/python3.8/site-packages/airflow/example_dags/example_local_kubernetes_executor.py
[2023-12-06T07:00:33.221+0000] {processor.py:839} INFO - DAG(s) dict_keys(['example_local_kubernetes_executor']) retrieved from /home/airflow/.local/lib/python3.8/site-packages/airflow/example_dags/example_local_kubernetes_executor.py
[2023-12-06T07:00:33.254+0000] {logging_mixin.py:151} INFO - [2023-12-06T07:00:33.253+0000] {dag.py:2915} INFO - Sync 1 DAGs
[2023-12-06T07:00:33.262+0000] {logging_mixin.py:151} INFO - [2023-12-06T07:00:33.262+0000] {dag.py:3696} INFO - Setting next_dagrun for example_local_kubernetes_executor to None, run_after=None
[2023-12-06T07:00:33.272+0000] {processor.py:179} INFO - Processing /home/airflow/.local/lib/python3.8/site-packages/airflow/example_dags/example_local_kubernetes_executor.py took 0.621 seconds
[2023-12-06T07:21:32.294+0000] {processor.py:157} INFO - Started process (PID=60777) to work on /home/airflow/.local/lib/python3.8/site-packages/airflow/example_dags/example_local_kubernetes_executor.py
[2023-12-06T07:21:32.295+0000] {processor.py:829} INFO - Processing file /home/airflow/.local/lib/python3.8/site-packages/airflow/example_dags/example_local_kubernetes_executor.py for tasks to queue
[2023-12-06T07:21:32.297+0000] {logging_mixin.py:151} INFO - [2023-12-06T07:21:32.297+0000] {dagbag.py:539} INFO - Filling up the DagBag from /home/airflow/.local/lib/python3.8/site-packages/airflow/example_dags/example_local_kubernetes_executor.py
[2023-12-06T07:21:32.725+0000] {processor.py:839} INFO - DAG(s) dict_keys(['example_local_kubernetes_executor']) retrieved from /home/airflow/.local/lib/python3.8/site-packages/airflow/example_dags/example_local_kubernetes_executor.py
[2023-12-06T07:21:32.768+0000] {logging_mixin.py:151} INFO - [2023-12-06T07:21:32.767+0000] {dag.py:2915} INFO - Sync 1 DAGs
[2023-12-06T07:21:32.776+0000] {logging_mixin.py:151} INFO - [2023-12-06T07:21:32.776+0000] {dag.py:3696} INFO - Setting next_dagrun for example_local_kubernetes_executor to None, run_after=None
[2023-12-06T07:21:32.789+0000] {processor.py:179} INFO - Processing /home/airflow/.local/lib/python3.8/site-packages/airflow/example_dags/example_local_kubernetes_executor.py took 0.497 seconds
[2023-12-06T08:10:33.250+0000] {processor.py:157} INFO - Started process (PID=60831) to work on /home/airflow/.local/lib/python3.8/site-packages/airflow/example_dags/example_local_kubernetes_executor.py
[2023-12-06T08:10:33.251+0000] {processor.py:829} INFO - Processing file /home/airflow/.local/lib/python3.8/site-packages/airflow/example_dags/example_local_kubernetes_executor.py for tasks to queue
[2023-12-06T08:10:33.253+0000] {logging_mixin.py:151} INFO - [2023-12-06T08:10:33.252+0000] {dagbag.py:539} INFO - Filling up the DagBag from /home/airflow/.local/lib/python3.8/site-packages/airflow/example_dags/example_local_kubernetes_executor.py
[2023-12-06T08:10:33.544+0000] {processor.py:839} INFO - DAG(s) dict_keys(['example_local_kubernetes_executor']) retrieved from /home/airflow/.local/lib/python3.8/site-packages/airflow/example_dags/example_local_kubernetes_executor.py
[2023-12-06T08:10:33.576+0000] {logging_mixin.py:151} INFO - [2023-12-06T08:10:33.574+0000] {dag.py:2915} INFO - Sync 1 DAGs
[2023-12-06T08:10:33.584+0000] {logging_mixin.py:151} INFO - [2023-12-06T08:10:33.584+0000] {dag.py:3696} INFO - Setting next_dagrun for example_local_kubernetes_executor to None, run_after=None
[2023-12-06T08:10:33.596+0000] {processor.py:179} INFO - Processing /home/airflow/.local/lib/python3.8/site-packages/airflow/example_dags/example_local_kubernetes_executor.py took 0.348 seconds
[2023-12-06T09:17:52.108+0000] {processor.py:157} INFO - Started process (PID=60885) to work on /home/airflow/.local/lib/python3.8/site-packages/airflow/example_dags/example_local_kubernetes_executor.py
[2023-12-06T09:17:52.109+0000] {processor.py:829} INFO - Processing file /home/airflow/.local/lib/python3.8/site-packages/airflow/example_dags/example_local_kubernetes_executor.py for tasks to queue
[2023-12-06T09:17:52.111+0000] {logging_mixin.py:151} INFO - [2023-12-06T09:17:52.111+0000] {dagbag.py:539} INFO - Filling up the DagBag from /home/airflow/.local/lib/python3.8/site-packages/airflow/example_dags/example_local_kubernetes_executor.py
[2023-12-06T09:17:52.437+0000] {processor.py:839} INFO - DAG(s) dict_keys(['example_local_kubernetes_executor']) retrieved from /home/airflow/.local/lib/python3.8/site-packages/airflow/example_dags/example_local_kubernetes_executor.py
[2023-12-06T09:17:52.466+0000] {logging_mixin.py:151} INFO - [2023-12-06T09:17:52.466+0000] {dag.py:2915} INFO - Sync 1 DAGs
[2023-12-06T09:17:52.474+0000] {logging_mixin.py:151} INFO - [2023-12-06T09:17:52.474+0000] {dag.py:3696} INFO - Setting next_dagrun for example_local_kubernetes_executor to None, run_after=None
[2023-12-06T09:17:52.489+0000] {processor.py:179} INFO - Processing /home/airflow/.local/lib/python3.8/site-packages/airflow/example_dags/example_local_kubernetes_executor.py took 0.383 seconds
[2023-12-06T09:20:56.069+0000] {processor.py:157} INFO - Started process (PID=60939) to work on /home/airflow/.local/lib/python3.8/site-packages/airflow/example_dags/example_local_kubernetes_executor.py
[2023-12-06T09:20:56.070+0000] {processor.py:829} INFO - Processing file /home/airflow/.local/lib/python3.8/site-packages/airflow/example_dags/example_local_kubernetes_executor.py for tasks to queue
[2023-12-06T09:20:56.072+0000] {logging_mixin.py:151} INFO - [2023-12-06T09:20:56.071+0000] {dagbag.py:539} INFO - Filling up the DagBag from /home/airflow/.local/lib/python3.8/site-packages/airflow/example_dags/example_local_kubernetes_executor.py
[2023-12-06T09:20:56.378+0000] {processor.py:839} INFO - DAG(s) dict_keys(['example_local_kubernetes_executor']) retrieved from /home/airflow/.local/lib/python3.8/site-packages/airflow/example_dags/example_local_kubernetes_executor.py
[2023-12-06T09:20:56.406+0000] {logging_mixin.py:151} INFO - [2023-12-06T09:20:56.405+0000] {dag.py:2915} INFO - Sync 1 DAGs
[2023-12-06T09:20:56.414+0000] {logging_mixin.py:151} INFO - [2023-12-06T09:20:56.414+0000] {dag.py:3696} INFO - Setting next_dagrun for example_local_kubernetes_executor to None, run_after=None
[2023-12-06T09:20:56.432+0000] {processor.py:179} INFO - Processing /home/airflow/.local/lib/python3.8/site-packages/airflow/example_dags/example_local_kubernetes_executor.py took 0.365 seconds
[2023-12-06T09:34:34.885+0000] {processor.py:157} INFO - Started process (PID=60993) to work on /home/airflow/.local/lib/python3.8/site-packages/airflow/example_dags/example_local_kubernetes_executor.py
[2023-12-06T09:34:34.886+0000] {processor.py:829} INFO - Processing file /home/airflow/.local/lib/python3.8/site-packages/airflow/example_dags/example_local_kubernetes_executor.py for tasks to queue
[2023-12-06T09:34:34.888+0000] {logging_mixin.py:151} INFO - [2023-12-06T09:34:34.887+0000] {dagbag.py:539} INFO - Filling up the DagBag from /home/airflow/.local/lib/python3.8/site-packages/airflow/example_dags/example_local_kubernetes_executor.py
[2023-12-06T09:34:35.503+0000] {processor.py:839} INFO - DAG(s) dict_keys(['example_local_kubernetes_executor']) retrieved from /home/airflow/.local/lib/python3.8/site-packages/airflow/example_dags/example_local_kubernetes_executor.py
[2023-12-06T09:34:35.544+0000] {logging_mixin.py:151} INFO - [2023-12-06T09:34:35.543+0000] {dag.py:2915} INFO - Sync 1 DAGs
[2023-12-06T09:34:35.553+0000] {logging_mixin.py:151} INFO - [2023-12-06T09:34:35.553+0000] {dag.py:3696} INFO - Setting next_dagrun for example_local_kubernetes_executor to None, run_after=None
[2023-12-06T09:34:35.565+0000] {processor.py:179} INFO - Processing /home/airflow/.local/lib/python3.8/site-packages/airflow/example_dags/example_local_kubernetes_executor.py took 0.684 seconds
[2023-12-06T10:41:50.354+0000] {processor.py:157} INFO - Started process (PID=61047) to work on /home/airflow/.local/lib/python3.8/site-packages/airflow/example_dags/example_local_kubernetes_executor.py
[2023-12-06T10:41:50.356+0000] {processor.py:829} INFO - Processing file /home/airflow/.local/lib/python3.8/site-packages/airflow/example_dags/example_local_kubernetes_executor.py for tasks to queue
[2023-12-06T10:41:50.357+0000] {logging_mixin.py:151} INFO - [2023-12-06T10:41:50.357+0000] {dagbag.py:539} INFO - Filling up the DagBag from /home/airflow/.local/lib/python3.8/site-packages/airflow/example_dags/example_local_kubernetes_executor.py
[2023-12-06T10:41:50.713+0000] {processor.py:839} INFO - DAG(s) dict_keys(['example_local_kubernetes_executor']) retrieved from /home/airflow/.local/lib/python3.8/site-packages/airflow/example_dags/example_local_kubernetes_executor.py
[2023-12-06T10:41:50.757+0000] {logging_mixin.py:151} INFO - [2023-12-06T10:41:50.755+0000] {dag.py:2915} INFO - Sync 1 DAGs
[2023-12-06T10:41:50.765+0000] {logging_mixin.py:151} INFO - [2023-12-06T10:41:50.765+0000] {dag.py:3696} INFO - Setting next_dagrun for example_local_kubernetes_executor to None, run_after=None
[2023-12-06T10:41:50.777+0000] {processor.py:179} INFO - Processing /home/airflow/.local/lib/python3.8/site-packages/airflow/example_dags/example_local_kubernetes_executor.py took 0.425 seconds
[2023-12-06T11:14:07.983+0000] {processor.py:157} INFO - Started process (PID=61101) to work on /home/airflow/.local/lib/python3.8/site-packages/airflow/example_dags/example_local_kubernetes_executor.py
[2023-12-06T11:14:07.984+0000] {processor.py:829} INFO - Processing file /home/airflow/.local/lib/python3.8/site-packages/airflow/example_dags/example_local_kubernetes_executor.py for tasks to queue
[2023-12-06T11:14:07.986+0000] {logging_mixin.py:151} INFO - [2023-12-06T11:14:07.985+0000] {dagbag.py:539} INFO - Filling up the DagBag from /home/airflow/.local/lib/python3.8/site-packages/airflow/example_dags/example_local_kubernetes_executor.py
[2023-12-06T11:14:08.528+0000] {processor.py:839} INFO - DAG(s) dict_keys(['example_local_kubernetes_executor']) retrieved from /home/airflow/.local/lib/python3.8/site-packages/airflow/example_dags/example_local_kubernetes_executor.py
[2023-12-06T11:14:08.562+0000] {logging_mixin.py:151} INFO - [2023-12-06T11:14:08.560+0000] {dag.py:2915} INFO - Sync 1 DAGs
[2023-12-06T11:14:08.580+0000] {logging_mixin.py:151} INFO - [2023-12-06T11:14:08.579+0000] {dag.py:3696} INFO - Setting next_dagrun for example_local_kubernetes_executor to None, run_after=None
[2023-12-06T11:14:08.595+0000] {processor.py:179} INFO - Processing /home/airflow/.local/lib/python3.8/site-packages/airflow/example_dags/example_local_kubernetes_executor.py took 0.615 seconds
[2023-12-06T11:26:16.377+0000] {processor.py:157} INFO - Started process (PID=61155) to work on /home/airflow/.local/lib/python3.8/site-packages/airflow/example_dags/example_local_kubernetes_executor.py
[2023-12-06T11:26:16.378+0000] {processor.py:829} INFO - Processing file /home/airflow/.local/lib/python3.8/site-packages/airflow/example_dags/example_local_kubernetes_executor.py for tasks to queue
[2023-12-06T11:26:16.383+0000] {logging_mixin.py:151} INFO - [2023-12-06T11:26:16.382+0000] {dagbag.py:539} INFO - Filling up the DagBag from /home/airflow/.local/lib/python3.8/site-packages/airflow/example_dags/example_local_kubernetes_executor.py
[2023-12-06T11:26:16.850+0000] {processor.py:839} INFO - DAG(s) dict_keys(['example_local_kubernetes_executor']) retrieved from /home/airflow/.local/lib/python3.8/site-packages/airflow/example_dags/example_local_kubernetes_executor.py
[2023-12-06T11:26:16.879+0000] {logging_mixin.py:151} INFO - [2023-12-06T11:26:16.879+0000] {dag.py:2915} INFO - Sync 1 DAGs
[2023-12-06T11:26:16.887+0000] {logging_mixin.py:151} INFO - [2023-12-06T11:26:16.887+0000] {dag.py:3696} INFO - Setting next_dagrun for example_local_kubernetes_executor to None, run_after=None
[2023-12-06T11:26:16.899+0000] {processor.py:179} INFO - Processing /home/airflow/.local/lib/python3.8/site-packages/airflow/example_dags/example_local_kubernetes_executor.py took 0.526 seconds
[2023-12-06T12:27:11.604+0000] {processor.py:157} INFO - Started process (PID=61209) to work on /home/airflow/.local/lib/python3.8/site-packages/airflow/example_dags/example_local_kubernetes_executor.py
[2023-12-06T12:27:11.605+0000] {processor.py:829} INFO - Processing file /home/airflow/.local/lib/python3.8/site-packages/airflow/example_dags/example_local_kubernetes_executor.py for tasks to queue
[2023-12-06T12:27:11.606+0000] {logging_mixin.py:151} INFO - [2023-12-06T12:27:11.606+0000] {dagbag.py:539} INFO - Filling up the DagBag from /home/airflow/.local/lib/python3.8/site-packages/airflow/example_dags/example_local_kubernetes_executor.py
[2023-12-06T12:27:12.833+0000] {processor.py:839} INFO - DAG(s) dict_keys(['example_local_kubernetes_executor']) retrieved from /home/airflow/.local/lib/python3.8/site-packages/airflow/example_dags/example_local_kubernetes_executor.py
[2023-12-06T12:27:12.877+0000] {logging_mixin.py:151} INFO - [2023-12-06T12:27:12.877+0000] {dag.py:2915} INFO - Sync 1 DAGs
[2023-12-06T12:27:12.886+0000] {logging_mixin.py:151} INFO - [2023-12-06T12:27:12.886+0000] {dag.py:3696} INFO - Setting next_dagrun for example_local_kubernetes_executor to None, run_after=None
[2023-12-06T12:27:12.906+0000] {processor.py:179} INFO - Processing /home/airflow/.local/lib/python3.8/site-packages/airflow/example_dags/example_local_kubernetes_executor.py took 1.304 seconds
[2023-12-06T12:35:57.541+0000] {processor.py:157} INFO - Started process (PID=61263) to work on /home/airflow/.local/lib/python3.8/site-packages/airflow/example_dags/example_local_kubernetes_executor.py
[2023-12-06T12:35:57.542+0000] {processor.py:829} INFO - Processing file /home/airflow/.local/lib/python3.8/site-packages/airflow/example_dags/example_local_kubernetes_executor.py for tasks to queue
[2023-12-06T12:35:57.543+0000] {logging_mixin.py:151} INFO - [2023-12-06T12:35:57.543+0000] {dagbag.py:539} INFO - Filling up the DagBag from /home/airflow/.local/lib/python3.8/site-packages/airflow/example_dags/example_local_kubernetes_executor.py
[2023-12-06T12:35:57.818+0000] {processor.py:839} INFO - DAG(s) dict_keys(['example_local_kubernetes_executor']) retrieved from /home/airflow/.local/lib/python3.8/site-packages/airflow/example_dags/example_local_kubernetes_executor.py
[2023-12-06T12:35:57.845+0000] {logging_mixin.py:151} INFO - [2023-12-06T12:35:57.844+0000] {dag.py:2915} INFO - Sync 1 DAGs
[2023-12-06T12:35:57.852+0000] {logging_mixin.py:151} INFO - [2023-12-06T12:35:57.852+0000] {dag.py:3696} INFO - Setting next_dagrun for example_local_kubernetes_executor to None, run_after=None
[2023-12-06T12:35:57.862+0000] {processor.py:179} INFO - Processing /home/airflow/.local/lib/python3.8/site-packages/airflow/example_dags/example_local_kubernetes_executor.py took 0.323 seconds
[2023-12-06T12:40:03.938+0000] {processor.py:157} INFO - Started process (PID=61316) to work on /home/airflow/.local/lib/python3.8/site-packages/airflow/example_dags/example_local_kubernetes_executor.py
[2023-12-06T12:40:03.943+0000] {processor.py:829} INFO - Processing file /home/airflow/.local/lib/python3.8/site-packages/airflow/example_dags/example_local_kubernetes_executor.py for tasks to queue
[2023-12-06T12:40:03.959+0000] {logging_mixin.py:151} INFO - [2023-12-06T12:40:03.958+0000] {dagbag.py:539} INFO - Filling up the DagBag from /home/airflow/.local/lib/python3.8/site-packages/airflow/example_dags/example_local_kubernetes_executor.py
[2023-12-06T12:40:04.591+0000] {processor.py:839} INFO - DAG(s) dict_keys(['example_local_kubernetes_executor']) retrieved from /home/airflow/.local/lib/python3.8/site-packages/airflow/example_dags/example_local_kubernetes_executor.py
[2023-12-06T12:40:04.638+0000] {logging_mixin.py:151} INFO - [2023-12-06T12:40:04.637+0000] {dag.py:2915} INFO - Sync 1 DAGs
[2023-12-06T12:40:04.650+0000] {logging_mixin.py:151} INFO - [2023-12-06T12:40:04.650+0000] {dag.py:3696} INFO - Setting next_dagrun for example_local_kubernetes_executor to None, run_after=None
[2023-12-06T12:40:04.667+0000] {processor.py:179} INFO - Processing /home/airflow/.local/lib/python3.8/site-packages/airflow/example_dags/example_local_kubernetes_executor.py took 0.732 seconds
[2023-12-06T12:40:36.704+0000] {processor.py:157} INFO - Started process (PID=61370) to work on /home/airflow/.local/lib/python3.8/site-packages/airflow/example_dags/example_local_kubernetes_executor.py
[2023-12-06T12:40:36.705+0000] {processor.py:829} INFO - Processing file /home/airflow/.local/lib/python3.8/site-packages/airflow/example_dags/example_local_kubernetes_executor.py for tasks to queue
[2023-12-06T12:40:36.706+0000] {logging_mixin.py:151} INFO - [2023-12-06T12:40:36.706+0000] {dagbag.py:539} INFO - Filling up the DagBag from /home/airflow/.local/lib/python3.8/site-packages/airflow/example_dags/example_local_kubernetes_executor.py
[2023-12-06T12:40:36.968+0000] {processor.py:839} INFO - DAG(s) dict_keys(['example_local_kubernetes_executor']) retrieved from /home/airflow/.local/lib/python3.8/site-packages/airflow/example_dags/example_local_kubernetes_executor.py
[2023-12-06T12:40:36.997+0000] {logging_mixin.py:151} INFO - [2023-12-06T12:40:36.997+0000] {dag.py:2915} INFO - Sync 1 DAGs
[2023-12-06T12:40:37.016+0000] {logging_mixin.py:151} INFO - [2023-12-06T12:40:37.016+0000] {dag.py:3696} INFO - Setting next_dagrun for example_local_kubernetes_executor to None, run_after=None
[2023-12-06T12:40:37.035+0000] {processor.py:179} INFO - Processing /home/airflow/.local/lib/python3.8/site-packages/airflow/example_dags/example_local_kubernetes_executor.py took 0.334 seconds
[2023-12-06T12:43:31.158+0000] {processor.py:157} INFO - Started process (PID=61424) to work on /home/airflow/.local/lib/python3.8/site-packages/airflow/example_dags/example_local_kubernetes_executor.py
[2023-12-06T12:43:31.159+0000] {processor.py:829} INFO - Processing file /home/airflow/.local/lib/python3.8/site-packages/airflow/example_dags/example_local_kubernetes_executor.py for tasks to queue
[2023-12-06T12:43:31.160+0000] {logging_mixin.py:151} INFO - [2023-12-06T12:43:31.160+0000] {dagbag.py:539} INFO - Filling up the DagBag from /home/airflow/.local/lib/python3.8/site-packages/airflow/example_dags/example_local_kubernetes_executor.py
[2023-12-06T12:43:31.447+0000] {processor.py:839} INFO - DAG(s) dict_keys(['example_local_kubernetes_executor']) retrieved from /home/airflow/.local/lib/python3.8/site-packages/airflow/example_dags/example_local_kubernetes_executor.py
[2023-12-06T12:43:31.474+0000] {logging_mixin.py:151} INFO - [2023-12-06T12:43:31.473+0000] {dag.py:2915} INFO - Sync 1 DAGs
[2023-12-06T12:43:31.491+0000] {logging_mixin.py:151} INFO - [2023-12-06T12:43:31.490+0000] {dag.py:3696} INFO - Setting next_dagrun for example_local_kubernetes_executor to None, run_after=None
[2023-12-06T12:43:31.521+0000] {processor.py:179} INFO - Processing /home/airflow/.local/lib/python3.8/site-packages/airflow/example_dags/example_local_kubernetes_executor.py took 0.365 seconds
[2023-12-06T13:11:34.526+0000] {processor.py:157} INFO - Started process (PID=61478) to work on /home/airflow/.local/lib/python3.8/site-packages/airflow/example_dags/example_local_kubernetes_executor.py
[2023-12-06T13:11:34.527+0000] {processor.py:829} INFO - Processing file /home/airflow/.local/lib/python3.8/site-packages/airflow/example_dags/example_local_kubernetes_executor.py for tasks to queue
[2023-12-06T13:11:34.528+0000] {logging_mixin.py:151} INFO - [2023-12-06T13:11:34.528+0000] {dagbag.py:539} INFO - Filling up the DagBag from /home/airflow/.local/lib/python3.8/site-packages/airflow/example_dags/example_local_kubernetes_executor.py
[2023-12-06T13:11:34.986+0000] {processor.py:839} INFO - DAG(s) dict_keys(['example_local_kubernetes_executor']) retrieved from /home/airflow/.local/lib/python3.8/site-packages/airflow/example_dags/example_local_kubernetes_executor.py
[2023-12-06T13:11:35.014+0000] {logging_mixin.py:151} INFO - [2023-12-06T13:11:35.013+0000] {dag.py:2915} INFO - Sync 1 DAGs
[2023-12-06T13:11:35.022+0000] {logging_mixin.py:151} INFO - [2023-12-06T13:11:35.022+0000] {dag.py:3696} INFO - Setting next_dagrun for example_local_kubernetes_executor to None, run_after=None
[2023-12-06T13:11:35.033+0000] {processor.py:179} INFO - Processing /home/airflow/.local/lib/python3.8/site-packages/airflow/example_dags/example_local_kubernetes_executor.py took 0.510 seconds
[2023-12-06T13:44:33.822+0000] {processor.py:157} INFO - Started process (PID=61532) to work on /home/airflow/.local/lib/python3.8/site-packages/airflow/example_dags/example_local_kubernetes_executor.py
[2023-12-06T13:44:33.823+0000] {processor.py:829} INFO - Processing file /home/airflow/.local/lib/python3.8/site-packages/airflow/example_dags/example_local_kubernetes_executor.py for tasks to queue
[2023-12-06T13:44:33.825+0000] {logging_mixin.py:151} INFO - [2023-12-06T13:44:33.825+0000] {dagbag.py:539} INFO - Filling up the DagBag from /home/airflow/.local/lib/python3.8/site-packages/airflow/example_dags/example_local_kubernetes_executor.py
[2023-12-06T13:44:34.243+0000] {processor.py:839} INFO - DAG(s) dict_keys(['example_local_kubernetes_executor']) retrieved from /home/airflow/.local/lib/python3.8/site-packages/airflow/example_dags/example_local_kubernetes_executor.py
[2023-12-06T13:44:34.287+0000] {logging_mixin.py:151} INFO - [2023-12-06T13:44:34.286+0000] {dag.py:2915} INFO - Sync 1 DAGs
[2023-12-06T13:44:34.303+0000] {logging_mixin.py:151} INFO - [2023-12-06T13:44:34.303+0000] {dag.py:3696} INFO - Setting next_dagrun for example_local_kubernetes_executor to None, run_after=None
[2023-12-06T13:44:34.317+0000] {processor.py:179} INFO - Processing /home/airflow/.local/lib/python3.8/site-packages/airflow/example_dags/example_local_kubernetes_executor.py took 0.497 seconds
[2023-12-06T14:08:22.390+0000] {processor.py:157} INFO - Started process (PID=61586) to work on /home/airflow/.local/lib/python3.8/site-packages/airflow/example_dags/example_local_kubernetes_executor.py
[2023-12-06T14:08:22.391+0000] {processor.py:829} INFO - Processing file /home/airflow/.local/lib/python3.8/site-packages/airflow/example_dags/example_local_kubernetes_executor.py for tasks to queue
[2023-12-06T14:08:22.393+0000] {logging_mixin.py:151} INFO - [2023-12-06T14:08:22.393+0000] {dagbag.py:539} INFO - Filling up the DagBag from /home/airflow/.local/lib/python3.8/site-packages/airflow/example_dags/example_local_kubernetes_executor.py
[2023-12-06T14:08:22.958+0000] {processor.py:839} INFO - DAG(s) dict_keys(['example_local_kubernetes_executor']) retrieved from /home/airflow/.local/lib/python3.8/site-packages/airflow/example_dags/example_local_kubernetes_executor.py
[2023-12-06T14:08:23.001+0000] {logging_mixin.py:151} INFO - [2023-12-06T14:08:23.001+0000] {dag.py:2915} INFO - Sync 1 DAGs
[2023-12-06T14:08:23.011+0000] {logging_mixin.py:151} INFO - [2023-12-06T14:08:23.011+0000] {dag.py:3696} INFO - Setting next_dagrun for example_local_kubernetes_executor to None, run_after=None
[2023-12-06T14:08:23.026+0000] {processor.py:179} INFO - Processing /home/airflow/.local/lib/python3.8/site-packages/airflow/example_dags/example_local_kubernetes_executor.py took 0.639 seconds
[2023-12-06T14:24:41.202+0000] {processor.py:157} INFO - Started process (PID=61647) to work on /home/airflow/.local/lib/python3.8/site-packages/airflow/example_dags/example_local_kubernetes_executor.py
[2023-12-06T14:24:41.204+0000] {processor.py:829} INFO - Processing file /home/airflow/.local/lib/python3.8/site-packages/airflow/example_dags/example_local_kubernetes_executor.py for tasks to queue
[2023-12-06T14:24:41.206+0000] {logging_mixin.py:151} INFO - [2023-12-06T14:24:41.205+0000] {dagbag.py:539} INFO - Filling up the DagBag from /home/airflow/.local/lib/python3.8/site-packages/airflow/example_dags/example_local_kubernetes_executor.py
[2023-12-06T14:24:41.908+0000] {processor.py:839} INFO - DAG(s) dict_keys(['example_local_kubernetes_executor']) retrieved from /home/airflow/.local/lib/python3.8/site-packages/airflow/example_dags/example_local_kubernetes_executor.py
[2023-12-06T14:24:42.013+0000] {logging_mixin.py:151} INFO - [2023-12-06T14:24:42.012+0000] {dag.py:2915} INFO - Sync 1 DAGs
[2023-12-06T14:24:42.033+0000] {logging_mixin.py:151} INFO - [2023-12-06T14:24:42.032+0000] {dag.py:3696} INFO - Setting next_dagrun for example_local_kubernetes_executor to None, run_after=None
[2023-12-06T14:24:42.057+0000] {processor.py:179} INFO - Processing /home/airflow/.local/lib/python3.8/site-packages/airflow/example_dags/example_local_kubernetes_executor.py took 0.859 seconds
[2023-12-06T14:25:12.891+0000] {processor.py:157} INFO - Started process (PID=61702) to work on /home/airflow/.local/lib/python3.8/site-packages/airflow/example_dags/example_local_kubernetes_executor.py
[2023-12-06T14:25:12.893+0000] {processor.py:829} INFO - Processing file /home/airflow/.local/lib/python3.8/site-packages/airflow/example_dags/example_local_kubernetes_executor.py for tasks to queue
[2023-12-06T14:25:12.897+0000] {logging_mixin.py:151} INFO - [2023-12-06T14:25:12.896+0000] {dagbag.py:539} INFO - Filling up the DagBag from /home/airflow/.local/lib/python3.8/site-packages/airflow/example_dags/example_local_kubernetes_executor.py
[2023-12-06T14:25:13.596+0000] {processor.py:839} INFO - DAG(s) dict_keys(['example_local_kubernetes_executor']) retrieved from /home/airflow/.local/lib/python3.8/site-packages/airflow/example_dags/example_local_kubernetes_executor.py
[2023-12-06T14:25:13.661+0000] {logging_mixin.py:151} INFO - [2023-12-06T14:25:13.660+0000] {dag.py:2915} INFO - Sync 1 DAGs
[2023-12-06T14:25:13.681+0000] {logging_mixin.py:151} INFO - [2023-12-06T14:25:13.680+0000] {dag.py:3696} INFO - Setting next_dagrun for example_local_kubernetes_executor to None, run_after=None
[2023-12-06T14:25:13.704+0000] {processor.py:179} INFO - Processing /home/airflow/.local/lib/python3.8/site-packages/airflow/example_dags/example_local_kubernetes_executor.py took 0.823 seconds
[2023-12-06T14:25:44.029+0000] {processor.py:157} INFO - Started process (PID=61756) to work on /home/airflow/.local/lib/python3.8/site-packages/airflow/example_dags/example_local_kubernetes_executor.py
[2023-12-06T14:25:44.031+0000] {processor.py:829} INFO - Processing file /home/airflow/.local/lib/python3.8/site-packages/airflow/example_dags/example_local_kubernetes_executor.py for tasks to queue
[2023-12-06T14:25:44.033+0000] {logging_mixin.py:151} INFO - [2023-12-06T14:25:44.032+0000] {dagbag.py:539} INFO - Filling up the DagBag from /home/airflow/.local/lib/python3.8/site-packages/airflow/example_dags/example_local_kubernetes_executor.py
[2023-12-06T14:25:44.543+0000] {processor.py:839} INFO - DAG(s) dict_keys(['example_local_kubernetes_executor']) retrieved from /home/airflow/.local/lib/python3.8/site-packages/airflow/example_dags/example_local_kubernetes_executor.py
[2023-12-06T14:25:44.591+0000] {logging_mixin.py:151} INFO - [2023-12-06T14:25:44.591+0000] {dag.py:2915} INFO - Sync 1 DAGs
[2023-12-06T14:25:44.604+0000] {logging_mixin.py:151} INFO - [2023-12-06T14:25:44.603+0000] {dag.py:3696} INFO - Setting next_dagrun for example_local_kubernetes_executor to None, run_after=None
[2023-12-06T14:25:44.617+0000] {processor.py:179} INFO - Processing /home/airflow/.local/lib/python3.8/site-packages/airflow/example_dags/example_local_kubernetes_executor.py took 0.591 seconds
[2023-12-06T14:26:15.479+0000] {processor.py:157} INFO - Started process (PID=61810) to work on /home/airflow/.local/lib/python3.8/site-packages/airflow/example_dags/example_local_kubernetes_executor.py
[2023-12-06T14:26:15.489+0000] {processor.py:829} INFO - Processing file /home/airflow/.local/lib/python3.8/site-packages/airflow/example_dags/example_local_kubernetes_executor.py for tasks to queue
[2023-12-06T14:26:15.508+0000] {logging_mixin.py:151} INFO - [2023-12-06T14:26:15.507+0000] {dagbag.py:539} INFO - Filling up the DagBag from /home/airflow/.local/lib/python3.8/site-packages/airflow/example_dags/example_local_kubernetes_executor.py
[2023-12-06T14:26:16.465+0000] {processor.py:839} INFO - DAG(s) dict_keys(['example_local_kubernetes_executor']) retrieved from /home/airflow/.local/lib/python3.8/site-packages/airflow/example_dags/example_local_kubernetes_executor.py
[2023-12-06T14:26:16.569+0000] {logging_mixin.py:151} INFO - [2023-12-06T14:26:16.560+0000] {dag.py:2915} INFO - Sync 1 DAGs
[2023-12-06T14:26:16.584+0000] {logging_mixin.py:151} INFO - [2023-12-06T14:26:16.584+0000] {dag.py:3696} INFO - Setting next_dagrun for example_local_kubernetes_executor to None, run_after=None
[2023-12-06T14:26:16.604+0000] {processor.py:179} INFO - Processing /home/airflow/.local/lib/python3.8/site-packages/airflow/example_dags/example_local_kubernetes_executor.py took 1.136 seconds
[2023-12-06T14:26:46.802+0000] {processor.py:157} INFO - Started process (PID=61864) to work on /home/airflow/.local/lib/python3.8/site-packages/airflow/example_dags/example_local_kubernetes_executor.py
[2023-12-06T14:26:46.804+0000] {processor.py:829} INFO - Processing file /home/airflow/.local/lib/python3.8/site-packages/airflow/example_dags/example_local_kubernetes_executor.py for tasks to queue
[2023-12-06T14:26:46.809+0000] {logging_mixin.py:151} INFO - [2023-12-06T14:26:46.808+0000] {dagbag.py:539} INFO - Filling up the DagBag from /home/airflow/.local/lib/python3.8/site-packages/airflow/example_dags/example_local_kubernetes_executor.py
[2023-12-06T14:26:47.302+0000] {processor.py:839} INFO - DAG(s) dict_keys(['example_local_kubernetes_executor']) retrieved from /home/airflow/.local/lib/python3.8/site-packages/airflow/example_dags/example_local_kubernetes_executor.py
[2023-12-06T14:26:47.355+0000] {logging_mixin.py:151} INFO - [2023-12-06T14:26:47.355+0000] {dag.py:2915} INFO - Sync 1 DAGs
[2023-12-06T14:26:47.367+0000] {logging_mixin.py:151} INFO - [2023-12-06T14:26:47.367+0000] {dag.py:3696} INFO - Setting next_dagrun for example_local_kubernetes_executor to None, run_after=None
[2023-12-06T14:26:47.382+0000] {processor.py:179} INFO - Processing /home/airflow/.local/lib/python3.8/site-packages/airflow/example_dags/example_local_kubernetes_executor.py took 0.588 seconds
[2023-12-06T14:27:17.827+0000] {processor.py:157} INFO - Started process (PID=61918) to work on /home/airflow/.local/lib/python3.8/site-packages/airflow/example_dags/example_local_kubernetes_executor.py
[2023-12-06T14:27:17.829+0000] {processor.py:829} INFO - Processing file /home/airflow/.local/lib/python3.8/site-packages/airflow/example_dags/example_local_kubernetes_executor.py for tasks to queue
[2023-12-06T14:27:17.833+0000] {logging_mixin.py:151} INFO - [2023-12-06T14:27:17.832+0000] {dagbag.py:539} INFO - Filling up the DagBag from /home/airflow/.local/lib/python3.8/site-packages/airflow/example_dags/example_local_kubernetes_executor.py
[2023-12-06T14:27:18.345+0000] {processor.py:839} INFO - DAG(s) dict_keys(['example_local_kubernetes_executor']) retrieved from /home/airflow/.local/lib/python3.8/site-packages/airflow/example_dags/example_local_kubernetes_executor.py
[2023-12-06T14:27:18.391+0000] {logging_mixin.py:151} INFO - [2023-12-06T14:27:18.390+0000] {dag.py:2915} INFO - Sync 1 DAGs
[2023-12-06T14:27:18.401+0000] {logging_mixin.py:151} INFO - [2023-12-06T14:27:18.401+0000] {dag.py:3696} INFO - Setting next_dagrun for example_local_kubernetes_executor to None, run_after=None
[2023-12-06T14:27:18.418+0000] {processor.py:179} INFO - Processing /home/airflow/.local/lib/python3.8/site-packages/airflow/example_dags/example_local_kubernetes_executor.py took 0.597 seconds
[2023-12-06T14:27:48.744+0000] {processor.py:157} INFO - Started process (PID=61972) to work on /home/airflow/.local/lib/python3.8/site-packages/airflow/example_dags/example_local_kubernetes_executor.py
[2023-12-06T14:27:48.746+0000] {processor.py:829} INFO - Processing file /home/airflow/.local/lib/python3.8/site-packages/airflow/example_dags/example_local_kubernetes_executor.py for tasks to queue
[2023-12-06T14:27:48.750+0000] {logging_mixin.py:151} INFO - [2023-12-06T14:27:48.749+0000] {dagbag.py:539} INFO - Filling up the DagBag from /home/airflow/.local/lib/python3.8/site-packages/airflow/example_dags/example_local_kubernetes_executor.py
[2023-12-06T14:27:49.370+0000] {processor.py:839} INFO - DAG(s) dict_keys(['example_local_kubernetes_executor']) retrieved from /home/airflow/.local/lib/python3.8/site-packages/airflow/example_dags/example_local_kubernetes_executor.py
[2023-12-06T14:27:49.401+0000] {logging_mixin.py:151} INFO - [2023-12-06T14:27:49.399+0000] {dag.py:2915} INFO - Sync 1 DAGs
[2023-12-06T14:27:49.417+0000] {logging_mixin.py:151} INFO - [2023-12-06T14:27:49.416+0000] {dag.py:3696} INFO - Setting next_dagrun for example_local_kubernetes_executor to None, run_after=None
[2023-12-06T14:27:49.431+0000] {processor.py:179} INFO - Processing /home/airflow/.local/lib/python3.8/site-packages/airflow/example_dags/example_local_kubernetes_executor.py took 0.692 seconds
[2023-12-06T14:28:24.766+0000] {processor.py:157} INFO - Started process (PID=62025) to work on /home/airflow/.local/lib/python3.8/site-packages/airflow/example_dags/example_local_kubernetes_executor.py
[2023-12-06T14:28:24.767+0000] {processor.py:829} INFO - Processing file /home/airflow/.local/lib/python3.8/site-packages/airflow/example_dags/example_local_kubernetes_executor.py for tasks to queue
[2023-12-06T14:28:24.769+0000] {logging_mixin.py:151} INFO - [2023-12-06T14:28:24.769+0000] {dagbag.py:539} INFO - Filling up the DagBag from /home/airflow/.local/lib/python3.8/site-packages/airflow/example_dags/example_local_kubernetes_executor.py
[2023-12-06T14:28:25.405+0000] {processor.py:839} INFO - DAG(s) dict_keys(['example_local_kubernetes_executor']) retrieved from /home/airflow/.local/lib/python3.8/site-packages/airflow/example_dags/example_local_kubernetes_executor.py
[2023-12-06T14:28:25.498+0000] {logging_mixin.py:151} INFO - [2023-12-06T14:28:25.496+0000] {dag.py:2915} INFO - Sync 1 DAGs
[2023-12-06T14:28:25.512+0000] {logging_mixin.py:151} INFO - [2023-12-06T14:28:25.512+0000] {dag.py:3696} INFO - Setting next_dagrun for example_local_kubernetes_executor to None, run_after=None
[2023-12-06T14:28:25.536+0000] {processor.py:179} INFO - Processing /home/airflow/.local/lib/python3.8/site-packages/airflow/example_dags/example_local_kubernetes_executor.py took 0.772 seconds
[2023-12-06T14:28:56.604+0000] {processor.py:157} INFO - Started process (PID=62080) to work on /home/airflow/.local/lib/python3.8/site-packages/airflow/example_dags/example_local_kubernetes_executor.py
[2023-12-06T14:28:56.607+0000] {processor.py:829} INFO - Processing file /home/airflow/.local/lib/python3.8/site-packages/airflow/example_dags/example_local_kubernetes_executor.py for tasks to queue
[2023-12-06T14:28:56.626+0000] {logging_mixin.py:151} INFO - [2023-12-06T14:28:56.625+0000] {dagbag.py:539} INFO - Filling up the DagBag from /home/airflow/.local/lib/python3.8/site-packages/airflow/example_dags/example_local_kubernetes_executor.py
[2023-12-06T14:28:57.431+0000] {processor.py:839} INFO - DAG(s) dict_keys(['example_local_kubernetes_executor']) retrieved from /home/airflow/.local/lib/python3.8/site-packages/airflow/example_dags/example_local_kubernetes_executor.py
[2023-12-06T14:28:57.507+0000] {logging_mixin.py:151} INFO - [2023-12-06T14:28:57.503+0000] {dag.py:2915} INFO - Sync 1 DAGs
[2023-12-06T14:28:57.520+0000] {logging_mixin.py:151} INFO - [2023-12-06T14:28:57.520+0000] {dag.py:3696} INFO - Setting next_dagrun for example_local_kubernetes_executor to None, run_after=None
[2023-12-06T14:28:57.539+0000] {processor.py:179} INFO - Processing /home/airflow/.local/lib/python3.8/site-packages/airflow/example_dags/example_local_kubernetes_executor.py took 0.944 seconds
[2023-12-06T14:29:28.152+0000] {processor.py:157} INFO - Started process (PID=62134) to work on /home/airflow/.local/lib/python3.8/site-packages/airflow/example_dags/example_local_kubernetes_executor.py
[2023-12-06T14:29:28.155+0000] {processor.py:829} INFO - Processing file /home/airflow/.local/lib/python3.8/site-packages/airflow/example_dags/example_local_kubernetes_executor.py for tasks to queue
[2023-12-06T14:29:28.171+0000] {logging_mixin.py:151} INFO - [2023-12-06T14:29:28.171+0000] {dagbag.py:539} INFO - Filling up the DagBag from /home/airflow/.local/lib/python3.8/site-packages/airflow/example_dags/example_local_kubernetes_executor.py
[2023-12-06T14:29:28.918+0000] {processor.py:839} INFO - DAG(s) dict_keys(['example_local_kubernetes_executor']) retrieved from /home/airflow/.local/lib/python3.8/site-packages/airflow/example_dags/example_local_kubernetes_executor.py
[2023-12-06T14:29:29.119+0000] {logging_mixin.py:151} INFO - [2023-12-06T14:29:29.119+0000] {dag.py:2915} INFO - Sync 1 DAGs
[2023-12-06T14:29:29.155+0000] {logging_mixin.py:151} INFO - [2023-12-06T14:29:29.155+0000] {dag.py:3696} INFO - Setting next_dagrun for example_local_kubernetes_executor to None, run_after=None
[2023-12-06T14:29:29.185+0000] {processor.py:179} INFO - Processing /home/airflow/.local/lib/python3.8/site-packages/airflow/example_dags/example_local_kubernetes_executor.py took 1.042 seconds
[2023-12-06T14:29:59.653+0000] {processor.py:157} INFO - Started process (PID=62189) to work on /home/airflow/.local/lib/python3.8/site-packages/airflow/example_dags/example_local_kubernetes_executor.py
[2023-12-06T14:29:59.656+0000] {processor.py:829} INFO - Processing file /home/airflow/.local/lib/python3.8/site-packages/airflow/example_dags/example_local_kubernetes_executor.py for tasks to queue
[2023-12-06T14:29:59.661+0000] {logging_mixin.py:151} INFO - [2023-12-06T14:29:59.660+0000] {dagbag.py:539} INFO - Filling up the DagBag from /home/airflow/.local/lib/python3.8/site-packages/airflow/example_dags/example_local_kubernetes_executor.py
[2023-12-06T14:30:00.400+0000] {processor.py:839} INFO - DAG(s) dict_keys(['example_local_kubernetes_executor']) retrieved from /home/airflow/.local/lib/python3.8/site-packages/airflow/example_dags/example_local_kubernetes_executor.py
[2023-12-06T14:30:00.445+0000] {logging_mixin.py:151} INFO - [2023-12-06T14:30:00.444+0000] {dag.py:2915} INFO - Sync 1 DAGs
[2023-12-06T14:30:00.459+0000] {logging_mixin.py:151} INFO - [2023-12-06T14:30:00.459+0000] {dag.py:3696} INFO - Setting next_dagrun for example_local_kubernetes_executor to None, run_after=None
[2023-12-06T14:30:00.481+0000] {processor.py:179} INFO - Processing /home/airflow/.local/lib/python3.8/site-packages/airflow/example_dags/example_local_kubernetes_executor.py took 0.836 seconds
[2023-12-06T14:30:31.142+0000] {processor.py:157} INFO - Started process (PID=62243) to work on /home/airflow/.local/lib/python3.8/site-packages/airflow/example_dags/example_local_kubernetes_executor.py
[2023-12-06T14:30:31.144+0000] {processor.py:829} INFO - Processing file /home/airflow/.local/lib/python3.8/site-packages/airflow/example_dags/example_local_kubernetes_executor.py for tasks to queue
[2023-12-06T14:30:31.150+0000] {logging_mixin.py:151} INFO - [2023-12-06T14:30:31.149+0000] {dagbag.py:539} INFO - Filling up the DagBag from /home/airflow/.local/lib/python3.8/site-packages/airflow/example_dags/example_local_kubernetes_executor.py
[2023-12-06T14:30:32.008+0000] {processor.py:839} INFO - DAG(s) dict_keys(['example_local_kubernetes_executor']) retrieved from /home/airflow/.local/lib/python3.8/site-packages/airflow/example_dags/example_local_kubernetes_executor.py
[2023-12-06T14:30:32.136+0000] {logging_mixin.py:151} INFO - [2023-12-06T14:30:32.134+0000] {dag.py:2915} INFO - Sync 1 DAGs
[2023-12-06T14:30:32.195+0000] {logging_mixin.py:151} INFO - [2023-12-06T14:30:32.193+0000] {dag.py:3696} INFO - Setting next_dagrun for example_local_kubernetes_executor to None, run_after=None
[2023-12-06T14:30:32.253+0000] {processor.py:179} INFO - Processing /home/airflow/.local/lib/python3.8/site-packages/airflow/example_dags/example_local_kubernetes_executor.py took 1.120 seconds
[2023-12-06T14:31:02.665+0000] {processor.py:157} INFO - Started process (PID=62297) to work on /home/airflow/.local/lib/python3.8/site-packages/airflow/example_dags/example_local_kubernetes_executor.py
[2023-12-06T14:31:02.672+0000] {processor.py:829} INFO - Processing file /home/airflow/.local/lib/python3.8/site-packages/airflow/example_dags/example_local_kubernetes_executor.py for tasks to queue
[2023-12-06T14:31:02.679+0000] {logging_mixin.py:151} INFO - [2023-12-06T14:31:02.678+0000] {dagbag.py:539} INFO - Filling up the DagBag from /home/airflow/.local/lib/python3.8/site-packages/airflow/example_dags/example_local_kubernetes_executor.py
[2023-12-06T14:31:03.010+0000] {processor.py:839} INFO - DAG(s) dict_keys(['example_local_kubernetes_executor']) retrieved from /home/airflow/.local/lib/python3.8/site-packages/airflow/example_dags/example_local_kubernetes_executor.py
[2023-12-06T14:31:03.084+0000] {logging_mixin.py:151} INFO - [2023-12-06T14:31:03.084+0000] {dag.py:2915} INFO - Sync 1 DAGs
[2023-12-06T14:31:03.105+0000] {logging_mixin.py:151} INFO - [2023-12-06T14:31:03.105+0000] {dag.py:3696} INFO - Setting next_dagrun for example_local_kubernetes_executor to None, run_after=None
[2023-12-06T14:31:03.128+0000] {processor.py:179} INFO - Processing /home/airflow/.local/lib/python3.8/site-packages/airflow/example_dags/example_local_kubernetes_executor.py took 0.480 seconds
[2023-12-06T14:31:33.899+0000] {processor.py:157} INFO - Started process (PID=62350) to work on /home/airflow/.local/lib/python3.8/site-packages/airflow/example_dags/example_local_kubernetes_executor.py
[2023-12-06T14:31:33.902+0000] {processor.py:829} INFO - Processing file /home/airflow/.local/lib/python3.8/site-packages/airflow/example_dags/example_local_kubernetes_executor.py for tasks to queue
[2023-12-06T14:31:33.908+0000] {logging_mixin.py:151} INFO - [2023-12-06T14:31:33.908+0000] {dagbag.py:539} INFO - Filling up the DagBag from /home/airflow/.local/lib/python3.8/site-packages/airflow/example_dags/example_local_kubernetes_executor.py
[2023-12-06T14:31:34.306+0000] {processor.py:839} INFO - DAG(s) dict_keys(['example_local_kubernetes_executor']) retrieved from /home/airflow/.local/lib/python3.8/site-packages/airflow/example_dags/example_local_kubernetes_executor.py
[2023-12-06T14:31:34.392+0000] {logging_mixin.py:151} INFO - [2023-12-06T14:31:34.390+0000] {dag.py:2915} INFO - Sync 1 DAGs
[2023-12-06T14:31:34.413+0000] {logging_mixin.py:151} INFO - [2023-12-06T14:31:34.413+0000] {dag.py:3696} INFO - Setting next_dagrun for example_local_kubernetes_executor to None, run_after=None
[2023-12-06T14:31:34.457+0000] {processor.py:179} INFO - Processing /home/airflow/.local/lib/python3.8/site-packages/airflow/example_dags/example_local_kubernetes_executor.py took 0.569 seconds
[2023-12-06T14:32:05.031+0000] {processor.py:157} INFO - Started process (PID=62404) to work on /home/airflow/.local/lib/python3.8/site-packages/airflow/example_dags/example_local_kubernetes_executor.py
[2023-12-06T14:32:05.034+0000] {processor.py:829} INFO - Processing file /home/airflow/.local/lib/python3.8/site-packages/airflow/example_dags/example_local_kubernetes_executor.py for tasks to queue
[2023-12-06T14:32:05.042+0000] {logging_mixin.py:151} INFO - [2023-12-06T14:32:05.042+0000] {dagbag.py:539} INFO - Filling up the DagBag from /home/airflow/.local/lib/python3.8/site-packages/airflow/example_dags/example_local_kubernetes_executor.py
[2023-12-06T14:32:05.370+0000] {processor.py:839} INFO - DAG(s) dict_keys(['example_local_kubernetes_executor']) retrieved from /home/airflow/.local/lib/python3.8/site-packages/airflow/example_dags/example_local_kubernetes_executor.py
[2023-12-06T14:32:05.503+0000] {logging_mixin.py:151} INFO - [2023-12-06T14:32:05.502+0000] {dag.py:2915} INFO - Sync 1 DAGs
[2023-12-06T14:32:05.544+0000] {logging_mixin.py:151} INFO - [2023-12-06T14:32:05.543+0000] {dag.py:3696} INFO - Setting next_dagrun for example_local_kubernetes_executor to None, run_after=None
[2023-12-06T14:32:05.581+0000] {processor.py:179} INFO - Processing /home/airflow/.local/lib/python3.8/site-packages/airflow/example_dags/example_local_kubernetes_executor.py took 0.574 seconds
[2023-12-06T14:32:36.197+0000] {processor.py:157} INFO - Started process (PID=62458) to work on /home/airflow/.local/lib/python3.8/site-packages/airflow/example_dags/example_local_kubernetes_executor.py
[2023-12-06T14:32:36.199+0000] {processor.py:829} INFO - Processing file /home/airflow/.local/lib/python3.8/site-packages/airflow/example_dags/example_local_kubernetes_executor.py for tasks to queue
[2023-12-06T14:32:36.205+0000] {logging_mixin.py:151} INFO - [2023-12-06T14:32:36.204+0000] {dagbag.py:539} INFO - Filling up the DagBag from /home/airflow/.local/lib/python3.8/site-packages/airflow/example_dags/example_local_kubernetes_executor.py
[2023-12-06T14:32:36.516+0000] {processor.py:839} INFO - DAG(s) dict_keys(['example_local_kubernetes_executor']) retrieved from /home/airflow/.local/lib/python3.8/site-packages/airflow/example_dags/example_local_kubernetes_executor.py
[2023-12-06T14:32:36.583+0000] {logging_mixin.py:151} INFO - [2023-12-06T14:32:36.582+0000] {dag.py:2915} INFO - Sync 1 DAGs
[2023-12-06T14:32:36.607+0000] {logging_mixin.py:151} INFO - [2023-12-06T14:32:36.607+0000] {dag.py:3696} INFO - Setting next_dagrun for example_local_kubernetes_executor to None, run_after=None
[2023-12-06T14:32:36.625+0000] {processor.py:179} INFO - Processing /home/airflow/.local/lib/python3.8/site-packages/airflow/example_dags/example_local_kubernetes_executor.py took 0.445 seconds
[2023-12-06T14:33:07.691+0000] {processor.py:157} INFO - Started process (PID=62512) to work on /home/airflow/.local/lib/python3.8/site-packages/airflow/example_dags/example_local_kubernetes_executor.py
[2023-12-06T14:33:07.694+0000] {processor.py:829} INFO - Processing file /home/airflow/.local/lib/python3.8/site-packages/airflow/example_dags/example_local_kubernetes_executor.py for tasks to queue
[2023-12-06T14:33:07.699+0000] {logging_mixin.py:151} INFO - [2023-12-06T14:33:07.699+0000] {dagbag.py:539} INFO - Filling up the DagBag from /home/airflow/.local/lib/python3.8/site-packages/airflow/example_dags/example_local_kubernetes_executor.py
[2023-12-06T14:33:08.002+0000] {processor.py:839} INFO - DAG(s) dict_keys(['example_local_kubernetes_executor']) retrieved from /home/airflow/.local/lib/python3.8/site-packages/airflow/example_dags/example_local_kubernetes_executor.py
[2023-12-06T14:33:08.072+0000] {logging_mixin.py:151} INFO - [2023-12-06T14:33:08.071+0000] {dag.py:2915} INFO - Sync 1 DAGs
[2023-12-06T14:33:08.095+0000] {logging_mixin.py:151} INFO - [2023-12-06T14:33:08.095+0000] {dag.py:3696} INFO - Setting next_dagrun for example_local_kubernetes_executor to None, run_after=None
[2023-12-06T14:33:08.111+0000] {processor.py:179} INFO - Processing /home/airflow/.local/lib/python3.8/site-packages/airflow/example_dags/example_local_kubernetes_executor.py took 0.429 seconds
[2023-12-06T14:33:38.309+0000] {processor.py:157} INFO - Started process (PID=62566) to work on /home/airflow/.local/lib/python3.8/site-packages/airflow/example_dags/example_local_kubernetes_executor.py
[2023-12-06T14:33:38.318+0000] {processor.py:829} INFO - Processing file /home/airflow/.local/lib/python3.8/site-packages/airflow/example_dags/example_local_kubernetes_executor.py for tasks to queue
[2023-12-06T14:33:38.325+0000] {logging_mixin.py:151} INFO - [2023-12-06T14:33:38.324+0000] {dagbag.py:539} INFO - Filling up the DagBag from /home/airflow/.local/lib/python3.8/site-packages/airflow/example_dags/example_local_kubernetes_executor.py
[2023-12-06T14:33:38.918+0000] {processor.py:839} INFO - DAG(s) dict_keys(['example_local_kubernetes_executor']) retrieved from /home/airflow/.local/lib/python3.8/site-packages/airflow/example_dags/example_local_kubernetes_executor.py
[2023-12-06T14:33:39.051+0000] {logging_mixin.py:151} INFO - [2023-12-06T14:33:39.050+0000] {dag.py:2915} INFO - Sync 1 DAGs
[2023-12-06T14:33:39.080+0000] {logging_mixin.py:151} INFO - [2023-12-06T14:33:39.080+0000] {dag.py:3696} INFO - Setting next_dagrun for example_local_kubernetes_executor to None, run_after=None
[2023-12-06T14:33:39.108+0000] {processor.py:179} INFO - Processing /home/airflow/.local/lib/python3.8/site-packages/airflow/example_dags/example_local_kubernetes_executor.py took 0.812 seconds
[2023-12-06T14:34:09.305+0000] {processor.py:157} INFO - Started process (PID=62620) to work on /home/airflow/.local/lib/python3.8/site-packages/airflow/example_dags/example_local_kubernetes_executor.py
[2023-12-06T14:34:09.307+0000] {processor.py:829} INFO - Processing file /home/airflow/.local/lib/python3.8/site-packages/airflow/example_dags/example_local_kubernetes_executor.py for tasks to queue
[2023-12-06T14:34:09.321+0000] {logging_mixin.py:151} INFO - [2023-12-06T14:34:09.320+0000] {dagbag.py:539} INFO - Filling up the DagBag from /home/airflow/.local/lib/python3.8/site-packages/airflow/example_dags/example_local_kubernetes_executor.py
[2023-12-06T14:34:09.619+0000] {processor.py:839} INFO - DAG(s) dict_keys(['example_local_kubernetes_executor']) retrieved from /home/airflow/.local/lib/python3.8/site-packages/airflow/example_dags/example_local_kubernetes_executor.py
[2023-12-06T14:34:09.681+0000] {logging_mixin.py:151} INFO - [2023-12-06T14:34:09.681+0000] {dag.py:2915} INFO - Sync 1 DAGs
[2023-12-06T14:34:09.698+0000] {logging_mixin.py:151} INFO - [2023-12-06T14:34:09.698+0000] {dag.py:3696} INFO - Setting next_dagrun for example_local_kubernetes_executor to None, run_after=None
[2023-12-06T14:34:09.720+0000] {processor.py:179} INFO - Processing /home/airflow/.local/lib/python3.8/site-packages/airflow/example_dags/example_local_kubernetes_executor.py took 0.425 seconds
[2023-12-06T14:34:40.042+0000] {processor.py:157} INFO - Started process (PID=62674) to work on /home/airflow/.local/lib/python3.8/site-packages/airflow/example_dags/example_local_kubernetes_executor.py
[2023-12-06T14:34:40.052+0000] {processor.py:829} INFO - Processing file /home/airflow/.local/lib/python3.8/site-packages/airflow/example_dags/example_local_kubernetes_executor.py for tasks to queue
[2023-12-06T14:34:40.066+0000] {logging_mixin.py:151} INFO - [2023-12-06T14:34:40.066+0000] {dagbag.py:539} INFO - Filling up the DagBag from /home/airflow/.local/lib/python3.8/site-packages/airflow/example_dags/example_local_kubernetes_executor.py
[2023-12-06T14:34:40.369+0000] {processor.py:839} INFO - DAG(s) dict_keys(['example_local_kubernetes_executor']) retrieved from /home/airflow/.local/lib/python3.8/site-packages/airflow/example_dags/example_local_kubernetes_executor.py
[2023-12-06T14:34:40.442+0000] {logging_mixin.py:151} INFO - [2023-12-06T14:34:40.442+0000] {dag.py:2915} INFO - Sync 1 DAGs
[2023-12-06T14:34:40.456+0000] {logging_mixin.py:151} INFO - [2023-12-06T14:34:40.456+0000] {dag.py:3696} INFO - Setting next_dagrun for example_local_kubernetes_executor to None, run_after=None
[2023-12-06T14:34:40.470+0000] {processor.py:179} INFO - Processing /home/airflow/.local/lib/python3.8/site-packages/airflow/example_dags/example_local_kubernetes_executor.py took 0.438 seconds
[2023-12-06T14:35:11.012+0000] {processor.py:157} INFO - Started process (PID=62728) to work on /home/airflow/.local/lib/python3.8/site-packages/airflow/example_dags/example_local_kubernetes_executor.py
[2023-12-06T14:35:11.015+0000] {processor.py:829} INFO - Processing file /home/airflow/.local/lib/python3.8/site-packages/airflow/example_dags/example_local_kubernetes_executor.py for tasks to queue
[2023-12-06T14:35:11.021+0000] {logging_mixin.py:151} INFO - [2023-12-06T14:35:11.020+0000] {dagbag.py:539} INFO - Filling up the DagBag from /home/airflow/.local/lib/python3.8/site-packages/airflow/example_dags/example_local_kubernetes_executor.py
[2023-12-06T14:35:11.377+0000] {processor.py:839} INFO - DAG(s) dict_keys(['example_local_kubernetes_executor']) retrieved from /home/airflow/.local/lib/python3.8/site-packages/airflow/example_dags/example_local_kubernetes_executor.py
[2023-12-06T14:35:11.440+0000] {logging_mixin.py:151} INFO - [2023-12-06T14:35:11.439+0000] {dag.py:2915} INFO - Sync 1 DAGs
[2023-12-06T14:35:11.464+0000] {logging_mixin.py:151} INFO - [2023-12-06T14:35:11.463+0000] {dag.py:3696} INFO - Setting next_dagrun for example_local_kubernetes_executor to None, run_after=None
[2023-12-06T14:35:11.481+0000] {processor.py:179} INFO - Processing /home/airflow/.local/lib/python3.8/site-packages/airflow/example_dags/example_local_kubernetes_executor.py took 0.480 seconds
[2023-12-06T14:35:42.438+0000] {processor.py:157} INFO - Started process (PID=62782) to work on /home/airflow/.local/lib/python3.8/site-packages/airflow/example_dags/example_local_kubernetes_executor.py
[2023-12-06T14:35:42.443+0000] {processor.py:829} INFO - Processing file /home/airflow/.local/lib/python3.8/site-packages/airflow/example_dags/example_local_kubernetes_executor.py for tasks to queue
[2023-12-06T14:35:42.457+0000] {logging_mixin.py:151} INFO - [2023-12-06T14:35:42.456+0000] {dagbag.py:539} INFO - Filling up the DagBag from /home/airflow/.local/lib/python3.8/site-packages/airflow/example_dags/example_local_kubernetes_executor.py
[2023-12-06T14:35:42.794+0000] {processor.py:839} INFO - DAG(s) dict_keys(['example_local_kubernetes_executor']) retrieved from /home/airflow/.local/lib/python3.8/site-packages/airflow/example_dags/example_local_kubernetes_executor.py
[2023-12-06T14:35:42.869+0000] {logging_mixin.py:151} INFO - [2023-12-06T14:35:42.868+0000] {dag.py:2915} INFO - Sync 1 DAGs
[2023-12-06T14:35:42.886+0000] {logging_mixin.py:151} INFO - [2023-12-06T14:35:42.885+0000] {dag.py:3696} INFO - Setting next_dagrun for example_local_kubernetes_executor to None, run_after=None
[2023-12-06T14:35:42.902+0000] {processor.py:179} INFO - Processing /home/airflow/.local/lib/python3.8/site-packages/airflow/example_dags/example_local_kubernetes_executor.py took 0.485 seconds
[2023-12-06T14:36:13.349+0000] {processor.py:157} INFO - Started process (PID=62836) to work on /home/airflow/.local/lib/python3.8/site-packages/airflow/example_dags/example_local_kubernetes_executor.py
[2023-12-06T14:36:13.351+0000] {processor.py:829} INFO - Processing file /home/airflow/.local/lib/python3.8/site-packages/airflow/example_dags/example_local_kubernetes_executor.py for tasks to queue
[2023-12-06T14:36:13.356+0000] {logging_mixin.py:151} INFO - [2023-12-06T14:36:13.356+0000] {dagbag.py:539} INFO - Filling up the DagBag from /home/airflow/.local/lib/python3.8/site-packages/airflow/example_dags/example_local_kubernetes_executor.py
[2023-12-06T14:36:13.695+0000] {processor.py:839} INFO - DAG(s) dict_keys(['example_local_kubernetes_executor']) retrieved from /home/airflow/.local/lib/python3.8/site-packages/airflow/example_dags/example_local_kubernetes_executor.py
[2023-12-06T14:36:13.753+0000] {logging_mixin.py:151} INFO - [2023-12-06T14:36:13.752+0000] {dag.py:2915} INFO - Sync 1 DAGs
[2023-12-06T14:36:13.767+0000] {logging_mixin.py:151} INFO - [2023-12-06T14:36:13.767+0000] {dag.py:3696} INFO - Setting next_dagrun for example_local_kubernetes_executor to None, run_after=None
[2023-12-06T14:36:13.788+0000] {processor.py:179} INFO - Processing /home/airflow/.local/lib/python3.8/site-packages/airflow/example_dags/example_local_kubernetes_executor.py took 0.447 seconds
[2023-12-06T14:36:44.005+0000] {processor.py:157} INFO - Started process (PID=62897) to work on /home/airflow/.local/lib/python3.8/site-packages/airflow/example_dags/example_local_kubernetes_executor.py
[2023-12-06T14:36:44.007+0000] {processor.py:829} INFO - Processing file /home/airflow/.local/lib/python3.8/site-packages/airflow/example_dags/example_local_kubernetes_executor.py for tasks to queue
[2023-12-06T14:36:44.020+0000] {logging_mixin.py:151} INFO - [2023-12-06T14:36:44.016+0000] {dagbag.py:539} INFO - Filling up the DagBag from /home/airflow/.local/lib/python3.8/site-packages/airflow/example_dags/example_local_kubernetes_executor.py
[2023-12-06T14:36:44.415+0000] {processor.py:839} INFO - DAG(s) dict_keys(['example_local_kubernetes_executor']) retrieved from /home/airflow/.local/lib/python3.8/site-packages/airflow/example_dags/example_local_kubernetes_executor.py
[2023-12-06T14:36:44.495+0000] {logging_mixin.py:151} INFO - [2023-12-06T14:36:44.495+0000] {dag.py:2915} INFO - Sync 1 DAGs
[2023-12-06T14:36:44.519+0000] {logging_mixin.py:151} INFO - [2023-12-06T14:36:44.518+0000] {dag.py:3696} INFO - Setting next_dagrun for example_local_kubernetes_executor to None, run_after=None
[2023-12-06T14:36:44.542+0000] {processor.py:179} INFO - Processing /home/airflow/.local/lib/python3.8/site-packages/airflow/example_dags/example_local_kubernetes_executor.py took 0.547 seconds
[2023-12-06T14:37:14.754+0000] {processor.py:157} INFO - Started process (PID=62951) to work on /home/airflow/.local/lib/python3.8/site-packages/airflow/example_dags/example_local_kubernetes_executor.py
[2023-12-06T14:37:14.756+0000] {processor.py:829} INFO - Processing file /home/airflow/.local/lib/python3.8/site-packages/airflow/example_dags/example_local_kubernetes_executor.py for tasks to queue
[2023-12-06T14:37:14.762+0000] {logging_mixin.py:151} INFO - [2023-12-06T14:37:14.761+0000] {dagbag.py:539} INFO - Filling up the DagBag from /home/airflow/.local/lib/python3.8/site-packages/airflow/example_dags/example_local_kubernetes_executor.py
[2023-12-06T14:37:15.063+0000] {processor.py:839} INFO - DAG(s) dict_keys(['example_local_kubernetes_executor']) retrieved from /home/airflow/.local/lib/python3.8/site-packages/airflow/example_dags/example_local_kubernetes_executor.py
[2023-12-06T14:37:15.105+0000] {logging_mixin.py:151} INFO - [2023-12-06T14:37:15.104+0000] {dag.py:2915} INFO - Sync 1 DAGs
[2023-12-06T14:37:15.125+0000] {logging_mixin.py:151} INFO - [2023-12-06T14:37:15.125+0000] {dag.py:3696} INFO - Setting next_dagrun for example_local_kubernetes_executor to None, run_after=None
[2023-12-06T14:37:15.141+0000] {processor.py:179} INFO - Processing /home/airflow/.local/lib/python3.8/site-packages/airflow/example_dags/example_local_kubernetes_executor.py took 0.393 seconds
[2023-12-06T14:37:45.619+0000] {processor.py:157} INFO - Started process (PID=63005) to work on /home/airflow/.local/lib/python3.8/site-packages/airflow/example_dags/example_local_kubernetes_executor.py
[2023-12-06T14:37:45.620+0000] {processor.py:829} INFO - Processing file /home/airflow/.local/lib/python3.8/site-packages/airflow/example_dags/example_local_kubernetes_executor.py for tasks to queue
[2023-12-06T14:37:45.623+0000] {logging_mixin.py:151} INFO - [2023-12-06T14:37:45.623+0000] {dagbag.py:539} INFO - Filling up the DagBag from /home/airflow/.local/lib/python3.8/site-packages/airflow/example_dags/example_local_kubernetes_executor.py
[2023-12-06T14:37:45.897+0000] {processor.py:839} INFO - DAG(s) dict_keys(['example_local_kubernetes_executor']) retrieved from /home/airflow/.local/lib/python3.8/site-packages/airflow/example_dags/example_local_kubernetes_executor.py
[2023-12-06T14:37:45.952+0000] {logging_mixin.py:151} INFO - [2023-12-06T14:37:45.951+0000] {dag.py:2915} INFO - Sync 1 DAGs
[2023-12-06T14:37:45.965+0000] {logging_mixin.py:151} INFO - [2023-12-06T14:37:45.964+0000] {dag.py:3696} INFO - Setting next_dagrun for example_local_kubernetes_executor to None, run_after=None
[2023-12-06T14:37:45.981+0000] {processor.py:179} INFO - Processing /home/airflow/.local/lib/python3.8/site-packages/airflow/example_dags/example_local_kubernetes_executor.py took 0.366 seconds
[2023-12-06T14:38:16.586+0000] {processor.py:157} INFO - Started process (PID=63059) to work on /home/airflow/.local/lib/python3.8/site-packages/airflow/example_dags/example_local_kubernetes_executor.py
[2023-12-06T14:38:16.591+0000] {processor.py:829} INFO - Processing file /home/airflow/.local/lib/python3.8/site-packages/airflow/example_dags/example_local_kubernetes_executor.py for tasks to queue
[2023-12-06T14:38:16.598+0000] {logging_mixin.py:151} INFO - [2023-12-06T14:38:16.597+0000] {dagbag.py:539} INFO - Filling up the DagBag from /home/airflow/.local/lib/python3.8/site-packages/airflow/example_dags/example_local_kubernetes_executor.py
[2023-12-06T14:38:16.921+0000] {processor.py:839} INFO - DAG(s) dict_keys(['example_local_kubernetes_executor']) retrieved from /home/airflow/.local/lib/python3.8/site-packages/airflow/example_dags/example_local_kubernetes_executor.py
[2023-12-06T14:38:16.971+0000] {logging_mixin.py:151} INFO - [2023-12-06T14:38:16.970+0000] {dag.py:2915} INFO - Sync 1 DAGs
[2023-12-06T14:38:16.989+0000] {logging_mixin.py:151} INFO - [2023-12-06T14:38:16.989+0000] {dag.py:3696} INFO - Setting next_dagrun for example_local_kubernetes_executor to None, run_after=None
[2023-12-06T14:38:17.006+0000] {processor.py:179} INFO - Processing /home/airflow/.local/lib/python3.8/site-packages/airflow/example_dags/example_local_kubernetes_executor.py took 0.449 seconds
[2023-12-06T14:38:47.847+0000] {processor.py:157} INFO - Started process (PID=63113) to work on /home/airflow/.local/lib/python3.8/site-packages/airflow/example_dags/example_local_kubernetes_executor.py
[2023-12-06T14:38:47.850+0000] {processor.py:829} INFO - Processing file /home/airflow/.local/lib/python3.8/site-packages/airflow/example_dags/example_local_kubernetes_executor.py for tasks to queue
[2023-12-06T14:38:47.857+0000] {logging_mixin.py:151} INFO - [2023-12-06T14:38:47.856+0000] {dagbag.py:539} INFO - Filling up the DagBag from /home/airflow/.local/lib/python3.8/site-packages/airflow/example_dags/example_local_kubernetes_executor.py
[2023-12-06T14:38:48.151+0000] {processor.py:839} INFO - DAG(s) dict_keys(['example_local_kubernetes_executor']) retrieved from /home/airflow/.local/lib/python3.8/site-packages/airflow/example_dags/example_local_kubernetes_executor.py
[2023-12-06T14:38:48.194+0000] {logging_mixin.py:151} INFO - [2023-12-06T14:38:48.193+0000] {dag.py:2915} INFO - Sync 1 DAGs
[2023-12-06T14:38:48.225+0000] {logging_mixin.py:151} INFO - [2023-12-06T14:38:48.224+0000] {dag.py:3696} INFO - Setting next_dagrun for example_local_kubernetes_executor to None, run_after=None
[2023-12-06T14:38:48.241+0000] {processor.py:179} INFO - Processing /home/airflow/.local/lib/python3.8/site-packages/airflow/example_dags/example_local_kubernetes_executor.py took 0.403 seconds
[2023-12-06T14:39:18.640+0000] {processor.py:157} INFO - Started process (PID=63167) to work on /home/airflow/.local/lib/python3.8/site-packages/airflow/example_dags/example_local_kubernetes_executor.py
[2023-12-06T14:39:18.643+0000] {processor.py:829} INFO - Processing file /home/airflow/.local/lib/python3.8/site-packages/airflow/example_dags/example_local_kubernetes_executor.py for tasks to queue
[2023-12-06T14:39:18.653+0000] {logging_mixin.py:151} INFO - [2023-12-06T14:39:18.651+0000] {dagbag.py:539} INFO - Filling up the DagBag from /home/airflow/.local/lib/python3.8/site-packages/airflow/example_dags/example_local_kubernetes_executor.py
[2023-12-06T14:39:18.995+0000] {processor.py:839} INFO - DAG(s) dict_keys(['example_local_kubernetes_executor']) retrieved from /home/airflow/.local/lib/python3.8/site-packages/airflow/example_dags/example_local_kubernetes_executor.py
[2023-12-06T14:39:19.042+0000] {logging_mixin.py:151} INFO - [2023-12-06T14:39:19.042+0000] {dag.py:2915} INFO - Sync 1 DAGs
[2023-12-06T14:39:19.055+0000] {logging_mixin.py:151} INFO - [2023-12-06T14:39:19.055+0000] {dag.py:3696} INFO - Setting next_dagrun for example_local_kubernetes_executor to None, run_after=None
[2023-12-06T14:39:19.071+0000] {processor.py:179} INFO - Processing /home/airflow/.local/lib/python3.8/site-packages/airflow/example_dags/example_local_kubernetes_executor.py took 0.442 seconds
[2023-12-06T14:39:49.402+0000] {processor.py:157} INFO - Started process (PID=63221) to work on /home/airflow/.local/lib/python3.8/site-packages/airflow/example_dags/example_local_kubernetes_executor.py
[2023-12-06T14:39:49.404+0000] {processor.py:829} INFO - Processing file /home/airflow/.local/lib/python3.8/site-packages/airflow/example_dags/example_local_kubernetes_executor.py for tasks to queue
[2023-12-06T14:39:49.409+0000] {logging_mixin.py:151} INFO - [2023-12-06T14:39:49.408+0000] {dagbag.py:539} INFO - Filling up the DagBag from /home/airflow/.local/lib/python3.8/site-packages/airflow/example_dags/example_local_kubernetes_executor.py
[2023-12-06T14:39:49.717+0000] {processor.py:839} INFO - DAG(s) dict_keys(['example_local_kubernetes_executor']) retrieved from /home/airflow/.local/lib/python3.8/site-packages/airflow/example_dags/example_local_kubernetes_executor.py
[2023-12-06T14:39:49.772+0000] {logging_mixin.py:151} INFO - [2023-12-06T14:39:49.771+0000] {dag.py:2915} INFO - Sync 1 DAGs
[2023-12-06T14:39:49.785+0000] {logging_mixin.py:151} INFO - [2023-12-06T14:39:49.785+0000] {dag.py:3696} INFO - Setting next_dagrun for example_local_kubernetes_executor to None, run_after=None
[2023-12-06T14:39:49.819+0000] {processor.py:179} INFO - Processing /home/airflow/.local/lib/python3.8/site-packages/airflow/example_dags/example_local_kubernetes_executor.py took 0.426 seconds
[2023-12-06T14:40:20.017+0000] {processor.py:157} INFO - Started process (PID=63275) to work on /home/airflow/.local/lib/python3.8/site-packages/airflow/example_dags/example_local_kubernetes_executor.py
[2023-12-06T14:40:20.021+0000] {processor.py:829} INFO - Processing file /home/airflow/.local/lib/python3.8/site-packages/airflow/example_dags/example_local_kubernetes_executor.py for tasks to queue
[2023-12-06T14:40:20.027+0000] {logging_mixin.py:151} INFO - [2023-12-06T14:40:20.026+0000] {dagbag.py:539} INFO - Filling up the DagBag from /home/airflow/.local/lib/python3.8/site-packages/airflow/example_dags/example_local_kubernetes_executor.py
[2023-12-06T14:40:20.378+0000] {processor.py:839} INFO - DAG(s) dict_keys(['example_local_kubernetes_executor']) retrieved from /home/airflow/.local/lib/python3.8/site-packages/airflow/example_dags/example_local_kubernetes_executor.py
[2023-12-06T14:40:20.437+0000] {logging_mixin.py:151} INFO - [2023-12-06T14:40:20.436+0000] {dag.py:2915} INFO - Sync 1 DAGs
[2023-12-06T14:40:20.451+0000] {logging_mixin.py:151} INFO - [2023-12-06T14:40:20.450+0000] {dag.py:3696} INFO - Setting next_dagrun for example_local_kubernetes_executor to None, run_after=None
[2023-12-06T14:40:20.470+0000] {processor.py:179} INFO - Processing /home/airflow/.local/lib/python3.8/site-packages/airflow/example_dags/example_local_kubernetes_executor.py took 0.477 seconds
[2023-12-06T14:40:50.813+0000] {processor.py:157} INFO - Started process (PID=63329) to work on /home/airflow/.local/lib/python3.8/site-packages/airflow/example_dags/example_local_kubernetes_executor.py
[2023-12-06T14:40:50.819+0000] {processor.py:829} INFO - Processing file /home/airflow/.local/lib/python3.8/site-packages/airflow/example_dags/example_local_kubernetes_executor.py for tasks to queue
[2023-12-06T14:40:50.838+0000] {logging_mixin.py:151} INFO - [2023-12-06T14:40:50.835+0000] {dagbag.py:539} INFO - Filling up the DagBag from /home/airflow/.local/lib/python3.8/site-packages/airflow/example_dags/example_local_kubernetes_executor.py
[2023-12-06T14:40:51.141+0000] {processor.py:839} INFO - DAG(s) dict_keys(['example_local_kubernetes_executor']) retrieved from /home/airflow/.local/lib/python3.8/site-packages/airflow/example_dags/example_local_kubernetes_executor.py
[2023-12-06T14:40:51.205+0000] {logging_mixin.py:151} INFO - [2023-12-06T14:40:51.204+0000] {dag.py:2915} INFO - Sync 1 DAGs
[2023-12-06T14:40:51.216+0000] {logging_mixin.py:151} INFO - [2023-12-06T14:40:51.216+0000] {dag.py:3696} INFO - Setting next_dagrun for example_local_kubernetes_executor to None, run_after=None
[2023-12-06T14:40:51.231+0000] {processor.py:179} INFO - Processing /home/airflow/.local/lib/python3.8/site-packages/airflow/example_dags/example_local_kubernetes_executor.py took 0.430 seconds
[2023-12-06T14:41:21.476+0000] {processor.py:157} INFO - Started process (PID=63383) to work on /home/airflow/.local/lib/python3.8/site-packages/airflow/example_dags/example_local_kubernetes_executor.py
[2023-12-06T14:41:21.479+0000] {processor.py:829} INFO - Processing file /home/airflow/.local/lib/python3.8/site-packages/airflow/example_dags/example_local_kubernetes_executor.py for tasks to queue
[2023-12-06T14:41:21.484+0000] {logging_mixin.py:151} INFO - [2023-12-06T14:41:21.483+0000] {dagbag.py:539} INFO - Filling up the DagBag from /home/airflow/.local/lib/python3.8/site-packages/airflow/example_dags/example_local_kubernetes_executor.py
[2023-12-06T14:41:21.773+0000] {processor.py:839} INFO - DAG(s) dict_keys(['example_local_kubernetes_executor']) retrieved from /home/airflow/.local/lib/python3.8/site-packages/airflow/example_dags/example_local_kubernetes_executor.py
[2023-12-06T14:41:21.830+0000] {logging_mixin.py:151} INFO - [2023-12-06T14:41:21.829+0000] {dag.py:2915} INFO - Sync 1 DAGs
[2023-12-06T14:41:21.843+0000] {logging_mixin.py:151} INFO - [2023-12-06T14:41:21.843+0000] {dag.py:3696} INFO - Setting next_dagrun for example_local_kubernetes_executor to None, run_after=None
[2023-12-06T14:41:21.859+0000] {processor.py:179} INFO - Processing /home/airflow/.local/lib/python3.8/site-packages/airflow/example_dags/example_local_kubernetes_executor.py took 0.406 seconds
[2023-12-06T14:41:52.251+0000] {processor.py:157} INFO - Started process (PID=63437) to work on /home/airflow/.local/lib/python3.8/site-packages/airflow/example_dags/example_local_kubernetes_executor.py
[2023-12-06T14:41:52.253+0000] {processor.py:829} INFO - Processing file /home/airflow/.local/lib/python3.8/site-packages/airflow/example_dags/example_local_kubernetes_executor.py for tasks to queue
[2023-12-06T14:41:52.257+0000] {logging_mixin.py:151} INFO - [2023-12-06T14:41:52.256+0000] {dagbag.py:539} INFO - Filling up the DagBag from /home/airflow/.local/lib/python3.8/site-packages/airflow/example_dags/example_local_kubernetes_executor.py
[2023-12-06T14:41:52.531+0000] {processor.py:839} INFO - DAG(s) dict_keys(['example_local_kubernetes_executor']) retrieved from /home/airflow/.local/lib/python3.8/site-packages/airflow/example_dags/example_local_kubernetes_executor.py
[2023-12-06T14:41:52.579+0000] {logging_mixin.py:151} INFO - [2023-12-06T14:41:52.577+0000] {dag.py:2915} INFO - Sync 1 DAGs
[2023-12-06T14:41:52.591+0000] {logging_mixin.py:151} INFO - [2023-12-06T14:41:52.591+0000] {dag.py:3696} INFO - Setting next_dagrun for example_local_kubernetes_executor to None, run_after=None
[2023-12-06T14:41:52.606+0000] {processor.py:179} INFO - Processing /home/airflow/.local/lib/python3.8/site-packages/airflow/example_dags/example_local_kubernetes_executor.py took 0.363 seconds
[2023-12-06T14:42:22.768+0000] {processor.py:157} INFO - Started process (PID=63491) to work on /home/airflow/.local/lib/python3.8/site-packages/airflow/example_dags/example_local_kubernetes_executor.py
[2023-12-06T14:42:22.773+0000] {processor.py:829} INFO - Processing file /home/airflow/.local/lib/python3.8/site-packages/airflow/example_dags/example_local_kubernetes_executor.py for tasks to queue
[2023-12-06T14:42:22.787+0000] {logging_mixin.py:151} INFO - [2023-12-06T14:42:22.785+0000] {dagbag.py:539} INFO - Filling up the DagBag from /home/airflow/.local/lib/python3.8/site-packages/airflow/example_dags/example_local_kubernetes_executor.py
[2023-12-06T14:42:23.115+0000] {processor.py:839} INFO - DAG(s) dict_keys(['example_local_kubernetes_executor']) retrieved from /home/airflow/.local/lib/python3.8/site-packages/airflow/example_dags/example_local_kubernetes_executor.py
[2023-12-06T14:42:23.177+0000] {logging_mixin.py:151} INFO - [2023-12-06T14:42:23.177+0000] {dag.py:2915} INFO - Sync 1 DAGs
[2023-12-06T14:42:23.193+0000] {logging_mixin.py:151} INFO - [2023-12-06T14:42:23.192+0000] {dag.py:3696} INFO - Setting next_dagrun for example_local_kubernetes_executor to None, run_after=None
[2023-12-06T14:42:23.221+0000] {processor.py:179} INFO - Processing /home/airflow/.local/lib/python3.8/site-packages/airflow/example_dags/example_local_kubernetes_executor.py took 0.468 seconds
[2023-12-06T14:42:53.319+0000] {processor.py:157} INFO - Started process (PID=63545) to work on /home/airflow/.local/lib/python3.8/site-packages/airflow/example_dags/example_local_kubernetes_executor.py
[2023-12-06T14:42:53.321+0000] {processor.py:829} INFO - Processing file /home/airflow/.local/lib/python3.8/site-packages/airflow/example_dags/example_local_kubernetes_executor.py for tasks to queue
[2023-12-06T14:42:53.325+0000] {logging_mixin.py:151} INFO - [2023-12-06T14:42:53.324+0000] {dagbag.py:539} INFO - Filling up the DagBag from /home/airflow/.local/lib/python3.8/site-packages/airflow/example_dags/example_local_kubernetes_executor.py
[2023-12-06T14:42:53.543+0000] {processor.py:839} INFO - DAG(s) dict_keys(['example_local_kubernetes_executor']) retrieved from /home/airflow/.local/lib/python3.8/site-packages/airflow/example_dags/example_local_kubernetes_executor.py
[2023-12-06T14:42:53.569+0000] {logging_mixin.py:151} INFO - [2023-12-06T14:42:53.569+0000] {dag.py:2915} INFO - Sync 1 DAGs
[2023-12-06T14:42:53.578+0000] {logging_mixin.py:151} INFO - [2023-12-06T14:42:53.577+0000] {dag.py:3696} INFO - Setting next_dagrun for example_local_kubernetes_executor to None, run_after=None
[2023-12-06T14:42:53.589+0000] {processor.py:179} INFO - Processing /home/airflow/.local/lib/python3.8/site-packages/airflow/example_dags/example_local_kubernetes_executor.py took 0.276 seconds
[2023-12-06T14:43:23.683+0000] {processor.py:157} INFO - Started process (PID=63599) to work on /home/airflow/.local/lib/python3.8/site-packages/airflow/example_dags/example_local_kubernetes_executor.py
[2023-12-06T14:43:23.685+0000] {processor.py:829} INFO - Processing file /home/airflow/.local/lib/python3.8/site-packages/airflow/example_dags/example_local_kubernetes_executor.py for tasks to queue
[2023-12-06T14:43:23.689+0000] {logging_mixin.py:151} INFO - [2023-12-06T14:43:23.689+0000] {dagbag.py:539} INFO - Filling up the DagBag from /home/airflow/.local/lib/python3.8/site-packages/airflow/example_dags/example_local_kubernetes_executor.py
[2023-12-06T14:43:23.912+0000] {processor.py:839} INFO - DAG(s) dict_keys(['example_local_kubernetes_executor']) retrieved from /home/airflow/.local/lib/python3.8/site-packages/airflow/example_dags/example_local_kubernetes_executor.py
[2023-12-06T14:43:23.942+0000] {logging_mixin.py:151} INFO - [2023-12-06T14:43:23.941+0000] {dag.py:2915} INFO - Sync 1 DAGs
[2023-12-06T14:43:23.952+0000] {logging_mixin.py:151} INFO - [2023-12-06T14:43:23.951+0000] {dag.py:3696} INFO - Setting next_dagrun for example_local_kubernetes_executor to None, run_after=None
[2023-12-06T14:43:23.963+0000] {processor.py:179} INFO - Processing /home/airflow/.local/lib/python3.8/site-packages/airflow/example_dags/example_local_kubernetes_executor.py took 0.289 seconds
[2023-12-06T14:43:54.204+0000] {processor.py:157} INFO - Started process (PID=63653) to work on /home/airflow/.local/lib/python3.8/site-packages/airflow/example_dags/example_local_kubernetes_executor.py
[2023-12-06T14:43:54.209+0000] {processor.py:829} INFO - Processing file /home/airflow/.local/lib/python3.8/site-packages/airflow/example_dags/example_local_kubernetes_executor.py for tasks to queue
[2023-12-06T14:43:54.232+0000] {logging_mixin.py:151} INFO - [2023-12-06T14:43:54.229+0000] {dagbag.py:539} INFO - Filling up the DagBag from /home/airflow/.local/lib/python3.8/site-packages/airflow/example_dags/example_local_kubernetes_executor.py
[2023-12-06T14:43:54.708+0000] {processor.py:839} INFO - DAG(s) dict_keys(['example_local_kubernetes_executor']) retrieved from /home/airflow/.local/lib/python3.8/site-packages/airflow/example_dags/example_local_kubernetes_executor.py
[2023-12-06T14:43:54.803+0000] {logging_mixin.py:151} INFO - [2023-12-06T14:43:54.801+0000] {dag.py:2915} INFO - Sync 1 DAGs
[2023-12-06T14:43:54.835+0000] {logging_mixin.py:151} INFO - [2023-12-06T14:43:54.834+0000] {dag.py:3696} INFO - Setting next_dagrun for example_local_kubernetes_executor to None, run_after=None
[2023-12-06T14:43:54.891+0000] {processor.py:179} INFO - Processing /home/airflow/.local/lib/python3.8/site-packages/airflow/example_dags/example_local_kubernetes_executor.py took 0.697 seconds
[2023-12-06T14:44:25.370+0000] {processor.py:157} INFO - Started process (PID=63707) to work on /home/airflow/.local/lib/python3.8/site-packages/airflow/example_dags/example_local_kubernetes_executor.py
[2023-12-06T14:44:25.380+0000] {processor.py:829} INFO - Processing file /home/airflow/.local/lib/python3.8/site-packages/airflow/example_dags/example_local_kubernetes_executor.py for tasks to queue
[2023-12-06T14:44:25.397+0000] {logging_mixin.py:151} INFO - [2023-12-06T14:44:25.396+0000] {dagbag.py:539} INFO - Filling up the DagBag from /home/airflow/.local/lib/python3.8/site-packages/airflow/example_dags/example_local_kubernetes_executor.py
[2023-12-06T14:44:25.773+0000] {processor.py:839} INFO - DAG(s) dict_keys(['example_local_kubernetes_executor']) retrieved from /home/airflow/.local/lib/python3.8/site-packages/airflow/example_dags/example_local_kubernetes_executor.py
[2023-12-06T14:44:25.842+0000] {logging_mixin.py:151} INFO - [2023-12-06T14:44:25.841+0000] {dag.py:2915} INFO - Sync 1 DAGs
[2023-12-06T14:44:25.860+0000] {logging_mixin.py:151} INFO - [2023-12-06T14:44:25.859+0000] {dag.py:3696} INFO - Setting next_dagrun for example_local_kubernetes_executor to None, run_after=None
[2023-12-06T14:44:25.935+0000] {processor.py:179} INFO - Processing /home/airflow/.local/lib/python3.8/site-packages/airflow/example_dags/example_local_kubernetes_executor.py took 0.574 seconds
[2023-12-06T14:44:56.329+0000] {processor.py:157} INFO - Started process (PID=63763) to work on /home/airflow/.local/lib/python3.8/site-packages/airflow/example_dags/example_local_kubernetes_executor.py
[2023-12-06T14:44:56.330+0000] {processor.py:829} INFO - Processing file /home/airflow/.local/lib/python3.8/site-packages/airflow/example_dags/example_local_kubernetes_executor.py for tasks to queue
[2023-12-06T14:44:56.332+0000] {logging_mixin.py:151} INFO - [2023-12-06T14:44:56.332+0000] {dagbag.py:539} INFO - Filling up the DagBag from /home/airflow/.local/lib/python3.8/site-packages/airflow/example_dags/example_local_kubernetes_executor.py
[2023-12-06T14:44:56.511+0000] {processor.py:839} INFO - DAG(s) dict_keys(['example_local_kubernetes_executor']) retrieved from /home/airflow/.local/lib/python3.8/site-packages/airflow/example_dags/example_local_kubernetes_executor.py
[2023-12-06T14:44:56.549+0000] {logging_mixin.py:151} INFO - [2023-12-06T14:44:56.548+0000] {dag.py:2915} INFO - Sync 1 DAGs
[2023-12-06T14:44:56.557+0000] {logging_mixin.py:151} INFO - [2023-12-06T14:44:56.557+0000] {dag.py:3696} INFO - Setting next_dagrun for example_local_kubernetes_executor to None, run_after=None
[2023-12-06T14:44:56.567+0000] {processor.py:179} INFO - Processing /home/airflow/.local/lib/python3.8/site-packages/airflow/example_dags/example_local_kubernetes_executor.py took 0.242 seconds
