[2023-12-06T00:13:13.080+0000] {processor.py:157} INFO - Started process (PID=60342) to work on /home/airflow/.local/lib/python3.8/site-packages/airflow/example_dags/example_branch_operator_decorator.py
[2023-12-06T00:13:13.081+0000] {processor.py:829} INFO - Processing file /home/airflow/.local/lib/python3.8/site-packages/airflow/example_dags/example_branch_operator_decorator.py for tasks to queue
[2023-12-06T00:13:13.082+0000] {logging_mixin.py:151} INFO - [2023-12-06T00:13:13.082+0000] {dagbag.py:539} INFO - Filling up the DagBag from /home/airflow/.local/lib/python3.8/site-packages/airflow/example_dags/example_branch_operator_decorator.py
[2023-12-06T00:13:13.090+0000] {processor.py:839} INFO - DAG(s) dict_keys(['example_branch_python_operator_decorator']) retrieved from /home/airflow/.local/lib/python3.8/site-packages/airflow/example_dags/example_branch_operator_decorator.py
[2023-12-06T00:13:13.104+0000] {logging_mixin.py:151} INFO - [2023-12-06T00:13:13.104+0000] {dag.py:2915} INFO - Sync 1 DAGs
[2023-12-06T00:13:13.118+0000] {logging_mixin.py:151} INFO - [2023-12-06T00:13:13.117+0000] {dag.py:3696} INFO - Setting next_dagrun for example_branch_python_operator_decorator to 2023-12-05T00:00:00+00:00, run_after=2023-12-06T00:00:00+00:00
[2023-12-06T00:13:13.126+0000] {processor.py:179} INFO - Processing /home/airflow/.local/lib/python3.8/site-packages/airflow/example_dags/example_branch_operator_decorator.py took 0.049 seconds
[2023-12-06T00:15:21.894+0000] {processor.py:157} INFO - Started process (PID=60389) to work on /home/airflow/.local/lib/python3.8/site-packages/airflow/example_dags/example_branch_operator_decorator.py
[2023-12-06T00:15:21.895+0000] {processor.py:829} INFO - Processing file /home/airflow/.local/lib/python3.8/site-packages/airflow/example_dags/example_branch_operator_decorator.py for tasks to queue
[2023-12-06T00:15:21.897+0000] {logging_mixin.py:151} INFO - [2023-12-06T00:15:21.897+0000] {dagbag.py:539} INFO - Filling up the DagBag from /home/airflow/.local/lib/python3.8/site-packages/airflow/example_dags/example_branch_operator_decorator.py
[2023-12-06T00:15:21.904+0000] {processor.py:839} INFO - DAG(s) dict_keys(['example_branch_python_operator_decorator']) retrieved from /home/airflow/.local/lib/python3.8/site-packages/airflow/example_dags/example_branch_operator_decorator.py
[2023-12-06T00:15:21.917+0000] {logging_mixin.py:151} INFO - [2023-12-06T00:15:21.917+0000] {dag.py:2915} INFO - Sync 1 DAGs
[2023-12-06T00:15:21.930+0000] {logging_mixin.py:151} INFO - [2023-12-06T00:15:21.930+0000] {dag.py:3696} INFO - Setting next_dagrun for example_branch_python_operator_decorator to 2023-12-05T00:00:00+00:00, run_after=2023-12-06T00:00:00+00:00
[2023-12-06T00:15:21.938+0000] {processor.py:179} INFO - Processing /home/airflow/.local/lib/python3.8/site-packages/airflow/example_dags/example_branch_operator_decorator.py took 0.046 seconds
[2023-12-06T00:55:19.748+0000] {processor.py:157} INFO - Started process (PID=60449) to work on /home/airflow/.local/lib/python3.8/site-packages/airflow/example_dags/example_branch_operator_decorator.py
[2023-12-06T00:55:19.749+0000] {processor.py:829} INFO - Processing file /home/airflow/.local/lib/python3.8/site-packages/airflow/example_dags/example_branch_operator_decorator.py for tasks to queue
[2023-12-06T00:55:19.753+0000] {logging_mixin.py:151} INFO - [2023-12-06T00:55:19.752+0000] {dagbag.py:539} INFO - Filling up the DagBag from /home/airflow/.local/lib/python3.8/site-packages/airflow/example_dags/example_branch_operator_decorator.py
[2023-12-06T00:55:19.764+0000] {processor.py:839} INFO - DAG(s) dict_keys(['example_branch_python_operator_decorator']) retrieved from /home/airflow/.local/lib/python3.8/site-packages/airflow/example_dags/example_branch_operator_decorator.py
[2023-12-06T00:55:19.789+0000] {logging_mixin.py:151} INFO - [2023-12-06T00:55:19.789+0000] {dag.py:2915} INFO - Sync 1 DAGs
[2023-12-06T00:55:19.804+0000] {logging_mixin.py:151} INFO - [2023-12-06T00:55:19.804+0000] {dag.py:3696} INFO - Setting next_dagrun for example_branch_python_operator_decorator to 2023-12-05T00:00:00+00:00, run_after=2023-12-06T00:00:00+00:00
[2023-12-06T00:55:19.816+0000] {processor.py:179} INFO - Processing /home/airflow/.local/lib/python3.8/site-packages/airflow/example_dags/example_branch_operator_decorator.py took 0.073 seconds
[2023-12-06T01:50:26.055+0000] {processor.py:157} INFO - Started process (PID=60497) to work on /home/airflow/.local/lib/python3.8/site-packages/airflow/example_dags/example_branch_operator_decorator.py
[2023-12-06T01:50:26.056+0000] {processor.py:829} INFO - Processing file /home/airflow/.local/lib/python3.8/site-packages/airflow/example_dags/example_branch_operator_decorator.py for tasks to queue
[2023-12-06T01:50:26.058+0000] {logging_mixin.py:151} INFO - [2023-12-06T01:50:26.058+0000] {dagbag.py:539} INFO - Filling up the DagBag from /home/airflow/.local/lib/python3.8/site-packages/airflow/example_dags/example_branch_operator_decorator.py
[2023-12-06T01:50:26.073+0000] {processor.py:839} INFO - DAG(s) dict_keys(['example_branch_python_operator_decorator']) retrieved from /home/airflow/.local/lib/python3.8/site-packages/airflow/example_dags/example_branch_operator_decorator.py
[2023-12-06T01:50:26.090+0000] {logging_mixin.py:151} INFO - [2023-12-06T01:50:26.089+0000] {dag.py:2915} INFO - Sync 1 DAGs
[2023-12-06T01:50:26.105+0000] {logging_mixin.py:151} INFO - [2023-12-06T01:50:26.105+0000] {dag.py:3696} INFO - Setting next_dagrun for example_branch_python_operator_decorator to 2023-12-05T00:00:00+00:00, run_after=2023-12-06T00:00:00+00:00
[2023-12-06T01:50:26.115+0000] {processor.py:179} INFO - Processing /home/airflow/.local/lib/python3.8/site-packages/airflow/example_dags/example_branch_operator_decorator.py took 0.065 seconds
[2023-12-06T02:57:27.887+0000] {processor.py:157} INFO - Started process (PID=60551) to work on /home/airflow/.local/lib/python3.8/site-packages/airflow/example_dags/example_branch_operator_decorator.py
[2023-12-06T02:57:27.887+0000] {processor.py:829} INFO - Processing file /home/airflow/.local/lib/python3.8/site-packages/airflow/example_dags/example_branch_operator_decorator.py for tasks to queue
[2023-12-06T02:57:27.889+0000] {logging_mixin.py:151} INFO - [2023-12-06T02:57:27.889+0000] {dagbag.py:539} INFO - Filling up the DagBag from /home/airflow/.local/lib/python3.8/site-packages/airflow/example_dags/example_branch_operator_decorator.py
[2023-12-06T02:57:27.895+0000] {processor.py:839} INFO - DAG(s) dict_keys(['example_branch_python_operator_decorator']) retrieved from /home/airflow/.local/lib/python3.8/site-packages/airflow/example_dags/example_branch_operator_decorator.py
[2023-12-06T02:57:27.910+0000] {logging_mixin.py:151} INFO - [2023-12-06T02:57:27.909+0000] {dag.py:2915} INFO - Sync 1 DAGs
[2023-12-06T02:57:27.921+0000] {logging_mixin.py:151} INFO - [2023-12-06T02:57:27.921+0000] {dag.py:3696} INFO - Setting next_dagrun for example_branch_python_operator_decorator to 2023-12-05T00:00:00+00:00, run_after=2023-12-06T00:00:00+00:00
[2023-12-06T02:57:27.930+0000] {processor.py:179} INFO - Processing /home/airflow/.local/lib/python3.8/site-packages/airflow/example_dags/example_branch_operator_decorator.py took 0.046 seconds
[2023-12-06T04:35:51.436+0000] {processor.py:157} INFO - Started process (PID=60606) to work on /home/airflow/.local/lib/python3.8/site-packages/airflow/example_dags/example_branch_operator_decorator.py
[2023-12-06T04:35:51.437+0000] {processor.py:829} INFO - Processing file /home/airflow/.local/lib/python3.8/site-packages/airflow/example_dags/example_branch_operator_decorator.py for tasks to queue
[2023-12-06T04:35:51.439+0000] {logging_mixin.py:151} INFO - [2023-12-06T04:35:51.438+0000] {dagbag.py:539} INFO - Filling up the DagBag from /home/airflow/.local/lib/python3.8/site-packages/airflow/example_dags/example_branch_operator_decorator.py
[2023-12-06T04:35:51.445+0000] {processor.py:839} INFO - DAG(s) dict_keys(['example_branch_python_operator_decorator']) retrieved from /home/airflow/.local/lib/python3.8/site-packages/airflow/example_dags/example_branch_operator_decorator.py
[2023-12-06T04:35:51.458+0000] {logging_mixin.py:151} INFO - [2023-12-06T04:35:51.457+0000] {dag.py:2915} INFO - Sync 1 DAGs
[2023-12-06T04:35:51.469+0000] {logging_mixin.py:151} INFO - [2023-12-06T04:35:51.469+0000] {dag.py:3696} INFO - Setting next_dagrun for example_branch_python_operator_decorator to 2023-12-05T00:00:00+00:00, run_after=2023-12-06T00:00:00+00:00
[2023-12-06T04:35:51.477+0000] {processor.py:179} INFO - Processing /home/airflow/.local/lib/python3.8/site-packages/airflow/example_dags/example_branch_operator_decorator.py took 0.043 seconds
[2023-12-06T05:55:09.258+0000] {processor.py:157} INFO - Started process (PID=60660) to work on /home/airflow/.local/lib/python3.8/site-packages/airflow/example_dags/example_branch_operator_decorator.py
[2023-12-06T05:55:09.258+0000] {processor.py:829} INFO - Processing file /home/airflow/.local/lib/python3.8/site-packages/airflow/example_dags/example_branch_operator_decorator.py for tasks to queue
[2023-12-06T05:55:09.260+0000] {logging_mixin.py:151} INFO - [2023-12-06T05:55:09.260+0000] {dagbag.py:539} INFO - Filling up the DagBag from /home/airflow/.local/lib/python3.8/site-packages/airflow/example_dags/example_branch_operator_decorator.py
[2023-12-06T05:55:09.267+0000] {processor.py:839} INFO - DAG(s) dict_keys(['example_branch_python_operator_decorator']) retrieved from /home/airflow/.local/lib/python3.8/site-packages/airflow/example_dags/example_branch_operator_decorator.py
[2023-12-06T05:55:09.281+0000] {logging_mixin.py:151} INFO - [2023-12-06T05:55:09.281+0000] {dag.py:2915} INFO - Sync 1 DAGs
[2023-12-06T05:55:09.298+0000] {logging_mixin.py:151} INFO - [2023-12-06T05:55:09.298+0000] {dag.py:3696} INFO - Setting next_dagrun for example_branch_python_operator_decorator to 2023-12-05T00:00:00+00:00, run_after=2023-12-06T00:00:00+00:00
[2023-12-06T05:55:09.311+0000] {processor.py:179} INFO - Processing /home/airflow/.local/lib/python3.8/site-packages/airflow/example_dags/example_branch_operator_decorator.py took 0.055 seconds
[2023-12-06T07:00:32.283+0000] {processor.py:157} INFO - Started process (PID=60714) to work on /home/airflow/.local/lib/python3.8/site-packages/airflow/example_dags/example_branch_operator_decorator.py
[2023-12-06T07:00:32.284+0000] {processor.py:829} INFO - Processing file /home/airflow/.local/lib/python3.8/site-packages/airflow/example_dags/example_branch_operator_decorator.py for tasks to queue
[2023-12-06T07:00:32.286+0000] {logging_mixin.py:151} INFO - [2023-12-06T07:00:32.286+0000] {dagbag.py:539} INFO - Filling up the DagBag from /home/airflow/.local/lib/python3.8/site-packages/airflow/example_dags/example_branch_operator_decorator.py
[2023-12-06T07:00:32.292+0000] {processor.py:839} INFO - DAG(s) dict_keys(['example_branch_python_operator_decorator']) retrieved from /home/airflow/.local/lib/python3.8/site-packages/airflow/example_dags/example_branch_operator_decorator.py
[2023-12-06T07:00:32.306+0000] {logging_mixin.py:151} INFO - [2023-12-06T07:00:32.306+0000] {dag.py:2915} INFO - Sync 1 DAGs
[2023-12-06T07:00:32.318+0000] {logging_mixin.py:151} INFO - [2023-12-06T07:00:32.318+0000] {dag.py:3696} INFO - Setting next_dagrun for example_branch_python_operator_decorator to 2023-12-05T00:00:00+00:00, run_after=2023-12-06T00:00:00+00:00
[2023-12-06T07:00:32.326+0000] {processor.py:179} INFO - Processing /home/airflow/.local/lib/python3.8/site-packages/airflow/example_dags/example_branch_operator_decorator.py took 0.045 seconds
[2023-12-06T07:21:32.004+0000] {processor.py:157} INFO - Started process (PID=60768) to work on /home/airflow/.local/lib/python3.8/site-packages/airflow/example_dags/example_branch_operator_decorator.py
[2023-12-06T07:21:32.005+0000] {processor.py:829} INFO - Processing file /home/airflow/.local/lib/python3.8/site-packages/airflow/example_dags/example_branch_operator_decorator.py for tasks to queue
[2023-12-06T07:21:32.007+0000] {logging_mixin.py:151} INFO - [2023-12-06T07:21:32.007+0000] {dagbag.py:539} INFO - Filling up the DagBag from /home/airflow/.local/lib/python3.8/site-packages/airflow/example_dags/example_branch_operator_decorator.py
[2023-12-06T07:21:32.013+0000] {processor.py:839} INFO - DAG(s) dict_keys(['example_branch_python_operator_decorator']) retrieved from /home/airflow/.local/lib/python3.8/site-packages/airflow/example_dags/example_branch_operator_decorator.py
[2023-12-06T07:21:32.027+0000] {logging_mixin.py:151} INFO - [2023-12-06T07:21:32.027+0000] {dag.py:2915} INFO - Sync 1 DAGs
[2023-12-06T07:21:32.041+0000] {logging_mixin.py:151} INFO - [2023-12-06T07:21:32.041+0000] {dag.py:3696} INFO - Setting next_dagrun for example_branch_python_operator_decorator to 2023-12-05T00:00:00+00:00, run_after=2023-12-06T00:00:00+00:00
[2023-12-06T07:21:32.055+0000] {processor.py:179} INFO - Processing /home/airflow/.local/lib/python3.8/site-packages/airflow/example_dags/example_branch_operator_decorator.py took 0.053 seconds
[2023-12-06T08:10:32.956+0000] {processor.py:157} INFO - Started process (PID=60822) to work on /home/airflow/.local/lib/python3.8/site-packages/airflow/example_dags/example_branch_operator_decorator.py
[2023-12-06T08:10:32.956+0000] {processor.py:829} INFO - Processing file /home/airflow/.local/lib/python3.8/site-packages/airflow/example_dags/example_branch_operator_decorator.py for tasks to queue
[2023-12-06T08:10:32.958+0000] {logging_mixin.py:151} INFO - [2023-12-06T08:10:32.958+0000] {dagbag.py:539} INFO - Filling up the DagBag from /home/airflow/.local/lib/python3.8/site-packages/airflow/example_dags/example_branch_operator_decorator.py
[2023-12-06T08:10:32.964+0000] {processor.py:839} INFO - DAG(s) dict_keys(['example_branch_python_operator_decorator']) retrieved from /home/airflow/.local/lib/python3.8/site-packages/airflow/example_dags/example_branch_operator_decorator.py
[2023-12-06T08:10:32.979+0000] {logging_mixin.py:151} INFO - [2023-12-06T08:10:32.979+0000] {dag.py:2915} INFO - Sync 1 DAGs
[2023-12-06T08:10:32.992+0000] {logging_mixin.py:151} INFO - [2023-12-06T08:10:32.992+0000] {dag.py:3696} INFO - Setting next_dagrun for example_branch_python_operator_decorator to 2023-12-05T00:00:00+00:00, run_after=2023-12-06T00:00:00+00:00
[2023-12-06T08:10:33.002+0000] {processor.py:179} INFO - Processing /home/airflow/.local/lib/python3.8/site-packages/airflow/example_dags/example_branch_operator_decorator.py took 0.049 seconds
[2023-12-06T09:17:51.726+0000] {processor.py:157} INFO - Started process (PID=60876) to work on /home/airflow/.local/lib/python3.8/site-packages/airflow/example_dags/example_branch_operator_decorator.py
[2023-12-06T09:17:51.727+0000] {processor.py:829} INFO - Processing file /home/airflow/.local/lib/python3.8/site-packages/airflow/example_dags/example_branch_operator_decorator.py for tasks to queue
[2023-12-06T09:17:51.728+0000] {logging_mixin.py:151} INFO - [2023-12-06T09:17:51.728+0000] {dagbag.py:539} INFO - Filling up the DagBag from /home/airflow/.local/lib/python3.8/site-packages/airflow/example_dags/example_branch_operator_decorator.py
[2023-12-06T09:17:51.735+0000] {processor.py:839} INFO - DAG(s) dict_keys(['example_branch_python_operator_decorator']) retrieved from /home/airflow/.local/lib/python3.8/site-packages/airflow/example_dags/example_branch_operator_decorator.py
[2023-12-06T09:17:51.748+0000] {logging_mixin.py:151} INFO - [2023-12-06T09:17:51.748+0000] {dag.py:2915} INFO - Sync 1 DAGs
[2023-12-06T09:17:51.759+0000] {logging_mixin.py:151} INFO - [2023-12-06T09:17:51.759+0000] {dag.py:3696} INFO - Setting next_dagrun for example_branch_python_operator_decorator to 2023-12-05T00:00:00+00:00, run_after=2023-12-06T00:00:00+00:00
[2023-12-06T09:17:51.768+0000] {processor.py:179} INFO - Processing /home/airflow/.local/lib/python3.8/site-packages/airflow/example_dags/example_branch_operator_decorator.py took 0.044 seconds
[2023-12-06T09:20:55.790+0000] {processor.py:157} INFO - Started process (PID=60930) to work on /home/airflow/.local/lib/python3.8/site-packages/airflow/example_dags/example_branch_operator_decorator.py
[2023-12-06T09:20:55.791+0000] {processor.py:829} INFO - Processing file /home/airflow/.local/lib/python3.8/site-packages/airflow/example_dags/example_branch_operator_decorator.py for tasks to queue
[2023-12-06T09:20:55.793+0000] {logging_mixin.py:151} INFO - [2023-12-06T09:20:55.792+0000] {dagbag.py:539} INFO - Filling up the DagBag from /home/airflow/.local/lib/python3.8/site-packages/airflow/example_dags/example_branch_operator_decorator.py
[2023-12-06T09:20:55.799+0000] {processor.py:839} INFO - DAG(s) dict_keys(['example_branch_python_operator_decorator']) retrieved from /home/airflow/.local/lib/python3.8/site-packages/airflow/example_dags/example_branch_operator_decorator.py
[2023-12-06T09:20:55.813+0000] {logging_mixin.py:151} INFO - [2023-12-06T09:20:55.813+0000] {dag.py:2915} INFO - Sync 1 DAGs
[2023-12-06T09:20:55.826+0000] {logging_mixin.py:151} INFO - [2023-12-06T09:20:55.826+0000] {dag.py:3696} INFO - Setting next_dagrun for example_branch_python_operator_decorator to 2023-12-05T00:00:00+00:00, run_after=2023-12-06T00:00:00+00:00
[2023-12-06T09:20:55.841+0000] {processor.py:179} INFO - Processing /home/airflow/.local/lib/python3.8/site-packages/airflow/example_dags/example_branch_operator_decorator.py took 0.054 seconds
[2023-12-06T09:34:34.477+0000] {processor.py:157} INFO - Started process (PID=60984) to work on /home/airflow/.local/lib/python3.8/site-packages/airflow/example_dags/example_branch_operator_decorator.py
[2023-12-06T09:34:34.478+0000] {processor.py:829} INFO - Processing file /home/airflow/.local/lib/python3.8/site-packages/airflow/example_dags/example_branch_operator_decorator.py for tasks to queue
[2023-12-06T09:34:34.479+0000] {logging_mixin.py:151} INFO - [2023-12-06T09:34:34.479+0000] {dagbag.py:539} INFO - Filling up the DagBag from /home/airflow/.local/lib/python3.8/site-packages/airflow/example_dags/example_branch_operator_decorator.py
[2023-12-06T09:34:34.486+0000] {processor.py:839} INFO - DAG(s) dict_keys(['example_branch_python_operator_decorator']) retrieved from /home/airflow/.local/lib/python3.8/site-packages/airflow/example_dags/example_branch_operator_decorator.py
[2023-12-06T09:34:34.514+0000] {logging_mixin.py:151} INFO - [2023-12-06T09:34:34.514+0000] {dag.py:2915} INFO - Sync 1 DAGs
[2023-12-06T09:34:34.530+0000] {logging_mixin.py:151} INFO - [2023-12-06T09:34:34.530+0000] {dag.py:3696} INFO - Setting next_dagrun for example_branch_python_operator_decorator to 2023-12-05T00:00:00+00:00, run_after=2023-12-06T00:00:00+00:00
[2023-12-06T09:34:34.543+0000] {processor.py:179} INFO - Processing /home/airflow/.local/lib/python3.8/site-packages/airflow/example_dags/example_branch_operator_decorator.py took 0.069 seconds
[2023-12-06T10:41:50.040+0000] {processor.py:157} INFO - Started process (PID=61038) to work on /home/airflow/.local/lib/python3.8/site-packages/airflow/example_dags/example_branch_operator_decorator.py
[2023-12-06T10:41:50.041+0000] {processor.py:829} INFO - Processing file /home/airflow/.local/lib/python3.8/site-packages/airflow/example_dags/example_branch_operator_decorator.py for tasks to queue
[2023-12-06T10:41:50.042+0000] {logging_mixin.py:151} INFO - [2023-12-06T10:41:50.042+0000] {dagbag.py:539} INFO - Filling up the DagBag from /home/airflow/.local/lib/python3.8/site-packages/airflow/example_dags/example_branch_operator_decorator.py
[2023-12-06T10:41:50.048+0000] {processor.py:839} INFO - DAG(s) dict_keys(['example_branch_python_operator_decorator']) retrieved from /home/airflow/.local/lib/python3.8/site-packages/airflow/example_dags/example_branch_operator_decorator.py
[2023-12-06T10:41:50.062+0000] {logging_mixin.py:151} INFO - [2023-12-06T10:41:50.061+0000] {dag.py:2915} INFO - Sync 1 DAGs
[2023-12-06T10:41:50.081+0000] {logging_mixin.py:151} INFO - [2023-12-06T10:41:50.080+0000] {dag.py:3696} INFO - Setting next_dagrun for example_branch_python_operator_decorator to 2023-12-05T00:00:00+00:00, run_after=2023-12-06T00:00:00+00:00
[2023-12-06T10:41:50.093+0000] {processor.py:179} INFO - Processing /home/airflow/.local/lib/python3.8/site-packages/airflow/example_dags/example_branch_operator_decorator.py took 0.056 seconds
[2023-12-06T11:14:07.620+0000] {processor.py:157} INFO - Started process (PID=61092) to work on /home/airflow/.local/lib/python3.8/site-packages/airflow/example_dags/example_branch_operator_decorator.py
[2023-12-06T11:14:07.622+0000] {processor.py:829} INFO - Processing file /home/airflow/.local/lib/python3.8/site-packages/airflow/example_dags/example_branch_operator_decorator.py for tasks to queue
[2023-12-06T11:14:07.624+0000] {logging_mixin.py:151} INFO - [2023-12-06T11:14:07.624+0000] {dagbag.py:539} INFO - Filling up the DagBag from /home/airflow/.local/lib/python3.8/site-packages/airflow/example_dags/example_branch_operator_decorator.py
[2023-12-06T11:14:07.633+0000] {processor.py:839} INFO - DAG(s) dict_keys(['example_branch_python_operator_decorator']) retrieved from /home/airflow/.local/lib/python3.8/site-packages/airflow/example_dags/example_branch_operator_decorator.py
[2023-12-06T11:14:07.649+0000] {logging_mixin.py:151} INFO - [2023-12-06T11:14:07.649+0000] {dag.py:2915} INFO - Sync 1 DAGs
[2023-12-06T11:14:07.663+0000] {logging_mixin.py:151} INFO - [2023-12-06T11:14:07.663+0000] {dag.py:3696} INFO - Setting next_dagrun for example_branch_python_operator_decorator to 2023-12-05T00:00:00+00:00, run_after=2023-12-06T00:00:00+00:00
[2023-12-06T11:14:07.673+0000] {processor.py:179} INFO - Processing /home/airflow/.local/lib/python3.8/site-packages/airflow/example_dags/example_branch_operator_decorator.py took 0.057 seconds
[2023-12-06T11:26:15.887+0000] {processor.py:157} INFO - Started process (PID=61146) to work on /home/airflow/.local/lib/python3.8/site-packages/airflow/example_dags/example_branch_operator_decorator.py
[2023-12-06T11:26:15.889+0000] {processor.py:829} INFO - Processing file /home/airflow/.local/lib/python3.8/site-packages/airflow/example_dags/example_branch_operator_decorator.py for tasks to queue
[2023-12-06T11:26:15.892+0000] {logging_mixin.py:151} INFO - [2023-12-06T11:26:15.891+0000] {dagbag.py:539} INFO - Filling up the DagBag from /home/airflow/.local/lib/python3.8/site-packages/airflow/example_dags/example_branch_operator_decorator.py
[2023-12-06T11:26:15.909+0000] {processor.py:839} INFO - DAG(s) dict_keys(['example_branch_python_operator_decorator']) retrieved from /home/airflow/.local/lib/python3.8/site-packages/airflow/example_dags/example_branch_operator_decorator.py
[2023-12-06T11:26:15.928+0000] {logging_mixin.py:151} INFO - [2023-12-06T11:26:15.927+0000] {dag.py:2915} INFO - Sync 1 DAGs
[2023-12-06T11:26:15.945+0000] {logging_mixin.py:151} INFO - [2023-12-06T11:26:15.945+0000] {dag.py:3696} INFO - Setting next_dagrun for example_branch_python_operator_decorator to 2023-12-05T00:00:00+00:00, run_after=2023-12-06T00:00:00+00:00
[2023-12-06T11:26:15.962+0000] {processor.py:179} INFO - Processing /home/airflow/.local/lib/python3.8/site-packages/airflow/example_dags/example_branch_operator_decorator.py took 0.079 seconds
[2023-12-06T12:27:11.339+0000] {processor.py:157} INFO - Started process (PID=61200) to work on /home/airflow/.local/lib/python3.8/site-packages/airflow/example_dags/example_branch_operator_decorator.py
[2023-12-06T12:27:11.340+0000] {processor.py:829} INFO - Processing file /home/airflow/.local/lib/python3.8/site-packages/airflow/example_dags/example_branch_operator_decorator.py for tasks to queue
[2023-12-06T12:27:11.342+0000] {logging_mixin.py:151} INFO - [2023-12-06T12:27:11.342+0000] {dagbag.py:539} INFO - Filling up the DagBag from /home/airflow/.local/lib/python3.8/site-packages/airflow/example_dags/example_branch_operator_decorator.py
[2023-12-06T12:27:11.348+0000] {processor.py:839} INFO - DAG(s) dict_keys(['example_branch_python_operator_decorator']) retrieved from /home/airflow/.local/lib/python3.8/site-packages/airflow/example_dags/example_branch_operator_decorator.py
[2023-12-06T12:27:11.362+0000] {logging_mixin.py:151} INFO - [2023-12-06T12:27:11.362+0000] {dag.py:2915} INFO - Sync 1 DAGs
[2023-12-06T12:27:11.374+0000] {logging_mixin.py:151} INFO - [2023-12-06T12:27:11.374+0000] {dag.py:3696} INFO - Setting next_dagrun for example_branch_python_operator_decorator to 2023-12-05T00:00:00+00:00, run_after=2023-12-06T00:00:00+00:00
[2023-12-06T12:27:11.383+0000] {processor.py:179} INFO - Processing /home/airflow/.local/lib/python3.8/site-packages/airflow/example_dags/example_branch_operator_decorator.py took 0.046 seconds
[2023-12-06T12:35:57.248+0000] {processor.py:157} INFO - Started process (PID=61254) to work on /home/airflow/.local/lib/python3.8/site-packages/airflow/example_dags/example_branch_operator_decorator.py
[2023-12-06T12:35:57.249+0000] {processor.py:829} INFO - Processing file /home/airflow/.local/lib/python3.8/site-packages/airflow/example_dags/example_branch_operator_decorator.py for tasks to queue
[2023-12-06T12:35:57.250+0000] {logging_mixin.py:151} INFO - [2023-12-06T12:35:57.250+0000] {dagbag.py:539} INFO - Filling up the DagBag from /home/airflow/.local/lib/python3.8/site-packages/airflow/example_dags/example_branch_operator_decorator.py
[2023-12-06T12:35:57.256+0000] {processor.py:839} INFO - DAG(s) dict_keys(['example_branch_python_operator_decorator']) retrieved from /home/airflow/.local/lib/python3.8/site-packages/airflow/example_dags/example_branch_operator_decorator.py
[2023-12-06T12:35:57.270+0000] {logging_mixin.py:151} INFO - [2023-12-06T12:35:57.270+0000] {dag.py:2915} INFO - Sync 1 DAGs
[2023-12-06T12:35:57.282+0000] {logging_mixin.py:151} INFO - [2023-12-06T12:35:57.282+0000] {dag.py:3696} INFO - Setting next_dagrun for example_branch_python_operator_decorator to 2023-12-05T00:00:00+00:00, run_after=2023-12-06T00:00:00+00:00
[2023-12-06T12:35:57.291+0000] {processor.py:179} INFO - Processing /home/airflow/.local/lib/python3.8/site-packages/airflow/example_dags/example_branch_operator_decorator.py took 0.045 seconds
[2023-12-06T12:40:02.676+0000] {processor.py:157} INFO - Started process (PID=61307) to work on /home/airflow/.local/lib/python3.8/site-packages/airflow/example_dags/example_branch_operator_decorator.py
[2023-12-06T12:40:02.677+0000] {processor.py:829} INFO - Processing file /home/airflow/.local/lib/python3.8/site-packages/airflow/example_dags/example_branch_operator_decorator.py for tasks to queue
[2023-12-06T12:40:02.681+0000] {logging_mixin.py:151} INFO - [2023-12-06T12:40:02.681+0000] {dagbag.py:539} INFO - Filling up the DagBag from /home/airflow/.local/lib/python3.8/site-packages/airflow/example_dags/example_branch_operator_decorator.py
[2023-12-06T12:40:02.692+0000] {processor.py:839} INFO - DAG(s) dict_keys(['example_branch_python_operator_decorator']) retrieved from /home/airflow/.local/lib/python3.8/site-packages/airflow/example_dags/example_branch_operator_decorator.py
[2023-12-06T12:40:02.720+0000] {logging_mixin.py:151} INFO - [2023-12-06T12:40:02.719+0000] {dag.py:2915} INFO - Sync 1 DAGs
[2023-12-06T12:40:02.747+0000] {logging_mixin.py:151} INFO - [2023-12-06T12:40:02.747+0000] {dag.py:3696} INFO - Setting next_dagrun for example_branch_python_operator_decorator to 2023-12-05T00:00:00+00:00, run_after=2023-12-06T00:00:00+00:00
[2023-12-06T12:40:02.775+0000] {processor.py:179} INFO - Processing /home/airflow/.local/lib/python3.8/site-packages/airflow/example_dags/example_branch_operator_decorator.py took 0.104 seconds
[2023-12-06T12:40:36.431+0000] {processor.py:157} INFO - Started process (PID=61361) to work on /home/airflow/.local/lib/python3.8/site-packages/airflow/example_dags/example_branch_operator_decorator.py
[2023-12-06T12:40:36.432+0000] {processor.py:829} INFO - Processing file /home/airflow/.local/lib/python3.8/site-packages/airflow/example_dags/example_branch_operator_decorator.py for tasks to queue
[2023-12-06T12:40:36.434+0000] {logging_mixin.py:151} INFO - [2023-12-06T12:40:36.434+0000] {dagbag.py:539} INFO - Filling up the DagBag from /home/airflow/.local/lib/python3.8/site-packages/airflow/example_dags/example_branch_operator_decorator.py
[2023-12-06T12:40:36.440+0000] {processor.py:839} INFO - DAG(s) dict_keys(['example_branch_python_operator_decorator']) retrieved from /home/airflow/.local/lib/python3.8/site-packages/airflow/example_dags/example_branch_operator_decorator.py
[2023-12-06T12:40:36.453+0000] {logging_mixin.py:151} INFO - [2023-12-06T12:40:36.453+0000] {dag.py:2915} INFO - Sync 1 DAGs
[2023-12-06T12:40:36.463+0000] {logging_mixin.py:151} INFO - [2023-12-06T12:40:36.463+0000] {dag.py:3696} INFO - Setting next_dagrun for example_branch_python_operator_decorator to 2023-12-05T00:00:00+00:00, run_after=2023-12-06T00:00:00+00:00
[2023-12-06T12:40:36.471+0000] {processor.py:179} INFO - Processing /home/airflow/.local/lib/python3.8/site-packages/airflow/example_dags/example_branch_operator_decorator.py took 0.042 seconds
[2023-12-06T12:43:30.828+0000] {processor.py:157} INFO - Started process (PID=61415) to work on /home/airflow/.local/lib/python3.8/site-packages/airflow/example_dags/example_branch_operator_decorator.py
[2023-12-06T12:43:30.831+0000] {processor.py:829} INFO - Processing file /home/airflow/.local/lib/python3.8/site-packages/airflow/example_dags/example_branch_operator_decorator.py for tasks to queue
[2023-12-06T12:43:30.833+0000] {logging_mixin.py:151} INFO - [2023-12-06T12:43:30.833+0000] {dagbag.py:539} INFO - Filling up the DagBag from /home/airflow/.local/lib/python3.8/site-packages/airflow/example_dags/example_branch_operator_decorator.py
[2023-12-06T12:43:30.844+0000] {processor.py:839} INFO - DAG(s) dict_keys(['example_branch_python_operator_decorator']) retrieved from /home/airflow/.local/lib/python3.8/site-packages/airflow/example_dags/example_branch_operator_decorator.py
[2023-12-06T12:43:30.860+0000] {logging_mixin.py:151} INFO - [2023-12-06T12:43:30.860+0000] {dag.py:2915} INFO - Sync 1 DAGs
[2023-12-06T12:43:30.873+0000] {logging_mixin.py:151} INFO - [2023-12-06T12:43:30.873+0000] {dag.py:3696} INFO - Setting next_dagrun for example_branch_python_operator_decorator to 2023-12-05T00:00:00+00:00, run_after=2023-12-06T00:00:00+00:00
[2023-12-06T12:43:30.883+0000] {processor.py:179} INFO - Processing /home/airflow/.local/lib/python3.8/site-packages/airflow/example_dags/example_branch_operator_decorator.py took 0.059 seconds
[2023-12-06T13:11:34.268+0000] {processor.py:157} INFO - Started process (PID=61469) to work on /home/airflow/.local/lib/python3.8/site-packages/airflow/example_dags/example_branch_operator_decorator.py
[2023-12-06T13:11:34.269+0000] {processor.py:829} INFO - Processing file /home/airflow/.local/lib/python3.8/site-packages/airflow/example_dags/example_branch_operator_decorator.py for tasks to queue
[2023-12-06T13:11:34.270+0000] {logging_mixin.py:151} INFO - [2023-12-06T13:11:34.270+0000] {dagbag.py:539} INFO - Filling up the DagBag from /home/airflow/.local/lib/python3.8/site-packages/airflow/example_dags/example_branch_operator_decorator.py
[2023-12-06T13:11:34.277+0000] {processor.py:839} INFO - DAG(s) dict_keys(['example_branch_python_operator_decorator']) retrieved from /home/airflow/.local/lib/python3.8/site-packages/airflow/example_dags/example_branch_operator_decorator.py
[2023-12-06T13:11:34.290+0000] {logging_mixin.py:151} INFO - [2023-12-06T13:11:34.290+0000] {dag.py:2915} INFO - Sync 1 DAGs
[2023-12-06T13:11:34.303+0000] {logging_mixin.py:151} INFO - [2023-12-06T13:11:34.302+0000] {dag.py:3696} INFO - Setting next_dagrun for example_branch_python_operator_decorator to 2023-12-05T00:00:00+00:00, run_after=2023-12-06T00:00:00+00:00
[2023-12-06T13:11:34.311+0000] {processor.py:179} INFO - Processing /home/airflow/.local/lib/python3.8/site-packages/airflow/example_dags/example_branch_operator_decorator.py took 0.045 seconds
[2023-12-06T13:44:33.460+0000] {processor.py:157} INFO - Started process (PID=61523) to work on /home/airflow/.local/lib/python3.8/site-packages/airflow/example_dags/example_branch_operator_decorator.py
[2023-12-06T13:44:33.461+0000] {processor.py:829} INFO - Processing file /home/airflow/.local/lib/python3.8/site-packages/airflow/example_dags/example_branch_operator_decorator.py for tasks to queue
[2023-12-06T13:44:33.463+0000] {logging_mixin.py:151} INFO - [2023-12-06T13:44:33.463+0000] {dagbag.py:539} INFO - Filling up the DagBag from /home/airflow/.local/lib/python3.8/site-packages/airflow/example_dags/example_branch_operator_decorator.py
[2023-12-06T13:44:33.470+0000] {processor.py:839} INFO - DAG(s) dict_keys(['example_branch_python_operator_decorator']) retrieved from /home/airflow/.local/lib/python3.8/site-packages/airflow/example_dags/example_branch_operator_decorator.py
[2023-12-06T13:44:33.486+0000] {logging_mixin.py:151} INFO - [2023-12-06T13:44:33.486+0000] {dag.py:2915} INFO - Sync 1 DAGs
[2023-12-06T13:44:33.505+0000] {logging_mixin.py:151} INFO - [2023-12-06T13:44:33.505+0000] {dag.py:3696} INFO - Setting next_dagrun for example_branch_python_operator_decorator to 2023-12-05T00:00:00+00:00, run_after=2023-12-06T00:00:00+00:00
[2023-12-06T13:44:33.515+0000] {processor.py:179} INFO - Processing /home/airflow/.local/lib/python3.8/site-packages/airflow/example_dags/example_branch_operator_decorator.py took 0.059 seconds
[2023-12-06T14:08:22.079+0000] {processor.py:157} INFO - Started process (PID=61577) to work on /home/airflow/.local/lib/python3.8/site-packages/airflow/example_dags/example_branch_operator_decorator.py
[2023-12-06T14:08:22.080+0000] {processor.py:829} INFO - Processing file /home/airflow/.local/lib/python3.8/site-packages/airflow/example_dags/example_branch_operator_decorator.py for tasks to queue
[2023-12-06T14:08:22.082+0000] {logging_mixin.py:151} INFO - [2023-12-06T14:08:22.082+0000] {dagbag.py:539} INFO - Filling up the DagBag from /home/airflow/.local/lib/python3.8/site-packages/airflow/example_dags/example_branch_operator_decorator.py
[2023-12-06T14:08:22.090+0000] {processor.py:839} INFO - DAG(s) dict_keys(['example_branch_python_operator_decorator']) retrieved from /home/airflow/.local/lib/python3.8/site-packages/airflow/example_dags/example_branch_operator_decorator.py
[2023-12-06T14:08:22.104+0000] {logging_mixin.py:151} INFO - [2023-12-06T14:08:22.103+0000] {dag.py:2915} INFO - Sync 1 DAGs
[2023-12-06T14:08:22.116+0000] {logging_mixin.py:151} INFO - [2023-12-06T14:08:22.116+0000] {dag.py:3696} INFO - Setting next_dagrun for example_branch_python_operator_decorator to 2023-12-05T00:00:00+00:00, run_after=2023-12-06T00:00:00+00:00
[2023-12-06T14:08:22.126+0000] {processor.py:179} INFO - Processing /home/airflow/.local/lib/python3.8/site-packages/airflow/example_dags/example_branch_operator_decorator.py took 0.050 seconds
[2023-12-06T14:24:40.560+0000] {processor.py:157} INFO - Started process (PID=61638) to work on /home/airflow/.local/lib/python3.8/site-packages/airflow/example_dags/example_branch_operator_decorator.py
[2023-12-06T14:24:40.562+0000] {processor.py:829} INFO - Processing file /home/airflow/.local/lib/python3.8/site-packages/airflow/example_dags/example_branch_operator_decorator.py for tasks to queue
[2023-12-06T14:24:40.565+0000] {logging_mixin.py:151} INFO - [2023-12-06T14:24:40.564+0000] {dagbag.py:539} INFO - Filling up the DagBag from /home/airflow/.local/lib/python3.8/site-packages/airflow/example_dags/example_branch_operator_decorator.py
[2023-12-06T14:24:40.575+0000] {processor.py:839} INFO - DAG(s) dict_keys(['example_branch_python_operator_decorator']) retrieved from /home/airflow/.local/lib/python3.8/site-packages/airflow/example_dags/example_branch_operator_decorator.py
[2023-12-06T14:24:40.600+0000] {logging_mixin.py:151} INFO - [2023-12-06T14:24:40.599+0000] {dag.py:2915} INFO - Sync 1 DAGs
[2023-12-06T14:24:40.646+0000] {logging_mixin.py:151} INFO - [2023-12-06T14:24:40.646+0000] {dag.py:3696} INFO - Setting next_dagrun for example_branch_python_operator_decorator to 2023-12-05T00:00:00+00:00, run_after=2023-12-06T00:00:00+00:00
[2023-12-06T14:24:40.707+0000] {processor.py:179} INFO - Processing /home/airflow/.local/lib/python3.8/site-packages/airflow/example_dags/example_branch_operator_decorator.py took 0.159 seconds
[2023-12-06T14:25:11.452+0000] {processor.py:157} INFO - Started process (PID=61692) to work on /home/airflow/.local/lib/python3.8/site-packages/airflow/example_dags/example_branch_operator_decorator.py
[2023-12-06T14:25:11.453+0000] {processor.py:829} INFO - Processing file /home/airflow/.local/lib/python3.8/site-packages/airflow/example_dags/example_branch_operator_decorator.py for tasks to queue
[2023-12-06T14:25:11.454+0000] {logging_mixin.py:151} INFO - [2023-12-06T14:25:11.454+0000] {dagbag.py:539} INFO - Filling up the DagBag from /home/airflow/.local/lib/python3.8/site-packages/airflow/example_dags/example_branch_operator_decorator.py
[2023-12-06T14:25:11.461+0000] {processor.py:839} INFO - DAG(s) dict_keys(['example_branch_python_operator_decorator']) retrieved from /home/airflow/.local/lib/python3.8/site-packages/airflow/example_dags/example_branch_operator_decorator.py
[2023-12-06T14:25:11.475+0000] {logging_mixin.py:151} INFO - [2023-12-06T14:25:11.475+0000] {dag.py:2915} INFO - Sync 1 DAGs
[2023-12-06T14:25:11.491+0000] {logging_mixin.py:151} INFO - [2023-12-06T14:25:11.491+0000] {dag.py:3696} INFO - Setting next_dagrun for example_branch_python_operator_decorator to 2023-12-05T00:00:00+00:00, run_after=2023-12-06T00:00:00+00:00
[2023-12-06T14:25:11.502+0000] {processor.py:179} INFO - Processing /home/airflow/.local/lib/python3.8/site-packages/airflow/example_dags/example_branch_operator_decorator.py took 0.052 seconds
[2023-12-06T14:25:42.699+0000] {processor.py:157} INFO - Started process (PID=61746) to work on /home/airflow/.local/lib/python3.8/site-packages/airflow/example_dags/example_branch_operator_decorator.py
[2023-12-06T14:25:42.700+0000] {processor.py:829} INFO - Processing file /home/airflow/.local/lib/python3.8/site-packages/airflow/example_dags/example_branch_operator_decorator.py for tasks to queue
[2023-12-06T14:25:42.701+0000] {logging_mixin.py:151} INFO - [2023-12-06T14:25:42.701+0000] {dagbag.py:539} INFO - Filling up the DagBag from /home/airflow/.local/lib/python3.8/site-packages/airflow/example_dags/example_branch_operator_decorator.py
[2023-12-06T14:25:42.708+0000] {processor.py:839} INFO - DAG(s) dict_keys(['example_branch_python_operator_decorator']) retrieved from /home/airflow/.local/lib/python3.8/site-packages/airflow/example_dags/example_branch_operator_decorator.py
[2023-12-06T14:25:42.723+0000] {logging_mixin.py:151} INFO - [2023-12-06T14:25:42.723+0000] {dag.py:2915} INFO - Sync 1 DAGs
[2023-12-06T14:25:42.736+0000] {logging_mixin.py:151} INFO - [2023-12-06T14:25:42.736+0000] {dag.py:3696} INFO - Setting next_dagrun for example_branch_python_operator_decorator to 2023-12-05T00:00:00+00:00, run_after=2023-12-06T00:00:00+00:00
[2023-12-06T14:25:42.746+0000] {processor.py:179} INFO - Processing /home/airflow/.local/lib/python3.8/site-packages/airflow/example_dags/example_branch_operator_decorator.py took 0.050 seconds
[2023-12-06T14:26:13.679+0000] {processor.py:157} INFO - Started process (PID=61800) to work on /home/airflow/.local/lib/python3.8/site-packages/airflow/example_dags/example_branch_operator_decorator.py
[2023-12-06T14:26:13.679+0000] {processor.py:829} INFO - Processing file /home/airflow/.local/lib/python3.8/site-packages/airflow/example_dags/example_branch_operator_decorator.py for tasks to queue
[2023-12-06T14:26:13.681+0000] {logging_mixin.py:151} INFO - [2023-12-06T14:26:13.681+0000] {dagbag.py:539} INFO - Filling up the DagBag from /home/airflow/.local/lib/python3.8/site-packages/airflow/example_dags/example_branch_operator_decorator.py
[2023-12-06T14:26:13.688+0000] {processor.py:839} INFO - DAG(s) dict_keys(['example_branch_python_operator_decorator']) retrieved from /home/airflow/.local/lib/python3.8/site-packages/airflow/example_dags/example_branch_operator_decorator.py
[2023-12-06T14:26:13.712+0000] {logging_mixin.py:151} INFO - [2023-12-06T14:26:13.712+0000] {dag.py:2915} INFO - Sync 1 DAGs
[2023-12-06T14:26:13.833+0000] {logging_mixin.py:151} INFO - [2023-12-06T14:26:13.833+0000] {dag.py:3696} INFO - Setting next_dagrun for example_branch_python_operator_decorator to 2023-12-05T00:00:00+00:00, run_after=2023-12-06T00:00:00+00:00
[2023-12-06T14:26:13.847+0000] {processor.py:179} INFO - Processing /home/airflow/.local/lib/python3.8/site-packages/airflow/example_dags/example_branch_operator_decorator.py took 0.172 seconds
[2023-12-06T14:26:43.888+0000] {processor.py:157} INFO - Started process (PID=61854) to work on /home/airflow/.local/lib/python3.8/site-packages/airflow/example_dags/example_branch_operator_decorator.py
[2023-12-06T14:26:43.889+0000] {processor.py:829} INFO - Processing file /home/airflow/.local/lib/python3.8/site-packages/airflow/example_dags/example_branch_operator_decorator.py for tasks to queue
[2023-12-06T14:26:43.891+0000] {logging_mixin.py:151} INFO - [2023-12-06T14:26:43.891+0000] {dagbag.py:539} INFO - Filling up the DagBag from /home/airflow/.local/lib/python3.8/site-packages/airflow/example_dags/example_branch_operator_decorator.py
[2023-12-06T14:26:43.898+0000] {processor.py:839} INFO - DAG(s) dict_keys(['example_branch_python_operator_decorator']) retrieved from /home/airflow/.local/lib/python3.8/site-packages/airflow/example_dags/example_branch_operator_decorator.py
[2023-12-06T14:26:43.913+0000] {logging_mixin.py:151} INFO - [2023-12-06T14:26:43.913+0000] {dag.py:2915} INFO - Sync 1 DAGs
[2023-12-06T14:26:43.929+0000] {logging_mixin.py:151} INFO - [2023-12-06T14:26:43.928+0000] {dag.py:3696} INFO - Setting next_dagrun for example_branch_python_operator_decorator to 2023-12-05T00:00:00+00:00, run_after=2023-12-06T00:00:00+00:00
[2023-12-06T14:26:44.042+0000] {processor.py:179} INFO - Processing /home/airflow/.local/lib/python3.8/site-packages/airflow/example_dags/example_branch_operator_decorator.py took 0.156 seconds
[2023-12-06T14:27:14.346+0000] {processor.py:157} INFO - Started process (PID=61908) to work on /home/airflow/.local/lib/python3.8/site-packages/airflow/example_dags/example_branch_operator_decorator.py
[2023-12-06T14:27:14.347+0000] {processor.py:829} INFO - Processing file /home/airflow/.local/lib/python3.8/site-packages/airflow/example_dags/example_branch_operator_decorator.py for tasks to queue
[2023-12-06T14:27:14.348+0000] {logging_mixin.py:151} INFO - [2023-12-06T14:27:14.348+0000] {dagbag.py:539} INFO - Filling up the DagBag from /home/airflow/.local/lib/python3.8/site-packages/airflow/example_dags/example_branch_operator_decorator.py
[2023-12-06T14:27:14.355+0000] {processor.py:839} INFO - DAG(s) dict_keys(['example_branch_python_operator_decorator']) retrieved from /home/airflow/.local/lib/python3.8/site-packages/airflow/example_dags/example_branch_operator_decorator.py
[2023-12-06T14:27:14.367+0000] {logging_mixin.py:151} INFO - [2023-12-06T14:27:14.367+0000] {dag.py:2915} INFO - Sync 1 DAGs
[2023-12-06T14:27:14.378+0000] {logging_mixin.py:151} INFO - [2023-12-06T14:27:14.378+0000] {dag.py:3696} INFO - Setting next_dagrun for example_branch_python_operator_decorator to 2023-12-05T00:00:00+00:00, run_after=2023-12-06T00:00:00+00:00
[2023-12-06T14:27:14.386+0000] {processor.py:179} INFO - Processing /home/airflow/.local/lib/python3.8/site-packages/airflow/example_dags/example_branch_operator_decorator.py took 0.042 seconds
[2023-12-06T14:27:45.257+0000] {processor.py:157} INFO - Started process (PID=61962) to work on /home/airflow/.local/lib/python3.8/site-packages/airflow/example_dags/example_branch_operator_decorator.py
[2023-12-06T14:27:45.258+0000] {processor.py:829} INFO - Processing file /home/airflow/.local/lib/python3.8/site-packages/airflow/example_dags/example_branch_operator_decorator.py for tasks to queue
[2023-12-06T14:27:45.260+0000] {logging_mixin.py:151} INFO - [2023-12-06T14:27:45.259+0000] {dagbag.py:539} INFO - Filling up the DagBag from /home/airflow/.local/lib/python3.8/site-packages/airflow/example_dags/example_branch_operator_decorator.py
[2023-12-06T14:27:45.266+0000] {processor.py:839} INFO - DAG(s) dict_keys(['example_branch_python_operator_decorator']) retrieved from /home/airflow/.local/lib/python3.8/site-packages/airflow/example_dags/example_branch_operator_decorator.py
[2023-12-06T14:27:45.287+0000] {logging_mixin.py:151} INFO - [2023-12-06T14:27:45.287+0000] {dag.py:2915} INFO - Sync 1 DAGs
[2023-12-06T14:27:45.303+0000] {logging_mixin.py:151} INFO - [2023-12-06T14:27:45.303+0000] {dag.py:3696} INFO - Setting next_dagrun for example_branch_python_operator_decorator to 2023-12-05T00:00:00+00:00, run_after=2023-12-06T00:00:00+00:00
[2023-12-06T14:27:45.313+0000] {processor.py:179} INFO - Processing /home/airflow/.local/lib/python3.8/site-packages/airflow/example_dags/example_branch_operator_decorator.py took 0.058 seconds
[2023-12-06T14:28:22.100+0000] {processor.py:157} INFO - Started process (PID=62016) to work on /home/airflow/.local/lib/python3.8/site-packages/airflow/example_dags/example_branch_operator_decorator.py
[2023-12-06T14:28:22.102+0000] {processor.py:829} INFO - Processing file /home/airflow/.local/lib/python3.8/site-packages/airflow/example_dags/example_branch_operator_decorator.py for tasks to queue
[2023-12-06T14:28:22.116+0000] {logging_mixin.py:151} INFO - [2023-12-06T14:28:22.113+0000] {dagbag.py:539} INFO - Filling up the DagBag from /home/airflow/.local/lib/python3.8/site-packages/airflow/example_dags/example_branch_operator_decorator.py
[2023-12-06T14:28:22.158+0000] {processor.py:839} INFO - DAG(s) dict_keys(['example_branch_python_operator_decorator']) retrieved from /home/airflow/.local/lib/python3.8/site-packages/airflow/example_dags/example_branch_operator_decorator.py
[2023-12-06T14:28:22.191+0000] {logging_mixin.py:151} INFO - [2023-12-06T14:28:22.191+0000] {dag.py:2915} INFO - Sync 1 DAGs
[2023-12-06T14:28:22.575+0000] {logging_mixin.py:151} INFO - [2023-12-06T14:28:22.574+0000] {dag.py:3696} INFO - Setting next_dagrun for example_branch_python_operator_decorator to 2023-12-05T00:00:00+00:00, run_after=2023-12-06T00:00:00+00:00
[2023-12-06T14:28:22.588+0000] {processor.py:179} INFO - Processing /home/airflow/.local/lib/python3.8/site-packages/airflow/example_dags/example_branch_operator_decorator.py took 0.498 seconds
[2023-12-06T14:28:53.039+0000] {processor.py:157} INFO - Started process (PID=62070) to work on /home/airflow/.local/lib/python3.8/site-packages/airflow/example_dags/example_branch_operator_decorator.py
[2023-12-06T14:28:53.040+0000] {processor.py:829} INFO - Processing file /home/airflow/.local/lib/python3.8/site-packages/airflow/example_dags/example_branch_operator_decorator.py for tasks to queue
[2023-12-06T14:28:53.041+0000] {logging_mixin.py:151} INFO - [2023-12-06T14:28:53.041+0000] {dagbag.py:539} INFO - Filling up the DagBag from /home/airflow/.local/lib/python3.8/site-packages/airflow/example_dags/example_branch_operator_decorator.py
[2023-12-06T14:28:53.050+0000] {processor.py:839} INFO - DAG(s) dict_keys(['example_branch_python_operator_decorator']) retrieved from /home/airflow/.local/lib/python3.8/site-packages/airflow/example_dags/example_branch_operator_decorator.py
[2023-12-06T14:28:53.093+0000] {logging_mixin.py:151} INFO - [2023-12-06T14:28:53.093+0000] {dag.py:2915} INFO - Sync 1 DAGs
[2023-12-06T14:28:53.135+0000] {logging_mixin.py:151} INFO - [2023-12-06T14:28:53.135+0000] {dag.py:3696} INFO - Setting next_dagrun for example_branch_python_operator_decorator to 2023-12-05T00:00:00+00:00, run_after=2023-12-06T00:00:00+00:00
[2023-12-06T14:28:53.303+0000] {processor.py:179} INFO - Processing /home/airflow/.local/lib/python3.8/site-packages/airflow/example_dags/example_branch_operator_decorator.py took 0.267 seconds
[2023-12-06T14:29:23.368+0000] {processor.py:157} INFO - Started process (PID=62124) to work on /home/airflow/.local/lib/python3.8/site-packages/airflow/example_dags/example_branch_operator_decorator.py
[2023-12-06T14:29:23.370+0000] {processor.py:829} INFO - Processing file /home/airflow/.local/lib/python3.8/site-packages/airflow/example_dags/example_branch_operator_decorator.py for tasks to queue
[2023-12-06T14:29:23.376+0000] {logging_mixin.py:151} INFO - [2023-12-06T14:29:23.375+0000] {dagbag.py:539} INFO - Filling up the DagBag from /home/airflow/.local/lib/python3.8/site-packages/airflow/example_dags/example_branch_operator_decorator.py
[2023-12-06T14:29:23.406+0000] {processor.py:839} INFO - DAG(s) dict_keys(['example_branch_python_operator_decorator']) retrieved from /home/airflow/.local/lib/python3.8/site-packages/airflow/example_dags/example_branch_operator_decorator.py
[2023-12-06T14:29:23.457+0000] {logging_mixin.py:151} INFO - [2023-12-06T14:29:23.457+0000] {dag.py:2915} INFO - Sync 1 DAGs
[2023-12-06T14:29:23.535+0000] {logging_mixin.py:151} INFO - [2023-12-06T14:29:23.534+0000] {dag.py:3696} INFO - Setting next_dagrun for example_branch_python_operator_decorator to 2023-12-05T00:00:00+00:00, run_after=2023-12-06T00:00:00+00:00
[2023-12-06T14:29:23.572+0000] {processor.py:179} INFO - Processing /home/airflow/.local/lib/python3.8/site-packages/airflow/example_dags/example_branch_operator_decorator.py took 0.210 seconds
[2023-12-06T14:29:54.733+0000] {processor.py:157} INFO - Started process (PID=62179) to work on /home/airflow/.local/lib/python3.8/site-packages/airflow/example_dags/example_branch_operator_decorator.py
[2023-12-06T14:29:54.735+0000] {processor.py:829} INFO - Processing file /home/airflow/.local/lib/python3.8/site-packages/airflow/example_dags/example_branch_operator_decorator.py for tasks to queue
[2023-12-06T14:29:54.746+0000] {logging_mixin.py:151} INFO - [2023-12-06T14:29:54.745+0000] {dagbag.py:539} INFO - Filling up the DagBag from /home/airflow/.local/lib/python3.8/site-packages/airflow/example_dags/example_branch_operator_decorator.py
[2023-12-06T14:29:54.764+0000] {processor.py:839} INFO - DAG(s) dict_keys(['example_branch_python_operator_decorator']) retrieved from /home/airflow/.local/lib/python3.8/site-packages/airflow/example_dags/example_branch_operator_decorator.py
[2023-12-06T14:29:54.787+0000] {logging_mixin.py:151} INFO - [2023-12-06T14:29:54.787+0000] {dag.py:2915} INFO - Sync 1 DAGs
[2023-12-06T14:29:54.804+0000] {logging_mixin.py:151} INFO - [2023-12-06T14:29:54.804+0000] {dag.py:3696} INFO - Setting next_dagrun for example_branch_python_operator_decorator to 2023-12-05T00:00:00+00:00, run_after=2023-12-06T00:00:00+00:00
[2023-12-06T14:29:54.830+0000] {processor.py:179} INFO - Processing /home/airflow/.local/lib/python3.8/site-packages/airflow/example_dags/example_branch_operator_decorator.py took 0.100 seconds
[2023-12-06T14:30:25.112+0000] {processor.py:157} INFO - Started process (PID=62233) to work on /home/airflow/.local/lib/python3.8/site-packages/airflow/example_dags/example_branch_operator_decorator.py
[2023-12-06T14:30:25.113+0000] {processor.py:829} INFO - Processing file /home/airflow/.local/lib/python3.8/site-packages/airflow/example_dags/example_branch_operator_decorator.py for tasks to queue
[2023-12-06T14:30:25.115+0000] {logging_mixin.py:151} INFO - [2023-12-06T14:30:25.115+0000] {dagbag.py:539} INFO - Filling up the DagBag from /home/airflow/.local/lib/python3.8/site-packages/airflow/example_dags/example_branch_operator_decorator.py
[2023-12-06T14:30:25.122+0000] {processor.py:839} INFO - DAG(s) dict_keys(['example_branch_python_operator_decorator']) retrieved from /home/airflow/.local/lib/python3.8/site-packages/airflow/example_dags/example_branch_operator_decorator.py
[2023-12-06T14:30:25.138+0000] {logging_mixin.py:151} INFO - [2023-12-06T14:30:25.138+0000] {dag.py:2915} INFO - Sync 1 DAGs
[2023-12-06T14:30:25.259+0000] {logging_mixin.py:151} INFO - [2023-12-06T14:30:25.259+0000] {dag.py:3696} INFO - Setting next_dagrun for example_branch_python_operator_decorator to 2023-12-05T00:00:00+00:00, run_after=2023-12-06T00:00:00+00:00
[2023-12-06T14:30:25.268+0000] {processor.py:179} INFO - Processing /home/airflow/.local/lib/python3.8/site-packages/airflow/example_dags/example_branch_operator_decorator.py took 0.159 seconds
[2023-12-06T14:30:56.939+0000] {processor.py:157} INFO - Started process (PID=62287) to work on /home/airflow/.local/lib/python3.8/site-packages/airflow/example_dags/example_branch_operator_decorator.py
[2023-12-06T14:30:56.942+0000] {processor.py:829} INFO - Processing file /home/airflow/.local/lib/python3.8/site-packages/airflow/example_dags/example_branch_operator_decorator.py for tasks to queue
[2023-12-06T14:30:56.944+0000] {logging_mixin.py:151} INFO - [2023-12-06T14:30:56.944+0000] {dagbag.py:539} INFO - Filling up the DagBag from /home/airflow/.local/lib/python3.8/site-packages/airflow/example_dags/example_branch_operator_decorator.py
[2023-12-06T14:30:56.956+0000] {processor.py:839} INFO - DAG(s) dict_keys(['example_branch_python_operator_decorator']) retrieved from /home/airflow/.local/lib/python3.8/site-packages/airflow/example_dags/example_branch_operator_decorator.py
[2023-12-06T14:30:56.991+0000] {logging_mixin.py:151} INFO - [2023-12-06T14:30:56.991+0000] {dag.py:2915} INFO - Sync 1 DAGs
[2023-12-06T14:30:57.017+0000] {logging_mixin.py:151} INFO - [2023-12-06T14:30:57.016+0000] {dag.py:3696} INFO - Setting next_dagrun for example_branch_python_operator_decorator to 2023-12-05T00:00:00+00:00, run_after=2023-12-06T00:00:00+00:00
[2023-12-06T14:30:57.038+0000] {processor.py:179} INFO - Processing /home/airflow/.local/lib/python3.8/site-packages/airflow/example_dags/example_branch_operator_decorator.py took 0.103 seconds
[2023-12-06T14:31:28.213+0000] {processor.py:157} INFO - Started process (PID=62340) to work on /home/airflow/.local/lib/python3.8/site-packages/airflow/example_dags/example_branch_operator_decorator.py
[2023-12-06T14:31:28.217+0000] {processor.py:829} INFO - Processing file /home/airflow/.local/lib/python3.8/site-packages/airflow/example_dags/example_branch_operator_decorator.py for tasks to queue
[2023-12-06T14:31:28.223+0000] {logging_mixin.py:151} INFO - [2023-12-06T14:31:28.223+0000] {dagbag.py:539} INFO - Filling up the DagBag from /home/airflow/.local/lib/python3.8/site-packages/airflow/example_dags/example_branch_operator_decorator.py
[2023-12-06T14:31:28.249+0000] {processor.py:839} INFO - DAG(s) dict_keys(['example_branch_python_operator_decorator']) retrieved from /home/airflow/.local/lib/python3.8/site-packages/airflow/example_dags/example_branch_operator_decorator.py
[2023-12-06T14:31:28.301+0000] {logging_mixin.py:151} INFO - [2023-12-06T14:31:28.301+0000] {dag.py:2915} INFO - Sync 1 DAGs
[2023-12-06T14:31:28.338+0000] {logging_mixin.py:151} INFO - [2023-12-06T14:31:28.338+0000] {dag.py:3696} INFO - Setting next_dagrun for example_branch_python_operator_decorator to 2023-12-05T00:00:00+00:00, run_after=2023-12-06T00:00:00+00:00
[2023-12-06T14:31:28.386+0000] {processor.py:179} INFO - Processing /home/airflow/.local/lib/python3.8/site-packages/airflow/example_dags/example_branch_operator_decorator.py took 0.185 seconds
[2023-12-06T14:31:58.591+0000] {processor.py:157} INFO - Started process (PID=62394) to work on /home/airflow/.local/lib/python3.8/site-packages/airflow/example_dags/example_branch_operator_decorator.py
[2023-12-06T14:31:58.592+0000] {processor.py:829} INFO - Processing file /home/airflow/.local/lib/python3.8/site-packages/airflow/example_dags/example_branch_operator_decorator.py for tasks to queue
[2023-12-06T14:31:58.593+0000] {logging_mixin.py:151} INFO - [2023-12-06T14:31:58.593+0000] {dagbag.py:539} INFO - Filling up the DagBag from /home/airflow/.local/lib/python3.8/site-packages/airflow/example_dags/example_branch_operator_decorator.py
[2023-12-06T14:31:58.600+0000] {processor.py:839} INFO - DAG(s) dict_keys(['example_branch_python_operator_decorator']) retrieved from /home/airflow/.local/lib/python3.8/site-packages/airflow/example_dags/example_branch_operator_decorator.py
[2023-12-06T14:31:58.615+0000] {logging_mixin.py:151} INFO - [2023-12-06T14:31:58.615+0000] {dag.py:2915} INFO - Sync 1 DAGs
[2023-12-06T14:31:58.634+0000] {logging_mixin.py:151} INFO - [2023-12-06T14:31:58.633+0000] {dag.py:3696} INFO - Setting next_dagrun for example_branch_python_operator_decorator to 2023-12-05T00:00:00+00:00, run_after=2023-12-06T00:00:00+00:00
[2023-12-06T14:31:58.655+0000] {processor.py:179} INFO - Processing /home/airflow/.local/lib/python3.8/site-packages/airflow/example_dags/example_branch_operator_decorator.py took 0.067 seconds
[2023-12-06T14:32:29.654+0000] {processor.py:157} INFO - Started process (PID=62448) to work on /home/airflow/.local/lib/python3.8/site-packages/airflow/example_dags/example_branch_operator_decorator.py
[2023-12-06T14:32:29.656+0000] {processor.py:829} INFO - Processing file /home/airflow/.local/lib/python3.8/site-packages/airflow/example_dags/example_branch_operator_decorator.py for tasks to queue
[2023-12-06T14:32:29.662+0000] {logging_mixin.py:151} INFO - [2023-12-06T14:32:29.662+0000] {dagbag.py:539} INFO - Filling up the DagBag from /home/airflow/.local/lib/python3.8/site-packages/airflow/example_dags/example_branch_operator_decorator.py
[2023-12-06T14:32:29.676+0000] {processor.py:839} INFO - DAG(s) dict_keys(['example_branch_python_operator_decorator']) retrieved from /home/airflow/.local/lib/python3.8/site-packages/airflow/example_dags/example_branch_operator_decorator.py
[2023-12-06T14:32:29.694+0000] {logging_mixin.py:151} INFO - [2023-12-06T14:32:29.694+0000] {dag.py:2915} INFO - Sync 1 DAGs
[2023-12-06T14:32:29.707+0000] {logging_mixin.py:151} INFO - [2023-12-06T14:32:29.707+0000] {dag.py:3696} INFO - Setting next_dagrun for example_branch_python_operator_decorator to 2023-12-05T00:00:00+00:00, run_after=2023-12-06T00:00:00+00:00
[2023-12-06T14:32:29.716+0000] {processor.py:179} INFO - Processing /home/airflow/.local/lib/python3.8/site-packages/airflow/example_dags/example_branch_operator_decorator.py took 0.068 seconds
[2023-12-06T14:32:59.948+0000] {processor.py:157} INFO - Started process (PID=62502) to work on /home/airflow/.local/lib/python3.8/site-packages/airflow/example_dags/example_branch_operator_decorator.py
[2023-12-06T14:32:59.950+0000] {processor.py:829} INFO - Processing file /home/airflow/.local/lib/python3.8/site-packages/airflow/example_dags/example_branch_operator_decorator.py for tasks to queue
[2023-12-06T14:32:59.952+0000] {logging_mixin.py:151} INFO - [2023-12-06T14:32:59.951+0000] {dagbag.py:539} INFO - Filling up the DagBag from /home/airflow/.local/lib/python3.8/site-packages/airflow/example_dags/example_branch_operator_decorator.py
[2023-12-06T14:32:59.960+0000] {processor.py:839} INFO - DAG(s) dict_keys(['example_branch_python_operator_decorator']) retrieved from /home/airflow/.local/lib/python3.8/site-packages/airflow/example_dags/example_branch_operator_decorator.py
[2023-12-06T14:32:59.983+0000] {logging_mixin.py:151} INFO - [2023-12-06T14:32:59.982+0000] {dag.py:2915} INFO - Sync 1 DAGs
[2023-12-06T14:33:00.004+0000] {logging_mixin.py:151} INFO - [2023-12-06T14:33:00.004+0000] {dag.py:3696} INFO - Setting next_dagrun for example_branch_python_operator_decorator to 2023-12-05T00:00:00+00:00, run_after=2023-12-06T00:00:00+00:00
[2023-12-06T14:33:00.052+0000] {processor.py:179} INFO - Processing /home/airflow/.local/lib/python3.8/site-packages/airflow/example_dags/example_branch_operator_decorator.py took 0.107 seconds
[2023-12-06T14:33:30.613+0000] {processor.py:157} INFO - Started process (PID=62556) to work on /home/airflow/.local/lib/python3.8/site-packages/airflow/example_dags/example_branch_operator_decorator.py
[2023-12-06T14:33:30.614+0000] {processor.py:829} INFO - Processing file /home/airflow/.local/lib/python3.8/site-packages/airflow/example_dags/example_branch_operator_decorator.py for tasks to queue
[2023-12-06T14:33:30.615+0000] {logging_mixin.py:151} INFO - [2023-12-06T14:33:30.615+0000] {dagbag.py:539} INFO - Filling up the DagBag from /home/airflow/.local/lib/python3.8/site-packages/airflow/example_dags/example_branch_operator_decorator.py
[2023-12-06T14:33:30.622+0000] {processor.py:839} INFO - DAG(s) dict_keys(['example_branch_python_operator_decorator']) retrieved from /home/airflow/.local/lib/python3.8/site-packages/airflow/example_dags/example_branch_operator_decorator.py
[2023-12-06T14:33:30.639+0000] {logging_mixin.py:151} INFO - [2023-12-06T14:33:30.638+0000] {dag.py:2915} INFO - Sync 1 DAGs
[2023-12-06T14:33:30.657+0000] {logging_mixin.py:151} INFO - [2023-12-06T14:33:30.657+0000] {dag.py:3696} INFO - Setting next_dagrun for example_branch_python_operator_decorator to 2023-12-05T00:00:00+00:00, run_after=2023-12-06T00:00:00+00:00
[2023-12-06T14:33:30.669+0000] {processor.py:179} INFO - Processing /home/airflow/.local/lib/python3.8/site-packages/airflow/example_dags/example_branch_operator_decorator.py took 0.059 seconds
[2023-12-06T14:34:01.543+0000] {processor.py:157} INFO - Started process (PID=62610) to work on /home/airflow/.local/lib/python3.8/site-packages/airflow/example_dags/example_branch_operator_decorator.py
[2023-12-06T14:34:01.545+0000] {processor.py:829} INFO - Processing file /home/airflow/.local/lib/python3.8/site-packages/airflow/example_dags/example_branch_operator_decorator.py for tasks to queue
[2023-12-06T14:34:01.546+0000] {logging_mixin.py:151} INFO - [2023-12-06T14:34:01.546+0000] {dagbag.py:539} INFO - Filling up the DagBag from /home/airflow/.local/lib/python3.8/site-packages/airflow/example_dags/example_branch_operator_decorator.py
[2023-12-06T14:34:01.556+0000] {processor.py:839} INFO - DAG(s) dict_keys(['example_branch_python_operator_decorator']) retrieved from /home/airflow/.local/lib/python3.8/site-packages/airflow/example_dags/example_branch_operator_decorator.py
[2023-12-06T14:34:01.581+0000] {logging_mixin.py:151} INFO - [2023-12-06T14:34:01.581+0000] {dag.py:2915} INFO - Sync 1 DAGs
[2023-12-06T14:34:01.628+0000] {logging_mixin.py:151} INFO - [2023-12-06T14:34:01.627+0000] {dag.py:3696} INFO - Setting next_dagrun for example_branch_python_operator_decorator to 2023-12-05T00:00:00+00:00, run_after=2023-12-06T00:00:00+00:00
[2023-12-06T14:34:01.640+0000] {processor.py:179} INFO - Processing /home/airflow/.local/lib/python3.8/site-packages/airflow/example_dags/example_branch_operator_decorator.py took 0.100 seconds
[2023-12-06T14:34:32.278+0000] {processor.py:157} INFO - Started process (PID=62663) to work on /home/airflow/.local/lib/python3.8/site-packages/airflow/example_dags/example_branch_operator_decorator.py
[2023-12-06T14:34:32.280+0000] {processor.py:829} INFO - Processing file /home/airflow/.local/lib/python3.8/site-packages/airflow/example_dags/example_branch_operator_decorator.py for tasks to queue
[2023-12-06T14:34:32.281+0000] {logging_mixin.py:151} INFO - [2023-12-06T14:34:32.281+0000] {dagbag.py:539} INFO - Filling up the DagBag from /home/airflow/.local/lib/python3.8/site-packages/airflow/example_dags/example_branch_operator_decorator.py
[2023-12-06T14:34:32.287+0000] {processor.py:839} INFO - DAG(s) dict_keys(['example_branch_python_operator_decorator']) retrieved from /home/airflow/.local/lib/python3.8/site-packages/airflow/example_dags/example_branch_operator_decorator.py
[2023-12-06T14:34:32.301+0000] {logging_mixin.py:151} INFO - [2023-12-06T14:34:32.301+0000] {dag.py:2915} INFO - Sync 1 DAGs
[2023-12-06T14:34:32.314+0000] {logging_mixin.py:151} INFO - [2023-12-06T14:34:32.314+0000] {dag.py:3696} INFO - Setting next_dagrun for example_branch_python_operator_decorator to 2023-12-05T00:00:00+00:00, run_after=2023-12-06T00:00:00+00:00
[2023-12-06T14:34:32.324+0000] {processor.py:179} INFO - Processing /home/airflow/.local/lib/python3.8/site-packages/airflow/example_dags/example_branch_operator_decorator.py took 0.047 seconds
[2023-12-06T14:35:03.528+0000] {processor.py:157} INFO - Started process (PID=62718) to work on /home/airflow/.local/lib/python3.8/site-packages/airflow/example_dags/example_branch_operator_decorator.py
[2023-12-06T14:35:03.529+0000] {processor.py:829} INFO - Processing file /home/airflow/.local/lib/python3.8/site-packages/airflow/example_dags/example_branch_operator_decorator.py for tasks to queue
[2023-12-06T14:35:03.531+0000] {logging_mixin.py:151} INFO - [2023-12-06T14:35:03.531+0000] {dagbag.py:539} INFO - Filling up the DagBag from /home/airflow/.local/lib/python3.8/site-packages/airflow/example_dags/example_branch_operator_decorator.py
[2023-12-06T14:35:03.539+0000] {processor.py:839} INFO - DAG(s) dict_keys(['example_branch_python_operator_decorator']) retrieved from /home/airflow/.local/lib/python3.8/site-packages/airflow/example_dags/example_branch_operator_decorator.py
[2023-12-06T14:35:03.553+0000] {logging_mixin.py:151} INFO - [2023-12-06T14:35:03.553+0000] {dag.py:2915} INFO - Sync 1 DAGs
[2023-12-06T14:35:03.566+0000] {logging_mixin.py:151} INFO - [2023-12-06T14:35:03.566+0000] {dag.py:3696} INFO - Setting next_dagrun for example_branch_python_operator_decorator to 2023-12-05T00:00:00+00:00, run_after=2023-12-06T00:00:00+00:00
[2023-12-06T14:35:03.574+0000] {processor.py:179} INFO - Processing /home/airflow/.local/lib/python3.8/site-packages/airflow/example_dags/example_branch_operator_decorator.py took 0.049 seconds
[2023-12-06T14:35:33.791+0000] {processor.py:157} INFO - Started process (PID=62772) to work on /home/airflow/.local/lib/python3.8/site-packages/airflow/example_dags/example_branch_operator_decorator.py
[2023-12-06T14:35:33.792+0000] {processor.py:829} INFO - Processing file /home/airflow/.local/lib/python3.8/site-packages/airflow/example_dags/example_branch_operator_decorator.py for tasks to queue
[2023-12-06T14:35:33.794+0000] {logging_mixin.py:151} INFO - [2023-12-06T14:35:33.794+0000] {dagbag.py:539} INFO - Filling up the DagBag from /home/airflow/.local/lib/python3.8/site-packages/airflow/example_dags/example_branch_operator_decorator.py
[2023-12-06T14:35:33.800+0000] {processor.py:839} INFO - DAG(s) dict_keys(['example_branch_python_operator_decorator']) retrieved from /home/airflow/.local/lib/python3.8/site-packages/airflow/example_dags/example_branch_operator_decorator.py
[2023-12-06T14:35:33.814+0000] {logging_mixin.py:151} INFO - [2023-12-06T14:35:33.814+0000] {dag.py:2915} INFO - Sync 1 DAGs
[2023-12-06T14:35:33.826+0000] {logging_mixin.py:151} INFO - [2023-12-06T14:35:33.826+0000] {dag.py:3696} INFO - Setting next_dagrun for example_branch_python_operator_decorator to 2023-12-05T00:00:00+00:00, run_after=2023-12-06T00:00:00+00:00
[2023-12-06T14:35:33.837+0000] {processor.py:179} INFO - Processing /home/airflow/.local/lib/python3.8/site-packages/airflow/example_dags/example_branch_operator_decorator.py took 0.049 seconds
[2023-12-06T14:36:04.917+0000] {processor.py:157} INFO - Started process (PID=62826) to work on /home/airflow/.local/lib/python3.8/site-packages/airflow/example_dags/example_branch_operator_decorator.py
[2023-12-06T14:36:04.918+0000] {processor.py:829} INFO - Processing file /home/airflow/.local/lib/python3.8/site-packages/airflow/example_dags/example_branch_operator_decorator.py for tasks to queue
[2023-12-06T14:36:04.920+0000] {logging_mixin.py:151} INFO - [2023-12-06T14:36:04.920+0000] {dagbag.py:539} INFO - Filling up the DagBag from /home/airflow/.local/lib/python3.8/site-packages/airflow/example_dags/example_branch_operator_decorator.py
[2023-12-06T14:36:04.926+0000] {processor.py:839} INFO - DAG(s) dict_keys(['example_branch_python_operator_decorator']) retrieved from /home/airflow/.local/lib/python3.8/site-packages/airflow/example_dags/example_branch_operator_decorator.py
[2023-12-06T14:36:04.940+0000] {logging_mixin.py:151} INFO - [2023-12-06T14:36:04.940+0000] {dag.py:2915} INFO - Sync 1 DAGs
[2023-12-06T14:36:04.952+0000] {logging_mixin.py:151} INFO - [2023-12-06T14:36:04.952+0000] {dag.py:3696} INFO - Setting next_dagrun for example_branch_python_operator_decorator to 2023-12-05T00:00:00+00:00, run_after=2023-12-06T00:00:00+00:00
[2023-12-06T14:36:04.961+0000] {processor.py:179} INFO - Processing /home/airflow/.local/lib/python3.8/site-packages/airflow/example_dags/example_branch_operator_decorator.py took 0.046 seconds
[2023-12-06T14:36:35.578+0000] {processor.py:157} INFO - Started process (PID=62880) to work on /home/airflow/.local/lib/python3.8/site-packages/airflow/example_dags/example_branch_operator_decorator.py
[2023-12-06T14:36:35.579+0000] {processor.py:829} INFO - Processing file /home/airflow/.local/lib/python3.8/site-packages/airflow/example_dags/example_branch_operator_decorator.py for tasks to queue
[2023-12-06T14:36:35.581+0000] {logging_mixin.py:151} INFO - [2023-12-06T14:36:35.580+0000] {dagbag.py:539} INFO - Filling up the DagBag from /home/airflow/.local/lib/python3.8/site-packages/airflow/example_dags/example_branch_operator_decorator.py
[2023-12-06T14:36:35.587+0000] {processor.py:839} INFO - DAG(s) dict_keys(['example_branch_python_operator_decorator']) retrieved from /home/airflow/.local/lib/python3.8/site-packages/airflow/example_dags/example_branch_operator_decorator.py
[2023-12-06T14:36:35.604+0000] {logging_mixin.py:151} INFO - [2023-12-06T14:36:35.603+0000] {dag.py:2915} INFO - Sync 1 DAGs
[2023-12-06T14:36:35.624+0000] {logging_mixin.py:151} INFO - [2023-12-06T14:36:35.624+0000] {dag.py:3696} INFO - Setting next_dagrun for example_branch_python_operator_decorator to 2023-12-05T00:00:00+00:00, run_after=2023-12-06T00:00:00+00:00
[2023-12-06T14:36:35.635+0000] {processor.py:179} INFO - Processing /home/airflow/.local/lib/python3.8/site-packages/airflow/example_dags/example_branch_operator_decorator.py took 0.060 seconds
[2023-12-06T14:37:06.325+0000] {processor.py:157} INFO - Started process (PID=62934) to work on /home/airflow/.local/lib/python3.8/site-packages/airflow/example_dags/example_branch_operator_decorator.py
[2023-12-06T14:37:06.327+0000] {processor.py:829} INFO - Processing file /home/airflow/.local/lib/python3.8/site-packages/airflow/example_dags/example_branch_operator_decorator.py for tasks to queue
[2023-12-06T14:37:06.328+0000] {logging_mixin.py:151} INFO - [2023-12-06T14:37:06.328+0000] {dagbag.py:539} INFO - Filling up the DagBag from /home/airflow/.local/lib/python3.8/site-packages/airflow/example_dags/example_branch_operator_decorator.py
[2023-12-06T14:37:06.338+0000] {processor.py:839} INFO - DAG(s) dict_keys(['example_branch_python_operator_decorator']) retrieved from /home/airflow/.local/lib/python3.8/site-packages/airflow/example_dags/example_branch_operator_decorator.py
[2023-12-06T14:37:06.355+0000] {logging_mixin.py:151} INFO - [2023-12-06T14:37:06.354+0000] {dag.py:2915} INFO - Sync 1 DAGs
[2023-12-06T14:37:06.368+0000] {logging_mixin.py:151} INFO - [2023-12-06T14:37:06.368+0000] {dag.py:3696} INFO - Setting next_dagrun for example_branch_python_operator_decorator to 2023-12-05T00:00:00+00:00, run_after=2023-12-06T00:00:00+00:00
[2023-12-06T14:37:06.377+0000] {processor.py:179} INFO - Processing /home/airflow/.local/lib/python3.8/site-packages/airflow/example_dags/example_branch_operator_decorator.py took 0.054 seconds
[2023-12-06T14:37:37.056+0000] {processor.py:157} INFO - Started process (PID=62988) to work on /home/airflow/.local/lib/python3.8/site-packages/airflow/example_dags/example_branch_operator_decorator.py
[2023-12-06T14:37:37.057+0000] {processor.py:829} INFO - Processing file /home/airflow/.local/lib/python3.8/site-packages/airflow/example_dags/example_branch_operator_decorator.py for tasks to queue
[2023-12-06T14:37:37.059+0000] {logging_mixin.py:151} INFO - [2023-12-06T14:37:37.059+0000] {dagbag.py:539} INFO - Filling up the DagBag from /home/airflow/.local/lib/python3.8/site-packages/airflow/example_dags/example_branch_operator_decorator.py
[2023-12-06T14:37:37.066+0000] {processor.py:839} INFO - DAG(s) dict_keys(['example_branch_python_operator_decorator']) retrieved from /home/airflow/.local/lib/python3.8/site-packages/airflow/example_dags/example_branch_operator_decorator.py
[2023-12-06T14:37:37.083+0000] {logging_mixin.py:151} INFO - [2023-12-06T14:37:37.083+0000] {dag.py:2915} INFO - Sync 1 DAGs
[2023-12-06T14:37:37.101+0000] {logging_mixin.py:151} INFO - [2023-12-06T14:37:37.100+0000] {dag.py:3696} INFO - Setting next_dagrun for example_branch_python_operator_decorator to 2023-12-05T00:00:00+00:00, run_after=2023-12-06T00:00:00+00:00
[2023-12-06T14:37:37.116+0000] {processor.py:179} INFO - Processing /home/airflow/.local/lib/python3.8/site-packages/airflow/example_dags/example_branch_operator_decorator.py took 0.065 seconds
[2023-12-06T14:38:08.013+0000] {processor.py:157} INFO - Started process (PID=63042) to work on /home/airflow/.local/lib/python3.8/site-packages/airflow/example_dags/example_branch_operator_decorator.py
[2023-12-06T14:38:08.014+0000] {processor.py:829} INFO - Processing file /home/airflow/.local/lib/python3.8/site-packages/airflow/example_dags/example_branch_operator_decorator.py for tasks to queue
[2023-12-06T14:38:08.017+0000] {logging_mixin.py:151} INFO - [2023-12-06T14:38:08.016+0000] {dagbag.py:539} INFO - Filling up the DagBag from /home/airflow/.local/lib/python3.8/site-packages/airflow/example_dags/example_branch_operator_decorator.py
[2023-12-06T14:38:08.024+0000] {processor.py:839} INFO - DAG(s) dict_keys(['example_branch_python_operator_decorator']) retrieved from /home/airflow/.local/lib/python3.8/site-packages/airflow/example_dags/example_branch_operator_decorator.py
[2023-12-06T14:38:08.041+0000] {logging_mixin.py:151} INFO - [2023-12-06T14:38:08.041+0000] {dag.py:2915} INFO - Sync 1 DAGs
[2023-12-06T14:38:08.061+0000] {logging_mixin.py:151} INFO - [2023-12-06T14:38:08.061+0000] {dag.py:3696} INFO - Setting next_dagrun for example_branch_python_operator_decorator to 2023-12-05T00:00:00+00:00, run_after=2023-12-06T00:00:00+00:00
[2023-12-06T14:38:08.075+0000] {processor.py:179} INFO - Processing /home/airflow/.local/lib/python3.8/site-packages/airflow/example_dags/example_branch_operator_decorator.py took 0.066 seconds
[2023-12-06T14:38:39.004+0000] {processor.py:157} INFO - Started process (PID=63096) to work on /home/airflow/.local/lib/python3.8/site-packages/airflow/example_dags/example_branch_operator_decorator.py
[2023-12-06T14:38:39.006+0000] {processor.py:829} INFO - Processing file /home/airflow/.local/lib/python3.8/site-packages/airflow/example_dags/example_branch_operator_decorator.py for tasks to queue
[2023-12-06T14:38:39.010+0000] {logging_mixin.py:151} INFO - [2023-12-06T14:38:39.010+0000] {dagbag.py:539} INFO - Filling up the DagBag from /home/airflow/.local/lib/python3.8/site-packages/airflow/example_dags/example_branch_operator_decorator.py
[2023-12-06T14:38:39.019+0000] {processor.py:839} INFO - DAG(s) dict_keys(['example_branch_python_operator_decorator']) retrieved from /home/airflow/.local/lib/python3.8/site-packages/airflow/example_dags/example_branch_operator_decorator.py
[2023-12-06T14:38:39.049+0000] {logging_mixin.py:151} INFO - [2023-12-06T14:38:39.049+0000] {dag.py:2915} INFO - Sync 1 DAGs
[2023-12-06T14:38:39.072+0000] {logging_mixin.py:151} INFO - [2023-12-06T14:38:39.072+0000] {dag.py:3696} INFO - Setting next_dagrun for example_branch_python_operator_decorator to 2023-12-05T00:00:00+00:00, run_after=2023-12-06T00:00:00+00:00
[2023-12-06T14:38:39.103+0000] {processor.py:179} INFO - Processing /home/airflow/.local/lib/python3.8/site-packages/airflow/example_dags/example_branch_operator_decorator.py took 0.107 seconds
[2023-12-06T14:39:10.002+0000] {processor.py:157} INFO - Started process (PID=63150) to work on /home/airflow/.local/lib/python3.8/site-packages/airflow/example_dags/example_branch_operator_decorator.py
[2023-12-06T14:39:10.003+0000] {processor.py:829} INFO - Processing file /home/airflow/.local/lib/python3.8/site-packages/airflow/example_dags/example_branch_operator_decorator.py for tasks to queue
[2023-12-06T14:39:10.005+0000] {logging_mixin.py:151} INFO - [2023-12-06T14:39:10.004+0000] {dagbag.py:539} INFO - Filling up the DagBag from /home/airflow/.local/lib/python3.8/site-packages/airflow/example_dags/example_branch_operator_decorator.py
[2023-12-06T14:39:10.012+0000] {processor.py:839} INFO - DAG(s) dict_keys(['example_branch_python_operator_decorator']) retrieved from /home/airflow/.local/lib/python3.8/site-packages/airflow/example_dags/example_branch_operator_decorator.py
[2023-12-06T14:39:10.034+0000] {logging_mixin.py:151} INFO - [2023-12-06T14:39:10.034+0000] {dag.py:2915} INFO - Sync 1 DAGs
[2023-12-06T14:39:10.052+0000] {logging_mixin.py:151} INFO - [2023-12-06T14:39:10.052+0000] {dag.py:3696} INFO - Setting next_dagrun for example_branch_python_operator_decorator to 2023-12-05T00:00:00+00:00, run_after=2023-12-06T00:00:00+00:00
[2023-12-06T14:39:10.071+0000] {processor.py:179} INFO - Processing /home/airflow/.local/lib/python3.8/site-packages/airflow/example_dags/example_branch_operator_decorator.py took 0.071 seconds
[2023-12-06T14:39:41.004+0000] {processor.py:157} INFO - Started process (PID=63204) to work on /home/airflow/.local/lib/python3.8/site-packages/airflow/example_dags/example_branch_operator_decorator.py
[2023-12-06T14:39:41.005+0000] {processor.py:829} INFO - Processing file /home/airflow/.local/lib/python3.8/site-packages/airflow/example_dags/example_branch_operator_decorator.py for tasks to queue
[2023-12-06T14:39:41.006+0000] {logging_mixin.py:151} INFO - [2023-12-06T14:39:41.006+0000] {dagbag.py:539} INFO - Filling up the DagBag from /home/airflow/.local/lib/python3.8/site-packages/airflow/example_dags/example_branch_operator_decorator.py
[2023-12-06T14:39:41.013+0000] {processor.py:839} INFO - DAG(s) dict_keys(['example_branch_python_operator_decorator']) retrieved from /home/airflow/.local/lib/python3.8/site-packages/airflow/example_dags/example_branch_operator_decorator.py
[2023-12-06T14:39:41.028+0000] {logging_mixin.py:151} INFO - [2023-12-06T14:39:41.027+0000] {dag.py:2915} INFO - Sync 1 DAGs
[2023-12-06T14:39:41.041+0000] {logging_mixin.py:151} INFO - [2023-12-06T14:39:41.040+0000] {dag.py:3696} INFO - Setting next_dagrun for example_branch_python_operator_decorator to 2023-12-05T00:00:00+00:00, run_after=2023-12-06T00:00:00+00:00
[2023-12-06T14:39:41.051+0000] {processor.py:179} INFO - Processing /home/airflow/.local/lib/python3.8/site-packages/airflow/example_dags/example_branch_operator_decorator.py took 0.050 seconds
[2023-12-06T14:40:11.553+0000] {processor.py:157} INFO - Started process (PID=63258) to work on /home/airflow/.local/lib/python3.8/site-packages/airflow/example_dags/example_branch_operator_decorator.py
[2023-12-06T14:40:11.554+0000] {processor.py:829} INFO - Processing file /home/airflow/.local/lib/python3.8/site-packages/airflow/example_dags/example_branch_operator_decorator.py for tasks to queue
[2023-12-06T14:40:11.556+0000] {logging_mixin.py:151} INFO - [2023-12-06T14:40:11.556+0000] {dagbag.py:539} INFO - Filling up the DagBag from /home/airflow/.local/lib/python3.8/site-packages/airflow/example_dags/example_branch_operator_decorator.py
[2023-12-06T14:40:11.563+0000] {processor.py:839} INFO - DAG(s) dict_keys(['example_branch_python_operator_decorator']) retrieved from /home/airflow/.local/lib/python3.8/site-packages/airflow/example_dags/example_branch_operator_decorator.py
[2023-12-06T14:40:11.576+0000] {logging_mixin.py:151} INFO - [2023-12-06T14:40:11.576+0000] {dag.py:2915} INFO - Sync 1 DAGs
[2023-12-06T14:40:11.589+0000] {logging_mixin.py:151} INFO - [2023-12-06T14:40:11.589+0000] {dag.py:3696} INFO - Setting next_dagrun for example_branch_python_operator_decorator to 2023-12-05T00:00:00+00:00, run_after=2023-12-06T00:00:00+00:00
[2023-12-06T14:40:11.598+0000] {processor.py:179} INFO - Processing /home/airflow/.local/lib/python3.8/site-packages/airflow/example_dags/example_branch_operator_decorator.py took 0.047 seconds
[2023-12-06T14:40:42.329+0000] {processor.py:157} INFO - Started process (PID=63312) to work on /home/airflow/.local/lib/python3.8/site-packages/airflow/example_dags/example_branch_operator_decorator.py
[2023-12-06T14:40:42.330+0000] {processor.py:829} INFO - Processing file /home/airflow/.local/lib/python3.8/site-packages/airflow/example_dags/example_branch_operator_decorator.py for tasks to queue
[2023-12-06T14:40:42.332+0000] {logging_mixin.py:151} INFO - [2023-12-06T14:40:42.332+0000] {dagbag.py:539} INFO - Filling up the DagBag from /home/airflow/.local/lib/python3.8/site-packages/airflow/example_dags/example_branch_operator_decorator.py
[2023-12-06T14:40:42.339+0000] {processor.py:839} INFO - DAG(s) dict_keys(['example_branch_python_operator_decorator']) retrieved from /home/airflow/.local/lib/python3.8/site-packages/airflow/example_dags/example_branch_operator_decorator.py
[2023-12-06T14:40:42.352+0000] {logging_mixin.py:151} INFO - [2023-12-06T14:40:42.352+0000] {dag.py:2915} INFO - Sync 1 DAGs
[2023-12-06T14:40:42.366+0000] {logging_mixin.py:151} INFO - [2023-12-06T14:40:42.366+0000] {dag.py:3696} INFO - Setting next_dagrun for example_branch_python_operator_decorator to 2023-12-05T00:00:00+00:00, run_after=2023-12-06T00:00:00+00:00
[2023-12-06T14:40:42.375+0000] {processor.py:179} INFO - Processing /home/airflow/.local/lib/python3.8/site-packages/airflow/example_dags/example_branch_operator_decorator.py took 0.048 seconds
[2023-12-06T14:41:12.970+0000] {processor.py:157} INFO - Started process (PID=63366) to work on /home/airflow/.local/lib/python3.8/site-packages/airflow/example_dags/example_branch_operator_decorator.py
[2023-12-06T14:41:12.971+0000] {processor.py:829} INFO - Processing file /home/airflow/.local/lib/python3.8/site-packages/airflow/example_dags/example_branch_operator_decorator.py for tasks to queue
[2023-12-06T14:41:12.973+0000] {logging_mixin.py:151} INFO - [2023-12-06T14:41:12.973+0000] {dagbag.py:539} INFO - Filling up the DagBag from /home/airflow/.local/lib/python3.8/site-packages/airflow/example_dags/example_branch_operator_decorator.py
[2023-12-06T14:41:12.980+0000] {processor.py:839} INFO - DAG(s) dict_keys(['example_branch_python_operator_decorator']) retrieved from /home/airflow/.local/lib/python3.8/site-packages/airflow/example_dags/example_branch_operator_decorator.py
[2023-12-06T14:41:12.997+0000] {logging_mixin.py:151} INFO - [2023-12-06T14:41:12.997+0000] {dag.py:2915} INFO - Sync 1 DAGs
[2023-12-06T14:41:13.014+0000] {logging_mixin.py:151} INFO - [2023-12-06T14:41:13.014+0000] {dag.py:3696} INFO - Setting next_dagrun for example_branch_python_operator_decorator to 2023-12-05T00:00:00+00:00, run_after=2023-12-06T00:00:00+00:00
[2023-12-06T14:41:13.029+0000] {processor.py:179} INFO - Processing /home/airflow/.local/lib/python3.8/site-packages/airflow/example_dags/example_branch_operator_decorator.py took 0.061 seconds
[2023-12-06T14:41:43.794+0000] {processor.py:157} INFO - Started process (PID=63420) to work on /home/airflow/.local/lib/python3.8/site-packages/airflow/example_dags/example_branch_operator_decorator.py
[2023-12-06T14:41:43.795+0000] {processor.py:829} INFO - Processing file /home/airflow/.local/lib/python3.8/site-packages/airflow/example_dags/example_branch_operator_decorator.py for tasks to queue
[2023-12-06T14:41:43.797+0000] {logging_mixin.py:151} INFO - [2023-12-06T14:41:43.797+0000] {dagbag.py:539} INFO - Filling up the DagBag from /home/airflow/.local/lib/python3.8/site-packages/airflow/example_dags/example_branch_operator_decorator.py
[2023-12-06T14:41:43.803+0000] {processor.py:839} INFO - DAG(s) dict_keys(['example_branch_python_operator_decorator']) retrieved from /home/airflow/.local/lib/python3.8/site-packages/airflow/example_dags/example_branch_operator_decorator.py
[2023-12-06T14:41:43.817+0000] {logging_mixin.py:151} INFO - [2023-12-06T14:41:43.817+0000] {dag.py:2915} INFO - Sync 1 DAGs
[2023-12-06T14:41:43.830+0000] {logging_mixin.py:151} INFO - [2023-12-06T14:41:43.830+0000] {dag.py:3696} INFO - Setting next_dagrun for example_branch_python_operator_decorator to 2023-12-05T00:00:00+00:00, run_after=2023-12-06T00:00:00+00:00
[2023-12-06T14:41:43.840+0000] {processor.py:179} INFO - Processing /home/airflow/.local/lib/python3.8/site-packages/airflow/example_dags/example_branch_operator_decorator.py took 0.047 seconds
[2023-12-06T14:42:14.350+0000] {processor.py:157} INFO - Started process (PID=63474) to work on /home/airflow/.local/lib/python3.8/site-packages/airflow/example_dags/example_branch_operator_decorator.py
[2023-12-06T14:42:14.351+0000] {processor.py:829} INFO - Processing file /home/airflow/.local/lib/python3.8/site-packages/airflow/example_dags/example_branch_operator_decorator.py for tasks to queue
[2023-12-06T14:42:14.353+0000] {logging_mixin.py:151} INFO - [2023-12-06T14:42:14.353+0000] {dagbag.py:539} INFO - Filling up the DagBag from /home/airflow/.local/lib/python3.8/site-packages/airflow/example_dags/example_branch_operator_decorator.py
[2023-12-06T14:42:14.359+0000] {processor.py:839} INFO - DAG(s) dict_keys(['example_branch_python_operator_decorator']) retrieved from /home/airflow/.local/lib/python3.8/site-packages/airflow/example_dags/example_branch_operator_decorator.py
[2023-12-06T14:42:14.373+0000] {logging_mixin.py:151} INFO - [2023-12-06T14:42:14.373+0000] {dag.py:2915} INFO - Sync 1 DAGs
[2023-12-06T14:42:14.386+0000] {logging_mixin.py:151} INFO - [2023-12-06T14:42:14.386+0000] {dag.py:3696} INFO - Setting next_dagrun for example_branch_python_operator_decorator to 2023-12-05T00:00:00+00:00, run_after=2023-12-06T00:00:00+00:00
[2023-12-06T14:42:14.395+0000] {processor.py:179} INFO - Processing /home/airflow/.local/lib/python3.8/site-packages/airflow/example_dags/example_branch_operator_decorator.py took 0.047 seconds
[2023-12-06T14:42:44.894+0000] {processor.py:157} INFO - Started process (PID=63535) to work on /home/airflow/.local/lib/python3.8/site-packages/airflow/example_dags/example_branch_operator_decorator.py
[2023-12-06T14:42:44.895+0000] {processor.py:829} INFO - Processing file /home/airflow/.local/lib/python3.8/site-packages/airflow/example_dags/example_branch_operator_decorator.py for tasks to queue
[2023-12-06T14:42:44.897+0000] {logging_mixin.py:151} INFO - [2023-12-06T14:42:44.897+0000] {dagbag.py:539} INFO - Filling up the DagBag from /home/airflow/.local/lib/python3.8/site-packages/airflow/example_dags/example_branch_operator_decorator.py
[2023-12-06T14:42:44.904+0000] {processor.py:839} INFO - DAG(s) dict_keys(['example_branch_python_operator_decorator']) retrieved from /home/airflow/.local/lib/python3.8/site-packages/airflow/example_dags/example_branch_operator_decorator.py
[2023-12-06T14:42:44.919+0000] {logging_mixin.py:151} INFO - [2023-12-06T14:42:44.918+0000] {dag.py:2915} INFO - Sync 1 DAGs
[2023-12-06T14:42:44.932+0000] {logging_mixin.py:151} INFO - [2023-12-06T14:42:44.932+0000] {dag.py:3696} INFO - Setting next_dagrun for example_branch_python_operator_decorator to 2023-12-05T00:00:00+00:00, run_after=2023-12-06T00:00:00+00:00
[2023-12-06T14:42:44.942+0000] {processor.py:179} INFO - Processing /home/airflow/.local/lib/python3.8/site-packages/airflow/example_dags/example_branch_operator_decorator.py took 0.050 seconds
[2023-12-06T14:43:15.183+0000] {processor.py:157} INFO - Started process (PID=63589) to work on /home/airflow/.local/lib/python3.8/site-packages/airflow/example_dags/example_branch_operator_decorator.py
[2023-12-06T14:43:15.184+0000] {processor.py:829} INFO - Processing file /home/airflow/.local/lib/python3.8/site-packages/airflow/example_dags/example_branch_operator_decorator.py for tasks to queue
[2023-12-06T14:43:15.185+0000] {logging_mixin.py:151} INFO - [2023-12-06T14:43:15.185+0000] {dagbag.py:539} INFO - Filling up the DagBag from /home/airflow/.local/lib/python3.8/site-packages/airflow/example_dags/example_branch_operator_decorator.py
[2023-12-06T14:43:15.192+0000] {processor.py:839} INFO - DAG(s) dict_keys(['example_branch_python_operator_decorator']) retrieved from /home/airflow/.local/lib/python3.8/site-packages/airflow/example_dags/example_branch_operator_decorator.py
[2023-12-06T14:43:15.207+0000] {logging_mixin.py:151} INFO - [2023-12-06T14:43:15.207+0000] {dag.py:2915} INFO - Sync 1 DAGs
[2023-12-06T14:43:15.236+0000] {logging_mixin.py:151} INFO - [2023-12-06T14:43:15.236+0000] {dag.py:3696} INFO - Setting next_dagrun for example_branch_python_operator_decorator to 2023-12-05T00:00:00+00:00, run_after=2023-12-06T00:00:00+00:00
[2023-12-06T14:43:15.252+0000] {processor.py:179} INFO - Processing /home/airflow/.local/lib/python3.8/site-packages/airflow/example_dags/example_branch_operator_decorator.py took 0.071 seconds
[2023-12-06T14:43:45.726+0000] {processor.py:157} INFO - Started process (PID=63643) to work on /home/airflow/.local/lib/python3.8/site-packages/airflow/example_dags/example_branch_operator_decorator.py
[2023-12-06T14:43:45.727+0000] {processor.py:829} INFO - Processing file /home/airflow/.local/lib/python3.8/site-packages/airflow/example_dags/example_branch_operator_decorator.py for tasks to queue
[2023-12-06T14:43:45.729+0000] {logging_mixin.py:151} INFO - [2023-12-06T14:43:45.728+0000] {dagbag.py:539} INFO - Filling up the DagBag from /home/airflow/.local/lib/python3.8/site-packages/airflow/example_dags/example_branch_operator_decorator.py
[2023-12-06T14:43:45.736+0000] {processor.py:839} INFO - DAG(s) dict_keys(['example_branch_python_operator_decorator']) retrieved from /home/airflow/.local/lib/python3.8/site-packages/airflow/example_dags/example_branch_operator_decorator.py
[2023-12-06T14:43:45.752+0000] {logging_mixin.py:151} INFO - [2023-12-06T14:43:45.752+0000] {dag.py:2915} INFO - Sync 1 DAGs
[2023-12-06T14:43:45.766+0000] {logging_mixin.py:151} INFO - [2023-12-06T14:43:45.766+0000] {dag.py:3696} INFO - Setting next_dagrun for example_branch_python_operator_decorator to 2023-12-05T00:00:00+00:00, run_after=2023-12-06T00:00:00+00:00
[2023-12-06T14:43:45.776+0000] {processor.py:179} INFO - Processing /home/airflow/.local/lib/python3.8/site-packages/airflow/example_dags/example_branch_operator_decorator.py took 0.052 seconds
[2023-12-06T14:44:16.781+0000] {processor.py:157} INFO - Started process (PID=63697) to work on /home/airflow/.local/lib/python3.8/site-packages/airflow/example_dags/example_branch_operator_decorator.py
[2023-12-06T14:44:16.782+0000] {processor.py:829} INFO - Processing file /home/airflow/.local/lib/python3.8/site-packages/airflow/example_dags/example_branch_operator_decorator.py for tasks to queue
[2023-12-06T14:44:16.784+0000] {logging_mixin.py:151} INFO - [2023-12-06T14:44:16.784+0000] {dagbag.py:539} INFO - Filling up the DagBag from /home/airflow/.local/lib/python3.8/site-packages/airflow/example_dags/example_branch_operator_decorator.py
[2023-12-06T14:44:16.790+0000] {processor.py:839} INFO - DAG(s) dict_keys(['example_branch_python_operator_decorator']) retrieved from /home/airflow/.local/lib/python3.8/site-packages/airflow/example_dags/example_branch_operator_decorator.py
[2023-12-06T14:44:16.805+0000] {logging_mixin.py:151} INFO - [2023-12-06T14:44:16.804+0000] {dag.py:2915} INFO - Sync 1 DAGs
[2023-12-06T14:44:16.817+0000] {logging_mixin.py:151} INFO - [2023-12-06T14:44:16.817+0000] {dag.py:3696} INFO - Setting next_dagrun for example_branch_python_operator_decorator to 2023-12-05T00:00:00+00:00, run_after=2023-12-06T00:00:00+00:00
[2023-12-06T14:44:16.826+0000] {processor.py:179} INFO - Processing /home/airflow/.local/lib/python3.8/site-packages/airflow/example_dags/example_branch_operator_decorator.py took 0.047 seconds
[2023-12-06T14:44:47.445+0000] {processor.py:157} INFO - Started process (PID=63751) to work on /home/airflow/.local/lib/python3.8/site-packages/airflow/example_dags/example_branch_operator_decorator.py
[2023-12-06T14:44:47.446+0000] {processor.py:829} INFO - Processing file /home/airflow/.local/lib/python3.8/site-packages/airflow/example_dags/example_branch_operator_decorator.py for tasks to queue
[2023-12-06T14:44:47.448+0000] {logging_mixin.py:151} INFO - [2023-12-06T14:44:47.448+0000] {dagbag.py:539} INFO - Filling up the DagBag from /home/airflow/.local/lib/python3.8/site-packages/airflow/example_dags/example_branch_operator_decorator.py
[2023-12-06T14:44:47.456+0000] {processor.py:839} INFO - DAG(s) dict_keys(['example_branch_python_operator_decorator']) retrieved from /home/airflow/.local/lib/python3.8/site-packages/airflow/example_dags/example_branch_operator_decorator.py
[2023-12-06T14:44:47.473+0000] {logging_mixin.py:151} INFO - [2023-12-06T14:44:47.473+0000] {dag.py:2915} INFO - Sync 1 DAGs
[2023-12-06T14:44:47.487+0000] {logging_mixin.py:151} INFO - [2023-12-06T14:44:47.486+0000] {dag.py:3696} INFO - Setting next_dagrun for example_branch_python_operator_decorator to 2023-12-05T00:00:00+00:00, run_after=2023-12-06T00:00:00+00:00
[2023-12-06T14:44:47.498+0000] {processor.py:179} INFO - Processing /home/airflow/.local/lib/python3.8/site-packages/airflow/example_dags/example_branch_operator_decorator.py took 0.056 seconds
