[2023-12-06T00:13:09.451+0000] {processor.py:157} INFO - Started process (PID=60305) to work on /home/airflow/.local/lib/python3.8/site-packages/airflow/example_dags/example_latest_only.py
[2023-12-06T00:13:09.453+0000] {processor.py:829} INFO - Processing file /home/airflow/.local/lib/python3.8/site-packages/airflow/example_dags/example_latest_only.py for tasks to queue
[2023-12-06T00:13:09.456+0000] {logging_mixin.py:151} INFO - [2023-12-06T00:13:09.455+0000] {dagbag.py:539} INFO - Filling up the DagBag from /home/airflow/.local/lib/python3.8/site-packages/airflow/example_dags/example_latest_only.py
[2023-12-06T00:13:09.478+0000] {processor.py:839} INFO - DAG(s) dict_keys(['latest_only']) retrieved from /home/airflow/.local/lib/python3.8/site-packages/airflow/example_dags/example_latest_only.py
[2023-12-06T00:13:09.530+0000] {logging_mixin.py:151} INFO - [2023-12-06T00:13:09.530+0000] {dag.py:2915} INFO - Sync 1 DAGs
[2023-12-06T00:13:09.612+0000] {logging_mixin.py:151} INFO - [2023-12-06T00:13:09.611+0000] {dag.py:3696} INFO - Setting next_dagrun for latest_only to 2023-12-05T20:13:09.608425+00:00, run_after=2023-12-06T00:13:09.608425+00:00
[2023-12-06T00:13:09.683+0000] {processor.py:179} INFO - Processing /home/airflow/.local/lib/python3.8/site-packages/airflow/example_dags/example_latest_only.py took 0.236 seconds
[2023-12-06T00:15:20.267+0000] {processor.py:157} INFO - Started process (PID=60359) to work on /home/airflow/.local/lib/python3.8/site-packages/airflow/example_dags/example_latest_only.py
[2023-12-06T00:15:20.270+0000] {processor.py:829} INFO - Processing file /home/airflow/.local/lib/python3.8/site-packages/airflow/example_dags/example_latest_only.py for tasks to queue
[2023-12-06T00:15:20.278+0000] {logging_mixin.py:151} INFO - [2023-12-06T00:15:20.277+0000] {dagbag.py:539} INFO - Filling up the DagBag from /home/airflow/.local/lib/python3.8/site-packages/airflow/example_dags/example_latest_only.py
[2023-12-06T00:15:20.292+0000] {processor.py:839} INFO - DAG(s) dict_keys(['latest_only']) retrieved from /home/airflow/.local/lib/python3.8/site-packages/airflow/example_dags/example_latest_only.py
[2023-12-06T00:15:20.349+0000] {logging_mixin.py:151} INFO - [2023-12-06T00:15:20.349+0000] {dag.py:2915} INFO - Sync 1 DAGs
[2023-12-06T00:15:20.386+0000] {logging_mixin.py:151} INFO - [2023-12-06T00:15:20.385+0000] {dag.py:3696} INFO - Setting next_dagrun for latest_only to 2023-12-05T20:15:20.384475+00:00, run_after=2023-12-06T00:15:20.384475+00:00
[2023-12-06T00:15:20.452+0000] {processor.py:179} INFO - Processing /home/airflow/.local/lib/python3.8/site-packages/airflow/example_dags/example_latest_only.py took 0.197 seconds
[2023-12-06T00:55:16.894+0000] {processor.py:157} INFO - Started process (PID=60413) to work on /home/airflow/.local/lib/python3.8/site-packages/airflow/example_dags/example_latest_only.py
[2023-12-06T00:55:16.896+0000] {processor.py:829} INFO - Processing file /home/airflow/.local/lib/python3.8/site-packages/airflow/example_dags/example_latest_only.py for tasks to queue
[2023-12-06T00:55:16.901+0000] {logging_mixin.py:151} INFO - [2023-12-06T00:55:16.900+0000] {dagbag.py:539} INFO - Filling up the DagBag from /home/airflow/.local/lib/python3.8/site-packages/airflow/example_dags/example_latest_only.py
[2023-12-06T00:55:16.919+0000] {processor.py:839} INFO - DAG(s) dict_keys(['latest_only']) retrieved from /home/airflow/.local/lib/python3.8/site-packages/airflow/example_dags/example_latest_only.py
[2023-12-06T00:55:16.963+0000] {logging_mixin.py:151} INFO - [2023-12-06T00:55:16.963+0000] {dag.py:2915} INFO - Sync 1 DAGs
[2023-12-06T00:55:17.008+0000] {logging_mixin.py:151} INFO - [2023-12-06T00:55:17.008+0000] {dag.py:3696} INFO - Setting next_dagrun for latest_only to 2023-12-05T20:55:17.006756+00:00, run_after=2023-12-06T00:55:17.006756+00:00
[2023-12-06T00:55:17.062+0000] {processor.py:179} INFO - Processing /home/airflow/.local/lib/python3.8/site-packages/airflow/example_dags/example_latest_only.py took 0.175 seconds
[2023-12-06T01:50:23.838+0000] {processor.py:157} INFO - Started process (PID=60467) to work on /home/airflow/.local/lib/python3.8/site-packages/airflow/example_dags/example_latest_only.py
[2023-12-06T01:50:23.843+0000] {processor.py:829} INFO - Processing file /home/airflow/.local/lib/python3.8/site-packages/airflow/example_dags/example_latest_only.py for tasks to queue
[2023-12-06T01:50:23.861+0000] {logging_mixin.py:151} INFO - [2023-12-06T01:50:23.859+0000] {dagbag.py:539} INFO - Filling up the DagBag from /home/airflow/.local/lib/python3.8/site-packages/airflow/example_dags/example_latest_only.py
[2023-12-06T01:50:23.877+0000] {processor.py:839} INFO - DAG(s) dict_keys(['latest_only']) retrieved from /home/airflow/.local/lib/python3.8/site-packages/airflow/example_dags/example_latest_only.py
[2023-12-06T01:50:23.968+0000] {logging_mixin.py:151} INFO - [2023-12-06T01:50:23.967+0000] {dag.py:2915} INFO - Sync 1 DAGs
[2023-12-06T01:50:24.020+0000] {logging_mixin.py:151} INFO - [2023-12-06T01:50:24.020+0000] {dag.py:3696} INFO - Setting next_dagrun for latest_only to 2023-12-05T21:50:24.017991+00:00, run_after=2023-12-06T01:50:24.017991+00:00
[2023-12-06T01:50:24.067+0000] {processor.py:179} INFO - Processing /home/airflow/.local/lib/python3.8/site-packages/airflow/example_dags/example_latest_only.py took 0.236 seconds
[2023-12-06T02:57:24.657+0000] {processor.py:157} INFO - Started process (PID=60521) to work on /home/airflow/.local/lib/python3.8/site-packages/airflow/example_dags/example_latest_only.py
[2023-12-06T02:57:24.658+0000] {processor.py:829} INFO - Processing file /home/airflow/.local/lib/python3.8/site-packages/airflow/example_dags/example_latest_only.py for tasks to queue
[2023-12-06T02:57:24.660+0000] {logging_mixin.py:151} INFO - [2023-12-06T02:57:24.660+0000] {dagbag.py:539} INFO - Filling up the DagBag from /home/airflow/.local/lib/python3.8/site-packages/airflow/example_dags/example_latest_only.py
[2023-12-06T02:57:24.666+0000] {processor.py:839} INFO - DAG(s) dict_keys(['latest_only']) retrieved from /home/airflow/.local/lib/python3.8/site-packages/airflow/example_dags/example_latest_only.py
[2023-12-06T02:57:24.682+0000] {logging_mixin.py:151} INFO - [2023-12-06T02:57:24.682+0000] {dag.py:2915} INFO - Sync 1 DAGs
[2023-12-06T02:57:24.697+0000] {logging_mixin.py:151} INFO - [2023-12-06T02:57:24.697+0000] {dag.py:3696} INFO - Setting next_dagrun for latest_only to 2023-12-05T22:57:24.696671+00:00, run_after=2023-12-06T02:57:24.696671+00:00
[2023-12-06T02:57:24.706+0000] {processor.py:179} INFO - Processing /home/airflow/.local/lib/python3.8/site-packages/airflow/example_dags/example_latest_only.py took 0.053 seconds
[2023-12-06T04:35:49.558+0000] {processor.py:157} INFO - Started process (PID=60576) to work on /home/airflow/.local/lib/python3.8/site-packages/airflow/example_dags/example_latest_only.py
[2023-12-06T04:35:49.561+0000] {processor.py:829} INFO - Processing file /home/airflow/.local/lib/python3.8/site-packages/airflow/example_dags/example_latest_only.py for tasks to queue
[2023-12-06T04:35:49.567+0000] {logging_mixin.py:151} INFO - [2023-12-06T04:35:49.566+0000] {dagbag.py:539} INFO - Filling up the DagBag from /home/airflow/.local/lib/python3.8/site-packages/airflow/example_dags/example_latest_only.py
[2023-12-06T04:35:49.592+0000] {processor.py:839} INFO - DAG(s) dict_keys(['latest_only']) retrieved from /home/airflow/.local/lib/python3.8/site-packages/airflow/example_dags/example_latest_only.py
[2023-12-06T04:35:49.663+0000] {logging_mixin.py:151} INFO - [2023-12-06T04:35:49.663+0000] {dag.py:2915} INFO - Sync 1 DAGs
[2023-12-06T04:35:49.726+0000] {logging_mixin.py:151} INFO - [2023-12-06T04:35:49.725+0000] {dag.py:3696} INFO - Setting next_dagrun for latest_only to 2023-12-06T00:35:49.724156+00:00, run_after=2023-12-06T04:35:49.724156+00:00
[2023-12-06T04:35:49.789+0000] {processor.py:179} INFO - Processing /home/airflow/.local/lib/python3.8/site-packages/airflow/example_dags/example_latest_only.py took 0.253 seconds
[2023-12-06T05:55:06.781+0000] {processor.py:157} INFO - Started process (PID=60630) to work on /home/airflow/.local/lib/python3.8/site-packages/airflow/example_dags/example_latest_only.py
[2023-12-06T05:55:06.793+0000] {processor.py:829} INFO - Processing file /home/airflow/.local/lib/python3.8/site-packages/airflow/example_dags/example_latest_only.py for tasks to queue
[2023-12-06T05:55:06.803+0000] {logging_mixin.py:151} INFO - [2023-12-06T05:55:06.802+0000] {dagbag.py:539} INFO - Filling up the DagBag from /home/airflow/.local/lib/python3.8/site-packages/airflow/example_dags/example_latest_only.py
[2023-12-06T05:55:06.816+0000] {processor.py:839} INFO - DAG(s) dict_keys(['latest_only']) retrieved from /home/airflow/.local/lib/python3.8/site-packages/airflow/example_dags/example_latest_only.py
[2023-12-06T05:55:06.875+0000] {logging_mixin.py:151} INFO - [2023-12-06T05:55:06.874+0000] {dag.py:2915} INFO - Sync 1 DAGs
[2023-12-06T05:55:06.916+0000] {logging_mixin.py:151} INFO - [2023-12-06T05:55:06.915+0000] {dag.py:3696} INFO - Setting next_dagrun for latest_only to 2023-12-06T01:55:06.915224+00:00, run_after=2023-12-06T05:55:06.915224+00:00
[2023-12-06T05:55:06.973+0000] {processor.py:179} INFO - Processing /home/airflow/.local/lib/python3.8/site-packages/airflow/example_dags/example_latest_only.py took 0.207 seconds
[2023-12-06T07:00:30.076+0000] {processor.py:157} INFO - Started process (PID=60684) to work on /home/airflow/.local/lib/python3.8/site-packages/airflow/example_dags/example_latest_only.py
[2023-12-06T07:00:30.077+0000] {processor.py:829} INFO - Processing file /home/airflow/.local/lib/python3.8/site-packages/airflow/example_dags/example_latest_only.py for tasks to queue
[2023-12-06T07:00:30.079+0000] {logging_mixin.py:151} INFO - [2023-12-06T07:00:30.078+0000] {dagbag.py:539} INFO - Filling up the DagBag from /home/airflow/.local/lib/python3.8/site-packages/airflow/example_dags/example_latest_only.py
[2023-12-06T07:00:30.082+0000] {processor.py:839} INFO - DAG(s) dict_keys(['latest_only']) retrieved from /home/airflow/.local/lib/python3.8/site-packages/airflow/example_dags/example_latest_only.py
[2023-12-06T07:00:30.096+0000] {logging_mixin.py:151} INFO - [2023-12-06T07:00:30.096+0000] {dag.py:2915} INFO - Sync 1 DAGs
[2023-12-06T07:00:30.116+0000] {logging_mixin.py:151} INFO - [2023-12-06T07:00:30.116+0000] {dag.py:3696} INFO - Setting next_dagrun for latest_only to 2023-12-06T03:00:30.116053+00:00, run_after=2023-12-06T07:00:30.116053+00:00
[2023-12-06T07:00:30.126+0000] {processor.py:179} INFO - Processing /home/airflow/.local/lib/python3.8/site-packages/airflow/example_dags/example_latest_only.py took 0.052 seconds
[2023-12-06T07:21:29.526+0000] {processor.py:157} INFO - Started process (PID=60738) to work on /home/airflow/.local/lib/python3.8/site-packages/airflow/example_dags/example_latest_only.py
[2023-12-06T07:21:29.527+0000] {processor.py:829} INFO - Processing file /home/airflow/.local/lib/python3.8/site-packages/airflow/example_dags/example_latest_only.py for tasks to queue
[2023-12-06T07:21:29.529+0000] {logging_mixin.py:151} INFO - [2023-12-06T07:21:29.528+0000] {dagbag.py:539} INFO - Filling up the DagBag from /home/airflow/.local/lib/python3.8/site-packages/airflow/example_dags/example_latest_only.py
[2023-12-06T07:21:29.533+0000] {processor.py:839} INFO - DAG(s) dict_keys(['latest_only']) retrieved from /home/airflow/.local/lib/python3.8/site-packages/airflow/example_dags/example_latest_only.py
[2023-12-06T07:21:29.548+0000] {logging_mixin.py:151} INFO - [2023-12-06T07:21:29.547+0000] {dag.py:2915} INFO - Sync 1 DAGs
[2023-12-06T07:21:29.559+0000] {logging_mixin.py:151} INFO - [2023-12-06T07:21:29.559+0000] {dag.py:3696} INFO - Setting next_dagrun for latest_only to 2023-12-06T03:21:29.559184+00:00, run_after=2023-12-06T07:21:29.559184+00:00
[2023-12-06T07:21:29.567+0000] {processor.py:179} INFO - Processing /home/airflow/.local/lib/python3.8/site-packages/airflow/example_dags/example_latest_only.py took 0.044 seconds
[2023-12-06T08:10:31.145+0000] {processor.py:157} INFO - Started process (PID=60792) to work on /home/airflow/.local/lib/python3.8/site-packages/airflow/example_dags/example_latest_only.py
[2023-12-06T08:10:31.169+0000] {processor.py:829} INFO - Processing file /home/airflow/.local/lib/python3.8/site-packages/airflow/example_dags/example_latest_only.py for tasks to queue
[2023-12-06T08:10:31.189+0000] {logging_mixin.py:151} INFO - [2023-12-06T08:10:31.188+0000] {dagbag.py:539} INFO - Filling up the DagBag from /home/airflow/.local/lib/python3.8/site-packages/airflow/example_dags/example_latest_only.py
[2023-12-06T08:10:31.245+0000] {processor.py:839} INFO - DAG(s) dict_keys(['latest_only']) retrieved from /home/airflow/.local/lib/python3.8/site-packages/airflow/example_dags/example_latest_only.py
[2023-12-06T08:10:31.378+0000] {logging_mixin.py:151} INFO - [2023-12-06T08:10:31.378+0000] {dag.py:2915} INFO - Sync 1 DAGs
[2023-12-06T08:10:31.430+0000] {logging_mixin.py:151} INFO - [2023-12-06T08:10:31.430+0000] {dag.py:3696} INFO - Setting next_dagrun for latest_only to 2023-12-06T04:10:31.429534+00:00, run_after=2023-12-06T08:10:31.429534+00:00
[2023-12-06T08:10:31.461+0000] {processor.py:179} INFO - Processing /home/airflow/.local/lib/python3.8/site-packages/airflow/example_dags/example_latest_only.py took 0.333 seconds
[2023-12-06T09:17:49.403+0000] {processor.py:157} INFO - Started process (PID=60846) to work on /home/airflow/.local/lib/python3.8/site-packages/airflow/example_dags/example_latest_only.py
[2023-12-06T09:17:49.404+0000] {processor.py:829} INFO - Processing file /home/airflow/.local/lib/python3.8/site-packages/airflow/example_dags/example_latest_only.py for tasks to queue
[2023-12-06T09:17:49.405+0000] {logging_mixin.py:151} INFO - [2023-12-06T09:17:49.405+0000] {dagbag.py:539} INFO - Filling up the DagBag from /home/airflow/.local/lib/python3.8/site-packages/airflow/example_dags/example_latest_only.py
[2023-12-06T09:17:49.408+0000] {processor.py:839} INFO - DAG(s) dict_keys(['latest_only']) retrieved from /home/airflow/.local/lib/python3.8/site-packages/airflow/example_dags/example_latest_only.py
[2023-12-06T09:17:49.421+0000] {logging_mixin.py:151} INFO - [2023-12-06T09:17:49.421+0000] {dag.py:2915} INFO - Sync 1 DAGs
[2023-12-06T09:17:49.433+0000] {logging_mixin.py:151} INFO - [2023-12-06T09:17:49.433+0000] {dag.py:3696} INFO - Setting next_dagrun for latest_only to 2023-12-06T05:17:49.433216+00:00, run_after=2023-12-06T09:17:49.433216+00:00
[2023-12-06T09:17:49.441+0000] {processor.py:179} INFO - Processing /home/airflow/.local/lib/python3.8/site-packages/airflow/example_dags/example_latest_only.py took 0.041 seconds
[2023-12-06T09:20:53.609+0000] {processor.py:157} INFO - Started process (PID=60900) to work on /home/airflow/.local/lib/python3.8/site-packages/airflow/example_dags/example_latest_only.py
[2023-12-06T09:20:53.613+0000] {processor.py:829} INFO - Processing file /home/airflow/.local/lib/python3.8/site-packages/airflow/example_dags/example_latest_only.py for tasks to queue
[2023-12-06T09:20:53.627+0000] {logging_mixin.py:151} INFO - [2023-12-06T09:20:53.625+0000] {dagbag.py:539} INFO - Filling up the DagBag from /home/airflow/.local/lib/python3.8/site-packages/airflow/example_dags/example_latest_only.py
[2023-12-06T09:20:53.657+0000] {processor.py:839} INFO - DAG(s) dict_keys(['latest_only']) retrieved from /home/airflow/.local/lib/python3.8/site-packages/airflow/example_dags/example_latest_only.py
[2023-12-06T09:20:53.755+0000] {logging_mixin.py:151} INFO - [2023-12-06T09:20:53.755+0000] {dag.py:2915} INFO - Sync 1 DAGs
[2023-12-06T09:20:53.836+0000] {logging_mixin.py:151} INFO - [2023-12-06T09:20:53.835+0000] {dag.py:3696} INFO - Setting next_dagrun for latest_only to 2023-12-06T05:20:53.834517+00:00, run_after=2023-12-06T09:20:53.834517+00:00
[2023-12-06T09:20:53.903+0000] {processor.py:179} INFO - Processing /home/airflow/.local/lib/python3.8/site-packages/airflow/example_dags/example_latest_only.py took 0.299 seconds
[2023-12-06T09:34:31.371+0000] {processor.py:157} INFO - Started process (PID=60954) to work on /home/airflow/.local/lib/python3.8/site-packages/airflow/example_dags/example_latest_only.py
[2023-12-06T09:34:31.372+0000] {processor.py:829} INFO - Processing file /home/airflow/.local/lib/python3.8/site-packages/airflow/example_dags/example_latest_only.py for tasks to queue
[2023-12-06T09:34:31.374+0000] {logging_mixin.py:151} INFO - [2023-12-06T09:34:31.373+0000] {dagbag.py:539} INFO - Filling up the DagBag from /home/airflow/.local/lib/python3.8/site-packages/airflow/example_dags/example_latest_only.py
[2023-12-06T09:34:31.377+0000] {processor.py:839} INFO - DAG(s) dict_keys(['latest_only']) retrieved from /home/airflow/.local/lib/python3.8/site-packages/airflow/example_dags/example_latest_only.py
[2023-12-06T09:34:31.390+0000] {logging_mixin.py:151} INFO - [2023-12-06T09:34:31.390+0000] {dag.py:2915} INFO - Sync 1 DAGs
[2023-12-06T09:34:31.403+0000] {logging_mixin.py:151} INFO - [2023-12-06T09:34:31.403+0000] {dag.py:3696} INFO - Setting next_dagrun for latest_only to 2023-12-06T05:34:31.402639+00:00, run_after=2023-12-06T09:34:31.402639+00:00
[2023-12-06T09:34:31.419+0000] {processor.py:179} INFO - Processing /home/airflow/.local/lib/python3.8/site-packages/airflow/example_dags/example_latest_only.py took 0.050 seconds
[2023-12-06T10:41:46.973+0000] {processor.py:157} INFO - Started process (PID=61008) to work on /home/airflow/.local/lib/python3.8/site-packages/airflow/example_dags/example_latest_only.py
[2023-12-06T10:41:46.973+0000] {processor.py:829} INFO - Processing file /home/airflow/.local/lib/python3.8/site-packages/airflow/example_dags/example_latest_only.py for tasks to queue
[2023-12-06T10:41:46.975+0000] {logging_mixin.py:151} INFO - [2023-12-06T10:41:46.975+0000] {dagbag.py:539} INFO - Filling up the DagBag from /home/airflow/.local/lib/python3.8/site-packages/airflow/example_dags/example_latest_only.py
[2023-12-06T10:41:46.981+0000] {processor.py:839} INFO - DAG(s) dict_keys(['latest_only']) retrieved from /home/airflow/.local/lib/python3.8/site-packages/airflow/example_dags/example_latest_only.py
[2023-12-06T10:41:47.010+0000] {logging_mixin.py:151} INFO - [2023-12-06T10:41:47.010+0000] {dag.py:2915} INFO - Sync 1 DAGs
[2023-12-06T10:41:47.032+0000] {logging_mixin.py:151} INFO - [2023-12-06T10:41:47.032+0000] {dag.py:3696} INFO - Setting next_dagrun for latest_only to 2023-12-06T06:41:47.031757+00:00, run_after=2023-12-06T10:41:47.031757+00:00
[2023-12-06T10:41:47.044+0000] {processor.py:179} INFO - Processing /home/airflow/.local/lib/python3.8/site-packages/airflow/example_dags/example_latest_only.py took 0.073 seconds
[2023-12-06T11:14:05.295+0000] {processor.py:157} INFO - Started process (PID=61062) to work on /home/airflow/.local/lib/python3.8/site-packages/airflow/example_dags/example_latest_only.py
[2023-12-06T11:14:05.297+0000] {processor.py:829} INFO - Processing file /home/airflow/.local/lib/python3.8/site-packages/airflow/example_dags/example_latest_only.py for tasks to queue
[2023-12-06T11:14:05.301+0000] {logging_mixin.py:151} INFO - [2023-12-06T11:14:05.300+0000] {dagbag.py:539} INFO - Filling up the DagBag from /home/airflow/.local/lib/python3.8/site-packages/airflow/example_dags/example_latest_only.py
[2023-12-06T11:14:05.308+0000] {processor.py:839} INFO - DAG(s) dict_keys(['latest_only']) retrieved from /home/airflow/.local/lib/python3.8/site-packages/airflow/example_dags/example_latest_only.py
[2023-12-06T11:14:05.326+0000] {logging_mixin.py:151} INFO - [2023-12-06T11:14:05.326+0000] {dag.py:2915} INFO - Sync 1 DAGs
[2023-12-06T11:14:05.338+0000] {logging_mixin.py:151} INFO - [2023-12-06T11:14:05.338+0000] {dag.py:3696} INFO - Setting next_dagrun for latest_only to 2023-12-06T07:14:05.338303+00:00, run_after=2023-12-06T11:14:05.338303+00:00
[2023-12-06T11:14:05.348+0000] {processor.py:179} INFO - Processing /home/airflow/.local/lib/python3.8/site-packages/airflow/example_dags/example_latest_only.py took 0.057 seconds
[2023-12-06T11:26:13.494+0000] {processor.py:157} INFO - Started process (PID=61116) to work on /home/airflow/.local/lib/python3.8/site-packages/airflow/example_dags/example_latest_only.py
[2023-12-06T11:26:13.495+0000] {processor.py:829} INFO - Processing file /home/airflow/.local/lib/python3.8/site-packages/airflow/example_dags/example_latest_only.py for tasks to queue
[2023-12-06T11:26:13.496+0000] {logging_mixin.py:151} INFO - [2023-12-06T11:26:13.496+0000] {dagbag.py:539} INFO - Filling up the DagBag from /home/airflow/.local/lib/python3.8/site-packages/airflow/example_dags/example_latest_only.py
[2023-12-06T11:26:13.499+0000] {processor.py:839} INFO - DAG(s) dict_keys(['latest_only']) retrieved from /home/airflow/.local/lib/python3.8/site-packages/airflow/example_dags/example_latest_only.py
[2023-12-06T11:26:13.512+0000] {logging_mixin.py:151} INFO - [2023-12-06T11:26:13.512+0000] {dag.py:2915} INFO - Sync 1 DAGs
[2023-12-06T11:26:13.524+0000] {logging_mixin.py:151} INFO - [2023-12-06T11:26:13.524+0000] {dag.py:3696} INFO - Setting next_dagrun for latest_only to 2023-12-06T07:26:13.524367+00:00, run_after=2023-12-06T11:26:13.524367+00:00
[2023-12-06T11:26:13.532+0000] {processor.py:179} INFO - Processing /home/airflow/.local/lib/python3.8/site-packages/airflow/example_dags/example_latest_only.py took 0.041 seconds
[2023-12-06T12:27:09.474+0000] {processor.py:157} INFO - Started process (PID=61170) to work on /home/airflow/.local/lib/python3.8/site-packages/airflow/example_dags/example_latest_only.py
[2023-12-06T12:27:09.476+0000] {processor.py:829} INFO - Processing file /home/airflow/.local/lib/python3.8/site-packages/airflow/example_dags/example_latest_only.py for tasks to queue
[2023-12-06T12:27:09.481+0000] {logging_mixin.py:151} INFO - [2023-12-06T12:27:09.480+0000] {dagbag.py:539} INFO - Filling up the DagBag from /home/airflow/.local/lib/python3.8/site-packages/airflow/example_dags/example_latest_only.py
[2023-12-06T12:27:09.506+0000] {processor.py:839} INFO - DAG(s) dict_keys(['latest_only']) retrieved from /home/airflow/.local/lib/python3.8/site-packages/airflow/example_dags/example_latest_only.py
[2023-12-06T12:27:09.593+0000] {logging_mixin.py:151} INFO - [2023-12-06T12:27:09.592+0000] {dag.py:2915} INFO - Sync 1 DAGs
[2023-12-06T12:27:09.650+0000] {logging_mixin.py:151} INFO - [2023-12-06T12:27:09.649+0000] {dag.py:3696} INFO - Setting next_dagrun for latest_only to 2023-12-06T08:27:09.649274+00:00, run_after=2023-12-06T12:27:09.649274+00:00
[2023-12-06T12:27:09.712+0000] {processor.py:179} INFO - Processing /home/airflow/.local/lib/python3.8/site-packages/airflow/example_dags/example_latest_only.py took 0.245 seconds
[2023-12-06T12:35:55.132+0000] {processor.py:157} INFO - Started process (PID=61224) to work on /home/airflow/.local/lib/python3.8/site-packages/airflow/example_dags/example_latest_only.py
[2023-12-06T12:35:55.136+0000] {processor.py:829} INFO - Processing file /home/airflow/.local/lib/python3.8/site-packages/airflow/example_dags/example_latest_only.py for tasks to queue
[2023-12-06T12:35:55.154+0000] {logging_mixin.py:151} INFO - [2023-12-06T12:35:55.154+0000] {dagbag.py:539} INFO - Filling up the DagBag from /home/airflow/.local/lib/python3.8/site-packages/airflow/example_dags/example_latest_only.py
[2023-12-06T12:35:55.189+0000] {processor.py:839} INFO - DAG(s) dict_keys(['latest_only']) retrieved from /home/airflow/.local/lib/python3.8/site-packages/airflow/example_dags/example_latest_only.py
[2023-12-06T12:35:55.284+0000] {logging_mixin.py:151} INFO - [2023-12-06T12:35:55.283+0000] {dag.py:2915} INFO - Sync 1 DAGs
[2023-12-06T12:35:55.380+0000] {logging_mixin.py:151} INFO - [2023-12-06T12:35:55.380+0000] {dag.py:3696} INFO - Setting next_dagrun for latest_only to 2023-12-06T08:35:55.379663+00:00, run_after=2023-12-06T12:35:55.379663+00:00
[2023-12-06T12:35:55.481+0000] {processor.py:179} INFO - Processing /home/airflow/.local/lib/python3.8/site-packages/airflow/example_dags/example_latest_only.py took 0.366 seconds
[2023-12-06T12:39:59.422+0000] {processor.py:157} INFO - Started process (PID=61277) to work on /home/airflow/.local/lib/python3.8/site-packages/airflow/example_dags/example_latest_only.py
[2023-12-06T12:39:59.422+0000] {processor.py:829} INFO - Processing file /home/airflow/.local/lib/python3.8/site-packages/airflow/example_dags/example_latest_only.py for tasks to queue
[2023-12-06T12:39:59.424+0000] {logging_mixin.py:151} INFO - [2023-12-06T12:39:59.424+0000] {dagbag.py:539} INFO - Filling up the DagBag from /home/airflow/.local/lib/python3.8/site-packages/airflow/example_dags/example_latest_only.py
[2023-12-06T12:39:59.427+0000] {processor.py:839} INFO - DAG(s) dict_keys(['latest_only']) retrieved from /home/airflow/.local/lib/python3.8/site-packages/airflow/example_dags/example_latest_only.py
[2023-12-06T12:39:59.440+0000] {logging_mixin.py:151} INFO - [2023-12-06T12:39:59.440+0000] {dag.py:2915} INFO - Sync 1 DAGs
[2023-12-06T12:39:59.452+0000] {logging_mixin.py:151} INFO - [2023-12-06T12:39:59.451+0000] {dag.py:3696} INFO - Setting next_dagrun for latest_only to 2023-12-06T08:39:59.451706+00:00, run_after=2023-12-06T12:39:59.451706+00:00
[2023-12-06T12:39:59.460+0000] {processor.py:179} INFO - Processing /home/airflow/.local/lib/python3.8/site-packages/airflow/example_dags/example_latest_only.py took 0.041 seconds
[2023-12-06T12:40:35.069+0000] {processor.py:157} INFO - Started process (PID=61331) to work on /home/airflow/.local/lib/python3.8/site-packages/airflow/example_dags/example_latest_only.py
[2023-12-06T12:40:35.070+0000] {processor.py:829} INFO - Processing file /home/airflow/.local/lib/python3.8/site-packages/airflow/example_dags/example_latest_only.py for tasks to queue
[2023-12-06T12:40:35.071+0000] {logging_mixin.py:151} INFO - [2023-12-06T12:40:35.071+0000] {dagbag.py:539} INFO - Filling up the DagBag from /home/airflow/.local/lib/python3.8/site-packages/airflow/example_dags/example_latest_only.py
[2023-12-06T12:40:35.075+0000] {processor.py:839} INFO - DAG(s) dict_keys(['latest_only']) retrieved from /home/airflow/.local/lib/python3.8/site-packages/airflow/example_dags/example_latest_only.py
[2023-12-06T12:40:35.088+0000] {logging_mixin.py:151} INFO - [2023-12-06T12:40:35.088+0000] {dag.py:2915} INFO - Sync 1 DAGs
[2023-12-06T12:40:35.101+0000] {logging_mixin.py:151} INFO - [2023-12-06T12:40:35.101+0000] {dag.py:3696} INFO - Setting next_dagrun for latest_only to 2023-12-06T08:40:35.100854+00:00, run_after=2023-12-06T12:40:35.100854+00:00
[2023-12-06T12:40:35.109+0000] {processor.py:179} INFO - Processing /home/airflow/.local/lib/python3.8/site-packages/airflow/example_dags/example_latest_only.py took 0.042 seconds
[2023-12-06T12:43:28.025+0000] {processor.py:157} INFO - Started process (PID=61385) to work on /home/airflow/.local/lib/python3.8/site-packages/airflow/example_dags/example_latest_only.py
[2023-12-06T12:43:28.026+0000] {processor.py:829} INFO - Processing file /home/airflow/.local/lib/python3.8/site-packages/airflow/example_dags/example_latest_only.py for tasks to queue
[2023-12-06T12:43:28.028+0000] {logging_mixin.py:151} INFO - [2023-12-06T12:43:28.027+0000] {dagbag.py:539} INFO - Filling up the DagBag from /home/airflow/.local/lib/python3.8/site-packages/airflow/example_dags/example_latest_only.py
[2023-12-06T12:43:28.033+0000] {processor.py:839} INFO - DAG(s) dict_keys(['latest_only']) retrieved from /home/airflow/.local/lib/python3.8/site-packages/airflow/example_dags/example_latest_only.py
[2023-12-06T12:43:28.051+0000] {logging_mixin.py:151} INFO - [2023-12-06T12:43:28.051+0000] {dag.py:2915} INFO - Sync 1 DAGs
[2023-12-06T12:43:28.064+0000] {logging_mixin.py:151} INFO - [2023-12-06T12:43:28.064+0000] {dag.py:3696} INFO - Setting next_dagrun for latest_only to 2023-12-06T08:43:28.064034+00:00, run_after=2023-12-06T12:43:28.064034+00:00
[2023-12-06T12:43:28.073+0000] {processor.py:179} INFO - Processing /home/airflow/.local/lib/python3.8/site-packages/airflow/example_dags/example_latest_only.py took 0.050 seconds
[2023-12-06T13:11:32.050+0000] {processor.py:157} INFO - Started process (PID=61439) to work on /home/airflow/.local/lib/python3.8/site-packages/airflow/example_dags/example_latest_only.py
[2023-12-06T13:11:32.054+0000] {processor.py:829} INFO - Processing file /home/airflow/.local/lib/python3.8/site-packages/airflow/example_dags/example_latest_only.py for tasks to queue
[2023-12-06T13:11:32.065+0000] {logging_mixin.py:151} INFO - [2023-12-06T13:11:32.064+0000] {dagbag.py:539} INFO - Filling up the DagBag from /home/airflow/.local/lib/python3.8/site-packages/airflow/example_dags/example_latest_only.py
[2023-12-06T13:11:32.090+0000] {processor.py:839} INFO - DAG(s) dict_keys(['latest_only']) retrieved from /home/airflow/.local/lib/python3.8/site-packages/airflow/example_dags/example_latest_only.py
[2023-12-06T13:11:32.152+0000] {logging_mixin.py:151} INFO - [2023-12-06T13:11:32.151+0000] {dag.py:2915} INFO - Sync 1 DAGs
[2023-12-06T13:11:32.211+0000] {logging_mixin.py:151} INFO - [2023-12-06T13:11:32.211+0000] {dag.py:3696} INFO - Setting next_dagrun for latest_only to 2023-12-06T09:11:32.210355+00:00, run_after=2023-12-06T13:11:32.210355+00:00
[2023-12-06T13:11:32.271+0000] {processor.py:179} INFO - Processing /home/airflow/.local/lib/python3.8/site-packages/airflow/example_dags/example_latest_only.py took 0.232 seconds
[2023-12-06T13:44:31.267+0000] {processor.py:157} INFO - Started process (PID=61493) to work on /home/airflow/.local/lib/python3.8/site-packages/airflow/example_dags/example_latest_only.py
[2023-12-06T13:44:31.278+0000] {processor.py:829} INFO - Processing file /home/airflow/.local/lib/python3.8/site-packages/airflow/example_dags/example_latest_only.py for tasks to queue
[2023-12-06T13:44:31.292+0000] {logging_mixin.py:151} INFO - [2023-12-06T13:44:31.291+0000] {dagbag.py:539} INFO - Filling up the DagBag from /home/airflow/.local/lib/python3.8/site-packages/airflow/example_dags/example_latest_only.py
[2023-12-06T13:44:31.307+0000] {processor.py:839} INFO - DAG(s) dict_keys(['latest_only']) retrieved from /home/airflow/.local/lib/python3.8/site-packages/airflow/example_dags/example_latest_only.py
[2023-12-06T13:44:31.395+0000] {logging_mixin.py:151} INFO - [2023-12-06T13:44:31.395+0000] {dag.py:2915} INFO - Sync 1 DAGs
[2023-12-06T13:44:31.430+0000] {logging_mixin.py:151} INFO - [2023-12-06T13:44:31.429+0000] {dag.py:3696} INFO - Setting next_dagrun for latest_only to 2023-12-06T09:44:31.426254+00:00, run_after=2023-12-06T13:44:31.426254+00:00
[2023-12-06T13:44:31.459+0000] {processor.py:179} INFO - Processing /home/airflow/.local/lib/python3.8/site-packages/airflow/example_dags/example_latest_only.py took 0.205 seconds
[2023-12-06T14:08:18.925+0000] {processor.py:157} INFO - Started process (PID=61547) to work on /home/airflow/.local/lib/python3.8/site-packages/airflow/example_dags/example_latest_only.py
[2023-12-06T14:08:18.926+0000] {processor.py:829} INFO - Processing file /home/airflow/.local/lib/python3.8/site-packages/airflow/example_dags/example_latest_only.py for tasks to queue
[2023-12-06T14:08:18.927+0000] {logging_mixin.py:151} INFO - [2023-12-06T14:08:18.927+0000] {dagbag.py:539} INFO - Filling up the DagBag from /home/airflow/.local/lib/python3.8/site-packages/airflow/example_dags/example_latest_only.py
[2023-12-06T14:08:18.931+0000] {processor.py:839} INFO - DAG(s) dict_keys(['latest_only']) retrieved from /home/airflow/.local/lib/python3.8/site-packages/airflow/example_dags/example_latest_only.py
[2023-12-06T14:08:18.944+0000] {logging_mixin.py:151} INFO - [2023-12-06T14:08:18.944+0000] {dag.py:2915} INFO - Sync 1 DAGs
[2023-12-06T14:08:18.955+0000] {logging_mixin.py:151} INFO - [2023-12-06T14:08:18.955+0000] {dag.py:3696} INFO - Setting next_dagrun for latest_only to 2023-12-06T10:08:18.955197+00:00, run_after=2023-12-06T14:08:18.955197+00:00
[2023-12-06T14:08:18.963+0000] {processor.py:179} INFO - Processing /home/airflow/.local/lib/python3.8/site-packages/airflow/example_dags/example_latest_only.py took 0.040 seconds
[2023-12-06T14:24:37.722+0000] {processor.py:157} INFO - Started process (PID=61601) to work on /home/airflow/.local/lib/python3.8/site-packages/airflow/example_dags/example_latest_only.py
[2023-12-06T14:24:37.727+0000] {processor.py:829} INFO - Processing file /home/airflow/.local/lib/python3.8/site-packages/airflow/example_dags/example_latest_only.py for tasks to queue
[2023-12-06T14:24:37.747+0000] {logging_mixin.py:151} INFO - [2023-12-06T14:24:37.739+0000] {dagbag.py:539} INFO - Filling up the DagBag from /home/airflow/.local/lib/python3.8/site-packages/airflow/example_dags/example_latest_only.py
[2023-12-06T14:24:37.794+0000] {processor.py:839} INFO - DAG(s) dict_keys(['latest_only']) retrieved from /home/airflow/.local/lib/python3.8/site-packages/airflow/example_dags/example_latest_only.py
[2023-12-06T14:24:37.886+0000] {logging_mixin.py:151} INFO - [2023-12-06T14:24:37.886+0000] {dag.py:2915} INFO - Sync 1 DAGs
[2023-12-06T14:24:37.958+0000] {logging_mixin.py:151} INFO - [2023-12-06T14:24:37.957+0000] {dag.py:3696} INFO - Setting next_dagrun for latest_only to 2023-12-06T10:24:37.950965+00:00, run_after=2023-12-06T14:24:37.950965+00:00
[2023-12-06T14:24:38.000+0000] {processor.py:179} INFO - Processing /home/airflow/.local/lib/python3.8/site-packages/airflow/example_dags/example_latest_only.py took 0.302 seconds
[2023-12-06T14:25:08.359+0000] {processor.py:157} INFO - Started process (PID=61655) to work on /home/airflow/.local/lib/python3.8/site-packages/airflow/example_dags/example_latest_only.py
[2023-12-06T14:25:08.360+0000] {processor.py:829} INFO - Processing file /home/airflow/.local/lib/python3.8/site-packages/airflow/example_dags/example_latest_only.py for tasks to queue
[2023-12-06T14:25:08.363+0000] {logging_mixin.py:151} INFO - [2023-12-06T14:25:08.362+0000] {dagbag.py:539} INFO - Filling up the DagBag from /home/airflow/.local/lib/python3.8/site-packages/airflow/example_dags/example_latest_only.py
[2023-12-06T14:25:08.369+0000] {processor.py:839} INFO - DAG(s) dict_keys(['latest_only']) retrieved from /home/airflow/.local/lib/python3.8/site-packages/airflow/example_dags/example_latest_only.py
[2023-12-06T14:25:08.386+0000] {logging_mixin.py:151} INFO - [2023-12-06T14:25:08.386+0000] {dag.py:2915} INFO - Sync 1 DAGs
[2023-12-06T14:25:08.400+0000] {logging_mixin.py:151} INFO - [2023-12-06T14:25:08.400+0000] {dag.py:3696} INFO - Setting next_dagrun for latest_only to 2023-12-06T10:25:08.399504+00:00, run_after=2023-12-06T14:25:08.399504+00:00
[2023-12-06T14:25:08.620+0000] {processor.py:179} INFO - Processing /home/airflow/.local/lib/python3.8/site-packages/airflow/example_dags/example_latest_only.py took 0.267 seconds
[2023-12-06T14:25:39.518+0000] {processor.py:157} INFO - Started process (PID=61709) to work on /home/airflow/.local/lib/python3.8/site-packages/airflow/example_dags/example_latest_only.py
[2023-12-06T14:25:39.520+0000] {processor.py:829} INFO - Processing file /home/airflow/.local/lib/python3.8/site-packages/airflow/example_dags/example_latest_only.py for tasks to queue
[2023-12-06T14:25:39.522+0000] {logging_mixin.py:151} INFO - [2023-12-06T14:25:39.522+0000] {dagbag.py:539} INFO - Filling up the DagBag from /home/airflow/.local/lib/python3.8/site-packages/airflow/example_dags/example_latest_only.py
[2023-12-06T14:25:39.526+0000] {processor.py:839} INFO - DAG(s) dict_keys(['latest_only']) retrieved from /home/airflow/.local/lib/python3.8/site-packages/airflow/example_dags/example_latest_only.py
[2023-12-06T14:25:39.540+0000] {logging_mixin.py:151} INFO - [2023-12-06T14:25:39.540+0000] {dag.py:2915} INFO - Sync 1 DAGs
[2023-12-06T14:25:39.552+0000] {logging_mixin.py:151} INFO - [2023-12-06T14:25:39.552+0000] {dag.py:3696} INFO - Setting next_dagrun for latest_only to 2023-12-06T10:25:39.552163+00:00, run_after=2023-12-06T14:25:39.552163+00:00
[2023-12-06T14:25:39.560+0000] {processor.py:179} INFO - Processing /home/airflow/.local/lib/python3.8/site-packages/airflow/example_dags/example_latest_only.py took 0.045 seconds
[2023-12-06T14:26:10.428+0000] {processor.py:157} INFO - Started process (PID=61769) to work on /home/airflow/.local/lib/python3.8/site-packages/airflow/example_dags/example_latest_only.py
[2023-12-06T14:26:10.430+0000] {processor.py:829} INFO - Processing file /home/airflow/.local/lib/python3.8/site-packages/airflow/example_dags/example_latest_only.py for tasks to queue
[2023-12-06T14:26:10.434+0000] {logging_mixin.py:151} INFO - [2023-12-06T14:26:10.433+0000] {dagbag.py:539} INFO - Filling up the DagBag from /home/airflow/.local/lib/python3.8/site-packages/airflow/example_dags/example_latest_only.py
[2023-12-06T14:26:10.445+0000] {processor.py:839} INFO - DAG(s) dict_keys(['latest_only']) retrieved from /home/airflow/.local/lib/python3.8/site-packages/airflow/example_dags/example_latest_only.py
[2023-12-06T14:26:10.487+0000] {logging_mixin.py:151} INFO - [2023-12-06T14:26:10.486+0000] {dag.py:2915} INFO - Sync 1 DAGs
[2023-12-06T14:26:10.507+0000] {logging_mixin.py:151} INFO - [2023-12-06T14:26:10.507+0000] {dag.py:3696} INFO - Setting next_dagrun for latest_only to 2023-12-06T10:26:10.506572+00:00, run_after=2023-12-06T14:26:10.506572+00:00
[2023-12-06T14:26:10.520+0000] {processor.py:179} INFO - Processing /home/airflow/.local/lib/python3.8/site-packages/airflow/example_dags/example_latest_only.py took 0.095 seconds
[2023-12-06T14:26:41.211+0000] {processor.py:157} INFO - Started process (PID=61824) to work on /home/airflow/.local/lib/python3.8/site-packages/airflow/example_dags/example_latest_only.py
[2023-12-06T14:26:41.212+0000] {processor.py:829} INFO - Processing file /home/airflow/.local/lib/python3.8/site-packages/airflow/example_dags/example_latest_only.py for tasks to queue
[2023-12-06T14:26:41.214+0000] {logging_mixin.py:151} INFO - [2023-12-06T14:26:41.214+0000] {dagbag.py:539} INFO - Filling up the DagBag from /home/airflow/.local/lib/python3.8/site-packages/airflow/example_dags/example_latest_only.py
[2023-12-06T14:26:41.218+0000] {processor.py:839} INFO - DAG(s) dict_keys(['latest_only']) retrieved from /home/airflow/.local/lib/python3.8/site-packages/airflow/example_dags/example_latest_only.py
[2023-12-06T14:26:41.230+0000] {logging_mixin.py:151} INFO - [2023-12-06T14:26:41.230+0000] {dag.py:2915} INFO - Sync 1 DAGs
[2023-12-06T14:26:41.242+0000] {logging_mixin.py:151} INFO - [2023-12-06T14:26:41.242+0000] {dag.py:3696} INFO - Setting next_dagrun for latest_only to 2023-12-06T10:26:41.241812+00:00, run_after=2023-12-06T14:26:41.241812+00:00
[2023-12-06T14:26:41.250+0000] {processor.py:179} INFO - Processing /home/airflow/.local/lib/python3.8/site-packages/airflow/example_dags/example_latest_only.py took 0.042 seconds
[2023-12-06T14:27:11.927+0000] {processor.py:157} INFO - Started process (PID=61878) to work on /home/airflow/.local/lib/python3.8/site-packages/airflow/example_dags/example_latest_only.py
[2023-12-06T14:27:11.928+0000] {processor.py:829} INFO - Processing file /home/airflow/.local/lib/python3.8/site-packages/airflow/example_dags/example_latest_only.py for tasks to queue
[2023-12-06T14:27:11.930+0000] {logging_mixin.py:151} INFO - [2023-12-06T14:27:11.930+0000] {dagbag.py:539} INFO - Filling up the DagBag from /home/airflow/.local/lib/python3.8/site-packages/airflow/example_dags/example_latest_only.py
[2023-12-06T14:27:11.934+0000] {processor.py:839} INFO - DAG(s) dict_keys(['latest_only']) retrieved from /home/airflow/.local/lib/python3.8/site-packages/airflow/example_dags/example_latest_only.py
[2023-12-06T14:27:11.946+0000] {logging_mixin.py:151} INFO - [2023-12-06T14:27:11.946+0000] {dag.py:2915} INFO - Sync 1 DAGs
[2023-12-06T14:27:11.958+0000] {logging_mixin.py:151} INFO - [2023-12-06T14:27:11.958+0000] {dag.py:3696} INFO - Setting next_dagrun for latest_only to 2023-12-06T10:27:11.958224+00:00, run_after=2023-12-06T14:27:11.958224+00:00
[2023-12-06T14:27:11.967+0000] {processor.py:179} INFO - Processing /home/airflow/.local/lib/python3.8/site-packages/airflow/example_dags/example_latest_only.py took 0.042 seconds
[2023-12-06T14:27:43.306+0000] {processor.py:157} INFO - Started process (PID=61932) to work on /home/airflow/.local/lib/python3.8/site-packages/airflow/example_dags/example_latest_only.py
[2023-12-06T14:27:43.307+0000] {processor.py:829} INFO - Processing file /home/airflow/.local/lib/python3.8/site-packages/airflow/example_dags/example_latest_only.py for tasks to queue
[2023-12-06T14:27:43.309+0000] {logging_mixin.py:151} INFO - [2023-12-06T14:27:43.308+0000] {dagbag.py:539} INFO - Filling up the DagBag from /home/airflow/.local/lib/python3.8/site-packages/airflow/example_dags/example_latest_only.py
[2023-12-06T14:27:43.312+0000] {processor.py:839} INFO - DAG(s) dict_keys(['latest_only']) retrieved from /home/airflow/.local/lib/python3.8/site-packages/airflow/example_dags/example_latest_only.py
[2023-12-06T14:27:43.328+0000] {logging_mixin.py:151} INFO - [2023-12-06T14:27:43.328+0000] {dag.py:2915} INFO - Sync 1 DAGs
[2023-12-06T14:27:43.432+0000] {logging_mixin.py:151} INFO - [2023-12-06T14:27:43.432+0000] {dag.py:3696} INFO - Setting next_dagrun for latest_only to 2023-12-06T10:27:43.432031+00:00, run_after=2023-12-06T14:27:43.432031+00:00
[2023-12-06T14:27:43.442+0000] {processor.py:179} INFO - Processing /home/airflow/.local/lib/python3.8/site-packages/airflow/example_dags/example_latest_only.py took 0.139 seconds
[2023-12-06T14:28:14.195+0000] {processor.py:157} INFO - Started process (PID=61986) to work on /home/airflow/.local/lib/python3.8/site-packages/airflow/example_dags/example_latest_only.py
[2023-12-06T14:28:14.196+0000] {processor.py:829} INFO - Processing file /home/airflow/.local/lib/python3.8/site-packages/airflow/example_dags/example_latest_only.py for tasks to queue
[2023-12-06T14:28:14.197+0000] {logging_mixin.py:151} INFO - [2023-12-06T14:28:14.197+0000] {dagbag.py:539} INFO - Filling up the DagBag from /home/airflow/.local/lib/python3.8/site-packages/airflow/example_dags/example_latest_only.py
[2023-12-06T14:28:14.201+0000] {processor.py:839} INFO - DAG(s) dict_keys(['latest_only']) retrieved from /home/airflow/.local/lib/python3.8/site-packages/airflow/example_dags/example_latest_only.py
[2023-12-06T14:28:14.222+0000] {logging_mixin.py:151} INFO - [2023-12-06T14:28:14.221+0000] {dag.py:2915} INFO - Sync 1 DAGs
[2023-12-06T14:28:14.237+0000] {logging_mixin.py:151} INFO - [2023-12-06T14:28:14.237+0000] {dag.py:3696} INFO - Setting next_dagrun for latest_only to 2023-12-06T10:28:14.237177+00:00, run_after=2023-12-06T14:28:14.237177+00:00
[2023-12-06T14:28:14.248+0000] {processor.py:179} INFO - Processing /home/airflow/.local/lib/python3.8/site-packages/airflow/example_dags/example_latest_only.py took 0.055 seconds
[2023-12-06T14:28:44.431+0000] {processor.py:157} INFO - Started process (PID=62040) to work on /home/airflow/.local/lib/python3.8/site-packages/airflow/example_dags/example_latest_only.py
[2023-12-06T14:28:44.432+0000] {processor.py:829} INFO - Processing file /home/airflow/.local/lib/python3.8/site-packages/airflow/example_dags/example_latest_only.py for tasks to queue
[2023-12-06T14:28:44.434+0000] {logging_mixin.py:151} INFO - [2023-12-06T14:28:44.434+0000] {dagbag.py:539} INFO - Filling up the DagBag from /home/airflow/.local/lib/python3.8/site-packages/airflow/example_dags/example_latest_only.py
[2023-12-06T14:28:44.437+0000] {processor.py:839} INFO - DAG(s) dict_keys(['latest_only']) retrieved from /home/airflow/.local/lib/python3.8/site-packages/airflow/example_dags/example_latest_only.py
[2023-12-06T14:28:44.455+0000] {logging_mixin.py:151} INFO - [2023-12-06T14:28:44.454+0000] {dag.py:2915} INFO - Sync 1 DAGs
[2023-12-06T14:28:44.471+0000] {logging_mixin.py:151} INFO - [2023-12-06T14:28:44.471+0000] {dag.py:3696} INFO - Setting next_dagrun for latest_only to 2023-12-06T10:28:44.471134+00:00, run_after=2023-12-06T14:28:44.471134+00:00
[2023-12-06T14:28:44.482+0000] {processor.py:179} INFO - Processing /home/airflow/.local/lib/python3.8/site-packages/airflow/example_dags/example_latest_only.py took 0.053 seconds
[2023-12-06T14:29:15.730+0000] {processor.py:157} INFO - Started process (PID=62094) to work on /home/airflow/.local/lib/python3.8/site-packages/airflow/example_dags/example_latest_only.py
[2023-12-06T14:29:15.734+0000] {processor.py:829} INFO - Processing file /home/airflow/.local/lib/python3.8/site-packages/airflow/example_dags/example_latest_only.py for tasks to queue
[2023-12-06T14:29:15.737+0000] {logging_mixin.py:151} INFO - [2023-12-06T14:29:15.737+0000] {dagbag.py:539} INFO - Filling up the DagBag from /home/airflow/.local/lib/python3.8/site-packages/airflow/example_dags/example_latest_only.py
[2023-12-06T14:29:15.797+0000] {processor.py:839} INFO - DAG(s) dict_keys(['latest_only']) retrieved from /home/airflow/.local/lib/python3.8/site-packages/airflow/example_dags/example_latest_only.py
[2023-12-06T14:29:15.860+0000] {logging_mixin.py:151} INFO - [2023-12-06T14:29:15.860+0000] {dag.py:2915} INFO - Sync 1 DAGs
[2023-12-06T14:29:16.477+0000] {logging_mixin.py:151} INFO - [2023-12-06T14:29:16.476+0000] {dag.py:3696} INFO - Setting next_dagrun for latest_only to 2023-12-06T10:29:16.476315+00:00, run_after=2023-12-06T14:29:16.476315+00:00
[2023-12-06T14:29:16.499+0000] {processor.py:179} INFO - Processing /home/airflow/.local/lib/python3.8/site-packages/airflow/example_dags/example_latest_only.py took 0.779 seconds
[2023-12-06T14:29:47.085+0000] {processor.py:157} INFO - Started process (PID=62149) to work on /home/airflow/.local/lib/python3.8/site-packages/airflow/example_dags/example_latest_only.py
[2023-12-06T14:29:47.086+0000] {processor.py:829} INFO - Processing file /home/airflow/.local/lib/python3.8/site-packages/airflow/example_dags/example_latest_only.py for tasks to queue
[2023-12-06T14:29:47.088+0000] {logging_mixin.py:151} INFO - [2023-12-06T14:29:47.088+0000] {dagbag.py:539} INFO - Filling up the DagBag from /home/airflow/.local/lib/python3.8/site-packages/airflow/example_dags/example_latest_only.py
[2023-12-06T14:29:47.091+0000] {processor.py:839} INFO - DAG(s) dict_keys(['latest_only']) retrieved from /home/airflow/.local/lib/python3.8/site-packages/airflow/example_dags/example_latest_only.py
[2023-12-06T14:29:47.132+0000] {logging_mixin.py:151} INFO - [2023-12-06T14:29:47.132+0000] {dag.py:2915} INFO - Sync 1 DAGs
[2023-12-06T14:29:47.340+0000] {logging_mixin.py:151} INFO - [2023-12-06T14:29:47.339+0000] {dag.py:3696} INFO - Setting next_dagrun for latest_only to 2023-12-06T10:29:47.339397+00:00, run_after=2023-12-06T14:29:47.339397+00:00
[2023-12-06T14:29:47.357+0000] {processor.py:179} INFO - Processing /home/airflow/.local/lib/python3.8/site-packages/airflow/example_dags/example_latest_only.py took 0.276 seconds
[2023-12-06T14:30:17.972+0000] {processor.py:157} INFO - Started process (PID=62203) to work on /home/airflow/.local/lib/python3.8/site-packages/airflow/example_dags/example_latest_only.py
[2023-12-06T14:30:17.973+0000] {processor.py:829} INFO - Processing file /home/airflow/.local/lib/python3.8/site-packages/airflow/example_dags/example_latest_only.py for tasks to queue
[2023-12-06T14:30:17.974+0000] {logging_mixin.py:151} INFO - [2023-12-06T14:30:17.974+0000] {dagbag.py:539} INFO - Filling up the DagBag from /home/airflow/.local/lib/python3.8/site-packages/airflow/example_dags/example_latest_only.py
[2023-12-06T14:30:17.978+0000] {processor.py:839} INFO - DAG(s) dict_keys(['latest_only']) retrieved from /home/airflow/.local/lib/python3.8/site-packages/airflow/example_dags/example_latest_only.py
[2023-12-06T14:30:17.995+0000] {logging_mixin.py:151} INFO - [2023-12-06T14:30:17.995+0000] {dag.py:2915} INFO - Sync 1 DAGs
[2023-12-06T14:30:18.012+0000] {logging_mixin.py:151} INFO - [2023-12-06T14:30:18.012+0000] {dag.py:3696} INFO - Setting next_dagrun for latest_only to 2023-12-06T10:30:18.011674+00:00, run_after=2023-12-06T14:30:18.011674+00:00
[2023-12-06T14:30:18.023+0000] {processor.py:179} INFO - Processing /home/airflow/.local/lib/python3.8/site-packages/airflow/example_dags/example_latest_only.py took 0.054 seconds
[2023-12-06T14:30:49.088+0000] {processor.py:157} INFO - Started process (PID=62257) to work on /home/airflow/.local/lib/python3.8/site-packages/airflow/example_dags/example_latest_only.py
[2023-12-06T14:30:49.089+0000] {processor.py:829} INFO - Processing file /home/airflow/.local/lib/python3.8/site-packages/airflow/example_dags/example_latest_only.py for tasks to queue
[2023-12-06T14:30:49.090+0000] {logging_mixin.py:151} INFO - [2023-12-06T14:30:49.090+0000] {dagbag.py:539} INFO - Filling up the DagBag from /home/airflow/.local/lib/python3.8/site-packages/airflow/example_dags/example_latest_only.py
[2023-12-06T14:30:49.174+0000] {processor.py:839} INFO - DAG(s) dict_keys(['latest_only']) retrieved from /home/airflow/.local/lib/python3.8/site-packages/airflow/example_dags/example_latest_only.py
[2023-12-06T14:30:49.187+0000] {logging_mixin.py:151} INFO - [2023-12-06T14:30:49.187+0000] {dag.py:2915} INFO - Sync 1 DAGs
[2023-12-06T14:30:49.199+0000] {logging_mixin.py:151} INFO - [2023-12-06T14:30:49.199+0000] {dag.py:3696} INFO - Setting next_dagrun for latest_only to 2023-12-06T10:30:49.199315+00:00, run_after=2023-12-06T14:30:49.199315+00:00
[2023-12-06T14:30:49.208+0000] {processor.py:179} INFO - Processing /home/airflow/.local/lib/python3.8/site-packages/airflow/example_dags/example_latest_only.py took 0.123 seconds
[2023-12-06T14:31:19.737+0000] {processor.py:157} INFO - Started process (PID=62310) to work on /home/airflow/.local/lib/python3.8/site-packages/airflow/example_dags/example_latest_only.py
[2023-12-06T14:31:19.738+0000] {processor.py:829} INFO - Processing file /home/airflow/.local/lib/python3.8/site-packages/airflow/example_dags/example_latest_only.py for tasks to queue
[2023-12-06T14:31:19.740+0000] {logging_mixin.py:151} INFO - [2023-12-06T14:31:19.740+0000] {dagbag.py:539} INFO - Filling up the DagBag from /home/airflow/.local/lib/python3.8/site-packages/airflow/example_dags/example_latest_only.py
[2023-12-06T14:31:19.745+0000] {processor.py:839} INFO - DAG(s) dict_keys(['latest_only']) retrieved from /home/airflow/.local/lib/python3.8/site-packages/airflow/example_dags/example_latest_only.py
[2023-12-06T14:31:19.760+0000] {logging_mixin.py:151} INFO - [2023-12-06T14:31:19.760+0000] {dag.py:2915} INFO - Sync 1 DAGs
[2023-12-06T14:31:19.773+0000] {logging_mixin.py:151} INFO - [2023-12-06T14:31:19.773+0000] {dag.py:3696} INFO - Setting next_dagrun for latest_only to 2023-12-06T10:31:19.773067+00:00, run_after=2023-12-06T14:31:19.773067+00:00
[2023-12-06T14:31:19.782+0000] {processor.py:179} INFO - Processing /home/airflow/.local/lib/python3.8/site-packages/airflow/example_dags/example_latest_only.py took 0.048 seconds
[2023-12-06T14:31:50.277+0000] {processor.py:157} INFO - Started process (PID=62364) to work on /home/airflow/.local/lib/python3.8/site-packages/airflow/example_dags/example_latest_only.py
[2023-12-06T14:31:50.278+0000] {processor.py:829} INFO - Processing file /home/airflow/.local/lib/python3.8/site-packages/airflow/example_dags/example_latest_only.py for tasks to queue
[2023-12-06T14:31:50.281+0000] {logging_mixin.py:151} INFO - [2023-12-06T14:31:50.281+0000] {dagbag.py:539} INFO - Filling up the DagBag from /home/airflow/.local/lib/python3.8/site-packages/airflow/example_dags/example_latest_only.py
[2023-12-06T14:31:50.297+0000] {processor.py:839} INFO - DAG(s) dict_keys(['latest_only']) retrieved from /home/airflow/.local/lib/python3.8/site-packages/airflow/example_dags/example_latest_only.py
[2023-12-06T14:31:50.314+0000] {logging_mixin.py:151} INFO - [2023-12-06T14:31:50.314+0000] {dag.py:2915} INFO - Sync 1 DAGs
[2023-12-06T14:31:50.328+0000] {logging_mixin.py:151} INFO - [2023-12-06T14:31:50.328+0000] {dag.py:3696} INFO - Setting next_dagrun for latest_only to 2023-12-06T10:31:50.327642+00:00, run_after=2023-12-06T14:31:50.327642+00:00
[2023-12-06T14:31:50.339+0000] {processor.py:179} INFO - Processing /home/airflow/.local/lib/python3.8/site-packages/airflow/example_dags/example_latest_only.py took 0.066 seconds
[2023-12-06T14:32:21.749+0000] {processor.py:157} INFO - Started process (PID=62418) to work on /home/airflow/.local/lib/python3.8/site-packages/airflow/example_dags/example_latest_only.py
[2023-12-06T14:32:21.754+0000] {processor.py:829} INFO - Processing file /home/airflow/.local/lib/python3.8/site-packages/airflow/example_dags/example_latest_only.py for tasks to queue
[2023-12-06T14:32:21.770+0000] {logging_mixin.py:151} INFO - [2023-12-06T14:32:21.767+0000] {dagbag.py:539} INFO - Filling up the DagBag from /home/airflow/.local/lib/python3.8/site-packages/airflow/example_dags/example_latest_only.py
[2023-12-06T14:32:21.837+0000] {processor.py:839} INFO - DAG(s) dict_keys(['latest_only']) retrieved from /home/airflow/.local/lib/python3.8/site-packages/airflow/example_dags/example_latest_only.py
[2023-12-06T14:32:22.007+0000] {logging_mixin.py:151} INFO - [2023-12-06T14:32:22.006+0000] {dag.py:2915} INFO - Sync 1 DAGs
[2023-12-06T14:32:22.067+0000] {logging_mixin.py:151} INFO - [2023-12-06T14:32:22.067+0000] {dag.py:3696} INFO - Setting next_dagrun for latest_only to 2023-12-06T10:32:22.066281+00:00, run_after=2023-12-06T14:32:22.066281+00:00
[2023-12-06T14:32:22.108+0000] {processor.py:179} INFO - Processing /home/airflow/.local/lib/python3.8/site-packages/airflow/example_dags/example_latest_only.py took 0.383 seconds
[2023-12-06T14:32:53.061+0000] {processor.py:157} INFO - Started process (PID=62472) to work on /home/airflow/.local/lib/python3.8/site-packages/airflow/example_dags/example_latest_only.py
[2023-12-06T14:32:53.064+0000] {processor.py:829} INFO - Processing file /home/airflow/.local/lib/python3.8/site-packages/airflow/example_dags/example_latest_only.py for tasks to queue
[2023-12-06T14:32:53.067+0000] {logging_mixin.py:151} INFO - [2023-12-06T14:32:53.067+0000] {dagbag.py:539} INFO - Filling up the DagBag from /home/airflow/.local/lib/python3.8/site-packages/airflow/example_dags/example_latest_only.py
[2023-12-06T14:32:53.075+0000] {processor.py:839} INFO - DAG(s) dict_keys(['latest_only']) retrieved from /home/airflow/.local/lib/python3.8/site-packages/airflow/example_dags/example_latest_only.py
[2023-12-06T14:32:53.097+0000] {logging_mixin.py:151} INFO - [2023-12-06T14:32:53.097+0000] {dag.py:2915} INFO - Sync 1 DAGs
[2023-12-06T14:32:53.113+0000] {logging_mixin.py:151} INFO - [2023-12-06T14:32:53.113+0000] {dag.py:3696} INFO - Setting next_dagrun for latest_only to 2023-12-06T10:32:53.113384+00:00, run_after=2023-12-06T14:32:53.113384+00:00
[2023-12-06T14:32:53.124+0000] {processor.py:179} INFO - Processing /home/airflow/.local/lib/python3.8/site-packages/airflow/example_dags/example_latest_only.py took 0.069 seconds
[2023-12-06T14:33:23.713+0000] {processor.py:157} INFO - Started process (PID=62526) to work on /home/airflow/.local/lib/python3.8/site-packages/airflow/example_dags/example_latest_only.py
[2023-12-06T14:33:23.717+0000] {processor.py:829} INFO - Processing file /home/airflow/.local/lib/python3.8/site-packages/airflow/example_dags/example_latest_only.py for tasks to queue
[2023-12-06T14:33:23.722+0000] {logging_mixin.py:151} INFO - [2023-12-06T14:33:23.722+0000] {dagbag.py:539} INFO - Filling up the DagBag from /home/airflow/.local/lib/python3.8/site-packages/airflow/example_dags/example_latest_only.py
[2023-12-06T14:33:23.751+0000] {processor.py:839} INFO - DAG(s) dict_keys(['latest_only']) retrieved from /home/airflow/.local/lib/python3.8/site-packages/airflow/example_dags/example_latest_only.py
[2023-12-06T14:33:23.842+0000] {logging_mixin.py:151} INFO - [2023-12-06T14:33:23.842+0000] {dag.py:2915} INFO - Sync 1 DAGs
[2023-12-06T14:33:23.881+0000] {logging_mixin.py:151} INFO - [2023-12-06T14:33:23.880+0000] {dag.py:3696} INFO - Setting next_dagrun for latest_only to 2023-12-06T10:33:23.880092+00:00, run_after=2023-12-06T14:33:23.880092+00:00
[2023-12-06T14:33:23.926+0000] {processor.py:179} INFO - Processing /home/airflow/.local/lib/python3.8/site-packages/airflow/example_dags/example_latest_only.py took 0.224 seconds
[2023-12-06T14:33:54.551+0000] {processor.py:157} INFO - Started process (PID=62580) to work on /home/airflow/.local/lib/python3.8/site-packages/airflow/example_dags/example_latest_only.py
[2023-12-06T14:33:54.553+0000] {processor.py:829} INFO - Processing file /home/airflow/.local/lib/python3.8/site-packages/airflow/example_dags/example_latest_only.py for tasks to queue
[2023-12-06T14:33:54.557+0000] {logging_mixin.py:151} INFO - [2023-12-06T14:33:54.556+0000] {dagbag.py:539} INFO - Filling up the DagBag from /home/airflow/.local/lib/python3.8/site-packages/airflow/example_dags/example_latest_only.py
[2023-12-06T14:33:54.563+0000] {processor.py:839} INFO - DAG(s) dict_keys(['latest_only']) retrieved from /home/airflow/.local/lib/python3.8/site-packages/airflow/example_dags/example_latest_only.py
[2023-12-06T14:33:54.598+0000] {logging_mixin.py:151} INFO - [2023-12-06T14:33:54.597+0000] {dag.py:2915} INFO - Sync 1 DAGs
[2023-12-06T14:33:54.625+0000] {logging_mixin.py:151} INFO - [2023-12-06T14:33:54.625+0000] {dag.py:3696} INFO - Setting next_dagrun for latest_only to 2023-12-06T10:33:54.624366+00:00, run_after=2023-12-06T14:33:54.624366+00:00
[2023-12-06T14:33:54.656+0000] {processor.py:179} INFO - Processing /home/airflow/.local/lib/python3.8/site-packages/airflow/example_dags/example_latest_only.py took 0.110 seconds
[2023-12-06T14:34:25.101+0000] {processor.py:157} INFO - Started process (PID=62634) to work on /home/airflow/.local/lib/python3.8/site-packages/airflow/example_dags/example_latest_only.py
[2023-12-06T14:34:25.103+0000] {processor.py:829} INFO - Processing file /home/airflow/.local/lib/python3.8/site-packages/airflow/example_dags/example_latest_only.py for tasks to queue
[2023-12-06T14:34:25.105+0000] {logging_mixin.py:151} INFO - [2023-12-06T14:34:25.104+0000] {dagbag.py:539} INFO - Filling up the DagBag from /home/airflow/.local/lib/python3.8/site-packages/airflow/example_dags/example_latest_only.py
[2023-12-06T14:34:25.111+0000] {processor.py:839} INFO - DAG(s) dict_keys(['latest_only']) retrieved from /home/airflow/.local/lib/python3.8/site-packages/airflow/example_dags/example_latest_only.py
[2023-12-06T14:34:25.148+0000] {logging_mixin.py:151} INFO - [2023-12-06T14:34:25.147+0000] {dag.py:2915} INFO - Sync 1 DAGs
[2023-12-06T14:34:25.163+0000] {logging_mixin.py:151} INFO - [2023-12-06T14:34:25.163+0000] {dag.py:3696} INFO - Setting next_dagrun for latest_only to 2023-12-06T10:34:25.163312+00:00, run_after=2023-12-06T14:34:25.163312+00:00
[2023-12-06T14:34:25.173+0000] {processor.py:179} INFO - Processing /home/airflow/.local/lib/python3.8/site-packages/airflow/example_dags/example_latest_only.py took 0.077 seconds
[2023-12-06T14:34:55.801+0000] {processor.py:157} INFO - Started process (PID=62688) to work on /home/airflow/.local/lib/python3.8/site-packages/airflow/example_dags/example_latest_only.py
[2023-12-06T14:34:55.803+0000] {processor.py:829} INFO - Processing file /home/airflow/.local/lib/python3.8/site-packages/airflow/example_dags/example_latest_only.py for tasks to queue
[2023-12-06T14:34:55.805+0000] {logging_mixin.py:151} INFO - [2023-12-06T14:34:55.805+0000] {dagbag.py:539} INFO - Filling up the DagBag from /home/airflow/.local/lib/python3.8/site-packages/airflow/example_dags/example_latest_only.py
[2023-12-06T14:34:55.810+0000] {processor.py:839} INFO - DAG(s) dict_keys(['latest_only']) retrieved from /home/airflow/.local/lib/python3.8/site-packages/airflow/example_dags/example_latest_only.py
[2023-12-06T14:34:55.831+0000] {logging_mixin.py:151} INFO - [2023-12-06T14:34:55.831+0000] {dag.py:2915} INFO - Sync 1 DAGs
[2023-12-06T14:34:55.846+0000] {logging_mixin.py:151} INFO - [2023-12-06T14:34:55.846+0000] {dag.py:3696} INFO - Setting next_dagrun for latest_only to 2023-12-06T10:34:55.845899+00:00, run_after=2023-12-06T14:34:55.845899+00:00
[2023-12-06T14:34:55.857+0000] {processor.py:179} INFO - Processing /home/airflow/.local/lib/python3.8/site-packages/airflow/example_dags/example_latest_only.py took 0.059 seconds
[2023-12-06T14:35:25.996+0000] {processor.py:157} INFO - Started process (PID=62742) to work on /home/airflow/.local/lib/python3.8/site-packages/airflow/example_dags/example_latest_only.py
[2023-12-06T14:35:25.997+0000] {processor.py:829} INFO - Processing file /home/airflow/.local/lib/python3.8/site-packages/airflow/example_dags/example_latest_only.py for tasks to queue
[2023-12-06T14:35:25.999+0000] {logging_mixin.py:151} INFO - [2023-12-06T14:35:25.999+0000] {dagbag.py:539} INFO - Filling up the DagBag from /home/airflow/.local/lib/python3.8/site-packages/airflow/example_dags/example_latest_only.py
[2023-12-06T14:35:26.005+0000] {processor.py:839} INFO - DAG(s) dict_keys(['latest_only']) retrieved from /home/airflow/.local/lib/python3.8/site-packages/airflow/example_dags/example_latest_only.py
[2023-12-06T14:35:26.033+0000] {logging_mixin.py:151} INFO - [2023-12-06T14:35:26.032+0000] {dag.py:2915} INFO - Sync 1 DAGs
[2023-12-06T14:35:26.046+0000] {logging_mixin.py:151} INFO - [2023-12-06T14:35:26.046+0000] {dag.py:3696} INFO - Setting next_dagrun for latest_only to 2023-12-06T10:35:26.046262+00:00, run_after=2023-12-06T14:35:26.046262+00:00
[2023-12-06T14:35:26.056+0000] {processor.py:179} INFO - Processing /home/airflow/.local/lib/python3.8/site-packages/airflow/example_dags/example_latest_only.py took 0.062 seconds
[2023-12-06T14:35:56.393+0000] {processor.py:157} INFO - Started process (PID=62796) to work on /home/airflow/.local/lib/python3.8/site-packages/airflow/example_dags/example_latest_only.py
[2023-12-06T14:35:56.394+0000] {processor.py:829} INFO - Processing file /home/airflow/.local/lib/python3.8/site-packages/airflow/example_dags/example_latest_only.py for tasks to queue
[2023-12-06T14:35:56.396+0000] {logging_mixin.py:151} INFO - [2023-12-06T14:35:56.395+0000] {dagbag.py:539} INFO - Filling up the DagBag from /home/airflow/.local/lib/python3.8/site-packages/airflow/example_dags/example_latest_only.py
[2023-12-06T14:35:56.400+0000] {processor.py:839} INFO - DAG(s) dict_keys(['latest_only']) retrieved from /home/airflow/.local/lib/python3.8/site-packages/airflow/example_dags/example_latest_only.py
[2023-12-06T14:35:56.413+0000] {logging_mixin.py:151} INFO - [2023-12-06T14:35:56.412+0000] {dag.py:2915} INFO - Sync 1 DAGs
[2023-12-06T14:35:56.424+0000] {logging_mixin.py:151} INFO - [2023-12-06T14:35:56.424+0000] {dag.py:3696} INFO - Setting next_dagrun for latest_only to 2023-12-06T10:35:56.424300+00:00, run_after=2023-12-06T14:35:56.424300+00:00
[2023-12-06T14:35:56.433+0000] {processor.py:179} INFO - Processing /home/airflow/.local/lib/python3.8/site-packages/airflow/example_dags/example_latest_only.py took 0.042 seconds
[2023-12-06T14:36:27.212+0000] {processor.py:157} INFO - Started process (PID=62850) to work on /home/airflow/.local/lib/python3.8/site-packages/airflow/example_dags/example_latest_only.py
[2023-12-06T14:36:27.213+0000] {processor.py:829} INFO - Processing file /home/airflow/.local/lib/python3.8/site-packages/airflow/example_dags/example_latest_only.py for tasks to queue
[2023-12-06T14:36:27.215+0000] {logging_mixin.py:151} INFO - [2023-12-06T14:36:27.214+0000] {dagbag.py:539} INFO - Filling up the DagBag from /home/airflow/.local/lib/python3.8/site-packages/airflow/example_dags/example_latest_only.py
[2023-12-06T14:36:27.219+0000] {processor.py:839} INFO - DAG(s) dict_keys(['latest_only']) retrieved from /home/airflow/.local/lib/python3.8/site-packages/airflow/example_dags/example_latest_only.py
[2023-12-06T14:36:27.232+0000] {logging_mixin.py:151} INFO - [2023-12-06T14:36:27.232+0000] {dag.py:2915} INFO - Sync 1 DAGs
[2023-12-06T14:36:27.244+0000] {logging_mixin.py:151} INFO - [2023-12-06T14:36:27.243+0000] {dag.py:3696} INFO - Setting next_dagrun for latest_only to 2023-12-06T10:36:27.243700+00:00, run_after=2023-12-06T14:36:27.243700+00:00
[2023-12-06T14:36:27.252+0000] {processor.py:179} INFO - Processing /home/airflow/.local/lib/python3.8/site-packages/airflow/example_dags/example_latest_only.py took 0.042 seconds
[2023-12-06T14:36:57.972+0000] {processor.py:157} INFO - Started process (PID=62904) to work on /home/airflow/.local/lib/python3.8/site-packages/airflow/example_dags/example_latest_only.py
[2023-12-06T14:36:57.972+0000] {processor.py:829} INFO - Processing file /home/airflow/.local/lib/python3.8/site-packages/airflow/example_dags/example_latest_only.py for tasks to queue
[2023-12-06T14:36:57.974+0000] {logging_mixin.py:151} INFO - [2023-12-06T14:36:57.974+0000] {dagbag.py:539} INFO - Filling up the DagBag from /home/airflow/.local/lib/python3.8/site-packages/airflow/example_dags/example_latest_only.py
[2023-12-06T14:36:57.977+0000] {processor.py:839} INFO - DAG(s) dict_keys(['latest_only']) retrieved from /home/airflow/.local/lib/python3.8/site-packages/airflow/example_dags/example_latest_only.py
[2023-12-06T14:36:57.989+0000] {logging_mixin.py:151} INFO - [2023-12-06T14:36:57.989+0000] {dag.py:2915} INFO - Sync 1 DAGs
[2023-12-06T14:36:58.001+0000] {logging_mixin.py:151} INFO - [2023-12-06T14:36:58.000+0000] {dag.py:3696} INFO - Setting next_dagrun for latest_only to 2023-12-06T10:36:58.000638+00:00, run_after=2023-12-06T14:36:58.000638+00:00
[2023-12-06T14:36:58.009+0000] {processor.py:179} INFO - Processing /home/airflow/.local/lib/python3.8/site-packages/airflow/example_dags/example_latest_only.py took 0.040 seconds
[2023-12-06T14:37:28.538+0000] {processor.py:157} INFO - Started process (PID=62958) to work on /home/airflow/.local/lib/python3.8/site-packages/airflow/example_dags/example_latest_only.py
[2023-12-06T14:37:28.539+0000] {processor.py:829} INFO - Processing file /home/airflow/.local/lib/python3.8/site-packages/airflow/example_dags/example_latest_only.py for tasks to queue
[2023-12-06T14:37:28.541+0000] {logging_mixin.py:151} INFO - [2023-12-06T14:37:28.541+0000] {dagbag.py:539} INFO - Filling up the DagBag from /home/airflow/.local/lib/python3.8/site-packages/airflow/example_dags/example_latest_only.py
[2023-12-06T14:37:28.544+0000] {processor.py:839} INFO - DAG(s) dict_keys(['latest_only']) retrieved from /home/airflow/.local/lib/python3.8/site-packages/airflow/example_dags/example_latest_only.py
[2023-12-06T14:37:28.556+0000] {logging_mixin.py:151} INFO - [2023-12-06T14:37:28.556+0000] {dag.py:2915} INFO - Sync 1 DAGs
[2023-12-06T14:37:28.568+0000] {logging_mixin.py:151} INFO - [2023-12-06T14:37:28.567+0000] {dag.py:3696} INFO - Setting next_dagrun for latest_only to 2023-12-06T10:37:28.567725+00:00, run_after=2023-12-06T14:37:28.567725+00:00
[2023-12-06T14:37:28.577+0000] {processor.py:179} INFO - Processing /home/airflow/.local/lib/python3.8/site-packages/airflow/example_dags/example_latest_only.py took 0.041 seconds
[2023-12-06T14:37:59.450+0000] {processor.py:157} INFO - Started process (PID=63012) to work on /home/airflow/.local/lib/python3.8/site-packages/airflow/example_dags/example_latest_only.py
[2023-12-06T14:37:59.451+0000] {processor.py:829} INFO - Processing file /home/airflow/.local/lib/python3.8/site-packages/airflow/example_dags/example_latest_only.py for tasks to queue
[2023-12-06T14:37:59.453+0000] {logging_mixin.py:151} INFO - [2023-12-06T14:37:59.453+0000] {dagbag.py:539} INFO - Filling up the DagBag from /home/airflow/.local/lib/python3.8/site-packages/airflow/example_dags/example_latest_only.py
[2023-12-06T14:37:59.457+0000] {processor.py:839} INFO - DAG(s) dict_keys(['latest_only']) retrieved from /home/airflow/.local/lib/python3.8/site-packages/airflow/example_dags/example_latest_only.py
[2023-12-06T14:37:59.471+0000] {logging_mixin.py:151} INFO - [2023-12-06T14:37:59.471+0000] {dag.py:2915} INFO - Sync 1 DAGs
[2023-12-06T14:37:59.483+0000] {logging_mixin.py:151} INFO - [2023-12-06T14:37:59.483+0000] {dag.py:3696} INFO - Setting next_dagrun for latest_only to 2023-12-06T10:37:59.483513+00:00, run_after=2023-12-06T14:37:59.483513+00:00
[2023-12-06T14:37:59.493+0000] {processor.py:179} INFO - Processing /home/airflow/.local/lib/python3.8/site-packages/airflow/example_dags/example_latest_only.py took 0.045 seconds
[2023-12-06T14:38:30.362+0000] {processor.py:157} INFO - Started process (PID=63066) to work on /home/airflow/.local/lib/python3.8/site-packages/airflow/example_dags/example_latest_only.py
[2023-12-06T14:38:30.363+0000] {processor.py:829} INFO - Processing file /home/airflow/.local/lib/python3.8/site-packages/airflow/example_dags/example_latest_only.py for tasks to queue
[2023-12-06T14:38:30.365+0000] {logging_mixin.py:151} INFO - [2023-12-06T14:38:30.364+0000] {dagbag.py:539} INFO - Filling up the DagBag from /home/airflow/.local/lib/python3.8/site-packages/airflow/example_dags/example_latest_only.py
[2023-12-06T14:38:30.368+0000] {processor.py:839} INFO - DAG(s) dict_keys(['latest_only']) retrieved from /home/airflow/.local/lib/python3.8/site-packages/airflow/example_dags/example_latest_only.py
[2023-12-06T14:38:30.380+0000] {logging_mixin.py:151} INFO - [2023-12-06T14:38:30.380+0000] {dag.py:2915} INFO - Sync 1 DAGs
[2023-12-06T14:38:30.391+0000] {logging_mixin.py:151} INFO - [2023-12-06T14:38:30.391+0000] {dag.py:3696} INFO - Setting next_dagrun for latest_only to 2023-12-06T10:38:30.391510+00:00, run_after=2023-12-06T14:38:30.391510+00:00
[2023-12-06T14:38:30.401+0000] {processor.py:179} INFO - Processing /home/airflow/.local/lib/python3.8/site-packages/airflow/example_dags/example_latest_only.py took 0.041 seconds
[2023-12-06T14:39:00.604+0000] {processor.py:157} INFO - Started process (PID=63120) to work on /home/airflow/.local/lib/python3.8/site-packages/airflow/example_dags/example_latest_only.py
[2023-12-06T14:39:00.605+0000] {processor.py:829} INFO - Processing file /home/airflow/.local/lib/python3.8/site-packages/airflow/example_dags/example_latest_only.py for tasks to queue
[2023-12-06T14:39:00.607+0000] {logging_mixin.py:151} INFO - [2023-12-06T14:39:00.607+0000] {dagbag.py:539} INFO - Filling up the DagBag from /home/airflow/.local/lib/python3.8/site-packages/airflow/example_dags/example_latest_only.py
[2023-12-06T14:39:00.611+0000] {processor.py:839} INFO - DAG(s) dict_keys(['latest_only']) retrieved from /home/airflow/.local/lib/python3.8/site-packages/airflow/example_dags/example_latest_only.py
[2023-12-06T14:39:00.623+0000] {logging_mixin.py:151} INFO - [2023-12-06T14:39:00.623+0000] {dag.py:2915} INFO - Sync 1 DAGs
[2023-12-06T14:39:00.634+0000] {logging_mixin.py:151} INFO - [2023-12-06T14:39:00.634+0000] {dag.py:3696} INFO - Setting next_dagrun for latest_only to 2023-12-06T10:39:00.634368+00:00, run_after=2023-12-06T14:39:00.634368+00:00
[2023-12-06T14:39:00.643+0000] {processor.py:179} INFO - Processing /home/airflow/.local/lib/python3.8/site-packages/airflow/example_dags/example_latest_only.py took 0.040 seconds
[2023-12-06T14:39:31.479+0000] {processor.py:157} INFO - Started process (PID=63174) to work on /home/airflow/.local/lib/python3.8/site-packages/airflow/example_dags/example_latest_only.py
[2023-12-06T14:39:31.480+0000] {processor.py:829} INFO - Processing file /home/airflow/.local/lib/python3.8/site-packages/airflow/example_dags/example_latest_only.py for tasks to queue
[2023-12-06T14:39:31.482+0000] {logging_mixin.py:151} INFO - [2023-12-06T14:39:31.482+0000] {dagbag.py:539} INFO - Filling up the DagBag from /home/airflow/.local/lib/python3.8/site-packages/airflow/example_dags/example_latest_only.py
[2023-12-06T14:39:31.486+0000] {processor.py:839} INFO - DAG(s) dict_keys(['latest_only']) retrieved from /home/airflow/.local/lib/python3.8/site-packages/airflow/example_dags/example_latest_only.py
[2023-12-06T14:39:31.499+0000] {logging_mixin.py:151} INFO - [2023-12-06T14:39:31.499+0000] {dag.py:2915} INFO - Sync 1 DAGs
[2023-12-06T14:39:31.511+0000] {logging_mixin.py:151} INFO - [2023-12-06T14:39:31.511+0000] {dag.py:3696} INFO - Setting next_dagrun for latest_only to 2023-12-06T10:39:31.511181+00:00, run_after=2023-12-06T14:39:31.511181+00:00
[2023-12-06T14:39:31.520+0000] {processor.py:179} INFO - Processing /home/airflow/.local/lib/python3.8/site-packages/airflow/example_dags/example_latest_only.py took 0.043 seconds
[2023-12-06T14:40:02.255+0000] {processor.py:157} INFO - Started process (PID=63228) to work on /home/airflow/.local/lib/python3.8/site-packages/airflow/example_dags/example_latest_only.py
[2023-12-06T14:40:02.257+0000] {processor.py:829} INFO - Processing file /home/airflow/.local/lib/python3.8/site-packages/airflow/example_dags/example_latest_only.py for tasks to queue
[2023-12-06T14:40:02.259+0000] {logging_mixin.py:151} INFO - [2023-12-06T14:40:02.259+0000] {dagbag.py:539} INFO - Filling up the DagBag from /home/airflow/.local/lib/python3.8/site-packages/airflow/example_dags/example_latest_only.py
[2023-12-06T14:40:02.264+0000] {processor.py:839} INFO - DAG(s) dict_keys(['latest_only']) retrieved from /home/airflow/.local/lib/python3.8/site-packages/airflow/example_dags/example_latest_only.py
[2023-12-06T14:40:02.282+0000] {logging_mixin.py:151} INFO - [2023-12-06T14:40:02.282+0000] {dag.py:2915} INFO - Sync 1 DAGs
[2023-12-06T14:40:02.295+0000] {logging_mixin.py:151} INFO - [2023-12-06T14:40:02.295+0000] {dag.py:3696} INFO - Setting next_dagrun for latest_only to 2023-12-06T10:40:02.294981+00:00, run_after=2023-12-06T14:40:02.294981+00:00
[2023-12-06T14:40:02.304+0000] {processor.py:179} INFO - Processing /home/airflow/.local/lib/python3.8/site-packages/airflow/example_dags/example_latest_only.py took 0.051 seconds
[2023-12-06T14:40:32.831+0000] {processor.py:157} INFO - Started process (PID=63282) to work on /home/airflow/.local/lib/python3.8/site-packages/airflow/example_dags/example_latest_only.py
[2023-12-06T14:40:32.832+0000] {processor.py:829} INFO - Processing file /home/airflow/.local/lib/python3.8/site-packages/airflow/example_dags/example_latest_only.py for tasks to queue
[2023-12-06T14:40:32.834+0000] {logging_mixin.py:151} INFO - [2023-12-06T14:40:32.834+0000] {dagbag.py:539} INFO - Filling up the DagBag from /home/airflow/.local/lib/python3.8/site-packages/airflow/example_dags/example_latest_only.py
[2023-12-06T14:40:32.838+0000] {processor.py:839} INFO - DAG(s) dict_keys(['latest_only']) retrieved from /home/airflow/.local/lib/python3.8/site-packages/airflow/example_dags/example_latest_only.py
[2023-12-06T14:40:32.851+0000] {logging_mixin.py:151} INFO - [2023-12-06T14:40:32.851+0000] {dag.py:2915} INFO - Sync 1 DAGs
[2023-12-06T14:40:32.862+0000] {logging_mixin.py:151} INFO - [2023-12-06T14:40:32.862+0000] {dag.py:3696} INFO - Setting next_dagrun for latest_only to 2023-12-06T10:40:32.862259+00:00, run_after=2023-12-06T14:40:32.862259+00:00
[2023-12-06T14:40:32.871+0000] {processor.py:179} INFO - Processing /home/airflow/.local/lib/python3.8/site-packages/airflow/example_dags/example_latest_only.py took 0.042 seconds
[2023-12-06T14:41:03.612+0000] {processor.py:157} INFO - Started process (PID=63336) to work on /home/airflow/.local/lib/python3.8/site-packages/airflow/example_dags/example_latest_only.py
[2023-12-06T14:41:03.613+0000] {processor.py:829} INFO - Processing file /home/airflow/.local/lib/python3.8/site-packages/airflow/example_dags/example_latest_only.py for tasks to queue
[2023-12-06T14:41:03.615+0000] {logging_mixin.py:151} INFO - [2023-12-06T14:41:03.615+0000] {dagbag.py:539} INFO - Filling up the DagBag from /home/airflow/.local/lib/python3.8/site-packages/airflow/example_dags/example_latest_only.py
[2023-12-06T14:41:03.619+0000] {processor.py:839} INFO - DAG(s) dict_keys(['latest_only']) retrieved from /home/airflow/.local/lib/python3.8/site-packages/airflow/example_dags/example_latest_only.py
[2023-12-06T14:41:03.632+0000] {logging_mixin.py:151} INFO - [2023-12-06T14:41:03.632+0000] {dag.py:2915} INFO - Sync 1 DAGs
[2023-12-06T14:41:03.644+0000] {logging_mixin.py:151} INFO - [2023-12-06T14:41:03.643+0000] {dag.py:3696} INFO - Setting next_dagrun for latest_only to 2023-12-06T10:41:03.643695+00:00, run_after=2023-12-06T14:41:03.643695+00:00
[2023-12-06T14:41:03.652+0000] {processor.py:179} INFO - Processing /home/airflow/.local/lib/python3.8/site-packages/airflow/example_dags/example_latest_only.py took 0.043 seconds
[2023-12-06T14:41:34.324+0000] {processor.py:157} INFO - Started process (PID=63390) to work on /home/airflow/.local/lib/python3.8/site-packages/airflow/example_dags/example_latest_only.py
[2023-12-06T14:41:34.325+0000] {processor.py:829} INFO - Processing file /home/airflow/.local/lib/python3.8/site-packages/airflow/example_dags/example_latest_only.py for tasks to queue
[2023-12-06T14:41:34.327+0000] {logging_mixin.py:151} INFO - [2023-12-06T14:41:34.327+0000] {dagbag.py:539} INFO - Filling up the DagBag from /home/airflow/.local/lib/python3.8/site-packages/airflow/example_dags/example_latest_only.py
[2023-12-06T14:41:34.331+0000] {processor.py:839} INFO - DAG(s) dict_keys(['latest_only']) retrieved from /home/airflow/.local/lib/python3.8/site-packages/airflow/example_dags/example_latest_only.py
[2023-12-06T14:41:34.344+0000] {logging_mixin.py:151} INFO - [2023-12-06T14:41:34.343+0000] {dag.py:2915} INFO - Sync 1 DAGs
[2023-12-06T14:41:34.356+0000] {logging_mixin.py:151} INFO - [2023-12-06T14:41:34.355+0000] {dag.py:3696} INFO - Setting next_dagrun for latest_only to 2023-12-06T10:41:34.355720+00:00, run_after=2023-12-06T14:41:34.355720+00:00
[2023-12-06T14:41:34.364+0000] {processor.py:179} INFO - Processing /home/airflow/.local/lib/python3.8/site-packages/airflow/example_dags/example_latest_only.py took 0.043 seconds
[2023-12-06T14:42:04.969+0000] {processor.py:157} INFO - Started process (PID=63444) to work on /home/airflow/.local/lib/python3.8/site-packages/airflow/example_dags/example_latest_only.py
[2023-12-06T14:42:04.970+0000] {processor.py:829} INFO - Processing file /home/airflow/.local/lib/python3.8/site-packages/airflow/example_dags/example_latest_only.py for tasks to queue
[2023-12-06T14:42:04.971+0000] {logging_mixin.py:151} INFO - [2023-12-06T14:42:04.971+0000] {dagbag.py:539} INFO - Filling up the DagBag from /home/airflow/.local/lib/python3.8/site-packages/airflow/example_dags/example_latest_only.py
[2023-12-06T14:42:04.975+0000] {processor.py:839} INFO - DAG(s) dict_keys(['latest_only']) retrieved from /home/airflow/.local/lib/python3.8/site-packages/airflow/example_dags/example_latest_only.py
[2023-12-06T14:42:04.987+0000] {logging_mixin.py:151} INFO - [2023-12-06T14:42:04.987+0000] {dag.py:2915} INFO - Sync 1 DAGs
[2023-12-06T14:42:05.000+0000] {logging_mixin.py:151} INFO - [2023-12-06T14:42:04.999+0000] {dag.py:3696} INFO - Setting next_dagrun for latest_only to 2023-12-06T10:42:04.999731+00:00, run_after=2023-12-06T14:42:04.999731+00:00
[2023-12-06T14:42:05.008+0000] {processor.py:179} INFO - Processing /home/airflow/.local/lib/python3.8/site-packages/airflow/example_dags/example_latest_only.py took 0.042 seconds
[2023-12-06T14:42:35.630+0000] {processor.py:157} INFO - Started process (PID=63498) to work on /home/airflow/.local/lib/python3.8/site-packages/airflow/example_dags/example_latest_only.py
[2023-12-06T14:42:35.631+0000] {processor.py:829} INFO - Processing file /home/airflow/.local/lib/python3.8/site-packages/airflow/example_dags/example_latest_only.py for tasks to queue
[2023-12-06T14:42:35.633+0000] {logging_mixin.py:151} INFO - [2023-12-06T14:42:35.633+0000] {dagbag.py:539} INFO - Filling up the DagBag from /home/airflow/.local/lib/python3.8/site-packages/airflow/example_dags/example_latest_only.py
[2023-12-06T14:42:35.637+0000] {processor.py:839} INFO - DAG(s) dict_keys(['latest_only']) retrieved from /home/airflow/.local/lib/python3.8/site-packages/airflow/example_dags/example_latest_only.py
[2023-12-06T14:42:35.650+0000] {logging_mixin.py:151} INFO - [2023-12-06T14:42:35.650+0000] {dag.py:2915} INFO - Sync 1 DAGs
[2023-12-06T14:42:35.661+0000] {logging_mixin.py:151} INFO - [2023-12-06T14:42:35.661+0000] {dag.py:3696} INFO - Setting next_dagrun for latest_only to 2023-12-06T10:42:35.661447+00:00, run_after=2023-12-06T14:42:35.661447+00:00
[2023-12-06T14:42:35.676+0000] {processor.py:179} INFO - Processing /home/airflow/.local/lib/python3.8/site-packages/airflow/example_dags/example_latest_only.py took 0.048 seconds
[2023-12-06T14:43:05.916+0000] {processor.py:157} INFO - Started process (PID=63552) to work on /home/airflow/.local/lib/python3.8/site-packages/airflow/example_dags/example_latest_only.py
[2023-12-06T14:43:05.917+0000] {processor.py:829} INFO - Processing file /home/airflow/.local/lib/python3.8/site-packages/airflow/example_dags/example_latest_only.py for tasks to queue
[2023-12-06T14:43:05.919+0000] {logging_mixin.py:151} INFO - [2023-12-06T14:43:05.919+0000] {dagbag.py:539} INFO - Filling up the DagBag from /home/airflow/.local/lib/python3.8/site-packages/airflow/example_dags/example_latest_only.py
[2023-12-06T14:43:05.925+0000] {processor.py:839} INFO - DAG(s) dict_keys(['latest_only']) retrieved from /home/airflow/.local/lib/python3.8/site-packages/airflow/example_dags/example_latest_only.py
[2023-12-06T14:43:05.946+0000] {logging_mixin.py:151} INFO - [2023-12-06T14:43:05.946+0000] {dag.py:2915} INFO - Sync 1 DAGs
[2023-12-06T14:43:05.959+0000] {logging_mixin.py:151} INFO - [2023-12-06T14:43:05.959+0000] {dag.py:3696} INFO - Setting next_dagrun for latest_only to 2023-12-06T10:43:05.958754+00:00, run_after=2023-12-06T14:43:05.958754+00:00
[2023-12-06T14:43:05.968+0000] {processor.py:179} INFO - Processing /home/airflow/.local/lib/python3.8/site-packages/airflow/example_dags/example_latest_only.py took 0.053 seconds
[2023-12-06T14:43:36.379+0000] {processor.py:157} INFO - Started process (PID=63606) to work on /home/airflow/.local/lib/python3.8/site-packages/airflow/example_dags/example_latest_only.py
[2023-12-06T14:43:36.380+0000] {processor.py:829} INFO - Processing file /home/airflow/.local/lib/python3.8/site-packages/airflow/example_dags/example_latest_only.py for tasks to queue
[2023-12-06T14:43:36.382+0000] {logging_mixin.py:151} INFO - [2023-12-06T14:43:36.382+0000] {dagbag.py:539} INFO - Filling up the DagBag from /home/airflow/.local/lib/python3.8/site-packages/airflow/example_dags/example_latest_only.py
[2023-12-06T14:43:36.385+0000] {processor.py:839} INFO - DAG(s) dict_keys(['latest_only']) retrieved from /home/airflow/.local/lib/python3.8/site-packages/airflow/example_dags/example_latest_only.py
[2023-12-06T14:43:36.398+0000] {logging_mixin.py:151} INFO - [2023-12-06T14:43:36.398+0000] {dag.py:2915} INFO - Sync 1 DAGs
[2023-12-06T14:43:36.409+0000] {logging_mixin.py:151} INFO - [2023-12-06T14:43:36.409+0000] {dag.py:3696} INFO - Setting next_dagrun for latest_only to 2023-12-06T10:43:36.409603+00:00, run_after=2023-12-06T14:43:36.409603+00:00
[2023-12-06T14:43:36.418+0000] {processor.py:179} INFO - Processing /home/airflow/.local/lib/python3.8/site-packages/airflow/example_dags/example_latest_only.py took 0.041 seconds
[2023-12-06T14:44:07.898+0000] {processor.py:157} INFO - Started process (PID=63660) to work on /home/airflow/.local/lib/python3.8/site-packages/airflow/example_dags/example_latest_only.py
[2023-12-06T14:44:07.901+0000] {processor.py:829} INFO - Processing file /home/airflow/.local/lib/python3.8/site-packages/airflow/example_dags/example_latest_only.py for tasks to queue
[2023-12-06T14:44:07.909+0000] {logging_mixin.py:151} INFO - [2023-12-06T14:44:07.909+0000] {dagbag.py:539} INFO - Filling up the DagBag from /home/airflow/.local/lib/python3.8/site-packages/airflow/example_dags/example_latest_only.py
[2023-12-06T14:44:07.919+0000] {processor.py:839} INFO - DAG(s) dict_keys(['latest_only']) retrieved from /home/airflow/.local/lib/python3.8/site-packages/airflow/example_dags/example_latest_only.py
[2023-12-06T14:44:07.945+0000] {logging_mixin.py:151} INFO - [2023-12-06T14:44:07.945+0000] {dag.py:2915} INFO - Sync 1 DAGs
[2023-12-06T14:44:07.974+0000] {logging_mixin.py:151} INFO - [2023-12-06T14:44:07.974+0000] {dag.py:3696} INFO - Setting next_dagrun for latest_only to 2023-12-06T10:44:07.973738+00:00, run_after=2023-12-06T14:44:07.973738+00:00
[2023-12-06T14:44:07.991+0000] {processor.py:179} INFO - Processing /home/airflow/.local/lib/python3.8/site-packages/airflow/example_dags/example_latest_only.py took 0.100 seconds
[2023-12-06T14:44:38.678+0000] {processor.py:157} INFO - Started process (PID=63714) to work on /home/airflow/.local/lib/python3.8/site-packages/airflow/example_dags/example_latest_only.py
[2023-12-06T14:44:38.680+0000] {processor.py:829} INFO - Processing file /home/airflow/.local/lib/python3.8/site-packages/airflow/example_dags/example_latest_only.py for tasks to queue
[2023-12-06T14:44:38.681+0000] {logging_mixin.py:151} INFO - [2023-12-06T14:44:38.681+0000] {dagbag.py:539} INFO - Filling up the DagBag from /home/airflow/.local/lib/python3.8/site-packages/airflow/example_dags/example_latest_only.py
[2023-12-06T14:44:38.686+0000] {processor.py:839} INFO - DAG(s) dict_keys(['latest_only']) retrieved from /home/airflow/.local/lib/python3.8/site-packages/airflow/example_dags/example_latest_only.py
[2023-12-06T14:44:38.699+0000] {logging_mixin.py:151} INFO - [2023-12-06T14:44:38.699+0000] {dag.py:2915} INFO - Sync 1 DAGs
[2023-12-06T14:44:38.716+0000] {logging_mixin.py:151} INFO - [2023-12-06T14:44:38.716+0000] {dag.py:3696} INFO - Setting next_dagrun for latest_only to 2023-12-06T10:44:38.716359+00:00, run_after=2023-12-06T14:44:38.716359+00:00
[2023-12-06T14:44:38.733+0000] {processor.py:179} INFO - Processing /home/airflow/.local/lib/python3.8/site-packages/airflow/example_dags/example_latest_only.py took 0.059 seconds
[2023-12-06T14:45:09.040+0000] {processor.py:157} INFO - Started process (PID=63768) to work on /home/airflow/.local/lib/python3.8/site-packages/airflow/example_dags/example_latest_only.py
[2023-12-06T14:45:09.042+0000] {processor.py:829} INFO - Processing file /home/airflow/.local/lib/python3.8/site-packages/airflow/example_dags/example_latest_only.py for tasks to queue
[2023-12-06T14:45:09.043+0000] {logging_mixin.py:151} INFO - [2023-12-06T14:45:09.043+0000] {dagbag.py:539} INFO - Filling up the DagBag from /home/airflow/.local/lib/python3.8/site-packages/airflow/example_dags/example_latest_only.py
[2023-12-06T14:45:09.048+0000] {processor.py:839} INFO - DAG(s) dict_keys(['latest_only']) retrieved from /home/airflow/.local/lib/python3.8/site-packages/airflow/example_dags/example_latest_only.py
[2023-12-06T14:45:09.069+0000] {logging_mixin.py:151} INFO - [2023-12-06T14:45:09.069+0000] {dag.py:2915} INFO - Sync 1 DAGs
[2023-12-06T14:45:09.093+0000] {logging_mixin.py:151} INFO - [2023-12-06T14:45:09.093+0000] {dag.py:3696} INFO - Setting next_dagrun for latest_only to 2023-12-06T10:45:09.092757+00:00, run_after=2023-12-06T14:45:09.092757+00:00
[2023-12-06T14:45:09.103+0000] {processor.py:179} INFO - Processing /home/airflow/.local/lib/python3.8/site-packages/airflow/example_dags/example_latest_only.py took 0.067 seconds
