[2023-12-06T00:13:13.320+0000] {processor.py:157} INFO - Started process (PID=60350) to work on /home/airflow/.local/lib/python3.8/site-packages/airflow/example_dags/example_bash_operator.py
[2023-12-06T00:13:13.321+0000] {processor.py:829} INFO - Processing file /home/airflow/.local/lib/python3.8/site-packages/airflow/example_dags/example_bash_operator.py for tasks to queue
[2023-12-06T00:13:13.323+0000] {logging_mixin.py:151} INFO - [2023-12-06T00:13:13.323+0000] {dagbag.py:539} INFO - Filling up the DagBag from /home/airflow/.local/lib/python3.8/site-packages/airflow/example_dags/example_bash_operator.py
[2023-12-06T00:13:13.330+0000] {processor.py:839} INFO - DAG(s) dict_keys(['example_bash_operator']) retrieved from /home/airflow/.local/lib/python3.8/site-packages/airflow/example_dags/example_bash_operator.py
[2023-12-06T00:13:13.347+0000] {logging_mixin.py:151} INFO - [2023-12-06T00:13:13.347+0000] {dag.py:2915} INFO - Sync 1 DAGs
[2023-12-06T00:13:13.361+0000] {logging_mixin.py:151} INFO - [2023-12-06T00:13:13.360+0000] {dag.py:3696} INFO - Setting next_dagrun for example_bash_operator to 2023-12-05T00:00:00+00:00, run_after=2023-12-06T00:00:00+00:00
[2023-12-06T00:13:13.372+0000] {processor.py:179} INFO - Processing /home/airflow/.local/lib/python3.8/site-packages/airflow/example_dags/example_bash_operator.py took 0.054 seconds
[2023-12-06T00:15:22.255+0000] {processor.py:157} INFO - Started process (PID=60397) to work on /home/airflow/.local/lib/python3.8/site-packages/airflow/example_dags/example_bash_operator.py
[2023-12-06T00:15:22.256+0000] {processor.py:829} INFO - Processing file /home/airflow/.local/lib/python3.8/site-packages/airflow/example_dags/example_bash_operator.py for tasks to queue
[2023-12-06T00:15:22.258+0000] {logging_mixin.py:151} INFO - [2023-12-06T00:15:22.257+0000] {dagbag.py:539} INFO - Filling up the DagBag from /home/airflow/.local/lib/python3.8/site-packages/airflow/example_dags/example_bash_operator.py
[2023-12-06T00:15:22.265+0000] {processor.py:839} INFO - DAG(s) dict_keys(['example_bash_operator']) retrieved from /home/airflow/.local/lib/python3.8/site-packages/airflow/example_dags/example_bash_operator.py
[2023-12-06T00:15:22.282+0000] {logging_mixin.py:151} INFO - [2023-12-06T00:15:22.282+0000] {dag.py:2915} INFO - Sync 1 DAGs
[2023-12-06T00:15:22.304+0000] {logging_mixin.py:151} INFO - [2023-12-06T00:15:22.304+0000] {dag.py:3696} INFO - Setting next_dagrun for example_bash_operator to 2023-12-05T00:00:00+00:00, run_after=2023-12-06T00:00:00+00:00
[2023-12-06T00:15:22.322+0000] {processor.py:179} INFO - Processing /home/airflow/.local/lib/python3.8/site-packages/airflow/example_dags/example_bash_operator.py took 0.069 seconds
[2023-12-06T00:55:20.027+0000] {processor.py:157} INFO - Started process (PID=60458) to work on /home/airflow/.local/lib/python3.8/site-packages/airflow/example_dags/example_bash_operator.py
[2023-12-06T00:55:20.028+0000] {processor.py:829} INFO - Processing file /home/airflow/.local/lib/python3.8/site-packages/airflow/example_dags/example_bash_operator.py for tasks to queue
[2023-12-06T00:55:20.030+0000] {logging_mixin.py:151} INFO - [2023-12-06T00:55:20.030+0000] {dagbag.py:539} INFO - Filling up the DagBag from /home/airflow/.local/lib/python3.8/site-packages/airflow/example_dags/example_bash_operator.py
[2023-12-06T00:55:20.037+0000] {processor.py:839} INFO - DAG(s) dict_keys(['example_bash_operator']) retrieved from /home/airflow/.local/lib/python3.8/site-packages/airflow/example_dags/example_bash_operator.py
[2023-12-06T00:55:20.053+0000] {logging_mixin.py:151} INFO - [2023-12-06T00:55:20.053+0000] {dag.py:2915} INFO - Sync 1 DAGs
[2023-12-06T00:55:20.066+0000] {logging_mixin.py:151} INFO - [2023-12-06T00:55:20.066+0000] {dag.py:3696} INFO - Setting next_dagrun for example_bash_operator to 2023-12-05T00:00:00+00:00, run_after=2023-12-06T00:00:00+00:00
[2023-12-06T00:55:20.077+0000] {processor.py:179} INFO - Processing /home/airflow/.local/lib/python3.8/site-packages/airflow/example_dags/example_bash_operator.py took 0.052 seconds
[2023-12-06T01:50:26.349+0000] {processor.py:157} INFO - Started process (PID=60505) to work on /home/airflow/.local/lib/python3.8/site-packages/airflow/example_dags/example_bash_operator.py
[2023-12-06T01:50:26.351+0000] {processor.py:829} INFO - Processing file /home/airflow/.local/lib/python3.8/site-packages/airflow/example_dags/example_bash_operator.py for tasks to queue
[2023-12-06T01:50:26.352+0000] {logging_mixin.py:151} INFO - [2023-12-06T01:50:26.352+0000] {dagbag.py:539} INFO - Filling up the DagBag from /home/airflow/.local/lib/python3.8/site-packages/airflow/example_dags/example_bash_operator.py
[2023-12-06T01:50:26.360+0000] {processor.py:839} INFO - DAG(s) dict_keys(['example_bash_operator']) retrieved from /home/airflow/.local/lib/python3.8/site-packages/airflow/example_dags/example_bash_operator.py
[2023-12-06T01:50:26.384+0000] {logging_mixin.py:151} INFO - [2023-12-06T01:50:26.384+0000] {dag.py:2915} INFO - Sync 1 DAGs
[2023-12-06T01:50:26.402+0000] {logging_mixin.py:151} INFO - [2023-12-06T01:50:26.402+0000] {dag.py:3696} INFO - Setting next_dagrun for example_bash_operator to 2023-12-05T00:00:00+00:00, run_after=2023-12-06T00:00:00+00:00
[2023-12-06T01:50:26.417+0000] {processor.py:179} INFO - Processing /home/airflow/.local/lib/python3.8/site-packages/airflow/example_dags/example_bash_operator.py took 0.070 seconds
[2023-12-06T02:57:28.196+0000] {processor.py:157} INFO - Started process (PID=60559) to work on /home/airflow/.local/lib/python3.8/site-packages/airflow/example_dags/example_bash_operator.py
[2023-12-06T02:57:28.197+0000] {processor.py:829} INFO - Processing file /home/airflow/.local/lib/python3.8/site-packages/airflow/example_dags/example_bash_operator.py for tasks to queue
[2023-12-06T02:57:28.199+0000] {logging_mixin.py:151} INFO - [2023-12-06T02:57:28.198+0000] {dagbag.py:539} INFO - Filling up the DagBag from /home/airflow/.local/lib/python3.8/site-packages/airflow/example_dags/example_bash_operator.py
[2023-12-06T02:57:28.205+0000] {processor.py:839} INFO - DAG(s) dict_keys(['example_bash_operator']) retrieved from /home/airflow/.local/lib/python3.8/site-packages/airflow/example_dags/example_bash_operator.py
[2023-12-06T02:57:28.220+0000] {logging_mixin.py:151} INFO - [2023-12-06T02:57:28.220+0000] {dag.py:2915} INFO - Sync 1 DAGs
[2023-12-06T02:57:28.234+0000] {logging_mixin.py:151} INFO - [2023-12-06T02:57:28.234+0000] {dag.py:3696} INFO - Setting next_dagrun for example_bash_operator to 2023-12-05T00:00:00+00:00, run_after=2023-12-06T00:00:00+00:00
[2023-12-06T02:57:28.243+0000] {processor.py:179} INFO - Processing /home/airflow/.local/lib/python3.8/site-packages/airflow/example_dags/example_bash_operator.py took 0.049 seconds
[2023-12-06T04:35:51.698+0000] {processor.py:157} INFO - Started process (PID=60614) to work on /home/airflow/.local/lib/python3.8/site-packages/airflow/example_dags/example_bash_operator.py
[2023-12-06T04:35:51.699+0000] {processor.py:829} INFO - Processing file /home/airflow/.local/lib/python3.8/site-packages/airflow/example_dags/example_bash_operator.py for tasks to queue
[2023-12-06T04:35:51.701+0000] {logging_mixin.py:151} INFO - [2023-12-06T04:35:51.700+0000] {dagbag.py:539} INFO - Filling up the DagBag from /home/airflow/.local/lib/python3.8/site-packages/airflow/example_dags/example_bash_operator.py
[2023-12-06T04:35:51.707+0000] {processor.py:839} INFO - DAG(s) dict_keys(['example_bash_operator']) retrieved from /home/airflow/.local/lib/python3.8/site-packages/airflow/example_dags/example_bash_operator.py
[2023-12-06T04:35:51.724+0000] {logging_mixin.py:151} INFO - [2023-12-06T04:35:51.723+0000] {dag.py:2915} INFO - Sync 1 DAGs
[2023-12-06T04:35:51.737+0000] {logging_mixin.py:151} INFO - [2023-12-06T04:35:51.736+0000] {dag.py:3696} INFO - Setting next_dagrun for example_bash_operator to 2023-12-05T00:00:00+00:00, run_after=2023-12-06T00:00:00+00:00
[2023-12-06T04:35:51.746+0000] {processor.py:179} INFO - Processing /home/airflow/.local/lib/python3.8/site-packages/airflow/example_dags/example_bash_operator.py took 0.051 seconds
[2023-12-06T05:55:09.556+0000] {processor.py:157} INFO - Started process (PID=60668) to work on /home/airflow/.local/lib/python3.8/site-packages/airflow/example_dags/example_bash_operator.py
[2023-12-06T05:55:09.557+0000] {processor.py:829} INFO - Processing file /home/airflow/.local/lib/python3.8/site-packages/airflow/example_dags/example_bash_operator.py for tasks to queue
[2023-12-06T05:55:09.559+0000] {logging_mixin.py:151} INFO - [2023-12-06T05:55:09.559+0000] {dagbag.py:539} INFO - Filling up the DagBag from /home/airflow/.local/lib/python3.8/site-packages/airflow/example_dags/example_bash_operator.py
[2023-12-06T05:55:09.568+0000] {processor.py:839} INFO - DAG(s) dict_keys(['example_bash_operator']) retrieved from /home/airflow/.local/lib/python3.8/site-packages/airflow/example_dags/example_bash_operator.py
[2023-12-06T05:55:09.587+0000] {logging_mixin.py:151} INFO - [2023-12-06T05:55:09.587+0000] {dag.py:2915} INFO - Sync 1 DAGs
[2023-12-06T05:55:09.605+0000] {logging_mixin.py:151} INFO - [2023-12-06T05:55:09.605+0000] {dag.py:3696} INFO - Setting next_dagrun for example_bash_operator to 2023-12-05T00:00:00+00:00, run_after=2023-12-06T00:00:00+00:00
[2023-12-06T05:55:09.615+0000] {processor.py:179} INFO - Processing /home/airflow/.local/lib/python3.8/site-packages/airflow/example_dags/example_bash_operator.py took 0.062 seconds
[2023-12-06T07:00:32.625+0000] {processor.py:157} INFO - Started process (PID=60722) to work on /home/airflow/.local/lib/python3.8/site-packages/airflow/example_dags/example_bash_operator.py
[2023-12-06T07:00:32.626+0000] {processor.py:829} INFO - Processing file /home/airflow/.local/lib/python3.8/site-packages/airflow/example_dags/example_bash_operator.py for tasks to queue
[2023-12-06T07:00:32.629+0000] {logging_mixin.py:151} INFO - [2023-12-06T07:00:32.629+0000] {dagbag.py:539} INFO - Filling up the DagBag from /home/airflow/.local/lib/python3.8/site-packages/airflow/example_dags/example_bash_operator.py
[2023-12-06T07:00:32.647+0000] {processor.py:839} INFO - DAG(s) dict_keys(['example_bash_operator']) retrieved from /home/airflow/.local/lib/python3.8/site-packages/airflow/example_dags/example_bash_operator.py
[2023-12-06T07:00:32.673+0000] {logging_mixin.py:151} INFO - [2023-12-06T07:00:32.673+0000] {dag.py:2915} INFO - Sync 1 DAGs
[2023-12-06T07:00:32.698+0000] {logging_mixin.py:151} INFO - [2023-12-06T07:00:32.698+0000] {dag.py:3696} INFO - Setting next_dagrun for example_bash_operator to 2023-12-05T00:00:00+00:00, run_after=2023-12-06T00:00:00+00:00
[2023-12-06T07:00:32.716+0000] {processor.py:179} INFO - Processing /home/airflow/.local/lib/python3.8/site-packages/airflow/example_dags/example_bash_operator.py took 0.095 seconds
[2023-12-06T07:21:32.263+0000] {processor.py:157} INFO - Started process (PID=60776) to work on /home/airflow/.local/lib/python3.8/site-packages/airflow/example_dags/example_bash_operator.py
[2023-12-06T07:21:32.264+0000] {processor.py:829} INFO - Processing file /home/airflow/.local/lib/python3.8/site-packages/airflow/example_dags/example_bash_operator.py for tasks to queue
[2023-12-06T07:21:32.266+0000] {logging_mixin.py:151} INFO - [2023-12-06T07:21:32.265+0000] {dagbag.py:539} INFO - Filling up the DagBag from /home/airflow/.local/lib/python3.8/site-packages/airflow/example_dags/example_bash_operator.py
[2023-12-06T07:21:32.272+0000] {processor.py:839} INFO - DAG(s) dict_keys(['example_bash_operator']) retrieved from /home/airflow/.local/lib/python3.8/site-packages/airflow/example_dags/example_bash_operator.py
[2023-12-06T07:21:32.288+0000] {logging_mixin.py:151} INFO - [2023-12-06T07:21:32.288+0000] {dag.py:2915} INFO - Sync 1 DAGs
[2023-12-06T07:21:32.301+0000] {logging_mixin.py:151} INFO - [2023-12-06T07:21:32.301+0000] {dag.py:3696} INFO - Setting next_dagrun for example_bash_operator to 2023-12-05T00:00:00+00:00, run_after=2023-12-06T00:00:00+00:00
[2023-12-06T07:21:32.311+0000] {processor.py:179} INFO - Processing /home/airflow/.local/lib/python3.8/site-packages/airflow/example_dags/example_bash_operator.py took 0.051 seconds
[2023-12-06T08:10:33.220+0000] {processor.py:157} INFO - Started process (PID=60830) to work on /home/airflow/.local/lib/python3.8/site-packages/airflow/example_dags/example_bash_operator.py
[2023-12-06T08:10:33.222+0000] {processor.py:829} INFO - Processing file /home/airflow/.local/lib/python3.8/site-packages/airflow/example_dags/example_bash_operator.py for tasks to queue
[2023-12-06T08:10:33.223+0000] {logging_mixin.py:151} INFO - [2023-12-06T08:10:33.223+0000] {dagbag.py:539} INFO - Filling up the DagBag from /home/airflow/.local/lib/python3.8/site-packages/airflow/example_dags/example_bash_operator.py
[2023-12-06T08:10:33.230+0000] {processor.py:839} INFO - DAG(s) dict_keys(['example_bash_operator']) retrieved from /home/airflow/.local/lib/python3.8/site-packages/airflow/example_dags/example_bash_operator.py
[2023-12-06T08:10:33.246+0000] {logging_mixin.py:151} INFO - [2023-12-06T08:10:33.246+0000] {dag.py:2915} INFO - Sync 1 DAGs
[2023-12-06T08:10:33.260+0000] {logging_mixin.py:151} INFO - [2023-12-06T08:10:33.259+0000] {dag.py:3696} INFO - Setting next_dagrun for example_bash_operator to 2023-12-05T00:00:00+00:00, run_after=2023-12-06T00:00:00+00:00
[2023-12-06T08:10:33.268+0000] {processor.py:179} INFO - Processing /home/airflow/.local/lib/python3.8/site-packages/airflow/example_dags/example_bash_operator.py took 0.050 seconds
[2023-12-06T09:17:52.060+0000] {processor.py:157} INFO - Started process (PID=60884) to work on /home/airflow/.local/lib/python3.8/site-packages/airflow/example_dags/example_bash_operator.py
[2023-12-06T09:17:52.061+0000] {processor.py:829} INFO - Processing file /home/airflow/.local/lib/python3.8/site-packages/airflow/example_dags/example_bash_operator.py for tasks to queue
[2023-12-06T09:17:52.062+0000] {logging_mixin.py:151} INFO - [2023-12-06T09:17:52.062+0000] {dagbag.py:539} INFO - Filling up the DagBag from /home/airflow/.local/lib/python3.8/site-packages/airflow/example_dags/example_bash_operator.py
[2023-12-06T09:17:52.069+0000] {processor.py:839} INFO - DAG(s) dict_keys(['example_bash_operator']) retrieved from /home/airflow/.local/lib/python3.8/site-packages/airflow/example_dags/example_bash_operator.py
[2023-12-06T09:17:52.086+0000] {logging_mixin.py:151} INFO - [2023-12-06T09:17:52.086+0000] {dag.py:2915} INFO - Sync 1 DAGs
[2023-12-06T09:17:52.099+0000] {logging_mixin.py:151} INFO - [2023-12-06T09:17:52.098+0000] {dag.py:3696} INFO - Setting next_dagrun for example_bash_operator to 2023-12-05T00:00:00+00:00, run_after=2023-12-06T00:00:00+00:00
[2023-12-06T09:17:52.109+0000] {processor.py:179} INFO - Processing /home/airflow/.local/lib/python3.8/site-packages/airflow/example_dags/example_bash_operator.py took 0.051 seconds
[2023-12-06T09:20:56.047+0000] {processor.py:157} INFO - Started process (PID=60938) to work on /home/airflow/.local/lib/python3.8/site-packages/airflow/example_dags/example_bash_operator.py
[2023-12-06T09:20:56.048+0000] {processor.py:829} INFO - Processing file /home/airflow/.local/lib/python3.8/site-packages/airflow/example_dags/example_bash_operator.py for tasks to queue
[2023-12-06T09:20:56.049+0000] {logging_mixin.py:151} INFO - [2023-12-06T09:20:56.049+0000] {dagbag.py:539} INFO - Filling up the DagBag from /home/airflow/.local/lib/python3.8/site-packages/airflow/example_dags/example_bash_operator.py
[2023-12-06T09:20:56.056+0000] {processor.py:839} INFO - DAG(s) dict_keys(['example_bash_operator']) retrieved from /home/airflow/.local/lib/python3.8/site-packages/airflow/example_dags/example_bash_operator.py
[2023-12-06T09:20:56.072+0000] {logging_mixin.py:151} INFO - [2023-12-06T09:20:56.072+0000] {dag.py:2915} INFO - Sync 1 DAGs
[2023-12-06T09:20:56.086+0000] {logging_mixin.py:151} INFO - [2023-12-06T09:20:56.086+0000] {dag.py:3696} INFO - Setting next_dagrun for example_bash_operator to 2023-12-05T00:00:00+00:00, run_after=2023-12-06T00:00:00+00:00
[2023-12-06T09:20:56.096+0000] {processor.py:179} INFO - Processing /home/airflow/.local/lib/python3.8/site-packages/airflow/example_dags/example_bash_operator.py took 0.051 seconds
[2023-12-06T09:34:34.856+0000] {processor.py:157} INFO - Started process (PID=60992) to work on /home/airflow/.local/lib/python3.8/site-packages/airflow/example_dags/example_bash_operator.py
[2023-12-06T09:34:34.857+0000] {processor.py:829} INFO - Processing file /home/airflow/.local/lib/python3.8/site-packages/airflow/example_dags/example_bash_operator.py for tasks to queue
[2023-12-06T09:34:34.859+0000] {logging_mixin.py:151} INFO - [2023-12-06T09:34:34.859+0000] {dagbag.py:539} INFO - Filling up the DagBag from /home/airflow/.local/lib/python3.8/site-packages/airflow/example_dags/example_bash_operator.py
[2023-12-06T09:34:34.867+0000] {processor.py:839} INFO - DAG(s) dict_keys(['example_bash_operator']) retrieved from /home/airflow/.local/lib/python3.8/site-packages/airflow/example_dags/example_bash_operator.py
[2023-12-06T09:34:34.887+0000] {logging_mixin.py:151} INFO - [2023-12-06T09:34:34.887+0000] {dag.py:2915} INFO - Sync 1 DAGs
[2023-12-06T09:34:34.913+0000] {logging_mixin.py:151} INFO - [2023-12-06T09:34:34.912+0000] {dag.py:3696} INFO - Setting next_dagrun for example_bash_operator to 2023-12-05T00:00:00+00:00, run_after=2023-12-06T00:00:00+00:00
[2023-12-06T09:34:34.926+0000] {processor.py:179} INFO - Processing /home/airflow/.local/lib/python3.8/site-packages/airflow/example_dags/example_bash_operator.py took 0.074 seconds
[2023-12-06T10:41:50.350+0000] {processor.py:157} INFO - Started process (PID=61046) to work on /home/airflow/.local/lib/python3.8/site-packages/airflow/example_dags/example_bash_operator.py
[2023-12-06T10:41:50.351+0000] {processor.py:829} INFO - Processing file /home/airflow/.local/lib/python3.8/site-packages/airflow/example_dags/example_bash_operator.py for tasks to queue
[2023-12-06T10:41:50.353+0000] {logging_mixin.py:151} INFO - [2023-12-06T10:41:50.353+0000] {dagbag.py:539} INFO - Filling up the DagBag from /home/airflow/.local/lib/python3.8/site-packages/airflow/example_dags/example_bash_operator.py
[2023-12-06T10:41:50.360+0000] {processor.py:839} INFO - DAG(s) dict_keys(['example_bash_operator']) retrieved from /home/airflow/.local/lib/python3.8/site-packages/airflow/example_dags/example_bash_operator.py
[2023-12-06T10:41:50.381+0000] {logging_mixin.py:151} INFO - [2023-12-06T10:41:50.381+0000] {dag.py:2915} INFO - Sync 1 DAGs
[2023-12-06T10:41:50.400+0000] {logging_mixin.py:151} INFO - [2023-12-06T10:41:50.399+0000] {dag.py:3696} INFO - Setting next_dagrun for example_bash_operator to 2023-12-05T00:00:00+00:00, run_after=2023-12-06T00:00:00+00:00
[2023-12-06T10:41:50.412+0000] {processor.py:179} INFO - Processing /home/airflow/.local/lib/python3.8/site-packages/airflow/example_dags/example_bash_operator.py took 0.065 seconds
[2023-12-06T11:14:07.941+0000] {processor.py:157} INFO - Started process (PID=61100) to work on /home/airflow/.local/lib/python3.8/site-packages/airflow/example_dags/example_bash_operator.py
[2023-12-06T11:14:07.942+0000] {processor.py:829} INFO - Processing file /home/airflow/.local/lib/python3.8/site-packages/airflow/example_dags/example_bash_operator.py for tasks to queue
[2023-12-06T11:14:07.944+0000] {logging_mixin.py:151} INFO - [2023-12-06T11:14:07.943+0000] {dagbag.py:539} INFO - Filling up the DagBag from /home/airflow/.local/lib/python3.8/site-packages/airflow/example_dags/example_bash_operator.py
[2023-12-06T11:14:07.951+0000] {processor.py:839} INFO - DAG(s) dict_keys(['example_bash_operator']) retrieved from /home/airflow/.local/lib/python3.8/site-packages/airflow/example_dags/example_bash_operator.py
[2023-12-06T11:14:07.969+0000] {logging_mixin.py:151} INFO - [2023-12-06T11:14:07.969+0000] {dag.py:2915} INFO - Sync 1 DAGs
[2023-12-06T11:14:07.988+0000] {logging_mixin.py:151} INFO - [2023-12-06T11:14:07.988+0000] {dag.py:3696} INFO - Setting next_dagrun for example_bash_operator to 2023-12-05T00:00:00+00:00, run_after=2023-12-06T00:00:00+00:00
[2023-12-06T11:14:07.998+0000] {processor.py:179} INFO - Processing /home/airflow/.local/lib/python3.8/site-packages/airflow/example_dags/example_bash_operator.py took 0.061 seconds
[2023-12-06T11:26:16.290+0000] {processor.py:157} INFO - Started process (PID=61154) to work on /home/airflow/.local/lib/python3.8/site-packages/airflow/example_dags/example_bash_operator.py
[2023-12-06T11:26:16.292+0000] {processor.py:829} INFO - Processing file /home/airflow/.local/lib/python3.8/site-packages/airflow/example_dags/example_bash_operator.py for tasks to queue
[2023-12-06T11:26:16.294+0000] {logging_mixin.py:151} INFO - [2023-12-06T11:26:16.294+0000] {dagbag.py:539} INFO - Filling up the DagBag from /home/airflow/.local/lib/python3.8/site-packages/airflow/example_dags/example_bash_operator.py
[2023-12-06T11:26:16.309+0000] {processor.py:839} INFO - DAG(s) dict_keys(['example_bash_operator']) retrieved from /home/airflow/.local/lib/python3.8/site-packages/airflow/example_dags/example_bash_operator.py
[2023-12-06T11:26:16.347+0000] {logging_mixin.py:151} INFO - [2023-12-06T11:26:16.347+0000] {dag.py:2915} INFO - Sync 1 DAGs
[2023-12-06T11:26:16.365+0000] {logging_mixin.py:151} INFO - [2023-12-06T11:26:16.365+0000] {dag.py:3696} INFO - Setting next_dagrun for example_bash_operator to 2023-12-05T00:00:00+00:00, run_after=2023-12-06T00:00:00+00:00
[2023-12-06T11:26:16.376+0000] {processor.py:179} INFO - Processing /home/airflow/.local/lib/python3.8/site-packages/airflow/example_dags/example_bash_operator.py took 0.093 seconds
[2023-12-06T12:27:11.577+0000] {processor.py:157} INFO - Started process (PID=61208) to work on /home/airflow/.local/lib/python3.8/site-packages/airflow/example_dags/example_bash_operator.py
[2023-12-06T12:27:11.578+0000] {processor.py:829} INFO - Processing file /home/airflow/.local/lib/python3.8/site-packages/airflow/example_dags/example_bash_operator.py for tasks to queue
[2023-12-06T12:27:11.579+0000] {logging_mixin.py:151} INFO - [2023-12-06T12:27:11.579+0000] {dagbag.py:539} INFO - Filling up the DagBag from /home/airflow/.local/lib/python3.8/site-packages/airflow/example_dags/example_bash_operator.py
[2023-12-06T12:27:11.590+0000] {processor.py:839} INFO - DAG(s) dict_keys(['example_bash_operator']) retrieved from /home/airflow/.local/lib/python3.8/site-packages/airflow/example_dags/example_bash_operator.py
[2023-12-06T12:27:11.612+0000] {logging_mixin.py:151} INFO - [2023-12-06T12:27:11.612+0000] {dag.py:2915} INFO - Sync 1 DAGs
[2023-12-06T12:27:11.626+0000] {logging_mixin.py:151} INFO - [2023-12-06T12:27:11.626+0000] {dag.py:3696} INFO - Setting next_dagrun for example_bash_operator to 2023-12-05T00:00:00+00:00, run_after=2023-12-06T00:00:00+00:00
[2023-12-06T12:27:11.637+0000] {processor.py:179} INFO - Processing /home/airflow/.local/lib/python3.8/site-packages/airflow/example_dags/example_bash_operator.py took 0.062 seconds
[2023-12-06T12:35:57.514+0000] {processor.py:157} INFO - Started process (PID=61262) to work on /home/airflow/.local/lib/python3.8/site-packages/airflow/example_dags/example_bash_operator.py
[2023-12-06T12:35:57.515+0000] {processor.py:829} INFO - Processing file /home/airflow/.local/lib/python3.8/site-packages/airflow/example_dags/example_bash_operator.py for tasks to queue
[2023-12-06T12:35:57.516+0000] {logging_mixin.py:151} INFO - [2023-12-06T12:35:57.516+0000] {dagbag.py:539} INFO - Filling up the DagBag from /home/airflow/.local/lib/python3.8/site-packages/airflow/example_dags/example_bash_operator.py
[2023-12-06T12:35:57.524+0000] {processor.py:839} INFO - DAG(s) dict_keys(['example_bash_operator']) retrieved from /home/airflow/.local/lib/python3.8/site-packages/airflow/example_dags/example_bash_operator.py
[2023-12-06T12:35:57.543+0000] {logging_mixin.py:151} INFO - [2023-12-06T12:35:57.542+0000] {dag.py:2915} INFO - Sync 1 DAGs
[2023-12-06T12:35:57.556+0000] {logging_mixin.py:151} INFO - [2023-12-06T12:35:57.556+0000] {dag.py:3696} INFO - Setting next_dagrun for example_bash_operator to 2023-12-05T00:00:00+00:00, run_after=2023-12-06T00:00:00+00:00
[2023-12-06T12:35:57.565+0000] {processor.py:179} INFO - Processing /home/airflow/.local/lib/python3.8/site-packages/airflow/example_dags/example_bash_operator.py took 0.054 seconds
[2023-12-06T12:40:03.691+0000] {processor.py:157} INFO - Started process (PID=61315) to work on /home/airflow/.local/lib/python3.8/site-packages/airflow/example_dags/example_bash_operator.py
[2023-12-06T12:40:03.780+0000] {processor.py:829} INFO - Processing file /home/airflow/.local/lib/python3.8/site-packages/airflow/example_dags/example_bash_operator.py for tasks to queue
[2023-12-06T12:40:03.849+0000] {logging_mixin.py:151} INFO - [2023-12-06T12:40:03.849+0000] {dagbag.py:539} INFO - Filling up the DagBag from /home/airflow/.local/lib/python3.8/site-packages/airflow/example_dags/example_bash_operator.py
[2023-12-06T12:40:03.867+0000] {processor.py:839} INFO - DAG(s) dict_keys(['example_bash_operator']) retrieved from /home/airflow/.local/lib/python3.8/site-packages/airflow/example_dags/example_bash_operator.py
[2023-12-06T12:40:03.977+0000] {logging_mixin.py:151} INFO - [2023-12-06T12:40:03.977+0000] {dag.py:2915} INFO - Sync 1 DAGs
[2023-12-06T12:40:04.005+0000] {logging_mixin.py:151} INFO - [2023-12-06T12:40:04.005+0000] {dag.py:3696} INFO - Setting next_dagrun for example_bash_operator to 2023-12-05T00:00:00+00:00, run_after=2023-12-06T00:00:00+00:00
[2023-12-06T12:40:04.026+0000] {processor.py:179} INFO - Processing /home/airflow/.local/lib/python3.8/site-packages/airflow/example_dags/example_bash_operator.py took 0.340 seconds
[2023-12-06T12:40:36.673+0000] {processor.py:157} INFO - Started process (PID=61369) to work on /home/airflow/.local/lib/python3.8/site-packages/airflow/example_dags/example_bash_operator.py
[2023-12-06T12:40:36.674+0000] {processor.py:829} INFO - Processing file /home/airflow/.local/lib/python3.8/site-packages/airflow/example_dags/example_bash_operator.py for tasks to queue
[2023-12-06T12:40:36.675+0000] {logging_mixin.py:151} INFO - [2023-12-06T12:40:36.675+0000] {dagbag.py:539} INFO - Filling up the DagBag from /home/airflow/.local/lib/python3.8/site-packages/airflow/example_dags/example_bash_operator.py
[2023-12-06T12:40:36.682+0000] {processor.py:839} INFO - DAG(s) dict_keys(['example_bash_operator']) retrieved from /home/airflow/.local/lib/python3.8/site-packages/airflow/example_dags/example_bash_operator.py
[2023-12-06T12:40:36.698+0000] {logging_mixin.py:151} INFO - [2023-12-06T12:40:36.698+0000] {dag.py:2915} INFO - Sync 1 DAGs
[2023-12-06T12:40:36.710+0000] {logging_mixin.py:151} INFO - [2023-12-06T12:40:36.710+0000] {dag.py:3696} INFO - Setting next_dagrun for example_bash_operator to 2023-12-05T00:00:00+00:00, run_after=2023-12-06T00:00:00+00:00
[2023-12-06T12:40:36.719+0000] {processor.py:179} INFO - Processing /home/airflow/.local/lib/python3.8/site-packages/airflow/example_dags/example_bash_operator.py took 0.048 seconds
[2023-12-06T12:43:31.108+0000] {processor.py:157} INFO - Started process (PID=61423) to work on /home/airflow/.local/lib/python3.8/site-packages/airflow/example_dags/example_bash_operator.py
[2023-12-06T12:43:31.109+0000] {processor.py:829} INFO - Processing file /home/airflow/.local/lib/python3.8/site-packages/airflow/example_dags/example_bash_operator.py for tasks to queue
[2023-12-06T12:43:31.110+0000] {logging_mixin.py:151} INFO - [2023-12-06T12:43:31.110+0000] {dagbag.py:539} INFO - Filling up the DagBag from /home/airflow/.local/lib/python3.8/site-packages/airflow/example_dags/example_bash_operator.py
[2023-12-06T12:43:31.117+0000] {processor.py:839} INFO - DAG(s) dict_keys(['example_bash_operator']) retrieved from /home/airflow/.local/lib/python3.8/site-packages/airflow/example_dags/example_bash_operator.py
[2023-12-06T12:43:31.133+0000] {logging_mixin.py:151} INFO - [2023-12-06T12:43:31.133+0000] {dag.py:2915} INFO - Sync 1 DAGs
[2023-12-06T12:43:31.145+0000] {logging_mixin.py:151} INFO - [2023-12-06T12:43:31.145+0000] {dag.py:3696} INFO - Setting next_dagrun for example_bash_operator to 2023-12-05T00:00:00+00:00, run_after=2023-12-06T00:00:00+00:00
[2023-12-06T12:43:31.153+0000] {processor.py:179} INFO - Processing /home/airflow/.local/lib/python3.8/site-packages/airflow/example_dags/example_bash_operator.py took 0.048 seconds
[2023-12-06T13:11:34.512+0000] {processor.py:157} INFO - Started process (PID=61477) to work on /home/airflow/.local/lib/python3.8/site-packages/airflow/example_dags/example_bash_operator.py
[2023-12-06T13:11:34.513+0000] {processor.py:829} INFO - Processing file /home/airflow/.local/lib/python3.8/site-packages/airflow/example_dags/example_bash_operator.py for tasks to queue
[2023-12-06T13:11:34.514+0000] {logging_mixin.py:151} INFO - [2023-12-06T13:11:34.514+0000] {dagbag.py:539} INFO - Filling up the DagBag from /home/airflow/.local/lib/python3.8/site-packages/airflow/example_dags/example_bash_operator.py
[2023-12-06T13:11:34.521+0000] {processor.py:839} INFO - DAG(s) dict_keys(['example_bash_operator']) retrieved from /home/airflow/.local/lib/python3.8/site-packages/airflow/example_dags/example_bash_operator.py
[2023-12-06T13:11:34.540+0000] {logging_mixin.py:151} INFO - [2023-12-06T13:11:34.539+0000] {dag.py:2915} INFO - Sync 1 DAGs
[2023-12-06T13:11:34.555+0000] {logging_mixin.py:151} INFO - [2023-12-06T13:11:34.555+0000] {dag.py:3696} INFO - Setting next_dagrun for example_bash_operator to 2023-12-05T00:00:00+00:00, run_after=2023-12-06T00:00:00+00:00
[2023-12-06T13:11:34.569+0000] {processor.py:179} INFO - Processing /home/airflow/.local/lib/python3.8/site-packages/airflow/example_dags/example_bash_operator.py took 0.059 seconds
[2023-12-06T13:44:33.778+0000] {processor.py:157} INFO - Started process (PID=61531) to work on /home/airflow/.local/lib/python3.8/site-packages/airflow/example_dags/example_bash_operator.py
[2023-12-06T13:44:33.779+0000] {processor.py:829} INFO - Processing file /home/airflow/.local/lib/python3.8/site-packages/airflow/example_dags/example_bash_operator.py for tasks to queue
[2023-12-06T13:44:33.780+0000] {logging_mixin.py:151} INFO - [2023-12-06T13:44:33.780+0000] {dagbag.py:539} INFO - Filling up the DagBag from /home/airflow/.local/lib/python3.8/site-packages/airflow/example_dags/example_bash_operator.py
[2023-12-06T13:44:33.786+0000] {processor.py:839} INFO - DAG(s) dict_keys(['example_bash_operator']) retrieved from /home/airflow/.local/lib/python3.8/site-packages/airflow/example_dags/example_bash_operator.py
[2023-12-06T13:44:33.803+0000] {logging_mixin.py:151} INFO - [2023-12-06T13:44:33.803+0000] {dag.py:2915} INFO - Sync 1 DAGs
[2023-12-06T13:44:33.815+0000] {logging_mixin.py:151} INFO - [2023-12-06T13:44:33.815+0000] {dag.py:3696} INFO - Setting next_dagrun for example_bash_operator to 2023-12-05T00:00:00+00:00, run_after=2023-12-06T00:00:00+00:00
[2023-12-06T13:44:33.825+0000] {processor.py:179} INFO - Processing /home/airflow/.local/lib/python3.8/site-packages/airflow/example_dags/example_bash_operator.py took 0.049 seconds
[2023-12-06T14:08:22.355+0000] {processor.py:157} INFO - Started process (PID=61585) to work on /home/airflow/.local/lib/python3.8/site-packages/airflow/example_dags/example_bash_operator.py
[2023-12-06T14:08:22.356+0000] {processor.py:829} INFO - Processing file /home/airflow/.local/lib/python3.8/site-packages/airflow/example_dags/example_bash_operator.py for tasks to queue
[2023-12-06T14:08:22.357+0000] {logging_mixin.py:151} INFO - [2023-12-06T14:08:22.357+0000] {dagbag.py:539} INFO - Filling up the DagBag from /home/airflow/.local/lib/python3.8/site-packages/airflow/example_dags/example_bash_operator.py
[2023-12-06T14:08:22.364+0000] {processor.py:839} INFO - DAG(s) dict_keys(['example_bash_operator']) retrieved from /home/airflow/.local/lib/python3.8/site-packages/airflow/example_dags/example_bash_operator.py
[2023-12-06T14:08:22.380+0000] {logging_mixin.py:151} INFO - [2023-12-06T14:08:22.380+0000] {dag.py:2915} INFO - Sync 1 DAGs
[2023-12-06T14:08:22.397+0000] {logging_mixin.py:151} INFO - [2023-12-06T14:08:22.397+0000] {dag.py:3696} INFO - Setting next_dagrun for example_bash_operator to 2023-12-05T00:00:00+00:00, run_after=2023-12-06T00:00:00+00:00
[2023-12-06T14:08:22.407+0000] {processor.py:179} INFO - Processing /home/airflow/.local/lib/python3.8/site-packages/airflow/example_dags/example_bash_operator.py took 0.055 seconds
[2023-12-06T14:24:41.134+0000] {processor.py:157} INFO - Started process (PID=61646) to work on /home/airflow/.local/lib/python3.8/site-packages/airflow/example_dags/example_bash_operator.py
[2023-12-06T14:24:41.136+0000] {processor.py:829} INFO - Processing file /home/airflow/.local/lib/python3.8/site-packages/airflow/example_dags/example_bash_operator.py for tasks to queue
[2023-12-06T14:24:41.139+0000] {logging_mixin.py:151} INFO - [2023-12-06T14:24:41.138+0000] {dagbag.py:539} INFO - Filling up the DagBag from /home/airflow/.local/lib/python3.8/site-packages/airflow/example_dags/example_bash_operator.py
[2023-12-06T14:24:41.148+0000] {processor.py:839} INFO - DAG(s) dict_keys(['example_bash_operator']) retrieved from /home/airflow/.local/lib/python3.8/site-packages/airflow/example_dags/example_bash_operator.py
[2023-12-06T14:24:41.167+0000] {logging_mixin.py:151} INFO - [2023-12-06T14:24:41.167+0000] {dag.py:2915} INFO - Sync 1 DAGs
[2023-12-06T14:24:41.182+0000] {logging_mixin.py:151} INFO - [2023-12-06T14:24:41.182+0000] {dag.py:3696} INFO - Setting next_dagrun for example_bash_operator to 2023-12-05T00:00:00+00:00, run_after=2023-12-06T00:00:00+00:00
[2023-12-06T14:24:41.200+0000] {processor.py:179} INFO - Processing /home/airflow/.local/lib/python3.8/site-packages/airflow/example_dags/example_bash_operator.py took 0.069 seconds
[2023-12-06T14:25:11.770+0000] {processor.py:157} INFO - Started process (PID=61700) to work on /home/airflow/.local/lib/python3.8/site-packages/airflow/example_dags/example_bash_operator.py
[2023-12-06T14:25:11.771+0000] {processor.py:829} INFO - Processing file /home/airflow/.local/lib/python3.8/site-packages/airflow/example_dags/example_bash_operator.py for tasks to queue
[2023-12-06T14:25:11.772+0000] {logging_mixin.py:151} INFO - [2023-12-06T14:25:11.772+0000] {dagbag.py:539} INFO - Filling up the DagBag from /home/airflow/.local/lib/python3.8/site-packages/airflow/example_dags/example_bash_operator.py
[2023-12-06T14:25:11.780+0000] {processor.py:839} INFO - DAG(s) dict_keys(['example_bash_operator']) retrieved from /home/airflow/.local/lib/python3.8/site-packages/airflow/example_dags/example_bash_operator.py
[2023-12-06T14:25:11.799+0000] {logging_mixin.py:151} INFO - [2023-12-06T14:25:11.798+0000] {dag.py:2915} INFO - Sync 1 DAGs
[2023-12-06T14:25:11.818+0000] {logging_mixin.py:151} INFO - [2023-12-06T14:25:11.818+0000] {dag.py:3696} INFO - Setting next_dagrun for example_bash_operator to 2023-12-05T00:00:00+00:00, run_after=2023-12-06T00:00:00+00:00
[2023-12-06T14:25:11.830+0000] {processor.py:179} INFO - Processing /home/airflow/.local/lib/python3.8/site-packages/airflow/example_dags/example_bash_operator.py took 0.063 seconds
[2023-12-06T14:25:42.953+0000] {processor.py:157} INFO - Started process (PID=61754) to work on /home/airflow/.local/lib/python3.8/site-packages/airflow/example_dags/example_bash_operator.py
[2023-12-06T14:25:42.954+0000] {processor.py:829} INFO - Processing file /home/airflow/.local/lib/python3.8/site-packages/airflow/example_dags/example_bash_operator.py for tasks to queue
[2023-12-06T14:25:42.955+0000] {logging_mixin.py:151} INFO - [2023-12-06T14:25:42.955+0000] {dagbag.py:539} INFO - Filling up the DagBag from /home/airflow/.local/lib/python3.8/site-packages/airflow/example_dags/example_bash_operator.py
[2023-12-06T14:25:42.962+0000] {processor.py:839} INFO - DAG(s) dict_keys(['example_bash_operator']) retrieved from /home/airflow/.local/lib/python3.8/site-packages/airflow/example_dags/example_bash_operator.py
[2023-12-06T14:25:42.979+0000] {logging_mixin.py:151} INFO - [2023-12-06T14:25:42.979+0000] {dag.py:2915} INFO - Sync 1 DAGs
[2023-12-06T14:25:42.991+0000] {logging_mixin.py:151} INFO - [2023-12-06T14:25:42.991+0000] {dag.py:3696} INFO - Setting next_dagrun for example_bash_operator to 2023-12-05T00:00:00+00:00, run_after=2023-12-06T00:00:00+00:00
[2023-12-06T14:25:43.002+0000] {processor.py:179} INFO - Processing /home/airflow/.local/lib/python3.8/site-packages/airflow/example_dags/example_bash_operator.py took 0.051 seconds
[2023-12-06T14:26:14.318+0000] {processor.py:157} INFO - Started process (PID=61808) to work on /home/airflow/.local/lib/python3.8/site-packages/airflow/example_dags/example_bash_operator.py
[2023-12-06T14:26:14.320+0000] {processor.py:829} INFO - Processing file /home/airflow/.local/lib/python3.8/site-packages/airflow/example_dags/example_bash_operator.py for tasks to queue
[2023-12-06T14:26:14.321+0000] {logging_mixin.py:151} INFO - [2023-12-06T14:26:14.321+0000] {dagbag.py:539} INFO - Filling up the DagBag from /home/airflow/.local/lib/python3.8/site-packages/airflow/example_dags/example_bash_operator.py
[2023-12-06T14:26:14.330+0000] {processor.py:839} INFO - DAG(s) dict_keys(['example_bash_operator']) retrieved from /home/airflow/.local/lib/python3.8/site-packages/airflow/example_dags/example_bash_operator.py
[2023-12-06T14:26:14.351+0000] {logging_mixin.py:151} INFO - [2023-12-06T14:26:14.351+0000] {dag.py:2915} INFO - Sync 1 DAGs
[2023-12-06T14:26:14.374+0000] {logging_mixin.py:151} INFO - [2023-12-06T14:26:14.373+0000] {dag.py:3696} INFO - Setting next_dagrun for example_bash_operator to 2023-12-05T00:00:00+00:00, run_after=2023-12-06T00:00:00+00:00
[2023-12-06T14:26:14.387+0000] {processor.py:179} INFO - Processing /home/airflow/.local/lib/python3.8/site-packages/airflow/example_dags/example_bash_operator.py took 0.072 seconds
[2023-12-06T14:26:44.411+0000] {processor.py:157} INFO - Started process (PID=61861) to work on /home/airflow/.local/lib/python3.8/site-packages/airflow/example_dags/example_bash_operator.py
[2023-12-06T14:26:44.412+0000] {processor.py:829} INFO - Processing file /home/airflow/.local/lib/python3.8/site-packages/airflow/example_dags/example_bash_operator.py for tasks to queue
[2023-12-06T14:26:44.414+0000] {logging_mixin.py:151} INFO - [2023-12-06T14:26:44.413+0000] {dagbag.py:539} INFO - Filling up the DagBag from /home/airflow/.local/lib/python3.8/site-packages/airflow/example_dags/example_bash_operator.py
[2023-12-06T14:26:44.420+0000] {processor.py:839} INFO - DAG(s) dict_keys(['example_bash_operator']) retrieved from /home/airflow/.local/lib/python3.8/site-packages/airflow/example_dags/example_bash_operator.py
[2023-12-06T14:26:44.435+0000] {logging_mixin.py:151} INFO - [2023-12-06T14:26:44.435+0000] {dag.py:2915} INFO - Sync 1 DAGs
[2023-12-06T14:26:44.541+0000] {logging_mixin.py:151} INFO - [2023-12-06T14:26:44.541+0000] {dag.py:3696} INFO - Setting next_dagrun for example_bash_operator to 2023-12-05T00:00:00+00:00, run_after=2023-12-06T00:00:00+00:00
[2023-12-06T14:26:44.550+0000] {processor.py:179} INFO - Processing /home/airflow/.local/lib/python3.8/site-packages/airflow/example_dags/example_bash_operator.py took 0.141 seconds
[2023-12-06T14:27:15.639+0000] {processor.py:157} INFO - Started process (PID=61916) to work on /home/airflow/.local/lib/python3.8/site-packages/airflow/example_dags/example_bash_operator.py
[2023-12-06T14:27:15.640+0000] {processor.py:829} INFO - Processing file /home/airflow/.local/lib/python3.8/site-packages/airflow/example_dags/example_bash_operator.py for tasks to queue
[2023-12-06T14:27:15.642+0000] {logging_mixin.py:151} INFO - [2023-12-06T14:27:15.642+0000] {dagbag.py:539} INFO - Filling up the DagBag from /home/airflow/.local/lib/python3.8/site-packages/airflow/example_dags/example_bash_operator.py
[2023-12-06T14:27:15.650+0000] {processor.py:839} INFO - DAG(s) dict_keys(['example_bash_operator']) retrieved from /home/airflow/.local/lib/python3.8/site-packages/airflow/example_dags/example_bash_operator.py
[2023-12-06T14:27:15.671+0000] {logging_mixin.py:151} INFO - [2023-12-06T14:27:15.671+0000] {dag.py:2915} INFO - Sync 1 DAGs
[2023-12-06T14:27:15.686+0000] {logging_mixin.py:151} INFO - [2023-12-06T14:27:15.686+0000] {dag.py:3696} INFO - Setting next_dagrun for example_bash_operator to 2023-12-05T00:00:00+00:00, run_after=2023-12-06T00:00:00+00:00
[2023-12-06T14:27:15.788+0000] {processor.py:179} INFO - Processing /home/airflow/.local/lib/python3.8/site-packages/airflow/example_dags/example_bash_operator.py took 0.151 seconds
[2023-12-06T14:27:46.610+0000] {processor.py:157} INFO - Started process (PID=61970) to work on /home/airflow/.local/lib/python3.8/site-packages/airflow/example_dags/example_bash_operator.py
[2023-12-06T14:27:46.612+0000] {processor.py:829} INFO - Processing file /home/airflow/.local/lib/python3.8/site-packages/airflow/example_dags/example_bash_operator.py for tasks to queue
[2023-12-06T14:27:46.613+0000] {logging_mixin.py:151} INFO - [2023-12-06T14:27:46.613+0000] {dagbag.py:539} INFO - Filling up the DagBag from /home/airflow/.local/lib/python3.8/site-packages/airflow/example_dags/example_bash_operator.py
[2023-12-06T14:27:46.619+0000] {processor.py:839} INFO - DAG(s) dict_keys(['example_bash_operator']) retrieved from /home/airflow/.local/lib/python3.8/site-packages/airflow/example_dags/example_bash_operator.py
[2023-12-06T14:27:46.643+0000] {logging_mixin.py:151} INFO - [2023-12-06T14:27:46.643+0000] {dag.py:2915} INFO - Sync 1 DAGs
[2023-12-06T14:27:46.658+0000] {logging_mixin.py:151} INFO - [2023-12-06T14:27:46.657+0000] {dag.py:3696} INFO - Setting next_dagrun for example_bash_operator to 2023-12-05T00:00:00+00:00, run_after=2023-12-06T00:00:00+00:00
[2023-12-06T14:27:46.667+0000] {processor.py:179} INFO - Processing /home/airflow/.local/lib/python3.8/site-packages/airflow/example_dags/example_bash_operator.py took 0.059 seconds
[2023-12-06T14:28:24.670+0000] {processor.py:157} INFO - Started process (PID=62024) to work on /home/airflow/.local/lib/python3.8/site-packages/airflow/example_dags/example_bash_operator.py
[2023-12-06T14:28:24.673+0000] {processor.py:829} INFO - Processing file /home/airflow/.local/lib/python3.8/site-packages/airflow/example_dags/example_bash_operator.py for tasks to queue
[2023-12-06T14:28:24.675+0000] {logging_mixin.py:151} INFO - [2023-12-06T14:28:24.675+0000] {dagbag.py:539} INFO - Filling up the DagBag from /home/airflow/.local/lib/python3.8/site-packages/airflow/example_dags/example_bash_operator.py
[2023-12-06T14:28:24.684+0000] {processor.py:839} INFO - DAG(s) dict_keys(['example_bash_operator']) retrieved from /home/airflow/.local/lib/python3.8/site-packages/airflow/example_dags/example_bash_operator.py
[2023-12-06T14:28:24.818+0000] {logging_mixin.py:151} INFO - [2023-12-06T14:28:24.818+0000] {dag.py:2915} INFO - Sync 1 DAGs
[2023-12-06T14:28:24.858+0000] {logging_mixin.py:151} INFO - [2023-12-06T14:28:24.857+0000] {dag.py:3696} INFO - Setting next_dagrun for example_bash_operator to 2023-12-05T00:00:00+00:00, run_after=2023-12-06T00:00:00+00:00
[2023-12-06T14:28:24.900+0000] {processor.py:179} INFO - Processing /home/airflow/.local/lib/python3.8/site-packages/airflow/example_dags/example_bash_operator.py took 0.234 seconds
[2023-12-06T14:28:55.356+0000] {processor.py:157} INFO - Started process (PID=62078) to work on /home/airflow/.local/lib/python3.8/site-packages/airflow/example_dags/example_bash_operator.py
[2023-12-06T14:28:55.358+0000] {processor.py:829} INFO - Processing file /home/airflow/.local/lib/python3.8/site-packages/airflow/example_dags/example_bash_operator.py for tasks to queue
[2023-12-06T14:28:55.361+0000] {logging_mixin.py:151} INFO - [2023-12-06T14:28:55.361+0000] {dagbag.py:539} INFO - Filling up the DagBag from /home/airflow/.local/lib/python3.8/site-packages/airflow/example_dags/example_bash_operator.py
[2023-12-06T14:28:55.372+0000] {processor.py:839} INFO - DAG(s) dict_keys(['example_bash_operator']) retrieved from /home/airflow/.local/lib/python3.8/site-packages/airflow/example_dags/example_bash_operator.py
[2023-12-06T14:28:55.396+0000] {logging_mixin.py:151} INFO - [2023-12-06T14:28:55.396+0000] {dag.py:2915} INFO - Sync 1 DAGs
[2023-12-06T14:28:55.518+0000] {logging_mixin.py:151} INFO - [2023-12-06T14:28:55.518+0000] {dag.py:3696} INFO - Setting next_dagrun for example_bash_operator to 2023-12-05T00:00:00+00:00, run_after=2023-12-06T00:00:00+00:00
[2023-12-06T14:28:55.528+0000] {processor.py:179} INFO - Processing /home/airflow/.local/lib/python3.8/site-packages/airflow/example_dags/example_bash_operator.py took 0.179 seconds
[2023-12-06T14:29:25.971+0000] {processor.py:157} INFO - Started process (PID=62132) to work on /home/airflow/.local/lib/python3.8/site-packages/airflow/example_dags/example_bash_operator.py
[2023-12-06T14:29:25.971+0000] {processor.py:829} INFO - Processing file /home/airflow/.local/lib/python3.8/site-packages/airflow/example_dags/example_bash_operator.py for tasks to queue
[2023-12-06T14:29:25.973+0000] {logging_mixin.py:151} INFO - [2023-12-06T14:29:25.973+0000] {dagbag.py:539} INFO - Filling up the DagBag from /home/airflow/.local/lib/python3.8/site-packages/airflow/example_dags/example_bash_operator.py
[2023-12-06T14:29:25.980+0000] {processor.py:839} INFO - DAG(s) dict_keys(['example_bash_operator']) retrieved from /home/airflow/.local/lib/python3.8/site-packages/airflow/example_dags/example_bash_operator.py
[2023-12-06T14:29:25.996+0000] {logging_mixin.py:151} INFO - [2023-12-06T14:29:25.996+0000] {dag.py:2915} INFO - Sync 1 DAGs
[2023-12-06T14:29:26.009+0000] {logging_mixin.py:151} INFO - [2023-12-06T14:29:26.009+0000] {dag.py:3696} INFO - Setting next_dagrun for example_bash_operator to 2023-12-05T00:00:00+00:00, run_after=2023-12-06T00:00:00+00:00
[2023-12-06T14:29:26.021+0000] {processor.py:179} INFO - Processing /home/airflow/.local/lib/python3.8/site-packages/airflow/example_dags/example_bash_operator.py took 0.053 seconds
[2023-12-06T14:29:56.433+0000] {processor.py:157} INFO - Started process (PID=62187) to work on /home/airflow/.local/lib/python3.8/site-packages/airflow/example_dags/example_bash_operator.py
[2023-12-06T14:29:56.435+0000] {processor.py:829} INFO - Processing file /home/airflow/.local/lib/python3.8/site-packages/airflow/example_dags/example_bash_operator.py for tasks to queue
[2023-12-06T14:29:56.437+0000] {logging_mixin.py:151} INFO - [2023-12-06T14:29:56.436+0000] {dagbag.py:539} INFO - Filling up the DagBag from /home/airflow/.local/lib/python3.8/site-packages/airflow/example_dags/example_bash_operator.py
[2023-12-06T14:29:56.447+0000] {processor.py:839} INFO - DAG(s) dict_keys(['example_bash_operator']) retrieved from /home/airflow/.local/lib/python3.8/site-packages/airflow/example_dags/example_bash_operator.py
[2023-12-06T14:29:56.467+0000] {logging_mixin.py:151} INFO - [2023-12-06T14:29:56.467+0000] {dag.py:2915} INFO - Sync 1 DAGs
[2023-12-06T14:29:56.483+0000] {logging_mixin.py:151} INFO - [2023-12-06T14:29:56.483+0000] {dag.py:3696} INFO - Setting next_dagrun for example_bash_operator to 2023-12-05T00:00:00+00:00, run_after=2023-12-06T00:00:00+00:00
[2023-12-06T14:29:56.504+0000] {processor.py:179} INFO - Processing /home/airflow/.local/lib/python3.8/site-packages/airflow/example_dags/example_bash_operator.py took 0.073 seconds
[2023-12-06T14:30:26.867+0000] {processor.py:157} INFO - Started process (PID=62241) to work on /home/airflow/.local/lib/python3.8/site-packages/airflow/example_dags/example_bash_operator.py
[2023-12-06T14:30:26.868+0000] {processor.py:829} INFO - Processing file /home/airflow/.local/lib/python3.8/site-packages/airflow/example_dags/example_bash_operator.py for tasks to queue
[2023-12-06T14:30:26.869+0000] {logging_mixin.py:151} INFO - [2023-12-06T14:30:26.869+0000] {dagbag.py:539} INFO - Filling up the DagBag from /home/airflow/.local/lib/python3.8/site-packages/airflow/example_dags/example_bash_operator.py
[2023-12-06T14:30:26.877+0000] {processor.py:839} INFO - DAG(s) dict_keys(['example_bash_operator']) retrieved from /home/airflow/.local/lib/python3.8/site-packages/airflow/example_dags/example_bash_operator.py
[2023-12-06T14:30:26.992+0000] {logging_mixin.py:151} INFO - [2023-12-06T14:30:26.992+0000] {dag.py:2915} INFO - Sync 1 DAGs
[2023-12-06T14:30:27.003+0000] {logging_mixin.py:151} INFO - [2023-12-06T14:30:27.003+0000] {dag.py:3696} INFO - Setting next_dagrun for example_bash_operator to 2023-12-05T00:00:00+00:00, run_after=2023-12-06T00:00:00+00:00
[2023-12-06T14:30:27.013+0000] {processor.py:179} INFO - Processing /home/airflow/.local/lib/python3.8/site-packages/airflow/example_dags/example_bash_operator.py took 0.148 seconds
[2023-12-06T14:30:57.466+0000] {processor.py:157} INFO - Started process (PID=62295) to work on /home/airflow/.local/lib/python3.8/site-packages/airflow/example_dags/example_bash_operator.py
[2023-12-06T14:30:57.467+0000] {processor.py:829} INFO - Processing file /home/airflow/.local/lib/python3.8/site-packages/airflow/example_dags/example_bash_operator.py for tasks to queue
[2023-12-06T14:30:57.469+0000] {logging_mixin.py:151} INFO - [2023-12-06T14:30:57.469+0000] {dagbag.py:539} INFO - Filling up the DagBag from /home/airflow/.local/lib/python3.8/site-packages/airflow/example_dags/example_bash_operator.py
[2023-12-06T14:30:57.475+0000] {processor.py:839} INFO - DAG(s) dict_keys(['example_bash_operator']) retrieved from /home/airflow/.local/lib/python3.8/site-packages/airflow/example_dags/example_bash_operator.py
[2023-12-06T14:30:57.491+0000] {logging_mixin.py:151} INFO - [2023-12-06T14:30:57.491+0000] {dag.py:2915} INFO - Sync 1 DAGs
[2023-12-06T14:30:57.503+0000] {logging_mixin.py:151} INFO - [2023-12-06T14:30:57.503+0000] {dag.py:3696} INFO - Setting next_dagrun for example_bash_operator to 2023-12-05T00:00:00+00:00, run_after=2023-12-06T00:00:00+00:00
[2023-12-06T14:30:57.512+0000] {processor.py:179} INFO - Processing /home/airflow/.local/lib/python3.8/site-packages/airflow/example_dags/example_bash_operator.py took 0.048 seconds
[2023-12-06T14:31:29.553+0000] {processor.py:157} INFO - Started process (PID=62348) to work on /home/airflow/.local/lib/python3.8/site-packages/airflow/example_dags/example_bash_operator.py
[2023-12-06T14:31:29.557+0000] {processor.py:829} INFO - Processing file /home/airflow/.local/lib/python3.8/site-packages/airflow/example_dags/example_bash_operator.py for tasks to queue
[2023-12-06T14:31:29.572+0000] {logging_mixin.py:151} INFO - [2023-12-06T14:31:29.571+0000] {dagbag.py:539} INFO - Filling up the DagBag from /home/airflow/.local/lib/python3.8/site-packages/airflow/example_dags/example_bash_operator.py
[2023-12-06T14:31:29.602+0000] {processor.py:839} INFO - DAG(s) dict_keys(['example_bash_operator']) retrieved from /home/airflow/.local/lib/python3.8/site-packages/airflow/example_dags/example_bash_operator.py
[2023-12-06T14:31:29.712+0000] {logging_mixin.py:151} INFO - [2023-12-06T14:31:29.711+0000] {dag.py:2915} INFO - Sync 1 DAGs
[2023-12-06T14:31:29.765+0000] {logging_mixin.py:151} INFO - [2023-12-06T14:31:29.765+0000] {dag.py:3696} INFO - Setting next_dagrun for example_bash_operator to 2023-12-05T00:00:00+00:00, run_after=2023-12-06T00:00:00+00:00
[2023-12-06T14:31:29.821+0000] {processor.py:179} INFO - Processing /home/airflow/.local/lib/python3.8/site-packages/airflow/example_dags/example_bash_operator.py took 0.279 seconds
[2023-12-06T14:31:59.898+0000] {processor.py:157} INFO - Started process (PID=62403) to work on /home/airflow/.local/lib/python3.8/site-packages/airflow/example_dags/example_bash_operator.py
[2023-12-06T14:31:59.899+0000] {processor.py:829} INFO - Processing file /home/airflow/.local/lib/python3.8/site-packages/airflow/example_dags/example_bash_operator.py for tasks to queue
[2023-12-06T14:31:59.900+0000] {logging_mixin.py:151} INFO - [2023-12-06T14:31:59.900+0000] {dagbag.py:539} INFO - Filling up the DagBag from /home/airflow/.local/lib/python3.8/site-packages/airflow/example_dags/example_bash_operator.py
[2023-12-06T14:31:59.907+0000] {processor.py:839} INFO - DAG(s) dict_keys(['example_bash_operator']) retrieved from /home/airflow/.local/lib/python3.8/site-packages/airflow/example_dags/example_bash_operator.py
[2023-12-06T14:31:59.923+0000] {logging_mixin.py:151} INFO - [2023-12-06T14:31:59.923+0000] {dag.py:2915} INFO - Sync 1 DAGs
[2023-12-06T14:31:59.934+0000] {logging_mixin.py:151} INFO - [2023-12-06T14:31:59.934+0000] {dag.py:3696} INFO - Setting next_dagrun for example_bash_operator to 2023-12-05T00:00:00+00:00, run_after=2023-12-06T00:00:00+00:00
[2023-12-06T14:31:59.942+0000] {processor.py:179} INFO - Processing /home/airflow/.local/lib/python3.8/site-packages/airflow/example_dags/example_bash_operator.py took 0.046 seconds
[2023-12-06T14:32:30.029+0000] {processor.py:157} INFO - Started process (PID=62457) to work on /home/airflow/.local/lib/python3.8/site-packages/airflow/example_dags/example_bash_operator.py
[2023-12-06T14:32:30.029+0000] {processor.py:829} INFO - Processing file /home/airflow/.local/lib/python3.8/site-packages/airflow/example_dags/example_bash_operator.py for tasks to queue
[2023-12-06T14:32:30.031+0000] {logging_mixin.py:151} INFO - [2023-12-06T14:32:30.031+0000] {dagbag.py:539} INFO - Filling up the DagBag from /home/airflow/.local/lib/python3.8/site-packages/airflow/example_dags/example_bash_operator.py
[2023-12-06T14:32:30.037+0000] {processor.py:839} INFO - DAG(s) dict_keys(['example_bash_operator']) retrieved from /home/airflow/.local/lib/python3.8/site-packages/airflow/example_dags/example_bash_operator.py
[2023-12-06T14:32:30.055+0000] {logging_mixin.py:151} INFO - [2023-12-06T14:32:30.055+0000] {dag.py:2915} INFO - Sync 1 DAGs
[2023-12-06T14:32:30.073+0000] {logging_mixin.py:151} INFO - [2023-12-06T14:32:30.073+0000] {dag.py:3696} INFO - Setting next_dagrun for example_bash_operator to 2023-12-05T00:00:00+00:00, run_after=2023-12-06T00:00:00+00:00
[2023-12-06T14:32:30.082+0000] {processor.py:179} INFO - Processing /home/airflow/.local/lib/python3.8/site-packages/airflow/example_dags/example_bash_operator.py took 0.056 seconds
[2023-12-06T14:33:00.409+0000] {processor.py:157} INFO - Started process (PID=62510) to work on /home/airflow/.local/lib/python3.8/site-packages/airflow/example_dags/example_bash_operator.py
[2023-12-06T14:33:00.410+0000] {processor.py:829} INFO - Processing file /home/airflow/.local/lib/python3.8/site-packages/airflow/example_dags/example_bash_operator.py for tasks to queue
[2023-12-06T14:33:00.411+0000] {logging_mixin.py:151} INFO - [2023-12-06T14:33:00.411+0000] {dagbag.py:539} INFO - Filling up the DagBag from /home/airflow/.local/lib/python3.8/site-packages/airflow/example_dags/example_bash_operator.py
[2023-12-06T14:33:00.418+0000] {processor.py:839} INFO - DAG(s) dict_keys(['example_bash_operator']) retrieved from /home/airflow/.local/lib/python3.8/site-packages/airflow/example_dags/example_bash_operator.py
[2023-12-06T14:33:00.435+0000] {logging_mixin.py:151} INFO - [2023-12-06T14:33:00.435+0000] {dag.py:2915} INFO - Sync 1 DAGs
[2023-12-06T14:33:00.449+0000] {logging_mixin.py:151} INFO - [2023-12-06T14:33:00.449+0000] {dag.py:3696} INFO - Setting next_dagrun for example_bash_operator to 2023-12-05T00:00:00+00:00, run_after=2023-12-06T00:00:00+00:00
[2023-12-06T14:33:00.459+0000] {processor.py:179} INFO - Processing /home/airflow/.local/lib/python3.8/site-packages/airflow/example_dags/example_bash_operator.py took 0.052 seconds
[2023-12-06T14:33:30.928+0000] {processor.py:157} INFO - Started process (PID=62564) to work on /home/airflow/.local/lib/python3.8/site-packages/airflow/example_dags/example_bash_operator.py
[2023-12-06T14:33:30.928+0000] {processor.py:829} INFO - Processing file /home/airflow/.local/lib/python3.8/site-packages/airflow/example_dags/example_bash_operator.py for tasks to queue
[2023-12-06T14:33:30.930+0000] {logging_mixin.py:151} INFO - [2023-12-06T14:33:30.930+0000] {dagbag.py:539} INFO - Filling up the DagBag from /home/airflow/.local/lib/python3.8/site-packages/airflow/example_dags/example_bash_operator.py
[2023-12-06T14:33:30.939+0000] {processor.py:839} INFO - DAG(s) dict_keys(['example_bash_operator']) retrieved from /home/airflow/.local/lib/python3.8/site-packages/airflow/example_dags/example_bash_operator.py
[2023-12-06T14:33:30.957+0000] {logging_mixin.py:151} INFO - [2023-12-06T14:33:30.957+0000] {dag.py:2915} INFO - Sync 1 DAGs
[2023-12-06T14:33:30.971+0000] {logging_mixin.py:151} INFO - [2023-12-06T14:33:30.971+0000] {dag.py:3696} INFO - Setting next_dagrun for example_bash_operator to 2023-12-05T00:00:00+00:00, run_after=2023-12-06T00:00:00+00:00
[2023-12-06T14:33:30.982+0000] {processor.py:179} INFO - Processing /home/airflow/.local/lib/python3.8/site-packages/airflow/example_dags/example_bash_operator.py took 0.058 seconds
[2023-12-06T14:34:02.093+0000] {processor.py:157} INFO - Started process (PID=62618) to work on /home/airflow/.local/lib/python3.8/site-packages/airflow/example_dags/example_bash_operator.py
[2023-12-06T14:34:02.095+0000] {processor.py:829} INFO - Processing file /home/airflow/.local/lib/python3.8/site-packages/airflow/example_dags/example_bash_operator.py for tasks to queue
[2023-12-06T14:34:02.097+0000] {logging_mixin.py:151} INFO - [2023-12-06T14:34:02.097+0000] {dagbag.py:539} INFO - Filling up the DagBag from /home/airflow/.local/lib/python3.8/site-packages/airflow/example_dags/example_bash_operator.py
[2023-12-06T14:34:02.105+0000] {processor.py:839} INFO - DAG(s) dict_keys(['example_bash_operator']) retrieved from /home/airflow/.local/lib/python3.8/site-packages/airflow/example_dags/example_bash_operator.py
[2023-12-06T14:34:02.123+0000] {logging_mixin.py:151} INFO - [2023-12-06T14:34:02.123+0000] {dag.py:2915} INFO - Sync 1 DAGs
[2023-12-06T14:34:02.137+0000] {logging_mixin.py:151} INFO - [2023-12-06T14:34:02.137+0000] {dag.py:3696} INFO - Setting next_dagrun for example_bash_operator to 2023-12-05T00:00:00+00:00, run_after=2023-12-06T00:00:00+00:00
[2023-12-06T14:34:02.148+0000] {processor.py:179} INFO - Processing /home/airflow/.local/lib/python3.8/site-packages/airflow/example_dags/example_bash_operator.py took 0.058 seconds
[2023-12-06T14:34:32.747+0000] {processor.py:157} INFO - Started process (PID=62672) to work on /home/airflow/.local/lib/python3.8/site-packages/airflow/example_dags/example_bash_operator.py
[2023-12-06T14:34:32.748+0000] {processor.py:829} INFO - Processing file /home/airflow/.local/lib/python3.8/site-packages/airflow/example_dags/example_bash_operator.py for tasks to queue
[2023-12-06T14:34:32.749+0000] {logging_mixin.py:151} INFO - [2023-12-06T14:34:32.749+0000] {dagbag.py:539} INFO - Filling up the DagBag from /home/airflow/.local/lib/python3.8/site-packages/airflow/example_dags/example_bash_operator.py
[2023-12-06T14:34:32.756+0000] {processor.py:839} INFO - DAG(s) dict_keys(['example_bash_operator']) retrieved from /home/airflow/.local/lib/python3.8/site-packages/airflow/example_dags/example_bash_operator.py
[2023-12-06T14:34:32.772+0000] {logging_mixin.py:151} INFO - [2023-12-06T14:34:32.772+0000] {dag.py:2915} INFO - Sync 1 DAGs
[2023-12-06T14:34:32.783+0000] {logging_mixin.py:151} INFO - [2023-12-06T14:34:32.783+0000] {dag.py:3696} INFO - Setting next_dagrun for example_bash_operator to 2023-12-05T00:00:00+00:00, run_after=2023-12-06T00:00:00+00:00
[2023-12-06T14:34:32.791+0000] {processor.py:179} INFO - Processing /home/airflow/.local/lib/python3.8/site-packages/airflow/example_dags/example_bash_operator.py took 0.046 seconds
[2023-12-06T14:35:03.775+0000] {processor.py:157} INFO - Started process (PID=62726) to work on /home/airflow/.local/lib/python3.8/site-packages/airflow/example_dags/example_bash_operator.py
[2023-12-06T14:35:03.775+0000] {processor.py:829} INFO - Processing file /home/airflow/.local/lib/python3.8/site-packages/airflow/example_dags/example_bash_operator.py for tasks to queue
[2023-12-06T14:35:03.777+0000] {logging_mixin.py:151} INFO - [2023-12-06T14:35:03.777+0000] {dagbag.py:539} INFO - Filling up the DagBag from /home/airflow/.local/lib/python3.8/site-packages/airflow/example_dags/example_bash_operator.py
[2023-12-06T14:35:03.784+0000] {processor.py:839} INFO - DAG(s) dict_keys(['example_bash_operator']) retrieved from /home/airflow/.local/lib/python3.8/site-packages/airflow/example_dags/example_bash_operator.py
[2023-12-06T14:35:03.801+0000] {logging_mixin.py:151} INFO - [2023-12-06T14:35:03.801+0000] {dag.py:2915} INFO - Sync 1 DAGs
[2023-12-06T14:35:03.813+0000] {logging_mixin.py:151} INFO - [2023-12-06T14:35:03.813+0000] {dag.py:3696} INFO - Setting next_dagrun for example_bash_operator to 2023-12-05T00:00:00+00:00, run_after=2023-12-06T00:00:00+00:00
[2023-12-06T14:35:03.821+0000] {processor.py:179} INFO - Processing /home/airflow/.local/lib/python3.8/site-packages/airflow/example_dags/example_bash_operator.py took 0.049 seconds
[2023-12-06T14:35:34.216+0000] {processor.py:157} INFO - Started process (PID=62780) to work on /home/airflow/.local/lib/python3.8/site-packages/airflow/example_dags/example_bash_operator.py
[2023-12-06T14:35:34.217+0000] {processor.py:829} INFO - Processing file /home/airflow/.local/lib/python3.8/site-packages/airflow/example_dags/example_bash_operator.py for tasks to queue
[2023-12-06T14:35:34.219+0000] {logging_mixin.py:151} INFO - [2023-12-06T14:35:34.219+0000] {dagbag.py:539} INFO - Filling up the DagBag from /home/airflow/.local/lib/python3.8/site-packages/airflow/example_dags/example_bash_operator.py
[2023-12-06T14:35:34.227+0000] {processor.py:839} INFO - DAG(s) dict_keys(['example_bash_operator']) retrieved from /home/airflow/.local/lib/python3.8/site-packages/airflow/example_dags/example_bash_operator.py
[2023-12-06T14:35:34.245+0000] {logging_mixin.py:151} INFO - [2023-12-06T14:35:34.245+0000] {dag.py:2915} INFO - Sync 1 DAGs
[2023-12-06T14:35:34.258+0000] {logging_mixin.py:151} INFO - [2023-12-06T14:35:34.258+0000] {dag.py:3696} INFO - Setting next_dagrun for example_bash_operator to 2023-12-05T00:00:00+00:00, run_after=2023-12-06T00:00:00+00:00
[2023-12-06T14:35:34.266+0000] {processor.py:179} INFO - Processing /home/airflow/.local/lib/python3.8/site-packages/airflow/example_dags/example_bash_operator.py took 0.053 seconds
[2023-12-06T14:36:05.155+0000] {processor.py:157} INFO - Started process (PID=62834) to work on /home/airflow/.local/lib/python3.8/site-packages/airflow/example_dags/example_bash_operator.py
[2023-12-06T14:36:05.156+0000] {processor.py:829} INFO - Processing file /home/airflow/.local/lib/python3.8/site-packages/airflow/example_dags/example_bash_operator.py for tasks to queue
[2023-12-06T14:36:05.157+0000] {logging_mixin.py:151} INFO - [2023-12-06T14:36:05.157+0000] {dagbag.py:539} INFO - Filling up the DagBag from /home/airflow/.local/lib/python3.8/site-packages/airflow/example_dags/example_bash_operator.py
[2023-12-06T14:36:05.164+0000] {processor.py:839} INFO - DAG(s) dict_keys(['example_bash_operator']) retrieved from /home/airflow/.local/lib/python3.8/site-packages/airflow/example_dags/example_bash_operator.py
[2023-12-06T14:36:05.181+0000] {logging_mixin.py:151} INFO - [2023-12-06T14:36:05.181+0000] {dag.py:2915} INFO - Sync 1 DAGs
[2023-12-06T14:36:05.197+0000] {logging_mixin.py:151} INFO - [2023-12-06T14:36:05.197+0000] {dag.py:3696} INFO - Setting next_dagrun for example_bash_operator to 2023-12-05T00:00:00+00:00, run_after=2023-12-06T00:00:00+00:00
[2023-12-06T14:36:05.206+0000] {processor.py:179} INFO - Processing /home/airflow/.local/lib/python3.8/site-packages/airflow/example_dags/example_bash_operator.py took 0.054 seconds
[2023-12-06T14:36:35.826+0000] {processor.py:157} INFO - Started process (PID=62888) to work on /home/airflow/.local/lib/python3.8/site-packages/airflow/example_dags/example_bash_operator.py
[2023-12-06T14:36:35.827+0000] {processor.py:829} INFO - Processing file /home/airflow/.local/lib/python3.8/site-packages/airflow/example_dags/example_bash_operator.py for tasks to queue
[2023-12-06T14:36:35.829+0000] {logging_mixin.py:151} INFO - [2023-12-06T14:36:35.829+0000] {dagbag.py:539} INFO - Filling up the DagBag from /home/airflow/.local/lib/python3.8/site-packages/airflow/example_dags/example_bash_operator.py
[2023-12-06T14:36:35.835+0000] {processor.py:839} INFO - DAG(s) dict_keys(['example_bash_operator']) retrieved from /home/airflow/.local/lib/python3.8/site-packages/airflow/example_dags/example_bash_operator.py
[2023-12-06T14:36:35.852+0000] {logging_mixin.py:151} INFO - [2023-12-06T14:36:35.851+0000] {dag.py:2915} INFO - Sync 1 DAGs
[2023-12-06T14:36:35.864+0000] {logging_mixin.py:151} INFO - [2023-12-06T14:36:35.864+0000] {dag.py:3696} INFO - Setting next_dagrun for example_bash_operator to 2023-12-05T00:00:00+00:00, run_after=2023-12-06T00:00:00+00:00
[2023-12-06T14:36:35.872+0000] {processor.py:179} INFO - Processing /home/airflow/.local/lib/python3.8/site-packages/airflow/example_dags/example_bash_operator.py took 0.048 seconds
[2023-12-06T14:37:06.589+0000] {processor.py:157} INFO - Started process (PID=62942) to work on /home/airflow/.local/lib/python3.8/site-packages/airflow/example_dags/example_bash_operator.py
[2023-12-06T14:37:06.590+0000] {processor.py:829} INFO - Processing file /home/airflow/.local/lib/python3.8/site-packages/airflow/example_dags/example_bash_operator.py for tasks to queue
[2023-12-06T14:37:06.592+0000] {logging_mixin.py:151} INFO - [2023-12-06T14:37:06.592+0000] {dagbag.py:539} INFO - Filling up the DagBag from /home/airflow/.local/lib/python3.8/site-packages/airflow/example_dags/example_bash_operator.py
[2023-12-06T14:37:06.600+0000] {processor.py:839} INFO - DAG(s) dict_keys(['example_bash_operator']) retrieved from /home/airflow/.local/lib/python3.8/site-packages/airflow/example_dags/example_bash_operator.py
[2023-12-06T14:37:06.618+0000] {logging_mixin.py:151} INFO - [2023-12-06T14:37:06.618+0000] {dag.py:2915} INFO - Sync 1 DAGs
[2023-12-06T14:37:06.630+0000] {logging_mixin.py:151} INFO - [2023-12-06T14:37:06.630+0000] {dag.py:3696} INFO - Setting next_dagrun for example_bash_operator to 2023-12-05T00:00:00+00:00, run_after=2023-12-06T00:00:00+00:00
[2023-12-06T14:37:06.639+0000] {processor.py:179} INFO - Processing /home/airflow/.local/lib/python3.8/site-packages/airflow/example_dags/example_bash_operator.py took 0.054 seconds
[2023-12-06T14:37:37.376+0000] {processor.py:157} INFO - Started process (PID=62996) to work on /home/airflow/.local/lib/python3.8/site-packages/airflow/example_dags/example_bash_operator.py
[2023-12-06T14:37:37.377+0000] {processor.py:829} INFO - Processing file /home/airflow/.local/lib/python3.8/site-packages/airflow/example_dags/example_bash_operator.py for tasks to queue
[2023-12-06T14:37:37.379+0000] {logging_mixin.py:151} INFO - [2023-12-06T14:37:37.379+0000] {dagbag.py:539} INFO - Filling up the DagBag from /home/airflow/.local/lib/python3.8/site-packages/airflow/example_dags/example_bash_operator.py
[2023-12-06T14:37:37.385+0000] {processor.py:839} INFO - DAG(s) dict_keys(['example_bash_operator']) retrieved from /home/airflow/.local/lib/python3.8/site-packages/airflow/example_dags/example_bash_operator.py
[2023-12-06T14:37:37.409+0000] {logging_mixin.py:151} INFO - [2023-12-06T14:37:37.409+0000] {dag.py:2915} INFO - Sync 1 DAGs
[2023-12-06T14:37:37.425+0000] {logging_mixin.py:151} INFO - [2023-12-06T14:37:37.425+0000] {dag.py:3696} INFO - Setting next_dagrun for example_bash_operator to 2023-12-05T00:00:00+00:00, run_after=2023-12-06T00:00:00+00:00
[2023-12-06T14:37:37.438+0000] {processor.py:179} INFO - Processing /home/airflow/.local/lib/python3.8/site-packages/airflow/example_dags/example_bash_operator.py took 0.065 seconds
[2023-12-06T14:38:08.347+0000] {processor.py:157} INFO - Started process (PID=63050) to work on /home/airflow/.local/lib/python3.8/site-packages/airflow/example_dags/example_bash_operator.py
[2023-12-06T14:38:08.348+0000] {processor.py:829} INFO - Processing file /home/airflow/.local/lib/python3.8/site-packages/airflow/example_dags/example_bash_operator.py for tasks to queue
[2023-12-06T14:38:08.350+0000] {logging_mixin.py:151} INFO - [2023-12-06T14:38:08.350+0000] {dagbag.py:539} INFO - Filling up the DagBag from /home/airflow/.local/lib/python3.8/site-packages/airflow/example_dags/example_bash_operator.py
[2023-12-06T14:38:08.358+0000] {processor.py:839} INFO - DAG(s) dict_keys(['example_bash_operator']) retrieved from /home/airflow/.local/lib/python3.8/site-packages/airflow/example_dags/example_bash_operator.py
[2023-12-06T14:38:08.377+0000] {logging_mixin.py:151} INFO - [2023-12-06T14:38:08.376+0000] {dag.py:2915} INFO - Sync 1 DAGs
[2023-12-06T14:38:08.390+0000] {logging_mixin.py:151} INFO - [2023-12-06T14:38:08.390+0000] {dag.py:3696} INFO - Setting next_dagrun for example_bash_operator to 2023-12-05T00:00:00+00:00, run_after=2023-12-06T00:00:00+00:00
[2023-12-06T14:38:08.400+0000] {processor.py:179} INFO - Processing /home/airflow/.local/lib/python3.8/site-packages/airflow/example_dags/example_bash_operator.py took 0.056 seconds
[2023-12-06T14:38:39.522+0000] {processor.py:157} INFO - Started process (PID=63104) to work on /home/airflow/.local/lib/python3.8/site-packages/airflow/example_dags/example_bash_operator.py
[2023-12-06T14:38:39.523+0000] {processor.py:829} INFO - Processing file /home/airflow/.local/lib/python3.8/site-packages/airflow/example_dags/example_bash_operator.py for tasks to queue
[2023-12-06T14:38:39.526+0000] {logging_mixin.py:151} INFO - [2023-12-06T14:38:39.526+0000] {dagbag.py:539} INFO - Filling up the DagBag from /home/airflow/.local/lib/python3.8/site-packages/airflow/example_dags/example_bash_operator.py
[2023-12-06T14:38:39.539+0000] {processor.py:839} INFO - DAG(s) dict_keys(['example_bash_operator']) retrieved from /home/airflow/.local/lib/python3.8/site-packages/airflow/example_dags/example_bash_operator.py
[2023-12-06T14:38:39.602+0000] {logging_mixin.py:151} INFO - [2023-12-06T14:38:39.601+0000] {dag.py:2915} INFO - Sync 1 DAGs
[2023-12-06T14:38:39.636+0000] {logging_mixin.py:151} INFO - [2023-12-06T14:38:39.635+0000] {dag.py:3696} INFO - Setting next_dagrun for example_bash_operator to 2023-12-05T00:00:00+00:00, run_after=2023-12-06T00:00:00+00:00
[2023-12-06T14:38:39.651+0000] {processor.py:179} INFO - Processing /home/airflow/.local/lib/python3.8/site-packages/airflow/example_dags/example_bash_operator.py took 0.132 seconds
[2023-12-06T14:39:10.379+0000] {processor.py:157} INFO - Started process (PID=63158) to work on /home/airflow/.local/lib/python3.8/site-packages/airflow/example_dags/example_bash_operator.py
[2023-12-06T14:39:10.379+0000] {processor.py:829} INFO - Processing file /home/airflow/.local/lib/python3.8/site-packages/airflow/example_dags/example_bash_operator.py for tasks to queue
[2023-12-06T14:39:10.381+0000] {logging_mixin.py:151} INFO - [2023-12-06T14:39:10.381+0000] {dagbag.py:539} INFO - Filling up the DagBag from /home/airflow/.local/lib/python3.8/site-packages/airflow/example_dags/example_bash_operator.py
[2023-12-06T14:39:10.390+0000] {processor.py:839} INFO - DAG(s) dict_keys(['example_bash_operator']) retrieved from /home/airflow/.local/lib/python3.8/site-packages/airflow/example_dags/example_bash_operator.py
[2023-12-06T14:39:10.412+0000] {logging_mixin.py:151} INFO - [2023-12-06T14:39:10.411+0000] {dag.py:2915} INFO - Sync 1 DAGs
[2023-12-06T14:39:10.428+0000] {logging_mixin.py:151} INFO - [2023-12-06T14:39:10.428+0000] {dag.py:3696} INFO - Setting next_dagrun for example_bash_operator to 2023-12-05T00:00:00+00:00, run_after=2023-12-06T00:00:00+00:00
[2023-12-06T14:39:10.440+0000] {processor.py:179} INFO - Processing /home/airflow/.local/lib/python3.8/site-packages/airflow/example_dags/example_bash_operator.py took 0.064 seconds
[2023-12-06T14:39:41.247+0000] {processor.py:157} INFO - Started process (PID=63212) to work on /home/airflow/.local/lib/python3.8/site-packages/airflow/example_dags/example_bash_operator.py
[2023-12-06T14:39:41.248+0000] {processor.py:829} INFO - Processing file /home/airflow/.local/lib/python3.8/site-packages/airflow/example_dags/example_bash_operator.py for tasks to queue
[2023-12-06T14:39:41.250+0000] {logging_mixin.py:151} INFO - [2023-12-06T14:39:41.250+0000] {dagbag.py:539} INFO - Filling up the DagBag from /home/airflow/.local/lib/python3.8/site-packages/airflow/example_dags/example_bash_operator.py
[2023-12-06T14:39:41.256+0000] {processor.py:839} INFO - DAG(s) dict_keys(['example_bash_operator']) retrieved from /home/airflow/.local/lib/python3.8/site-packages/airflow/example_dags/example_bash_operator.py
[2023-12-06T14:39:41.272+0000] {logging_mixin.py:151} INFO - [2023-12-06T14:39:41.272+0000] {dag.py:2915} INFO - Sync 1 DAGs
[2023-12-06T14:39:41.285+0000] {logging_mixin.py:151} INFO - [2023-12-06T14:39:41.285+0000] {dag.py:3696} INFO - Setting next_dagrun for example_bash_operator to 2023-12-05T00:00:00+00:00, run_after=2023-12-06T00:00:00+00:00
[2023-12-06T14:39:41.294+0000] {processor.py:179} INFO - Processing /home/airflow/.local/lib/python3.8/site-packages/airflow/example_dags/example_bash_operator.py took 0.049 seconds
[2023-12-06T14:40:11.786+0000] {processor.py:157} INFO - Started process (PID=63266) to work on /home/airflow/.local/lib/python3.8/site-packages/airflow/example_dags/example_bash_operator.py
[2023-12-06T14:40:11.787+0000] {processor.py:829} INFO - Processing file /home/airflow/.local/lib/python3.8/site-packages/airflow/example_dags/example_bash_operator.py for tasks to queue
[2023-12-06T14:40:11.789+0000] {logging_mixin.py:151} INFO - [2023-12-06T14:40:11.788+0000] {dagbag.py:539} INFO - Filling up the DagBag from /home/airflow/.local/lib/python3.8/site-packages/airflow/example_dags/example_bash_operator.py
[2023-12-06T14:40:11.795+0000] {processor.py:839} INFO - DAG(s) dict_keys(['example_bash_operator']) retrieved from /home/airflow/.local/lib/python3.8/site-packages/airflow/example_dags/example_bash_operator.py
[2023-12-06T14:40:11.812+0000] {logging_mixin.py:151} INFO - [2023-12-06T14:40:11.812+0000] {dag.py:2915} INFO - Sync 1 DAGs
[2023-12-06T14:40:11.824+0000] {logging_mixin.py:151} INFO - [2023-12-06T14:40:11.824+0000] {dag.py:3696} INFO - Setting next_dagrun for example_bash_operator to 2023-12-05T00:00:00+00:00, run_after=2023-12-06T00:00:00+00:00
[2023-12-06T14:40:11.833+0000] {processor.py:179} INFO - Processing /home/airflow/.local/lib/python3.8/site-packages/airflow/example_dags/example_bash_operator.py took 0.050 seconds
[2023-12-06T14:40:42.585+0000] {processor.py:157} INFO - Started process (PID=63320) to work on /home/airflow/.local/lib/python3.8/site-packages/airflow/example_dags/example_bash_operator.py
[2023-12-06T14:40:42.587+0000] {processor.py:829} INFO - Processing file /home/airflow/.local/lib/python3.8/site-packages/airflow/example_dags/example_bash_operator.py for tasks to queue
[2023-12-06T14:40:42.593+0000] {logging_mixin.py:151} INFO - [2023-12-06T14:40:42.592+0000] {dagbag.py:539} INFO - Filling up the DagBag from /home/airflow/.local/lib/python3.8/site-packages/airflow/example_dags/example_bash_operator.py
[2023-12-06T14:40:42.606+0000] {processor.py:839} INFO - DAG(s) dict_keys(['example_bash_operator']) retrieved from /home/airflow/.local/lib/python3.8/site-packages/airflow/example_dags/example_bash_operator.py
[2023-12-06T14:40:42.626+0000] {logging_mixin.py:151} INFO - [2023-12-06T14:40:42.626+0000] {dag.py:2915} INFO - Sync 1 DAGs
[2023-12-06T14:40:42.644+0000] {logging_mixin.py:151} INFO - [2023-12-06T14:40:42.644+0000] {dag.py:3696} INFO - Setting next_dagrun for example_bash_operator to 2023-12-05T00:00:00+00:00, run_after=2023-12-06T00:00:00+00:00
[2023-12-06T14:40:42.656+0000] {processor.py:179} INFO - Processing /home/airflow/.local/lib/python3.8/site-packages/airflow/example_dags/example_bash_operator.py took 0.074 seconds
[2023-12-06T14:41:13.228+0000] {processor.py:157} INFO - Started process (PID=63374) to work on /home/airflow/.local/lib/python3.8/site-packages/airflow/example_dags/example_bash_operator.py
[2023-12-06T14:41:13.229+0000] {processor.py:829} INFO - Processing file /home/airflow/.local/lib/python3.8/site-packages/airflow/example_dags/example_bash_operator.py for tasks to queue
[2023-12-06T14:41:13.231+0000] {logging_mixin.py:151} INFO - [2023-12-06T14:41:13.230+0000] {dagbag.py:539} INFO - Filling up the DagBag from /home/airflow/.local/lib/python3.8/site-packages/airflow/example_dags/example_bash_operator.py
[2023-12-06T14:41:13.237+0000] {processor.py:839} INFO - DAG(s) dict_keys(['example_bash_operator']) retrieved from /home/airflow/.local/lib/python3.8/site-packages/airflow/example_dags/example_bash_operator.py
[2023-12-06T14:41:13.253+0000] {logging_mixin.py:151} INFO - [2023-12-06T14:41:13.253+0000] {dag.py:2915} INFO - Sync 1 DAGs
[2023-12-06T14:41:13.266+0000] {logging_mixin.py:151} INFO - [2023-12-06T14:41:13.266+0000] {dag.py:3696} INFO - Setting next_dagrun for example_bash_operator to 2023-12-05T00:00:00+00:00, run_after=2023-12-06T00:00:00+00:00
[2023-12-06T14:41:13.274+0000] {processor.py:179} INFO - Processing /home/airflow/.local/lib/python3.8/site-packages/airflow/example_dags/example_bash_operator.py took 0.048 seconds
[2023-12-06T14:41:44.035+0000] {processor.py:157} INFO - Started process (PID=63428) to work on /home/airflow/.local/lib/python3.8/site-packages/airflow/example_dags/example_bash_operator.py
[2023-12-06T14:41:44.036+0000] {processor.py:829} INFO - Processing file /home/airflow/.local/lib/python3.8/site-packages/airflow/example_dags/example_bash_operator.py for tasks to queue
[2023-12-06T14:41:44.037+0000] {logging_mixin.py:151} INFO - [2023-12-06T14:41:44.037+0000] {dagbag.py:539} INFO - Filling up the DagBag from /home/airflow/.local/lib/python3.8/site-packages/airflow/example_dags/example_bash_operator.py
[2023-12-06T14:41:44.043+0000] {processor.py:839} INFO - DAG(s) dict_keys(['example_bash_operator']) retrieved from /home/airflow/.local/lib/python3.8/site-packages/airflow/example_dags/example_bash_operator.py
[2023-12-06T14:41:44.065+0000] {logging_mixin.py:151} INFO - [2023-12-06T14:41:44.064+0000] {dag.py:2915} INFO - Sync 1 DAGs
[2023-12-06T14:41:44.078+0000] {logging_mixin.py:151} INFO - [2023-12-06T14:41:44.078+0000] {dag.py:3696} INFO - Setting next_dagrun for example_bash_operator to 2023-12-05T00:00:00+00:00, run_after=2023-12-06T00:00:00+00:00
[2023-12-06T14:41:44.086+0000] {processor.py:179} INFO - Processing /home/airflow/.local/lib/python3.8/site-packages/airflow/example_dags/example_bash_operator.py took 0.054 seconds
[2023-12-06T14:42:14.582+0000] {processor.py:157} INFO - Started process (PID=63482) to work on /home/airflow/.local/lib/python3.8/site-packages/airflow/example_dags/example_bash_operator.py
[2023-12-06T14:42:14.583+0000] {processor.py:829} INFO - Processing file /home/airflow/.local/lib/python3.8/site-packages/airflow/example_dags/example_bash_operator.py for tasks to queue
[2023-12-06T14:42:14.584+0000] {logging_mixin.py:151} INFO - [2023-12-06T14:42:14.584+0000] {dagbag.py:539} INFO - Filling up the DagBag from /home/airflow/.local/lib/python3.8/site-packages/airflow/example_dags/example_bash_operator.py
[2023-12-06T14:42:14.591+0000] {processor.py:839} INFO - DAG(s) dict_keys(['example_bash_operator']) retrieved from /home/airflow/.local/lib/python3.8/site-packages/airflow/example_dags/example_bash_operator.py
[2023-12-06T14:42:14.607+0000] {logging_mixin.py:151} INFO - [2023-12-06T14:42:14.607+0000] {dag.py:2915} INFO - Sync 1 DAGs
[2023-12-06T14:42:14.620+0000] {logging_mixin.py:151} INFO - [2023-12-06T14:42:14.619+0000] {dag.py:3696} INFO - Setting next_dagrun for example_bash_operator to 2023-12-05T00:00:00+00:00, run_after=2023-12-06T00:00:00+00:00
[2023-12-06T14:42:14.628+0000] {processor.py:179} INFO - Processing /home/airflow/.local/lib/python3.8/site-packages/airflow/example_dags/example_bash_operator.py took 0.048 seconds
[2023-12-06T14:42:45.129+0000] {processor.py:157} INFO - Started process (PID=63543) to work on /home/airflow/.local/lib/python3.8/site-packages/airflow/example_dags/example_bash_operator.py
[2023-12-06T14:42:45.130+0000] {processor.py:829} INFO - Processing file /home/airflow/.local/lib/python3.8/site-packages/airflow/example_dags/example_bash_operator.py for tasks to queue
[2023-12-06T14:42:45.132+0000] {logging_mixin.py:151} INFO - [2023-12-06T14:42:45.132+0000] {dagbag.py:539} INFO - Filling up the DagBag from /home/airflow/.local/lib/python3.8/site-packages/airflow/example_dags/example_bash_operator.py
[2023-12-06T14:42:45.138+0000] {processor.py:839} INFO - DAG(s) dict_keys(['example_bash_operator']) retrieved from /home/airflow/.local/lib/python3.8/site-packages/airflow/example_dags/example_bash_operator.py
[2023-12-06T14:42:45.155+0000] {logging_mixin.py:151} INFO - [2023-12-06T14:42:45.154+0000] {dag.py:2915} INFO - Sync 1 DAGs
[2023-12-06T14:42:45.167+0000] {logging_mixin.py:151} INFO - [2023-12-06T14:42:45.167+0000] {dag.py:3696} INFO - Setting next_dagrun for example_bash_operator to 2023-12-05T00:00:00+00:00, run_after=2023-12-06T00:00:00+00:00
[2023-12-06T14:42:45.175+0000] {processor.py:179} INFO - Processing /home/airflow/.local/lib/python3.8/site-packages/airflow/example_dags/example_bash_operator.py took 0.048 seconds
[2023-12-06T14:43:15.478+0000] {processor.py:157} INFO - Started process (PID=63597) to work on /home/airflow/.local/lib/python3.8/site-packages/airflow/example_dags/example_bash_operator.py
[2023-12-06T14:43:15.479+0000] {processor.py:829} INFO - Processing file /home/airflow/.local/lib/python3.8/site-packages/airflow/example_dags/example_bash_operator.py for tasks to queue
[2023-12-06T14:43:15.480+0000] {logging_mixin.py:151} INFO - [2023-12-06T14:43:15.480+0000] {dagbag.py:539} INFO - Filling up the DagBag from /home/airflow/.local/lib/python3.8/site-packages/airflow/example_dags/example_bash_operator.py
[2023-12-06T14:43:15.487+0000] {processor.py:839} INFO - DAG(s) dict_keys(['example_bash_operator']) retrieved from /home/airflow/.local/lib/python3.8/site-packages/airflow/example_dags/example_bash_operator.py
[2023-12-06T14:43:15.503+0000] {logging_mixin.py:151} INFO - [2023-12-06T14:43:15.503+0000] {dag.py:2915} INFO - Sync 1 DAGs
[2023-12-06T14:43:15.516+0000] {logging_mixin.py:151} INFO - [2023-12-06T14:43:15.516+0000] {dag.py:3696} INFO - Setting next_dagrun for example_bash_operator to 2023-12-05T00:00:00+00:00, run_after=2023-12-06T00:00:00+00:00
[2023-12-06T14:43:15.526+0000] {processor.py:179} INFO - Processing /home/airflow/.local/lib/python3.8/site-packages/airflow/example_dags/example_bash_operator.py took 0.051 seconds
[2023-12-06T14:43:45.965+0000] {processor.py:157} INFO - Started process (PID=63651) to work on /home/airflow/.local/lib/python3.8/site-packages/airflow/example_dags/example_bash_operator.py
[2023-12-06T14:43:45.966+0000] {processor.py:829} INFO - Processing file /home/airflow/.local/lib/python3.8/site-packages/airflow/example_dags/example_bash_operator.py for tasks to queue
[2023-12-06T14:43:45.968+0000] {logging_mixin.py:151} INFO - [2023-12-06T14:43:45.968+0000] {dagbag.py:539} INFO - Filling up the DagBag from /home/airflow/.local/lib/python3.8/site-packages/airflow/example_dags/example_bash_operator.py
[2023-12-06T14:43:45.974+0000] {processor.py:839} INFO - DAG(s) dict_keys(['example_bash_operator']) retrieved from /home/airflow/.local/lib/python3.8/site-packages/airflow/example_dags/example_bash_operator.py
[2023-12-06T14:43:45.991+0000] {logging_mixin.py:151} INFO - [2023-12-06T14:43:45.990+0000] {dag.py:2915} INFO - Sync 1 DAGs
[2023-12-06T14:43:46.004+0000] {logging_mixin.py:151} INFO - [2023-12-06T14:43:46.004+0000] {dag.py:3696} INFO - Setting next_dagrun for example_bash_operator to 2023-12-05T00:00:00+00:00, run_after=2023-12-06T00:00:00+00:00
[2023-12-06T14:43:46.012+0000] {processor.py:179} INFO - Processing /home/airflow/.local/lib/python3.8/site-packages/airflow/example_dags/example_bash_operator.py took 0.049 seconds
[2023-12-06T14:44:17.098+0000] {processor.py:157} INFO - Started process (PID=63705) to work on /home/airflow/.local/lib/python3.8/site-packages/airflow/example_dags/example_bash_operator.py
[2023-12-06T14:44:17.100+0000] {processor.py:829} INFO - Processing file /home/airflow/.local/lib/python3.8/site-packages/airflow/example_dags/example_bash_operator.py for tasks to queue
[2023-12-06T14:44:17.102+0000] {logging_mixin.py:151} INFO - [2023-12-06T14:44:17.102+0000] {dagbag.py:539} INFO - Filling up the DagBag from /home/airflow/.local/lib/python3.8/site-packages/airflow/example_dags/example_bash_operator.py
[2023-12-06T14:44:17.110+0000] {processor.py:839} INFO - DAG(s) dict_keys(['example_bash_operator']) retrieved from /home/airflow/.local/lib/python3.8/site-packages/airflow/example_dags/example_bash_operator.py
[2023-12-06T14:44:17.155+0000] {logging_mixin.py:151} INFO - [2023-12-06T14:44:17.155+0000] {dag.py:2915} INFO - Sync 1 DAGs
[2023-12-06T14:44:17.173+0000] {logging_mixin.py:151} INFO - [2023-12-06T14:44:17.173+0000] {dag.py:3696} INFO - Setting next_dagrun for example_bash_operator to 2023-12-05T00:00:00+00:00, run_after=2023-12-06T00:00:00+00:00
[2023-12-06T14:44:17.183+0000] {processor.py:179} INFO - Processing /home/airflow/.local/lib/python3.8/site-packages/airflow/example_dags/example_bash_operator.py took 0.087 seconds
[2023-12-06T14:44:47.720+0000] {processor.py:157} INFO - Started process (PID=63759) to work on /home/airflow/.local/lib/python3.8/site-packages/airflow/example_dags/example_bash_operator.py
[2023-12-06T14:44:47.721+0000] {processor.py:829} INFO - Processing file /home/airflow/.local/lib/python3.8/site-packages/airflow/example_dags/example_bash_operator.py for tasks to queue
[2023-12-06T14:44:47.723+0000] {logging_mixin.py:151} INFO - [2023-12-06T14:44:47.723+0000] {dagbag.py:539} INFO - Filling up the DagBag from /home/airflow/.local/lib/python3.8/site-packages/airflow/example_dags/example_bash_operator.py
[2023-12-06T14:44:47.729+0000] {processor.py:839} INFO - DAG(s) dict_keys(['example_bash_operator']) retrieved from /home/airflow/.local/lib/python3.8/site-packages/airflow/example_dags/example_bash_operator.py
[2023-12-06T14:44:47.746+0000] {logging_mixin.py:151} INFO - [2023-12-06T14:44:47.746+0000] {dag.py:2915} INFO - Sync 1 DAGs
[2023-12-06T14:44:47.758+0000] {logging_mixin.py:151} INFO - [2023-12-06T14:44:47.758+0000] {dag.py:3696} INFO - Setting next_dagrun for example_bash_operator to 2023-12-05T00:00:00+00:00, run_after=2023-12-06T00:00:00+00:00
[2023-12-06T14:44:47.766+0000] {processor.py:179} INFO - Processing /home/airflow/.local/lib/python3.8/site-packages/airflow/example_dags/example_bash_operator.py took 0.048 seconds
