[2023-12-06T00:13:10.816+0000] {processor.py:157} INFO - Started process (PID=60310) to work on /home/airflow/.local/lib/python3.8/site-packages/airflow/example_dags/example_sensors.py
[2023-12-06T00:13:10.820+0000] {processor.py:829} INFO - Processing file /home/airflow/.local/lib/python3.8/site-packages/airflow/example_dags/example_sensors.py for tasks to queue
[2023-12-06T00:13:10.827+0000] {logging_mixin.py:151} INFO - [2023-12-06T00:13:10.827+0000] {dagbag.py:539} INFO - Filling up the DagBag from /home/airflow/.local/lib/python3.8/site-packages/airflow/example_dags/example_sensors.py
[2023-12-06T00:13:10.850+0000] {processor.py:839} INFO - DAG(s) dict_keys(['example_sensors']) retrieved from /home/airflow/.local/lib/python3.8/site-packages/airflow/example_dags/example_sensors.py
[2023-12-06T00:13:10.916+0000] {logging_mixin.py:151} INFO - [2023-12-06T00:13:10.915+0000] {dag.py:2915} INFO - Sync 1 DAGs
[2023-12-06T00:13:10.932+0000] {logging_mixin.py:151} INFO - [2023-12-06T00:13:10.932+0000] {dag.py:3696} INFO - Setting next_dagrun for example_sensors to None, run_after=None
[2023-12-06T00:13:10.953+0000] {processor.py:179} INFO - Processing /home/airflow/.local/lib/python3.8/site-packages/airflow/example_dags/example_sensors.py took 0.154 seconds
[2023-12-06T00:15:20.693+0000] {processor.py:157} INFO - Started process (PID=60364) to work on /home/airflow/.local/lib/python3.8/site-packages/airflow/example_dags/example_sensors.py
[2023-12-06T00:15:20.695+0000] {processor.py:829} INFO - Processing file /home/airflow/.local/lib/python3.8/site-packages/airflow/example_dags/example_sensors.py for tasks to queue
[2023-12-06T00:15:20.698+0000] {logging_mixin.py:151} INFO - [2023-12-06T00:15:20.697+0000] {dagbag.py:539} INFO - Filling up the DagBag from /home/airflow/.local/lib/python3.8/site-packages/airflow/example_dags/example_sensors.py
[2023-12-06T00:15:20.706+0000] {processor.py:839} INFO - DAG(s) dict_keys(['example_sensors']) retrieved from /home/airflow/.local/lib/python3.8/site-packages/airflow/example_dags/example_sensors.py
[2023-12-06T00:15:20.724+0000] {logging_mixin.py:151} INFO - [2023-12-06T00:15:20.724+0000] {dag.py:2915} INFO - Sync 1 DAGs
[2023-12-06T00:15:20.735+0000] {logging_mixin.py:151} INFO - [2023-12-06T00:15:20.734+0000] {dag.py:3696} INFO - Setting next_dagrun for example_sensors to None, run_after=None
[2023-12-06T00:15:20.748+0000] {processor.py:179} INFO - Processing /home/airflow/.local/lib/python3.8/site-packages/airflow/example_dags/example_sensors.py took 0.062 seconds
[2023-12-06T00:55:18.074+0000] {processor.py:157} INFO - Started process (PID=60418) to work on /home/airflow/.local/lib/python3.8/site-packages/airflow/example_dags/example_sensors.py
[2023-12-06T00:55:18.077+0000] {processor.py:829} INFO - Processing file /home/airflow/.local/lib/python3.8/site-packages/airflow/example_dags/example_sensors.py for tasks to queue
[2023-12-06T00:55:18.080+0000] {logging_mixin.py:151} INFO - [2023-12-06T00:55:18.080+0000] {dagbag.py:539} INFO - Filling up the DagBag from /home/airflow/.local/lib/python3.8/site-packages/airflow/example_dags/example_sensors.py
[2023-12-06T00:55:18.087+0000] {processor.py:839} INFO - DAG(s) dict_keys(['example_sensors']) retrieved from /home/airflow/.local/lib/python3.8/site-packages/airflow/example_dags/example_sensors.py
[2023-12-06T00:55:18.108+0000] {logging_mixin.py:151} INFO - [2023-12-06T00:55:18.108+0000] {dag.py:2915} INFO - Sync 1 DAGs
[2023-12-06T00:55:18.120+0000] {logging_mixin.py:151} INFO - [2023-12-06T00:55:18.120+0000] {dag.py:3696} INFO - Setting next_dagrun for example_sensors to None, run_after=None
[2023-12-06T00:55:18.134+0000] {processor.py:179} INFO - Processing /home/airflow/.local/lib/python3.8/site-packages/airflow/example_dags/example_sensors.py took 0.063 seconds
[2023-12-06T01:50:24.523+0000] {processor.py:157} INFO - Started process (PID=60472) to work on /home/airflow/.local/lib/python3.8/site-packages/airflow/example_dags/example_sensors.py
[2023-12-06T01:50:24.524+0000] {processor.py:829} INFO - Processing file /home/airflow/.local/lib/python3.8/site-packages/airflow/example_dags/example_sensors.py for tasks to queue
[2023-12-06T01:50:24.526+0000] {logging_mixin.py:151} INFO - [2023-12-06T01:50:24.526+0000] {dagbag.py:539} INFO - Filling up the DagBag from /home/airflow/.local/lib/python3.8/site-packages/airflow/example_dags/example_sensors.py
[2023-12-06T01:50:24.540+0000] {processor.py:839} INFO - DAG(s) dict_keys(['example_sensors']) retrieved from /home/airflow/.local/lib/python3.8/site-packages/airflow/example_dags/example_sensors.py
[2023-12-06T01:50:24.571+0000] {logging_mixin.py:151} INFO - [2023-12-06T01:50:24.571+0000] {dag.py:2915} INFO - Sync 1 DAGs
[2023-12-06T01:50:24.588+0000] {logging_mixin.py:151} INFO - [2023-12-06T01:50:24.588+0000] {dag.py:3696} INFO - Setting next_dagrun for example_sensors to None, run_after=None
[2023-12-06T01:50:24.598+0000] {processor.py:179} INFO - Processing /home/airflow/.local/lib/python3.8/site-packages/airflow/example_dags/example_sensors.py took 0.078 seconds
[2023-12-06T02:57:24.883+0000] {processor.py:157} INFO - Started process (PID=60526) to work on /home/airflow/.local/lib/python3.8/site-packages/airflow/example_dags/example_sensors.py
[2023-12-06T02:57:24.885+0000] {processor.py:829} INFO - Processing file /home/airflow/.local/lib/python3.8/site-packages/airflow/example_dags/example_sensors.py for tasks to queue
[2023-12-06T02:57:24.886+0000] {logging_mixin.py:151} INFO - [2023-12-06T02:57:24.886+0000] {dagbag.py:539} INFO - Filling up the DagBag from /home/airflow/.local/lib/python3.8/site-packages/airflow/example_dags/example_sensors.py
[2023-12-06T02:57:24.894+0000] {processor.py:839} INFO - DAG(s) dict_keys(['example_sensors']) retrieved from /home/airflow/.local/lib/python3.8/site-packages/airflow/example_dags/example_sensors.py
[2023-12-06T02:57:24.913+0000] {logging_mixin.py:151} INFO - [2023-12-06T02:57:24.913+0000] {dag.py:2915} INFO - Sync 1 DAGs
[2023-12-06T02:57:24.922+0000] {logging_mixin.py:151} INFO - [2023-12-06T02:57:24.922+0000] {dag.py:3696} INFO - Setting next_dagrun for example_sensors to None, run_after=None
[2023-12-06T02:57:24.934+0000] {processor.py:179} INFO - Processing /home/airflow/.local/lib/python3.8/site-packages/airflow/example_dags/example_sensors.py took 0.054 seconds
[2023-12-06T04:35:50.111+0000] {processor.py:157} INFO - Started process (PID=60581) to work on /home/airflow/.local/lib/python3.8/site-packages/airflow/example_dags/example_sensors.py
[2023-12-06T04:35:50.112+0000] {processor.py:829} INFO - Processing file /home/airflow/.local/lib/python3.8/site-packages/airflow/example_dags/example_sensors.py for tasks to queue
[2023-12-06T04:35:50.114+0000] {logging_mixin.py:151} INFO - [2023-12-06T04:35:50.114+0000] {dagbag.py:539} INFO - Filling up the DagBag from /home/airflow/.local/lib/python3.8/site-packages/airflow/example_dags/example_sensors.py
[2023-12-06T04:35:50.122+0000] {processor.py:839} INFO - DAG(s) dict_keys(['example_sensors']) retrieved from /home/airflow/.local/lib/python3.8/site-packages/airflow/example_dags/example_sensors.py
[2023-12-06T04:35:50.140+0000] {logging_mixin.py:151} INFO - [2023-12-06T04:35:50.140+0000] {dag.py:2915} INFO - Sync 1 DAGs
[2023-12-06T04:35:50.148+0000] {logging_mixin.py:151} INFO - [2023-12-06T04:35:50.147+0000] {dag.py:3696} INFO - Setting next_dagrun for example_sensors to None, run_after=None
[2023-12-06T04:35:50.157+0000] {processor.py:179} INFO - Processing /home/airflow/.local/lib/python3.8/site-packages/airflow/example_dags/example_sensors.py took 0.048 seconds
[2023-12-06T05:55:07.336+0000] {processor.py:157} INFO - Started process (PID=60635) to work on /home/airflow/.local/lib/python3.8/site-packages/airflow/example_dags/example_sensors.py
[2023-12-06T05:55:07.336+0000] {processor.py:829} INFO - Processing file /home/airflow/.local/lib/python3.8/site-packages/airflow/example_dags/example_sensors.py for tasks to queue
[2023-12-06T05:55:07.339+0000] {logging_mixin.py:151} INFO - [2023-12-06T05:55:07.338+0000] {dagbag.py:539} INFO - Filling up the DagBag from /home/airflow/.local/lib/python3.8/site-packages/airflow/example_dags/example_sensors.py
[2023-12-06T05:55:07.346+0000] {processor.py:839} INFO - DAG(s) dict_keys(['example_sensors']) retrieved from /home/airflow/.local/lib/python3.8/site-packages/airflow/example_dags/example_sensors.py
[2023-12-06T05:55:07.362+0000] {logging_mixin.py:151} INFO - [2023-12-06T05:55:07.362+0000] {dag.py:2915} INFO - Sync 1 DAGs
[2023-12-06T05:55:07.369+0000] {logging_mixin.py:151} INFO - [2023-12-06T05:55:07.369+0000] {dag.py:3696} INFO - Setting next_dagrun for example_sensors to None, run_after=None
[2023-12-06T05:55:07.378+0000] {processor.py:179} INFO - Processing /home/airflow/.local/lib/python3.8/site-packages/airflow/example_dags/example_sensors.py took 0.045 seconds
[2023-12-06T07:00:30.247+0000] {processor.py:157} INFO - Started process (PID=60689) to work on /home/airflow/.local/lib/python3.8/site-packages/airflow/example_dags/example_sensors.py
[2023-12-06T07:00:30.248+0000] {processor.py:829} INFO - Processing file /home/airflow/.local/lib/python3.8/site-packages/airflow/example_dags/example_sensors.py for tasks to queue
[2023-12-06T07:00:30.249+0000] {logging_mixin.py:151} INFO - [2023-12-06T07:00:30.249+0000] {dagbag.py:539} INFO - Filling up the DagBag from /home/airflow/.local/lib/python3.8/site-packages/airflow/example_dags/example_sensors.py
[2023-12-06T07:00:30.254+0000] {processor.py:839} INFO - DAG(s) dict_keys(['example_sensors']) retrieved from /home/airflow/.local/lib/python3.8/site-packages/airflow/example_dags/example_sensors.py
[2023-12-06T07:00:30.268+0000] {logging_mixin.py:151} INFO - [2023-12-06T07:00:30.268+0000] {dag.py:2915} INFO - Sync 1 DAGs
[2023-12-06T07:00:30.276+0000] {logging_mixin.py:151} INFO - [2023-12-06T07:00:30.276+0000] {dag.py:3696} INFO - Setting next_dagrun for example_sensors to None, run_after=None
[2023-12-06T07:00:30.285+0000] {processor.py:179} INFO - Processing /home/airflow/.local/lib/python3.8/site-packages/airflow/example_dags/example_sensors.py took 0.040 seconds
[2023-12-06T07:21:29.687+0000] {processor.py:157} INFO - Started process (PID=60743) to work on /home/airflow/.local/lib/python3.8/site-packages/airflow/example_dags/example_sensors.py
[2023-12-06T07:21:29.688+0000] {processor.py:829} INFO - Processing file /home/airflow/.local/lib/python3.8/site-packages/airflow/example_dags/example_sensors.py for tasks to queue
[2023-12-06T07:21:29.691+0000] {logging_mixin.py:151} INFO - [2023-12-06T07:21:29.690+0000] {dagbag.py:539} INFO - Filling up the DagBag from /home/airflow/.local/lib/python3.8/site-packages/airflow/example_dags/example_sensors.py
[2023-12-06T07:21:29.697+0000] {processor.py:839} INFO - DAG(s) dict_keys(['example_sensors']) retrieved from /home/airflow/.local/lib/python3.8/site-packages/airflow/example_dags/example_sensors.py
[2023-12-06T07:21:29.714+0000] {logging_mixin.py:151} INFO - [2023-12-06T07:21:29.714+0000] {dag.py:2915} INFO - Sync 1 DAGs
[2023-12-06T07:21:29.722+0000] {logging_mixin.py:151} INFO - [2023-12-06T07:21:29.721+0000] {dag.py:3696} INFO - Setting next_dagrun for example_sensors to None, run_after=None
[2023-12-06T07:21:29.748+0000] {processor.py:179} INFO - Processing /home/airflow/.local/lib/python3.8/site-packages/airflow/example_dags/example_sensors.py took 0.064 seconds
[2023-12-06T08:10:31.633+0000] {processor.py:157} INFO - Started process (PID=60797) to work on /home/airflow/.local/lib/python3.8/site-packages/airflow/example_dags/example_sensors.py
[2023-12-06T08:10:31.635+0000] {processor.py:829} INFO - Processing file /home/airflow/.local/lib/python3.8/site-packages/airflow/example_dags/example_sensors.py for tasks to queue
[2023-12-06T08:10:31.639+0000] {logging_mixin.py:151} INFO - [2023-12-06T08:10:31.639+0000] {dagbag.py:539} INFO - Filling up the DagBag from /home/airflow/.local/lib/python3.8/site-packages/airflow/example_dags/example_sensors.py
[2023-12-06T08:10:31.648+0000] {processor.py:839} INFO - DAG(s) dict_keys(['example_sensors']) retrieved from /home/airflow/.local/lib/python3.8/site-packages/airflow/example_dags/example_sensors.py
[2023-12-06T08:10:31.668+0000] {logging_mixin.py:151} INFO - [2023-12-06T08:10:31.667+0000] {dag.py:2915} INFO - Sync 1 DAGs
[2023-12-06T08:10:31.676+0000] {logging_mixin.py:151} INFO - [2023-12-06T08:10:31.676+0000] {dag.py:3696} INFO - Setting next_dagrun for example_sensors to None, run_after=None
[2023-12-06T08:10:31.687+0000] {processor.py:179} INFO - Processing /home/airflow/.local/lib/python3.8/site-packages/airflow/example_dags/example_sensors.py took 0.062 seconds
[2023-12-06T09:17:49.583+0000] {processor.py:157} INFO - Started process (PID=60851) to work on /home/airflow/.local/lib/python3.8/site-packages/airflow/example_dags/example_sensors.py
[2023-12-06T09:17:49.585+0000] {processor.py:829} INFO - Processing file /home/airflow/.local/lib/python3.8/site-packages/airflow/example_dags/example_sensors.py for tasks to queue
[2023-12-06T09:17:49.591+0000] {logging_mixin.py:151} INFO - [2023-12-06T09:17:49.590+0000] {dagbag.py:539} INFO - Filling up the DagBag from /home/airflow/.local/lib/python3.8/site-packages/airflow/example_dags/example_sensors.py
[2023-12-06T09:17:49.615+0000] {processor.py:839} INFO - DAG(s) dict_keys(['example_sensors']) retrieved from /home/airflow/.local/lib/python3.8/site-packages/airflow/example_dags/example_sensors.py
[2023-12-06T09:17:49.679+0000] {logging_mixin.py:151} INFO - [2023-12-06T09:17:49.679+0000] {dag.py:2915} INFO - Sync 1 DAGs
[2023-12-06T09:17:49.713+0000] {logging_mixin.py:151} INFO - [2023-12-06T09:17:49.712+0000] {dag.py:3696} INFO - Setting next_dagrun for example_sensors to None, run_after=None
[2023-12-06T09:17:49.760+0000] {processor.py:179} INFO - Processing /home/airflow/.local/lib/python3.8/site-packages/airflow/example_dags/example_sensors.py took 0.183 seconds
[2023-12-06T09:20:54.305+0000] {processor.py:157} INFO - Started process (PID=60905) to work on /home/airflow/.local/lib/python3.8/site-packages/airflow/example_dags/example_sensors.py
[2023-12-06T09:20:54.306+0000] {processor.py:829} INFO - Processing file /home/airflow/.local/lib/python3.8/site-packages/airflow/example_dags/example_sensors.py for tasks to queue
[2023-12-06T09:20:54.308+0000] {logging_mixin.py:151} INFO - [2023-12-06T09:20:54.307+0000] {dagbag.py:539} INFO - Filling up the DagBag from /home/airflow/.local/lib/python3.8/site-packages/airflow/example_dags/example_sensors.py
[2023-12-06T09:20:54.324+0000] {processor.py:839} INFO - DAG(s) dict_keys(['example_sensors']) retrieved from /home/airflow/.local/lib/python3.8/site-packages/airflow/example_dags/example_sensors.py
[2023-12-06T09:20:54.344+0000] {logging_mixin.py:151} INFO - [2023-12-06T09:20:54.343+0000] {dag.py:2915} INFO - Sync 1 DAGs
[2023-12-06T09:20:54.351+0000] {logging_mixin.py:151} INFO - [2023-12-06T09:20:54.351+0000] {dag.py:3696} INFO - Setting next_dagrun for example_sensors to None, run_after=None
[2023-12-06T09:20:54.361+0000] {processor.py:179} INFO - Processing /home/airflow/.local/lib/python3.8/site-packages/airflow/example_dags/example_sensors.py took 0.058 seconds
[2023-12-06T09:34:31.537+0000] {processor.py:157} INFO - Started process (PID=60959) to work on /home/airflow/.local/lib/python3.8/site-packages/airflow/example_dags/example_sensors.py
[2023-12-06T09:34:31.538+0000] {processor.py:829} INFO - Processing file /home/airflow/.local/lib/python3.8/site-packages/airflow/example_dags/example_sensors.py for tasks to queue
[2023-12-06T09:34:31.540+0000] {logging_mixin.py:151} INFO - [2023-12-06T09:34:31.540+0000] {dagbag.py:539} INFO - Filling up the DagBag from /home/airflow/.local/lib/python3.8/site-packages/airflow/example_dags/example_sensors.py
[2023-12-06T09:34:31.545+0000] {processor.py:839} INFO - DAG(s) dict_keys(['example_sensors']) retrieved from /home/airflow/.local/lib/python3.8/site-packages/airflow/example_dags/example_sensors.py
[2023-12-06T09:34:31.560+0000] {logging_mixin.py:151} INFO - [2023-12-06T09:34:31.560+0000] {dag.py:2915} INFO - Sync 1 DAGs
[2023-12-06T09:34:31.569+0000] {logging_mixin.py:151} INFO - [2023-12-06T09:34:31.569+0000] {dag.py:3696} INFO - Setting next_dagrun for example_sensors to None, run_after=None
[2023-12-06T09:34:31.578+0000] {processor.py:179} INFO - Processing /home/airflow/.local/lib/python3.8/site-packages/airflow/example_dags/example_sensors.py took 0.043 seconds
[2023-12-06T10:41:47.189+0000] {processor.py:157} INFO - Started process (PID=61013) to work on /home/airflow/.local/lib/python3.8/site-packages/airflow/example_dags/example_sensors.py
[2023-12-06T10:41:47.190+0000] {processor.py:829} INFO - Processing file /home/airflow/.local/lib/python3.8/site-packages/airflow/example_dags/example_sensors.py for tasks to queue
[2023-12-06T10:41:47.191+0000] {logging_mixin.py:151} INFO - [2023-12-06T10:41:47.191+0000] {dagbag.py:539} INFO - Filling up the DagBag from /home/airflow/.local/lib/python3.8/site-packages/airflow/example_dags/example_sensors.py
[2023-12-06T10:41:47.197+0000] {processor.py:839} INFO - DAG(s) dict_keys(['example_sensors']) retrieved from /home/airflow/.local/lib/python3.8/site-packages/airflow/example_dags/example_sensors.py
[2023-12-06T10:41:47.211+0000] {logging_mixin.py:151} INFO - [2023-12-06T10:41:47.211+0000] {dag.py:2915} INFO - Sync 1 DAGs
[2023-12-06T10:41:47.217+0000] {logging_mixin.py:151} INFO - [2023-12-06T10:41:47.217+0000] {dag.py:3696} INFO - Setting next_dagrun for example_sensors to None, run_after=None
[2023-12-06T10:41:47.226+0000] {processor.py:179} INFO - Processing /home/airflow/.local/lib/python3.8/site-packages/airflow/example_dags/example_sensors.py took 0.040 seconds
[2023-12-06T11:14:05.485+0000] {processor.py:157} INFO - Started process (PID=61067) to work on /home/airflow/.local/lib/python3.8/site-packages/airflow/example_dags/example_sensors.py
[2023-12-06T11:14:05.485+0000] {processor.py:829} INFO - Processing file /home/airflow/.local/lib/python3.8/site-packages/airflow/example_dags/example_sensors.py for tasks to queue
[2023-12-06T11:14:05.487+0000] {logging_mixin.py:151} INFO - [2023-12-06T11:14:05.487+0000] {dagbag.py:539} INFO - Filling up the DagBag from /home/airflow/.local/lib/python3.8/site-packages/airflow/example_dags/example_sensors.py
[2023-12-06T11:14:05.493+0000] {processor.py:839} INFO - DAG(s) dict_keys(['example_sensors']) retrieved from /home/airflow/.local/lib/python3.8/site-packages/airflow/example_dags/example_sensors.py
[2023-12-06T11:14:05.512+0000] {logging_mixin.py:151} INFO - [2023-12-06T11:14:05.512+0000] {dag.py:2915} INFO - Sync 1 DAGs
[2023-12-06T11:14:05.532+0000] {logging_mixin.py:151} INFO - [2023-12-06T11:14:05.531+0000] {dag.py:3696} INFO - Setting next_dagrun for example_sensors to None, run_after=None
[2023-12-06T11:14:05.545+0000] {processor.py:179} INFO - Processing /home/airflow/.local/lib/python3.8/site-packages/airflow/example_dags/example_sensors.py took 0.063 seconds
[2023-12-06T11:26:13.665+0000] {processor.py:157} INFO - Started process (PID=61121) to work on /home/airflow/.local/lib/python3.8/site-packages/airflow/example_dags/example_sensors.py
[2023-12-06T11:26:13.666+0000] {processor.py:829} INFO - Processing file /home/airflow/.local/lib/python3.8/site-packages/airflow/example_dags/example_sensors.py for tasks to queue
[2023-12-06T11:26:13.667+0000] {logging_mixin.py:151} INFO - [2023-12-06T11:26:13.667+0000] {dagbag.py:539} INFO - Filling up the DagBag from /home/airflow/.local/lib/python3.8/site-packages/airflow/example_dags/example_sensors.py
[2023-12-06T11:26:13.672+0000] {processor.py:839} INFO - DAG(s) dict_keys(['example_sensors']) retrieved from /home/airflow/.local/lib/python3.8/site-packages/airflow/example_dags/example_sensors.py
[2023-12-06T11:26:13.686+0000] {logging_mixin.py:151} INFO - [2023-12-06T11:26:13.686+0000] {dag.py:2915} INFO - Sync 1 DAGs
[2023-12-06T11:26:13.694+0000] {logging_mixin.py:151} INFO - [2023-12-06T11:26:13.694+0000] {dag.py:3696} INFO - Setting next_dagrun for example_sensors to None, run_after=None
[2023-12-06T11:26:13.703+0000] {processor.py:179} INFO - Processing /home/airflow/.local/lib/python3.8/site-packages/airflow/example_dags/example_sensors.py took 0.040 seconds
[2023-12-06T12:27:10.096+0000] {processor.py:157} INFO - Started process (PID=61175) to work on /home/airflow/.local/lib/python3.8/site-packages/airflow/example_dags/example_sensors.py
[2023-12-06T12:27:10.098+0000] {processor.py:829} INFO - Processing file /home/airflow/.local/lib/python3.8/site-packages/airflow/example_dags/example_sensors.py for tasks to queue
[2023-12-06T12:27:10.099+0000] {logging_mixin.py:151} INFO - [2023-12-06T12:27:10.099+0000] {dagbag.py:539} INFO - Filling up the DagBag from /home/airflow/.local/lib/python3.8/site-packages/airflow/example_dags/example_sensors.py
[2023-12-06T12:27:10.107+0000] {processor.py:839} INFO - DAG(s) dict_keys(['example_sensors']) retrieved from /home/airflow/.local/lib/python3.8/site-packages/airflow/example_dags/example_sensors.py
[2023-12-06T12:27:10.125+0000] {logging_mixin.py:151} INFO - [2023-12-06T12:27:10.124+0000] {dag.py:2915} INFO - Sync 1 DAGs
[2023-12-06T12:27:10.132+0000] {logging_mixin.py:151} INFO - [2023-12-06T12:27:10.132+0000] {dag.py:3696} INFO - Setting next_dagrun for example_sensors to None, run_after=None
[2023-12-06T12:27:10.142+0000] {processor.py:179} INFO - Processing /home/airflow/.local/lib/python3.8/site-packages/airflow/example_dags/example_sensors.py took 0.049 seconds
[2023-12-06T12:35:55.788+0000] {processor.py:157} INFO - Started process (PID=61229) to work on /home/airflow/.local/lib/python3.8/site-packages/airflow/example_dags/example_sensors.py
[2023-12-06T12:35:55.789+0000] {processor.py:829} INFO - Processing file /home/airflow/.local/lib/python3.8/site-packages/airflow/example_dags/example_sensors.py for tasks to queue
[2023-12-06T12:35:55.792+0000] {logging_mixin.py:151} INFO - [2023-12-06T12:35:55.792+0000] {dagbag.py:539} INFO - Filling up the DagBag from /home/airflow/.local/lib/python3.8/site-packages/airflow/example_dags/example_sensors.py
[2023-12-06T12:35:55.799+0000] {processor.py:839} INFO - DAG(s) dict_keys(['example_sensors']) retrieved from /home/airflow/.local/lib/python3.8/site-packages/airflow/example_dags/example_sensors.py
[2023-12-06T12:35:55.824+0000] {logging_mixin.py:151} INFO - [2023-12-06T12:35:55.824+0000] {dag.py:2915} INFO - Sync 1 DAGs
[2023-12-06T12:35:55.846+0000] {logging_mixin.py:151} INFO - [2023-12-06T12:35:55.846+0000] {dag.py:3696} INFO - Setting next_dagrun for example_sensors to None, run_after=None
[2023-12-06T12:35:55.872+0000] {processor.py:179} INFO - Processing /home/airflow/.local/lib/python3.8/site-packages/airflow/example_dags/example_sensors.py took 0.087 seconds
[2023-12-06T12:39:59.584+0000] {processor.py:157} INFO - Started process (PID=61282) to work on /home/airflow/.local/lib/python3.8/site-packages/airflow/example_dags/example_sensors.py
[2023-12-06T12:39:59.585+0000] {processor.py:829} INFO - Processing file /home/airflow/.local/lib/python3.8/site-packages/airflow/example_dags/example_sensors.py for tasks to queue
[2023-12-06T12:39:59.587+0000] {logging_mixin.py:151} INFO - [2023-12-06T12:39:59.586+0000] {dagbag.py:539} INFO - Filling up the DagBag from /home/airflow/.local/lib/python3.8/site-packages/airflow/example_dags/example_sensors.py
[2023-12-06T12:39:59.592+0000] {processor.py:839} INFO - DAG(s) dict_keys(['example_sensors']) retrieved from /home/airflow/.local/lib/python3.8/site-packages/airflow/example_dags/example_sensors.py
[2023-12-06T12:39:59.606+0000] {logging_mixin.py:151} INFO - [2023-12-06T12:39:59.606+0000] {dag.py:2915} INFO - Sync 1 DAGs
[2023-12-06T12:39:59.612+0000] {logging_mixin.py:151} INFO - [2023-12-06T12:39:59.612+0000] {dag.py:3696} INFO - Setting next_dagrun for example_sensors to None, run_after=None
[2023-12-06T12:39:59.625+0000] {processor.py:179} INFO - Processing /home/airflow/.local/lib/python3.8/site-packages/airflow/example_dags/example_sensors.py took 0.043 seconds
[2023-12-06T12:40:35.258+0000] {processor.py:157} INFO - Started process (PID=61336) to work on /home/airflow/.local/lib/python3.8/site-packages/airflow/example_dags/example_sensors.py
[2023-12-06T12:40:35.259+0000] {processor.py:829} INFO - Processing file /home/airflow/.local/lib/python3.8/site-packages/airflow/example_dags/example_sensors.py for tasks to queue
[2023-12-06T12:40:35.260+0000] {logging_mixin.py:151} INFO - [2023-12-06T12:40:35.260+0000] {dagbag.py:539} INFO - Filling up the DagBag from /home/airflow/.local/lib/python3.8/site-packages/airflow/example_dags/example_sensors.py
[2023-12-06T12:40:35.266+0000] {processor.py:839} INFO - DAG(s) dict_keys(['example_sensors']) retrieved from /home/airflow/.local/lib/python3.8/site-packages/airflow/example_dags/example_sensors.py
[2023-12-06T12:40:35.280+0000] {logging_mixin.py:151} INFO - [2023-12-06T12:40:35.279+0000] {dag.py:2915} INFO - Sync 1 DAGs
[2023-12-06T12:40:35.286+0000] {logging_mixin.py:151} INFO - [2023-12-06T12:40:35.286+0000] {dag.py:3696} INFO - Setting next_dagrun for example_sensors to None, run_after=None
[2023-12-06T12:40:35.294+0000] {processor.py:179} INFO - Processing /home/airflow/.local/lib/python3.8/site-packages/airflow/example_dags/example_sensors.py took 0.039 seconds
[2023-12-06T12:43:28.779+0000] {processor.py:157} INFO - Started process (PID=61390) to work on /home/airflow/.local/lib/python3.8/site-packages/airflow/example_dags/example_sensors.py
[2023-12-06T12:43:28.806+0000] {processor.py:829} INFO - Processing file /home/airflow/.local/lib/python3.8/site-packages/airflow/example_dags/example_sensors.py for tasks to queue
[2023-12-06T12:43:28.843+0000] {logging_mixin.py:151} INFO - [2023-12-06T12:43:28.842+0000] {dagbag.py:539} INFO - Filling up the DagBag from /home/airflow/.local/lib/python3.8/site-packages/airflow/example_dags/example_sensors.py
[2023-12-06T12:43:28.958+0000] {processor.py:839} INFO - DAG(s) dict_keys(['example_sensors']) retrieved from /home/airflow/.local/lib/python3.8/site-packages/airflow/example_dags/example_sensors.py
[2023-12-06T12:43:29.078+0000] {logging_mixin.py:151} INFO - [2023-12-06T12:43:29.078+0000] {dag.py:2915} INFO - Sync 1 DAGs
[2023-12-06T12:43:29.092+0000] {logging_mixin.py:151} INFO - [2023-12-06T12:43:29.092+0000] {dag.py:3696} INFO - Setting next_dagrun for example_sensors to None, run_after=None
[2023-12-06T12:43:29.131+0000] {processor.py:179} INFO - Processing /home/airflow/.local/lib/python3.8/site-packages/airflow/example_dags/example_sensors.py took 0.379 seconds
[2023-12-06T13:11:32.640+0000] {processor.py:157} INFO - Started process (PID=61444) to work on /home/airflow/.local/lib/python3.8/site-packages/airflow/example_dags/example_sensors.py
[2023-12-06T13:11:32.642+0000] {processor.py:829} INFO - Processing file /home/airflow/.local/lib/python3.8/site-packages/airflow/example_dags/example_sensors.py for tasks to queue
[2023-12-06T13:11:32.645+0000] {logging_mixin.py:151} INFO - [2023-12-06T13:11:32.644+0000] {dagbag.py:539} INFO - Filling up the DagBag from /home/airflow/.local/lib/python3.8/site-packages/airflow/example_dags/example_sensors.py
[2023-12-06T13:11:32.658+0000] {processor.py:839} INFO - DAG(s) dict_keys(['example_sensors']) retrieved from /home/airflow/.local/lib/python3.8/site-packages/airflow/example_dags/example_sensors.py
[2023-12-06T13:11:32.684+0000] {logging_mixin.py:151} INFO - [2023-12-06T13:11:32.683+0000] {dag.py:2915} INFO - Sync 1 DAGs
[2023-12-06T13:11:32.694+0000] {logging_mixin.py:151} INFO - [2023-12-06T13:11:32.694+0000] {dag.py:3696} INFO - Setting next_dagrun for example_sensors to None, run_after=None
[2023-12-06T13:11:32.705+0000] {processor.py:179} INFO - Processing /home/airflow/.local/lib/python3.8/site-packages/airflow/example_dags/example_sensors.py took 0.071 seconds
[2023-12-06T13:44:31.914+0000] {processor.py:157} INFO - Started process (PID=61498) to work on /home/airflow/.local/lib/python3.8/site-packages/airflow/example_dags/example_sensors.py
[2023-12-06T13:44:31.916+0000] {processor.py:829} INFO - Processing file /home/airflow/.local/lib/python3.8/site-packages/airflow/example_dags/example_sensors.py for tasks to queue
[2023-12-06T13:44:31.923+0000] {logging_mixin.py:151} INFO - [2023-12-06T13:44:31.923+0000] {dagbag.py:539} INFO - Filling up the DagBag from /home/airflow/.local/lib/python3.8/site-packages/airflow/example_dags/example_sensors.py
[2023-12-06T13:44:31.956+0000] {processor.py:839} INFO - DAG(s) dict_keys(['example_sensors']) retrieved from /home/airflow/.local/lib/python3.8/site-packages/airflow/example_dags/example_sensors.py
[2023-12-06T13:44:32.010+0000] {logging_mixin.py:151} INFO - [2023-12-06T13:44:32.009+0000] {dag.py:2915} INFO - Sync 1 DAGs
[2023-12-06T13:44:32.026+0000] {logging_mixin.py:151} INFO - [2023-12-06T13:44:32.026+0000] {dag.py:3696} INFO - Setting next_dagrun for example_sensors to None, run_after=None
[2023-12-06T13:44:32.082+0000] {processor.py:179} INFO - Processing /home/airflow/.local/lib/python3.8/site-packages/airflow/example_dags/example_sensors.py took 0.175 seconds
[2023-12-06T14:08:19.162+0000] {processor.py:157} INFO - Started process (PID=61552) to work on /home/airflow/.local/lib/python3.8/site-packages/airflow/example_dags/example_sensors.py
[2023-12-06T14:08:19.163+0000] {processor.py:829} INFO - Processing file /home/airflow/.local/lib/python3.8/site-packages/airflow/example_dags/example_sensors.py for tasks to queue
[2023-12-06T14:08:19.164+0000] {logging_mixin.py:151} INFO - [2023-12-06T14:08:19.164+0000] {dagbag.py:539} INFO - Filling up the DagBag from /home/airflow/.local/lib/python3.8/site-packages/airflow/example_dags/example_sensors.py
[2023-12-06T14:08:19.170+0000] {processor.py:839} INFO - DAG(s) dict_keys(['example_sensors']) retrieved from /home/airflow/.local/lib/python3.8/site-packages/airflow/example_dags/example_sensors.py
[2023-12-06T14:08:19.194+0000] {logging_mixin.py:151} INFO - [2023-12-06T14:08:19.194+0000] {dag.py:2915} INFO - Sync 1 DAGs
[2023-12-06T14:08:19.218+0000] {logging_mixin.py:151} INFO - [2023-12-06T14:08:19.218+0000] {dag.py:3696} INFO - Setting next_dagrun for example_sensors to None, run_after=None
[2023-12-06T14:08:19.258+0000] {processor.py:179} INFO - Processing /home/airflow/.local/lib/python3.8/site-packages/airflow/example_dags/example_sensors.py took 0.098 seconds
[2023-12-06T14:24:38.266+0000] {processor.py:157} INFO - Started process (PID=61606) to work on /home/airflow/.local/lib/python3.8/site-packages/airflow/example_dags/example_sensors.py
[2023-12-06T14:24:38.268+0000] {processor.py:829} INFO - Processing file /home/airflow/.local/lib/python3.8/site-packages/airflow/example_dags/example_sensors.py for tasks to queue
[2023-12-06T14:24:38.270+0000] {logging_mixin.py:151} INFO - [2023-12-06T14:24:38.270+0000] {dagbag.py:539} INFO - Filling up the DagBag from /home/airflow/.local/lib/python3.8/site-packages/airflow/example_dags/example_sensors.py
[2023-12-06T14:24:38.282+0000] {processor.py:839} INFO - DAG(s) dict_keys(['example_sensors']) retrieved from /home/airflow/.local/lib/python3.8/site-packages/airflow/example_dags/example_sensors.py
[2023-12-06T14:24:38.312+0000] {logging_mixin.py:151} INFO - [2023-12-06T14:24:38.311+0000] {dag.py:2915} INFO - Sync 1 DAGs
[2023-12-06T14:24:38.320+0000] {logging_mixin.py:151} INFO - [2023-12-06T14:24:38.320+0000] {dag.py:3696} INFO - Setting next_dagrun for example_sensors to None, run_after=None
[2023-12-06T14:24:38.336+0000] {processor.py:179} INFO - Processing /home/airflow/.local/lib/python3.8/site-packages/airflow/example_dags/example_sensors.py took 0.073 seconds
[2023-12-06T14:25:08.937+0000] {processor.py:157} INFO - Started process (PID=61660) to work on /home/airflow/.local/lib/python3.8/site-packages/airflow/example_dags/example_sensors.py
[2023-12-06T14:25:08.938+0000] {processor.py:829} INFO - Processing file /home/airflow/.local/lib/python3.8/site-packages/airflow/example_dags/example_sensors.py for tasks to queue
[2023-12-06T14:25:08.940+0000] {logging_mixin.py:151} INFO - [2023-12-06T14:25:08.940+0000] {dagbag.py:539} INFO - Filling up the DagBag from /home/airflow/.local/lib/python3.8/site-packages/airflow/example_dags/example_sensors.py
[2023-12-06T14:25:08.946+0000] {processor.py:839} INFO - DAG(s) dict_keys(['example_sensors']) retrieved from /home/airflow/.local/lib/python3.8/site-packages/airflow/example_dags/example_sensors.py
[2023-12-06T14:25:08.962+0000] {logging_mixin.py:151} INFO - [2023-12-06T14:25:08.962+0000] {dag.py:2915} INFO - Sync 1 DAGs
[2023-12-06T14:25:08.970+0000] {logging_mixin.py:151} INFO - [2023-12-06T14:25:08.970+0000] {dag.py:3696} INFO - Setting next_dagrun for example_sensors to None, run_after=None
[2023-12-06T14:25:08.981+0000] {processor.py:179} INFO - Processing /home/airflow/.local/lib/python3.8/site-packages/airflow/example_dags/example_sensors.py took 0.046 seconds
[2023-12-06T14:25:39.708+0000] {processor.py:157} INFO - Started process (PID=61714) to work on /home/airflow/.local/lib/python3.8/site-packages/airflow/example_dags/example_sensors.py
[2023-12-06T14:25:39.709+0000] {processor.py:829} INFO - Processing file /home/airflow/.local/lib/python3.8/site-packages/airflow/example_dags/example_sensors.py for tasks to queue
[2023-12-06T14:25:39.710+0000] {logging_mixin.py:151} INFO - [2023-12-06T14:25:39.710+0000] {dagbag.py:539} INFO - Filling up the DagBag from /home/airflow/.local/lib/python3.8/site-packages/airflow/example_dags/example_sensors.py
[2023-12-06T14:25:39.717+0000] {processor.py:839} INFO - DAG(s) dict_keys(['example_sensors']) retrieved from /home/airflow/.local/lib/python3.8/site-packages/airflow/example_dags/example_sensors.py
[2023-12-06T14:25:39.735+0000] {logging_mixin.py:151} INFO - [2023-12-06T14:25:39.735+0000] {dag.py:2915} INFO - Sync 1 DAGs
[2023-12-06T14:25:39.741+0000] {logging_mixin.py:151} INFO - [2023-12-06T14:25:39.741+0000] {dag.py:3696} INFO - Setting next_dagrun for example_sensors to None, run_after=None
[2023-12-06T14:25:39.750+0000] {processor.py:179} INFO - Processing /home/airflow/.local/lib/python3.8/site-packages/airflow/example_dags/example_sensors.py took 0.045 seconds
[2023-12-06T14:26:10.673+0000] {processor.py:157} INFO - Started process (PID=61775) to work on /home/airflow/.local/lib/python3.8/site-packages/airflow/example_dags/example_sensors.py
[2023-12-06T14:26:10.674+0000] {processor.py:829} INFO - Processing file /home/airflow/.local/lib/python3.8/site-packages/airflow/example_dags/example_sensors.py for tasks to queue
[2023-12-06T14:26:10.676+0000] {logging_mixin.py:151} INFO - [2023-12-06T14:26:10.676+0000] {dagbag.py:539} INFO - Filling up the DagBag from /home/airflow/.local/lib/python3.8/site-packages/airflow/example_dags/example_sensors.py
[2023-12-06T14:26:10.683+0000] {processor.py:839} INFO - DAG(s) dict_keys(['example_sensors']) retrieved from /home/airflow/.local/lib/python3.8/site-packages/airflow/example_dags/example_sensors.py
[2023-12-06T14:26:10.705+0000] {logging_mixin.py:151} INFO - [2023-12-06T14:26:10.705+0000] {dag.py:2915} INFO - Sync 1 DAGs
[2023-12-06T14:26:10.714+0000] {logging_mixin.py:151} INFO - [2023-12-06T14:26:10.714+0000] {dag.py:3696} INFO - Setting next_dagrun for example_sensors to None, run_after=None
[2023-12-06T14:26:10.732+0000] {processor.py:179} INFO - Processing /home/airflow/.local/lib/python3.8/site-packages/airflow/example_dags/example_sensors.py took 0.063 seconds
[2023-12-06T14:26:41.380+0000] {processor.py:157} INFO - Started process (PID=61829) to work on /home/airflow/.local/lib/python3.8/site-packages/airflow/example_dags/example_sensors.py
[2023-12-06T14:26:41.381+0000] {processor.py:829} INFO - Processing file /home/airflow/.local/lib/python3.8/site-packages/airflow/example_dags/example_sensors.py for tasks to queue
[2023-12-06T14:26:41.384+0000] {logging_mixin.py:151} INFO - [2023-12-06T14:26:41.383+0000] {dagbag.py:539} INFO - Filling up the DagBag from /home/airflow/.local/lib/python3.8/site-packages/airflow/example_dags/example_sensors.py
[2023-12-06T14:26:41.392+0000] {processor.py:839} INFO - DAG(s) dict_keys(['example_sensors']) retrieved from /home/airflow/.local/lib/python3.8/site-packages/airflow/example_dags/example_sensors.py
[2023-12-06T14:26:41.411+0000] {logging_mixin.py:151} INFO - [2023-12-06T14:26:41.411+0000] {dag.py:2915} INFO - Sync 1 DAGs
[2023-12-06T14:26:41.419+0000] {logging_mixin.py:151} INFO - [2023-12-06T14:26:41.419+0000] {dag.py:3696} INFO - Setting next_dagrun for example_sensors to None, run_after=None
[2023-12-06T14:26:41.429+0000] {processor.py:179} INFO - Processing /home/airflow/.local/lib/python3.8/site-packages/airflow/example_dags/example_sensors.py took 0.051 seconds
[2023-12-06T14:27:12.094+0000] {processor.py:157} INFO - Started process (PID=61883) to work on /home/airflow/.local/lib/python3.8/site-packages/airflow/example_dags/example_sensors.py
[2023-12-06T14:27:12.095+0000] {processor.py:829} INFO - Processing file /home/airflow/.local/lib/python3.8/site-packages/airflow/example_dags/example_sensors.py for tasks to queue
[2023-12-06T14:27:12.096+0000] {logging_mixin.py:151} INFO - [2023-12-06T14:27:12.096+0000] {dagbag.py:539} INFO - Filling up the DagBag from /home/airflow/.local/lib/python3.8/site-packages/airflow/example_dags/example_sensors.py
[2023-12-06T14:27:12.102+0000] {processor.py:839} INFO - DAG(s) dict_keys(['example_sensors']) retrieved from /home/airflow/.local/lib/python3.8/site-packages/airflow/example_dags/example_sensors.py
[2023-12-06T14:27:12.116+0000] {logging_mixin.py:151} INFO - [2023-12-06T14:27:12.116+0000] {dag.py:2915} INFO - Sync 1 DAGs
[2023-12-06T14:27:12.123+0000] {logging_mixin.py:151} INFO - [2023-12-06T14:27:12.123+0000] {dag.py:3696} INFO - Setting next_dagrun for example_sensors to None, run_after=None
[2023-12-06T14:27:12.132+0000] {processor.py:179} INFO - Processing /home/airflow/.local/lib/python3.8/site-packages/airflow/example_dags/example_sensors.py took 0.040 seconds
[2023-12-06T14:27:43.741+0000] {processor.py:157} INFO - Started process (PID=61937) to work on /home/airflow/.local/lib/python3.8/site-packages/airflow/example_dags/example_sensors.py
[2023-12-06T14:27:43.742+0000] {processor.py:829} INFO - Processing file /home/airflow/.local/lib/python3.8/site-packages/airflow/example_dags/example_sensors.py for tasks to queue
[2023-12-06T14:27:43.743+0000] {logging_mixin.py:151} INFO - [2023-12-06T14:27:43.743+0000] {dagbag.py:539} INFO - Filling up the DagBag from /home/airflow/.local/lib/python3.8/site-packages/airflow/example_dags/example_sensors.py
[2023-12-06T14:27:43.749+0000] {processor.py:839} INFO - DAG(s) dict_keys(['example_sensors']) retrieved from /home/airflow/.local/lib/python3.8/site-packages/airflow/example_dags/example_sensors.py
[2023-12-06T14:27:43.763+0000] {logging_mixin.py:151} INFO - [2023-12-06T14:27:43.763+0000] {dag.py:2915} INFO - Sync 1 DAGs
[2023-12-06T14:27:43.850+0000] {logging_mixin.py:151} INFO - [2023-12-06T14:27:43.850+0000] {dag.py:3696} INFO - Setting next_dagrun for example_sensors to None, run_after=None
[2023-12-06T14:27:43.860+0000] {processor.py:179} INFO - Processing /home/airflow/.local/lib/python3.8/site-packages/airflow/example_dags/example_sensors.py took 0.122 seconds
[2023-12-06T14:28:14.393+0000] {processor.py:157} INFO - Started process (PID=61991) to work on /home/airflow/.local/lib/python3.8/site-packages/airflow/example_dags/example_sensors.py
[2023-12-06T14:28:14.394+0000] {processor.py:829} INFO - Processing file /home/airflow/.local/lib/python3.8/site-packages/airflow/example_dags/example_sensors.py for tasks to queue
[2023-12-06T14:28:14.395+0000] {logging_mixin.py:151} INFO - [2023-12-06T14:28:14.395+0000] {dagbag.py:539} INFO - Filling up the DagBag from /home/airflow/.local/lib/python3.8/site-packages/airflow/example_dags/example_sensors.py
[2023-12-06T14:28:14.401+0000] {processor.py:839} INFO - DAG(s) dict_keys(['example_sensors']) retrieved from /home/airflow/.local/lib/python3.8/site-packages/airflow/example_dags/example_sensors.py
[2023-12-06T14:28:14.415+0000] {logging_mixin.py:151} INFO - [2023-12-06T14:28:14.415+0000] {dag.py:2915} INFO - Sync 1 DAGs
[2023-12-06T14:28:14.422+0000] {logging_mixin.py:151} INFO - [2023-12-06T14:28:14.422+0000] {dag.py:3696} INFO - Setting next_dagrun for example_sensors to None, run_after=None
[2023-12-06T14:28:14.432+0000] {processor.py:179} INFO - Processing /home/airflow/.local/lib/python3.8/site-packages/airflow/example_dags/example_sensors.py took 0.041 seconds
[2023-12-06T14:28:44.679+0000] {processor.py:157} INFO - Started process (PID=62045) to work on /home/airflow/.local/lib/python3.8/site-packages/airflow/example_dags/example_sensors.py
[2023-12-06T14:28:44.680+0000] {processor.py:829} INFO - Processing file /home/airflow/.local/lib/python3.8/site-packages/airflow/example_dags/example_sensors.py for tasks to queue
[2023-12-06T14:28:44.681+0000] {logging_mixin.py:151} INFO - [2023-12-06T14:28:44.681+0000] {dagbag.py:539} INFO - Filling up the DagBag from /home/airflow/.local/lib/python3.8/site-packages/airflow/example_dags/example_sensors.py
[2023-12-06T14:28:44.689+0000] {processor.py:839} INFO - DAG(s) dict_keys(['example_sensors']) retrieved from /home/airflow/.local/lib/python3.8/site-packages/airflow/example_dags/example_sensors.py
[2023-12-06T14:28:44.707+0000] {logging_mixin.py:151} INFO - [2023-12-06T14:28:44.707+0000] {dag.py:2915} INFO - Sync 1 DAGs
[2023-12-06T14:28:44.715+0000] {logging_mixin.py:151} INFO - [2023-12-06T14:28:44.715+0000] {dag.py:3696} INFO - Setting next_dagrun for example_sensors to None, run_after=None
[2023-12-06T14:28:44.727+0000] {processor.py:179} INFO - Processing /home/airflow/.local/lib/python3.8/site-packages/airflow/example_dags/example_sensors.py took 0.050 seconds
[2023-12-06T14:29:17.104+0000] {processor.py:157} INFO - Started process (PID=62099) to work on /home/airflow/.local/lib/python3.8/site-packages/airflow/example_dags/example_sensors.py
[2023-12-06T14:29:17.104+0000] {processor.py:829} INFO - Processing file /home/airflow/.local/lib/python3.8/site-packages/airflow/example_dags/example_sensors.py for tasks to queue
[2023-12-06T14:29:17.107+0000] {logging_mixin.py:151} INFO - [2023-12-06T14:29:17.107+0000] {dagbag.py:539} INFO - Filling up the DagBag from /home/airflow/.local/lib/python3.8/site-packages/airflow/example_dags/example_sensors.py
[2023-12-06T14:29:17.116+0000] {processor.py:839} INFO - DAG(s) dict_keys(['example_sensors']) retrieved from /home/airflow/.local/lib/python3.8/site-packages/airflow/example_dags/example_sensors.py
[2023-12-06T14:29:17.134+0000] {logging_mixin.py:151} INFO - [2023-12-06T14:29:17.134+0000] {dag.py:2915} INFO - Sync 1 DAGs
[2023-12-06T14:29:17.258+0000] {logging_mixin.py:151} INFO - [2023-12-06T14:29:17.257+0000] {dag.py:3696} INFO - Setting next_dagrun for example_sensors to None, run_after=None
[2023-12-06T14:29:17.276+0000] {processor.py:179} INFO - Processing /home/airflow/.local/lib/python3.8/site-packages/airflow/example_dags/example_sensors.py took 0.175 seconds
[2023-12-06T14:29:47.991+0000] {processor.py:157} INFO - Started process (PID=62154) to work on /home/airflow/.local/lib/python3.8/site-packages/airflow/example_dags/example_sensors.py
[2023-12-06T14:29:47.992+0000] {processor.py:829} INFO - Processing file /home/airflow/.local/lib/python3.8/site-packages/airflow/example_dags/example_sensors.py for tasks to queue
[2023-12-06T14:29:47.994+0000] {logging_mixin.py:151} INFO - [2023-12-06T14:29:47.994+0000] {dagbag.py:539} INFO - Filling up the DagBag from /home/airflow/.local/lib/python3.8/site-packages/airflow/example_dags/example_sensors.py
[2023-12-06T14:29:48.005+0000] {processor.py:839} INFO - DAG(s) dict_keys(['example_sensors']) retrieved from /home/airflow/.local/lib/python3.8/site-packages/airflow/example_dags/example_sensors.py
[2023-12-06T14:29:48.034+0000] {logging_mixin.py:151} INFO - [2023-12-06T14:29:48.034+0000] {dag.py:2915} INFO - Sync 1 DAGs
[2023-12-06T14:29:48.141+0000] {logging_mixin.py:151} INFO - [2023-12-06T14:29:48.141+0000] {dag.py:3696} INFO - Setting next_dagrun for example_sensors to None, run_after=None
[2023-12-06T14:29:48.150+0000] {processor.py:179} INFO - Processing /home/airflow/.local/lib/python3.8/site-packages/airflow/example_dags/example_sensors.py took 0.163 seconds
[2023-12-06T14:30:19.144+0000] {processor.py:157} INFO - Started process (PID=62208) to work on /home/airflow/.local/lib/python3.8/site-packages/airflow/example_dags/example_sensors.py
[2023-12-06T14:30:19.145+0000] {processor.py:829} INFO - Processing file /home/airflow/.local/lib/python3.8/site-packages/airflow/example_dags/example_sensors.py for tasks to queue
[2023-12-06T14:30:19.148+0000] {logging_mixin.py:151} INFO - [2023-12-06T14:30:19.148+0000] {dagbag.py:539} INFO - Filling up the DagBag from /home/airflow/.local/lib/python3.8/site-packages/airflow/example_dags/example_sensors.py
[2023-12-06T14:30:19.162+0000] {processor.py:839} INFO - DAG(s) dict_keys(['example_sensors']) retrieved from /home/airflow/.local/lib/python3.8/site-packages/airflow/example_dags/example_sensors.py
[2023-12-06T14:30:19.184+0000] {logging_mixin.py:151} INFO - [2023-12-06T14:30:19.184+0000] {dag.py:2915} INFO - Sync 1 DAGs
[2023-12-06T14:30:19.194+0000] {logging_mixin.py:151} INFO - [2023-12-06T14:30:19.194+0000] {dag.py:3696} INFO - Setting next_dagrun for example_sensors to None, run_after=None
[2023-12-06T14:30:19.205+0000] {processor.py:179} INFO - Processing /home/airflow/.local/lib/python3.8/site-packages/airflow/example_dags/example_sensors.py took 0.065 seconds
[2023-12-06T14:30:49.707+0000] {processor.py:157} INFO - Started process (PID=62262) to work on /home/airflow/.local/lib/python3.8/site-packages/airflow/example_dags/example_sensors.py
[2023-12-06T14:30:49.708+0000] {processor.py:829} INFO - Processing file /home/airflow/.local/lib/python3.8/site-packages/airflow/example_dags/example_sensors.py for tasks to queue
[2023-12-06T14:30:49.709+0000] {logging_mixin.py:151} INFO - [2023-12-06T14:30:49.709+0000] {dagbag.py:539} INFO - Filling up the DagBag from /home/airflow/.local/lib/python3.8/site-packages/airflow/example_dags/example_sensors.py
[2023-12-06T14:30:49.717+0000] {processor.py:839} INFO - DAG(s) dict_keys(['example_sensors']) retrieved from /home/airflow/.local/lib/python3.8/site-packages/airflow/example_dags/example_sensors.py
[2023-12-06T14:30:49.733+0000] {logging_mixin.py:151} INFO - [2023-12-06T14:30:49.733+0000] {dag.py:2915} INFO - Sync 1 DAGs
[2023-12-06T14:30:49.739+0000] {logging_mixin.py:151} INFO - [2023-12-06T14:30:49.739+0000] {dag.py:3696} INFO - Setting next_dagrun for example_sensors to None, run_after=None
[2023-12-06T14:30:49.751+0000] {processor.py:179} INFO - Processing /home/airflow/.local/lib/python3.8/site-packages/airflow/example_dags/example_sensors.py took 0.047 seconds
[2023-12-06T14:31:19.932+0000] {processor.py:157} INFO - Started process (PID=62315) to work on /home/airflow/.local/lib/python3.8/site-packages/airflow/example_dags/example_sensors.py
[2023-12-06T14:31:19.934+0000] {processor.py:829} INFO - Processing file /home/airflow/.local/lib/python3.8/site-packages/airflow/example_dags/example_sensors.py for tasks to queue
[2023-12-06T14:31:19.935+0000] {logging_mixin.py:151} INFO - [2023-12-06T14:31:19.935+0000] {dagbag.py:539} INFO - Filling up the DagBag from /home/airflow/.local/lib/python3.8/site-packages/airflow/example_dags/example_sensors.py
[2023-12-06T14:31:19.941+0000] {processor.py:839} INFO - DAG(s) dict_keys(['example_sensors']) retrieved from /home/airflow/.local/lib/python3.8/site-packages/airflow/example_dags/example_sensors.py
[2023-12-06T14:31:19.957+0000] {logging_mixin.py:151} INFO - [2023-12-06T14:31:19.956+0000] {dag.py:2915} INFO - Sync 1 DAGs
[2023-12-06T14:31:19.964+0000] {logging_mixin.py:151} INFO - [2023-12-06T14:31:19.963+0000] {dag.py:3696} INFO - Setting next_dagrun for example_sensors to None, run_after=None
[2023-12-06T14:31:19.974+0000] {processor.py:179} INFO - Processing /home/airflow/.local/lib/python3.8/site-packages/airflow/example_dags/example_sensors.py took 0.044 seconds
[2023-12-06T14:31:50.525+0000] {processor.py:157} INFO - Started process (PID=62369) to work on /home/airflow/.local/lib/python3.8/site-packages/airflow/example_dags/example_sensors.py
[2023-12-06T14:31:50.526+0000] {processor.py:829} INFO - Processing file /home/airflow/.local/lib/python3.8/site-packages/airflow/example_dags/example_sensors.py for tasks to queue
[2023-12-06T14:31:50.528+0000] {logging_mixin.py:151} INFO - [2023-12-06T14:31:50.528+0000] {dagbag.py:539} INFO - Filling up the DagBag from /home/airflow/.local/lib/python3.8/site-packages/airflow/example_dags/example_sensors.py
[2023-12-06T14:31:50.535+0000] {processor.py:839} INFO - DAG(s) dict_keys(['example_sensors']) retrieved from /home/airflow/.local/lib/python3.8/site-packages/airflow/example_dags/example_sensors.py
[2023-12-06T14:31:50.557+0000] {logging_mixin.py:151} INFO - [2023-12-06T14:31:50.557+0000] {dag.py:2915} INFO - Sync 1 DAGs
[2023-12-06T14:31:50.576+0000] {logging_mixin.py:151} INFO - [2023-12-06T14:31:50.576+0000] {dag.py:3696} INFO - Setting next_dagrun for example_sensors to None, run_after=None
[2023-12-06T14:31:50.634+0000] {processor.py:179} INFO - Processing /home/airflow/.local/lib/python3.8/site-packages/airflow/example_dags/example_sensors.py took 0.111 seconds
[2023-12-06T14:32:23.030+0000] {processor.py:157} INFO - Started process (PID=62423) to work on /home/airflow/.local/lib/python3.8/site-packages/airflow/example_dags/example_sensors.py
[2023-12-06T14:32:23.032+0000] {processor.py:829} INFO - Processing file /home/airflow/.local/lib/python3.8/site-packages/airflow/example_dags/example_sensors.py for tasks to queue
[2023-12-06T14:32:23.039+0000] {logging_mixin.py:151} INFO - [2023-12-06T14:32:23.038+0000] {dagbag.py:539} INFO - Filling up the DagBag from /home/airflow/.local/lib/python3.8/site-packages/airflow/example_dags/example_sensors.py
[2023-12-06T14:32:23.051+0000] {processor.py:839} INFO - DAG(s) dict_keys(['example_sensors']) retrieved from /home/airflow/.local/lib/python3.8/site-packages/airflow/example_dags/example_sensors.py
[2023-12-06T14:32:23.069+0000] {logging_mixin.py:151} INFO - [2023-12-06T14:32:23.069+0000] {dag.py:2915} INFO - Sync 1 DAGs
[2023-12-06T14:32:23.076+0000] {logging_mixin.py:151} INFO - [2023-12-06T14:32:23.076+0000] {dag.py:3696} INFO - Setting next_dagrun for example_sensors to None, run_after=None
[2023-12-06T14:32:23.085+0000] {processor.py:179} INFO - Processing /home/airflow/.local/lib/python3.8/site-packages/airflow/example_dags/example_sensors.py took 0.061 seconds
[2023-12-06T14:32:53.256+0000] {processor.py:157} INFO - Started process (PID=62477) to work on /home/airflow/.local/lib/python3.8/site-packages/airflow/example_dags/example_sensors.py
[2023-12-06T14:32:53.257+0000] {processor.py:829} INFO - Processing file /home/airflow/.local/lib/python3.8/site-packages/airflow/example_dags/example_sensors.py for tasks to queue
[2023-12-06T14:32:53.259+0000] {logging_mixin.py:151} INFO - [2023-12-06T14:32:53.258+0000] {dagbag.py:539} INFO - Filling up the DagBag from /home/airflow/.local/lib/python3.8/site-packages/airflow/example_dags/example_sensors.py
[2023-12-06T14:32:53.264+0000] {processor.py:839} INFO - DAG(s) dict_keys(['example_sensors']) retrieved from /home/airflow/.local/lib/python3.8/site-packages/airflow/example_dags/example_sensors.py
[2023-12-06T14:32:53.279+0000] {logging_mixin.py:151} INFO - [2023-12-06T14:32:53.279+0000] {dag.py:2915} INFO - Sync 1 DAGs
[2023-12-06T14:32:53.285+0000] {logging_mixin.py:151} INFO - [2023-12-06T14:32:53.285+0000] {dag.py:3696} INFO - Setting next_dagrun for example_sensors to None, run_after=None
[2023-12-06T14:32:53.295+0000] {processor.py:179} INFO - Processing /home/airflow/.local/lib/python3.8/site-packages/airflow/example_dags/example_sensors.py took 0.042 seconds
[2023-12-06T14:33:24.756+0000] {processor.py:157} INFO - Started process (PID=62531) to work on /home/airflow/.local/lib/python3.8/site-packages/airflow/example_dags/example_sensors.py
[2023-12-06T14:33:24.757+0000] {processor.py:829} INFO - Processing file /home/airflow/.local/lib/python3.8/site-packages/airflow/example_dags/example_sensors.py for tasks to queue
[2023-12-06T14:33:24.759+0000] {logging_mixin.py:151} INFO - [2023-12-06T14:33:24.759+0000] {dagbag.py:539} INFO - Filling up the DagBag from /home/airflow/.local/lib/python3.8/site-packages/airflow/example_dags/example_sensors.py
[2023-12-06T14:33:24.768+0000] {processor.py:839} INFO - DAG(s) dict_keys(['example_sensors']) retrieved from /home/airflow/.local/lib/python3.8/site-packages/airflow/example_dags/example_sensors.py
[2023-12-06T14:33:24.788+0000] {logging_mixin.py:151} INFO - [2023-12-06T14:33:24.788+0000] {dag.py:2915} INFO - Sync 1 DAGs
[2023-12-06T14:33:24.795+0000] {logging_mixin.py:151} INFO - [2023-12-06T14:33:24.795+0000] {dag.py:3696} INFO - Setting next_dagrun for example_sensors to None, run_after=None
[2023-12-06T14:33:24.805+0000] {processor.py:179} INFO - Processing /home/airflow/.local/lib/python3.8/site-packages/airflow/example_dags/example_sensors.py took 0.054 seconds
[2023-12-06T14:33:55.802+0000] {processor.py:157} INFO - Started process (PID=62585) to work on /home/airflow/.local/lib/python3.8/site-packages/airflow/example_dags/example_sensors.py
[2023-12-06T14:33:55.803+0000] {processor.py:829} INFO - Processing file /home/airflow/.local/lib/python3.8/site-packages/airflow/example_dags/example_sensors.py for tasks to queue
[2023-12-06T14:33:55.806+0000] {logging_mixin.py:151} INFO - [2023-12-06T14:33:55.805+0000] {dagbag.py:539} INFO - Filling up the DagBag from /home/airflow/.local/lib/python3.8/site-packages/airflow/example_dags/example_sensors.py
[2023-12-06T14:33:55.812+0000] {processor.py:839} INFO - DAG(s) dict_keys(['example_sensors']) retrieved from /home/airflow/.local/lib/python3.8/site-packages/airflow/example_dags/example_sensors.py
[2023-12-06T14:33:55.827+0000] {logging_mixin.py:151} INFO - [2023-12-06T14:33:55.827+0000] {dag.py:2915} INFO - Sync 1 DAGs
[2023-12-06T14:33:55.835+0000] {logging_mixin.py:151} INFO - [2023-12-06T14:33:55.834+0000] {dag.py:3696} INFO - Setting next_dagrun for example_sensors to None, run_after=None
[2023-12-06T14:33:55.849+0000] {processor.py:179} INFO - Processing /home/airflow/.local/lib/python3.8/site-packages/airflow/example_dags/example_sensors.py took 0.049 seconds
[2023-12-06T14:34:26.546+0000] {processor.py:157} INFO - Started process (PID=62639) to work on /home/airflow/.local/lib/python3.8/site-packages/airflow/example_dags/example_sensors.py
[2023-12-06T14:34:26.548+0000] {processor.py:829} INFO - Processing file /home/airflow/.local/lib/python3.8/site-packages/airflow/example_dags/example_sensors.py for tasks to queue
[2023-12-06T14:34:26.550+0000] {logging_mixin.py:151} INFO - [2023-12-06T14:34:26.550+0000] {dagbag.py:539} INFO - Filling up the DagBag from /home/airflow/.local/lib/python3.8/site-packages/airflow/example_dags/example_sensors.py
[2023-12-06T14:34:26.567+0000] {processor.py:839} INFO - DAG(s) dict_keys(['example_sensors']) retrieved from /home/airflow/.local/lib/python3.8/site-packages/airflow/example_dags/example_sensors.py
[2023-12-06T14:34:26.593+0000] {logging_mixin.py:151} INFO - [2023-12-06T14:34:26.593+0000] {dag.py:2915} INFO - Sync 1 DAGs
[2023-12-06T14:34:26.602+0000] {logging_mixin.py:151} INFO - [2023-12-06T14:34:26.602+0000] {dag.py:3696} INFO - Setting next_dagrun for example_sensors to None, run_after=None
[2023-12-06T14:34:26.617+0000] {processor.py:179} INFO - Processing /home/airflow/.local/lib/python3.8/site-packages/airflow/example_dags/example_sensors.py took 0.074 seconds
[2023-12-06T14:34:57.055+0000] {processor.py:157} INFO - Started process (PID=62693) to work on /home/airflow/.local/lib/python3.8/site-packages/airflow/example_dags/example_sensors.py
[2023-12-06T14:34:57.056+0000] {processor.py:829} INFO - Processing file /home/airflow/.local/lib/python3.8/site-packages/airflow/example_dags/example_sensors.py for tasks to queue
[2023-12-06T14:34:57.057+0000] {logging_mixin.py:151} INFO - [2023-12-06T14:34:57.057+0000] {dagbag.py:539} INFO - Filling up the DagBag from /home/airflow/.local/lib/python3.8/site-packages/airflow/example_dags/example_sensors.py
[2023-12-06T14:34:57.063+0000] {processor.py:839} INFO - DAG(s) dict_keys(['example_sensors']) retrieved from /home/airflow/.local/lib/python3.8/site-packages/airflow/example_dags/example_sensors.py
[2023-12-06T14:34:57.080+0000] {logging_mixin.py:151} INFO - [2023-12-06T14:34:57.080+0000] {dag.py:2915} INFO - Sync 1 DAGs
[2023-12-06T14:34:57.087+0000] {logging_mixin.py:151} INFO - [2023-12-06T14:34:57.086+0000] {dag.py:3696} INFO - Setting next_dagrun for example_sensors to None, run_after=None
[2023-12-06T14:34:57.096+0000] {processor.py:179} INFO - Processing /home/airflow/.local/lib/python3.8/site-packages/airflow/example_dags/example_sensors.py took 0.044 seconds
[2023-12-06T14:35:27.380+0000] {processor.py:157} INFO - Started process (PID=62747) to work on /home/airflow/.local/lib/python3.8/site-packages/airflow/example_dags/example_sensors.py
[2023-12-06T14:35:27.382+0000] {processor.py:829} INFO - Processing file /home/airflow/.local/lib/python3.8/site-packages/airflow/example_dags/example_sensors.py for tasks to queue
[2023-12-06T14:35:27.383+0000] {logging_mixin.py:151} INFO - [2023-12-06T14:35:27.383+0000] {dagbag.py:539} INFO - Filling up the DagBag from /home/airflow/.local/lib/python3.8/site-packages/airflow/example_dags/example_sensors.py
[2023-12-06T14:35:27.391+0000] {processor.py:839} INFO - DAG(s) dict_keys(['example_sensors']) retrieved from /home/airflow/.local/lib/python3.8/site-packages/airflow/example_dags/example_sensors.py
[2023-12-06T14:35:27.445+0000] {logging_mixin.py:151} INFO - [2023-12-06T14:35:27.444+0000] {dag.py:2915} INFO - Sync 1 DAGs
[2023-12-06T14:35:27.486+0000] {logging_mixin.py:151} INFO - [2023-12-06T14:35:27.486+0000] {dag.py:3696} INFO - Setting next_dagrun for example_sensors to None, run_after=None
[2023-12-06T14:35:27.512+0000] {processor.py:179} INFO - Processing /home/airflow/.local/lib/python3.8/site-packages/airflow/example_dags/example_sensors.py took 0.139 seconds
[2023-12-06T14:35:57.572+0000] {processor.py:157} INFO - Started process (PID=62801) to work on /home/airflow/.local/lib/python3.8/site-packages/airflow/example_dags/example_sensors.py
[2023-12-06T14:35:57.573+0000] {processor.py:829} INFO - Processing file /home/airflow/.local/lib/python3.8/site-packages/airflow/example_dags/example_sensors.py for tasks to queue
[2023-12-06T14:35:57.574+0000] {logging_mixin.py:151} INFO - [2023-12-06T14:35:57.574+0000] {dagbag.py:539} INFO - Filling up the DagBag from /home/airflow/.local/lib/python3.8/site-packages/airflow/example_dags/example_sensors.py
[2023-12-06T14:35:57.579+0000] {processor.py:839} INFO - DAG(s) dict_keys(['example_sensors']) retrieved from /home/airflow/.local/lib/python3.8/site-packages/airflow/example_dags/example_sensors.py
[2023-12-06T14:35:57.593+0000] {logging_mixin.py:151} INFO - [2023-12-06T14:35:57.593+0000] {dag.py:2915} INFO - Sync 1 DAGs
[2023-12-06T14:35:57.599+0000] {logging_mixin.py:151} INFO - [2023-12-06T14:35:57.599+0000] {dag.py:3696} INFO - Setting next_dagrun for example_sensors to None, run_after=None
[2023-12-06T14:35:57.607+0000] {processor.py:179} INFO - Processing /home/airflow/.local/lib/python3.8/site-packages/airflow/example_dags/example_sensors.py took 0.037 seconds
[2023-12-06T14:36:28.378+0000] {processor.py:157} INFO - Started process (PID=62855) to work on /home/airflow/.local/lib/python3.8/site-packages/airflow/example_dags/example_sensors.py
[2023-12-06T14:36:28.379+0000] {processor.py:829} INFO - Processing file /home/airflow/.local/lib/python3.8/site-packages/airflow/example_dags/example_sensors.py for tasks to queue
[2023-12-06T14:36:28.382+0000] {logging_mixin.py:151} INFO - [2023-12-06T14:36:28.381+0000] {dagbag.py:539} INFO - Filling up the DagBag from /home/airflow/.local/lib/python3.8/site-packages/airflow/example_dags/example_sensors.py
[2023-12-06T14:36:28.387+0000] {processor.py:839} INFO - DAG(s) dict_keys(['example_sensors']) retrieved from /home/airflow/.local/lib/python3.8/site-packages/airflow/example_dags/example_sensors.py
[2023-12-06T14:36:28.400+0000] {logging_mixin.py:151} INFO - [2023-12-06T14:36:28.400+0000] {dag.py:2915} INFO - Sync 1 DAGs
[2023-12-06T14:36:28.406+0000] {logging_mixin.py:151} INFO - [2023-12-06T14:36:28.406+0000] {dag.py:3696} INFO - Setting next_dagrun for example_sensors to None, run_after=None
[2023-12-06T14:36:28.415+0000] {processor.py:179} INFO - Processing /home/airflow/.local/lib/python3.8/site-packages/airflow/example_dags/example_sensors.py took 0.039 seconds
[2023-12-06T14:36:59.181+0000] {processor.py:157} INFO - Started process (PID=62909) to work on /home/airflow/.local/lib/python3.8/site-packages/airflow/example_dags/example_sensors.py
[2023-12-06T14:36:59.181+0000] {processor.py:829} INFO - Processing file /home/airflow/.local/lib/python3.8/site-packages/airflow/example_dags/example_sensors.py for tasks to queue
[2023-12-06T14:36:59.183+0000] {logging_mixin.py:151} INFO - [2023-12-06T14:36:59.183+0000] {dagbag.py:539} INFO - Filling up the DagBag from /home/airflow/.local/lib/python3.8/site-packages/airflow/example_dags/example_sensors.py
[2023-12-06T14:36:59.189+0000] {processor.py:839} INFO - DAG(s) dict_keys(['example_sensors']) retrieved from /home/airflow/.local/lib/python3.8/site-packages/airflow/example_dags/example_sensors.py
[2023-12-06T14:36:59.202+0000] {logging_mixin.py:151} INFO - [2023-12-06T14:36:59.202+0000] {dag.py:2915} INFO - Sync 1 DAGs
[2023-12-06T14:36:59.208+0000] {logging_mixin.py:151} INFO - [2023-12-06T14:36:59.208+0000] {dag.py:3696} INFO - Setting next_dagrun for example_sensors to None, run_after=None
[2023-12-06T14:36:59.217+0000] {processor.py:179} INFO - Processing /home/airflow/.local/lib/python3.8/site-packages/airflow/example_dags/example_sensors.py took 0.038 seconds
[2023-12-06T14:37:29.755+0000] {processor.py:157} INFO - Started process (PID=62963) to work on /home/airflow/.local/lib/python3.8/site-packages/airflow/example_dags/example_sensors.py
[2023-12-06T14:37:29.756+0000] {processor.py:829} INFO - Processing file /home/airflow/.local/lib/python3.8/site-packages/airflow/example_dags/example_sensors.py for tasks to queue
[2023-12-06T14:37:29.757+0000] {logging_mixin.py:151} INFO - [2023-12-06T14:37:29.757+0000] {dagbag.py:539} INFO - Filling up the DagBag from /home/airflow/.local/lib/python3.8/site-packages/airflow/example_dags/example_sensors.py
[2023-12-06T14:37:29.763+0000] {processor.py:839} INFO - DAG(s) dict_keys(['example_sensors']) retrieved from /home/airflow/.local/lib/python3.8/site-packages/airflow/example_dags/example_sensors.py
[2023-12-06T14:37:29.776+0000] {logging_mixin.py:151} INFO - [2023-12-06T14:37:29.776+0000] {dag.py:2915} INFO - Sync 1 DAGs
[2023-12-06T14:37:29.783+0000] {logging_mixin.py:151} INFO - [2023-12-06T14:37:29.782+0000] {dag.py:3696} INFO - Setting next_dagrun for example_sensors to None, run_after=None
[2023-12-06T14:37:29.792+0000] {processor.py:179} INFO - Processing /home/airflow/.local/lib/python3.8/site-packages/airflow/example_dags/example_sensors.py took 0.040 seconds
[2023-12-06T14:38:00.602+0000] {processor.py:157} INFO - Started process (PID=63017) to work on /home/airflow/.local/lib/python3.8/site-packages/airflow/example_dags/example_sensors.py
[2023-12-06T14:38:00.603+0000] {processor.py:829} INFO - Processing file /home/airflow/.local/lib/python3.8/site-packages/airflow/example_dags/example_sensors.py for tasks to queue
[2023-12-06T14:38:00.604+0000] {logging_mixin.py:151} INFO - [2023-12-06T14:38:00.604+0000] {dagbag.py:539} INFO - Filling up the DagBag from /home/airflow/.local/lib/python3.8/site-packages/airflow/example_dags/example_sensors.py
[2023-12-06T14:38:00.610+0000] {processor.py:839} INFO - DAG(s) dict_keys(['example_sensors']) retrieved from /home/airflow/.local/lib/python3.8/site-packages/airflow/example_dags/example_sensors.py
[2023-12-06T14:38:00.623+0000] {logging_mixin.py:151} INFO - [2023-12-06T14:38:00.622+0000] {dag.py:2915} INFO - Sync 1 DAGs
[2023-12-06T14:38:00.629+0000] {logging_mixin.py:151} INFO - [2023-12-06T14:38:00.629+0000] {dag.py:3696} INFO - Setting next_dagrun for example_sensors to None, run_after=None
[2023-12-06T14:38:00.637+0000] {processor.py:179} INFO - Processing /home/airflow/.local/lib/python3.8/site-packages/airflow/example_dags/example_sensors.py took 0.037 seconds
[2023-12-06T14:38:31.522+0000] {processor.py:157} INFO - Started process (PID=63071) to work on /home/airflow/.local/lib/python3.8/site-packages/airflow/example_dags/example_sensors.py
[2023-12-06T14:38:31.523+0000] {processor.py:829} INFO - Processing file /home/airflow/.local/lib/python3.8/site-packages/airflow/example_dags/example_sensors.py for tasks to queue
[2023-12-06T14:38:31.524+0000] {logging_mixin.py:151} INFO - [2023-12-06T14:38:31.524+0000] {dagbag.py:539} INFO - Filling up the DagBag from /home/airflow/.local/lib/python3.8/site-packages/airflow/example_dags/example_sensors.py
[2023-12-06T14:38:31.529+0000] {processor.py:839} INFO - DAG(s) dict_keys(['example_sensors']) retrieved from /home/airflow/.local/lib/python3.8/site-packages/airflow/example_dags/example_sensors.py
[2023-12-06T14:38:31.543+0000] {logging_mixin.py:151} INFO - [2023-12-06T14:38:31.543+0000] {dag.py:2915} INFO - Sync 1 DAGs
[2023-12-06T14:38:31.549+0000] {logging_mixin.py:151} INFO - [2023-12-06T14:38:31.549+0000] {dag.py:3696} INFO - Setting next_dagrun for example_sensors to None, run_after=None
[2023-12-06T14:38:31.558+0000] {processor.py:179} INFO - Processing /home/airflow/.local/lib/python3.8/site-packages/airflow/example_dags/example_sensors.py took 0.039 seconds
[2023-12-06T14:39:01.800+0000] {processor.py:157} INFO - Started process (PID=63125) to work on /home/airflow/.local/lib/python3.8/site-packages/airflow/example_dags/example_sensors.py
[2023-12-06T14:39:01.801+0000] {processor.py:829} INFO - Processing file /home/airflow/.local/lib/python3.8/site-packages/airflow/example_dags/example_sensors.py for tasks to queue
[2023-12-06T14:39:01.802+0000] {logging_mixin.py:151} INFO - [2023-12-06T14:39:01.802+0000] {dagbag.py:539} INFO - Filling up the DagBag from /home/airflow/.local/lib/python3.8/site-packages/airflow/example_dags/example_sensors.py
[2023-12-06T14:39:01.807+0000] {processor.py:839} INFO - DAG(s) dict_keys(['example_sensors']) retrieved from /home/airflow/.local/lib/python3.8/site-packages/airflow/example_dags/example_sensors.py
[2023-12-06T14:39:01.820+0000] {logging_mixin.py:151} INFO - [2023-12-06T14:39:01.820+0000] {dag.py:2915} INFO - Sync 1 DAGs
[2023-12-06T14:39:01.826+0000] {logging_mixin.py:151} INFO - [2023-12-06T14:39:01.826+0000] {dag.py:3696} INFO - Setting next_dagrun for example_sensors to None, run_after=None
[2023-12-06T14:39:01.835+0000] {processor.py:179} INFO - Processing /home/airflow/.local/lib/python3.8/site-packages/airflow/example_dags/example_sensors.py took 0.037 seconds
[2023-12-06T14:39:32.690+0000] {processor.py:157} INFO - Started process (PID=63179) to work on /home/airflow/.local/lib/python3.8/site-packages/airflow/example_dags/example_sensors.py
[2023-12-06T14:39:32.691+0000] {processor.py:829} INFO - Processing file /home/airflow/.local/lib/python3.8/site-packages/airflow/example_dags/example_sensors.py for tasks to queue
[2023-12-06T14:39:32.693+0000] {logging_mixin.py:151} INFO - [2023-12-06T14:39:32.693+0000] {dagbag.py:539} INFO - Filling up the DagBag from /home/airflow/.local/lib/python3.8/site-packages/airflow/example_dags/example_sensors.py
[2023-12-06T14:39:32.698+0000] {processor.py:839} INFO - DAG(s) dict_keys(['example_sensors']) retrieved from /home/airflow/.local/lib/python3.8/site-packages/airflow/example_dags/example_sensors.py
[2023-12-06T14:39:32.712+0000] {logging_mixin.py:151} INFO - [2023-12-06T14:39:32.712+0000] {dag.py:2915} INFO - Sync 1 DAGs
[2023-12-06T14:39:32.718+0000] {logging_mixin.py:151} INFO - [2023-12-06T14:39:32.718+0000] {dag.py:3696} INFO - Setting next_dagrun for example_sensors to None, run_after=None
[2023-12-06T14:39:32.726+0000] {processor.py:179} INFO - Processing /home/airflow/.local/lib/python3.8/site-packages/airflow/example_dags/example_sensors.py took 0.038 seconds
[2023-12-06T14:40:03.416+0000] {processor.py:157} INFO - Started process (PID=63233) to work on /home/airflow/.local/lib/python3.8/site-packages/airflow/example_dags/example_sensors.py
[2023-12-06T14:40:03.417+0000] {processor.py:829} INFO - Processing file /home/airflow/.local/lib/python3.8/site-packages/airflow/example_dags/example_sensors.py for tasks to queue
[2023-12-06T14:40:03.418+0000] {logging_mixin.py:151} INFO - [2023-12-06T14:40:03.418+0000] {dagbag.py:539} INFO - Filling up the DagBag from /home/airflow/.local/lib/python3.8/site-packages/airflow/example_dags/example_sensors.py
[2023-12-06T14:40:03.423+0000] {processor.py:839} INFO - DAG(s) dict_keys(['example_sensors']) retrieved from /home/airflow/.local/lib/python3.8/site-packages/airflow/example_dags/example_sensors.py
[2023-12-06T14:40:03.437+0000] {logging_mixin.py:151} INFO - [2023-12-06T14:40:03.436+0000] {dag.py:2915} INFO - Sync 1 DAGs
[2023-12-06T14:40:03.443+0000] {logging_mixin.py:151} INFO - [2023-12-06T14:40:03.443+0000] {dag.py:3696} INFO - Setting next_dagrun for example_sensors to None, run_after=None
[2023-12-06T14:40:03.451+0000] {processor.py:179} INFO - Processing /home/airflow/.local/lib/python3.8/site-packages/airflow/example_dags/example_sensors.py took 0.038 seconds
[2023-12-06T14:40:33.990+0000] {processor.py:157} INFO - Started process (PID=63287) to work on /home/airflow/.local/lib/python3.8/site-packages/airflow/example_dags/example_sensors.py
[2023-12-06T14:40:33.990+0000] {processor.py:829} INFO - Processing file /home/airflow/.local/lib/python3.8/site-packages/airflow/example_dags/example_sensors.py for tasks to queue
[2023-12-06T14:40:33.992+0000] {logging_mixin.py:151} INFO - [2023-12-06T14:40:33.992+0000] {dagbag.py:539} INFO - Filling up the DagBag from /home/airflow/.local/lib/python3.8/site-packages/airflow/example_dags/example_sensors.py
[2023-12-06T14:40:33.997+0000] {processor.py:839} INFO - DAG(s) dict_keys(['example_sensors']) retrieved from /home/airflow/.local/lib/python3.8/site-packages/airflow/example_dags/example_sensors.py
[2023-12-06T14:40:34.011+0000] {logging_mixin.py:151} INFO - [2023-12-06T14:40:34.011+0000] {dag.py:2915} INFO - Sync 1 DAGs
[2023-12-06T14:40:34.018+0000] {logging_mixin.py:151} INFO - [2023-12-06T14:40:34.018+0000] {dag.py:3696} INFO - Setting next_dagrun for example_sensors to None, run_after=None
[2023-12-06T14:40:34.027+0000] {processor.py:179} INFO - Processing /home/airflow/.local/lib/python3.8/site-packages/airflow/example_dags/example_sensors.py took 0.040 seconds
[2023-12-06T14:41:04.821+0000] {processor.py:157} INFO - Started process (PID=63341) to work on /home/airflow/.local/lib/python3.8/site-packages/airflow/example_dags/example_sensors.py
[2023-12-06T14:41:04.822+0000] {processor.py:829} INFO - Processing file /home/airflow/.local/lib/python3.8/site-packages/airflow/example_dags/example_sensors.py for tasks to queue
[2023-12-06T14:41:04.824+0000] {logging_mixin.py:151} INFO - [2023-12-06T14:41:04.824+0000] {dagbag.py:539} INFO - Filling up the DagBag from /home/airflow/.local/lib/python3.8/site-packages/airflow/example_dags/example_sensors.py
[2023-12-06T14:41:04.830+0000] {processor.py:839} INFO - DAG(s) dict_keys(['example_sensors']) retrieved from /home/airflow/.local/lib/python3.8/site-packages/airflow/example_dags/example_sensors.py
[2023-12-06T14:41:04.843+0000] {logging_mixin.py:151} INFO - [2023-12-06T14:41:04.843+0000] {dag.py:2915} INFO - Sync 1 DAGs
[2023-12-06T14:41:04.850+0000] {logging_mixin.py:151} INFO - [2023-12-06T14:41:04.849+0000] {dag.py:3696} INFO - Setting next_dagrun for example_sensors to None, run_after=None
[2023-12-06T14:41:04.858+0000] {processor.py:179} INFO - Processing /home/airflow/.local/lib/python3.8/site-packages/airflow/example_dags/example_sensors.py took 0.039 seconds
[2023-12-06T14:41:35.528+0000] {processor.py:157} INFO - Started process (PID=63395) to work on /home/airflow/.local/lib/python3.8/site-packages/airflow/example_dags/example_sensors.py
[2023-12-06T14:41:35.529+0000] {processor.py:829} INFO - Processing file /home/airflow/.local/lib/python3.8/site-packages/airflow/example_dags/example_sensors.py for tasks to queue
[2023-12-06T14:41:35.531+0000] {logging_mixin.py:151} INFO - [2023-12-06T14:41:35.531+0000] {dagbag.py:539} INFO - Filling up the DagBag from /home/airflow/.local/lib/python3.8/site-packages/airflow/example_dags/example_sensors.py
[2023-12-06T14:41:35.536+0000] {processor.py:839} INFO - DAG(s) dict_keys(['example_sensors']) retrieved from /home/airflow/.local/lib/python3.8/site-packages/airflow/example_dags/example_sensors.py
[2023-12-06T14:41:35.551+0000] {logging_mixin.py:151} INFO - [2023-12-06T14:41:35.551+0000] {dag.py:2915} INFO - Sync 1 DAGs
[2023-12-06T14:41:35.558+0000] {logging_mixin.py:151} INFO - [2023-12-06T14:41:35.558+0000] {dag.py:3696} INFO - Setting next_dagrun for example_sensors to None, run_after=None
[2023-12-06T14:41:35.567+0000] {processor.py:179} INFO - Processing /home/airflow/.local/lib/python3.8/site-packages/airflow/example_dags/example_sensors.py took 0.042 seconds
[2023-12-06T14:42:06.171+0000] {processor.py:157} INFO - Started process (PID=63449) to work on /home/airflow/.local/lib/python3.8/site-packages/airflow/example_dags/example_sensors.py
[2023-12-06T14:42:06.172+0000] {processor.py:829} INFO - Processing file /home/airflow/.local/lib/python3.8/site-packages/airflow/example_dags/example_sensors.py for tasks to queue
[2023-12-06T14:42:06.174+0000] {logging_mixin.py:151} INFO - [2023-12-06T14:42:06.173+0000] {dagbag.py:539} INFO - Filling up the DagBag from /home/airflow/.local/lib/python3.8/site-packages/airflow/example_dags/example_sensors.py
[2023-12-06T14:42:06.179+0000] {processor.py:839} INFO - DAG(s) dict_keys(['example_sensors']) retrieved from /home/airflow/.local/lib/python3.8/site-packages/airflow/example_dags/example_sensors.py
[2023-12-06T14:42:06.193+0000] {logging_mixin.py:151} INFO - [2023-12-06T14:42:06.193+0000] {dag.py:2915} INFO - Sync 1 DAGs
[2023-12-06T14:42:06.201+0000] {logging_mixin.py:151} INFO - [2023-12-06T14:42:06.200+0000] {dag.py:3696} INFO - Setting next_dagrun for example_sensors to None, run_after=None
[2023-12-06T14:42:06.211+0000] {processor.py:179} INFO - Processing /home/airflow/.local/lib/python3.8/site-packages/airflow/example_dags/example_sensors.py took 0.042 seconds
[2023-12-06T14:42:36.790+0000] {processor.py:157} INFO - Started process (PID=63503) to work on /home/airflow/.local/lib/python3.8/site-packages/airflow/example_dags/example_sensors.py
[2023-12-06T14:42:36.792+0000] {processor.py:829} INFO - Processing file /home/airflow/.local/lib/python3.8/site-packages/airflow/example_dags/example_sensors.py for tasks to queue
[2023-12-06T14:42:36.793+0000] {logging_mixin.py:151} INFO - [2023-12-06T14:42:36.793+0000] {dagbag.py:539} INFO - Filling up the DagBag from /home/airflow/.local/lib/python3.8/site-packages/airflow/example_dags/example_sensors.py
[2023-12-06T14:42:36.798+0000] {processor.py:839} INFO - DAG(s) dict_keys(['example_sensors']) retrieved from /home/airflow/.local/lib/python3.8/site-packages/airflow/example_dags/example_sensors.py
[2023-12-06T14:42:36.812+0000] {logging_mixin.py:151} INFO - [2023-12-06T14:42:36.812+0000] {dag.py:2915} INFO - Sync 1 DAGs
[2023-12-06T14:42:36.818+0000] {logging_mixin.py:151} INFO - [2023-12-06T14:42:36.818+0000] {dag.py:3696} INFO - Setting next_dagrun for example_sensors to None, run_after=None
[2023-12-06T14:42:36.827+0000] {processor.py:179} INFO - Processing /home/airflow/.local/lib/python3.8/site-packages/airflow/example_dags/example_sensors.py took 0.039 seconds
[2023-12-06T14:43:07.076+0000] {processor.py:157} INFO - Started process (PID=63557) to work on /home/airflow/.local/lib/python3.8/site-packages/airflow/example_dags/example_sensors.py
[2023-12-06T14:43:07.077+0000] {processor.py:829} INFO - Processing file /home/airflow/.local/lib/python3.8/site-packages/airflow/example_dags/example_sensors.py for tasks to queue
[2023-12-06T14:43:07.078+0000] {logging_mixin.py:151} INFO - [2023-12-06T14:43:07.078+0000] {dagbag.py:539} INFO - Filling up the DagBag from /home/airflow/.local/lib/python3.8/site-packages/airflow/example_dags/example_sensors.py
[2023-12-06T14:43:07.086+0000] {processor.py:839} INFO - DAG(s) dict_keys(['example_sensors']) retrieved from /home/airflow/.local/lib/python3.8/site-packages/airflow/example_dags/example_sensors.py
[2023-12-06T14:43:07.103+0000] {logging_mixin.py:151} INFO - [2023-12-06T14:43:07.103+0000] {dag.py:2915} INFO - Sync 1 DAGs
[2023-12-06T14:43:07.109+0000] {logging_mixin.py:151} INFO - [2023-12-06T14:43:07.109+0000] {dag.py:3696} INFO - Setting next_dagrun for example_sensors to None, run_after=None
[2023-12-06T14:43:07.119+0000] {processor.py:179} INFO - Processing /home/airflow/.local/lib/python3.8/site-packages/airflow/example_dags/example_sensors.py took 0.046 seconds
[2023-12-06T14:43:37.536+0000] {processor.py:157} INFO - Started process (PID=63611) to work on /home/airflow/.local/lib/python3.8/site-packages/airflow/example_dags/example_sensors.py
[2023-12-06T14:43:37.538+0000] {processor.py:829} INFO - Processing file /home/airflow/.local/lib/python3.8/site-packages/airflow/example_dags/example_sensors.py for tasks to queue
[2023-12-06T14:43:37.539+0000] {logging_mixin.py:151} INFO - [2023-12-06T14:43:37.539+0000] {dagbag.py:539} INFO - Filling up the DagBag from /home/airflow/.local/lib/python3.8/site-packages/airflow/example_dags/example_sensors.py
[2023-12-06T14:43:37.545+0000] {processor.py:839} INFO - DAG(s) dict_keys(['example_sensors']) retrieved from /home/airflow/.local/lib/python3.8/site-packages/airflow/example_dags/example_sensors.py
[2023-12-06T14:43:37.560+0000] {logging_mixin.py:151} INFO - [2023-12-06T14:43:37.560+0000] {dag.py:2915} INFO - Sync 1 DAGs
[2023-12-06T14:43:37.569+0000] {logging_mixin.py:151} INFO - [2023-12-06T14:43:37.569+0000] {dag.py:3696} INFO - Setting next_dagrun for example_sensors to None, run_after=None
[2023-12-06T14:43:37.593+0000] {processor.py:179} INFO - Processing /home/airflow/.local/lib/python3.8/site-packages/airflow/example_dags/example_sensors.py took 0.060 seconds
[2023-12-06T14:44:08.208+0000] {processor.py:157} INFO - Started process (PID=63665) to work on /home/airflow/.local/lib/python3.8/site-packages/airflow/example_dags/example_sensors.py
[2023-12-06T14:44:08.209+0000] {processor.py:829} INFO - Processing file /home/airflow/.local/lib/python3.8/site-packages/airflow/example_dags/example_sensors.py for tasks to queue
[2023-12-06T14:44:08.210+0000] {logging_mixin.py:151} INFO - [2023-12-06T14:44:08.210+0000] {dagbag.py:539} INFO - Filling up the DagBag from /home/airflow/.local/lib/python3.8/site-packages/airflow/example_dags/example_sensors.py
[2023-12-06T14:44:08.217+0000] {processor.py:839} INFO - DAG(s) dict_keys(['example_sensors']) retrieved from /home/airflow/.local/lib/python3.8/site-packages/airflow/example_dags/example_sensors.py
[2023-12-06T14:44:08.242+0000] {logging_mixin.py:151} INFO - [2023-12-06T14:44:08.242+0000] {dag.py:2915} INFO - Sync 1 DAGs
[2023-12-06T14:44:08.251+0000] {logging_mixin.py:151} INFO - [2023-12-06T14:44:08.251+0000] {dag.py:3696} INFO - Setting next_dagrun for example_sensors to None, run_after=None
[2023-12-06T14:44:08.263+0000] {processor.py:179} INFO - Processing /home/airflow/.local/lib/python3.8/site-packages/airflow/example_dags/example_sensors.py took 0.058 seconds
[2023-12-06T14:44:38.863+0000] {processor.py:157} INFO - Started process (PID=63719) to work on /home/airflow/.local/lib/python3.8/site-packages/airflow/example_dags/example_sensors.py
[2023-12-06T14:44:38.864+0000] {processor.py:829} INFO - Processing file /home/airflow/.local/lib/python3.8/site-packages/airflow/example_dags/example_sensors.py for tasks to queue
[2023-12-06T14:44:38.866+0000] {logging_mixin.py:151} INFO - [2023-12-06T14:44:38.865+0000] {dagbag.py:539} INFO - Filling up the DagBag from /home/airflow/.local/lib/python3.8/site-packages/airflow/example_dags/example_sensors.py
[2023-12-06T14:44:38.871+0000] {processor.py:839} INFO - DAG(s) dict_keys(['example_sensors']) retrieved from /home/airflow/.local/lib/python3.8/site-packages/airflow/example_dags/example_sensors.py
[2023-12-06T14:44:38.886+0000] {logging_mixin.py:151} INFO - [2023-12-06T14:44:38.886+0000] {dag.py:2915} INFO - Sync 1 DAGs
[2023-12-06T14:44:38.893+0000] {logging_mixin.py:151} INFO - [2023-12-06T14:44:38.892+0000] {dag.py:3696} INFO - Setting next_dagrun for example_sensors to None, run_after=None
[2023-12-06T14:44:38.902+0000] {processor.py:179} INFO - Processing /home/airflow/.local/lib/python3.8/site-packages/airflow/example_dags/example_sensors.py took 0.041 seconds
[2023-12-06T14:45:09.307+0000] {processor.py:157} INFO - Started process (PID=63773) to work on /home/airflow/.local/lib/python3.8/site-packages/airflow/example_dags/example_sensors.py
[2023-12-06T14:45:09.308+0000] {processor.py:829} INFO - Processing file /home/airflow/.local/lib/python3.8/site-packages/airflow/example_dags/example_sensors.py for tasks to queue
[2023-12-06T14:45:09.310+0000] {logging_mixin.py:151} INFO - [2023-12-06T14:45:09.310+0000] {dagbag.py:539} INFO - Filling up the DagBag from /home/airflow/.local/lib/python3.8/site-packages/airflow/example_dags/example_sensors.py
[2023-12-06T14:45:09.318+0000] {processor.py:839} INFO - DAG(s) dict_keys(['example_sensors']) retrieved from /home/airflow/.local/lib/python3.8/site-packages/airflow/example_dags/example_sensors.py
[2023-12-06T14:45:09.338+0000] {logging_mixin.py:151} INFO - [2023-12-06T14:45:09.338+0000] {dag.py:2915} INFO - Sync 1 DAGs
[2023-12-06T14:45:09.348+0000] {logging_mixin.py:151} INFO - [2023-12-06T14:45:09.347+0000] {dag.py:3696} INFO - Setting next_dagrun for example_sensors to None, run_after=None
[2023-12-06T14:45:09.360+0000] {processor.py:179} INFO - Processing /home/airflow/.local/lib/python3.8/site-packages/airflow/example_dags/example_sensors.py took 0.057 seconds
